Direction=-1.000000	; step=1.000000;
Received=	0
Feedback: 0.66
Received=	0
Feedback: 0.66
Received=	0
Feedback: 0.66
Received=	-0.35941
Feedback: 0.66
Received=	-0.22273
Feedback: 0.66
Received=	0.096304
Feedback: 0.66
Received=	-0.54801
Feedback: 0.66
Received=	-0.70011
Feedback: 0.66
Received=	-0.63622
Feedback: 0.66
Received=	-0.13882
Feedback: 0.66
Received=	0.073844
Feedback: 0.66
Received=	-0.012317
Feedback: 0.66
Received=	-0.25072
Feedback: 0.66
Received=	-0.27627
Feedback: 0.66
Received=	0.15621
Feedback: 0.66
Received=	-0.03813
Feedback: 0.66
Received=	-0.24064
Feedback: 0.66
Received=	-0.41704
Feedback: 0.66
Received=	-0.3263
Feedback: 0.66
Received=	0.19171
Feedback: 0.66
Received=	0.33314
=====  12:54:58 - NF  ============
Feedback: 0.1
Received=	0.47361
Feedback: 0.1
Received=	0.31816
Feedback: 0.10932
Received=	0.33623
Feedback: 0.1
Received=	0.34646
Feedback: 0.1
Received=	0.64808
Feedback: 0.1
Received=	0.15478
Feedback: 0.23187
Received=	-0.37379
Feedback: 0.62832
Received=	-0.3712
Feedback: 0.62638
Received=	-0.092461
Feedback: 0.41731
Received=	-0.10153
Feedback: 0.42412
Received=	-0.39173
Feedback: 0.64178
Received=	-0.33307
Feedback: 0.59778
Received=	-0.32878
Feedback: 0.59456
Received=	-0.40276
Feedback: 0.65005
Received=	-0.40242
Feedback: 0.6498
Received=	-0.32815
Feedback: 0.59409
Received=	-0.41487
Feedback: 0.65914
Received=	-0.042752
Feedback: 0.38003
Received=	0.15899
Feedback: 0.22871
Received=	0.031212
Feedback: 0.32455
Received=	-0.23039
Feedback: 0.52077
Received=	-0.099072
Feedback: 0.42227
Received=	0.19985
Feedback: 0.19806
Received=	-0.12412
Feedback: 0.44106
Received=	-0.29709
Feedback: 0.57079
Received=	-0.26872
Feedback: 0.54952
Received=	-0.3125
Feedback: 0.58235
Received=	-0.095619
Feedback: 0.41968
Received=	-0.086329
Feedback: 0.41271
Received=	-0.29265
Feedback: 0.56746
Received=	-0.2195
Feedback: 0.5126
Received=	0.050874
Feedback: 0.3098
Received=	-0.056714
Feedback: 0.3905
Received=	-0.27904
Feedback: 0.55726
Received=	-0.33481
Feedback: 0.59909
Received=	-0.26235
Feedback: 0.54474
Received=	-0.11963
Feedback: 0.43769
Received=	0.077383
Feedback: 0.28992
Received=	-0.0056818
Feedback: 0.35222
Received=	-0.062438
Feedback: 0.39479
Received=	-0.19164
Feedback: 0.4917
Received=	-0.048604
Feedback: 0.38442
Received=	0.076303
Feedback: 0.29073
Received=	-0.1867
Feedback: 0.488
Received=	-0.29586
Feedback: 0.56988
Received=	-0.23184
Feedback: 0.52186
Received=	-0.16568
Feedback: 0.47223
Received=	-0.12656
Feedback: 0.44289
Received=	-0.18953
Feedback: 0.49012
Received=	-0.58944
Feedback: 0.79008
Received=	-0.67641
Feedback: 0.85531
Received=	-0.42864
Feedback: 0.66947
Received=	-0.32609
Feedback: 0.59255
Received=	-0.51043
Feedback: 0.73081
Received=	-0.37819
Feedback: 0.63163
Received=	-0.18275
Feedback: 0.48503
Received=	0.1707
Feedback: 0.21993
Received=	0.060435
Feedback: 0.30263
Received=	-0.23582
Feedback: 0.52484
Calculated range:	[(-2.000000) - (2.000000)]
Success index = (0.259551)
Received=	-0.60245
=====  12:57:58 - BASE  ============
Feedback: 0.66
Received=	-0.36239
Feedback: 0.66
Received=	-0.31858
Feedback: 0.66
Received=	-0.52076
Feedback: 0.66
Received=	-0.44336
Feedback: 0.66
Received=	-0.18583
Feedback: 0.66
Received=	-0.098791
Feedback: 0.66
Received=	-0.33298
Feedback: 0.66
Received=	-0.30987
Feedback: 0.66
Received=	0.019648
Feedback: 0.66
Received=	-0.14418
Feedback: 0.66
Received=	0.10232
Feedback: 0.66
Received=	-0.049024
Feedback: 0.66
Received=	-0.59393
Feedback: 0.66
Received=	-0.4158
Feedback: 0.66
Received=	-0.27546
Feedback: 0.66
Received=	-0.04174
Feedback: 0.66
Received=	0.12862
Feedback: 0.66
Received=	0.32259
Feedback: 0.66
Received=	-0.13597
Feedback: 0.66
Received=	-0.38811
=====  12:58:58 - NF  ============
Feedback: 0.66965
Received=	-0.13452
Feedback: 0.45995
Received=	0.28762
Feedback: 0.11086
Received=	0.15945
Feedback: 0.21685
Received=	0.12615
Feedback: 0.24439
Received=	-0.082327
Feedback: 0.41679
Received=	-0.30184
Feedback: 0.59832
Received=	-0.31429
Feedback: 0.60861
Received=	-0.16432
Feedback: 0.48459
Received=	-0.029015
Feedback: 0.3727
Received=	-0.40196
Feedback: 0.68111
Received=	-0.42706
Feedback: 0.70187
Received=	-0.28051
Feedback: 0.58068
Received=	0.2058
Feedback: 0.17853
Received=	0.19275
Feedback: 0.18932
Received=	0.10032
Feedback: 0.26575
Received=	0.15927
Feedback: 0.217
Received=	-0.10617
Feedback: 0.43651
Received=	-0.43935
Feedback: 0.71203
Received=	-0.45622
Feedback: 0.72598
Received=	-0.60743
Feedback: 0.85102
Received=	-0.36659
Feedback: 0.65186
Received=	-0.21954
Feedback: 0.53026
Received=	-0.029094
Feedback: 0.37277
Received=	0.34163
Feedback: 0.1
Received=	0.27679
Feedback: 0.11982
Received=	-0.26598
Feedback: 0.56866
Received=	-0.31064
Feedback: 0.60559
Received=	-0.18432
Feedback: 0.50113
Received=	-0.16316
Feedback: 0.48363
Received=	-0.29681
Feedback: 0.59416
Received=	-0.0025463
Feedback: 0.35082
Received=	0.0094246
Feedback: 0.34092
Received=	0.13018
Feedback: 0.24106
Received=	0.36043
Feedback: 0.1
Received=	0.086904
Feedback: 0.27684
Received=	-0.11412
Feedback: 0.44308
Received=	-0.0079533
Feedback: 0.35529
Received=	0.22302
Feedback: 0.16428
Received=	0.32092
Feedback: 0.1
Received=	-0.027264
Feedback: 0.37126
Received=	-0.40178
Feedback: 0.68096
Received=	-0.33578
Feedback: 0.62638
Received=	-0.36358
Feedback: 0.64938
Received=	-0.031463
Feedback: 0.37473
Received=	-0.18096
Feedback: 0.49835
Received=	-0.28859
Feedback: 0.58736
Received=	-0.41206
Feedback: 0.68946
Received=	0.13957
Feedback: 0.23329
Received=	0.092214
Feedback: 0.27245
Received=	-0.13648
Feedback: 0.46157
Received=	0.088501
Feedback: 0.27552
Received=	0.070535
Feedback: 0.29038
Received=	0.17263
Feedback: 0.20595
Received=	0.091694
Feedback: 0.27288
Received=	0.080541
Feedback: 0.28211
Received=	0.063043
Feedback: 0.29658
Received=	-0.11164
Feedback: 0.44103
Received=	-0.19163
Feedback: 0.50718
Received=	-0.21378
Feedback: 0.52549
Calculated range:	[(-2.000000) - (2.000000)]
Success index = (0.417012)
Received=	-0.0015064
=====  13:1:58 - BASE  ============
Feedback: 0.66
Received=	0.12946
Feedback: 0.66
Received=	-0.23745
Feedback: 0.66
Received=	-0.53668
Feedback: 0.66
Received=	-0.41494
Feedback: 0.66
Received=	-0.11994
Feedback: 0.66
Received=	-0.10435
Feedback: 0.66
Received=	0.11445
Feedback: 0.66
Received=	0.47175
Feedback: 0.66
Received=	0.25296
Feedback: 0.66
Received=	-0.016628
Feedback: 0.66
Received=	-0.43792
Feedback: 0.66
Received=	-0.36849
Feedback: 0.66
Received=	-0.02479
Feedback: 0.66
Received=	0.22076
Feedback: 0.66
Received=	0.24953
Feedback: 0.66
Received=	0.17783
Feedback: 0.66
Received=	-0.15565
Feedback: 0.66
Received=	-0.35746
Feedback: 0.66
Received=	-0.36721
Feedback: 0.66
Received=	-0.038946
=====  13:2:58 - NF  ============
Feedback: 0.4637
Received=	0.42559
Feedback: 0.14529
Received=	0.42495
Feedback: 0.14573
Received=	0.45403
Feedback: 0.1258
Received=	0.071748
Feedback: 0.38783
Received=	-0.26548
Feedback: 0.61898
Received=	-0.19038
Feedback: 0.5675
Received=	0.066562
Feedback: 0.39138
Received=	0.00017558
Feedback: 0.43689
Received=	-0.013164
Feedback: 0.44603
Received=	-0.10442
Feedback: 0.50858
Received=	-0.24691
Feedback: 0.60624
Received=	0.01807
Feedback: 0.42462
Received=	0.27463
Feedback: 0.24877
Received=	0.27856
Feedback: 0.24607
Received=	0.3133
Feedback: 0.22226
Received=	0.30976
Feedback: 0.22469
Received=	0.66943
Feedback: 0.1
Received=	0.44711
Feedback: 0.13055
Received=	-0.00036081
Feedback: 0.43726
Received=	-0.27127
Feedback: 0.62294
Received=	-0.33675
Feedback: 0.66782
Received=	0.012219
Feedback: 0.42863
Received=	0.0088596
Feedback: 0.43094
Received=	-0.057288
Feedback: 0.47627
Received=	0.38273
Feedback: 0.17467
Received=	0.078984
Feedback: 0.38287
Received=	-0.16257
Feedback: 0.54844
Received=	0.015666
Feedback: 0.42627
Received=	-0.16313
Feedback: 0.54882
Received=	0.39142
Feedback: 0.16872
Received=	0.4536
Feedback: 0.1261
Received=	0.19097
Feedback: 0.30611
Received=	0.17552
Feedback: 0.3167
Received=	-0.053657
Feedback: 0.47379
Received=	-0.53113
Feedback: 0.80106
Received=	-0.88213
Feedback: 0.9
Received=	-0.37984
Feedback: 0.69736
Received=	-0.14104
Feedback: 0.53368
Received=	-0.077796
Feedback: 0.49033
Received=	-0.1585
Feedback: 0.54565
Received=	-0.5249
Feedback: 0.79679
Received=	-0.21552
Feedback: 0.58473
Received=	0.044315
Feedback: 0.40663
Received=	0.092902
Feedback: 0.37333
Received=	-0.052165
Feedback: 0.47276
Received=	-0.27065
Feedback: 0.62252
Received=	-0.17756
Feedback: 0.55871
Received=	-0.089017
Feedback: 0.49802
Received=	-0.033556
Feedback: 0.46001
Received=	-0.063112
Feedback: 0.48027
Received=	0.2029
Feedback: 0.29793
Received=	0.082752
Feedback: 0.38029
Received=	-0.25488
Feedback: 0.61171
Received=	-0.35746
Feedback: 0.68202
Received=	-0.027049
Feedback: 0.45555
Received=	0.36673
Feedback: 0.18564
Received=	0.15521
Feedback: 0.33062
Received=	-0.32114
Feedback: 0.65712
Received=	-0.23451
Feedback: 0.59774
Calculated range:	[(-2.000000) - (2.000000)]
Success index = (0.302721)
Received=	-0.20177
=====  13:5:58 - BASE  ============
Feedback: 0.66
Received=	-0.00013862
Feedback: 0.66
Received=	0.20555
Feedback: 0.66
Received=	0.19881
Feedback: 0.66
Received=	-0.074614
Feedback: 0.66
Received=	-0.28245
Feedback: 0.66
Received=	-0.28639
Feedback: 0.66
Received=	-0.3458
Feedback: 0.66
Received=	-0.176
Feedback: 0.66
Received=	0.23934
Feedback: 0.66
Received=	0.0404
Feedback: 0.66
Received=	-0.47551
Feedback: 0.66
Received=	-0.42535
Feedback: 0.66
Received=	-0.59137
Feedback: 0.66
Received=	-0.58572
Feedback: 0.66
Received=	-0.53029
Feedback: 0.66
Received=	-0.40163
Feedback: 0.66
Received=	-0.32905
Feedback: 0.66
Received=	-0.37364
Feedback: 0.66
Received=	-0.21552
Feedback: 0.66
Received=	-0.19576
=====  13:6:58 - NF  ============
Feedback: 0.4632
Received=	-0.045439
Feedback: 0.35075
Received=	0.28413
Feedback: 0.10421
Received=	0.62638
Feedback: 0.1
Received=	0.65793
Feedback: 0.1
Received=	0.34251
Feedback: 0.1
Received=	0.29496
Feedback: 0.1
Received=	0.080004
Feedback: 0.25691
Received=	0.015575
Feedback: 0.30511
Received=	-0.055378
Feedback: 0.35818
Received=	0.012534
Feedback: 0.30738
Received=	0.23707
Feedback: 0.13942
Received=	0.35328
Feedback: 0.1
Received=	0.20358
Feedback: 0.16447
Received=	0.27209
Feedback: 0.11323
Received=	0.036797
Feedback: 0.28923
Received=	-0.26544
Feedback: 0.51532
Received=	-0.41826
Feedback: 0.62964
Received=	-0.35559
Feedback: 0.58276
Received=	-0.085686
Feedback: 0.38086
Received=	0.14415
Feedback: 0.20893
Received=	0.14267
Feedback: 0.21003
Received=	-0.11066
Feedback: 0.39954
Received=	0.076324
Feedback: 0.25966
Received=	0.15678
Feedback: 0.19948
Received=	0.11261
Feedback: 0.23252
Received=	-0.17358
Feedback: 0.4466
Received=	-0.30079
Feedback: 0.54176
Received=	0.070291
Feedback: 0.26418
Received=	0.10979
Feedback: 0.23463
Received=	0.081559
Feedback: 0.25575
Received=	0.30846
Feedback: 0.1
Received=	0.35782
Feedback: 0.1
Received=	-0.17853
Feedback: 0.45031
Received=	-0.13054
Feedback: 0.41441
Received=	0.20602
Feedback: 0.16265
Received=	0.031848
Feedback: 0.29293
Received=	-0.18659
Feedback: 0.45634
Received=	-0.28646
Feedback: 0.53105
Received=	-0.30361
Feedback: 0.54387
Received=	-0.23319
Feedback: 0.4912
Received=	-0.081075
Feedback: 0.37741
Received=	0.36946
Feedback: 0.1
Received=	0.55364
Feedback: 0.1
Received=	0.16445
Feedback: 0.19374
Received=	-0.21368
Feedback: 0.4766
Received=	-0.50232
Feedback: 0.69252
Received=	-0.16183
Feedback: 0.43781
Received=	0.13179
Feedback: 0.21817
Received=	-0.18076
Feedback: 0.45197
Received=	-0.38096
Feedback: 0.60173
Received=	-0.21248
Feedback: 0.4757
Received=	0.034117
Feedback: 0.29124
Received=	0.23947
Feedback: 0.13763
Received=	0.20229
Feedback: 0.16543
Received=	-0.0033442
Feedback: 0.31926
Received=	-0.015156
Feedback: 0.3281
Received=	-0.31644
Feedback: 0.55347
Received=	-0.12155
Feedback: 0.40769
Received=	-0.31144
Feedback: 0.54973
Calculated range:	[(-2.000000) - (2.000000)]
Success index = (1.004868)
Received=	-0.33843
=====  13:9:58 - BASE  ============
Feedback: 0.66
Received=	-0.18259
Feedback: 0.66
Received=	-0.09838
Feedback: 0.66
Received=	0.25785
Feedback: 0.66
Received=	0.018652
Feedback: 0.66
Received=	-0.57002
Feedback: 0.66
Received=	-0.65645
Feedback: 0.66
Received=	-0.23417
Feedback: 0.66
Received=	-0.21598
Feedback: 0.66
Received=	-0.041132
Feedback: 0.66
Received=	0.27622
Feedback: 0.66
Received=	0.098339
Feedback: 0.66
Received=	0.056738
Feedback: 0.66
Received=	-0.2898
Feedback: 0.66
Received=	-0.5948
Feedback: 0.66
Received=	-0.76671
Feedback: 0.66
Received=	-1.0667
Feedback: 0.66
Received=	-0.849
Feedback: 0.66
Received=	-0.59518
Feedback: 0.66
Received=	-0.89046
Feedback: 0.66
Received=	-1.1383
=====  13:10:58 - NF  ============
Feedback: 0.88238
Received=	-0.81659
Feedback: 0.72783
Received=	-0.23306
Feedback: 0.44754
Received=	-0.066027
Feedback: 0.36731
Received=	-0.17081
Feedback: 0.41764
Received=	-0.32703
Feedback: 0.49268
Received=	-0.29638
Feedback: 0.47796
Received=	-0.30801
Feedback: 0.48354
Received=	-0.25941
Feedback: 0.4602
Received=	-0.037874
Feedback: 0.35379
Received=	-0.12162
Feedback: 0.39401
Received=	-0.22793
Feedback: 0.44508
Received=	-0.19023
Feedback: 0.42697
Received=	-0.2109
Feedback: 0.4369
Received=	0.090183
Feedback: 0.29228
Received=	-0.029601
Feedback: 0.34981
Received=	-0.10456
Feedback: 0.38582
Received=	-0.021861
Feedback: 0.3461
Received=	-0.19627
Feedback: 0.42987
Received=	-0.069794
Feedback: 0.36912
Received=	-0.077636
Feedback: 0.37289
Received=	-0.45427
Feedback: 0.55379
Received=	-0.63997
Feedback: 0.64299
Received=	-0.54171
Feedback: 0.59579
Received=	-0.36118
Feedback: 0.50908
Received=	-0.10653
Feedback: 0.38677
Received=	0.12583
Feedback: 0.27515
Received=	0.13381
Feedback: 0.27132
Received=	-0.0072655
Feedback: 0.33908
Received=	-0.3583
Feedback: 0.5077
Received=	-0.19101
Feedback: 0.42734
Received=	0.098303
Feedback: 0.28838
Received=	-0.30038
Feedback: 0.47987
Received=	-0.42408
Feedback: 0.53929
Received=	0.0504
Feedback: 0.31139
Received=	0.27352
Feedback: 0.20422
Received=	0.24714
Feedback: 0.21689
Received=	0.1951
Feedback: 0.24188
Received=	-0.091644
Feedback: 0.37961
Received=	-0.18409
Feedback: 0.42402
Received=	0.12102
Feedback: 0.27746
Received=	0.26635
Feedback: 0.20766
Received=	-0.27861
Feedback: 0.46942
Received=	-0.46347
Feedback: 0.55821
Received=	-0.3702
Feedback: 0.51341
Received=	-0.24539
Feedback: 0.45346
Received=	0.064773
Feedback: 0.30448
Received=	0.26567
Feedback: 0.20798
Received=	0.33511
Feedback: 0.17463
Received=	-0.047367
Feedback: 0.35835
Received=	-0.16573
Feedback: 0.4152
Received=	-0.060288
Feedback: 0.36455
Received=	-0.012045
Feedback: 0.34138
Received=	-0.15261
Feedback: 0.4089
Received=	-0.17654
Feedback: 0.42039
Received=	-0.54223
Feedback: 0.59605
Received=	-0.52951
Feedback: 0.58994
Received=	-0.33336
Feedback: 0.49572
Received=	0.28866
Feedback: 0.19694
Received=	0.49823
Feedback: 0.1
Calculated range:	[(-2.000000) - (2.000000)]
Success index = (0.609872)
closing...
