Direction=-1.000000	; step=1.000000;
Received=	0
Feedback: 0.66
Received=	0
Feedback: 0.66
Received=	0
Feedback: 0.66
Received=	0.22338
Feedback: 0.66
Received=	-0.63484
Feedback: 0.66
Received=	-0.11812
Feedback: 0.66
Received=	-0.34542
Feedback: 0.66
Received=	-0.61352
Feedback: 0.66
Received=	-0.20483
Feedback: 0.66
Received=	-0.46488
Feedback: 0.66
Received=	-0.31877
Feedback: 0.66
Received=	-0.52177
Feedback: 0.66
Received=	-0.53088
Feedback: 0.66
Received=	-0.37059
Feedback: 0.66
Received=	-0.32436
Feedback: 0.66
Received=	-0.43976
Feedback: 0.66
Received=	-0.61213
Feedback: 0.66
Received=	-0.48471
Feedback: 0.66
Received=	-0.36607
Feedback: 0.66
Received=	-0.48923
Feedback: 0.66
Received=	-0.14164
=====  10:24:50 - NF  ============
Feedback: 0.29946
Received=	-0.25987
Feedback: 0.4044
Received=	-0.1064
Feedback: 0.26818
Received=	-0.11369
Feedback: 0.27465
Received=	-0.080099
Feedback: 0.24484
Received=	-0.054118
Feedback: 0.22178
Received=	-0.11725
Feedback: 0.27781
Received=	-0.15946
Feedback: 0.31528
Received=	-0.34532
Feedback: 0.48024
Received=	-0.52136
Feedback: 0.63649
Received=	-0.16163
Feedback: 0.3172
Received=	0.096154
Feedback: 0.1
Received=	-0.012286
Feedback: 0.18465
Received=	0.0087732
Feedback: 0.16595
Received=	0.17401
Feedback: 0.1
Received=	0.16439
Feedback: 0.1
Received=	-0.023247
Feedback: 0.19437
Received=	-0.20525
Feedback: 0.35591
Received=	-0.15821
Feedback: 0.31416
Received=	-0.27317
Feedback: 0.41621
Received=	-0.34469
Feedback: 0.47968
Received=	-0.5021
Feedback: 0.6194
Received=	-0.42247
Feedback: 0.54872
Received=	-0.47045
Feedback: 0.5913
Received=	-0.26709
Feedback: 0.41081
Received=	0.1683
Feedback: 0.1
Received=	-0.28241
Feedback: 0.42441
Received=	-0.3011
Feedback: 0.44099
Received=	-0.12684
Feedback: 0.28632
Received=	-0.052275
Feedback: 0.22014
Received=	-0.23489
Feedback: 0.38223
Received=	-0.45557
Feedback: 0.5781
Received=	-0.51367
Feedback: 0.62966
Received=	-0.2987
Feedback: 0.43886
Received=	-0.17598
Feedback: 0.32994
Received=	-0.25577
Feedback: 0.40076
Received=	-0.15355
Feedback: 0.31003
Received=	-0.22989
Feedback: 0.37779
Received=	-0.61464
Feedback: 0.71928
Received=	-0.8296
Feedback: 0.9
Received=	-0.5733
Feedback: 0.68259
Received=	-0.28645
Feedback: 0.42799
Received=	0.11219
Feedback: 0.1
Received=	0.26851
Feedback: 0.1
Received=	0.011076
Feedback: 0.16391
Received=	-0.099092
Feedback: 0.26169
Received=	-0.27141
Feedback: 0.41464
Received=	-0.13642
Feedback: 0.29483
Received=	-0.33117
Feedback: 0.46768
Received=	-0.20259
Feedback: 0.35356
Received=	-0.13359
Feedback: 0.29231
Received=	-0.15166
Feedback: 0.30835
Received=	0.051056
Feedback: 0.12843
Received=	0.06486
Feedback: 0.11617
Received=	-0.15398
Feedback: 0.31041
Received=	-0.34863
Feedback: 0.48318
Received=	-0.34779
Feedback: 0.48244
Received=	-0.10591
Feedback: 0.26774
Received=	0.096573
Feedback: 0.1
Received=	0.029185
Feedback: 0.14784
Calculated range:	[(-2.000000) - (2.000000)]
Success index = (0.837419)
Received=	-0.089023
=====  10:27:50 - BASE  ============
Feedback: 0.66
Received=	-0.27316
Feedback: 0.66
Received=	-0.18425
Feedback: 0.66
Received=	-0.60955
Feedback: 0.66
Received=	-0.90198
Feedback: 0.66
Received=	-0.50451
Feedback: 0.66
Received=	-0.48828
Feedback: 0.66
Received=	-0.69667
Feedback: 0.66
Received=	-0.32502
Feedback: 0.66
Received=	0.084038
Feedback: 0.66
Received=	0.14864
Feedback: 0.66
Received=	0.11476
Feedback: 0.66
Received=	-0.11764
Feedback: 0.66
Received=	-0.27989
Feedback: 0.66
Received=	-0.43846
Feedback: 0.66
Received=	-0.50996
Feedback: 0.66
Received=	-0.24033
Feedback: 0.66
Received=	-0.33762
Feedback: 0.66
Received=	-0.42314
Feedback: 0.66
Received=	-0.51892
Feedback: 0.66
Received=	-0.47876
=====  10:28:50 - NF  ============
Feedback: 0.59403
Received=	-0.53047
Feedback: 0.63068
Received=	-0.29655
Feedback: 0.46493
Received=	-0.17732
Feedback: 0.38045
Received=	-0.41608
Feedback: 0.54962
Received=	-0.64521
Feedback: 0.71198
Received=	-0.46913
Feedback: 0.58721
Received=	-0.48088
Feedback: 0.59554
Received=	-0.62945
Feedback: 0.70081
Received=	-0.722
Feedback: 0.76639
Received=	-0.50379
Feedback: 0.61177
Received=	-0.29908
Feedback: 0.46672
Received=	-0.41443
Feedback: 0.54845
Received=	-0.36163
Feedback: 0.51104
Received=	-0.42376
Feedback: 0.55506
Received=	-0.22855
Feedback: 0.41675
Received=	-0.015982
Feedback: 0.26614
Received=	-0.35095
Feedback: 0.50347
Received=	-0.5138
Feedback: 0.61886
Received=	-0.71491
Feedback: 0.76136
Received=	-0.44561
Feedback: 0.57055
Received=	-0.18612
Feedback: 0.38669
Received=	-0.22115
Feedback: 0.41151
Received=	-0.054843
Feedback: 0.29367
Received=	0.012342
Feedback: 0.24607
Received=	-0.2188
Feedback: 0.40984
Received=	-0.57143
Feedback: 0.6597
Received=	-0.73481
Feedback: 0.77546
Received=	-0.60877
Feedback: 0.68615
Received=	-0.6968
Feedback: 0.74853
Received=	-0.58288
Feedback: 0.66781
Received=	-0.41981
Feedback: 0.55227
Received=	-0.41093
Feedback: 0.54598
Received=	-0.40137
Feedback: 0.5392
Received=	-0.55682
Feedback: 0.64935
Received=	-0.61472
Feedback: 0.69037
Received=	-0.56358
Feedback: 0.65413
Received=	-0.47265
Feedback: 0.58971
Received=	-0.43996
Feedback: 0.56654
Received=	-0.31944
Feedback: 0.48115
Received=	-0.46639
Feedback: 0.58527
Received=	-0.62533
Feedback: 0.69789
Received=	-0.67661
Feedback: 0.73422
Received=	-0.68818
Feedback: 0.74242
Received=	-0.82364
Feedback: 0.8384
Received=	-0.72624
Feedback: 0.76939
Received=	-0.68297
Feedback: 0.73873
Received=	-0.56186
Feedback: 0.65292
Received=	-0.47073
Feedback: 0.58834
Received=	-0.47711
Feedback: 0.59287
Received=	-0.60878
Feedback: 0.68616
Received=	-0.67236
Feedback: 0.73121
Received=	-0.6323
Feedback: 0.70282
Received=	-0.43752
Feedback: 0.56482
Received=	-0.57092
Feedback: 0.65934
Received=	-0.73117
Feedback: 0.77288
Received=	-0.59298
Feedback: 0.67497
Received=	-0.40106
Feedback: 0.53898
Received=	-0.15258
Feedback: 0.36292
Received=	-0.11706
Feedback: 0.33775
Calculated range:	[(-2.000000) - (2.000000)]
Success index = (-0.583375)
Received=	-0.23598
=====  10:31:50 - BASE  ============
Feedback: 0.66
Received=	-0.090828
Feedback: 0.66
Received=	-0.58929
Feedback: 0.66
Received=	-0.6702
Feedback: 0.66
Received=	-0.54103
Feedback: 0.66
Received=	-0.24271
Feedback: 0.66
Received=	-0.19239
Feedback: 0.66
Received=	-0.27653
Feedback: 0.66
Received=	-0.10263
Feedback: 0.66
Received=	0.0035963
Feedback: 0.66
Received=	-0.068704
Feedback: 0.66
Received=	-0.54193
Feedback: 0.66
Received=	-0.62652
Feedback: 0.66
Received=	-0.40554
Feedback: 0.66
Received=	-0.40813
Feedback: 0.66
Received=	-0.75505
Feedback: 0.66
Received=	-0.43852
Feedback: 0.66
Received=	-0.16328
Feedback: 0.66
Received=	-0.2855
Feedback: 0.66
Received=	-0.18121
Feedback: 0.66
Received=	0.11943
=====  10:32:50 - NF  ============
Feedback: 0.1
Received=	0.22043
Feedback: 0.1
Received=	0.17305
Feedback: 0.1
Received=	0.15424
Feedback: 0.1
Received=	0.13409
Feedback: 0.1
Received=	0.2122
Feedback: 0.1
Received=	0.34897
Feedback: 0.1
Received=	0.10923
Feedback: 0.1
Received=	-0.070134
Feedback: 0.24207
Received=	-0.27185
Feedback: 0.42137
Received=	-0.51815
Feedback: 0.6403
Received=	-0.3373
Feedback: 0.47954
Received=	-0.79307
Feedback: 0.88467
Received=	-0.98988
Feedback: 0.9
Received=	-0.56733
Feedback: 0.68401
Received=	-0.31549
Feedback: 0.46016
Received=	-0.31448
Feedback: 0.45927
Received=	-0.34335
Feedback: 0.48492
Received=	-0.23677
Feedback: 0.39019
Received=	-0.51863
Feedback: 0.64073
Received=	-0.46773
Feedback: 0.59548
Received=	-0.34868
Feedback: 0.48966
Received=	-0.48388
Feedback: 0.60984
Received=	-0.33324
Feedback: 0.47594
Received=	-0.2306
Feedback: 0.3847
Received=	-0.48975
Feedback: 0.61506
Received=	-0.61707
Feedback: 0.72823
Received=	-0.46951
Feedback: 0.59707
Received=	-0.26741
Feedback: 0.41743
Received=	-0.18015
Feedback: 0.33986
Received=	-0.28602
Feedback: 0.43397
Received=	-0.38251
Feedback: 0.51973
Received=	-0.17523
Feedback: 0.33549
Received=	-0.037189
Feedback: 0.21278
Received=	-0.085425
Feedback: 0.25566
Received=	-0.21807
Feedback: 0.37357
Received=	-0.31947
Feedback: 0.4637
Received=	-0.17311
Feedback: 0.33361
Received=	-0.057149
Feedback: 0.23053
Received=	-0.26384
Feedback: 0.41425
Received=	-0.24834
Feedback: 0.40047
Received=	-0.15005
Feedback: 0.3131
Received=	-0.46937
Feedback: 0.59694
Received=	-0.61829
Feedback: 0.72931
Received=	-0.49842
Feedback: 0.62276
Received=	-0.56751
Feedback: 0.68417
Received=	-0.49083
Feedback: 0.61602
Received=	-0.21339
Feedback: 0.36941
Received=	-0.13022
Feedback: 0.29548
Received=	0.01766
Feedback: 0.16403
Received=	0.23996
Feedback: 0.1
Received=	0.083316
Feedback: 0.10567
Received=	-0.028938
Feedback: 0.20545
Received=	-0.11356
Feedback: 0.28067
Received=	-0.25874
Feedback: 0.40972
Received=	-0.47399
Feedback: 0.60105
Received=	-0.66367
Feedback: 0.76965
Received=	-0.76298
Feedback: 0.85792
Received=	-0.44242
Feedback: 0.57298
Received=	-0.30409
Feedback: 0.45003
Calculated range:	[(-2.000000) - (2.000000)]
Success index = (0.363316)
Received=	-0.47521
=====  10:35:50 - BASE  ============
Feedback: 0.66
Received=	-0.52642
Feedback: 0.66
Received=	-0.30918
Feedback: 0.66
Received=	-0.00030216
Feedback: 0.66
Received=	0.050444
Feedback: 0.66
Received=	-0.095248
Feedback: 0.66
Received=	0.048876
Feedback: 0.66
Received=	0.066994
Feedback: 0.66
Received=	-0.061064
Feedback: 0.66
Received=	-0.351
Feedback: 0.66
Received=	-0.54348
Feedback: 0.66
Received=	-0.58033
Feedback: 0.66
Received=	-0.34707
Feedback: 0.66
Received=	-0.59592
Feedback: 0.66
Received=	-0.64767
Feedback: 0.66
Received=	-0.61411
Feedback: 0.66
Received=	-0.56103
Feedback: 0.66
Received=	-0.55764
Feedback: 0.66
Received=	-0.34775
Feedback: 0.66
Received=	-0.48215
Feedback: 0.66
Received=	-0.25087
=====  10:36:50 - NF  ============
Feedback: 0.44026
Received=	-0.033824
Feedback: 0.27496
Received=	-0.16245
Feedback: 0.37292
Received=	-0.059048
Feedback: 0.29417
Received=	-0.22604
Feedback: 0.42135
Received=	-0.46741
Feedback: 0.60517
Received=	-0.41633
Feedback: 0.56627
Received=	-0.44468
Feedback: 0.58786
Received=	-0.41501
Feedback: 0.56527
Received=	-0.29043
Feedback: 0.47039
Received=	-0.34297
Feedback: 0.5104
Received=	-0.29385
Feedback: 0.47299
Received=	-0.25994
Feedback: 0.44717
Received=	-0.18845
Feedback: 0.39273
Received=	-0.1863
Feedback: 0.39108
Received=	-0.053867
Feedback: 0.29023
Received=	-0.06594
Feedback: 0.29942
Received=	-0.14015
Feedback: 0.35594
Received=	-0.021546
Feedback: 0.26561
Received=	-0.37422
Feedback: 0.5342
Received=	-0.29479
Feedback: 0.47371
Received=	-0.034468
Feedback: 0.27545
Received=	-0.20179
Feedback: 0.40288
Received=	-0.31422
Feedback: 0.48851
Received=	-0.50252
Feedback: 0.63191
Received=	-0.34199
Feedback: 0.50966
Received=	-0.50228
Feedback: 0.63173
Received=	-0.59394
Feedback: 0.70154
Received=	-0.74354
Feedback: 0.81547
Received=	-0.54442
Feedback: 0.66382
Received=	-0.36653
Feedback: 0.52834
Received=	-0.63755
Feedback: 0.73475
Received=	-0.72035
Feedback: 0.7978
Received=	-0.7449
Feedback: 0.8165
Received=	-0.57616
Feedback: 0.68799
Received=	-0.091008
Feedback: 0.31851
Received=	-0.032361
Feedback: 0.27385
Received=	-0.48541
Feedback: 0.61888
Received=	-0.36032
Feedback: 0.52362
Received=	-0.19793
Feedback: 0.39994
Received=	-0.35398
Feedback: 0.51879
Received=	-0.28716
Feedback: 0.46789
Received=	-0.42362
Feedback: 0.57182
Received=	-0.54781
Feedback: 0.6664
Received=	-0.63417
Feedback: 0.73217
Received=	-0.8333
Feedback: 0.88383
Received=	-0.70665
Feedback: 0.78737
Received=	-0.37929
Feedback: 0.53807
Received=	-0.21977
Feedback: 0.41657
Received=	-0.41029
Feedback: 0.56167
Received=	-0.36501
Feedback: 0.52719
Received=	-0.48142
Feedback: 0.61584
Received=	-0.63658
Feedback: 0.73401
Received=	-0.85505
Feedback: 0.9
Received=	-0.78294
Feedback: 0.84547
Received=	-0.38378
Feedback: 0.54148
Received=	-0.36437
Feedback: 0.5267
Received=	-0.34201
Feedback: 0.50967
Received=	-0.4339
Feedback: 0.57965
Received=	-0.41695
Feedback: 0.56674
Calculated range:	[(-2.000000) - (2.000000)]
Success index = (-0.226802)
Received=	-0.19925
=====  10:39:50 - BASE  ============
Feedback: 0.66
Received=	-0.254
Feedback: 0.66
Received=	-0.25602
Feedback: 0.66
Received=	-0.1411
Feedback: 0.66
Received=	-0.43195
Feedback: 0.66
Received=	-0.42884
Feedback: 0.66
Received=	-0.35325
Feedback: 0.66
Received=	-0.27501
Feedback: 0.66
Received=	-0.3926
Feedback: 0.66
Received=	-0.43522
Feedback: 0.66
Received=	-0.49207
Feedback: 0.66
Received=	-0.11508
Feedback: 0.66
Received=	0.2669
Feedback: 0.66
Received=	-0.18554
Feedback: 0.66
Received=	-0.47943
Feedback: 0.66
Received=	-0.57891
Feedback: 0.66
Received=	-0.32976
Feedback: 0.66
Received=	-0.37755
Feedback: 0.66
Received=	-0.12099
Feedback: 0.66
Received=	0.031532
Feedback: 0.66
Received=	-0.12272
=====  10:40:50 - NF  ============
Feedback: 0.34741
Received=	-0.21043
Feedback: 0.43089
Received=	-0.15616
Feedback: 0.37924
Received=	-0.085332
Feedback: 0.31183
Received=	-0.33408
Feedback: 0.54856
Received=	-0.60737
Feedback: 0.80866
Received=	-0.44801
Feedback: 0.657
Received=	-0.41798
Feedback: 0.62842
Received=	-0.4179
Feedback: 0.62834
Received=	-0.55383
Feedback: 0.75771
Received=	-0.48398
Feedback: 0.69123
Received=	-0.47187
Feedback: 0.67971
Received=	-0.59426
Feedback: 0.79619
Received=	-0.77767
Feedback: 0.9
Received=	-0.86235
Feedback: 0.9
Received=	-0.8469
Feedback: 0.9
Received=	-0.70059
Feedback: 0.89738
Received=	-0.49942
Feedback: 0.70592
Received=	-0.47177
Feedback: 0.67961
Received=	-0.42806
Feedback: 0.63801
Received=	-0.28136
Feedback: 0.49839
Received=	-0.34495
Feedback: 0.55892
Received=	-0.3533
Feedback: 0.56686
Received=	-0.38308
Feedback: 0.5952
Received=	-0.42236
Feedback: 0.63258
Received=	-0.36827
Feedback: 0.58111
Received=	-0.51198
Feedback: 0.71788
Received=	-0.45263
Feedback: 0.66139
Received=	-0.29206
Feedback: 0.50857
Received=	-0.66914
Feedback: 0.86745
Received=	-0.83833
Feedback: 0.9
Received=	-0.70409
Feedback: 0.9
Received=	-0.7365
Feedback: 0.9
Received=	-0.82511
Feedback: 0.9
Received=	-1.1481
Feedback: 0.9
Received=	-0.9463
Feedback: 0.9
Received=	-0.64604
Feedback: 0.84547
Received=	-0.71703
Feedback: 0.9
Received=	-0.61502
Feedback: 0.81595
Received=	-0.12228
Feedback: 0.347
Received=	-0.19394
Feedback: 0.41519
Received=	-0.44093
Feedback: 0.65026
Received=	-0.28081
Feedback: 0.49787
Received=	-0.40158
Feedback: 0.61281
Received=	-0.51042
Feedback: 0.71639
Received=	-0.62439
Feedback: 0.82486
Received=	-0.57984
Feedback: 0.78246
Received=	-0.46612
Feedback: 0.67423
Received=	-0.64045
Feedback: 0.84014
Received=	-0.39169
Feedback: 0.60339
Received=	-0.48477
Feedback: 0.69199
Received=	-0.23543
Feedback: 0.45468
Received=	0.094983
Feedback: 0.14022
Received=	-0.13197
Feedback: 0.35622
Received=	-0.40785
Feedback: 0.61877
Received=	-0.78374
Feedback: 0.9
Received=	-0.75488
Feedback: 0.9
Received=	-0.8022
Feedback: 0.9
Received=	-0.87775
Feedback: 0.9
Received=	-0.48119
Feedback: 0.68858
Calculated range:	[(-2.000000) - (2.000000)]
Success index = (-0.940460)
closing...
