Direction=-1.000000	; step=1.000000;
Received=	0
Feedback: 0.66
Received=	0
Feedback: 0.66
Received=	0
Feedback: 0.66
Received=	-0.41154
Feedback: 0.66
Received=	-0.38305
Feedback: 0.66
Received=	-0.46112
Feedback: 0.66
Received=	-0.60597
Feedback: 0.66
Received=	-0.58125
Feedback: 0.66
Received=	-0.50532
Feedback: 0.66
Received=	-0.16204
Feedback: 0.66
Received=	-0.19132
Feedback: 0.66
Received=	-0.44486
Feedback: 0.66
Received=	-0.40309
Feedback: 0.66
Received=	-0.47304
Feedback: 0.66
Received=	-0.61382
Feedback: 0.66
Received=	-0.3889
Feedback: 0.66
Received=	-0.26194
Feedback: 0.66
Received=	-0.24844
Feedback: 0.66
Received=	-0.34775
Feedback: 0.66
Received=	-0.1198
Feedback: 0.66
Received=	0.005614
=====  16:35:2 - NF  ============
Feedback: 0.1
Received=	0.071641
Feedback: 0.1
Received=	-0.086983
Feedback: 0.17601
Received=	-0.28008
Feedback: 0.39955
Received=	-0.60603
Feedback: 0.77689
Received=	-0.33741
Feedback: 0.46592
Received=	-0.21674
Feedback: 0.32622
Received=	-0.2181
Feedback: 0.32781
Received=	-0.34407
Feedback: 0.47363
Received=	-0.60186
Feedback: 0.77207
Received=	-0.031279
Feedback: 0.11152
Received=	0.22246
Feedback: 0.1
Received=	0.029542
Feedback: 0.1
Received=	-0.17843
Feedback: 0.28188
Received=	-0.35449
Feedback: 0.4857
Received=	-0.44267
Feedback: 0.58777
Received=	-0.36676
Feedback: 0.4999
Received=	-0.12728
Feedback: 0.22266
Received=	-0.12734
Feedback: 0.22273
Received=	-0.17014
Feedback: 0.27228
Received=	-0.36306
Feedback: 0.49561
Received=	-0.25086
Feedback: 0.36573
Received=	-0.29417
Feedback: 0.41587
Received=	-0.32822
Feedback: 0.45528
Received=	-0.28276
Feedback: 0.40266
Received=	-0.18505
Feedback: 0.28954
Received=	-0.15972
Feedback: 0.26021
Received=	-0.087765
Feedback: 0.17692
Received=	-0.46674
Feedback: 0.61565
Received=	-0.4873
Feedback: 0.63944
Received=	0.012756
Feedback: 0.1
Received=	0.23879
Feedback: 0.1
Received=	0.093111
Feedback: 0.1
Received=	-0.36301
Feedback: 0.49556
Received=	-0.474
Feedback: 0.62405
Received=	-0.16447
Feedback: 0.26572
Received=	-0.053963
Feedback: 0.13778
Received=	-0.067099
Feedback: 0.15299
Received=	-0.41517
Feedback: 0.55594
Received=	-0.48546
Feedback: 0.63732
Received=	-0.25472
Feedback: 0.37019
Received=	-0.013015
Feedback: 0.1
Received=	0.0048119
Feedback: 0.1
Received=	-0.20935
Feedback: 0.31767
Received=	-0.0076674
Feedback: 0.1
Received=	-0.22441
Feedback: 0.33511
Received=	-0.38262
Feedback: 0.51826
Received=	-0.43078
Feedback: 0.57402
Received=	-0.34535
Feedback: 0.47511
Received=	-0.23848
Feedback: 0.35139
Received=	-0.20289
Feedback: 0.31019
Received=	-0.44142
Feedback: 0.58633
Received=	-0.60944
Feedback: 0.78084
Received=	-0.40315
Feedback: 0.54203
Received=	-0.15582
Feedback: 0.2557
Received=	0.010607
Feedback: 0.1
Received=	0.044544
Feedback: 0.1
Received=	-0.10088
Feedback: 0.1921
Received=	-0.4053
Feedback: 0.54452
Received=	-0.33649
Feedback: 0.46486
Calculated range:	[(-2.000000) - (2.000000)]
Success index = (0.739021)
Received=	-0.20579
=====  16:38:2 - BASE  ============
Feedback: 0.66
Received=	0.033011
Feedback: 0.66
Received=	0.097795
Feedback: 0.66
Received=	-0.082046
Feedback: 0.66
Received=	-0.019731
Feedback: 0.66
Received=	-0.11462
Feedback: 0.66
Received=	-0.20064
Feedback: 0.66
Received=	-0.24841
Feedback: 0.66
Received=	-0.3147
Feedback: 0.66
Received=	-0.40651
Feedback: 0.66
Received=	-0.24257
Feedback: 0.66
Received=	0.076373
Feedback: 0.66
Received=	0.15171
Feedback: 0.66
Received=	-0.12741
Feedback: 0.66
Received=	-0.26888
Feedback: 0.66
Received=	-0.33592
Feedback: 0.66
Received=	-0.36762
Feedback: 0.66
Received=	-0.39607
Feedback: 0.66
Received=	-0.44093
Feedback: 0.66
Received=	-0.50986
Feedback: 0.66
Received=	-0.35369
=====  16:39:2 - NF  ============
Feedback: 0.64865
Received=	-0.24695
Feedback: 0.53949
Received=	-0.40476
Feedback: 0.70086
Received=	-0.33018
Feedback: 0.6246
Received=	-0.12806
Feedback: 0.41791
Received=	0.04456
Feedback: 0.24139
Received=	-0.14012
Feedback: 0.43025
Received=	-0.27023
Feedback: 0.56329
Received=	-0.21702
Feedback: 0.50888
Received=	-0.13044
Feedback: 0.42034
Received=	-0.17401
Feedback: 0.46489
Received=	-0.30373
Feedback: 0.59756
Received=	-0.26149
Feedback: 0.55435
Received=	-0.22028
Feedback: 0.51222
Received=	-0.026961
Feedback: 0.31452
Received=	-0.26102
Feedback: 0.55388
Received=	-0.44513
Feedback: 0.74215
Received=	-0.58832
Feedback: 0.88858
Received=	-0.40007
Feedback: 0.69608
Received=	-0.1705
Feedback: 0.4613
Received=	-0.24215
Feedback: 0.53458
Received=	-0.37207
Feedback: 0.66744
Received=	-0.25832
Feedback: 0.55111
Received=	-0.24926
Feedback: 0.54185
Received=	-0.025135
Feedback: 0.31266
Received=	0.68818
Feedback: 0.1
Received=	0.3278
Feedback: 0.1
Received=	-0.28864
Feedback: 0.58212
Received=	-0.61309
Feedback: 0.9
Received=	-0.41649
Feedback: 0.71286
Received=	0.14139
Feedback: 0.14237
Received=	0.11389
Feedback: 0.17048
Received=	-0.041865
Feedback: 0.32976
Received=	-0.19108
Feedback: 0.48235
Received=	-0.31172
Feedback: 0.60572
Received=	-0.043154
Feedback: 0.33108
Received=	0.10399
Feedback: 0.18061
Received=	-0.28902
Feedback: 0.58251
Received=	-0.33579
Feedback: 0.63034
Received=	-0.11024
Feedback: 0.39968
Received=	0.017606
Feedback: 0.26895
Received=	0.0062004
Feedback: 0.28061
Received=	-0.2503
Feedback: 0.54292
Received=	-0.27279
Feedback: 0.56592
Received=	-0.21548
Feedback: 0.50731
Received=	-0.364
Feedback: 0.65919
Received=	-0.32001
Feedback: 0.6142
Received=	-0.20154
Feedback: 0.49305
Received=	0.048606
Feedback: 0.23725
Received=	-0.2103
Feedback: 0.50201
Received=	-0.2363
Feedback: 0.5286
Received=	0.070434
Feedback: 0.21493
Received=	-0.17487
Feedback: 0.46577
Received=	-0.48302
Feedback: 0.7809
Received=	-0.3502
Feedback: 0.64507
Received=	-0.068307
Feedback: 0.35681
Received=	-0.072565
Feedback: 0.36116
Received=	-0.20939
Feedback: 0.50108
Received=	0.012705
Feedback: 0.27396
Received=	0.17482
Feedback: 0.10818
Calculated range:	[(-2.000000) - (2.000000)]
Success index = (0.153769)
Received=	0.22462
=====  16:42:2 - BASE  ============
Feedback: 0.66
Received=	0.33872
Feedback: 0.66
Received=	0.54925
Feedback: 0.66
Received=	0.76517
Feedback: 0.66
Received=	0.042658
Feedback: 0.66
Received=	-0.65095
Feedback: 0.66
Received=	-0.45134
Feedback: 0.66
Received=	-0.14944
Feedback: 0.66
Received=	-0.17322
Feedback: 0.66
Received=	-0.16945
Feedback: 0.66
Received=	0.049191
Feedback: 0.66
Received=	0.079062
Feedback: 0.66
Received=	0.2623
Feedback: 0.66
Received=	0.44884
Feedback: 0.66
Received=	-0.016027
Feedback: 0.66
Received=	-0.24876
Feedback: 0.66
Received=	-0.30219
Feedback: 0.66
Received=	-0.37159
Feedback: 0.66
Received=	-0.0044292
Feedback: 0.66
Received=	0.47375
Feedback: 0.66
Received=	0.38016
=====  16:43:2 - NF  ============
Feedback: 0.30122
Received=	0.0097588
Feedback: 0.49873
Received=	-0.43188
Feedback: 0.73423
Received=	-0.21192
Feedback: 0.61694
Received=	-0.063613
Feedback: 0.53786
Received=	-0.16491
Feedback: 0.59187
Received=	-0.36914
Feedback: 0.70078
Received=	-0.28299
Feedback: 0.65484
Received=	-0.27453
Feedback: 0.65033
Received=	-0.19211
Feedback: 0.60638
Received=	0.027963
Feedback: 0.48902
Received=	-0.23364
Feedback: 0.62852
Received=	-0.30009
Feedback: 0.66396
Received=	-0.2154
Feedback: 0.6188
Received=	-0.083146
Feedback: 0.54827
Received=	-0.046663
Feedback: 0.52882
Received=	-0.25908
Feedback: 0.64209
Received=	-0.29983
Feedback: 0.66382
Received=	-0.15199
Feedback: 0.58499
Received=	-0.077749
Feedback: 0.54539
Received=	-0.28585
Feedback: 0.65636
Received=	0.22013
Feedback: 0.38655
Received=	0.14961
Feedback: 0.42416
Received=	-0.60097
Feedback: 0.8244
Received=	-0.53976
Feedback: 0.79176
Received=	0.059611
Feedback: 0.47215
Received=	-0.19339
Feedback: 0.60706
Received=	-0.37861
Feedback: 0.70583
Received=	-0.12082
Feedback: 0.56836
Received=	-0.19493
Feedback: 0.60788
Received=	-0.5226
Feedback: 0.78261
Received=	-0.4527
Feedback: 0.74534
Received=	-0.19637
Feedback: 0.60865
Received=	-0.26951
Feedback: 0.64765
Received=	-0.18824
Feedback: 0.60431
Received=	0.20156
Feedback: 0.39645
Received=	0.58957
Feedback: 0.18955
Received=	0.24116
Feedback: 0.37534
Received=	-0.089659
Feedback: 0.55175
Received=	-0.062324
Feedback: 0.53717
Received=	0.010357
Feedback: 0.49841
Received=	-0.22414
Feedback: 0.62345
Received=	-0.088554
Feedback: 0.55116
Received=	0.29872
Feedback: 0.34464
Received=	0.18837
Feedback: 0.40349
Received=	-0.30803
Feedback: 0.66819
Received=	-0.40105
Feedback: 0.71779
Received=	-0.14411
Feedback: 0.58078
Received=	0.075313
Feedback: 0.46377
Received=	-0.029313
Feedback: 0.51957
Received=	-0.117
Feedback: 0.56633
Received=	0.09489
Feedback: 0.45334
Received=	0.033649
Feedback: 0.48599
Received=	-0.067824
Feedback: 0.5401
Received=	-0.10534
Feedback: 0.5601
Received=	-0.20667
Feedback: 0.61414
Received=	-0.308
Feedback: 0.66817
Received=	-0.32792
Feedback: 0.6788
Received=	-0.17317
Feedback: 0.59628
Received=	0.029595
Feedback: 0.48815
Calculated range:	[(-2.000000) - (2.000000)]
Success index = (-0.515288)
Received=	-0.19067
=====  16:46:2 - BASE  ============
Feedback: 0.66
Received=	-0.14865
Feedback: 0.66
Received=	0.17025
Feedback: 0.66
Received=	0.048626
Feedback: 0.66
Received=	-0.12511
Feedback: 0.66
Received=	-0.28463
Feedback: 0.66
Received=	-0.35186
Feedback: 0.66
Received=	-0.33911
Feedback: 0.66
Received=	-0.033079
Feedback: 0.66
Received=	0.08684
Feedback: 0.66
Received=	-0.069939
Feedback: 0.66
Received=	-0.059269
Feedback: 0.66
Received=	0.029956
Feedback: 0.66
Received=	0.13388
Feedback: 0.66
Received=	0.32326
Feedback: 0.66
Received=	0.15948
Feedback: 0.66
Received=	0.38423
Feedback: 0.66
Received=	-0.15275
Feedback: 0.66
Received=	-0.24049
Feedback: 0.66
Received=	0.10073
Feedback: 0.66
Received=	-0.21836
=====  16:47:2 - NF  ============
Feedback: 0.69391
Received=	-0.28654
Feedback: 0.75802
Received=	-0.30522
Feedback: 0.7756
Received=	-0.42845
Feedback: 0.89148
Received=	0.020241
Feedback: 0.46952
Received=	0.32156
Feedback: 0.18616
Received=	0.36014
Feedback: 0.14988
Received=	-0.21763
Feedback: 0.69322
Received=	-0.2026
Feedback: 0.67909
Received=	-0.23669
Feedback: 0.71115
Received=	0.50961
Feedback: 0.1
Received=	0.037238
Feedback: 0.45354
Received=	-0.36108
Feedback: 0.82812
Received=	-0.40226
Feedback: 0.86685
Received=	-0.34349
Feedback: 0.81159
Received=	0.25778
Feedback: 0.24614
Received=	0.30472
Feedback: 0.202
Received=	0.1402
Feedback: 0.35671
Received=	-0.068943
Feedback: 0.55339
Received=	0.027132
Feedback: 0.46304
Received=	-0.027633
Feedback: 0.51455
Received=	-0.28661
Feedback: 0.75809
Received=	-0.1435
Feedback: 0.62351
Received=	0.090302
Feedback: 0.40364
Received=	0.05514
Feedback: 0.4367
Received=	-0.25221
Feedback: 0.72574
Received=	-0.23553
Feedback: 0.71006
Received=	-0.16293
Feedback: 0.64178
Received=	-0.39013
Feedback: 0.85545
Received=	-0.18051
Feedback: 0.65831
Received=	-0.037399
Feedback: 0.52373
Received=	-0.2893
Feedback: 0.76062
Received=	-0.28619
Feedback: 0.7577
Received=	-0.26262
Feedback: 0.73553
Received=	-0.2597
Feedback: 0.73279
Received=	-0.30122
Feedback: 0.77183
Received=	-0.23063
Feedback: 0.70545
Received=	-0.13829
Feedback: 0.61861
Received=	0.1024
Feedback: 0.39226
Received=	0.32109
Feedback: 0.1866
Received=	0.1656
Feedback: 0.33282
Received=	-0.16064
Feedback: 0.63963
Received=	-0.36719
Feedback: 0.83387
Received=	-0.16863
Feedback: 0.64714
Received=	-0.084518
Feedback: 0.56804
Received=	-0.18916
Feedback: 0.66645
Received=	-0.31703
Feedback: 0.7867
Received=	-0.040861
Feedback: 0.52699
Received=	-0.039259
Feedback: 0.52548
Received=	-0.45823
Feedback: 0.9
Received=	-0.074575
Feedback: 0.55869
Received=	0.21428
Feedback: 0.28704
Received=	0.088305
Feedback: 0.40552
Received=	-0.28914
Feedback: 0.76048
Received=	-0.18028
Feedback: 0.6581
Received=	-0.0039745
Feedback: 0.4923
Received=	-0.20852
Feedback: 0.68465
Received=	-0.10044
Feedback: 0.58301
Received=	-0.23216
Feedback: 0.70689
Received=	0.029259
Feedback: 0.46104
Calculated range:	[(-2.000000) - (2.000000)]
Success index = (-0.436081)
Received=	-0.094087
=====  16:50:2 - BASE  ============
Feedback: 0.66
Received=	-0.19855
Feedback: 0.66
Received=	-0.32428
Feedback: 0.66
Received=	-0.39948
Feedback: 0.66
Received=	-0.3165
Feedback: 0.66
Received=	-0.2667
Feedback: 0.66
Received=	-0.13294
Feedback: 0.66
Received=	-0.11653
Feedback: 0.66
Received=	0.53587
Feedback: 0.66
Received=	1.0374
Feedback: 0.66
Received=	0.27146
Feedback: 0.66
Received=	-0.20645
Feedback: 0.66
Received=	0.059377
Feedback: 0.66
Received=	0.40967
Feedback: 0.66
Received=	0.40296
Feedback: 0.66
Received=	0.5211
Feedback: 0.66
Received=	0.16999
Feedback: 0.66
Received=	0.044038
Feedback: 0.66
Received=	0.041847
Feedback: 0.66
Received=	0.0055964
Feedback: 0.66
Received=	-0.094678
=====  16:51:2 - NF  ============
Feedback: 0.60138
Received=	-0.08564
Feedback: 0.59659
Received=	-0.20253
Feedback: 0.65858
Received=	-0.38946
Feedback: 0.75773
Received=	-0.2825
Feedback: 0.70099
Received=	-0.16178
Feedback: 0.63697
Received=	-0.27053
Feedback: 0.69465
Received=	-0.2003
Feedback: 0.6574
Received=	-0.12236
Feedback: 0.61606
Received=	-0.020995
Feedback: 0.5623
Received=	-0.13739
Feedback: 0.62403
Received=	-0.2149
Feedback: 0.66514
Received=	-0.086203
Feedback: 0.59688
Received=	0.039479
Feedback: 0.53023
Received=	-0.13189
Feedback: 0.62112
Received=	-0.092391
Feedback: 0.60017
Received=	-0.24364
Feedback: 0.68039
Received=	-0.2248
Feedback: 0.67039
Received=	-0.19359
Feedback: 0.65384
Received=	-0.094793
Feedback: 0.60144
Received=	-0.28016
Feedback: 0.69976
Received=	-0.26145
Feedback: 0.68983
Received=	-0.11835
Feedback: 0.61393
Received=	-0.092121
Feedback: 0.60002
Received=	-0.28281
Feedback: 0.70116
Received=	-0.49417
Feedback: 0.81326
Received=	-0.19525
Feedback: 0.65472
Received=	-0.011641
Feedback: 0.55734
Received=	-0.20629
Feedback: 0.66058
Received=	-0.3164
Feedback: 0.71897
Received=	-0.21471
Feedback: 0.66504
Received=	0.20844
Feedback: 0.44061
Received=	0.11517
Feedback: 0.49008
Received=	-0.26075
Feedback: 0.68946
Received=	-0.22596
Feedback: 0.67101
Received=	-0.21207
Feedback: 0.66364
Received=	-0.50754
Feedback: 0.82035
Received=	-0.4459
Feedback: 0.78766
Received=	-0.26551
Feedback: 0.69198
Received=	-0.20976
Feedback: 0.66242
Received=	-0.22374
Feedback: 0.66983
Received=	-0.15366
Feedback: 0.63266
Received=	-0.37075
Feedback: 0.7478
Received=	-0.54682
Feedback: 0.84118
Received=	-0.37775
Feedback: 0.75152
Received=	-0.26855
Feedback: 0.69359
Received=	-0.14419
Feedback: 0.62764
Received=	-0.12985
Feedback: 0.62003
Received=	-0.48034
Feedback: 0.80593
Received=	-0.18041
Feedback: 0.64685
Received=	0.14042
Feedback: 0.47669
Received=	-0.23146
Feedback: 0.67393
Received=	-0.11986
Feedback: 0.61474
Received=	-0.059745
Feedback: 0.58285
Received=	-0.068486
Feedback: 0.58749
Received=	-0.063445
Feedback: 0.58481
Received=	-0.25472
Feedback: 0.68626
Received=	-0.35596
Feedback: 0.73996
Received=	0.014807
Feedback: 0.54331
Received=	0.21721
Feedback: 0.43596
Calculated range:	[(-2.344266) - (1.655734)]
Success index = (-1.344266)
closing...
