Direction=-1.000000	; step=1.000000;
Received=	0
Feedback: 0.66
Received=	0
Feedback: 0.66
Received=	0
Feedback: 0.66
Received=	-0.25455
Feedback: 0.66
Received=	-0.49335
Feedback: 0.66
Received=	-0.27759
Feedback: 0.66
Received=	-0.43973
Feedback: 0.66
Received=	-0.65797
Feedback: 0.66
Received=	-0.69091
Feedback: 0.66
Received=	-0.73494
Feedback: 0.66
Received=	-0.79038
Feedback: 0.66
Received=	-0.74542
Feedback: 0.66
Received=	-0.71921
Feedback: 0.66
Received=	-0.58272
Feedback: 0.66
Received=	-0.19395
Feedback: 0.66
Received=	0.14079
Feedback: 0.66
Received=	0.85106
Feedback: 0.66
Received=	0.37636
Feedback: 0.66
Received=	-0.02773
Feedback: 0.66
Received=	-0.11118
Feedback: 0.66
Received=	-0.11795
=====  16:9:6 - NF  ============
Feedback: 0.41993
Received=	0.009599
Feedback: 0.36299
Received=	0.19862
Feedback: 0.2786
Received=	0.040489
Feedback: 0.3492
Received=	-0.2441
Feedback: 0.47625
Received=	-0.43983
Feedback: 0.56363
Received=	-0.35047
Feedback: 0.52374
Received=	-0.40794
Feedback: 0.5494
Received=	-0.33141
Feedback: 0.51523
Received=	-0.47143
Feedback: 0.57774
Received=	-0.24048
Feedback: 0.47463
Received=	-0.5802
Feedback: 0.6263
Received=	-0.75356
Feedback: 0.70369
Received=	-0.32035
Feedback: 0.51029
Received=	-0.36077
Feedback: 0.52833
Received=	-0.22099
Feedback: 0.46593
Received=	-0.0078542
Feedback: 0.37078
Received=	-0.29676
Feedback: 0.49976
Received=	-0.41904
Feedback: 0.55435
Received=	-0.84529
Feedback: 0.74464
Received=	-0.6174
Feedback: 0.64291
Received=	-0.45536
Feedback: 0.57056
Received=	-0.39347
Feedback: 0.54293
Received=	-0.32077
Feedback: 0.51048
Received=	-0.45039
Feedback: 0.56835
Received=	-0.36678
Feedback: 0.53102
Received=	-0.30763
Feedback: 0.50461
Received=	-0.17273
Feedback: 0.44439
Received=	-0.23452
Feedback: 0.47197
Received=	-0.30677
Feedback: 0.50423
Received=	-0.21415
Feedback: 0.46288
Received=	-0.14483
Feedback: 0.43193
Received=	-0.33715
Feedback: 0.51779
Received=	-0.29795
Feedback: 0.50029
Received=	-0.44205
Feedback: 0.56462
Received=	-0.15196
Feedback: 0.43511
Received=	-0.33349
Feedback: 0.51616
Received=	-0.61859
Feedback: 0.64344
Received=	-0.25652
Feedback: 0.48179
Received=	0.010961
Feedback: 0.36238
Received=	-0.4302
Feedback: 0.55933
Received=	-0.34708
Feedback: 0.52223
Received=	-0.12031
Feedback: 0.42099
Received=	0.056242
Feedback: 0.34216
Received=	0.022872
Feedback: 0.35706
Received=	-0.13251
Feedback: 0.42643
Received=	-0.21704
Feedback: 0.46417
Received=	-0.27197
Feedback: 0.48869
Received=	-0.13013
Feedback: 0.42537
Received=	-0.10603
Feedback: 0.41461
Received=	-0.24664
Feedback: 0.47738
Received=	-0.19507
Feedback: 0.45436
Received=	0.12249
Feedback: 0.31259
Received=	-0.33756
Feedback: 0.51797
Received=	-0.5498
Feedback: 0.61273
Received=	-0.20013
Feedback: 0.45662
Received=	0.31028
Feedback: 0.22875
Received=	0.18846
Feedback: 0.28314
Received=	-0.2367
Feedback: 0.47295
Received=	-0.27492
Feedback: 0.49001
Calculated range:	[(-2.000000) - (2.000000)]
Success index = (0.132242)
Received=	-0.063163
=====  16:12:6 - BASE  ============
Feedback: 0.66
Received=	-0.013709
Feedback: 0.66
Received=	0.4818
Feedback: 0.66
Received=	0.43744
Feedback: 0.66
Received=	-0.066356
Feedback: 0.66
Received=	-0.1641
Feedback: 0.66
Received=	0.0089933
Feedback: 0.66
Received=	-0.12187
Feedback: 0.66
Received=	-0.068746
Feedback: 0.66
Received=	0.1267
Feedback: 0.66
Received=	0.12682
Feedback: 0.66
Received=	0.18039
Feedback: 0.66
Received=	0.030663
Feedback: 0.66
Received=	-0.13127
Feedback: 0.66
Received=	-0.041059
Feedback: 0.66
Received=	0.43176
Feedback: 0.66
Received=	0.52369
Feedback: 0.66
Received=	0.22549
Feedback: 0.66
Received=	0.45607
Feedback: 0.66
Received=	0.22917
Feedback: 0.66
Received=	-0.033732
=====  16:13:6 - NF  ============
Feedback: 0.65495
Received=	-0.19977
Feedback: 0.79644
Received=	0.1635
Feedback: 0.48686
Received=	0.23587
Feedback: 0.42519
Received=	-0.2373
Feedback: 0.82844
Received=	0.0075091
Feedback: 0.6198
Received=	0.18925
Feedback: 0.46492
Received=	0.099234
Feedback: 0.54163
Received=	-0.06566
Feedback: 0.68216
Received=	0.055278
Feedback: 0.57909
Received=	-0.086169
Feedback: 0.69964
Received=	-0.010644
Feedback: 0.63527
Received=	-0.13055
Feedback: 0.73745
Received=	-0.42035
Feedback: 0.9
Received=	-0.4626
Feedback: 0.9
Received=	-0.34924
Feedback: 0.9
Received=	-0.084586
Feedback: 0.69829
Received=	0.22191
Feedback: 0.43709
Received=	0.5399
Feedback: 0.1661
Received=	0.16781
Feedback: 0.4832
Received=	-0.13954
Feedback: 0.74512
Received=	-0.12324
Feedback: 0.73123
Received=	-0.14538
Feedback: 0.75009
Received=	-0.10208
Feedback: 0.7132
Received=	-0.20121
Feedback: 0.79767
Received=	-0.061818
Feedback: 0.67888
Received=	-0.074982
Feedback: 0.6901
Received=	0.03143
Feedback: 0.59942
Received=	0.082623
Feedback: 0.55579
Received=	-0.14983
Feedback: 0.75389
Received=	0.28069
Feedback: 0.387
Received=	0.65426
Feedback: 0.1
Received=	-0.20979
Feedback: 0.80499
Received=	-0.26049
Feedback: 0.84819
Received=	-0.048631
Feedback: 0.66765
Received=	0.028566
Feedback: 0.60186
Received=	-0.045099
Feedback: 0.66464
Received=	-0.34929
Feedback: 0.9
Received=	-0.20245
Feedback: 0.79874
Received=	-0.096161
Feedback: 0.70815
Received=	-0.067768
Feedback: 0.68395
Received=	0.33696
Feedback: 0.33904
Received=	0.69227
Feedback: 0.1
Received=	0.1003
Feedback: 0.54073
Received=	0.05808
Feedback: 0.57671
Received=	0.11404
Feedback: 0.52901
Received=	0.061425
Feedback: 0.57385
Received=	0.11112
Feedback: 0.5315
Received=	0.23335
Feedback: 0.42734
Received=	-0.26442
Feedback: 0.85155
Received=	-0.49213
Feedback: 0.9
Received=	-0.22034
Feedback: 0.81398
Received=	0.16731
Feedback: 0.48362
Received=	0.19232
Feedback: 0.46231
Received=	0.077201
Feedback: 0.56041
Received=	-0.29529
Feedback: 0.87785
Received=	-0.066203
Feedback: 0.68262
Received=	0.27653
Feedback: 0.39054
Received=	0.097131
Feedback: 0.54343
Received=	-0.205
Feedback: 0.80091
Calculated range:	[(-2.000000) - (2.000000)]
Success index = (-0.661693)
Received=	0.1333
=====  16:16:6 - BASE  ============
Feedback: 0.66
Received=	0.23525
Feedback: 0.66
Received=	0.30251
Feedback: 0.66
Received=	0.076706
Feedback: 0.66
Received=	0.45086
Feedback: 0.66
Received=	0.96049
Feedback: 0.66
Received=	0.27415
Feedback: 0.66
Received=	-0.32534
Feedback: 0.66
Received=	0.0051549
Feedback: 0.66
Received=	-0.034115
Feedback: 0.66
Received=	0.26495
Feedback: 0.66
Received=	0.011733
Feedback: 0.66
Received=	-0.14187
Feedback: 0.66
Received=	0.13455
Feedback: 0.66
Received=	-0.036297
Feedback: 0.66
Received=	-0.094356
Feedback: 0.66
Received=	-0.48429
Feedback: 0.66
Received=	-0.14223
Feedback: 0.66
Received=	0.16977
Feedback: 0.66
Received=	-0.086664
Feedback: 0.66
Received=	-0.48709
=====  16:17:6 - NF  ============
Feedback: 0.85182
Received=	-0.15579
Feedback: 0.64354
Received=	-0.18458
Feedback: 0.66164
Received=	-0.2529
Feedback: 0.70459
Received=	-0.18669
Feedback: 0.66296
Received=	-0.050111
Feedback: 0.57711
Received=	0.23945
Feedback: 0.39507
Received=	0.052286
Feedback: 0.51273
Received=	0.13918
Feedback: 0.4581
Received=	-0.037585
Feedback: 0.56923
Received=	0.11683
Feedback: 0.47216
Received=	0.10915
Feedback: 0.47699
Received=	0.072309
Feedback: 0.50014
Received=	-0.1385
Feedback: 0.63267
Received=	-0.0019559
Feedback: 0.54683
Received=	0.28196
Feedback: 0.36834
Received=	0.092917
Feedback: 0.48719
Received=	0.27016
Feedback: 0.37576
Received=	0.52903
Feedback: 0.21302
Received=	0.010468
Feedback: 0.53902
Received=	0.085627
Feedback: 0.49177
Received=	-0.31363
Feedback: 0.74277
Received=	-0.061641
Feedback: 0.58435
Received=	-0.062432
Feedback: 0.58485
Received=	0.052598
Feedback: 0.51254
Received=	-0.055907
Feedback: 0.58075
Received=	0.24386
Feedback: 0.3923
Received=	-0.48915
Feedback: 0.85311
Received=	-0.24195
Feedback: 0.69771
Received=	0.29738
Feedback: 0.35865
Received=	0.32217
Feedback: 0.34307
Received=	-0.26622
Feedback: 0.71297
Received=	-0.10116
Feedback: 0.6092
Received=	0.21
Feedback: 0.41359
Received=	0.078319
Feedback: 0.49637
Received=	-0.086519
Feedback: 0.59999
Received=	-0.30731
Feedback: 0.7388
Received=	-0.30609
Feedback: 0.73803
Received=	0.27399
Feedback: 0.37336
Received=	0.4662
Feedback: 0.25252
Received=	0.35868
Feedback: 0.32011
Received=	0.16362
Feedback: 0.44274
Received=	-0.27637
Feedback: 0.71935
Received=	-0.075767
Feedback: 0.59323
Received=	0.29089
Feedback: 0.36273
Received=	-0.078877
Feedback: 0.59519
Received=	-0.46525
Feedback: 0.83809
Received=	-0.047022
Feedback: 0.57516
Received=	0.25708
Feedback: 0.38398
Received=	0.14475
Feedback: 0.45461
Received=	0.14947
Feedback: 0.45163
Received=	-0.050373
Feedback: 0.57727
Received=	-0.18731
Feedback: 0.66336
Received=	-0.18353
Feedback: 0.66098
Received=	0.83311
Feedback: 0.1
Received=	0.64334
Feedback: 0.14116
Received=	0.085021
Feedback: 0.49215
Received=	0.042845
Feedback: 0.51867
Received=	-0.17129
Feedback: 0.65329
Received=	-0.61333
Feedback: 0.9
Calculated range:	[(-2.000000) - (2.000000)]
Success index = (-0.196975)
Received=	-0.1628
=====  16:20:6 - BASE  ============
Feedback: 0.66
Received=	0.32999
Feedback: 0.66
Received=	0.33581
Feedback: 0.66
Received=	0.25069
Feedback: 0.66
Received=	0.43041
Feedback: 0.66
Received=	-0.087093
Feedback: 0.66
Received=	0.22521
Feedback: 0.66
Received=	0.44331
Feedback: 0.66
Received=	-0.089601
Feedback: 0.66
Received=	0.9676
Feedback: 0.66
Received=	1.187
Feedback: 0.66
Received=	1.3202
Feedback: 0.66
Received=	1.7202
Feedback: 0.66
Received=	0.81676
Feedback: 0.66
Received=	0.084245
Feedback: 0.66
Received=	-0.076137
Feedback: 0.66
Received=	-0.06844
Feedback: 0.66
Received=	0.062392
Feedback: 0.66
Received=	0.37389
Feedback: 0.66
Received=	-0.12128
Feedback: 0.66
Received=	0.14996
=====  16:21:6 - NF  ============
Feedback: 0.60241
Received=	0.21745
Feedback: 0.5779
Received=	0.0005768
Feedback: 0.65667
Received=	-0.15769
Feedback: 0.71414
Received=	-0.033752
Feedback: 0.66913
Received=	-0.041297
Feedback: 0.67187
Received=	0.22785
Feedback: 0.57413
Received=	-0.17704
Feedback: 0.72117
Received=	0.23884
Feedback: 0.57013
Received=	0.52775
Feedback: 0.46521
Received=	0.16655
Feedback: 0.59639
Received=	-0.37792
Feedback: 0.79413
Received=	-0.25644
Feedback: 0.75001
Received=	1.1095
Feedback: 0.25393
Received=	1.2551
Feedback: 0.20106
Received=	0.65777
Feedback: 0.41799
Received=	-0.063076
Feedback: 0.67978
Received=	-0.68362
Feedback: 0.9
Received=	-0.33546
Feedback: 0.77871
Received=	-0.041245
Feedback: 0.67185
Received=	-0.26082
Feedback: 0.7516
Received=	0.25584
Feedback: 0.56396
Received=	0.96683
Feedback: 0.30575
Received=	1.0313
Feedback: 0.28233
Received=	0.19913
Feedback: 0.58456
Received=	-0.035785
Feedback: 0.66987
Received=	0.43197
Feedback: 0.49999
Received=	0.40213
Feedback: 0.51083
Received=	0.14996
Feedback: 0.60241
Received=	0.81697
Feedback: 0.36017
Received=	0.64413
Feedback: 0.42294
Received=	0.085791
Feedback: 0.62572
Received=	-0.21353
Feedback: 0.73442
Received=	-0.090135
Feedback: 0.68961
Received=	0.45489
Feedback: 0.49167
Received=	0.64926
Feedback: 0.42108
Received=	0.0944
Feedback: 0.62259
Received=	-0.29023
Feedback: 0.76228
Received=	-0.24933
Feedback: 0.74742
Received=	0.46413
Feedback: 0.48832
Received=	0.30116
Feedback: 0.5475
Received=	-0.0083283
Feedback: 0.6599
Received=	0.094009
Feedback: 0.62273
Received=	1.3742
Feedback: 0.1578
Received=	1.3257
Feedback: 0.1754
Received=	0.0017151
Feedback: 0.65625
Received=	-0.2324
Feedback: 0.74128
Received=	0.25576
Feedback: 0.56399
Received=	0.56053
Feedback: 0.4533
Received=	0.1877
Feedback: 0.58871
Received=	-0.30738
Feedback: 0.76851
Received=	-0.30137
Feedback: 0.76633
Received=	0.54459
Feedback: 0.45909
Received=	0.22763
Feedback: 0.5742
Received=	-0.099042
Feedback: 0.69285
Received=	-0.52514
Feedback: 0.84759
Received=	-0.24003
Feedback: 0.74405
Received=	0.54438
Feedback: 0.45917
Received=	0.38359
Feedback: 0.51756
Received=	-0.20839
Feedback: 0.73256
Calculated range:	[(-2.000000) - (2.000000)]
Success index = (-0.489589)
Received=	0.056155
=====  16:24:6 - BASE  ============
Feedback: 0.66
Received=	0.50089
Feedback: 0.66
Received=	0.58819
Feedback: 0.66
Received=	-0.4088
Feedback: 0.66
Received=	-0.75588
Feedback: 0.66
Received=	0.51903
Feedback: 0.66
Received=	1.0994
Feedback: 0.66
Received=	-0.22107
Feedback: 0.66
Received=	-0.83303
Feedback: 0.66
Received=	0.69951
Feedback: 0.66
Received=	1.1
Feedback: 0.66
Received=	0.95967
Feedback: 0.66
Received=	0.41841
Feedback: 0.66
Received=	-0.28997
Feedback: 0.66
Received=	-0.56999
Feedback: 0.66
Received=	-0.093031
Feedback: 0.66
Received=	0.25724
Feedback: 0.66
Received=	1.0123
Feedback: 0.66
Received=	0.48194
Feedback: 0.66
Received=	0.40728
Feedback: 0.66
Received=	0.43874
=====  16:25:6 - NF  ============
Feedback: 0.43871
Received=	0.68171
Feedback: 0.36268
Received=	0.25111
Feedback: 0.49742
Received=	-0.024018
Feedback: 0.5835
Received=	-0.4006
Feedback: 0.70133
Received=	-0.5065
Feedback: 0.73446
Received=	-0.2879
Feedback: 0.66607
Received=	0.66909
Feedback: 0.36663
Received=	0.82978
Feedback: 0.31635
Received=	0.14723
Feedback: 0.52992
Received=	0.054023
Feedback: 0.55908
Received=	0.017601
Feedback: 0.57048
Received=	0.47544
Feedback: 0.42722
Received=	0.87142
Feedback: 0.30332
Received=	0.29332
Feedback: 0.48421
Received=	-0.67755
Feedback: 0.78798
Received=	-0.10631
Feedback: 0.60925
Received=	0.70054
Feedback: 0.35679
Received=	0.24823
Feedback: 0.49831
Received=	-0.26394
Feedback: 0.65857
Received=	0.16449
Feedback: 0.52452
Received=	-0.095164
Feedback: 0.60576
Received=	0.18776
Feedback: 0.51724
Received=	0.75992
Feedback: 0.33821
Received=	-0.10662
Feedback: 0.60934
Received=	-0.45869
Feedback: 0.7195
Received=	0.34702
Feedback: 0.46741
Received=	0.23168
Feedback: 0.50349
Received=	-0.031458
Feedback: 0.58583
Received=	0.64258
Feedback: 0.37493
Received=	1.2018
Feedback: 0.19997
Received=	0.27917
Feedback: 0.48863
Received=	0.18559
Feedback: 0.51791
Received=	0.070324
Feedback: 0.55398
Received=	-0.059094
Feedback: 0.59447
Received=	0.50674
Feedback: 0.41743
Received=	0.47483
Feedback: 0.42741
Received=	0.098569
Feedback: 0.54514
Received=	-0.097969
Feedback: 0.60664
Received=	0.32132
Feedback: 0.47545
Received=	0.27479
Feedback: 0.49001
Received=	0.37152
Feedback: 0.45974
Received=	0.32701
Feedback: 0.47367
Received=	0.10894
Feedback: 0.5419
Received=	-0.49238
Feedback: 0.73005
Received=	-0.38389
Feedback: 0.6961
Received=	0.23839
Feedback: 0.5014
Received=	0.67939
Feedback: 0.36341
Received=	0.58623
Feedback: 0.39256
Received=	0.30009
Feedback: 0.48209
Received=	0.0023089
Feedback: 0.57526
Received=	0.10706
Feedback: 0.54249
Received=	0.61414
Feedback: 0.38382
Received=	0.10287
Feedback: 0.5438
Received=	-0.60219
Feedback: 0.7644
Received=	-0.21014
Feedback: 0.64173
Received=	0.79959
Feedback: 0.3258
Received=	0.55311
Feedback: 0.40292
Received=	0.16015
Feedback: 0.52587
Received=	0.096101
Feedback: 0.54591
Calculated range:	[(-2.000000) - (2.000000)]
Success index = (-0.106591)
closing...
