Direction=-1.000000	; step=1.000000;
Received=	0
Feedback: 0.66
Received=	0
Feedback: 0.66
Received=	0
Feedback: 0.66
Received=	-0.049094
Feedback: 0.66
Received=	0.035758
Feedback: 0.66
Received=	0.059128
Feedback: 0.66
Received=	-0.092584
Feedback: 0.66
Received=	0.045729
Feedback: 0.66
Received=	0.24456
Feedback: 0.66
Received=	0.15743
Feedback: 0.66
Received=	0.18631
Feedback: 0.66
Received=	0.13218
Feedback: 0.66
Received=	0.059151
Feedback: 0.66
Received=	0.14573
Feedback: 0.66
Received=	0.23586
Feedback: 0.66
Received=	0.10548
Feedback: 0.66
Received=	0.055342
Feedback: 0.66
Received=	0.045905
Feedback: 0.66
Received=	0.0064594
Feedback: 0.66
Received=	0.35478
Feedback: 0.66
Received=	0.98779
=====  12:46:56 - NF  ============
Feedback: 0.1
Received=	1.02
Feedback: 0.1
Received=	0.64725
Feedback: 0.1
Received=	0.53337
Feedback: 0.1
Received=	0.58788
Feedback: 0.1
Received=	0.54664
Feedback: 0.1
Received=	0.50741
Feedback: 0.1
Received=	0.39341
Feedback: 0.1
Received=	0.28644
Feedback: 0.15837
Received=	0.55726
Feedback: 0.1
Received=	0.52571
Feedback: 0.1
Received=	0.24301
Feedback: 0.23628
Received=	0.2406
Feedback: 0.2406
Received=	0.48754
Feedback: 0.1
Received=	0.30026
Feedback: 0.13358
Received=	0.43331
Feedback: 0.1
Received=	0.54839
Feedback: 0.1
Received=	0.61267
Feedback: 0.1
Received=	0.44935
Feedback: 0.1
Received=	0.82492
Feedback: 0.1
Received=	1.4221
Feedback: 0.1
Received=	0.99001
Feedback: 0.1
Received=	0.76025
Feedback: 0.1
Received=	0.58136
Feedback: 0.1
Received=	0.52309
Feedback: 0.1
Received=	0.7635
Feedback: 0.1
Received=	0.66277
Feedback: 0.1
Received=	0.69253
Feedback: 0.1
Received=	0.54843
Feedback: 0.1
Received=	0.67483
Feedback: 0.1
Received=	0.92966
Feedback: 0.1
Received=	0.64232
Feedback: 0.1
Received=	0.21042
Feedback: 0.29474
Received=	0.072848
Feedback: 0.54155
Received=	0.41701
Feedback: 0.1
Received=	0.8407
Feedback: 0.1
Received=	1.0586
Feedback: 0.1
Received=	1.1409
Feedback: 0.1
Received=	0.76524
Feedback: 0.1
Received=	0.51358
Feedback: 0.1
Received=	0.69218
Feedback: 0.1
Received=	0.58031
Feedback: 0.1
Received=	0.65984
Feedback: 0.1
Received=	0.7494
Feedback: 0.1
Received=	0.66697
Feedback: 0.1
Received=	0.51527
Feedback: 0.1
Received=	0.42651
Feedback: 0.1
Received=	0.43446
Feedback: 0.1
Received=	0.41167
Feedback: 0.1
Received=	0.7488
Feedback: 0.1
Received=	1.0719
Feedback: 0.1
Received=	0.68186
Feedback: 0.1
Received=	0.47659
Feedback: 0.1
Received=	0.43561
Feedback: 0.1
Received=	0.3406
Feedback: 0.1
Received=	0.4162
Feedback: 0.1
Received=	0.5655
Feedback: 0.1
Received=	0.60921
Feedback: 0.1
Received=	0.50167
Feedback: 0.1
Received=	0.42742
Feedback: 0.1
Calculated range:	[(-2.000000) - (2.000000)]
Success index = (2.361855)
Received=	0.60068
=====  12:49:56 - BASE  ============
Feedback: 0.66
Received=	0.49114
Feedback: 0.66
Received=	0.29585
Feedback: 0.66
Received=	0.038067
Feedback: 0.66
Received=	-0.25315
Feedback: 0.66
Received=	-0.24201
Feedback: 0.66
Received=	0.038648
Feedback: 0.66
Received=	0.016977
Feedback: 0.66
Received=	0.13442
Feedback: 0.66
Received=	0.25361
Feedback: 0.66
Received=	-0.0043311
Feedback: 0.66
Received=	-0.026362
Feedback: 0.66
Received=	0.12383
Feedback: 0.66
Received=	0.21227
Feedback: 0.66
Received=	0.22973
Feedback: 0.66
Received=	0.18351
Feedback: 0.66
Received=	-0.13539
Feedback: 0.66
Received=	-0.14242
Feedback: 0.66
Received=	0.16338
Feedback: 0.66
Received=	0.26837
Feedback: 0.66
Received=	0.42728
=====  12:50:56 - NF  ============
Feedback: 0.1
Received=	0.48669
Feedback: 0.1
Received=	0.76492
Feedback: 0.1
Received=	0.79502
Feedback: 0.1
Received=	0.8097
Feedback: 0.1
Received=	0.67595
Feedback: 0.1
Received=	0.54831
Feedback: 0.1
Received=	0.37128
Feedback: 0.14417
Received=	0.42723
Feedback: 0.1
Received=	0.5402
Feedback: 0.1
Received=	0.29301
Feedback: 0.23487
Received=	0.48473
Feedback: 0.1
Received=	0.6905
Feedback: 0.1
Received=	0.64483
Feedback: 0.1
Received=	0.70293
Feedback: 0.1
Received=	0.51995
Feedback: 0.1
Received=	0.62875
Feedback: 0.1
Received=	0.28158
Feedback: 0.2481
Received=	0.16564
Feedback: 0.38243
Received=	0.28256
Feedback: 0.24696
Received=	0.46464
Feedback: 0.1
Received=	0.47357
Feedback: 0.1
Received=	0.6137
Feedback: 0.1
Received=	0.70652
Feedback: 0.1
Received=	0.70161
Feedback: 0.1
Received=	0.65692
Feedback: 0.1
Received=	0.50475
Feedback: 0.1
Received=	0.62724
Feedback: 0.1
Received=	0.56774
Feedback: 0.1
Received=	0.47303
Feedback: 0.1
Received=	0.2674
Feedback: 0.26453
Received=	0.068448
Feedback: 0.49504
Received=	0.04544
Feedback: 0.5217
Received=	0.36254
Feedback: 0.15431
Received=	0.61331
Feedback: 0.1
Received=	0.84793
Feedback: 0.1
Received=	0.83577
Feedback: 0.1
Received=	0.58719
Feedback: 0.1
Received=	0.69535
Feedback: 0.1
Received=	0.24148
Feedback: 0.29457
Received=	0.25643
Feedback: 0.27724
Received=	0.49607
Feedback: 0.1
Received=	0.63195
Feedback: 0.1
Received=	0.65736
Feedback: 0.1
Received=	0.47682
Feedback: 0.1
Received=	0.53684
Feedback: 0.1
Received=	0.50485
Feedback: 0.1
Received=	0.45659
Feedback: 0.1
Received=	0.54087
Feedback: 0.1
Received=	0.36219
Feedback: 0.1547
Received=	0.34011
Feedback: 0.1803
Received=	0.63576
Feedback: 0.1
Received=	0.62694
Feedback: 0.1
Received=	0.66749
Feedback: 0.1
Received=	0.15207
Feedback: 0.39815
Received=	0.0029459
Feedback: 0.57093
Received=	0.4671
Feedback: 0.1
Received=	0.65023
Feedback: 0.1
Received=	0.61591
Feedback: 0.1
Received=	0.78483
Feedback: 0.1
Calculated range:	[(-2.000000) - (2.000000)]
Success index = (2.323033)
Received=	0.68995
=====  12:53:56 - BASE  ============
Feedback: 0.66
Received=	0.57121
Feedback: 0.66
Received=	0.45769
Feedback: 0.66
Received=	0.21821
Feedback: 0.66
Received=	0.15306
Feedback: 0.66
Received=	-0.012732
Feedback: 0.66
Received=	-0.013558
Feedback: 0.66
Received=	0.12321
Feedback: 0.66
Received=	0.27512
Feedback: 0.66
Received=	0.4229
Feedback: 0.66
Received=	0.37777
Feedback: 0.66
Received=	0.42474
Feedback: 0.66
Received=	0.51064
Feedback: 0.66
Received=	0.36896
Feedback: 0.66
Received=	0.25561
Feedback: 0.66
Received=	0.24135
Feedback: 0.66
Received=	0.1266
Feedback: 0.66
Received=	0.048878
Feedback: 0.66
Received=	0.0075369
Feedback: 0.66
Received=	0.062511
Feedback: 0.66
Received=	0.07455
=====  12:54:56 - NF  ============
Feedback: 0.67432
Received=	-0.013268
Feedback: 0.77612
Received=	0.34322
Feedback: 0.36285
Received=	0.98206
Feedback: 0.1
Received=	0.94649
Feedback: 0.1
Received=	0.7572
Feedback: 0.1
Received=	0.64226
Feedback: 0.1
Received=	0.34177
Feedback: 0.36453
Received=	0.098948
Feedback: 0.64603
Received=	0.13179
Feedback: 0.60796
Received=	0.32673
Feedback: 0.38197
Received=	0.50597
Feedback: 0.17418
Received=	0.43206
Feedback: 0.25986
Received=	0.37194
Feedback: 0.32956
Received=	0.40833
Feedback: 0.28738
Received=	0.58378
Feedback: 0.1
Received=	0.58747
Feedback: 0.1
Received=	0.45388
Feedback: 0.23457
Received=	0.48664
Feedback: 0.19659
Received=	0.47101
Feedback: 0.2147
Received=	0.47814
Feedback: 0.20644
Received=	0.24988
Feedback: 0.47106
Received=	0.021498
Feedback: 0.73582
Received=	0.22898
Feedback: 0.49529
Received=	0.32962
Feedback: 0.37862
Received=	0.32315
Feedback: 0.38612
Received=	0.45704
Feedback: 0.23091
Received=	0.53704
Feedback: 0.13816
Received=	0.40607
Feedback: 0.28999
Received=	0.23594
Feedback: 0.48722
Received=	0.032687
Feedback: 0.72285
Received=	0.21217
Feedback: 0.51478
Received=	0.2833
Feedback: 0.43231
Received=	0.45224
Feedback: 0.23647
Received=	0.49012
Feedback: 0.19255
Received=	0.55623
Feedback: 0.11591
Received=	0.47438
Feedback: 0.2108
Received=	0.42093
Feedback: 0.27277
Received=	0.60184
Feedback: 0.1
Received=	0.70071
Feedback: 0.1
Received=	0.53834
Feedback: 0.13665
Received=	0.094324
Feedback: 0.65139
Received=	0.12435
Feedback: 0.61659
Received=	0.18096
Feedback: 0.55095
Received=	0.28571
Feedback: 0.42952
Received=	0.37815
Feedback: 0.32236
Received=	0.28425
Feedback: 0.43121
Received=	0.37958
Feedback: 0.32071
Received=	0.22666
Feedback: 0.49798
Received=	0.080709
Feedback: 0.66718
Received=	-0.090306
Feedback: 0.86543
Received=	0.10527
Feedback: 0.6387
Received=	0.25149
Feedback: 0.4692
Received=	0.53141
Feedback: 0.14468
Received=	0.26779
Feedback: 0.4503
Received=	0.49694
Feedback: 0.18464
Received=	0.49029
Feedback: 0.19236
Received=	0.50906
Feedback: 0.17059
Received=	0.62355
Feedback: 0.1
Received=	0.50593
Feedback: 0.17423
Calculated range:	[(-2.000000) - (2.000000)]
Success index = (0.735550)
Received=	0.47814
=====  12:57:56 - BASE  ============
Feedback: 0.66
Received=	0.47218
Feedback: 0.66
Received=	0.49436
Feedback: 0.66
Received=	0.54999
Feedback: 0.66
Received=	0.27961
Feedback: 0.66
Received=	0.0058228
Feedback: 0.66
Received=	0.10338
Feedback: 0.66
Received=	0.16557
Feedback: 0.66
Received=	0.18557
Feedback: 0.66
Received=	0.094607
Feedback: 0.66
Received=	0.19091
Feedback: 0.66
Received=	0.32473
Feedback: 0.66
Received=	0.18753
Feedback: 0.66
Received=	-0.12735
Feedback: 0.66
Received=	0.0092877
Feedback: 0.66
Received=	0.23085
Feedback: 0.66
Received=	0.099952
Feedback: 0.66
Received=	-0.026013
Feedback: 0.66
Received=	0.2226
Feedback: 0.66
Received=	0.08108
Feedback: 0.66
Received=	0.059315
=====  12:58:56 - NF  ============
Feedback: 0.63047
Received=	0.31777
Feedback: 0.32772
Received=	0.40352
Feedback: 0.22727
Received=	0.22071
Feedback: 0.44141
Received=	-0.07374
Feedback: 0.78632
Received=	0.031442
Feedback: 0.66312
Received=	0.21862
Feedback: 0.44386
Received=	0.489
Feedback: 0.12714
Received=	0.66144
Feedback: 0.1
Received=	0.84912
Feedback: 0.1
Received=	0.7814
Feedback: 0.1
Received=	0.62578
Feedback: 0.1
Received=	0.45188
Feedback: 0.17063
Received=	0.46414
Feedback: 0.15626
Received=	0.47368
Feedback: 0.14509
Received=	0.42987
Feedback: 0.1964
Received=	0.18923
Feedback: 0.47829
Received=	-0.029234
Feedback: 0.73419
Received=	-0.061201
Feedback: 0.77164
Received=	0.3857
Feedback: 0.24815
Received=	0.39959
Feedback: 0.23188
Received=	0.61666
Feedback: 0.1
Received=	0.22335
Feedback: 0.43832
Received=	0.26748
Feedback: 0.38663
Received=	0.62529
Feedback: 0.1
Received=	0.84891
Feedback: 0.1
Received=	0.45595
Feedback: 0.16585
Received=	0.68344
Feedback: 0.1
Received=	0.93671
Feedback: 0.1
Received=	0.61644
Feedback: 0.1
Received=	0.4727
Feedback: 0.14623
Received=	0.87623
Feedback: 0.1
Received=	0.79896
Feedback: 0.1
Received=	0.1997
Feedback: 0.46603
Received=	-0.046961
Feedback: 0.75496
Received=	0.22961
Feedback: 0.43099
Received=	0.30179
Feedback: 0.34643
Received=	0.48575
Feedback: 0.13095
Received=	0.70091
Feedback: 0.1
Received=	0.51859
Feedback: 0.1
Received=	0.24037
Feedback: 0.41838
Received=	-0.057499
Feedback: 0.7673
Received=	-0.42858
Feedback: 0.9
Received=	-0.51873
Feedback: 0.9
Received=	-0.11505
Feedback: 0.83471
Received=	-0.02196
Feedback: 0.72567
Received=	-0.15571
Feedback: 0.88234
Received=	0.035582
Feedback: 0.65827
Received=	0.15661
Feedback: 0.5165
Received=	-0.18748
Feedback: 0.9
Received=	-0.63724
Feedback: 0.9
Received=	-0.61899
Feedback: 0.9
Received=	0.2227
Feedback: 0.43908
Received=	0.45708
Feedback: 0.16453
Received=	0.20941
Feedback: 0.45464
Received=	0.16177
Feedback: 0.51045
Received=	0.1306
Feedback: 0.54697
Received=	0.19969
Feedback: 0.46603
Received=	0.086132
Feedback: 0.59905
Received=	-0.060243
Feedback: 0.77051
Calculated range:	[(-2.000000) - (2.000000)]
Success index = (0.312332)
Received=	0.0027717
=====  13:1:56 - BASE  ============
Feedback: 0.66
Received=	0.20062
Feedback: 0.66
Received=	0.33136
Feedback: 0.66
Received=	0.23578
Feedback: 0.66
Received=	-0.028361
Feedback: 0.66
Received=	-0.050336
Feedback: 0.66
Received=	0.11942
Feedback: 0.66
Received=	0.082227
Feedback: 0.66
Received=	0.087248
Feedback: 0.66
Received=	-0.097469
Feedback: 0.66
Received=	0.020492
Feedback: 0.66
Received=	-0.014765
Feedback: 0.66
Received=	-0.069778
Feedback: 0.66
Received=	-0.012134
Feedback: 0.66
Received=	-0.044294
Feedback: 0.66
Received=	-0.050712
Feedback: 0.66
Received=	-0.19339
Feedback: 0.66
Received=	-0.0934
Feedback: 0.66
Received=	-0.19492
Feedback: 0.66
Received=	-0.28052
Feedback: 0.66
Received=	0.13102
=====  13:2:56 - NF  ============
Feedback: 0.30494
Received=	0.65538
Feedback: 0.1
Received=	0.96963
Feedback: 0.1
Received=	0.7995
Feedback: 0.1
Received=	0.35782
Feedback: 0.1
Received=	0.062334
Feedback: 0.39727
Received=	0.065362
Feedback: 0.3932
Received=	0.23849
Feedback: 0.16047
Received=	0.25063
Feedback: 0.14414
Received=	0.41642
Feedback: 0.1
Received=	0.24147
Feedback: 0.15645
Received=	0.34069
Feedback: 0.1
Received=	0.25818
Feedback: 0.13399
Received=	0.0015374
Feedback: 0.479
Received=	0.028945
Feedback: 0.44215
Received=	0.30631
Feedback: 0.1
Received=	0.61187
Feedback: 0.1
Received=	0.42833
Feedback: 0.1
Received=	0.153
Feedback: 0.27539
Received=	0.19977
Feedback: 0.21252
Received=	0.36403
Feedback: 0.1
Received=	0.20421
Feedback: 0.20654
Received=	0.07091
Feedback: 0.38574
Received=	0.12405
Feedback: 0.31431
Received=	0.44525
Feedback: 0.1
Received=	0.27278
Feedback: 0.11436
Received=	0.24774
Feedback: 0.14803
Received=	0.44331
Feedback: 0.1
Received=	0.46655
Feedback: 0.1
Received=	0.18198
Feedback: 0.23643
Received=	-0.085341
Feedback: 0.59579
Received=	-0.13997
Feedback: 0.66923
Received=	-0.1334
Feedback: 0.66039
Received=	0.17657
Feedback: 0.2437
Received=	0.2006
Feedback: 0.21139
Received=	0.29535
Feedback: 0.1
Received=	0.14338
Feedback: 0.28832
Received=	0.044853
Feedback: 0.42077
Received=	0.18822
Feedback: 0.22804
Received=	0.10896
Feedback: 0.33458
Received=	0.090456
Feedback: 0.35946
Received=	0.13305
Feedback: 0.3022
Received=	0.076036
Feedback: 0.37885
Received=	-0.095636
Feedback: 0.60963
Received=	-0.37985
Feedback: 0.9
Received=	-0.21424
Feedback: 0.76906
Received=	0.36431
Feedback: 0.1
Received=	0.3982
Feedback: 0.1
Received=	0.019568
Feedback: 0.45476
Received=	-0.019673
Feedback: 0.50751
Received=	-0.021282
Feedback: 0.50967
Received=	0.22843
Feedback: 0.17398
Received=	0.32616
Feedback: 0.1
Received=	0.55353
Feedback: 0.1
Received=	0.67507
Feedback: 0.1
Received=	0.23097
Feedback: 0.17057
Received=	0.0030156
Feedback: 0.47701
Received=	0.0074784
Feedback: 0.47101
Received=	0.12453
Feedback: 0.31366
Received=	0.13324
Feedback: 0.30195
Calculated range:	[(-2.000000) - (2.000000)]
Success index = (1.026795)
closing...
