Direction=-1.000000	; step=1.000000;
Received=	0
Feedback: 0.66
Received=	0
Feedback: 0.66
Received=	0
Feedback: 0.66
Received=	0.11803
Feedback: 0.66
Received=	-0.057918
Feedback: 0.66
Received=	0.012228
Feedback: 0.66
Received=	-0.14097
Feedback: 0.66
Received=	-0.24239
Feedback: 0.66
Received=	-0.33825
Feedback: 0.66
Received=	-0.4117
Feedback: 0.66
Received=	-0.28113
Feedback: 0.66
Received=	-0.13029
Feedback: 0.66
Received=	-0.20989
Feedback: 0.66
Received=	-0.39194
Feedback: 0.66
Received=	-0.088479
Feedback: 0.66
Received=	-0.038192
Feedback: 0.66
Received=	-0.20111
Feedback: 0.66
Received=	-0.20524
Feedback: 0.66
Received=	-0.026696
Feedback: 0.66
Received=	-0.25752
Feedback: 0.66
Received=	-0.2777
=====  11:24:31 - NF  ============
Feedback: 0.65911
Received=	-0.14556
Feedback: 0.47951
Received=	-0.06111
Feedback: 0.36472
Received=	0.067696
Feedback: 0.18964
Received=	-0.26523
Feedback: 0.64216
Received=	-0.2627
Feedback: 0.63873
Received=	-0.11478
Feedback: 0.43766
Received=	-0.12683
Feedback: 0.45405
Received=	-0.028768
Feedback: 0.32076
Received=	-0.097888
Feedback: 0.41471
Received=	-0.022812
Feedback: 0.31266
Received=	0.37289
Feedback: 0.1
Received=	0.21154
Feedback: 0.1
Received=	-0.033885
Feedback: 0.32771
Received=	0.0081687
Feedback: 0.27055
Received=	0.0026754
Feedback: 0.27802
Received=	0.23192
Feedback: 0.1
Received=	-0.036643
Feedback: 0.33146
Received=	-0.1058
Feedback: 0.42546
Received=	-0.060356
Feedback: 0.36369
Received=	-0.16507
Feedback: 0.50603
Received=	-0.24235
Feedback: 0.61106
Received=	-0.20311
Feedback: 0.55773
Received=	-0.168
Feedback: 0.51001
Received=	-0.084425
Feedback: 0.39641
Received=	-0.087147
Feedback: 0.40011
Received=	-0.15391
Feedback: 0.49086
Received=	-0.11279
Feedback: 0.43497
Received=	-0.23626
Feedback: 0.6028
Received=	-0.2302
Feedback: 0.59456
Received=	-0.2616
Feedback: 0.63723
Received=	-0.24867
Feedback: 0.61966
Received=	0.17155
Feedback: 0.1
Received=	0.095047
Feedback: 0.15247
Received=	-0.028764
Feedback: 0.32075
Received=	0.047717
Feedback: 0.2168
Received=	0.28415
Feedback: 0.1
Received=	0.10438
Feedback: 0.13978
Received=	-0.04161
Feedback: 0.33821
Received=	-0.020688
Feedback: 0.30978
Received=	-0.063314
Feedback: 0.36772
Received=	-0.031816
Feedback: 0.3249
Received=	-0.03651
Feedback: 0.33128
Received=	-0.020359
Feedback: 0.30933
Received=	-0.19378
Feedback: 0.54505
Received=	-0.27842
Feedback: 0.6601
Received=	-0.10058
Feedback: 0.41837
Received=	-0.03311
Feedback: 0.32666
Received=	0.028462
Feedback: 0.24297
Received=	0.080556
Feedback: 0.17216
Received=	-0.029331
Feedback: 0.32153
Received=	-0.12206
Feedback: 0.44757
Received=	-0.28478
Feedback: 0.66875
Received=	-0.11345
Feedback: 0.43586
Received=	-0.13783
Feedback: 0.469
Received=	-0.36264
Feedback: 0.77457
Received=	-0.38809
Feedback: 0.80917
Received=	0.010271
Feedback: 0.2677
Received=	0.040401
Feedback: 0.22674
Received=	-0.17965
Feedback: 0.52584
Calculated range:	[(-2.000000) - (2.000000)]
Success index = (0.562792)
Received=	0.2182
=====  11:27:31 - BASE  ============
Feedback: 0.66
Received=	0.32347
Feedback: 0.66
Received=	0.21501
Feedback: 0.66
Received=	0.42579
Feedback: 0.66
Received=	0.21244
Feedback: 0.66
Received=	0.1944
Feedback: 0.66
Received=	-0.029306
Feedback: 0.66
Received=	-0.28235
Feedback: 0.66
Received=	-0.067361
Feedback: 0.66
Received=	-0.050296
Feedback: 0.66
Received=	-0.22307
Feedback: 0.66
Received=	-0.26864
Feedback: 0.66
Received=	-0.14857
Feedback: 0.66
Received=	0.33792
Feedback: 0.66
Received=	0.10764
Feedback: 0.66
Received=	-0.033798
Feedback: 0.66
Received=	0.072988
Feedback: 0.66
Received=	-0.08384
Feedback: 0.66
Received=	0.0047311
Feedback: 0.66
Received=	-0.14114
Feedback: 0.66
Received=	-0.1188
=====  11:28:31 - NF  ============
Feedback: 0.63055
Received=	-0.1942
Feedback: 0.70498
Received=	-0.12126
Feedback: 0.63299
Received=	0.035807
Feedback: 0.47796
Received=	0.081229
Feedback: 0.43313
Received=	-0.27987
Feedback: 0.78953
Received=	-0.22758
Feedback: 0.73792
Received=	-0.43426
Feedback: 0.9
Received=	-0.63879
Feedback: 0.9
Received=	-0.14
Feedback: 0.65148
Received=	-0.26957
Feedback: 0.77936
Received=	-0.21399
Feedback: 0.7245
Received=	-0.37943
Feedback: 0.88779
Received=	-0.1203
Feedback: 0.63203
Received=	-0.041854
Feedback: 0.55461
Received=	-0.050293
Feedback: 0.56294
Received=	-0.12203
Feedback: 0.63374
Received=	0.24131
Feedback: 0.27513
Received=	0.18447
Feedback: 0.33123
Received=	0.29461
Feedback: 0.22252
Received=	-0.14065
Feedback: 0.65212
Received=	-0.14647
Feedback: 0.65787
Received=	0.033664
Feedback: 0.48007
Received=	-0.062213
Feedback: 0.5747
Received=	0.014932
Feedback: 0.49856
Received=	0.0089372
Feedback: 0.50448
Received=	-0.052026
Feedback: 0.56465
Received=	0.08318
Feedback: 0.4312
Received=	-0.010638
Feedback: 0.5238
Received=	0.16709
Feedback: 0.34838
Received=	0.27957
Feedback: 0.23737
Received=	0.24355
Feedback: 0.27292
Received=	0.16017
Feedback: 0.35521
Received=	-0.038244
Feedback: 0.55105
Received=	-0.11809
Feedback: 0.62985
Received=	-0.055357
Feedback: 0.56794
Received=	0.032549
Feedback: 0.48117
Received=	-0.10101
Feedback: 0.61299
Received=	-0.2435
Feedback: 0.75363
Received=	-0.20193
Feedback: 0.7126
Received=	-0.25755
Feedback: 0.7675
Received=	-0.15083
Feedback: 0.66216
Received=	-0.1006
Feedback: 0.61259
Received=	0.10576
Feedback: 0.40892
Received=	0.15102
Feedback: 0.36424
Received=	0.080697
Feedback: 0.43365
Received=	0.2332
Feedback: 0.28313
Received=	0.25554
Feedback: 0.26108
Received=	0.025826
Feedback: 0.48781
Received=	0.26929
Feedback: 0.24752
Received=	0.17591
Feedback: 0.33968
Received=	-0.027835
Feedback: 0.54077
Received=	-0.012993
Feedback: 0.52612
Received=	0.093859
Feedback: 0.42066
Received=	-0.10246
Feedback: 0.61442
Received=	-0.19604
Feedback: 0.70679
Received=	-0.091206
Feedback: 0.60332
Received=	0.052282
Feedback: 0.4617
Received=	-0.076018
Feedback: 0.58833
Received=	-0.079988
Feedback: 0.59225
Calculated range:	[(-2.000000) - (2.000000)]
Success index = (-0.274688)
Received=	0.045438
=====  11:31:31 - BASE  ============
Feedback: 0.66
Received=	0.075548
Feedback: 0.66
Received=	0.20995
Feedback: 0.66
Received=	-0.090014
Feedback: 0.66
Received=	0.078772
Feedback: 0.66
Received=	0.33212
Feedback: 0.66
Received=	0.14311
Feedback: 0.66
Received=	-0.10209
Feedback: 0.66
Received=	-0.22981
Feedback: 0.66
Received=	0.17152
Feedback: 0.66
Received=	0.49516
Feedback: 0.66
Received=	0.28606
Feedback: 0.66
Received=	-0.29975
Feedback: 0.66
Received=	-0.30113
Feedback: 0.66
Received=	-0.043204
Feedback: 0.66
Received=	0.50645
Feedback: 0.66
Received=	0.70721
Feedback: 0.66
Received=	0.83959
Feedback: 0.66
Received=	1.15
Feedback: 0.66
Received=	1.8354
Feedback: 0.66
Received=	1.055
=====  11:32:31 - NF  ============
Feedback: 0.23138
Received=	0.38152
Feedback: 0.47621
Received=	0.088709
Feedback: 0.58265
Received=	0.17392
Feedback: 0.55168
Received=	0.17682
Feedback: 0.55062
Received=	0.4629
Feedback: 0.44662
Received=	0.35537
Feedback: 0.48571
Received=	0.20828
Feedback: 0.53918
Received=	0.25116
Feedback: 0.5236
Received=	0.33609
Feedback: 0.49272
Received=	0.37812
Feedback: 0.47744
Received=	-0.10229
Feedback: 0.65208
Received=	-0.19
Feedback: 0.68397
Received=	-0.40847
Feedback: 0.76339
Received=	-0.46163
Feedback: 0.78272
Received=	-0.093285
Feedback: 0.64881
Received=	-0.059463
Feedback: 0.63652
Received=	0.0031089
Feedback: 0.61377
Received=	0.10235
Feedback: 0.57769
Received=	0.066983
Feedback: 0.59055
Received=	0.12786
Feedback: 0.56842
Received=	0.21698
Feedback: 0.53602
Received=	0.0086677
Feedback: 0.61175
Received=	0.075095
Feedback: 0.5876
Received=	-0.046467
Feedback: 0.63179
Received=	0.058691
Feedback: 0.59357
Received=	0.070323
Feedback: 0.58934
Received=	-0.24184
Feedback: 0.70282
Received=	-0.36903
Feedback: 0.74905
Received=	-0.22835
Feedback: 0.69791
Received=	0.08929
Feedback: 0.58244
Received=	0.24642
Feedback: 0.52532
Received=	0.045749
Feedback: 0.59827
Received=	0.030771
Feedback: 0.60372
Received=	-0.041638
Feedback: 0.63004
Received=	0.086165
Feedback: 0.58358
Received=	0.066057
Feedback: 0.59089
Received=	0.43395
Feedback: 0.45715
Received=	0.18114
Feedback: 0.54905
Received=	-0.16136
Feedback: 0.67356
Received=	-0.087696
Feedback: 0.64678
Received=	0.088236
Feedback: 0.58283
Received=	0.15524
Feedback: 0.55847
Received=	-0.18404
Feedback: 0.68181
Received=	-0.14056
Feedback: 0.666
Received=	0.008756
Feedback: 0.61172
Received=	0.077423
Feedback: 0.58676
Received=	0.30489
Feedback: 0.50407
Received=	0.16426
Feedback: 0.55519
Received=	-0.10032
Feedback: 0.65137
Received=	-0.55667
Feedback: 0.81726
Received=	-0.53497
Feedback: 0.80938
Received=	-0.48154
Feedback: 0.78995
Received=	-0.081011
Feedback: 0.64435
Received=	0.11334
Feedback: 0.5737
Received=	-0.16096
Feedback: 0.67341
Received=	-0.19663
Feedback: 0.68638
Received=	-0.31059
Feedback: 0.72781
Received=	0.04977
Feedback: 0.59681
Received=	0.22693
Feedback: 0.5324
Calculated range:	[(-2.000000) - (2.000000)]
Success index = (-0.853273)
Received=	-0.16949
=====  11:35:31 - BASE  ============
Feedback: 0.66
Received=	0.030761
Feedback: 0.66
Received=	0.33338
Feedback: 0.66
Received=	0.21742
Feedback: 0.66
Received=	-0.017927
Feedback: 0.66
Received=	0.056464
Feedback: 0.66
Received=	0.062313
Feedback: 0.66
Received=	-0.0051484
Feedback: 0.66
Received=	0.17992
Feedback: 0.66
Received=	0.13791
Feedback: 0.66
Received=	-0.087851
Feedback: 0.66
Received=	-0.28286
Feedback: 0.66
Received=	-0.3072
Feedback: 0.66
Received=	-0.25217
Feedback: 0.66
Received=	-0.37523
Feedback: 0.66
Received=	-0.53238
Feedback: 0.66
Received=	-0.71855
Feedback: 0.66
Received=	-0.5952
Feedback: 0.66
Received=	-0.60319
Feedback: 0.66
Received=	-0.44693
Feedback: 0.66
Received=	-0.33771
=====  11:36:31 - NF  ============
Feedback: 0.59871
Received=	0.15712
Feedback: 0.2893
Received=	0.21682
Feedback: 0.25196
Received=	-0.24767
Feedback: 0.54241
Received=	-0.19868
Feedback: 0.51177
Received=	-0.028257
Feedback: 0.40521
Received=	-0.26512
Feedback: 0.55332
Received=	-0.41505
Feedback: 0.64707
Received=	-0.62887
Feedback: 0.78078
Received=	-0.39482
Feedback: 0.63442
Received=	-0.21647
Feedback: 0.5229
Received=	-0.21984
Feedback: 0.52501
Received=	-0.20194
Feedback: 0.51381
Received=	-0.49962
Feedback: 0.69996
Received=	-0.50601
Feedback: 0.70395
Received=	-0.1367
Feedback: 0.47302
Received=	0.41286
Feedback: 0.12938
Received=	0.10228
Feedback: 0.32358
Received=	-0.36928
Feedback: 0.61845
Received=	-0.34078
Feedback: 0.60063
Received=	-0.22699
Feedback: 0.52948
Received=	-0.15634
Feedback: 0.4853
Received=	-0.22299
Feedback: 0.52698
Received=	-0.3325
Feedback: 0.59545
Received=	-0.28783
Feedback: 0.56752
Received=	-0.35767
Feedback: 0.61119
Received=	-0.2506
Feedback: 0.54424
Received=	-0.11664
Feedback: 0.46047
Received=	-0.0026291
Feedback: 0.38919
Received=	-0.27993
Feedback: 0.56258
Received=	-0.36998
Feedback: 0.61889
Received=	-0.15457
Feedback: 0.48419
Received=	0.097687
Feedback: 0.32646
Received=	-0.090093
Feedback: 0.44388
Received=	-0.28361
Feedback: 0.56488
Received=	-0.28383
Feedback: 0.56502
Received=	-0.10206
Feedback: 0.45136
Received=	0.096054
Feedback: 0.32748
Received=	0.040008
Feedback: 0.36252
Received=	0.21936
Feedback: 0.25037
Received=	0.072127
Feedback: 0.34244
Received=	-0.037879
Feedback: 0.41123
Received=	0.11762
Feedback: 0.31399
Received=	0.15414
Feedback: 0.29116
Received=	0.26299
Feedback: 0.22309
Received=	0.071137
Feedback: 0.34306
Received=	0.14439
Feedback: 0.29725
Received=	-0.015049
Feedback: 0.39695
Received=	-0.29234
Feedback: 0.57034
Received=	-0.093283
Feedback: 0.44587
Received=	0.031791
Feedback: 0.36766
Received=	-0.11893
Feedback: 0.46191
Received=	-0.32418
Feedback: 0.59025
Received=	-0.23011
Feedback: 0.53143
Received=	-0.034814
Feedback: 0.40931
Received=	0.041978
Feedback: 0.36129
Received=	0.097021
Feedback: 0.32687
Received=	-0.24067
Feedback: 0.53803
Received=	-0.29061
Feedback: 0.56926
Received=	-0.24208
Feedback: 0.53892
Calculated range:	[(-2.000000) - (2.000000)]
Success index = (0.187234)
Received=	-0.1393
=====  11:39:31 - BASE  ============
Feedback: 0.66
Received=	-0.11345
Feedback: 0.66
Received=	-0.49629
Feedback: 0.66
Received=	-0.45147
Feedback: 0.66
Received=	-0.25015
Feedback: 0.66
Received=	-0.15664
Feedback: 0.66
Received=	-0.11073
Feedback: 0.66
Received=	0.13298
Feedback: 0.66
Received=	0.28462
Feedback: 0.66
Received=	-0.092916
Feedback: 0.66
Received=	-0.36167
Feedback: 0.66
Received=	-0.10995
Feedback: 0.66
Received=	-0.23528
Feedback: 0.66
Received=	-0.52192
Feedback: 0.66
Received=	-0.55047
Feedback: 0.66
Received=	-0.56961
Feedback: 0.66
Received=	-0.1312
Feedback: 0.66
Received=	-0.089595
Feedback: 0.66
Received=	-0.52813
Feedback: 0.66
Received=	-0.52909
Feedback: 0.66
Received=	-0.36324
=====  11:40:31 - NF  ============
Feedback: 0.57819
Received=	-0.42343
Feedback: 0.62604
Received=	-0.16127
Feedback: 0.41766
Received=	-0.27605
Feedback: 0.50889
Received=	-0.21025
Feedback: 0.45659
Received=	-0.13743
Feedback: 0.39871
Received=	-0.13047
Feedback: 0.39318
Received=	-0.19485
Feedback: 0.44435
Received=	-0.087816
Feedback: 0.35928
Received=	-0.072976
Feedback: 0.34748
Received=	-0.14935
Feedback: 0.40819
Received=	-0.32939
Feedback: 0.55129
Received=	-0.20861
Feedback: 0.45529
Received=	-0.28278
Feedback: 0.51424
Received=	-0.28358
Feedback: 0.51488
Received=	-0.21647
Feedback: 0.46154
Received=	-0.24089
Feedback: 0.48095
Received=	-0.10674
Feedback: 0.37432
Received=	-0.025018
Feedback: 0.30936
Received=	-0.095771
Feedback: 0.3656
Received=	-0.16409
Feedback: 0.4199
Received=	-0.12383
Feedback: 0.3879
Received=	-0.044235
Feedback: 0.32464
Received=	-0.056568
Feedback: 0.33444
Received=	-0.20995
Feedback: 0.45636
Received=	-0.32921
Feedback: 0.55115
Received=	-0.29449
Feedback: 0.52355
Received=	-0.30094
Feedback: 0.52868
Received=	-0.070809
Feedback: 0.34576
Received=	0.43042
Feedback: 0.1
Received=	0.20512
Feedback: 0.12644
Received=	-0.20046
Feedback: 0.44881
Received=	-0.40601
Feedback: 0.61219
Received=	-0.31704
Feedback: 0.54147
Received=	-0.16542
Feedback: 0.42096
Received=	-0.0046167
Feedback: 0.29314
Received=	0.011896
Feedback: 0.28002
Received=	-0.18952
Feedback: 0.44011
Received=	-0.25939
Feedback: 0.49565
Received=	0.094316
Feedback: 0.21451
Received=	-0.068172
Feedback: 0.34366
Received=	-0.29042
Feedback: 0.52031
Received=	-0.32116
Feedback: 0.54475
Received=	-0.52258
Feedback: 0.70485
Received=	-0.31427
Feedback: 0.53927
Received=	-0.14954
Feedback: 0.40834
Received=	-0.17538
Feedback: 0.42887
Received=	-0.04685
Feedback: 0.32671
Received=	-0.27223
Feedback: 0.50585
Received=	-0.37984
Feedback: 0.59139
Received=	-0.14213
Feedback: 0.40245
Received=	-0.012055
Feedback: 0.29906
Received=	-0.19596
Feedback: 0.44524
Received=	-0.31419
Feedback: 0.53921
Received=	-0.15802
Feedback: 0.41508
Received=	-0.060926
Feedback: 0.3379
Received=	-0.015516
Feedback: 0.30181
Received=	0.12851
Feedback: 0.18733
Received=	-0.034593
Feedback: 0.31697
Received=	-0.1724
Feedback: 0.42651
Calculated range:	[(-2.000000) - (2.000000)]
Success index = (0.552374)
closing...
