Direction=-1.000000	; step=1.000000;
Received=	0
Feedback: 0.66
Received=	0
Feedback: 0.66
Received=	0
Feedback: 0.66
Received=	-1.7837
Feedback: 0.66
Received=	-0.92292
Feedback: 0.66
Received=	-0.60546
Feedback: 0.66
Received=	-1.016
Feedback: 0.66
Received=	-0.70331
Feedback: 0.66
Received=	-0.33315
Feedback: 0.66
Received=	-0.62547
Feedback: 0.66
Received=	-0.53236
Feedback: 0.66
Received=	-0.82903
Feedback: 0.66
Received=	-0.73021
Feedback: 0.66
Received=	-0.84496
Feedback: 0.66
Received=	-0.66087
Feedback: 0.66
Received=	-0.72505
Feedback: 0.66
Received=	-0.97534
Feedback: 0.66
Received=	-1.0506
Feedback: 0.66
Received=	-1.0465
Feedback: 0.66
Received=	-0.97001
Feedback: 0.66
Received=	-0.72069
=====  9:50:35 - NF  ============
Feedback: 0.4578
Received=	-0.61912
Feedback: 0.40199
Received=	-0.66117
Feedback: 0.42509
Received=	-0.6682
Feedback: 0.42896
Received=	-0.85515
Feedback: 0.53167
Received=	-0.85016
Feedback: 0.52893
Received=	-0.87116
Feedback: 0.54047
Received=	-0.97623
Feedback: 0.5982
Received=	-1.0158
Feedback: 0.61995
Received=	-1.1378
Feedback: 0.68699
Received=	-1.0153
Feedback: 0.61969
Received=	-1.0528
Feedback: 0.64027
Received=	-1.0731
Feedback: 0.65143
Received=	-0.95072
Feedback: 0.58418
Received=	-0.66022
Feedback: 0.42457
Received=	-0.66726
Feedback: 0.42844
Received=	-0.67024
Feedback: 0.43008
Received=	-0.47719
Feedback: 0.32401
Received=	-0.5583
Feedback: 0.36857
Received=	-0.81637
Feedback: 0.51037
Received=	-1.058
Feedback: 0.64315
Received=	-0.88809
Feedback: 0.54977
Received=	-0.7619
Feedback: 0.48044
Received=	-0.78095
Feedback: 0.49091
Received=	-0.78743
Feedback: 0.49447
Received=	-0.68613
Feedback: 0.43881
Received=	-0.79394
Feedback: 0.49804
Received=	-0.82952
Feedback: 0.51759
Received=	-0.78585
Feedback: 0.4936
Received=	-0.70225
Feedback: 0.44766
Received=	-0.80234
Feedback: 0.50266
Received=	-1.0348
Feedback: 0.63037
Received=	-0.76212
Feedback: 0.48056
Received=	-0.43489
Feedback: 0.30077
Received=	-0.50603
Feedback: 0.33986
Received=	-0.74059
Feedback: 0.46873
Received=	-0.76917
Feedback: 0.48444
Received=	-0.76209
Feedback: 0.48054
Received=	-0.74794
Feedback: 0.47277
Received=	-0.57201
Feedback: 0.3761
Received=	-0.66455
Feedback: 0.42695
Received=	-0.75651
Feedback: 0.47748
Received=	-0.6697
Feedback: 0.42978
Received=	-0.69763
Feedback: 0.44513
Received=	-0.78141
Feedback: 0.49116
Received=	-1.0432
Feedback: 0.635
Received=	-1.0594
Feedback: 0.64392
Received=	-0.91424
Feedback: 0.56414
Received=	-0.54541
Feedback: 0.36149
Received=	-0.67074
Feedback: 0.43035
Received=	-0.77816
Feedback: 0.48937
Received=	-0.76695
Feedback: 0.48321
Received=	-0.88246
Feedback: 0.54668
Received=	-0.95445
Feedback: 0.58623
Received=	-0.80811
Feedback: 0.50583
Received=	-0.72434
Feedback: 0.4598
Received=	-0.72505
Feedback: 0.46019
Received=	-0.80992
Feedback: 0.50682
Received=	-0.43352
Feedback: 0.30001
Received=	-0.73567
Feedback: 0.46603
Calculated range:	[(-2.000000) - (2.000000)]
Success index = (0.072019)
Received=	-0.7813
=====  9:53:35 - BASE  ============
Feedback: 0.66
Received=	-0.56134
Feedback: 0.66
Received=	-0.43833
Feedback: 0.66
Received=	-0.32627
Feedback: 0.66
Received=	-0.63667
Feedback: 0.66
Received=	-0.46818
Feedback: 0.66
Received=	-0.3833
Feedback: 0.66
Received=	-0.64617
Feedback: 0.66
Received=	-0.46838
Feedback: 0.66
Received=	-0.52489
Feedback: 0.66
Received=	-0.84009
Feedback: 0.66
Received=	-0.95274
Feedback: 0.66
Received=	-0.85487
Feedback: 0.66
Received=	-0.87256
Feedback: 0.66
Received=	-0.86011
Feedback: 0.66
Received=	-0.77635
Feedback: 0.66
Received=	-0.69667
Feedback: 0.66
Received=	-1.0279
Feedback: 0.66
Received=	-1.2229
Feedback: 0.66
Received=	-1.3022
Feedback: 0.66
Received=	-1.0742
=====  9:54:35 - NF  ============
Feedback: 0.73905
Received=	-0.8315
Feedback: 0.56606
Received=	-0.72514
Feedback: 0.49026
Received=	-0.73492
Feedback: 0.49723
Received=	-0.78789
Feedback: 0.53498
Received=	-0.76883
Feedback: 0.5214
Received=	-0.64875
Feedback: 0.43581
Received=	-0.40385
Feedback: 0.26126
Received=	-0.47394
Feedback: 0.31122
Received=	-0.67086
Feedback: 0.45157
Received=	-0.71104
Feedback: 0.48021
Received=	-0.60383
Feedback: 0.40379
Received=	-0.68021
Feedback: 0.45823
Received=	-0.68629
Feedback: 0.46257
Received=	-0.73131
Feedback: 0.49465
Received=	-0.5723
Feedback: 0.38133
Received=	-0.27016
Feedback: 0.16597
Received=	-0.47946
Feedback: 0.31515
Received=	-0.51258
Feedback: 0.33876
Received=	-0.75989
Feedback: 0.51502
Received=	-0.71968
Feedback: 0.48636
Received=	-0.68021
Feedback: 0.45823
Received=	-0.82203
Feedback: 0.55931
Received=	-0.75235
Feedback: 0.50965
Received=	-0.74451
Feedback: 0.50406
Received=	-0.75394
Feedback: 0.51079
Received=	-0.64505
Feedback: 0.43318
Received=	-0.5833
Feedback: 0.38917
Received=	-0.6821
Feedback: 0.45958
Received=	-0.49115
Feedback: 0.32349
Received=	-0.49697
Feedback: 0.32763
Received=	-0.45092
Feedback: 0.29481
Received=	-0.59964
Feedback: 0.40081
Received=	-0.82877
Feedback: 0.56412
Received=	-0.97554
Feedback: 0.66873
Received=	-0.85551
Feedback: 0.58318
Received=	-0.74106
Feedback: 0.50161
Received=	-0.4365
Feedback: 0.28454
Received=	-0.15643
Feedback: 0.1
Received=	-0.61344
Feedback: 0.41064
Received=	-0.75394
Feedback: 0.51079
Received=	-0.6589
Feedback: 0.44304
Received=	-0.47817
Feedback: 0.31424
Received=	-0.53845
Feedback: 0.3572
Received=	-0.66244
Feedback: 0.44557
Received=	-0.664
Feedback: 0.44668
Received=	-0.3146
Feedback: 0.19765
Received=	-0.41219
Feedback: 0.26721
Received=	-0.5089
Feedback: 0.33614
Received=	-0.34231
Feedback: 0.2174
Received=	-0.48421
Feedback: 0.31854
Received=	-0.58478
Feedback: 0.39021
Received=	-0.77043
Feedback: 0.52254
Received=	-0.77528
Feedback: 0.526
Received=	-0.75506
Feedback: 0.51159
Received=	-0.5979
Feedback: 0.39957
Received=	-0.54039
Feedback: 0.35858
Received=	-0.49183
Feedback: 0.32397
Received=	-0.58696
Feedback: 0.39177
Received=	-0.78189
Feedback: 0.5307
Calculated range:	[(-2.000000) - (2.000000)]
Success index = (0.555771)
Received=	-0.84323
=====  9:57:35 - BASE  ============
Feedback: 0.66
Received=	-0.77579
Feedback: 0.66
Received=	-0.74965
Feedback: 0.66
Received=	-0.57461
Feedback: 0.66
Received=	-0.68706
Feedback: 0.66
Received=	-0.55047
Feedback: 0.66
Received=	-0.68421
Feedback: 0.66
Received=	-0.73587
Feedback: 0.66
Received=	-0.57375
Feedback: 0.66
Received=	-0.73373
Feedback: 0.66
Received=	-0.87305
Feedback: 0.66
Received=	-0.77602
Feedback: 0.66
Received=	-0.40223
Feedback: 0.66
Received=	-0.59232
Feedback: 0.66
Received=	-0.78131
Feedback: 0.66
Received=	-1.0118
Feedback: 0.66
Received=	-0.91737
Feedback: 0.66
Received=	-0.99444
Feedback: 0.66
Received=	-0.88456
Feedback: 0.66
Received=	-0.85327
Feedback: 0.66
Received=	-0.81609
=====  9:58:35 - NF  ============
Feedback: 0.58902
Received=	-0.64402
Feedback: 0.37918
Received=	-0.61397
Feedback: 0.34253
Received=	-0.46387
Feedback: 0.15948
Received=	-0.68256
Feedback: 0.42617
Received=	-1.0812
Feedback: 0.9
Received=	-0.90533
Feedback: 0.69785
Received=	-0.76342
Feedback: 0.52479
Received=	-0.75028
Feedback: 0.50876
Received=	-0.69664
Feedback: 0.44335
Received=	-0.6267
Feedback: 0.35805
Received=	-0.52182
Feedback: 0.23015
Received=	-0.81273
Feedback: 0.58492
Received=	-0.82583
Feedback: 0.60089
Received=	-0.63129
Feedback: 0.36364
Received=	-0.78949
Feedback: 0.55658
Received=	-1.1124
Feedback: 0.9
Received=	-1.1653
Feedback: 0.9
Received=	-1.0078
Feedback: 0.82281
Received=	-1.0684
Feedback: 0.89677
Received=	-0.85624
Feedback: 0.63798
Received=	-0.92371
Feedback: 0.72026
Received=	-0.7943
Feedback: 0.56245
Received=	-0.74802
Feedback: 0.50601
Received=	-0.9069
Feedback: 0.69976
Received=	-0.76058
Feedback: 0.52132
Received=	-0.70146
Feedback: 0.44923
Received=	-0.63458
Feedback: 0.36766
Received=	-0.50278
Feedback: 0.20693
Received=	-0.56793
Feedback: 0.28637
Received=	-0.72739
Feedback: 0.48084
Received=	-0.74948
Feedback: 0.50778
Received=	-0.77915
Feedback: 0.54397
Received=	-0.72548
Feedback: 0.47852
Received=	-0.89714
Feedback: 0.68787
Received=	-1.047
Feedback: 0.87062
Received=	-1.0342
Feedback: 0.85499
Received=	-1.0027
Feedback: 0.81656
Received=	-0.92459
Feedback: 0.72134
Received=	-0.73596
Feedback: 0.49129
Received=	-0.79998
Feedback: 0.56938
Received=	-0.99525
Feedback: 0.80751
Received=	-0.96999
Feedback: 0.77671
Received=	-1.1745
Feedback: 0.9
Received=	-1.0379
Feedback: 0.85952
Received=	-0.95406
Feedback: 0.75728
Received=	-0.8821
Feedback: 0.66952
Received=	-0.79075
Feedback: 0.55812
Received=	-0.87694
Feedback: 0.66323
Received=	-0.97719
Feedback: 0.78548
Received=	-0.8224
Feedback: 0.59671
Received=	-0.82554
Feedback: 0.60054
Received=	-1.059
Feedback: 0.88528
Received=	-0.98098
Feedback: 0.79011
Received=	-1.1293
Feedback: 0.9
Received=	-1.3645
Feedback: 0.9
Received=	-1.421
Feedback: 0.9
Received=	-1.0884
Feedback: 0.9
Received=	-1.055
Feedback: 0.88043
Received=	-1.4739
Feedback: 0.9
Calculated range:	[(-2.000000) - (2.000000)]
Success index = (-0.669326)
Received=	-1.5962
=====  10:1:35 - BASE  ============
Feedback: 0.66
Received=	-1.4886
Feedback: 0.66
Received=	-1.4382
Feedback: 0.66
Received=	-1.3453
Feedback: 0.66
Received=	-1.3343
Feedback: 0.66
Received=	-1.1565
Feedback: 0.66
Received=	-0.92167
Feedback: 0.66
Received=	-0.78044
Feedback: 0.66
Received=	-1.1497
Feedback: 0.66
Received=	-1.2722
Feedback: 0.66
Received=	-0.98358
Feedback: 0.66
Received=	-0.86416
Feedback: 0.66
Received=	-0.99101
Feedback: 0.66
Received=	-1.2502
Feedback: 0.66
Received=	-1.5472
Feedback: 0.66
Received=	-1.5118
Feedback: 0.66
Received=	-1.4458
Feedback: 0.66
Received=	-1.4096
Feedback: 0.66
Received=	-1.5171
Feedback: 0.66
Received=	-1.6405
Feedback: 0.66
Received=	-1.7479
=====  10:2:35 - NF  ============
Feedback: 0.88359
Received=	-1.7044
Feedback: 0.84984
Received=	-1.9819
Feedback: 0.9
Received=	-1.9481
Feedback: 0.9
Received=	-1.5286
Feedback: 0.71355
Received=	-1.5789
Feedback: 0.75255
Received=	-1.5689
Feedback: 0.74479
Received=	-1.3923
Feedback: 0.60782
Received=	-1.1534
Feedback: 0.4225
Received=	-1.231
Feedback: 0.48267
Received=	-0.99693
Feedback: 0.30116
Received=	-1.049
Feedback: 0.34154
Received=	-0.91281
Feedback: 0.23592
Received=	-0.96806
Feedback: 0.27877
Received=	-0.98467
Feedback: 0.29166
Received=	-1.0117
Feedback: 0.31259
Received=	-1.0279
Feedback: 0.32521
Received=	-0.98527
Feedback: 0.29212
Received=	-1.1114
Feedback: 0.38991
Received=	-1.208
Feedback: 0.4649
Received=	-1.2196
Feedback: 0.47385
Received=	-1.0761
Feedback: 0.36259
Received=	-1.1748
Feedback: 0.4391
Received=	-1.1824
Feedback: 0.44504
Received=	-1.1378
Feedback: 0.41043
Received=	-1.0436
Feedback: 0.33733
Received=	-1.0487
Feedback: 0.34133
Received=	-1.0043
Feedback: 0.30688
Received=	-1.1045
Feedback: 0.3846
Received=	-1.1479
Feedback: 0.41827
Received=	-1.1598
Feedback: 0.4275
Received=	-1.1184
Feedback: 0.39534
Received=	-1.0741
Feedback: 0.36104
Received=	-0.92317
Feedback: 0.24396
Received=	-0.62247
Feedback: 0.1
Received=	-0.6589
Feedback: 0.1
Received=	-1.0677
Feedback: 0.35607
Received=	-1.0125
Feedback: 0.31324
Received=	-0.84621
Feedback: 0.18426
Received=	-1.2296
Feedback: 0.48165
Received=	-1.1746
Feedback: 0.43893
Received=	-1.2305
Feedback: 0.48229
Received=	-1.1935
Feedback: 0.45359
Received=	-1.1997
Feedback: 0.45844
Received=	-1.1404
Feedback: 0.41246
Received=	-1.1033
Feedback: 0.38367
Received=	-1.021
Feedback: 0.31981
Received=	-0.87783
Feedback: 0.20879
Received=	-0.88936
Feedback: 0.21773
Received=	-0.75333
Feedback: 0.11222
Received=	-0.60844
Feedback: 0.1
Received=	-0.73447
Feedback: 0.1
Received=	-0.77741
Feedback: 0.1309
Received=	-0.80228
Feedback: 0.15019
Received=	-0.94349
Feedback: 0.25971
Received=	-0.9581
Feedback: 0.27105
Received=	-0.69129
Feedback: 0.1
Received=	-0.62189
Feedback: 0.1
Received=	-0.86811
Feedback: 0.20125
Received=	-0.82031
Feedback: 0.16418
Calculated range:	[(-2.000000) - (2.000000)]
Success index = (0.573134)
Received=	-0.61879
=====  10:5:35 - BASE  ============
Feedback: 0.66
Received=	-0.82583
Feedback: 0.66
Received=	-0.65095
Feedback: 0.66
Received=	-0.54
Feedback: 0.66
Received=	-0.25712
Feedback: 0.66
Received=	-0.68223
Feedback: 0.66
Received=	-0.89076
Feedback: 0.66
Received=	-0.60963
Feedback: 0.66
Received=	-0.74516
Feedback: 0.66
Received=	-0.7981
Feedback: 0.66
Received=	-0.88374
Feedback: 0.66
Received=	-0.90211
Feedback: 0.66
Received=	-0.94523
Feedback: 0.66
Received=	-0.6787
Feedback: 0.66
Received=	-0.74954
Feedback: 0.66
Received=	-0.85897
Feedback: 0.66
Received=	-0.44418
Feedback: 0.66
Received=	-0.42095
Feedback: 0.66
Received=	-0.65349
Feedback: 0.66
Received=	-0.5998
Feedback: 0.66
Received=	-0.48177
=====  10:6:35 - NF  ============
Feedback: 0.28379
Received=	-0.48861
Feedback: 0.29111
Received=	-0.13669
Feedback: 0.1
Received=	-0.2981
Feedback: 0.1
Received=	-0.48781
Feedback: 0.29025
Received=	-0.39261
Feedback: 0.18844
Received=	-0.51347
Feedback: 0.3177
Received=	-0.71876
Feedback: 0.53726
Received=	-0.57906
Feedback: 0.38784
Received=	-0.50725
Feedback: 0.31105
Received=	-0.70824
Feedback: 0.526
Received=	-0.62578
Feedback: 0.43782
Received=	-0.57891
Feedback: 0.38769
Received=	-0.64224
Feedback: 0.45542
Received=	-0.46217
Feedback: 0.26283
Received=	-0.71137
Feedback: 0.52936
Received=	-1.2765
Feedback: 0.9
Received=	-1.384
Feedback: 0.9
Received=	-1.2844
Feedback: 0.9
Received=	-1.2485
Feedback: 0.9
Received=	-1.1428
Feedback: 0.9
Received=	-1.0416
Feedback: 0.88249
Received=	-0.9563
Feedback: 0.79131
Received=	-0.75107
Feedback: 0.57181
Received=	-0.63548
Feedback: 0.44819
Received=	-0.28984
Feedback: 0.1
Received=	-0.42762
Feedback: 0.22587
Received=	-0.44165
Feedback: 0.24089
Received=	-0.57915
Feedback: 0.38794
Received=	-0.55761
Feedback: 0.3649
Received=	-0.53645
Feedback: 0.34227
Received=	-0.62621
Feedback: 0.43827
Received=	-0.66678
Feedback: 0.48167
Received=	-0.56906
Feedback: 0.37715
Received=	-0.52114
Feedback: 0.3259
Received=	-0.37026
Feedback: 0.16453
Received=	-0.32453
Feedback: 0.11562
Received=	-0.46918
Feedback: 0.27033
Received=	-0.2976
Feedback: 0.1
Received=	-0.20762
Feedback: 0.1
Received=	-0.21787
Feedback: 0.1
Received=	-0.33562
Feedback: 0.12748
Received=	-0.35557
Feedback: 0.14882
Received=	-0.57744
Feedback: 0.38611
Received=	-0.64628
Feedback: 0.45974
Received=	-0.57993
Feedback: 0.38878
Received=	-0.55191
Feedback: 0.35881
Received=	-0.65427
Feedback: 0.46829
Received=	-0.52849
Feedback: 0.33376
Received=	-0.40232
Feedback: 0.19881
Received=	-0.33044
Feedback: 0.12194
Received=	-0.47883
Feedback: 0.28064
Received=	-0.371
Feedback: 0.16532
Received=	-0.4624
Feedback: 0.26307
Received=	-0.52476
Feedback: 0.32977
Received=	-0.35775
Feedback: 0.15115
Received=	-0.17687
Feedback: 0.1
Received=	-0.72497
Feedback: 0.5439
Received=	-0.74105
Feedback: 0.5611
Received=	-0.64712
Feedback: 0.46064
Calculated range:	[(-2.000000) - (2.000000)]
Success index = (0.424864)
closing...
