Direction=-1.000000	; step=1.000000;
Received=	0
Feedback: 0.66
Received=	0
Feedback: 0.66
Received=	0
Feedback: 0.66
Received=	0.018486
Feedback: 0.66
Received=	-0.1073
Feedback: 0.66
Received=	-0.28897
Feedback: 0.66
Received=	0.041897
Feedback: 0.66
Received=	0.2029
Feedback: 0.66
Received=	-0.2982
Feedback: 0.66
Received=	-0.22023
Feedback: 0.66
Received=	-0.026274
Feedback: 0.66
Received=	0.63328
Feedback: 0.66
Received=	0.52199
Feedback: 0.66
Received=	-0.048805
Feedback: 0.66
Received=	-0.17639
Feedback: 0.66
Received=	-0.13078
Feedback: 0.66
Received=	-0.24365
Feedback: 0.66
Received=	-0.39525
Feedback: 0.66
Received=	-0.408
Feedback: 0.66
Received=	-0.2948
Feedback: 0.66
Received=	-0.23116
=====  11:49:34 - NF  ============
Feedback: 0.61441
Received=	-0.061957
Feedback: 0.49592
Received=	-0.35531
Feedback: 0.70134
Received=	-0.25043
Feedback: 0.6279
Received=	-0.21583
Feedback: 0.60367
Received=	-0.10972
Feedback: 0.52937
Received=	-0.21537
Feedback: 0.60334
Received=	-0.2199
Feedback: 0.60652
Received=	-0.21841
Feedback: 0.60548
Received=	-0.00085048
Feedback: 0.45313
Received=	0.55774
Feedback: 0.1
Received=	0.5101
Feedback: 0.1
Received=	-0.28415
Feedback: 0.65151
Received=	-0.57615
Feedback: 0.85598
Received=	-0.49829
Feedback: 0.80146
Received=	-0.29773
Feedback: 0.66102
Received=	-0.035886
Feedback: 0.47766
Received=	-0.16679
Feedback: 0.56933
Received=	-0.052463
Feedback: 0.48927
Received=	-0.069284
Feedback: 0.50105
Received=	0.21006
Feedback: 0.30544
Received=	-0.093233
Feedback: 0.51782
Received=	-0.34196
Feedback: 0.69199
Received=	-0.43208
Feedback: 0.7551
Received=	-0.14941
Feedback: 0.55716
Received=	-0.20497
Feedback: 0.59606
Received=	-0.44524
Feedback: 0.76432
Received=	-0.50372
Feedback: 0.80526
Received=	-0.28578
Feedback: 0.65265
Received=	-0.1006
Feedback: 0.52298
Received=	0.20545
Feedback: 0.30867
Received=	0.31005
Feedback: 0.23542
Received=	0.029848
Feedback: 0.43163
Received=	-0.052635
Feedback: 0.48939
Received=	-0.043549
Feedback: 0.48303
Received=	0.013321
Feedback: 0.44321
Received=	-0.09457
Feedback: 0.51876
Received=	-0.021839
Feedback: 0.46783
Received=	0.57726
Feedback: 0.1
Received=	0.15058
Feedback: 0.34709
Received=	-0.11517
Feedback: 0.53318
Received=	0.27118
Feedback: 0.26264
Received=	0.22323
Feedback: 0.29622
Received=	-0.10772
Feedback: 0.52796
Received=	-0.086883
Feedback: 0.51338
Received=	0.19527
Feedback: 0.3158
Received=	0.24657
Feedback: 0.27987
Received=	-0.025582
Feedback: 0.47045
Received=	-0.28889
Feedback: 0.65483
Received=	-0.26097
Feedback: 0.63528
Received=	0.016292
Feedback: 0.44113
Received=	-0.0075174
Feedback: 0.4578
Received=	-0.33362
Feedback: 0.68615
Received=	-0.3566
Feedback: 0.70224
Received=	-0.057179
Feedback: 0.49258
Received=	0.056714
Feedback: 0.41282
Received=	0.026473
Feedback: 0.434
Received=	-0.077349
Feedback: 0.5067
Received=	-0.12091
Feedback: 0.5372
Received=	-0.10349
Feedback: 0.52501
Calculated range:	[(-2.000000) - (2.000000)]
Success index = (-0.059174)
Received=	-0.47152
=====  11:52:34 - BASE  ============
Feedback: 0.66
Received=	-0.47358
Feedback: 0.66
Received=	0.0033849
Feedback: 0.66
Received=	0.13146
Feedback: 0.66
Received=	0.53316
Feedback: 0.66
Received=	0.32865
Feedback: 0.66
Received=	0.046026
Feedback: 0.66
Received=	-0.058585
Feedback: 0.66
Received=	-0.050566
Feedback: 0.66
Received=	0.042039
Feedback: 0.66
Received=	0.0057349
Feedback: 0.66
Received=	0.027112
Feedback: 0.66
Received=	0.62007
Feedback: 0.66
Received=	0.92112
Feedback: 0.66
Received=	0.2527
Feedback: 0.66
Received=	0.10137
Feedback: 0.66
Received=	0.041957
Feedback: 0.66
Received=	0.015351
Feedback: 0.66
Received=	0.19209
Feedback: 0.66
Received=	0.1719
Feedback: 0.66
Received=	0.36856
=====  11:53:34 - NF  ============
Feedback: 0.36053
Received=	0.10247
Feedback: 0.5624
Received=	-0.24497
Feedback: 0.82598
Received=	-0.26187
Feedback: 0.83879
Received=	-0.0040232
Feedback: 0.64319
Received=	0.1485
Feedback: 0.52748
Received=	0.11018
Feedback: 0.55655
Received=	-0.16491
Feedback: 0.76524
Received=	0.045939
Feedback: 0.60528
Received=	0.86426
Feedback: 0.1
Received=	0.90103
Feedback: 0.1
Received=	0.56148
Feedback: 0.21418
Received=	0.30732
Feedback: 0.40699
Received=	0.14697
Feedback: 0.52864
Received=	0.090578
Feedback: 0.57142
Received=	0.0034881
Feedback: 0.63749
Received=	-0.13336
Feedback: 0.74131
Received=	0.026388
Feedback: 0.62012
Received=	0.13743
Feedback: 0.53588
Received=	0.1303
Feedback: 0.54129
Received=	0.17043
Feedback: 0.51084
Received=	0.20847
Feedback: 0.48199
Received=	0.066857
Feedback: 0.58942
Received=	0.035044
Feedback: 0.61355
Received=	0.078135
Feedback: 0.58086
Received=	-0.048549
Feedback: 0.67697
Received=	0.14681
Feedback: 0.52876
Received=	0.19946
Feedback: 0.48882
Received=	0.21588
Feedback: 0.47636
Received=	0.21902
Feedback: 0.47398
Received=	-0.16446
Feedback: 0.7649
Received=	-0.23641
Feedback: 0.81948
Received=	-0.29411
Feedback: 0.86326
Received=	-0.25578
Feedback: 0.83418
Received=	-0.11565
Feedback: 0.72787
Received=	0.14886
Feedback: 0.5272
Received=	0.062589
Feedback: 0.59265
Received=	-0.17858
Feedback: 0.77561
Received=	-0.24454
Feedback: 0.82565
Received=	-0.20848
Feedback: 0.79829
Received=	-0.12148
Feedback: 0.73229
Received=	0.36272
Feedback: 0.36497
Received=	0.4618
Feedback: 0.2898
Received=	0.22279
Feedback: 0.47112
Received=	-0.080411
Feedback: 0.70114
Received=	0.14018
Feedback: 0.53379
Received=	0.014303
Feedback: 0.62928
Received=	-0.16626
Feedback: 0.76627
Received=	-0.25553
Feedback: 0.83399
Received=	-0.11082
Feedback: 0.72421
Received=	0.25063
Feedback: 0.45
Received=	-0.018569
Feedback: 0.65422
Received=	0.2099
Feedback: 0.4809
Received=	0.37352
Feedback: 0.35677
Received=	0.16617
Feedback: 0.51407
Received=	-0.16299
Feedback: 0.76378
Received=	-0.22448
Feedback: 0.81043
Received=	-0.16262
Feedback: 0.7635
Received=	-0.081898
Feedback: 0.70227
Received=	-0.0069844
Feedback: 0.64543
Calculated range:	[(-2.000000) - (2.000000)]
Success index = (-0.480469)
Received=	-0.11203
=====  11:56:34 - BASE  ============
Feedback: 0.66
Received=	-0.11146
Feedback: 0.66
Received=	0.049456
Feedback: 0.66
Received=	0.18528
Feedback: 0.66
Received=	0.014942
Feedback: 0.66
Received=	0.31079
Feedback: 0.66
Received=	0.42911
Feedback: 0.66
Received=	-0.16132
Feedback: 0.66
Received=	-0.2848
Feedback: 0.66
Received=	-0.44656
Feedback: 0.66
Received=	-0.29057
Feedback: 0.66
Received=	0.020943
Feedback: 0.66
Received=	0.073034
Feedback: 0.66
Received=	0.21628
Feedback: 0.66
Received=	-0.19237
Feedback: 0.66
Received=	-0.12607
Feedback: 0.66
Received=	0.2477
Feedback: 0.66
Received=	0.65365
Feedback: 0.66
Received=	0.63959
Feedback: 0.66
Received=	0.27309
Feedback: 0.66
Received=	-0.24852
=====  11:57:34 - NF  ============
Feedback: 0.71756
Received=	-0.0030478
Feedback: 0.5596
Received=	-0.26709
Feedback: 0.72951
Received=	-0.3067
Feedback: 0.755
Received=	0.11848
Feedback: 0.48139
Received=	0.32724
Feedback: 0.34705
Received=	0.32652
Feedback: 0.34751
Received=	0.33991
Feedback: 0.3389
Received=	0.060794
Feedback: 0.51851
Received=	-0.29798
Feedback: 0.74939
Received=	-0.077932
Feedback: 0.60779
Received=	0.10604
Feedback: 0.4894
Received=	0.13958
Feedback: 0.46782
Received=	-0.12083
Feedback: 0.63539
Received=	-0.17369
Feedback: 0.66941
Received=	-0.20752
Feedback: 0.69118
Received=	0.19318
Feedback: 0.43332
Received=	0.02478
Feedback: 0.54169
Received=	-0.18343
Feedback: 0.67568
Received=	-0.19769
Feedback: 0.68485
Received=	-0.11838
Feedback: 0.63382
Received=	0.021961
Feedback: 0.5435
Received=	-0.00030996
Feedback: 0.55784
Received=	-0.074851
Feedback: 0.6058
Received=	-0.21959
Feedback: 0.69895
Received=	-0.23644
Feedback: 0.70979
Received=	-0.29993
Feedback: 0.75065
Received=	-0.30937
Feedback: 0.75673
Received=	-0.1754
Feedback: 0.67051
Received=	0.12793
Feedback: 0.47531
Received=	-0.29674
Feedback: 0.7486
Received=	-0.4313
Feedback: 0.83519
Received=	-0.26095
Feedback: 0.72556
Received=	0.033423
Feedback: 0.53613
Received=	0.26266
Feedback: 0.38861
Received=	-0.018315
Feedback: 0.56942
Received=	-0.4398
Feedback: 0.84066
Received=	0.072198
Feedback: 0.51118
Received=	0.24933
Feedback: 0.39719
Received=	0.27187
Feedback: 0.38268
Received=	0.31031
Feedback: 0.35795
Received=	0.27148
Feedback: 0.38293
Received=	-0.039357
Feedback: 0.58296
Received=	-0.38905
Feedback: 0.808
Received=	0.048799
Feedback: 0.52623
Received=	0.27067
Feedback: 0.38345
Received=	0.11147
Feedback: 0.4859
Received=	0.12671
Feedback: 0.4761
Received=	0.139
Feedback: 0.46819
Received=	0.33357
Feedback: 0.34298
Received=	0.24009
Feedback: 0.40313
Received=	-0.0033229
Feedback: 0.55978
Received=	-0.25793
Feedback: 0.72362
Received=	-0.33101
Feedback: 0.77065
Received=	-0.5339
Feedback: 0.9
Received=	-0.20479
Feedback: 0.68942
Received=	0.019642
Feedback: 0.545
Received=	0.098184
Feedback: 0.49445
Received=	0.3219
Feedback: 0.35049
Received=	0.15889
Feedback: 0.45538
Calculated range:	[(-2.000000) - (2.000000)]
Success index = (-0.462337)
Received=	-0.019107
=====  12:0:34 - BASE  ============
Feedback: 0.66
Received=	0.05575
Feedback: 0.66
Received=	0.028299
Feedback: 0.66
Received=	-0.08667
Feedback: 0.66
Received=	-0.24405
Feedback: 0.66
Received=	-0.14255
Feedback: 0.66
Received=	-0.2264
Feedback: 0.66
Received=	0.15412
Feedback: 0.66
Received=	0.40914
Feedback: 0.66
Received=	0.70253
Feedback: 0.66
Received=	0.14994
Feedback: 0.66
Received=	-0.40251
Feedback: 0.66
Received=	-0.37744
Feedback: 0.66
Received=	-0.32812
Feedback: 0.66
Received=	-0.12731
Feedback: 0.66
Received=	-0.3259
Feedback: 0.66
Received=	-0.22061
Feedback: 0.66
Received=	-0.15781
Feedback: 0.66
Received=	-0.26814
Feedback: 0.66
Received=	-0.31447
Feedback: 0.66
Received=	-0.26268
=====  12:1:34 - NF  ============
Feedback: 0.61225
Received=	0.18354
Feedback: 0.30666
Received=	0.42231
Feedback: 0.14315
Received=	0.34005
Feedback: 0.19948
Received=	0.14715
Feedback: 0.33159
Received=	0.021874
Feedback: 0.41738
Received=	-0.016248
Feedback: 0.44348
Received=	-0.32203
Feedback: 0.65289
Received=	-0.42659
Feedback: 0.7245
Received=	-0.13774
Feedback: 0.52669
Received=	-0.3837
Feedback: 0.69512
Received=	-0.37158
Feedback: 0.68682
Received=	-0.22124
Feedback: 0.58387
Received=	0.006654
Feedback: 0.4278
Received=	-0.17606
Feedback: 0.55293
Received=	-0.46538
Feedback: 0.75106
Received=	-0.30761
Feedback: 0.64301
Received=	0.093267
Feedback: 0.36848
Received=	-0.052031
Feedback: 0.46799
Received=	-0.31327
Feedback: 0.64689
Received=	-0.23707
Feedback: 0.59471
Received=	0.038512
Feedback: 0.40598
Received=	0.11219
Feedback: 0.35553
Received=	0.051763
Feedback: 0.39691
Received=	-0.15474
Feedback: 0.53833
Received=	-0.34717
Feedback: 0.67011
Received=	-0.29686
Feedback: 0.63565
Received=	-0.090717
Feedback: 0.49448
Received=	0.28895
Feedback: 0.23447
Received=	0.32208
Feedback: 0.21179
Received=	0.45726
Feedback: 0.11922
Received=	0.26274
Feedback: 0.25242
Received=	0.29622
Feedback: 0.2295
Received=	0.42251
Feedback: 0.14301
Received=	0.45046
Feedback: 0.12387
Received=	0.43488
Feedback: 0.13454
Received=	0.53457
Feedback: 0.1
Received=	0.19463
Feedback: 0.29907
Received=	0.403
Feedback: 0.15637
Received=	0.44499
Feedback: 0.12761
Received=	-0.041872
Feedback: 0.46103
Received=	-0.24077
Feedback: 0.59724
Received=	0.12795
Feedback: 0.34473
Received=	0.03976
Feedback: 0.40513
Received=	0.028369
Feedback: 0.41293
Received=	-0.21211
Feedback: 0.57761
Received=	-0.32563
Feedback: 0.65536
Received=	0.005287
Feedback: 0.42874
Received=	0.54495
Feedback: 0.1
Received=	0.61826
Feedback: 0.1
Received=	0.13753
Feedback: 0.33817
Received=	0.036173
Feedback: 0.40758
Received=	-0.13617
Feedback: 0.52561
Received=	-0.0074718
Feedback: 0.43747
Received=	-0.057272
Feedback: 0.47158
Received=	-0.43312
Feedback: 0.72897
Received=	-0.69713
Feedback: 0.9
Received=	-0.45244
Feedback: 0.7422
Received=	-0.1206
Feedback: 0.51494
Received=	-0.061082
Feedback: 0.47419
Calculated range:	[(-2.000000) - (2.000000)]
Success index = (0.332784)
Received=	-0.30335
=====  12:4:34 - BASE  ============
Feedback: 0.66
Received=	-0.20457
Feedback: 0.66
Received=	0.11638
Feedback: 0.66
Received=	0.14755
Feedback: 0.66
Received=	0.1682
Feedback: 0.66
Received=	0.5186
Feedback: 0.66
Received=	0.23602
Feedback: 0.66
Received=	-0.25352
Feedback: 0.66
Received=	-0.51683
Feedback: 0.66
Received=	-0.2152
Feedback: 0.66
Received=	0.16104
Feedback: 0.66
Received=	0.26617
Feedback: 0.66
Received=	0.21458
Feedback: 0.66
Received=	-0.25812
Feedback: 0.66
Received=	-0.52073
Feedback: 0.66
Received=	0.46416
Feedback: 0.66
Received=	0.68478
Feedback: 0.66
Received=	0.49386
Feedback: 0.66
Received=	0.04343
Feedback: 0.66
Received=	-0.053597
Feedback: 0.66
Received=	0.28507
=====  12:5:34 - NF  ============
Feedback: 0.38929
Received=	0.39112
Feedback: 0.32775
Received=	0.30322
Feedback: 0.37875
Received=	0.28076
Feedback: 0.39179
Received=	0.19643
Feedback: 0.44072
Received=	0.068996
Feedback: 0.51466
Received=	0.26807
Feedback: 0.39915
Received=	0.23685
Feedback: 0.41727
Received=	-0.35439
Feedback: 0.76033
Received=	-0.16238
Feedback: 0.64892
Received=	0.097771
Feedback: 0.49796
Received=	0.68256
Feedback: 0.15864
Received=	0.79308
Feedback: 0.1
Received=	0.26937
Feedback: 0.3984
Received=	0.17667
Feedback: 0.45219
Received=	0.32842
Feedback: 0.36413
Received=	0.52031
Feedback: 0.25279
Received=	0.23448
Feedback: 0.41864
Received=	-0.12543
Feedback: 0.62748
Received=	-0.17103
Feedback: 0.65394
Received=	-0.31664
Feedback: 0.73843
Received=	-0.17071
Feedback: 0.65375
Received=	0.019584
Feedback: 0.54333
Received=	-0.16287
Feedback: 0.6492
Received=	-0.18537
Feedback: 0.66226
Received=	-0.23972
Feedback: 0.6938
Received=	-0.062137
Feedback: 0.59075
Received=	-0.26552
Feedback: 0.70877
Received=	-0.15693
Feedback: 0.64576
Received=	-0.1969
Feedback: 0.66895
Received=	-0.20497
Feedback: 0.67363
Received=	0.032113
Feedback: 0.53606
Received=	0.16444
Feedback: 0.45928
Received=	-0.40137
Feedback: 0.78759
Received=	-0.56015
Feedback: 0.87972
Received=	-0.032628
Feedback: 0.57363
Received=	0.4537
Feedback: 0.29143
Received=	-0.016921
Feedback: 0.56452
Received=	-0.35262
Feedback: 0.7593
Received=	-0.29778
Feedback: 0.72748
Received=	0.25336
Feedback: 0.40768
Received=	0.6783
Feedback: 0.16111
Received=	0.24796
Feedback: 0.41082
Received=	-0.049775
Feedback: 0.58358
Received=	-0.13238
Feedback: 0.63151
Received=	-0.089615
Feedback: 0.6067
Received=	-0.10638
Feedback: 0.61643
Received=	-0.23716
Feedback: 0.69231
Received=	0.065336
Feedback: 0.51679
Received=	-0.17199
Feedback: 0.65449
Received=	-0.2877
Feedback: 0.72164
Received=	0.043696
Feedback: 0.52934
Received=	-0.01418
Feedback: 0.56292
Received=	-0.29962
Feedback: 0.72855
Received=	-0.39258
Feedback: 0.78249
Received=	0.035576
Feedback: 0.53405
Received=	0.061235
Feedback: 0.51917
Received=	-0.32688
Feedback: 0.74437
Received=	-0.20779
Feedback: 0.67527
Received=	-0.14973
Feedback: 0.64158
Calculated range:	[(-2.000000) - (2.000000)]
Success index = (-0.295202)
closing...
