Direction=-1.000000	; step=1.000000;
Received=	0
Feedback: 0.66
Received=	0
Feedback: 0.66
Received=	0
Feedback: 0.66
Received=	0.6874
Feedback: 0.66
Received=	0.077843
Feedback: 0.66
Received=	0.26089
Feedback: 0.66
Received=	0.53096
Feedback: 0.66
Received=	0.32439
Feedback: 0.66
Received=	0.095316
Feedback: 0.66
Received=	0.0091272
Feedback: 0.66
Received=	-0.076191
Feedback: 0.66
Received=	-0.11104
Feedback: 0.66
Received=	0.0013469
Feedback: 0.66
Received=	-0.0090473
Feedback: 0.66
Received=	0.054847
Feedback: 0.66
Received=	0.41536
Feedback: 0.66
Received=	0.37723
Feedback: 0.66
Received=	7.6894e-05
Feedback: 0.66
Received=	0.15638
Feedback: 0.66
Received=	0.15061
Feedback: 0.66
Received=	0.27222
=====  11:36:6 - NF  ============
Feedback: 0.40254
Received=	0.38057
Feedback: 0.3053
Received=	0.42011
Feedback: 0.26981
Received=	0.27854
Feedback: 0.39687
Received=	0.41154
Feedback: 0.27751
Received=	0.48975
Feedback: 0.20731
Received=	0.41926
Feedback: 0.27057
Received=	0.46644
Feedback: 0.22823
Received=	0.46889
Feedback: 0.22603
Received=	0.48938
Feedback: 0.20764
Received=	0.44521
Feedback: 0.24728
Received=	0.57366
Feedback: 0.132
Received=	0.55271
Feedback: 0.1508
Received=	0.40054
Feedback: 0.28738
Received=	0.24214
Feedback: 0.42954
Received=	0.23533
Feedback: 0.43566
Received=	0.1818
Feedback: 0.4837
Received=	0.18666
Feedback: 0.47934
Received=	0.35751
Feedback: 0.326
Received=	0.26022
Feedback: 0.41331
Received=	0.24221
Feedback: 0.42948
Received=	0.16946
Feedback: 0.49477
Received=	0.1852
Feedback: 0.48065
Received=	0.37607
Feedback: 0.30934
Received=	0.69069
Feedback: 0.1
Received=	0.61558
Feedback: 0.1
Received=	0.44287
Feedback: 0.24939
Received=	0.085698
Feedback: 0.56995
Received=	-0.0091739
Feedback: 0.6551
Received=	0.024782
Feedback: 0.62463
Received=	0.038402
Feedback: 0.6124
Received=	0.23993
Feedback: 0.43152
Received=	0.45862
Feedback: 0.23525
Received=	0.4115
Feedback: 0.27754
Received=	0.14707
Feedback: 0.51487
Received=	0.023739
Feedback: 0.62556
Received=	0.040384
Feedback: 0.61062
Received=	0.24754
Feedback: 0.4247
Received=	0.25967
Feedback: 0.41381
Received=	0.14773
Feedback: 0.51427
Received=	0.24579
Feedback: 0.42626
Received=	0.15108
Feedback: 0.51128
Received=	0.43583
Feedback: 0.2557
Received=	0.77238
Feedback: 0.1
Received=	0.71233
Feedback: 0.1
Received=	0.28982
Feedback: 0.38675
Received=	0.14575
Feedback: 0.51605
Received=	0.58463
Feedback: 0.12215
Received=	1.2154
Feedback: 0.1
Received=	0.93322
Feedback: 0.1
Received=	0.62085
Feedback: 0.1
Received=	0.45037
Feedback: 0.24265
Received=	0.51142
Feedback: 0.18786
Received=	0.97633
Feedback: 0.1
Received=	0.36439
Feedback: 0.31982
Received=	0.15213
Feedback: 0.51033
Received=	0.45987
Feedback: 0.23412
Received=	0.44503
Feedback: 0.24745
Received=	0.62196
Feedback: 0.1
Received=	0.51176
Feedback: 0.18756
Calculated range:	[(-2.000000) - (2.000000)]
Success index = (0.924584)
Received=	0.4902
=====  11:39:6 - BASE  ============
Feedback: 0.66
Received=	0.46867
Feedback: 0.66
Received=	0.34054
Feedback: 0.66
Received=	0.29354
Feedback: 0.66
Received=	0.31545
Feedback: 0.66
Received=	0.141
Feedback: 0.66
Received=	0.12403
Feedback: 0.66
Received=	0.089406
Feedback: 0.66
Received=	0.18994
Feedback: 0.66
Received=	0.39953
Feedback: 0.66
Received=	0.38652
Feedback: 0.66
Received=	0.50024
Feedback: 0.66
Received=	0.78112
Feedback: 0.66
Received=	0.74677
Feedback: 0.66
Received=	0.40558
Feedback: 0.66
Received=	0.29572
Feedback: 0.66
Received=	0.16568
Feedback: 0.66
Received=	0.38752
Feedback: 0.66
Received=	0.68213
Feedback: 0.66
Received=	0.55595
Feedback: 0.66
Received=	0.37157
=====  11:40:6 - NF  ============
Feedback: 0.50598
Received=	0.22387
Feedback: 0.64731
Received=	0.014162
Feedback: 0.84799
Received=	0.21968
Feedback: 0.65132
Received=	0.4041
Feedback: 0.47485
Received=	0.31678
Feedback: 0.55841
Received=	0.34614
Feedback: 0.53031
Received=	0.30138
Feedback: 0.57315
Received=	0.24654
Feedback: 0.62562
Received=	0.49964
Feedback: 0.38342
Received=	0.54216
Feedback: 0.34274
Received=	0.42919
Feedback: 0.45084
Received=	0.28629
Feedback: 0.58758
Received=	0.037602
Feedback: 0.82556
Received=	0.16547
Feedback: 0.7032
Received=	0.32403
Feedback: 0.55147
Received=	0.22214
Feedback: 0.64897
Received=	0.10111
Feedback: 0.76479
Received=	0.35299
Feedback: 0.52376
Received=	0.45434
Feedback: 0.42677
Received=	0.42919
Feedback: 0.45084
Received=	0.35638
Feedback: 0.52051
Received=	0.35494
Feedback: 0.52189
Received=	0.27867
Feedback: 0.59488
Received=	0.25214
Feedback: 0.62026
Received=	0.31153
Feedback: 0.56343
Received=	0.14025
Feedback: 0.72733
Received=	-0.082097
Feedback: 0.9
Received=	-0.23365
Feedback: 0.9
Received=	-0.1805
Feedback: 0.9
Received=	0.36876
Feedback: 0.50866
Received=	0.47374
Feedback: 0.40821
Received=	0.58678
Feedback: 0.30004
Received=	0.79774
Feedback: 0.1
Received=	0.62525
Feedback: 0.26322
Received=	0.41441
Feedback: 0.46498
Received=	0.36253
Feedback: 0.51462
Received=	0.40355
Feedback: 0.47538
Received=	0.25844
Feedback: 0.61423
Received=	0.27505
Feedback: 0.59834
Received=	0.36068
Feedback: 0.5164
Received=	-0.061988
Feedback: 0.9
Received=	-0.11534
Feedback: 0.9
Received=	0.10375
Feedback: 0.76226
Received=	0.20887
Feedback: 0.66166
Received=	0.40112
Feedback: 0.4777
Received=	0.5144
Feedback: 0.3693
Received=	0.61898
Feedback: 0.26923
Received=	0.49197
Feedback: 0.39076
Received=	0.43444
Feedback: 0.44582
Received=	0.40173
Feedback: 0.47712
Received=	0.49096
Feedback: 0.39173
Received=	0.31131
Feedback: 0.56364
Received=	0.21715
Feedback: 0.65375
Received=	0.33085
Feedback: 0.54494
Received=	0.35519
Feedback: 0.52165
Received=	0.44532
Feedback: 0.43541
Received=	0.42719
Feedback: 0.45275
Received=	0.31183
Feedback: 0.56314
Received=	0.4504
Feedback: 0.43054
Calculated range:	[(-2.000000) - (2.000000)]
Success index = (-0.327424)
Received=	0.43223
=====  11:43:6 - BASE  ============
Feedback: 0.66
Received=	0.61512
Feedback: 0.66
Received=	0.51265
Feedback: 0.66
Received=	0.040493
Feedback: 0.66
Received=	0.024861
Feedback: 0.66
Received=	0.15
Feedback: 0.66
Received=	0.27375
Feedback: 0.66
Received=	0.25403
Feedback: 0.66
Received=	0.20672
Feedback: 0.66
Received=	0.22878
Feedback: 0.66
Received=	0.20188
Feedback: 0.66
Received=	0.20598
Feedback: 0.66
Received=	0.4128
Feedback: 0.66
Received=	0.46908
Feedback: 0.66
Received=	0.34766
Feedback: 0.66
Received=	0.024199
Feedback: 0.66
Received=	0.22786
Feedback: 0.66
Received=	0.26891
Feedback: 0.66
Received=	0.30411
Feedback: 0.66
Received=	0.31592
Feedback: 0.66
Received=	0.44605
=====  11:44:6 - NF  ============
Feedback: 0.21346
Received=	0.35806
Feedback: 0.34097
Received=	0.22665
Feedback: 0.53139
Received=	0.25677
Feedback: 0.48774
Received=	0.52119
Feedback: 0.10457
Received=	0.47965
Feedback: 0.16477
Received=	0.19099
Feedback: 0.58308
Received=	0.090932
Feedback: 0.72807
Received=	0.38792
Feedback: 0.2977
Received=	0.52999
Feedback: 0.1
Received=	0.37906
Feedback: 0.31054
Received=	0.42569
Feedback: 0.24297
Received=	0.47669
Feedback: 0.16905
Received=	0.42423
Feedback: 0.24507
Received=	0.5696
Feedback: 0.1
Received=	0.63787
Feedback: 0.1
Received=	0.78122
Feedback: 0.1
Received=	0.54407
Feedback: 0.1
Received=	0.32025
Feedback: 0.39576
Received=	0.14662
Feedback: 0.64738
Received=	0.21526
Feedback: 0.54791
Received=	0.29254
Feedback: 0.43592
Received=	0.18133
Feedback: 0.59707
Received=	0.068054
Feedback: 0.76122
Received=	0.16262
Feedback: 0.62419
Received=	0.18164
Feedback: 0.59663
Received=	0.28911
Feedback: 0.44089
Received=	0.32231
Feedback: 0.39277
Received=	0.15356
Feedback: 0.63732
Received=	0.32095
Feedback: 0.39474
Received=	0.19394
Feedback: 0.57879
Received=	0.52545
Feedback: 0.1
Received=	0.5507
Feedback: 0.1
Received=	0.15138
Feedback: 0.64047
Received=	0.35278
Feedback: 0.34861
Received=	0.47256
Feedback: 0.17504
Received=	0.28041
Feedback: 0.4535
Received=	-0.33491
Feedback: 0.9
Received=	-0.59804
Feedback: 0.9
Received=	-0.44473
Feedback: 0.9
Received=	-0.074595
Feedback: 0.9
Received=	0.0044744
Feedback: 0.85336
Received=	0.18683
Feedback: 0.58911
Received=	0.13768
Feedback: 0.66033
Received=	0.29648
Feedback: 0.43021
Received=	0.31265
Feedback: 0.40677
Received=	0.35314
Feedback: 0.34809
Received=	0.21457
Feedback: 0.54891
Received=	0.10278
Feedback: 0.7109
Received=	-0.0643
Feedback: 0.9
Received=	0.1892
Feedback: 0.58566
Received=	0.75146
Feedback: 0.1
Received=	0.70875
Feedback: 0.1
Received=	0.33085
Feedback: 0.38039
Received=	0.36682
Feedback: 0.32828
Received=	0.48503
Feedback: 0.15697
Received=	0.51109
Feedback: 0.1192
Received=	0.70842
Feedback: 0.1
Received=	0.47843
Feedback: 0.16654
Received=	0.28393
Feedback: 0.4484
Calculated range:	[(-2.000000) - (2.000000)]
Success index = (0.209539)
Received=	0.17346
=====  11:47:6 - BASE  ============
Feedback: 0.66
Received=	0.20903
Feedback: 0.66
Received=	0.10957
Feedback: 0.66
Received=	-0.060662
Feedback: 0.66
Received=	0.35624
Feedback: 0.66
Received=	0.56145
Feedback: 0.66
Received=	0.56185
Feedback: 0.66
Received=	0.74111
Feedback: 0.66
Received=	0.41848
Feedback: 0.66
Received=	0.12245
Feedback: 0.66
Received=	0.31426
Feedback: 0.66
Received=	0.60046
Feedback: 0.66
Received=	0.57046
Feedback: 0.66
Received=	0.24245
Feedback: 0.66
Received=	0.073071
Feedback: 0.66
Received=	-0.041092
Feedback: 0.66
Received=	0.32974
Feedback: 0.66
Received=	0.36225
Feedback: 0.66
Received=	0.28937
Feedback: 0.66
Received=	0.43096
Feedback: 0.66
Received=	0.62652
=====  11:48:6 - NF  ============
Feedback: 0.24208
Received=	0.59603
Feedback: 0.26881
Received=	0.40336
Feedback: 0.43774
Received=	-0.003408
Feedback: 0.7944
Received=	0.2111
Feedback: 0.60632
Received=	0.51422
Feedback: 0.34054
Received=	0.56809
Feedback: 0.29331
Received=	0.56984
Feedback: 0.29177
Received=	0.69059
Feedback: 0.1859
Received=	0.58419
Feedback: 0.2792
Received=	0.49086
Feedback: 0.36103
Received=	0.3904
Feedback: 0.44911
Received=	0.45596
Feedback: 0.39162
Received=	0.50844
Feedback: 0.34561
Received=	0.59149
Feedback: 0.27279
Received=	0.42623
Feedback: 0.4177
Received=	0.27912
Feedback: 0.54668
Received=	0.11636
Feedback: 0.68939
Received=	0.33168
Feedback: 0.50059
Received=	0.69092
Feedback: 0.18562
Received=	0.76671
Feedback: 0.11916
Received=	0.71251
Feedback: 0.16668
Received=	0.73183
Feedback: 0.14974
Received=	0.68789
Feedback: 0.18827
Received=	0.60438
Feedback: 0.26149
Received=	0.34674
Feedback: 0.48739
Received=	0.20621
Feedback: 0.6106
Received=	0.55142
Feedback: 0.30793
Received=	0.56505
Feedback: 0.29597
Received=	0.45644
Feedback: 0.3912
Received=	0.48035
Feedback: 0.37024
Received=	0.15648
Feedback: 0.65421
Received=	-0.1094
Feedback: 0.88733
Received=	-0.24659
Feedback: 0.9
Received=	-0.045324
Feedback: 0.83115
Received=	0.28104
Feedback: 0.545
Received=	0.28297
Feedback: 0.5433
Received=	0.38188
Feedback: 0.45658
Received=	0.52476
Feedback: 0.3313
Received=	0.47367
Feedback: 0.3761
Received=	0.50289
Feedback: 0.35048
Received=	0.54704
Feedback: 0.31177
Received=	0.29687
Feedback: 0.53111
Received=	0.20402
Feedback: 0.61252
Received=	0.17826
Feedback: 0.63512
Received=	0.40145
Feedback: 0.43942
Received=	0.52582
Feedback: 0.33037
Received=	0.46876
Feedback: 0.3804
Received=	0.59835
Feedback: 0.26678
Received=	0.34507
Feedback: 0.48885
Received=	0.040143
Feedback: 0.75621
Received=	-0.16741
Feedback: 0.9
Received=	-0.24141
Feedback: 0.9
Received=	-0.090518
Feedback: 0.87078
Received=	-0.091604
Feedback: 0.87173
Received=	-0.088074
Feedback: 0.86863
Received=	0.17164
Feedback: 0.64092
Received=	0.32043
Feedback: 0.51045
Received=	0.34692
Feedback: 0.48723
Received=	0.4644
Feedback: 0.38423
Calculated range:	[(-2.000000) - (2.000000)]
Success index = (0.108048)
Received=	0.47978
=====  11:51:6 - BASE  ============
Feedback: 0.66
Received=	0.4638
Feedback: 0.66
Received=	0.50314
Feedback: 0.66
Received=	0.4029
Feedback: 0.66
Received=	0.26185
Feedback: 0.66
Received=	0.11802
Feedback: 0.66
Received=	0.17506
Feedback: 0.66
Received=	0.55012
Feedback: 0.66
Received=	0.57129
Feedback: 0.66
Received=	0.14685
Feedback: 0.66
Received=	-0.018884
Feedback: 0.66
Received=	-0.071268
Feedback: 0.66
Received=	0.062463
Feedback: 0.66
Received=	0.18604
Feedback: 0.66
Received=	0.070046
Feedback: 0.66
Received=	0.052699
Feedback: 0.66
Received=	0.16396
Feedback: 0.66
Received=	0.49695
Feedback: 0.66
Received=	0.53689
Feedback: 0.66
Received=	0.21299
Feedback: 0.66
Received=	0.37672
=====  11:52:6 - NF  ============
Feedback: 0.37536
Received=	0.59387
Feedback: 0.16892
Received=	0.54049
Feedback: 0.21967
Received=	0.53532
Feedback: 0.22459
Received=	0.49408
Feedback: 0.26379
Received=	0.44475
Feedback: 0.31069
Received=	0.54727
Feedback: 0.21322
Received=	0.39152
Feedback: 0.36129
Received=	0.47017
Feedback: 0.28652
Received=	0.43479
Feedback: 0.32016
Received=	0.5323
Feedback: 0.22746
Received=	0.36602
Feedback: 0.38554
Received=	0.17452
Feedback: 0.56759
Received=	0.30718
Feedback: 0.44147
Received=	0.30566
Feedback: 0.44291
Received=	0.2529
Feedback: 0.49308
Received=	0.32739
Feedback: 0.42226
Received=	0.43062
Feedback: 0.32412
Received=	0.50174
Feedback: 0.2565
Received=	0.38573
Feedback: 0.3668
Received=	0.68675
Feedback: 0.1
Received=	0.53081
Feedback: 0.22887
Received=	0.22286
Feedback: 0.52163
Received=	0.0517
Feedback: 0.68435
Received=	-0.14168
Feedback: 0.8682
Received=	0.23935
Feedback: 0.50596
Received=	0.44855
Feedback: 0.30708
Received=	0.55874
Feedback: 0.20232
Received=	0.70419
Feedback: 0.1
Received=	0.47369
Feedback: 0.28318
Received=	0.40693
Feedback: 0.34664
Received=	0.38846
Feedback: 0.3642
Received=	0.32803
Feedback: 0.42165
Received=	0.21822
Feedback: 0.52605
Received=	0.091653
Feedback: 0.64637
Received=	0.087901
Feedback: 0.64994
Received=	0.0012714
Feedback: 0.7323
Received=	-0.063635
Feedback: 0.794
Received=	0.29428
Feedback: 0.45373
Received=	0.084863
Feedback: 0.65283
Received=	0.08459
Feedback: 0.65309
Received=	-0.069025
Feedback: 0.79913
Received=	-0.023529
Feedback: 0.75587
Received=	0.33066
Feedback: 0.41915
Received=	0.38401
Feedback: 0.36843
Received=	0.02591
Feedback: 0.70887
Received=	0.32304
Feedback: 0.4264
Received=	0.51554
Feedback: 0.24338
Received=	0.39981
Feedback: 0.35341
Received=	0.44524
Feedback: 0.31022
Received=	0.44883
Feedback: 0.3068
Received=	0.95378
Feedback: 0.1
Received=	0.67839
Feedback: 0.1
Received=	0.51793
Feedback: 0.24111
Received=	0.24595
Feedback: 0.49969
Received=	0.13525
Feedback: 0.60493
Received=	0.2742
Feedback: 0.47282
Received=	0.56566
Feedback: 0.19574
Received=	0.38056
Feedback: 0.37171
Received=	0.37678
Feedback: 0.37531
Calculated range:	[(-2.000000) - (2.000000)]
Success index = (0.490788)
closing...
