Direction=-1.000000	; step=1.000000;
Received=	0
Feedback: 0.66
Received=	0
Feedback: 0.66
Received=	0
Feedback: 0.66
Received=	-0.11205
Feedback: 0.66
Received=	-0.25801
Feedback: 0.66
Received=	-0.26148
Feedback: 0.66
Received=	-0.091486
Feedback: 0.66
Received=	-0.1075
Feedback: 0.66
Received=	-0.16699
Feedback: 0.66
Received=	-0.15412
Feedback: 0.66
Received=	-0.086215
Feedback: 0.66
Received=	-0.014642
Feedback: 0.66
Received=	-0.14966
Feedback: 0.66
Received=	-0.22445
Feedback: 0.66
Received=	-0.16633
Feedback: 0.66
Received=	-0.20033
Feedback: 0.66
Received=	0.14052
Feedback: 0.66
Received=	0.23006
Feedback: 0.66
Received=	-0.01439
Feedback: 0.66
Received=	-0.18154
Feedback: 0.66
Received=	-0.0057452
=====  8:39:2 - NF  ============
Feedback: 0.35393
Received=	0.03277
Feedback: 0.29489
Received=	-0.21942
Feedback: 0.68148
Received=	-0.1958
Feedback: 0.64527
Received=	-0.31376
Feedback: 0.8261
Received=	-0.32791
Feedback: 0.84779
Received=	-0.40092
Feedback: 0.9
Received=	-0.52405
Feedback: 0.9
Received=	-0.40823
Feedback: 0.9
Received=	-0.32943
Feedback: 0.85012
Received=	-0.36444
Feedback: 0.9
Received=	-0.43302
Feedback: 0.9
Received=	-0.44073
Feedback: 0.9
Received=	-0.37748
Feedback: 0.9
Received=	-0.36385
Feedback: 0.9
Received=	-0.2979
Feedback: 0.80178
Received=	-0.2077
Feedback: 0.66351
Received=	-0.25393
Feedback: 0.73439
Received=	-0.30282
Feedback: 0.80932
Received=	-0.1939
Feedback: 0.64236
Received=	-0.37469
Feedback: 0.9
Received=	-0.44913
Feedback: 0.9
Received=	-0.4951
Feedback: 0.9
Received=	-0.3658
Feedback: 0.9
Received=	-0.3777
Feedback: 0.9
Received=	-0.42445
Feedback: 0.9
Received=	-0.46389
Feedback: 0.9
Received=	-0.47856
Feedback: 0.9
Received=	-0.45512
Feedback: 0.9
Received=	-0.28547
Feedback: 0.78272
Received=	-0.26095
Feedback: 0.74514
Received=	-0.34251
Feedback: 0.87016
Received=	-0.40142
Feedback: 0.9
Received=	-0.42521
Feedback: 0.9
Received=	-0.37919
Feedback: 0.9
Received=	-0.26044
Feedback: 0.74435
Received=	-0.41955
Feedback: 0.9
Received=	-0.43386
Feedback: 0.9
Received=	-0.29969
Feedback: 0.80452
Received=	-0.38497
Feedback: 0.9
Received=	-0.4871
Feedback: 0.9
Received=	-0.53967
Feedback: 0.9
Received=	-0.31642
Feedback: 0.83017
Received=	-0.2707
Feedback: 0.76009
Received=	-0.38372
Feedback: 0.9
Received=	-0.41928
Feedback: 0.9
Received=	-0.25512
Feedback: 0.7362
Received=	-0.18424
Feedback: 0.62754
Received=	-0.33331
Feedback: 0.85606
Received=	-0.36436
Feedback: 0.9
Received=	-0.35786
Feedback: 0.89369
Received=	-0.3393
Feedback: 0.86524
Received=	-0.38345
Feedback: 0.9
Received=	-0.46488
Feedback: 0.9
Received=	-0.50625
Feedback: 0.9
Received=	-0.45534
Feedback: 0.9
Received=	-0.43081
Feedback: 0.9
Received=	-0.3256
Feedback: 0.84425
Received=	-0.29326
Feedback: 0.79467
Received=	0.055152
Feedback: 0.26058
Calculated range:	[(-2.982064) - (1.017936)]
Success index = (-1.982064)
Received=	0.074925
=====  8:42:2 - BASE  ============
Feedback: 0.66
Received=	-0.16327
Feedback: 0.66
Received=	-0.047913
Feedback: 0.66
Received=	-0.18795
Feedback: 0.66
Received=	-0.27089
Feedback: 0.66
Received=	-0.22345
Feedback: 0.66
Received=	0.021788
Feedback: 0.66
Received=	-0.029559
Feedback: 0.66
Received=	-0.023628
Feedback: 0.66
Received=	0.12917
Feedback: 0.66
Received=	0.0011005
Feedback: 0.66
Received=	-0.094196
Feedback: 0.66
Received=	-0.17434
Feedback: 0.66
Received=	-0.19111
Feedback: 0.66
Received=	-0.26936
Feedback: 0.66
Received=	-0.27477
Feedback: 0.66
Received=	-0.42012
Feedback: 0.66
Received=	-0.36247
Feedback: 0.66
Received=	-0.42901
Feedback: 0.66
Received=	-0.3049
Feedback: 0.66
Received=	-0.19416
=====  8:43:2 - NF  ============
Feedback: 0.3274
Received=	-0.036355
Feedback: 0.13042
Received=	-0.16987
Feedback: 0.29708
Received=	-0.20759
Feedback: 0.34415
Received=	-0.23311
Feedback: 0.376
Received=	-0.16189
Feedback: 0.28712
Received=	-0.12301
Feedback: 0.23858
Received=	-0.2094
Feedback: 0.34641
Received=	-0.14405
Feedback: 0.26484
Received=	-0.33845
Feedback: 0.50749
Received=	-0.36966
Feedback: 0.54645
Received=	-0.32905
Feedback: 0.49576
Received=	-0.43422
Feedback: 0.62704
Received=	-0.48683
Feedback: 0.6927
Received=	-0.37695
Feedback: 0.55555
Received=	-0.30764
Feedback: 0.46904
Received=	-0.27039
Feedback: 0.42254
Received=	-0.25743
Feedback: 0.40636
Received=	-0.30192
Feedback: 0.46189
Received=	-0.36681
Feedback: 0.5429
Received=	-0.42332
Feedback: 0.61342
Received=	-0.30781
Feedback: 0.46924
Received=	-0.22372
Feedback: 0.36428
Received=	-0.23016
Feedback: 0.37233
Received=	-0.13149
Feedback: 0.24917
Received=	-0.15247
Feedback: 0.27535
Received=	-0.18462
Feedback: 0.31549
Received=	-0.25904
Feedback: 0.40837
Received=	-0.48212
Feedback: 0.68682
Received=	-0.50342
Feedback: 0.71341
Received=	-0.41763
Feedback: 0.60632
Received=	-0.27453
Feedback: 0.42771
Received=	-0.41767
Feedback: 0.60637
Received=	-0.48868
Feedback: 0.69501
Received=	-0.22548
Feedback: 0.36648
Received=	-0.34123
Feedback: 0.51096
Received=	-0.4153
Feedback: 0.60342
Received=	-0.38965
Feedback: 0.5714
Received=	-0.43259
Feedback: 0.625
Received=	-0.43975
Feedback: 0.63394
Received=	-0.28672
Feedback: 0.44292
Received=	-0.3229
Feedback: 0.48808
Received=	-0.1989
Feedback: 0.33331
Received=	-0.41641
Feedback: 0.60481
Received=	-0.40544
Feedback: 0.59111
Received=	-0.617
Feedback: 0.85518
Received=	-0.86548
Feedback: 0.9
Received=	-0.73364
Feedback: 0.9
Received=	-0.58231
Feedback: 0.81188
Received=	-0.52039
Feedback: 0.73459
Received=	-0.53535
Feedback: 0.75326
Received=	-0.48267
Feedback: 0.68751
Received=	-0.61977
Feedback: 0.85864
Received=	-0.42469
Feedback: 0.61513
Received=	-0.38446
Feedback: 0.56493
Received=	-0.31023
Feedback: 0.47227
Received=	-0.34778
Feedback: 0.51914
Received=	-0.48544
Feedback: 0.69096
Received=	-0.22809
Feedback: 0.36975
Received=	-0.19877
Feedback: 0.33314
Calculated range:	[(-2.113525) - (1.886475)]
Success index = (-1.113525)
Received=	-0.28828
=====  8:46:2 - BASE  ============
Feedback: 0.66
Received=	-0.030832
Feedback: 0.66
Received=	-0.051343
Feedback: 0.66
Received=	-0.10142
Feedback: 0.66
Received=	-0.32055
Feedback: 0.66
Received=	-0.41646
Feedback: 0.66
Received=	-0.64534
Feedback: 0.66
Received=	-0.78911
Feedback: 0.66
Received=	-0.40624
Feedback: 0.66
Received=	-0.060745
Feedback: 0.66
Received=	0.093145
Feedback: 0.66
Received=	-0.20002
Feedback: 0.66
Received=	-0.56224
Feedback: 0.66
Received=	-0.61216
Feedback: 0.66
Received=	-0.59677
Feedback: 0.66
Received=	-0.62959
Feedback: 0.66
Received=	-0.55557
Feedback: 0.66
Received=	-0.36404
Feedback: 0.66
Received=	-0.63636
Feedback: 0.66
Received=	-0.68687
Feedback: 0.66
Received=	-0.61122
=====  8:47:2 - NF  ============
Feedback: 0.6253
Received=	-0.45632
Feedback: 0.50604
Received=	-0.46965
Feedback: 0.5163
Received=	-0.58828
Feedback: 0.60764
Received=	-0.54284
Feedback: 0.57266
Received=	-0.40781
Feedback: 0.46869
Received=	-0.22495
Feedback: 0.32791
Received=	-0.21078
Feedback: 0.31699
Received=	-0.44323
Feedback: 0.49597
Received=	-0.59125
Feedback: 0.60993
Received=	-0.62706
Feedback: 0.6375
Received=	-0.47705
Feedback: 0.522
Received=	-0.16776
Feedback: 0.28387
Received=	-0.28475
Feedback: 0.37394
Received=	-0.61343
Feedback: 0.62701
Received=	-0.60751
Feedback: 0.62244
Received=	-0.62758
Feedback: 0.6379
Received=	-0.50336
Feedback: 0.54226
Received=	-0.53776
Feedback: 0.56874
Received=	-0.67141
Feedback: 0.67164
Received=	-0.51565
Feedback: 0.55172
Received=	-0.32949
Feedback: 0.40839
Received=	-0.28004
Feedback: 0.37032
Received=	-0.34542
Feedback: 0.42066
Received=	-0.068192
Feedback: 0.20721
Received=	-0.31102
Feedback: 0.39417
Received=	-0.50801
Feedback: 0.54584
Received=	-0.49147
Feedback: 0.5331
Received=	-0.44874
Feedback: 0.5002
Received=	-0.48588
Feedback: 0.5288
Received=	-0.81942
Feedback: 0.7856
Received=	-0.51306
Feedback: 0.54973
Received=	-0.47557
Feedback: 0.52086
Received=	-0.36993
Feedback: 0.43953
Received=	-0.35214
Feedback: 0.42583
Received=	-0.23298
Feedback: 0.33408
Received=	-0.47005
Feedback: 0.51661
Received=	-0.41436
Feedback: 0.47374
Received=	-0.32068
Feedback: 0.40161
Received=	-0.23438
Feedback: 0.33517
Received=	-0.3199
Feedback: 0.40101
Received=	-0.23739
Feedback: 0.33748
Received=	-0.25337
Feedback: 0.34979
Received=	-0.46548
Feedback: 0.5131
Received=	-0.70229
Feedback: 0.69542
Received=	-0.80705
Feedback: 0.77608
Received=	-0.54417
Feedback: 0.57368
Received=	-0.5248
Feedback: 0.55877
Received=	-0.20965
Feedback: 0.31612
Received=	-0.32957
Feedback: 0.40846
Received=	-0.53023
Feedback: 0.56294
Received=	-0.5632
Feedback: 0.58833
Received=	-0.42867
Feedback: 0.48475
Received=	-0.38545
Feedback: 0.45148
Received=	-0.49181
Feedback: 0.53337
Received=	-0.28909
Feedback: 0.37729
Received=	-0.4557
Feedback: 0.50556
Received=	-0.53399
Feedback: 0.56584
Received=	-0.62793
Feedback: 0.63817
Received=	-0.898
Feedback: 0.8461
Calculated range:	[(-2.000000) - (2.000000)]
Success index = (-0.187046)
Received=	-0.83979
=====  8:50:2 - BASE  ============
Feedback: 0.66
Received=	-0.33926
Feedback: 0.66
Received=	-0.19905
Feedback: 0.66
Received=	-0.268
Feedback: 0.66
Received=	-0.3417
Feedback: 0.66
Received=	-0.29543
Feedback: 0.66
Received=	-0.33685
Feedback: 0.66
Received=	-0.0041313
Feedback: 0.66
Received=	-0.048944
Feedback: 0.66
Received=	-0.13711
Feedback: 0.66
Received=	-0.35919
Feedback: 0.66
Received=	-0.24063
Feedback: 0.66
Received=	0.17988
Feedback: 0.66
Received=	0.090721
Feedback: 0.66
Received=	-0.27425
Feedback: 0.66
Received=	-0.098844
Feedback: 0.66
Received=	0.112
Feedback: 0.66
Received=	-0.0015975
Feedback: 0.66
Received=	-0.18832
Feedback: 0.66
Received=	-0.31531
Feedback: 0.66
Received=	-0.086692
=====  8:51:2 - NF  ============
Feedback: 0.42421
Received=	-0.095881
Feedback: 0.43496
Received=	-0.28662
Feedback: 0.65806
Received=	-0.14319
Feedback: 0.49029
Received=	0.018902
Feedback: 0.3007
Received=	-0.14193
Feedback: 0.48882
Received=	-0.23871
Feedback: 0.60202
Received=	-0.25519
Feedback: 0.6213
Received=	-0.18421
Feedback: 0.53827
Received=	-0.3432
Feedback: 0.72425
Received=	-0.3814
Feedback: 0.76893
Received=	-0.33796
Feedback: 0.71812
Received=	-0.32811
Feedback: 0.70659
Received=	-0.32987
Feedback: 0.70865
Received=	-0.40529
Feedback: 0.79686
Received=	-0.42183
Feedback: 0.81621
Received=	-0.24821
Feedback: 0.61313
Received=	-0.52794
Feedback: 0.9
Received=	-0.22168
Feedback: 0.58211
Received=	-0.48645
Feedback: 0.8918
Received=	-0.34455
Feedback: 0.72582
Received=	-0.29524
Feedback: 0.66815
Received=	-0.39728
Feedback: 0.7875
Received=	-0.5031
Feedback: 0.9
Received=	-0.33785
Feedback: 0.71798
Received=	-0.47656
Feedback: 0.88023
Received=	-0.56949
Feedback: 0.9
Received=	-0.63904
Feedback: 0.9
Received=	-0.50784
Feedback: 0.9
Received=	-0.69827
Feedback: 0.9
Received=	-0.62174
Feedback: 0.9
Received=	-0.39565
Feedback: 0.78559
Received=	-0.41197
Feedback: 0.80468
Received=	-0.53776
Feedback: 0.9
Received=	-0.65332
Feedback: 0.9
Received=	-0.5759
Feedback: 0.9
Received=	-0.53374
Feedback: 0.9
Received=	-0.68182
Feedback: 0.9
Received=	-0.80408
Feedback: 0.9
Received=	-0.68464
Feedback: 0.9
Received=	-0.58057
Feedback: 0.9
Received=	-0.4503
Feedback: 0.84952
Received=	-0.55128
Feedback: 0.9
Received=	-0.64202
Feedback: 0.9
Received=	-0.50187
Feedback: 0.9
Received=	-0.44222
Feedback: 0.84006
Received=	-0.4092
Feedback: 0.80144
Received=	-0.28323
Feedback: 0.6541
Received=	-0.46881
Feedback: 0.87116
Received=	-0.73679
Feedback: 0.9
Received=	-0.83954
Feedback: 0.9
Received=	-0.90592
Feedback: 0.9
Received=	-0.88115
Feedback: 0.9
Received=	-0.47417
Feedback: 0.87743
Received=	-0.43987
Feedback: 0.83732
Received=	-0.69797
Feedback: 0.9
Received=	-0.60344
Feedback: 0.9
Received=	-0.37089
Feedback: 0.75663
Received=	-0.25325
Feedback: 0.61903
Received=	-0.43569
Feedback: 0.83242
Calculated range:	[(-2.548471) - (1.451529)]
Success index = (-1.548471)
Received=	-0.5299
=====  8:54:2 - BASE  ============
Feedback: 0.66
Received=	-0.54544
Feedback: 0.66
Received=	-0.53867
Feedback: 0.66
Received=	-0.53536
Feedback: 0.66
Received=	-0.4508
Feedback: 0.66
Received=	-0.46406
Feedback: 0.66
Received=	-0.33172
Feedback: 0.66
Received=	-0.48997
Feedback: 0.66
Received=	-0.5897
Feedback: 0.66
Received=	-0.40972
Feedback: 0.66
Received=	-0.41757
Feedback: 0.66
Received=	-0.36274
Feedback: 0.66
Received=	-0.51691
Feedback: 0.66
Received=	-0.57083
Feedback: 0.66
Received=	-0.52067
Feedback: 0.66
Received=	-0.31814
Feedback: 0.66
Received=	-0.25556
Feedback: 0.66
Received=	-0.50713
Feedback: 0.66
Received=	-0.15922
Feedback: 0.66
Received=	-0.19033
Feedback: 0.66
Received=	-0.25377
=====  8:55:2 - NF  ============
Feedback: 0.12666
Received=	-0.38127
Feedback: 0.32431
Received=	-0.61038
Feedback: 0.6795
Received=	-0.50853
Feedback: 0.5216
Received=	-0.5168
Feedback: 0.53442
Received=	-0.43262
Feedback: 0.40392
Received=	-0.50097
Feedback: 0.50988
Received=	-0.43062
Feedback: 0.40082
Received=	-0.40169
Feedback: 0.35596
Received=	-0.58908
Feedback: 0.64648
Received=	-0.50019
Feedback: 0.50868
Received=	-0.4557
Feedback: 0.43971
Received=	-0.5466
Feedback: 0.58062
Received=	-0.45575
Feedback: 0.43978
Received=	-0.45594
Feedback: 0.44007
Received=	-0.49639
Feedback: 0.50278
Received=	-0.37872
Feedback: 0.32035
Received=	-0.57934
Feedback: 0.63139
Received=	-0.35458
Feedback: 0.28294
Received=	-0.28372
Feedback: 0.17308
Received=	-0.51885
Feedback: 0.5376
Received=	-0.5722
Feedback: 0.62031
Received=	-0.56021
Feedback: 0.60172
Received=	-0.47518
Feedback: 0.4699
Received=	-0.29575
Feedback: 0.19173
Received=	-0.40367
Feedback: 0.35905
Received=	-0.48749
Feedback: 0.48899
Received=	-0.58797
Feedback: 0.64476
Received=	-0.37881
Feedback: 0.3205
Received=	-0.62026
Feedback: 0.69481
Received=	-0.58455
Feedback: 0.63946
Received=	-0.52878
Feedback: 0.553
Received=	-0.43025
Feedback: 0.40024
Received=	-0.31288
Feedback: 0.21828
Received=	-0.24779
Feedback: 0.11738
Received=	-0.30917
Feedback: 0.21254
Received=	-0.54909
Feedback: 0.58449
Received=	-0.56658
Feedback: 0.6116
Received=	-0.5854
Feedback: 0.64077
Received=	-0.40248
Feedback: 0.35719
Received=	-0.41108
Feedback: 0.37053
Received=	-0.5678
Feedback: 0.61349
Received=	-0.5241
Feedback: 0.54574
Received=	-0.35834
Feedback: 0.28876
Received=	-0.37623
Feedback: 0.3165
Received=	-0.50275
Feedback: 0.51264
Received=	-0.41853
Feedback: 0.38208
Received=	-0.46906
Feedback: 0.46041
Received=	-0.30384
Feedback: 0.20427
Received=	-0.47134
Feedback: 0.46395
Received=	-0.56668
Feedback: 0.61175
Received=	-0.57089
Feedback: 0.61828
Received=	-0.51755
Feedback: 0.53559
Received=	-0.40805
Feedback: 0.36584
Received=	-0.26122
Feedback: 0.1382
Received=	-0.35175
Feedback: 0.27855
Received=	-0.42681
Feedback: 0.39491
Received=	-0.45805
Feedback: 0.44334
Received=	-0.50037
Feedback: 0.50896
Received=	-0.40366
Feedback: 0.35902
Calculated range:	[(-2.000000) - (2.000000)]
Success index = (-0.312733)
closing...
