Direction=-1.000000	; step=1.000000;
Received=	0
Feedback: 0.66
Received=	0
Feedback: 0.66
Received=	0
Feedback: 0.66
Received=	0.039431
Feedback: 0.66
Received=	-0.17014
Feedback: 0.66
Received=	0.024385
Feedback: 0.66
Received=	0.040879
Feedback: 0.66
Received=	-0.083955
Feedback: 0.66
Received=	0.046693
Feedback: 0.66
Received=	-0.089624
Feedback: 0.66
Received=	0.14442
Feedback: 0.66
Received=	0.32478
Feedback: 0.66
Received=	0.21494
Feedback: 0.66
Received=	0.18832
Feedback: 0.66
Received=	0.079499
Feedback: 0.66
Received=	0.073224
Feedback: 0.66
Received=	-0.12439
Feedback: 0.66
Received=	-0.32677
Feedback: 0.66
Received=	-0.5274
Feedback: 0.66
Received=	-0.09482
Feedback: 0.66
Received=	0.68116
=====  10:39:22 - NF  ============
Feedback: 0.1
Received=	0.71828
Feedback: 0.1
Received=	0.42263
Feedback: 0.1
Received=	0.28057
Feedback: 0.20518
Received=	0.057793
Feedback: 0.42863
Received=	0.26058
Feedback: 0.22522
Received=	0.20675
Feedback: 0.27922
Received=	0.025225
Feedback: 0.46129
Received=	-0.09394
Feedback: 0.58082
Received=	0.31163
Feedback: 0.17402
Received=	0.73789
Feedback: 0.1
Received=	0.63085
Feedback: 0.1
Received=	-0.12593
Feedback: 0.61291
Received=	-0.22866
Feedback: 0.71596
Received=	0.20458
Feedback: 0.2814
Received=	0.48843
Feedback: 0.1
Received=	0.11447
Feedback: 0.37178
Received=	-0.1759
Feedback: 0.66303
Received=	-0.050633
Feedback: 0.53738
Received=	0.088762
Feedback: 0.39756
Received=	0.37892
Feedback: 0.10653
Received=	0.18828
Feedback: 0.29774
Received=	-0.03962
Feedback: 0.52634
Received=	-0.042268
Feedback: 0.52899
Received=	0.064019
Feedback: 0.42238
Received=	-0.25321
Feedback: 0.74057
Received=	-0.60936
Feedback: 0.9
Received=	0.18191
Feedback: 0.30413
Received=	0.46249
Feedback: 0.1
Received=	0.023641
Feedback: 0.46288
Received=	0.15953
Feedback: 0.32658
Received=	-0.33008
Feedback: 0.81768
Received=	-0.37174
Feedback: 0.85947
Received=	-0.056659
Feedback: 0.54343
Received=	0.51104
Feedback: 0.1
Received=	0.1578
Feedback: 0.32832
Received=	-0.50368
Feedback: 0.9
Received=	-0.57082
Feedback: 0.9
Received=	-0.029592
Feedback: 0.51628
Received=	0.20721
Feedback: 0.27876
Received=	0.09158
Feedback: 0.39474
Received=	0.019274
Feedback: 0.46726
Received=	0.13883
Feedback: 0.34734
Received=	-0.014165
Feedback: 0.5008
Received=	-0.076454
Feedback: 0.56328
Received=	-0.092957
Feedback: 0.57984
Received=	-0.089448
Feedback: 0.57632
Received=	-0.095956
Feedback: 0.58284
Received=	-0.19141
Feedback: 0.67859
Received=	-0.2314
Feedback: 0.7187
Received=	-0.2845
Feedback: 0.77196
Received=	-0.22966
Feedback: 0.71695
Received=	-0.29168
Feedback: 0.77916
Received=	-0.23103
Feedback: 0.71833
Received=	-0.058364
Feedback: 0.54514
Received=	0.13175
Feedback: 0.35444
Received=	-0.094857
Feedback: 0.58174
Received=	-0.16264
Feedback: 0.64974
Received=	-0.24867
Feedback: 0.73602
Received=	-0.056911
Feedback: 0.54368
Calculated range:	[(-2.000000) - (2.000000)]
Success index = (0.169217)
Received=	0.25741
=====  10:42:22 - BASE  ============
Feedback: 0.66
Received=	-0.015527
Feedback: 0.66
Received=	0.074973
Feedback: 0.66
Received=	0.39422
Feedback: 0.66
Received=	0.49158
Feedback: 0.66
Received=	0.26898
Feedback: 0.66
Received=	0.021431
Feedback: 0.66
Received=	0.0090004
Feedback: 0.66
Received=	0.03096
Feedback: 0.66
Received=	-0.020498
Feedback: 0.66
Received=	0.10639
Feedback: 0.66
Received=	0.25188
Feedback: 0.66
Received=	0.17021
Feedback: 0.66
Received=	-0.16805
Feedback: 0.66
Received=	-0.14419
Feedback: 0.66
Received=	-0.034127
Feedback: 0.66
Received=	-0.073756
Feedback: 0.66
Received=	-0.24134
Feedback: 0.66
Received=	-0.13715
Feedback: 0.66
Received=	-0.17387
Feedback: 0.66
Received=	-0.34167
=====  10:43:22 - NF  ============
Feedback: 0.88049
Received=	-0.0059604
Feedback: 0.55093
Received=	0.25505
Feedback: 0.2947
Received=	0.10945
Feedback: 0.43763
Received=	0.078918
Feedback: 0.46761
Received=	0.048763
Feedback: 0.49721
Received=	0.35662
Feedback: 0.195
Received=	0.23804
Feedback: 0.3114
Received=	0.16861
Feedback: 0.37957
Received=	0.19095
Feedback: 0.35764
Received=	0.12304
Feedback: 0.4243
Received=	0.0734
Feedback: 0.47303
Received=	-0.09636
Feedback: 0.63968
Received=	-0.14552
Feedback: 0.68794
Received=	-0.19018
Feedback: 0.73177
Received=	-0.087548
Feedback: 0.63103
Received=	-0.03747
Feedback: 0.58187
Received=	-0.19775
Feedback: 0.73921
Received=	-0.63057
Feedback: 0.9
Received=	-0.6271
Feedback: 0.9
Received=	-0.31666
Feedback: 0.85594
Received=	-0.4445
Feedback: 0.9
Received=	-0.2799
Feedback: 0.81985
Received=	-0.48149
Feedback: 0.9
Received=	-0.22835
Feedback: 0.76925
Received=	-0.19545
Feedback: 0.73695
Received=	-0.60617
Feedback: 0.9
Received=	-0.69513
Feedback: 0.9
Received=	-0.5105
Feedback: 0.9
Received=	-0.70208
Feedback: 0.9
Received=	-1.1228
Feedback: 0.9
Received=	-1.4257
Feedback: 0.9
Received=	-1.4014
Feedback: 0.9
Received=	-0.85442
Feedback: 0.9
Received=	-0.20726
Feedback: 0.74855
Received=	0.08872
Feedback: 0.45799
Received=	-0.10242
Feedback: 0.64562
Received=	-0.33909
Feedback: 0.87796
Received=	-0.25508
Feedback: 0.79549
Received=	-0.37984
Feedback: 0.9
Received=	-0.26327
Feedback: 0.80353
Received=	-0.30118
Feedback: 0.84074
Received=	-1.1433
Feedback: 0.9
Received=	-1.265
Feedback: 0.9
Received=	-1.2598
Feedback: 0.9
Received=	-1.0571
Feedback: 0.9
Received=	-0.67194
Feedback: 0.9
Received=	-0.29062
Feedback: 0.83038
Received=	0.48268
Feedback: 0.1
Received=	0.23837
Feedback: 0.31108
Received=	-0.58433
Feedback: 0.9
Received=	-1.0283
Feedback: 0.9
Received=	-0.58852
Feedback: 0.9
Received=	-0.51017
Feedback: 0.9
Received=	-0.73289
Feedback: 0.9
Received=	-0.92998
Feedback: 0.9
Received=	-0.73074
Feedback: 0.9
Received=	-0.51328
Feedback: 0.9
Received=	-0.15721
Feedback: 0.69941
Received=	-0.15905
Feedback: 0.70122
Calculated range:	[(-2.060619) - (1.939381)]
Success index = (-1.060619)
Received=	0.13561
=====  10:46:22 - BASE  ============
Feedback: 0.66
Received=	0.072257
Feedback: 0.66
Received=	0.36355
Feedback: 0.66
Received=	0.32848
Feedback: 0.66
Received=	0.39535
Feedback: 0.66
Received=	0.19871
Feedback: 0.66
Received=	0.23187
Feedback: 0.66
Received=	0.32989
Feedback: 0.66
Received=	0.48427
Feedback: 0.66
Received=	0.35396
Feedback: 0.66
Received=	0.14888
Feedback: 0.66
Received=	0.23679
Feedback: 0.66
Received=	0.31018
Feedback: 0.66
Received=	0.064921
Feedback: 0.66
Received=	-0.031925
Feedback: 0.66
Received=	0.19112
Feedback: 0.66
Received=	0.58097
Feedback: 0.66
Received=	0.41809
Feedback: 0.66
Received=	0.39758
Feedback: 0.66
Received=	0.2191
Feedback: 0.66
Received=	0.14306
=====  10:47:22 - NF  ============
Feedback: 0.68509
Received=	0.20124
Feedback: 0.60706
Received=	0.21172
Feedback: 0.593
Received=	0.084094
Feedback: 0.76417
Received=	-0.032485
Feedback: 0.9
Received=	-0.23606
Feedback: 0.9
Received=	-0.27043
Feedback: 0.9
Received=	-0.39054
Feedback: 0.9
Received=	-0.44338
Feedback: 0.9
Received=	-0.51561
Feedback: 0.9
Received=	-0.31114
Feedback: 0.9
Received=	-0.74823
Feedback: 0.9
Received=	-0.55092
Feedback: 0.9
Received=	-0.43488
Feedback: 0.9
Received=	-0.50796
Feedback: 0.9
Received=	-0.40473
Feedback: 0.9
Received=	-0.01201
Feedback: 0.89307
Received=	0.11427
Feedback: 0.7237
Received=	0.47344
Feedback: 0.24198
Received=	0.71865
Feedback: 0.1
Received=	0.66765
Feedback: 0.1
Received=	0.56193
Feedback: 0.12329
Received=	-0.029754
Feedback: 0.9
Received=	-0.34663
Feedback: 0.9
Received=	-0.27481
Feedback: 0.9
Received=	0.043281
Feedback: 0.81891
Received=	-0.010133
Feedback: 0.89055
Received=	-0.4678
Feedback: 0.9
Received=	-0.91243
Feedback: 0.9
Received=	-0.86291
Feedback: 0.9
Received=	-1.4882
Feedback: 0.9
Received=	-1.9821
Feedback: 0.9
Received=	-1.3963
Feedback: 0.9
Received=	-0.50611
Feedback: 0.9
Received=	0.18267
Feedback: 0.63196
Received=	0.5264
Feedback: 0.17094
Received=	0.51644
Feedback: 0.1843
Received=	0.36588
Feedback: 0.38623
Received=	-0.19285
Feedback: 0.9
Received=	-0.31392
Feedback: 0.9
Received=	-0.045372
Feedback: 0.9
Received=	0.11151
Feedback: 0.72741
Received=	-0.34581
Feedback: 0.9
Received=	-0.45499
Feedback: 0.9
Received=	-0.53617
Feedback: 0.9
Received=	-0.37027
Feedback: 0.9
Received=	-0.20245
Feedback: 0.9
Received=	0.22965
Feedback: 0.56896
Received=	0.1428
Feedback: 0.68544
Received=	-0.34262
Feedback: 0.9
Received=	-1.092
Feedback: 0.9
Received=	-1.6355
Feedback: 0.9
Received=	-1.1527
Feedback: 0.9
Received=	-0.67381
Feedback: 0.9
Received=	-0.42957
Feedback: 0.9
Received=	-0.05365
Feedback: 0.9
Received=	-0.1631
Feedback: 0.9
Received=	-0.26838
Feedback: 0.9
Received=	-0.20807
Feedback: 0.9
Received=	-0.88002
Feedback: 0.9
Calculated range:	[(-2.257334) - (1.742666)]
Success index = (-1.257334)
Received=	-1.4852
=====  10:50:22 - BASE  ============
Feedback: 0.66
Received=	-1.5749
Feedback: 0.66
Received=	-0.85329
Feedback: 0.66
Received=	0.012684
Feedback: 0.66
Received=	-0.0070246
Feedback: 0.66
Received=	-0.26729
Feedback: 0.66
Received=	-0.17111
Feedback: 0.66
Received=	-0.4348
Feedback: 0.66
Received=	-0.26986
Feedback: 0.66
Received=	0.036278
Feedback: 0.66
Received=	0.2246
Feedback: 0.66
Received=	0.50676
Feedback: 0.66
Received=	0.39958
Feedback: 0.66
Received=	-0.08074
Feedback: 0.66
Received=	-0.087057
Feedback: 0.66
Received=	-0.29228
Feedback: 0.66
Received=	-0.58382
Feedback: 0.66
Received=	-0.41374
Feedback: 0.66
Received=	-0.4051
Feedback: 0.66
Received=	-0.64369
Feedback: 0.66
Received=	-0.73799
=====  10:51:22 - NF  ============
Feedback: 0.76076
Received=	-0.30093
Feedback: 0.51399
Received=	0.031286
Feedback: 0.32642
Received=	0.20719
Feedback: 0.2271
Received=	0.17715
Feedback: 0.24406
Received=	0.45354
Feedback: 0.1
Received=	0.010155
Feedback: 0.33835
Received=	-0.12627
Feedback: 0.41538
Received=	-0.093579
Feedback: 0.39692
Received=	0.13942
Feedback: 0.26537
Received=	-0.21504
Feedback: 0.4655
Received=	-0.45019
Feedback: 0.59826
Received=	-0.49214
Feedback: 0.62195
Received=	-0.4011
Feedback: 0.57055
Received=	-0.12176
Feedback: 0.41283
Received=	-0.12149
Feedback: 0.41268
Received=	-0.084457
Feedback: 0.39177
Received=	-0.20036
Feedback: 0.45721
Received=	-0.10735
Feedback: 0.40469
Received=	-0.16806
Feedback: 0.43897
Received=	-0.22614
Feedback: 0.47176
Received=	-0.081429
Feedback: 0.39006
Received=	-0.39758
Feedback: 0.56856
Received=	-0.37983
Feedback: 0.55854
Received=	-0.4349
Feedback: 0.58963
Received=	-0.36181
Feedback: 0.54837
Received=	0.052636
Feedback: 0.31437
Received=	0.3639
Feedback: 0.13863
Received=	0.077839
Feedback: 0.30014
Received=	0.023941
Feedback: 0.33057
Received=	0.232
Feedback: 0.21309
Received=	-0.16336
Feedback: 0.43632
Received=	-0.42088
Feedback: 0.58172
Received=	-0.37242
Feedback: 0.55436
Received=	0.056604
Feedback: 0.31213
Received=	0.090898
Feedback: 0.29276
Received=	-0.17178
Feedback: 0.44107
Received=	-0.36729
Feedback: 0.55146
Received=	-0.081975
Feedback: 0.39037
Received=	-0.11017
Feedback: 0.40629
Received=	-0.2368
Feedback: 0.47778
Received=	-0.3143
Feedback: 0.52154
Received=	-0.31464
Feedback: 0.52173
Received=	-0.36329
Feedback: 0.5492
Received=	-0.63642
Feedback: 0.70341
Received=	-0.90992
Feedback: 0.85783
Received=	-0.18229
Feedback: 0.44701
Received=	0.045845
Feedback: 0.3182
Received=	0.10302
Feedback: 0.28592
Received=	-0.176
Feedback: 0.44346
Received=	-0.024253
Feedback: 0.35778
Received=	0.57045
Feedback: 0.1
Received=	0.81961
Feedback: 0.1
Received=	0.29969
Feedback: 0.17487
Received=	0.024025
Feedback: 0.33052
Received=	0.15315
Feedback: 0.25762
Received=	0.19828
Feedback: 0.23214
Received=	0.091667
Feedback: 0.29233
Received=	-0.19499
Feedback: 0.45418
Received=	-0.19754
Feedback: 0.45562
Calculated range:	[(-2.000000) - (2.000000)]
Success index = (0.243373)
Received=	-0.30544
=====  10:54:22 - BASE  ============
Feedback: 0.66
Received=	0.034595
Feedback: 0.66
Received=	-0.058253
Feedback: 0.66
Received=	-0.081279
Feedback: 0.66
Received=	-0.070478
Feedback: 0.66
Received=	-0.18506
Feedback: 0.66
Received=	-0.12167
Feedback: 0.66
Received=	-0.16423
Feedback: 0.66
Received=	-0.011226
Feedback: 0.66
Received=	0.10044
Feedback: 0.66
Received=	-0.18778
Feedback: 0.66
Received=	-0.39832
Feedback: 0.66
Received=	-0.1586
Feedback: 0.66
Received=	-0.2718
Feedback: 0.66
Received=	-0.22846
Feedback: 0.66
Received=	0.040202
Feedback: 0.66
Received=	0.071016
Feedback: 0.66
Received=	0.052656
Feedback: 0.66
Received=	-0.078343
Feedback: 0.66
Received=	-0.34635
Feedback: 0.66
Received=	-0.41983
=====  10:55:22 - NF  ============
Feedback: 0.9
Received=	-0.1413
Feedback: 0.53517
Received=	0.18251
Feedback: 0.1
Received=	0.18837
Feedback: 0.1
Received=	0.32335
Feedback: 0.1
Received=	0.23325
Feedback: 0.1
Received=	-0.04344
Feedback: 0.39625
Received=	-0.0058278
Feedback: 0.34285
Received=	0.011568
Feedback: 0.31816
Received=	-0.021352
Feedback: 0.36489
Received=	0.12657
Feedback: 0.15491
Received=	-0.24741
Feedback: 0.68579
Received=	-0.3684
Feedback: 0.85755
Received=	-0.11076
Feedback: 0.4918
Received=	-0.22032
Feedback: 0.64733
Received=	-0.19522
Feedback: 0.61171
Received=	-0.16483
Feedback: 0.56856
Received=	-0.21513
Feedback: 0.63997
Received=	-0.39412
Feedback: 0.89405
Received=	0.19046
Feedback: 0.1
Received=	0.15249
Feedback: 0.11811
Received=	-0.020088
Feedback: 0.3631
Received=	-0.19492
Feedback: 0.61128
Received=	-0.32522
Feedback: 0.79624
Received=	-0.2265
Feedback: 0.6561
Received=	0.085713
Feedback: 0.21291
Received=	0.11937
Feedback: 0.16514
Received=	0.37109
Feedback: 0.1
Received=	-0.10368
Feedback: 0.48175
Received=	-0.37591
Feedback: 0.86821
Received=	-0.58318
Feedback: 0.9
Received=	-0.64412
Feedback: 0.9
Received=	-0.57999
Feedback: 0.9
Received=	0.033745
Feedback: 0.28668
Received=	0.64294
Feedback: 0.1
Received=	0.54044
Feedback: 0.1
Received=	-0.21631
Feedback: 0.64164
Received=	-0.44865
Feedback: 0.9
Received=	-0.54418
Feedback: 0.9
Received=	-0.67622
Feedback: 0.9
Received=	-0.35098
Feedback: 0.83282
Received=	-0.049062
Feedback: 0.40423
Received=	-0.042466
Feedback: 0.39486
Received=	0.26512
Feedback: 0.1
Received=	0.33393
Feedback: 0.1
Received=	0.36235
Feedback: 0.1
Received=	-0.063091
Feedback: 0.42414
Received=	-0.073147
Feedback: 0.43842
Received=	-0.10453
Feedback: 0.48297
Received=	-0.23943
Feedback: 0.67447
Received=	-0.24328
Feedback: 0.67992
Received=	-0.050853
Feedback: 0.40677
Received=	0.60033
Feedback: 0.1
Received=	0.6745
Feedback: 0.1
Received=	0.27689
Feedback: 0.1
Received=	-0.12671
Feedback: 0.51445
Received=	-0.023098
Feedback: 0.36737
Received=	-0.1295
Feedback: 0.51842
Received=	-0.16448
Feedback: 0.56806
Received=	0.14664
Feedback: 0.12642
Calculated range:	[(-2.000000) - (2.000000)]
Success index = (0.227284)
closing...
