Direction=-1.000000	; step=1.000000;
Received=	0
Feedback: 0.66
Received=	0
Feedback: 0.66
Received=	0
Feedback: 0.66
Received=	-0.43628
Feedback: 0.66
Received=	-0.24154
Feedback: 0.66
Received=	-0.049682
Feedback: 0.66
Received=	0.40815
Feedback: 0.66
Received=	0.48947
Feedback: 0.66
Received=	0.17553
Feedback: 0.66
Received=	-0.31043
Feedback: 0.66
Received=	-0.43221
Feedback: 0.66
Received=	0.20683
Feedback: 0.66
Received=	0.14989
Feedback: 0.66
Received=	0.00073476
Feedback: 0.66
Received=	0.16431
Feedback: 0.66
Received=	0.085763
Feedback: 0.66
Received=	0.32048
Feedback: 0.66
Received=	0.27159
Feedback: 0.66
Received=	-0.18049
Feedback: 0.66
Received=	-0.038119
Feedback: 0.66
Received=	0.2036
=====  16:36:20 - NF  ============
Feedback: 0.37439
Received=	0.26931
Feedback: 0.32616
Received=	0.12979
Feedback: 0.42856
Received=	0.15557
Feedback: 0.40964
Received=	0.23423
Feedback: 0.35191
Received=	0.21873
Feedback: 0.36328
Received=	0.10976
Feedback: 0.44326
Received=	0.18664
Feedback: 0.38683
Received=	0.18896
Feedback: 0.38513
Received=	0.086151
Feedback: 0.46058
Received=	0.15308
Feedback: 0.41147
Received=	0.18039
Feedback: 0.39142
Received=	0.21526
Feedback: 0.36583
Received=	-0.10633
Feedback: 0.60185
Received=	-0.37245
Feedback: 0.79716
Received=	-0.22505
Feedback: 0.68898
Received=	-0.030413
Feedback: 0.54613
Received=	0.21903
Feedback: 0.36306
Received=	0.2503
Feedback: 0.34011
Received=	0.084119
Feedback: 0.46208
Received=	0.093896
Feedback: 0.4549
Received=	0.20125
Feedback: 0.37611
Received=	0.052773
Feedback: 0.48508
Received=	-0.10022
Feedback: 0.59736
Received=	0.12702
Feedback: 0.43059
Received=	0.2802
Feedback: 0.31817
Received=	0.396
Feedback: 0.23318
Received=	0.15239
Feedback: 0.41197
Received=	0.0037789
Feedback: 0.52104
Received=	0.0011778
Feedback: 0.52295
Received=	0.13278
Feedback: 0.42637
Received=	0.1324
Feedback: 0.42665
Received=	0.19112
Feedback: 0.38355
Received=	0.24231
Feedback: 0.34598
Received=	0.052776
Feedback: 0.48508
Received=	0.10133
Feedback: 0.44945
Received=	0.20509
Feedback: 0.37329
Received=	0.22429
Feedback: 0.3592
Received=	0.19328
Feedback: 0.38196
Received=	0.1031
Feedback: 0.44814
Received=	0.31201
Feedback: 0.29482
Received=	0.28834
Feedback: 0.3122
Received=	0.074717
Feedback: 0.46898
Received=	0.11795
Feedback: 0.43725
Received=	0.026361
Feedback: 0.50447
Received=	-0.10176
Feedback: 0.59849
Received=	-0.031287
Feedback: 0.54677
Received=	0.15359
Feedback: 0.41109
Received=	0.26672
Feedback: 0.32806
Received=	0.18921
Feedback: 0.38494
Received=	-0.013836
Feedback: 0.53397
Received=	0.12083
Feedback: 0.43513
Received=	0.37239
Feedback: 0.25051
Received=	0.31861
Feedback: 0.28998
Received=	0.1376
Feedback: 0.42282
Received=	0.072393
Feedback: 0.47068
Received=	0.027629
Feedback: 0.50353
Received=	-0.14361
Feedback: 0.62921
Received=	-0.17473
Feedback: 0.65205
Received=	0.02072
Feedback: 0.50861
Calculated range:	[(-2.000000) - (2.000000)]
Success index = (0.478433)
Received=	-0.05657
=====  16:39:20 - BASE  ============
Feedback: 0.66
Received=	-0.2013
Feedback: 0.66
Received=	-0.054155
Feedback: 0.66
Received=	0.38672
Feedback: 0.66
Received=	0.53296
Feedback: 0.66
Received=	0.25393
Feedback: 0.66
Received=	-0.16275
Feedback: 0.66
Received=	-0.099513
Feedback: 0.66
Received=	0.1085
Feedback: 0.66
Received=	0.24489
Feedback: 0.66
Received=	-0.047623
Feedback: 0.66
Received=	-0.13881
Feedback: 0.66
Received=	-0.182
Feedback: 0.66
Received=	-0.19479
Feedback: 0.66
Received=	-0.31285
Feedback: 0.66
Received=	-0.21289
Feedback: 0.66
Received=	0.13482
Feedback: 0.66
Received=	0.045822
Feedback: 0.66
Received=	-0.41397
Feedback: 0.66
Received=	-0.42639
Feedback: 0.66
Received=	-0.24822
=====  16:40:20 - NF  ============
Feedback: 0.66419
Received=	-0.19454
Feedback: 0.62382
Received=	-0.25821
Feedback: 0.67171
Received=	-0.090352
Feedback: 0.54547
Received=	0.078105
Feedback: 0.41878
Received=	-0.0044429
Feedback: 0.48086
Received=	0.0091323
Feedback: 0.47065
Received=	-0.046989
Feedback: 0.51286
Received=	0.20894
Feedback: 0.32039
Received=	0.17811
Feedback: 0.34357
Received=	-0.14084
Feedback: 0.58344
Received=	-0.036656
Feedback: 0.50509
Received=	0.24507
Feedback: 0.29321
Received=	0.31825
Feedback: 0.23818
Received=	0.20136
Feedback: 0.32609
Received=	0.23267
Feedback: 0.30254
Received=	-0.1239
Feedback: 0.5707
Received=	-0.30932
Feedback: 0.71014
Received=	-0.33681
Feedback: 0.73082
Received=	0.24034
Feedback: 0.29677
Received=	0.25494
Feedback: 0.28579
Received=	-0.011518
Feedback: 0.48618
Received=	0.040045
Feedback: 0.4474
Received=	-0.062399
Feedback: 0.52444
Received=	0.032124
Feedback: 0.45336
Received=	0.15081
Feedback: 0.3641
Received=	0.1831
Feedback: 0.33982
Received=	0.25253
Feedback: 0.28761
Received=	0.089002
Feedback: 0.41058
Received=	0.026192
Feedback: 0.45782
Received=	0.058458
Feedback: 0.43355
Received=	-0.27139
Feedback: 0.68162
Received=	-0.27369
Feedback: 0.68334
Received=	-0.11791
Feedback: 0.56619
Received=	-0.19414
Feedback: 0.62352
Received=	0.031163
Feedback: 0.45408
Received=	0.37967
Feedback: 0.19199
Received=	0.54788
Feedback: 0.1
Received=	0.23114
Feedback: 0.30369
Received=	-0.18574
Feedback: 0.6172
Received=	-0.43067
Feedback: 0.8014
Received=	-0.3969
Feedback: 0.776
Received=	0.034276
Feedback: 0.45174
Received=	0.075362
Feedback: 0.42084
Received=	0.31328
Feedback: 0.24192
Received=	0.10548
Feedback: 0.39819
Received=	0.064038
Feedback: 0.42936
Received=	0.1529
Feedback: 0.36253
Received=	0.041141
Feedback: 0.44658
Received=	-0.12298
Feedback: 0.57
Received=	0.066718
Feedback: 0.42734
Received=	0.23661
Feedback: 0.29957
Received=	-0.46528
Feedback: 0.82743
Received=	-0.4396
Feedback: 0.80812
Received=	-0.37863
Feedback: 0.76227
Received=	-0.41926
Feedback: 0.79282
Received=	-0.41248
Feedback: 0.78772
Received=	-0.35677
Feedback: 0.74582
Received=	-0.30593
Feedback: 0.70759
Received=	-0.15998
Feedback: 0.59783
Calculated range:	[(-2.000000) - (2.000000)]
Success index = (0.005202)
Received=	-0.17408
=====  16:43:20 - BASE  ============
Feedback: 0.66
Received=	-0.37615
Feedback: 0.66
Received=	-0.27072
Feedback: 0.66
Received=	0.012516
Feedback: 0.66
Received=	-0.045332
Feedback: 0.66
Received=	0.00049911
Feedback: 0.66
Received=	-0.25966
Feedback: 0.66
Received=	0.0040593
Feedback: 0.66
Received=	0.057984
Feedback: 0.66
Received=	-0.089519
Feedback: 0.66
Received=	-0.24901
Feedback: 0.66
Received=	-0.15447
Feedback: 0.66
Received=	-0.12554
Feedback: 0.66
Received=	-0.38798
Feedback: 0.66
Received=	0.079979
Feedback: 0.66
Received=	0.15727
Feedback: 0.66
Received=	-0.065602
Feedback: 0.66
Received=	-0.033231
Feedback: 0.66
Received=	0.028876
Feedback: 0.66
Received=	0.04651
Feedback: 0.66
Received=	-0.038795
=====  16:44:20 - NF  ============
Feedback: 0.45412
Received=	-0.0074559
Feedback: 0.41063
Received=	-0.097895
Feedback: 0.53614
Received=	-0.051776
Feedback: 0.47214
Received=	0.11328
Feedback: 0.24307
Received=	0.17841
Feedback: 0.15269
Received=	0.054438
Feedback: 0.32473
Received=	-0.13673
Feedback: 0.59004
Received=	-0.37967
Feedback: 0.9
Received=	-0.11922
Feedback: 0.56573
Received=	0.023267
Feedback: 0.36799
Received=	-0.14791
Feedback: 0.60554
Received=	-0.008139
Feedback: 0.41158
Received=	-0.18659
Feedback: 0.65923
Received=	-0.040523
Feedback: 0.45652
Received=	0.074528
Feedback: 0.29685
Received=	-0.26993
Feedback: 0.77489
Received=	-0.23229
Feedback: 0.72265
Received=	-0.0032499
Feedback: 0.40479
Received=	0.01145
Feedback: 0.38439
Received=	-0.088047
Feedback: 0.52247
Received=	0.024342
Feedback: 0.3665
Received=	-0.084294
Feedback: 0.51726
Received=	-0.12936
Feedback: 0.5798
Received=	0.047288
Feedback: 0.33466
Received=	0.14593
Feedback: 0.19776
Received=	-0.20455
Feedback: 0.68416
Received=	-0.4115
Feedback: 0.9
Received=	-0.34385
Feedback: 0.87747
Received=	0.030526
Feedback: 0.35792
Received=	0.35174
Feedback: 0.1
Received=	0.080807
Feedback: 0.28814
Received=	-0.16708
Feedback: 0.63216
Received=	-0.12369
Feedback: 0.57193
Received=	-0.2834
Feedback: 0.79358
Received=	-0.26984
Feedback: 0.77477
Received=	0.021791
Feedback: 0.37004
Received=	-0.11865
Feedback: 0.56495
Received=	0.14377
Feedback: 0.20076
Received=	-0.0073768
Feedback: 0.41052
Received=	0.0018878
Feedback: 0.39766
Received=	0.015104
Feedback: 0.37932
Received=	-0.05517
Feedback: 0.47685
Received=	-0.12387
Feedback: 0.57218
Received=	-0.17339
Feedback: 0.64091
Received=	0.062288
Feedback: 0.31384
Received=	0.10194
Feedback: 0.25881
Received=	0.23326
Feedback: 0.1
Received=	0.3442
Feedback: 0.1
Received=	0.23659
Feedback: 0.1
Received=	0.37874
Feedback: 0.1
Received=	0.33158
Feedback: 0.1
Received=	0.28494
Feedback: 0.1
Received=	-0.042934
Feedback: 0.45987
Received=	-0.1915
Feedback: 0.66604
Received=	-0.34476
Feedback: 0.87874
Received=	-0.10263
Feedback: 0.54271
Received=	-0.012565
Feedback: 0.41772
Received=	-0.16392
Feedback: 0.62777
Received=	-0.42179
Feedback: 0.9
Calculated range:	[(-2.000000) - (2.000000)]
Success index = (0.189024)
Received=	-0.1774
=====  16:47:20 - BASE  ============
Feedback: 0.66
Received=	-0.1464
Feedback: 0.66
Received=	-0.20454
Feedback: 0.66
Received=	-0.33701
Feedback: 0.66
Received=	-0.32845
Feedback: 0.66
Received=	0.11301
Feedback: 0.66
Received=	0.3883
Feedback: 0.66
Received=	0.2815
Feedback: 0.66
Received=	-0.14725
Feedback: 0.66
Received=	-0.29229
Feedback: 0.66
Received=	-0.25243
Feedback: 0.66
Received=	-0.1845
Feedback: 0.66
Received=	-0.17563
Feedback: 0.66
Received=	-0.061777
Feedback: 0.66
Received=	0.042587
Feedback: 0.66
Received=	0.096127
Feedback: 0.66
Received=	0.017947
Feedback: 0.66
Received=	-0.019932
Feedback: 0.66
Received=	0.47902
Feedback: 0.66
Received=	0.2615
Feedback: 0.66
Received=	0.30762
=====  16:48:20 - NF  ============
Feedback: 0.23789
Received=	0.18907
Feedback: 0.33332
Received=	0.029965
Feedback: 0.4614
Received=	0.018053
Feedback: 0.47099
Received=	0.047754
Feedback: 0.44708
Received=	0.30826
Feedback: 0.23738
Received=	0.24092
Feedback: 0.29158
Received=	-0.050231
Feedback: 0.52595
Received=	-0.0484
Feedback: 0.52448
Received=	-0.075332
Feedback: 0.54616
Received=	-0.29333
Feedback: 0.72164
Received=	-0.40862
Feedback: 0.81445
Received=	-0.4775
Feedback: 0.86989
Received=	-0.67739
Feedback: 0.9
Received=	-1.0034
Feedback: 0.9
Received=	-1.3479
Feedback: 0.9
Received=	-0.90631
Feedback: 0.9
Received=	-0.80996
Feedback: 0.9
Received=	-1.015
Feedback: 0.9
Received=	-1.3636
Feedback: 0.9
Received=	-1.0505
Feedback: 0.9
Received=	-0.52907
Feedback: 0.9
Received=	-0.3006
Feedback: 0.72749
Received=	0.19748
Feedback: 0.32656
Received=	0.36508
Feedback: 0.19164
Received=	0.1643
Feedback: 0.35326
Received=	-0.070601
Feedback: 0.54235
Received=	-0.043977
Feedback: 0.52092
Received=	0.01456
Feedback: 0.4738
Received=	0.04399
Feedback: 0.45011
Received=	0.046111
Feedback: 0.4484
Received=	-0.034621
Feedback: 0.51339
Received=	-0.30593
Feedback: 0.73178
Received=	0.12746
Feedback: 0.38291
Received=	0.19567
Feedback: 0.32801
Received=	0.16841
Feedback: 0.34996
Received=	-0.14985
Feedback: 0.60614
Received=	-0.013615
Feedback: 0.49648
Received=	0.16726
Feedback: 0.35088
Received=	0.30649
Feedback: 0.2388
Received=	0.11539
Feedback: 0.39263
Received=	0.33692
Feedback: 0.2143
Received=	0.43531
Feedback: 0.1351
Received=	0.48499
Feedback: 0.1
Received=	0.2265
Feedback: 0.3032
Received=	-0.0435
Feedback: 0.52053
Received=	-0.44848
Feedback: 0.84653
Received=	-0.46705
Feedback: 0.86148
Received=	-0.32537
Feedback: 0.74743
Received=	-0.12982
Feedback: 0.59002
Received=	-0.22437
Feedback: 0.66613
Received=	-0.30808
Feedback: 0.73351
Received=	0.13025
Feedback: 0.38067
Received=	0.26891
Feedback: 0.26906
Received=	0.11056
Feedback: 0.39652
Received=	0.31043
Feedback: 0.23563
Received=	0.17705
Feedback: 0.34299
Received=	0.30621
Feedback: 0.23903
Received=	0.44012
Feedback: 0.13124
Received=	0.0036192
Feedback: 0.48261
Calculated range:	[(-2.000000) - (2.000000)]
Success index = (-0.233297)
Received=	-0.12113
=====  16:51:20 - BASE  ============
Feedback: 0.66
Received=	0.059106
Feedback: 0.66
Received=	0.11117
Feedback: 0.66
Received=	0.19353
Feedback: 0.66
Received=	0.12495
Feedback: 0.66
Received=	0.013253
Feedback: 0.66
Received=	0.034255
Feedback: 0.66
Received=	-0.017619
Feedback: 0.66
Received=	0.046223
Feedback: 0.66
Received=	0.20622
Feedback: 0.66
Received=	0.047286
Feedback: 0.66
Received=	-0.0060249
Feedback: 0.66
Received=	0.35053
Feedback: 0.66
Received=	0.071323
Feedback: 0.66
Received=	-0.074571
Feedback: 0.66
Received=	0.18327
Feedback: 0.66
Received=	0.13983
Feedback: 0.66
Received=	-0.092529
Feedback: 0.66
Received=	0.06684
Feedback: 0.66
Received=	0.20382
Feedback: 0.66
Received=	0.23437
=====  16:52:20 - NF  ============
Feedback: 0.24006
Received=	0.094009
Feedback: 0.49102
Received=	0.20852
Feedback: 0.28628
Received=	0.35641
Feedback: 0.1
Received=	0.29171
Feedback: 0.13755
Received=	-0.12649
Feedback: 0.88526
Received=	-0.27601
Feedback: 0.9
Received=	-0.25087
Feedback: 0.9
Received=	-0.020754
Feedback: 0.69621
Received=	0.13451
Feedback: 0.41861
Received=	0.27908
Feedback: 0.16013
Received=	0.010956
Feedback: 0.63951
Received=	-0.078732
Feedback: 0.79987
Received=	-0.18985
Feedback: 0.9
Received=	0.24705
Feedback: 0.21739
Received=	0.11311
Feedback: 0.45686
Received=	-0.0035502
Feedback: 0.66545
Received=	-0.25823
Feedback: 0.9
Received=	-0.89742
Feedback: 0.9
Received=	-0.96673
Feedback: 0.9
Received=	-0.83522
Feedback: 0.9
Received=	-0.74298
Feedback: 0.9
Received=	-0.53681
Feedback: 0.9
Received=	-0.43376
Feedback: 0.9
Received=	-0.51927
Feedback: 0.9
Received=	-0.94867
Feedback: 0.9
Received=	-0.61972
Feedback: 0.9
Received=	-0.44597
Feedback: 0.9
Received=	-0.62876
Feedback: 0.9
Received=	-1.1687
Feedback: 0.9
Received=	-1.1673
Feedback: 0.9
Received=	-0.90353
Feedback: 0.9
Received=	-0.48326
Feedback: 0.9
Received=	-0.47754
Feedback: 0.9
Received=	-0.5687
Feedback: 0.9
Received=	-0.47788
Feedback: 0.9
Received=	-0.34607
Feedback: 0.9
Received=	-0.18913
Feedback: 0.9
Received=	0.093408
Feedback: 0.49209
Received=	0.18188
Feedback: 0.33391
Received=	0.32901
Feedback: 0.1
Received=	0.11143
Feedback: 0.45988
Received=	-0.036085
Feedback: 0.72362
Received=	-0.35825
Feedback: 0.9
Received=	-0.43031
Feedback: 0.9
Received=	-0.43173
Feedback: 0.9
Received=	-0.40715
Feedback: 0.9
Received=	-0.032392
Feedback: 0.71702
Received=	-0.014005
Feedback: 0.68414
Received=	-0.19343
Feedback: 0.9
Received=	-0.061358
Feedback: 0.76881
Received=	-0.24399
Feedback: 0.9
Received=	-0.29297
Feedback: 0.9
Received=	-0.22564
Feedback: 0.9
Received=	-0.06305
Feedback: 0.77183
Received=	-0.1355
Feedback: 0.9
Received=	-0.24806
Feedback: 0.9
Received=	-0.25481
Feedback: 0.9
Received=	0.11786
Feedback: 0.44838
Received=	0.13005
Feedback: 0.42658
Calculated range:	[(-2.066828) - (1.933172)]
Success index = (-1.066828)
closing...
