Direction=-1.000000	; step=1.000000;
Received=	0
Feedback: 0.66
Received=	0
Feedback: 0.66
Received=	0
Feedback: 0.66
Received=	-0.091977
Feedback: 0.66
Received=	0.18201
Feedback: 0.66
Received=	0.31477
Feedback: 0.66
Received=	0.10625
Feedback: 0.66
Received=	0.083453
Feedback: 0.66
Received=	0.098307
Feedback: 0.66
Received=	-0.041264
Feedback: 0.66
Received=	-0.14252
Feedback: 0.66
Received=	-0.1274
Feedback: 0.66
Received=	-0.059487
Feedback: 0.66
Received=	0.018692
Feedback: 0.66
Received=	-0.2667
Feedback: 0.66
Received=	-0.34097
Feedback: 0.66
Received=	-0.2159
Feedback: 0.66
Received=	-0.062869
Feedback: 0.66
Received=	0.02864
Feedback: 0.66
Received=	0.097079
Feedback: 0.66
Received=	-0.10145
=====  12:34:28 - NF  ============
Feedback: 0.59613
Received=	-0.024894
Feedback: 0.50193
Received=	-0.017035
Feedback: 0.49226
Received=	-0.10273
Feedback: 0.59771
Received=	0.070032
Feedback: 0.38512
Received=	0.0070719
Feedback: 0.46259
Received=	0.20222
Feedback: 0.22247
Received=	0.12348
Feedback: 0.31936
Received=	0.021188
Feedback: 0.44523
Received=	0.10488
Feedback: 0.34224
Received=	-0.15729
Feedback: 0.66484
Received=	-0.12429
Feedback: 0.62424
Received=	-0.041198
Feedback: 0.52199
Received=	-0.032329
Feedback: 0.51108
Received=	0.063533
Feedback: 0.39312
Received=	0.17347
Feedback: 0.25784
Received=	0.39781
Feedback: 0.1
Received=	0.018921
Feedback: 0.44801
Received=	-0.13718
Feedback: 0.6401
Received=	0.074333
Feedback: 0.37983
Received=	0.11537
Feedback: 0.32934
Received=	0.199
Feedback: 0.22643
Received=	0.068701
Feedback: 0.38676
Received=	0.004796
Feedback: 0.46539
Received=	-0.12097
Feedback: 0.62015
Received=	-0.15784
Feedback: 0.66552
Received=	0.24765
Feedback: 0.16657
Received=	-0.081509
Feedback: 0.57159
Received=	-0.22005
Feedback: 0.74207
Received=	-0.20794
Feedback: 0.72716
Received=	0.13476
Feedback: 0.30548
Received=	0.34021
Feedback: 0.1
Received=	0.032606
Feedback: 0.43118
Received=	0.11744
Feedback: 0.32679
Received=	0.083703
Feedback: 0.3683
Received=	-0.024233
Feedback: 0.50111
Received=	-0.048724
Feedback: 0.53125
Received=	-0.088
Feedback: 0.57958
Received=	-0.020721
Feedback: 0.49679
Received=	-0.025552
Feedback: 0.50274
Received=	-0.08958
Feedback: 0.58152
Received=	-0.14707
Feedback: 0.65226
Received=	-0.24233
Feedback: 0.76948
Received=	-0.24161
Feedback: 0.76859
Received=	-0.26111
Feedback: 0.79259
Received=	-0.05148
Feedback: 0.53464
Received=	0.20097
Feedback: 0.22401
Received=	0.26886
Feedback: 0.14047
Received=	0.077096
Feedback: 0.37643
Received=	0.15889
Feedback: 0.27579
Received=	0.11134
Feedback: 0.33429
Received=	-0.049054
Feedback: 0.53166
Received=	0.25784
Feedback: 0.15403
Received=	0.19278
Feedback: 0.23409
Received=	0.018906
Feedback: 0.44803
Received=	0.036575
Feedback: 0.42629
Received=	0.3157
Feedback: 0.1
Received=	0.028789
Feedback: 0.43587
Received=	-0.20079
Feedback: 0.71836
Received=	-0.10053
Feedback: 0.59499
Calculated range:	[(-2.000000) - (2.000000)]
Success index = (0.273353)
Received=	-0.12644
=====  12:37:28 - BASE  ============
Feedback: 0.66
Received=	0.0011713
Feedback: 0.66
Received=	0.14295
Feedback: 0.66
Received=	0.12179
Feedback: 0.66
Received=	0.42147
Feedback: 0.66
Received=	0.45057
Feedback: 0.66
Received=	0.19274
Feedback: 0.66
Received=	0.15146
Feedback: 0.66
Received=	0.0015329
Feedback: 0.66
Received=	0.19658
Feedback: 0.66
Received=	0.17504
Feedback: 0.66
Received=	0.040157
Feedback: 0.66
Received=	-0.082536
Feedback: 0.66
Received=	0.035355
Feedback: 0.66
Received=	0.18331
Feedback: 0.66
Received=	-0.11745
Feedback: 0.66
Received=	0.39245
Feedback: 0.66
Received=	0.41618
Feedback: 0.66
Received=	-0.22078
Feedback: 0.66
Received=	-0.4919
Feedback: 0.66
Received=	0.042345
=====  12:38:28 - NF  ============
Feedback: 0.55723
Received=	0.15083
Feedback: 0.46759
Received=	-0.027988
Feedback: 0.61534
Received=	-0.074563
Feedback: 0.65382
Received=	-0.15877
Feedback: 0.7234
Received=	0.17371
Feedback: 0.44869
Received=	0.31493
Feedback: 0.332
Received=	0.29736
Feedback: 0.34653
Received=	0.28853
Feedback: 0.35382
Received=	0.026863
Feedback: 0.57002
Received=	0.12529
Feedback: 0.4887
Received=	0.036937
Feedback: 0.5617
Received=	0.030901
Feedback: 0.56668
Received=	-0.012039
Feedback: 0.60216
Received=	0.1057
Feedback: 0.50488
Received=	0.085589
Feedback: 0.5215
Received=	-0.16265
Feedback: 0.7266
Received=	0.14737
Feedback: 0.47045
Received=	0.080332
Feedback: 0.52584
Received=	-0.065964
Feedback: 0.64672
Received=	0.355
Feedback: 0.2989
Received=	0.4043
Feedback: 0.25816
Received=	0.47896
Feedback: 0.19648
Received=	-0.1015
Feedback: 0.67608
Received=	-0.15978
Feedback: 0.72423
Received=	0.25013
Feedback: 0.38555
Received=	0.034576
Feedback: 0.56365
Received=	-0.089648
Feedback: 0.66628
Received=	-0.15908
Feedback: 0.72365
Received=	-0.24684
Feedback: 0.79617
Received=	-0.26606
Feedback: 0.81204
Received=	0.18235
Feedback: 0.44155
Received=	0.38989
Feedback: 0.27007
Received=	-0.054995
Feedback: 0.63765
Received=	0.11835
Feedback: 0.49443
Received=	-0.010753
Feedback: 0.6011
Received=	0.060203
Feedback: 0.54247
Received=	0.0093313
Feedback: 0.5845
Received=	-0.1202
Feedback: 0.69153
Received=	-0.1467
Feedback: 0.71342
Received=	-0.01366
Feedback: 0.6035
Received=	0.39176
Feedback: 0.26852
Received=	0.21288
Feedback: 0.41633
Received=	0.17989
Feedback: 0.44358
Received=	-0.09424
Feedback: 0.67008
Received=	0.16267
Feedback: 0.45781
Received=	0.055982
Feedback: 0.54596
Received=	-0.019962
Feedback: 0.60871
Received=	0.34004
Feedback: 0.31126
Received=	-0.081045
Feedback: 0.65918
Received=	-0.25765
Feedback: 0.8051
Received=	-0.083632
Feedback: 0.66131
Received=	-0.19367
Feedback: 0.75223
Received=	0.022184
Feedback: 0.57388
Received=	-0.089251
Feedback: 0.66596
Received=	-0.20233
Feedback: 0.75939
Received=	0.0087878
Feedback: 0.58495
Received=	0.12942
Feedback: 0.48528
Received=	0.24136
Feedback: 0.39279
Received=	-0.04934
Feedback: 0.63298
Calculated range:	[(-2.000000) - (2.000000)]
Success index = (-0.314859)
Received=	0.067052
=====  12:41:28 - BASE  ============
Feedback: 0.66
Received=	-0.097146
Feedback: 0.66
Received=	0.0923
Feedback: 0.66
Received=	0.2518
Feedback: 0.66
Received=	0.031557
Feedback: 0.66
Received=	-0.12925
Feedback: 0.66
Received=	0.010796
Feedback: 0.66
Received=	-0.117
Feedback: 0.66
Received=	-0.09211
Feedback: 0.66
Received=	-0.2201
Feedback: 0.66
Received=	-0.21993
Feedback: 0.66
Received=	0.06862
Feedback: 0.66
Received=	-0.35087
Feedback: 0.66
Received=	-0.26002
Feedback: 0.66
Received=	0.015099
Feedback: 0.66
Received=	-0.011674
Feedback: 0.66
Received=	0.024307
Feedback: 0.66
Received=	-0.25819
Feedback: 0.66
Received=	-0.19361
Feedback: 0.66
Received=	0.25627
Feedback: 0.66
Received=	0.64817
=====  12:42:28 - NF  ============
Feedback: 0.1
Received=	-0.017609
Feedback: 0.44951
Received=	-0.27507
Feedback: 0.74755
Received=	-0.014313
Feedback: 0.4457
Received=	-0.14286
Feedback: 0.59451
Received=	-0.0023894
Feedback: 0.4319
Received=	-0.16695
Feedback: 0.62239
Received=	-0.12367
Feedback: 0.57229
Received=	-0.039134
Feedback: 0.47443
Received=	-0.097971
Feedback: 0.54254
Received=	-0.034999
Feedback: 0.46964
Received=	-0.239
Feedback: 0.7058
Received=	-0.38666
Feedback: 0.87672
Received=	-0.26316
Feedback: 0.73376
Received=	-0.22167
Feedback: 0.68573
Received=	-0.10871
Feedback: 0.55497
Received=	0.12914
Feedback: 0.27964
Received=	0.04661
Feedback: 0.37517
Received=	-0.059088
Feedback: 0.49753
Received=	0.04563
Feedback: 0.37631
Received=	0.092502
Feedback: 0.32205
Received=	0.33665
Feedback: 0.1
Received=	0.072426
Feedback: 0.34529
Received=	0.045737
Feedback: 0.37619
Received=	0.20526
Feedback: 0.19153
Received=	0.059545
Feedback: 0.3602
Received=	-0.068565
Feedback: 0.5085
Received=	-0.20564
Feedback: 0.66717
Received=	-0.13491
Feedback: 0.5853
Received=	-0.091642
Feedback: 0.53521
Received=	0.057594
Feedback: 0.36246
Received=	-0.30873
Feedback: 0.78651
Received=	-0.14009
Feedback: 0.5913
Received=	-0.097664
Feedback: 0.54218
Received=	0.0027916
Feedback: 0.4259
Received=	-0.26827
Feedback: 0.73967
Received=	-0.096913
Feedback: 0.54131
Received=	0.1941
Feedback: 0.20444
Received=	0.80012
Feedback: 0.1
Received=	0.8202
Feedback: 0.1
Received=	0.27282
Feedback: 0.11332
Received=	-0.081743
Feedback: 0.52375
Received=	-0.11569
Feedback: 0.56305
Received=	-0.17714
Feedback: 0.63419
Received=	-0.29749
Feedback: 0.7735
Received=	-0.22383
Feedback: 0.68823
Received=	-0.28885
Feedback: 0.76349
Received=	-0.085979
Feedback: 0.52866
Received=	-0.35691
Feedback: 0.84229
Received=	-0.32365
Feedback: 0.80378
Received=	-0.12366
Feedback: 0.57228
Received=	0.12884
Feedback: 0.27999
Received=	0.14124
Feedback: 0.26564
Received=	-0.050852
Feedback: 0.488
Received=	-0.18666
Feedback: 0.6452
Received=	-0.13408
Feedback: 0.58433
Received=	-0.11668
Feedback: 0.56419
Received=	0.29538
Feedback: 0.1
Received=	0.10048
Feedback: 0.31282
Received=	0.001191
Feedback: 0.42775
Calculated range:	[(-2.000000) - (2.000000)]
Success index = (0.146749)
Received=	0.15257
=====  12:45:28 - BASE  ============
Feedback: 0.66
Received=	0.4166
Feedback: 0.66
Received=	0.23611
Feedback: 0.66
Received=	0.095405
Feedback: 0.66
Received=	0.43629
Feedback: 0.66
Received=	-0.070671
Feedback: 0.66
Received=	-0.16195
Feedback: 0.66
Received=	0.16514
Feedback: 0.66
Received=	0.22325
Feedback: 0.66
Received=	0.069361
Feedback: 0.66
Received=	-0.0059316
Feedback: 0.66
Received=	-0.048468
Feedback: 0.66
Received=	-0.062189
Feedback: 0.66
Received=	0.0085632
Feedback: 0.66
Received=	-0.17162
Feedback: 0.66
Received=	-0.0067308
Feedback: 0.66
Received=	0.1659
Feedback: 0.66
Received=	0.20186
Feedback: 0.66
Received=	0.20683
Feedback: 0.66
Received=	-0.035248
Feedback: 0.66
Received=	-0.149
=====  12:46:28 - NF  ============
Feedback: 0.77434
Received=	-0.30015
Feedback: 0.9
Received=	-0.14823
Feedback: 0.77338
Received=	-0.015347
Feedback: 0.60631
Received=	-0.064152
Feedback: 0.66767
Received=	0.073574
Feedback: 0.49452
Received=	0.11631
Feedback: 0.4408
Received=	0.46875
Feedback: 0.1
Received=	0.643
Feedback: 0.1
Received=	0.325
Feedback: 0.17842
Received=	0.17873
Feedback: 0.36231
Received=	-0.029567
Feedback: 0.62419
Received=	0.062788
Feedback: 0.50808
Received=	0.10972
Feedback: 0.44908
Received=	0.074787
Feedback: 0.493
Received=	0.1529
Feedback: 0.3948
Received=	0.10157
Feedback: 0.45932
Received=	-0.098819
Feedback: 0.71126
Received=	-0.05919
Feedback: 0.66144
Received=	0.099254
Feedback: 0.46224
Received=	-0.18035
Feedback: 0.81376
Received=	-0.35477
Feedback: 0.9
Received=	0.073192
Feedback: 0.495
Received=	0.032324
Feedback: 0.54638
Received=	-0.27313
Feedback: 0.9
Received=	-0.34494
Feedback: 0.9
Received=	-0.2281
Feedback: 0.87379
Received=	-0.26129
Feedback: 0.9
Received=	-0.18221
Feedback: 0.8161
Received=	-0.28
Feedback: 0.9
Received=	-0.24429
Feedback: 0.89415
Received=	-0.28427
Feedback: 0.9
Received=	-0.36343
Feedback: 0.9
Received=	0.060833
Feedback: 0.51054
Received=	0.17545
Feedback: 0.36645
Received=	0.0041309
Feedback: 0.58183
Received=	0.19315
Feedback: 0.3442
Received=	0.27283
Feedback: 0.24401
Received=	0.20143
Feedback: 0.33377
Received=	0.23817
Feedback: 0.28759
Received=	0.30002
Feedback: 0.20983
Received=	0.022832
Feedback: 0.55832
Received=	-0.31065
Feedback: 0.9
Received=	-0.34002
Feedback: 0.9
Received=	-0.13381
Feedback: 0.75525
Received=	-0.2545
Feedback: 0.9
Received=	-0.21192
Feedback: 0.85345
Received=	0.065431
Feedback: 0.50476
Received=	0.07963
Feedback: 0.48691
Received=	0.16213
Feedback: 0.38319
Received=	0.29234
Feedback: 0.21948
Received=	-0.33191
Feedback: 0.9
Received=	-0.050484
Feedback: 0.65049
Received=	0.070858
Feedback: 0.49794
Received=	-0.38836
Feedback: 0.9
Received=	-0.08379
Feedback: 0.69236
Received=	0.12473
Feedback: 0.43021
Received=	-0.081199
Feedback: 0.6891
Received=	-0.061609
Feedback: 0.66448
Received=	-0.3175
Feedback: 0.9
Calculated range:	[(-2.000000) - (2.000000)]
Success index = (-0.458801)
Received=	-0.34788
=====  12:49:28 - BASE  ============
Feedback: 0.66
Received=	-0.056845
Feedback: 0.66
Received=	0.17383
Feedback: 0.66
Received=	0.17934
Feedback: 0.66
Received=	0.055915
Feedback: 0.66
Received=	-0.26052
Feedback: 0.66
Received=	-0.16145
Feedback: 0.66
Received=	-0.058422
Feedback: 0.66
Received=	0.039226
Feedback: 0.66
Received=	0.025268
Feedback: 0.66
Received=	-0.26167
Feedback: 0.66
Received=	-0.21095
Feedback: 0.66
Received=	-0.12789
Feedback: 0.66
Received=	0.037701
Feedback: 0.66
Received=	-0.010312
Feedback: 0.66
Received=	0.0091015
Feedback: 0.66
Received=	0.0098658
Feedback: 0.66
Received=	-0.23636
Feedback: 0.66
Received=	-0.32472
Feedback: 0.66
Received=	-0.22859
Feedback: 0.66
Received=	-0.19401
=====  12:50:28 - NF  ============
Feedback: 0.65354
Received=	-0.019595
Feedback: 0.42845
Received=	0.053415
Feedback: 0.33423
Received=	-0.036946
Feedback: 0.45084
Received=	0.059227
Feedback: 0.32673
Received=	0.34496
Feedback: 0.1
Received=	0.22195
Feedback: 0.11673
Received=	0.092598
Feedback: 0.28366
Received=	-0.15296
Feedback: 0.60057
Received=	-0.11178
Feedback: 0.54742
Received=	0.28142
Feedback: 0.1
Received=	-0.13218
Feedback: 0.57375
Received=	-0.17778
Feedback: 0.63259
Received=	-0.014667
Feedback: 0.42209
Received=	0.14854
Feedback: 0.21147
Received=	0.31659
Feedback: 0.1
Received=	-0.012652
Feedback: 0.41949
Received=	-0.069343
Feedback: 0.49265
Received=	0.14994
Feedback: 0.20966
Received=	-0.11062
Feedback: 0.54592
Received=	0.18824
Feedback: 0.16023
Received=	0.082695
Feedback: 0.29644
Received=	-0.031069
Feedback: 0.44326
Received=	-0.46645
Feedback: 0.9
Received=	-0.36439
Feedback: 0.87342
Received=	-0.12822
Feedback: 0.56863
Received=	-0.35308
Feedback: 0.85883
Received=	-0.53805
Feedback: 0.9
Received=	-0.38103
Feedback: 0.89489
Received=	-0.18415
Feedback: 0.64081
Received=	0.031481
Feedback: 0.36254
Received=	-0.098124
Feedback: 0.5298
Received=	-0.038417
Feedback: 0.45274
Received=	0.11943
Feedback: 0.24903
Received=	-0.029145
Feedback: 0.44078
Received=	-0.12768
Feedback: 0.56795
Received=	-0.22509
Feedback: 0.69365
Received=	-0.10852
Feedback: 0.54321
Received=	0.05459
Feedback: 0.33271
Received=	0.091844
Feedback: 0.28464
Received=	-0.017733
Feedback: 0.42605
Received=	-0.21197
Feedback: 0.67672
Received=	-0.24946
Feedback: 0.72511
Received=	-0.37178
Feedback: 0.88297
Received=	0.01802
Feedback: 0.37991
Received=	0.048217
Feedback: 0.34094
Received=	-0.21512
Feedback: 0.68078
Received=	0.039169
Feedback: 0.35262
Received=	0.024944
Feedback: 0.37097
Received=	0.15554
Feedback: 0.20243
Received=	0.0018186
Feedback: 0.40082
Received=	-0.048149
Feedback: 0.4653
Received=	-0.28188
Feedback: 0.76694
Received=	-0.66948
Feedback: 0.9
Received=	-0.45041
Feedback: 0.9
Received=	-0.3181
Feedback: 0.81369
Received=	-0.075551
Feedback: 0.50067
Received=	-0.16531
Feedback: 0.6165
Received=	-0.22649
Feedback: 0.69545
Received=	-0.15384
Feedback: 0.6017
Calculated range:	[(-2.000000) - (2.000000)]
Success index = (-0.045817)
closing...
