Direction=-1.000000	; step=1.000000;
Received=	0
Feedback: 0.66
Received=	0
Feedback: 0.66
Received=	0
Feedback: 0.66
Received=	-0.15427
Feedback: 0.66
Received=	-0.67867
Feedback: 0.66
Received=	0.028605
Feedback: 0.66
Received=	-0.0027608
Feedback: 0.66
Received=	-0.50551
Feedback: 0.66
Received=	-0.13489
Feedback: 0.66
Received=	-0.1134
Feedback: 0.66
Received=	-0.20996
Feedback: 0.66
Received=	0.14546
Feedback: 0.66
Received=	0.3293
Feedback: 0.66
Received=	-0.43439
Feedback: 0.66
Received=	-0.20138
Feedback: 0.66
Received=	-0.013881
Feedback: 0.66
Received=	0.074574
Feedback: 0.66
Received=	0.45965
Feedback: 0.66
Received=	0.36659
Feedback: 0.66
Received=	0.26172
Feedback: 0.66
Received=	0.26535
=====  12:19:14 - NF  ============
Feedback: 0.29612
Received=	0.63686
Feedback: 0.1
Received=	-0.12887
Feedback: 0.55634
Received=	-0.26431
Feedback: 0.64575
Received=	-0.68394
Feedback: 0.9
Received=	-0.69926
Feedback: 0.9
Received=	-0.44746
Feedback: 0.76665
Received=	-0.36922
Feedback: 0.715
Received=	-0.41444
Feedback: 0.74485
Received=	-0.3228
Feedback: 0.68436
Received=	-0.1377
Feedback: 0.56217
Received=	0.55415
Feedback: 0.10548
Received=	0.49949
Feedback: 0.14156
Received=	0.49609
Feedback: 0.14381
Received=	0.045283
Feedback: 0.44139
Received=	-0.37926
Feedback: 0.72163
Received=	-1.0041
Feedback: 0.9
Received=	-0.39797
Feedback: 0.73398
Received=	-0.15113
Feedback: 0.57104
Received=	-0.11574
Feedback: 0.54767
Received=	-0.15953
Feedback: 0.57658
Received=	0.58771
Feedback: 0.1
Received=	0.098207
Feedback: 0.40645
Received=	-0.75768
Feedback: 0.9
Received=	-0.89806
Feedback: 0.9
Received=	-1.0107
Feedback: 0.9
Received=	-0.65915
Feedback: 0.9
Received=	-0.025452
Feedback: 0.48808
Received=	0.55651
Feedback: 0.10392
Received=	0.73313
Feedback: 0.1
Received=	0.031782
Feedback: 0.4503
Received=	0.15853
Feedback: 0.36663
Received=	0.88935
Feedback: 0.1
Received=	1.2515
Feedback: 0.1
Received=	0.0912
Feedback: 0.41108
Received=	-0.3806
Feedback: 0.72252
Received=	0.34047
Feedback: 0.24654
Received=	0.64583
Feedback: 0.1
Received=	0.73878
Feedback: 0.1
Received=	0.69809
Feedback: 0.1
Received=	0.74485
Feedback: 0.1
Received=	0.29335
Feedback: 0.27763
Received=	0.66274
Feedback: 0.1
Received=	0.31679
Feedback: 0.26216
Received=	-0.3011
Feedback: 0.67003
Received=	-0.12331
Feedback: 0.55268
Received=	-0.48034
Feedback: 0.78835
Received=	-1.0137
Feedback: 0.9
Received=	-0.18944
Feedback: 0.59633
Received=	0.21371
Feedback: 0.33021
Received=	0.025945
Feedback: 0.45415
Received=	0.010902
Feedback: 0.46408
Received=	-0.10035
Feedback: 0.53752
Received=	-0.35332
Feedback: 0.70451
Received=	-0.12121
Feedback: 0.55129
Received=	0.49907
Feedback: 0.14184
Received=	0.84191
Feedback: 0.1
Received=	0.17471
Feedback: 0.35595
Received=	-0.69778
Feedback: 0.9
Received=	-0.40964
Feedback: 0.74168
Calculated range:	[(-2.000000) - (2.000000)]
Success index = (0.087072)
Received=	0.26923
=====  12:22:14 - BASE  ============
Feedback: 0.66
Received=	0.37972
Feedback: 0.66
Received=	0.31887
Feedback: 0.66
Received=	0.0048524
Feedback: 0.66
Received=	-0.44799
Feedback: 0.66
Received=	-0.21745
Feedback: 0.66
Received=	0.18312
Feedback: 0.66
Received=	-0.15766
Feedback: 0.66
Received=	0.16297
Feedback: 0.66
Received=	0.87042
Feedback: 0.66
Received=	0.76925
Feedback: 0.66
Received=	0.72289
Feedback: 0.66
Received=	0.86203
Feedback: 0.66
Received=	1.0592
Feedback: 0.66
Received=	0.38805
Feedback: 0.66
Received=	0.42852
Feedback: 0.66
Received=	0.81138
Feedback: 0.66
Received=	0.59255
Feedback: 0.66
Received=	0.30272
Feedback: 0.66
Received=	0.44771
Feedback: 0.66
Received=	0.71413
=====  12:23:14 - NF  ============
Feedback: 0.34798
Received=	0.59659
Feedback: 0.40389
Received=	-0.032517
Feedback: 0.70312
Received=	-0.2053
Feedback: 0.7853
Received=	0.00044898
Feedback: 0.68744
Received=	-0.47358
Feedback: 0.9
Received=	-0.11241
Feedback: 0.74112
Received=	0.14808
Feedback: 0.61722
Received=	-0.087225
Feedback: 0.72914
Received=	0.31994
Feedback: 0.53548
Received=	0.75646
Feedback: 0.32785
Received=	0.18872
Feedback: 0.59789
Received=	-0.066539
Feedback: 0.7193
Received=	0.14798
Feedback: 0.61727
Received=	0.49338
Feedback: 0.45298
Received=	0.9911
Feedback: 0.21624
Received=	0.8366
Feedback: 0.28973
Received=	-0.30957
Feedback: 0.8349
Received=	-0.16793
Feedback: 0.76753
Received=	1.0939
Feedback: 0.16732
Received=	0.38753
Feedback: 0.50333
Received=	-0.13508
Feedback: 0.7519
Received=	0.060711
Feedback: 0.65878
Received=	0.027241
Feedback: 0.6747
Received=	0.19734
Feedback: 0.59379
Received=	0.71696
Feedback: 0.34664
Received=	1.2846
Feedback: 0.1
Received=	0.91453
Feedback: 0.25266
Received=	0.44203
Feedback: 0.4774
Received=	0.48159
Feedback: 0.45859
Received=	0.633
Feedback: 0.38657
Received=	0.4383
Feedback: 0.47918
Received=	1.0192
Feedback: 0.20287
Received=	1.3823
Feedback: 0.1
Received=	1.0822
Feedback: 0.17291
Received=	0.40181
Feedback: 0.49653
Received=	0.47359
Feedback: 0.46239
Received=	0.49633
Feedback: 0.45157
Received=	0.76763
Feedback: 0.32253
Received=	-0.29395
Feedback: 0.82747
Received=	-0.47731
Feedback: 0.9
Received=	0.17167
Feedback: 0.606
Received=	0.45103
Feedback: 0.47312
Received=	1.212
Feedback: 0.11119
Received=	1.5248
Feedback: 0.1
Received=	0.65081
Feedback: 0.3781
Received=	-0.11248
Feedback: 0.74115
Received=	0.047398
Feedback: 0.66511
Received=	-0.056502
Feedback: 0.71453
Received=	-0.26348
Feedback: 0.81298
Received=	-0.47635
Feedback: 0.9
Received=	-0.49848
Feedback: 0.9
Received=	-0.75818
Feedback: 0.9
Received=	-0.32743
Feedback: 0.84339
Received=	0.20386
Feedback: 0.59069
Received=	0.40609
Feedback: 0.4945
Received=	0.63304
Feedback: 0.38655
Received=	0.54378
Feedback: 0.42901
Received=	0.94982
Feedback: 0.23588
Received=	0.87794
Feedback: 0.27006
Calculated range:	[(-2.000000) - (2.000000)]
Success index = (-0.111282)
Received=	1.224
=====  12:26:14 - BASE  ============
Feedback: 0.66
Received=	0.7632
Feedback: 0.66
Received=	0.077151
Feedback: 0.66
Received=	-0.032587
Feedback: 0.66
Received=	0.92713
Feedback: 0.66
Received=	0.14635
Feedback: 0.66
Received=	0.35083
Feedback: 0.66
Received=	0.77647
Feedback: 0.66
Received=	-0.0099974
Feedback: 0.66
Received=	0.3268
Feedback: 0.66
Received=	1.3276
Feedback: 0.66
Received=	0.73556
Feedback: 0.66
Received=	0.22579
Feedback: 0.66
Received=	1.1967
Feedback: 0.66
Received=	0.38301
Feedback: 0.66
Received=	0.86707
Feedback: 0.66
Received=	0.85866
Feedback: 0.66
Received=	0.22891
Feedback: 0.66
Received=	0.89371
Feedback: 0.66
Received=	0.91711
Feedback: 0.66
Received=	0.87156
=====  12:27:14 - NF  ============
Feedback: 0.35617
Received=	1.0733
Feedback: 0.26106
Received=	0.70838
Feedback: 0.4331
Received=	-0.38168
Feedback: 0.9
Received=	-0.61295
Feedback: 0.9
Received=	0.68302
Feedback: 0.44505
Received=	0.067926
Feedback: 0.73502
Received=	-0.42529
Feedback: 0.9
Received=	0.28311
Feedback: 0.63358
Received=	0.9665
Feedback: 0.31141
Received=	0.5822
Feedback: 0.49258
Received=	0.38325
Feedback: 0.58637
Received=	-0.018431
Feedback: 0.77573
Received=	-0.43107
Feedback: 0.9
Received=	0.045826
Feedback: 0.74544
Received=	0.42888
Feedback: 0.56486
Received=	-0.058043
Feedback: 0.79441
Received=	-0.31314
Feedback: 0.9
Received=	0.30161
Feedback: 0.62486
Received=	1.3785
Feedback: 0.1172
Received=	0.94783
Feedback: 0.32021
Received=	-0.083584
Feedback: 0.80645
Received=	-0.018331
Feedback: 0.77568
Received=	-0.50751
Feedback: 0.9
Received=	-0.37686
Feedback: 0.9
Received=	-0.10322
Feedback: 0.8157
Received=	-0.087853
Feedback: 0.80846
Received=	-0.23244
Feedback: 0.87662
Received=	-0.47169
Feedback: 0.9
Received=	-0.327
Feedback: 0.9
Received=	0.051481
Feedback: 0.74277
Received=	0.4442
Feedback: 0.55764
Received=	0.42607
Feedback: 0.56618
Received=	0.50663
Feedback: 0.52821
Received=	0.12281
Feedback: 0.70915
Received=	-0.074696
Feedback: 0.80226
Received=	0.54045
Feedback: 0.51226
Received=	1.1226
Feedback: 0.23783
Received=	0.53074
Feedback: 0.51684
Received=	0.41669
Feedback: 0.57061
Received=	0.19289
Feedback: 0.67611
Received=	-0.026165
Feedback: 0.77938
Received=	0.31817
Feedback: 0.61705
Received=	0.026022
Feedback: 0.75478
Received=	0.78654
Feedback: 0.39625
Received=	0.92391
Feedback: 0.33149
Received=	-0.20786
Feedback: 0.86503
Received=	0.13879
Feedback: 0.70161
Received=	0.72538
Feedback: 0.42508
Received=	0.2406
Feedback: 0.65362
Received=	0.63195
Feedback: 0.46912
Received=	0.45123
Feedback: 0.55432
Received=	0.63524
Feedback: 0.46757
Received=	0.41473
Feedback: 0.57153
Received=	-0.063552
Feedback: 0.797
Received=	0.18159
Feedback: 0.68144
Received=	0.42308
Feedback: 0.56759
Received=	0.10357
Feedback: 0.71822
Received=	-0.12995
Feedback: 0.8283
Received=	-0.25414
Feedback: 0.88685
Calculated range:	[(-2.000000) - (2.000000)]
Success index = (-0.742632)
Received=	-0.4321
=====  12:30:14 - BASE  ============
Feedback: 0.66
Received=	0.097624
Feedback: 0.66
Received=	-0.6782
Feedback: 0.66
Received=	-1.6854
Feedback: 0.66
Received=	-1.4787
Feedback: 0.66
Received=	-0.65401
Feedback: 0.66
Received=	-0.21422
Feedback: 0.66
Received=	-0.83397
Feedback: 0.66
Received=	-1.0507
Feedback: 0.66
Received=	-1.0081
Feedback: 0.66
Received=	-0.11711
Feedback: 0.66
Received=	-0.33733
Feedback: 0.66
Received=	-0.7565
Feedback: 0.66
Received=	-0.78049
Feedback: 0.66
Received=	-0.63713
Feedback: 0.66
Received=	0.072392
Feedback: 0.66
Received=	0.23418
Feedback: 0.66
Received=	0.42944
Feedback: 0.66
Received=	0.011005
Feedback: 0.66
Received=	0.42576
Feedback: 0.66
Received=	-0.57208
=====  12:31:14 - NF  ============
Feedback: 0.5225
Received=	-0.17981
Feedback: 0.39421
Received=	-0.23214
Feedback: 0.41132
Received=	-0.51868
Feedback: 0.50503
Received=	-1.0427
Feedback: 0.67642
Received=	0.12981
Feedback: 0.29296
Received=	0.27655
Feedback: 0.24497
Received=	0.84753
Feedback: 0.1
Received=	0.45634
Feedback: 0.18617
Received=	-0.065483
Feedback: 0.35682
Received=	-0.082577
Feedback: 0.36241
Received=	0.76422
Feedback: 0.1
Received=	1.2234
Feedback: 0.1
Received=	0.1426
Feedback: 0.28878
Received=	-0.81349
Feedback: 0.60145
Received=	-0.27902
Feedback: 0.42666
Received=	0.11762
Feedback: 0.29694
Received=	0.38869
Feedback: 0.2083
Received=	0.21342
Feedback: 0.26561
Received=	0.53927
Feedback: 0.15905
Received=	0.6603
Feedback: 0.11947
Received=	1.4191
Feedback: 0.1
Received=	1.2047
Feedback: 0.1
Received=	-0.057507
Feedback: 0.35422
Received=	-0.53847
Feedback: 0.51151
Received=	-0.42321
Feedback: 0.47381
Received=	-1.141
Feedback: 0.70854
Received=	-1.2413
Feedback: 0.74134
Received=	-0.76936
Feedback: 0.58701
Received=	-0.1924
Feedback: 0.39833
Received=	-0.57573
Feedback: 0.52369
Received=	-1.3375
Feedback: 0.77283
Received=	-1.327
Feedback: 0.76937
Received=	-0.93252
Feedback: 0.64037
Received=	0.15484
Feedback: 0.28477
Received=	0.27327
Feedback: 0.24604
Received=	-0.87989
Feedback: 0.62316
Received=	-1.2565
Feedback: 0.74632
Received=	-0.74275
Feedback: 0.57831
Received=	-0.19848
Feedback: 0.40032
Received=	-0.29843
Feedback: 0.43301
Received=	-0.49591
Feedback: 0.49759
Received=	0.37178
Feedback: 0.21382
Received=	-0.56186
Feedback: 0.51916
Received=	-0.83144
Feedback: 0.60732
Received=	-0.53825
Feedback: 0.51143
Received=	0.48323
Feedback: 0.17738
Received=	-0.39907
Feedback: 0.46592
Received=	-0.18535
Feedback: 0.39602
Received=	0.11712
Feedback: 0.29711
Received=	-0.57266
Feedback: 0.52269
Received=	-0.99391
Feedback: 0.66045
Received=	-0.80639
Feedback: 0.59912
Received=	0.21287
Feedback: 0.26579
Received=	0.095706
Feedback: 0.30411
Received=	-0.90121
Feedback: 0.63013
Received=	-0.95157
Feedback: 0.6466
Received=	-0.20087
Feedback: 0.4011
Received=	-0.81005
Feedback: 0.60032
Received=	-0.21615
Feedback: 0.4061
Calculated range:	[(-2.000000) - (2.000000)]
Success index = (0.417627)
Received=	0.16585
=====  12:34:14 - BASE  ============
Feedback: 0.66
Received=	0.44764
Feedback: 0.66
Received=	0.84558
Feedback: 0.66
Received=	0.67342
Feedback: 0.66
Received=	-0.78466
Feedback: 0.66
Received=	-0.59414
Feedback: 0.66
Received=	-0.14791
Feedback: 0.66
Received=	-0.58134
Feedback: 0.66
Received=	-0.42468
Feedback: 0.66
Received=	0.12424
Feedback: 0.66
Received=	0.15068
Feedback: 0.66
Received=	0.091722
Feedback: 0.66
Received=	-0.49234
Feedback: 0.66
Received=	-0.73677
Feedback: 0.66
Received=	0.064608
Feedback: 0.66
Received=	0.053216
Feedback: 0.66
Received=	0.40794
Feedback: 0.66
Received=	-0.17659
Feedback: 0.66
Received=	-0.41674
Feedback: 0.66
Received=	-0.13465
Feedback: 0.66
Received=	0.099624
=====  12:35:14 - NF  ============
Feedback: 0.40736
Received=	0.41086
Feedback: 0.27331
Received=	-0.58744
Feedback: 0.70328
Received=	-1.4969
Feedback: 0.9
Received=	-0.98597
Feedback: 0.87493
Received=	-0.91507
Feedback: 0.84439
Received=	-0.73475
Feedback: 0.76673
Received=	-0.79825
Feedback: 0.79408
Received=	-0.66248
Feedback: 0.7356
Received=	-0.96056
Feedback: 0.86399
Received=	-1.099
Feedback: 0.9
Received=	-0.21919
Feedback: 0.54467
Received=	0.16225
Feedback: 0.38038
Received=	0.038071
Feedback: 0.43387
Received=	-0.11553
Feedback: 0.50003
Received=	-0.50862
Feedback: 0.66933
Received=	-0.44062
Feedback: 0.64005
Received=	-0.85784
Feedback: 0.81975
Received=	-0.88971
Feedback: 0.83347
Received=	-0.47588
Feedback: 0.65523
Received=	-0.56343
Feedback: 0.69294
Received=	-0.60405
Feedback: 0.71044
Received=	-0.023879
Feedback: 0.46055
Received=	-0.36346
Feedback: 0.60681
Received=	-0.52553
Feedback: 0.67662
Received=	-0.27698
Feedback: 0.56956
Received=	0.32165
Feedback: 0.31173
Received=	0.78075
Feedback: 0.11399
Received=	0.3641
Feedback: 0.29345
Received=	-0.35416
Feedback: 0.60281
Received=	-0.88236
Feedback: 0.83031
Received=	-0.70283
Feedback: 0.75298
Received=	-0.52559
Feedback: 0.67664
Received=	-0.28342
Feedback: 0.57234
Received=	-0.60774
Feedback: 0.71203
Received=	-0.7751
Feedback: 0.78411
Received=	0.17752
Feedback: 0.37381
Received=	0.13103
Feedback: 0.39383
Received=	0.36977
Feedback: 0.291
Received=	-0.015981
Feedback: 0.45715
Received=	0.35015
Feedback: 0.29945
Received=	-0.50918
Feedback: 0.66957
Received=	-0.4518
Feedback: 0.64486
Received=	-0.39673
Feedback: 0.62114
Received=	-0.9325
Feedback: 0.8519
Received=	-1.177
Feedback: 0.9
Received=	-0.73359
Feedback: 0.76623
Received=	-0.66429
Feedback: 0.73638
Received=	-1.4656
Feedback: 0.9
Received=	-0.23452
Feedback: 0.55128
Received=	-0.87096
Feedback: 0.8254
Received=	-1.807
Feedback: 0.9
Received=	-2.139
Feedback: 0.9
Received=	-1.5389
Feedback: 0.9
Received=	-1.05
Feedback: 0.9
Received=	-1.1782
Feedback: 0.9
Received=	-1.2715
Feedback: 0.9
Received=	-1.1487
Feedback: 0.9
Received=	-0.71478
Feedback: 0.75813
Received=	-0.94775
Feedback: 0.85847
Calculated range:	[(-2.000000) - (2.000000)]
Success index = (-0.822290)
closing...
