Direction=-1.000000	; step=1.000000;
Received=	0
Feedback: 0.66
Received=	0
Feedback: 0.66
Received=	0
Feedback: 0.66
Received=	0.18294
Feedback: 0.66
Received=	0.28728
Feedback: 0.66
Received=	0.55636
Feedback: 0.66
Received=	0.61893
Feedback: 0.66
Received=	0.33274
Feedback: 0.66
Received=	0.21362
Feedback: 0.66
Received=	0.086076
Feedback: 0.66
Received=	-0.032198
Feedback: 0.66
Received=	-0.45957
Feedback: 0.66
Received=	-0.05544
Feedback: 0.66
Received=	-0.34592
Feedback: 0.66
Received=	-0.75027
Feedback: 0.66
Received=	-0.49939
Feedback: 0.66
Received=	0.02351
Feedback: 0.66
Received=	0.21685
Feedback: 0.66
Received=	0.31663
Feedback: 0.66
Received=	0.83305
Feedback: 0.66
Received=	0.66387
=====  12:12:51 - NF  ============
Feedback: 0.21623
Received=	0.039267
Feedback: 0.52228
Received=	-0.11422
Feedback: 0.59749
Received=	0.17997
Feedback: 0.45334
Received=	-0.14013
Feedback: 0.61018
Received=	-0.20824
Feedback: 0.64356
Received=	-0.33292
Feedback: 0.70465
Received=	-0.28358
Feedback: 0.68047
Received=	-0.62381
Feedback: 0.84718
Received=	-0.52538
Feedback: 0.79895
Received=	0.077593
Feedback: 0.5035
Received=	0.17689
Feedback: 0.45485
Received=	0.097164
Feedback: 0.49391
Received=	-0.091107
Feedback: 0.58616
Received=	-0.021488
Feedback: 0.55205
Received=	0.027787
Feedback: 0.5279
Received=	0.50494
Feedback: 0.2941
Received=	0.96799
Feedback: 0.1
Received=	0.54872
Feedback: 0.27265
Received=	0.079539
Feedback: 0.50255
Received=	-0.0045654
Feedback: 0.54376
Received=	0.081492
Feedback: 0.50159
Received=	-0.082091
Feedback: 0.58174
Received=	0.027239
Feedback: 0.52817
Received=	-0.10976
Feedback: 0.5953
Received=	-0.19735
Feedback: 0.63822
Received=	0.1379
Feedback: 0.47395
Received=	0.13918
Feedback: 0.47332
Received=	0.47322
Feedback: 0.30964
Received=	0.29361
Feedback: 0.39765
Received=	-0.21759
Feedback: 0.64814
Received=	-0.15449
Feedback: 0.61722
Received=	-0.36397
Feedback: 0.71986
Received=	-0.0032064
Feedback: 0.54309
Received=	0.39599
Feedback: 0.34749
Received=	0.25403
Feedback: 0.41705
Received=	0.43156
Feedback: 0.33006
Received=	0.27671
Feedback: 0.40593
Received=	0.1337
Feedback: 0.476
Received=	0.53709
Feedback: 0.27835
Received=	0.3449
Feedback: 0.37252
Received=	0.31114
Feedback: 0.38906
Received=	-0.18881
Feedback: 0.63403
Received=	-0.33603
Feedback: 0.70617
Received=	-0.3836
Feedback: 0.72948
Received=	-0.39016
Feedback: 0.73269
Received=	0.41223
Feedback: 0.33953
Received=	0.51328
Feedback: 0.29001
Received=	0.31371
Feedback: 0.3878
Received=	0.11092
Feedback: 0.48717
Received=	-0.11108
Feedback: 0.59595
Received=	0.028861
Feedback: 0.52738
Received=	0.3724
Feedback: 0.35905
Received=	-0.041996
Feedback: 0.5621
Received=	0.059297
Feedback: 0.51246
Received=	0.0081161
Feedback: 0.53754
Received=	0.12901
Feedback: 0.4783
Received=	0.039995
Feedback: 0.52192
Received=	-0.3829
Feedback: 0.72914
Received=	-0.72929
Feedback: 0.89887
Calculated range:	[(-2.000000) - (2.000000)]
Success index = (-0.093386)
Received=	-0.384
=====  12:15:51 - BASE  ============
Feedback: 0.66
Received=	0.1454
Feedback: 0.66
Received=	-0.24974
Feedback: 0.66
Received=	-0.09072
Feedback: 0.66
Received=	-0.033601
Feedback: 0.66
Received=	-0.026367
Feedback: 0.66
Received=	-0.077862
Feedback: 0.66
Received=	0.21554
Feedback: 0.66
Received=	0.79103
Feedback: 0.66
Received=	0.30802
Feedback: 0.66
Received=	-0.16339
Feedback: 0.66
Received=	-0.37511
Feedback: 0.66
Received=	-0.22368
Feedback: 0.66
Received=	0.10715
Feedback: 0.66
Received=	0.17497
Feedback: 0.66
Received=	-0.24231
Feedback: 0.66
Received=	0.43595
Feedback: 0.66
Received=	0.49276
Feedback: 0.66
Received=	0.42851
Feedback: 0.66
Received=	-0.060383
Feedback: 0.66
Received=	-0.42243
=====  12:16:51 - NF  ============
Feedback: 0.81925
Received=	0.26287
Feedback: 0.38239
Received=	0.18934
Feedback: 0.42927
Received=	-0.76688
Feedback: 0.9
Received=	-0.62996
Feedback: 0.9
Received=	-0.3555
Feedback: 0.77658
Received=	-0.0067246
Feedback: 0.55425
Received=	0.22344
Feedback: 0.40752
Received=	0.74501
Feedback: 0.1
Received=	0.13085
Feedback: 0.46655
Received=	-0.19888
Feedback: 0.67675
Received=	-0.67867
Feedback: 0.9
Received=	-0.10841
Feedback: 0.61907
Received=	-0.12732
Feedback: 0.63112
Received=	0.61059
Feedback: 0.16073
Received=	0.78569
Feedback: 0.1
Received=	0.83284
Feedback: 0.1
Received=	0.17335
Feedback: 0.43945
Received=	0.45565
Feedback: 0.2595
Received=	0.12126
Feedback: 0.47266
Received=	0.66637
Feedback: 0.12517
Received=	0.69678
Feedback: 0.10578
Received=	1.001
Feedback: 0.1
Received=	0.12822
Feedback: 0.46823
Received=	-0.59982
Feedback: 0.9
Received=	-0.071923
Feedback: 0.59581
Received=	0.082386
Feedback: 0.49744
Received=	0.27236
Feedback: 0.37634
Received=	0.19773
Feedback: 0.42392
Received=	0.3348
Feedback: 0.33654
Received=	0.3286
Feedback: 0.34049
Received=	0.52068
Feedback: 0.21804
Received=	0.68304
Feedback: 0.11454
Received=	0.82499
Feedback: 0.1
Received=	0.99582
Feedback: 0.1
Received=	-0.015426
Feedback: 0.5598
Received=	-0.13715
Feedback: 0.63739
Received=	1.0502
Feedback: 0.1
Received=	1.6746
Feedback: 0.1
Received=	0.76083
Feedback: 0.1
Received=	0.20215
Feedback: 0.4211
Received=	0.37603
Feedback: 0.31025
Received=	1.2549
Feedback: 0.1
Received=	1.2619
Feedback: 0.1
Received=	0.94594
Feedback: 0.1
Received=	0.65673
Feedback: 0.13131
Received=	0.86818
Feedback: 0.1
Received=	1.1178
Feedback: 0.1
Received=	0.50779
Feedback: 0.22626
Received=	0.19114
Feedback: 0.42812
Received=	0.72409
Feedback: 0.1
Received=	0.64424
Feedback: 0.13928
Received=	0.62623
Feedback: 0.15076
Received=	0.88457
Feedback: 0.1
Received=	0.45608
Feedback: 0.25922
Received=	0.41646
Feedback: 0.28448
Received=	0.72391
Feedback: 0.1
Received=	0.94074
Feedback: 0.1
Received=	0.81258
Feedback: 0.1
Received=	0.96475
Feedback: 0.1
Calculated range:	[(-2.000000) - (2.000000)]
Success index = (0.723875)
Received=	0.32671
=====  12:19:51 - BASE  ============
Feedback: 0.66
Received=	0.50919
Feedback: 0.66
Received=	0.75155
Feedback: 0.66
Received=	0.40716
Feedback: 0.66
Received=	-0.29546
Feedback: 0.66
Received=	-0.26478
Feedback: 0.66
Received=	0.39444
Feedback: 0.66
Received=	0.56829
Feedback: 0.66
Received=	0.55055
Feedback: 0.66
Received=	1.004
Feedback: 0.66
Received=	0.60419
Feedback: 0.66
Received=	0.58146
Feedback: 0.66
Received=	0.46008
Feedback: 0.66
Received=	0.18474
Feedback: 0.66
Received=	-0.79746
Feedback: 0.66
Received=	-0.32008
Feedback: 0.66
Received=	0.69299
Feedback: 0.66
Received=	0.41828
Feedback: 0.66
Received=	0.6583
Feedback: 0.66
Received=	1.2569
Feedback: 0.66
Received=	1.084
=====  12:20:51 - NF  ============
Feedback: 0.22426
Received=	0.73301
Feedback: 0.36191
Received=	-0.18533
Feedback: 0.72201
Received=	0.25243
Feedback: 0.55035
Received=	0.40401
Feedback: 0.49091
Received=	1.1306
Feedback: 0.20599
Received=	0.59978
Feedback: 0.41415
Received=	0.3067
Feedback: 0.52907
Received=	0.79032
Feedback: 0.33944
Received=	1.2178
Feedback: 0.17183
Received=	0.78213
Feedback: 0.34265
Received=	0.93674
Feedback: 0.28202
Received=	0.21468
Feedback: 0.56515
Received=	-0.028152
Feedback: 0.66037
Received=	1.4787
Feedback: 0.1
Received=	1.1889
Feedback: 0.18316
Received=	0.97483
Feedback: 0.26709
Received=	0.45507
Feedback: 0.47089
Received=	0.51423
Feedback: 0.4477
Received=	1.107
Feedback: 0.21528
Received=	0.96685
Feedback: 0.27022
Received=	-0.067739
Feedback: 0.6759
Received=	-0.1383
Feedback: 0.70356
Received=	1.1252
Feedback: 0.20814
Received=	0.61882
Feedback: 0.40668
Received=	0.17992
Feedback: 0.57878
Received=	-0.12905
Feedback: 0.69994
Received=	0.50767
Feedback: 0.45027
Received=	0.3917
Feedback: 0.49574
Received=	0.72756
Feedback: 0.36405
Received=	0.78312
Feedback: 0.34226
Received=	0.78919
Feedback: 0.33988
Received=	0.57868
Feedback: 0.42243
Received=	0.89793
Feedback: 0.29724
Received=	0.90276
Feedback: 0.29535
Received=	-0.097786
Feedback: 0.68768
Received=	-0.25469
Feedback: 0.7492
Received=	0.39111
Feedback: 0.49597
Received=	0.47344
Feedback: 0.46369
Received=	0.87664
Feedback: 0.30559
Received=	1.174
Feedback: 0.18897
Received=	1.4712
Feedback: 0.1
Received=	0.78255
Feedback: 0.34248
Received=	0.77951
Feedback: 0.34368
Received=	0.69284
Feedback: 0.37766
Received=	0.64141
Feedback: 0.39783
Received=	1.3501
Feedback: 0.11996
Received=	1.1325
Feedback: 0.20524
Received=	0.84619
Feedback: 0.31753
Received=	1.0572
Feedback: 0.23479
Received=	0.30907
Feedback: 0.52814
Received=	0.16026
Feedback: 0.58649
Received=	0.66891
Feedback: 0.38704
Received=	0.84269
Feedback: 0.3189
Received=	0.31704
Feedback: 0.52502
Received=	0.52956
Feedback: 0.44169
Received=	1.442
Feedback: 0.1
Received=	0.99219
Feedback: 0.26028
Received=	1.2342
Feedback: 0.16537
Received=	1.8002
Feedback: 0.1
Calculated range:	[(-2.000000) - (2.000000)]
Success index = (0.662109)
Received=	0.79771
=====  12:23:51 - BASE  ============
Feedback: 0.66
Received=	-0.10132
Feedback: 0.66
Received=	-0.46123
Feedback: 0.66
Received=	-1.1103
Feedback: 0.66
Received=	-0.22331
Feedback: 0.66
Received=	0.62997
Feedback: 0.66
Received=	0.38252
Feedback: 0.66
Received=	0.88518
Feedback: 0.66
Received=	0.98388
Feedback: 0.66
Received=	0.73252
Feedback: 0.66
Received=	1.2366
Feedback: 0.66
Received=	1.3273
Feedback: 0.66
Received=	0.13626
Feedback: 0.66
Received=	0.15989
Feedback: 0.66
Received=	0.95593
Feedback: 0.66
Received=	0.85899
Feedback: 0.66
Received=	1.5152
Feedback: 0.66
Received=	0.53073
Feedback: 0.66
Received=	0.37709
Feedback: 0.66
Received=	0.78716
Feedback: 0.66
Received=	0.84582
=====  12:24:51 - NF  ============
Feedback: 0.40716
Received=	-0.024301
Feedback: 0.67056
Received=	-1.3741
Feedback: 0.9
Received=	-0.25
Feedback: 0.73888
Received=	1.0853
Feedback: 0.33467
Received=	0.57983
Feedback: 0.48768
Received=	-0.13202
Feedback: 0.70316
Received=	0.86458
Feedback: 0.40148
Received=	0.88096
Feedback: 0.39653
Received=	0.38455
Feedback: 0.54679
Received=	0.77133
Feedback: 0.42971
Received=	1.0089
Feedback: 0.3578
Received=	1.271
Feedback: 0.27847
Received=	1.3017
Feedback: 0.26917
Received=	1.1119
Feedback: 0.32661
Received=	0.44465
Feedback: 0.5286
Received=	-0.099626
Feedback: 0.69336
Received=	1.0511
Feedback: 0.34502
Received=	1.3995
Feedback: 0.23955
Received=	0.80835
Feedback: 0.4185
Received=	0.46573
Feedback: 0.52222
Received=	1.3112
Feedback: 0.26628
Received=	0.8943
Feedback: 0.39249
Received=	1.522
Feedback: 0.20247
Received=	0.98869
Feedback: 0.36392
Received=	-0.20997
Feedback: 0.72676
Received=	0.63596
Feedback: 0.47069
Received=	0.80637
Feedback: 0.4191
Received=	0.20889
Feedback: 0.59997
Received=	0.65468
Feedback: 0.46502
Received=	1.0444
Feedback: 0.34704
Received=	0.53223
Feedback: 0.50209
Received=	0.37358
Feedback: 0.55011
Received=	0.029168
Feedback: 0.65437
Received=	0.43597
Feedback: 0.53123
Received=	0.71893
Feedback: 0.44557
Received=	0.5615
Feedback: 0.49323
Received=	0.49489
Feedback: 0.51339
Received=	0.98486
Feedback: 0.36507
Received=	1.0317
Feedback: 0.35091
Received=	0.83881
Feedback: 0.40929
Received=	0.91061
Feedback: 0.38755
Received=	0.30588
Feedback: 0.57061
Received=	-0.72473
Feedback: 0.88258
Received=	0.033149
Feedback: 0.65317
Received=	1.1463
Feedback: 0.31621
Received=	0.69192
Feedback: 0.45375
Received=	0.26706
Feedback: 0.58236
Received=	1.1848
Feedback: 0.30455
Received=	1.5174
Feedback: 0.20386
Received=	0.91837
Feedback: 0.3852
Received=	0.96872
Feedback: 0.36996
Received=	1.372
Feedback: 0.24787
Received=	0.35647
Feedback: 0.55529
Received=	0.5489
Feedback: 0.49704
Received=	0.96619
Feedback: 0.37073
Received=	0.42582
Feedback: 0.5343
Received=	0.22564
Feedback: 0.5949
Received=	0.55675
Feedback: 0.49467
Received=	1.0244
Feedback: 0.35309
Calculated range:	[(-2.000000) - (2.000000)]
Success index = (0.192836)
Received=	1.1822
=====  12:27:51 - BASE  ============
Feedback: 0.66
Received=	0.6156
Feedback: 0.66
Received=	0.18006
Feedback: 0.66
Received=	-0.00028293
Feedback: 0.66
Received=	0.13364
Feedback: 0.66
Received=	0.5695
Feedback: 0.66
Received=	0.66594
Feedback: 0.66
Received=	0.56187
Feedback: 0.66
Received=	0.49967
Feedback: 0.66
Received=	0.49114
Feedback: 0.66
Received=	0.5299
Feedback: 0.66
Received=	0.91102
Feedback: 0.66
Received=	0.83936
Feedback: 0.66
Received=	0.33839
Feedback: 0.66
Received=	0.13218
Feedback: 0.66
Received=	0.24113
Feedback: 0.66
Received=	0.12564
Feedback: 0.66
Received=	0.11447
Feedback: 0.66
Received=	0.35365
Feedback: 0.66
Received=	0.089728
Feedback: 0.66
Received=	-0.0060308
=====  12:28:51 - NF  ============
Feedback: 0.78321
Received=	0.46502
Feedback: 0.43447
Received=	0.4548
Feedback: 0.44203
Received=	-0.22935
Feedback: 0.9
Received=	-0.65968
Feedback: 0.9
Received=	-0.4754
Feedback: 0.9
Received=	-0.16507
Feedback: 0.9
Received=	-0.17746
Feedback: 0.9
Received=	-0.11727
Feedback: 0.86557
Received=	0.14824
Feedback: 0.66899
Received=	0.02583
Feedback: 0.75963
Received=	0.0199
Feedback: 0.76402
Received=	0.063573
Feedback: 0.73168
Received=	0.12299
Feedback: 0.68769
Received=	0.19241
Feedback: 0.63629
Received=	-0.0093078
Feedback: 0.78564
Received=	0.071367
Feedback: 0.72591
Received=	0.18628
Feedback: 0.64084
Received=	0.17671
Feedback: 0.64792
Received=	0.26453
Feedback: 0.5829
Received=	0.25142
Feedback: 0.59261
Received=	0.1897
Feedback: 0.6383
Received=	0.11639
Feedback: 0.69258
Received=	0.024706
Feedback: 0.76046
Received=	-0.12118
Feedback: 0.86847
Received=	-0.32989
Feedback: 0.9
Received=	-0.19921
Feedback: 0.9
Received=	0.12165
Feedback: 0.68869
Received=	0.16771
Feedback: 0.65458
Received=	0.1221
Feedback: 0.68835
Received=	0.2241
Feedback: 0.61284
Received=	0.15799
Feedback: 0.66178
Received=	0.19623
Feedback: 0.63346
Received=	0.66354
Feedback: 0.28748
Received=	0.62911
Feedback: 0.31297
Received=	0.41203
Feedback: 0.47369
Received=	0.28191
Feedback: 0.57003
Received=	-0.052061
Feedback: 0.81729
Received=	-0.47726
Feedback: 0.9
Received=	-0.19286
Feedback: 0.9
Received=	0.10095
Feedback: 0.70401
Received=	-0.2039
Feedback: 0.9
Received=	-0.50189
Feedback: 0.9
Received=	-0.7345
Feedback: 0.9
Received=	-0.085923
Feedback: 0.84236
Received=	0.41734
Feedback: 0.46976
Received=	0.7119
Feedback: 0.25168
Received=	0.087546
Feedback: 0.71393
Received=	-0.14308
Feedback: 0.88468
Received=	-0.0042814
Feedback: 0.78192
Received=	-0.17237
Feedback: 0.9
Received=	0.10273
Feedback: 0.70269
Received=	0.52326
Feedback: 0.39135
Received=	0.1273
Feedback: 0.6845
Received=	-0.31201
Feedback: 0.9
Received=	-0.28845
Feedback: 0.9
Received=	-0.13709
Feedback: 0.88024
Received=	-0.1888
Feedback: 0.9
Received=	-0.25245
Feedback: 0.9
Received=	-0.18017
Feedback: 0.9
Calculated range:	[(-2.195046) - (1.804954)]
Success index = (-1.195046)
closing...
