Direction=-1.000000	; step=1.000000;
Received=	0
Feedback: 0.66
Received=	0
Feedback: 0.66
Received=	0
Feedback: 0.66
Received=	0.033531
Feedback: 0.66
Received=	-0.21039
Feedback: 0.66
Received=	-0.30557
Feedback: 0.66
Received=	-0.4659
Feedback: 0.66
Received=	-0.58084
Feedback: 0.66
Received=	-0.24282
Feedback: 0.66
Received=	-0.08224
Feedback: 0.66
Received=	-0.098089
Feedback: 0.66
Received=	0.048516
Feedback: 0.66
Received=	-0.094922
Feedback: 0.66
Received=	-0.30806
Feedback: 0.66
Received=	-0.39547
Feedback: 0.66
Received=	-0.32144
Feedback: 0.66
Received=	-0.22757
Feedback: 0.66
Received=	-0.059919
Feedback: 0.66
Received=	-0.13595
Feedback: 0.66
Received=	-0.14119
Feedback: 0.66
Received=	-0.29327
=====  12:14:22 - NF  ============
Feedback: 0.60813
Received=	-0.31163
Feedback: 0.62927
Received=	-0.11903
Feedback: 0.40753
Received=	-0.019591
Feedback: 0.29304
Received=	-0.083393
Feedback: 0.36649
Received=	-0.34817
Feedback: 0.67134
Received=	-0.37738
Feedback: 0.70498
Received=	-0.31551
Feedback: 0.63374
Received=	-0.41221
Feedback: 0.74507
Received=	-0.34703
Feedback: 0.67003
Received=	-0.16469
Feedback: 0.4601
Received=	-0.14883
Feedback: 0.44183
Received=	-0.23832
Feedback: 0.54487
Received=	-0.11246
Feedback: 0.39995
Received=	-0.06624
Feedback: 0.34674
Received=	-0.21704
Feedback: 0.52037
Received=	-0.079575
Feedback: 0.3621
Received=	-0.080439
Feedback: 0.36309
Received=	-0.22467
Feedback: 0.52914
Received=	-0.030938
Feedback: 0.3061
Received=	-0.13534
Feedback: 0.4263
Received=	-0.43146
Feedback: 0.76724
Received=	-0.37738
Feedback: 0.70497
Received=	-0.30777
Feedback: 0.62482
Received=	-0.28812
Feedback: 0.60221
Received=	-0.10465
Feedback: 0.39097
Received=	0.024657
Feedback: 0.24209
Received=	-0.10563
Feedback: 0.3921
Received=	-0.05959
Feedback: 0.33909
Received=	0.043574
Feedback: 0.22031
Received=	-0.18785
Feedback: 0.48676
Received=	-0.36969
Feedback: 0.69612
Received=	-0.35995
Feedback: 0.68491
Received=	-0.13627
Feedback: 0.42737
Received=	0.19193
Feedback: 0.1
Received=	0.046497
Feedback: 0.21695
Received=	-0.035942
Feedback: 0.31186
Received=	-0.099823
Feedback: 0.38541
Received=	-0.16814
Feedback: 0.46407
Received=	-0.14868
Feedback: 0.44166
Received=	-0.014607
Feedback: 0.2873
Received=	-0.27942
Feedback: 0.59219
Received=	-0.26741
Feedback: 0.57836
Received=	-0.14682
Feedback: 0.43952
Received=	-0.18782
Feedback: 0.48672
Received=	-0.36533
Feedback: 0.6911
Received=	-0.36303
Feedback: 0.68845
Received=	-0.27845
Feedback: 0.59107
Received=	-0.25928
Feedback: 0.56899
Received=	-0.28833
Feedback: 0.60244
Received=	-0.28362
Feedback: 0.59702
Received=	-0.24056
Feedback: 0.54745
Received=	-0.17989
Feedback: 0.4776
Received=	0.14431
Feedback: 0.10434
Received=	0.026748
Feedback: 0.23968
Received=	-0.27769
Feedback: 0.5902
Received=	0.012188
Feedback: 0.25645
Received=	-0.12077
Feedback: 0.40953
Received=	-0.087975
Feedback: 0.37177
Received=	-0.1378
Feedback: 0.42913
Calculated range:	[(-2.000000) - (2.000000)]
Success index = (0.151671)
Received=	-0.35736
=====  12:17:22 - BASE  ============
Feedback: 0.66
Received=	-0.10299
Feedback: 0.66
Received=	-0.29024
Feedback: 0.66
Received=	-0.48719
Feedback: 0.66
Received=	-0.21354
Feedback: 0.66
Received=	0.22781
Feedback: 0.66
Received=	-0.065171
Feedback: 0.66
Received=	-0.12661
Feedback: 0.66
Received=	0.066906
Feedback: 0.66
Received=	0.15591
Feedback: 0.66
Received=	0.014377
Feedback: 0.66
Received=	-0.16657
Feedback: 0.66
Received=	-0.38498
Feedback: 0.66
Received=	-0.30834
Feedback: 0.66
Received=	-0.26513
Feedback: 0.66
Received=	-0.18123
Feedback: 0.66
Received=	-0.1732
Feedback: 0.66
Received=	-0.24004
Feedback: 0.66
Received=	-0.25997
Feedback: 0.66
Received=	-0.058297
Feedback: 0.66
Received=	-0.20919
=====  12:18:22 - NF  ============
Feedback: 0.56079
Received=	-0.13133
Feedback: 0.47643
Received=	0.00093253
Feedback: 0.33313
Received=	-0.097894
Feedback: 0.44021
Received=	-0.11446
Feedback: 0.45815
Received=	-0.018599
Feedback: 0.35429
Received=	-0.14851
Feedback: 0.49504
Received=	-0.28153
Feedback: 0.63917
Received=	-0.30645
Feedback: 0.66616
Received=	-0.3367
Feedback: 0.69893
Received=	-0.2853
Feedback: 0.64325
Received=	-0.39142
Feedback: 0.75822
Received=	-0.33581
Feedback: 0.69798
Received=	-0.20479
Feedback: 0.55602
Received=	-0.065913
Feedback: 0.40556
Received=	0.025267
Feedback: 0.30677
Received=	0.15793
Feedback: 0.16304
Received=	0.013514
Feedback: 0.3195
Received=	0.043458
Feedback: 0.28706
Received=	0.093291
Feedback: 0.23307
Received=	0.021372
Feedback: 0.31099
Received=	-0.10519
Feedback: 0.44811
Received=	0.10804
Feedback: 0.21709
Received=	-0.10589
Feedback: 0.44886
Received=	-0.082529
Feedback: 0.42356
Received=	0.016837
Feedback: 0.3159
Received=	-0.020657
Feedback: 0.35652
Received=	-0.21361
Feedback: 0.56558
Received=	-0.30863
Feedback: 0.66853
Received=	-0.34169
Feedback: 0.70434
Received=	-0.14503
Feedback: 0.49127
Received=	0.20279
Feedback: 0.11444
Received=	0.067025
Feedback: 0.26153
Received=	-0.054961
Feedback: 0.39369
Received=	0.09879
Feedback: 0.22711
Received=	-0.084134
Feedback: 0.4253
Received=	0.091783
Feedback: 0.2347
Received=	-0.02623
Feedback: 0.36256
Received=	-0.21047
Feedback: 0.56217
Received=	-0.15277
Feedback: 0.49966
Received=	-0.30914
Feedback: 0.66907
Received=	-0.32726
Feedback: 0.68871
Received=	-0.35142
Feedback: 0.71489
Received=	-0.22306
Feedback: 0.57581
Received=	-0.069506
Feedback: 0.40945
Received=	-0.042178
Feedback: 0.37984
Received=	-0.014938
Feedback: 0.35033
Received=	-0.03239
Feedback: 0.36924
Received=	-0.25254
Feedback: 0.60775
Received=	-0.22148
Feedback: 0.5741
Received=	-0.10677
Feedback: 0.44983
Received=	-0.1362
Feedback: 0.48171
Received=	-0.23897
Feedback: 0.59305
Received=	-0.22223
Feedback: 0.57492
Received=	-0.34322
Feedback: 0.706
Received=	-0.32736
Feedback: 0.68882
Received=	-0.26419
Feedback: 0.62037
Received=	-0.1873
Feedback: 0.53707
Received=	0.051207
Feedback: 0.27866
Received=	0.063112
Feedback: 0.26577
Calculated range:	[(-2.000000) - (2.000000)]
Success index = (0.188062)
Received=	-0.23106
=====  12:21:22 - BASE  ============
Feedback: 0.66
Received=	-0.13958
Feedback: 0.66
Received=	0.096149
Feedback: 0.66
Received=	-0.14009
Feedback: 0.66
Received=	-0.23585
Feedback: 0.66
Received=	-0.25489
Feedback: 0.66
Received=	-0.067276
Feedback: 0.66
Received=	-0.27711
Feedback: 0.66
Received=	-0.2974
Feedback: 0.66
Received=	0.12917
Feedback: 0.66
Received=	0.21034
Feedback: 0.66
Received=	0.12394
Feedback: 0.66
Received=	-0.16983
Feedback: 0.66
Received=	-0.035464
Feedback: 0.66
Received=	0.13976
Feedback: 0.66
Received=	0.051187
Feedback: 0.66
Received=	-0.063846
Feedback: 0.66
Received=	0.04782
Feedback: 0.66
Received=	-0.020499
Feedback: 0.66
Received=	0.095534
Feedback: 0.66
Received=	-0.044415
=====  12:22:22 - NF  ============
Feedback: 0.50907
Received=	-0.27328
Feedback: 0.79395
Received=	-0.044728
Feedback: 0.50946
Received=	0.060642
Feedback: 0.3783
Received=	-0.19218
Feedback: 0.69301
Received=	-0.23059
Feedback: 0.74082
Received=	-0.30632
Feedback: 0.83507
Received=	0.053909
Feedback: 0.38668
Received=	0.1907
Feedback: 0.2164
Received=	0.039832
Feedback: 0.4042
Received=	-0.10867
Feedback: 0.58906
Received=	-0.37277
Feedback: 0.9
Received=	-0.27566
Feedback: 0.79691
Received=	-0.18117
Feedback: 0.6793
Received=	-0.12733
Feedback: 0.61228
Received=	-0.049125
Feedback: 0.51493
Received=	0.0093534
Feedback: 0.44214
Received=	-0.29637
Feedback: 0.8227
Received=	-0.32899
Feedback: 0.8633
Received=	-0.1796
Feedback: 0.67734
Received=	-0.034048
Feedback: 0.49616
Received=	-0.037492
Feedback: 0.50045
Received=	-0.28713
Feedback: 0.81119
Received=	-0.17753
Feedback: 0.67476
Received=	-0.14199
Feedback: 0.63052
Received=	-0.12269
Feedback: 0.60651
Received=	-0.03353
Feedback: 0.49552
Received=	0.066046
Feedback: 0.37157
Received=	0.070854
Feedback: 0.36558
Received=	-0.0058293
Feedback: 0.46104
Received=	-0.20085
Feedback: 0.7038
Received=	-0.22305
Feedback: 0.73142
Received=	-0.21977
Feedback: 0.72735
Received=	-0.34503
Feedback: 0.88326
Received=	-0.19012
Feedback: 0.69044
Received=	-0.039361
Feedback: 0.50278
Received=	-0.29733
Feedback: 0.8239
Received=	-0.31617
Feedback: 0.84735
Received=	-0.30814
Feedback: 0.83735
Received=	-0.21571
Feedback: 0.72229
Received=	-0.081377
Feedback: 0.55508
Received=	0.046862
Feedback: 0.39545
Received=	0.18632
Feedback: 0.22186
Received=	-0.012926
Feedback: 0.46987
Received=	-0.27868
Feedback: 0.80067
Received=	-0.35064
Feedback: 0.89024
Received=	-0.2667
Feedback: 0.78576
Received=	-0.11266
Feedback: 0.59402
Received=	-0.030539
Feedback: 0.4918
Received=	-0.10037
Feedback: 0.57872
Received=	-0.19966
Feedback: 0.70232
Received=	-0.20124
Feedback: 0.70428
Received=	-0.19894
Feedback: 0.70141
Received=	-0.1215
Feedback: 0.60503
Received=	-0.046755
Feedback: 0.51198
Received=	-0.060524
Feedback: 0.52912
Received=	-0.03273
Feedback: 0.49452
Received=	0.095928
Feedback: 0.33437
Received=	-0.013955
Feedback: 0.47115
Received=	-0.35302
Feedback: 0.89321
Calculated range:	[(-2.000000) - (2.000000)]
Success index = (-0.640425)
Received=	-0.36254
=====  12:25:23 - BASE  ============
Feedback: 0.66
Received=	-0.30665
Feedback: 0.66
Received=	-0.30377
Feedback: 0.66
Received=	-0.31962
Feedback: 0.66
Received=	-0.27086
Feedback: 0.66
Received=	-0.26127
Feedback: 0.66
Received=	-0.26025
Feedback: 0.66
Received=	-0.18045
Feedback: 0.66
Received=	-0.22574
Feedback: 0.66
Received=	-0.31899
Feedback: 0.66
Received=	-0.41128
Feedback: 0.66
Received=	0.085208
Feedback: 0.66
Received=	-0.059419
Feedback: 0.66
Received=	-0.20337
Feedback: 0.66
Received=	-0.22639
Feedback: 0.66
Received=	-0.18514
Feedback: 0.66
Received=	-0.15325
Feedback: 0.66
Received=	-0.22591
Feedback: 0.66
Received=	-0.34799
Feedback: 0.66
Received=	-0.49842
Feedback: 0.66
Received=	-0.47024
=====  12:26:22 - NF  ============
Feedback: 0.85443
Received=	-0.33377
Feedback: 0.64195
Received=	-0.27041
Feedback: 0.54329
Received=	-0.23205
Feedback: 0.48356
Received=	-0.37591
Feedback: 0.70755
Received=	-0.15995
Feedback: 0.37131
Received=	-0.18817
Feedback: 0.41525
Received=	-0.12461
Feedback: 0.31628
Received=	0.030818
Feedback: 0.1
Received=	0.13879
Feedback: 0.1
Received=	0.09951
Feedback: 0.1
Received=	0.039171
Feedback: 0.1
Received=	-0.16209
Feedback: 0.37463
Received=	-0.16955
Feedback: 0.38625
Received=	0.053747
Feedback: 0.1
Received=	0.16836
Feedback: 0.1
Received=	-0.22385
Feedback: 0.47079
Received=	-0.23644
Feedback: 0.4904
Received=	-0.18965
Feedback: 0.41755
Received=	-0.33524
Feedback: 0.64423
Received=	-0.15598
Feedback: 0.36512
Received=	-0.095826
Feedback: 0.27146
Received=	-0.03855
Feedback: 0.18228
Received=	-0.18476
Feedback: 0.40993
Received=	-0.52461
Feedback: 0.9
Received=	-0.46966
Feedback: 0.85353
Received=	-0.17853
Feedback: 0.40023
Received=	-0.16188
Feedback: 0.37431
Received=	0.0096964
Feedback: 0.10716
Received=	0.052097
Feedback: 0.1
Received=	-0.24208
Feedback: 0.49918
Received=	-0.14376
Feedback: 0.34609
Received=	-0.047467
Feedback: 0.19617
Received=	-0.4308
Feedback: 0.79302
Received=	-0.37511
Feedback: 0.70631
Received=	-0.23014
Feedback: 0.48059
Received=	-0.17026
Feedback: 0.38736
Received=	-0.020042
Feedback: 0.15347
Received=	0.0014726
Feedback: 0.11997
Received=	-0.21267
Feedback: 0.45338
Received=	0.26507
Feedback: 0.1
Received=	-0.032954
Feedback: 0.17357
Received=	0.019821
Feedback: 0.1
Received=	-0.10289
Feedback: 0.28246
Received=	-0.003748
Feedback: 0.1281
Received=	-0.02575
Feedback: 0.16235
Received=	0.039076
Feedback: 0.1
Received=	-0.0067378
Feedback: 0.13275
Received=	-0.022568
Feedback: 0.1574
Received=	-0.25798
Feedback: 0.52393
Received=	-0.21239
Feedback: 0.45295
Received=	0.13144
Feedback: 0.1
Received=	-0.060821
Feedback: 0.21696
Received=	-0.14667
Feedback: 0.35063
Received=	-0.027727
Feedback: 0.16543
Received=	-0.022482
Feedback: 0.15727
Received=	-0.27899
Feedback: 0.55666
Received=	-0.44116
Feedback: 0.80915
Received=	-0.18171
Feedback: 0.40519
Received=	0.17872
Feedback: 0.1
Calculated range:	[(-2.000000) - (2.000000)]
Success index = (0.693589)
Received=	0.11631
=====  12:29:22 - BASE  ============
Feedback: 0.66
Received=	-0.19281
Feedback: 0.66
Received=	0.12369
Feedback: 0.66
Received=	0.076603
Feedback: 0.66
Received=	0.037351
Feedback: 0.66
Received=	0.056804
Feedback: 0.66
Received=	0.014611
Feedback: 0.66
Received=	0.098893
Feedback: 0.66
Received=	-0.072551
Feedback: 0.66
Received=	-0.24024
Feedback: 0.66
Received=	-0.2258
Feedback: 0.66
Received=	-0.12175
Feedback: 0.66
Received=	-0.063289
Feedback: 0.66
Received=	-0.30914
Feedback: 0.66
Received=	-0.33756
Feedback: 0.66
Received=	0.099442
Feedback: 0.66
Received=	0.15537
Feedback: 0.66
Received=	0.32919
Feedback: 0.66
Received=	-0.1631
Feedback: 0.66
Received=	-0.17044
Feedback: 0.66
Received=	-0.14083
=====  12:30:23 - NF  ============
Feedback: 0.61283
Received=	-0.10677
Feedback: 0.57487
Received=	-0.14813
Feedback: 0.62095
Received=	-0.034387
Feedback: 0.49425
Received=	-0.33727
Feedback: 0.83165
Received=	-0.39395
Feedback: 0.89479
Received=	-0.28491
Feedback: 0.77332
Received=	-0.20146
Feedback: 0.68036
Received=	-0.081974
Feedback: 0.54726
Received=	0.022428
Feedback: 0.43096
Received=	-0.17757
Feedback: 0.65374
Received=	0.019127
Feedback: 0.43463
Received=	-0.1419
Feedback: 0.61402
Received=	-0.11231
Feedback: 0.58105
Received=	-0.15561
Feedback: 0.62929
Received=	-0.18229
Feedback: 0.659
Received=	-0.10644
Feedback: 0.57451
Received=	-0.33886
Feedback: 0.83342
Received=	-0.34996
Feedback: 0.84578
Received=	-0.15268
Feedback: 0.62602
Received=	-0.19559
Feedback: 0.67382
Received=	-0.026168
Feedback: 0.48509
Received=	0.29862
Feedback: 0.12329
Received=	-0.028841
Feedback: 0.48807
Received=	-0.24204
Feedback: 0.72556
Received=	-0.32615
Feedback: 0.81926
Received=	-0.25384
Feedback: 0.73871
Received=	-0.088818
Feedback: 0.55488
Received=	-0.0096436
Feedback: 0.46668
Received=	-0.16444
Feedback: 0.63912
Received=	-0.14291
Feedback: 0.61514
Received=	-0.0083929
Feedback: 0.46529
Received=	0.11583
Feedback: 0.32691
Received=	-0.15376
Feedback: 0.62723
Received=	-0.12583
Feedback: 0.59611
Received=	0.016696
Feedback: 0.43734
Received=	0.032008
Feedback: 0.42029
Received=	0.20808
Feedback: 0.22414
Received=	-0.11108
Feedback: 0.57968
Received=	-0.19335
Feedback: 0.67133
Received=	-0.20069
Feedback: 0.6795
Received=	0.046605
Feedback: 0.40403
Received=	0.042523
Feedback: 0.40857
Received=	-0.031328
Feedback: 0.49084
Received=	0.026269
Feedback: 0.42668
Received=	-0.1054
Feedback: 0.57335
Received=	-0.11925
Feedback: 0.58878
Received=	-0.1219
Feedback: 0.59173
Received=	-0.14644
Feedback: 0.61907
Received=	-0.017021
Feedback: 0.4749
Received=	0.4765
Feedback: 0.1
Received=	0.44013
Feedback: 0.1
Received=	-0.11261
Feedback: 0.58138
Received=	-0.47116
Feedback: 0.9
Received=	-0.27499
Feedback: 0.76227
Received=	-0.2676
Feedback: 0.75404
Received=	-0.098874
Feedback: 0.56608
Received=	-0.10775
Feedback: 0.57597
Received=	-0.11686
Feedback: 0.58612
Received=	-0.072865
Feedback: 0.53711
Calculated range:	[(-2.000000) - (2.000000)]
Success index = (-0.351184)
closing...
