Direction=-1.000000	; step=1.000000;
Received=	0
Feedback: 0.66
Received=	0
Feedback: 0.66
Received=	0
Feedback: 0.66
Received=	-0.47123
Feedback: 0.66
Received=	-0.84509
Feedback: 0.66
Received=	-0.4351
Feedback: 0.66
Received=	-0.55892
Feedback: 0.66
Received=	-0.37852
Feedback: 0.66
Received=	-0.29201
Feedback: 0.66
Received=	-0.50049
Feedback: 0.66
Received=	-0.59986
Feedback: 0.66
Received=	-0.87715
Feedback: 0.66
Received=	-0.79549
Feedback: 0.66
Received=	-0.95174
Feedback: 0.66
Received=	-0.81201
Feedback: 0.66
Received=	-0.19123
Feedback: 0.66
Received=	-0.28707
Feedback: 0.66
Received=	-0.3677
Feedback: 0.66
Received=	-0.774
Feedback: 0.66
Received=	-0.91143
Feedback: 0.66
Received=	-0.66619
=====  12:18:33 - NF  ============
Feedback: 0.57751
Received=	-0.59396
Feedback: 0.52563
Received=	-0.69716
Feedback: 0.59976
Received=	-0.55365
Feedback: 0.49667
Received=	-0.36399
Feedback: 0.36044
Received=	-0.40404
Feedback: 0.38921
Received=	-0.34375
Feedback: 0.34591
Received=	-0.40567
Feedback: 0.39038
Received=	-0.5524
Feedback: 0.49578
Received=	-0.6886
Feedback: 0.59361
Received=	-0.82681
Feedback: 0.69288
Received=	-0.86227
Feedback: 0.71835
Received=	-0.79753
Feedback: 0.67186
Received=	-0.68671
Feedback: 0.59225
Received=	-0.58431
Feedback: 0.5187
Received=	-0.61075
Feedback: 0.53769
Received=	-0.40301
Feedback: 0.38847
Received=	-0.38831
Feedback: 0.37791
Received=	-0.69289
Feedback: 0.59669
Received=	-0.39613
Feedback: 0.38353
Received=	-0.18398
Feedback: 0.23114
Received=	-0.27714
Feedback: 0.29806
Received=	-0.35289
Feedback: 0.35247
Received=	-0.31862
Feedback: 0.32785
Received=	-0.2452
Feedback: 0.27511
Received=	-0.26241
Feedback: 0.28748
Received=	-0.2795
Feedback: 0.29975
Received=	-0.37017
Feedback: 0.36488
Received=	-0.5617
Feedback: 0.50246
Received=	-0.58306
Feedback: 0.5178
Received=	-0.55162
Feedback: 0.49522
Received=	-0.3877
Feedback: 0.37747
Received=	-0.65204
Feedback: 0.56735
Received=	-0.7084
Feedback: 0.60783
Received=	-0.23747
Feedback: 0.26956
Received=	-0.2129
Feedback: 0.25192
Received=	-0.26191
Feedback: 0.28712
Received=	-0.53668
Feedback: 0.48449
Received=	-0.52468
Feedback: 0.47587
Received=	-0.34383
Feedback: 0.34596
Received=	-0.41301
Feedback: 0.39565
Received=	-0.57945
Feedback: 0.51521
Received=	-0.47819
Feedback: 0.44247
Received=	-0.48188
Feedback: 0.44513
Received=	-0.3455
Feedback: 0.34716
Received=	-0.13102
Feedback: 0.1931
Received=	0.016448
Feedback: 0.1
Received=	0.01011
Feedback: 0.1
Received=	-0.12338
Feedback: 0.18762
Received=	-0.11375
Feedback: 0.1807
Received=	-0.22666
Feedback: 0.2618
Received=	-0.054157
Feedback: 0.13789
Received=	-0.11281
Feedback: 0.18002
Received=	-0.20559
Feedback: 0.24666
Received=	-0.28488
Feedback: 0.30362
Received=	-0.17645
Feedback: 0.22573
Received=	-0.19696
Feedback: 0.24046
Received=	-0.507
Feedback: 0.46317
Received=	-0.66037
Feedback: 0.57333
Received=	-0.49078
Feedback: 0.45151
Calculated range:	[(-2.000000) - (2.000000)]
Success index = (0.625331)
Received=	-0.56209
=====  12:21:33 - BASE  ============
Feedback: 0.66
Received=	-0.44794
Feedback: 0.66
Received=	-0.41889
Feedback: 0.66
Received=	-0.36639
Feedback: 0.66
Received=	-0.18859
Feedback: 0.66
Received=	-0.25795
Feedback: 0.66
Received=	-0.2512
Feedback: 0.66
Received=	-0.20526
Feedback: 0.66
Received=	-0.20786
Feedback: 0.66
Received=	0.066326
Feedback: 0.66
Received=	-0.15457
Feedback: 0.66
Received=	-0.21298
Feedback: 0.66
Received=	0.033064
Feedback: 0.66
Received=	-0.048483
Feedback: 0.66
Received=	0.014182
Feedback: 0.66
Received=	0.24453
Feedback: 0.66
Received=	0.35531
Feedback: 0.66
Received=	0.089796
Feedback: 0.66
Received=	-0.021475
Feedback: 0.66
Received=	-0.22839
Feedback: 0.66
Received=	-0.068493
=====  12:22:33 - NF  ============
Feedback: 0.47145
Received=	-0.17244
Feedback: 0.57301
Received=	-1.0295
Feedback: 0.9
Received=	-1.2893
Feedback: 0.9
Received=	-1.1283
Feedback: 0.9
Received=	-1.197
Feedback: 0.9
Received=	-1.0162
Feedback: 0.9
Received=	-0.7566
Feedback: 0.9
Received=	-0.48923
Feedback: 0.8825
Received=	-0.43214
Feedback: 0.82673
Received=	-0.18597
Feedback: 0.58623
Received=	-0.5712
Feedback: 0.9
Received=	-0.64271
Feedback: 0.9
Received=	-0.47237
Feedback: 0.86603
Received=	-0.63016
Feedback: 0.9
Received=	-0.52741
Feedback: 0.9
Received=	-0.65011
Feedback: 0.9
Received=	-0.54959
Feedback: 0.9
Received=	-0.49674
Feedback: 0.88984
Received=	-0.19888
Feedback: 0.59884
Received=	-0.52491
Feedback: 0.9
Received=	-0.46215
Feedback: 0.85606
Received=	-0.26282
Feedback: 0.66131
Received=	-0.31312
Feedback: 0.71045
Received=	-0.39054
Feedback: 0.78609
Received=	-0.82265
Feedback: 0.9
Received=	-0.85531
Feedback: 0.9
Received=	-0.86862
Feedback: 0.9
Received=	-0.70511
Feedback: 0.9
Received=	-0.46369
Feedback: 0.85755
Received=	-0.70187
Feedback: 0.9
Received=	-0.66981
Feedback: 0.9
Received=	-0.50726
Feedback: 0.9
Received=	-0.40988
Feedback: 0.80498
Received=	-0.13125
Feedback: 0.53276
Received=	0.046918
Feedback: 0.3587
Received=	-0.19492
Feedback: 0.59497
Received=	-0.2803
Feedback: 0.67839
Received=	-0.31118
Feedback: 0.70856
Received=	-0.26906
Feedback: 0.6674
Received=	-0.014105
Feedback: 0.41832
Received=	0.107
Feedback: 0.3
Received=	0.16777
Feedback: 0.24063
Received=	-0.055928
Feedback: 0.45918
Received=	-0.2405
Feedback: 0.6395
Received=	-0.0062224
Feedback: 0.41062
Received=	0.29444
Feedback: 0.11687
Received=	0.47542
Feedback: 0.1
Received=	-0.011584
Feedback: 0.41585
Received=	-0.066918
Feedback: 0.46992
Received=	0.093628
Feedback: 0.31306
Received=	0.21025
Feedback: 0.19913
Received=	-0.045164
Feedback: 0.44866
Received=	-0.062608
Feedback: 0.4657
Received=	-0.030983
Feedback: 0.43481
Received=	-0.21061
Feedback: 0.6103
Received=	-0.19984
Feedback: 0.59978
Received=	-0.24547
Feedback: 0.64436
Received=	-0.019771
Feedback: 0.42385
Received=	-0.2161
Feedback: 0.61566
Calculated range:	[(-2.000000) - (2.000000)]
Success index = (-0.782323)
Received=	-0.2076
=====  12:25:33 - BASE  ============
Feedback: 0.66
Received=	-0.52233
Feedback: 0.66
Received=	-0.59235
Feedback: 0.66
Received=	-0.40378
Feedback: 0.66
Received=	-0.38799
Feedback: 0.66
Received=	-0.40077
Feedback: 0.66
Received=	-0.0085392
Feedback: 0.66
Received=	0.49584
Feedback: 0.66
Received=	0.12967
Feedback: 0.66
Received=	-0.23389
Feedback: 0.66
Received=	-0.20768
Feedback: 0.66
Received=	-0.32697
Feedback: 0.66
Received=	-0.16007
Feedback: 0.66
Received=	-0.19451
Feedback: 0.66
Received=	-0.14393
Feedback: 0.66
Received=	-0.34611
Feedback: 0.66
Received=	-0.2267
Feedback: 0.66
Received=	-0.58134
Feedback: 0.66
Received=	-0.71511
Feedback: 0.66
Received=	-0.57362
Feedback: 0.66
Received=	-0.14543
=====  12:26:33 - NF  ============
Feedback: 0.41263
Received=	-0.12015
Feedback: 0.39504
Received=	-0.15977
Feedback: 0.42261
Received=	-0.29549
Feedback: 0.51704
Received=	-0.46522
Feedback: 0.63515
Received=	-0.35537
Feedback: 0.55872
Received=	-0.28246
Feedback: 0.50798
Received=	-0.05619
Feedback: 0.35054
Received=	-0.14718
Feedback: 0.41385
Received=	-0.0016633
Feedback: 0.31259
Received=	0.17483
Feedback: 0.18979
Received=	0.044861
Feedback: 0.28022
Received=	0.26617
Feedback: 0.12623
Received=	0.37479
Feedback: 0.1
Received=	0.28237
Feedback: 0.11496
Received=	0.067168
Feedback: 0.2647
Received=	-0.40297
Feedback: 0.59183
Received=	-0.69657
Feedback: 0.79613
Received=	-0.33531
Feedback: 0.54475
Received=	-0.21164
Feedback: 0.4587
Received=	-0.4495
Feedback: 0.62421
Received=	-0.4208
Feedback: 0.60424
Received=	-0.24703
Feedback: 0.48333
Received=	-0.26501
Feedback: 0.49584
Received=	-0.24845
Feedback: 0.48431
Received=	-0.35673
Feedback: 0.55966
Received=	-0.3301
Feedback: 0.54113
Received=	-0.33241
Feedback: 0.54274
Received=	-0.48121
Feedback: 0.64628
Received=	-0.66118
Feedback: 0.7715
Received=	-0.63542
Feedback: 0.75358
Received=	-0.34218
Feedback: 0.54953
Received=	-0.30402
Feedback: 0.52298
Received=	-0.53357
Feedback: 0.68271
Received=	-0.33681
Feedback: 0.5458
Received=	-0.49084
Feedback: 0.65298
Received=	-0.42429
Feedback: 0.60667
Received=	-0.085881
Feedback: 0.3712
Received=	-0.052573
Feedback: 0.34802
Received=	-0.1207
Feedback: 0.39543
Received=	-0.11834
Feedback: 0.39378
Received=	0.016988
Feedback: 0.29962
Received=	0.16886
Feedback: 0.19394
Received=	0.31261
Feedback: 0.1
Received=	-0.029423
Feedback: 0.33191
Received=	-0.17409
Feedback: 0.43257
Received=	-0.062783
Feedback: 0.35512
Received=	-0.14303
Feedback: 0.41096
Received=	-0.14689
Feedback: 0.41365
Received=	0.12604
Feedback: 0.22374
Received=	0.21656
Feedback: 0.16075
Received=	0.40074
Feedback: 0.1
Received=	0.39648
Feedback: 0.1
Received=	0.11151
Feedback: 0.23384
Received=	-0.09124
Feedback: 0.37492
Received=	0.058103
Feedback: 0.27101
Received=	0.1764
Feedback: 0.18869
Received=	0.046208
Feedback: 0.27928
Received=	-0.14696
Feedback: 0.4137
Received=	0.079132
Feedback: 0.25637
Calculated range:	[(-2.000000) - (2.000000)]
Success index = (0.479523)
Received=	0.12698
=====  12:29:33 - BASE  ============
Feedback: 0.66
Received=	0.12496
Feedback: 0.66
Received=	-0.23176
Feedback: 0.66
Received=	-0.19859
Feedback: 0.66
Received=	-0.16949
Feedback: 0.66
Received=	-0.26438
Feedback: 0.66
Received=	-0.2986
Feedback: 0.66
Received=	-0.12197
Feedback: 0.66
Received=	-0.31621
Feedback: 0.66
Received=	-0.276
Feedback: 0.66
Received=	-0.090478
Feedback: 0.66
Received=	0.017272
Feedback: 0.66
Received=	0.28808
Feedback: 0.66
Received=	0.51548
Feedback: 0.66
Received=	0.10097
Feedback: 0.66
Received=	-0.15138
Feedback: 0.66
Received=	-0.29512
Feedback: 0.66
Received=	-0.41999
Feedback: 0.66
Received=	-0.30697
Feedback: 0.66
Received=	-0.43103
Feedback: 0.66
Received=	-0.513
=====  12:30:33 - NF  ============
Feedback: 0.79929
Received=	-0.70097
Feedback: 0.9
Received=	-0.63025
Feedback: 0.89524
Received=	-0.28833
Feedback: 0.61546
Received=	-0.21986
Feedback: 0.55943
Received=	-0.23324
Feedback: 0.57038
Received=	-0.4177
Feedback: 0.72132
Received=	-0.17703
Feedback: 0.52439
Received=	-0.0095219
Feedback: 0.38732
Received=	-0.3179
Feedback: 0.63965
Received=	-0.48103
Feedback: 0.77314
Received=	-0.13887
Feedback: 0.49316
Received=	-0.01152
Feedback: 0.38895
Received=	-0.074928
Feedback: 0.44084
Received=	-0.25671
Feedback: 0.58958
Received=	-0.15635
Feedback: 0.50746
Received=	-0.13593
Feedback: 0.49075
Received=	-0.21135
Feedback: 0.55246
Received=	-0.22158
Feedback: 0.56083
Received=	-0.0574
Feedback: 0.4265
Received=	0.02995
Feedback: 0.35502
Received=	0.11003
Feedback: 0.28949
Received=	-0.0074438
Feedback: 0.38562
Received=	-0.20803
Feedback: 0.54975
Received=	-0.49773
Feedback: 0.7868
Received=	-0.27345
Feedback: 0.60328
Received=	0.29398
Feedback: 0.13897
Received=	0.361
Feedback: 0.1
Received=	0.29401
Feedback: 0.13895
Received=	0.097921
Feedback: 0.2994
Received=	-0.33487
Feedback: 0.65354
Received=	-0.47916
Feedback: 0.77161
Received=	-0.45988
Feedback: 0.75583
Received=	-0.512
Feedback: 0.79848
Received=	-0.44645
Feedback: 0.74484
Received=	-0.40312
Feedback: 0.70938
Received=	-0.40596
Feedback: 0.71171
Received=	-0.24779
Feedback: 0.58229
Received=	-0.32831
Feedback: 0.64817
Received=	-0.62494
Feedback: 0.89089
Received=	-0.48969
Feedback: 0.78022
Received=	-0.52642
Feedback: 0.81028
Received=	-0.62423
Feedback: 0.89031
Received=	-0.21153
Feedback: 0.55261
Received=	-0.38631
Feedback: 0.69563
Received=	-0.50908
Feedback: 0.79609
Received=	-0.31909
Feedback: 0.64062
Received=	-0.24896
Feedback: 0.58324
Received=	0.10514
Feedback: 0.29349
Received=	0.0063768
Feedback: 0.37431
Received=	-0.0089919
Feedback: 0.38688
Received=	0.10379
Feedback: 0.2946
Received=	0.14387
Feedback: 0.2618
Received=	0.23056
Feedback: 0.19087
Received=	0.39189
Feedback: 0.1
Received=	-0.0032162
Feedback: 0.38216
Received=	-0.43066
Feedback: 0.73192
Received=	-0.16103
Feedback: 0.5113
Received=	0.18591
Feedback: 0.2274
Received=	0.4147
Feedback: 0.1
Calculated range:	[(-2.000000) - (2.000000)]
Success index = (-0.171482)
Received=	0.3836
=====  12:33:33 - BASE  ============
Feedback: 0.66
Received=	0.14684
Feedback: 0.66
Received=	0.27455
Feedback: 0.66
Received=	0.29668
Feedback: 0.66
Received=	0.18506
Feedback: 0.66
Received=	0.10608
Feedback: 0.66
Received=	-0.087865
Feedback: 0.66
Received=	0.055811
Feedback: 0.66
Received=	0.11607
Feedback: 0.66
Received=	-0.07967
Feedback: 0.66
Received=	-0.35709
Feedback: 0.66
Received=	-0.3674
Feedback: 0.66
Received=	-0.37412
Feedback: 0.66
Received=	-0.39469
Feedback: 0.66
Received=	-0.26573
Feedback: 0.66
Received=	-0.32123
Feedback: 0.66
Received=	-0.4963
Feedback: 0.66
Received=	-0.20757
Feedback: 0.66
Received=	-0.2189
Feedback: 0.66
Received=	-0.18034
Feedback: 0.66
Received=	0.18659
=====  12:34:33 - NF  ============
Feedback: 0.24545
Received=	0.14925
Feedback: 0.2756
Received=	-0.16929
Feedback: 0.53277
Received=	-0.26756
Feedback: 0.6121
Received=	0.027353
Feedback: 0.37401
Received=	0.21393
Feedback: 0.22338
Received=	0.27545
Feedback: 0.17372
Received=	0.10795
Feedback: 0.30894
Received=	-0.43676
Feedback: 0.74871
Received=	-0.56634
Feedback: 0.85332
Received=	-0.63034
Feedback: 0.9
Received=	-0.31427
Feedback: 0.64981
Received=	-0.35929
Feedback: 0.68616
Received=	-0.30051
Feedback: 0.6387
Received=	-0.14893
Feedback: 0.51633
Received=	-0.18209
Feedback: 0.5431
Received=	-0.18481
Feedback: 0.54529
Received=	-0.48412
Feedback: 0.78694
Received=	-0.53012
Feedback: 0.82408
Received=	-0.18462
Feedback: 0.54514
Received=	-0.31557
Feedback: 0.65087
Received=	-0.24281
Feedback: 0.59213
Received=	-0.17942
Feedback: 0.54095
Received=	-0.043752
Feedback: 0.43142
Received=	0.10378
Feedback: 0.31231
Received=	0.077205
Feedback: 0.33376
Received=	-0.18305
Feedback: 0.54388
Received=	-0.36192
Feedback: 0.68828
Received=	-0.36205
Feedback: 0.68839
Received=	-0.25463
Feedback: 0.60166
Received=	-0.29754
Feedback: 0.63631
Received=	-0.37366
Feedback: 0.69776
Received=	-0.17046
Feedback: 0.53371
Received=	-0.055308
Feedback: 0.44075
Received=	-0.23581
Feedback: 0.58647
Received=	-0.31359
Feedback: 0.64927
Received=	-0.2866
Feedback: 0.62748
Received=	-0.18429
Feedback: 0.54488
Received=	-0.35833
Feedback: 0.68538
Received=	-0.26179
Feedback: 0.60745
Received=	-0.42954
Feedback: 0.74287
Received=	-0.71295
Feedback: 0.9
Received=	-0.75052
Feedback: 0.9
Received=	-0.58657
Feedback: 0.86966
Received=	-0.079591
Feedback: 0.46035
Received=	0.18337
Feedback: 0.24805
Received=	0.17598
Feedback: 0.25402
Received=	0.095367
Feedback: 0.3191
Received=	-0.045504
Feedback: 0.43283
Received=	-0.086534
Feedback: 0.46596
Received=	-0.16728
Feedback: 0.53114
Received=	-0.30901
Feedback: 0.64557
Received=	-0.62644
Feedback: 0.9
Received=	-0.50284
Feedback: 0.80206
Received=	0.12033
Feedback: 0.29894
Received=	0.2587
Feedback: 0.18723
Received=	-0.11751
Feedback: 0.49096
Received=	-0.66879
Feedback: 0.9
Received=	-0.71562
Feedback: 0.9
Received=	-0.60424
Feedback: 0.88392
Calculated range:	[(-2.000000) - (2.000000)]
Success index = (-0.376930)
closing...
