Direction=-1.000000	; step=1.000000;
Received=	0
Feedback: 0.66
Received=	0
Feedback: 0.66
Received=	0
Feedback: 0.66
Received=	0.25389
Feedback: 0.66
Received=	0.49528
Feedback: 0.66
Received=	0.92709
Feedback: 0.66
Received=	0.9111
Feedback: 0.66
Received=	1.1546
Feedback: 0.66
Received=	1.2763
Feedback: 0.66
Received=	1.3706
Feedback: 0.66
Received=	1.2456
Feedback: 0.66
Received=	1.1355
Feedback: 0.66
Received=	0.63582
Feedback: 0.66
Received=	0.12148
Feedback: 0.66
Received=	0.21138
Feedback: 0.66
Received=	0.55894
Feedback: 0.66
Received=	0.83371
Feedback: 0.66
Received=	1.1618
Feedback: 0.66
Received=	0.95935
Feedback: 0.66
Received=	0.37099
Feedback: 0.66
Received=	0.11026
=====  13:48:10 - NF  ============
Feedback: 0.79582
Received=	0.84623
Feedback: 0.45911
Received=	1.6564
Feedback: 0.1
Received=	1.7782
Feedback: 0.1
Received=	1.4645
Feedback: 0.17625
Received=	1.0635
Feedback: 0.35972
Received=	0.85934
Feedback: 0.45311
Received=	0.64534
Feedback: 0.55102
Received=	1.0158
Feedback: 0.38154
Received=	1.4372
Feedback: 0.18874
Received=	1.385
Feedback: 0.21262
Received=	1.1596
Feedback: 0.31575
Received=	0.93285
Feedback: 0.41948
Received=	0.7768
Feedback: 0.49088
Received=	0.75916
Feedback: 0.49895
Received=	0.90782
Feedback: 0.43093
Received=	0.7709
Feedback: 0.49357
Received=	0.69739
Feedback: 0.5272
Received=	0.41747
Feedback: 0.65527
Received=	0.68752
Feedback: 0.53172
Received=	1.037
Feedback: 0.37183
Received=	1.4432
Feedback: 0.186
Received=	1.5378
Feedback: 0.14271
Received=	1.2727
Feedback: 0.26399
Received=	0.78269
Feedback: 0.48818
Received=	0.52753
Feedback: 0.60492
Received=	0.081533
Feedback: 0.80896
Received=	0.1425
Feedback: 0.78107
Received=	0.17566
Feedback: 0.7659
Received=	0.53802
Feedback: 0.60012
Received=	1.2012
Feedback: 0.29669
Received=	1.2887
Feedback: 0.25666
Received=	1.1346
Feedback: 0.32716
Received=	1.0434
Feedback: 0.3689
Received=	1.0772
Feedback: 0.35344
Received=	0.98406
Feedback: 0.39605
Received=	1.1857
Feedback: 0.30379
Received=	1.2119
Feedback: 0.29181
Received=	0.95164
Feedback: 0.41088
Received=	0.94618
Feedback: 0.41338
Received=	0.85329
Feedback: 0.45588
Received=	0.6049
Feedback: 0.56952
Received=	0.45641
Feedback: 0.63745
Received=	0.68283
Feedback: 0.53387
Received=	1.4869
Feedback: 0.16602
Received=	1.3304
Feedback: 0.23759
Received=	1.5475
Feedback: 0.13829
Received=	2.1411
Feedback: 0.1
Received=	1.9312
Feedback: 0.1
Received=	1.5348
Feedback: 0.14408
Received=	1.4454
Feedback: 0.185
Received=	1.2518
Feedback: 0.27354
Received=	1.1067
Feedback: 0.33994
Received=	1.3832
Feedback: 0.21342
Received=	1.3525
Feedback: 0.22749
Received=	1.6069
Feedback: 0.11108
Received=	1.8892
Feedback: 0.1
Received=	2.1131
Feedback: 0.1
Received=	1.7228
Feedback: 0.1
Received=	1.3664
Feedback: 0.22115
Calculated range:	[(-2.000000) - (2.000000)]
Success index = (0.721751)
Received=	1.3418
=====  13:51:10 - BASE  ============
Feedback: 0.66
Received=	1.6878
Feedback: 0.66
Received=	1.9486
Feedback: 0.66
Received=	1.9366
Feedback: 0.66
Received=	1.8668
Feedback: 0.66
Received=	1.3406
Feedback: 0.66
Received=	0.80101
Feedback: 0.66
Received=	0.70784
Feedback: 0.66
Received=	0.4838
Feedback: 0.66
Received=	0.50775
Feedback: 0.66
Received=	0.4901
Feedback: 0.66
Received=	0.84657
Feedback: 0.66
Received=	1.3989
Feedback: 0.66
Received=	1.3473
Feedback: 0.66
Received=	1.057
Feedback: 0.66
Received=	0.78075
Feedback: 0.66
Received=	0.78862
Feedback: 0.66
Received=	0.91967
Feedback: 0.66
Received=	0.82068
Feedback: 0.66
Received=	0.847
Feedback: 0.66
Received=	1.1045
=====  13:52:10 - NF  ============
Feedback: 0.47717
Received=	1.235
Feedback: 0.42306
Received=	1.2168
Feedback: 0.43058
Received=	1.057
Feedback: 0.49684
Received=	1.0786
Feedback: 0.48792
Received=	1.4609
Feedback: 0.32937
Received=	1.2691
Feedback: 0.4089
Received=	1.1387
Feedback: 0.46297
Received=	1.1543
Feedback: 0.4565
Received=	0.9923
Feedback: 0.52369
Received=	0.81067
Feedback: 0.59899
Received=	0.58188
Feedback: 0.69386
Received=	0.45937
Feedback: 0.74465
Received=	0.72721
Feedback: 0.6336
Received=	0.55059
Feedback: 0.70683
Received=	0.46779
Feedback: 0.74116
Received=	0.75893
Feedback: 0.62045
Received=	0.67228
Feedback: 0.65637
Received=	0.64999
Feedback: 0.66561
Received=	0.76029
Feedback: 0.61988
Received=	0.91311
Feedback: 0.55652
Received=	0.90519
Feedback: 0.5598
Received=	0.56765
Feedback: 0.69976
Received=	0.55992
Feedback: 0.70296
Received=	0.94045
Feedback: 0.54518
Received=	1.2653
Feedback: 0.41047
Received=	0.96577
Feedback: 0.53468
Received=	1.0663
Feedback: 0.49301
Received=	1.6161
Feedback: 0.26504
Received=	1.5301
Feedback: 0.30069
Received=	1.3618
Feedback: 0.37048
Received=	1.0504
Feedback: 0.49958
Received=	1.0181
Feedback: 0.51299
Received=	1.2745
Feedback: 0.40666
Received=	1.3848
Feedback: 0.36096
Received=	1.2437
Feedback: 0.41943
Received=	1.0804
Feedback: 0.48717
Received=	0.77199
Feedback: 0.61503
Received=	0.5817
Feedback: 0.69393
Received=	0.63537
Feedback: 0.67168
Received=	1.2313
Feedback: 0.4246
Received=	1.459
Feedback: 0.33018
Received=	1.0607
Feedback: 0.49532
Received=	1.0824
Feedback: 0.48631
Received=	1.1042
Feedback: 0.4773
Received=	1.1495
Feedback: 0.45852
Received=	1.2214
Feedback: 0.4287
Received=	1.0012
Feedback: 0.52
Received=	1.0781
Feedback: 0.48813
Received=	0.858
Feedback: 0.57937
Received=	0.75927
Feedback: 0.6203
Received=	0.86756
Feedback: 0.5754
Received=	0.74228
Feedback: 0.62735
Received=	0.82729
Feedback: 0.5921
Received=	0.92787
Feedback: 0.5504
Received=	1.0742
Feedback: 0.48972
Received=	1.4212
Feedback: 0.34584
Received=	0.99461
Feedback: 0.52273
Received=	1.1563
Feedback: 0.4557
Received=	1.4203
Feedback: 0.34621
Calculated range:	[(-2.000000) - (2.000000)]
Success index = (-0.134256)
Received=	1.2384
=====  13:55:10 - BASE  ============
Feedback: 0.66
Received=	1.1936
Feedback: 0.66
Received=	0.91268
Feedback: 0.66
Received=	0.47992
Feedback: 0.66
Received=	0.43089
Feedback: 0.66
Received=	1.0526
Feedback: 0.66
Received=	1.1012
Feedback: 0.66
Received=	0.60143
Feedback: 0.66
Received=	0.47521
Feedback: 0.66
Received=	0.67864
Feedback: 0.66
Received=	0.85487
Feedback: 0.66
Received=	0.91141
Feedback: 0.66
Received=	0.98855
Feedback: 0.66
Received=	1.1874
Feedback: 0.66
Received=	1.35
Feedback: 0.66
Received=	1.1962
Feedback: 0.66
Received=	0.93347
Feedback: 0.66
Received=	0.935
Feedback: 0.66
Received=	0.96351
Feedback: 0.66
Received=	0.76788
Feedback: 0.66
Received=	1.8525
=====  13:56:10 - NF  ============
Feedback: 0.1
Received=	2.0334
Feedback: 0.1
Received=	2.0023
Feedback: 0.1
Received=	1.5645
Feedback: 0.1
Received=	0.83469
Feedback: 0.53362
Received=	2.375
Feedback: 0.1
Received=	1.7064
Feedback: 0.1
Received=	1.5885
Feedback: 0.1
Received=	1.4043
Feedback: 0.10079
Received=	1.1773
Feedback: 0.27328
Received=	0.95767
Feedback: 0.44017
Received=	1.365
Feedback: 0.13064
Received=	1.864
Feedback: 0.1
Received=	1.8684
Feedback: 0.1
Received=	1.2744
Feedback: 0.19948
Received=	0.91477
Feedback: 0.47277
Received=	0.78353
Feedback: 0.57249
Received=	0.7581
Feedback: 0.59182
Received=	0.79065
Feedback: 0.56709
Received=	0.55968
Feedback: 0.74259
Received=	0.35387
Feedback: 0.89898
Received=	0.61678
Feedback: 0.69921
Received=	0.89216
Feedback: 0.48995
Received=	1.1745
Feedback: 0.2754
Received=	1.2818
Feedback: 0.19384
Received=	1.4806
Feedback: 0.1
Received=	2.0757
Feedback: 0.1
Received=	2.0095
Feedback: 0.1
Received=	1.6276
Feedback: 0.1
Received=	1.2357
Feedback: 0.22893
Received=	1.1271
Feedback: 0.31143
Received=	1.3638
Feedback: 0.13159
Received=	1.5307
Feedback: 0.1
Received=	1.5987
Feedback: 0.1
Received=	1.101
Feedback: 0.33125
Received=	0.8519
Feedback: 0.52054
Received=	1.577
Feedback: 0.1
Received=	1.5768
Feedback: 0.1
Received=	1.0707
Feedback: 0.35428
Received=	0.71679
Feedback: 0.62321
Received=	0.99992
Feedback: 0.40807
Received=	1.4828
Feedback: 0.1
Received=	1.2274
Feedback: 0.23521
Received=	0.97525
Feedback: 0.42681
Received=	0.95841
Feedback: 0.43961
Received=	0.66108
Feedback: 0.66554
Received=	0.60443
Feedback: 0.70859
Received=	0.73657
Feedback: 0.60818
Received=	0.58356
Feedback: 0.72445
Received=	0.32045
Feedback: 0.9
Received=	0.18893
Feedback: 0.9
Received=	0.73425
Feedback: 0.60994
Received=	1.05
Feedback: 0.37003
Received=	1.1194
Feedback: 0.31731
Received=	0.76948
Feedback: 0.58317
Received=	0.75953
Feedback: 0.59073
Received=	0.98706
Feedback: 0.41784
Received=	0.73551
Feedback: 0.60898
Received=	0.37625
Feedback: 0.88198
Received=	0.1942
Feedback: 0.9
Calculated range:	[(-2.000000) - (2.000000)]
Success index = (0.577032)
Received=	0.38049
=====  13:59:10 - BASE  ============
Feedback: 0.66
Received=	0.70996
Feedback: 0.66
Received=	1.0683
Feedback: 0.66
Received=	1.03
Feedback: 0.66
Received=	0.75187
Feedback: 0.66
Received=	0.47942
Feedback: 0.66
Received=	0.50044
Feedback: 0.66
Received=	0.090123
Feedback: 0.66
Received=	0.20181
Feedback: 0.66
Received=	0.62254
Feedback: 0.66
Received=	0.77743
Feedback: 0.66
Received=	0.86797
Feedback: 0.66
Received=	0.863
Feedback: 0.66
Received=	0.75209
Feedback: 0.66
Received=	0.6199
Feedback: 0.66
Received=	0.56864
Feedback: 0.66
Received=	0.45889
Feedback: 0.66
Received=	0.48604
Feedback: 0.66
Received=	0.52173
Feedback: 0.66
Received=	0.57722
Feedback: 0.66
Received=	0.65539
=====  14:0:10 - NF  ============
Feedback: 0.47551
Received=	0.69406
Feedback: 0.44506
Received=	0.54887
Feedback: 0.5594
Received=	0.2741
Feedback: 0.77577
Received=	0.49679
Feedback: 0.60041
Received=	0.89003
Feedback: 0.29075
Received=	0.95335
Feedback: 0.24088
Received=	1.0305
Feedback: 0.1801
Received=	1.0976
Feedback: 0.12728
Received=	0.85014
Feedback: 0.32216
Received=	0.618
Feedback: 0.50496
Received=	1.0515
Feedback: 0.16356
Received=	0.87217
Feedback: 0.30481
Received=	0.81095
Feedback: 0.35301
Received=	0.72089
Feedback: 0.42394
Received=	0.513
Feedback: 0.58765
Received=	0.68948
Feedback: 0.44867
Received=	0.60979
Feedback: 0.51142
Received=	0.64086
Feedback: 0.48696
Received=	0.53592
Feedback: 0.56959
Received=	0.60571
Feedback: 0.51464
Received=	0.6539
Feedback: 0.47669
Received=	0.81664
Feedback: 0.34854
Received=	0.91431
Feedback: 0.27163
Received=	0.80762
Feedback: 0.35564
Received=	0.80429
Feedback: 0.35826
Received=	1.0445
Feedback: 0.16909
Received=	1.7125
Feedback: 0.1
Received=	1.7028
Feedback: 0.1
Received=	1.4445
Feedback: 0.1
Received=	1.3968
Feedback: 0.1
Received=	0.74078
Feedback: 0.40827
Received=	0.46543
Feedback: 0.6251
Received=	0.36223
Feedback: 0.70637
Received=	0.11222
Feedback: 0.9
Received=	0.29203
Feedback: 0.76165
Received=	0.63199
Feedback: 0.49394
Received=	0.78276
Feedback: 0.37522
Received=	0.78768
Feedback: 0.37134
Received=	1.0359
Feedback: 0.17588
Received=	1.0628
Feedback: 0.15472
Received=	1.1243
Feedback: 0.10624
Received=	1.1286
Feedback: 0.10285
Received=	1.184
Feedback: 0.1
Received=	1.3147
Feedback: 0.1
Received=	0.65179
Feedback: 0.47835
Received=	0.3963
Feedback: 0.67954
Received=	0.54885
Feedback: 0.55941
Received=	0.85279
Feedback: 0.32007
Received=	0.58153
Feedback: 0.53368
Received=	0.59785
Feedback: 0.52082
Received=	0.28709
Feedback: 0.76554
Received=	0.14313
Feedback: 0.8789
Received=	0.37242
Feedback: 0.69834
Received=	0.87011
Feedback: 0.30643
Received=	1.1585
Feedback: 0.1
Received=	1.3414
Feedback: 0.1
Received=	0.95188
Feedback: 0.24204
Received=	0.7864
Feedback: 0.37235
Received=	0.64175
Feedback: 0.48626
Calculated range:	[(-2.000000) - (2.000000)]
Success index = (0.524746)
Received=	0.62805
=====  14:3:10 - BASE  ============
Feedback: 0.66
Received=	0.42046
Feedback: 0.66
Received=	0.45274
Feedback: 0.66
Received=	0.86066
Feedback: 0.66
Received=	0.91361
Feedback: 0.66
Received=	1.2181
Feedback: 0.66
Received=	1.3312
Feedback: 0.66
Received=	1.6249
Feedback: 0.66
Received=	1.3886
Feedback: 0.66
Received=	1.2772
Feedback: 0.66
Received=	0.88659
Feedback: 0.66
Received=	0.31916
Feedback: 0.66
Received=	0.44314
Feedback: 0.66
Received=	0.22027
Feedback: 0.66
Received=	0.52468
Feedback: 0.66
Received=	0.80048
Feedback: 0.66
Received=	0.86001
Feedback: 0.66
Received=	0.48152
Feedback: 0.66
Received=	0.49299
Feedback: 0.66
Received=	0.95442
Feedback: 0.66
Received=	1.4049
=====  14:4:10 - NF  ============
Feedback: 0.22102
Received=	1.484
Feedback: 0.1822
Received=	1.541
Feedback: 0.15426
Received=	1.6124
Feedback: 0.11926
Received=	1.8604
Feedback: 0.1
Received=	1.7147
Feedback: 0.1
Received=	1.2175
Feedback: 0.31295
Received=	1.1116
Feedback: 0.36489
Received=	1.119
Feedback: 0.36126
Received=	1.2552
Feedback: 0.29443
Received=	0.80256
Feedback: 0.51646
Received=	0.6419
Feedback: 0.59527
Received=	1.3383
Feedback: 0.2537
Received=	1.5163
Feedback: 0.16639
Received=	1.2877
Feedback: 0.27851
Received=	1.1501
Feedback: 0.34601
Received=	1.2575
Feedback: 0.29332
Received=	1.6775
Feedback: 0.1
Received=	1.3939
Feedback: 0.22641
Received=	0.95758
Feedback: 0.44043
Received=	1.0118
Feedback: 0.41385
Received=	2.1518
Feedback: 0.1
Received=	2.3839
Feedback: 0.1
Received=	1.6935
Feedback: 0.1
Received=	1.6894
Feedback: 0.1
Received=	1.1832
Feedback: 0.32978
Received=	1.3824
Feedback: 0.23204
Received=	1.842
Feedback: 0.1
Received=	1.5338
Feedback: 0.15778
Received=	0.8894
Feedback: 0.47387
Received=	1.4541
Feedback: 0.19686
Received=	1.2682
Feedback: 0.28805
Received=	1.1659
Feedback: 0.33827
Received=	1.5145
Feedback: 0.16726
Received=	1.1107
Feedback: 0.36534
Received=	0.89349
Feedback: 0.47186
Received=	1.1831
Feedback: 0.32983
Received=	1.169
Feedback: 0.33673
Received=	1.2909
Feedback: 0.27692
Received=	1.1253
Feedback: 0.35818
Received=	1.33
Feedback: 0.25778
Received=	1.3093
Feedback: 0.26789
Received=	1.1432
Feedback: 0.34939
Received=	1.2244
Feedback: 0.30954
Received=	1.1316
Feedback: 0.3551
Received=	0.84835
Feedback: 0.49401
Received=	1.1437
Feedback: 0.34915
Received=	1.1299
Feedback: 0.35592
Received=	1.1075
Feedback: 0.36688
Received=	1.2283
Feedback: 0.30764
Received=	0.58834
Feedback: 0.62154
Received=	0.92428
Feedback: 0.45676
Received=	1.3904
Feedback: 0.22815
Received=	1.6041
Feedback: 0.12333
Received=	1.5542
Feedback: 0.14779
Received=	1.1092
Feedback: 0.36608
Received=	0.63565
Feedback: 0.59833
Received=	0.70653
Feedback: 0.56357
Received=	1.019
Feedback: 0.41028
Received=	1.1777
Feedback: 0.33244
Calculated range:	[(-2.000000) - (2.000000)]
Success index = (1.224548)
closing...
