Direction=-1.000000	; step=1.000000;
Received=	0
Feedback: 0.66
Received=	0
Feedback: 0.66
Received=	0
Feedback: 0.66
Received=	-0.37506
Feedback: 0.66
Received=	-0.11959
Feedback: 0.66
Received=	0.50843
Feedback: 0.66
Received=	0.36923
Feedback: 0.66
Received=	0.3574
Feedback: 0.66
Received=	0.56952
Feedback: 0.66
Received=	0.0069501
Feedback: 0.66
Received=	0.022296
Feedback: 0.66
Received=	-0.31299
Feedback: 0.66
Received=	-0.6206
Feedback: 0.66
Received=	-0.18029
Feedback: 0.66
Received=	-0.1842
Feedback: 0.66
Received=	-0.10567
Feedback: 0.66
Received=	0.99315
Feedback: 0.66
Received=	1.0891
Feedback: 0.66
Received=	0.48393
Feedback: 0.66
Received=	-0.0938
Feedback: 0.66
Received=	-0.0071171
=====  12:24:49 - NF  ============
Feedback: 0.56075
Received=	-0.04317
Feedback: 0.5763
Received=	-0.11373
Feedback: 0.60673
Received=	0.097317
Feedback: 0.51572
Received=	0.3042
Feedback: 0.4265
Received=	0.033939
Feedback: 0.54305
Received=	0.38738
Feedback: 0.39063
Received=	0.023526
Feedback: 0.54754
Received=	-0.30789
Feedback: 0.69046
Received=	-0.41993
Feedback: 0.73878
Received=	-0.15238
Feedback: 0.6234
Received=	0.11008
Feedback: 0.51021
Received=	0.79543
Feedback: 0.21466
Received=	0.75648
Feedback: 0.23146
Received=	0.18003
Feedback: 0.48005
Received=	-0.057475
Feedback: 0.58247
Received=	-0.43108
Feedback: 0.74358
Received=	-0.20337
Feedback: 0.64539
Received=	-0.065432
Feedback: 0.5859
Received=	0.028693
Feedback: 0.54531
Received=	-0.084754
Feedback: 0.59423
Received=	-0.42546
Feedback: 0.74116
Received=	-0.16632
Feedback: 0.62941
Received=	0.19928
Feedback: 0.47175
Received=	-0.10944
Feedback: 0.60488
Received=	-0.33314
Feedback: 0.70135
Received=	-0.27798
Feedback: 0.67756
Received=	0.26087
Feedback: 0.44519
Received=	-0.0076702
Feedback: 0.56099
Received=	-0.18809
Feedback: 0.6388
Received=	-0.10316
Feedback: 0.60217
Received=	0.009069
Feedback: 0.55377
Received=	0.070636
Feedback: 0.52722
Received=	0.31948
Feedback: 0.41991
Received=	0.39801
Feedback: 0.38605
Received=	0.25461
Feedback: 0.44789
Received=	-0.14387
Feedback: 0.61973
Received=	0.16025
Feedback: 0.48858
Received=	-0.34454
Feedback: 0.70627
Received=	-0.4377
Feedback: 0.74644
Received=	-0.33266
Feedback: 0.70114
Received=	0.018541
Feedback: 0.54969
Received=	0.25483
Feedback: 0.44779
Received=	0.26251
Feedback: 0.44448
Received=	0.081894
Feedback: 0.52237
Received=	-0.14996
Feedback: 0.62236
Received=	-0.054359
Feedback: 0.58113
Received=	-0.20951
Feedback: 0.64803
Received=	-0.78379
Feedback: 0.89569
Received=	-0.93804
Feedback: 0.9
Received=	-0.64259
Feedback: 0.8348
Received=	-0.56104
Feedback: 0.79963
Received=	-0.44557
Feedback: 0.74983
Received=	-0.47293
Feedback: 0.76163
Received=	-0.33047
Feedback: 0.7002
Received=	-0.057874
Feedback: 0.58264
Received=	0.33396
Feedback: 0.41367
Received=	0.2411
Feedback: 0.45371
Received=	-0.2124
Feedback: 0.64928
Received=	-0.19205
Feedback: 0.64051
Calculated range:	[(-2.000000) - (2.000000)]
Success index = (-0.568553)
Received=	-0.23149
=====  12:27:49 - BASE  ============
Feedback: 0.66
Received=	0.012499
Feedback: 0.66
Received=	0.15039
Feedback: 0.66
Received=	0.13831
Feedback: 0.66
Received=	0.22491
Feedback: 0.66
Received=	0.78204
Feedback: 0.66
Received=	0.42829
Feedback: 0.66
Received=	-0.25097
Feedback: 0.66
Received=	0.027802
Feedback: 0.66
Received=	-0.41929
Feedback: 0.66
Received=	-0.77799
Feedback: 0.66
Received=	-0.10702
Feedback: 0.66
Received=	0.15798
Feedback: 0.66
Received=	0.16559
Feedback: 0.66
Received=	0.36047
Feedback: 0.66
Received=	0.38716
Feedback: 0.66
Received=	0.16436
Feedback: 0.66
Received=	-0.22072
Feedback: 0.66
Received=	-0.83193
Feedback: 0.66
Received=	-0.42708
Feedback: 0.66
Received=	-0.085194
=====  12:28:49 - NF  ============
Feedback: 0.53913
Received=	-0.0333
Feedback: 0.51453
Received=	0.17484
Feedback: 0.41586
Received=	0.25651
Feedback: 0.37714
Received=	0.3176
Feedback: 0.34819
Received=	0.2272
Feedback: 0.39104
Received=	-0.11206
Feedback: 0.55187
Received=	-0.32715
Feedback: 0.65383
Received=	-0.13464
Feedback: 0.56257
Received=	-0.12036
Feedback: 0.5558
Received=	0.11143
Feedback: 0.44592
Received=	0.57975
Feedback: 0.22391
Received=	0.41895
Feedback: 0.30014
Received=	0.30249
Feedback: 0.35535
Received=	0.14505
Feedback: 0.42998
Received=	0.03819
Feedback: 0.48064
Received=	0.31894
Feedback: 0.34755
Received=	0.49525
Feedback: 0.26397
Received=	0.39282
Feedback: 0.31253
Received=	0.40626
Feedback: 0.30616
Received=	0.46186
Feedback: 0.2798
Received=	-0.061928
Feedback: 0.5281
Received=	-0.22316
Feedback: 0.60453
Received=	-0.11048
Feedback: 0.55112
Received=	0.065188
Feedback: 0.46784
Received=	0.10976
Feedback: 0.44671
Received=	-0.82806
Feedback: 0.89128
Received=	-1.2757
Feedback: 0.9
Received=	-1.0775
Feedback: 0.9
Received=	-0.61754
Feedback: 0.79149
Received=	-0.043635
Feedback: 0.51943
Received=	0.23709
Feedback: 0.38635
Received=	0.38774
Feedback: 0.31494
Received=	0.46292
Feedback: 0.2793
Received=	0.099947
Feedback: 0.45136
Received=	0.13542
Feedback: 0.43455
Received=	0.24465
Feedback: 0.38277
Received=	0.4071
Feedback: 0.30576
Received=	-0.27236
Feedback: 0.62785
Received=	-0.51516
Feedback: 0.74296
Received=	-0.063891
Feedback: 0.52903
Received=	0.13255
Feedback: 0.43591
Received=	0.32393
Feedback: 0.34518
Received=	0.0024893
Feedback: 0.49756
Received=	-0.71364
Feedback: 0.83704
Received=	-0.82809
Feedback: 0.8913
Received=	-0.75241
Feedback: 0.85542
Received=	-0.3316
Feedback: 0.65594
Received=	0.014068
Feedback: 0.49207
Received=	0.026912
Feedback: 0.48599
Received=	0.26343
Feedback: 0.37387
Received=	0.55812
Feedback: 0.23417
Received=	0.25543
Feedback: 0.37766
Received=	-0.14551
Feedback: 0.56772
Received=	-0.10551
Feedback: 0.54876
Received=	0.074873
Feedback: 0.46325
Received=	0.27834
Feedback: 0.3668
Received=	-0.123
Feedback: 0.55705
Received=	-0.34724
Feedback: 0.66335
Received=	-0.45173
Feedback: 0.71288
Calculated range:	[(-2.000000) - (2.000000)]
Success index = (-0.033098)
Received=	-0.14095
=====  12:31:49 - BASE  ============
Feedback: 0.66
Received=	-0.24323
Feedback: 0.66
Received=	-0.19831
Feedback: 0.66
Received=	-0.015353
Feedback: 0.66
Received=	0.34858
Feedback: 0.66
Received=	0.42732
Feedback: 0.66
Received=	-0.20745
Feedback: 0.66
Received=	-0.60261
Feedback: 0.66
Received=	-0.64306
Feedback: 0.66
Received=	-0.022298
Feedback: 0.66
Received=	0.27762
Feedback: 0.66
Received=	0.22574
Feedback: 0.66
Received=	-0.04073
Feedback: 0.66
Received=	0.012464
Feedback: 0.66
Received=	0.91374
Feedback: 0.66
Received=	0.57503
Feedback: 0.66
Received=	1.0581
Feedback: 0.66
Received=	0.89548
Feedback: 0.66
Received=	0.39194
Feedback: 0.66
Received=	0.18732
Feedback: 0.66
Received=	0.41649
=====  12:32:49 - NF  ============
Feedback: 0.4087
Received=	0.48072
Feedback: 0.38173
Received=	0.32134
Feedback: 0.44866
Received=	0.1821
Feedback: 0.50713
Received=	0.31733
Feedback: 0.45034
Received=	0.49479
Feedback: 0.37582
Received=	0.13373
Feedback: 0.52745
Received=	0.15731
Feedback: 0.51754
Received=	0.79498
Feedback: 0.24976
Received=	0.96363
Feedback: 0.17894
Received=	0.49933
Feedback: 0.37392
Received=	0.49652
Feedback: 0.3751
Received=	0.38796
Feedback: 0.42068
Received=	0.80759
Feedback: 0.24446
Received=	0.75982
Feedback: 0.26453
Received=	0.77959
Feedback: 0.25622
Received=	0.92594
Feedback: 0.19477
Received=	0.54955
Feedback: 0.35282
Received=	-0.037174
Feedback: 0.59921
Received=	0.32791
Feedback: 0.4459
Received=	0.42041
Feedback: 0.40706
Received=	-0.21551
Feedback: 0.6741
Received=	0.056516
Feedback: 0.55987
Received=	0.31201
Feedback: 0.45258
Received=	0.58605
Feedback: 0.3375
Received=	0.87066
Feedback: 0.21798
Received=	1.2444
Feedback: 0.1
Received=	0.94505
Feedback: 0.18674
Received=	0.53455
Feedback: 0.35913
Received=	0.19583
Feedback: 0.50137
Received=	-0.019294
Feedback: 0.59171
Received=	0.824
Feedback: 0.23758
Received=	1.2853
Feedback: 0.1
Received=	0.6223
Feedback: 0.32228
Received=	-0.22958
Feedback: 0.68001
Received=	-0.36665
Feedback: 0.73757
Received=	-0.036632
Feedback: 0.59899
Received=	0.56625
Feedback: 0.34582
Received=	0.1089
Feedback: 0.53787
Received=	0.2582
Feedback: 0.47517
Received=	0.49053
Feedback: 0.37761
Received=	0.55655
Feedback: 0.34989
Received=	0.44681
Feedback: 0.39597
Received=	-0.062704
Feedback: 0.60993
Received=	0.41887
Feedback: 0.4077
Received=	0.80325
Feedback: 0.24629
Received=	0.69651
Feedback: 0.29111
Received=	0.24033
Feedback: 0.48268
Received=	1.2382
Feedback: 0.1
Received=	1.289
Feedback: 0.1
Received=	1.26
Feedback: 0.1
Received=	0.85171
Feedback: 0.22594
Received=	0.99971
Feedback: 0.16379
Received=	1.2675
Feedback: 0.1
Received=	1.2218
Feedback: 0.1
Received=	0.40304
Feedback: 0.41435
Received=	0.78822
Feedback: 0.2526
Received=	0.72696
Feedback: 0.27833
Received=	0.95284
Feedback: 0.18347
Received=	1.6514
Feedback: 0.1
Calculated range:	[(-2.000000) - (2.000000)]
Success index = (0.824925)
Received=	1.8402
=====  12:35:49 - BASE  ============
Feedback: 0.66
Received=	1.3524
Feedback: 0.66
Received=	0.91214
Feedback: 0.66
Received=	0.79137
Feedback: 0.66
Received=	0.9628
Feedback: 0.66
Received=	0.84886
Feedback: 0.66
Received=	0.63806
Feedback: 0.66
Received=	0.97919
Feedback: 0.66
Received=	1.1939
Feedback: 0.66
Received=	1.396
Feedback: 0.66
Received=	1.6736
Feedback: 0.66
Received=	1.2731
Feedback: 0.66
Received=	1.3808
Feedback: 0.66
Received=	1.3121
Feedback: 0.66
Received=	0.71833
Feedback: 0.66
Received=	1.218
Feedback: 0.66
Received=	1.193
Feedback: 0.66
Received=	1.0497
Feedback: 0.66
Received=	1.5719
Feedback: 0.66
Received=	1.2572
Feedback: 0.66
Received=	0.63933
=====  12:36:49 - NF  ============
Feedback: 0.84072
Received=	0.41168
Feedback: 0.9
Received=	0.07216
Feedback: 0.9
Received=	0.15174
Feedback: 0.9
Received=	0.072452
Feedback: 0.9
Received=	1.0923
Feedback: 0.52721
Received=	1.4436
Feedback: 0.28412
Received=	0.76422
Feedback: 0.75429
Received=	0.95194
Feedback: 0.62438
Received=	1.649
Feedback: 0.14193
Received=	1.5172
Feedback: 0.23317
Received=	1.2422
Feedback: 0.42348
Received=	0.90772
Feedback: 0.65498
Received=	0.68485
Feedback: 0.80922
Received=	0.82094
Feedback: 0.71504
Received=	0.95794
Feedback: 0.62022
Received=	0.93105
Feedback: 0.63883
Received=	1.1664
Feedback: 0.47599
Received=	1.758
Feedback: 0.1
Received=	2.2738
Feedback: 0.1
Received=	1.4584
Feedback: 0.27389
Received=	0.53105
Feedback: 0.9
Received=	-0.15423
Feedback: 0.9
Received=	0.17386
Feedback: 0.9
Received=	0.43183
Feedback: 0.9
Received=	0.57556
Feedback: 0.88486
Received=	1.0437
Feedback: 0.56088
Received=	0.77858
Feedback: 0.74435
Received=	0.48617
Feedback: 0.9
Received=	1.0045
Feedback: 0.58801
Received=	1.3143
Feedback: 0.3736
Received=	0.84213
Feedback: 0.70037
Received=	1.0058
Feedback: 0.58708
Received=	1.431
Feedback: 0.29284
Received=	1.8278
Feedback: 0.1
Received=	1.3134
Feedback: 0.37421
Received=	1.0788
Feedback: 0.53662
Received=	0.73135
Feedback: 0.77704
Received=	1.0443
Feedback: 0.56046
Received=	1.1743
Feedback: 0.47048
Received=	1.6137
Feedback: 0.16641
Received=	1.8074
Feedback: 0.1
Received=	1.5956
Feedback: 0.17894
Received=	0.4418
Feedback: 0.9
Received=	-0.030633
Feedback: 0.9
Received=	0.93961
Feedback: 0.63291
Received=	1.7767
Feedback: 0.1
Received=	1.6575
Feedback: 0.13606
Received=	1.8483
Feedback: 0.1
Received=	0.93056
Feedback: 0.63917
Received=	0.61574
Feedback: 0.85705
Received=	0.4675
Feedback: 0.9
Received=	0.55251
Feedback: 0.9
Received=	0.9416
Feedback: 0.63153
Received=	1.448
Feedback: 0.28109
Received=	1.7953
Feedback: 0.1
Received=	1.6458
Feedback: 0.14419
Received=	0.58149
Feedback: 0.88075
Received=	0.48672
Feedback: 0.9
Received=	0.38187
Feedback: 0.9
Calculated range:	[(-2.000000) - (2.000000)]
Success index = (-0.298568)
Received=	0.51036
=====  12:39:49 - BASE  ============
Feedback: 0.66
Received=	0.18615
Feedback: 0.66
Received=	0.27058
Feedback: 0.66
Received=	0.85757
Feedback: 0.66
Received=	0.63427
Feedback: 0.66
Received=	-0.015156
Feedback: 0.66
Received=	-0.11318
Feedback: 0.66
Received=	0.59596
Feedback: 0.66
Received=	0.79854
Feedback: 0.66
Received=	0.90094
Feedback: 0.66
Received=	1.319
Feedback: 0.66
Received=	1.8978
Feedback: 0.66
Received=	1.2301
Feedback: 0.66
Received=	1.0533
Feedback: 0.66
Received=	1.179
Feedback: 0.66
Received=	1.9343
Feedback: 0.66
Received=	1.4178
Feedback: 0.66
Received=	1.0487
Feedback: 0.66
Received=	0.72058
Feedback: 0.66
Received=	0.52474
Feedback: 0.66
Received=	1.0123
=====  12:40:49 - NF  ============
Feedback: 0.46105
Received=	1.1909
Feedback: 0.39737
Received=	1.0205
Feedback: 0.45813
Received=	1.02
Feedback: 0.45829
Received=	1.0431
Feedback: 0.45006
Received=	0.70393
Feedback: 0.57099
Received=	0.11156
Feedback: 0.78219
Received=	0.94631
Feedback: 0.48457
Received=	1.1887
Feedback: 0.39816
Received=	1.4933
Feedback: 0.28958
Received=	1.5008
Feedback: 0.28688
Received=	0.52553
Feedback: 0.63459
Received=	0.60162
Feedback: 0.60746
Received=	1.572
Feedback: 0.26152
Received=	1.6189
Feedback: 0.24479
Received=	1.1226
Feedback: 0.42174
Received=	0.59331
Feedback: 0.61043
Received=	0.13444
Feedback: 0.77403
Received=	0.46661
Feedback: 0.6556
Received=	1.8954
Feedback: 0.14619
Received=	1.9488
Feedback: 0.12716
Received=	0.80917
Feedback: 0.53347
Received=	0.84914
Feedback: 0.51922
Received=	0.57714
Feedback: 0.61619
Received=	0.19587
Feedback: 0.75212
Received=	0.9902
Feedback: 0.46893
Received=	0.48597
Feedback: 0.6487
Received=	0.23663
Feedback: 0.73759
Received=	-0.023899
Feedback: 0.83048
Received=	1.0423
Feedback: 0.45034
Received=	1.0824
Feedback: 0.43606
Received=	1.3553
Feedback: 0.33877
Received=	1.4304
Feedback: 0.31197
Received=	1.1731
Feedback: 0.40372
Received=	0.18763
Feedback: 0.75506
Received=	0.43687
Feedback: 0.6662
Received=	1.1439
Feedback: 0.41413
Received=	1.3876
Feedback: 0.32724
Received=	1.4425
Feedback: 0.30768
Received=	1.0014
Feedback: 0.46493
Received=	0.61894
Feedback: 0.60129
Received=	0.4573
Feedback: 0.65892
Received=	0.35328
Feedback: 0.69601
Received=	0.42941
Feedback: 0.66886
Received=	0.33495
Feedback: 0.70254
Received=	0.15849
Feedback: 0.76545
Received=	0.68669
Feedback: 0.57714
Received=	1.657
Feedback: 0.23121
Received=	1.4853
Feedback: 0.29242
Received=	0.21166
Feedback: 0.7465
Received=	0.0082897
Feedback: 0.819
Received=	0.69387
Feedback: 0.57458
Received=	0.82343
Feedback: 0.52839
Received=	1.169
Feedback: 0.40518
Received=	1.2147
Feedback: 0.38887
Received=	1.7471
Feedback: 0.19909
Received=	1.6157
Feedback: 0.24594
Received=	1.2411
Feedback: 0.37947
Received=	1.5103
Feedback: 0.28348
Received=	1.1817
Feedback: 0.40066
Calculated range:	[(-2.000000) - (2.000000)]
Success index = (0.029421)
closing...
