Direction=-1.000000	; step=1.000000;
Received=	0
Feedback: 0.66
Received=	0
Feedback: 0.66
Received=	0
Feedback: 0.66
Received=	-0.16638
Feedback: 0.66
Received=	-0.42412
Feedback: 0.66
Received=	-0.13774
Feedback: 0.66
Received=	-0.35653
Feedback: 0.66
Received=	-0.70693
Feedback: 0.66
Received=	-0.64995
Feedback: 0.66
Received=	-0.34766
Feedback: 0.66
Received=	-0.015634
Feedback: 0.66
Received=	-0.04574
Feedback: 0.66
Received=	-0.11527
Feedback: 0.66
Received=	-0.028441
Feedback: 0.66
Received=	-0.0048786
Feedback: 0.66
Received=	-0.2083
Feedback: 0.66
Received=	-0.14744
Feedback: 0.66
Received=	-0.15491
Feedback: 0.66
Received=	-0.083818
Feedback: 0.66
Received=	-0.10588
Feedback: 0.66
Received=	-0.096467
=====  12:21:16 - NF  ============
Feedback: 0.39684
Received=	0.079358
Feedback: 0.23054
Received=	-0.064524
Feedback: 0.36663
Received=	-0.22352
Feedback: 0.51701
Received=	-0.131
Feedback: 0.4295
Received=	-0.13873
Feedback: 0.43681
Received=	-0.23593
Feedback: 0.52875
Received=	-0.20248
Feedback: 0.49711
Received=	-0.097087
Feedback: 0.39743
Received=	-0.089922
Feedback: 0.39065
Received=	-0.043428
Feedback: 0.34668
Received=	-0.070461
Feedback: 0.37224
Received=	-0.071226
Feedback: 0.37297
Received=	-0.11607
Feedback: 0.41539
Received=	-0.10812
Feedback: 0.40787
Received=	0.16081
Feedback: 0.1535
Received=	-0.0362
Feedback: 0.33984
Received=	-0.1049
Feedback: 0.40482
Received=	-0.12868
Feedback: 0.42731
Received=	-0.14159
Feedback: 0.43952
Received=	-0.10269
Feedback: 0.40272
Received=	0.0052114
Feedback: 0.30067
Received=	-0.088275
Feedback: 0.38909
Received=	-0.084554
Feedback: 0.38557
Received=	-0.035975
Feedback: 0.33963
Received=	-0.12735
Feedback: 0.42605
Received=	-0.23813
Feedback: 0.53083
Received=	-0.23472
Feedback: 0.52761
Received=	-0.20272
Feedback: 0.49734
Received=	-0.15605
Feedback: 0.4532
Received=	-0.13957
Feedback: 0.43761
Received=	0.0012702
Feedback: 0.3044
Received=	-0.014349
Feedback: 0.31917
Received=	-0.02016
Feedback: 0.32467
Received=	-0.14534
Feedback: 0.44307
Received=	-0.25276
Feedback: 0.54466
Received=	-0.2431
Feedback: 0.53553
Received=	-0.28805
Feedback: 0.57805
Received=	-0.20591
Feedback: 0.50036
Received=	-0.14182
Feedback: 0.43973
Received=	-0.17692
Feedback: 0.47293
Received=	-0.41154
Feedback: 0.69485
Received=	-0.34733
Feedback: 0.63411
Received=	-0.19216
Feedback: 0.48735
Received=	-0.11614
Feedback: 0.41545
Received=	-0.020608
Feedback: 0.32509
Received=	0.063136
Feedback: 0.24588
Received=	-0.03663
Feedback: 0.34025
Received=	-0.066863
Feedback: 0.36884
Received=	-0.038339
Feedback: 0.34186
Received=	-0.10878
Feedback: 0.40849
Received=	-0.11051
Feedback: 0.41012
Received=	0.0044223
Feedback: 0.30142
Received=	-0.39105
Feedback: 0.67546
Received=	-0.75211
Feedback: 0.9
Received=	-1.1062
Feedback: 0.9
Received=	-0.98446
Feedback: 0.9
Received=	-0.73241
Feedback: 0.9
Received=	-0.59614
Feedback: 0.86944
Received=	-0.11571
Feedback: 0.41504
Calculated range:	[(-2.000000) - (2.000000)]
Success index = (0.112032)
Received=	0.12905
=====  12:24:16 - BASE  ============
Feedback: 0.66
Received=	0.11158
Feedback: 0.66
Received=	0.10799
Feedback: 0.66
Received=	-0.013422
Feedback: 0.66
Received=	0.092703
Feedback: 0.66
Received=	0.12199
Feedback: 0.66
Received=	0.07034
Feedback: 0.66
Received=	0.13446
Feedback: 0.66
Received=	0.23396
Feedback: 0.66
Received=	0.33513
Feedback: 0.66
Received=	0.15957
Feedback: 0.66
Received=	0.029818
Feedback: 0.66
Received=	0.13229
Feedback: 0.66
Received=	0.084413
Feedback: 0.66
Received=	-0.021066
Feedback: 0.66
Received=	0.12303
Feedback: 0.66
Received=	0.088902
Feedback: 0.66
Received=	0.12019
Feedback: 0.66
Received=	0.086984
Feedback: 0.66
Received=	0.041084
Feedback: 0.66
Received=	-0.00089904
=====  12:25:16 - NF  ============
Feedback: 0.76048
Received=	0.094317
Feedback: 0.5309
Received=	0.17431
Feedback: 0.33801
Received=	0.010021
Feedback: 0.73415
Received=	0.058918
Feedback: 0.61625
Received=	0.14585
Feedback: 0.40666
Received=	0.14832
Feedback: 0.4007
Received=	-0.013462
Feedback: 0.79077
Received=	-0.2108
Feedback: 0.9
Received=	-0.18015
Feedback: 0.9
Received=	-0.057308
Feedback: 0.89649
Received=	-0.051188
Feedback: 0.88173
Received=	-0.29698
Feedback: 0.9
Received=	-0.37379
Feedback: 0.9
Received=	-0.14381
Feedback: 0.9
Received=	-0.099811
Feedback: 0.9
Received=	-0.15696
Feedback: 0.9
Received=	-0.016025
Feedback: 0.79695
Received=	-0.020791
Feedback: 0.80844
Received=	-0.10963
Feedback: 0.9
Received=	0.097883
Feedback: 0.5223
Received=	0.18652
Feedback: 0.30857
Received=	0.23506
Feedback: 0.19154
Received=	0.11694
Feedback: 0.47636
Received=	0.057224
Feedback: 0.62033
Received=	0.17305
Feedback: 0.34107
Received=	0.27612
Feedback: 0.1
Received=	0.072001
Feedback: 0.5847
Received=	0.069084
Feedback: 0.59174
Received=	0.083216
Feedback: 0.55766
Received=	0.073068
Feedback: 0.58213
Received=	-0.18361
Feedback: 0.9
Received=	-0.12669
Feedback: 0.9
Received=	-0.011189
Feedback: 0.78529
Received=	0.062277
Feedback: 0.60815
Received=	-0.029276
Feedback: 0.8289
Received=	0.081982
Feedback: 0.56064
Received=	-0.078811
Feedback: 0.9
Received=	0.10171
Feedback: 0.51307
Received=	0.12765
Feedback: 0.45052
Received=	0.11041
Feedback: 0.49209
Received=	0.092064
Feedback: 0.53633
Received=	0.0091283
Feedback: 0.7363
Received=	-0.15912
Feedback: 0.9
Received=	-0.13502
Feedback: 0.9
Received=	-0.057379
Feedback: 0.89666
Received=	0.038952
Feedback: 0.66439
Received=	-0.094674
Feedback: 0.9
Received=	-0.014286
Feedback: 0.79275
Received=	-0.067821
Feedback: 0.9
Received=	0.017873
Feedback: 0.71522
Received=	-0.045482
Feedback: 0.86797
Received=	-0.13128
Feedback: 0.9
Received=	-0.082415
Feedback: 0.9
Received=	-0.041584
Feedback: 0.85857
Received=	0.10913
Feedback: 0.49519
Received=	0.0078608
Feedback: 0.73936
Received=	0.13549
Feedback: 0.43162
Received=	-0.019485
Feedback: 0.80529
Received=	-0.016365
Feedback: 0.79777
Calculated range:	[(-2.000000) - (2.000000)]
Success index = (-0.927704)
Received=	0.013318
=====  12:28:16 - BASE  ============
Feedback: 0.66
Received=	-0.082483
Feedback: 0.66
Received=	0.24448
Feedback: 0.66
Received=	0.28788
Feedback: 0.66
Received=	0.088569
Feedback: 0.66
Received=	-0.020221
Feedback: 0.66
Received=	0.062943
Feedback: 0.66
Received=	-0.16083
Feedback: 0.66
Received=	-0.17428
Feedback: 0.66
Received=	-0.00071761
Feedback: 0.66
Received=	0.10253
Feedback: 0.66
Received=	0.050399
Feedback: 0.66
Received=	0.00032685
Feedback: 0.66
Received=	0.11227
Feedback: 0.66
Received=	0.059862
Feedback: 0.66
Received=	-0.035369
Feedback: 0.66
Received=	-0.03977
Feedback: 0.66
Received=	-0.054621
Feedback: 0.66
Received=	0.14873
Feedback: 0.66
Received=	0.099043
Feedback: 0.66
Received=	0.23324
=====  12:29:16 - NF  ============
Feedback: 0.18284
Received=	0.29423
Feedback: 0.1
Received=	0.34411
Feedback: 0.1
Received=	0.29951
Feedback: 0.1
Received=	0.38393
Feedback: 0.1
Received=	0.25828
Feedback: 0.14113
Received=	0.23244
Feedback: 0.18418
Received=	0.051422
Feedback: 0.48571
Received=	0.1512
Feedback: 0.3195
Received=	0.24946
Feedback: 0.15582
Received=	0.20671
Feedback: 0.22703
Received=	0.065671
Feedback: 0.46198
Received=	0.02209
Feedback: 0.53457
Received=	-0.07683
Feedback: 0.69936
Received=	-0.25506
Feedback: 0.9
Received=	-0.14518
Feedback: 0.81321
Received=	-0.042536
Feedback: 0.64223
Received=	0.081599
Feedback: 0.43544
Received=	0.11968
Feedback: 0.372
Received=	0.16142
Feedback: 0.30247
Received=	0.22472
Feedback: 0.19704
Received=	0.025268
Feedback: 0.52928
Received=	-0.1461
Feedback: 0.81475
Received=	-0.32742
Feedback: 0.9
Received=	-0.26901
Feedback: 0.9
Received=	-0.36253
Feedback: 0.9
Received=	-0.3899
Feedback: 0.9
Received=	-0.39434
Feedback: 0.9
Received=	-0.18293
Feedback: 0.8761
Received=	-0.019206
Feedback: 0.60337
Received=	-0.083317
Feedback: 0.71016
Received=	-0.18853
Feedback: 0.88543
Received=	-0.22349
Feedback: 0.9
Received=	-0.23511
Feedback: 0.9
Received=	-0.083077
Feedback: 0.70976
Received=	-0.12463
Feedback: 0.77899
Received=	-0.13418
Feedback: 0.7949
Received=	-0.12881
Feedback: 0.78594
Received=	-0.1214
Feedback: 0.7736
Received=	0.040261
Feedback: 0.5043
Received=	0.068283
Feedback: 0.45763
Received=	0.084964
Feedback: 0.42984
Received=	0.032704
Feedback: 0.51689
Received=	0.0097238
Feedback: 0.55517
Received=	-0.0010598
Feedback: 0.57314
Received=	-0.18183
Feedback: 0.87426
Received=	-0.11196
Feedback: 0.75788
Received=	-0.15552
Feedback: 0.83045
Received=	-0.087131
Feedback: 0.71652
Received=	-0.11879
Feedback: 0.76926
Received=	0.048031
Feedback: 0.49136
Received=	-0.048994
Feedback: 0.65299
Received=	0.0072317
Feedback: 0.55933
Received=	0.018122
Feedback: 0.54119
Received=	-0.083496
Feedback: 0.71046
Received=	-0.15316
Feedback: 0.82651
Received=	-0.14469
Feedback: 0.8124
Received=	-0.12655
Feedback: 0.78218
Received=	0.016071
Feedback: 0.5446
Received=	0.013858
Feedback: 0.54829
Calculated range:	[(-2.000000) - (2.000000)]
Success index = (-0.392388)
Received=	0.10382
=====  12:32:16 - BASE  ============
Feedback: 0.66
Received=	-0.046739
Feedback: 0.66
Received=	0.069622
Feedback: 0.66
Received=	0.15213
Feedback: 0.66
Received=	0.067612
Feedback: 0.66
Received=	0.24526
Feedback: 0.66
Received=	0.26159
Feedback: 0.66
Received=	0.32743
Feedback: 0.66
Received=	0.13817
Feedback: 0.66
Received=	0.055501
Feedback: 0.66
Received=	-0.2518
Feedback: 0.66
Received=	-0.045816
Feedback: 0.66
Received=	-0.020524
Feedback: 0.66
Received=	-0.11979
Feedback: 0.66
Received=	-0.20392
Feedback: 0.66
Received=	-0.073646
Feedback: 0.66
Received=	0.02515
Feedback: 0.66
Received=	-0.036871
Feedback: 0.66
Received=	0.018198
Feedback: 0.66
Received=	0.2724
Feedback: 0.66
Received=	0.26488
=====  12:33:16 - NF  ============
Feedback: 0.2349
Received=	0.1355
Feedback: 0.39373
Received=	0.0027229
Feedback: 0.55672
Received=	-0.1199
Feedback: 0.70725
Received=	-0.054123
Feedback: 0.6265
Received=	-0.062305
Feedback: 0.63655
Received=	0.21287
Feedback: 0.29875
Received=	0.40126
Feedback: 0.1
Received=	0.32896
Feedback: 0.15624
Received=	0.31901
Feedback: 0.16845
Received=	0.1796
Feedback: 0.33959
Received=	-0.0076976
Feedback: 0.56951
Received=	-0.03189
Feedback: 0.59921
Received=	0.040661
Feedback: 0.51015
Received=	0.17496
Feedback: 0.34529
Received=	0.24243
Feedback: 0.26246
Received=	0.19549
Feedback: 0.32008
Received=	0.10245
Feedback: 0.4343
Received=	0.017115
Feedback: 0.53905
Received=	0.022393
Feedback: 0.53257
Received=	-0.017775
Feedback: 0.58188
Received=	-0.012803
Feedback: 0.57578
Received=	0.1676
Feedback: 0.35432
Received=	0.061726
Feedback: 0.48429
Received=	-0.19676
Feedback: 0.8016
Received=	-0.12427
Feedback: 0.71262
Received=	-0.069385
Feedback: 0.64524
Received=	0.16076
Feedback: 0.36272
Received=	0.12235
Feedback: 0.40987
Received=	-0.07972
Feedback: 0.65793
Received=	0.12473
Feedback: 0.40695
Received=	0.18491
Feedback: 0.33307
Received=	0.062562
Feedback: 0.48326
Received=	0.15814
Feedback: 0.36593
Received=	0.026284
Feedback: 0.5278
Received=	-0.24591
Feedback: 0.86194
Received=	-0.3089
Feedback: 0.9
Received=	-0.33301
Feedback: 0.9
Received=	-0.23399
Feedback: 0.8473
Received=	-0.032232
Feedback: 0.59963
Received=	0.053661
Feedback: 0.49419
Received=	0.24708
Feedback: 0.25675
Received=	0.30145
Feedback: 0.19001
Received=	0.21848
Feedback: 0.29186
Received=	0.16703
Feedback: 0.35502
Received=	-0.013773
Feedback: 0.57697
Received=	0.015425
Feedback: 0.54113
Received=	-0.036414
Feedback: 0.60476
Received=	-0.17895
Feedback: 0.77974
Received=	-0.19433
Feedback: 0.79861
Received=	-0.24763
Feedback: 0.86405
Received=	-0.29114
Feedback: 0.9
Received=	-0.32641
Feedback: 0.9
Received=	-0.22818
Feedback: 0.84017
Received=	-0.045463
Feedback: 0.61587
Received=	0.11784
Feedback: 0.4154
Received=	0.16302
Feedback: 0.35994
Received=	0.032823
Feedback: 0.51977
Received=	0.028831
Feedback: 0.52467
Received=	0.025899
Feedback: 0.52827
Calculated range:	[(-2.000000) - (2.000000)]
Success index = (-0.129228)
Received=	0.10309
=====  12:36:16 - BASE  ============
Feedback: 0.66
Received=	0.21599
Feedback: 0.66
Received=	0.12875
Feedback: 0.66
Received=	0.31475
Feedback: 0.66
Received=	0.3768
Feedback: 0.66
Received=	0.29031
Feedback: 0.66
Received=	-0.064593
Feedback: 0.66
Received=	-0.18001
Feedback: 0.66
Received=	-0.31542
Feedback: 0.66
Received=	-0.20548
Feedback: 0.66
Received=	0.12018
Feedback: 0.66
Received=	0.26184
Feedback: 0.66
Received=	0.098627
Feedback: 0.66
Received=	0.063292
Feedback: 0.66
Received=	0.18818
Feedback: 0.66
Received=	0.2778
Feedback: 0.66
Received=	0.25853
Feedback: 0.66
Received=	0.30304
Feedback: 0.66
Received=	0.25411
Feedback: 0.66
Received=	-0.0060885
Feedback: 0.66
Received=	-0.22265
=====  12:37:16 - NF  ============
Feedback: 0.8398
Received=	-0.097895
Feedback: 0.71618
Received=	-0.0043999
Feedback: 0.62353
Received=	0.16807
Feedback: 0.45262
Received=	0.011563
Feedback: 0.60771
Received=	0.046695
Feedback: 0.57289
Received=	-0.045437
Feedback: 0.66419
Received=	0.18666
Feedback: 0.4342
Received=	0.16229
Feedback: 0.45834
Received=	0.23645
Feedback: 0.38486
Received=	0.18037
Feedback: 0.44043
Received=	0.061572
Feedback: 0.55815
Received=	-0.057402
Feedback: 0.67605
Received=	0.15178
Feedback: 0.46876
Received=	0.11997
Feedback: 0.50029
Received=	0.085247
Feedback: 0.53469
Received=	0.13424
Feedback: 0.48614
Received=	0.11705
Feedback: 0.50318
Received=	0.016181
Feedback: 0.60313
Received=	0.03565
Feedback: 0.58384
Received=	0.15675
Feedback: 0.46384
Received=	0.23157
Feedback: 0.3897
Received=	0.023273
Feedback: 0.5961
Received=	0.018113
Feedback: 0.60122
Received=	-0.17062
Feedback: 0.78824
Received=	-0.23693
Feedback: 0.85396
Received=	-0.15849
Feedback: 0.77622
Received=	-0.13336
Feedback: 0.75132
Received=	0.049089
Feedback: 0.57052
Received=	0.16352
Feedback: 0.45713
Received=	0.29346
Feedback: 0.32836
Received=	0.20054
Feedback: 0.42044
Received=	0.045221
Feedback: 0.57435
Received=	-0.041885
Feedback: 0.66067
Received=	-0.059599
Feedback: 0.67823
Received=	-0.011733
Feedback: 0.63079
Received=	0.17879
Feedback: 0.442
Received=	0.2654
Feedback: 0.35617
Received=	0.33754
Feedback: 0.28468
Received=	-0.042253
Feedback: 0.66104
Received=	0.019786
Feedback: 0.59956
Received=	0.13824
Feedback: 0.48217
Received=	0.13685
Feedback: 0.48356
Received=	0.22002
Feedback: 0.40114
Received=	0.10368
Feedback: 0.51643
Received=	0.11458
Feedback: 0.50562
Received=	0.13363
Feedback: 0.48674
Received=	0.09512
Feedback: 0.52491
Received=	-0.012978
Feedback: 0.63203
Received=	-0.078882
Feedback: 0.69734
Received=	-0.045083
Feedback: 0.66384
Received=	0.030443
Feedback: 0.589
Received=	0.084598
Feedback: 0.53534
Received=	0.083488
Feedback: 0.53643
Received=	0.042749
Feedback: 0.5768
Received=	-0.0009512
Feedback: 0.62011
Received=	-0.092632
Feedback: 0.71096
Received=	0.13161
Feedback: 0.48875
Received=	0.11899
Feedback: 0.50125
Received=	0.11081
Feedback: 0.50936
Calculated range:	[(-2.000000) - (2.000000)]
Success index = (-0.410749)
closing...
