Direction=-1.000000	; step=1.000000;
Received=	0
Feedback: 0.66
Received=	0
Feedback: 0.66
Received=	0
Feedback: 0.66
Received=	0.0018702
Feedback: 0.66
Received=	0.17449
Feedback: 0.66
Received=	-0.015125
Feedback: 0.66
Received=	-0.1167
Feedback: 0.66
Received=	-0.083071
Feedback: 0.66
Received=	0.0068326
Feedback: 0.66
Received=	-0.10529
Feedback: 0.66
Received=	-0.24218
Feedback: 0.66
Received=	-0.19853
Feedback: 0.66
Received=	-0.35293
Feedback: 0.66
Received=	-0.29354
Feedback: 0.66
Received=	-0.22761
Feedback: 0.66
Received=	-0.24424
Feedback: 0.66
Received=	-0.24214
Feedback: 0.66
Received=	-0.26258
Feedback: 0.66
Received=	-0.42819
Feedback: 0.66
Received=	-0.39906
Feedback: 0.66
Received=	-0.28507
=====  13:49:15 - NF  ============
Feedback: 0.64471
Received=	-0.21567
Feedback: 0.55876
Received=	0.018749
Feedback: 0.26845
Received=	0.6807
Feedback: 0.1
Received=	0.62162
Feedback: 0.1
Received=	0.10737
Feedback: 0.1587
Received=	0.11965
Feedback: 0.1435
Received=	0.017892
Feedback: 0.26951
Received=	0.097358
Feedback: 0.1711
Received=	-0.0037074
Feedback: 0.29626
Received=	0.23768
Feedback: 0.1
Received=	0.19934
Feedback: 0.1
Received=	-0.11794
Feedback: 0.43773
Received=	-0.20664
Feedback: 0.54758
Received=	0.055145
Feedback: 0.22338
Received=	0.35275
Feedback: 0.1
Received=	0.14291
Feedback: 0.11468
Received=	-0.23094
Feedback: 0.57767
Received=	-0.27441
Feedback: 0.63151
Received=	-0.25975
Feedback: 0.61334
Received=	-0.101
Feedback: 0.41675
Received=	-0.21156
Feedback: 0.55367
Received=	0.024615
Feedback: 0.26119
Received=	-0.069888
Feedback: 0.37822
Received=	0.0093404
Feedback: 0.2801
Received=	-0.031866
Feedback: 0.33113
Received=	-0.25682
Feedback: 0.60972
Received=	-0.303
Feedback: 0.6669
Received=	-0.067468
Feedback: 0.37522
Received=	0.032719
Feedback: 0.25115
Received=	-0.058586
Feedback: 0.36422
Received=	-0.2106
Feedback: 0.55249
Received=	-0.24407
Feedback: 0.59392
Received=	-0.19298
Feedback: 0.53066
Received=	-0.20056
Feedback: 0.54004
Received=	-0.22452
Feedback: 0.56973
Received=	-0.13078
Feedback: 0.45363
Received=	-0.0050999
Feedback: 0.29799
Received=	0.007436
Feedback: 0.28246
Received=	-0.054561
Feedback: 0.35924
Received=	-0.13188
Feedback: 0.45499
Received=	-0.23526
Feedback: 0.58302
Received=	-0.11766
Feedback: 0.43738
Received=	0.003053
Feedback: 0.28789
Received=	0.085358
Feedback: 0.18596
Received=	0.1193
Feedback: 0.14393
Received=	0.17821
Feedback: 0.1
Received=	-0.22013
Feedback: 0.56428
Received=	-0.075483
Feedback: 0.38515
Received=	0.16155
Feedback: 0.1
Received=	0.36336
Feedback: 0.1
Received=	-0.1073
Feedback: 0.42455
Received=	-0.31708
Feedback: 0.68435
Received=	-0.067816
Feedback: 0.37566
Received=	0.29171
Feedback: 0.1
Received=	0.52753
Feedback: 0.1
Received=	-0.035295
Feedback: 0.33538
Received=	-0.37635
Feedback: 0.75775
Received=	-0.24781
Feedback: 0.59856
Received=	0.15349
Feedback: 0.10158
Calculated range:	[(-2.000000) - (2.000000)]
Success index = (0.694780)
Received=	0.37321
=====  13:52:15 - BASE  ============
Feedback: 0.66
Received=	0.4518
Feedback: 0.66
Received=	0.60134
Feedback: 0.66
Received=	0.19692
Feedback: 0.66
Received=	-0.30352
Feedback: 0.66
Received=	-0.25385
Feedback: 0.66
Received=	0.051799
Feedback: 0.66
Received=	-0.19497
Feedback: 0.66
Received=	-0.34245
Feedback: 0.66
Received=	-0.30176
Feedback: 0.66
Received=	-0.1555
Feedback: 0.66
Received=	-0.07437
Feedback: 0.66
Received=	-0.2228
Feedback: 0.66
Received=	0.059682
Feedback: 0.66
Received=	0.76553
Feedback: 0.66
Received=	0.8764
Feedback: 0.66
Received=	0.1314
Feedback: 0.66
Received=	-0.12902
Feedback: 0.66
Received=	-0.19471
Feedback: 0.66
Received=	-0.22666
Feedback: 0.66
Received=	-0.38637
=====  13:53:15 - NF  ============
Feedback: 0.71577
Received=	-0.18216
Feedback: 0.6062
Received=	-0.12579
Feedback: 0.57595
Received=	0.32531
Feedback: 0.33389
Received=	0.70193
Feedback: 0.13181
Received=	0.053566
Feedback: 0.47971
Received=	-0.41523
Feedback: 0.73125
Received=	-0.24754
Feedback: 0.64127
Received=	-0.20411
Feedback: 0.61797
Received=	-0.28918
Feedback: 0.66362
Received=	-0.11564
Feedback: 0.5705
Received=	-0.058425
Feedback: 0.5398
Received=	0.096812
Feedback: 0.4565
Received=	0.00474
Feedback: 0.50591
Received=	0.096194
Feedback: 0.45683
Received=	-0.045267
Feedback: 0.53274
Received=	-0.27885
Feedback: 0.65808
Received=	-0.21159
Feedback: 0.62198
Received=	-0.085985
Feedback: 0.55459
Received=	-0.20992
Feedback: 0.62109
Received=	-0.18302
Feedback: 0.60665
Received=	-0.2743
Feedback: 0.65564
Received=	-0.33814
Feedback: 0.68989
Received=	-0.22873
Feedback: 0.63118
Received=	0.33385
Feedback: 0.32931
Received=	0.89941
Feedback: 0.1
Received=	0.73687
Feedback: 0.11306
Received=	0.31479
Feedback: 0.33954
Received=	0.23295
Feedback: 0.38345
Received=	0.10773
Feedback: 0.45064
Received=	0.10457
Feedback: 0.45234
Received=	0.069479
Feedback: 0.47117
Received=	0.10784
Feedback: 0.45058
Received=	0.1468
Feedback: 0.42968
Received=	0.18181
Feedback: 0.41089
Received=	-0.014621
Feedback: 0.51629
Received=	0.029296
Feedback: 0.49273
Received=	0.10623
Feedback: 0.45145
Received=	0.085735
Feedback: 0.46245
Received=	0.047467
Feedback: 0.48298
Received=	0.19379
Feedback: 0.40446
Received=	0.15234
Feedback: 0.42671
Received=	0.077121
Feedback: 0.46707
Received=	0.059868
Feedback: 0.47633
Received=	0.35419
Feedback: 0.31839
Received=	0.2496
Feedback: 0.37452
Received=	0.11071
Feedback: 0.44904
Received=	-0.10717
Feedback: 0.56596
Received=	-0.12729
Feedback: 0.57675
Received=	-0.037702
Feedback: 0.52868
Received=	0.0057295
Feedback: 0.50537
Received=	0.44258
Feedback: 0.27097
Received=	0.35692
Feedback: 0.31693
Received=	-0.083885
Feedback: 0.55346
Received=	-0.1337
Feedback: 0.58019
Received=	0.14886
Feedback: 0.42858
Received=	-0.048251
Feedback: 0.53434
Received=	-0.13419
Feedback: 0.58045
Received=	-0.14802
Feedback: 0.58788
Received=	-0.054034
Feedback: 0.53744
Calculated range:	[(-2.000000) - (2.000000)]
Success index = (0.070999)
Received=	0.42521
=====  13:56:15 - BASE  ============
Feedback: 0.66
Received=	0.78355
Feedback: 0.66
Received=	0.76175
Feedback: 0.66
Received=	0.58665
Feedback: 0.66
Received=	0.15395
Feedback: 0.66
Received=	-0.045226
Feedback: 0.66
Received=	0.12429
Feedback: 0.66
Received=	0.093769
Feedback: 0.66
Received=	-0.14773
Feedback: 0.66
Received=	-0.07033
Feedback: 0.66
Received=	-0.21899
Feedback: 0.66
Received=	-0.2166
Feedback: 0.66
Received=	-0.18071
Feedback: 0.66
Received=	-0.15347
Feedback: 0.66
Received=	-0.081057
Feedback: 0.66
Received=	-0.38735
Feedback: 0.66
Received=	-0.11988
Feedback: 0.66
Received=	-0.14343
Feedback: 0.66
Received=	-0.24775
Feedback: 0.66
Received=	-0.032293
Feedback: 0.66
Received=	0.11438
=====  13:57:15 - NF  ============
Feedback: 0.40773
Received=	-0.10298
Feedback: 0.5592
Received=	-0.033582
Feedback: 0.51084
Received=	0.03187
Feedback: 0.46523
Received=	0.10809
Feedback: 0.41212
Received=	-0.005639
Feedback: 0.49137
Received=	0.17042
Feedback: 0.36868
Received=	-0.025
Feedback: 0.50486
Received=	-0.035741
Feedback: 0.51235
Received=	0.021789
Feedback: 0.47226
Received=	0.21485
Feedback: 0.33772
Received=	0.17516
Feedback: 0.36538
Received=	0.11815
Feedback: 0.40511
Received=	-0.074662
Feedback: 0.53947
Received=	-0.2904
Feedback: 0.6898
Received=	-0.27834
Feedback: 0.6814
Received=	-0.26892
Feedback: 0.67483
Received=	-0.18107
Feedback: 0.61362
Received=	0.29055
Feedback: 0.28498
Received=	0.080938
Feedback: 0.43104
Received=	-0.066958
Feedback: 0.5341
Received=	-0.022971
Feedback: 0.50345
Received=	-0.026398
Feedback: 0.50584
Received=	0.055233
Feedback: 0.44895
Received=	-0.15303
Feedback: 0.59408
Received=	-0.46825
Feedback: 0.81373
Received=	-0.48452
Feedback: 0.82507
Received=	-0.21151
Feedback: 0.63483
Received=	-0.097041
Feedback: 0.55506
Received=	-0.06127
Feedback: 0.53014
Received=	-0.1573
Feedback: 0.59705
Received=	-0.10143
Feedback: 0.55812
Received=	0.0024143
Feedback: 0.48576
Received=	0.12066
Feedback: 0.40336
Received=	0.14832
Feedback: 0.38409
Received=	0.33693
Feedback: 0.25266
Received=	0.31541
Feedback: 0.26765
Received=	-0.13569
Feedback: 0.58199
Received=	0.2073
Feedback: 0.34299
Received=	0.90632
Feedback: 0.1
Received=	0.88265
Feedback: 0.1
Received=	0.21231
Feedback: 0.33949
Received=	0.1008
Feedback: 0.4172
Received=	0.24169
Feedback: 0.31902
Received=	-0.0011812
Feedback: 0.48826
Received=	-0.28263
Feedback: 0.68438
Received=	-0.42824
Feedback: 0.78586
Received=	-0.14574
Feedback: 0.58899
Received=	-0.052894
Feedback: 0.5243
Received=	-0.089271
Feedback: 0.54965
Received=	0.27557
Feedback: 0.29541
Received=	0.53604
Feedback: 0.11391
Received=	0.35509
Feedback: 0.24
Received=	-0.011158
Feedback: 0.49522
Received=	-0.12202
Feedback: 0.57247
Received=	0.080098
Feedback: 0.43163
Received=	0.11278
Feedback: 0.40885
Received=	0.017245
Feedback: 0.47542
Received=	-0.058088
Feedback: 0.52792
Received=	-0.17784
Feedback: 0.61137
Calculated range:	[(-2.000000) - (2.000000)]
Success index = (0.167460)
Received=	-0.043147
=====  14:0:15 - BASE  ============
Feedback: 0.66
Received=	0.29267
Feedback: 0.66
Received=	0.72712
Feedback: 0.66
Received=	-0.044454
Feedback: 0.66
Received=	-0.71382
Feedback: 0.66
Received=	-0.57124
Feedback: 0.66
Received=	-0.31581
Feedback: 0.66
Received=	-0.31359
Feedback: 0.66
Received=	-0.34903
Feedback: 0.66
Received=	-0.23097
Feedback: 0.66
Received=	-0.049182
Feedback: 0.66
Received=	-0.11456
Feedback: 0.66
Received=	-0.054095
Feedback: 0.66
Received=	-0.15288
Feedback: 0.66
Received=	-0.1079
Feedback: 0.66
Received=	-0.12832
Feedback: 0.66
Received=	-0.1982
Feedback: 0.66
Received=	-0.16144
Feedback: 0.66
Received=	-0.24885
Feedback: 0.66
Received=	-0.11252
Feedback: 0.66
Received=	0.15099
=====  14:1:15 - NF  ============
Feedback: 0.27337
Received=	0.44044
Feedback: 0.1
Received=	0.87242
Feedback: 0.1
Received=	0.080062
Feedback: 0.32276
Received=	-0.37545
Feedback: 0.64
Received=	-0.070021
Feedback: 0.42729
Received=	0.0042149
Feedback: 0.37559
Received=	-0.079989
Feedback: 0.43423
Received=	0.118
Feedback: 0.29634
Received=	0.25414
Feedback: 0.20153
Received=	0.0036502
Feedback: 0.37598
Received=	0.085416
Feedback: 0.31903
Received=	0.19932
Feedback: 0.23971
Received=	0.21236
Feedback: 0.23062
Received=	0.31769
Feedback: 0.15727
Received=	0.31034
Feedback: 0.16239
Received=	0.01743
Feedback: 0.36638
Received=	0.052411
Feedback: 0.34202
Received=	0.16378
Feedback: 0.26446
Received=	0.37395
Feedback: 0.11809
Received=	0.013953
Feedback: 0.3688
Received=	-0.16556
Feedback: 0.49382
Received=	-0.29009
Feedback: 0.58055
Received=	-0.25214
Feedback: 0.55412
Received=	-0.12222
Feedback: 0.46364
Received=	0.12349
Feedback: 0.29252
Received=	0.092381
Feedback: 0.31418
Received=	0.0036438
Feedback: 0.37598
Received=	-0.059721
Feedback: 0.42011
Received=	0.0081513
Feedback: 0.37284
Received=	0.059051
Feedback: 0.3374
Received=	0.18233
Feedback: 0.25154
Received=	0.26474
Feedback: 0.19415
Received=	-0.084617
Feedback: 0.43745
Received=	-0.23631
Feedback: 0.5431
Received=	0.045903
Feedback: 0.34655
Received=	0.15756
Feedback: 0.26879
Received=	0.1923
Feedback: 0.24459
Received=	-0.092261
Feedback: 0.44277
Received=	-0.16204
Feedback: 0.49137
Received=	-0.040837
Feedback: 0.40696
Received=	0.32031
Feedback: 0.15545
Received=	0.28387
Feedback: 0.18082
Received=	0.30888
Feedback: 0.1634
Received=	0.36361
Feedback: 0.12529
Received=	0.0049217
Feedback: 0.37509
Received=	-0.16452
Feedback: 0.4931
Received=	-0.070208
Feedback: 0.42742
Received=	-0.144
Feedback: 0.47881
Received=	-0.20438
Feedback: 0.52086
Received=	-0.096712
Feedback: 0.44587
Received=	-0.29915
Feedback: 0.58686
Received=	-0.38692
Feedback: 0.64799
Received=	-0.37491
Feedback: 0.63962
Received=	0.023221
Feedback: 0.36235
Received=	0.1203
Feedback: 0.29474
Received=	0.058576
Feedback: 0.33773
Received=	-0.037976
Feedback: 0.40497
Received=	-0.082742
Feedback: 0.43615
Received=	-0.12889
Feedback: 0.46828
Calculated range:	[(-2.000000) - (2.000000)]
Success index = (0.883335)
Received=	0.1616
=====  14:4:15 - BASE  ============
Feedback: 0.66
Received=	0.71427
Feedback: 0.66
Received=	0.50438
Feedback: 0.66
Received=	0.2371
Feedback: 0.66
Received=	0.7067
Feedback: 0.66
Received=	0.62244
Feedback: 0.66
Received=	0.18779
Feedback: 0.66
Received=	0.31383
Feedback: 0.66
Received=	0.9508
Feedback: 0.66
Received=	1.6766
Feedback: 0.66
Received=	1.2572
Feedback: 0.66
Received=	0.70425
Feedback: 0.66
Received=	0.33535
Feedback: 0.66
Received=	0.086655
Feedback: 0.66
Received=	-0.15574
Feedback: 0.66
Received=	0.051704
Feedback: 0.66
Received=	0.48913
Feedback: 0.66
Received=	0.61399
Feedback: 0.66
Received=	0.46733
Feedback: 0.66
Received=	0.35828
Feedback: 0.66
Received=	0.79642
=====  14:5:15 - NF  ============
Feedback: 0.37602
Received=	0.66348
Feedback: 0.43623
Received=	1.1043
Feedback: 0.2366
Received=	1.0026
Feedback: 0.28263
Received=	0.72231
Feedback: 0.40958
Received=	0.66419
Feedback: 0.4359
Received=	0.38506
Feedback: 0.56231
Received=	0.028376
Feedback: 0.72384
Received=	0.1136
Feedback: 0.68525
Received=	0.47361
Feedback: 0.52221
Received=	0.54018
Feedback: 0.49206
Received=	0.64854
Feedback: 0.44299
Received=	0.30888
Feedback: 0.59681
Received=	0.1335
Feedback: 0.67624
Received=	0.20917
Feedback: 0.64197
Received=	0.25259
Feedback: 0.6223
Received=	-0.069726
Feedback: 0.76827
Received=	-0.16578
Feedback: 0.81177
Received=	0.23176
Feedback: 0.63174
Received=	0.21592
Feedback: 0.63891
Received=	0.10434
Feedback: 0.68944
Received=	-0.087654
Feedback: 0.77639
Received=	-0.27605
Feedback: 0.8617
Received=	-0.087108
Feedback: 0.77614
Received=	0.037332
Feedback: 0.71979
Received=	-0.060686
Feedback: 0.76418
Received=	0.10925
Feedback: 0.68722
Received=	0.29249
Feedback: 0.60423
Received=	0.59927
Feedback: 0.4653
Received=	0.68834
Feedback: 0.42497
Received=	0.32302
Feedback: 0.59041
Received=	0.099968
Feedback: 0.69142
Received=	0.51452
Feedback: 0.50368
Received=	0.35545
Feedback: 0.57572
Received=	0.083665
Feedback: 0.6988
Received=	-0.18615
Feedback: 0.821
Received=	-0.039064
Feedback: 0.75438
Received=	0.087058
Feedback: 0.69727
Received=	-0.028279
Feedback: 0.7495
Received=	-0.15027
Feedback: 0.80474
Received=	0.013056
Feedback: 0.73078
Received=	0.47482
Feedback: 0.52166
Received=	0.49361
Feedback: 0.51315
Received=	0.34765
Feedback: 0.57925
Received=	0.23766
Feedback: 0.62907
Received=	0.26279
Feedback: 0.61768
Received=	0.49438
Feedback: 0.5128
Received=	0.68805
Feedback: 0.4251
Received=	0.46146
Feedback: 0.52771
Received=	0.49579
Feedback: 0.51217
Received=	0.20534
Feedback: 0.6437
Received=	-0.073287
Feedback: 0.76988
Received=	-0.019245
Feedback: 0.74541
Received=	0.073164
Feedback: 0.70356
Received=	-0.084246
Feedback: 0.77484
Received=	0.070481
Feedback: 0.70477
Received=	0.032801
Feedback: 0.72184
Received=	0.26782
Feedback: 0.6154
Received=	0.13803
Feedback: 0.67418
Received=	-0.30052
Feedback: 0.87279
Calculated range:	[(-2.000000) - (2.000000)]
Success index = (-0.800498)
closing...
