Direction=-1.000000	; step=1.000000;
Received=	0
Feedback: 0.66
Received=	0
Feedback: 0.66
Received=	0
Feedback: 0.66
Received=	0.22344
Feedback: 0.66
Received=	-0.29056
Feedback: 0.66
Received=	0.23062
Feedback: 0.66
Received=	0.054162
Feedback: 0.66
Received=	-0.20322
Feedback: 0.66
Received=	-0.096868
Feedback: 0.66
Received=	-0.53057
Feedback: 0.66
Received=	-0.24124
Feedback: 0.66
Received=	-0.095437
Feedback: 0.66
Received=	-0.24808
Feedback: 0.66
Received=	-0.076157
Feedback: 0.66
Received=	-0.20416
Feedback: 0.66
Received=	-0.093617
Feedback: 0.66
Received=	-0.053327
Feedback: 0.66
Received=	-0.23679
Feedback: 0.66
Received=	-0.19883
Feedback: 0.66
Received=	-0.10385
Feedback: 0.66
Received=	-0.050584
=====  13:33:23 - NF  ============
Feedback: 0.423
Received=	-0.31006
Feedback: 0.70978
Received=	0.27626
Feedback: 0.1
Received=	0.45747
Feedback: 0.1
Received=	0.079111
Feedback: 0.27966
Received=	-0.22311
Feedback: 0.61368
Received=	-0.1295
Feedback: 0.51022
Received=	0.22603
Feedback: 0.11729
Received=	0.26771
Feedback: 0.1
Received=	-0.15069
Feedback: 0.53364
Received=	-0.4437
Feedback: 0.85748
Received=	-0.27294
Feedback: 0.66875
Received=	-0.22872
Feedback: 0.61988
Received=	-0.12942
Feedback: 0.51013
Received=	-0.26875
Feedback: 0.66412
Received=	-0.36578
Feedback: 0.77137
Received=	-0.4481
Feedback: 0.86234
Received=	-0.11382
Feedback: 0.49289
Received=	0.22317
Feedback: 0.12045
Received=	0.10517
Feedback: 0.25087
Received=	-0.065241
Feedback: 0.4392
Received=	-0.05719
Feedback: 0.43031
Received=	0.072356
Feedback: 0.28713
Received=	-0.015016
Feedback: 0.3837
Received=	0.11928
Feedback: 0.23527
Received=	0.069235
Feedback: 0.29058
Received=	-0.12092
Feedback: 0.50074
Received=	-0.0016881
Feedback: 0.36896
Received=	0.028438
Feedback: 0.33567
Received=	0.12436
Feedback: 0.22966
Received=	0.050363
Feedback: 0.31144
Received=	0.025264
Feedback: 0.33918
Received=	-0.037376
Feedback: 0.40841
Received=	-0.12355
Feedback: 0.50365
Received=	0.053782
Feedback: 0.30766
Received=	0.10778
Feedback: 0.24798
Received=	0.04254
Feedback: 0.32008
Received=	0.20506
Feedback: 0.14046
Received=	0.085744
Feedback: 0.27233
Received=	0.01072
Feedback: 0.35525
Received=	-0.20062
Feedback: 0.58883
Received=	-0.022543
Feedback: 0.39201
Received=	-0.072261
Feedback: 0.44696
Received=	-0.05793
Feedback: 0.43112
Received=	-0.076367
Feedback: 0.4515
Received=	-0.31372
Feedback: 0.71383
Received=	-0.075546
Feedback: 0.45059
Received=	0.25237
Feedback: 0.1
Received=	0.39986
Feedback: 0.1
Received=	0.32234
Feedback: 0.1
Received=	-0.057566
Feedback: 0.43072
Received=	-0.042013
Feedback: 0.41353
Received=	0.14409
Feedback: 0.20785
Received=	0.18442
Feedback: 0.16328
Received=	0.01451
Feedback: 0.35106
Received=	-0.10221
Feedback: 0.48006
Received=	0.18912
Feedback: 0.15808
Received=	0.16679
Feedback: 0.18276
Received=	0.031749
Feedback: 0.33201
Received=	-0.045637
Feedback: 0.41754
Calculated range:	[(-2.000000) - (2.000000)]
Success index = (0.607283)
Received=	0.22031
=====  13:36:23 - BASE  ============
Feedback: 0.66
Received=	0.28834
Feedback: 0.66
Received=	0.49484
Feedback: 0.66
Received=	0.68596
Feedback: 0.66
Received=	0.52713
Feedback: 0.66
Received=	0.5412
Feedback: 0.66
Received=	0.8485
Feedback: 0.66
Received=	0.43271
Feedback: 0.66
Received=	-0.18934
Feedback: 0.66
Received=	-0.029548
Feedback: 0.66
Received=	0.27886
Feedback: 0.66
Received=	0.28395
Feedback: 0.66
Received=	0.27434
Feedback: 0.66
Received=	-0.24771
Feedback: 0.66
Received=	-0.25178
Feedback: 0.66
Received=	-0.31114
Feedback: 0.66
Received=	0.2334
Feedback: 0.66
Received=	0.27994
Feedback: 0.66
Received=	-0.15501
Feedback: 0.66
Received=	-0.31017
Feedback: 0.66
Received=	-0.12731
=====  13:37:23 - NF  ============
Feedback: 0.67146
Received=	-0.10819
Feedback: 0.66107
Received=	-0.13306
Feedback: 0.67458
Received=	-0.082861
Feedback: 0.6473
Received=	0.11645
Feedback: 0.53896
Received=	0.13115
Feedback: 0.53097
Received=	0.035129
Feedback: 0.58316
Received=	0.077273
Feedback: 0.56025
Received=	-0.14523
Feedback: 0.6812
Received=	-0.38003
Feedback: 0.80883
Received=	-0.45695
Feedback: 0.85064
Received=	-0.22771
Feedback: 0.72604
Received=	-0.040704
Feedback: 0.62438
Received=	-0.23307
Feedback: 0.72895
Received=	-0.059568
Feedback: 0.63464
Received=	-0.10785
Feedback: 0.66088
Received=	0.089871
Feedback: 0.5534
Received=	0.31338
Feedback: 0.43191
Received=	-0.29356
Feedback: 0.76183
Received=	-0.26164
Feedback: 0.74448
Received=	-0.23943
Feedback: 0.7324
Received=	-0.23424
Feedback: 0.72959
Received=	-0.034707
Feedback: 0.62112
Received=	-0.24124
Feedback: 0.73339
Received=	-0.24718
Feedback: 0.73662
Received=	0.071164
Feedback: 0.56357
Received=	-0.04985
Feedback: 0.62935
Received=	-0.00046398
Feedback: 0.60251
Received=	0.047327
Feedback: 0.57653
Received=	-0.13725
Feedback: 0.67686
Received=	-0.28269
Feedback: 0.75592
Received=	-0.038556
Feedback: 0.62321
Received=	0.063874
Feedback: 0.56754
Received=	-0.033671
Feedback: 0.62056
Received=	-0.14973
Feedback: 0.68365
Received=	-0.33956
Feedback: 0.78684
Received=	-0.32396
Feedback: 0.77836
Received=	-0.15671
Feedback: 0.68744
Received=	-0.177
Feedback: 0.69847
Received=	-0.062793
Feedback: 0.63639
Received=	-0.23603
Feedback: 0.73056
Received=	-0.079259
Feedback: 0.64534
Received=	0.17059
Feedback: 0.50953
Received=	-0.37093
Feedback: 0.80388
Received=	-0.4487
Feedback: 0.84616
Received=	-0.29374
Feedback: 0.76193
Received=	-0.26028
Feedback: 0.74374
Received=	-0.17621
Feedback: 0.69804
Received=	-0.036153
Feedback: 0.62191
Received=	-0.067227
Feedback: 0.6388
Received=	0.0035063
Feedback: 0.60035
Received=	0.037158
Feedback: 0.58206
Received=	0.19127
Feedback: 0.49829
Received=	0.031616
Feedback: 0.58507
Received=	-0.20962
Feedback: 0.7162
Received=	-0.0034652
Feedback: 0.60414
Received=	0.12381
Feedback: 0.53496
Received=	-0.27643
Feedback: 0.75252
Received=	-0.2825
Feedback: 0.75581
Received=	0.1113
Feedback: 0.54176
Calculated range:	[(-2.384287) - (1.615713)]
Success index = (-1.384287)
Received=	-0.067347
=====  13:40:23 - BASE  ============
Feedback: 0.66
Received=	0.13187
Feedback: 0.66
Received=	0.84141
Feedback: 0.66
Received=	0.81987
Feedback: 0.66
Received=	-0.13736
Feedback: 0.66
Received=	-0.6374
Feedback: 0.66
Received=	-0.44572
Feedback: 0.66
Received=	-0.19626
Feedback: 0.66
Received=	-0.14528
Feedback: 0.66
Received=	-0.086985
Feedback: 0.66
Received=	0.057499
Feedback: 0.66
Received=	0.38652
Feedback: 0.66
Received=	0.38008
Feedback: 0.66
Received=	0.17766
Feedback: 0.66
Received=	-0.31177
Feedback: 0.66
Received=	-0.003223
Feedback: 0.66
Received=	0.20285
Feedback: 0.66
Received=	-0.073441
Feedback: 0.66
Received=	-0.097918
Feedback: 0.66
Received=	0.44676
Feedback: 0.66
Received=	0.48188
=====  13:41:23 - NF  ============
Feedback: 0.21319
Received=	0.17119
Feedback: 0.36982
Received=	-0.038285
Feedback: 0.47541
Received=	-0.23154
Feedback: 0.57284
Received=	-0.19345
Feedback: 0.55363
Received=	0.33903
Feedback: 0.28521
Received=	-0.1077
Feedback: 0.5104
Received=	-0.2251
Feedback: 0.56959
Received=	-0.28121
Feedback: 0.59787
Received=	-0.025901
Feedback: 0.46917
Received=	0.11582
Feedback: 0.39773
Received=	-0.29715
Feedback: 0.60591
Received=	-0.44812
Feedback: 0.68201
Received=	-0.246
Feedback: 0.58012
Received=	-0.0997
Feedback: 0.50637
Received=	0.11324
Feedback: 0.39903
Received=	0.0053059
Feedback: 0.45344
Received=	0.017196
Feedback: 0.44744
Received=	0.39486
Feedback: 0.25706
Received=	0.33062
Feedback: 0.28945
Received=	0.19825
Feedback: 0.35617
Received=	0.10432
Feedback: 0.40352
Received=	0.45941
Feedback: 0.22452
Received=	0.18503
Feedback: 0.36284
Received=	0.12552
Feedback: 0.39284
Received=	-0.061328
Feedback: 0.48703
Received=	0.10364
Feedback: 0.40387
Received=	0.16426
Feedback: 0.37331
Received=	0.27294
Feedback: 0.31852
Received=	0.22505
Feedback: 0.34266
Received=	0.21466
Feedback: 0.3479
Received=	0.33458
Feedback: 0.28745
Received=	0.28746
Feedback: 0.3112
Received=	0.26224
Feedback: 0.32391
Received=	0.22714
Feedback: 0.34161
Received=	-0.11561
Feedback: 0.51439
Received=	-0.30969
Feedback: 0.61223
Received=	-0.045752
Feedback: 0.47918
Received=	0.25239
Feedback: 0.32888
Received=	0.36869
Feedback: 0.27025
Received=	0.1447
Feedback: 0.38317
Received=	0.11155
Feedback: 0.39988
Received=	-0.02358
Feedback: 0.468
Received=	0.057797
Feedback: 0.42698
Received=	0.60789
Feedback: 0.14967
Received=	0.77334
Feedback: 0.1
Received=	0.33047
Feedback: 0.28952
Received=	0.33644
Feedback: 0.28651
Received=	0.31485
Feedback: 0.29739
Received=	0.26376
Feedback: 0.32315
Received=	0.24202
Feedback: 0.33411
Received=	-0.022409
Feedback: 0.46741
Received=	0.011627
Feedback: 0.45025
Received=	0.21593
Feedback: 0.34726
Received=	0.31335
Feedback: 0.29815
Received=	0.18198
Feedback: 0.36438
Received=	-0.0039651
Feedback: 0.45811
Received=	0.64209
Feedback: 0.13243
Received=	0.66694
Feedback: 0.1199
Received=	0.26737
Feedback: 0.32133
Calculated range:	[(-2.000000) - (2.000000)]
Success index = (0.264078)
Received=	0.033656
=====  13:44:23 - BASE  ============
Feedback: 0.66
Received=	0.11909
Feedback: 0.66
Received=	0.73845
Feedback: 0.66
Received=	0.99238
Feedback: 0.66
Received=	0.95971
Feedback: 0.66
Received=	1.2333
Feedback: 0.66
Received=	0.89053
Feedback: 0.66
Received=	1.0641
Feedback: 0.66
Received=	0.73534
Feedback: 0.66
Received=	0.2863
Feedback: 0.66
Received=	0.20826
Feedback: 0.66
Received=	0.33379
Feedback: 0.66
Received=	0.22453
Feedback: 0.66
Received=	0.42358
Feedback: 0.66
Received=	0.57104
Feedback: 0.66
Received=	0.6368
Feedback: 0.66
Received=	0.037273
Feedback: 0.66
Received=	-0.2179
Feedback: 0.66
Received=	-0.039856
Feedback: 0.66
Received=	-0.08258
Feedback: 0.66
Received=	-0.066059
=====  13:45:23 - NF  ============
Feedback: 0.76087
Received=	0.53969
Feedback: 0.48157
Received=	0.40762
Feedback: 0.54247
Received=	-0.036543
Feedback: 0.74726
Received=	-0.053149
Feedback: 0.75492
Received=	0.16438
Feedback: 0.65462
Received=	0.19445
Feedback: 0.64075
Received=	0.27525
Feedback: 0.6035
Received=	0.16974
Feedback: 0.65214
Received=	-0.028512
Feedback: 0.74356
Received=	-0.039661
Feedback: 0.7487
Received=	0.085948
Feedback: 0.69078
Received=	0.15479
Feedback: 0.65904
Received=	0.04488
Feedback: 0.70972
Received=	0.084119
Feedback: 0.69162
Received=	0.64725
Feedback: 0.43198
Received=	1.1325
Feedback: 0.20826
Received=	0.2211
Feedback: 0.62847
Received=	-0.22696
Feedback: 0.83505
Received=	0.13397
Feedback: 0.66864
Received=	0.19188
Feedback: 0.64194
Received=	0.15979
Feedback: 0.65674
Received=	0.10924
Feedback: 0.68004
Received=	0.1773
Feedback: 0.64866
Received=	0.26987
Feedback: 0.60598
Received=	0.23002
Feedback: 0.62435
Received=	0.19109
Feedback: 0.6423
Received=	-0.043991
Feedback: 0.75069
Received=	-0.084886
Feedback: 0.76955
Received=	-0.11478
Feedback: 0.78333
Received=	-0.051797
Feedback: 0.75429
Received=	0.012349
Feedback: 0.72472
Received=	-0.21812
Feedback: 0.83098
Received=	-0.28992
Feedback: 0.86408
Received=	-0.036721
Feedback: 0.74734
Received=	0.22196
Feedback: 0.62807
Received=	0.035668
Feedback: 0.71396
Received=	-0.015815
Feedback: 0.7377
Received=	0.34362
Feedback: 0.57197
Received=	0.1932
Feedback: 0.64133
Received=	-0.21268
Feedback: 0.82847
Received=	-0.18749
Feedback: 0.81686
Received=	0.060917
Feedback: 0.70232
Received=	0.1188
Feedback: 0.67563
Received=	0.13003
Feedback: 0.67045
Received=	-0.014438
Feedback: 0.73707
Received=	-0.027605
Feedback: 0.74314
Received=	-0.14883
Feedback: 0.79903
Received=	0.024146
Feedback: 0.71928
Received=	-0.0057413
Feedback: 0.73306
Received=	0.35893
Feedback: 0.56492
Received=	0.17496
Feedback: 0.64974
Received=	-0.34839
Feedback: 0.89104
Received=	-0.24648
Feedback: 0.84405
Received=	0.58643
Feedback: 0.46002
Received=	0.28383
Feedback: 0.59954
Received=	0.31896
Feedback: 0.58334
Received=	0.1605
Feedback: 0.65641
Received=	-0.091756
Feedback: 0.77272
Received=	0.40386
Feedback: 0.5442
Calculated range:	[(-2.347842) - (1.652158)]
Success index = (-1.347842)
Received=	0.13526
=====  13:48:23 - BASE  ============
Feedback: 0.66
Received=	-0.36087
Feedback: 0.66
Received=	0.34574
Feedback: 0.66
Received=	1.0486
Feedback: 0.66
Received=	0.67341
Feedback: 0.66
Received=	0.45453
Feedback: 0.66
Received=	0.51868
Feedback: 0.66
Received=	0.5134
Feedback: 0.66
Received=	0.45756
Feedback: 0.66
Received=	0.093764
Feedback: 0.66
Received=	0.11473
Feedback: 0.66
Received=	0.02626
Feedback: 0.66
Received=	0.083619
Feedback: 0.66
Received=	0.3848
Feedback: 0.66
Received=	0.25815
Feedback: 0.66
Received=	0.44011
Feedback: 0.66
Received=	0.54883
Feedback: 0.66
Received=	0.13461
Feedback: 0.66
Received=	-0.29809
Feedback: 0.66
Received=	-0.23278
Feedback: 0.66
Received=	-0.31934
=====  13:49:23 - NF  ============
Feedback: 0.81672
Received=	-0.11946
Feedback: 0.69388
Received=	0.43474
Feedback: 0.35329
Received=	0.63966
Feedback: 0.22736
Received=	0.092537
Feedback: 0.56359
Received=	-0.074567
Feedback: 0.66629
Received=	0.067
Feedback: 0.57929
Received=	-0.17692
Feedback: 0.72919
Received=	-0.15077
Feedback: 0.71312
Received=	0.22335
Feedback: 0.4832
Received=	0.31145
Feedback: 0.42906
Received=	0.024478
Feedback: 0.60542
Received=	-0.041997
Feedback: 0.64627
Received=	0.15387
Feedback: 0.5259
Received=	0.1196
Feedback: 0.54696
Received=	0.062444
Feedback: 0.58209
Received=	0.32936
Feedback: 0.41805
Received=	0.33081
Feedback: 0.41717
Received=	0.3273
Feedback: 0.41932
Received=	0.43669
Feedback: 0.3521
Received=	0.57118
Feedback: 0.26944
Received=	0.028882
Feedback: 0.60271
Received=	-0.33526
Feedback: 0.8265
Received=	-0.32012
Feedback: 0.81719
Received=	0.012628
Feedback: 0.6127
Received=	0.13164
Feedback: 0.53956
Received=	-0.057
Feedback: 0.65549
Received=	0.17592
Feedback: 0.51235
Received=	0.60899
Feedback: 0.24621
Received=	0.77873
Feedback: 0.14189
Received=	0.31447
Feedback: 0.42721
Received=	-0.13336
Feedback: 0.70242
Received=	0.3475
Feedback: 0.4069
Received=	0.60313
Feedback: 0.24981
Received=	0.51291
Feedback: 0.30525
Received=	0.13442
Feedback: 0.53785
Received=	0.34395
Feedback: 0.40909
Received=	0.18198
Feedback: 0.50863
Received=	0.24847
Feedback: 0.46777
Received=	0.084683
Feedback: 0.56842
Received=	0.21309
Feedback: 0.48951
Received=	0.39001
Feedback: 0.38078
Received=	0.52744
Feedback: 0.29632
Received=	0.65711
Feedback: 0.21663
Received=	0.29213
Feedback: 0.44093
Received=	0.091989
Feedback: 0.56393
Received=	-0.0042568
Feedback: 0.62308
Received=	0.062701
Feedback: 0.58193
Received=	0.49999
Feedback: 0.31319
Received=	0.86734
Feedback: 0.1
Received=	0.23824
Feedback: 0.47405
Received=	-0.32058
Feedback: 0.81748
Received=	0.13304
Feedback: 0.5387
Received=	0.32641
Feedback: 0.41987
Received=	0.22505
Feedback: 0.48216
Received=	0.6051
Feedback: 0.2486
Received=	0.72211
Feedback: 0.17669
Received=	0.49712
Feedback: 0.31495
Received=	0.35517
Feedback: 0.40219
Received=	0.44242
Feedback: 0.34857
Calculated range:	[(-2.000000) - (2.000000)]
Success index = (-0.272644)
closing...
