Direction=-1.000000	; step=1.000000;
Received=	0
Feedback: 0.66
Received=	0
Feedback: 0.66
Received=	0
Feedback: 0.66
Received=	-0.17503
Feedback: 0.66
Received=	-0.1725
Feedback: 0.66
Received=	0.24754
Feedback: 0.66
Received=	0.58323
Feedback: 0.66
Received=	0.5124
Feedback: 0.66
Received=	0.4381
Feedback: 0.66
Received=	0.19986
Feedback: 0.66
Received=	0.29574
Feedback: 0.66
Received=	0.1337
Feedback: 0.66
Received=	-0.14789
Feedback: 0.66
Received=	-0.37373
Feedback: 0.66
Received=	-0.51008
Feedback: 0.66
Received=	0.20121
Feedback: 0.66
Received=	0.33963
Feedback: 0.66
Received=	0.14862
Feedback: 0.66
Received=	-0.12889
Feedback: 0.66
Received=	-0.27662
Feedback: 0.66
Received=	0.068858
=====  9:8:13 - NF  ============
Feedback: 0.5027
Received=	1.009
Feedback: 0.1
Received=	1.0768
Feedback: 0.1
Received=	0.64197
Feedback: 0.1357
Received=	0.19979
Feedback: 0.41886
Received=	0.45241
Feedback: 0.25708
Received=	0.73835
Feedback: 0.1
Received=	0.33255
Feedback: 0.33384
Received=	0.056599
Feedback: 0.51055
Received=	0.15756
Feedback: 0.44589
Received=	0.46433
Feedback: 0.24945
Received=	0.60417
Feedback: 0.1599
Received=	0.55678
Feedback: 0.19025
Received=	0.29595
Feedback: 0.35727
Received=	0.81226
Feedback: 0.1
Received=	1.1347
Feedback: 0.1
Received=	0.1782
Feedback: 0.43268
Received=	0.25403
Feedback: 0.38412
Received=	0.90871
Feedback: 0.1
Received=	0.55299
Feedback: 0.19267
Received=	0.5987
Feedback: 0.16341
Received=	0.38127
Feedback: 0.30264
Received=	0.79551
Feedback: 0.1
Received=	0.90032
Feedback: 0.1
Received=	0.628
Feedback: 0.14464
Received=	1.0514
Feedback: 0.1
Received=	0.40561
Feedback: 0.28705
Received=	0.053989
Feedback: 0.51222
Received=	0.47792
Feedback: 0.24075
Received=	1.1224
Feedback: 0.1
Received=	0.46283
Feedback: 0.25041
Received=	0.21623
Feedback: 0.40832
Received=	0.61827
Feedback: 0.15088
Received=	0.88433
Feedback: 0.1
Received=	-0.014498
Feedback: 0.55608
Received=	-0.23522
Feedback: 0.69742
Received=	-0.38961
Feedback: 0.79629
Received=	-0.25697
Feedback: 0.71135
Received=	-0.29381
Feedback: 0.73494
Received=	0.028714
Feedback: 0.52841
Received=	0.84365
Feedback: 0.1
Received=	0.054648
Feedback: 0.5118
Received=	0.39548
Feedback: 0.29354
Received=	0.36685
Feedback: 0.31187
Received=	0.10363
Feedback: 0.48043
Received=	0.78774
Feedback: 0.1
Received=	0.3647
Feedback: 0.31325
Received=	0.78789
Feedback: 0.1
Received=	0.31719
Feedback: 0.34367
Received=	0.31122
Feedback: 0.3475
Received=	0.61536
Feedback: 0.15274
Received=	1.4865
Feedback: 0.1
Received=	1.4895
Feedback: 0.1
Received=	0.52822
Feedback: 0.20854
Received=	1.074
Feedback: 0.1
Received=	1.2806
Feedback: 0.1
Received=	1.298
Feedback: 0.1
Received=	0.68992
Feedback: 0.10499
Received=	0.63494
Feedback: 0.1402
Received=	0.55413
Feedback: 0.19195
Calculated range:	[(-2.000000) - (2.000000)]
Success index = (1.138293)
Received=	0.57634
=====  9:11:13 - BASE  ============
Feedback: 0.66
Received=	0.42898
Feedback: 0.66
Received=	0.52847
Feedback: 0.66
Received=	0.10599
Feedback: 0.66
Received=	-0.033728
Feedback: 0.66
Received=	0.24605
Feedback: 0.66
Received=	0.28474
Feedback: 0.66
Received=	0.63901
Feedback: 0.66
Received=	0.64332
Feedback: 0.66
Received=	0.59553
Feedback: 0.66
Received=	0.15432
Feedback: 0.66
Received=	-0.13745
Feedback: 0.66
Received=	0.0098098
Feedback: 0.66
Received=	0.3604
Feedback: 0.66
Received=	0.1814
Feedback: 0.66
Received=	-0.046472
Feedback: 0.66
Received=	-0.048259
Feedback: 0.66
Received=	-0.11369
Feedback: 0.66
Received=	-0.065332
Feedback: 0.66
Received=	-0.20085
Feedback: 0.66
Received=	-0.041751
=====  9:12:13 - NF  ============
Feedback: 0.6524
Received=	0.58893
Feedback: 0.20358
Received=	1.1742
Feedback: 0.1
Received=	0.7272
Feedback: 0.10519
Received=	-0.058197
Feedback: 0.6641
Received=	0.089831
Feedback: 0.55876
Received=	0.28631
Feedback: 0.41894
Received=	1.0631
Feedback: 0.1
Received=	0.95822
Feedback: 0.1
Received=	0.53684
Feedback: 0.24065
Received=	0.37957
Feedback: 0.35257
Received=	0.76001
Feedback: 0.1
Received=	0.66969
Feedback: 0.14611
Received=	0.29784
Feedback: 0.41074
Received=	0.36318
Feedback: 0.36424
Received=	0.92891
Feedback: 0.1
Received=	0.39139
Feedback: 0.34416
Received=	0.91337
Feedback: 0.1
Received=	1.1877
Feedback: 0.1
Received=	0.75696
Feedback: 0.1
Received=	0.18355
Feedback: 0.49207
Received=	0.84863
Feedback: 0.1
Received=	1.3582
Feedback: 0.1
Received=	1.0031
Feedback: 0.1
Received=	0.75182
Feedback: 0.1
Received=	0.55876
Feedback: 0.22505
Received=	1.0632
Feedback: 0.1
Received=	1.1287
Feedback: 0.1
Received=	0.86722
Feedback: 0.1
Received=	0.78556
Feedback: 0.1
Received=	0.72677
Feedback: 0.10549
Received=	0.90208
Feedback: 0.1
Received=	1.0023
Feedback: 0.1
Received=	0.79179
Feedback: 0.1
Received=	0.46488
Feedback: 0.29186
Received=	1.0738
Feedback: 0.1
Received=	1.2714
Feedback: 0.1
Received=	0.83114
Feedback: 0.1
Received=	0.39843
Feedback: 0.33915
Received=	1.2156
Feedback: 0.1
Received=	1.1366
Feedback: 0.1
Received=	0.82016
Feedback: 0.1
Received=	0.5742
Feedback: 0.21407
Received=	0.83516
Feedback: 0.1
Received=	0.66313
Feedback: 0.15078
Received=	0.50581
Feedback: 0.26274
Received=	1.2442
Feedback: 0.1
Received=	1.1688
Feedback: 0.1
Received=	0.4271
Feedback: 0.31875
Received=	0.16206
Feedback: 0.50736
Received=	0.93955
Feedback: 0.1
Received=	0.77341
Feedback: 0.1
Received=	0.22988
Feedback: 0.45909
Received=	-0.19314
Feedback: 0.76013
Received=	-0.30825
Feedback: 0.84205
Received=	-0.34065
Feedback: 0.86511
Received=	-0.14028
Feedback: 0.72252
Received=	-0.11297
Feedback: 0.70309
Received=	0.13161
Feedback: 0.52903
Received=	-0.051151
Feedback: 0.65909
Calculated range:	[(-2.000000) - (2.000000)]
Success index = (1.127769)
Received=	0.089026
=====  9:15:13 - BASE  ============
Feedback: 0.66
Received=	0.71557
Feedback: 0.66
Received=	0.73274
Feedback: 0.66
Received=	0.013725
Feedback: 0.66
Received=	-0.064036
Feedback: 0.66
Received=	0.35262
Feedback: 0.66
Received=	0.0095344
Feedback: 0.66
Received=	0.02982
Feedback: 0.66
Received=	-0.028921
Feedback: 0.66
Received=	-0.075775
Feedback: 0.66
Received=	-0.019806
Feedback: 0.66
Received=	-0.19266
Feedback: 0.66
Received=	-0.0043416
Feedback: 0.66
Received=	0.3998
Feedback: 0.66
Received=	0.39114
Feedback: 0.66
Received=	0.0061164
Feedback: 0.66
Received=	-0.17236
Feedback: 0.66
Received=	-0.055738
Feedback: 0.66
Received=	-0.28655
Feedback: 0.66
Received=	-0.51635
Feedback: 0.66
Received=	-0.51897
=====  9:16:13 - NF  ============
Feedback: 0.88314
Received=	-0.28827
Feedback: 0.72179
Received=	-0.031853
Feedback: 0.54244
Received=	0.0316
Feedback: 0.49806
Received=	-0.085775
Feedback: 0.58016
Received=	-0.28035
Feedback: 0.71625
Received=	-0.17959
Feedback: 0.64577
Received=	0.38406
Feedback: 0.25155
Received=	0.734
Feedback: 0.1
Received=	0.66603
Feedback: 0.1
Received=	-0.041419
Feedback: 0.54913
Received=	0.13281
Feedback: 0.42728
Received=	0.32985
Feedback: 0.28946
Received=	0.59504
Feedback: 0.10398
Received=	0.68433
Feedback: 0.1
Received=	0.21584
Feedback: 0.3692
Received=	0.35904
Feedback: 0.26905
Received=	0.33443
Feedback: 0.28626
Received=	0.30629
Feedback: 0.30594
Received=	0.33151
Feedback: 0.2883
Received=	0.70314
Feedback: 0.1
Received=	0.48851
Feedback: 0.17849
Received=	0.249
Feedback: 0.34601
Received=	0.69704
Feedback: 0.1
Received=	1.0234
Feedback: 0.1
Received=	0.44762
Feedback: 0.20709
Received=	0.26946
Feedback: 0.3317
Received=	0.35465
Feedback: 0.27212
Received=	0.61995
Feedback: 0.1
Received=	0.78803
Feedback: 0.1
Received=	0.66762
Feedback: 0.1
Received=	1.0788
Feedback: 0.1
Received=	1.4562
Feedback: 0.1
Received=	0.81307
Feedback: 0.1
Received=	1.0946
Feedback: 0.1
Received=	1.1716
Feedback: 0.1
Received=	0.50598
Feedback: 0.16627
Received=	0.88861
Feedback: 0.1
Received=	0.44015
Feedback: 0.21231
Received=	1.0244
Feedback: 0.1
Received=	0.97594
Feedback: 0.1
Received=	0.68877
Feedback: 0.1
Received=	0.51193
Feedback: 0.16211
Received=	1.2789
Feedback: 0.1
Received=	1.0336
Feedback: 0.1
Received=	0.99597
Feedback: 0.1
Received=	0.61644
Feedback: 0.1
Received=	1.2696
Feedback: 0.1
Received=	1.4885
Feedback: 0.1
Received=	1.5245
Feedback: 0.1
Received=	1.817
Feedback: 0.1
Received=	1.0315
Feedback: 0.1
Received=	1.2282
Feedback: 0.1
Received=	1.5398
Feedback: 0.1
Received=	1.3723
Feedback: 0.1
Received=	0.83503
Feedback: 0.1
Received=	0.70512
Feedback: 0.1
Received=	0.99259
Feedback: 0.1
Received=	1.4428
Feedback: 0.1
Received=	1.29
Feedback: 0.1
Calculated range:	[(-2.000000) - (2.000000)]
Success index = (1.412208)
Received=	0.49314
=====  9:19:13 - BASE  ============
Feedback: 0.66
Received=	0.33672
Feedback: 0.66
Received=	-0.11045
Feedback: 0.66
Received=	0.32516
Feedback: 0.66
Received=	0.1362
Feedback: 0.66
Received=	0.51283
Feedback: 0.66
Received=	0.022725
Feedback: 0.66
Received=	0.4354
Feedback: 0.66
Received=	0.29606
Feedback: 0.66
Received=	-0.081922
Feedback: 0.66
Received=	-0.37276
Feedback: 0.66
Received=	-0.093434
Feedback: 0.66
Received=	0.13111
Feedback: 0.66
Received=	0.44914
Feedback: 0.66
Received=	0.69017
Feedback: 0.66
Received=	0.59024
Feedback: 0.66
Received=	0.28654
Feedback: 0.66
Received=	0.22517
Feedback: 0.66
Received=	0.32724
Feedback: 0.66
Received=	0.39523
Feedback: 0.66
Received=	0.25797
=====  9:20:13 - NF  ============
Feedback: 0.48082
Received=	0.2122
Feedback: 0.51382
Received=	0.56947
Feedback: 0.2562
Received=	1.4288
Feedback: 0.1
Received=	0.689
Feedback: 0.17001
Received=	0.8729
Feedback: 0.1
Received=	0.83837
Feedback: 0.1
Received=	0.38973
Feedback: 0.38581
Received=	0.58593
Feedback: 0.24433
Received=	1.2507
Feedback: 0.1
Received=	1.1204
Feedback: 0.1
Received=	1.003
Feedback: 0.1
Received=	1.0744
Feedback: 0.1
Received=	0.68278
Feedback: 0.17449
Received=	0.69752
Feedback: 0.16386
Received=	0.76333
Feedback: 0.11641
Received=	0.28781
Feedback: 0.4593
Received=	0.87652
Feedback: 0.1
Received=	1.1534
Feedback: 0.1
Received=	0.18775
Feedback: 0.53145
Received=	0.89427
Feedback: 0.1
Received=	0.76767
Feedback: 0.11328
Received=	0.50752
Feedback: 0.30087
Received=	1.0208
Feedback: 0.1
Received=	1.172
Feedback: 0.1
Received=	0.69969
Feedback: 0.1623
Received=	0.8908
Feedback: 0.1
Received=	1.2348
Feedback: 0.1
Received=	1.2176
Feedback: 0.1
Received=	1.0312
Feedback: 0.1
Received=	0.70134
Feedback: 0.16111
Received=	1.2056
Feedback: 0.1
Received=	2.0824
Feedback: 0.1
Received=	1.0167
Feedback: 0.1
Received=	0.61996
Feedback: 0.21979
Received=	0.96768
Feedback: 0.1
Received=	0.77938
Feedback: 0.10483
Received=	0.66951
Feedback: 0.18406
Received=	1.0581
Feedback: 0.1
Received=	1.2975
Feedback: 0.1
Received=	0.6095
Feedback: 0.22733
Received=	1.0833
Feedback: 0.1
Received=	0.99289
Feedback: 0.1
Received=	0.31666
Feedback: 0.4385
Received=	1.0135
Feedback: 0.1
Received=	0.97319
Feedback: 0.1
Received=	0.70001
Feedback: 0.16207
Received=	0.8472
Feedback: 0.1
Received=	0.98802
Feedback: 0.1
Received=	1.211
Feedback: 0.1
Received=	1.4456
Feedback: 0.1
Received=	1.2987
Feedback: 0.1
Received=	0.96194
Feedback: 0.1
Received=	1.111
Feedback: 0.1
Received=	0.9669
Feedback: 0.1
Received=	1.0886
Feedback: 0.1
Received=	0.86345
Feedback: 0.1
Received=	0.40246
Feedback: 0.37663
Received=	0.98558
Feedback: 0.1
Received=	1.5491
Feedback: 0.1
Calculated range:	[(-2.000000) - (2.000000)]
Success index = (2.017517)
Received=	0.51774
=====  9:23:13 - BASE  ============
Feedback: 0.66
Received=	0.0053338
Feedback: 0.66
Received=	0.23799
Feedback: 0.66
Received=	0.30894
Feedback: 0.66
Received=	0.11715
Feedback: 0.66
Received=	0.21426
Feedback: 0.66
Received=	0.037341
Feedback: 0.66
Received=	0.067421
Feedback: 0.66
Received=	0.28642
Feedback: 0.66
Received=	0.42318
Feedback: 0.66
Received=	0.0067952
Feedback: 0.66
Received=	-0.44028
Feedback: 0.66
Received=	-0.4508
Feedback: 0.66
Received=	-0.042699
Feedback: 0.66
Received=	-0.13722
Feedback: 0.66
Received=	-0.26572
Feedback: 0.66
Received=	-0.11458
Feedback: 0.66
Received=	0.098124
Feedback: 0.66
Received=	0.19153
Feedback: 0.66
Received=	0.49034
Feedback: 0.66
Received=	0.32442
=====  9:24:13 - NF  ============
Feedback: 0.29948
Received=	-0.098548
Feedback: 0.61678
Received=	0.21836
Feedback: 0.37904
Received=	1.1138
Feedback: 0.1
Received=	0.9821
Feedback: 0.1
Received=	0.583
Feedback: 0.10549
Received=	0.39493
Feedback: 0.24658
Received=	0.79356
Feedback: 0.1
Received=	0.96713
Feedback: 0.1
Received=	0.47148
Feedback: 0.18916
Received=	0.84387
Feedback: 0.1
Received=	0.62912
Feedback: 0.1
Received=	0.15189
Feedback: 0.42891
Received=	0.45541
Feedback: 0.20121
Received=	1.1501
Feedback: 0.1
Received=	0.61666
Feedback: 0.1
Received=	0.86816
Feedback: 0.1
Received=	1.4443
Feedback: 0.1
Received=	1.5403
Feedback: 0.1
Received=	0.67676
Feedback: 0.1
Received=	0.78861
Feedback: 0.1
Received=	0.87763
Feedback: 0.1
Received=	1.0561
Feedback: 0.1
Received=	1.2525
Feedback: 0.1
Received=	1.0548
Feedback: 0.1
Received=	0.94783
Feedback: 0.1
Received=	1.1136
Feedback: 0.1
Received=	1.4048
Feedback: 0.1
Received=	1.3629
Feedback: 0.1
Received=	0.86183
Feedback: 0.1
Received=	1.2482
Feedback: 0.1
Received=	1.0786
Feedback: 0.1
Received=	0.438
Feedback: 0.21427
Received=	1.3495
Feedback: 0.1
Received=	1.3449
Feedback: 0.1
Received=	0.53534
Feedback: 0.14125
Received=	0.85633
Feedback: 0.1
Received=	0.79796
Feedback: 0.1
Received=	0.93229
Feedback: 0.1
Received=	0.64435
Feedback: 0.1
Received=	0.82325
Feedback: 0.1
Received=	0.64591
Feedback: 0.1
Received=	0.66781
Feedback: 0.1
Received=	1.0275
Feedback: 0.1
Received=	1.2316
Feedback: 0.1
Received=	1.2748
Feedback: 0.1
Received=	1.3265
Feedback: 0.1
Received=	0.88162
Feedback: 0.1
Received=	1.0165
Feedback: 0.1
Received=	0.79572
Feedback: 0.1
Received=	1.0046
Feedback: 0.1
Received=	1.1504
Feedback: 0.1
Received=	1.5371
Feedback: 0.1
Received=	1.0392
Feedback: 0.1
Received=	0.68812
Feedback: 0.1
Received=	1.311
Feedback: 0.1
Received=	1.0707
Feedback: 0.1
Received=	1.015
Feedback: 0.1
Received=	1.313
Feedback: 0.1
Received=	1.3097
Feedback: 0.1
Calculated range:	[(-2.000000) - (2.000000)]
Success index = (2.572179)
closing...
