Direction=-1.000000	; step=1.000000;
Received=	0
Feedback: 0.66
Received=	0
Feedback: 0.66
Received=	0
Feedback: 0.66
Received=	-0.026722
Feedback: 0.66
Received=	-0.053809
Feedback: 0.66
Received=	0.15333
Feedback: 0.66
Received=	-0.029128
Feedback: 0.66
Received=	-0.20266
Feedback: 0.66
Received=	-0.31273
Feedback: 0.66
Received=	-0.13298
Feedback: 0.66
Received=	0.11044
Feedback: 0.66
Received=	0.36037
Feedback: 0.66
Received=	0.59705
Feedback: 0.66
Received=	0.61485
Feedback: 0.66
Received=	0.34356
Feedback: 0.66
Received=	0.13755
Feedback: 0.66
Received=	0.086862
Feedback: 0.66
Received=	0.23256
Feedback: 0.66
Received=	0.24347
Feedback: 0.66
Received=	0.10794
Feedback: 0.66
Received=	0.25451
=====  13:5:5 - NF  ============
Feedback: 0.3951
Received=	0.062898
Feedback: 0.54898
Received=	0.072867
Feedback: 0.54097
Received=	0.048295
Feedback: 0.56071
Received=	-0.093578
Feedback: 0.67464
Received=	0.014691
Feedback: 0.58769
Received=	0.23827
Feedback: 0.40814
Received=	-6.9003e-05
Feedback: 0.59955
Received=	0.040429
Feedback: 0.56702
Received=	0.41472
Feedback: 0.26644
Received=	0.56646
Feedback: 0.14458
Received=	0.49476
Feedback: 0.20216
Received=	-0.13909
Feedback: 0.7112
Received=	-0.2694
Feedback: 0.81584
Received=	-0.30044
Feedback: 0.84077
Received=	-0.32153
Feedback: 0.8577
Received=	-0.077221
Feedback: 0.66151
Received=	0.26147
Feedback: 0.38951
Received=	0.15514
Feedback: 0.4749
Received=	0.14731
Feedback: 0.48119
Received=	0.48877
Feedback: 0.20697
Received=	0.51301
Feedback: 0.1875
Received=	0.22022
Feedback: 0.42264
Received=	0.067327
Feedback: 0.54542
Received=	0.025923
Feedback: 0.57867
Received=	0.21076
Feedback: 0.43023
Received=	0.38344
Feedback: 0.29155
Received=	0.35418
Feedback: 0.31506
Received=	0.20247
Feedback: 0.43689
Received=	0.2129
Feedback: 0.42852
Received=	-0.099292
Feedback: 0.67923
Received=	0.14706
Feedback: 0.48139
Received=	0.55932
Feedback: 0.15031
Received=	0.51155
Feedback: 0.18868
Received=	-0.044273
Feedback: 0.63505
Received=	-0.09358
Feedback: 0.67464
Received=	0.10509
Feedback: 0.5151
Received=	0.28776
Feedback: 0.3684
Received=	0.062152
Feedback: 0.54958
Received=	0.020062
Feedback: 0.58338
Received=	-0.22275
Feedback: 0.77838
Received=	-0.12665
Feedback: 0.7012
Received=	-0.045397
Feedback: 0.63595
Received=	0.21792
Feedback: 0.42449
Received=	0.36267
Feedback: 0.30824
Received=	0.21308
Feedback: 0.42837
Received=	-0.010283
Feedback: 0.60775
Received=	-0.048076
Feedback: 0.6381
Received=	0.21371
Feedback: 0.42787
Received=	0.59745
Feedback: 0.11969
Received=	0.50698
Feedback: 0.19234
Received=	0.14925
Feedback: 0.47963
Received=	0.065782
Feedback: 0.54666
Received=	-0.029513
Feedback: 0.62319
Received=	-0.32636
Feedback: 0.86159
Received=	-0.23588
Feedback: 0.78893
Received=	-0.052108
Feedback: 0.64134
Received=	-0.0091566
Feedback: 0.60685
Received=	-0.094534
Feedback: 0.67541
Received=	0.16761
Feedback: 0.46489
Calculated range:	[(-2.000000) - (2.000000)]
Success index = (-0.030129)
Received=	0.4654
=====  13:8:5 - BASE  ============
Feedback: 0.66
Received=	0.63858
Feedback: 0.66
Received=	0.32923
Feedback: 0.66
Received=	-0.16856
Feedback: 0.66
Received=	0.070038
Feedback: 0.66
Received=	0.099435
Feedback: 0.66
Received=	-0.064482
Feedback: 0.66
Received=	0.054483
Feedback: 0.66
Received=	0.10109
Feedback: 0.66
Received=	0.085374
Feedback: 0.66
Received=	-0.10944
Feedback: 0.66
Received=	-0.4002
Feedback: 0.66
Received=	-0.3258
Feedback: 0.66
Received=	-0.1592
Feedback: 0.66
Received=	0.076652
Feedback: 0.66
Received=	0.29134
Feedback: 0.66
Received=	0.3473
Feedback: 0.66
Received=	-0.065615
Feedback: 0.66
Received=	-0.1681
Feedback: 0.66
Received=	0.1546
Feedback: 0.66
Received=	0.34998
=====  13:9:5 - NF  ============
Feedback: 0.17382
Received=	0.16775
Feedback: 0.34775
Received=	-0.087953
Feedback: 0.5918
Received=	-0.19507
Feedback: 0.69404
Received=	-0.025985
Feedback: 0.53266
Received=	-0.015947
Feedback: 0.52307
Received=	0.11316
Feedback: 0.39985
Received=	-0.13445
Feedback: 0.63618
Received=	-0.26155
Feedback: 0.75749
Received=	-0.084949
Feedback: 0.58893
Received=	0.0059846
Feedback: 0.50214
Received=	0.16749
Feedback: 0.348
Received=	0.086022
Feedback: 0.42575
Received=	-0.15345
Feedback: 0.65431
Received=	-0.057864
Feedback: 0.56308
Received=	0.24111
Feedback: 0.27773
Received=	0.12133
Feedback: 0.39206
Received=	0.1344
Feedback: 0.37958
Received=	0.16329
Feedback: 0.352
Received=	0.0018843
Feedback: 0.50606
Received=	-0.014057
Feedback: 0.52127
Received=	-0.084534
Feedback: 0.58854
Received=	-0.30923
Feedback: 0.80299
Received=	-0.10395
Feedback: 0.60707
Received=	0.20143
Feedback: 0.3156
Received=	0.32251
Feedback: 0.20004
Received=	0.26491
Feedback: 0.25501
Received=	-0.033746
Feedback: 0.54006
Received=	-0.041514
Feedback: 0.54748
Received=	0.025717
Feedback: 0.48331
Received=	0.2235
Feedback: 0.29454
Received=	0.13819
Feedback: 0.37596
Received=	0.31277
Feedback: 0.20933
Received=	0.38053
Feedback: 0.14466
Received=	0.24839
Feedback: 0.27078
Received=	-0.01209
Feedback: 0.51939
Received=	-0.055567
Feedback: 0.56089
Received=	-0.0076428
Feedback: 0.51515
Received=	-0.11531
Feedback: 0.61791
Received=	-0.29013
Feedback: 0.78476
Received=	-0.20425
Feedback: 0.7028
Received=	-0.073979
Feedback: 0.57846
Received=	-0.35911
Feedback: 0.8506
Received=	-0.43669
Feedback: 0.9
Received=	-0.38954
Feedback: 0.87964
Received=	-0.18351
Feedback: 0.683
Received=	-0.25835
Feedback: 0.75443
Received=	-0.072073
Feedback: 0.57664
Received=	0.070122
Feedback: 0.44093
Received=	0.20207
Feedback: 0.31499
Received=	0.2983
Feedback: 0.22314
Received=	0.019604
Feedback: 0.48914
Received=	-0.27815
Feedback: 0.77333
Received=	-0.4716
Feedback: 0.9
Received=	-0.44406
Feedback: 0.9
Received=	-0.36766
Feedback: 0.85876
Received=	-0.12596
Feedback: 0.62807
Received=	0.3777
Feedback: 0.14736
Received=	0.45615
Feedback: 0.1
Received=	0.16788
Feedback: 0.34762
Calculated range:	[(-2.000000) - (2.000000)]
Success index = (-0.073063)
Received=	0.040898
=====  13:12:5 - BASE  ============
Feedback: 0.66
Received=	0.11099
Feedback: 0.66
Received=	0.28973
Feedback: 0.66
Received=	-0.045229
Feedback: 0.66
Received=	-0.23294
Feedback: 0.66
Received=	-0.38271
Feedback: 0.66
Received=	-0.33136
Feedback: 0.66
Received=	-0.33549
Feedback: 0.66
Received=	-0.3804
Feedback: 0.66
Received=	-0.20314
Feedback: 0.66
Received=	-0.016327
Feedback: 0.66
Received=	0.017681
Feedback: 0.66
Received=	0.04142
Feedback: 0.66
Received=	0.47182
Feedback: 0.66
Received=	0.45544
Feedback: 0.66
Received=	-0.032055
Feedback: 0.66
Received=	-0.34048
Feedback: 0.66
Received=	-0.21513
Feedback: 0.66
Received=	-0.17643
Feedback: 0.66
Received=	0.38525
Feedback: 0.66
Received=	0.46035
=====  13:13:5 - NF  ============
Feedback: 0.14071
Received=	0.2726
Feedback: 0.27103
Received=	0.10264
Feedback: 0.38902
Received=	0.014973
Feedback: 0.44987
Received=	0.21651
Feedback: 0.30997
Received=	0.52892
Feedback: 0.1
Received=	0.536
Feedback: 0.1
Received=	0.29323
Feedback: 0.25672
Received=	0.33964
Feedback: 0.2245
Received=	0.28888
Feedback: 0.25973
Received=	-0.089056
Feedback: 0.52208
Received=	-0.29548
Feedback: 0.66538
Received=	-0.046636
Feedback: 0.49264
Received=	0.13264
Feedback: 0.36819
Received=	0.033295
Feedback: 0.43715
Received=	0.14489
Feedback: 0.35968
Received=	0.37415
Feedback: 0.20054
Received=	0.21296
Feedback: 0.31243
Received=	-0.04636
Feedback: 0.49245
Received=	-0.0616
Feedback: 0.50303
Received=	-0.05814
Feedback: 0.50062
Received=	0.21897
Feedback: 0.30826
Received=	0.43507
Feedback: 0.15825
Received=	0.25913
Feedback: 0.28038
Received=	0.26608
Feedback: 0.27556
Received=	0.59227
Feedback: 0.1
Received=	0.59401
Feedback: 0.1
Received=	0.35963
Feedback: 0.21062
Received=	0.63661
Feedback: 0.1
Received=	0.4232
Feedback: 0.16649
Received=	0.032135
Feedback: 0.43796
Received=	-0.060529
Feedback: 0.50228
Received=	-0.14911
Feedback: 0.56377
Received=	-0.15761
Feedback: 0.56967
Received=	-0.20926
Feedback: 0.60552
Received=	-0.058226
Feedback: 0.50068
Received=	-0.022282
Feedback: 0.47573
Received=	0.18355
Feedback: 0.33285
Received=	-0.11954
Feedback: 0.54325
Received=	-0.33651
Feedback: 0.69386
Received=	-0.19607
Feedback: 0.59637
Received=	0.038039
Feedback: 0.43386
Received=	-0.11398
Feedback: 0.53939
Received=	-0.46419
Feedback: 0.78249
Received=	-0.4758
Feedback: 0.79055
Received=	-0.57665
Feedback: 0.86055
Received=	-0.48792
Feedback: 0.79896
Received=	0.13867
Feedback: 0.364
Received=	0.075317
Feedback: 0.40798
Received=	-0.19093
Feedback: 0.5928
Received=	-0.27443
Feedback: 0.65077
Received=	0.021361
Feedback: 0.44544
Received=	-0.10725
Feedback: 0.53471
Received=	-0.18091
Feedback: 0.58585
Received=	0.015849
Feedback: 0.44926
Received=	0.29919
Feedback: 0.25258
Received=	0.39984
Feedback: 0.18271
Received=	0.087525
Feedback: 0.39951
Received=	-0.083443
Feedback: 0.51819
Received=	0.14006
Feedback: 0.36304
Calculated range:	[(-2.000000) - (2.000000)]
Success index = (0.451182)
Received=	-0.15123
=====  13:16:5 - BASE  ============
Feedback: 0.66
Received=	-0.094754
Feedback: 0.66
Received=	0.082023
Feedback: 0.66
Received=	-0.083891
Feedback: 0.66
Received=	-0.039637
Feedback: 0.66
Received=	-0.019389
Feedback: 0.66
Received=	0.26993
Feedback: 0.66
Received=	0.19645
Feedback: 0.66
Received=	0.097756
Feedback: 0.66
Received=	-0.020342
Feedback: 0.66
Received=	-0.0084951
Feedback: 0.66
Received=	0.13892
Feedback: 0.66
Received=	-0.020652
Feedback: 0.66
Received=	-0.27813
Feedback: 0.66
Received=	-0.19136
Feedback: 0.66
Received=	-0.086375
Feedback: 0.66
Received=	-0.06658
Feedback: 0.66
Received=	0.010164
Feedback: 0.66
Received=	0.096331
Feedback: 0.66
Received=	0.037312
Feedback: 0.66
Received=	0.11598
=====  13:17:5 - NF  ============
Feedback: 0.33293
Received=	0.25958
Feedback: 0.11411
Received=	-0.008316
Feedback: 0.52233
Received=	-0.15075
Feedback: 0.73936
Received=	-0.11645
Feedback: 0.6871
Received=	-0.025817
Feedback: 0.54899
Received=	0.14538
Feedback: 0.28813
Received=	0.11502
Feedback: 0.33439
Received=	0.049619
Feedback: 0.43405
Received=	0.15384
Feedback: 0.27524
Received=	0.27282
Feedback: 0.1
Received=	-0.067119
Feedback: 0.61193
Received=	-0.15506
Feedback: 0.74593
Received=	0.1267
Feedback: 0.31659
Received=	0.21105
Feedback: 0.18805
Received=	-0.022914
Feedback: 0.54457
Received=	-0.095519
Feedback: 0.6552
Received=	0.085217
Feedback: 0.3798
Received=	0.33248
Feedback: 0.1
Received=	0.46543
Feedback: 0.1
Received=	0.21062
Feedback: 0.18872
Received=	0.37656
Feedback: 0.1
Received=	0.67874
Feedback: 0.1
Received=	0.61958
Feedback: 0.1
Received=	0.71221
Feedback: 0.1
Received=	0.38569
Feedback: 0.1
Received=	0.44359
Feedback: 0.1
Received=	0.34836
Feedback: 0.1
Received=	0.4527
Feedback: 0.1
Received=	0.037281
Feedback: 0.45285
Received=	0.12995
Feedback: 0.31164
Received=	0.59686
Feedback: 0.1
Received=	0.57445
Feedback: 0.1
Received=	0.19142
Feedback: 0.21797
Received=	-0.28976
Feedback: 0.9
Received=	-0.16265
Feedback: 0.7575
Received=	-0.23082
Feedback: 0.86138
Received=	0.076476
Feedback: 0.39312
Received=	0.33152
Feedback: 0.1
Received=	-0.11198
Feedback: 0.68028
Received=	-0.29406
Feedback: 0.9
Received=	-0.27127
Feedback: 0.9
Received=	-0.0427
Feedback: 0.57472
Received=	0.073702
Feedback: 0.39735
Received=	0.33041
Feedback: 0.1
Received=	0.50763
Feedback: 0.1
Received=	0.33162
Feedback: 0.1
Received=	0.15347
Feedback: 0.2758
Received=	0.29009
Feedback: 0.1
Received=	0.072167
Feedback: 0.39969
Received=	-0.10461
Feedback: 0.66906
Received=	-0.28845
Feedback: 0.9
Received=	-0.50865
Feedback: 0.9
Received=	-0.42081
Feedback: 0.9
Received=	-0.063979
Feedback: 0.60714
Received=	-0.28706
Feedback: 0.9
Received=	-0.21079
Feedback: 0.83085
Received=	-0.13527
Feedback: 0.71578
Received=	-0.20429
Feedback: 0.82095
Received=	-0.14975
Feedback: 0.73785
Calculated range:	[(-2.000000) - (2.000000)]
Success index = (0.362373)
Received=	0.047052
=====  13:20:5 - BASE  ============
Feedback: 0.66
Received=	0.09134
Feedback: 0.66
Received=	-0.11929
Feedback: 0.66
Received=	-0.090836
Feedback: 0.66
Received=	-0.29765
Feedback: 0.66
Received=	-0.087801
Feedback: 0.66
Received=	0.44823
Feedback: 0.66
Received=	0.41791
Feedback: 0.66
Received=	0.15588
Feedback: 0.66
Received=	-0.11687
Feedback: 0.66
Received=	-0.17463
Feedback: 0.66
Received=	0.18513
Feedback: 0.66
Received=	0.2279
Feedback: 0.66
Received=	0.18724
Feedback: 0.66
Received=	0.34827
Feedback: 0.66
Received=	0.33664
Feedback: 0.66
Received=	-0.016239
Feedback: 0.66
Received=	-0.021042
Feedback: 0.66
Received=	0.27038
Feedback: 0.66
Received=	0.371
Feedback: 0.66
Received=	0.28529
=====  13:21:5 - NF  ============
Feedback: 0.34998
Received=	0.044656
Feedback: 0.55885
Received=	-0.15962
Feedback: 0.73617
Received=	-0.02222
Feedback: 0.6169
Received=	-0.31389
Feedback: 0.87008
Received=	-0.23919
Feedback: 0.80524
Received=	-0.2237
Feedback: 0.79179
Received=	-0.56253
Feedback: 0.9
Received=	-0.38741
Feedback: 0.9
Received=	0.011503
Feedback: 0.58763
Received=	0.31118
Feedback: 0.3275
Received=	0.10487
Feedback: 0.50659
Received=	0.27272
Feedback: 0.36089
Received=	0.05055
Feedback: 0.55374
Received=	-0.022228
Feedback: 0.61691
Received=	0.2069
Feedback: 0.41802
Received=	0.16203
Feedback: 0.45697
Received=	0.54183
Feedback: 0.12729
Received=	0.15947
Feedback: 0.45919
Received=	0.21111
Feedback: 0.41437
Received=	0.12645
Feedback: 0.48785
Received=	-0.201
Feedback: 0.77208
Received=	-0.34396
Feedback: 0.89618
Received=	-0.091856
Feedback: 0.67735
Received=	0.19978
Feedback: 0.4242
Received=	0.30413
Feedback: 0.33362
Received=	0.22888
Feedback: 0.39894
Received=	-0.041494
Feedback: 0.63363
Received=	0.2578
Feedback: 0.37384
Received=	0.004529
Feedback: 0.59368
Received=	0.13813
Feedback: 0.47771
Received=	0.35517
Feedback: 0.28932
Received=	0.33864
Feedback: 0.30366
Received=	0.26131
Feedback: 0.37079
Received=	-0.061619
Feedback: 0.6511
Received=	-0.004659
Feedback: 0.60166
Received=	0.15684
Feedback: 0.46148
Received=	0.29103
Feedback: 0.345
Received=	0.28846
Feedback: 0.34723
Received=	0.15859
Feedback: 0.45995
Received=	0.094841
Feedback: 0.51529
Received=	0.26635
Feedback: 0.36641
Received=	0.14043
Feedback: 0.47572
Received=	-0.12042
Feedback: 0.70215
Received=	-0.32907
Feedback: 0.88326
Received=	-0.40263
Feedback: 0.9
Received=	-0.39419
Feedback: 0.9
Received=	-0.24043
Feedback: 0.80631
Received=	0.051673
Feedback: 0.55276
Received=	-0.048859
Feedback: 0.64003
Received=	0.080381
Feedback: 0.52784
Received=	0.11403
Feedback: 0.49863
Received=	-0.18023
Feedback: 0.75406
Received=	-0.11571
Feedback: 0.69805
Received=	-0.0053301
Feedback: 0.60224
Received=	-0.062505
Feedback: 0.65187
Received=	-0.10126
Feedback: 0.68551
Received=	0.026477
Feedback: 0.57463
Received=	-1.6109e-05
Feedback: 0.59763
Received=	0.24694
Feedback: 0.38327
Calculated range:	[(-2.000000) - (2.000000)]
Success index = (-0.359202)
closing...
