Direction=-1.000000	; step=1.000000;
Received=	0.10402
Feedback: 0.66
Received=	0.28073
Feedback: 0.66
Received=	0.16402
Feedback: 0.66
Received=	0.12143
Feedback: 0.66
Received=	0.012854
Feedback: 0.66
Received=	-0.016357
Feedback: 0.66
Received=	0.29245
Feedback: 0.66
Received=	0.45199
Feedback: 0.66
Received=	0.37975
Feedback: 0.66
Received=	0.32011
Feedback: 0.66
Received=	0.51174
Feedback: 0.66
Received=	0.72799
Feedback: 0.66
Received=	0.37138
Feedback: 0.66
Received=	0.60637
Feedback: 0.66
Received=	0.62988
Feedback: 0.66
Received=	0.1353
Feedback: 0.66
Received=	-0.084327
Feedback: 0.66
Received=	-0.088635
Feedback: 0.66
Received=	-0.047327
Feedback: 0.66
Received=	-0.02666
Feedback: 0.66
Received=	0.00044217
=====  11:0:40 - NF  ============
Feedback: 0.68604
Received=	-0.08391
Feedback: 0.74946
Received=	-0.042743
Feedback: 0.71851
Received=	-0.0075186
Feedback: 0.69203
Received=	-0.083256
Feedback: 0.74897
Received=	-0.034897
Feedback: 0.71261
Received=	-0.027979
Feedback: 0.70741
Received=	-0.032741
Feedback: 0.71099
Received=	-0.057464
Feedback: 0.72958
Received=	-0.029297
Feedback: 0.7084
Received=	-0.0056894
Feedback: 0.69065
Received=	-0.032941
Feedback: 0.71114
Received=	-0.060223
Feedback: 0.73165
Received=	0.25209
Feedback: 0.49684
Received=	0.23289
Feedback: 0.51127
Received=	0.13142
Feedback: 0.58757
Received=	0.093348
Feedback: 0.61619
Received=	-0.015112
Feedback: 0.69774
Received=	-0.1334
Feedback: 0.78667
Received=	-0.12916
Feedback: 0.78348
Received=	-0.22342
Feedback: 0.85435
Received=	-0.16713
Feedback: 0.81203
Received=	-0.041962
Feedback: 0.71792
Received=	0.31192
Feedback: 0.45186
Received=	0.09699
Feedback: 0.61345
Received=	-0.045296
Feedback: 0.72043
Received=	0.016717
Feedback: 0.6738
Received=	0.38502
Feedback: 0.3969
Received=	0.31051
Feedback: 0.45292
Received=	0.098463
Feedback: 0.61234
Received=	0.19679
Feedback: 0.53842
Received=	0.1081
Feedback: 0.6051
Received=	-0.3352
Feedback: 0.9
Received=	-0.35681
Feedback: 0.9
Received=	-0.11936
Feedback: 0.77611
Received=	0.099992
Feedback: 0.61119
Received=	0.20698
Feedback: 0.53076
Received=	0.19668
Feedback: 0.5385
Received=	0.1868
Feedback: 0.54593
Received=	0.20339
Feedback: 0.53345
Received=	0.18818
Feedback: 0.54489
Received=	0.31736
Feedback: 0.44776
Received=	0.47636
Feedback: 0.32822
Received=	0.71209
Feedback: 0.15099
Received=	0.46358
Feedback: 0.33783
Received=	0.20228
Feedback: 0.53429
Received=	0.085569
Feedback: 0.62204
Received=	0.098283
Feedback: 0.61248
Received=	0.2681
Feedback: 0.4848
Received=	0.31912
Feedback: 0.44644
Received=	0.18233
Feedback: 0.54929
Received=	0.12672
Feedback: 0.5911
Received=	0.24574
Feedback: 0.50161
Received=	0.16772
Feedback: 0.56027
Received=	-0.011852
Feedback: 0.69528
Received=	0.13822
Feedback: 0.58245
Received=	0.21631
Feedback: 0.52374
Received=	-0.11296
Feedback: 0.7713
Received=	-0.099895
Feedback: 0.76148
Received=	0.20749
Feedback: 0.53037
Calculated range:	[(-2.000000) - (2.000000)]
Success index = (-0.757933)
Received=	0.32641
=====  11:3:40 - BASE  ============
Feedback: 0.66
Received=	0.49316
Feedback: 0.66
Received=	0.51178
Feedback: 0.66
Received=	0.43599
Feedback: 0.66
Received=	0.46308
Feedback: 0.66
Received=	0.3271
Feedback: 0.66
Received=	0.54232
Feedback: 0.66
Received=	0.40579
Feedback: 0.66
Received=	0.33828
Feedback: 0.66
Received=	0.17432
Feedback: 0.66
Received=	-0.016505
Feedback: 0.66
Received=	-0.025647
Feedback: 0.66
Received=	0.087952
Feedback: 0.66
Received=	0.0041071
Feedback: 0.66
Received=	0.042983
Feedback: 0.66
Received=	0.096312
Feedback: 0.66
Received=	0.11904
Feedback: 0.66
Received=	0.04229
Feedback: 0.66
Received=	-0.10707
Feedback: 0.66
Received=	-0.022687
Feedback: 0.66
Received=	0.052089
=====  11:4:40 - NF  ============
Feedback: 0.62914
Received=	0.29426
Feedback: 0.40232
Received=	0.25105
Feedback: 0.44279
Received=	0.054257
Feedback: 0.62711
Received=	0.015205
Feedback: 0.66368
Received=	0.20286
Feedback: 0.48793
Received=	0.13623
Feedback: 0.55033
Received=	0.18018
Feedback: 0.50916
Received=	0.28084
Feedback: 0.41489
Received=	0.11849
Feedback: 0.56694
Received=	0.0009468
Feedback: 0.67704
Received=	0.29293
Feedback: 0.40357
Received=	0.40158
Feedback: 0.3018
Received=	0.38403
Feedback: 0.31824
Received=	0.00025332
Feedback: 0.67768
Received=	-0.032045
Feedback: 0.70794
Received=	0.017362
Feedback: 0.66166
Received=	0.060935
Feedback: 0.62085
Received=	0.13514
Feedback: 0.55135
Received=	0.14375
Feedback: 0.54329
Received=	0.092766
Feedback: 0.59104
Received=	0.30224
Feedback: 0.39485
Received=	0.099237
Feedback: 0.58498
Received=	-0.0043277
Feedback: 0.68198
Received=	0.036243
Feedback: 0.64398
Received=	-0.035828
Feedback: 0.71148
Received=	-0.094736
Feedback: 0.76665
Received=	-0.049148
Feedback: 0.72395
Received=	0.34639
Feedback: 0.35349
Received=	0.17402
Feedback: 0.51494
Received=	-0.17535
Feedback: 0.84216
Received=	-0.20036
Feedback: 0.86558
Received=	-0.19003
Feedback: 0.8559
Received=	-0.016665
Feedback: 0.69353
Received=	0.26704
Feedback: 0.42781
Received=	0.24447
Feedback: 0.44895
Received=	0.27284
Feedback: 0.42239
Received=	0.091799
Feedback: 0.59194
Received=	0.26751
Feedback: 0.42737
Received=	-0.032809
Feedback: 0.70865
Received=	0.00181
Feedback: 0.67623
Received=	0.21754
Feedback: 0.47417
Received=	-0.0036015
Feedback: 0.6813
Received=	-0.023684
Feedback: 0.7001
Received=	0.11577
Feedback: 0.56949
Received=	0.069333
Feedback: 0.61299
Received=	-0.056898
Feedback: 0.73121
Received=	-0.10059
Feedback: 0.77213
Received=	-0.1215
Feedback: 0.79172
Received=	0.073327
Feedback: 0.60924
Received=	0.17563
Feedback: 0.51343
Received=	0.10648
Feedback: 0.57819
Received=	0.0045369
Feedback: 0.67367
Received=	-0.088106
Feedback: 0.76044
Received=	0.090105
Feedback: 0.59353
Received=	0.31419
Feedback: 0.38366
Received=	0.34038
Feedback: 0.35912
Received=	-0.018872
Feedback: 0.6956
Received=	0.048238
Feedback: 0.63274
Received=	0.14302
Feedback: 0.54397
Calculated range:	[(-2.000000) - (2.000000)]
Success index = (-0.582796)
Received=	0.2384
=====  11:7:40 - BASE  ============
Feedback: 0.66
Received=	0.30936
Feedback: 0.66
Received=	0.44093
Feedback: 0.66
Received=	0.42298
Feedback: 0.66
Received=	0.22776
Feedback: 0.66
Received=	0.23661
Feedback: 0.66
Received=	0.23711
Feedback: 0.66
Received=	0.21573
Feedback: 0.66
Received=	0.058233
Feedback: 0.66
Received=	0.11225
Feedback: 0.66
Received=	0.083425
Feedback: 0.66
Received=	0.14207
Feedback: 0.66
Received=	0.1464
Feedback: 0.66
Received=	-0.028615
Feedback: 0.66
Received=	-0.14073
Feedback: 0.66
Received=	-0.22087
Feedback: 0.66
Received=	-0.10194
Feedback: 0.66
Received=	0.037044
Feedback: 0.66
Received=	-0.08821
Feedback: 0.66
Received=	-0.12578
Feedback: 0.66
Received=	-0.10849
=====  11:8:40 - NF  ============
Feedback: 0.71312
Received=	-0.085077
Feedback: 0.68822
Received=	0.0025192
Feedback: 0.59507
Received=	0.14201
Feedback: 0.44672
Received=	0.11378
Feedback: 0.47674
Received=	0.073192
Feedback: 0.51991
Received=	0.0015486
Feedback: 0.5961
Received=	-0.25532
Feedback: 0.86928
Received=	-0.19179
Feedback: 0.80172
Received=	-0.23933
Feedback: 0.85227
Received=	-0.1269
Feedback: 0.73271
Received=	-0.19287
Feedback: 0.80286
Received=	-0.14375
Feedback: 0.75062
Received=	0.11945
Feedback: 0.47071
Received=	-0.034755
Feedback: 0.63471
Received=	-0.1066
Feedback: 0.71112
Received=	0.26965
Feedback: 0.31097
Received=	0.48021
Feedback: 0.1
Received=	0.41843
Feedback: 0.15275
Received=	0.30291
Feedback: 0.2756
Received=	-0.010873
Feedback: 0.60931
Received=	-0.0043767
Feedback: 0.6024
Received=	-0.007755
Feedback: 0.60599
Received=	0.18548
Feedback: 0.40049
Received=	0.24028
Feedback: 0.34221
Received=	0.048647
Feedback: 0.54601
Received=	-0.098973
Feedback: 0.703
Received=	-0.26909
Feedback: 0.88392
Received=	-0.071007
Feedback: 0.67326
Received=	0.094365
Feedback: 0.49739
Received=	0.18479
Feedback: 0.40122
Received=	0.27814
Feedback: 0.30194
Received=	0.1417
Feedback: 0.44705
Received=	-0.0075749
Feedback: 0.6058
Received=	0.092981
Feedback: 0.49886
Received=	0.12449
Feedback: 0.46536
Received=	0.21748
Feedback: 0.36645
Received=	0.23469
Feedback: 0.34816
Received=	0.13219
Feedback: 0.45716
Received=	0.021163
Feedback: 0.57524
Received=	-0.039706
Feedback: 0.63997
Received=	0.060651
Feedback: 0.53324
Received=	-0.053126
Feedback: 0.65425
Received=	-0.15506
Feedback: 0.76265
Received=	0.07544
Feedback: 0.51752
Received=	0.072299
Feedback: 0.52086
Received=	-0.020548
Feedback: 0.6196
Received=	0.071755
Feedback: 0.52144
Received=	0.12044
Feedback: 0.46966
Received=	0.054283
Feedback: 0.54002
Received=	-0.088509
Feedback: 0.69188
Received=	-0.096978
Feedback: 0.70088
Received=	-0.11782
Feedback: 0.72305
Received=	-0.053895
Feedback: 0.65506
Received=	0.24831
Feedback: 0.33367
Received=	0.34749
Feedback: 0.2282
Received=	0.08425
Feedback: 0.50815
Received=	-0.011619
Feedback: 0.6101
Received=	-0.12233
Feedback: 0.72785
Received=	0.077972
Feedback: 0.51482
Calculated range:	[(-2.000000) - (2.000000)]
Success index = (-0.305673)
Received=	-0.05469
=====  11:11:40 - BASE  ============
Feedback: 0.66
Received=	0.037627
Feedback: 0.66
Received=	0.28134
Feedback: 0.66
Received=	0.58489
Feedback: 0.66
Received=	0.19807
Feedback: 0.66
Received=	-0.058282
Feedback: 0.66
Received=	-0.17632
Feedback: 0.66
Received=	-0.046696
Feedback: 0.66
Received=	0.054417
Feedback: 0.66
Received=	0.043078
Feedback: 0.66
Received=	0.020838
Feedback: 0.66
Received=	0.041333
Feedback: 0.66
Received=	0.077912
Feedback: 0.66
Received=	-0.06226
Feedback: 0.66
Received=	-0.021223
Feedback: 0.66
Received=	-0.0603
Feedback: 0.66
Received=	-0.24073
Feedback: 0.66
Received=	-0.066534
Feedback: 0.66
Received=	0.11973
Feedback: 0.66
Received=	0.41274
Feedback: 0.66
Received=	0.40878
=====  11:12:40 - NF  ============
Feedback: 0.15689
Received=	0.2862
Feedback: 0.2779
Received=	0.50144
Feedback: 0.1
Received=	0.4365
Feedback: 0.12952
Received=	0.35965
Feedback: 0.20539
Received=	0.13378
Feedback: 0.42837
Received=	0.57394
Feedback: 0.1
Received=	0.22508
Feedback: 0.33823
Received=	0.35583
Feedback: 0.20916
Received=	0.28638
Feedback: 0.27773
Received=	0.0815
Feedback: 0.47998
Received=	0.17973
Feedback: 0.38301
Received=	0.31667
Feedback: 0.24782
Received=	0.2975
Feedback: 0.26675
Received=	0.3054
Feedback: 0.25895
Received=	0.0060133
Feedback: 0.5545
Received=	-0.060258
Feedback: 0.61993
Received=	0.043291
Feedback: 0.5177
Received=	0.38287
Feedback: 0.18247
Received=	0.40414
Feedback: 0.16147
Received=	0.29041
Feedback: 0.27374
Received=	0.21887
Feedback: 0.34437
Received=	0.45812
Feedback: 0.10818
Received=	0.45288
Feedback: 0.11335
Received=	0.2743
Feedback: 0.28965
Received=	0.20069
Feedback: 0.36232
Received=	0.32515
Feedback: 0.23945
Received=	0.23942
Feedback: 0.32408
Received=	0.27377
Feedback: 0.29017
Received=	0.47799
Feedback: 0.1
Received=	0.44369
Feedback: 0.12242
Received=	0.43928
Feedback: 0.12677
Received=	0.014456
Feedback: 0.54617
Received=	-0.038894
Feedback: 0.59884
Received=	0.41733
Feedback: 0.14844
Received=	0.21367
Feedback: 0.3495
Received=	0.076127
Feedback: 0.48529
Received=	0.31443
Feedback: 0.25003
Received=	0.38019
Feedback: 0.18511
Received=	0.54509
Feedback: 0.1
Received=	0.45166
Feedback: 0.11456
Received=	0.33049
Feedback: 0.23417
Received=	0.51935
Feedback: 0.1
Received=	0.31911
Feedback: 0.24541
Received=	0.23186
Feedback: 0.33154
Received=	0.14438
Feedback: 0.4179
Received=	0.1851
Feedback: 0.3777
Received=	0.28135
Feedback: 0.28268
Received=	0.32872
Feedback: 0.23592
Received=	0.059306
Feedback: 0.50189
Received=	0.44087
Feedback: 0.1252
Received=	0.62263
Feedback: 0.1
Received=	0.33397
Feedback: 0.23074
Received=	0.27975
Feedback: 0.28426
Received=	0.17601
Feedback: 0.38668
Received=	0.042142
Feedback: 0.51884
Received=	-0.023433
Feedback: 0.58357
Received=	0.18487
Feedback: 0.37793
Received=	0.19135
Feedback: 0.37154
Received=	0.13906
Feedback: 0.42316
Calculated range:	[(-2.000000) - (2.000000)]
Success index = (1.278093)
Received=	0.184
=====  11:15:40 - BASE  ============
Feedback: 0.66
Received=	0.27797
Feedback: 0.66
Received=	-0.017497
Feedback: 0.66
Received=	-0.027581
Feedback: 0.66
Received=	0.15382
Feedback: 0.66
Received=	0.44929
Feedback: 0.66
Received=	0.59721
Feedback: 0.66
Received=	0.42978
Feedback: 0.66
Received=	0.18372
Feedback: 0.66
Received=	0.25507
Feedback: 0.66
Received=	0.32745
Feedback: 0.66
Received=	0.66284
Feedback: 0.66
Received=	0.77389
Feedback: 0.66
Received=	0.6422
Feedback: 0.66
Received=	0.83325
Feedback: 0.66
Received=	0.71123
Feedback: 0.66
Received=	0.47289
Feedback: 0.66
Received=	0.57305
Feedback: 0.66
Received=	0.65025
Feedback: 0.66
Received=	0.50727
Feedback: 0.66
Received=	0.3795
=====  11:16:40 - NF  ============
Feedback: 0.55777
Received=	0.22248
Feedback: 0.67897
Received=	0.20977
Feedback: 0.68878
Received=	0.061151
Feedback: 0.80349
Received=	-0.002322
Feedback: 0.85249
Received=	-0.055788
Feedback: 0.89376
Received=	0.71925
Feedback: 0.29552
Received=	0.85674
Feedback: 0.1894
Received=	0.54559
Feedback: 0.42957
Received=	0.45859
Feedback: 0.49672
Received=	0.6457
Feedback: 0.3523
Received=	0.70752
Feedback: 0.30458
Received=	0.59025
Feedback: 0.3951
Received=	0.48499
Feedback: 0.47634
Received=	0.42515
Feedback: 0.52253
Received=	0.16032
Feedback: 0.72695
Received=	0.33837
Feedback: 0.58952
Received=	0.3582
Feedback: 0.57421
Received=	0.12361
Feedback: 0.75528
Received=	0.087163
Feedback: 0.78342
Received=	0.054431
Feedback: 0.80868
Received=	0.30545
Feedback: 0.61493
Received=	0.0019258
Feedback: 0.84921
Received=	0.15765
Feedback: 0.72901
Received=	0.14464
Feedback: 0.73905
Received=	0.16505
Feedback: 0.7233
Received=	0.11602
Feedback: 0.76114
Received=	0.33489
Feedback: 0.5922
Received=	-0.082495
Feedback: 0.9
Received=	-0.042731
Feedback: 0.88368
Received=	0.1161
Feedback: 0.76108
Received=	0.27596
Feedback: 0.63769
Received=	0.13866
Feedback: 0.74367
Received=	-0.11713
Feedback: 0.9
Received=	0.21981
Feedback: 0.68103
Received=	0.48787
Feedback: 0.47412
Received=	0.23456
Feedback: 0.66964
Received=	0.68262
Feedback: 0.3238
Received=	0.76894
Feedback: 0.25717
Received=	0.36558
Feedback: 0.56851
Received=	0.29276
Feedback: 0.62472
Received=	0.17446
Feedback: 0.71603
Received=	0.18799
Feedback: 0.70559
Received=	0.071442
Feedback: 0.79555
Received=	0.093962
Feedback: 0.77817
Received=	0.080999
Feedback: 0.78817
Received=	-0.036535
Feedback: 0.8789
Received=	-0.18458
Feedback: 0.9
Received=	-0.13851
Feedback: 0.9
Received=	0.18188
Feedback: 0.71031
Received=	0.15793
Feedback: 0.72879
Received=	-0.10081
Feedback: 0.9
Received=	-0.14158
Feedback: 0.9
Received=	-0.087506
Feedback: 0.9
Received=	0.19899
Feedback: 0.6971
Received=	0.38009
Feedback: 0.55731
Received=	0.25089
Feedback: 0.65704
Received=	0.52348
Feedback: 0.44663
Received=	0.75468
Feedback: 0.26818
Received=	0.48329
Feedback: 0.47766
Calculated range:	[(-2.000000) - (2.000000)]
Success index = (-0.804161)
closing...
