Direction=-1.000000	; step=1.000000;
Received=	0
Feedback: 0.66
Received=	0
Feedback: 0.66
Received=	0
Feedback: 0.66
Received=	-0.326
Feedback: 0.66
Received=	-0.05889
Feedback: 0.66
Received=	-0.13565
Feedback: 0.66
Received=	-0.61147
Feedback: 0.66
Received=	-0.22185
Feedback: 0.66
Received=	-0.023657
Feedback: 0.66
Received=	0.12944
Feedback: 0.66
Received=	0.052544
Feedback: 0.66
Received=	-0.21073
Feedback: 0.66
Received=	-0.44346
Feedback: 0.66
Received=	-0.52225
Feedback: 0.66
Received=	-0.67596
Feedback: 0.66
Received=	-0.47539
Feedback: 0.66
Received=	0.1641
Feedback: 0.66
Received=	0.32981
Feedback: 0.66
Received=	0.037604
Feedback: 0.66
Received=	0.020341
Feedback: 0.66
Received=	-0.095873
=====  11:49:37 - NF  ============
Feedback: 0.45202
Received=	-0.11669
Feedback: 0.46645
Received=	-0.092786
Feedback: 0.44988
Received=	-0.058276
Feedback: 0.42596
Received=	-0.10612
Feedback: 0.45913
Received=	-0.31191
Feedback: 0.60178
Received=	-0.41808
Feedback: 0.67538
Received=	-0.63832
Feedback: 0.82805
Received=	-0.42321
Feedback: 0.67894
Received=	-0.16516
Feedback: 0.50005
Received=	0.085046
Feedback: 0.32661
Received=	-0.040389
Feedback: 0.41356
Received=	-0.46901
Feedback: 0.71069
Received=	-0.48553
Feedback: 0.72214
Received=	-0.48652
Feedback: 0.72282
Received=	-0.57032
Feedback: 0.78092
Received=	-0.62626
Feedback: 0.8197
Received=	-0.68171
Feedback: 0.85813
Received=	-0.81056
Feedback: 0.9
Received=	-0.36777
Feedback: 0.6405
Received=	-0.31138
Feedback: 0.60142
Received=	-0.93419
Feedback: 0.9
Received=	-1.2718
Feedback: 0.9
Received=	-1.0827
Feedback: 0.9
Received=	-0.93378
Feedback: 0.9
Received=	-0.26252
Feedback: 0.56754
Received=	0.3078
Feedback: 0.17219
Received=	0.1444
Feedback: 0.28546
Received=	-0.11401
Feedback: 0.4646
Received=	-0.19298
Feedback: 0.51934
Received=	0.29973
Feedback: 0.17779
Received=	0.031942
Feedback: 0.36342
Received=	-0.44073
Feedback: 0.69108
Received=	-0.60697
Feedback: 0.80632
Received=	-0.50791
Feedback: 0.73765
Received=	-0.57434
Feedback: 0.7837
Received=	-0.43082
Feedback: 0.68422
Received=	-0.39841
Feedback: 0.66174
Received=	-0.46901
Feedback: 0.71069
Received=	-0.66253
Feedback: 0.84484
Received=	-0.46028
Feedback: 0.70463
Received=	0.13194
Feedback: 0.2941
Received=	0.090737
Feedback: 0.32266
Received=	0.094579
Feedback: 0.32
Received=	-0.20189
Feedback: 0.52552
Received=	-0.54418
Feedback: 0.76279
Received=	-0.75499
Feedback: 0.9
Received=	-0.98636
Feedback: 0.9
Received=	-1.0403
Feedback: 0.9
Received=	-1.1794
Feedback: 0.9
Received=	-1.1271
Feedback: 0.9
Received=	-1.2386
Feedback: 0.9
Received=	-0.90333
Feedback: 0.9
Received=	-0.72837
Feedback: 0.89048
Received=	-0.62028
Feedback: 0.81555
Received=	-0.22536
Feedback: 0.54179
Received=	-0.005287
Feedback: 0.38923
Received=	-0.27814
Feedback: 0.57838
Received=	-0.13012
Feedback: 0.47576
Received=	0.01989
Feedback: 0.37178
Calculated range:	[(-2.000000) - (2.000000)]
Success index = (-0.694239)
Received=	0.1684
=====  11:52:37 - BASE  ============
Feedback: 0.66
Received=	0.19704
Feedback: 0.66
Received=	0.04228
Feedback: 0.66
Received=	0.13835
Feedback: 0.66
Received=	0.17141
Feedback: 0.66
Received=	0.36946
Feedback: 0.66
Received=	-0.015076
Feedback: 0.66
Received=	0.12499
Feedback: 0.66
Received=	0.10766
Feedback: 0.66
Received=	-0.019679
Feedback: 0.66
Received=	0.22925
Feedback: 0.66
Received=	0.24248
Feedback: 0.66
Received=	0.053662
Feedback: 0.66
Received=	0.16972
Feedback: 0.66
Received=	0.27547
Feedback: 0.66
Received=	0.22233
Feedback: 0.66
Received=	0.35174
Feedback: 0.66
Received=	0.37724
Feedback: 0.66
Received=	0.24404
Feedback: 0.66
Received=	0.093629
Feedback: 0.66
Received=	0.25151
=====  11:53:37 - NF  ============
Feedback: 0.3779
Received=	0.27136
Feedback: 0.34554
Received=	0.10215
Feedback: 0.62138
Received=	-0.20329
Feedback: 0.9
Received=	-0.13131
Feedback: 0.9
Received=	0.49153
Feedback: 0.1
Received=	0.38364
Feedback: 0.16253
Received=	0.061132
Feedback: 0.68824
Received=	0.011938
Feedback: 0.76843
Received=	0.01869
Feedback: 0.75742
Received=	-0.21489
Feedback: 0.9
Received=	-0.32704
Feedback: 0.9
Received=	-0.093089
Feedback: 0.9
Received=	0.33603
Feedback: 0.24012
Received=	0.4521
Feedback: 0.1
Received=	0.3998
Feedback: 0.13618
Received=	0.23057
Feedback: 0.41204
Received=	0.21771
Feedback: 0.433
Received=	0.36465
Feedback: 0.19348
Received=	1.1256
Feedback: 0.1
Received=	0.76215
Feedback: 0.1
Received=	0.41498
Feedback: 0.11144
Received=	0.26711
Feedback: 0.35248
Received=	0.20815
Feedback: 0.44858
Received=	0.43785
Feedback: 0.1
Received=	0.30633
Feedback: 0.28854
Received=	0.0075245
Feedback: 0.77562
Received=	0.11041
Feedback: 0.60791
Received=	0.056487
Feedback: 0.69581
Received=	-0.25207
Feedback: 0.9
Received=	-0.36771
Feedback: 0.9
Received=	-0.15442
Feedback: 0.9
Received=	0.02566
Feedback: 0.74606
Received=	-0.19338
Feedback: 0.9
Received=	0.0075838
Feedback: 0.77553
Received=	0.4878
Feedback: 0.1
Received=	0.44702
Feedback: 0.1
Received=	-0.057136
Feedback: 0.88102
Received=	0.095961
Feedback: 0.63146
Received=	0.16871
Feedback: 0.51287
Received=	-0.11812
Feedback: 0.9
Received=	-0.14083
Feedback: 0.9
Received=	-0.12705
Feedback: 0.9
Received=	0.013622
Feedback: 0.76568
Received=	0.2243
Feedback: 0.42226
Received=	0.24152
Feedback: 0.39419
Received=	0.33292
Feedback: 0.2452
Received=	0.36525
Feedback: 0.1925
Received=	0.93559
Feedback: 0.1
Received=	0.8621
Feedback: 0.1
Received=	0.82186
Feedback: 0.1
Received=	0.44311
Feedback: 0.1
Received=	0.19
Feedback: 0.47817
Received=	-0.099931
Feedback: 0.9
Received=	0.11953
Feedback: 0.59305
Received=	0.28468
Feedback: 0.32383
Received=	0.30306
Feedback: 0.29387
Received=	0.3246
Feedback: 0.25876
Received=	0.16943
Feedback: 0.5117
Received=	0.5904
Feedback: 0.1
Calculated range:	[(-2.000000) - (2.000000)]
Success index = (0.103523)
Received=	0.96335
=====  11:56:37 - BASE  ============
Feedback: 0.66
Received=	0.54969
Feedback: 0.66
Received=	0.015036
Feedback: 0.66
Received=	-0.18485
Feedback: 0.66
Received=	-0.068777
Feedback: 0.66
Received=	0.12113
Feedback: 0.66
Received=	0.013228
Feedback: 0.66
Received=	-0.10891
Feedback: 0.66
Received=	0.092797
Feedback: 0.66
Received=	0.2442
Feedback: 0.66
Received=	0.15276
Feedback: 0.66
Received=	0.49674
Feedback: 0.66
Received=	0.64543
Feedback: 0.66
Received=	0.14553
Feedback: 0.66
Received=	-0.17005
Feedback: 0.66
Received=	0.25669
Feedback: 0.66
Received=	0.36269
Feedback: 0.66
Received=	0.11378
Feedback: 0.66
Received=	-0.38354
Feedback: 0.66
Received=	-0.629
Feedback: 0.66
Received=	-0.55834
=====  11:57:37 - NF  ============
Feedback: 0.9
Received=	-0.19067
Feedback: 0.66705
Received=	-0.28765
Feedback: 0.73118
Received=	-0.097001
Feedback: 0.60511
Received=	0.0090526
Feedback: 0.53497
Received=	0.13214
Feedback: 0.45357
Received=	0.13463
Feedback: 0.45193
Received=	0.42116
Feedback: 0.26244
Received=	0.24714
Feedback: 0.37753
Received=	-0.65091
Feedback: 0.9
Received=	-0.70811
Feedback: 0.9
Received=	-0.1378
Feedback: 0.63209
Received=	0.22744
Feedback: 0.39055
Received=	0.41085
Feedback: 0.26926
Received=	0.17343
Feedback: 0.42627
Received=	0.27265
Feedback: 0.36066
Received=	0.30586
Feedback: 0.33869
Received=	-0.025425
Feedback: 0.55777
Received=	0.2312
Feedback: 0.38807
Received=	0.24387
Feedback: 0.37968
Received=	-0.09853
Feedback: 0.60612
Received=	0.052306
Feedback: 0.50637
Received=	-0.17723
Feedback: 0.65816
Received=	-0.2104
Feedback: 0.6801
Received=	-0.046521
Feedback: 0.57172
Received=	-0.10275
Feedback: 0.60891
Received=	0.072088
Feedback: 0.49329
Received=	0.17605
Feedback: 0.42454
Received=	0.074152
Feedback: 0.49192
Received=	-0.02583
Feedback: 0.55804
Received=	0.27247
Feedback: 0.36078
Received=	0.015051
Feedback: 0.53101
Received=	-0.37368
Feedback: 0.78808
Received=	-0.60833
Feedback: 0.9
Received=	-0.26836
Feedback: 0.71843
Received=	-0.087237
Feedback: 0.59865
Received=	0.25534
Feedback: 0.3721
Received=	0.10665
Feedback: 0.47043
Received=	0.28222
Feedback: 0.35432
Received=	0.46609
Feedback: 0.23273
Received=	0.70043
Feedback: 0.1
Received=	0.74938
Feedback: 0.1
Received=	0.28275
Feedback: 0.35398
Received=	0.39159
Feedback: 0.282
Received=	-0.049901
Feedback: 0.57396
Received=	-0.47972
Feedback: 0.8582
Received=	-0.69648
Feedback: 0.9
Received=	-0.46351
Feedback: 0.84748
Received=	0.15438
Feedback: 0.43887
Received=	0.017824
Feedback: 0.52917
Received=	-0.22122
Feedback: 0.68726
Received=	-0.36779
Feedback: 0.78418
Received=	-0.14945
Feedback: 0.63979
Received=	-0.075848
Feedback: 0.59112
Received=	-0.35485
Feedback: 0.77562
Received=	-0.37532
Feedback: 0.78916
Received=	-0.18752
Feedback: 0.66497
Received=	0.099388
Feedback: 0.47523
Received=	-0.2296
Feedback: 0.6928
Received=	-0.39375
Feedback: 0.80135
Calculated range:	[(-2.000000) - (2.000000)]
Success index = (-0.282310)
Received=	-0.13655
=====  12:0:37 - BASE  ============
Feedback: 0.66
Received=	0.13568
Feedback: 0.66
Received=	0.10464
Feedback: 0.66
Received=	0.11729
Feedback: 0.66
Received=	0.082498
Feedback: 0.66
Received=	0.043301
Feedback: 0.66
Received=	0.22724
Feedback: 0.66
Received=	0.39025
Feedback: 0.66
Received=	0.3494
Feedback: 0.66
Received=	0.086397
Feedback: 0.66
Received=	0.32621
Feedback: 0.66
Received=	0.35118
Feedback: 0.66
Received=	0.28865
Feedback: 0.66
Received=	0.32062
Feedback: 0.66
Received=	0.19878
Feedback: 0.66
Received=	-0.050665
Feedback: 0.66
Received=	-0.064709
Feedback: 0.66
Received=	-0.24417
Feedback: 0.66
Received=	-0.13293
Feedback: 0.66
Received=	-0.00074659
Feedback: 0.66
Received=	0.15719
=====  12:1:37 - NF  ============
Feedback: 0.47394
Received=	0.059961
Feedback: 0.57849
Received=	0.12443
Feedback: 0.50917
Received=	-0.022842
Feedback: 0.66753
Received=	0.07211
Feedback: 0.56543
Received=	0.17473
Feedback: 0.45509
Received=	0.69446
Feedback: 0.1
Received=	0.67526
Feedback: 0.1
Received=	-0.14205
Feedback: 0.79572
Received=	-0.041727
Feedback: 0.68784
Received=	0.17878
Feedback: 0.45073
Received=	0.30255
Feedback: 0.31763
Received=	0.56072
Feedback: 0.1
Received=	0.036059
Feedback: 0.6042
Received=	-0.089971
Feedback: 0.73972
Received=	0.38515
Feedback: 0.22881
Received=	0.66745
Feedback: 0.1
Received=	0.17335
Feedback: 0.45657
Received=	-0.45397
Feedback: 0.9
Received=	-0.2912
Feedback: 0.9
Received=	-0.015817
Feedback: 0.65998
Received=	0.16737
Feedback: 0.46299
Received=	-0.26056
Feedback: 0.9
Received=	-0.083173
Feedback: 0.73241
Received=	0.0057891
Feedback: 0.63675
Received=	-0.23926
Feedback: 0.9
Received=	-0.070364
Feedback: 0.71864
Received=	-0.079205
Feedback: 0.72814
Received=	-0.066802
Feedback: 0.7148
Received=	0.74828
Feedback: 0.1
Received=	1.1788
Feedback: 0.1
Received=	0.7364
Feedback: 0.1
Received=	0.43262
Feedback: 0.17777
Received=	0.689
Feedback: 0.1
Received=	0.56386
Feedback: 0.1
Received=	0.352
Feedback: 0.26446
Received=	0.65988
Feedback: 0.1
Received=	0.4828
Feedback: 0.12381
Received=	0.28966
Feedback: 0.33149
Received=	0.24075
Feedback: 0.38409
Received=	-0.0091327
Feedback: 0.65279
Received=	0.25199
Feedback: 0.372
Received=	0.43291
Feedback: 0.17746
Received=	0.36144
Feedback: 0.25431
Received=	0.31012
Feedback: 0.3095
Received=	0.56874
Feedback: 0.1
Received=	0.84172
Feedback: 0.1
Received=	0.61904
Feedback: 0.1
Received=	0.17014
Feedback: 0.46002
Received=	0.43407
Feedback: 0.1762
Received=	0.95767
Feedback: 0.1
Received=	0.47027
Feedback: 0.13729
Received=	0.89054
Feedback: 0.1
Received=	1.1627
Feedback: 0.1
Received=	0.43846
Feedback: 0.17149
Received=	-0.0092915
Feedback: 0.65296
Received=	0.78072
Feedback: 0.1
Received=	0.66786
Feedback: 0.1
Received=	-0.9619
Feedback: 0.9
Received=	-0.9883
Feedback: 0.9
Calculated range:	[(-2.000000) - (2.000000)]
Success index = (0.370563)
Received=	-0.79121
=====  12:4:37 - BASE  ============
Feedback: 0.66
Received=	-0.64416
Feedback: 0.66
Received=	-0.21268
Feedback: 0.66
Received=	-0.60362
Feedback: 0.66
Received=	-0.88821
Feedback: 0.66
Received=	-1.0139
Feedback: 0.66
Received=	-0.82655
Feedback: 0.66
Received=	-0.26604
Feedback: 0.66
Received=	0.50489
Feedback: 0.66
Received=	0.66377
Feedback: 0.66
Received=	0.47464
Feedback: 0.66
Received=	0.57058
Feedback: 0.66
Received=	0.73184
Feedback: 0.66
Received=	0.053949
Feedback: 0.66
Received=	-0.19153
Feedback: 0.66
Received=	0.13142
Feedback: 0.66
Received=	0.32997
Feedback: 0.66
Received=	0.23559
Feedback: 0.66
Received=	0.47238
Feedback: 0.66
Received=	0.3134
Feedback: 0.66
Received=	0.51737
=====  12:5:37 - NF  ============
Feedback: 0.3241
Received=	0.78379
Feedback: 0.2286
Received=	1.0225
Feedback: 0.14304
Received=	1.0565
Feedback: 0.13086
Received=	0.58859
Feedback: 0.29857
Received=	0.45616
Feedback: 0.34604
Received=	0.24606
Feedback: 0.42135
Received=	0.21085
Feedback: 0.43398
Received=	0.10929
Feedback: 0.47038
Received=	0.37685
Feedback: 0.37447
Received=	0.34218
Feedback: 0.3869
Received=	-0.02458
Feedback: 0.51837
Received=	-0.33098
Feedback: 0.6282
Received=	-0.822
Feedback: 0.80421
Received=	-0.66032
Feedback: 0.74625
Received=	-0.53369
Feedback: 0.70086
Received=	-0.71753
Feedback: 0.76676
Received=	-0.7654
Feedback: 0.78392
Received=	-0.40549
Feedback: 0.65491
Received=	-0.012834
Feedback: 0.51416
Received=	-0.086737
Feedback: 0.54065
Received=	-0.074371
Feedback: 0.53622
Received=	0.33441
Feedback: 0.38969
Received=	0.65303
Feedback: 0.27547
Received=	0.43651
Feedback: 0.35309
Received=	-0.42949
Feedback: 0.66351
Received=	-0.52495
Feedback: 0.69773
Received=	-0.16888
Feedback: 0.57009
Received=	0.76561
Feedback: 0.23512
Received=	0.7261
Feedback: 0.24928
Received=	0.30827
Feedback: 0.39905
Received=	0.51203
Feedback: 0.32602
Received=	0.845
Feedback: 0.20666
Received=	0.60852
Feedback: 0.29143
Received=	0.82841
Feedback: 0.21261
Received=	1.0877
Feedback: 0.11966
Received=	0.44162
Feedback: 0.35125
Received=	-0.19362
Feedback: 0.57896
Received=	-0.12293
Feedback: 0.55362
Received=	-0.16154
Feedback: 0.56746
Received=	-0.28117
Feedback: 0.61034
Received=	-0.15843
Feedback: 0.56635
Received=	0.072527
Feedback: 0.48356
Received=	-0.003559
Feedback: 0.51083
Received=	0.064563
Feedback: 0.48641
Received=	0.28618
Feedback: 0.40697
Received=	0.63446
Feedback: 0.28213
Received=	0.42822
Feedback: 0.35606
Received=	-0.18751
Feedback: 0.57677
Received=	0.056214
Feedback: 0.48941
Received=	0.35518
Feedback: 0.38224
Received=	0.33392
Feedback: 0.38986
Received=	0.069524
Feedback: 0.48464
Received=	1.0048
Feedback: 0.14937
Received=	0.66377
Feedback: 0.27162
Received=	0.36444
Feedback: 0.37892
Received=	0.40455
Feedback: 0.36454
Received=	-0.080198
Feedback: 0.5383
Received=	-0.031333
Feedback: 0.52079
Received=	-0.48978
Feedback: 0.68512
Calculated range:	[(-2.000000) - (2.000000)]
Success index = (0.303713)
closing...
