Direction=-1.000000	; step=1.000000;
Received=	0
Feedback: 0.66
Received=	0
Feedback: 0.66
Received=	0
Feedback: 0.66
Received=	0.035618
Feedback: 0.66
Received=	0.15956
Feedback: 0.66
Received=	0.051331
Feedback: 0.66
Received=	-0.093986
Feedback: 0.66
Received=	-0.41264
Feedback: 0.66
Received=	-0.37786
Feedback: 0.66
Received=	-0.30003
Feedback: 0.66
Received=	-0.22358
Feedback: 0.66
Received=	-0.14096
Feedback: 0.66
Received=	-0.19041
Feedback: 0.66
Received=	-0.12104
Feedback: 0.66
Received=	0.17953
Feedback: 0.66
Received=	0.30167
Feedback: 0.66
Received=	0.064054
Feedback: 0.66
Received=	-0.072552
Feedback: 0.66
Received=	-0.067356
Feedback: 0.66
Received=	-0.19646
Feedback: 0.66
Received=	-0.10836
=====  12:11:57 - NF  ============
Feedback: 0.53153
Received=	0.15663
Feedback: 0.2558
Received=	-0.0085724
Feedback: 0.4277
Received=	-0.09615
Feedback: 0.51882
Received=	-0.21894
Feedback: 0.64659
Received=	-0.28276
Feedback: 0.71299
Received=	-0.3438
Feedback: 0.77651
Received=	-0.52736
Feedback: 0.9
Received=	-0.51395
Feedback: 0.9
Received=	-0.49783
Feedback: 0.9
Received=	-0.5403
Feedback: 0.9
Received=	-0.29167
Feedback: 0.72226
Received=	-0.072639
Feedback: 0.49436
Received=	-0.087771
Feedback: 0.5101
Received=	-0.35394
Feedback: 0.78706
Received=	-0.80412
Feedback: 0.9
Received=	-0.98568
Feedback: 0.9
Received=	-1.033
Feedback: 0.9
Received=	-0.95913
Feedback: 0.9
Received=	-0.52517
Feedback: 0.9
Received=	-0.25683
Feedback: 0.68601
Received=	-0.27134
Feedback: 0.70112
Received=	-0.33303
Feedback: 0.7653
Received=	-0.24622
Feedback: 0.67498
Received=	-0.10712
Feedback: 0.53024
Received=	0.00091009
Feedback: 0.41783
Received=	-0.1315
Feedback: 0.5556
Received=	-0.056041
Feedback: 0.47709
Received=	-0.10302
Feedback: 0.52597
Received=	-0.30911
Feedback: 0.74041
Received=	-0.27641
Feedback: 0.70639
Received=	0.024092
Feedback: 0.39371
Received=	-0.16718
Feedback: 0.59273
Received=	-0.12659
Feedback: 0.5505
Received=	-0.40704
Feedback: 0.8423
Received=	-0.4352
Feedback: 0.87161
Received=	-0.22537
Feedback: 0.65328
Received=	0.028606
Feedback: 0.38901
Received=	-0.051276
Feedback: 0.47213
Received=	-0.31533
Feedback: 0.74689
Received=	-0.044297
Feedback: 0.46487
Received=	-0.056909
Feedback: 0.47799
Received=	-0.50515
Feedback: 0.9
Received=	-0.30826
Feedback: 0.73953
Received=	-0.08593
Feedback: 0.50819
Received=	-0.17734
Feedback: 0.6033
Received=	0.0066157
Feedback: 0.41189
Received=	-0.31671
Feedback: 0.74832
Received=	-0.36377
Feedback: 0.79728
Received=	-0.38624
Feedback: 0.82066
Received=	-0.4686
Feedback: 0.9
Received=	-0.19844
Feedback: 0.62525
Received=	-0.12566
Feedback: 0.54953
Received=	0.03634
Feedback: 0.38096
Received=	-0.46554
Feedback: 0.9
Received=	-0.78798
Feedback: 0.9
Received=	-0.63399
Feedback: 0.9
Received=	-0.76759
Feedback: 0.9
Received=	-0.90317
Feedback: 0.9
Received=	-0.86441
Feedback: 0.9
Calculated range:	[(-2.000000) - (2.000000)]
Success index = (-0.921477)
Received=	-0.50355
=====  12:14:57 - BASE  ============
Feedback: 0.66
Received=	-0.063493
Feedback: 0.66
Received=	-0.14255
Feedback: 0.66
Received=	0.16698
Feedback: 0.66
Received=	-0.14779
Feedback: 0.66
Received=	-0.44363
Feedback: 0.66
Received=	-0.51631
Feedback: 0.66
Received=	-0.16052
Feedback: 0.66
Received=	0.011845
Feedback: 0.66
Received=	-0.091212
Feedback: 0.66
Received=	-0.16044
Feedback: 0.66
Received=	-0.55303
Feedback: 0.66
Received=	-0.65985
Feedback: 0.66
Received=	-0.45084
Feedback: 0.66
Received=	-0.23729
Feedback: 0.66
Received=	-0.30196
Feedback: 0.66
Received=	-0.40357
Feedback: 0.66
Received=	-0.3404
Feedback: 0.66
Received=	-0.25422
Feedback: 0.66
Received=	-0.17052
Feedback: 0.66
Received=	-0.27552
=====  12:15:57 - NF  ============
Feedback: 0.50551
Received=	-0.21176
Feedback: 0.44473
Received=	-0.2104
Feedback: 0.44342
Received=	0.13621
Feedback: 0.11299
Received=	0.24063
Feedback: 0.1
Received=	-0.073028
Feedback: 0.31246
Received=	-0.12612
Feedback: 0.36307
Received=	-0.15727
Feedback: 0.39278
Received=	-0.162
Feedback: 0.39729
Received=	0.064692
Feedback: 0.18117
Received=	0.041427
Feedback: 0.20335
Received=	0.047959
Feedback: 0.19712
Received=	-0.10988
Feedback: 0.34759
Received=	-0.0080003
Feedback: 0.25047
Received=	0.057686
Feedback: 0.18785
Received=	0.36169
Feedback: 0.1
Received=	0.48488
Feedback: 0.1
Received=	0.15018
Feedback: 0.1
Received=	0.030954
Feedback: 0.21333
Received=	-0.028287
Feedback: 0.26981
Received=	0.43621
Feedback: 0.1
Received=	0.54689
Feedback: 0.1
Received=	0.08584
Feedback: 0.16101
Received=	-0.017803
Feedback: 0.25981
Received=	0.046337
Feedback: 0.19867
Received=	0.082127
Feedback: 0.16455
Received=	0.091644
Feedback: 0.15547
Received=	-0.023138
Feedback: 0.2649
Received=	-0.10814
Feedback: 0.34594
Received=	-0.052288
Feedback: 0.29269
Received=	0.46376
Feedback: 0.1
Received=	0.14832
Feedback: 0.10144
Received=	0.039942
Feedback: 0.20476
Received=	-0.0044399
Feedback: 0.24707
Received=	0.097987
Feedback: 0.14942
Received=	-0.023941
Feedback: 0.26567
Received=	-0.19663
Feedback: 0.4303
Received=	-0.080179
Feedback: 0.31928
Received=	-0.073497
Feedback: 0.31291
Received=	-0.019399
Feedback: 0.26134
Received=	-0.076613
Feedback: 0.31588
Received=	-0.21281
Feedback: 0.44572
Received=	-0.45171
Feedback: 0.67348
Received=	-0.16345
Feedback: 0.39866
Received=	-0.56935
Feedback: 0.78564
Received=	-0.54946
Feedback: 0.76668
Received=	-0.34351
Feedback: 0.57033
Received=	-0.082695
Feedback: 0.32168
Received=	-0.19103
Feedback: 0.42496
Received=	-0.38016
Feedback: 0.60527
Received=	-0.43771
Feedback: 0.66013
Received=	-0.6557
Feedback: 0.86796
Received=	-1.1133
Feedback: 0.9
Received=	-0.81364
Feedback: 0.9
Received=	-0.3979
Feedback: 0.62219
Received=	-0.12689
Feedback: 0.36381
Received=	-0.27186
Feedback: 0.50202
Received=	-0.22004
Feedback: 0.45262
Received=	-0.09008
Feedback: 0.32872
Received=	-0.016361
Feedback: 0.25844
Calculated range:	[(-2.000000) - (2.000000)]
Success index = (0.650348)
Received=	-0.21745
=====  12:18:57 - BASE  ============
Feedback: 0.66
Received=	-0.48955
Feedback: 0.66
Received=	-0.59668
Feedback: 0.66
Received=	-0.35666
Feedback: 0.66
Received=	-0.38882
Feedback: 0.66
Received=	-0.39602
Feedback: 0.66
Received=	-0.26371
Feedback: 0.66
Received=	-0.039089
Feedback: 0.66
Received=	0.092052
Feedback: 0.66
Received=	-0.27017
Feedback: 0.66
Received=	-0.43863
Feedback: 0.66
Received=	-0.4943
Feedback: 0.66
Received=	-0.24514
Feedback: 0.66
Received=	-0.054984
Feedback: 0.66
Received=	-0.2189
Feedback: 0.66
Received=	-0.23884
Feedback: 0.66
Received=	-0.10446
Feedback: 0.66
Received=	0.1199
Feedback: 0.66
Received=	-0.45716
Feedback: 0.66
Received=	-0.4586
Feedback: 0.66
Received=	-0.24385
=====  12:19:57 - NF  ============
Feedback: 0.47708
Received=	-0.19541
Feedback: 0.4296
Received=	-0.18565
Feedback: 0.42003
Received=	-0.51345
Feedback: 0.74134
Received=	-0.7212
Feedback: 0.9
Received=	-0.78527
Feedback: 0.9
Received=	-0.35486
Feedback: 0.58589
Received=	0.10151
Feedback: 0.13855
Received=	0.16514
Feedback: 0.1
Received=	0.0076897
Feedback: 0.23052
Received=	-0.17029
Feedback: 0.40498
Received=	-0.20045
Feedback: 0.43454
Received=	0.20138
Feedback: 0.1
Received=	-0.15879
Feedback: 0.3937
Received=	-0.33134
Feedback: 0.56284
Received=	-0.085185
Feedback: 0.32156
Received=	0.097247
Feedback: 0.14273
Received=	0.29656
Feedback: 0.1
Received=	0.309
Feedback: 0.1
Received=	0.09181
Feedback: 0.14806
Received=	0.055597
Feedback: 0.18356
Received=	0.36491
Feedback: 0.1
Received=	0.23626
Feedback: 0.1
Received=	0.14869
Feedback: 0.1
Received=	-0.044818
Feedback: 0.28199
Received=	0.38336
Feedback: 0.1
Received=	0.44909
Feedback: 0.1
Received=	0.0030444
Feedback: 0.23507
Received=	-0.36462
Feedback: 0.59546
Received=	-0.39808
Feedback: 0.62826
Received=	-0.3461
Feedback: 0.57731
Received=	-0.40538
Feedback: 0.63542
Received=	0.070292
Feedback: 0.16915
Received=	0.016942
Feedback: 0.22145
Received=	0.0041131
Feedback: 0.23402
Received=	-0.36223
Feedback: 0.59312
Received=	-0.55236
Feedback: 0.77949
Received=	-0.66217
Feedback: 0.88712
Received=	-0.41542
Feedback: 0.64525
Received=	-0.31965
Feedback: 0.55138
Received=	-0.09712
Feedback: 0.33325
Received=	0.044704
Feedback: 0.19424
Received=	-0.00038541
Feedback: 0.23843
Received=	-0.27281
Feedback: 0.50547
Received=	-0.56495
Feedback: 0.79183
Received=	-0.76549
Feedback: 0.9
Received=	-0.61997
Feedback: 0.84576
Received=	-0.38131
Feedback: 0.61182
Received=	-0.087344
Feedback: 0.32367
Received=	0.3136
Feedback: 0.1
Received=	0.41854
Feedback: 0.1
Received=	0.36457
Feedback: 0.1
Received=	0.57144
Feedback: 0.1
Received=	0.2914
Feedback: 0.1
Received=	-0.1029
Feedback: 0.33892
Received=	-0.095007
Feedback: 0.33118
Received=	0.58865
Feedback: 0.1
Received=	0.75699
Feedback: 0.1
Received=	0.13088
Feedback: 0.10976
Received=	-0.32085
Feedback: 0.55256
Calculated range:	[(-2.000000) - (2.000000)]
Success index = (0.591185)
Received=	-0.34275
=====  12:22:57 - BASE  ============
Feedback: 0.66
Received=	-0.10046
Feedback: 0.66
Received=	-0.31543
Feedback: 0.66
Received=	-0.039391
Feedback: 0.66
Received=	-0.066318
Feedback: 0.66
Received=	0.27576
Feedback: 0.66
Received=	0.255
Feedback: 0.66
Received=	-0.30929
Feedback: 0.66
Received=	-0.64714
Feedback: 0.66
Received=	-0.50559
Feedback: 0.66
Received=	-0.72869
Feedback: 0.66
Received=	-0.50943
Feedback: 0.66
Received=	-0.012743
Feedback: 0.66
Received=	0.27216
Feedback: 0.66
Received=	0.19292
Feedback: 0.66
Received=	0.11313
Feedback: 0.66
Received=	0.074521
Feedback: 0.66
Received=	-0.051752
Feedback: 0.66
Received=	-0.20079
Feedback: 0.66
Received=	-0.12496
Feedback: 0.66
Received=	0.00079808
=====  12:23:57 - NF  ============
Feedback: 0.41756
Received=	0.26014
Feedback: 0.25327
Received=	0.1938
Feedback: 0.2953
Received=	-0.1344
Feedback: 0.50321
Received=	-0.022769
Feedback: 0.43249
Received=	-0.21333
Feedback: 0.55321
Received=	-0.28505
Feedback: 0.59865
Received=	-0.33587
Feedback: 0.63084
Received=	-0.41092
Feedback: 0.67838
Received=	-0.45425
Feedback: 0.70583
Received=	-0.50067
Feedback: 0.73524
Received=	-0.32545
Feedback: 0.62424
Received=	-0.28694
Feedback: 0.59984
Received=	-0.19936
Feedback: 0.54436
Received=	-0.40073
Feedback: 0.67193
Received=	-0.34971
Feedback: 0.6396
Received=	-0.12918
Feedback: 0.4999
Received=	0.02143
Feedback: 0.40449
Received=	0.1458
Feedback: 0.3257
Received=	-0.20957
Feedback: 0.55083
Received=	-0.22038
Feedback: 0.55768
Received=	-0.18545
Feedback: 0.53555
Received=	-0.59294
Feedback: 0.79369
Received=	-0.59332
Feedback: 0.79393
Received=	-0.042069
Feedback: 0.44472
Received=	0.12006
Feedback: 0.34201
Received=	0.024413
Feedback: 0.4026
Received=	-0.023984
Feedback: 0.43326
Received=	0.29868
Feedback: 0.22885
Received=	0.28448
Feedback: 0.23785
Received=	0.046077
Feedback: 0.38888
Received=	-0.008451
Feedback: 0.42342
Received=	-0.0082137
Feedback: 0.42327
Received=	0.10086
Feedback: 0.35417
Received=	0.32448
Feedback: 0.21251
Received=	0.24728
Feedback: 0.26141
Received=	0.027791
Feedback: 0.40046
Received=	-0.20458
Feedback: 0.54767
Received=	-0.20661
Feedback: 0.54895
Received=	-0.036613
Feedback: 0.44126
Received=	-0.12208
Feedback: 0.49541
Received=	-0.39965
Feedback: 0.67124
Received=	-0.2459
Feedback: 0.57384
Received=	-0.2172
Feedback: 0.55566
Received=	0.093892
Feedback: 0.35859
Received=	0.607
Feedback: 0.1
Received=	0.77278
Feedback: 0.1
Received=	0.38136
Feedback: 0.17648
Received=	0.21928
Feedback: 0.27915
Received=	0.167
Feedback: 0.31227
Received=	0.26829
Feedback: 0.2481
Received=	0.68356
Feedback: 0.1
Received=	0.48561
Feedback: 0.11044
Received=	0.13879
Feedback: 0.33014
Received=	0.00090443
Feedback: 0.41749
Received=	-0.1326
Feedback: 0.50207
Received=	-0.12984
Feedback: 0.50032
Received=	-0.1896
Feedback: 0.53818
Received=	-0.45512
Feedback: 0.70638
Received=	-0.17362
Feedback: 0.52806
Calculated range:	[(-2.000000) - (2.000000)]
Success index = (0.287295)
Received=	-0.39107
=====  12:26:57 - BASE  ============
Feedback: 0.66
Received=	-0.25056
Feedback: 0.66
Received=	-0.14207
Feedback: 0.66
Received=	0.079785
Feedback: 0.66
Received=	0.37535
Feedback: 0.66
Received=	0.099383
Feedback: 0.66
Received=	-0.15885
Feedback: 0.66
Received=	-0.24107
Feedback: 0.66
Received=	-0.14881
Feedback: 0.66
Received=	-0.023367
Feedback: 0.66
Received=	-0.055407
Feedback: 0.66
Received=	-0.14636
Feedback: 0.66
Received=	-0.311
Feedback: 0.66
Received=	-0.24678
Feedback: 0.66
Received=	-0.30835
Feedback: 0.66
Received=	-0.13944
Feedback: 0.66
Received=	0.10695
Feedback: 0.66
Received=	-0.21163
Feedback: 0.66
Received=	-0.61641
Feedback: 0.66
Received=	-0.66909
Feedback: 0.66
Received=	-0.32358
=====  12:27:57 - NF  ============
Feedback: 0.63769
Received=	-0.11472
Feedback: 0.46893
Received=	0.018462
Feedback: 0.36131
Received=	0.090732
Feedback: 0.30292
Received=	0.26667
Feedback: 0.16076
Received=	0.12882
Feedback: 0.27215
Received=	0.0066492
Feedback: 0.37086
Received=	-0.36972
Feedback: 0.67497
Received=	-0.2513
Feedback: 0.57929
Received=	-0.04042
Feedback: 0.40889
Received=	-0.05667
Feedback: 0.42202
Received=	-0.29654
Feedback: 0.61584
Received=	-0.1977
Feedback: 0.53597
Received=	-0.18655
Feedback: 0.52696
Received=	0.092819
Feedback: 0.30123
Received=	-0.024711
Feedback: 0.3962
Received=	-0.27619
Feedback: 0.5994
Received=	-0.31075
Feedback: 0.62732
Received=	-0.37941
Feedback: 0.6828
Received=	-0.30442
Feedback: 0.62221
Received=	-0.14423
Feedback: 0.49277
Received=	-0.35487
Feedback: 0.66297
Received=	-0.29494
Feedback: 0.61455
Received=	-0.14656
Feedback: 0.49466
Received=	-0.20531
Feedback: 0.54212
Received=	-0.3435
Feedback: 0.65379
Received=	-0.35563
Feedback: 0.66359
Received=	-0.28639
Feedback: 0.60763
Received=	-0.20718
Feedback: 0.54363
Received=	0.025291
Feedback: 0.3558
Received=	-0.0056181
Feedback: 0.38077
Received=	0.16256
Feedback: 0.24488
Received=	0.22621
Feedback: 0.19345
Received=	0.37125
Feedback: 0.1
Received=	0.4206
Feedback: 0.1
Received=	-0.047191
Feedback: 0.41436
Received=	0.027364
Feedback: 0.35412
Received=	0.11856
Feedback: 0.28043
Received=	0.28442
Feedback: 0.14642
Received=	0.38995
Feedback: 0.1
Received=	0.31954
Feedback: 0.11804
Received=	0.19576
Feedback: 0.21805
Received=	-0.14636
Feedback: 0.49449
Received=	0.027836
Feedback: 0.35374
Received=	0.16387
Feedback: 0.24382
Received=	0.14779
Feedback: 0.25682
Received=	0.23974
Feedback: 0.18251
Received=	-0.023557
Feedback: 0.39527
Received=	-0.051732
Feedback: 0.41803
Received=	0.33355
Feedback: 0.10672
Received=	0.35548
Feedback: 0.1
Received=	0.183
Feedback: 0.22837
Received=	0.2072
Feedback: 0.20881
Received=	0.33644
Feedback: 0.10438
Received=	0.13259
Feedback: 0.2691
Received=	0.12049
Feedback: 0.27888
Received=	0.1312
Feedback: 0.27022
Received=	0.00064427
Feedback: 0.37571
Received=	-0.033229
Feedback: 0.40308
Received=	-0.18929
Feedback: 0.52918
Calculated range:	[(-2.000000) - (2.000000)]
Success index = (0.625202)
closing...
