Direction=-1.000000	; step=1.000000;
Received=	0
Feedback: 0.66
Received=	0
Feedback: 0.66
Received=	0
Feedback: 0.66
Received=	0.23834
Feedback: 0.66
Received=	0.055428
Feedback: 0.66
Received=	-0.50934
Feedback: 0.66
Received=	-0.26163
Feedback: 0.66
Received=	0.09476
Feedback: 0.66
Received=	0.24515
Feedback: 0.66
Received=	0.54216
Feedback: 0.66
Received=	0.25373
Feedback: 0.66
Received=	-0.025218
Feedback: 0.66
Received=	-0.33996
Feedback: 0.66
Received=	-0.37093
Feedback: 0.66
Received=	-0.011114
Feedback: 0.66
Received=	0.36152
Feedback: 0.66
Received=	-0.20414
Feedback: 0.66
Received=	-0.092826
Feedback: 0.66
Received=	-0.29114
Feedback: 0.66
Received=	-0.17941
Feedback: 0.66
Received=	-0.026285
=====  13:38:34 - NF  ============
Feedback: 0.49915
Received=	-0.21985
Feedback: 0.63636
Received=	-0.35398
Feedback: 0.73143
Received=	-0.28915
Feedback: 0.68548
Received=	0.16327
Feedback: 0.36479
Received=	0.18274
Feedback: 0.35099
Received=	-0.28559
Feedback: 0.68295
Received=	-0.24855
Feedback: 0.6567
Received=	-0.17054
Feedback: 0.60141
Received=	0.30845
Feedback: 0.26188
Received=	0.10065
Feedback: 0.40918
Received=	-0.24348
Feedback: 0.6531
Received=	-0.16043
Feedback: 0.59424
Received=	0.087107
Feedback: 0.41878
Received=	0.39115
Feedback: 0.20326
Received=	0.36002
Feedback: 0.22533
Received=	0.21126
Feedback: 0.33078
Received=	0.012879
Feedback: 0.47139
Received=	0.27162
Feedback: 0.28799
Received=	0.39026
Feedback: 0.2039
Received=	-0.034849
Feedback: 0.50522
Received=	0.073065
Feedback: 0.42873
Received=	0.23575
Feedback: 0.31342
Received=	-0.088453
Feedback: 0.54322
Received=	-0.27557
Feedback: 0.67585
Received=	0.092597
Feedback: 0.41489
Received=	0.56444
Feedback: 0.1
Received=	0.27962
Feedback: 0.28232
Received=	-0.26911
Feedback: 0.67128
Received=	-0.42873
Feedback: 0.78442
Received=	-0.37687
Feedback: 0.74765
Received=	0.095486
Feedback: 0.41284
Received=	-0.017494
Feedback: 0.49292
Received=	-0.078258
Feedback: 0.53599
Received=	0.17589
Feedback: 0.35585
Received=	0.49289
Feedback: 0.13115
Received=	0.4531
Feedback: 0.15935
Received=	0.20625
Feedback: 0.33433
Received=	0.19985
Feedback: 0.33886
Received=	0.13322
Feedback: 0.38609
Received=	0.08415
Feedback: 0.42087
Received=	0.67871
Feedback: 0.1
Received=	0.89461
Feedback: 0.1
Received=	0.54726
Feedback: 0.1
Received=	-0.047713
Feedback: 0.51434
Received=	-0.1435
Feedback: 0.58224
Received=	-0.055575
Feedback: 0.51991
Received=	-0.18376
Feedback: 0.61077
Received=	-0.11096
Feedback: 0.55917
Received=	0.059429
Feedback: 0.4384
Received=	0.32212
Feedback: 0.2522
Received=	0.58129
Feedback: 0.1
Received=	-0.070525
Feedback: 0.53051
Received=	-0.47227
Feedback: 0.81528
Received=	0.032881
Feedback: 0.45722
Received=	0.37306
Feedback: 0.21609
Received=	0.15442
Feedback: 0.37107
Received=	0.08688
Feedback: 0.41894
Received=	-0.16105
Feedback: 0.59467
Received=	0.4758
Feedback: 0.14326
Calculated range:	[(-2.000000) - (2.000000)]
Success index = (0.377759)
Received=	0.56246
=====  13:41:34 - BASE  ============
Feedback: 0.66
Received=	-0.34978
Feedback: 0.66
Received=	-0.37718
Feedback: 0.66
Received=	-0.15345
Feedback: 0.66
Received=	-0.013438
Feedback: 0.66
Received=	0.15632
Feedback: 0.66
Received=	0.080208
Feedback: 0.66
Received=	0.030126
Feedback: 0.66
Received=	0.071974
Feedback: 0.66
Received=	0.28299
Feedback: 0.66
Received=	-0.092793
Feedback: 0.66
Received=	-0.29971
Feedback: 0.66
Received=	0.14529
Feedback: 0.66
Received=	0.19737
Feedback: 0.66
Received=	0.34595
Feedback: 0.66
Received=	0.57317
Feedback: 0.66
Received=	0.41511
Feedback: 0.66
Received=	-0.15369
Feedback: 0.66
Received=	-0.6149
Feedback: 0.66
Received=	-0.24482
Feedback: 0.66
Received=	-0.62795
=====  13:42:34 - NF  ============
Feedback: 0.9
Received=	-0.37953
Feedback: 0.76707
Received=	0.02926
Feedback: 0.49337
Received=	0.17259
Feedback: 0.39741
Received=	-0.047094
Feedback: 0.54449
Received=	-0.066146
Feedback: 0.55725
Received=	-0.10537
Feedback: 0.58351
Received=	0.39589
Feedback: 0.24791
Received=	0.11691
Feedback: 0.43469
Received=	0.096491
Feedback: 0.44836
Received=	0.28364
Feedback: 0.32306
Received=	0.10517
Feedback: 0.44255
Received=	0.18864
Feedback: 0.38666
Received=	0.39759
Feedback: 0.24677
Received=	-0.026484
Feedback: 0.53069
Received=	-0.34094
Feedback: 0.74123
Received=	-0.020704
Feedback: 0.52682
Received=	0.51326
Feedback: 0.16932
Received=	0.30922
Feedback: 0.30593
Received=	-0.20349
Feedback: 0.64921
Received=	0.23622
Feedback: 0.35481
Received=	0.16819
Feedback: 0.40036
Received=	-0.42371
Feedback: 0.79665
Received=	-0.0092767
Feedback: 0.51917
Received=	-0.01231
Feedback: 0.5212
Received=	-0.36156
Feedback: 0.75503
Received=	0.16045
Feedback: 0.40554
Received=	0.65071
Feedback: 0.1
Received=	0.25069
Feedback: 0.34512
Received=	-0.17636
Feedback: 0.63104
Received=	-0.06872
Feedback: 0.55897
Received=	0.46291
Feedback: 0.20303
Received=	-0.054739
Feedback: 0.54961
Received=	-0.49977
Feedback: 0.84757
Received=	0.14055
Feedback: 0.41886
Received=	-0.10526
Feedback: 0.58344
Received=	0.25612
Feedback: 0.34148
Received=	0.39078
Feedback: 0.25133
Received=	0.14866
Feedback: 0.41343
Received=	-0.049422
Feedback: 0.54605
Received=	-0.21121
Feedback: 0.65437
Received=	0.096555
Feedback: 0.44832
Received=	0.23001
Feedback: 0.35897
Received=	0.4464
Feedback: 0.21409
Received=	0.28933
Feedback: 0.31925
Received=	0.36434
Feedback: 0.26903
Received=	0.48664
Feedback: 0.18715
Received=	0.99205
Feedback: 0.1
Received=	0.13772
Feedback: 0.42076
Received=	-0.79881
Feedback: 0.9
Received=	-0.39294
Feedback: 0.77604
Received=	0.68386
Feedback: 0.1
Received=	0.57315
Feedback: 0.12922
Received=	-0.1451
Feedback: 0.61011
Received=	0.42258
Feedback: 0.23003
Received=	0.47682
Feedback: 0.19372
Received=	0.10136
Feedback: 0.4451
Received=	0.28863
Feedback: 0.31972
Received=	0.22213
Feedback: 0.36424
Received=	0.028224
Feedback: 0.49407
Calculated range:	[(-2.000000) - (2.000000)]
Success index = (0.257723)
Received=	0.34055
=====  13:45:34 - BASE  ============
Feedback: 0.66
Received=	0.46277
Feedback: 0.66
Received=	-0.20005
Feedback: 0.66
Received=	0.60034
Feedback: 0.66
Received=	0.69264
Feedback: 0.66
Received=	0.01918
Feedback: 0.66
Received=	-0.29951
Feedback: 0.66
Received=	0.13877
Feedback: 0.66
Received=	1.021
Feedback: 0.66
Received=	0.151
Feedback: 0.66
Received=	-0.25909
Feedback: 0.66
Received=	-0.34602
Feedback: 0.66
Received=	-0.21408
Feedback: 0.66
Received=	0.34253
Feedback: 0.66
Received=	0.5158
Feedback: 0.66
Received=	0.16894
Feedback: 0.66
Received=	-0.1166
Feedback: 0.66
Received=	-0.037203
Feedback: 0.66
Received=	0.48504
Feedback: 0.66
Received=	1.1491
Feedback: 0.66
Received=	0.4414
=====  13:46:34 - NF  ============
Feedback: 0.39825
Received=	-0.13257
Feedback: 0.65259
Received=	-0.078127
Feedback: 0.62846
Received=	0.21236
Feedback: 0.49974
Received=	0.372
Feedback: 0.429
Received=	0.50923
Feedback: 0.36819
Received=	0.56323
Feedback: 0.34426
Received=	0.27937
Feedback: 0.47004
Received=	-0.11156
Feedback: 0.64328
Received=	-0.26974
Feedback: 0.71337
Received=	0.20104
Feedback: 0.50475
Received=	0.51221
Feedback: 0.36687
Received=	1.0422
Feedback: 0.132
Received=	0.63841
Feedback: 0.31094
Received=	0.2155
Feedback: 0.49835
Received=	-0.13852
Feedback: 0.65522
Received=	-0.010855
Feedback: 0.59865
Received=	0.5595
Feedback: 0.34591
Received=	0.76015
Feedback: 0.257
Received=	0.67048
Feedback: 0.29673
Received=	0.38856
Feedback: 0.42166
Received=	-0.37803
Feedback: 0.76136
Received=	0.24285
Feedback: 0.48623
Received=	0.018561
Feedback: 0.58562
Received=	0.52383
Feedback: 0.36172
Received=	0.59291
Feedback: 0.33111
Received=	0.072687
Feedback: 0.56163
Received=	-0.28739
Feedback: 0.72119
Received=	-0.032105
Feedback: 0.60807
Received=	0.13272
Feedback: 0.53503
Received=	0.16155
Feedback: 0.52225
Received=	0.3103
Feedback: 0.45634
Received=	0.57583
Feedback: 0.33868
Received=	0.64521
Feedback: 0.30793
Received=	-0.16159
Feedback: 0.66545
Received=	-0.069252
Feedback: 0.62453
Received=	0.29671
Feedback: 0.46236
Received=	0.24972
Feedback: 0.48318
Received=	0.70435
Feedback: 0.28173
Received=	0.17923
Feedback: 0.51442
Received=	-0.032913
Feedback: 0.60843
Received=	0.30184
Feedback: 0.46009
Received=	0.68848
Feedback: 0.28876
Received=	0.89723
Feedback: 0.19625
Received=	1.1252
Feedback: 0.1
Received=	0.60936
Feedback: 0.32382
Received=	-0.053679
Feedback: 0.61763
Received=	0.29151
Feedback: 0.46466
Received=	-0.035902
Feedback: 0.60975
Received=	-0.28671
Feedback: 0.72089
Received=	0.50327
Feedback: 0.37083
Received=	0.73076
Feedback: 0.27002
Received=	-0.011266
Feedback: 0.59883
Received=	-0.47406
Feedback: 0.80391
Received=	-0.3867
Feedback: 0.7652
Received=	0.022025
Feedback: 0.58408
Received=	0.36219
Feedback: 0.43335
Received=	0.77167
Feedback: 0.25189
Received=	0.12491
Feedback: 0.53849
Received=	0.31295
Feedback: 0.45516
Calculated range:	[(-2.000000) - (2.000000)]
Success index = (0.135797)
Received=	0.59248
=====  13:49:34 - BASE  ============
Feedback: 0.66
Received=	0.63764
Feedback: 0.66
Received=	0.4052
Feedback: 0.66
Received=	0.27686
Feedback: 0.66
Received=	0.2088
Feedback: 0.66
Received=	0.13614
Feedback: 0.66
Received=	-0.031292
Feedback: 0.66
Received=	0.67213
Feedback: 0.66
Received=	0.98317
Feedback: 0.66
Received=	0.91562
Feedback: 0.66
Received=	0.24492
Feedback: 0.66
Received=	-0.11505
Feedback: 0.66
Received=	-0.0232
Feedback: 0.66
Received=	0.33077
Feedback: 0.66
Received=	0.25511
Feedback: 0.66
Received=	0.014194
Feedback: 0.66
Received=	0.26424
Feedback: 0.66
Received=	0.35962
Feedback: 0.66
Received=	-0.083286
Feedback: 0.66
Received=	-0.14819
Feedback: 0.66
Received=	0.084106
=====  13:50:34 - NF  ============
Feedback: 0.6068
Received=	0.76847
Feedback: 0.18938
Received=	0.32283
Feedback: 0.46119
Received=	0.10312
Feedback: 0.59521
Received=	-0.12158
Feedback: 0.73226
Received=	0.19093
Feedback: 0.54165
Received=	0.73217
Feedback: 0.21152
Received=	0.45174
Feedback: 0.38257
Received=	0.45498
Feedback: 0.38059
Received=	0.47334
Feedback: 0.36939
Received=	0.65156
Feedback: 0.26068
Received=	0.70763
Feedback: 0.22649
Received=	0.29738
Feedback: 0.47672
Received=	0.42276
Feedback: 0.40024
Received=	0.59932
Feedback: 0.29255
Received=	0.50275
Feedback: 0.35145
Received=	-0.10683
Feedback: 0.72327
Received=	-0.079654
Feedback: 0.70669
Received=	0.16637
Feedback: 0.55662
Received=	0.119
Feedback: 0.58552
Received=	0.32829
Feedback: 0.45787
Received=	1.4859
Feedback: 0.1
Received=	0.95933
Feedback: 0.1
Received=	0.19867
Feedback: 0.53693
Received=	0.15711
Feedback: 0.56227
Received=	0.47728
Feedback: 0.36699
Received=	0.6574
Feedback: 0.25712
Received=	0.68318
Feedback: 0.2414
Received=	0.56678
Feedback: 0.3124
Received=	0.45411
Feedback: 0.38112
Received=	-0.13601
Feedback: 0.74106
Received=	-0.059741
Feedback: 0.69454
Received=	0.84577
Feedback: 0.14223
Received=	0.6643
Feedback: 0.25292
Received=	0.065485
Feedback: 0.61816
Received=	-0.14298
Feedback: 0.74531
Received=	0.56957
Feedback: 0.31069
Received=	0.85914
Feedback: 0.13407
Received=	0.74549
Feedback: 0.20339
Received=	1.065
Feedback: 0.1
Received=	0.75193
Feedback: 0.19946
Received=	-0.38144
Feedback: 0.89076
Received=	-0.080472
Feedback: 0.70719
Received=	0.57753
Feedback: 0.30584
Received=	0.82432
Feedback: 0.15531
Received=	-0.015231
Feedback: 0.66739
Received=	-0.28611
Feedback: 0.83261
Received=	-0.20001
Feedback: 0.7801
Received=	0.24465
Feedback: 0.50888
Received=	0.72175
Feedback: 0.21787
Received=	0.7186
Feedback: 0.2198
Received=	0.34591
Feedback: 0.44712
Received=	0.43281
Feedback: 0.39411
Received=	0.44249
Feedback: 0.38821
Received=	0.18772
Feedback: 0.5436
Received=	0.50674
Feedback: 0.34902
Received=	0.17145
Feedback: 0.55353
Received=	-0.16646
Feedback: 0.75964
Received=	0.10576
Feedback: 0.59359
Received=	0.86748
Feedback: 0.12899
Calculated range:	[(-2.000000) - (2.000000)]
Success index = (0.335646)
Received=	0.21962
=====  13:53:34 - BASE  ============
Feedback: 0.66
Received=	0.15808
Feedback: 0.66
Received=	0.13494
Feedback: 0.66
Received=	-0.12675
Feedback: 0.66
Received=	0.089128
Feedback: 0.66
Received=	-0.017345
Feedback: 0.66
Received=	-0.21744
Feedback: 0.66
Received=	0.38601
Feedback: 0.66
Received=	0.63974
Feedback: 0.66
Received=	0.26071
Feedback: 0.66
Received=	-0.35316
Feedback: 0.66
Received=	-0.28913
Feedback: 0.66
Received=	-0.076372
Feedback: 0.66
Received=	-0.0083158
Feedback: 0.66
Received=	0.076584
Feedback: 0.66
Received=	-0.024434
Feedback: 0.66
Received=	-0.068665
Feedback: 0.66
Received=	0.062002
Feedback: 0.66
Received=	-0.016623
Feedback: 0.66
Received=	0.66877
Feedback: 0.66
Received=	0.45474
=====  13:54:34 - NF  ============
Feedback: 0.2186
Received=	-0.09427
Feedback: 0.61217
Received=	-0.27317
Feedback: 0.74042
Received=	-0.20066
Feedback: 0.68844
Received=	-0.33899
Feedback: 0.78761
Received=	-0.23818
Feedback: 0.71534
Received=	-0.087394
Feedback: 0.60724
Received=	0.42951
Feedback: 0.23668
Received=	0.69716
Feedback: 0.1
Received=	0.20942
Feedback: 0.39446
Received=	0.14208
Feedback: 0.44273
Received=	0.48425
Feedback: 0.19745
Received=	0.41926
Feedback: 0.24403
Received=	0.56725
Feedback: 0.13794
Received=	-0.25235
Feedback: 0.7255
Received=	-0.38584
Feedback: 0.82119
Received=	0.098009
Feedback: 0.47433
Received=	1.2776
Feedback: 0.1
Received=	1.1625
Feedback: 0.1
Received=	0.49715
Feedback: 0.1882
Received=	0.26725
Feedback: 0.35301
Received=	-0.3769
Feedback: 0.81478
Received=	0.28764
Feedback: 0.33839
Received=	1.0936
Feedback: 0.1
Received=	0.45153
Feedback: 0.2209
Received=	0.054912
Feedback: 0.50523
Received=	-0.010507
Feedback: 0.55212
Received=	0.64679
Feedback: 0.1
Received=	0.31453
Feedback: 0.31911
Received=	0.17383
Feedback: 0.41998
Received=	0.078036
Feedback: 0.48865
Received=	0.69739
Feedback: 0.1
Received=	1.2536
Feedback: 0.1
Received=	0.48987
Feedback: 0.19342
Received=	-0.21647
Feedback: 0.69977
Received=	-0.19297
Feedback: 0.68293
Received=	0.2276
Feedback: 0.38143
Received=	0.32346
Feedback: 0.31271
Received=	0.081206
Feedback: 0.48638
Received=	0.47055
Feedback: 0.20726
Received=	0.38077
Feedback: 0.27163
Received=	0.53705
Feedback: 0.15959
Received=	0.59399
Feedback: 0.11878
Received=	0.9536
Feedback: 0.1
Received=	0.78723
Feedback: 0.1
Received=	0.81692
Feedback: 0.1
Received=	0.15742
Feedback: 0.43174
Received=	-0.30307
Feedback: 0.76185
Received=	0.033224
Feedback: 0.52077
Received=	0.36132
Feedback: 0.28557
Received=	0.084184
Feedback: 0.48424
Received=	0.71996
Feedback: 0.1
Received=	0.75681
Feedback: 0.1
Received=	-0.23381
Feedback: 0.7122
Received=	-0.36488
Feedback: 0.80617
Received=	0.74886
Feedback: 0.1
Received=	0.40737
Feedback: 0.25256
Received=	0.30989
Feedback: 0.32244
Received=	0.81956
Feedback: 0.1
Received=	0.89111
Feedback: 0.1
Calculated range:	[(-2.000000) - (2.000000)]
Success index = (0.644023)
closing...
