Direction=-1.000000	; step=1.000000;
Received=	0
Feedback: 0.66
Received=	0
Feedback: 0.66
Received=	0
Feedback: 0.66
Received=	0.29577
Feedback: 0.66
Received=	0.086035
Feedback: 0.66
Received=	-0.08583
Feedback: 0.66
Received=	-0.30846
Feedback: 0.66
Received=	-0.43509
Feedback: 0.66
Received=	-0.11206
Feedback: 0.66
Received=	0.38703
Feedback: 0.66
Received=	0.9426
Feedback: 0.66
Received=	0.80042
Feedback: 0.66
Received=	1.1044
Feedback: 0.66
Received=	1.1291
Feedback: 0.66
Received=	0.82072
Feedback: 0.66
Received=	0.61312
Feedback: 0.66
Received=	0.43471
Feedback: 0.66
Received=	0.59021
Feedback: 0.66
Received=	0.90485
Feedback: 0.66
Received=	0.95628
Feedback: 0.66
Received=	0.44393
=====  14:44:45 - NF  ============
Feedback: 0.50297
Received=	0.064323
Feedback: 0.65523
Received=	-0.14603
Feedback: 0.73961
Received=	0.061939
Feedback: 0.65619
Received=	0.17803
Feedback: 0.60962
Received=	0.20565
Feedback: 0.59854
Received=	0.16921
Feedback: 0.61316
Received=	0.0048191
Feedback: 0.6791
Received=	-0.11588
Feedback: 0.72752
Received=	0.005963
Feedback: 0.67864
Received=	0.18654
Feedback: 0.60621
Received=	0.037539
Feedback: 0.66598
Received=	0.15166
Feedback: 0.6202
Received=	0.319
Feedback: 0.55308
Received=	0.12692
Feedback: 0.63012
Received=	-0.029745
Feedback: 0.69296
Received=	0.21636
Feedback: 0.59425
Received=	0.48677
Feedback: 0.48578
Received=	0.12768
Feedback: 0.62982
Received=	0.16531
Feedback: 0.61472
Received=	0.13178
Feedback: 0.62818
Received=	0.053195
Feedback: 0.6597
Received=	0.14878
Feedback: 0.62136
Received=	0.45874
Feedback: 0.49702
Received=	0.42189
Feedback: 0.51181
Received=	0.67897
Feedback: 0.40869
Received=	1.0234
Feedback: 0.27053
Received=	0.99509
Feedback: 0.28189
Received=	0.77251
Feedback: 0.37117
Received=	0.71535
Feedback: 0.39409
Received=	0.38256
Feedback: 0.52758
Received=	-0.26524
Feedback: 0.78743
Received=	-0.22974
Feedback: 0.77319
Received=	-0.12299
Feedback: 0.73037
Received=	0.037404
Feedback: 0.66603
Received=	0.34673
Feedback: 0.54196
Received=	0.47688
Feedback: 0.48975
Received=	0.23986
Feedback: 0.58482
Received=	0.22834
Feedback: 0.58944
Received=	0.33489
Feedback: 0.54671
Received=	0.29
Feedback: 0.56471
Received=	0.44593
Feedback: 0.50216
Received=	0.20291
Feedback: 0.59964
Received=	0.066032
Feedback: 0.65455
Received=	0.051697
Feedback: 0.6603
Received=	0.29563
Feedback: 0.56245
Received=	0.27436
Feedback: 0.57098
Received=	-0.10197
Feedback: 0.72193
Received=	-0.16865
Feedback: 0.74868
Received=	0.021029
Feedback: 0.6726
Received=	0.058016
Feedback: 0.65776
Received=	0.058307
Feedback: 0.65765
Received=	0.15909
Feedback: 0.61722
Received=	-0.083509
Feedback: 0.71453
Received=	-0.030914
Feedback: 0.69343
Received=	0.22463
Feedback: 0.59093
Received=	0.12805
Feedback: 0.62967
Received=	-0.051622
Feedback: 0.70174
Received=	-0.01104
Feedback: 0.68546
Received=	0.10015
Feedback: 0.64086
Calculated range:	[(-2.000000) - (2.000000)]
Success index = (-0.813671)
Received=	0.10497
=====  14:47:45 - BASE  ============
Feedback: 0.66
Received=	0.16006
Feedback: 0.66
Received=	0.24599
Feedback: 0.66
Received=	0.23663
Feedback: 0.66
Received=	0.53815
Feedback: 0.66
Received=	0.6337
Feedback: 0.66
Received=	0.13093
Feedback: 0.66
Received=	-0.18532
Feedback: 0.66
Received=	0.048884
Feedback: 0.66
Received=	-0.021426
Feedback: 0.66
Received=	0.055796
Feedback: 0.66
Received=	0.054828
Feedback: 0.66
Received=	-0.055682
Feedback: 0.66
Received=	-0.085033
Feedback: 0.66
Received=	0.012991
Feedback: 0.66
Received=	0.051082
Feedback: 0.66
Received=	0.032426
Feedback: 0.66
Received=	-0.026995
Feedback: 0.66
Received=	0.1137
Feedback: 0.66
Received=	0.25018
Feedback: 0.66
Received=	0.20283
=====  14:48:45 - NF  ============
Feedback: 0.4131
Received=	0.20782
Feedback: 0.40828
Received=	0.064437
Feedback: 0.54672
Received=	0.23555
Feedback: 0.3815
Received=	0.60707
Feedback: 0.1
Received=	0.80306
Feedback: 0.1
Received=	0.61681
Feedback: 0.1
Received=	0.46466
Feedback: 0.16029
Received=	0.19056
Feedback: 0.42494
Received=	-0.20365
Feedback: 0.80556
Received=	-0.18315
Feedback: 0.78577
Received=	-0.10425
Feedback: 0.70959
Received=	-0.011002
Feedback: 0.61956
Received=	-0.060365
Feedback: 0.66722
Received=	-0.0055712
Feedback: 0.61431
Received=	-0.084735
Feedback: 0.69075
Received=	-0.11383
Feedback: 0.71884
Received=	0.10586
Feedback: 0.50672
Received=	0.28793
Feedback: 0.33093
Received=	-0.067499
Feedback: 0.67411
Received=	-0.14471
Feedback: 0.74866
Received=	0.027316
Feedback: 0.58256
Received=	0.37235
Feedback: 0.24942
Received=	0.68555
Feedback: 0.1
Received=	0.23966
Feedback: 0.37754
Received=	0.018781
Feedback: 0.5908
Received=	0.15104
Feedback: 0.4631
Received=	0.14243
Feedback: 0.47141
Received=	-0.034329
Feedback: 0.64208
Received=	-0.20002
Feedback: 0.80206
Received=	-0.18361
Feedback: 0.78621
Received=	-0.050831
Feedback: 0.65801
Received=	0.13793
Feedback: 0.47576
Received=	0.11225
Feedback: 0.50056
Received=	-0.0022828
Feedback: 0.61114
Received=	-0.081201
Feedback: 0.68734
Received=	0.16854
Feedback: 0.44621
Received=	0.13949
Feedback: 0.47425
Received=	0.050048
Feedback: 0.56061
Received=	-0.11552
Feedback: 0.72047
Received=	-0.040274
Feedback: 0.64782
Received=	-0.0088129
Feedback: 0.61744
Received=	-0.11236
Feedback: 0.71742
Received=	0.081085
Feedback: 0.53064
Received=	0.041432
Feedback: 0.56893
Received=	0.2005
Feedback: 0.41534
Received=	0.18323
Feedback: 0.43202
Received=	0.15966
Feedback: 0.45477
Received=	-0.079667
Feedback: 0.68586
Received=	0.052909
Feedback: 0.55785
Received=	0.27597
Feedback: 0.34248
Received=	0.35461
Feedback: 0.26654
Received=	0.3187
Feedback: 0.30122
Received=	0.14075
Feedback: 0.47303
Received=	-0.10385
Feedback: 0.7092
Received=	0.088864
Feedback: 0.52313
Received=	0.24007
Feedback: 0.37714
Received=	0.13776
Feedback: 0.47592
Received=	0.10682
Feedback: 0.5058
Received=	0.01862
Feedback: 0.59096
Calculated range:	[(-2.000000) - (2.000000)]
Success index = (-0.025454)
Received=	0.011341
=====  14:51:45 - BASE  ============
Feedback: 0.66
Received=	0.020361
Feedback: 0.66
Received=	0.072776
Feedback: 0.66
Received=	0.23551
Feedback: 0.66
Received=	0.3103
Feedback: 0.66
Received=	0.19991
Feedback: 0.66
Received=	0.14314
Feedback: 0.66
Received=	-0.10955
Feedback: 0.66
Received=	0.1249
Feedback: 0.66
Received=	0.13284
Feedback: 0.66
Received=	0.24484
Feedback: 0.66
Received=	0.24589
Feedback: 0.66
Received=	-0.0057164
Feedback: 0.66
Received=	-0.081704
Feedback: 0.66
Received=	-0.17012
Feedback: 0.66
Received=	0.13799
Feedback: 0.66
Received=	0.40752
Feedback: 0.66
Received=	0.48266
Feedback: 0.66
Received=	0.1521
Feedback: 0.66
Received=	5.4829e-05
Feedback: 0.66
Received=	0.41964
=====  14:52:45 - NF  ============
Feedback: 0.17613
Received=	0.93882
Feedback: 0.1
Received=	0.84501
Feedback: 0.1
Received=	0.54477
Feedback: 0.1
Received=	0.31778
Feedback: 0.29417
Received=	0.13615
Feedback: 0.50467
Received=	0.11351
Feedback: 0.53092
Received=	0.062748
Feedback: 0.58975
Received=	0.27126
Feedback: 0.34809
Received=	0.20837
Feedback: 0.42097
Received=	0.14292
Feedback: 0.49683
Received=	0.056682
Feedback: 0.59678
Received=	0.0015053
Feedback: 0.66072
Received=	0.48141
Feedback: 0.10454
Received=	0.5119
Feedback: 0.1
Received=	0.21785
Feedback: 0.40999
Received=	-0.016637
Feedback: 0.68175
Received=	0.002593
Feedback: 0.65946
Received=	0.10028
Feedback: 0.54625
Received=	0.31577
Feedback: 0.29651
Received=	0.15448
Feedback: 0.48343
Received=	-0.008363
Feedback: 0.67216
Received=	0.28601
Feedback: 0.33099
Received=	0.44871
Feedback: 0.14244
Received=	0.62532
Feedback: 0.1
Received=	0.90672
Feedback: 0.1
Received=	0.75873
Feedback: 0.1
Received=	0.47556
Feedback: 0.11132
Received=	0.30198
Feedback: 0.31249
Received=	0.26022
Feedback: 0.36089
Received=	0.67977
Feedback: 0.1
Received=	0.54085
Feedback: 0.1
Received=	0.29182
Feedback: 0.32426
Received=	-0.11168
Feedback: 0.79189
Received=	0.046991
Feedback: 0.60801
Received=	0.52759
Feedback: 0.1
Received=	0.79393
Feedback: 0.1
Received=	0.82286
Feedback: 0.1
Received=	0.38997
Feedback: 0.21051
Received=	-0.11821
Feedback: 0.79947
Received=	-0.19323
Feedback: 0.88641
Received=	0.057971
Feedback: 0.59528
Received=	0.30029
Feedback: 0.31445
Received=	0.5722
Feedback: 0.1
Received=	0.62498
Feedback: 0.1
Received=	0.62128
Feedback: 0.1
Received=	0.79633
Feedback: 0.1
Received=	0.64671
Feedback: 0.1
Received=	0.42471
Feedback: 0.17025
Received=	0.12596
Feedback: 0.51649
Received=	-0.083445
Feedback: 0.75918
Received=	0.26125
Feedback: 0.35969
Received=	0.56935
Feedback: 0.1
Received=	0.47396
Feedback: 0.11317
Received=	0.099068
Feedback: 0.54765
Received=	0.18511
Feedback: 0.44794
Received=	0.24187
Feedback: 0.38215
Received=	-0.018215
Feedback: 0.68358
Received=	-0.092963
Feedback: 0.77021
Received=	0.0543
Feedback: 0.59954
Calculated range:	[(-2.000000) - (2.000000)]
Success index = (0.693759)
Received=	0.079118
=====  14:55:45 - BASE  ============
Feedback: 0.66
Received=	0.22465
Feedback: 0.66
Received=	0.53674
Feedback: 0.66
Received=	0.88442
Feedback: 0.66
Received=	0.57658
Feedback: 0.66
Received=	0.13868
Feedback: 0.66
Received=	0.20545
Feedback: 0.66
Received=	0.19428
Feedback: 0.66
Received=	0.0045827
Feedback: 0.66
Received=	0.010467
Feedback: 0.66
Received=	0.23583
Feedback: 0.66
Received=	0.36143
Feedback: 0.66
Received=	0.54015
Feedback: 0.66
Received=	0.4745
Feedback: 0.66
Received=	0.3309
Feedback: 0.66
Received=	0.33627
Feedback: 0.66
Received=	0.30605
Feedback: 0.66
Received=	-0.10958
Feedback: 0.66
Received=	-0.19984
Feedback: 0.66
Received=	-0.12461
Feedback: 0.66
Received=	0.2547
=====  14:56:45 - NF  ============
Feedback: 0.50462
Received=	0.1738
Feedback: 0.56182
Received=	0.6398
Feedback: 0.23237
Received=	0.55409
Feedback: 0.29296
Received=	-0.043816
Feedback: 0.71567
Received=	-0.31479
Feedback: 0.9
Received=	0.17958
Feedback: 0.55773
Received=	0.67377
Feedback: 0.20835
Received=	0.533
Feedback: 0.30787
Received=	0.65901
Feedback: 0.21878
Received=	0.54765
Feedback: 0.29751
Received=	0.19779
Feedback: 0.54486
Received=	-0.064637
Feedback: 0.73039
Received=	-0.24026
Feedback: 0.85455
Received=	-0.33152
Feedback: 0.9
Received=	-0.32178
Feedback: 0.9
Received=	-0.087792
Feedback: 0.74676
Received=	0.038618
Feedback: 0.65739
Received=	0.078005
Feedback: 0.62954
Received=	0.09026
Feedback: 0.62088
Received=	0.030638
Feedback: 0.66303
Received=	0.29351
Feedback: 0.47718
Received=	0.23701
Feedback: 0.51713
Received=	0.35557
Feedback: 0.43331
Received=	0.72012
Feedback: 0.17558
Received=	0.7114
Feedback: 0.18174
Received=	0.76073
Feedback: 0.14687
Received=	0.49013
Feedback: 0.33818
Received=	0.26882
Feedback: 0.49464
Received=	-0.010964
Feedback: 0.69244
Received=	0.2174
Feedback: 0.53099
Received=	0.24306
Feedback: 0.51285
Received=	0.35879
Feedback: 0.43103
Received=	0.38978
Feedback: 0.40913
Received=	0.67634
Feedback: 0.20653
Received=	1.1474
Feedback: 0.1
Received=	1.139
Feedback: 0.1
Received=	1.0009
Feedback: 0.1
Received=	0.6964
Feedback: 0.19235
Received=	0.47908
Feedback: 0.346
Received=	0.43005
Feedback: 0.38066
Received=	0.15668
Feedback: 0.57392
Received=	0.1416
Feedback: 0.58458
Received=	0.38287
Feedback: 0.41401
Received=	0.58894
Feedback: 0.26832
Received=	0.50469
Feedback: 0.32789
Received=	0.10724
Feedback: 0.60887
Received=	-0.0854
Feedback: 0.74507
Received=	0.021285
Feedback: 0.66964
Received=	0.27837
Feedback: 0.48789
Received=	0.31536
Feedback: 0.46174
Received=	0.33678
Feedback: 0.4466
Received=	0.48366
Feedback: 0.34275
Received=	0.16326
Feedback: 0.56927
Received=	0.17487
Feedback: 0.56106
Received=	0.43538
Feedback: 0.37689
Received=	0.76234
Feedback: 0.14573
Received=	0.98501
Feedback: 0.1
Received=	0.40369
Feedback: 0.39929
Received=	0.47462
Feedback: 0.34915
Calculated range:	[(-2.000000) - (2.000000)]
Success index = (0.245012)
Received=	0.39412
=====  14:59:45 - BASE  ============
Feedback: 0.66
Received=	0.14017
Feedback: 0.66
Received=	0.21449
Feedback: 0.66
Received=	0.75946
Feedback: 0.66
Received=	1.0081
Feedback: 0.66
Received=	0.7179
Feedback: 0.66
Received=	0.47426
Feedback: 0.66
Received=	0.12577
Feedback: 0.66
Received=	0.45724
Feedback: 0.66
Received=	0.54928
Feedback: 0.66
Received=	0.64361
Feedback: 0.66
Received=	0.34517
Feedback: 0.66
Received=	0.23534
Feedback: 0.66
Received=	0.19098
Feedback: 0.66
Received=	0.1983
Feedback: 0.66
Received=	0.44473
Feedback: 0.66
Received=	0.65753
Feedback: 0.66
Received=	0.46255
Feedback: 0.66
Received=	0.41119
Feedback: 0.66
Received=	0.56872
Feedback: 0.66
Received=	0.70012
=====  15:0:45 - NF  ============
Feedback: 0.30307
Received=	0.7243
Feedback: 0.28236
Received=	0.43164
Feedback: 0.53308
Received=	0.46453
Feedback: 0.5049
Received=	0.53278
Feedback: 0.44643
Received=	0.37046
Feedback: 0.58549
Received=	0.30499
Feedback: 0.64158
Received=	0.18866
Feedback: 0.74124
Received=	0.27172
Feedback: 0.67008
Received=	0.28309
Feedback: 0.66034
Received=	0.29284
Feedback: 0.65199
Received=	0.23657
Feedback: 0.7002
Received=	0.055217
Feedback: 0.85556
Received=	-0.0585
Feedback: 0.9
Received=	-0.19807
Feedback: 0.9
Received=	-0.32103
Feedback: 0.9
Received=	-0.32206
Feedback: 0.9
Received=	-0.27601
Feedback: 0.9
Received=	0.06294
Feedback: 0.84895
Received=	0.63298
Feedback: 0.36059
Received=	0.76451
Feedback: 0.24791
Received=	0.99949
Feedback: 0.1
Received=	0.95674
Feedback: 0.1
Received=	0.63885
Feedback: 0.35556
Received=	0.40059
Feedback: 0.55968
Received=	0.80046
Feedback: 0.21711
Received=	0.542
Feedback: 0.43854
Received=	0.48991
Feedback: 0.48316
Received=	0.43642
Feedback: 0.52899
Received=	0.78557
Feedback: 0.22987
Received=	0.87295
Feedback: 0.15501
Received=	1.0019
Feedback: 0.1
Received=	0.70213
Feedback: 0.30135
Received=	0.13328
Feedback: 0.78869
Received=	-0.19661
Feedback: 0.9
Received=	-0.20755
Feedback: 0.9
Received=	-0.023469
Feedback: 0.9
Received=	0.068895
Feedback: 0.84385
Received=	0.054292
Feedback: 0.85636
Received=	0.11593
Feedback: 0.80355
Received=	0.20581
Feedback: 0.72655
Received=	0.51779
Feedback: 0.45927
Received=	0.5712
Feedback: 0.41352
Received=	0.80092
Feedback: 0.21672
Received=	0.71531
Feedback: 0.29006
Received=	0.41626
Feedback: 0.54626
Received=	0.41963
Feedback: 0.54337
Received=	0.49969
Feedback: 0.47478
Received=	0.35923
Feedback: 0.59511
Received=	0.63845
Feedback: 0.35591
Received=	0.83359
Feedback: 0.18873
Received=	0.45897
Feedback: 0.50967
Received=	-0.034331
Feedback: 0.9
Received=	0.10535
Feedback: 0.81262
Received=	0.040533
Feedback: 0.86814
Received=	-0.16749
Feedback: 0.9
Received=	-0.19808
Feedback: 0.9
Received=	-0.18594
Feedback: 0.9
Received=	0.19531
Feedback: 0.73555
Received=	0.19807
Feedback: 0.73318
Calculated range:	[(-2.000000) - (2.000000)]
Success index = (-0.407198)
closing...
