Direction=-1.000000	; step=1.000000;
Received=	0
Feedback: 0.66
Received=	0
Feedback: 0.66
Received=	0
Feedback: 0.66
Received=	0.38312
Feedback: 0.66
Received=	0.27858
Feedback: 0.66
Received=	0.42722
Feedback: 0.66
Received=	-0.53693
Feedback: 0.66
Received=	-0.84103
Feedback: 0.66
Received=	-1.0871
Feedback: 0.66
Received=	-0.77365
Feedback: 0.66
Received=	-0.34095
Feedback: 0.66
Received=	-0.52981
Feedback: 0.66
Received=	0.05232
Feedback: 0.66
Received=	0.073157
Feedback: 0.66
Received=	0.022451
Feedback: 0.66
Received=	-0.29064
Feedback: 0.66
Received=	-0.25412
Feedback: 0.66
Received=	-0.40359
Feedback: 0.66
Received=	-0.66903
Feedback: 0.66
Received=	-0.60228
Feedback: 0.66
Received=	-0.32855
=====  12:15:6 - NF  ============
Feedback: 0.52082
Received=	-0.35053
Feedback: 0.53084
Received=	-0.29992
Feedback: 0.50776
Received=	0.28147
Feedback: 0.24264
Received=	0.032341
Feedback: 0.35624
Received=	0.014452
Feedback: 0.3644
Received=	-0.32508
Feedback: 0.51923
Received=	-0.35115
Feedback: 0.53112
Received=	-0.12978
Feedback: 0.43017
Received=	-0.14227
Feedback: 0.43587
Received=	0.071489
Feedback: 0.33839
Received=	-0.26634
Feedback: 0.49245
Received=	-0.74669
Feedback: 0.71149
Received=	-0.34325
Feedback: 0.52752
Received=	0.013645
Feedback: 0.36477
Received=	-0.13838
Feedback: 0.43409
Received=	0.034609
Feedback: 0.35521
Received=	0.40966
Feedback: 0.18418
Received=	0.23227
Feedback: 0.26507
Received=	0.38235
Feedback: 0.19663
Received=	0.24109
Feedback: 0.26105
Received=	0.073332
Feedback: 0.33755
Received=	-0.59024
Feedback: 0.64015
Received=	-0.75549
Feedback: 0.71551
Received=	-0.54893
Feedback: 0.62131
Received=	-0.24425
Feedback: 0.48237
Received=	0.027785
Feedback: 0.35832
Received=	0.14094
Feedback: 0.30672
Received=	0.55677
Feedback: 0.11709
Received=	0.17889
Feedback: 0.28942
Received=	0.11671
Feedback: 0.31777
Received=	0.22976
Feedback: 0.26622
Received=	0.040665
Feedback: 0.35245
Received=	0.34437
Feedback: 0.21395
Received=	0.22228
Feedback: 0.26963
Received=	-0.1855
Feedback: 0.45558
Received=	0.25456
Feedback: 0.25491
Received=	0.42369
Feedback: 0.17778
Received=	0.39155
Feedback: 0.19244
Received=	0.29457
Feedback: 0.23666
Received=	0.22403
Feedback: 0.26883
Received=	-0.19548
Feedback: 0.46014
Received=	-0.39177
Feedback: 0.54964
Received=	-0.24407
Feedback: 0.48229
Received=	-0.32668
Feedback: 0.51996
Received=	-0.29707
Feedback: 0.50646
Received=	0.18215
Feedback: 0.28793
Received=	0.32541
Feedback: 0.2226
Received=	0.28834
Feedback: 0.2395
Received=	0.14075
Feedback: 0.30681
Received=	0.1588
Feedback: 0.29857
Received=	-0.026597
Feedback: 0.38312
Received=	-0.15147
Feedback: 0.44007
Received=	-0.035468
Feedback: 0.38717
Received=	-0.35953
Feedback: 0.53494
Received=	-1.0638
Feedback: 0.85612
Received=	-1.4505
Feedback: 0.9
Received=	-0.96107
Feedback: 0.80925
Received=	-0.19298
Feedback: 0.459
Received=	0.31409
Feedback: 0.22776
Calculated range:	[(-2.000000) - (2.000000)]
Success index = (0.503147)
Received=	-0.1279
=====  12:18:6 - BASE  ============
Feedback: 0.66
Received=	-0.054361
Feedback: 0.66
Received=	0.60794
Feedback: 0.66
Received=	1.5432
Feedback: 0.66
Received=	0.9787
Feedback: 0.66
Received=	0.33156
Feedback: 0.66
Received=	0.21088
Feedback: 0.66
Received=	0.029614
Feedback: 0.66
Received=	-0.19821
Feedback: 0.66
Received=	-0.34817
Feedback: 0.66
Received=	-0.7038
Feedback: 0.66
Received=	-0.67006
Feedback: 0.66
Received=	-0.0020458
Feedback: 0.66
Received=	0.21637
Feedback: 0.66
Received=	0.4117
Feedback: 0.66
Received=	0.26805
Feedback: 0.66
Received=	0.48489
Feedback: 0.66
Received=	0.017361
Feedback: 0.66
Received=	-0.35834
Feedback: 0.66
Received=	-0.019229
Feedback: 0.66
Received=	0.30013
=====  12:19:6 - NF  ============
Feedback: 0.44765
Received=	0.1525
Feedback: 0.50112
Received=	-0.066556
Feedback: 0.58044
Received=	-0.0089693
Feedback: 0.55959
Received=	-0.10941
Feedback: 0.59596
Received=	0.13728
Feedback: 0.50663
Received=	0.38667
Feedback: 0.41632
Received=	-0.22075
Feedback: 0.63628
Received=	-0.55748
Feedback: 0.75821
Received=	-0.024047
Feedback: 0.56505
Received=	0.094353
Feedback: 0.52217
Received=	0.24639
Feedback: 0.46712
Received=	0.052526
Feedback: 0.53732
Received=	0.074715
Feedback: 0.52928
Received=	0.22012
Feedback: 0.47663
Received=	-0.14768
Feedback: 0.60982
Received=	-0.87329
Feedback: 0.87257
Received=	-0.83753
Feedback: 0.85962
Received=	-0.14433
Feedback: 0.6086
Received=	-0.3036
Feedback: 0.66628
Received=	-0.38539
Feedback: 0.69589
Received=	-0.54399
Feedback: 0.75333
Received=	-0.12372
Feedback: 0.60114
Received=	0.040694
Feedback: 0.5416
Received=	-0.15117
Feedback: 0.61108
Received=	0.090017
Feedback: 0.52374
Received=	0.26523
Feedback: 0.46029
Received=	0.044057
Feedback: 0.54038
Received=	0.24299
Feedback: 0.46835
Received=	0.16615
Feedback: 0.49617
Received=	0.21594
Feedback: 0.47814
Received=	0.27674
Feedback: 0.45612
Received=	-0.27725
Feedback: 0.65674
Received=	-0.34193
Feedback: 0.68016
Received=	-0.43833
Feedback: 0.71507
Received=	0.53831
Feedback: 0.36141
Received=	0.38096
Feedback: 0.41838
Received=	0.44111
Feedback: 0.39661
Received=	0.63981
Feedback: 0.32465
Received=	0.5979
Feedback: 0.33983
Received=	0.41516
Feedback: 0.406
Received=	0.26748
Feedback: 0.45948
Received=	0.40597
Feedback: 0.40933
Received=	0.46811
Feedback: 0.38683
Received=	0.86517
Feedback: 0.24304
Received=	0.31239
Feedback: 0.44322
Received=	0.011305
Feedback: 0.55224
Received=	0.31401
Feedback: 0.44263
Received=	0.35791
Feedback: 0.42673
Received=	0.1375
Feedback: 0.50655
Received=	0.032669
Feedback: 0.54451
Received=	-0.19941
Feedback: 0.62855
Received=	-0.51717
Feedback: 0.74362
Received=	-0.14315
Feedback: 0.60818
Received=	0.00036506
Feedback: 0.55621
Received=	-0.056902
Feedback: 0.57694
Received=	0.35892
Feedback: 0.42636
Received=	0.12581
Feedback: 0.51078
Received=	-0.28741
Feedback: 0.66041
Received=	-0.32024
Feedback: 0.6723
Calculated range:	[(-2.000000) - (2.000000)]
Success index = (-0.283298)
Received=	-0.061111
=====  12:22:6 - BASE  ============
Feedback: 0.66
Received=	0.26646
Feedback: 0.66
Received=	0.29703
Feedback: 0.66
Received=	0.216
Feedback: 0.66
Received=	0.029735
Feedback: 0.66
Received=	0.34566
Feedback: 0.66
Received=	0.11673
Feedback: 0.66
Received=	-0.089046
Feedback: 0.66
Received=	-0.16556
Feedback: 0.66
Received=	-0.648
Feedback: 0.66
Received=	-0.61632
Feedback: 0.66
Received=	0.2356
Feedback: 0.66
Received=	-0.27043
Feedback: 0.66
Received=	-0.55156
Feedback: 0.66
Received=	-0.070254
Feedback: 0.66
Received=	1.1282
Feedback: 0.66
Received=	1.1057
Feedback: 0.66
Received=	0.2871
Feedback: 0.66
Received=	0.33249
Feedback: 0.66
Received=	0.38167
Feedback: 0.66
Received=	-0.1729
=====  12:23:6 - NF  ============
Feedback: 0.61658
Received=	-0.012385
Feedback: 0.55151
Received=	-0.3788
Feedback: 0.70003
Received=	-0.29147
Feedback: 0.66463
Received=	0.049357
Feedback: 0.52649
Received=	-0.112
Feedback: 0.59189
Received=	-0.55526
Feedback: 0.77156
Received=	-0.95998
Feedback: 0.9
Received=	-0.18524
Feedback: 0.62158
Received=	0.63345
Feedback: 0.28974
Received=	0.29133
Feedback: 0.42841
Received=	-0.33065
Feedback: 0.68052
Received=	-0.097481
Feedback: 0.58601
Received=	-0.26065
Feedback: 0.65214
Received=	-0.16466
Feedback: 0.61324
Received=	-0.29707
Feedback: 0.66691
Received=	-0.38539
Feedback: 0.7027
Received=	-0.24123
Feedback: 0.64427
Received=	-0.82381
Feedback: 0.88041
Received=	-0.9961
Feedback: 0.9
Received=	-0.76706
Feedback: 0.8574
Received=	-0.66177
Feedback: 0.81473
Received=	-0.67604
Feedback: 0.82051
Received=	-0.41694
Feedback: 0.71549
Received=	0.27585
Feedback: 0.43468
Received=	0.52819
Feedback: 0.3324
Received=	0.37735
Feedback: 0.39355
Received=	0.1882
Feedback: 0.47021
Received=	0.24679
Feedback: 0.44647
Received=	0.49696
Feedback: 0.34507
Received=	0.3605
Feedback: 0.40038
Received=	0.096902
Feedback: 0.50722
Received=	0.32508
Feedback: 0.41473
Received=	0.31844
Feedback: 0.41742
Received=	-0.13911
Feedback: 0.60288
Received=	-0.24784
Feedback: 0.64695
Received=	-0.46399
Feedback: 0.73456
Received=	-0.75333
Feedback: 0.85184
Received=	-0.69032
Feedback: 0.8263
Received=	0.083836
Feedback: 0.51251
Received=	0.29082
Feedback: 0.42862
Received=	0.92825
Feedback: 0.17025
Received=	0.60056
Feedback: 0.30307
Received=	0.0017243
Feedback: 0.5458
Received=	-0.2188
Feedback: 0.63518
Received=	0.02603
Feedback: 0.53594
Received=	0.25445
Feedback: 0.44336
Received=	-0.55718
Feedback: 0.77233
Received=	-0.2839
Feedback: 0.66157
Received=	-0.083423
Feedback: 0.58031
Received=	-0.044109
Feedback: 0.56437
Received=	-0.14234
Feedback: 0.60419
Received=	-0.42526
Feedback: 0.71887
Received=	-0.79919
Feedback: 0.87043
Received=	-0.44676
Feedback: 0.72758
Received=	0.27647
Feedback: 0.43443
Received=	0.50669
Feedback: 0.34112
Received=	0.84858
Feedback: 0.20254
Received=	0.80861
Feedback: 0.21874
Received=	-0.08727
Feedback: 0.58187
Calculated range:	[(-2.000000) - (2.000000)]
Success index = (-0.435996)
Received=	-0.21671
=====  12:26:6 - BASE  ============
Feedback: 0.66
Received=	-0.37344
Feedback: 0.66
Received=	-0.19422
Feedback: 0.66
Received=	0.15756
Feedback: 0.66
Received=	-0.23519
Feedback: 0.66
Received=	-0.21671
Feedback: 0.66
Received=	-0.25505
Feedback: 0.66
Received=	-0.16642
Feedback: 0.66
Received=	0.13115
Feedback: 0.66
Received=	-0.16933
Feedback: 0.66
Received=	0.381
Feedback: 0.66
Received=	0.27955
Feedback: 0.66
Received=	-0.073416
Feedback: 0.66
Received=	0.014539
Feedback: 0.66
Received=	0.22165
Feedback: 0.66
Received=	-0.37201
Feedback: 0.66
Received=	-0.54796
Feedback: 0.66
Received=	-0.15246
Feedback: 0.66
Received=	-0.54031
Feedback: 0.66
Received=	-0.45038
Feedback: 0.66
Received=	-0.3124
=====  12:27:6 - NF  ============
Feedback: 0.63953
Received=	-0.64564
Feedback: 0.88316
Received=	-0.3719
Feedback: 0.68302
Received=	-0.57725
Feedback: 0.83316
Received=	-0.29881
Feedback: 0.62959
Received=	-0.069724
Feedback: 0.46211
Received=	0.031823
Feedback: 0.38786
Received=	0.52281
Feedback: 0.1
Received=	0.5666
Feedback: 0.1
Received=	0.21217
Feedback: 0.25601
Received=	0.44741
Feedback: 0.1
Received=	0.024961
Feedback: 0.39288
Received=	-0.57747
Feedback: 0.83332
Received=	-0.34636
Feedback: 0.66435
Received=	-0.61624
Feedback: 0.86166
Received=	-0.85609
Feedback: 0.9
Received=	-0.37678
Feedback: 0.6866
Received=	-0.12455
Feedback: 0.50219
Received=	-0.20651
Feedback: 0.56211
Received=	-0.23437
Feedback: 0.58248
Received=	-0.2493
Feedback: 0.59339
Received=	-0.31197
Feedback: 0.63921
Received=	-0.36389
Feedback: 0.67717
Received=	-0.53458
Feedback: 0.80196
Received=	0.36913
Feedback: 0.14126
Received=	-0.056764
Feedback: 0.45263
Received=	-0.38629
Feedback: 0.69355
Received=	-0.12756
Feedback: 0.50439
Received=	-0.43592
Feedback: 0.72983
Received=	-0.62254
Feedback: 0.86627
Received=	-0.76494
Feedback: 0.9
Received=	0.091434
Feedback: 0.34428
Received=	0.34988
Feedback: 0.15533
Received=	-0.054615
Feedback: 0.45106
Received=	0.09487
Feedback: 0.34177
Received=	0.37772
Feedback: 0.13498
Received=	0.69514
Feedback: 0.1
Received=	0.18256
Feedback: 0.27766
Received=	-0.59511
Feedback: 0.84622
Received=	0.27285
Feedback: 0.21165
Received=	0.7096
Feedback: 0.1
Received=	0.57307
Feedback: 0.1
Received=	0.84088
Feedback: 0.1
Received=	0.50955
Feedback: 0.1
Received=	0.085028
Feedback: 0.34897
Received=	0.10396
Feedback: 0.33513
Received=	-0.059183
Feedback: 0.4544
Received=	-0.12024
Feedback: 0.49904
Received=	0.38294
Feedback: 0.13116
Received=	0.3811
Feedback: 0.13251
Received=	0.37835
Feedback: 0.13451
Received=	0.38836
Feedback: 0.1272
Received=	0.25303
Feedback: 0.22614
Received=	0.11208
Feedback: 0.32919
Received=	-0.089715
Feedback: 0.47672
Received=	0.11951
Feedback: 0.32376
Received=	0.55083
Feedback: 0.1
Received=	0.2695
Feedback: 0.2141
Received=	-0.087339
Feedback: 0.47498
Received=	-0.16702
Feedback: 0.53324
Calculated range:	[(-2.000000) - (2.000000)]
Success index = (0.288117)
Received=	-0.12063
=====  12:30:6 - BASE  ============
Feedback: 0.66
Received=	0.31659
Feedback: 0.66
Received=	0.66478
Feedback: 0.66
Received=	0.71079
Feedback: 0.66
Received=	0.13332
Feedback: 0.66
Received=	0.097587
Feedback: 0.66
Received=	0.73822
Feedback: 0.66
Received=	0.11495
Feedback: 0.66
Received=	0.14252
Feedback: 0.66
Received=	0.28709
Feedback: 0.66
Received=	0.025087
Feedback: 0.66
Received=	0.68016
Feedback: 0.66
Received=	0.72624
Feedback: 0.66
Received=	0.78597
Feedback: 0.66
Received=	0.7693
Feedback: 0.66
Received=	0.91712
Feedback: 0.66
Received=	0.27641
Feedback: 0.66
Received=	0.14076
Feedback: 0.66
Received=	0.79282
Feedback: 0.66
Received=	0.83295
Feedback: 0.66
Received=	0.63232
=====  12:31:6 - NF  ============
Feedback: 0.41204
Received=	0.52186
Feedback: 0.48074
Received=	-0.14592
Feedback: 0.89608
Received=	-0.10079
Feedback: 0.86801
Received=	0.30701
Feedback: 0.61437
Received=	0.3189
Feedback: 0.60698
Received=	0.14147
Feedback: 0.71733
Received=	-0.087781
Feedback: 0.85992
Received=	0.26528
Feedback: 0.64033
Received=	-0.21554
Feedback: 0.9
Received=	0.07772
Feedback: 0.75698
Received=	-0.31999
Feedback: 0.9
Received=	-0.068831
Feedback: 0.84814
Received=	-0.24043
Feedback: 0.9
Received=	-0.52749
Feedback: 0.9
Received=	-0.5113
Feedback: 0.9
Received=	-0.55753
Feedback: 0.9
Received=	-0.39606
Feedback: 0.9
Received=	-0.37575
Feedback: 0.9
Received=	-0.096358
Feedback: 0.86526
Received=	0.078427
Feedback: 0.75654
Received=	-0.34341
Feedback: 0.9
Received=	-0.77032
Feedback: 0.9
Received=	-0.44448
Feedback: 0.9
Received=	-0.29857
Feedback: 0.9
Received=	-0.31405
Feedback: 0.9
Received=	0.25434
Feedback: 0.64713
Received=	0.25149
Feedback: 0.6489
Received=	-0.27544
Feedback: 0.9
Received=	-0.26079
Feedback: 0.9
Received=	0.15178
Feedback: 0.71092
Received=	-0.0021611
Feedback: 0.80667
Received=	-0.3458
Feedback: 0.9
Received=	-0.0039597
Feedback: 0.80779
Received=	-0.28609
Feedback: 0.9
Received=	-0.38135
Feedback: 0.9
Received=	-0.39653
Feedback: 0.9
Received=	-0.33927
Feedback: 0.9
Received=	-0.89431
Feedback: 0.9
Received=	-0.51164
Feedback: 0.9
Received=	-0.13506
Feedback: 0.88933
Received=	-0.16817
Feedback: 0.9
Received=	-0.21111
Feedback: 0.9
Received=	-0.23005
Feedback: 0.9
Received=	-0.085982
Feedback: 0.8588
Received=	-0.51664
Feedback: 0.9
Received=	-0.51325
Feedback: 0.9
Received=	-0.18396
Feedback: 0.9
Received=	-0.040345
Feedback: 0.83042
Received=	0.034742
Feedback: 0.78372
Received=	-0.52051
Feedback: 0.9
Received=	-0.57317
Feedback: 0.9
Received=	-0.18655
Feedback: 0.9
Received=	0.095712
Feedback: 0.74579
Received=	-0.24983
Feedback: 0.9
Received=	-0.6334
Feedback: 0.9
Received=	-0.43661
Feedback: 0.9
Received=	-0.74733
Feedback: 0.9
Received=	-0.59598
Feedback: 0.9
Received=	0.038126
Feedback: 0.78161
Calculated range:	[(-3.205561) - (0.794439)]
Success index = (-2.205561)
closing...
