Direction=-1.000000	; step=1.000000;
Received=	0
Feedback: 0.66
Received=	0
Feedback: 0.66
Received=	0
Feedback: 0.66
Received=	-0.72916
Feedback: 0.66
Received=	-0.42898
Feedback: 0.66
Received=	-0.59851
Feedback: 0.66
Received=	-0.52044
Feedback: 0.66
Received=	-0.66928
Feedback: 0.66
Received=	-0.61874
Feedback: 0.66
Received=	-0.23043
Feedback: 0.66
Received=	-0.043201
Feedback: 0.66
Received=	0.17436
Feedback: 0.66
Received=	-0.31964
Feedback: 0.66
Received=	-0.43277
Feedback: 0.66
Received=	-0.47677
Feedback: 0.66
Received=	-0.69023
Feedback: 0.66
Received=	-0.5203
Feedback: 0.66
Received=	-0.61198
Feedback: 0.66
Received=	-0.33022
Feedback: 0.66
Received=	-0.076027
Feedback: 0.66
Received=	-0.36718
=====  14:19:16 - NF  ============
Feedback: 0.47851
Received=	-0.035238
Feedback: 0.22821
Received=	0.1463
Feedback: 0.1
Received=	-0.23475
Feedback: 0.37865
Received=	0.1686
Feedback: 0.1
Received=	-0.083717
Feedback: 0.26476
Received=	-0.14288
Feedback: 0.30937
Received=	-0.13572
Feedback: 0.30397
Received=	0.031719
Feedback: 0.17772
Received=	-0.60431
Feedback: 0.65731
Received=	-0.64863
Feedback: 0.69073
Received=	0.24108
Feedback: 0.1
Received=	0.20155
Feedback: 0.1
Received=	-0.20618
Feedback: 0.3571
Received=	-0.68404
Feedback: 0.71743
Received=	-0.76571
Feedback: 0.77901
Received=	-0.12796
Feedback: 0.29812
Received=	-0.014415
Feedback: 0.21251
Received=	-0.63303
Feedback: 0.67897
Received=	0.19535
Feedback: 0.1
Received=	0.13287
Feedback: 0.10145
Received=	-0.42808
Feedback: 0.52443
Received=	0.0032755
Feedback: 0.19917
Received=	0.27698
Feedback: 0.1
Received=	-0.12494
Feedback: 0.29585
Received=	0.11239
Feedback: 0.11689
Received=	-0.63078
Feedback: 0.67727
Received=	-0.072695
Feedback: 0.25645
Received=	-0.20822
Feedback: 0.35864
Received=	-0.24034
Feedback: 0.38286
Received=	-0.27274
Feedback: 0.40729
Received=	-0.41155
Feedback: 0.51196
Received=	-0.31198
Feedback: 0.43688
Received=	0.231
Feedback: 0.1
Received=	-0.58042
Feedback: 0.6393
Received=	-0.22918
Feedback: 0.37445
Received=	-0.22148
Feedback: 0.36864
Received=	0.24867
Feedback: 0.1
Received=	0.1358
Feedback: 0.1
Received=	-0.72719
Feedback: 0.74997
Received=	-0.77529
Feedback: 0.78624
Received=	-0.033483
Feedback: 0.22688
Received=	0.48807
Feedback: 0.1
Received=	0.098891
Feedback: 0.12707
Received=	-0.38642
Feedback: 0.49302
Received=	-0.13679
Feedback: 0.30478
Received=	-0.10441
Feedback: 0.28037
Received=	-0.2151
Feedback: 0.36383
Received=	-0.025363
Feedback: 0.22076
Received=	0.30778
Feedback: 0.1
Received=	-0.013931
Feedback: 0.21214
Received=	-0.08424
Feedback: 0.26516
Received=	-0.46951
Feedback: 0.55567
Received=	-0.71676
Feedback: 0.7421
Received=	-0.17717
Feedback: 0.33523
Received=	-0.45758
Feedback: 0.54667
Received=	-0.17779
Feedback: 0.3357
Received=	-0.39891
Feedback: 0.50243
Received=	-0.2064
Feedback: 0.35727
Received=	-0.013992
Feedback: 0.21219
Calculated range:	[(-2.000000) - (2.000000)]
Success index = (0.743386)
Received=	-0.26899
=====  14:22:16 - BASE  ============
Feedback: 0.66
Received=	-0.1245
Feedback: 0.66
Received=	-0.1373
Feedback: 0.66
Received=	-0.20155
Feedback: 0.66
Received=	0.11688
Feedback: 0.66
Received=	0.41147
Feedback: 0.66
Received=	0.094697
Feedback: 0.66
Received=	-0.051586
Feedback: 0.66
Received=	-0.41443
Feedback: 0.66
Received=	-0.095435
Feedback: 0.66
Received=	0.16456
Feedback: 0.66
Received=	-0.22066
Feedback: 0.66
Received=	-0.036222
Feedback: 0.66
Received=	-0.094835
Feedback: 0.66
Received=	-0.2807
Feedback: 0.66
Received=	0.069206
Feedback: 0.66
Received=	-0.0016455
Feedback: 0.66
Received=	-0.046018
Feedback: 0.66
Received=	-0.14969
Feedback: 0.66
Received=	-0.018612
Feedback: 0.66
Received=	-0.1688
=====  14:23:16 - NF  ============
Feedback: 0.62853
Received=	0.043669
Feedback: 0.39952
Received=	0.21435
Feedback: 0.21555
Received=	-0.15329
Feedback: 0.61182
Received=	0.0069202
Feedback: 0.43913
Received=	0.003644
Feedback: 0.44266
Received=	-0.32106
Feedback: 0.79266
Received=	-0.38317
Feedback: 0.85961
Received=	0.21397
Feedback: 0.21596
Received=	-0.082543
Feedback: 0.53556
Received=	0.053872
Feedback: 0.38852
Received=	0.042946
Feedback: 0.4003
Received=	-0.025061
Feedback: 0.47361
Received=	0.54665
Feedback: 0.1
Received=	0.24865
Feedback: 0.17858
Received=	-0.42913
Feedback: 0.9
Received=	-0.49354
Feedback: 0.9
Received=	-0.11281
Feedback: 0.56819
Received=	0.2627
Feedback: 0.16343
Received=	0.18328
Feedback: 0.24903
Received=	-0.18909
Feedback: 0.65041
Received=	-0.20201
Feedback: 0.66434
Received=	0.26701
Feedback: 0.15879
Received=	0.39226
Feedback: 0.1
Received=	-0.16584
Feedback: 0.62535
Received=	-0.27324
Feedback: 0.74112
Received=	-0.35751
Feedback: 0.83195
Received=	0.23072
Feedback: 0.1979
Received=	0.21506
Feedback: 0.21478
Received=	-0.15378
Feedback: 0.61235
Received=	-0.13252
Feedback: 0.58943
Received=	-0.06639
Feedback: 0.51815
Received=	0.2476
Feedback: 0.1797
Received=	0.12295
Feedback: 0.31406
Received=	-0.43087
Feedback: 0.9
Received=	-0.18544
Feedback: 0.64648
Received=	-0.066478
Feedback: 0.51825
Received=	-0.20749
Feedback: 0.67025
Received=	-0.085287
Feedback: 0.53852
Received=	-0.32343
Feedback: 0.79522
Received=	-0.23894
Feedback: 0.70415
Received=	0.24586
Feedback: 0.18158
Received=	-0.49965
Feedback: 0.9
Received=	-0.71054
Feedback: 0.9
Received=	-0.07773
Feedback: 0.53038
Received=	0.34399
Feedback: 0.1
Received=	-0.32167
Feedback: 0.79332
Received=	-0.17844
Feedback: 0.63893
Received=	0.77025
Feedback: 0.1
Received=	0.37585
Feedback: 0.1
Received=	-0.47992
Feedback: 0.9
Received=	-0.58201
Feedback: 0.9
Received=	0.072239
Feedback: 0.36873
Received=	-0.1759
Feedback: 0.63619
Received=	-0.18217
Feedback: 0.64295
Received=	0.6418
Feedback: 0.1
Received=	0.74912
Feedback: 0.1
Received=	0.41837
Feedback: 0.1
Received=	-0.091356
Feedback: 0.54506
Received=	-0.029601
Feedback: 0.4785
Calculated range:	[(-2.000000) - (2.000000)]
Success index = (0.075453)
Received=	0.080893
=====  14:26:16 - BASE  ============
Feedback: 0.66
Received=	0.23143
Feedback: 0.66
Received=	0.55617
Feedback: 0.66
Received=	0.44991
Feedback: 0.66
Received=	0.67947
Feedback: 0.66
Received=	-0.21476
Feedback: 0.66
Received=	-0.41848
Feedback: 0.66
Received=	-0.50448
Feedback: 0.66
Received=	-0.54285
Feedback: 0.66
Received=	-0.55051
Feedback: 0.66
Received=	-0.65912
Feedback: 0.66
Received=	-0.68469
Feedback: 0.66
Received=	-0.49836
Feedback: 0.66
Received=	-0.34717
Feedback: 0.66
Received=	-0.053014
Feedback: 0.66
Received=	-0.50936
Feedback: 0.66
Received=	-0.36673
Feedback: 0.66
Received=	-0.016503
Feedback: 0.66
Received=	-0.46892
Feedback: 0.66
Received=	-0.2678
Feedback: 0.66
Received=	-0.40203
=====  14:27:16 - NF  ============
Feedback: 0.57554
Received=	0.21551
Feedback: 0.27772
Received=	0.7163
Feedback: 0.1
Received=	-0.15053
Feedback: 0.45425
Received=	-0.223
Feedback: 0.4892
Received=	0.17695
Feedback: 0.29631
Received=	0.48123
Feedback: 0.14957
Received=	0.20084
Feedback: 0.28479
Received=	-0.44356
Feedback: 0.59557
Received=	-0.48768
Feedback: 0.61684
Received=	-0.29151
Feedback: 0.52224
Received=	-0.48771
Feedback: 0.61686
Received=	-0.0411
Feedback: 0.40147
Received=	0.061908
Feedback: 0.3518
Received=	-0.58581
Feedback: 0.66417
Received=	-0.43436
Feedback: 0.59113
Received=	-0.29785
Feedback: 0.52529
Received=	-0.3438
Feedback: 0.54746
Received=	0.52279
Feedback: 0.12953
Received=	0.026591
Feedback: 0.36883
Received=	-0.32937
Feedback: 0.5405
Received=	0.00131
Feedback: 0.38102
Received=	-0.0069855
Feedback: 0.38502
Received=	-0.014354
Feedback: 0.38857
Received=	0.43944
Feedback: 0.16972
Received=	0.38683
Feedback: 0.1951
Received=	-0.57461
Feedback: 0.65877
Received=	0.24387
Feedback: 0.26404
Received=	0.86448
Feedback: 0.1
Received=	0.053185
Feedback: 0.356
Received=	0.4171
Feedback: 0.1805
Received=	0.6771
Feedback: 0.1
Received=	0.11593
Feedback: 0.32574
Received=	0.038895
Feedback: 0.36289
Received=	1.1236
Feedback: 0.1
Received=	0.96779
Feedback: 0.1
Received=	0.039087
Feedback: 0.3628
Received=	-0.0052796
Feedback: 0.3842
Received=	0.19025
Feedback: 0.2899
Received=	0.59194
Feedback: 0.1
Received=	0.38335
Feedback: 0.19677
Received=	-0.5101
Feedback: 0.62766
Received=	-0.4635
Feedback: 0.60518
Received=	0.125
Feedback: 0.32137
Received=	0.82807
Feedback: 0.1
Received=	0.26303
Feedback: 0.2548
Received=	-0.35224
Feedback: 0.55152
Received=	-0.049494
Feedback: 0.40552
Received=	0.55591
Feedback: 0.11355
Received=	0.72767
Feedback: 0.1
Received=	-0.053283
Feedback: 0.40735
Received=	-0.12919
Feedback: 0.44396
Received=	-0.11984
Feedback: 0.43944
Received=	0.65493
Feedback: 0.1
Received=	0.0058353
Feedback: 0.37884
Received=	-0.088895
Feedback: 0.42452
Received=	0.10447
Feedback: 0.33127
Received=	0.77908
Feedback: 0.1
Received=	0.13894
Feedback: 0.31465
Received=	-0.1889
Feedback: 0.47275
Calculated range:	[(-2.000000) - (2.000000)]
Success index = (0.820994)
Received=	0.19023
=====  14:30:16 - BASE  ============
Feedback: 0.66
Received=	0.37513
Feedback: 0.66
Received=	0.093439
Feedback: 0.66
Received=	-0.48318
Feedback: 0.66
Received=	-0.62416
Feedback: 0.66
Received=	0.11688
Feedback: 0.66
Received=	-0.31987
Feedback: 0.66
Received=	-0.64158
Feedback: 0.66
Received=	-0.57439
Feedback: 0.66
Received=	-0.040954
Feedback: 0.66
Received=	0.19533
Feedback: 0.66
Received=	0.12195
Feedback: 0.66
Received=	-0.52442
Feedback: 0.66
Received=	-0.8256
Feedback: 0.66
Received=	-0.57134
Feedback: 0.66
Received=	-0.74495
Feedback: 0.66
Received=	-0.81935
Feedback: 0.66
Received=	-0.39993
Feedback: 0.66
Received=	-0.076529
Feedback: 0.66
Received=	0.094631
Feedback: 0.66
Received=	-0.072194
=====  14:31:16 - NF  ============
Feedback: 0.35447
Received=	0.088317
Feedback: 0.26548
Received=	0.10003
Feedback: 0.25899
Received=	-0.23758
Feedback: 0.44617
Received=	-0.14056
Feedback: 0.39238
Received=	0.30601
Feedback: 0.14478
Received=	-0.0885
Feedback: 0.36351
Received=	-0.2969
Feedback: 0.47906
Received=	0.2298
Feedback: 0.18703
Received=	0.42743
Feedback: 0.1
Received=	-0.35374
Feedback: 0.51057
Received=	-0.11952
Feedback: 0.38071
Received=	0.82512
Feedback: 0.1
Received=	-0.056424
Feedback: 0.34573
Received=	-0.68761
Feedback: 0.69569
Received=	0.949
Feedback: 0.1
Received=	0.25115
Feedback: 0.1752
Received=	0.18097
Feedback: 0.21411
Received=	-0.39943
Feedback: 0.5359
Received=	-0.27696
Feedback: 0.46801
Received=	0.80864
Feedback: 0.1
Received=	0.14671
Feedback: 0.2331
Received=	0.11036
Feedback: 0.25326
Received=	-0.74049
Feedback: 0.72501
Received=	-0.11728
Feedback: 0.37947
Received=	0.39836
Feedback: 0.1
Received=	0.59358
Feedback: 0.1
Received=	-0.17082
Feedback: 0.40916
Received=	0.090716
Feedback: 0.26415
Received=	0.56459
Feedback: 0.1
Received=	0.1456
Feedback: 0.23372
Received=	0.20817
Feedback: 0.19903
Received=	-0.14007
Feedback: 0.3921
Received=	0.72038
Feedback: 0.1
Received=	-0.20781
Feedback: 0.42966
Received=	-0.31411
Feedback: 0.4886
Received=	1.6128
Feedback: 0.1
Received=	0.75113
Feedback: 0.1
Received=	0.068991
Feedback: 0.27619
Received=	-0.024435
Feedback: 0.32799
Received=	0.36932
Feedback: 0.10968
Received=	-0.29141
Feedback: 0.47602
Received=	-0.0057848
Feedback: 0.31765
Received=	0.22059
Feedback: 0.19214
Received=	0.014611
Feedback: 0.30635
Received=	0.40576
Feedback: 0.1
Received=	-0.35605
Feedback: 0.51185
Received=	-0.29792
Feedback: 0.47962
Received=	0.82147
Feedback: 0.1
Received=	0.31853
Feedback: 0.13784
Received=	-0.37923
Feedback: 0.5247
Received=	-0.29212
Feedback: 0.47641
Received=	0.36242
Feedback: 0.1135
Received=	-0.1825
Feedback: 0.41563
Received=	-0.44965
Feedback: 0.56375
Received=	0.77351
Feedback: 0.1
Received=	0.60956
Feedback: 0.1
Received=	-0.75411
Feedback: 0.73256
Received=	-0.37779
Feedback: 0.52391
Received=	0.13156
Feedback: 0.2415
Calculated range:	[(-2.000000) - (2.000000)]
Success index = (0.993395)
Received=	0.12329
=====  14:34:16 - BASE  ============
Feedback: 0.66
Received=	0.063713
Feedback: 0.66
Received=	0.35476
Feedback: 0.66
Received=	-0.18403
Feedback: 0.66
Received=	-0.39279
Feedback: 0.66
Received=	-0.34803
Feedback: 0.66
Received=	0.48161
Feedback: 0.66
Received=	-0.42408
Feedback: 0.66
Received=	-0.57961
Feedback: 0.66
Received=	-0.49191
Feedback: 0.66
Received=	-0.36742
Feedback: 0.66
Received=	0.074839
Feedback: 0.66
Received=	-0.24175
Feedback: 0.66
Received=	-0.37714
Feedback: 0.66
Received=	0.17294
Feedback: 0.66
Received=	0.12544
Feedback: 0.66
Received=	0.049888
Feedback: 0.66
Received=	-0.51322
Feedback: 0.66
Received=	-0.48587
Feedback: 0.66
Received=	-0.62609
Feedback: 0.66
Received=	-0.68113
=====  14:35:16 - NF  ============
Feedback: 0.78099
Received=	-0.27266
Feedback: 0.53759
Received=	0.053693
Feedback: 0.34312
Received=	-0.4441
Feedback: 0.63975
Received=	-0.093268
Feedback: 0.43069
Received=	-0.03371
Feedback: 0.3952
Received=	0.20117
Feedback: 0.25524
Received=	-0.31887
Feedback: 0.56512
Received=	-0.040373
Feedback: 0.39917
Received=	-0.24052
Feedback: 0.51843
Received=	0.79485
Feedback: 0.1
Received=	0.48151
Feedback: 0.1
Received=	-0.2453
Feedback: 0.52128
Received=	-0.1536
Feedback: 0.46664
Received=	0.30377
Feedback: 0.1941
Received=	0.015121
Feedback: 0.3661
Received=	0.0095391
Feedback: 0.36943
Received=	-0.11701
Feedback: 0.44484
Received=	0.42539
Feedback: 0.12163
Received=	-0.011452
Feedback: 0.38194
Received=	-0.2547
Feedback: 0.52688
Received=	0.70014
Feedback: 0.1
Received=	0.87049
Feedback: 0.1
Received=	-0.16346
Feedback: 0.47252
Received=	-0.13828
Feedback: 0.45752
Received=	0.043835
Feedback: 0.34899
Received=	0.55018
Feedback: 0.1
Received=	0.34965
Feedback: 0.16676
Received=	-0.44192
Feedback: 0.63845
Received=	-0.18655
Feedback: 0.48628
Received=	-0.75556
Feedback: 0.82534
Received=	-0.88515
Feedback: 0.9
Received=	0.11302
Feedback: 0.30776
Received=	0.55504
Feedback: 0.1
Received=	-0.072699
Feedback: 0.41843
Received=	-0.36843
Feedback: 0.59465
Received=	-0.31507
Feedback: 0.56286
Received=	0.81881
Feedback: 0.1
Received=	0.83331
Feedback: 0.1
Received=	-0.10958
Feedback: 0.44041
Received=	-0.231
Feedback: 0.51276
Received=	0.24417
Feedback: 0.22962
Received=	-0.13599
Feedback: 0.45615
Received=	-0.36405
Feedback: 0.59205
Received=	-0.085556
Feedback: 0.4261
Received=	0.32858
Feedback: 0.17932
Received=	-0.25333
Feedback: 0.52607
Received=	-0.068371
Feedback: 0.41585
Received=	0.63974
Feedback: 0.1
Received=	0.55133
Feedback: 0.1
Received=	-0.3179
Feedback: 0.56455
Received=	-0.16979
Feedback: 0.47629
Received=	0.3059
Feedback: 0.19283
Received=	0.54607
Feedback: 0.1
Received=	-0.32714
Feedback: 0.57005
Received=	-0.47755
Feedback: 0.65968
Received=	0.19076
Feedback: 0.26144
Received=	0.7845
Feedback: 0.1
Received=	0.26758
Feedback: 0.21567
Received=	-0.38503
Feedback: 0.60455
Calculated range:	[(-2.000000) - (2.000000)]
Success index = (0.600827)
closing...
