Direction=-1.000000	; step=1.000000;
Received=	0
Feedback: 0.66
Received=	0
Feedback: 0.66
Received=	0
Feedback: 0.66
Received=	0.076188
Feedback: 0.66
Received=	0.06252
Feedback: 0.66
Received=	0.12062
Feedback: 0.66
Received=	-0.0087195
Feedback: 0.66
Received=	-0.11701
Feedback: 0.66
Received=	0.054327
Feedback: 0.66
Received=	-0.045844
Feedback: 0.66
Received=	0.024457
Feedback: 0.66
Received=	0.034091
Feedback: 0.66
Received=	0.0043258
Feedback: 0.66
Received=	-0.14709
Feedback: 0.66
Received=	-0.068838
Feedback: 0.66
Received=	-0.052238
Feedback: 0.66
Received=	0.032873
Feedback: 0.66
Received=	-0.042926
Feedback: 0.66
Received=	0.14996
Feedback: 0.66
Received=	0.25537
Feedback: 0.66
Received=	-0.19342
=====  11:27:50 - NF  ============
Feedback: 0.9
Received=	0.13517
Feedback: 0.2582
Received=	0.42246
Feedback: 0.1
Received=	0.33608
Feedback: 0.1
Received=	0.10939
Feedback: 0.31161
Received=	0.1247
Feedback: 0.2799
Received=	0.20716
Feedback: 0.10908
Received=	0.043898
Feedback: 0.44728
Received=	0.080966
Feedback: 0.37049
Received=	-0.034226
Feedback: 0.60912
Received=	-0.082936
Feedback: 0.71002
Received=	0.29767
Feedback: 0.1
Received=	0.25873
Feedback: 0.1
Received=	0.31479
Feedback: 0.1
Received=	-0.15629
Feedback: 0.86197
Received=	-0.14039
Feedback: 0.82904
Received=	-0.0040663
Feedback: 0.54664
Received=	-0.1124
Feedback: 0.77105
Received=	-0.18809
Feedback: 0.9
Received=	-0.20369
Feedback: 0.9
Received=	0.075543
Feedback: 0.38173
Received=	-0.068976
Feedback: 0.6811
Received=	-0.05502
Feedback: 0.65219
Received=	-0.088406
Feedback: 0.72135
Received=	0.0029324
Feedback: 0.53214
Received=	0.017117
Feedback: 0.50276
Received=	0.072484
Feedback: 0.38806
Received=	0.022573
Feedback: 0.49146
Received=	-0.22376
Feedback: 0.9
Received=	-0.04323
Feedback: 0.62777
Received=	0.34935
Feedback: 0.1
Received=	0.13778
Feedback: 0.25281
Received=	0.11483
Feedback: 0.30034
Received=	0.036933
Feedback: 0.46171
Received=	-0.10846
Feedback: 0.7629
Received=	-0.089138
Feedback: 0.72287
Received=	-0.028556
Feedback: 0.59737
Received=	-0.027263
Feedback: 0.59469
Received=	-0.072978
Feedback: 0.68939
Received=	-0.083416
Feedback: 0.71101
Received=	0.075682
Feedback: 0.38144
Received=	-0.10453
Feedback: 0.75474
Received=	0.11963
Feedback: 0.29039
Received=	0.30182
Feedback: 0.1
Received=	0.5061
Feedback: 0.1
Received=	0.43524
Feedback: 0.1
Received=	0.013245
Feedback: 0.51078
Received=	-0.17179
Feedback: 0.89409
Received=	-0.10189
Feedback: 0.74929
Received=	-0.13009
Feedback: 0.80769
Received=	-0.033622
Feedback: 0.60786
Received=	-0.038547
Feedback: 0.61807
Received=	-0.058003
Feedback: 0.65837
Received=	0.0041109
Feedback: 0.5297
Received=	0.088113
Feedback: 0.35569
Received=	0.15791
Feedback: 0.21109
Received=	0.28495
Feedback: 0.1
Received=	0.3776
Feedback: 0.1
Received=	0.19107
Feedback: 0.14241
Received=	0.069022
Feedback: 0.39524
Calculated range:	[(-2.000000) - (2.000000)]
Success index = (0.213762)
Received=	-0.085256
=====  11:30:50 - BASE  ============
Feedback: 0.66
Received=	0.13439
Feedback: 0.66
Received=	0.12318
Feedback: 0.66
Received=	0.18034
Feedback: 0.66
Received=	0.092705
Feedback: 0.66
Received=	0.048066
Feedback: 0.66
Received=	0.11169
Feedback: 0.66
Received=	-0.31876
Feedback: 0.66
Received=	-0.21495
Feedback: 0.66
Received=	0.18817
Feedback: 0.66
Received=	0.4916
Feedback: 0.66
Received=	0.36577
Feedback: 0.66
Received=	0.33567
Feedback: 0.66
Received=	0.2438
Feedback: 0.66
Received=	0.16717
Feedback: 0.66
Received=	0.32564
Feedback: 0.66
Received=	0.078843
Feedback: 0.66
Received=	-0.072072
Feedback: 0.66
Received=	0.21822
Feedback: 0.66
Received=	0.3453
Feedback: 0.66
Received=	0.38966
=====  11:31:50 - NF  ============
Feedback: 0.26536
Received=	0.53535
Feedback: 0.12238
Received=	0.30268
Feedback: 0.35072
Received=	-0.0071518
Feedback: 0.6548
Received=	0.10051
Feedback: 0.54914
Received=	0.39279
Feedback: 0.26229
Received=	0.36936
Feedback: 0.28529
Received=	0.38774
Feedback: 0.26725
Received=	0.38854
Feedback: 0.26646
Received=	0.4719
Feedback: 0.18465
Received=	0.23931
Feedback: 0.41292
Received=	0.079998
Feedback: 0.56927
Received=	0.20182
Feedback: 0.44971
Received=	0.37194
Feedback: 0.28275
Received=	0.34695
Feedback: 0.30728
Received=	0.16332
Feedback: 0.48749
Received=	0.099654
Feedback: 0.54998
Received=	0.16107
Feedback: 0.4897
Received=	0.26881
Feedback: 0.38397
Received=	0.35363
Feedback: 0.30072
Received=	0.039412
Feedback: 0.6091
Received=	0.05817
Feedback: 0.59069
Received=	0.20259
Feedback: 0.44895
Received=	0.2467
Feedback: 0.40567
Received=	0.31059
Feedback: 0.34296
Received=	0.043378
Feedback: 0.60521
Received=	-0.076918
Feedback: 0.72327
Received=	0.0069128
Feedback: 0.641
Received=	0.28202
Feedback: 0.37099
Received=	0.47326
Feedback: 0.18331
Received=	0.56621
Feedback: 0.1
Received=	0.48668
Feedback: 0.17015
Received=	0.61377
Feedback: 0.1
Received=	0.28519
Feedback: 0.36789
Received=	0.33362
Feedback: 0.32036
Received=	0.1926
Feedback: 0.45876
Received=	0.052208
Feedback: 0.59654
Received=	-0.17598
Feedback: 0.82049
Received=	0.10383
Feedback: 0.54588
Received=	0.48347
Feedback: 0.1733
Received=	0.57427
Feedback: 0.1
Received=	0.51211
Feedback: 0.14519
Received=	0.4413
Feedback: 0.21468
Received=	0.25087
Feedback: 0.40157
Received=	0.11471
Feedback: 0.5352
Received=	0.07656
Feedback: 0.57264
Received=	0.19778
Feedback: 0.45367
Received=	0.17813
Feedback: 0.47296
Received=	0.31451
Feedback: 0.33911
Received=	0.34692
Feedback: 0.3073
Received=	-0.009741
Feedback: 0.65734
Received=	-0.011136
Feedback: 0.65871
Received=	0.25586
Feedback: 0.39668
Received=	0.20077
Feedback: 0.45074
Received=	0.2746
Feedback: 0.37829
Received=	0.29899
Feedback: 0.35435
Received=	0.28902
Feedback: 0.36413
Received=	0.542
Feedback: 0.11585
Received=	0.5409
Feedback: 0.11693
Received=	0.14344
Feedback: 0.507
Calculated range:	[(-2.000000) - (2.000000)]
Success index = (0.591503)
Received=	0.076506
=====  11:34:50 - BASE  ============
Feedback: 0.66
Received=	0.26707
Feedback: 0.66
Received=	0.25211
Feedback: 0.66
Received=	0.66118
Feedback: 0.66
Received=	0.85835
Feedback: 0.66
Received=	0.3297
Feedback: 0.66
Received=	0.42139
Feedback: 0.66
Received=	0.98497
Feedback: 0.66
Received=	0.78485
Feedback: 0.66
Received=	0.55488
Feedback: 0.66
Received=	0.524
Feedback: 0.66
Received=	0.63834
Feedback: 0.66
Received=	0.65587
Feedback: 0.66
Received=	0.63229
Feedback: 0.66
Received=	0.33583
Feedback: 0.66
Received=	0.21447
Feedback: 0.66
Received=	0.45922
Feedback: 0.66
Received=	0.90531
Feedback: 0.66
Received=	0.43719
Feedback: 0.66
Received=	0.23306
Feedback: 0.66
Received=	0.46698
=====  11:35:50 - NF  ============
Feedback: 0.56987
Received=	0.71292
Feedback: 0.36049
Received=	1.0145
Feedback: 0.10378
Received=	0.76892
Feedback: 0.31282
Received=	0.24624
Feedback: 0.7578
Received=	0.072389
Feedback: 0.9
Received=	0.26944
Feedback: 0.73805
Received=	0.2032
Feedback: 0.79445
Received=	0.12334
Feedback: 0.86243
Received=	0.072106
Feedback: 0.9
Received=	0.27735
Feedback: 0.73131
Received=	0.1298
Feedback: 0.85693
Received=	0.1945
Feedback: 0.80185
Received=	0.31115
Feedback: 0.70254
Received=	0.30922
Feedback: 0.70419
Received=	0.1241
Feedback: 0.86179
Received=	0.09159
Feedback: 0.88947
Received=	-0.039981
Feedback: 0.9
Received=	0.1473
Feedback: 0.84204
Received=	0.31032
Feedback: 0.70325
Received=	0.16646
Feedback: 0.82573
Received=	0.072313
Feedback: 0.9
Received=	0.2273
Feedback: 0.77392
Received=	0.23604
Feedback: 0.76649
Received=	0.16971
Feedback: 0.82296
Received=	0.087825
Feedback: 0.89267
Received=	0.030119
Feedback: 0.9
Received=	-0.14905
Feedback: 0.9
Received=	0.066354
Feedback: 0.9
Received=	0.17541
Feedback: 0.81811
Received=	0.26303
Feedback: 0.74351
Received=	0.49984
Feedback: 0.5419
Received=	0.55808
Feedback: 0.49231
Received=	0.52846
Feedback: 0.51753
Received=	0.51561
Feedback: 0.52847
Received=	0.65828
Feedback: 0.40701
Received=	0.39954
Feedback: 0.62729
Received=	0.10462
Feedback: 0.87837
Received=	0.01129
Feedback: 0.9
Received=	0.12753
Feedback: 0.85887
Received=	0.19568
Feedback: 0.80085
Received=	0.25749
Feedback: 0.74822
Received=	0.12932
Feedback: 0.85735
Received=	0.11102
Feedback: 0.87292
Received=	0.1238
Feedback: 0.86204
Received=	0.027605
Feedback: 0.9
Received=	-0.17069
Feedback: 0.9
Received=	0.1266
Feedback: 0.85966
Received=	0.30335
Feedback: 0.70918
Received=	0.46854
Feedback: 0.56855
Received=	0.58604
Feedback: 0.46852
Received=	0.95816
Feedback: 0.1517
Received=	0.78099
Feedback: 0.30254
Received=	0.45663
Feedback: 0.57869
Received=	0.60117
Feedback: 0.45563
Received=	0.48941
Feedback: 0.55078
Received=	0.23692
Feedback: 0.76574
Received=	0.052134
Feedback: 0.9
Received=	0.070137
Feedback: 0.9
Received=	0.14183
Feedback: 0.84669
Calculated range:	[(-2.101098) - (1.898902)]
Success index = (-1.101098)
Received=	0.20387
=====  11:38:50 - BASE  ============
Feedback: 0.66
Received=	0.4169
Feedback: 0.66
Received=	0.67213
Feedback: 0.66
Received=	0.80755
Feedback: 0.66
Received=	0.61622
Feedback: 0.66
Received=	0.67096
Feedback: 0.66
Received=	0.40197
Feedback: 0.66
Received=	0.38022
Feedback: 0.66
Received=	0.39202
Feedback: 0.66
Received=	0.29939
Feedback: 0.66
Received=	0.55429
Feedback: 0.66
Received=	0.72849
Feedback: 0.66
Received=	0.47344
Feedback: 0.66
Received=	0.53203
Feedback: 0.66
Received=	0.73773
Feedback: 0.66
Received=	0.4399
Feedback: 0.66
Received=	0.29997
Feedback: 0.66
Received=	0.56299
Feedback: 0.66
Received=	0.51185
Feedback: 0.66
Received=	0.57167
Feedback: 0.66
Received=	0.42537
=====  11:39:50 - NF  ============
Feedback: 0.62708
Received=	0.24862
Feedback: 0.86187
Received=	0.15207
Feedback: 0.9
Received=	0.04688
Feedback: 0.9
Received=	0.17768
Feedback: 0.9
Received=	0.01089
Feedback: 0.9
Received=	0.02306
Feedback: 0.9
Received=	0.114
Feedback: 0.9
Received=	0.065322
Feedback: 0.9
Received=	0.019112
Feedback: 0.9
Received=	0.16393
Feedback: 0.9
Received=	0.072467
Feedback: 0.9
Received=	0.29694
Feedback: 0.79768
Received=	0.48574
Feedback: 0.5469
Received=	0.33151
Feedback: 0.75177
Received=	-0.0095038
Feedback: 0.9
Received=	-0.041428
Feedback: 0.9
Received=	0.3879
Feedback: 0.67686
Received=	0.31584
Feedback: 0.77258
Received=	0.23188
Feedback: 0.8841
Received=	0.58887
Feedback: 0.40991
Received=	0.55056
Feedback: 0.46079
Received=	0.30724
Feedback: 0.78399
Received=	0.22695
Feedback: 0.89065
Received=	0.29525
Feedback: 0.79993
Received=	0.069054
Feedback: 0.9
Received=	0.14648
Feedback: 0.9
Received=	0.32589
Feedback: 0.75922
Received=	0.49482
Feedback: 0.53483
Received=	0.45611
Feedback: 0.58626
Received=	0.20658
Feedback: 0.9
Received=	0.33047
Feedback: 0.75314
Received=	0.73205
Feedback: 0.21973
Received=	0.33482
Feedback: 0.74736
Received=	0.020653
Feedback: 0.9
Received=	0.10735
Feedback: 0.9
Received=	0.80264
Feedback: 0.12596
Received=	0.69999
Feedback: 0.2623
Received=	0.24158
Feedback: 0.87122
Received=	-0.037551
Feedback: 0.9
Received=	0.1343
Feedback: 0.9
Received=	0.26289
Feedback: 0.84291
Received=	0.28753
Feedback: 0.81018
Received=	0.44834
Feedback: 0.59657
Received=	0.27144
Feedback: 0.83155
Received=	0.20114
Feedback: 0.9
Received=	0.18823
Feedback: 0.9
Received=	0.065553
Feedback: 0.9
Received=	0.28254
Feedback: 0.81681
Received=	0.39438
Feedback: 0.66825
Received=	0.49595
Feedback: 0.53333
Received=	0.53058
Feedback: 0.48733
Received=	0.47266
Feedback: 0.56427
Received=	0.40609
Feedback: 0.6527
Received=	0.54035
Feedback: 0.47436
Received=	0.23493
Feedback: 0.88005
Received=	-0.025696
Feedback: 0.9
Received=	-0.23338
Feedback: 0.9
Received=	0.057578
Feedback: 0.9
Received=	0.2872
Feedback: 0.81061
Calculated range:	[(-2.395688) - (1.604312)]
Success index = (-1.395688)
Received=	0.25679
=====  11:42:50 - BASE  ============
Feedback: 0.66
Received=	0.16018
Feedback: 0.66
Received=	0.25755
Feedback: 0.66
Received=	0.44938
Feedback: 0.66
Received=	0.33128
Feedback: 0.66
Received=	0.37527
Feedback: 0.66
Received=	0.5889
Feedback: 0.66
Received=	0.38096
Feedback: 0.66
Received=	0.098168
Feedback: 0.66
Received=	0.42129
Feedback: 0.66
Received=	0.61592
Feedback: 0.66
Received=	0.35411
Feedback: 0.66
Received=	0.025485
Feedback: 0.66
Received=	0.14473
Feedback: 0.66
Received=	0.23984
Feedback: 0.66
Received=	0.2225
Feedback: 0.66
Received=	0.31128
Feedback: 0.66
Received=	0.24622
Feedback: 0.66
Received=	0.15824
Feedback: 0.66
Received=	0.4643
Feedback: 0.66
Received=	0.50514
=====  11:43:50 - NF  ============
Feedback: 0.18383
Received=	0.25033
Feedback: 0.50292
Received=	0.091869
Feedback: 0.70135
Received=	0.097927
Feedback: 0.69376
Received=	0.23119
Feedback: 0.52688
Received=	0.39063
Feedback: 0.32722
Received=	0.32243
Feedback: 0.41263
Received=	0.30135
Feedback: 0.43903
Received=	0.36575
Feedback: 0.35838
Received=	0.17141
Feedback: 0.60175
Received=	-0.020525
Feedback: 0.8421
Received=	0.24203
Feedback: 0.51331
Received=	0.067187
Feedback: 0.73226
Received=	0.30238
Feedback: 0.43774
Received=	0.60114
Feedback: 0.1
Received=	0.3678
Feedback: 0.35581
Received=	0.16064
Feedback: 0.61524
Received=	0.22442
Feedback: 0.53537
Received=	0.5239
Feedback: 0.16034
Received=	0.37392
Feedback: 0.34816
Received=	0.44386
Feedback: 0.26057
Received=	0.4508
Feedback: 0.25188
Received=	0.2409
Feedback: 0.51473
Received=	0.17121
Feedback: 0.60199
Received=	0.082384
Feedback: 0.71323
Received=	0.33119
Feedback: 0.40166
Received=	0.5608
Feedback: 0.11414
Received=	0.34014
Feedback: 0.39046
Received=	0.40063
Feedback: 0.31471
Received=	0.42343
Feedback: 0.28615
Received=	0.16163
Feedback: 0.614
Received=	0.093731
Feedback: 0.69902
Received=	0.15893
Feedback: 0.61738
Received=	0.31705
Feedback: 0.41937
Received=	0.32911
Feedback: 0.40426
Received=	0.24402
Feedback: 0.51082
Received=	0.45261
Feedback: 0.24961
Received=	0.69855
Feedback: 0.1
Received=	0.46588
Feedback: 0.23299
Received=	0.35256
Feedback: 0.3749
Received=	0.77334
Feedback: 0.1
Received=	0.58699
Feedback: 0.1
Received=	0.59184
Feedback: 0.1
Received=	0.14414
Feedback: 0.63589
Received=	-0.081395
Feedback: 0.9
Received=	-0.067208
Feedback: 0.9
Received=	0.13611
Feedback: 0.64595
Received=	0.2831
Feedback: 0.46188
Received=	0.26527
Feedback: 0.48421
Received=	0.31522
Feedback: 0.42167
Received=	0.25508
Feedback: 0.49697
Received=	0.4188
Feedback: 0.29195
Received=	0.1467
Feedback: 0.63269
Received=	-0.01469
Feedback: 0.83479
Received=	0.127
Feedback: 0.65736
Received=	0.26884
Feedback: 0.47974
Received=	0.52174
Feedback: 0.16305
Received=	0.52429
Feedback: 0.15986
Received=	0.52455
Feedback: 0.15953
Received=	0.29098
Feedback: 0.45201
Calculated range:	[(-2.000000) - (2.000000)]
Success index = (-0.060171)
closing...
