Direction=-1.000000	; step=1.000000;
Received=	0
Feedback: 0.66
Received=	0
Feedback: 0.66
Received=	0
Feedback: 0.66
Received=	0.14451
Feedback: 0.66
Received=	-0.11309
Feedback: 0.66
Received=	0.054649
Feedback: 0.66
Received=	0.187
Feedback: 0.66
Received=	0.035585
Feedback: 0.66
Received=	-0.10327
Feedback: 0.66
Received=	-0.056908
Feedback: 0.66
Received=	-0.37455
Feedback: 0.66
Received=	-0.34408
Feedback: 0.66
Received=	-0.48468
Feedback: 0.66
Received=	-0.68172
Feedback: 0.66
Received=	-0.65431
Feedback: 0.66
Received=	-0.59351
Feedback: 0.66
Received=	-0.30452
Feedback: 0.66
Received=	-0.16991
Feedback: 0.66
Received=	-0.080231
Feedback: 0.66
Received=	-0.094785
Feedback: 0.66
Received=	0.042022
=====  12:27:58 - NF  ============
Feedback: 0.31857
Received=	0.083118
Feedback: 0.288
Received=	0.053175
Feedback: 0.31028
Received=	-0.0054491
Feedback: 0.35388
Received=	-0.1158
Feedback: 0.43597
Received=	-0.14581
Feedback: 0.45829
Received=	-0.040839
Feedback: 0.38021
Received=	-0.34725
Feedback: 0.60813
Received=	-0.57114
Feedback: 0.77467
Received=	-0.55675
Feedback: 0.76397
Received=	-0.44995
Feedback: 0.68453
Received=	-0.42971
Feedback: 0.66947
Received=	-0.080578
Feedback: 0.40977
Received=	0.23448
Feedback: 0.17541
Received=	0.29532
Feedback: 0.13016
Received=	0.15878
Feedback: 0.23172
Received=	0.075285
Feedback: 0.29383
Received=	-0.063477
Feedback: 0.39705
Received=	-0.034634
Feedback: 0.37559
Received=	-0.15787
Feedback: 0.46726
Received=	0.0012866
Feedback: 0.34887
Received=	0.26548
Feedback: 0.15235
Received=	0.39485
Feedback: 0.1
Received=	0.19396
Feedback: 0.20555
Received=	0.1264
Feedback: 0.25581
Received=	0.094656
Feedback: 0.27942
Received=	-0.14252
Feedback: 0.45585
Received=	-0.20007
Feedback: 0.49865
Received=	-0.2096
Feedback: 0.50575
Received=	-0.28403
Feedback: 0.56111
Received=	-0.038748
Feedback: 0.37865
Received=	-0.039109
Feedback: 0.37892
Received=	-0.39818
Feedback: 0.64602
Received=	0.061265
Feedback: 0.30426
Received=	0.16685
Feedback: 0.22572
Received=	-0.14587
Feedback: 0.45834
Received=	-0.25713
Feedback: 0.5411
Received=	-0.29384
Feedback: 0.56841
Received=	-0.25325
Feedback: 0.53822
Received=	-0.24798
Feedback: 0.53429
Received=	-0.054168
Feedback: 0.39012
Received=	-0.050384
Feedback: 0.38731
Received=	0.13108
Feedback: 0.25233
Received=	0.28289
Feedback: 0.1394
Received=	0.2022
Feedback: 0.19943
Received=	0.072496
Feedback: 0.2959
Received=	-0.20429
Feedback: 0.50179
Received=	-0.01792
Feedback: 0.36316
Received=	0.1557
Feedback: 0.23401
Received=	0.086449
Feedback: 0.28552
Received=	-0.020555
Feedback: 0.36512
Received=	-0.21582
Feedback: 0.51037
Received=	-0.12753
Feedback: 0.4447
Received=	-0.24297
Feedback: 0.53057
Received=	-0.62101
Feedback: 0.81177
Received=	-0.42281
Feedback: 0.66434
Received=	0.060624
Feedback: 0.30474
Received=	0.23068
Feedback: 0.17823
Received=	0.40654
Feedback: 0.1
Received=	0.082322
Feedback: 0.2886
Calculated range:	[(-2.000000) - (2.000000)]
Success index = (0.586480)
Received=	-0.10013
=====  12:30:58 - BASE  ============
Feedback: 0.66
Received=	-0.16747
Feedback: 0.66
Received=	0.076471
Feedback: 0.66
Received=	-0.033557
Feedback: 0.66
Received=	0.16553
Feedback: 0.66
Received=	0.22173
Feedback: 0.66
Received=	0.070769
Feedback: 0.66
Received=	0.20084
Feedback: 0.66
Received=	0.0071486
Feedback: 0.66
Received=	-0.16321
Feedback: 0.66
Received=	-0.13107
Feedback: 0.66
Received=	-0.53266
Feedback: 0.66
Received=	-0.26253
Feedback: 0.66
Received=	0.019391
Feedback: 0.66
Received=	0.27674
Feedback: 0.66
Received=	-0.21882
Feedback: 0.66
Received=	-0.19165
Feedback: 0.66
Received=	-0.022231
Feedback: 0.66
Received=	-0.16534
Feedback: 0.66
Received=	-0.012641
Feedback: 0.66
Received=	0.0056343
=====  12:31:58 - NF  ============
Feedback: 0.45601
Received=	0.018828
Feedback: 0.4429
Received=	-0.014308
Feedback: 0.47584
Received=	-0.15327
Feedback: 0.61397
Received=	-0.39686
Feedback: 0.85612
Received=	-0.54934
Feedback: 0.9
Received=	0.040339
Feedback: 0.42151
Received=	0.19151
Feedback: 0.27124
Received=	0.010294
Feedback: 0.45138
Received=	-0.23415
Feedback: 0.69438
Received=	-0.01841
Feedback: 0.47991
Received=	0.055736
Feedback: 0.40621
Received=	0.17815
Feedback: 0.28452
Received=	-0.16193
Feedback: 0.62258
Received=	-0.44361
Feedback: 0.9
Received=	-0.27909
Feedback: 0.73904
Received=	-0.27762
Feedback: 0.73759
Received=	0.083413
Feedback: 0.37869
Received=	-0.022158
Feedback: 0.48364
Received=	0.067645
Feedback: 0.39437
Received=	-0.034059
Feedback: 0.49547
Received=	0.058993
Feedback: 0.40297
Received=	-0.0043409
Feedback: 0.46593
Received=	-0.16266
Feedback: 0.62331
Received=	-0.13695
Feedback: 0.59776
Received=	-0.22428
Feedback: 0.68456
Received=	-0.65815
Feedback: 0.9
Received=	-0.45056
Feedback: 0.9
Received=	0.0035474
Feedback: 0.45809
Received=	0.030765
Feedback: 0.43103
Received=	-0.03765
Feedback: 0.49904
Received=	-0.059558
Feedback: 0.52082
Received=	-0.084925
Feedback: 0.54603
Received=	0.12236
Feedback: 0.33998
Received=	0.20355
Feedback: 0.25927
Received=	-0.12847
Feedback: 0.58933
Received=	-0.026284
Feedback: 0.48774
Received=	-0.080339
Feedback: 0.54148
Received=	-0.18589
Feedback: 0.6464
Received=	-0.0055753
Feedback: 0.46715
Received=	-0.34521
Feedback: 0.80478
Received=	-0.25697
Feedback: 0.71706
Received=	-0.45872
Feedback: 0.9
Received=	-0.51298
Feedback: 0.9
Received=	-0.36206
Feedback: 0.82152
Received=	-0.30068
Feedback: 0.76052
Received=	-0.4869
Feedback: 0.9
Received=	-0.76248
Feedback: 0.9
Received=	-0.41251
Feedback: 0.87168
Received=	0.085316
Feedback: 0.3768
Received=	-0.14205
Feedback: 0.60282
Received=	0.10579
Feedback: 0.35645
Received=	0.088809
Feedback: 0.37333
Received=	-0.28942
Feedback: 0.74932
Received=	-0.29505
Feedback: 0.75492
Received=	0.16706
Feedback: 0.29554
Received=	0.35232
Feedback: 0.11138
Received=	-0.11393
Feedback: 0.57487
Received=	-0.33878
Feedback: 0.79839
Received=	-0.24305
Feedback: 0.70323
Calculated range:	[(-2.000000) - (2.000000)]
Success index = (-0.443541)
Received=	-0.22961
=====  12:34:58 - BASE  ============
Feedback: 0.66
Received=	-0.19246
Feedback: 0.66
Received=	-0.23478
Feedback: 0.66
Received=	-0.13353
Feedback: 0.66
Received=	-0.15296
Feedback: 0.66
Received=	-0.18586
Feedback: 0.66
Received=	-0.16145
Feedback: 0.66
Received=	0.027719
Feedback: 0.66
Received=	-0.0064716
Feedback: 0.66
Received=	-0.47557
Feedback: 0.66
Received=	-0.6311
Feedback: 0.66
Received=	-0.57503
Feedback: 0.66
Received=	-0.69552
Feedback: 0.66
Received=	-0.49275
Feedback: 0.66
Received=	-0.14791
Feedback: 0.66
Received=	-0.12969
Feedback: 0.66
Received=	-0.12551
Feedback: 0.66
Received=	-0.13776
Feedback: 0.66
Received=	-0.26565
Feedback: 0.66
Received=	-0.27064
Feedback: 0.66
Received=	-0.51564
=====  12:35:58 - NF  ============
Feedback: 0.73281
Received=	-0.32789
Feedback: 0.55746
Received=	-0.039025
Feedback: 0.28769
Received=	-0.20398
Feedback: 0.44174
Received=	-0.31331
Feedback: 0.54385
Received=	-0.17699
Feedback: 0.41654
Received=	-0.041153
Feedback: 0.28968
Received=	-0.0015308
Feedback: 0.25267
Received=	-0.073246
Feedback: 0.31965
Received=	0.23783
Feedback: 0.1
Received=	-0.0057424
Feedback: 0.2566
Received=	-0.12423
Feedback: 0.36726
Received=	-0.22061
Feedback: 0.45727
Received=	-0.51745
Feedback: 0.73449
Received=	-0.67031
Feedback: 0.87726
Received=	-0.64149
Feedback: 0.85034
Received=	-0.56345
Feedback: 0.77746
Received=	0.060723
Feedback: 0.19453
Received=	0.67566
Feedback: 0.1
Received=	0.55352
Feedback: 0.1
Received=	0.33788
Feedback: 0.1
Received=	0.1414
Feedback: 0.11919
Received=	0.10466
Feedback: 0.15349
Received=	-0.03519
Feedback: 0.28411
Received=	0.18964
Feedback: 0.1
Received=	0.41089
Feedback: 0.1
Received=	0.30502
Feedback: 0.1
Received=	0.1602
Feedback: 0.10163
Received=	0.33442
Feedback: 0.1
Received=	-0.1067
Feedback: 0.35089
Received=	0.18062
Feedback: 0.1
Received=	0.16482
Feedback: 0.1
Received=	0.28343
Feedback: 0.1
Received=	-0.092519
Feedback: 0.33765
Received=	-0.30685
Feedback: 0.53782
Received=	-0.4523
Feedback: 0.67366
Received=	-0.23523
Feedback: 0.47092
Received=	-0.090643
Feedback: 0.3359
Received=	-0.54279
Feedback: 0.75816
Received=	-0.39236
Feedback: 0.61768
Received=	-0.32057
Feedback: 0.55063
Received=	-0.041914
Feedback: 0.29039
Received=	-0.16976
Feedback: 0.40978
Received=	-0.32081
Feedback: 0.55085
Received=	-0.083361
Feedback: 0.32909
Received=	-0.0030117
Feedback: 0.25405
Received=	-0.12021
Feedback: 0.3635
Received=	-0.42492
Feedback: 0.64809
Received=	-0.31243
Feedback: 0.54303
Received=	-0.49595
Feedback: 0.71442
Received=	-0.41931
Feedback: 0.64284
Received=	-0.16763
Feedback: 0.4078
Received=	-0.076381
Feedback: 0.32258
Received=	-0.46457
Feedback: 0.68511
Received=	-0.47513
Feedback: 0.69497
Received=	-0.13888
Feedback: 0.38095
Received=	0.089175
Feedback: 0.16796
Received=	-0.34393
Feedback: 0.57244
Received=	-0.41779
Feedback: 0.64143
Received=	-0.45762
Feedback: 0.67862
Calculated range:	[(-2.000000) - (2.000000)]
Success index = (0.487978)
Received=	-0.35853
=====  12:38:58 - BASE  ============
Feedback: 0.66
Received=	-0.25834
Feedback: 0.66
Received=	-0.25595
Feedback: 0.66
Received=	-0.27762
Feedback: 0.66
Received=	0.2168
Feedback: 0.66
Received=	0.18741
Feedback: 0.66
Received=	0.2405
Feedback: 0.66
Received=	0.22232
Feedback: 0.66
Received=	-0.082043
Feedback: 0.66
Received=	-0.4913
Feedback: 0.66
Received=	-0.15518
Feedback: 0.66
Received=	0.084292
Feedback: 0.66
Received=	-0.28715
Feedback: 0.66
Received=	0.099482
Feedback: 0.66
Received=	0.055751
Feedback: 0.66
Received=	0.18422
Feedback: 0.66
Received=	0.10207
Feedback: 0.66
Received=	0.1255
Feedback: 0.66
Received=	0.17246
Feedback: 0.66
Received=	-0.21771
Feedback: 0.66
Received=	-0.47197
=====  12:39:59 - NF  ============
Feedback: 0.9
Received=	-0.20159
Feedback: 0.67719
Received=	-0.019285
Feedback: 0.51351
Received=	-0.29789
Feedback: 0.76364
Received=	-0.43761
Feedback: 0.88908
Received=	-0.052387
Feedback: 0.54323
Received=	0.23503
Feedback: 0.28519
Received=	0.35639
Feedback: 0.17624
Received=	0.21644
Feedback: 0.30189
Received=	-0.26788
Feedback: 0.7367
Received=	-0.13885
Feedback: 0.62086
Received=	-0.08853
Feedback: 0.57568
Received=	0.015566
Feedback: 0.48223
Received=	0.17506
Feedback: 0.33903
Received=	0.29125
Feedback: 0.23473
Received=	-0.14332
Feedback: 0.62487
Received=	-0.073197
Feedback: 0.56192
Received=	-0.26291
Feedback: 0.73224
Received=	-0.56446
Feedback: 0.9
Received=	-0.41874
Feedback: 0.87214
Received=	-0.26751
Feedback: 0.73637
Received=	-0.12426
Feedback: 0.60776
Received=	-0.28056
Feedback: 0.74809
Received=	-0.040424
Feedback: 0.53249
Received=	0.03684
Feedback: 0.46313
Received=	0.10804
Feedback: 0.39921
Received=	-0.0054714
Feedback: 0.50111
Received=	-0.30271
Feedback: 0.76797
Received=	-0.10891
Feedback: 0.59398
Received=	-0.041583
Feedback: 0.53353
Received=	-0.20223
Feedback: 0.67776
Received=	-0.45095
Feedback: 0.9
Received=	-0.71092
Feedback: 0.9
Received=	-0.68785
Feedback: 0.9
Received=	-0.52017
Feedback: 0.9
Received=	-0.55561
Feedback: 0.9
Received=	-0.73333
Feedback: 0.9
Received=	-0.72655
Feedback: 0.9
Received=	-0.82409
Feedback: 0.9
Received=	-0.25471
Feedback: 0.72488
Received=	-0.2672
Feedback: 0.73609
Received=	-0.85398
Feedback: 0.9
Received=	-0.78345
Feedback: 0.9
Received=	-0.44974
Feedback: 0.89997
Received=	-0.30327
Feedback: 0.76848
Received=	-0.12013
Feedback: 0.60405
Received=	-0.21035
Feedback: 0.68505
Received=	-0.26476
Feedback: 0.7339
Received=	-0.05756
Feedback: 0.54788
Received=	-0.033008
Feedback: 0.52584
Received=	-0.091512
Feedback: 0.57836
Received=	-0.26709
Feedback: 0.73599
Received=	-0.046335
Feedback: 0.5378
Received=	0.03306
Feedback: 0.46652
Received=	-0.15603
Feedback: 0.63628
Received=	-0.22284
Feedback: 0.69626
Received=	0.0016039
Feedback: 0.49476
Received=	-0.2364
Feedback: 0.70843
Received=	-0.35012
Feedback: 0.81054
Received=	-0.013515
Feedback: 0.50833
Calculated range:	[(-2.000000) - (2.000000)]
Success index = (-0.831414)
Received=	0.2561
=====  12:42:58 - BASE  ============
Feedback: 0.66
Received=	0.004801
Feedback: 0.66
Received=	-0.29814
Feedback: 0.66
Received=	0.52056
Feedback: 0.66
Received=	0.58312
Feedback: 0.66
Received=	0.27927
Feedback: 0.66
Received=	0.27751
Feedback: 0.66
Received=	-0.24722
Feedback: 0.66
Received=	-0.011684
Feedback: 0.66
Received=	0.55422
Feedback: 0.66
Received=	0.054074
Feedback: 0.66
Received=	0.030253
Feedback: 0.66
Received=	-0.47163
Feedback: 0.66
Received=	-0.45631
Feedback: 0.66
Received=	-0.49596
Feedback: 0.66
Received=	-0.64861
Feedback: 0.66
Received=	-0.37241
Feedback: 0.66
Received=	-0.02921
Feedback: 0.66
Received=	0.02937
Feedback: 0.66
Received=	-0.032588
Feedback: 0.66
Received=	-0.33366
=====  12:43:58 - NF  ============
Feedback: 0.65471
Received=	-0.39728
Feedback: 0.68832
Received=	-0.15244
Feedback: 0.55896
Received=	0.11521
Feedback: 0.41754
Received=	0.034563
Feedback: 0.46015
Received=	0.1137
Feedback: 0.41834
Received=	0.068883
Feedback: 0.44202
Received=	0.26291
Feedback: 0.33951
Received=	0.23811
Feedback: 0.35261
Received=	-0.40498
Feedback: 0.69238
Received=	-0.45657
Feedback: 0.71965
Received=	-0.19118
Feedback: 0.57943
Received=	-0.24856
Feedback: 0.60974
Received=	-0.24228
Feedback: 0.60642
Received=	-0.10826
Feedback: 0.53562
Received=	-0.0025055
Feedback: 0.47974
Received=	-0.21371
Feedback: 0.59133
Received=	-0.17309
Feedback: 0.56987
Received=	-0.16905
Feedback: 0.56773
Received=	-0.084401
Feedback: 0.52301
Received=	-0.097144
Feedback: 0.52974
Received=	-0.1151
Feedback: 0.53923
Received=	0.21555
Feedback: 0.36453
Received=	0.04115
Feedback: 0.45667
Received=	-0.44173
Feedback: 0.7118
Received=	-0.44593
Feedback: 0.71402
Received=	0.12863
Feedback: 0.41045
Received=	-0.11813
Feedback: 0.54083
Received=	-0.38055
Feedback: 0.67948
Received=	0.0069543
Feedback: 0.47474
Received=	0.086674
Feedback: 0.43262
Received=	-0.044782
Feedback: 0.50208
Received=	-0.35133
Feedback: 0.66404
Received=	-0.55504
Feedback: 0.77167
Received=	-0.68272
Feedback: 0.83913
Received=	-0.79607
Feedback: 0.89902
Received=	-0.59922
Feedback: 0.79502
Received=	-0.77265
Feedback: 0.88665
Received=	-0.39654
Feedback: 0.68793
Received=	-0.3354
Feedback: 0.65562
Received=	-0.62099
Feedback: 0.80652
Received=	-0.39437
Feedback: 0.68678
Received=	0.021707
Feedback: 0.46695
Received=	-0.017029
Feedback: 0.48741
Received=	-0.24843
Feedback: 0.60968
Received=	-0.17215
Feedback: 0.56937
Received=	-0.19387
Feedback: 0.58085
Received=	-0.12956
Feedback: 0.54687
Received=	-0.026633
Feedback: 0.49249
Received=	-0.47082
Feedback: 0.72717
Received=	-0.58904
Feedback: 0.78964
Received=	-0.11466
Feedback: 0.539
Received=	0.27373
Feedback: 0.33379
Received=	0.14808
Feedback: 0.40018
Received=	-0.089741
Feedback: 0.52583
Received=	-0.030206
Feedback: 0.49437
Received=	-0.13341
Feedback: 0.5489
Received=	-0.22918
Feedback: 0.5995
Received=	-0.036883
Feedback: 0.4979
Received=	0.035457
Feedback: 0.45968
Calculated range:	[(-2.000000) - (2.000000)]
Success index = (-0.499043)
closing...
