Direction=-1.000000	; step=1.000000;
Received=	0
Feedback: 0.66
Received=	0
Feedback: 0.66
Received=	0
Feedback: 0.66
Received=	0.78654
Feedback: 0.66
Received=	0.8113
Feedback: 0.66
Received=	0.89589
Feedback: 0.66
Received=	0.89672
Feedback: 0.66
Received=	0.62436
Feedback: 0.66
Received=	0.52364
Feedback: 0.66
Received=	0.31905
Feedback: 0.66
Received=	0.36274
Feedback: 0.66
Received=	0.054231
Feedback: 0.66
Received=	-0.099767
Feedback: 0.66
Received=	-0.21208
Feedback: 0.66
Received=	-0.39355
Feedback: 0.66
Received=	-0.34219
Feedback: 0.66
Received=	-0.41393
Feedback: 0.66
Received=	-0.17686
Feedback: 0.66
Received=	0.1345
Feedback: 0.66
Received=	0.10232
Feedback: 0.66
Received=	-0.086354
=====  10:24:38 - NF  ============
Feedback: 0.63274
Received=	-0.0364
Feedback: 0.61075
Received=	0.1379
Feedback: 0.53401
Received=	0.067151
Feedback: 0.56516
Received=	0.10448
Feedback: 0.54873
Received=	0.2392
Feedback: 0.48942
Received=	0.68956
Feedback: 0.29116
Received=	0.57457
Feedback: 0.34178
Received=	0.21321
Feedback: 0.50086
Received=	0.083767
Feedback: 0.55784
Received=	-0.040869
Feedback: 0.61271
Received=	-0.068911
Feedback: 0.62506
Received=	-0.030533
Feedback: 0.60816
Received=	0.035199
Feedback: 0.57923
Received=	0.14498
Feedback: 0.5309
Received=	0.049943
Feedback: 0.57274
Received=	-0.1851
Feedback: 0.67621
Received=	0.018695
Feedback: 0.58649
Received=	0.43862
Feedback: 0.40162
Received=	0.14166
Feedback: 0.53236
Received=	0.0356
Feedback: 0.57905
Received=	0.39803
Feedback: 0.4195
Received=	0.29847
Feedback: 0.46332
Received=	0.45643
Feedback: 0.39379
Received=	0.55034
Feedback: 0.35244
Received=	0.057437
Feedback: 0.56944
Received=	0.11533
Feedback: 0.54395
Received=	0.11577
Feedback: 0.54376
Received=	-0.30985
Feedback: 0.73113
Received=	-0.41369
Feedback: 0.77684
Received=	-0.11537
Feedback: 0.64551
Received=	-0.098618
Feedback: 0.63814
Received=	-0.30429
Feedback: 0.72868
Received=	-0.2496
Feedback: 0.7046
Received=	-0.079811
Feedback: 0.62986
Received=	0.16444
Feedback: 0.52233
Received=	0.25322
Feedback: 0.48325
Received=	0.13965
Feedback: 0.53324
Received=	0.27007
Feedback: 0.47583
Received=	0.13601
Feedback: 0.53485
Received=	0.049602
Feedback: 0.57289
Received=	0.1779
Feedback: 0.5164
Received=	0.061011
Feedback: 0.56786
Received=	0.18222
Feedback: 0.5145
Received=	0.64939
Feedback: 0.30884
Received=	0.91176
Feedback: 0.19333
Received=	0.70559
Feedback: 0.2841
Received=	0.25345
Feedback: 0.48314
Received=	0.095468
Feedback: 0.55269
Received=	-0.068759
Feedback: 0.62499
Received=	-0.017496
Feedback: 0.60242
Received=	0.0078544
Feedback: 0.59126
Received=	-0.026637
Feedback: 0.60645
Received=	0.0079702
Feedback: 0.59121
Received=	-0.26233
Feedback: 0.71021
Received=	-0.27693
Feedback: 0.71664
Received=	-0.11598
Feedback: 0.64578
Received=	-0.2394
Feedback: 0.70011
Received=	-0.35068
Feedback: 0.7491
Received=	-0.19461
Feedback: 0.6804
Calculated range:	[(-2.000000) - (2.000000)]
Success index = (-0.392441)
Received=	0.26107
=====  10:27:37 - BASE  ============
Feedback: 0.66
Received=	0.2233
Feedback: 0.66
Received=	-0.017464
Feedback: 0.66
Received=	0.225
Feedback: 0.66
Received=	-0.088505
Feedback: 0.66
Received=	-0.15149
Feedback: 0.66
Received=	-0.069102
Feedback: 0.66
Received=	-0.27611
Feedback: 0.66
Received=	-0.24877
Feedback: 0.66
Received=	0.042975
Feedback: 0.66
Received=	0.4632
Feedback: 0.66
Received=	0.87956
Feedback: 0.66
Received=	0.42214
Feedback: 0.66
Received=	0.052637
Feedback: 0.66
Received=	0.55405
Feedback: 0.66
Received=	0.62051
Feedback: 0.66
Received=	0.17747
Feedback: 0.66
Received=	0.27675
Feedback: 0.66
Received=	0.49089
Feedback: 0.66
Received=	0.62131
Feedback: 0.66
Received=	0.32611
=====  10:28:38 - NF  ============
Feedback: 0.43775
Received=	0.35752
Feedback: 0.41918
Received=	0.55397
Feedback: 0.30302
Received=	0.44325
Feedback: 0.36848
Received=	0.55193
Feedback: 0.30423
Received=	0.77484
Feedback: 0.17241
Received=	0.48278
Feedback: 0.34511
Received=	0.16089
Feedback: 0.53545
Received=	0.47535
Feedback: 0.3495
Received=	0.94147
Feedback: 0.1
Received=	0.69503
Feedback: 0.21961
Received=	0.3572
Feedback: 0.41937
Received=	0.46891
Feedback: 0.35332
Received=	0.79448
Feedback: 0.1608
Received=	0.64587
Feedback: 0.24868
Received=	0.53639
Feedback: 0.31341
Received=	0.70979
Feedback: 0.21088
Received=	0.82052
Feedback: 0.1454
Received=	0.79304
Feedback: 0.16166
Received=	0.51118
Feedback: 0.32832
Received=	0.6794
Feedback: 0.22885
Received=	0.74509
Feedback: 0.19
Received=	0.73818
Feedback: 0.19409
Received=	0.76372
Feedback: 0.17899
Received=	0.31377
Feedback: 0.44505
Received=	0.27996
Feedback: 0.46504
Received=	0.059827
Feedback: 0.59521
Received=	0.26027
Feedback: 0.47668
Received=	0.72316
Feedback: 0.20297
Received=	1.011
Feedback: 0.1
Received=	1.329
Feedback: 0.1
Received=	1.3392
Feedback: 0.1
Received=	0.95296
Feedback: 0.1
Received=	0.84519
Feedback: 0.13081
Received=	0.32
Feedback: 0.44137
Received=	0.27821
Feedback: 0.46607
Received=	0.2524
Feedback: 0.48134
Received=	0.14727
Feedback: 0.5435
Received=	0.27718
Feedback: 0.46669
Received=	0.70073
Feedback: 0.21624
Received=	0.61405
Feedback: 0.26749
Received=	0.41015
Feedback: 0.38806
Received=	0.41706
Feedback: 0.38397
Received=	0.64899
Feedback: 0.24683
Received=	0.57312
Feedback: 0.29169
Received=	0.72345
Feedback: 0.2028
Received=	0.65469
Feedback: 0.24346
Received=	0.53108
Feedback: 0.31655
Received=	0.54452
Feedback: 0.3086
Received=	0.68484
Feedback: 0.22563
Received=	0.82018
Feedback: 0.14561
Received=	0.98579
Feedback: 0.1
Received=	0.69602
Feedback: 0.21902
Received=	0.34943
Feedback: 0.42396
Received=	0.59028
Feedback: 0.28155
Received=	0.61717
Feedback: 0.26564
Received=	0.37152
Feedback: 0.4109
Received=	0.61058
Feedback: 0.26954
Received=	0.63695
Feedback: 0.25395
Received=	0.32888
Feedback: 0.43611
Calculated range:	[(-2.000000) - (2.000000)]
Success index = (1.316613)
Received=	0.48291
=====  10:31:37 - BASE  ============
Feedback: 0.66
Received=	0.79497
Feedback: 0.66
Received=	0.24794
Feedback: 0.66
Received=	0.26741
Feedback: 0.66
Received=	0.29528
Feedback: 0.66
Received=	0.43528
Feedback: 0.66
Received=	0.6712
Feedback: 0.66
Received=	0.60082
Feedback: 0.66
Received=	0.70472
Feedback: 0.66
Received=	0.87709
Feedback: 0.66
Received=	0.54865
Feedback: 0.66
Received=	0.45916
Feedback: 0.66
Received=	0.55021
Feedback: 0.66
Received=	0.17059
Feedback: 0.66
Received=	0.82039
Feedback: 0.66
Received=	0.59852
Feedback: 0.66
Received=	0.79233
Feedback: 0.66
Received=	0.63061
Feedback: 0.66
Received=	0.68901
Feedback: 0.66
Received=	0.44319
Feedback: 0.66
Received=	0.60033
=====  10:32:37 - NF  ============
Feedback: 0.44583
Received=	0.65136
Feedback: 0.39626
Received=	0.8242
Feedback: 0.22833
Received=	0.37521
Feedback: 0.66455
Received=	0.62314
Feedback: 0.42367
Received=	0.75353
Feedback: 0.29699
Received=	0.62026
Feedback: 0.42647
Received=	0.68713
Feedback: 0.36151
Received=	0.75275
Feedback: 0.29776
Received=	0.87727
Feedback: 0.17677
Received=	0.66331
Feedback: 0.38465
Received=	0.68159
Feedback: 0.36689
Received=	1.0822
Feedback: 0.1
Received=	1.5027
Feedback: 0.1
Received=	1.3572
Feedback: 0.1
Received=	1.1739
Feedback: 0.1
Received=	0.92539
Feedback: 0.13003
Received=	1.3626
Feedback: 0.1
Received=	1.1776
Feedback: 0.1
Received=	0.78463
Feedback: 0.26679
Received=	0.74454
Feedback: 0.30573
Received=	1.0748
Feedback: 0.1
Received=	0.61316
Feedback: 0.43337
Received=	0.78028
Feedback: 0.27101
Received=	0.61866
Feedback: 0.42803
Received=	0.041541
Feedback: 0.9
Received=	0.18774
Feedback: 0.84668
Received=	0.25845
Feedback: 0.77798
Received=	0.58779
Feedback: 0.45801
Received=	0.29615
Feedback: 0.74136
Received=	0.47181
Feedback: 0.5707
Received=	0.41047
Feedback: 0.63029
Received=	0.45791
Feedback: 0.5842
Received=	0.60948
Feedback: 0.43694
Received=	0.87153
Feedback: 0.18235
Received=	0.96704
Feedback: 0.1
Received=	0.86194
Feedback: 0.19167
Received=	0.66175
Feedback: 0.38616
Received=	0.61199
Feedback: 0.43451
Received=	0.2459
Feedback: 0.79018
Received=	0.029513
Feedback: 0.9
Received=	0.426
Feedback: 0.6152
Received=	0.39636
Feedback: 0.644
Received=	0.37
Feedback: 0.66961
Received=	0.82489
Feedback: 0.22767
Received=	0.73014
Feedback: 0.31972
Received=	0.010911
Feedback: 0.9
Received=	0.0093555
Feedback: 0.9
Received=	0.34496
Feedback: 0.69393
Received=	0.43048
Feedback: 0.61085
Received=	0.53162
Feedback: 0.51259
Received=	0.45553
Feedback: 0.58651
Received=	0.48186
Feedback: 0.56093
Received=	0.22262
Feedback: 0.8128
Received=	-0.11526
Feedback: 0.9
Received=	0.45397
Feedback: 0.58803
Received=	0.7857
Feedback: 0.26574
Received=	0.84323
Feedback: 0.20985
Received=	0.81484
Feedback: 0.23743
Received=	0.74157
Feedback: 0.30861
Calculated range:	[(-2.000000) - (2.000000)]
Success index = (0.267352)
Received=	0.99455
=====  10:35:38 - BASE  ============
Feedback: 0.66
Received=	1.0376
Feedback: 0.66
Received=	0.47433
Feedback: 0.66
Received=	0.40322
Feedback: 0.66
Received=	0.48343
Feedback: 0.66
Received=	0.66025
Feedback: 0.66
Received=	0.58968
Feedback: 0.66
Received=	0.20603
Feedback: 0.66
Received=	0.00041407
Feedback: 0.66
Received=	0.33245
Feedback: 0.66
Received=	0.8729
Feedback: 0.66
Received=	0.89382
Feedback: 0.66
Received=	0.99028
Feedback: 0.66
Received=	0.56837
Feedback: 0.66
Received=	0.0073555
Feedback: 0.66
Received=	0.2262
Feedback: 0.66
Received=	0.20534
Feedback: 0.66
Received=	0.022579
Feedback: 0.66
Received=	0.084725
Feedback: 0.66
Received=	0.10983
Feedback: 0.66
Received=	-0.15426
=====  10:36:37 - NF  ============
Feedback: 0.84707
Received=	0.014386
Feedback: 0.74073
Received=	0.25564
Feedback: 0.58862
Received=	0.57662
Feedback: 0.38623
Received=	0.60481
Feedback: 0.36845
Received=	0.27479
Feedback: 0.57654
Received=	0.46191
Feedback: 0.45855
Received=	0.58291
Feedback: 0.38226
Received=	0.82001
Feedback: 0.23276
Received=	0.53439
Feedback: 0.41285
Received=	0.4764
Feedback: 0.44942
Received=	-0.12248
Feedback: 0.82703
Received=	-0.21239
Feedback: 0.88372
Received=	0.033364
Feedback: 0.72877
Received=	0.38209
Feedback: 0.50888
Received=	0.35524
Feedback: 0.52582
Received=	-0.034647
Feedback: 0.77165
Received=	-0.10839
Feedback: 0.81815
Received=	0.27845
Feedback: 0.57423
Received=	0.91376
Feedback: 0.17364
Received=	1.0114
Feedback: 0.11207
Received=	0.75103
Feedback: 0.27626
Received=	0.86471
Feedback: 0.20457
Received=	0.23614
Feedback: 0.60091
Received=	0.12078
Feedback: 0.67365
Received=	0.23875
Feedback: 0.59927
Received=	0.045273
Feedback: 0.72126
Received=	0.25651
Feedback: 0.58807
Received=	0.029852
Feedback: 0.73098
Received=	-0.13437
Feedback: 0.83453
Received=	-0.090913
Feedback: 0.80713
Received=	0.20677
Feedback: 0.61943
Received=	0.51781
Feedback: 0.42331
Received=	0.5557
Feedback: 0.39941
Received=	0.33021
Feedback: 0.54159
Received=	0.039521
Feedback: 0.72488
Received=	0.083424
Feedback: 0.6972
Received=	0.58812
Feedback: 0.37897
Received=	1.0897
Feedback: 0.1
Received=	1.4922
Feedback: 0.1
Received=	0.33028
Feedback: 0.54155
Received=	-0.0080062
Feedback: 0.75485
Received=	-0.1329
Feedback: 0.8336
Received=	-0.51848
Feedback: 0.9
Received=	0.26593
Feedback: 0.58212
Received=	0.47208
Feedback: 0.45214
Received=	0.9407
Feedback: 0.15666
Received=	0.56946
Feedback: 0.39074
Received=	-0.055348
Feedback: 0.7847
Received=	-0.16272
Feedback: 0.8524
Received=	0.31904
Feedback: 0.54864
Received=	0.45767
Feedback: 0.46123
Received=	0.27761
Feedback: 0.57476
Received=	-0.32071
Feedback: 0.9
Received=	-0.099087
Feedback: 0.81228
Received=	0.50749
Feedback: 0.42981
Received=	0.23969
Feedback: 0.59867
Received=	0.1236
Feedback: 0.67187
Received=	-0.038116
Feedback: 0.77384
Received=	-0.30754
Feedback: 0.9
Calculated range:	[(-2.000000) - (2.000000)]
Success index = (-0.301698)
Received=	-0.19876
=====  10:39:37 - BASE  ============
Feedback: 0.66
Received=	0.24345
Feedback: 0.66
Received=	0.083569
Feedback: 0.66
Received=	-0.2276
Feedback: 0.66
Received=	-0.5023
Feedback: 0.66
Received=	0.052174
Feedback: 0.66
Received=	0.49267
Feedback: 0.66
Received=	0.77645
Feedback: 0.66
Received=	0.5654
Feedback: 0.66
Received=	-0.089784
Feedback: 0.66
Received=	-0.45044
Feedback: 0.66
Received=	0.39251
Feedback: 0.66
Received=	0.52545
Feedback: 0.66
Received=	0.91487
Feedback: 0.66
Received=	0.18852
Feedback: 0.66
Received=	-0.17942
Feedback: 0.66
Received=	-0.28856
Feedback: 0.66
Received=	-0.32612
Feedback: 0.66
Received=	-0.7252
Feedback: 0.66
Received=	-0.24257
Feedback: 0.66
Received=	0.85052
=====  10:40:37 - NF  ============
Feedback: 0.16044
Received=	1.0067
Feedback: 0.1
Received=	0.82009
Feedback: 0.1734
Received=	0.29538
Feedback: 0.39689
Received=	0.14238
Feedback: 0.46206
Received=	0.16787
Feedback: 0.4512
Received=	-0.15763
Feedback: 0.58985
Received=	0.072796
Feedback: 0.4917
Received=	0.58009
Feedback: 0.27562
Received=	0.88038
Feedback: 0.14772
Received=	0.49037
Feedback: 0.31384
Received=	0.2021
Feedback: 0.43663
Received=	-0.33378
Feedback: 0.66488
Received=	-0.31252
Feedback: 0.65582
Received=	-0.030316
Feedback: 0.53562
Received=	0.014144
Feedback: 0.51668
Received=	0.16864
Feedback: 0.45088
Received=	0.57438
Feedback: 0.27806
Received=	0.90008
Feedback: 0.13933
Received=	0.82393
Feedback: 0.17176
Received=	0.49083
Feedback: 0.31365
Received=	-0.75224
Feedback: 0.84312
Received=	-0.58602
Feedback: 0.77232
Received=	-0.0055316
Feedback: 0.52506
Received=	0.47962
Feedback: 0.31842
Received=	1.1714
Feedback: 0.1
Received=	0.63362
Feedback: 0.25282
Received=	0.37793
Feedback: 0.36173
Received=	-0.24266
Feedback: 0.62606
Received=	-0.62117
Feedback: 0.78729
Received=	0.0506
Feedback: 0.50116
Received=	0.51372
Feedback: 0.3039
Received=	0.34411
Feedback: 0.37614
Received=	0.010559
Feedback: 0.51821
Received=	-0.18985
Feedback: 0.60357
Received=	-0.64256
Feedback: 0.7964
Received=	-0.32722
Feedback: 0.66208
Received=	0.090183
Feedback: 0.4843
Received=	0.60973
Feedback: 0.263
Received=	0.36903
Feedback: 0.36553
Received=	-0.13652
Feedback: 0.58086
Received=	-0.26462
Feedback: 0.63542
Received=	-0.09049
Feedback: 0.56125
Received=	0.31262
Feedback: 0.38955
Received=	0.22893
Feedback: 0.4252
Received=	-0.39161
Feedback: 0.68951
Received=	-0.59343
Feedback: 0.77547
Received=	-0.69439
Feedback: 0.81848
Received=	-0.29481
Feedback: 0.64828
Received=	-0.19
Feedback: 0.60363
Received=	0.060756
Feedback: 0.49683
Received=	0.26861
Feedback: 0.40829
Received=	0.41806
Feedback: 0.34464
Received=	0.27733
Feedback: 0.40458
Received=	-0.090113
Feedback: 0.56109
Received=	-0.26909
Feedback: 0.63732
Received=	-0.53184
Feedback: 0.74924
Received=	-0.66467
Feedback: 0.80582
Received=	-0.20307
Feedback: 0.6092
Received=	0.30474
Feedback: 0.39291
Calculated range:	[(-2.000000) - (2.000000)]
Success index = (0.112598)
closing...
