Direction=-1.000000	; step=1.000000;
Received=	0
Feedback: 0.66
Received=	0
Feedback: 0.66
Received=	0
Feedback: 0.66
Received=	-0.043548
Feedback: 0.66
Received=	0.065042
Feedback: 0.66
Received=	0.026446
Feedback: 0.66
Received=	0.019086
Feedback: 0.66
Received=	0.041774
Feedback: 0.66
Received=	0.23975
Feedback: 0.66
Received=	0.15851
Feedback: 0.66
Received=	0.18825
Feedback: 0.66
Received=	0.25721
Feedback: 0.66
Received=	0.29001
Feedback: 0.66
Received=	0.22778
Feedback: 0.66
Received=	0.086074
Feedback: 0.66
Received=	0.073372
Feedback: 0.66
Received=	0.13488
Feedback: 0.66
Received=	0.046503
Feedback: 0.66
Received=	-0.032234
Feedback: 0.66
Received=	-0.097211
Feedback: 0.66
Received=	-0.1332
=====  10:11:48 - NF  ============
Feedback: 0.9
Received=	0.22081
Feedback: 0.27379
Received=	0.16433
Feedback: 0.3741
Received=	0.058486
Feedback: 0.56205
Received=	0.1199
Feedback: 0.453
Received=	0.21234
Feedback: 0.28884
Received=	0.24674
Feedback: 0.22776
Received=	0.4688
Feedback: 0.1
Received=	0.16261
Feedback: 0.37715
Received=	0.089503
Feedback: 0.50697
Received=	0.14206
Feedback: 0.41364
Received=	0.15726
Feedback: 0.38665
Received=	0.2601
Feedback: 0.20404
Received=	0.224
Feedback: 0.26813
Received=	0.21073
Feedback: 0.2917
Received=	0.0060715
Feedback: 0.65512
Received=	0.093846
Feedback: 0.49926
Received=	0.35875
Feedback: 0.1
Received=	0.30956
Feedback: 0.11621
Received=	0.2987
Feedback: 0.13549
Received=	0.34359
Feedback: 0.1
Received=	0.037154
Feedback: 0.59993
Received=	0.22139
Feedback: 0.27276
Received=	0.38729
Feedback: 0.1
Received=	0.13747
Feedback: 0.42179
Received=	0.21927
Feedback: 0.27653
Received=	0.34104
Feedback: 0.1
Received=	0.25853
Feedback: 0.20682
Received=	0.077673
Feedback: 0.52798
Received=	-0.33429
Feedback: 0.9
Received=	-0.34538
Feedback: 0.9
Received=	-0.024983
Feedback: 0.71027
Received=	0.18428
Feedback: 0.33866
Received=	0.20518
Feedback: 0.30155
Received=	0.28735
Feedback: 0.15565
Received=	0.27982
Feedback: 0.16901
Received=	0.31517
Feedback: 0.10624
Received=	0.12863
Feedback: 0.43749
Received=	0.086026
Feedback: 0.51314
Received=	0.10172
Feedback: 0.48528
Received=	0.30169
Feedback: 0.13018
Received=	0.59195
Feedback: 0.1
Received=	0.40147
Feedback: 0.1
Received=	0.23973
Feedback: 0.2402
Received=	0.23912
Feedback: 0.24129
Received=	0.25966
Feedback: 0.20482
Received=	0.33448
Feedback: 0.1
Received=	0.34516
Feedback: 0.1
Received=	0.28107
Feedback: 0.1668
Received=	0.22793
Feedback: 0.26116
Received=	0.25588
Feedback: 0.21152
Received=	0.35991
Feedback: 0.1
Received=	0.109
Feedback: 0.47235
Received=	-0.082681
Feedback: 0.81273
Received=	-0.17535
Feedback: 0.9
Received=	-0.19924
Feedback: 0.9
Received=	0.21883
Feedback: 0.27732
Received=	0.1976
Feedback: 0.31502
Received=	0.25184
Feedback: 0.21869
Received=	0.2096
Feedback: 0.29371
Calculated range:	[(-2.000000) - (2.000000)]
Success index = (0.554260)
Received=	0.0031474
=====  10:14:48 - BASE  ============
Feedback: 0.66
Received=	0.1533
Feedback: 0.66
Received=	-0.0070532
Feedback: 0.66
Received=	0.039059
Feedback: 0.66
Received=	0.17088
Feedback: 0.66
Received=	0.30159
Feedback: 0.66
Received=	-0.073374
Feedback: 0.66
Received=	-0.11735
Feedback: 0.66
Received=	0.1478
Feedback: 0.66
Received=	0.40221
Feedback: 0.66
Received=	0.02195
Feedback: 0.66
Received=	-0.15098
Feedback: 0.66
Received=	-0.32995
Feedback: 0.66
Received=	-0.095951
Feedback: 0.66
Received=	0.16673
Feedback: 0.66
Received=	0.29227
Feedback: 0.66
Received=	-0.0043514
Feedback: 0.66
Received=	0.074139
Feedback: 0.66
Received=	0.25118
Feedback: 0.66
Received=	0.053182
Feedback: 0.66
Received=	0.20559
=====  10:15:48 - NF  ============
Feedback: 0.34583
Received=	0.44107
Feedback: 0.1
Received=	0.43453
Feedback: 0.1
Received=	0.10287
Feedback: 0.45724
Received=	0.23153
Feedback: 0.3177
Received=	0.33596
Feedback: 0.20443
Received=	0.32746
Feedback: 0.21365
Received=	0.25647
Feedback: 0.29065
Received=	0.23587
Feedback: 0.31299
Received=	0.17252
Feedback: 0.38169
Received=	0.19859
Feedback: 0.35342
Received=	0.22674
Feedback: 0.32289
Received=	0.12173
Feedback: 0.43678
Received=	0.14717
Feedback: 0.40919
Received=	0.17273
Feedback: 0.38146
Received=	0.49037
Feedback: 0.1
Received=	0.46126
Feedback: 0.1
Received=	0.21686
Feedback: 0.3336
Received=	0.53952
Feedback: 0.1
Received=	0.44481
Feedback: 0.1
Received=	0.411
Feedback: 0.12304
Received=	0.56492
Feedback: 0.1
Received=	0.50356
Feedback: 0.1
Received=	0.42477
Feedback: 0.10811
Received=	0.30476
Feedback: 0.23827
Received=	0.38406
Feedback: 0.15226
Received=	0.73325
Feedback: 0.1
Received=	0.76701
Feedback: 0.1
Received=	0.38101
Feedback: 0.15557
Received=	0.27307
Feedback: 0.27264
Received=	0.44184
Feedback: 0.1
Received=	0.21648
Feedback: 0.33402
Received=	0.22138
Feedback: 0.3287
Received=	0.48826
Feedback: 0.1
Received=	0.74515
Feedback: 0.1
Received=	0.59305
Feedback: 0.1
Received=	0.3671
Feedback: 0.17065
Received=	0.2519
Feedback: 0.2956
Received=	0.31852
Feedback: 0.22334
Received=	0.087588
Feedback: 0.47381
Received=	-0.053955
Feedback: 0.62733
Received=	0.0079001
Feedback: 0.56024
Received=	0.18389
Feedback: 0.36937
Received=	0.30613
Feedback: 0.23679
Received=	0.24217
Feedback: 0.30615
Received=	0.51788
Feedback: 0.1
Received=	0.74543
Feedback: 0.1
Received=	0.35886
Feedback: 0.17959
Received=	0.072628
Feedback: 0.49004
Received=	0.016074
Feedback: 0.55138
Received=	-0.018011
Feedback: 0.58835
Received=	-0.026804
Feedback: 0.59788
Received=	-0.034072
Feedback: 0.60577
Received=	-0.16263
Feedback: 0.74519
Received=	0.041285
Feedback: 0.52403
Received=	0.19065
Feedback: 0.36203
Received=	0.22204
Feedback: 0.32798
Received=	0.25814
Feedback: 0.28883
Received=	0.43639
Feedback: 0.1
Received=	0.23538
Feedback: 0.31351
Calculated range:	[(-2.000000) - (2.000000)]
Success index = (1.147639)
Received=	0.42353
=====  10:18:48 - BASE  ============
Feedback: 0.66
Received=	0.48047
Feedback: 0.66
Received=	0.38265
Feedback: 0.66
Received=	0.21673
Feedback: 0.66
Received=	0.17779
Feedback: 0.66
Received=	0.32638
Feedback: 0.66
Received=	0.35173
Feedback: 0.66
Received=	0.2149
Feedback: 0.66
Received=	0.16379
Feedback: 0.66
Received=	0.26412
Feedback: 0.66
Received=	0.69062
Feedback: 0.66
Received=	0.76345
Feedback: 0.66
Received=	0.40736
Feedback: 0.66
Received=	0.23946
Feedback: 0.66
Received=	0.32423
Feedback: 0.66
Received=	0.62629
Feedback: 0.66
Received=	0.23828
Feedback: 0.66
Received=	-0.067881
Feedback: 0.66
Received=	0.092689
Feedback: 0.66
Received=	0.23807
Feedback: 0.66
Received=	0.16539
=====  10:19:48 - NF  ============
Feedback: 0.64324
Received=	0.37483
Feedback: 0.44127
Received=	0.26903
Feedback: 0.54329
Received=	0.11526
Feedback: 0.69158
Received=	0.27567
Feedback: 0.53689
Received=	0.10868
Feedback: 0.69792
Received=	-0.029981
Feedback: 0.83164
Received=	0.10331
Feedback: 0.7031
Received=	0.11489
Feedback: 0.69194
Received=	-0.060424
Feedback: 0.861
Received=	0.26553
Feedback: 0.54667
Received=	0.21666
Feedback: 0.5938
Received=	-0.055214
Feedback: 0.85597
Received=	0.10384
Feedback: 0.7026
Received=	0.14105
Feedback: 0.66671
Received=	0.031607
Feedback: 0.77225
Received=	0.29291
Feedback: 0.52027
Received=	0.26028
Feedback: 0.55173
Received=	0.14789
Feedback: 0.66011
Received=	0.28891
Feedback: 0.52412
Received=	-0.17277
Feedback: 0.9
Received=	-0.46734
Feedback: 0.9
Received=	-0.37922
Feedback: 0.9
Received=	-0.16931
Feedback: 0.9
Received=	0.068256
Feedback: 0.73691
Received=	-0.066383
Feedback: 0.86674
Received=	-0.18757
Feedback: 0.9
Received=	0.016515
Feedback: 0.7868
Received=	0.36061
Feedback: 0.45498
Received=	0.35309
Feedback: 0.46223
Received=	0.17777
Feedback: 0.6313
Received=	0.31568
Feedback: 0.49831
Received=	0.61324
Feedback: 0.21136
Received=	0.43188
Feedback: 0.38626
Received=	0.37388
Feedback: 0.44218
Received=	0.36357
Feedback: 0.45212
Received=	0.51111
Feedback: 0.30985
Received=	0.29237
Feedback: 0.52078
Received=	0.08239
Feedback: 0.72328
Received=	0.19911
Feedback: 0.61072
Received=	0.57946
Feedback: 0.24394
Received=	0.61763
Feedback: 0.20713
Received=	0.35091
Feedback: 0.46434
Received=	0.34809
Feedback: 0.46706
Received=	0.24628
Feedback: 0.56524
Received=	-0.024331
Feedback: 0.82619
Received=	-0.15701
Feedback: 0.9
Received=	-0.063732
Feedback: 0.86419
Received=	0.11074
Feedback: 0.69594
Received=	0.12206
Feedback: 0.68502
Received=	0.14177
Feedback: 0.66601
Received=	-0.15993
Feedback: 0.9
Received=	-0.19956
Feedback: 0.9
Received=	0.24361
Feedback: 0.56781
Received=	0.23501
Feedback: 0.5761
Received=	0.52387
Feedback: 0.29754
Received=	0.56844
Feedback: 0.25456
Received=	0.33988
Feedback: 0.47498
Received=	0.16311
Feedback: 0.64544
Received=	0.38973
Feedback: 0.4269
Calculated range:	[(-2.000000) - (2.000000)]
Success index = (-0.625567)
Received=	0.57953
=====  10:22:48 - BASE  ============
Feedback: 0.66
Received=	0.20279
Feedback: 0.66
Received=	-0.039347
Feedback: 0.66
Received=	0.1391
Feedback: 0.66
Received=	0.19427
Feedback: 0.66
Received=	-0.099657
Feedback: 0.66
Received=	-0.1648
Feedback: 0.66
Received=	0.021556
Feedback: 0.66
Received=	0.054154
Feedback: 0.66
Received=	0.34288
Feedback: 0.66
Received=	0.67532
Feedback: 0.66
Received=	0.38075
Feedback: 0.66
Received=	0.038728
Feedback: 0.66
Received=	0.14
Feedback: 0.66
Received=	0.23384
Feedback: 0.66
Received=	0.30781
Feedback: 0.66
Received=	0.41256
Feedback: 0.66
Received=	0.16022
Feedback: 0.66
Received=	-0.10265
Feedback: 0.66
Received=	0.19411
Feedback: 0.66
Received=	0.22183
=====  10:23:48 - NF  ============
Feedback: 0.44231
Received=	0.40744
Feedback: 0.26774
Received=	0.39392
Feedback: 0.28045
Received=	0.18679
Feedback: 0.47526
Received=	0.11682
Feedback: 0.54107
Received=	0.094221
Feedback: 0.56233
Received=	-0.023205
Feedback: 0.67277
Received=	-0.012303
Feedback: 0.66252
Received=	0.022277
Feedback: 0.63
Received=	0.38423
Feedback: 0.28956
Received=	0.55078
Feedback: 0.13292
Received=	0.22547
Feedback: 0.43889
Received=	-0.016143
Feedback: 0.66613
Received=	0.17794
Feedback: 0.48359
Received=	0.14476
Feedback: 0.5148
Received=	0.12888
Feedback: 0.52973
Received=	0.10187
Feedback: 0.55514
Received=	-0.016379
Feedback: 0.66635
Received=	0.12049
Feedback: 0.53762
Received=	0.13489
Feedback: 0.52408
Received=	0.31751
Feedback: 0.35232
Received=	0.33593
Feedback: 0.33499
Received=	0.2172
Feedback: 0.44667
Received=	-0.013281
Feedback: 0.66344
Received=	-0.020272
Feedback: 0.67001
Received=	-0.19073
Feedback: 0.83034
Received=	-0.11382
Feedback: 0.758
Received=	0.078443
Feedback: 0.57717
Received=	0.026706
Feedback: 0.62583
Received=	-0.17672
Feedback: 0.81716
Received=	-0.29921
Feedback: 0.9
Received=	-0.1688
Feedback: 0.80971
Received=	0.049346
Feedback: 0.60454
Received=	0.25842
Feedback: 0.40789
Received=	0.57645
Feedback: 0.10878
Received=	0.57903
Feedback: 0.10635
Received=	0.18187
Feedback: 0.4799
Received=	0.10315
Feedback: 0.55393
Received=	0.29688
Feedback: 0.37172
Received=	0.44953
Feedback: 0.22815
Received=	0.46081
Feedback: 0.21754
Received=	0.42465
Feedback: 0.25155
Received=	0.23764
Feedback: 0.42744
Received=	0.55568
Feedback: 0.12831
Received=	0.45843
Feedback: 0.21978
Received=	0.45131
Feedback: 0.22648
Received=	0.64031
Feedback: 0.1
Received=	0.27307
Feedback: 0.39412
Received=	0.015545
Feedback: 0.63633
Received=	0.035928
Feedback: 0.61716
Received=	0.19201
Feedback: 0.47036
Received=	0.49186
Feedback: 0.18833
Received=	0.67433
Feedback: 0.1
Received=	0.46504
Feedback: 0.21357
Received=	0.4593
Feedback: 0.21896
Received=	0.45174
Feedback: 0.22607
Received=	0.34602
Feedback: 0.3255
Received=	0.11084
Feedback: 0.5467
Received=	0.18066
Feedback: 0.48103
Received=	0.25417
Feedback: 0.41189
Calculated range:	[(-2.000000) - (2.000000)]
Success index = (0.252925)
Received=	0.47779
=====  10:26:48 - BASE  ============
Feedback: 0.66
Received=	0.35954
Feedback: 0.66
Received=	0.36376
Feedback: 0.66
Received=	0.42164
Feedback: 0.66
Received=	0.27789
Feedback: 0.66
Received=	0.33399
Feedback: 0.66
Received=	0.47901
Feedback: 0.66
Received=	0.43872
Feedback: 0.66
Received=	0.30833
Feedback: 0.66
Received=	0.11525
Feedback: 0.66
Received=	0.39558
Feedback: 0.66
Received=	0.30381
Feedback: 0.66
Received=	0.19249
Feedback: 0.66
Received=	0.39011
Feedback: 0.66
Received=	0.23332
Feedback: 0.66
Received=	0.27077
Feedback: 0.66
Received=	0.32492
Feedback: 0.66
Received=	0.44566
Feedback: 0.66
Received=	0.41654
Feedback: 0.66
Received=	0.24939
Feedback: 0.66
Received=	0.25479
=====  10:27:48 - NF  ============
Feedback: 0.65718
Received=	0.29418
Feedback: 0.57613
Received=	0.38987
Feedback: 0.37924
Received=	0.29654
Feedback: 0.57127
Received=	0.55662
Feedback: 0.1
Received=	0.34954
Feedback: 0.46222
Received=	0.33672
Feedback: 0.48859
Received=	0.47096
Feedback: 0.21237
Received=	0.46069
Feedback: 0.23351
Received=	0.21263
Feedback: 0.74393
Received=	0.53742
Feedback: 0.1
Received=	0.32269
Feedback: 0.51747
Received=	0.061819
Feedback: 0.9
Received=	0.27219
Feedback: 0.62137
Received=	0.35253
Feedback: 0.45607
Received=	0.35906
Feedback: 0.44262
Received=	0.33085
Feedback: 0.50066
Received=	0.21713
Feedback: 0.73467
Received=	0.14285
Feedback: 0.8875
Received=	0.38655
Feedback: 0.38607
Received=	0.28964
Feedback: 0.58547
Received=	0.16583
Feedback: 0.84023
Received=	0.18188
Feedback: 0.8072
Received=	0.6131
Feedback: 0.1
Received=	0.78812
Feedback: 0.1
Received=	0.40179
Feedback: 0.35471
Received=	0.12139
Feedback: 0.9
Received=	0.092147
Feedback: 0.9
Received=	0.21602
Feedback: 0.73696
Received=	0.37072
Feedback: 0.41864
Received=	0.19592
Feedback: 0.77832
Received=	0.25207
Feedback: 0.66276
Received=	0.29263
Feedback: 0.57931
Received=	0.41221
Feedback: 0.33327
Received=	0.50919
Feedback: 0.13372
Received=	0.40802
Feedback: 0.34188
Received=	0.084501
Feedback: 0.9
Received=	0.035355
Feedback: 0.9
Received=	-0.34413
Feedback: 0.9
Received=	-0.4761
Feedback: 0.9
Received=	-0.10355
Feedback: 0.9
Received=	0.33336
Feedback: 0.4955
Received=	0.3687
Feedback: 0.42279
Received=	0.13413
Feedback: 0.9
Received=	-0.11226
Feedback: 0.9
Received=	0.21093
Feedback: 0.74743
Received=	0.29116
Feedback: 0.58234
Received=	0.3668
Feedback: 0.42671
Received=	0.12169
Feedback: 0.9
Received=	-0.039953
Feedback: 0.9
Received=	0.12829
Feedback: 0.9
Received=	0.21562
Feedback: 0.73778
Received=	0.7208
Feedback: 0.1
Received=	0.61795
Feedback: 0.1
Received=	0.21203
Feedback: 0.74516
Received=	-0.056964
Feedback: 0.9
Received=	0.071394
Feedback: 0.9
Received=	0.23986
Feedback: 0.6879
Received=	0.33168
Feedback: 0.49897
Received=	0.17767
Feedback: 0.81585
Calculated range:	[(-2.000000) - (2.000000)]
Success index = (-0.380883)
closing...
