Direction=-1.000000	; step=1.000000;
Received=	0
Feedback: 0.66
Received=	0
Feedback: 0.66
Received=	0
Feedback: 0.66
Received=	-0.5847
Feedback: 0.66
Received=	-0.7254
Feedback: 0.66
Received=	-0.22531
Feedback: 0.66
Received=	-0.30556
Feedback: 0.66
Received=	-0.45375
Feedback: 0.66
Received=	-0.56093
Feedback: 0.66
Received=	-0.46388
Feedback: 0.66
Received=	-0.44809
Feedback: 0.66
Received=	-0.38478
Feedback: 0.66
Received=	-0.29813
Feedback: 0.66
Received=	-0.4703
Feedback: 0.66
Received=	-0.62529
Feedback: 0.66
Received=	-0.67514
Feedback: 0.66
Received=	-0.77392
Feedback: 0.66
Received=	-0.6344
Feedback: 0.66
Received=	-0.50597
Feedback: 0.66
Received=	-0.58168
Feedback: 0.66
Received=	-0.70365
=====  12:32:56 - NF  ============
Feedback: 0.72831
Received=	-0.68011
Feedback: 0.70381
Received=	-0.63175
Feedback: 0.65347
Received=	-0.69567
Feedback: 0.72001
Received=	-0.76274
Feedback: 0.78981
Received=	-0.8427
Feedback: 0.87303
Received=	-0.58148
Feedback: 0.60116
Received=	-0.67473
Feedback: 0.69821
Received=	-0.77849
Feedback: 0.8062
Received=	-0.7798
Feedback: 0.80756
Received=	-0.79651
Feedback: 0.82496
Received=	-0.58724
Feedback: 0.60715
Received=	-0.65451
Feedback: 0.67717
Received=	-0.72362
Feedback: 0.7491
Received=	-0.76138
Feedback: 0.78839
Received=	-0.57021
Feedback: 0.58943
Received=	-0.59962
Feedback: 0.62003
Received=	-0.61715
Feedback: 0.63828
Received=	-0.5933
Feedback: 0.61346
Received=	-0.68448
Feedback: 0.70835
Received=	-0.80277
Feedback: 0.83147
Received=	-0.65459
Feedback: 0.67725
Received=	-0.49398
Feedback: 0.51009
Received=	-0.57877
Feedback: 0.59833
Received=	-0.59315
Feedback: 0.6133
Received=	-0.61122
Feedback: 0.63211
Received=	-0.7509
Feedback: 0.77749
Received=	-0.79632
Feedback: 0.82476
Received=	-0.48053
Feedback: 0.49609
Received=	-0.50349
Feedback: 0.51998
Received=	-0.49961
Feedback: 0.51594
Received=	-0.73469
Feedback: 0.76061
Received=	-0.71687
Feedback: 0.74206
Received=	-0.62431
Feedback: 0.64573
Received=	-0.69603
Feedback: 0.72038
Received=	-0.60996
Feedback: 0.63079
Received=	-0.46908
Feedback: 0.48417
Received=	-0.58961
Feedback: 0.60961
Received=	-0.64079
Feedback: 0.66288
Received=	-0.71828
Feedback: 0.74354
Received=	-0.65103
Feedback: 0.67354
Received=	-0.59195
Feedback: 0.61206
Received=	-0.45947
Feedback: 0.47417
Received=	-0.37935
Feedback: 0.39078
Received=	-0.30396
Feedback: 0.31232
Received=	-0.17729
Feedback: 0.18048
Received=	-0.40103
Feedback: 0.41334
Received=	-0.45876
Feedback: 0.47343
Received=	-0.54246
Feedback: 0.56054
Received=	-0.60202
Feedback: 0.62253
Received=	-0.49042
Feedback: 0.50638
Received=	-0.4749
Feedback: 0.49023
Received=	-0.54048
Feedback: 0.55848
Received=	-0.2696
Feedback: 0.27655
Received=	-0.3944
Feedback: 0.40645
Received=	-0.61957
Feedback: 0.6408
Received=	-0.69148
Feedback: 0.71564
Received=	-0.67072
Feedback: 0.69403
Received=	-0.84174
Feedback: 0.87203
Received=	-0.83727
Feedback: 0.86738
Calculated range:	[(-2.000000) - (2.000000)]
Success index = (-0.824068)
Received=	-0.77182
=====  12:35:56 - BASE  ============
Feedback: 0.66
Received=	-0.62421
Feedback: 0.66
Received=	-0.50651
Feedback: 0.66
Received=	-0.65201
Feedback: 0.66
Received=	-0.58808
Feedback: 0.66
Received=	-0.48563
Feedback: 0.66
Received=	-0.52254
Feedback: 0.66
Received=	-0.55974
Feedback: 0.66
Received=	-0.51416
Feedback: 0.66
Received=	-0.49711
Feedback: 0.66
Received=	-0.48685
Feedback: 0.66
Received=	-0.51343
Feedback: 0.66
Received=	-0.63684
Feedback: 0.66
Received=	-0.71837
Feedback: 0.66
Received=	-0.83694
Feedback: 0.66
Received=	-0.62542
Feedback: 0.66
Received=	-0.28201
Feedback: 0.66
Received=	-0.19554
Feedback: 0.66
Received=	-0.036103
Feedback: 0.66
Received=	-0.14739
Feedback: 0.66
Received=	-0.34943
=====  12:36:56 - NF  ============
Feedback: 0.36317
Received=	-0.23563
Feedback: 0.25173
Received=	-0.3104
Feedback: 0.32495
Received=	-0.49526
Feedback: 0.50599
Received=	-0.7206
Feedback: 0.72666
Received=	-0.52934
Feedback: 0.53936
Received=	-0.54777
Feedback: 0.55741
Received=	-0.62276
Feedback: 0.63085
Received=	-0.43979
Feedback: 0.45166
Received=	-0.47284
Feedback: 0.48403
Received=	-0.55172
Feedback: 0.56128
Received=	-0.45253
Feedback: 0.46414
Received=	-0.49242
Feedback: 0.5032
Received=	-0.46881
Feedback: 0.48008
Received=	-0.64571
Feedback: 0.65332
Received=	-0.70503
Feedback: 0.71142
Received=	-0.58409
Feedback: 0.59297
Received=	-0.49039
Feedback: 0.50121
Received=	-0.47419
Feedback: 0.48535
Received=	-0.47642
Feedback: 0.48754
Received=	-0.5389
Feedback: 0.54873
Received=	-0.45019
Feedback: 0.46185
Received=	-0.36823
Feedback: 0.38158
Received=	0.011075
Feedback: 0.1
Received=	-0.25834
Feedback: 0.27397
Received=	-0.43809
Feedback: 0.45
Received=	-0.41229
Feedback: 0.42473
Received=	-0.39388
Feedback: 0.40671
Received=	-0.40691
Feedback: 0.41946
Received=	-0.44189
Feedback: 0.45372
Received=	-0.35315
Feedback: 0.36682
Received=	-0.48025
Feedback: 0.49129
Received=	-0.57373
Feedback: 0.58284
Received=	-0.58717
Feedback: 0.59599
Received=	-0.64889
Feedback: 0.65644
Received=	-0.70126
Feedback: 0.70772
Received=	-0.74621
Feedback: 0.75174
Received=	-0.45644
Feedback: 0.46797
Received=	-0.60508
Feedback: 0.61353
Received=	-0.58132
Feedback: 0.59027
Received=	-0.46398
Feedback: 0.47535
Received=	-0.35272
Feedback: 0.3664
Received=	-0.51003
Feedback: 0.52045
Received=	-0.73915
Feedback: 0.74483
Received=	-0.75152
Feedback: 0.75694
Received=	-0.83036
Feedback: 0.83415
Received=	-0.61383
Feedback: 0.6221
Received=	-0.6963
Feedback: 0.70287
Received=	-0.63668
Feedback: 0.64448
Received=	-0.76596
Feedback: 0.77108
Received=	-0.83103
Feedback: 0.83481
Received=	-0.69572
Feedback: 0.7023
Received=	-0.5297
Feedback: 0.53971
Received=	-0.50598
Feedback: 0.51648
Received=	-0.48229
Feedback: 0.49328
Received=	-0.46407
Feedback: 0.47544
Received=	-0.50331
Feedback: 0.51387
Received=	-0.39348
Feedback: 0.40632
Received=	-0.42185
Feedback: 0.4341
Received=	-0.26238
Feedback: 0.27792
Calculated range:	[(-2.000000) - (2.000000)]
Success index = (-0.159407)
Received=	-0.29846
=====  12:39:56 - BASE  ============
Feedback: 0.66
Received=	-0.34453
Feedback: 0.66
Received=	-0.3227
Feedback: 0.66
Received=	-0.31607
Feedback: 0.66
Received=	-0.62671
Feedback: 0.66
Received=	-0.58351
Feedback: 0.66
Received=	-0.61702
Feedback: 0.66
Received=	-0.42311
Feedback: 0.66
Received=	-0.32297
Feedback: 0.66
Received=	-0.10202
Feedback: 0.66
Received=	-0.29753
Feedback: 0.66
Received=	-0.66566
Feedback: 0.66
Received=	-0.76977
Feedback: 0.66
Received=	-0.7702
Feedback: 0.66
Received=	-0.59194
Feedback: 0.66
Received=	-0.63195
Feedback: 0.66
Received=	-0.69491
Feedback: 0.66
Received=	-0.50878
Feedback: 0.66
Received=	-0.49213
Feedback: 0.66
Received=	-0.67482
Feedback: 0.66
Received=	-0.61852
=====  12:40:56 - NF  ============
Feedback: 0.60208
Received=	-0.38402
Feedback: 0.3518
Received=	-0.35246
Feedback: 0.31812
Received=	-0.28506
Feedback: 0.24619
Received=	-0.27277
Feedback: 0.23307
Received=	-0.25549
Feedback: 0.21462
Received=	-0.36225
Feedback: 0.32856
Received=	-0.58797
Feedback: 0.56947
Received=	-0.61833
Feedback: 0.60187
Received=	-0.43749
Feedback: 0.40887
Received=	-0.55302
Feedback: 0.53218
Received=	-0.57565
Feedback: 0.55632
Received=	-0.46588
Feedback: 0.43917
Received=	-0.35043
Feedback: 0.31595
Received=	-0.39681
Feedback: 0.36545
Received=	-0.41071
Feedback: 0.38028
Received=	-0.39387
Feedback: 0.36231
Received=	-0.47153
Feedback: 0.4452
Received=	-0.4413
Feedback: 0.41294
Received=	-0.45075
Feedback: 0.42302
Received=	-0.52141
Feedback: 0.49843
Received=	-0.46813
Feedback: 0.44157
Received=	-0.27983
Feedback: 0.2406
Received=	-0.28928
Feedback: 0.25068
Received=	-0.35907
Feedback: 0.32518
Received=	-0.48679
Feedback: 0.46149
Received=	-0.38341
Feedback: 0.35115
Received=	-0.41787
Feedback: 0.38793
Received=	-0.63085
Feedback: 0.61524
Received=	-0.80889
Feedback: 0.80525
Received=	-0.8317
Feedback: 0.8296
Received=	-0.83179
Feedback: 0.82969
Received=	-0.65537
Feedback: 0.64141
Received=	-0.64239
Feedback: 0.62756
Received=	-0.56365
Feedback: 0.54352
Received=	-0.4882
Feedback: 0.46299
Received=	-0.43904
Feedback: 0.41053
Received=	-0.51833
Feedback: 0.49515
Received=	-0.41272
Feedback: 0.38243
Received=	-0.2569
Feedback: 0.21614
Received=	-0.25913
Feedback: 0.21851
Received=	-0.2409
Feedback: 0.19906
Received=	-0.28947
Feedback: 0.25089
Received=	-0.25396
Feedback: 0.21299
Received=	-0.43706
Feedback: 0.40841
Received=	-0.36062
Feedback: 0.32682
Received=	-0.40513
Feedback: 0.37434
Received=	-0.31579
Feedback: 0.27898
Received=	-0.32476
Feedback: 0.28855
Received=	-0.4323
Feedback: 0.40333
Received=	-0.43826
Feedback: 0.40969
Received=	-0.54421
Feedback: 0.52277
Received=	-0.40288
Feedback: 0.37193
Received=	-0.48861
Feedback: 0.46343
Received=	-0.4599
Feedback: 0.43279
Received=	-0.48603
Feedback: 0.46068
Received=	-0.40202
Feedback: 0.37101
Received=	-0.56321
Feedback: 0.54305
Received=	-0.32988
Feedback: 0.29402
Received=	-0.30591
Feedback: 0.26843
Calculated range:	[(-2.000000) - (2.000000)]
Success index = (0.515009)
Received=	-0.24411
=====  12:43:56 - BASE  ============
Feedback: 0.66
Received=	-0.10171
Feedback: 0.66
Received=	-0.36978
Feedback: 0.66
Received=	-0.70245
Feedback: 0.66
Received=	-0.56092
Feedback: 0.66
Received=	-0.47788
Feedback: 0.66
Received=	-0.45538
Feedback: 0.66
Received=	-0.55359
Feedback: 0.66
Received=	-0.4347
Feedback: 0.66
Received=	-0.40868
Feedback: 0.66
Received=	-0.5569
Feedback: 0.66
Received=	-0.60572
Feedback: 0.66
Received=	-0.53324
Feedback: 0.66
Received=	-0.57111
Feedback: 0.66
Received=	-0.51612
Feedback: 0.66
Received=	-0.67823
Feedback: 0.66
Received=	-0.71695
Feedback: 0.66
Received=	-0.48194
Feedback: 0.66
Received=	-0.47355
Feedback: 0.66
Received=	-0.43259
Feedback: 0.66
Received=	-0.20684
=====  12:44:56 - NF  ============
Feedback: 0.1
Received=	-0.15934
Feedback: 0.1
Received=	-0.13715
Feedback: 0.1
Received=	0.043232
Feedback: 0.1
Received=	0.017026
Feedback: 0.1
Received=	-0.31982
Feedback: 0.1
Received=	-0.43893
Feedback: 0.3186
Received=	-0.41323
Feedback: 0.26709
Received=	-0.50105
Feedback: 0.44311
Received=	-0.52998
Feedback: 0.50111
Received=	-0.33795
Feedback: 0.1162
Received=	-0.17821
Feedback: 0.1
Received=	-0.18351
Feedback: 0.1
Received=	-0.42512
Feedback: 0.29092
Received=	-0.64566
Feedback: 0.73297
Received=	-0.70181
Feedback: 0.84551
Received=	-0.54139
Feedback: 0.52398
Received=	-0.54292
Feedback: 0.52703
Received=	-0.44257
Feedback: 0.3259
Received=	-0.3069
Feedback: 0.1
Received=	-0.32592
Feedback: 0.1
Received=	-0.25035
Feedback: 0.1
Received=	-0.32083
Feedback: 0.1
Received=	-0.44963
Feedback: 0.34005
Received=	-0.43295
Feedback: 0.30662
Received=	-0.4749
Feedback: 0.3907
Received=	-0.44324
Feedback: 0.32724
Received=	-0.35427
Feedback: 0.14892
Received=	-0.18796
Feedback: 0.1
Received=	-0.49551
Feedback: 0.43201
Received=	-0.37648
Feedback: 0.19342
Received=	-0.21355
Feedback: 0.1
Received=	-0.59296
Feedback: 0.62734
Received=	-0.74082
Feedback: 0.9
Received=	-0.53721
Feedback: 0.5156
Received=	-0.25792
Feedback: 0.1
Received=	-0.29598
Feedback: 0.1
Received=	-0.39955
Feedback: 0.23968
Received=	-0.61228
Feedback: 0.66606
Received=	-0.64533
Feedback: 0.7323
Received=	-0.52828
Feedback: 0.49769
Received=	-0.43422
Feedback: 0.30916
Received=	-0.60196
Feedback: 0.64537
Received=	-0.31339
Feedback: 0.1
Received=	-0.21117
Feedback: 0.1
Received=	-0.26361
Feedback: 0.1
Received=	-0.35328
Feedback: 0.14693
Received=	-0.2718
Feedback: 0.1
Received=	-0.23411
Feedback: 0.1
Received=	-0.47444
Feedback: 0.38978
Received=	-0.46299
Feedback: 0.36682
Received=	-0.23495
Feedback: 0.1
Received=	-0.41478
Feedback: 0.2702
Received=	-0.65504
Feedback: 0.75176
Received=	-0.43231
Feedback: 0.30534
Received=	-0.39756
Feedback: 0.23568
Received=	-0.30563
Feedback: 0.1
Received=	-0.13658
Feedback: 0.1
Received=	-0.36295
Feedback: 0.16631
Received=	-0.51952
Feedback: 0.48013
Calculated range:	[(-2.000000) - (2.000000)]
Success index = (0.963424)
Received=	-0.36001
=====  12:47:56 - BASE  ============
Feedback: 0.66
Received=	-0.13031
Feedback: 0.66
Received=	0.00092731
Feedback: 0.66
Received=	-0.13514
Feedback: 0.66
Received=	0.14802
Feedback: 0.66
Received=	-0.27222
Feedback: 0.66
Received=	-0.74726
Feedback: 0.66
Received=	-0.7918
Feedback: 0.66
Received=	-0.53425
Feedback: 0.66
Received=	-0.36753
Feedback: 0.66
Received=	-0.17682
Feedback: 0.66
Received=	-0.46346
Feedback: 0.66
Received=	-0.56673
Feedback: 0.66
Received=	-0.50127
Feedback: 0.66
Received=	-0.37257
Feedback: 0.66
Received=	-0.52949
Feedback: 0.66
Received=	-0.49265
Feedback: 0.66
Received=	-0.443
Feedback: 0.66
Received=	-0.32437
Feedback: 0.66
Received=	-0.30572
Feedback: 0.66
Received=	-0.30866
=====  12:48:56 - NF  ============
Feedback: 0.4386
Received=	-0.2743
Feedback: 0.40983
Received=	-0.37404
Feedback: 0.49337
Received=	-0.51529
Feedback: 0.61167
Received=	-0.69229
Feedback: 0.75992
Received=	-0.56103
Feedback: 0.64998
Received=	-0.49311
Feedback: 0.5931
Received=	1.0591
Feedback: 0.1
Received=	2.1905
Feedback: 0.1
Received=	1.9506
Feedback: 0.1
Received=	0.6435
Feedback: 0.1
Received=	-0.32779
Feedback: 0.45462
Received=	0.059591
Feedback: 0.13017
Received=	-0.22136
Feedback: 0.36548
Received=	-0.13534
Feedback: 0.29344
Received=	-0.41438
Feedback: 0.52715
Received=	-0.7101
Feedback: 0.77484
Received=	-0.54466
Feedback: 0.63627
Received=	-0.51643
Feedback: 0.61263
Received=	-0.34994
Feedback: 0.47318
Received=	-0.3816
Feedback: 0.49969
Received=	-0.39644
Feedback: 0.51213
Received=	-0.2206
Feedback: 0.36485
Received=	-0.26226
Feedback: 0.39974
Received=	-0.32248
Feedback: 0.45018
Received=	-0.32966
Feedback: 0.45619
Received=	-0.39099
Feedback: 0.50756
Received=	-0.32863
Feedback: 0.45533
Received=	-0.29177
Feedback: 0.42446
Received=	-0.22427
Feedback: 0.36792
Received=	-0.22196
Feedback: 0.36598
Received=	-0.15138
Feedback: 0.30687
Received=	-0.27743
Feedback: 0.41244
Received=	-0.25216
Feedback: 0.39128
Received=	-0.14405
Feedback: 0.30073
Received=	-0.4775
Feedback: 0.58002
Received=	-0.599
Feedback: 0.68179
Received=	-0.44128
Feedback: 0.54968
Received=	-0.49713
Feedback: 0.59646
Received=	-0.36721
Feedback: 0.48764
Received=	-0.50754
Feedback: 0.60518
Received=	-0.53407
Feedback: 0.6274
Received=	-0.41535
Feedback: 0.52796
Received=	-0.4228
Feedback: 0.53421
Received=	-0.43418
Feedback: 0.54373
Received=	-0.34615
Feedback: 0.47001
Received=	-0.31908
Feedback: 0.44733
Received=	-0.15001
Feedback: 0.30572
Received=	-0.23734
Feedback: 0.37887
Received=	-0.34998
Feedback: 0.47321
Received=	-0.39505
Feedback: 0.51096
Received=	-0.15999
Feedback: 0.31408
Received=	-0.33315
Feedback: 0.45911
Received=	-0.47034
Feedback: 0.57402
Received=	-0.44544
Feedback: 0.55317
Received=	-0.48669
Feedback: 0.58771
Received=	-0.49481
Feedback: 0.59452
Received=	-0.31565
Feedback: 0.44446
Received=	-0.3414
Feedback: 0.46603
Received=	-0.2675
Feedback: 0.40413
Calculated range:	[(-2.000000) - (2.000000)]
Success index = (0.313561)
closing...
