Direction=-1.000000	; step=1.000000;
Received=	0
Feedback: 0.66
Received=	0
Feedback: 0.66
Received=	0
Feedback: 0.66
Received=	0.27438
Feedback: 0.66
Received=	0.10482
Feedback: 0.66
Received=	0.61782
Feedback: 0.66
Received=	0.65515
Feedback: 0.66
Received=	0.28284
Feedback: 0.66
Received=	0.26231
Feedback: 0.66
Received=	0.10382
Feedback: 0.66
Received=	-0.13492
Feedback: 0.66
Received=	-0.15058
Feedback: 0.66
Received=	-0.070396
Feedback: 0.66
Received=	-0.082054
Feedback: 0.66
Received=	0.068688
Feedback: 0.66
Received=	0.22651
Feedback: 0.66
Received=	0.11175
Feedback: 0.66
Received=	0.20427
Feedback: 0.66
Received=	0.1862
Feedback: 0.66
Received=	-0.043452
Feedback: 0.66
Received=	-0.23795
=====  14:45:25 - NF  ============
Feedback: 0.83783
Received=	-0.21777
Feedback: 0.82005
Received=	-0.062669
Feedback: 0.68336
Received=	-0.14381
Feedback: 0.75487
Received=	0.019044
Feedback: 0.61135
Received=	-0.30476
Feedback: 0.8967
Received=	-0.39241
Feedback: 0.9
Received=	-0.27765
Feedback: 0.87281
Received=	-0.11795
Feedback: 0.73207
Received=	0.019797
Feedback: 0.61069
Received=	0.0097263
Feedback: 0.61956
Received=	-0.029716
Feedback: 0.65432
Received=	-0.13651
Feedback: 0.74843
Received=	-0.13907
Feedback: 0.75069
Received=	-0.099693
Feedback: 0.71599
Received=	0.11328
Feedback: 0.5283
Received=	0.21333
Feedback: 0.44013
Received=	0.19518
Feedback: 0.45613
Received=	-0.027603
Feedback: 0.65246
Received=	0.24458
Feedback: 0.4126
Received=	-0.01588
Feedback: 0.64213
Received=	-0.11603
Feedback: 0.73038
Received=	0.034582
Feedback: 0.59766
Received=	0.0065622
Feedback: 0.62235
Received=	0.014781
Feedback: 0.61511
Received=	-0.03892
Feedback: 0.66243
Received=	0.082917
Feedback: 0.55506
Received=	0.33568
Feedback: 0.33231
Received=	0.17894
Feedback: 0.47045
Received=	0.48161
Feedback: 0.20371
Received=	0.34057
Feedback: 0.32801
Received=	-0.084148
Feedback: 0.70229
Received=	-0.1396
Feedback: 0.75115
Received=	0.056719
Feedback: 0.57815
Received=	0.095794
Feedback: 0.54371
Received=	0.11048
Feedback: 0.53078
Received=	0.15627
Feedback: 0.49042
Received=	0.55831
Feedback: 0.13612
Received=	0.44814
Feedback: 0.23321
Received=	0.057308
Feedback: 0.57763
Received=	-0.022105
Feedback: 0.64761
Received=	0.19268
Feedback: 0.45833
Received=	0.20703
Feedback: 0.44569
Received=	0.04554
Feedback: 0.588
Received=	-0.13363
Feedback: 0.74589
Received=	0.28726
Feedback: 0.37498
Received=	0.15103
Feedback: 0.49504
Received=	-0.15899
Feedback: 0.76824
Received=	-0.25182
Feedback: 0.85005
Received=	-0.23243
Feedback: 0.83296
Received=	0.067098
Feedback: 0.569
Received=	0.14916
Feedback: 0.49668
Received=	0.1342
Feedback: 0.50987
Received=	-0.062306
Feedback: 0.68304
Received=	-0.2113
Feedback: 0.81434
Received=	-0.35825
Feedback: 0.9
Received=	-0.44282
Feedback: 0.9
Received=	-0.23829
Feedback: 0.83813
Received=	-0.21903
Feedback: 0.82115
Received=	-0.091566
Feedback: 0.70882
Calculated range:	[(-2.000000) - (2.000000)]
Success index = (-0.673825)
Received=	-0.013826
=====  14:48:25 - BASE  ============
Feedback: 0.66
Received=	0.079057
Feedback: 0.66
Received=	0.15377
Feedback: 0.66
Received=	-0.01918
Feedback: 0.66
Received=	0.10119
Feedback: 0.66
Received=	0.11589
Feedback: 0.66
Received=	0.028833
Feedback: 0.66
Received=	-0.20971
Feedback: 0.66
Received=	-0.36224
Feedback: 0.66
Received=	-0.37458
Feedback: 0.66
Received=	-0.19691
Feedback: 0.66
Received=	0.056656
Feedback: 0.66
Received=	0.032049
Feedback: 0.66
Received=	0.031401
Feedback: 0.66
Received=	0.26636
Feedback: 0.66
Received=	0.38896
Feedback: 0.66
Received=	0.44327
Feedback: 0.66
Received=	0.40108
Feedback: 0.66
Received=	0.37676
Feedback: 0.66
Received=	0.40192
Feedback: 0.66
Received=	0.26806
=====  14:49:25 - NF  ============
Feedback: 0.3633
Received=	0.29983
Feedback: 0.33878
Received=	0.3699
Feedback: 0.28472
Received=	-0.057364
Feedback: 0.61435
Received=	-0.044715
Feedback: 0.6046
Received=	0.12709
Feedback: 0.47205
Received=	0.24149
Feedback: 0.38379
Received=	0.21001
Feedback: 0.40808
Received=	0.42784
Feedback: 0.24002
Received=	0.39205
Feedback: 0.26764
Received=	0.29315
Feedback: 0.34394
Received=	0.2243
Feedback: 0.39705
Received=	0.42269
Feedback: 0.244
Received=	0.2489
Feedback: 0.37807
Received=	0.11882
Feedback: 0.47843
Received=	-0.060144
Feedback: 0.6165
Received=	0.037785
Feedback: 0.54095
Received=	0.3695
Feedback: 0.28504
Received=	0.56798
Feedback: 0.13191
Received=	0.23034
Feedback: 0.39239
Received=	0.11956
Feedback: 0.47786
Received=	0.023713
Feedback: 0.5518
Received=	-0.18201
Feedback: 0.71052
Received=	-0.092598
Feedback: 0.64154
Received=	0.18657
Feedback: 0.42616
Received=	-0.18676
Feedback: 0.71418
Received=	-0.11814
Feedback: 0.66124
Received=	0.033365
Feedback: 0.54436
Received=	-0.13431
Feedback: 0.67371
Received=	0.015664
Feedback: 0.55801
Received=	0.18345
Feedback: 0.42857
Received=	-0.13828
Feedback: 0.67678
Received=	-0.21
Feedback: 0.73211
Received=	-0.23277
Feedback: 0.74967
Received=	-0.23674
Feedback: 0.75274
Received=	0.10125
Feedback: 0.49198
Received=	0.37918
Feedback: 0.27757
Received=	0.60104
Feedback: 0.10641
Received=	0.42333
Feedback: 0.2435
Received=	0.23105
Feedback: 0.39185
Received=	0.08409
Feedback: 0.50522
Received=	0.32785
Feedback: 0.31717
Received=	0.06678
Feedback: 0.51858
Received=	-0.045593
Feedback: 0.60527
Received=	-0.11652
Feedback: 0.65999
Received=	0.0050869
Feedback: 0.56617
Received=	-0.0025994
Feedback: 0.5721
Received=	-0.12618
Feedback: 0.66744
Received=	-0.058618
Feedback: 0.61532
Received=	0.21665
Feedback: 0.40295
Received=	0.33084
Feedback: 0.31486
Received=	0.75726
Feedback: 0.1
Received=	0.6279
Feedback: 0.1
Received=	0.4204
Feedback: 0.24577
Received=	0.23823
Feedback: 0.3863
Received=	0.16661
Feedback: 0.44156
Received=	-0.28129
Feedback: 0.78711
Received=	-0.26206
Feedback: 0.77228
Received=	0.070836
Feedback: 0.51545
Received=	0.19214
Feedback: 0.42187
Calculated range:	[(-2.000000) - (2.000000)]
Success index = (0.177685)
Received=	0.26939
=====  14:52:25 - BASE  ============
Feedback: 0.66
Received=	0.20721
Feedback: 0.66
Received=	0.076488
Feedback: 0.66
Received=	0.23845
Feedback: 0.66
Received=	0.28009
Feedback: 0.66
Received=	0.072298
Feedback: 0.66
Received=	0.2651
Feedback: 0.66
Received=	0.39141
Feedback: 0.66
Received=	0.20943
Feedback: 0.66
Received=	0.3145
Feedback: 0.66
Received=	-0.1082
Feedback: 0.66
Received=	-0.16519
Feedback: 0.66
Received=	0.13797
Feedback: 0.66
Received=	-0.0056208
Feedback: 0.66
Received=	0.049349
Feedback: 0.66
Received=	0.041174
Feedback: 0.66
Received=	0.37147
Feedback: 0.66
Received=	0.53094
Feedback: 0.66
Received=	0.1616
Feedback: 0.66
Received=	-0.053052
Feedback: 0.66
Received=	0.26741
=====  14:53:25 - NF  ============
Feedback: 0.37995
Received=	0.36297
Feedback: 0.27697
Received=	0.17771
Feedback: 0.47662
Received=	0.37805
Feedback: 0.26072
Received=	0.41083
Feedback: 0.22539
Received=	0.31262
Feedback: 0.33123
Received=	-0.24386
Feedback: 0.9
Received=	0.012263
Feedback: 0.65491
Received=	0.087686
Feedback: 0.57363
Received=	0.060525
Feedback: 0.6029
Received=	0.13702
Feedback: 0.52046
Received=	-0.079162
Feedback: 0.75344
Received=	0.11185
Feedback: 0.54759
Received=	0.12602
Feedback: 0.53231
Received=	0.073395
Feedback: 0.58903
Received=	-0.0082324
Feedback: 0.677
Received=	0.061737
Feedback: 0.60159
Received=	0.095819
Feedback: 0.56487
Received=	0.3428
Feedback: 0.29871
Received=	0.25944
Feedback: 0.38854
Received=	0.24743
Feedback: 0.40148
Received=	-0.038017
Feedback: 0.70909
Received=	-0.034457
Feedback: 0.70526
Received=	0.2471
Feedback: 0.40184
Received=	0.39584
Feedback: 0.24155
Received=	0.23647
Feedback: 0.41329
Received=	-0.18659
Feedback: 0.86921
Received=	-0.078631
Feedback: 0.75286
Received=	-0.093293
Feedback: 0.76866
Received=	-0.14889
Feedback: 0.82857
Received=	-0.10196
Feedback: 0.778
Received=	0.011424
Feedback: 0.65581
Received=	-0.020873
Feedback: 0.69062
Received=	-0.030064
Feedback: 0.70052
Received=	-0.08775
Feedback: 0.76269
Received=	-0.20932
Feedback: 0.8937
Received=	-0.50968
Feedback: 0.9
Received=	-0.27681
Feedback: 0.9
Received=	0.22285
Feedback: 0.42797
Received=	0.33811
Feedback: 0.30376
Received=	0.34194
Feedback: 0.29963
Received=	0.2225
Feedback: 0.42835
Received=	0.30659
Feedback: 0.33773
Received=	0.1538
Feedback: 0.50238
Received=	0.023681
Feedback: 0.64261
Received=	-0.22199
Feedback: 0.9
Received=	-0.12152
Feedback: 0.79909
Received=	-0.075866
Feedback: 0.74988
Received=	-0.2465
Feedback: 0.9
Received=	-0.17975
Feedback: 0.86183
Received=	0.057521
Feedback: 0.60614
Received=	-0.065944
Feedback: 0.73919
Received=	-0.30229
Feedback: 0.9
Received=	-0.1258
Feedback: 0.8037
Received=	0.074899
Feedback: 0.58741
Received=	0.10632
Feedback: 0.55355
Received=	0.25188
Feedback: 0.39669
Received=	0.27192
Feedback: 0.37509
Received=	0.32635
Feedback: 0.31643
Received=	0.49507
Feedback: 0.13462
Calculated range:	[(-2.000000) - (2.000000)]
Success index = (-0.419117)
Received=	0.41367
=====  14:56:25 - BASE  ============
Feedback: 0.66
Received=	0.21592
Feedback: 0.66
Received=	0.42678
Feedback: 0.66
Received=	0.65948
Feedback: 0.66
Received=	0.64484
Feedback: 0.66
Received=	0.36498
Feedback: 0.66
Received=	0.05337
Feedback: 0.66
Received=	-0.1252
Feedback: 0.66
Received=	-0.20362
Feedback: 0.66
Received=	0.1724
Feedback: 0.66
Received=	0.47347
Feedback: 0.66
Received=	0.27213
Feedback: 0.66
Received=	-0.021834
Feedback: 0.66
Received=	-0.094135
Feedback: 0.66
Received=	-0.11649
Feedback: 0.66
Received=	-0.20914
Feedback: 0.66
Received=	-0.23329
Feedback: 0.66
Received=	0.10595
Feedback: 0.66
Received=	0.26966
Feedback: 0.66
Received=	0.24547
Feedback: 0.66
Received=	0.33291
=====  14:57:25 - NF  ============
Feedback: 0.37279
Received=	0.094958
Feedback: 0.53752
Received=	0.15536
Feedback: 0.4957
Received=	0.036486
Feedback: 0.578
Received=	-0.089656
Feedback: 0.66533
Received=	0.026041
Feedback: 0.58523
Received=	0.060161
Feedback: 0.56161
Received=	0.040756
Feedback: 0.57504
Received=	0.21165
Feedback: 0.45674
Received=	0.014409
Feedback: 0.59328
Received=	-0.073312
Feedback: 0.65401
Received=	-0.35228
Feedback: 0.84714
Received=	-0.0038271
Feedback: 0.60591
Received=	0.11887
Feedback: 0.52097
Received=	8.6037e-05
Feedback: 0.6032
Received=	0.17746
Feedback: 0.48041
Received=	-0.011428
Feedback: 0.61117
Received=	-0.18826
Feedback: 0.73359
Received=	-0.094891
Feedback: 0.66895
Received=	-0.25445
Feedback: 0.77941
Received=	-0.44575
Feedback: 0.9
Received=	-0.12874
Feedback: 0.69238
Received=	-0.01034
Feedback: 0.61042
Received=	-0.084102
Feedback: 0.66148
Received=	-0.089664
Feedback: 0.66533
Received=	-0.18862
Feedback: 0.73384
Received=	-0.24794
Feedback: 0.7749
Received=	-0.27607
Feedback: 0.79438
Received=	-0.27189
Feedback: 0.79149
Received=	0.09344
Feedback: 0.53857
Received=	0.12312
Feedback: 0.51802
Received=	-0.0082994
Feedback: 0.60901
Received=	-0.20781
Feedback: 0.74713
Received=	-0.39896
Feedback: 0.87946
Received=	-0.16043
Feedback: 0.71432
Received=	0.27342
Feedback: 0.41397
Received=	0.41345
Feedback: 0.31703
Received=	0.087817
Feedback: 0.54246
Received=	0.31739
Feedback: 0.38353
Received=	0.35579
Feedback: 0.35695
Received=	0.53295
Feedback: 0.23431
Received=	0.50339
Feedback: 0.25476
Received=	0.16797
Feedback: 0.48697
Received=	0.31068
Feedback: 0.38818
Received=	0.22865
Feedback: 0.44497
Received=	0.061499
Feedback: 0.56068
Received=	0.21203
Feedback: 0.45647
Received=	-0.089364
Feedback: 0.66513
Received=	-0.032176
Feedback: 0.62554
Received=	-0.11559
Feedback: 0.68328
Received=	-0.14939
Feedback: 0.70668
Received=	0.015033
Feedback: 0.59285
Received=	0.15484
Feedback: 0.49607
Received=	-0.18812
Feedback: 0.73349
Received=	-0.13613
Feedback: 0.6975
Received=	0.09063
Feedback: 0.54052
Received=	0.28664
Feedback: 0.40482
Received=	0.015175
Feedback: 0.59275
Received=	0.12066
Feedback: 0.51973
Received=	0.022954
Feedback: 0.58737
Calculated range:	[(-2.000000) - (2.000000)]
Success index = (-0.550003)
Received=	-0.19211
=====  15:0:25 - BASE  ============
Feedback: 0.66
Received=	-0.18104
Feedback: 0.66
Received=	0.10546
Feedback: 0.66
Received=	0.11521
Feedback: 0.66
Received=	-0.010563
Feedback: 0.66
Received=	0.1468
Feedback: 0.66
Received=	0.075832
Feedback: 0.66
Received=	0.36029
Feedback: 0.66
Received=	0.41223
Feedback: 0.66
Received=	0.18812
Feedback: 0.66
Received=	0.27527
Feedback: 0.66
Received=	0.4008
Feedback: 0.66
Received=	0.4009
Feedback: 0.66
Received=	0.14546
Feedback: 0.66
Received=	0.25329
Feedback: 0.66
Received=	0.097769
Feedback: 0.66
Received=	-0.20605
Feedback: 0.66
Received=	-0.36121
Feedback: 0.66
Received=	-0.06537
Feedback: 0.66
Received=	0.16087
Feedback: 0.66
Received=	0.046857
=====  15:1:25 - NF  ============
Feedback: 0.58819
Received=	0.21521
Feedback: 0.42639
Received=	0.034524
Feedback: 0.60004
Received=	0.054153
Feedback: 0.58118
Received=	0.15678
Feedback: 0.48255
Received=	0.19744
Feedback: 0.44347
Received=	0.11538
Feedback: 0.52233
Received=	-0.036304
Feedback: 0.66812
Received=	0.12419
Feedback: 0.51387
Received=	0.12083
Feedback: 0.51709
Received=	0.27939
Feedback: 0.3647
Received=	0.30439
Feedback: 0.34068
Received=	0.10858
Feedback: 0.52887
Received=	0.20199
Feedback: 0.43909
Received=	0.16272
Feedback: 0.47684
Received=	0.29724
Feedback: 0.34755
Received=	0.18985
Feedback: 0.45076
Received=	0.21178
Feedback: 0.42969
Received=	-0.074681
Feedback: 0.705
Received=	0.032816
Feedback: 0.60169
Received=	-0.072893
Feedback: 0.70328
Received=	-0.19795
Feedback: 0.82348
Received=	0.0072953
Feedback: 0.62621
Received=	0.19418
Feedback: 0.4466
Received=	0.1979
Feedback: 0.44303
Received=	0.019498
Feedback: 0.61449
Received=	-0.23562
Feedback: 0.85968
Received=	-0.24661
Feedback: 0.87025
Received=	-0.069162
Feedback: 0.6997
Received=	0.08304
Feedback: 0.55342
Received=	-0.058866
Feedback: 0.6898
Received=	0.065165
Feedback: 0.57059
Received=	0.29071
Feedback: 0.35382
Received=	0.1703
Feedback: 0.46955
Received=	0.010081
Feedback: 0.62354
Received=	-0.21978
Feedback: 0.84446
Received=	0.029917
Feedback: 0.60447
Received=	-0.060634
Feedback: 0.6915
Received=	0.013287
Feedback: 0.62046
Received=	0.10926
Feedback: 0.52821
Received=	0.13481
Feedback: 0.50366
Received=	0.090059
Feedback: 0.54667
Received=	0.1235
Feedback: 0.51453
Received=	-0.044509
Feedback: 0.676
Received=	-0.23103
Feedback: 0.85527
Received=	-0.39614
Feedback: 0.9
Received=	-0.54088
Feedback: 0.9
Received=	-0.29044
Feedback: 0.9
Received=	0.067422
Feedback: 0.56843
Received=	0.12094
Feedback: 0.51699
Received=	0.11298
Feedback: 0.52464
Received=	0.344
Feedback: 0.30261
Received=	0.33817
Feedback: 0.30821
Received=	0.36183
Feedback: 0.28547
Received=	0.17556
Feedback: 0.4645
Received=	0.13408
Feedback: 0.50436
Received=	0.14243
Feedback: 0.49634
Received=	0.077087
Feedback: 0.55914
Received=	0.010114
Feedback: 0.62351
Received=	0.034743
Feedback: 0.59983
Calculated range:	[(-2.000000) - (2.000000)]
Success index = (-0.426787)
closing...
