Direction=-1.000000	; step=1.000000;
Received=	0
Feedback: 0.66
Received=	0
Feedback: 0.66
Received=	0
Feedback: 0.66
Received=	0.12159
Feedback: 0.66
Received=	-0.10515
Feedback: 0.66
Received=	-0.34852
Feedback: 0.66
Received=	-0.25993
Feedback: 0.66
Received=	-0.23452
Feedback: 0.66
Received=	-0.30083
Feedback: 0.66
Received=	-0.14109
Feedback: 0.66
Received=	0.17466
Feedback: 0.66
Received=	0.11655
Feedback: 0.66
Received=	-0.23066
Feedback: 0.66
Received=	-0.014602
Feedback: 0.66
Received=	0.00011551
Feedback: 0.66
Received=	0.02662
Feedback: 0.66
Received=	-0.14162
Feedback: 0.66
Received=	-0.36607
Feedback: 0.66
Received=	-0.52141
Feedback: 0.66
Received=	-0.23327
Feedback: 0.66
Received=	0.067193
=====  12:12:17 - NF  ============
Feedback: 0.28715
Received=	0.14323
Feedback: 0.20772
Received=	0.014131
Feedback: 0.34258
Received=	-0.2453
Feedback: 0.61359
Received=	-0.38879
Feedback: 0.76348
Received=	-0.16184
Feedback: 0.52641
Received=	-0.2105
Feedback: 0.57724
Received=	-0.49017
Feedback: 0.86939
Received=	-0.3692
Feedback: 0.74302
Received=	-0.31632
Feedback: 0.68777
Received=	-0.3041
Feedback: 0.67501
Received=	-0.38552
Feedback: 0.76006
Received=	-0.30696
Feedback: 0.678
Received=	-0.22504
Feedback: 0.59242
Received=	0.020708
Feedback: 0.33571
Received=	0.23636
Feedback: 0.11043
Received=	0.25251
Feedback: 0.1
Received=	-0.028791
Feedback: 0.38742
Received=	-0.33624
Feedback: 0.70858
Received=	-0.27838
Feedback: 0.64814
Received=	-0.12976
Feedback: 0.49289
Received=	-0.2055
Feedback: 0.57202
Received=	-0.20453
Feedback: 0.571
Received=	-0.27135
Feedback: 0.6408
Received=	-0.43752
Feedback: 0.81439
Received=	-0.38742
Feedback: 0.76205
Received=	-0.54548
Feedback: 0.9
Received=	-0.40952
Feedback: 0.78514
Received=	-0.037658
Feedback: 0.39668
Received=	-0.17192
Feedback: 0.53693
Received=	-0.3364
Feedback: 0.70875
Received=	-0.1477
Feedback: 0.51163
Received=	0.1262
Feedback: 0.22551
Received=	-0.19195
Feedback: 0.55785
Received=	-0.34907
Feedback: 0.72199
Received=	-0.2444
Feedback: 0.61265
Received=	-0.36607
Feedback: 0.73975
Received=	-0.53594
Feedback: 0.9
Received=	-0.40505
Feedback: 0.78047
Received=	-0.3862
Feedback: 0.76078
Received=	-0.56968
Feedback: 0.9
Received=	-0.32719
Feedback: 0.69914
Received=	-0.12965
Feedback: 0.49278
Received=	-0.15741
Feedback: 0.52177
Received=	-0.17884
Feedback: 0.54416
Received=	-0.052687
Feedback: 0.41238
Received=	0.078178
Feedback: 0.27568
Received=	-0.088062
Feedback: 0.44933
Received=	-0.26964
Feedback: 0.63902
Received=	-0.24992
Feedback: 0.61841
Received=	-0.067823
Feedback: 0.42819
Received=	0.20172
Feedback: 0.14662
Received=	0.11639
Feedback: 0.23576
Received=	-0.18932
Feedback: 0.55511
Received=	-0.19682
Feedback: 0.56295
Received=	-0.1734
Feedback: 0.53848
Received=	-0.3291
Feedback: 0.70113
Received=	-0.20205
Feedback: 0.56841
Received=	-0.0064791
Feedback: 0.36411
Received=	0.26857
Feedback: 0.1
Calculated range:	[(-2.000000) - (2.000000)]
Success index = (-0.272254)
Received=	0.17443
=====  12:15:17 - BASE  ============
Feedback: 0.66
Received=	0.11502
Feedback: 0.66
Received=	-0.25071
Feedback: 0.66
Received=	-0.42016
Feedback: 0.66
Received=	-0.16717
Feedback: 0.66
Received=	0.095865
Feedback: 0.66
Received=	0.10138
Feedback: 0.66
Received=	-0.016547
Feedback: 0.66
Received=	-0.095149
Feedback: 0.66
Received=	-0.32167
Feedback: 0.66
Received=	-0.25807
Feedback: 0.66
Received=	-0.14132
Feedback: 0.66
Received=	-0.21807
Feedback: 0.66
Received=	-0.37145
Feedback: 0.66
Received=	-0.30824
Feedback: 0.66
Received=	-0.30342
Feedback: 0.66
Received=	-0.3722
Feedback: 0.66
Received=	-0.3889
Feedback: 0.66
Received=	-0.18478
Feedback: 0.66
Received=	0.21097
Feedback: 0.66
Received=	0.25613
=====  12:16:17 - NF  ============
Feedback: 0.1
Received=	-0.14568
Feedback: 0.45269
Received=	-0.19626
Feedback: 0.50739
Received=	-0.27836
Feedback: 0.59619
Received=	-0.22343
Feedback: 0.53678
Received=	-0.029196
Feedback: 0.32671
Received=	0.035688
Feedback: 0.25653
Received=	-0.17282
Feedback: 0.48204
Received=	-0.23387
Feedback: 0.54807
Received=	-0.39563
Feedback: 0.72302
Received=	-0.34744
Feedback: 0.6709
Received=	-0.41786
Feedback: 0.74706
Received=	-0.35425
Feedback: 0.67826
Received=	-0.12377
Feedback: 0.42899
Received=	-0.024272
Feedback: 0.32138
Received=	-0.23893
Feedback: 0.55354
Received=	-0.14652
Feedback: 0.4536
Received=	0.0097568
Feedback: 0.28458
Received=	-0.12096
Feedback: 0.42595
Received=	-0.20213
Feedback: 0.51375
Received=	-0.20263
Feedback: 0.51429
Received=	-0.27016
Feedback: 0.58731
Received=	-0.19721
Feedback: 0.50842
Received=	-0.15972
Feedback: 0.46787
Received=	-0.26323
Feedback: 0.57982
Received=	-0.24545
Feedback: 0.56059
Received=	-0.26608
Feedback: 0.58291
Received=	-0.2016
Feedback: 0.51317
Received=	0.0886
Feedback: 0.19931
Received=	0.17095
Feedback: 0.11024
Received=	0.099134
Feedback: 0.18791
Received=	-0.089563
Feedback: 0.392
Received=	-0.3225
Feedback: 0.64393
Received=	-0.30606
Feedback: 0.62615
Received=	-0.33913
Feedback: 0.66191
Received=	-0.35621
Feedback: 0.68039
Received=	-0.19301
Feedback: 0.50388
Received=	-0.14703
Feedback: 0.45415
Received=	-0.13058
Feedback: 0.43636
Received=	-0.26505
Feedback: 0.58179
Received=	-0.17978
Feedback: 0.48957
Received=	-0.082833
Feedback: 0.38472
Received=	-0.27238
Feedback: 0.58972
Received=	-0.16198
Feedback: 0.47031
Received=	-0.30333
Feedback: 0.62319
Received=	-0.33735
Feedback: 0.65999
Received=	-0.5063
Feedback: 0.84272
Received=	-0.18683
Feedback: 0.4972
Received=	-0.18796
Feedback: 0.49842
Received=	-0.40375
Feedback: 0.73181
Received=	-0.39712
Feedback: 0.72463
Received=	-0.38339
Feedback: 0.70978
Received=	-0.19464
Feedback: 0.50564
Received=	-0.13737
Feedback: 0.4437
Received=	0.17155
Feedback: 0.10959
Received=	0.40117
Feedback: 0.1
Received=	0.2315
Feedback: 0.1
Received=	-0.059503
Feedback: 0.35949
Received=	-0.23813
Feedback: 0.55267
Received=	0.05524
Feedback: 0.23539
Calculated range:	[(-2.000000) - (2.000000)]
Success index = (0.114359)
Received=	0.59533
=====  12:19:17 - BASE  ============
Feedback: 0.66
Received=	0.21857
Feedback: 0.66
Received=	0.055223
Feedback: 0.66
Received=	0.019277
Feedback: 0.66
Received=	-0.030288
Feedback: 0.66
Received=	0.0022868
Feedback: 0.66
Received=	-0.09914
Feedback: 0.66
Received=	-0.12541
Feedback: 0.66
Received=	-0.043736
Feedback: 0.66
Received=	-0.19756
Feedback: 0.66
Received=	-0.1966
Feedback: 0.66
Received=	-0.15896
Feedback: 0.66
Received=	-0.18876
Feedback: 0.66
Received=	-0.040768
Feedback: 0.66
Received=	0.11737
Feedback: 0.66
Received=	0.1569
Feedback: 0.66
Received=	0.037905
Feedback: 0.66
Received=	0.15556
Feedback: 0.66
Received=	0.026107
Feedback: 0.66
Received=	0.061621
Feedback: 0.66
Received=	0.13624
=====  12:20:17 - NF  ============
Feedback: 0.22248
Received=	0.0045792
Feedback: 0.44917
Received=	0.074844
Feedback: 0.32819
Received=	0.057799
Feedback: 0.35754
Received=	0.15652
Feedback: 0.18756
Received=	0.28681
Feedback: 0.1
Received=	0.47592
Feedback: 0.1
Received=	0.28598
Feedback: 0.1
Received=	0.27377
Feedback: 0.1
Received=	0.087471
Feedback: 0.30645
Received=	-0.10376
Feedback: 0.63571
Received=	0.051497
Feedback: 0.36838
Received=	0.088071
Feedback: 0.30541
Received=	0.2019
Feedback: 0.10942
Received=	0.21995
Feedback: 0.1
Received=	-0.018922
Feedback: 0.48963
Received=	-0.27148
Feedback: 0.9
Received=	-0.093489
Feedback: 0.61803
Received=	-0.052608
Feedback: 0.54763
Received=	-0.07939
Feedback: 0.59375
Received=	-0.19387
Feedback: 0.79086
Received=	0.12315
Feedback: 0.24501
Received=	0.47403
Feedback: 0.1
Received=	0.58049
Feedback: 0.1
Received=	0.09629
Feedback: 0.29126
Received=	-0.11849
Feedback: 0.66107
Received=	-0.025294
Feedback: 0.5006
Received=	0.079579
Feedback: 0.32003
Received=	0.20751
Feedback: 0.1
Received=	0.5109
Feedback: 0.1
Received=	0.22527
Feedback: 0.1
Received=	0.05442
Feedback: 0.36335
Received=	0.057335
Feedback: 0.35833
Received=	-0.084319
Feedback: 0.60224
Received=	0.087396
Feedback: 0.30657
Received=	0.08759
Feedback: 0.30624
Received=	0.030098
Feedback: 0.40523
Received=	0.23348
Feedback: 0.1
Received=	0.14952
Feedback: 0.19961
Received=	0.22919
Feedback: 0.1
Received=	0.23528
Feedback: 0.1
Received=	0.040895
Feedback: 0.38664
Received=	0.062778
Feedback: 0.34896
Received=	-0.0026423
Feedback: 0.4616
Received=	-0.076793
Feedback: 0.58928
Received=	-0.016384
Feedback: 0.48526
Received=	0.10083
Feedback: 0.28344
Received=	0.16883
Feedback: 0.16636
Received=	0.15353
Feedback: 0.19271
Received=	0.1216
Feedback: 0.24769
Received=	0.35615
Feedback: 0.1
Received=	0.36592
Feedback: 0.1
Received=	0.30763
Feedback: 0.1
Received=	0.66997
Feedback: 0.1
Received=	0.43286
Feedback: 0.1
Received=	0.095784
Feedback: 0.29213
Received=	0.11804
Feedback: 0.25381
Received=	0.17707
Feedback: 0.15217
Received=	0.010063
Feedback: 0.43973
Received=	-0.099131
Feedback: 0.62774
Calculated range:	[(-2.000000) - (2.000000)]
Success index = (0.907509)
Received=	0.26516
=====  12:23:17 - BASE  ============
Feedback: 0.66
Received=	0.587
Feedback: 0.66
Received=	0.3963
Feedback: 0.66
Received=	-0.06408
Feedback: 0.66
Received=	0.26289
Feedback: 0.66
Received=	0.54879
Feedback: 0.66
Received=	0.42645
Feedback: 0.66
Received=	0.49457
Feedback: 0.66
Received=	0.48366
Feedback: 0.66
Received=	0.46369
Feedback: 0.66
Received=	0.23453
Feedback: 0.66
Received=	0.22203
Feedback: 0.66
Received=	0.47109
Feedback: 0.66
Received=	0.29983
Feedback: 0.66
Received=	0.38681
Feedback: 0.66
Received=	0.29552
Feedback: 0.66
Received=	0.15658
Feedback: 0.66
Received=	0.13678
Feedback: 0.66
Received=	0.37015
Feedback: 0.66
Received=	0.43074
Feedback: 0.66
Received=	0.44939
=====  12:24:17 - NF  ============
Feedback: 0.35256
Received=	0.25477
Feedback: 0.60175
Received=	0.092377
Feedback: 0.80968
Received=	0.26507
Feedback: 0.58857
Received=	0.2682
Feedback: 0.58456
Received=	0.52597
Feedback: 0.25451
Received=	0.41352
Feedback: 0.39848
Received=	-0.071529
Feedback: 0.9
Received=	0.1856
Feedback: 0.69032
Received=	0.34971
Feedback: 0.48019
Received=	0.3264
Feedback: 0.51004
Received=	0.69149
Feedback: 0.1
Received=	0.77287
Feedback: 0.1
Received=	0.61847
Feedback: 0.13607
Received=	0.77664
Feedback: 0.1
Received=	0.7514
Feedback: 0.1
Received=	0.24254
Feedback: 0.61741
Received=	0.16915
Feedback: 0.71138
Received=	0.18397
Feedback: 0.6924
Received=	0.23951
Feedback: 0.62129
Received=	0.35788
Feedback: 0.46973
Received=	0.47261
Feedback: 0.32284
Received=	0.39535
Feedback: 0.42175
Received=	0.47088
Feedback: 0.32504
Received=	0.53026
Feedback: 0.24901
Received=	0.462
Feedback: 0.33641
Received=	0.42045
Feedback: 0.38962
Received=	0.36394
Feedback: 0.46197
Received=	0.47564
Feedback: 0.31896
Received=	0.56163
Feedback: 0.20886
Received=	0.23579
Feedback: 0.62606
Received=	0.5857
Feedback: 0.17803
Received=	0.77486
Feedback: 0.1
Received=	0.66844
Feedback: 0.1
Received=	0.43512
Feedback: 0.37084
Received=	0.78195
Feedback: 0.1
Received=	1.116
Feedback: 0.1
Received=	0.74364
Feedback: 0.1
Received=	0.17491
Feedback: 0.704
Received=	0.25009
Feedback: 0.60774
Received=	0.30556
Feedback: 0.53672
Received=	0.059084
Feedback: 0.85231
Received=	-0.15666
Feedback: 0.9
Received=	-0.10247
Feedback: 0.9
Received=	0.10883
Feedback: 0.78861
Received=	0.48056
Feedback: 0.31265
Received=	0.52396
Feedback: 0.25708
Received=	0.31646
Feedback: 0.52277
Received=	0.042945
Feedback: 0.87297
Received=	0.25785
Feedback: 0.59781
Received=	0.48491
Feedback: 0.30708
Received=	0.02729
Feedback: 0.89301
Received=	-0.162
Feedback: 0.9
Received=	-0.07917
Feedback: 0.9
Received=	0.032865
Feedback: 0.88588
Received=	0.46006
Feedback: 0.3389
Received=	0.42686
Feedback: 0.3814
Received=	0.57243
Feedback: 0.19502
Received=	0.72403
Feedback: 0.1
Received=	0.70854
Feedback: 0.1
Calculated range:	[(-2.000000) - (2.000000)]
Success index = (0.188554)
Received=	0.33897
=====  12:27:17 - BASE  ============
Feedback: 0.66
Received=	0.14978
Feedback: 0.66
Received=	0.11303
Feedback: 0.66
Received=	0.22416
Feedback: 0.66
Received=	0.37412
Feedback: 0.66
Received=	0.35161
Feedback: 0.66
Received=	0.039956
Feedback: 0.66
Received=	0.10094
Feedback: 0.66
Received=	0.23173
Feedback: 0.66
Received=	0.31809
Feedback: 0.66
Received=	0.26058
Feedback: 0.66
Received=	0.46041
Feedback: 0.66
Received=	0.36799
Feedback: 0.66
Received=	0.070816
Feedback: 0.66
Received=	-0.17713
Feedback: 0.66
Received=	-0.05833
Feedback: 0.66
Received=	0.20661
Feedback: 0.66
Received=	0.45583
Feedback: 0.66
Received=	0.76095
Feedback: 0.66
Received=	0.95378
Feedback: 0.66
Received=	0.50997
=====  12:28:17 - NF  ============
Feedback: 0.3322
Received=	0.38542
Feedback: 0.42341
Received=	0.33743
Feedback: 0.45855
Received=	0.0543
Feedback: 0.66591
Received=	0.028199
Feedback: 0.68502
Received=	0.33307
Feedback: 0.46175
Received=	0.38597
Feedback: 0.42301
Received=	0.13349
Feedback: 0.60791
Received=	0.35994
Feedback: 0.44207
Received=	0.077575
Feedback: 0.64886
Received=	0.085163
Feedback: 0.6433
Received=	0.40125
Feedback: 0.41182
Received=	0.52633
Feedback: 0.32022
Received=	0.57704
Feedback: 0.28308
Received=	0.46426
Feedback: 0.36567
Received=	0.17408
Feedback: 0.57819
Received=	0.1939
Feedback: 0.56367
Received=	0.7807
Feedback: 0.13393
Received=	0.77348
Feedback: 0.13922
Received=	0.43799
Feedback: 0.38491
Received=	0.48642
Feedback: 0.34944
Received=	0.59105
Feedback: 0.27282
Received=	0.060475
Feedback: 0.66138
Received=	0.44292
Feedback: 0.3813
Received=	0.16794
Feedback: 0.58268
Received=	0.17189
Feedback: 0.57979
Received=	0.43048
Feedback: 0.39041
Received=	0.56258
Feedback: 0.29367
Received=	0.35597
Feedback: 0.44498
Received=	0.22368
Feedback: 0.54186
Received=	0.1501
Feedback: 0.59575
Received=	0.22495
Feedback: 0.54093
Received=	0.23357
Feedback: 0.53462
Received=	0.33605
Feedback: 0.45957
Received=	0.37325
Feedback: 0.43232
Received=	0.20033
Feedback: 0.55896
Received=	0.10612
Feedback: 0.62796
Received=	0.26144
Feedback: 0.51421
Received=	0.16635
Feedback: 0.58385
Received=	0.23904
Feedback: 0.53061
Received=	0.80367
Feedback: 0.11711
Received=	0.4083
Feedback: 0.40666
Received=	0.13697
Feedback: 0.60536
Received=	-0.22088
Feedback: 0.86743
Received=	0.13455
Feedback: 0.60713
Received=	0.1968
Feedback: 0.56155
Received=	0.035848
Feedback: 0.67942
Received=	0.068085
Feedback: 0.65581
Received=	-0.049651
Feedback: 0.74203
Received=	-0.29245
Feedback: 0.9
Received=	0.19548
Feedback: 0.56251
Received=	0.37035
Feedback: 0.43445
Received=	0.64154
Feedback: 0.23584
Received=	0.28713
Feedback: 0.4954
Received=	0.54702
Feedback: 0.30507
Received=	0.37561
Feedback: 0.4306
Received=	0.1898
Feedback: 0.56667
Received=	0.48655
Feedback: 0.34935
Received=	0.46977
Feedback: 0.36164
Received=	0.11998
Feedback: 0.61781
Calculated range:	[(-2.000000) - (2.000000)]
Success index = (0.061015)
closing...
