Direction=-1.000000	; step=1.000000;
Received=	0
Feedback: 0.66
Received=	0
Feedback: 0.66
Received=	0
Feedback: 0.66
Received=	0.43428
Feedback: 0.66
Received=	-0.5831
Feedback: 0.66
Received=	-0.036645
Feedback: 0.66
Received=	-0.22926
Feedback: 0.66
Received=	-0.61591
Feedback: 0.66
Received=	-0.19617
Feedback: 0.66
Received=	-0.59287
Feedback: 0.66
Received=	-0.53178
Feedback: 0.66
Received=	-0.50182
Feedback: 0.66
Received=	-0.50931
Feedback: 0.66
Received=	-0.38682
Feedback: 0.66
Received=	-0.68924
Feedback: 0.66
Received=	-0.76229
Feedback: 0.66
Received=	-0.84012
Feedback: 0.66
Received=	-0.73746
Feedback: 0.66
Received=	-0.49962
Feedback: 0.66
Received=	-0.29213
Feedback: 0.66
Received=	-0.46761
=====  12:24:46 - NF  ============
Feedback: 0.5293
Received=	-0.41966
Feedback: 0.49943
Received=	-0.11736
Feedback: 0.31112
Received=	0.023762
Feedback: 0.22321
Received=	-0.22365
Feedback: 0.37733
Received=	-0.15555
Feedback: 0.33491
Received=	-0.16095
Feedback: 0.33828
Received=	-0.40117
Feedback: 0.48792
Received=	-0.38243
Feedback: 0.47624
Received=	0.00089509
Feedback: 0.23746
Received=	-0.11926
Feedback: 0.31231
Received=	-0.44471
Feedback: 0.51504
Received=	-0.52643
Feedback: 0.56594
Received=	-0.22718
Feedback: 0.37953
Received=	0.007971
Feedback: 0.23305
Received=	-0.20223
Feedback: 0.36399
Received=	-0.30277
Feedback: 0.42662
Received=	-0.013289
Feedback: 0.24629
Received=	-0.090111
Feedback: 0.29415
Received=	-0.28682
Feedback: 0.41668
Received=	-0.24116
Feedback: 0.38824
Received=	0.032047
Feedback: 0.21805
Received=	0.092612
Feedback: 0.18032
Received=	0.12809
Feedback: 0.15822
Received=	-0.050306
Feedback: 0.26935
Received=	-0.19401
Feedback: 0.35887
Received=	-0.094433
Feedback: 0.29684
Received=	0.19566
Feedback: 0.11613
Received=	0.11918
Feedback: 0.16377
Received=	-0.27945
Feedback: 0.41209
Received=	-0.084949
Feedback: 0.29093
Received=	-0.30258
Feedback: 0.4265
Received=	-0.26603
Feedback: 0.40373
Received=	-0.062109
Feedback: 0.2767
Received=	-0.15639
Feedback: 0.33544
Received=	-0.23086
Feedback: 0.38182
Received=	-0.48293
Feedback: 0.53885
Received=	-0.54615
Feedback: 0.57823
Received=	-0.40473
Feedback: 0.49013
Received=	-0.63365
Feedback: 0.63274
Received=	-0.50313
Feedback: 0.55143
Received=	-0.26308
Feedback: 0.40189
Received=	-0.013018
Feedback: 0.24612
Received=	-0.12414
Feedback: 0.31534
Received=	-0.041064
Feedback: 0.26359
Received=	0.076719
Feedback: 0.19022
Received=	0.159
Feedback: 0.13897
Received=	0.17538
Feedback: 0.12876
Received=	0.043715
Feedback: 0.21078
Received=	0.16726
Feedback: 0.13382
Received=	0.00091487
Feedback: 0.23744
Received=	-0.16964
Feedback: 0.34369
Received=	0.12753
Feedback: 0.15857
Received=	0.31626
Feedback: 0.1
Received=	0.14045
Feedback: 0.15052
Received=	-0.02367
Feedback: 0.25276
Received=	0.1071
Feedback: 0.1713
Received=	-0.28959
Feedback: 0.41841
Received=	-0.40994
Feedback: 0.49338
Received=	-0.35717
Feedback: 0.46051
Calculated range:	[(-2.000000) - (2.000000)]
Success index = (1.119658)
Received=	-0.45697
=====  12:27:46 - BASE  ============
Feedback: 0.66
Received=	-0.19884
Feedback: 0.66
Received=	0.010435
Feedback: 0.66
Received=	0.08467
Feedback: 0.66
Received=	-0.071058
Feedback: 0.66
Received=	0.019248
Feedback: 0.66
Received=	0.30183
Feedback: 0.66
Received=	-0.22955
Feedback: 0.66
Received=	-0.3601
Feedback: 0.66
Received=	-0.27048
Feedback: 0.66
Received=	-0.52998
Feedback: 0.66
Received=	-0.48016
Feedback: 0.66
Received=	-0.46141
Feedback: 0.66
Received=	-0.18908
Feedback: 0.66
Received=	-0.14354
Feedback: 0.66
Received=	-0.14307
Feedback: 0.66
Received=	-0.22308
Feedback: 0.66
Received=	-0.45666
Feedback: 0.66
Received=	-0.41579
Feedback: 0.66
Received=	-0.11968
Feedback: 0.66
Received=	0.29872
=====  12:28:46 - NF  ============
Feedback: 0.1
Received=	0.10223
Feedback: 0.22657
Received=	-0.15165
Feedback: 0.45304
Received=	-0.26696
Feedback: 0.55589
Received=	0.008273
Feedback: 0.31039
Received=	0.68504
Feedback: 0.1
Received=	0.57193
Feedback: 0.1
Received=	0.15712
Feedback: 0.17761
Received=	-0.18458
Feedback: 0.4824
Received=	-0.29849
Feedback: 0.58402
Received=	-0.11751
Feedback: 0.42259
Received=	0.083482
Feedback: 0.2433
Received=	0.21511
Feedback: 0.12589
Received=	0.2607
Feedback: 0.1
Received=	0.47883
Feedback: 0.1
Received=	0.52443
Feedback: 0.1
Received=	0.079122
Feedback: 0.24719
Received=	0.12603
Feedback: 0.20535
Received=	-0.15008
Feedback: 0.45163
Received=	-0.19293
Feedback: 0.48985
Received=	-0.0014162
Feedback: 0.31903
Received=	0.024941
Feedback: 0.29552
Received=	0.21561
Feedback: 0.12545
Received=	-0.018733
Feedback: 0.33447
Received=	-0.13976
Feedback: 0.44243
Received=	-0.055352
Feedback: 0.36714
Received=	-0.14697
Feedback: 0.44886
Received=	-0.44181
Feedback: 0.71185
Received=	-0.033225
Feedback: 0.3474
Received=	0.10408
Feedback: 0.22493
Received=	-0.53538
Feedback: 0.79532
Received=	-0.23551
Feedback: 0.52784
Received=	0.38193
Feedback: 0.1
Received=	-0.065085
Feedback: 0.37582
Received=	-0.065798
Feedback: 0.37646
Received=	0.39272
Feedback: 0.1
Received=	0.47857
Feedback: 0.1
Received=	0.42378
Feedback: 0.1
Received=	-0.052263
Feedback: 0.36438
Received=	-0.47427
Feedback: 0.7408
Received=	-0.40418
Feedback: 0.67829
Received=	0.00067716
Feedback: 0.31716
Received=	-0.33715
Feedback: 0.6185
Received=	-0.14119
Feedback: 0.4437
Received=	-0.0031817
Feedback: 0.3206
Received=	-0.01859
Feedback: 0.33435
Received=	-0.088464
Feedback: 0.39667
Received=	0.11106
Feedback: 0.21871
Received=	0.038651
Feedback: 0.28329
Received=	-0.43884
Feedback: 0.7092
Received=	-0.14998
Feedback: 0.45154
Received=	0.24349
Feedback: 0.10058
Received=	-0.0062686
Feedback: 0.32336
Received=	0.036054
Feedback: 0.28561
Received=	0.22122
Feedback: 0.12044
Received=	0.16661
Feedback: 0.16916
Received=	0.14006
Feedback: 0.19284
Received=	0.1635
Feedback: 0.17193
Received=	0.0072817
Feedback: 0.31127
Received=	-0.064672
Feedback: 0.37545
Calculated range:	[(-2.000000) - (2.000000)]
Success index = (0.895610)
Received=	-0.040292
=====  12:31:46 - BASE  ============
Feedback: 0.66
Received=	0.057487
Feedback: 0.66
Received=	0.30487
Feedback: 0.66
Received=	0.28524
Feedback: 0.66
Received=	-0.039465
Feedback: 0.66
Received=	-0.021743
Feedback: 0.66
Received=	0.12162
Feedback: 0.66
Received=	0.13445
Feedback: 0.66
Received=	0.2138
Feedback: 0.66
Received=	-0.31743
Feedback: 0.66
Received=	-0.36596
Feedback: 0.66
Received=	-0.39365
Feedback: 0.66
Received=	-0.74136
Feedback: 0.66
Received=	-0.64858
Feedback: 0.66
Received=	0.14913
Feedback: 0.66
Received=	0.014392
Feedback: 0.66
Received=	-0.13802
Feedback: 0.66
Received=	-0.47246
Feedback: 0.66
Received=	-0.36175
Feedback: 0.66
Received=	-0.22945
Feedback: 0.66
Received=	0.031736
=====  12:32:46 - NF  ============
Feedback: 0.39231
Received=	0.29583
Feedback: 0.22597
Received=	0.005631
Feedback: 0.40875
Received=	-0.14305
Feedback: 0.5024
Received=	-0.16423
Feedback: 0.51574
Received=	0.048553
Feedback: 0.38172
Received=	0.20617
Feedback: 0.28244
Received=	-0.13069
Feedback: 0.49461
Received=	0.098323
Feedback: 0.35037
Received=	0.016179
Feedback: 0.40211
Received=	0.16574
Feedback: 0.30791
Received=	0.30539
Feedback: 0.21995
Received=	0.073662
Feedback: 0.3659
Received=	-0.12127
Feedback: 0.48868
Received=	-0.36638
Feedback: 0.64306
Received=	0.020847
Feedback: 0.39917
Received=	0.29902
Feedback: 0.22396
Received=	0.41429
Feedback: 0.15136
Received=	-0.0032782
Feedback: 0.41436
Received=	-0.065339
Feedback: 0.45345
Received=	-0.059375
Feedback: 0.4497
Received=	0.12647
Feedback: 0.33264
Received=	0.76629
Feedback: 0.1
Received=	0.87241
Feedback: 0.1
Received=	0.34225
Feedback: 0.19673
Received=	0.27402
Feedback: 0.23971
Received=	0.062923
Feedback: 0.37267
Received=	0.33571
Feedback: 0.20085
Received=	0.77182
Feedback: 0.1
Received=	0.72464
Feedback: 0.1
Received=	0.42323
Feedback: 0.14572
Received=	0.062321
Feedback: 0.37304
Received=	0.19845
Feedback: 0.28731
Received=	-0.057851
Feedback: 0.44874
Received=	0.2128
Feedback: 0.27826
Received=	0.30474
Feedback: 0.22036
Received=	0.25052
Feedback: 0.25451
Received=	-0.04703
Feedback: 0.44192
Received=	0.017378
Feedback: 0.40135
Received=	-0.17594
Feedback: 0.52312
Received=	-0.33447
Feedback: 0.62296
Received=	-0.24971
Feedback: 0.56958
Received=	0.17922
Feedback: 0.29942
Received=	0.043867
Feedback: 0.38467
Received=	0.244
Feedback: 0.25861
Received=	0.21288
Feedback: 0.27821
Received=	0.065337
Feedback: 0.37114
Received=	-0.15406
Feedback: 0.50933
Received=	-0.38994
Feedback: 0.6579
Received=	-0.1893
Feedback: 0.53153
Received=	-0.23853
Feedback: 0.56253
Received=	-0.022229
Feedback: 0.4263
Received=	0.42389
Feedback: 0.14531
Received=	0.51179
Feedback: 0.1
Received=	0.38405
Feedback: 0.1704
Received=	0.39702
Feedback: 0.16224
Received=	0.35615
Feedback: 0.18797
Received=	-0.027541
Feedback: 0.42964
Received=	-0.18536
Feedback: 0.52905
Received=	0.23997
Feedback: 0.26115
Calculated range:	[(-2.000000) - (2.000000)]
Success index = (0.927978)
Received=	0.17325
=====  12:35:46 - BASE  ============
Feedback: 0.66
Received=	-0.014241
Feedback: 0.66
Received=	0.20382
Feedback: 0.66
Received=	0.38573
Feedback: 0.66
Received=	0.84113
Feedback: 0.66
Received=	0.84988
Feedback: 0.66
Received=	0.72686
Feedback: 0.66
Received=	0.50427
Feedback: 0.66
Received=	0.43193
Feedback: 0.66
Received=	-0.093959
Feedback: 0.66
Received=	-0.42921
Feedback: 0.66
Received=	-0.31549
Feedback: 0.66
Received=	-0.47856
Feedback: 0.66
Received=	-0.61404
Feedback: 0.66
Received=	-0.6353
Feedback: 0.66
Received=	-0.45979
Feedback: 0.66
Received=	-0.27416
Feedback: 0.66
Received=	-0.36183
Feedback: 0.66
Received=	-0.59725
Feedback: 0.66
Received=	-0.1278
Feedback: 0.66
Received=	0.037448
=====  12:36:46 - NF  ============
Feedback: 0.47631
Received=	0.7293
Feedback: 0.21233
Received=	1.2859
Feedback: 0.1
Received=	0.85222
Feedback: 0.16543
Received=	0.42038
Feedback: 0.3302
Received=	0.77546
Feedback: 0.19472
Received=	0.75334
Feedback: 0.20316
Received=	0.86848
Feedback: 0.15923
Received=	0.392
Feedback: 0.34103
Received=	0.34394
Feedback: 0.35937
Received=	0.32626
Feedback: 0.36611
Received=	0.20732
Feedback: 0.41149
Received=	-0.043531
Feedback: 0.5072
Received=	-0.17378
Feedback: 0.5569
Received=	0.25127
Feedback: 0.39472
Received=	0.48627
Feedback: 0.30506
Received=	0.11048
Feedback: 0.44844
Received=	-0.13422
Feedback: 0.5418
Received=	0.19498
Feedback: 0.4162
Received=	0.46253
Feedback: 0.31412
Received=	0.11959
Feedback: 0.44497
Received=	-0.035331
Feedback: 0.50407
Received=	-0.035465
Feedback: 0.50412
Received=	-0.19859
Feedback: 0.56636
Received=	0.10236
Feedback: 0.45154
Received=	0.76745
Feedback: 0.19778
Received=	0.90043
Feedback: 0.14704
Received=	0.4634
Feedback: 0.31379
Received=	0.45007
Feedback: 0.31887
Received=	0.23661
Feedback: 0.40032
Received=	-0.16357
Feedback: 0.553
Received=	-0.1147
Feedback: 0.53436
Received=	-0.4191
Feedback: 0.6505
Received=	-0.73178
Feedback: 0.7698
Received=	-0.75391
Feedback: 0.77824
Received=	-0.75429
Feedback: 0.77839
Received=	-0.658
Feedback: 0.74165
Received=	-0.55489
Feedback: 0.70231
Received=	-0.060675
Feedback: 0.51374
Received=	-0.44967
Feedback: 0.66216
Received=	-0.072095
Feedback: 0.5181
Received=	0.063199
Feedback: 0.46648
Received=	-0.024647
Feedback: 0.5
Received=	0.086966
Feedback: 0.45741
Received=	0.046416
Feedback: 0.47288
Received=	0.39364
Feedback: 0.3404
Received=	0.70665
Feedback: 0.22098
Received=	0.69847
Feedback: 0.2241
Received=	0.49342
Feedback: 0.30233
Received=	0.42586
Feedback: 0.32811
Received=	0.5734
Feedback: 0.27182
Received=	0.5906
Feedback: 0.26525
Received=	0.51345
Feedback: 0.29469
Received=	0.42747
Feedback: 0.3275
Received=	0.24718
Feedback: 0.39628
Received=	0.094743
Feedback: 0.45444
Received=	0.50813
Feedback: 0.29672
Received=	0.22087
Feedback: 0.40632
Received=	0.29514
Feedback: 0.37798
Received=	0.65187
Feedback: 0.24188
Calculated range:	[(-2.000000) - (2.000000)]
Success index = (0.530732)
Received=	0.5014
=====  12:39:46 - BASE  ============
Feedback: 0.66
Received=	0.46252
Feedback: 0.66
Received=	0.8016
Feedback: 0.66
Received=	0.75844
Feedback: 0.66
Received=	0.60285
Feedback: 0.66
Received=	0.55303
Feedback: 0.66
Received=	0.2602
Feedback: 0.66
Received=	-0.010367
Feedback: 0.66
Received=	-0.18131
Feedback: 0.66
Received=	-0.21584
Feedback: 0.66
Received=	-0.17195
Feedback: 0.66
Received=	-0.25706
Feedback: 0.66
Received=	-0.24551
Feedback: 0.66
Received=	0.059862
Feedback: 0.66
Received=	0.17088
Feedback: 0.66
Received=	0.41873
Feedback: 0.66
Received=	0.72477
Feedback: 0.66
Received=	0.69965
Feedback: 0.66
Received=	0.72422
Feedback: 0.66
Received=	0.59103
Feedback: 0.66
Received=	0.58984
=====  12:40:46 - NF  ============
Feedback: 0.35228
Received=	0.53233
Feedback: 0.38095
Received=	0.754
Feedback: 0.27044
Received=	0.21416
Feedback: 0.53956
Received=	0.44577
Feedback: 0.4241
Received=	0.6037
Feedback: 0.34537
Received=	0.66098
Feedback: 0.31682
Received=	0.32601
Feedback: 0.4838
Received=	0.56761
Feedback: 0.36336
Received=	-0.049779
Feedback: 0.67113
Received=	0.23104
Feedback: 0.53114
Received=	-0.10754
Feedback: 0.69993
Received=	-0.33392
Feedback: 0.81278
Received=	-0.016577
Feedback: 0.65458
Received=	0.060767
Feedback: 0.61603
Received=	0.12036
Feedback: 0.58632
Received=	0.642
Feedback: 0.32628
Received=	0.73279
Feedback: 0.28102
Received=	0.4809
Feedback: 0.40659
Received=	0.43244
Feedback: 0.43074
Received=	0.40207
Feedback: 0.44588
Received=	0.46569
Feedback: 0.41417
Received=	0.40283
Feedback: 0.4455
Received=	0.26595
Feedback: 0.51374
Received=	0.53567
Feedback: 0.37928
Received=	0.83075
Feedback: 0.23218
Received=	0.68369
Feedback: 0.30549
Received=	0.57596
Feedback: 0.3592
Received=	0.66076
Feedback: 0.31693
Received=	0.38368
Feedback: 0.45505
Received=	0.33593
Feedback: 0.47885
Received=	0.30026
Feedback: 0.49664
Received=	0.46635
Feedback: 0.41384
Received=	0.4076
Feedback: 0.44312
Received=	0.31561
Feedback: 0.48898
Received=	0.3336
Feedback: 0.48002
Received=	0.47673
Feedback: 0.40866
Received=	0.17942
Feedback: 0.55688
Received=	-0.30066
Feedback: 0.7962
Received=	-0.21882
Feedback: 0.7554
Received=	-0.047756
Feedback: 0.67012
Received=	0.1014
Feedback: 0.59577
Received=	0.25344
Feedback: 0.51998
Received=	0.55182
Feedback: 0.37123
Received=	0.42419
Feedback: 0.43485
Received=	0.17669
Feedback: 0.55824
Received=	0.28512
Feedback: 0.50418
Received=	0.84152
Feedback: 0.22681
Received=	0.93964
Feedback: 0.1779
Received=	0.85735
Feedback: 0.21892
Received=	0.89707
Feedback: 0.19912
Received=	0.42971
Feedback: 0.43211
Received=	0.22359
Feedback: 0.53486
Received=	0.25004
Feedback: 0.52167
Received=	0.39014
Feedback: 0.45183
Received=	0.22213
Feedback: 0.53558
Received=	-0.06118
Feedback: 0.67682
Received=	0.35986
Feedback: 0.46693
Received=	0.090539
Feedback: 0.60118
Received=	-0.015964
Feedback: 0.65428
Calculated range:	[(-2.000000) - (2.000000)]
Success index = (0.206407)
closing...
