Direction=-1.000000	; step=1.000000;
Received=	0
Feedback: 0.66
Received=	0
Feedback: 0.66
Received=	0
Feedback: 0.66
Received=	-0.40368
Feedback: 0.66
Received=	-0.64769
Feedback: 0.66
Received=	-0.53897
Feedback: 0.66
Received=	-0.3779
Feedback: 0.66
Received=	0.15516
Feedback: 0.66
Received=	-0.22502
Feedback: 0.66
Received=	-0.72005
Feedback: 0.66
Received=	-0.50485
Feedback: 0.66
Received=	-0.90315
Feedback: 0.66
Received=	-0.99646
Feedback: 0.66
Received=	-0.68697
Feedback: 0.66
Received=	-0.81636
Feedback: 0.66
Received=	-0.82412
Feedback: 0.66
Received=	-0.93358
Feedback: 0.66
Received=	-0.85882
Feedback: 0.66
Received=	-0.43913
Feedback: 0.66
Received=	-0.37798
Feedback: 0.66
Received=	-0.31742
=====  13:9:56 - NF  ============
Feedback: 0.34889
Received=	-0.31323
Feedback: 0.34629
Received=	-0.11985
Feedback: 0.22637
Received=	-0.32091
Feedback: 0.35105
Received=	-0.33187
Feedback: 0.35785
Received=	-0.42435
Feedback: 0.4152
Received=	-0.7036
Feedback: 0.58838
Received=	-0.55445
Feedback: 0.49589
Received=	-0.26289
Feedback: 0.31507
Received=	-0.35637
Feedback: 0.37304
Received=	-0.55355
Feedback: 0.49533
Received=	-0.76276
Feedback: 0.62507
Received=	-0.57094
Feedback: 0.50611
Received=	-0.52367
Feedback: 0.4768
Received=	-0.42897
Feedback: 0.41807
Received=	-0.31124
Feedback: 0.34505
Received=	-0.23261
Feedback: 0.29629
Received=	-0.60981
Feedback: 0.53022
Received=	-0.3545
Feedback: 0.37189
Received=	-0.20878
Feedback: 0.28151
Received=	-0.14637
Feedback: 0.24281
Received=	0.0073697
Feedback: 0.14747
Received=	0.0018087
Feedback: 0.15092
Received=	-0.10803
Feedback: 0.21903
Received=	0.059764
Feedback: 0.11497
Received=	0.24606
Feedback: 0.1
Received=	0.20604
Feedback: 0.1
Received=	-0.028034
Feedback: 0.16942
Received=	0.36915
Feedback: 0.1
Received=	0.21167
Feedback: 0.1
Received=	-0.072771
Feedback: 0.19717
Received=	-0.38495
Feedback: 0.39077
Received=	-0.45656
Feedback: 0.43517
Received=	-0.49583
Feedback: 0.45953
Received=	-0.40227
Feedback: 0.40151
Received=	-0.19022
Feedback: 0.27
Received=	0.054472
Feedback: 0.11826
Received=	0.19513
Feedback: 0.1
Received=	0.31605
Feedback: 0.1
Received=	0.16834
Feedback: 0.1
Received=	-0.3071
Feedback: 0.34249
Received=	-0.33182
Feedback: 0.35782
Received=	-0.43695
Feedback: 0.42301
Received=	-0.31598
Feedback: 0.34799
Received=	-0.37381
Feedback: 0.38386
Received=	-0.33234
Feedback: 0.35814
Received=	0.04197
Feedback: 0.12601
Received=	0.11668
Feedback: 0.1
Received=	0.31885
Feedback: 0.1
Received=	0.3129
Feedback: 0.1
Received=	-0.26375
Feedback: 0.3156
Received=	-0.60153
Feedback: 0.52508
Received=	0.21064
Feedback: 0.1
Received=	-0.11584
Feedback: 0.22388
Received=	-0.24684
Feedback: 0.30512
Received=	-0.04852
Feedback: 0.18213
Received=	-0.11536
Feedback: 0.22358
Received=	-0.20806
Feedback: 0.28107
Received=	-0.37958
Feedback: 0.38744
Received=	-0.3629
Feedback: 0.37709
Calculated range:	[(-2.000000) - (2.000000)]
Success index = (1.234813)
Received=	0.13331
=====  13:12:56 - BASE  ============
Feedback: 0.66
Received=	0.044359
Feedback: 0.66
Received=	0.049818
Feedback: 0.66
Received=	-0.23388
Feedback: 0.66
Received=	-0.34971
Feedback: 0.66
Received=	-0.4821
Feedback: 0.66
Received=	-0.86791
Feedback: 0.66
Received=	-0.81179
Feedback: 0.66
Received=	-0.42933
Feedback: 0.66
Received=	-0.0093691
Feedback: 0.66
Received=	0.2274
Feedback: 0.66
Received=	0.20401
Feedback: 0.66
Received=	-0.071407
Feedback: 0.66
Received=	-0.25301
Feedback: 0.66
Received=	-0.36991
Feedback: 0.66
Received=	-0.33368
Feedback: 0.66
Received=	-0.45177
Feedback: 0.66
Received=	0.022134
Feedback: 0.66
Received=	0.17128
Feedback: 0.66
Received=	-0.059508
Feedback: 0.66
Received=	-0.30584
=====  13:13:56 - NF  ============
Feedback: 0.5505
Received=	-0.27898
Feedback: 0.53373
Received=	0.017997
Feedback: 0.3484
Received=	0.067334
Feedback: 0.31761
Received=	0.25088
Feedback: 0.20306
Received=	0.21469
Feedback: 0.22565
Received=	-0.29533
Feedback: 0.54393
Received=	-0.23387
Feedback: 0.50558
Received=	-0.5427
Feedback: 0.69831
Received=	-0.54225
Feedback: 0.69803
Received=	-0.67135
Feedback: 0.7786
Received=	-0.47846
Feedback: 0.65822
Received=	-0.34561
Feedback: 0.57531
Received=	-0.37242
Feedback: 0.59205
Received=	-0.14647
Feedback: 0.45104
Received=	0.19003
Feedback: 0.24103
Received=	-0.25028
Feedback: 0.51582
Received=	-0.54238
Feedback: 0.69811
Received=	-0.18716
Feedback: 0.47643
Received=	-0.017189
Feedback: 0.37036
Received=	-0.66345
Feedback: 0.77367
Received=	-0.81371
Feedback: 0.86744
Received=	-0.76351
Feedback: 0.83611
Received=	-0.54012
Feedback: 0.6967
Received=	-0.27254
Feedback: 0.52971
Received=	-0.56509
Feedback: 0.71228
Received=	-0.53084
Feedback: 0.69091
Received=	-0.069005
Feedback: 0.40269
Received=	-0.1359
Feedback: 0.44444
Received=	-0.34625
Feedback: 0.57571
Received=	-0.098033
Feedback: 0.42081
Received=	0.044019
Feedback: 0.33216
Received=	-0.20191
Feedback: 0.48564
Received=	-0.53969
Feedback: 0.69643
Received=	-0.35761
Feedback: 0.5828
Received=	-0.3863
Feedback: 0.60071
Received=	-0.52613
Feedback: 0.68797
Received=	-0.18936
Feedback: 0.4778
Received=	0.26276
Feedback: 0.19565
Received=	0.48247
Feedback: 0.1
Received=	0.46193
Feedback: 0.1
Received=	0.091589
Feedback: 0.30247
Received=	-0.35072
Feedback: 0.5785
Received=	-0.7645
Feedback: 0.83673
Received=	-0.36802
Feedback: 0.5893
Received=	-0.03879
Feedback: 0.38384
Received=	-0.040918
Feedback: 0.38516
Received=	-0.13436
Feedback: 0.44348
Received=	-0.1175
Feedback: 0.43296
Received=	0.0057466
Feedback: 0.35604
Received=	-0.23463
Feedback: 0.50605
Received=	-0.31858
Feedback: 0.55844
Received=	-0.38958
Feedback: 0.60276
Received=	-0.43511
Feedback: 0.63117
Received=	-0.49413
Feedback: 0.668
Received=	-0.29697
Feedback: 0.54496
Received=	0.0059482
Feedback: 0.35592
Received=	0.23947
Feedback: 0.21018
Received=	0.36707
Feedback: 0.13055
Received=	0.26101
Feedback: 0.19674
Calculated range:	[(-2.000000) - (2.000000)]
Success index = (0.014110)
Received=	0.10391
=====  13:16:56 - BASE  ============
Feedback: 0.66
Received=	0.087407
Feedback: 0.66
Received=	0.25739
Feedback: 0.66
Received=	-0.00049722
Feedback: 0.66
Received=	-0.21456
Feedback: 0.66
Received=	-0.078084
Feedback: 0.66
Received=	-0.52822
Feedback: 0.66
Received=	-0.74313
Feedback: 0.66
Received=	-0.4203
Feedback: 0.66
Received=	-0.45529
Feedback: 0.66
Received=	-0.41913
Feedback: 0.66
Received=	-0.1554
Feedback: 0.66
Received=	0.0058686
Feedback: 0.66
Received=	-0.28271
Feedback: 0.66
Received=	-0.65567
Feedback: 0.66
Received=	-0.43286
Feedback: 0.66
Received=	-0.28535
Feedback: 0.66
Received=	-0.3215
Feedback: 0.66
Received=	-0.16269
Feedback: 0.66
Received=	-0.038964
Feedback: 0.66
Received=	0.1597
=====  13:17:56 - NF  ============
Feedback: 0.15788
Received=	-0.18029
Feedback: 0.42611
Received=	-0.31208
Feedback: 0.53009
Received=	-0.3395
Feedback: 0.55171
Received=	-0.38737
Feedback: 0.58948
Received=	-0.33916
Feedback: 0.55144
Received=	-0.80288
Feedback: 0.9
Received=	-0.84642
Feedback: 0.9
Received=	-0.5176
Feedback: 0.69223
Received=	-0.78207
Feedback: 0.9
Received=	-0.63801
Feedback: 0.78722
Received=	-0.40141
Feedback: 0.60056
Received=	-0.48706
Feedback: 0.66813
Received=	-0.27017
Feedback: 0.49702
Received=	-0.028209
Feedback: 0.30613
Received=	0.26019
Feedback: 0.1
Received=	-0.010921
Feedback: 0.29249
Received=	-0.45676
Feedback: 0.64423
Received=	-0.37052
Feedback: 0.57619
Received=	-1.0997
Feedback: 0.9
Received=	0.069087
Feedback: 0.22937
Received=	0.6542
Feedback: 0.1
Received=	0.1836
Feedback: 0.13902
Received=	-0.37016
Feedback: 0.57591
Received=	-0.51272
Feedback: 0.68837
Received=	-0.61727
Feedback: 0.77085
Received=	-0.3762
Feedback: 0.58067
Received=	-0.11161
Feedback: 0.37192
Received=	-0.23992
Feedback: 0.47315
Received=	-0.59854
Feedback: 0.75608
Received=	-0.26459
Feedback: 0.49262
Received=	-0.19614
Feedback: 0.43862
Received=	-0.54259
Feedback: 0.71194
Received=	-0.93813
Feedback: 0.9
Received=	-0.84856
Feedback: 0.9
Received=	-0.82641
Feedback: 0.9
Received=	-1.104
Feedback: 0.9
Received=	-0.71465
Feedback: 0.84768
Received=	-0.53249
Feedback: 0.70397
Received=	-0.20413
Feedback: 0.44492
Received=	-0.29601
Feedback: 0.5174
Received=	-0.69539
Feedback: 0.83249
Received=	-0.48936
Feedback: 0.66995
Received=	-0.4475
Feedback: 0.63692
Received=	-0.93776
Feedback: 0.9
Received=	-1.1364
Feedback: 0.9
Received=	-0.98733
Feedback: 0.9
Received=	-0.565
Feedback: 0.72962
Received=	-0.25515
Feedback: 0.48517
Received=	-0.2028
Feedback: 0.44387
Received=	-0.33351
Feedback: 0.54699
Received=	-0.18431
Feedback: 0.42928
Received=	0.15091
Feedback: 0.16481
Received=	0.093795
Feedback: 0.20988
Received=	-0.2838
Feedback: 0.50777
Received=	-0.72273
Feedback: 0.85405
Received=	-0.80209
Feedback: 0.9
Received=	-1.0909
Feedback: 0.9
Received=	-0.76998
Feedback: 0.89134
Received=	-0.37296
Feedback: 0.57812
Calculated range:	[(-2.000000) - (2.000000)]
Success index = (-0.473156)
Received=	-0.67374
=====  13:20:56 - BASE  ============
Feedback: 0.66
Received=	-0.29565
Feedback: 0.66
Received=	0.21007
Feedback: 0.66
Received=	0.26671
Feedback: 0.66
Received=	0.052975
Feedback: 0.66
Received=	0.046845
Feedback: 0.66
Received=	-0.22918
Feedback: 0.66
Received=	0.061789
Feedback: 0.66
Received=	0.087892
Feedback: 0.66
Received=	-0.29584
Feedback: 0.66
Received=	-0.4042
Feedback: 0.66
Received=	-0.59202
Feedback: 0.66
Received=	-0.86973
Feedback: 0.66
Received=	-0.81139
Feedback: 0.66
Received=	-0.79088
Feedback: 0.66
Received=	-0.12803
Feedback: 0.66
Received=	-0.20945
Feedback: 0.66
Received=	-0.14554
Feedback: 0.66
Received=	-0.16217
Feedback: 0.66
Received=	-0.51616
Feedback: 0.66
Received=	-0.66346
=====  13:21:56 - NF  ============
Feedback: 0.73694
Received=	-0.81251
Feedback: 0.82154
Received=	0.11306
Feedback: 0.29619
Received=	0.29915
Feedback: 0.19056
Received=	0.64309
Feedback: 0.1
Received=	0.27072
Feedback: 0.2067
Received=	-0.18544
Feedback: 0.46562
Received=	-0.32468
Feedback: 0.54465
Received=	-0.47758
Feedback: 0.63143
Received=	-0.45932
Feedback: 0.62107
Received=	-0.1676
Feedback: 0.45549
Received=	-0.23809
Feedback: 0.4955
Received=	-0.35938
Feedback: 0.56434
Received=	0.19162
Feedback: 0.2516
Received=	0.181
Feedback: 0.25763
Received=	-0.062149
Feedback: 0.39564
Received=	-0.065203
Feedback: 0.39737
Received=	-0.24656
Feedback: 0.50031
Received=	-0.46262
Feedback: 0.62294
Received=	-0.47271
Feedback: 0.62867
Received=	-0.3804
Feedback: 0.57628
Received=	-0.14542
Feedback: 0.4429
Received=	0.14014
Feedback: 0.28082
Received=	-0.073523
Feedback: 0.40209
Received=	-0.28391
Feedback: 0.52151
Received=	-0.25568
Feedback: 0.50548
Received=	-0.19198
Feedback: 0.46933
Received=	-0.25911
Feedback: 0.50743
Received=	-0.17129
Feedback: 0.45758
Received=	0.091664
Feedback: 0.30833
Received=	0.25918
Feedback: 0.21325
Received=	-0.12882
Feedback: 0.43348
Received=	-0.23181
Feedback: 0.49193
Received=	0.18309
Feedback: 0.25644
Received=	-0.017652
Feedback: 0.37038
Received=	-0.12197
Feedback: 0.42959
Received=	-0.26737
Feedback: 0.51212
Received=	-0.2638
Feedback: 0.51009
Received=	-0.38561
Feedback: 0.57923
Received=	-0.019481
Feedback: 0.37142
Received=	0.03814
Feedback: 0.33871
Received=	-0.23111
Feedback: 0.49154
Received=	-0.36709
Feedback: 0.56872
Received=	0.076326
Feedback: 0.31704
Received=	-0.0054587
Feedback: 0.36346
Received=	-0.08248
Feedback: 0.40718
Received=	-0.13811
Feedback: 0.43875
Received=	0.28723
Feedback: 0.19733
Received=	0.45012
Feedback: 0.10488
Received=	0.040033
Feedback: 0.33764
Received=	-0.25181
Feedback: 0.50329
Received=	-0.17262
Feedback: 0.45834
Received=	-0.20182
Feedback: 0.47491
Received=	-0.55431
Feedback: 0.67498
Received=	-0.60249
Feedback: 0.70233
Received=	-0.96772
Feedback: 0.9
Received=	-0.52931
Feedback: 0.6608
Received=	0.029019
Feedback: 0.34389
Received=	0.49255
Feedback: 0.1
Received=	0.50868
Feedback: 0.1
Calculated range:	[(-2.000000) - (2.000000)]
Success index = (0.345279)
Received=	0.13314
=====  13:24:56 - BASE  ============
Feedback: 0.66
Received=	-0.17916
Feedback: 0.66
Received=	0.19582
Feedback: 0.66
Received=	0.34342
Feedback: 0.66
Received=	0.087253
Feedback: 0.66
Received=	-0.36496
Feedback: 0.66
Received=	-0.65436
Feedback: 0.66
Received=	-0.90855
Feedback: 0.66
Received=	-0.95575
Feedback: 0.66
Received=	-0.4727
Feedback: 0.66
Received=	0.3491
Feedback: 0.66
Received=	-0.027829
Feedback: 0.66
Received=	-0.45028
Feedback: 0.66
Received=	-0.64052
Feedback: 0.66
Received=	-0.78956
Feedback: 0.66
Received=	-0.62052
Feedback: 0.66
Received=	-0.54551
Feedback: 0.66
Received=	-0.63987
Feedback: 0.66
Received=	-0.82434
Feedback: 0.66
Received=	-0.71363
Feedback: 0.66
Received=	-0.33894
=====  13:25:56 - NF  ============
Feedback: 0.46008
Received=	-0.47741
Feedback: 0.52503
Received=	-0.5979
Feedback: 0.58155
Received=	-0.94356
Feedback: 0.74367
Received=	-1.005
Feedback: 0.77251
Received=	-0.75893
Feedback: 0.65707
Received=	-0.32261
Feedback: 0.45242
Received=	-0.032295
Feedback: 0.31625
Received=	-0.20035
Feedback: 0.39508
Received=	-0.25192
Feedback: 0.41927
Received=	-0.64399
Feedback: 0.60317
Received=	-0.29571
Feedback: 0.43981
Received=	-0.13075
Feedback: 0.36243
Received=	-0.1089
Feedback: 0.35219
Received=	-0.3193
Feedback: 0.45087
Received=	-0.62386
Feedback: 0.59372
Received=	0.022613
Feedback: 0.2905
Received=	-0.10642
Feedback: 0.35102
Received=	-0.5579
Feedback: 0.56278
Received=	-0.57908
Feedback: 0.57272
Received=	-0.82531
Feedback: 0.68821
Received=	-1.2595
Feedback: 0.89188
Received=	-1.0656
Feedback: 0.80092
Received=	-0.7589
Feedback: 0.65706
Received=	-0.6962
Feedback: 0.62765
Received=	-0.29836
Feedback: 0.44105
Received=	0.15899
Feedback: 0.22653
Received=	0.36216
Feedback: 0.13124
Received=	-0.28178
Feedback: 0.43327
Received=	-0.80327
Feedback: 0.67787
Received=	-0.31517
Feedback: 0.44893
Received=	0.089276
Feedback: 0.25923
Received=	-0.001946
Feedback: 0.30202
Received=	-0.49512
Feedback: 0.53334
Received=	-0.66829
Feedback: 0.61456
Received=	-0.78602
Feedback: 0.66978
Received=	-0.7163
Feedback: 0.63708
Received=	-0.84706
Feedback: 0.69841
Received=	-0.87414
Feedback: 0.71111
Received=	-0.81028
Feedback: 0.68116
Received=	-0.81513
Feedback: 0.68344
Received=	-0.60739
Feedback: 0.586
Received=	-0.3058
Feedback: 0.44454
Received=	-0.32213
Feedback: 0.4522
Received=	-0.49078
Feedback: 0.5313
Received=	-0.032541
Feedback: 0.31637
Received=	0.029401
Feedback: 0.28732
Received=	-0.29774
Feedback: 0.44076
Received=	-0.26406
Feedback: 0.42496
Received=	-0.32811
Feedback: 0.455
Received=	-0.41259
Feedback: 0.49463
Received=	-0.26121
Feedback: 0.42362
Received=	-0.23067
Feedback: 0.4093
Received=	-0.27447
Feedback: 0.42984
Received=	-0.30642
Feedback: 0.44483
Received=	-0.45893
Feedback: 0.51636
Received=	-0.34078
Feedback: 0.46095
Received=	0.058143
Feedback: 0.27384
Received=	0.40667
Feedback: 0.11036
Received=	0.070438
Feedback: 0.26807
Calculated range:	[(-2.000000) - (2.000000)]
Success index = (0.049174)
closing...
