Direction=-1.000000	; step=1.000000;
Received=	0
Feedback: 0.66
Received=	0
Feedback: 0.66
Received=	0
Feedback: 0.66
Received=	-0.11365
Feedback: 0.66
Received=	-0.18845
Feedback: 0.66
Received=	-0.06086
Feedback: 0.66
Received=	-0.19201
Feedback: 0.66
Received=	-0.12169
Feedback: 0.66
Received=	-0.19724
Feedback: 0.66
Received=	-0.44861
Feedback: 0.66
Received=	-0.11504
Feedback: 0.66
Received=	0.041396
Feedback: 0.66
Received=	-0.20481
Feedback: 0.66
Received=	-0.37687
Feedback: 0.66
Received=	-0.15162
Feedback: 0.66
Received=	-0.43704
Feedback: 0.66
Received=	-0.59044
Feedback: 0.66
Received=	-0.35295
Feedback: 0.66
Received=	0.096227
Feedback: 0.66
Received=	0.28619
Feedback: 0.66
Received=	-0.23815
=====  10:16:42 - NF  ============
Feedback: 0.56022
Received=	-0.70493
Feedback: 0.9
Received=	-0.28312
Feedback: 0.60226
Received=	0.41162
Feedback: 0.1
Received=	0.32938
Feedback: 0.1
Received=	0.16101
Feedback: 0.187
Received=	0.053505
Feedback: 0.28752
Received=	0.3021
Feedback: 0.1
Received=	0.41715
Feedback: 0.1
Received=	-0.30812
Feedback: 0.62564
Received=	0.10945
Feedback: 0.23521
Received=	0.40786
Feedback: 0.1
Received=	0.57772
Feedback: 0.1
Received=	0.0084722
Feedback: 0.32963
Received=	-0.15762
Feedback: 0.48492
Received=	0.20403
Feedback: 0.14678
Received=	0.21373
Feedback: 0.13771
Received=	0.24137
Feedback: 0.11187
Received=	0.151
Feedback: 0.19637
Received=	-0.062826
Feedback: 0.39629
Received=	-0.0303
Feedback: 0.36588
Received=	0.80149
Feedback: 0.1
Received=	0.22016
Feedback: 0.1317
Received=	-0.098233
Feedback: 0.42939
Received=	0.37276
Feedback: 0.1
Received=	0.75111
Feedback: 0.1
Received=	0.6689
Feedback: 0.1
Received=	0.24643
Feedback: 0.10714
Received=	-0.34044
Feedback: 0.65586
Received=	-0.074126
Feedback: 0.40685
Received=	-0.027865
Feedback: 0.3636
Received=	0.008079
Feedback: 0.32999
Received=	0.30636
Feedback: 0.1
Received=	-0.39059
Feedback: 0.70275
Received=	-0.0042349
Feedback: 0.34151
Received=	1.3701
Feedback: 0.1
Received=	0.23308
Feedback: 0.11962
Received=	-0.33309
Feedback: 0.64899
Received=	-0.77306
Feedback: 0.9
Received=	-0.54177
Feedback: 0.8441
Received=	-0.54876
Feedback: 0.85063
Received=	0.28546
Feedback: 0.1
Received=	0.62686
Feedback: 0.1
Received=	0.55042
Feedback: 0.1
Received=	0.20065
Feedback: 0.14994
Received=	0.99215
Feedback: 0.1
Received=	0.24643
Feedback: 0.10713
Received=	-0.32732
Feedback: 0.64359
Received=	-0.29409
Feedback: 0.61252
Received=	0.030729
Feedback: 0.30882
Received=	0.098282
Feedback: 0.24565
Received=	0.53957
Feedback: 0.1
Received=	-0.46723
Feedback: 0.7744
Received=	-0.26086
Feedback: 0.58145
Received=	-0.26417
Feedback: 0.58454
Received=	0.018569
Feedback: 0.32018
Received=	0.52483
Feedback: 0.1
Received=	0.24978
Feedback: 0.10401
Received=	-0.0024904
Feedback: 0.33988
Received=	0.20929
Feedback: 0.14187
Calculated range:	[(-2.000000) - (2.000000)]
Success index = (0.779004)
Received=	0.053148
=====  10:19:42 - BASE  ============
Feedback: 0.66
Received=	-0.2498
Feedback: 0.66
Received=	-0.30304
Feedback: 0.66
Received=	0.091675
Feedback: 0.66
Received=	-0.19022
Feedback: 0.66
Received=	-0.33419
Feedback: 0.66
Received=	-0.26692
Feedback: 0.66
Received=	-0.32689
Feedback: 0.66
Received=	-0.21195
Feedback: 0.66
Received=	0.29179
Feedback: 0.66
Received=	0.64895
Feedback: 0.66
Received=	-0.03296
Feedback: 0.66
Received=	-0.20217
Feedback: 0.66
Received=	-0.32011
Feedback: 0.66
Received=	-0.27818
Feedback: 0.66
Received=	-0.45899
Feedback: 0.66
Received=	-0.26689
Feedback: 0.66
Received=	-0.065135
Feedback: 0.66
Received=	-0.19361
Feedback: 0.66
Received=	-0.49889
Feedback: 0.66
Received=	-0.49857
=====  10:20:42 - NF  ============
Feedback: 0.74347
Received=	0.17347
Feedback: 0.25719
Received=	0.62331
Feedback: 0.1
Received=	-0.086576
Feedback: 0.44536
Received=	-0.068813
Feedback: 0.4325
Received=	0.15038
Feedback: 0.2739
Received=	0.36922
Feedback: 0.11555
Received=	-0.036878
Feedback: 0.4094
Received=	-0.17982
Feedback: 0.51282
Received=	0.39136
Feedback: 0.1
Received=	0.22579
Feedback: 0.21934
Received=	0.34771
Feedback: 0.13112
Received=	0.067424
Feedback: 0.33393
Received=	0.52745
Feedback: 0.1
Received=	0.19923
Feedback: 0.23855
Received=	0.116
Feedback: 0.29878
Received=	0.18826
Feedback: 0.24649
Received=	0.72768
Feedback: 0.1
Received=	0.048457
Feedback: 0.34765
Received=	-0.20427
Feedback: 0.53051
Received=	0.0798
Feedback: 0.32497
Received=	0.74185
Feedback: 0.1
Received=	0.60925
Feedback: 0.1
Received=	0.54228
Feedback: 0.1
Received=	0.28091
Feedback: 0.17945
Received=	0.55744
Feedback: 0.1
Received=	0.45548
Feedback: 0.1
Received=	0.10672
Feedback: 0.30549
Received=	-0.0014935
Feedback: 0.38379
Received=	0.34997
Feedback: 0.12948
Received=	-0.32903
Feedback: 0.62079
Received=	-0.31827
Feedback: 0.613
Received=	0.20563
Feedback: 0.23392
Received=	0.75144
Feedback: 0.1
Received=	0.22371
Feedback: 0.22084
Received=	0.096754
Feedback: 0.3127
Received=	0.052313
Feedback: 0.34486
Received=	-0.13677
Feedback: 0.48167
Received=	0.7956
Feedback: 0.1
Received=	0.24544
Feedback: 0.20511
Received=	0.025375
Feedback: 0.36435
Received=	0.27656
Feedback: 0.1826
Received=	-0.35291
Feedback: 0.63807
Received=	0.12448
Feedback: 0.29264
Received=	0.59306
Feedback: 0.1
Received=	0.17264
Feedback: 0.25779
Received=	0.39731
Feedback: 0.1
Received=	-0.092672
Feedback: 0.44977
Received=	-0.41694
Feedback: 0.6844
Received=	0.27737
Feedback: 0.18201
Received=	0.78563
Feedback: 0.1
Received=	0.55343
Feedback: 0.1
Received=	-0.024936
Feedback: 0.40075
Received=	0.21247
Feedback: 0.22897
Received=	0.18144
Feedback: 0.25142
Received=	0.11456
Feedback: 0.29982
Received=	0.20751
Feedback: 0.23256
Received=	-0.027758
Feedback: 0.4028
Received=	-0.50431
Feedback: 0.74762
Received=	-0.62457
Feedback: 0.83464
Calculated range:	[(-2.000000) - (2.000000)]
Success index = (1.034861)
Received=	-0.5373
=====  10:23:42 - BASE  ============
Feedback: 0.66
Received=	-0.033322
Feedback: 0.66
Received=	-0.11466
Feedback: 0.66
Received=	-0.4373
Feedback: 0.66
Received=	-0.55871
Feedback: 0.66
Received=	-0.44875
Feedback: 0.66
Received=	-0.33382
Feedback: 0.66
Received=	-0.051678
Feedback: 0.66
Received=	0.25405
Feedback: 0.66
Received=	0.033608
Feedback: 0.66
Received=	-0.25299
Feedback: 0.66
Received=	-0.32665
Feedback: 0.66
Received=	-0.21189
Feedback: 0.66
Received=	-0.12557
Feedback: 0.66
Received=	-0.1357
Feedback: 0.66
Received=	-0.15769
Feedback: 0.66
Received=	-0.045734
Feedback: 0.66
Received=	-0.14131
Feedback: 0.66
Received=	-0.1823
Feedback: 0.66
Received=	-0.012911
Feedback: 0.66
Received=	-0.19255
=====  10:24:42 - NF  ============
Feedback: 0.51236
Received=	-0.14136
Feedback: 0.45963
Received=	-0.036448
Feedback: 0.35157
Received=	-0.1637
Feedback: 0.48264
Received=	-0.21231
Feedback: 0.53271
Received=	-0.17668
Feedback: 0.49601
Received=	0.093261
Feedback: 0.21797
Received=	-0.025958
Feedback: 0.34077
Received=	0.22122
Feedback: 0.1
Received=	0.14374
Feedback: 0.16598
Received=	0.28506
Feedback: 0.1
Received=	0.0062118
Feedback: 0.30763
Received=	0.10383
Feedback: 0.20709
Received=	0.3908
Feedback: 0.1
Received=	0.36266
Feedback: 0.1
Received=	-0.055944
Feedback: 0.37165
Received=	0.024064
Feedback: 0.28924
Received=	0.29165
Feedback: 0.1
Received=	0.2312
Feedback: 0.1
Received=	-0.036869
Feedback: 0.352
Received=	0.43233
Feedback: 0.1
Received=	0.2344
Feedback: 0.1
Received=	-0.1472
Feedback: 0.46565
Received=	0.24686
Feedback: 0.1
Received=	-0.040069
Feedback: 0.3553
Received=	-0.26337
Feedback: 0.58529
Received=	0.11764
Feedback: 0.19286
Received=	0.10002
Feedback: 0.21102
Received=	-0.032576
Feedback: 0.34758
Received=	0.0081814
Feedback: 0.3056
Received=	-0.14259
Feedback: 0.4609
Received=	0.050459
Feedback: 0.26206
Received=	-0.15177
Feedback: 0.47035
Received=	0.092016
Feedback: 0.21926
Received=	0.47231
Feedback: 0.1
Received=	0.18595
Feedback: 0.1225
Received=	-0.099476
Feedback: 0.41649
Received=	0.060382
Feedback: 0.25184
Received=	0.19872
Feedback: 0.10935
Received=	0.32948
Feedback: 0.1
Received=	-0.21342
Feedback: 0.53385
Received=	0.023806
Feedback: 0.28951
Received=	0.52735
Feedback: 0.1
Received=	0.10259
Feedback: 0.20837
Received=	0.24286
Feedback: 0.1
Received=	0.046453
Feedback: 0.26618
Received=	0.10048
Feedback: 0.21054
Received=	0.039903
Feedback: 0.27293
Received=	0.032035
Feedback: 0.28104
Received=	0.10539
Feedback: 0.20549
Received=	-0.13727
Feedback: 0.45541
Received=	-0.05631
Feedback: 0.37203
Received=	0.56806
Feedback: 0.1
Received=	0.19277
Feedback: 0.11549
Received=	0.0073709
Feedback: 0.30644
Received=	0.31377
Feedback: 0.1
Received=	-0.0048448
Feedback: 0.31902
Received=	0.069992
Feedback: 0.24194
Received=	-0.1631
Feedback: 0.48202
Received=	0.19313
Feedback: 0.11511
Calculated range:	[(-2.000000) - (2.000000)]
Success index = (1.332907)
Received=	0.21676
=====  10:27:42 - BASE  ============
Feedback: 0.66
Received=	-0.02525
Feedback: 0.66
Received=	-0.11772
Feedback: 0.66
Received=	-0.062059
Feedback: 0.66
Received=	0.015479
Feedback: 0.66
Received=	0.40103
Feedback: 0.66
Received=	0.22897
Feedback: 0.66
Received=	0.34902
Feedback: 0.66
Received=	0.33545
Feedback: 0.66
Received=	0.27096
Feedback: 0.66
Received=	0.42472
Feedback: 0.66
Received=	0.24347
Feedback: 0.66
Received=	0.39856
Feedback: 0.66
Received=	0.41593
Feedback: 0.66
Received=	0.027714
Feedback: 0.66
Received=	-0.13694
Feedback: 0.66
Received=	-0.059828
Feedback: 0.66
Received=	-0.0048484
Feedback: 0.66
Received=	-0.31166
Feedback: 0.66
Received=	-0.7167
Feedback: 0.66
Received=	-0.58719
=====  10:28:42 - NF  ============
Feedback: 0.9
Received=	-0.49763
Feedback: 0.88804
Received=	-0.25076
Feedback: 0.72627
Received=	0.32812
Feedback: 0.34693
Received=	0.30666
Feedback: 0.36099
Received=	0.44971
Feedback: 0.26725
Received=	0.5705
Feedback: 0.1881
Received=	-0.17842
Feedback: 0.67886
Received=	-0.20534
Feedback: 0.6965
Received=	-0.33275
Feedback: 0.77999
Received=	-0.4736
Feedback: 0.87229
Received=	-0.24646
Feedback: 0.72345
Received=	-0.51372
Feedback: 0.89858
Received=	0.17064
Feedback: 0.45013
Received=	0.28192
Feedback: 0.3772
Received=	0.34601
Feedback: 0.33521
Received=	0.28187
Feedback: 0.37724
Received=	0.26232
Feedback: 0.39005
Received=	0.35498
Feedback: 0.32932
Received=	0.36544
Feedback: 0.32247
Received=	0.25295
Feedback: 0.39619
Received=	0.75515
Feedback: 0.1
Received=	0.49107
Feedback: 0.24015
Received=	0.32742
Feedback: 0.34739
Received=	0.14053
Feedback: 0.46986
Received=	0.10863
Feedback: 0.49076
Received=	0.03617
Feedback: 0.53824
Received=	-0.17234
Feedback: 0.67488
Received=	0.106
Feedback: 0.49248
Received=	0.51879
Feedback: 0.22198
Received=	0.50059
Feedback: 0.23391
Received=	0.29697
Feedback: 0.36734
Received=	0.7213
Feedback: 0.1
Received=	0.56526
Feedback: 0.19153
Received=	1.4075
Feedback: 0.1
Received=	0.99207
Feedback: 0.1
Received=	0.14245
Feedback: 0.4686
Received=	0.54884
Feedback: 0.20229
Received=	0.42987
Feedback: 0.28025
Received=	0.98719
Feedback: 0.1
Received=	0.34748
Feedback: 0.33424
Received=	0.049332
Feedback: 0.52962
Received=	0.1085
Feedback: 0.49085
Received=	0.18922
Feedback: 0.43795
Received=	0.018304
Feedback: 0.54995
Received=	0.068602
Feedback: 0.51699
Received=	0.26485
Feedback: 0.38839
Received=	0.5313
Feedback: 0.21378
Received=	0.21826
Feedback: 0.41892
Received=	0.55553
Feedback: 0.19791
Received=	0.4807
Feedback: 0.24694
Received=	0.399
Feedback: 0.30048
Received=	0.004458
Feedback: 0.55902
Received=	0.43839
Feedback: 0.27467
Received=	0.37106
Feedback: 0.31879
Received=	0.60605
Feedback: 0.1648
Received=	-0.25984
Feedback: 0.73222
Received=	-0.08079
Feedback: 0.61489
Received=	0.19978
Feedback: 0.43103
Received=	0.31101
Feedback: 0.35814
Calculated range:	[(-2.000000) - (2.000000)]
Success index = (0.403268)
Received=	0.25373
=====  10:31:42 - BASE  ============
Feedback: 0.66
Received=	0.56702
Feedback: 0.66
Received=	0.45972
Feedback: 0.66
Received=	-0.018111
Feedback: 0.66
Received=	0.17974
Feedback: 0.66
Received=	0.32176
Feedback: 0.66
Received=	-0.36754
Feedback: 0.66
Received=	-0.25037
Feedback: 0.66
Received=	-0.099838
Feedback: 0.66
Received=	-0.58916
Feedback: 0.66
Received=	-0.74249
Feedback: 0.66
Received=	-0.81614
Feedback: 0.66
Received=	-0.80158
Feedback: 0.66
Received=	-0.77173
Feedback: 0.66
Received=	-0.71964
Feedback: 0.66
Received=	-0.41057
Feedback: 0.66
Received=	-0.50702
Feedback: 0.66
Received=	-0.82896
Feedback: 0.66
Received=	-0.98044
Feedback: 0.66
Received=	-0.8459
Feedback: 0.66
Received=	-1.106
=====  10:32:42 - NF  ============
Feedback: 0.80585
Received=	-0.52264
Feedback: 0.54086
Received=	0.12875
Feedback: 0.24497
Received=	0.15026
Feedback: 0.2352
Received=	0.10721
Feedback: 0.25476
Received=	0.30772
Feedback: 0.16367
Received=	0.37002
Feedback: 0.13538
Received=	-0.039577
Feedback: 0.32143
Received=	0.31099
Feedback: 0.16219
Received=	0.40677
Feedback: 0.11868
Received=	0.41989
Feedback: 0.11272
Received=	0.2564
Feedback: 0.18698
Received=	-0.038465
Feedback: 0.32093
Received=	0.075324
Feedback: 0.26924
Received=	0.43057
Feedback: 0.10787
Received=	0.013678
Feedback: 0.29724
Received=	-0.19635
Feedback: 0.39264
Received=	-0.019205
Feedback: 0.31218
Received=	-0.47638
Feedback: 0.51985
Received=	-0.54602
Feedback: 0.55148
Received=	-0.17848
Feedback: 0.38453
Received=	0.46916
Feedback: 0.1
Received=	0.42591
Feedback: 0.10998
Received=	0.23547
Feedback: 0.19649
Received=	0.5165
Feedback: 0.1
Received=	0.54434
Feedback: 0.1
Received=	0.7029
Feedback: 0.1
Received=	0.37493
Feedback: 0.13314
Received=	-0.18479
Feedback: 0.38739
Received=	0.054876
Feedback: 0.27853
Received=	0.24765
Feedback: 0.19096
Received=	0.46458
Feedback: 0.1
Received=	0.26077
Feedback: 0.185
Received=	0.38556
Feedback: 0.12831
Received=	0.03085
Feedback: 0.28944
Received=	0.033988
Feedback: 0.28802
Received=	-0.18696
Feedback: 0.38838
Received=	-0.022276
Feedback: 0.31357
Received=	0.16354
Feedback: 0.22917
Received=	0.48321
Feedback: 0.1
Received=	0.28296
Feedback: 0.17492
Received=	0.016986
Feedback: 0.29574
Received=	0.3784
Feedback: 0.13157
Received=	0.12946
Feedback: 0.24465
Received=	-0.069737
Feedback: 0.33513
Received=	0.14012
Feedback: 0.2398
Received=	0.48354
Feedback: 0.1
Received=	0.26673
Feedback: 0.18229
Received=	-0.40467
Feedback: 0.48727
Received=	-0.04225
Feedback: 0.32265
Received=	0.11769
Feedback: 0.24999
Received=	0.5676
Feedback: 0.1
Received=	0.47507
Feedback: 0.1
Received=	0.53169
Feedback: 0.1
Received=	0.15784
Feedback: 0.23176
Received=	0.61031
Feedback: 0.1
Received=	0.51701
Feedback: 0.1
Received=	0.15482
Feedback: 0.23313
Received=	0.031431
Feedback: 0.28918
Received=	0.25477
Feedback: 0.18773
Calculated range:	[(-2.000000) - (2.000000)]
Success index = (1.662822)
closing...
