Direction=-1.000000	; step=1.000000;
Received=	0
Feedback: 0.66
Received=	0
Feedback: 0.66
Received=	0
Feedback: 0.66
Received=	0.49872
Feedback: 0.66
Received=	0.34579
Feedback: 0.66
Received=	0.2561
Feedback: 0.66
Received=	0.26254
Feedback: 0.66
Received=	0.24098
Feedback: 0.66
Received=	0.40687
Feedback: 0.66
Received=	0.50363
Feedback: 0.66
Received=	0.20339
Feedback: 0.66
Received=	-0.10622
Feedback: 0.66
Received=	-0.159
Feedback: 0.66
Received=	-0.092598
Feedback: 0.66
Received=	-0.049339
Feedback: 0.66
Received=	0.013984
Feedback: 0.66
Received=	0.10429
Feedback: 0.66
Received=	0.41673
Feedback: 0.66
Received=	0.71499
Feedback: 0.66
Received=	0.51497
Feedback: 0.66
Received=	0.35566
=====  13:34:28 - NF  ============
Feedback: 0.39873
Received=	0.51219
Feedback: 0.27606
Received=	0.47391
Feedback: 0.30606
Received=	0.41802
Feedback: 0.34986
Received=	0.28985
Feedback: 0.45031
Received=	0.32609
Feedback: 0.4219
Received=	0.18765
Feedback: 0.53039
Received=	0.097269
Feedback: 0.60122
Received=	0.21755
Feedback: 0.50696
Received=	0.31087
Feedback: 0.43383
Received=	0.34545
Feedback: 0.40673
Received=	0.14482
Feedback: 0.56396
Received=	0.17839
Feedback: 0.53765
Received=	0.092645
Feedback: 0.60485
Received=	0.13972
Feedback: 0.56795
Received=	0.28729
Feedback: 0.45231
Received=	0.31029
Feedback: 0.43429
Received=	0.44757
Feedback: 0.3267
Received=	0.5074
Feedback: 0.27981
Received=	0.10949
Feedback: 0.59165
Received=	0.1073
Feedback: 0.59336
Received=	0.28029
Feedback: 0.4578
Received=	0.379
Feedback: 0.38043
Received=	0.40616
Feedback: 0.35915
Received=	0.66478
Feedback: 0.15648
Received=	1.0116
Feedback: 0.1
Received=	0.61738
Feedback: 0.19363
Received=	0.36877
Feedback: 0.38845
Received=	0.49204
Feedback: 0.29185
Received=	0.31033
Feedback: 0.43425
Received=	0.082797
Feedback: 0.61257
Received=	0.24752
Feedback: 0.48348
Received=	0.3144
Feedback: 0.43106
Received=	0.40048
Feedback: 0.3636
Received=	0.43113
Feedback: 0.33959
Received=	0.2703
Feedback: 0.46562
Received=	0.39316
Feedback: 0.36934
Received=	0.45481
Feedback: 0.32103
Received=	0.39134
Feedback: 0.37076
Received=	0.21495
Feedback: 0.509
Received=	0.43074
Feedback: 0.33989
Received=	0.53397
Feedback: 0.25899
Received=	0.1968
Feedback: 0.52323
Received=	0.093593
Feedback: 0.6041
Received=	0.34168
Feedback: 0.40968
Received=	0.45364
Feedback: 0.32194
Received=	0.3971
Feedback: 0.36625
Received=	0.36583
Feedback: 0.39076
Received=	0.30884
Feedback: 0.43542
Received=	0.18972
Feedback: 0.52877
Received=	0.32786
Feedback: 0.42052
Received=	0.60665
Feedback: 0.20204
Received=	0.46469
Feedback: 0.31328
Received=	0.17861
Feedback: 0.53748
Received=	0.16922
Feedback: 0.54484
Received=	0.38572
Feedback: 0.37517
Received=	0.53557
Feedback: 0.25774
Received=	0.52493
Feedback: 0.26607
Received=	0.31357
Feedback: 0.43172
Received=	0.47447
Feedback: 0.30562
Calculated range:	[(-2.000000) - (2.000000)]
Success index = (0.646727)
Received=	0.24385
=====  13:37:28 - BASE  ============
Feedback: 0.66
Received=	0.36475
Feedback: 0.66
Received=	0.61362
Feedback: 0.66
Received=	0.3698
Feedback: 0.66
Received=	0.25407
Feedback: 0.66
Received=	0.13606
Feedback: 0.66
Received=	0.46323
Feedback: 0.66
Received=	0.81951
Feedback: 0.66
Received=	0.49472
Feedback: 0.66
Received=	0.30539
Feedback: 0.66
Received=	0.11542
Feedback: 0.66
Received=	0.096945
Feedback: 0.66
Received=	0.19131
Feedback: 0.66
Received=	-0.037589
Feedback: 0.66
Received=	0.090103
Feedback: 0.66
Received=	0.22217
Feedback: 0.66
Received=	0.59119
Feedback: 0.66
Received=	0.42445
Feedback: 0.66
Received=	0.34952
Feedback: 0.66
Received=	0.56633
Feedback: 0.66
Received=	0.71759
=====  13:38:28 - NF  ============
Feedback: 0.16293
Received=	0.58589
Feedback: 0.27958
Received=	0.47418
Feedback: 0.37852
Received=	0.3618
Feedback: 0.47804
Received=	0.62614
Feedback: 0.24393
Received=	0.41716
Feedback: 0.42902
Received=	0.15443
Feedback: 0.66171
Received=	0.29262
Feedback: 0.53932
Received=	0.55075
Feedback: 0.3107
Received=	0.62505
Feedback: 0.24489
Received=	0.26013
Feedback: 0.5681
Received=	0.53458
Feedback: 0.32502
Received=	0.74524
Feedback: 0.13845
Received=	0.74518
Feedback: 0.1385
Received=	0.43749
Feedback: 0.41101
Received=	0.40206
Feedback: 0.44239
Received=	0.060264
Feedback: 0.74511
Received=	0.45593
Feedback: 0.39468
Received=	0.080373
Feedback: 0.7273
Received=	-0.061752
Feedback: 0.85318
Received=	0.324
Feedback: 0.51152
Received=	0.51402
Feedback: 0.34323
Received=	-0.076978
Feedback: 0.86666
Received=	-0.15914
Feedback: 0.9
Received=	0.30558
Feedback: 0.52784
Received=	0.4046
Feedback: 0.44014
Received=	0.25722
Feedback: 0.57067
Received=	0.093789
Feedback: 0.71542
Received=	0.18972
Feedback: 0.63046
Received=	0.21016
Feedback: 0.61235
Received=	0.082985
Feedback: 0.72499
Received=	0.60205
Feedback: 0.26527
Received=	0.51283
Feedback: 0.34429
Received=	0.0037164
Feedback: 0.79519
Received=	0.035722
Feedback: 0.76685
Received=	0.19164
Feedback: 0.62876
Received=	0.90827
Feedback: 0.1
Received=	0.37626
Feedback: 0.46525
Received=	-0.27736
Feedback: 0.9
Received=	0.32401
Feedback: 0.51151
Received=	0.75419
Feedback: 0.13052
Received=	0.1858
Feedback: 0.63393
Received=	-0.14068
Feedback: 0.9
Received=	0.12506
Feedback: 0.68772
Received=	0.83681
Feedback: 0.1
Received=	0.64196
Feedback: 0.22991
Received=	0.19595
Feedback: 0.62494
Received=	0.31015
Feedback: 0.5238
Received=	0.14078
Feedback: 0.6738
Received=	0.70872
Feedback: 0.17079
Received=	0.72468
Feedback: 0.15666
Received=	0.55739
Feedback: 0.30482
Received=	0.40902
Feedback: 0.43623
Received=	0.28957
Feedback: 0.54202
Received=	0.5102
Feedback: 0.34661
Received=	0.20581
Feedback: 0.61621
Received=	-0.023596
Feedback: 0.81938
Received=	0.20454
Feedback: 0.61733
Received=	0.29079
Feedback: 0.54094
Received=	0.54169
Feedback: 0.31873
Calculated range:	[(-2.000000) - (2.000000)]
Success index = (0.034428)
Received=	0.67631
=====  13:41:28 - BASE  ============
Feedback: 0.66
Received=	0.76584
Feedback: 0.66
Received=	0.51118
Feedback: 0.66
Received=	0.61967
Feedback: 0.66
Received=	0.58419
Feedback: 0.66
Received=	0.61237
Feedback: 0.66
Received=	0.92699
Feedback: 0.66
Received=	0.55379
Feedback: 0.66
Received=	0.36641
Feedback: 0.66
Received=	0.38192
Feedback: 0.66
Received=	0.33514
Feedback: 0.66
Received=	0.347
Feedback: 0.66
Received=	0.27093
Feedback: 0.66
Received=	0.69283
Feedback: 0.66
Received=	0.4129
Feedback: 0.66
Received=	0.21228
Feedback: 0.66
Received=	0.39641
Feedback: 0.66
Received=	0.81701
Feedback: 0.66
Received=	0.72792
Feedback: 0.66
Received=	0.42099
Feedback: 0.66
Received=	0.74445
=====  13:42:28 - NF  ============
Feedback: 0.26062
Received=	0.89988
Feedback: 0.10154
Received=	0.57001
Feedback: 0.43915
Received=	0.098806
Feedback: 0.9
Received=	0.48417
Feedback: 0.527
Received=	0.37056
Feedback: 0.64327
Received=	0.373
Feedback: 0.64077
Received=	0.19859
Feedback: 0.81928
Received=	0.27753
Feedback: 0.73848
Received=	0.5647
Feedback: 0.44458
Received=	0.76449
Feedback: 0.2401
Received=	0.87817
Feedback: 0.12376
Received=	0.7461
Feedback: 0.25892
Received=	1.104
Feedback: 0.1
Received=	0.79041
Feedback: 0.21358
Received=	0.082942
Feedback: 0.9
Received=	0.054706
Feedback: 0.9
Received=	0.18626
Feedback: 0.8319
Received=	0.21567
Feedback: 0.80179
Received=	-0.20791
Feedback: 0.9
Received=	-0.065673
Feedback: 0.9
Received=	-0.033232
Feedback: 0.9
Received=	0.41424
Feedback: 0.59857
Received=	0.034602
Feedback: 0.9
Received=	0.61954
Feedback: 0.38846
Received=	1.1361
Feedback: 0.1
Received=	1.4325
Feedback: 0.1
Received=	0.90986
Feedback: 0.1
Received=	0.4736
Feedback: 0.53782
Received=	0.3548
Feedback: 0.6594
Received=	0.59708
Feedback: 0.41145
Received=	0.38218
Feedback: 0.63138
Received=	0.28276
Feedback: 0.73314
Received=	0.65216
Feedback: 0.35507
Received=	0.27608
Feedback: 0.73997
Received=	0.61119
Feedback: 0.397
Received=	0.5361
Feedback: 0.47385
Received=	0.15224
Feedback: 0.86672
Received=	0.57317
Feedback: 0.43591
Received=	0.72854
Feedback: 0.2769
Received=	0.45303
Feedback: 0.55887
Received=	0.64531
Feedback: 0.36208
Received=	0.73371
Feedback: 0.27161
Received=	0.36654
Feedback: 0.64739
Received=	0.24109
Feedback: 0.77578
Received=	0.19435
Feedback: 0.82361
Received=	0.37207
Feedback: 0.64173
Received=	0.46002
Feedback: 0.55171
Received=	0.97655
Feedback: 0.1
Received=	0.9648
Feedback: 0.1
Received=	0.42809
Feedback: 0.58439
Received=	0.21541
Feedback: 0.80206
Received=	0.68027
Feedback: 0.3263
Received=	0.76164
Feedback: 0.24302
Received=	0.22462
Feedback: 0.79264
Received=	0.22828
Feedback: 0.78889
Received=	0.51855
Feedback: 0.49181
Received=	0.99535
Feedback: 0.1
Received=	0.64913
Feedback: 0.35817
Received=	0.55435
Feedback: 0.45517
Calculated range:	[(-2.000000) - (2.000000)]
Success index = (-0.039649)
Received=	0.3718
=====  13:45:28 - BASE  ============
Feedback: 0.66
Received=	0.45614
Feedback: 0.66
Received=	0.19517
Feedback: 0.66
Received=	0.26055
Feedback: 0.66
Received=	0.67279
Feedback: 0.66
Received=	0.51513
Feedback: 0.66
Received=	1.0077
Feedback: 0.66
Received=	0.57584
Feedback: 0.66
Received=	0.364
Feedback: 0.66
Received=	0.42984
Feedback: 0.66
Received=	0.35422
Feedback: 0.66
Received=	0.1856
Feedback: 0.66
Received=	0.75306
Feedback: 0.66
Received=	0.6582
Feedback: 0.66
Received=	0.28503
Feedback: 0.66
Received=	0.32364
Feedback: 0.66
Received=	0.31074
Feedback: 0.66
Received=	0.44047
Feedback: 0.66
Received=	0.52923
Feedback: 0.66
Received=	0.66609
Feedback: 0.66
Received=	0.93689
=====  13:46:28 - NF  ============
Feedback: 0.1
Received=	0.78314
Feedback: 0.21636
Received=	0.57017
Feedback: 0.41159
Received=	0.3018
Feedback: 0.65762
Received=	0.62625
Feedback: 0.36019
Received=	0.077434
Feedback: 0.8633
Received=	0.12793
Feedback: 0.81702
Received=	0.51066
Feedback: 0.46615
Received=	0.34459
Feedback: 0.6184
Received=	-0.11659
Feedback: 0.9
Received=	0.1988
Feedback: 0.75204
Received=	0.92646
Feedback: 0.1
Received=	0.75436
Feedback: 0.24275
Received=	0.22296
Feedback: 0.7299
Received=	0.58121
Feedback: 0.40148
Received=	0.19324
Feedback: 0.75714
Received=	0.38984
Feedback: 0.57691
Received=	0.73233
Feedback: 0.26294
Received=	1.1565
Feedback: 0.1
Received=	0.67087
Feedback: 0.31928
Received=	0.80803
Feedback: 0.19355
Received=	0.55416
Feedback: 0.42627
Received=	0.74975
Feedback: 0.24697
Received=	0.34733
Feedback: 0.61589
Received=	0.41696
Feedback: 0.55205
Received=	0.69332
Feedback: 0.2987
Received=	0.7632
Feedback: 0.23464
Received=	0.91262
Feedback: 0.1
Received=	0.95014
Feedback: 0.1
Received=	0.23079
Feedback: 0.72272
Received=	-0.12375
Feedback: 0.9
Received=	0.20219
Feedback: 0.74894
Received=	0.64524
Feedback: 0.34277
Received=	1.2486
Feedback: 0.1
Received=	0.74834
Feedback: 0.24827
Received=	0.50353
Feedback: 0.47269
Received=	0.59734
Feedback: 0.38669
Received=	0.57186
Feedback: 0.41005
Received=	0.65341
Feedback: 0.33529
Received=	0.37923
Feedback: 0.58664
Received=	-0.041707
Feedback: 0.9
Received=	0.097877
Feedback: 0.84456
Received=	0.10039
Feedback: 0.84226
Received=	-0.12252
Feedback: 0.9
Received=	0.32256
Feedback: 0.63859
Received=	0.65156
Feedback: 0.33698
Received=	0.69367
Feedback: 0.29838
Received=	0.45231
Feedback: 0.51964
Received=	0.95274
Feedback: 0.1
Received=	0.93864
Feedback: 0.1
Received=	0.73609
Feedback: 0.25949
Received=	0.45095
Feedback: 0.52089
Received=	0.25567
Feedback: 0.69991
Received=	0.33118
Feedback: 0.63069
Received=	0.16721
Feedback: 0.781
Received=	0.47645
Feedback: 0.49751
Received=	0.70694
Feedback: 0.28621
Received=	0.88941
Feedback: 0.11894
Received=	0.44809
Feedback: 0.52351
Received=	0.20157
Feedback: 0.74951
Calculated range:	[(-2.000000) - (2.000000)]
Success index = (0.119491)
Received=	0.66628
=====  13:49:28 - BASE  ============
Feedback: 0.66
Received=	1.0928
Feedback: 0.66
Received=	1.1905
Feedback: 0.66
Received=	0.63634
Feedback: 0.66
Received=	-0.0085819
Feedback: 0.66
Received=	0.01991
Feedback: 0.66
Received=	0.41365
Feedback: 0.66
Received=	0.42703
Feedback: 0.66
Received=	0.25581
Feedback: 0.66
Received=	0.65942
Feedback: 0.66
Received=	0.905
Feedback: 0.66
Received=	0.97779
Feedback: 0.66
Received=	0.54999
Feedback: 0.66
Received=	0.82545
Feedback: 0.66
Received=	0.51709
Feedback: 0.66
Received=	0.22744
Feedback: 0.66
Received=	0.39478
Feedback: 0.66
Received=	0.32929
Feedback: 0.66
Received=	0.63472
Feedback: 0.66
Received=	0.79277
Feedback: 0.66
Received=	0.46313
=====  13:50:28 - NF  ============
Feedback: 0.54862
Received=	0.72087
Feedback: 0.38889
Received=	0.47517
Feedback: 0.54116
Received=	0.51318
Feedback: 0.5176
Received=	-0.050632
Feedback: 0.867
Received=	0.076507
Feedback: 0.78821
Received=	0.73037
Feedback: 0.383
Received=	1.2163
Feedback: 0.1
Received=	0.98096
Feedback: 0.22771
Received=	0.42352
Feedback: 0.57317
Received=	0.44984
Feedback: 0.55685
Received=	0.27415
Feedback: 0.66573
Received=	0.8705
Feedback: 0.29617
Received=	0.66295
Feedback: 0.42478
Received=	0.40184
Feedback: 0.5866
Received=	0.22002
Feedback: 0.69928
Received=	0.42676
Feedback: 0.57116
Received=	1.0811
Feedback: 0.16568
Received=	0.61946
Feedback: 0.45174
Received=	0.21437
Feedback: 0.70277
Received=	0.2552
Feedback: 0.67747
Received=	0.60076
Feedback: 0.46333
Received=	0.60723
Feedback: 0.45932
Received=	0.61141
Feedback: 0.45672
Received=	0.31459
Feedback: 0.64067
Received=	0.075845
Feedback: 0.78862
Received=	0.077803
Feedback: 0.78741
Received=	0.10638
Feedback: 0.7697
Received=	0.29804
Feedback: 0.65092
Received=	0.13099
Feedback: 0.75445
Received=	0.18339
Feedback: 0.72197
Received=	0.31486
Feedback: 0.6405
Received=	0.60609
Feedback: 0.46002
Received=	0.39794
Feedback: 0.58901
Received=	0.16638
Feedback: 0.73251
Received=	0.12773
Feedback: 0.75647
Received=	1.1521
Feedback: 0.12163
Received=	0.79182
Feedback: 0.34493
Received=	0.15283
Feedback: 0.74091
Received=	0.21528
Feedback: 0.70221
Received=	0.27548
Feedback: 0.6649
Received=	0.6086
Feedback: 0.45847
Received=	0.87735
Feedback: 0.29192
Received=	0.47727
Feedback: 0.53985
Received=	0.56961
Feedback: 0.48263
Received=	0.37311
Feedback: 0.6044
Received=	0.47402
Feedback: 0.54187
Received=	0.50992
Feedback: 0.51962
Received=	0.68404
Feedback: 0.41172
Received=	0.69071
Feedback: 0.40758
Received=	0.42488
Feedback: 0.57232
Received=	0.38414
Feedback: 0.59757
Received=	0.088248
Feedback: 0.78093
Received=	0.084692
Feedback: 0.78314
Received=	0.41503
Feedback: 0.57842
Received=	0.83738
Feedback: 0.31669
Received=	1.0667
Feedback: 0.17458
Received=	0.41969
Feedback: 0.57554
Received=	0.12468
Feedback: 0.75836
Received=	0.44563
Feedback: 0.55946
Calculated range:	[(-2.000000) - (2.000000)]
Success index = (-0.259273)
closing...
