Direction=-1.000000	; step=1.000000;
Received=	0
Feedback: 0.66
Received=	0
Feedback: 0.66
Received=	0
Feedback: 0.66
Received=	0.063541
Feedback: 0.66
Received=	-0.1065
Feedback: 0.66
Received=	-0.1332
Feedback: 0.66
Received=	-0.16269
Feedback: 0.66
Received=	-0.24425
Feedback: 0.66
Received=	-0.37232
Feedback: 0.66
Received=	-0.6445
Feedback: 0.66
Received=	-0.60276
Feedback: 0.66
Received=	-0.57361
Feedback: 0.66
Received=	-0.27547
Feedback: 0.66
Received=	0.17313
Feedback: 0.66
Received=	0.66643
Feedback: 0.66
Received=	0.69123
Feedback: 0.66
Received=	0.35848
Feedback: 0.66
Received=	0.16538
Feedback: 0.66
Received=	0.36949
Feedback: 0.66
Received=	0.44614
Feedback: 0.66
Received=	0.47304
=====  12:57:58 - NF  ============
Feedback: 0.26536
Received=	0.39464
Feedback: 0.30344
Received=	0.034125
Feedback: 0.47853
Received=	0.016192
Feedback: 0.48724
Received=	0.042882
Feedback: 0.47428
Received=	0.041357
Feedback: 0.47502
Received=	0.024589
Feedback: 0.48316
Received=	0.043642
Feedback: 0.47391
Received=	0.12053
Feedback: 0.43657
Received=	0.18677
Feedback: 0.4044
Received=	0.35372
Feedback: 0.32331
Received=	0.14979
Feedback: 0.42236
Received=	-0.01534
Feedback: 0.50255
Received=	-0.059775
Feedback: 0.52413
Received=	0.057521
Feedback: 0.46717
Received=	-0.043422
Feedback: 0.51619
Received=	-0.10959
Feedback: 0.54833
Received=	-0.013452
Feedback: 0.50164
Received=	-0.022431
Feedback: 0.506
Received=	0.10624
Feedback: 0.44351
Received=	0.13995
Feedback: 0.42714
Received=	0.091822
Feedback: 0.45051
Received=	0.15876
Feedback: 0.418
Received=	0.35575
Feedback: 0.32233
Received=	0.36487
Feedback: 0.3179
Received=	0.11089
Feedback: 0.44125
Received=	0.099418
Feedback: 0.44682
Received=	0.23295
Feedback: 0.38197
Received=	0.36956
Feedback: 0.31562
Received=	0.32583
Feedback: 0.33686
Received=	0.21467
Feedback: 0.39085
Received=	0.21548
Feedback: 0.39045
Received=	0.21319
Feedback: 0.39157
Received=	0.031093
Feedback: 0.48
Received=	-0.091836
Feedback: 0.53971
Received=	-0.043056
Feedback: 0.51601
Received=	-0.02045
Feedback: 0.50504
Received=	0.21743
Feedback: 0.38951
Received=	0.1526
Feedback: 0.42099
Received=	0.12386
Feedback: 0.43495
Received=	0.085892
Feedback: 0.45339
Received=	0.24048
Feedback: 0.37831
Received=	0.066187
Feedback: 0.46296
Received=	0.02163
Feedback: 0.4846
Received=	0.25222
Feedback: 0.37261
Received=	0.33453
Feedback: 0.33263
Received=	-0.0056085
Feedback: 0.49783
Received=	-0.20566
Feedback: 0.59498
Received=	-0.026061
Feedback: 0.50776
Received=	-0.079648
Feedback: 0.53379
Received=	0.03093
Feedback: 0.48008
Received=	-0.093851
Feedback: 0.54068
Received=	-0.014847
Feedback: 0.50231
Received=	0.18814
Feedback: 0.40373
Received=	0.13168
Feedback: 0.43115
Received=	0.033575
Feedback: 0.4788
Received=	-0.066246
Feedback: 0.52728
Received=	-0.16512
Feedback: 0.5753
Received=	-0.038709
Feedback: 0.5139
Received=	0.37007
Feedback: 0.31537
Calculated range:	[(-2.000000) - (2.000000)]
Success index = (0.524381)
Received=	0.57125
=====  13:0:58 - BASE  ============
Feedback: 0.66
Received=	0.64702
Feedback: 0.66
Received=	0.52563
Feedback: 0.66
Received=	0.54352
Feedback: 0.66
Received=	0.55439
Feedback: 0.66
Received=	0.85068
Feedback: 0.66
Received=	1.0938
Feedback: 0.66
Received=	0.88885
Feedback: 0.66
Received=	0.72531
Feedback: 0.66
Received=	0.91836
Feedback: 0.66
Received=	0.71392
Feedback: 0.66
Received=	0.24357
Feedback: 0.66
Received=	0.41901
Feedback: 0.66
Received=	0.3008
Feedback: 0.66
Received=	0.12364
Feedback: 0.66
Received=	0.28169
Feedback: 0.66
Received=	0.39791
Feedback: 0.66
Received=	0.14976
Feedback: 0.66
Received=	-0.063459
Feedback: 0.66
Received=	-0.3331
Feedback: 0.66
Received=	-0.22733
=====  13:1:58 - NF  ============
Feedback: 0.87333
Received=	-0.19916
Feedback: 0.8581
Received=	0.1031
Feedback: 0.69464
Received=	0.2965
Feedback: 0.59005
Received=	0.21656
Feedback: 0.63328
Received=	0.094435
Feedback: 0.69932
Received=	0.0080797
Feedback: 0.74602
Received=	-0.09736
Feedback: 0.80305
Received=	-0.1024
Feedback: 0.80577
Received=	-0.18091
Feedback: 0.84823
Received=	-0.14627
Feedback: 0.8295
Received=	0.34163
Feedback: 0.56565
Received=	0.39475
Feedback: 0.53692
Received=	-0.0083463
Feedback: 0.75491
Received=	-0.1555
Feedback: 0.83449
Received=	-0.13697
Feedback: 0.82446
Received=	-0.040672
Feedback: 0.77239
Received=	0.066966
Feedback: 0.71418
Received=	-0.16988
Feedback: 0.84227
Received=	-0.59474
Feedback: 0.9
Received=	-0.59126
Feedback: 0.9
Received=	-0.55501
Feedback: 0.9
Received=	-0.56297
Feedback: 0.9
Received=	-0.38718
Feedback: 0.9
Received=	-0.35773
Feedback: 0.9
Received=	-0.23833
Feedback: 0.87928
Received=	-0.18234
Feedback: 0.849
Received=	-0.20149
Feedback: 0.85936
Received=	-0.24096
Feedback: 0.8807
Received=	-0.43239
Feedback: 0.9
Received=	-0.23766
Feedback: 0.87892
Received=	0.030663
Feedback: 0.73381
Received=	0.43577
Feedback: 0.51473
Received=	0.55229
Feedback: 0.45172
Received=	0.42111
Feedback: 0.52266
Received=	0.20413
Feedback: 0.64
Received=	0.060601
Feedback: 0.71762
Received=	0.11364
Feedback: 0.68894
Received=	0.22573
Feedback: 0.62832
Received=	0.33203
Feedback: 0.57083
Received=	0.37363
Feedback: 0.54834
Received=	-0.02029
Feedback: 0.76137
Received=	0.051539
Feedback: 0.72252
Received=	0.3019
Feedback: 0.58713
Received=	0.34636
Feedback: 0.56309
Received=	0.27479
Feedback: 0.60179
Received=	0.15639
Feedback: 0.66582
Received=	0.032535
Feedback: 0.7328
Received=	0.11173
Feedback: 0.68997
Received=	0.33501
Feedback: 0.56923
Received=	-0.024714
Feedback: 0.76376
Received=	-0.16542
Feedback: 0.83985
Received=	-0.17665
Feedback: 0.84592
Received=	-0.4565
Feedback: 0.9
Received=	-0.47934
Feedback: 0.9
Received=	-0.38967
Feedback: 0.9
Received=	-0.4647
Feedback: 0.9
Received=	-0.27722
Feedback: 0.9
Received=	0.013941
Feedback: 0.74286
Received=	0.10931
Feedback: 0.69128
Calculated range:	[(-2.627944) - (1.372056)]
Success index = (-1.627944)
Received=	0.5691
=====  13:4:58 - BASE  ============
Feedback: 0.66
Received=	0.57616
Feedback: 0.66
Received=	0.88421
Feedback: 0.66
Received=	0.99667
Feedback: 0.66
Received=	0.87348
Feedback: 0.66
Received=	0.6077
Feedback: 0.66
Received=	0.064442
Feedback: 0.66
Received=	-0.10485
Feedback: 0.66
Received=	0.071775
Feedback: 0.66
Received=	-0.21875
Feedback: 0.66
Received=	-0.56161
Feedback: 0.66
Received=	-0.61816
Feedback: 0.66
Received=	-0.53577
Feedback: 0.66
Received=	-0.41625
Feedback: 0.66
Received=	-0.40553
Feedback: 0.66
Received=	-0.20661
Feedback: 0.66
Received=	0.4072
Feedback: 0.66
Received=	0.7748
Feedback: 0.66
Received=	0.21634
Feedback: 0.66
Received=	-0.069143
Feedback: 0.66
Received=	0.15077
=====  13:5:58 - NF  ============
Feedback: 0.35484
Received=	0.72678
Feedback: 0.14213
Received=	0.61619
Feedback: 0.18296
Received=	0.41133
Feedback: 0.25862
Received=	0.34876
Feedback: 0.28172
Received=	0.33993
Feedback: 0.28499
Received=	0.23437
Feedback: 0.32397
Received=	0.18324
Feedback: 0.34285
Received=	0.062925
Feedback: 0.38728
Received=	-0.19858
Feedback: 0.48385
Received=	-0.42328
Feedback: 0.56683
Received=	-0.41036
Feedback: 0.56206
Received=	-0.17108
Feedback: 0.4737
Received=	0.23122
Feedback: 0.32513
Received=	0.47359
Feedback: 0.23563
Received=	0.39273
Feedback: 0.26549
Received=	0.21706
Feedback: 0.33036
Received=	-0.027133
Feedback: 0.42054
Received=	0.033348
Feedback: 0.3982
Received=	0.27724
Feedback: 0.30813
Received=	0.02172
Feedback: 0.4025
Received=	-0.19189
Feedback: 0.48138
Received=	-0.085562
Feedback: 0.44212
Received=	0.15914
Feedback: 0.35175
Received=	0.22474
Feedback: 0.32752
Received=	0.055634
Feedback: 0.38997
Received=	-0.087156
Feedback: 0.4427
Received=	-0.018612
Feedback: 0.41739
Received=	-0.074735
Feedback: 0.43812
Received=	0.082913
Feedback: 0.3799
Received=	0.10342
Feedback: 0.37232
Received=	0.1855
Feedback: 0.34201
Received=	0.11205
Feedback: 0.36914
Received=	0.11108
Feedback: 0.3695
Received=	0.2575
Feedback: 0.31543
Received=	0.41393
Feedback: 0.25766
Received=	0.58316
Feedback: 0.19516
Received=	0.44903
Feedback: 0.2447
Received=	0.19541
Feedback: 0.33836
Received=	-0.12672
Feedback: 0.45732
Received=	-0.00979
Feedback: 0.41413
Received=	0.13483
Feedback: 0.36073
Received=	0.12438
Feedback: 0.36458
Received=	0.046717
Feedback: 0.39327
Received=	-0.16397
Feedback: 0.47107
Received=	-0.18288
Feedback: 0.47805
Received=	-0.10651
Feedback: 0.44985
Received=	-0.077438
Feedback: 0.43912
Received=	-0.014115
Feedback: 0.41573
Received=	0.031421
Feedback: 0.39892
Received=	0.063168
Feedback: 0.38719
Received=	0.31915
Feedback: 0.29266
Received=	0.31326
Feedback: 0.29483
Received=	0.24835
Feedback: 0.3188
Received=	0.23603
Feedback: 0.32335
Received=	0.16963
Feedback: 0.34788
Received=	0.15539
Feedback: 0.35313
Received=	0.098489
Feedback: 0.37415
Received=	0.40184
Feedback: 0.26212
Received=	0.079737
Feedback: 0.38107
Calculated range:	[(-2.000000) - (2.000000)]
Success index = (0.101561)
Received=	0.37553
=====  13:8:58 - BASE  ============
Feedback: 0.66
Received=	0.67417
Feedback: 0.66
Received=	1.0074
Feedback: 0.66
Received=	0.9624
Feedback: 0.66
Received=	0.78638
Feedback: 0.66
Received=	0.26482
Feedback: 0.66
Received=	0.25415
Feedback: 0.66
Received=	0.49915
Feedback: 0.66
Received=	0.51752
Feedback: 0.66
Received=	0.5659
Feedback: 0.66
Received=	0.26694
Feedback: 0.66
Received=	0.25176
Feedback: 0.66
Received=	0.087037
Feedback: 0.66
Received=	0.076169
Feedback: 0.66
Received=	0.21516
Feedback: 0.66
Received=	0.50176
Feedback: 0.66
Received=	0.4052
Feedback: 0.66
Received=	0.38623
Feedback: 0.66
Received=	0.33849
Feedback: 0.66
Received=	0.031735
Feedback: 0.66
Received=	-0.17619
=====  13:9:58 - NF  ============
Feedback: 0.9
Received=	0.06409
Feedback: 0.74708
Received=	0.22235
Feedback: 0.63473
Received=	0.38498
Feedback: 0.51927
Received=	0.20117
Feedback: 0.64976
Received=	0.15678
Feedback: 0.68128
Received=	0.1023
Feedback: 0.71995
Received=	-0.00015904
Feedback: 0.79269
Received=	0.0074881
Feedback: 0.78726
Received=	0.16055
Feedback: 0.6786
Received=	0.29577
Feedback: 0.5826
Received=	0.43082
Feedback: 0.48673
Received=	0.45946
Feedback: 0.46639
Received=	0.27496
Feedback: 0.59737
Received=	0.16886
Feedback: 0.6727
Received=	0.37616
Feedback: 0.52553
Received=	0.39006
Feedback: 0.51566
Received=	0.3228
Feedback: 0.56341
Received=	0.29401
Feedback: 0.58385
Received=	0.3474
Feedback: 0.54595
Received=	0.16336
Feedback: 0.6766
Received=	0.033877
Feedback: 0.76853
Received=	-0.023744
Feedback: 0.80944
Received=	-0.038936
Feedback: 0.82022
Received=	0.1871
Feedback: 0.65975
Received=	0.2925
Feedback: 0.58493
Received=	0.18087
Feedback: 0.66417
Received=	-0.049411
Feedback: 0.82766
Received=	-0.20829
Feedback: 0.9
Received=	-0.06604
Feedback: 0.83946
Received=	-0.082152
Feedback: 0.8509
Received=	-0.093616
Feedback: 0.85904
Received=	-0.024831
Feedback: 0.81021
Received=	0.080434
Feedback: 0.73548
Received=	-0.069332
Feedback: 0.8418
Received=	0.056913
Feedback: 0.75217
Received=	0.35782
Feedback: 0.53855
Received=	0.53242
Feedback: 0.41459
Received=	0.86657
Feedback: 0.17737
Received=	0.88146
Feedback: 0.1668
Received=	0.68179
Feedback: 0.30855
Received=	0.37391
Feedback: 0.52713
Received=	0.32913
Feedback: 0.55892
Received=	0.16789
Feedback: 0.67339
Received=	0.11134
Feedback: 0.71354
Received=	0.52474
Feedback: 0.42005
Received=	0.57692
Feedback: 0.383
Received=	0.52361
Feedback: 0.42085
Received=	0.44688
Feedback: 0.47532
Received=	0.60917
Feedback: 0.36011
Received=	0.29119
Feedback: 0.58586
Received=	-0.068362
Feedback: 0.84111
Received=	-0.014145
Feedback: 0.80262
Received=	0.33957
Feedback: 0.5515
Received=	0.45245
Feedback: 0.47137
Received=	0.13011
Feedback: 0.70021
Received=	0.044928
Feedback: 0.76068
Received=	-0.031417
Feedback: 0.81488
Received=	-0.11102
Feedback: 0.8714
Received=	0.17374
Feedback: 0.66924
Calculated range:	[(-2.000000) - (2.000000)]
Success index = (-0.766567)
Received=	0.32413
=====  13:12:58 - BASE  ============
Feedback: 0.66
Received=	0.44882
Feedback: 0.66
Received=	0.61813
Feedback: 0.66
Received=	0.78415
Feedback: 0.66
Received=	0.57226
Feedback: 0.66
Received=	0.14029
Feedback: 0.66
Received=	0.14047
Feedback: 0.66
Received=	-0.19332
Feedback: 0.66
Received=	-0.27302
Feedback: 0.66
Received=	-0.17242
Feedback: 0.66
Received=	0.35084
Feedback: 0.66
Received=	0.40146
Feedback: 0.66
Received=	0.14265
Feedback: 0.66
Received=	-0.0014266
Feedback: 0.66
Received=	0.034673
Feedback: 0.66
Received=	0.076385
Feedback: 0.66
Received=	-0.12429
Feedback: 0.66
Received=	-0.26054
Feedback: 0.66
Received=	-0.58148
Feedback: 0.66
Received=	-0.68687
Feedback: 0.66
Received=	-0.40855
=====  13:13:58 - NF  ============
Feedback: 0.73383
Received=	0.24022
Feedback: 0.4057
Received=	0.52633
Feedback: 0.261
Received=	0.6916
Feedback: 0.17741
Received=	0.55931
Feedback: 0.24432
Received=	0.1664
Feedback: 0.44304
Received=	0.3268
Feedback: 0.36191
Received=	0.52618
Feedback: 0.26107
Received=	0.5209
Feedback: 0.26374
Received=	0.2221
Feedback: 0.41487
Received=	-0.03698
Feedback: 0.5459
Received=	-0.024222
Feedback: 0.53945
Received=	0.20542
Feedback: 0.4233
Received=	0.054694
Feedback: 0.49953
Received=	-0.27552
Feedback: 0.66655
Received=	-0.36068
Feedback: 0.70962
Received=	-0.11093
Feedback: 0.5833
Received=	-0.08784
Feedback: 0.57162
Received=	0.070797
Feedback: 0.49139
Received=	0.090991
Feedback: 0.48118
Received=	0.086528
Feedback: 0.48343
Received=	0.016727
Feedback: 0.51874
Received=	-0.056479
Feedback: 0.55576
Received=	-0.16822
Feedback: 0.61228
Received=	0.11572
Feedback: 0.46867
Received=	0.12928
Feedback: 0.46181
Received=	0.3707
Feedback: 0.33971
Received=	0.88999
Feedback: 0.1
Received=	0.88154
Feedback: 0.1
Received=	0.53942
Feedback: 0.25438
Received=	0.22513
Feedback: 0.41333
Received=	0.22827
Feedback: 0.41175
Received=	0.24156
Feedback: 0.40503
Received=	0.14974
Feedback: 0.45147
Received=	0.45473
Feedback: 0.29721
Received=	0.43364
Feedback: 0.30788
Received=	0.25003
Feedback: 0.40074
Received=	-0.086165
Feedback: 0.57078
Received=	-0.10634
Feedback: 0.58098
Received=	0.60395
Feedback: 0.22174
Received=	0.81458
Feedback: 0.11521
Received=	0.42881
Feedback: 0.31032
Received=	-0.057937
Feedback: 0.5565
Received=	0.11066
Feedback: 0.47123
Received=	-0.12573
Feedback: 0.59078
Received=	-0.34672
Feedback: 0.70255
Received=	-0.11107
Feedback: 0.58337
Received=	0.18492
Feedback: 0.43367
Received=	0.29292
Feedback: 0.37905
Received=	0.23171
Feedback: 0.41001
Received=	0.041732
Feedback: 0.50609
Received=	-0.060734
Feedback: 0.55791
Received=	0.18974
Feedback: 0.43123
Received=	0.049332
Feedback: 0.50225
Received=	0.064424
Feedback: 0.49461
Received=	0.054114
Feedback: 0.49983
Received=	0.066109
Feedback: 0.49376
Received=	0.14406
Feedback: 0.45434
Received=	0.28122
Feedback: 0.38497
Received=	0.63311
Feedback: 0.20699
Calculated range:	[(-2.000000) - (2.000000)]
Success index = (0.406274)
closing...
