Direction=-1.000000	; step=1.000000;
Received=	0
Feedback: 0.66
Received=	0
Feedback: 0.66
Received=	0
Feedback: 0.66
Received=	0.094272
Feedback: 0.66
Received=	-0.17333
Feedback: 0.66
Received=	0.023088
Feedback: 0.66
Received=	0.13228
Feedback: 0.66
Received=	-0.10313
Feedback: 0.66
Received=	-0.069152
Feedback: 0.66
Received=	0.064581
Feedback: 0.66
Received=	0.34688
Feedback: 0.66
Received=	0.1548
Feedback: 0.66
Received=	-0.14467
Feedback: 0.66
Received=	-0.1738
Feedback: 0.66
Received=	-0.17758
Feedback: 0.66
Received=	-0.25034
Feedback: 0.66
Received=	-0.1308
Feedback: 0.66
Received=	0.15567
Feedback: 0.66
Received=	0.13476
Feedback: 0.66
Received=	-0.096002
Feedback: 0.66
Received=	-0.23518
=====  12:22:32 - NF  ============
Feedback: 0.78012
Received=	-0.24703
Feedback: 0.79499
Received=	-0.23709
Feedback: 0.78252
Received=	-0.12686
Feedback: 0.64429
Received=	-0.24224
Feedback: 0.78898
Received=	-0.26473
Feedback: 0.81719
Received=	-0.32183
Feedback: 0.88879
Received=	-0.29795
Feedback: 0.85885
Received=	-0.2661
Feedback: 0.8189
Received=	-0.13447
Feedback: 0.65383
Received=	-0.14922
Feedback: 0.67233
Received=	-0.27851
Feedback: 0.83446
Received=	-0.24692
Feedback: 0.79485
Received=	-0.25982
Feedback: 0.81103
Received=	-0.23059
Feedback: 0.77437
Received=	-0.16077
Feedback: 0.68681
Received=	-0.13828
Feedback: 0.65861
Received=	-0.19195
Feedback: 0.72592
Received=	-0.16544
Feedback: 0.69267
Received=	-0.099511
Feedback: 0.60999
Received=	-0.026765
Feedback: 0.51876
Received=	-0.11728
Feedback: 0.63227
Received=	-0.079719
Feedback: 0.58517
Received=	0.016763
Feedback: 0.46417
Received=	-0.029785
Feedback: 0.52255
Received=	0.10278
Feedback: 0.3563
Received=	0.033115
Feedback: 0.44367
Received=	-0.083393
Feedback: 0.58978
Received=	-0.1074
Feedback: 0.61988
Received=	-0.056085
Feedback: 0.55553
Received=	-0.10908
Feedback: 0.62199
Received=	-0.19494
Feedback: 0.72966
Received=	-0.11347
Feedback: 0.62749
Received=	0.043532
Feedback: 0.4306
Received=	0.1566
Feedback: 0.28881
Received=	0.0049409
Feedback: 0.479
Received=	-0.084813
Feedback: 0.59156
Received=	-0.1021
Feedback: 0.61323
Received=	-0.092973
Feedback: 0.60179
Received=	-0.072255
Feedback: 0.57581
Received=	-0.1452
Feedback: 0.66729
Received=	-0.18589
Feedback: 0.71832
Received=	-0.25001
Feedback: 0.79872
Received=	-0.27529
Feedback: 0.83043
Received=	-0.1517
Feedback: 0.67544
Received=	-0.10766
Feedback: 0.62021
Received=	-0.10422
Feedback: 0.6159
Received=	-0.095534
Feedback: 0.605
Received=	-0.16187
Feedback: 0.68819
Received=	-0.036456
Feedback: 0.53091
Received=	-0.12194
Feedback: 0.63812
Received=	-0.046218
Feedback: 0.54316
Received=	-0.18372
Feedback: 0.71559
Received=	-0.18814
Feedback: 0.72114
Received=	-0.1201
Feedback: 0.63581
Received=	-0.076207
Feedback: 0.58076
Received=	-0.096873
Feedback: 0.60668
Received=	-0.17285
Feedback: 0.70196
Received=	-0.20855
Feedback: 0.74673
Received=	-0.064103
Feedback: 0.56559
Calculated range:	[(-2.075945) - (1.924055)]
Success index = (-1.075945)
Received=	0.3109
=====  12:25:32 - BASE  ============
Feedback: 0.66
Received=	0.63634
Feedback: 0.66
Received=	0.35252
Feedback: 0.66
Received=	-0.034815
Feedback: 0.66
Received=	0.089127
Feedback: 0.66
Received=	0.19347
Feedback: 0.66
Received=	0.29179
Feedback: 0.66
Received=	0.24683
Feedback: 0.66
Received=	0.11759
Feedback: 0.66
Received=	0.32222
Feedback: 0.66
Received=	0.3018
Feedback: 0.66
Received=	0.14312
Feedback: 0.66
Received=	-0.028421
Feedback: 0.66
Received=	0.13818
Feedback: 0.66
Received=	0.5801
Feedback: 0.66
Received=	0.71102
Feedback: 0.66
Received=	0.5002
Feedback: 0.66
Received=	0.38241
Feedback: 0.66
Received=	0.43425
Feedback: 0.66
Received=	0.16693
Feedback: 0.66
Received=	0.1774
=====  12:26:32 - NF  ============
Feedback: 0.57992
Received=	0.34809
Feedback: 0.40954
Received=	0.17739
Feedback: 0.57992
Received=	-0.076195
Feedback: 0.83304
Received=	-0.12502
Feedback: 0.88177
Received=	-0.010276
Feedback: 0.76724
Received=	-0.015989
Feedback: 0.77294
Received=	-0.12777
Feedback: 0.88451
Received=	-0.076029
Feedback: 0.83287
Received=	-0.094695
Feedback: 0.8515
Received=	-0.12095
Feedback: 0.8777
Received=	-0.039433
Feedback: 0.79634
Received=	-0.019067
Feedback: 0.77601
Received=	-0.18401
Feedback: 0.9
Received=	-0.099544
Feedback: 0.85634
Received=	-0.01694
Feedback: 0.77389
Received=	-0.05146
Feedback: 0.80835
Received=	-0.10758
Feedback: 0.86436
Received=	-0.01517
Feedback: 0.77213
Received=	-0.00080804
Feedback: 0.75779
Received=	-0.054559
Feedback: 0.81144
Received=	-0.13094
Feedback: 0.88767
Received=	-0.17914
Feedback: 0.9
Received=	0.034778
Feedback: 0.72227
Received=	-0.0095615
Feedback: 0.76653
Received=	-0.18712
Feedback: 0.9
Received=	-0.11207
Feedback: 0.86884
Received=	0.036761
Feedback: 0.72029
Received=	0.038813
Feedback: 0.71824
Received=	-0.039105
Feedback: 0.79601
Received=	-0.020045
Feedback: 0.77699
Received=	-0.090211
Feedback: 0.84702
Received=	-0.12283
Feedback: 0.87958
Received=	0.10634
Feedback: 0.65084
Received=	0.011899
Feedback: 0.74511
Received=	0.018739
Feedback: 0.73828
Received=	-0.010542
Feedback: 0.76751
Received=	-0.045677
Feedback: 0.80257
Received=	0.070414
Feedback: 0.6867
Received=	0.024986
Feedback: 0.73204
Received=	-0.079159
Feedback: 0.83599
Received=	-0.1863
Feedback: 0.9
Received=	-0.19793
Feedback: 0.9
Received=	-0.013969
Feedback: 0.77093
Received=	-0.081656
Feedback: 0.83849
Received=	-0.093795
Feedback: 0.8506
Received=	-0.10561
Feedback: 0.86239
Received=	-0.13672
Feedback: 0.89344
Received=	-0.10071
Feedback: 0.8575
Received=	-0.094814
Feedback: 0.85162
Received=	-0.085267
Feedback: 0.84209
Received=	0.092581
Feedback: 0.66458
Received=	-0.030039
Feedback: 0.78697
Received=	-0.084994
Feedback: 0.84182
Received=	0.017439
Feedback: 0.73958
Received=	0.13605
Feedback: 0.62119
Received=	0.055632
Feedback: 0.70146
Received=	-0.045073
Feedback: 0.80197
Received=	-0.037572
Feedback: 0.79448
Received=	-0.093667
Feedback: 0.85047
Calculated range:	[(-3.545646) - (0.454354)]
Success index = (-2.545646)
Received=	0.096544
=====  12:29:32 - BASE  ============
Feedback: 0.66
Received=	0.35102
Feedback: 0.66
Received=	0.38041
Feedback: 0.66
Received=	0.25493
Feedback: 0.66
Received=	0.047032
Feedback: 0.66
Received=	0.19557
Feedback: 0.66
Received=	0.26497
Feedback: 0.66
Received=	0.43833
Feedback: 0.66
Received=	0.5488
Feedback: 0.66
Received=	0.55044
Feedback: 0.66
Received=	0.4521
Feedback: 0.66
Received=	0.28253
Feedback: 0.66
Received=	0.085672
Feedback: 0.66
Received=	0.069512
Feedback: 0.66
Received=	0.33002
Feedback: 0.66
Received=	0.56509
Feedback: 0.66
Received=	0.32138
Feedback: 0.66
Received=	0.14842
Feedback: 0.66
Received=	0.20648
Feedback: 0.66
Received=	0.15426
Feedback: 0.66
Received=	0.134
=====  12:30:32 - NF  ============
Feedback: 0.3826
Received=	0.18596
Feedback: 0.32042
Received=	0.061771
Feedback: 0.46903
Received=	-0.1801
Feedback: 0.75847
Received=	-0.25588
Feedback: 0.84914
Received=	-0.2586
Feedback: 0.8524
Received=	-0.18593
Feedback: 0.76544
Received=	-0.19265
Feedback: 0.77348
Received=	-0.11084
Feedback: 0.67558
Received=	-0.032612
Feedback: 0.58197
Received=	0.038316
Feedback: 0.4971
Received=	-0.026326
Feedback: 0.57445
Received=	-0.11846
Feedback: 0.6847
Received=	-0.13541
Feedback: 0.70499
Received=	-0.12373
Feedback: 0.69101
Received=	-0.071263
Feedback: 0.62822
Received=	0.027444
Feedback: 0.51011
Received=	-0.065872
Feedback: 0.62177
Received=	-0.08983
Feedback: 0.65044
Received=	-0.024625
Feedback: 0.57241
Received=	-0.031193
Feedback: 0.58027
Received=	-0.0020497
Feedback: 0.5454
Received=	0.088026
Feedback: 0.43761
Received=	-0.084122
Feedback: 0.64361
Received=	-0.22244
Feedback: 0.80913
Received=	-0.22324
Feedback: 0.81009
Received=	0.14116
Feedback: 0.37403
Received=	0.042489
Feedback: 0.4921
Received=	-0.10847
Feedback: 0.67275
Received=	-0.14677
Feedback: 0.71858
Received=	-0.022667
Feedback: 0.57007
Received=	-0.042745
Feedback: 0.5941
Received=	-0.076356
Feedback: 0.63432
Received=	0.15234
Feedback: 0.36065
Received=	0.020587
Feedback: 0.51831
Received=	-0.15957
Feedback: 0.7339
Received=	-0.1461
Feedback: 0.71778
Received=	-0.096826
Feedback: 0.65881
Received=	-0.075426
Feedback: 0.6332
Received=	0.0021977
Feedback: 0.54032
Received=	0.016856
Feedback: 0.52278
Received=	-0.092819
Feedback: 0.65402
Received=	-0.15941
Feedback: 0.7337
Received=	-0.052265
Feedback: 0.60549
Received=	0.068675
Feedback: 0.46077
Received=	0.019926
Feedback: 0.5191
Received=	0.11627
Feedback: 0.40381
Received=	0.11958
Feedback: 0.39985
Received=	-0.13128
Feedback: 0.70005
Received=	-0.15486
Feedback: 0.72826
Received=	-0.15116
Feedback: 0.72383
Received=	-0.089584
Feedback: 0.65015
Received=	-0.030008
Feedback: 0.57886
Received=	0.21656
Feedback: 0.28381
Received=	0.12553
Feedback: 0.39273
Received=	0.030403
Feedback: 0.50656
Received=	0.24694
Feedback: 0.24745
Received=	0.15565
Feedback: 0.35669
Received=	0.032117
Feedback: 0.50451
Received=	-0.046481
Feedback: 0.59857
Calculated range:	[(-3.519652) - (0.480348)]
Success index = (-2.519652)
Received=	-0.037017
=====  12:33:32 - BASE  ============
Feedback: 0.66
Received=	0.20677
Feedback: 0.66
Received=	0.23957
Feedback: 0.66
Received=	0.16808
Feedback: 0.66
Received=	0.24585
Feedback: 0.66
Received=	-0.0004362
Feedback: 0.66
Received=	-0.034016
Feedback: 0.66
Received=	0.31742
Feedback: 0.66
Received=	0.36092
Feedback: 0.66
Received=	0.20797
Feedback: 0.66
Received=	0.091074
Feedback: 0.66
Received=	0.31879
Feedback: 0.66
Received=	0.31511
Feedback: 0.66
Received=	0.13503
Feedback: 0.66
Received=	0.22922
Feedback: 0.66
Received=	0.7431
Feedback: 0.66
Received=	0.46229
Feedback: 0.66
Received=	0.21516
Feedback: 0.66
Received=	0.28814
Feedback: 0.66
Received=	0.36363
Feedback: 0.66
Received=	0.37183
=====  12:34:32 - NF  ============
Feedback: 0.1
Received=	0.21678
Feedback: 0.24471
Received=	-0.19895
Feedback: 0.72059
Received=	-0.29587
Feedback: 0.83153
Received=	-0.16093
Feedback: 0.67707
Received=	-0.13949
Feedback: 0.65252
Received=	-0.085338
Feedback: 0.59054
Received=	-0.0045671
Feedback: 0.49808
Received=	-0.045205
Feedback: 0.5446
Received=	-0.13114
Feedback: 0.64297
Received=	-0.047998
Feedback: 0.5478
Received=	0.018812
Feedback: 0.47132
Received=	-0.21484
Feedback: 0.73877
Received=	-0.19296
Feedback: 0.71373
Received=	-0.040767
Feedback: 0.53952
Received=	0.17342
Feedback: 0.29435
Received=	0.057376
Feedback: 0.42718
Received=	-0.10839
Feedback: 0.61693
Received=	-0.063255
Feedback: 0.56526
Received=	-0.20383
Feedback: 0.72618
Received=	-0.092284
Feedback: 0.59849
Received=	-0.060329
Feedback: 0.56191
Received=	0.045468
Feedback: 0.44081
Received=	0.074101
Feedback: 0.40803
Received=	0.19628
Feedback: 0.26818
Received=	0.034285
Feedback: 0.45361
Received=	-0.14102
Feedback: 0.65428
Received=	-0.15176
Feedback: 0.66658
Received=	-0.25141
Feedback: 0.78064
Received=	-0.14027
Feedback: 0.65342
Received=	0.064384
Feedback: 0.41916
Received=	0.071356
Feedback: 0.41117
Received=	-0.066882
Feedback: 0.56941
Received=	0.032515
Feedback: 0.45564
Received=	0.10442
Feedback: 0.37333
Received=	-0.01151
Feedback: 0.50603
Received=	-0.083748
Feedback: 0.58872
Received=	-0.047911
Feedback: 0.5477
Received=	-0.014583
Feedback: 0.50955
Received=	0.19832
Feedback: 0.26584
Received=	0.30036
Feedback: 0.14903
Received=	0.041731
Feedback: 0.44509
Received=	-0.097341
Feedback: 0.60428
Received=	-0.081657
Feedback: 0.58633
Received=	0.02809
Feedback: 0.4607
Received=	0.024429
Feedback: 0.46489
Received=	0.046916
Feedback: 0.43915
Received=	0.11325
Feedback: 0.36322
Received=	-0.023381
Feedback: 0.51962
Received=	-0.046376
Feedback: 0.54594
Received=	-0.11313
Feedback: 0.62236
Received=	0.14119
Feedback: 0.33124
Received=	0.19728
Feedback: 0.26703
Received=	0.11873
Feedback: 0.35694
Received=	0.27905
Feedback: 0.17342
Received=	0.41017
Feedback: 0.1
Received=	0.33793
Feedback: 0.10603
Received=	0.401
Feedback: 0.1
Received=	0.15418
Feedback: 0.31637
Received=	0.13595
Feedback: 0.33723
Calculated range:	[(-2.456083) - (1.543917)]
Success index = (-1.456083)
Received=	0.18644
=====  12:37:32 - BASE  ============
Feedback: 0.66
Received=	0.38623
Feedback: 0.66
Received=	0.20449
Feedback: 0.66
Received=	0.20165
Feedback: 0.66
Received=	0.38626
Feedback: 0.66
Received=	0.36971
Feedback: 0.66
Received=	0.55801
Feedback: 0.66
Received=	0.51338
Feedback: 0.66
Received=	0.43251
Feedback: 0.66
Received=	0.51989
Feedback: 0.66
Received=	0.49072
Feedback: 0.66
Received=	0.40159
Feedback: 0.66
Received=	0.1673
Feedback: 0.66
Received=	0.62651
Feedback: 0.66
Received=	0.67572
Feedback: 0.66
Received=	0.43207
Feedback: 0.66
Received=	0.33515
Feedback: 0.66
Received=	0.32589
Feedback: 0.66
Received=	0.39001
Feedback: 0.66
Received=	0.41628
Feedback: 0.66
Received=	0.067342
=====  12:38:32 - NF  ============
Feedback: 0.9
Received=	0.0023324
Feedback: 0.9
Received=	0.03157
Feedback: 0.9
Received=	0.16922
Feedback: 0.76013
Received=	-0.011467
Feedback: 0.9
Received=	-0.035148
Feedback: 0.9
Received=	-0.04281
Feedback: 0.9
Received=	0.041419
Feedback: 0.9
Received=	0.15388
Feedback: 0.78217
Received=	0.18662
Feedback: 0.73512
Received=	-0.027295
Feedback: 0.9
Received=	0.099424
Feedback: 0.86042
Received=	-0.048782
Feedback: 0.9
Received=	-0.0044336
Feedback: 0.9
Received=	0.023977
Feedback: 0.9
Received=	-0.10906
Feedback: 0.9
Received=	-0.032981
Feedback: 0.9
Received=	0.061883
Feedback: 0.9
Received=	-0.056941
Feedback: 0.9
Received=	-0.078384
Feedback: 0.9
Received=	-0.057365
Feedback: 0.9
Received=	-0.091303
Feedback: 0.9
Received=	0.05145
Feedback: 0.9
Received=	-0.042088
Feedback: 0.9
Received=	-0.032792
Feedback: 0.9
Received=	0.19141
Feedback: 0.72824
Received=	0.23142
Feedback: 0.67074
Received=	0.3693
Feedback: 0.47262
Received=	0.26833
Feedback: 0.61771
Received=	0.12351
Feedback: 0.82581
Received=	-0.061901
Feedback: 0.9
Received=	-0.085796
Feedback: 0.9
Received=	-0.13097
Feedback: 0.9
Received=	-0.078932
Feedback: 0.9
Received=	0.042273
Feedback: 0.9
Received=	0.031937
Feedback: 0.9
Received=	0.11007
Feedback: 0.84512
Received=	0.3475
Feedback: 0.50395
Received=	0.36828
Feedback: 0.47409
Received=	0.11751
Feedback: 0.83443
Received=	0.11667
Feedback: 0.83563
Received=	0.03549
Feedback: 0.9
Received=	0.22608
Feedback: 0.67842
Received=	0.18159
Feedback: 0.74235
Received=	0.056813
Feedback: 0.9
Received=	0.10861
Feedback: 0.84722
Received=	0.20276
Feedback: 0.71194
Received=	0.24624
Feedback: 0.64946
Received=	0.31017
Feedback: 0.55759
Received=	0.25143
Feedback: 0.64199
Received=	0.16572
Feedback: 0.76516
Received=	0.26813
Feedback: 0.618
Received=	0.14744
Feedback: 0.79143
Received=	0.04822
Feedback: 0.9
Received=	0.22129
Feedback: 0.6853
Received=	0.3566
Feedback: 0.49088
Received=	0.42951
Feedback: 0.38611
Received=	0.32611
Feedback: 0.53469
Received=	0.2949
Feedback: 0.57953
Received=	0.36496
Feedback: 0.47887
Calculated range:	[(-3.104925) - (0.895075)]
Success index = (-2.104925)
closing...
