Direction=-1.000000	; step=1.000000;
Received=	0
Feedback: 0.66
Received=	0
Feedback: 0.66
Received=	0
Feedback: 0.66
Received=	0.050404
Feedback: 0.66
Received=	-0.57099
Feedback: 0.66
Received=	-0.39101
Feedback: 0.66
Received=	-0.46929
Feedback: 0.66
Received=	-0.58689
Feedback: 0.66
Received=	-0.33572
Feedback: 0.66
Received=	-0.34757
Feedback: 0.66
Received=	-0.41582
Feedback: 0.66
Received=	-0.48837
Feedback: 0.66
Received=	-0.34384
Feedback: 0.66
Received=	-0.38843
Feedback: 0.66
Received=	-0.32462
Feedback: 0.66
Received=	-0.32304
Feedback: 0.66
Received=	-0.53258
Feedback: 0.66
Received=	-0.33528
Feedback: 0.66
Received=	-0.2234
Feedback: 0.66
Received=	-0.19335
Feedback: 0.66
Received=	-0.22401
=====  12:19:57 - NF  ============
Feedback: 0.35884
Received=	-0.098456
Feedback: 0.213
Received=	0.18923
Feedback: 0.1
Received=	0.00045388
Feedback: 0.1
Received=	-0.14691
Feedback: 0.26928
Received=	-0.1053
Feedback: 0.22095
Received=	-0.32105
Feedback: 0.47155
Received=	-0.337
Feedback: 0.49008
Received=	-0.31149
Feedback: 0.46045
Received=	-0.2987
Feedback: 0.44558
Received=	-0.36974
Feedback: 0.52811
Received=	-0.3484
Feedback: 0.50331
Received=	-0.16481
Feedback: 0.29007
Received=	-0.23176
Feedback: 0.36783
Received=	-0.18039
Feedback: 0.30817
Received=	-0.3091
Feedback: 0.45766
Received=	-0.35729
Feedback: 0.51364
Received=	-0.45315
Feedback: 0.62498
Received=	-0.48026
Feedback: 0.65647
Received=	-0.40865
Feedback: 0.5733
Received=	-0.37742
Feedback: 0.53702
Received=	-0.50053
Feedback: 0.68002
Received=	-0.40246
Feedback: 0.56611
Received=	0.081179
Feedback: 0.1
Received=	0.33882
Feedback: 0.1
Received=	0.2301
Feedback: 0.1
Received=	0.30403
Feedback: 0.1
Received=	0.053864
Feedback: 0.1
Received=	-0.20628
Feedback: 0.33824
Received=	-0.18684
Feedback: 0.31566
Received=	-0.29577
Feedback: 0.44219
Received=	-0.31504
Feedback: 0.46457
Received=	-0.16943
Feedback: 0.29544
Received=	0.013589
Feedback: 0.1
Received=	-0.18926
Feedback: 0.31848
Received=	-0.27472
Feedback: 0.41773
Received=	-0.2014
Feedback: 0.33257
Received=	-0.18026
Feedback: 0.30802
Received=	-0.2304
Feedback: 0.36625
Received=	-0.11129
Feedback: 0.22791
Received=	-0.11671
Feedback: 0.2342
Received=	-0.25629
Feedback: 0.39632
Received=	-0.17717
Feedback: 0.30442
Received=	-0.04295
Feedback: 0.14853
Received=	-0.26262
Feedback: 0.40368
Received=	-0.40115
Feedback: 0.56459
Received=	-0.31508
Feedback: 0.46461
Received=	-0.17116
Feedback: 0.29745
Received=	-0.16485
Feedback: 0.29011
Received=	-0.2423
Feedback: 0.38008
Received=	-0.29843
Feedback: 0.44527
Received=	-0.29394
Feedback: 0.44007
Received=	-0.22734
Feedback: 0.36271
Received=	-0.045748
Feedback: 0.15178
Received=	0.12273
Feedback: 0.1
Received=	0.019156
Feedback: 0.1
Received=	-0.16568
Feedback: 0.29108
Received=	-0.013915
Feedback: 0.1148
Received=	0.20381
Feedback: 0.1
Received=	0.043287
Feedback: 0.1
Calculated range:	[(-2.000000) - (2.000000)]
Success index = (0.920785)
Received=	0.23765
=====  12:22:57 - BASE  ============
Feedback: 0.66
Received=	0.41592
Feedback: 0.66
Received=	0.067
Feedback: 0.66
Received=	0.063815
Feedback: 0.66
Received=	-0.13265
Feedback: 0.66
Received=	0.14804
Feedback: 0.66
Received=	0.13278
Feedback: 0.66
Received=	-0.026949
Feedback: 0.66
Received=	-0.081615
Feedback: 0.66
Received=	0.023385
Feedback: 0.66
Received=	-0.028347
Feedback: 0.66
Received=	0.18648
Feedback: 0.66
Received=	0.1577
Feedback: 0.66
Received=	0.074978
Feedback: 0.66
Received=	-0.083161
Feedback: 0.66
Received=	-0.23992
Feedback: 0.66
Received=	-0.14994
Feedback: 0.66
Received=	0.0035995
Feedback: 0.66
Received=	-0.085405
Feedback: 0.66
Received=	-0.18427
Feedback: 0.66
Received=	-0.19136
=====  12:23:57 - NF  ============
Feedback: 0.79191
Received=	-0.19804
Feedback: 0.80258
Received=	-0.11903
Feedback: 0.67638
Received=	-0.026873
Feedback: 0.52921
Received=	0.074554
Feedback: 0.36723
Received=	0.20917
Feedback: 0.15224
Received=	0.019459
Feedback: 0.45522
Received=	-0.039924
Feedback: 0.55005
Received=	-0.14389
Feedback: 0.71609
Received=	-0.076598
Feedback: 0.60862
Received=	-0.090418
Feedback: 0.6307
Received=	-0.03804
Feedback: 0.54704
Received=	0.088277
Feedback: 0.34531
Received=	0.05553
Feedback: 0.39761
Received=	0.060774
Feedback: 0.38923
Received=	0.11172
Feedback: 0.30787
Received=	0.067166
Feedback: 0.37902
Received=	-0.071853
Feedback: 0.60105
Received=	-0.26461
Feedback: 0.9
Received=	-0.10155
Feedback: 0.64848
Received=	0.10991
Feedback: 0.31076
Received=	0.079374
Feedback: 0.35953
Received=	-0.088984
Feedback: 0.62841
Received=	-0.22719
Feedback: 0.84913
Received=	-0.18117
Feedback: 0.77563
Received=	-0.14622
Feedback: 0.71982
Received=	-0.22862
Feedback: 0.85141
Received=	-0.13262
Feedback: 0.6981
Received=	-0.097597
Feedback: 0.64216
Received=	-0.042656
Feedback: 0.55442
Received=	-0.061807
Feedback: 0.585
Received=	-0.11309
Feedback: 0.6669
Received=	0.009952
Feedback: 0.4704
Received=	0.092134
Feedback: 0.33915
Received=	-0.0026411
Feedback: 0.49051
Received=	-0.050877
Feedback: 0.56755
Received=	-0.0056176
Feedback: 0.49526
Received=	0.12404
Feedback: 0.2882
Received=	0.16374
Feedback: 0.22479
Received=	0.088685
Feedback: 0.34466
Received=	0.138
Feedback: 0.2659
Received=	0.14657
Feedback: 0.25221
Received=	0.19555
Feedback: 0.17399
Received=	0.51406
Feedback: 0.1
Received=	0.68798
Feedback: 0.1
Received=	0.32066
Feedback: 0.1
Received=	0.094014
Feedback: 0.33615
Received=	0.14889
Feedback: 0.24851
Received=	0.21263
Feedback: 0.14672
Received=	0.091878
Feedback: 0.33956
Received=	-0.10251
Feedback: 0.65001
Received=	-0.21861
Feedback: 0.83543
Received=	-0.1959
Feedback: 0.79915
Received=	-0.10912
Feedback: 0.66057
Received=	-0.0017785
Feedback: 0.48913
Received=	-0.088193
Feedback: 0.62714
Received=	-0.11896
Feedback: 0.67628
Received=	-0.097927
Feedback: 0.64269
Received=	0.0678
Feedback: 0.37801
Received=	-0.023412
Feedback: 0.52368
Calculated range:	[(-2.000000) - (2.000000)]
Success index = (0.081869)
Received=	-0.078472
=====  12:26:57 - BASE  ============
Feedback: 0.66
Received=	0.11718
Feedback: 0.66
Received=	0.058496
Feedback: 0.66
Received=	-0.031133
Feedback: 0.66
Received=	-0.22801
Feedback: 0.66
Received=	-0.3009
Feedback: 0.66
Received=	-0.081416
Feedback: 0.66
Received=	0.36879
Feedback: 0.66
Received=	0.23805
Feedback: 0.66
Received=	-0.059641
Feedback: 0.66
Received=	-0.096864
Feedback: 0.66
Received=	-0.064487
Feedback: 0.66
Received=	-0.083211
Feedback: 0.66
Received=	-0.11854
Feedback: 0.66
Received=	-0.057249
Feedback: 0.66
Received=	-0.23623
Feedback: 0.66
Received=	-0.07749
Feedback: 0.66
Received=	0.0028876
Feedback: 0.66
Received=	-0.16863
Feedback: 0.66
Received=	-0.040842
Feedback: 0.66
Received=	0.097842
=====  12:27:57 - NF  ============
Feedback: 0.30797
Received=	0.073858
Feedback: 0.33825
Received=	-0.19263
Feedback: 0.67472
Received=	-0.21529
Feedback: 0.70334
Received=	-0.098077
Feedback: 0.55534
Received=	0.057561
Feedback: 0.35883
Received=	0.18449
Feedback: 0.19856
Received=	0.07551
Feedback: 0.33617
Received=	0.038128
Feedback: 0.38337
Received=	0.21352
Feedback: 0.16191
Received=	0.22174
Feedback: 0.15153
Received=	0.0083628
Feedback: 0.42095
Received=	0.13122
Feedback: 0.26583
Received=	0.28275
Feedback: 0.1
Received=	0.08548
Feedback: 0.32358
Received=	-0.062287
Feedback: 0.51015
Received=	0.011507
Feedback: 0.41698
Received=	-0.17713
Feedback: 0.65516
Received=	-0.20229
Feedback: 0.68693
Received=	-0.064959
Feedback: 0.51353
Received=	0.15606
Feedback: 0.23446
Received=	0.11259
Feedback: 0.28934
Received=	0.16509
Feedback: 0.22306
Received=	0.16434
Feedback: 0.22401
Received=	0.061656
Feedback: 0.35366
Received=	0.052968
Feedback: 0.36463
Received=	-0.096448
Feedback: 0.55329
Received=	0.13549
Feedback: 0.26044
Received=	0.1371
Feedback: 0.25839
Received=	0.14242
Feedback: 0.25168
Received=	0.25181
Feedback: 0.11357
Received=	0.38761
Feedback: 0.1
Received=	0.24109
Feedback: 0.1271
Received=	0.13915
Feedback: 0.25581
Received=	0.19313
Feedback: 0.18765
Received=	0.19515
Feedback: 0.18511
Received=	0.065284
Feedback: 0.34908
Received=	-0.063239
Feedback: 0.51136
Received=	0.032968
Feedback: 0.38988
Received=	0.098475
Feedback: 0.30717
Received=	0.18291
Feedback: 0.20056
Received=	0.061796
Feedback: 0.35348
Received=	0.076783
Feedback: 0.33456
Received=	-0.032062
Feedback: 0.47199
Received=	-0.020827
Feedback: 0.4578
Received=	-0.11123
Feedback: 0.57195
Received=	-0.20284
Feedback: 0.68763
Received=	-0.10905
Feedback: 0.5692
Received=	-0.029873
Feedback: 0.46923
Received=	-0.15518
Feedback: 0.62744
Received=	-0.13577
Feedback: 0.60294
Received=	0.14841
Feedback: 0.24412
Received=	0.052704
Feedback: 0.36496
Received=	-0.14692
Feedback: 0.61702
Received=	-0.0082217
Feedback: 0.44189
Received=	0.25735
Feedback: 0.10657
Received=	0.18023
Feedback: 0.20394
Received=	0.088096
Feedback: 0.32027
Received=	-0.035852
Feedback: 0.47678
Received=	0.11959
Feedback: 0.28051
Calculated range:	[(-2.000000) - (2.000000)]
Success index = (0.754423)
Received=	0.26872
=====  12:30:57 - BASE  ============
Feedback: 0.66
Received=	-0.027273
Feedback: 0.66
Received=	-0.23315
Feedback: 0.66
Received=	-0.22177
Feedback: 0.66
Received=	-0.075148
Feedback: 0.66
Received=	-0.024753
Feedback: 0.66
Received=	-0.0429
Feedback: 0.66
Received=	-0.019879
Feedback: 0.66
Received=	0.15551
Feedback: 0.66
Received=	0.13457
Feedback: 0.66
Received=	0.41159
Feedback: 0.66
Received=	0.16442
Feedback: 0.66
Received=	-0.22134
Feedback: 0.66
Received=	-0.26249
Feedback: 0.66
Received=	0.020652
Feedback: 0.66
Received=	-0.064906
Feedback: 0.66
Received=	0.010989
Feedback: 0.66
Received=	-0.043281
Feedback: 0.66
Received=	0.15344
Feedback: 0.66
Received=	-0.017269
Feedback: 0.66
Received=	-0.11653
=====  12:31:57 - NF  ============
Feedback: 0.62484
Received=	0.19096
Feedback: 0.26532
Received=	0.07024
Feedback: 0.40646
Received=	-0.15361
Feedback: 0.66819
Received=	-0.13734
Feedback: 0.64916
Received=	0.129
Feedback: 0.33776
Received=	0.090366
Feedback: 0.38293
Received=	0.087882
Feedback: 0.38583
Received=	0.23463
Feedback: 0.21426
Received=	-0.048124
Feedback: 0.54485
Received=	0.068815
Feedback: 0.40813
Received=	0.20022
Feedback: 0.25448
Received=	0.13306
Feedback: 0.33301
Received=	0.12054
Feedback: 0.34765
Received=	0.22236
Feedback: 0.2286
Received=	0.33336
Feedback: 0.1
Received=	0.2918
Feedback: 0.14742
Received=	0.15825
Feedback: 0.30356
Received=	0.097948
Feedback: 0.37406
Received=	0.45287
Feedback: 0.1
Received=	0.48081
Feedback: 0.1
Received=	0.34124
Feedback: 0.1
Received=	0.54056
Feedback: 0.1
Received=	0.64837
Feedback: 0.1
Received=	0.59182
Feedback: 0.1
Received=	0.64771
Feedback: 0.1
Received=	0.4257
Feedback: 0.1
Received=	0.069375
Feedback: 0.40747
Received=	-0.0047011
Feedback: 0.49408
Received=	0.064588
Feedback: 0.41307
Received=	0.046038
Feedback: 0.43476
Received=	0.13725
Feedback: 0.32812
Received=	0.18049
Feedback: 0.27755
Received=	0.5155
Feedback: 0.1
Received=	0.29585
Feedback: 0.14268
Received=	0.035959
Feedback: 0.44654
Received=	0.2697
Feedback: 0.17325
Received=	0.40211
Feedback: 0.1
Received=	0.33513
Feedback: 0.1
Received=	0.2847
Feedback: 0.15571
Received=	0.089246
Feedback: 0.38424
Received=	0.03812
Feedback: 0.44402
Received=	0.43803
Feedback: 0.1
Received=	0.56584
Feedback: 0.1
Received=	0.33087
Feedback: 0.10173
Received=	0.33389
Feedback: 0.1
Received=	0.23646
Feedback: 0.21211
Received=	0.3598
Feedback: 0.1
Received=	0.62879
Feedback: 0.1
Received=	0.48108
Feedback: 0.1
Received=	0.34057
Feedback: 0.1
Received=	0.35516
Feedback: 0.1
Received=	0.48071
Feedback: 0.1
Received=	0.28745
Feedback: 0.1525
Received=	0.30141
Feedback: 0.13618
Received=	0.30337
Feedback: 0.13389
Received=	0.36777
Feedback: 0.1
Received=	0.40713
Feedback: 0.1
Received=	0.46992
Feedback: 0.1
Received=	0.68094
Feedback: 0.1
Calculated range:	[(-2.000000) - (2.000000)]
Success index = (1.418297)
Received=	0.74271
=====  12:34:57 - BASE  ============
Feedback: 0.66
Received=	0.47159
Feedback: 0.66
Received=	0.18298
Feedback: 0.66
Received=	0.20342
Feedback: 0.66
Received=	0.20237
Feedback: 0.66
Received=	0.19118
Feedback: 0.66
Received=	0.1793
Feedback: 0.66
Received=	-0.014508
Feedback: 0.66
Received=	-0.045932
Feedback: 0.66
Received=	0.092546
Feedback: 0.66
Received=	0.34649
Feedback: 0.66
Received=	0.38243
Feedback: 0.66
Received=	0.40688
Feedback: 0.66
Received=	0.19866
Feedback: 0.66
Received=	0.095242
Feedback: 0.66
Received=	0.043939
Feedback: 0.66
Received=	0.33327
Feedback: 0.66
Received=	0.70159
Feedback: 0.66
Received=	0.50235
Feedback: 0.66
Received=	0.80069
Feedback: 0.66
Received=	1.0852
=====  12:35:57 - NF  ============
Feedback: 0.1
Received=	0.67828
Feedback: 0.14094
Received=	0.23989
Feedback: 0.52351
Received=	0.35191
Feedback: 0.42575
Received=	0.67654
Feedback: 0.14246
Received=	0.6478
Feedback: 0.16754
Received=	0.48303
Feedback: 0.31133
Received=	0.93327
Feedback: 0.1
Received=	0.89686
Feedback: 0.1
Received=	0.66012
Feedback: 0.15679
Received=	0.24917
Feedback: 0.51541
Received=	0.11441
Feedback: 0.633
Received=	0.35375
Feedback: 0.42415
Received=	0.76239
Feedback: 0.1
Received=	1.2137
Feedback: 0.1
Received=	1.0679
Feedback: 0.1
Received=	0.81477
Feedback: 0.1
Received=	0.90733
Feedback: 0.1
Received=	0.69429
Feedback: 0.12697
Received=	0.3395
Feedback: 0.43658
Received=	0.30811
Feedback: 0.46397
Received=	0.35855
Feedback: 0.41995
Received=	0.37941
Feedback: 0.40175
Received=	0.45293
Feedback: 0.3376
Received=	0.38054
Feedback: 0.40077
Received=	0.25243
Feedback: 0.51256
Received=	0.27859
Feedback: 0.48974
Received=	0.14348
Feedback: 0.60764
Received=	0.63238
Feedback: 0.181
Received=	0.46667
Feedback: 0.32561
Received=	0.34784
Feedback: 0.42931
Received=	0.15777
Feedback: 0.59517
Received=	0.37846
Feedback: 0.40258
Received=	0.76462
Feedback: 0.1
Received=	0.64934
Feedback: 0.1662
Received=	0.31414
Feedback: 0.45871
Received=	0.0043212
Feedback: 0.72908
Received=	0.12554
Feedback: 0.62329
Received=	0.39733
Feedback: 0.38612
Received=	0.40032
Feedback: 0.38351
Received=	0.41809
Feedback: 0.368
Received=	0.39691
Feedback: 0.38648
Received=	0.24796
Feedback: 0.51647
Received=	0.1493
Feedback: 0.60256
Received=	-0.00174
Feedback: 0.73437
Received=	-0.084171
Feedback: 0.8063
Received=	0.24199
Feedback: 0.52167
Received=	0.48961
Feedback: 0.30558
Received=	0.26636
Feedback: 0.50041
Received=	0.098823
Feedback: 0.64661
Received=	0.06694
Feedback: 0.67443
Received=	0.21502
Feedback: 0.54521
Received=	0.30206
Feedback: 0.46925
Received=	0.27309
Feedback: 0.49454
Received=	-0.036443
Feedback: 0.76465
Received=	-0.0084471
Feedback: 0.74022
Received=	-0.13026
Feedback: 0.84652
Received=	-0.0485
Feedback: 0.77517
Received=	0.041792
Feedback: 0.69638
Received=	0.14833
Feedback: 0.60341
Calculated range:	[(-2.000000) - (2.000000)]
Success index = (0.423158)
closing...
