Direction=-1.000000	; step=1.000000;
Received=	0
Feedback: 0.66
Received=	0
Feedback: 0.66
Received=	0
Feedback: 0.66
Received=	0.18739
Feedback: 0.66
Received=	0.25014
Feedback: 0.66
Received=	0.25685
Feedback: 0.66
Received=	0.22371
Feedback: 0.66
Received=	0.12598
Feedback: 0.66
Received=	0.34142
Feedback: 0.66
Received=	0.61083
Feedback: 0.66
Received=	0.42046
Feedback: 0.66
Received=	0.45635
Feedback: 0.66
Received=	0.19417
Feedback: 0.66
Received=	0.087616
Feedback: 0.66
Received=	-0.1985
Feedback: 0.66
Received=	-0.11151
Feedback: 0.66
Received=	0.1963
Feedback: 0.66
Received=	0.2305
Feedback: 0.66
Received=	0.42078
Feedback: 0.66
Received=	0.52799
Feedback: 0.66
Received=	0.67302
=====  17:26:8 - NF  ============
Feedback: 0.1
Received=	0.63841
Feedback: 0.11777
Received=	0.26663
Feedback: 0.46957
Received=	0.3808
Feedback: 0.36154
Received=	0.38248
Feedback: 0.35994
Received=	0.53518
Feedback: 0.21545
Received=	0.64104
Feedback: 0.11528
Received=	0.67753
Feedback: 0.1
Received=	0.52646
Feedback: 0.22371
Received=	0.58712
Feedback: 0.1663
Received=	0.55626
Feedback: 0.19551
Received=	0.48918
Feedback: 0.25898
Received=	0.67365
Feedback: 0.1
Received=	0.37177
Feedback: 0.37008
Received=	0.088711
Feedback: 0.63793
Received=	0.27621
Feedback: 0.46051
Received=	0.52286
Feedback: 0.22711
Received=	0.56243
Feedback: 0.18966
Received=	0.46981
Feedback: 0.2773
Received=	0.45438
Feedback: 0.29191
Received=	0.53004
Feedback: 0.22032
Received=	0.32496
Feedback: 0.41437
Received=	0.43174
Feedback: 0.31333
Received=	0.59574
Feedback: 0.15815
Received=	0.49804
Feedback: 0.2506
Received=	0.45385
Feedback: 0.29241
Received=	0.30675
Feedback: 0.43161
Received=	0.39041
Feedback: 0.35244
Received=	0.34535
Feedback: 0.39508
Received=	0.35135
Feedback: 0.3894
Received=	0.27593
Feedback: 0.46077
Received=	0.38219
Feedback: 0.36022
Received=	0.41211
Feedback: 0.3319
Received=	0.1702
Feedback: 0.56081
Received=	0.084343
Feedback: 0.64206
Received=	0.083057
Feedback: 0.64328
Received=	0.29588
Feedback: 0.44189
Received=	0.44013
Feedback: 0.3054
Received=	0.67044
Feedback: 0.1
Received=	0.38738
Feedback: 0.35531
Received=	0.14217
Feedback: 0.58734
Received=	0.46399
Feedback: 0.28281
Received=	0.5699
Feedback: 0.1826
Received=	0.63739
Feedback: 0.11873
Received=	0.53911
Feedback: 0.21174
Received=	0.30001
Feedback: 0.43798
Received=	0.27647
Feedback: 0.46026
Received=	0.33483
Feedback: 0.40503
Received=	0.29244
Feedback: 0.44515
Received=	0.10798
Feedback: 0.6197
Received=	0.23801
Feedback: 0.49665
Received=	0.25409
Feedback: 0.48144
Received=	0.17522
Feedback: 0.55607
Received=	0.32669
Feedback: 0.41274
Received=	0.39278
Feedback: 0.3502
Received=	0.20357
Feedback: 0.52924
Received=	0.16186
Feedback: 0.56871
Received=	0.13338
Feedback: 0.59565
Received=	0.13385
Feedback: 0.59522
Received=	0.067705
Feedback: 0.6578
Calculated range:	[(-2.000000) - (2.000000)]
Success index = (0.808579)
Received=	0.0014052
=====  17:29:8 - BASE  ============
Feedback: 0.66
Received=	0.27004
Feedback: 0.66
Received=	0.287
Feedback: 0.66
Received=	0.11358
Feedback: 0.66
Received=	0.2124
Feedback: 0.66
Received=	0.26065
Feedback: 0.66
Received=	0.39314
Feedback: 0.66
Received=	0.27205
Feedback: 0.66
Received=	0.19748
Feedback: 0.66
Received=	0.26157
Feedback: 0.66
Received=	0.20337
Feedback: 0.66
Received=	0.086034
Feedback: 0.66
Received=	0.27046
Feedback: 0.66
Received=	0.18982
Feedback: 0.66
Received=	0.1539
Feedback: 0.66
Received=	0.064339
Feedback: 0.66
Received=	-0.11242
Feedback: 0.66
Received=	-0.21431
Feedback: 0.66
Received=	4.3623e-05
Feedback: 0.66
Received=	0.13014
Feedback: 0.66
Received=	0.2755
=====  17:30:8 - NF  ============
Feedback: 0.33717
Received=	0.40462
Feedback: 0.16434
Received=	0.33839
Feedback: 0.25299
Received=	0.47339
Feedback: 0.1
Received=	0.22736
Feedback: 0.40161
Received=	0.023564
Feedback: 0.67439
Received=	0.22394
Feedback: 0.40618
Received=	0.33457
Feedback: 0.25809
Received=	0.013386
Feedback: 0.68801
Received=	-0.034437
Feedback: 0.75202
Received=	0.14838
Feedback: 0.50732
Received=	0.21751
Feedback: 0.41479
Received=	0.1268
Feedback: 0.5362
Received=	0.12859
Feedback: 0.5338
Received=	-0.066112
Feedback: 0.79442
Received=	-0.078426
Feedback: 0.8109
Received=	-0.11344
Feedback: 0.85777
Received=	0.078576
Feedback: 0.60075
Received=	0.032011
Feedback: 0.66308
Received=	0.020192
Feedback: 0.6789
Received=	0.067576
Feedback: 0.61548
Received=	0.28843
Feedback: 0.31986
Received=	0.36922
Feedback: 0.21172
Received=	0.2931
Feedback: 0.31361
Received=	0.42166
Feedback: 0.14152
Received=	0.16327
Feedback: 0.48739
Received=	0.38198
Feedback: 0.19463
Received=	0.43225
Feedback: 0.12735
Received=	0.17416
Feedback: 0.47281
Received=	0.24785
Feedback: 0.37418
Received=	-0.027088
Feedback: 0.74218
Received=	-0.16616
Feedback: 0.9
Received=	-0.077533
Feedback: 0.80971
Received=	-0.0052866
Feedback: 0.713
Received=	0.16886
Feedback: 0.4799
Received=	0.092003
Feedback: 0.58278
Received=	0.18571
Feedback: 0.45735
Received=	0.1801
Feedback: 0.46487
Received=	0.16455
Feedback: 0.48568
Received=	-0.036457
Feedback: 0.75472
Received=	0.056369
Feedback: 0.63048
Received=	0.069689
Feedback: 0.61265
Received=	0.052976
Feedback: 0.63502
Received=	0.0046352
Feedback: 0.69972
Received=	0.070125
Feedback: 0.61206
Received=	0.28793
Feedback: 0.32053
Received=	0.29557
Feedback: 0.3103
Received=	0.131
Feedback: 0.53058
Received=	0.10962
Feedback: 0.5592
Received=	0.25013
Feedback: 0.37112
Received=	0.17375
Feedback: 0.47336
Received=	-0.099239
Feedback: 0.83876
Received=	-0.21228
Feedback: 0.9
Received=	-0.2406
Feedback: 0.9
Received=	-0.011793
Feedback: 0.72171
Received=	0.1758
Feedback: 0.47062
Received=	0.12079
Feedback: 0.54425
Received=	-0.086865
Feedback: 0.8222
Received=	0.15382
Feedback: 0.50004
Received=	0.35074
Feedback: 0.23645
Calculated range:	[(-2.000000) - (2.000000)]
Success index = (-0.151715)
Received=	0.12649
=====  17:33:8 - BASE  ============
Feedback: 0.66
Received=	-0.14707
Feedback: 0.66
Received=	0.038355
Feedback: 0.66
Received=	0.18537
Feedback: 0.66
Received=	0.13385
Feedback: 0.66
Received=	0.18181
Feedback: 0.66
Received=	-0.011589
Feedback: 0.66
Received=	-0.14115
Feedback: 0.66
Received=	-0.031779
Feedback: 0.66
Received=	0.095627
Feedback: 0.66
Received=	0.064961
Feedback: 0.66
Received=	0.44342
Feedback: 0.66
Received=	0.59951
Feedback: 0.66
Received=	0.3596
Feedback: 0.66
Received=	0.22493
Feedback: 0.66
Received=	0.18154
Feedback: 0.66
Received=	-0.278
Feedback: 0.66
Received=	-0.32859
Feedback: 0.66
Received=	0.071043
Feedback: 0.66
Received=	0.071281
Feedback: 0.66
Received=	-0.076268
=====  17:34:8 - NF  ============
Feedback: 0.65671
Received=	-0.23569
Feedback: 0.7958
Received=	-0.32553
Feedback: 0.87419
Received=	-0.33948
Feedback: 0.88636
Received=	-0.21572
Feedback: 0.77838
Received=	-0.070909
Feedback: 0.65203
Received=	-0.21669
Feedback: 0.77923
Received=	-0.15161
Feedback: 0.72245
Received=	-0.054216
Feedback: 0.63747
Received=	-0.10349
Feedback: 0.68046
Received=	-0.092889
Feedback: 0.67121
Received=	-0.20484
Feedback: 0.76889
Received=	-0.24591
Feedback: 0.80472
Received=	-0.28077
Feedback: 0.83513
Received=	-0.11792
Feedback: 0.69305
Received=	0.27743
Feedback: 0.34811
Received=	0.026054
Feedback: 0.56743
Received=	0.29593
Feedback: 0.33197
Received=	0.48002
Feedback: 0.17136
Received=	0.42762
Feedback: 0.21707
Received=	0.40609
Feedback: 0.23585
Received=	0.40306
Feedback: 0.2385
Received=	0.18797
Feedback: 0.42617
Received=	0.073823
Feedback: 0.52576
Received=	0.16361
Feedback: 0.44742
Received=	0.12235
Feedback: 0.48341
Received=	0.15984
Feedback: 0.45071
Received=	0.34375
Feedback: 0.29024
Received=	0.28308
Feedback: 0.34318
Received=	0.0037116
Feedback: 0.58693
Received=	-0.32189
Feedback: 0.87101
Received=	-0.058862
Feedback: 0.64152
Received=	-0.24094
Feedback: 0.80038
Received=	0.016605
Feedback: 0.57568
Received=	0.020136
Feedback: 0.5726
Received=	-0.027402
Feedback: 0.61407
Received=	-0.17704
Feedback: 0.74463
Received=	-0.25437
Feedback: 0.8121
Received=	-0.24155
Feedback: 0.80092
Received=	-0.13297
Feedback: 0.70618
Received=	-0.17266
Feedback: 0.74081
Received=	-0.22605
Feedback: 0.7874
Received=	-0.14866
Feedback: 0.71988
Received=	-0.030043
Feedback: 0.61638
Received=	-0.10622
Feedback: 0.68284
Received=	-0.15815
Feedback: 0.72815
Received=	-0.36318
Feedback: 0.9
Received=	-0.39658
Feedback: 0.9
Received=	-0.17524
Feedback: 0.74306
Received=	-0.0039258
Feedback: 0.59359
Received=	0.029413
Feedback: 0.5645
Received=	0.078385
Feedback: 0.52178
Received=	-0.2966
Feedback: 0.84895
Received=	-0.24097
Feedback: 0.80041
Received=	0.10285
Feedback: 0.50043
Received=	-0.0029998
Feedback: 0.59278
Received=	-0.24679
Feedback: 0.80549
Received=	0.046273
Feedback: 0.54979
Received=	0.14438
Feedback: 0.4642
Received=	0.018718
Feedback: 0.57384
Calculated range:	[(-2.000000) - (2.000000)]
Success index = (-0.671903)
Received=	-0.096536
=====  17:37:8 - BASE  ============
Feedback: 0.66
Received=	-0.090588
Feedback: 0.66
Received=	0.084707
Feedback: 0.66
Received=	0.1004
Feedback: 0.66
Received=	0.34963
Feedback: 0.66
Received=	0.19978
Feedback: 0.66
Received=	0.1737
Feedback: 0.66
Received=	0.43813
Feedback: 0.66
Received=	0.12907
Feedback: 0.66
Received=	-0.014481
Feedback: 0.66
Received=	0.010063
Feedback: 0.66
Received=	-0.06964
Feedback: 0.66
Received=	-0.16721
Feedback: 0.66
Received=	-0.26959
Feedback: 0.66
Received=	-0.2869
Feedback: 0.66
Received=	-0.11338
Feedback: 0.66
Received=	-0.084307
Feedback: 0.66
Received=	0.028567
Feedback: 0.66
Received=	0.42768
Feedback: 0.66
Received=	0.70169
Feedback: 0.66
Received=	0.73763
=====  17:38:8 - NF  ============
Feedback: 0.1
Received=	0.62118
Feedback: 0.1
Received=	0.78952
Feedback: 0.1
Received=	0.59277
Feedback: 0.11471
Received=	0.2033
Feedback: 0.41377
Received=	0.10116
Feedback: 0.4922
Received=	0.015121
Feedback: 0.55826
Received=	-0.24179
Feedback: 0.75553
Received=	-0.31399
Feedback: 0.81097
Received=	-0.1944
Feedback: 0.71914
Received=	-0.25353
Feedback: 0.76455
Received=	-0.42977
Feedback: 0.89987
Received=	-0.3108
Feedback: 0.80852
Received=	-0.055181
Feedback: 0.61224
Received=	0.035583
Feedback: 0.54255
Received=	-0.25134
Feedback: 0.76286
Received=	-0.41223
Feedback: 0.8864
Received=	-0.35475
Feedback: 0.84227
Received=	-0.48133
Feedback: 0.9
Received=	-0.31392
Feedback: 0.81092
Received=	-0.19026
Feedback: 0.71597
Received=	-0.1582
Feedback: 0.69134
Received=	0.32633
Feedback: 0.31929
Received=	0.7017
Feedback: 0.1
Received=	0.17992
Feedback: 0.43172
Received=	0.16911
Feedback: 0.44002
Received=	0.12751
Feedback: 0.47196
Received=	0.1818
Feedback: 0.43027
Received=	-0.071818
Feedback: 0.62502
Received=	-0.39848
Feedback: 0.87584
Received=	-0.51406
Feedback: 0.9
Received=	-0.34793
Feedback: 0.83703
Received=	-0.24727
Feedback: 0.75974
Received=	-0.48746
Feedback: 0.9
Received=	-0.74848
Feedback: 0.9
Received=	-0.4734
Feedback: 0.9
Received=	-0.13889
Feedback: 0.67652
Received=	-0.062031
Feedback: 0.6175
Received=	-0.39551
Feedback: 0.87357
Received=	-0.32146
Feedback: 0.8167
Received=	-0.35777
Feedback: 0.84458
Received=	-0.46972
Feedback: 0.9
Received=	-0.46846
Feedback: 0.9
Received=	-0.2682
Feedback: 0.77581
Received=	-0.27241
Feedback: 0.77904
Received=	-0.10535
Feedback: 0.65076
Received=	-0.13507
Feedback: 0.67359
Received=	-0.17949
Feedback: 0.70769
Received=	-0.1529
Feedback: 0.68728
Received=	-0.1482
Feedback: 0.68367
Received=	0.080351
Feedback: 0.50817
Received=	-0.12614
Feedback: 0.66673
Received=	-0.27556
Feedback: 0.78146
Received=	-0.19663
Feedback: 0.72086
Received=	-0.26305
Feedback: 0.77186
Received=	-0.13183
Feedback: 0.6711
Received=	0.056013
Feedback: 0.52686
Received=	0.15235
Feedback: 0.45289
Received=	0.051183
Feedback: 0.53057
Received=	0.033425
Feedback: 0.54421
Calculated range:	[(-2.000000) - (2.000000)]
Success index = (-0.646123)
Received=	0.12369
=====  17:41:8 - BASE  ============
Feedback: 0.66
Received=	0.21427
Feedback: 0.66
Received=	0.44898
Feedback: 0.66
Received=	0.32181
Feedback: 0.66
Received=	0.064532
Feedback: 0.66
Received=	-0.010446
Feedback: 0.66
Received=	-0.080033
Feedback: 0.66
Received=	-0.14001
Feedback: 0.66
Received=	-0.18315
Feedback: 0.66
Received=	-0.086465
Feedback: 0.66
Received=	0.21929
Feedback: 0.66
Received=	0.26635
Feedback: 0.66
Received=	0.13425
Feedback: 0.66
Received=	0.063242
Feedback: 0.66
Received=	0.10209
Feedback: 0.66
Received=	-0.22181
Feedback: 0.66
Received=	0.19472
Feedback: 0.66
Received=	0.26356
Feedback: 0.66
Received=	-0.0024119
Feedback: 0.66
Received=	-0.16432
Feedback: 0.66
Received=	-0.01381
=====  17:42:8 - NF  ============
Feedback: 0.58286
Received=	0.067644
Feedback: 0.49842
Received=	0.0037168
Feedback: 0.56469
Received=	0.016594
Feedback: 0.55134
Received=	0.23453
Feedback: 0.32542
Received=	-0.094536
Feedback: 0.66654
Received=	-0.008471
Feedback: 0.57732
Received=	-0.077692
Feedback: 0.64908
Received=	-0.015197
Feedback: 0.5843
Received=	-0.037366
Feedback: 0.60728
Received=	0.0044263
Feedback: 0.56395
Received=	0.091858
Feedback: 0.47332
Received=	0.015012
Feedback: 0.55298
Received=	0.043403
Feedback: 0.52355
Received=	0.16551
Feedback: 0.39697
Received=	0.14626
Feedback: 0.41693
Received=	-0.011428
Feedback: 0.58039
Received=	-0.3814
Feedback: 0.9
Received=	-0.17107
Feedback: 0.74588
Received=	0.18958
Feedback: 0.37202
Received=	-0.0072087
Feedback: 0.57601
Received=	-0.083975
Feedback: 0.65559
Received=	-0.0016478
Feedback: 0.57025
Received=	-0.079213
Feedback: 0.65066
Received=	-0.17981
Feedback: 0.75494
Received=	-0.15457
Feedback: 0.72878
Received=	-0.046236
Feedback: 0.61647
Received=	0.06351
Feedback: 0.50271
Received=	-0.070307
Feedback: 0.64142
Received=	0.05198
Feedback: 0.51466
Received=	0.11724
Feedback: 0.44701
Received=	0.25056
Feedback: 0.30881
Received=	0.038396
Feedback: 0.52874
Received=	-0.0076822
Feedback: 0.57651
Received=	0.14297
Feedback: 0.42034
Received=	0.11023
Feedback: 0.45428
Received=	-0.014686
Feedback: 0.58377
Received=	-0.066415
Feedback: 0.63739
Received=	-0.078145
Feedback: 0.64955
Received=	-0.20635
Feedback: 0.78245
Received=	-0.36534
Feedback: 0.9
Received=	0.029805
Feedback: 0.53765
Received=	0.16307
Feedback: 0.3995
Received=	-0.03677
Feedback: 0.60666
Received=	-0.06437
Feedback: 0.63527
Received=	-0.40804
Feedback: 0.9
Received=	-0.28116
Feedback: 0.86
Received=	-0.20472
Feedback: 0.78076
Received=	-0.15259
Feedback: 0.72672
Received=	-0.08392
Feedback: 0.65553
Received=	0.21017
Feedback: 0.35067
Received=	0.35379
Feedback: 0.20179
Received=	0.29402
Feedback: 0.26376
Received=	0.14496
Feedback: 0.41828
Received=	-0.12765
Feedback: 0.70087
Received=	0.053141
Feedback: 0.51346
Received=	0.094583
Feedback: 0.4705
Received=	-0.046368
Feedback: 0.61661
Received=	-0.18899
Feedback: 0.76445
Received=	0.12471
Feedback: 0.43926
Calculated range:	[(-2.000000) - (2.000000)]
Success index = (-0.457616)
closing...
