Direction=-1.000000	; step=1.000000;
Received=	0
Feedback: 0.66
Received=	0
Feedback: 0.66
Received=	0
Feedback: 0.66
Received=	0.4425
Feedback: 0.66
Received=	0.46331
Feedback: 0.66
Received=	0.90877
Feedback: 0.66
Received=	0.25071
Feedback: 0.66
Received=	-0.26019
Feedback: 0.66
Received=	-0.56611
Feedback: 0.66
Received=	-0.27949
Feedback: 0.66
Received=	-0.054523
Feedback: 0.66
Received=	0.10696
Feedback: 0.66
Received=	0.35566
Feedback: 0.66
Received=	0.28085
Feedback: 0.66
Received=	0.41194
Feedback: 0.66
Received=	0.18712
Feedback: 0.66
Received=	-0.19121
Feedback: 0.66
Received=	-0.50258
Feedback: 0.66
Received=	-0.25763
Feedback: 0.66
Received=	0.051233
Feedback: 0.66
Received=	0.29501
=====  11:55:15 - NF  ============
Feedback: 0.38395
Received=	0.50494
Feedback: 0.27329
Received=	0.51116
Feedback: 0.27001
Received=	0.6456
Feedback: 0.19915
Received=	0.56632
Feedback: 0.24094
Received=	0.26961
Feedback: 0.39734
Received=	0.023553
Feedback: 0.52704
Received=	-0.14268
Feedback: 0.61467
Received=	-0.16543
Feedback: 0.62666
Received=	-0.45385
Feedback: 0.77869
Received=	-0.49724
Feedback: 0.80156
Received=	-0.28825
Feedback: 0.6914
Received=	-0.3933
Feedback: 0.74678
Received=	0.10069
Feedback: 0.48638
Received=	0.011689
Feedback: 0.53329
Received=	-0.076835
Feedback: 0.57996
Received=	-0.18553
Feedback: 0.63725
Received=	-0.48228
Feedback: 0.79368
Received=	-0.27662
Feedback: 0.68527
Received=	-0.059704
Feedback: 0.57093
Received=	-0.38398
Feedback: 0.74186
Received=	-0.40365
Feedback: 0.75223
Received=	0.19147
Feedback: 0.43853
Received=	0.58813
Feedback: 0.22944
Received=	0.44239
Feedback: 0.30626
Received=	0.27519
Feedback: 0.3944
Received=	0.54937
Feedback: 0.24987
Received=	0.67332
Feedback: 0.18453
Received=	0.42527
Feedback: 0.31529
Received=	0.45321
Feedback: 0.30056
Received=	0.66907
Feedback: 0.18677
Received=	0.20372
Feedback: 0.43207
Received=	0.4502
Feedback: 0.30214
Received=	0.59363
Feedback: 0.22654
Received=	0.66115
Feedback: 0.19095
Received=	0.5566
Feedback: 0.24606
Received=	0.015122
Feedback: 0.53148
Received=	0.088156
Feedback: 0.49299
Received=	-0.085925
Feedback: 0.58475
Received=	0.74235
Feedback: 0.14815
Received=	1.2706
Feedback: 0.1
Received=	0.84061
Feedback: 0.1
Received=	0.11324
Feedback: 0.47976
Received=	0.14224
Feedback: 0.46448
Received=	0.098618
Feedback: 0.48747
Received=	-0.0068436
Feedback: 0.54306
Received=	0.38375
Feedback: 0.33717
Received=	0.41478
Feedback: 0.32081
Received=	0.4303
Feedback: 0.31263
Received=	0.64284
Feedback: 0.2006
Received=	0.47328
Feedback: 0.28998
Received=	0.56421
Feedback: 0.24205
Received=	0.64146
Feedback: 0.20133
Received=	0.4227
Feedback: 0.31664
Received=	0.75288
Feedback: 0.14259
Received=	1.2129
Feedback: 0.1
Received=	0.95427
Feedback: 0.1
Received=	0.90362
Feedback: 0.1
Received=	0.75074
Feedback: 0.14372
Received=	0.72312
Feedback: 0.15828
Calculated range:	[(-2.000000) - (2.000000)]
Success index = (0.557294)
Received=	0.46651
=====  11:58:15 - BASE  ============
Feedback: 0.66
Received=	0.75497
Feedback: 0.66
Received=	0.7721
Feedback: 0.66
Received=	0.39848
Feedback: 0.66
Received=	0.38616
Feedback: 0.66
Received=	0.70011
Feedback: 0.66
Received=	0.95503
Feedback: 0.66
Received=	0.8735
Feedback: 0.66
Received=	1.0785
Feedback: 0.66
Received=	0.97178
Feedback: 0.66
Received=	1.425
Feedback: 0.66
Received=	1.0774
Feedback: 0.66
Received=	1.0682
Feedback: 0.66
Received=	0.90254
Feedback: 0.66
Received=	0.16732
Feedback: 0.66
Received=	0.4551
Feedback: 0.66
Received=	0.23651
Feedback: 0.66
Received=	1.0596
Feedback: 0.66
Received=	1.4326
Feedback: 0.66
Received=	0.7332
Feedback: 0.66
Received=	0.41654
=====  11:59:15 - NF  ============
Feedback: 0.71578
Received=	0.82634
Feedback: 0.49457
Received=	0.87446
Feedback: 0.4686
Received=	0.77492
Feedback: 0.52233
Received=	0.82662
Feedback: 0.49442
Received=	0.72056
Feedback: 0.55167
Received=	0.95492
Feedback: 0.42517
Received=	1.0044
Feedback: 0.39843
Received=	0.68359
Feedback: 0.57163
Received=	1.0129
Feedback: 0.39384
Received=	1.2039
Feedback: 0.29075
Received=	0.9722
Feedback: 0.41584
Received=	0.56729
Feedback: 0.6344
Received=	0.33491
Feedback: 0.75984
Received=	0.68089
Feedback: 0.57308
Received=	1.1162
Feedback: 0.33812
Received=	0.81923
Feedback: 0.49841
Received=	0.18029
Feedback: 0.8433
Received=	0.031656
Feedback: 0.9
Received=	0.4229
Feedback: 0.71234
Received=	0.38499
Feedback: 0.73281
Received=	-0.51157
Feedback: 0.9
Received=	0.10731
Feedback: 0.8827
Received=	0.036863
Feedback: 0.9
Received=	0.39378
Feedback: 0.72807
Received=	0.46683
Feedback: 0.68863
Received=	0.44441
Feedback: 0.70073
Received=	0.031134
Feedback: 0.9
Received=	0.73971
Feedback: 0.54133
Received=	0.56797
Feedback: 0.63403
Received=	0.32023
Feedback: 0.76776
Received=	0.44478
Feedback: 0.70053
Received=	0.16086
Feedback: 0.85379
Received=	0.45467
Feedback: 0.6952
Received=	0.63649
Feedback: 0.59705
Received=	0.73249
Feedback: 0.54523
Received=	0.94457
Feedback: 0.43075
Received=	1.2782
Feedback: 0.25067
Received=	1.2408
Feedback: 0.27083
Received=	0.43281
Feedback: 0.707
Received=	0.62933
Feedback: 0.60091
Received=	0.86823
Feedback: 0.47196
Received=	1.5208
Feedback: 0.11971
Received=	1.021
Feedback: 0.38948
Received=	0.25809
Feedback: 0.80131
Received=	0.0089099
Feedback: 0.9
Received=	0.59515
Feedback: 0.61936
Received=	0.87991
Feedback: 0.46565
Received=	0.7591
Feedback: 0.53087
Received=	0.76338
Feedback: 0.52856
Received=	0.57393
Feedback: 0.63082
Received=	0.47898
Feedback: 0.68207
Received=	0.79342
Feedback: 0.51234
Received=	1.2627
Feedback: 0.25901
Received=	1.027
Feedback: 0.38624
Received=	0.60587
Feedback: 0.61358
Received=	0.80748
Feedback: 0.50475
Received=	0.9191
Feedback: 0.4445
Received=	1.1071
Feedback: 0.34303
Received=	0.88125
Feedback: 0.46493
Calculated range:	[(-2.000000) - (2.000000)]
Success index = (-0.420291)
Received=	0.97328
=====  12:2:15 - BASE  ============
Feedback: 0.66
Received=	1.0311
Feedback: 0.66
Received=	0.43713
Feedback: 0.66
Received=	-0.14867
Feedback: 0.66
Received=	-0.30162
Feedback: 0.66
Received=	0.1135
Feedback: 0.66
Received=	0.99
Feedback: 0.66
Received=	1.0957
Feedback: 0.66
Received=	0.44256
Feedback: 0.66
Received=	0.73752
Feedback: 0.66
Received=	1.1434
Feedback: 0.66
Received=	1.2858
Feedback: 0.66
Received=	1.5183
Feedback: 0.66
Received=	0.75881
Feedback: 0.66
Received=	0.62175
Feedback: 0.66
Received=	0.48272
Feedback: 0.66
Received=	0.2888
Feedback: 0.66
Received=	0.35167
Feedback: 0.66
Received=	0.73738
Feedback: 0.66
Received=	1.1228
Feedback: 0.66
Received=	0.82373
=====  12:3:15 - NF  ============
Feedback: 0.42903
Received=	0.73132
Feedback: 0.46651
Received=	0.60223
Feedback: 0.51887
Received=	0.064214
Feedback: 0.73706
Received=	-0.16322
Feedback: 0.8293
Received=	-0.13217
Feedback: 0.81671
Received=	0.14936
Feedback: 0.70253
Received=	0.13984
Feedback: 0.70639
Received=	0.77373
Feedback: 0.44931
Received=	1.6492
Feedback: 0.1
Received=	1.5744
Feedback: 0.12462
Received=	0.72038
Feedback: 0.47095
Received=	0.66119
Feedback: 0.49496
Received=	0.57479
Feedback: 0.53
Received=	0.24191
Feedback: 0.66499
Received=	0.10947
Feedback: 0.71871
Received=	0.55324
Feedback: 0.53874
Received=	0.97502
Feedback: 0.36768
Received=	1.0557
Feedback: 0.33497
Received=	1.0389
Feedback: 0.34178
Received=	1.2633
Feedback: 0.25076
Received=	0.73813
Feedback: 0.46375
Received=	0.73615
Feedback: 0.46456
Received=	0.98807
Feedback: 0.36239
Received=	0.19813
Feedback: 0.68275
Received=	0.070381
Feedback: 0.73456
Received=	0.96045
Feedback: 0.37359
Received=	0.98513
Feedback: 0.36358
Received=	0.79364
Feedback: 0.44124
Received=	0.58875
Feedback: 0.52433
Received=	0.54472
Feedback: 0.54219
Received=	0.54854
Feedback: 0.54064
Received=	0.033082
Feedback: 0.74969
Received=	0.34806
Feedback: 0.62195
Received=	0.27497
Feedback: 0.65159
Received=	0.54894
Feedback: 0.54048
Received=	0.80593
Feedback: 0.43625
Received=	0.91126
Feedback: 0.39354
Received=	0.65362
Feedback: 0.49803
Received=	0.34079
Feedback: 0.62489
Received=	0.41547
Feedback: 0.59461
Received=	0.24541
Feedback: 0.66357
Received=	0.58139
Feedback: 0.52732
Received=	1.3071
Feedback: 0.23299
Received=	0.63189
Feedback: 0.50684
Received=	-0.089843
Feedback: 0.79954
Received=	0.7984
Feedback: 0.43931
Received=	1.0114
Feedback: 0.35292
Received=	0.71932
Feedback: 0.47138
Received=	0.41652
Feedback: 0.59418
Received=	0.215
Feedback: 0.67591
Received=	0.78145
Feedback: 0.44618
Received=	1.4182
Feedback: 0.18794
Received=	1.4094
Feedback: 0.19152
Received=	0.7148
Feedback: 0.47322
Received=	0.44621
Feedback: 0.58214
Received=	1.2391
Feedback: 0.26059
Received=	1.0628
Feedback: 0.33207
Received=	0.32561
Feedback: 0.63105
Received=	0.1987
Feedback: 0.68252
Calculated range:	[(-2.000000) - (2.000000)]
Success index = (-0.022710)
Received=	0.94109
=====  12:6:15 - BASE  ============
Feedback: 0.66
Received=	1.3215
Feedback: 0.66
Received=	1.1702
Feedback: 0.66
Received=	0.32703
Feedback: 0.66
Received=	0.38691
Feedback: 0.66
Received=	0.75052
Feedback: 0.66
Received=	0.54734
Feedback: 0.66
Received=	0.34811
Feedback: 0.66
Received=	0.9098
Feedback: 0.66
Received=	0.93061
Feedback: 0.66
Received=	0.18675
Feedback: 0.66
Received=	0.66764
Feedback: 0.66
Received=	1.4133
Feedback: 0.66
Received=	1.6439
Feedback: 0.66
Received=	1.0534
Feedback: 0.66
Received=	0.5504
Feedback: 0.66
Received=	0.36003
Feedback: 0.66
Received=	0.80508
Feedback: 0.66
Received=	0.8364
Feedback: 0.66
Received=	0.50766
Feedback: 0.66
Received=	0.15524
=====  12:7:15 - NF  ============
Feedback: 0.79756
Received=	0.36549
Feedback: 0.69133
Received=	0.85907
Feedback: 0.44194
Received=	1.1161
Feedback: 0.31208
Received=	1.0091
Feedback: 0.36614
Received=	0.72338
Feedback: 0.51051
Received=	0.47082
Feedback: 0.63811
Received=	0.63189
Feedback: 0.55673
Received=	0.42989
Feedback: 0.65879
Received=	0.21798
Feedback: 0.76586
Received=	-0.060667
Feedback: 0.9
Received=	0.60572
Feedback: 0.56995
Received=	0.98236
Feedback: 0.37965
Received=	0.91707
Feedback: 0.41264
Received=	0.93705
Feedback: 0.40254
Received=	0.69994
Feedback: 0.52234
Received=	0.72439
Feedback: 0.50999
Received=	1.3722
Feedback: 0.18268
Received=	1.1168
Feedback: 0.31173
Received=	0.98089
Feedback: 0.38039
Received=	1.0288
Feedback: 0.35618
Received=	0.79795
Feedback: 0.47283
Received=	0.62133
Feedback: 0.56207
Received=	0.26763
Feedback: 0.74078
Received=	0.61642
Feedback: 0.56455
Received=	1.2825
Feedback: 0.22798
Received=	1.0535
Feedback: 0.34368
Received=	1.2373
Feedback: 0.25086
Received=	0.59536
Feedback: 0.57519
Received=	0.6112
Feedback: 0.56718
Received=	0.48801
Feedback: 0.62943
Received=	0.78867
Feedback: 0.47751
Received=	0.80048
Feedback: 0.47155
Received=	1.4049
Feedback: 0.16617
Received=	1.1047
Feedback: 0.31782
Received=	0.63203
Feedback: 0.55666
Received=	0.20997
Feedback: 0.76991
Received=	0.9533
Feedback: 0.39433
Received=	1.1102
Feedback: 0.31507
Received=	0.88074
Feedback: 0.43099
Received=	0.17973
Feedback: 0.78519
Received=	0.56311
Feedback: 0.59148
Received=	0.42489
Feedback: 0.66132
Received=	0.34015
Feedback: 0.70414
Received=	1.0434
Feedback: 0.34883
Received=	1.5085
Feedback: 0.11381
Received=	1.0823
Feedback: 0.32913
Received=	0.12016
Feedback: 0.81529
Received=	0.25174
Feedback: 0.7488
Received=	0.75115
Feedback: 0.49647
Received=	0.90059
Feedback: 0.42096
Received=	0.23381
Feedback: 0.75787
Received=	0.89246
Feedback: 0.42508
Received=	1.2572
Feedback: 0.24078
Received=	1.359
Feedback: 0.18933
Received=	1.1379
Feedback: 0.30108
Received=	0.70015
Feedback: 0.52224
Received=	0.080971
Feedback: 0.83509
Received=	0.40673
Feedback: 0.6705
Received=	0.55114
Feedback: 0.59753
Calculated range:	[(-2.000000) - (2.000000)]
Success index = (-0.005464)
Received=	1.2011
=====  12:10:15 - BASE  ============
Feedback: 0.66
Received=	1.658
Feedback: 0.66
Received=	0.89901
Feedback: 0.66
Received=	0.32608
Feedback: 0.66
Received=	-0.087998
Feedback: 0.66
Received=	0.44511
Feedback: 0.66
Received=	0.87149
Feedback: 0.66
Received=	1.1096
Feedback: 0.66
Received=	1.0049
Feedback: 0.66
Received=	1.0637
Feedback: 0.66
Received=	0.60774
Feedback: 0.66
Received=	-0.3368
Feedback: 0.66
Received=	-0.40961
Feedback: 0.66
Received=	0.47126
Feedback: 0.66
Received=	0.52573
Feedback: 0.66
Received=	0.88221
Feedback: 0.66
Received=	0.83618
Feedback: 0.66
Received=	0.56206
Feedback: 0.66
Received=	0.77892
Feedback: 0.66
Received=	0.83045
Feedback: 0.66
Received=	0.75336
=====  12:11:15 - NF  ============
Feedback: 0.42218
Received=	0.68298
Feedback: 0.45318
Received=	0.48383
Feedback: 0.54089
Received=	0.075506
Feedback: 0.72073
Received=	0.47172
Feedback: 0.54622
Received=	0.80606
Feedback: 0.39896
Received=	0.6493
Feedback: 0.46801
Received=	0.50986
Feedback: 0.52942
Received=	0.25788
Feedback: 0.64041
Received=	0.47743
Feedback: 0.54371
Received=	0.72183
Feedback: 0.43606
Received=	0.13208
Feedback: 0.69582
Received=	0.3918
Feedback: 0.58142
Received=	0.7522
Feedback: 0.42268
Received=	0.41873
Feedback: 0.56956
Received=	0.47329
Feedback: 0.54553
Received=	0.62431
Feedback: 0.47901
Received=	0.97467
Feedback: 0.3247
Received=	0.87905
Feedback: 0.36681
Received=	0.5869
Feedback: 0.49549
Received=	1.0581
Feedback: 0.28794
Received=	1.2972
Feedback: 0.18264
Received=	1.4165
Feedback: 0.13011
Received=	1.1197
Feedback: 0.26084
Received=	0.73262
Feedback: 0.43131
Received=	0.6017
Feedback: 0.48897
Received=	-0.042422
Feedback: 0.77267
Received=	0.32037
Feedback: 0.61288
Received=	1.2459
Feedback: 0.20524
Received=	1.1266
Feedback: 0.25777
Received=	1.1763
Feedback: 0.23588
Received=	1.0019
Feedback: 0.31271
Received=	0.56179
Feedback: 0.50655
Received=	0.71311
Feedback: 0.4399
Received=	1.1536
Feedback: 0.2459
Received=	0.91903
Feedback: 0.34921
Received=	0.80063
Feedback: 0.40135
Received=	0.57373
Feedback: 0.50129
Received=	0.7683
Feedback: 0.4156
Received=	0.60535
Feedback: 0.48737
Received=	0.21773
Feedback: 0.65809
Received=	0.37458
Feedback: 0.58901
Received=	0.20045
Feedback: 0.6657
Received=	0.17801
Feedback: 0.67559
Received=	0.21582
Feedback: 0.65893
Received=	0.38901
Feedback: 0.58265
Received=	0.38565
Feedback: 0.58413
Received=	0.48729
Feedback: 0.53936
Received=	0.12697
Feedback: 0.69807
Received=	0.33109
Feedback: 0.60816
Received=	0.36511
Feedback: 0.59318
Received=	1.1012
Feedback: 0.26896
Received=	1.1253
Feedback: 0.25835
Received=	0.79579
Feedback: 0.40349
Received=	0.60009
Feedback: 0.48968
Received=	0.63289
Feedback: 0.47524
Received=	0.4088
Feedback: 0.57394
Received=	0.78312
Feedback: 0.40907
Received=	0.508
Feedback: 0.53024
Received=	0.31877
Feedback: 0.61359
Calculated range:	[(-2.000000) - (2.000000)]
Success index = (0.147249)
closing...
