Direction=-1.000000	; step=1.000000;
Received=	0
Feedback: 0.66
Received=	0
Feedback: 0.66
Received=	0
Feedback: 0.66
Received=	0.3711
Feedback: 0.66
Received=	0.54424
Feedback: 0.66
Received=	0.11088
Feedback: 0.66
Received=	-0.24622
Feedback: 0.66
Received=	0.031162
Feedback: 0.66
Received=	0.16944
Feedback: 0.66
Received=	0.45631
Feedback: 0.66
Received=	0.4963
Feedback: 0.66
Received=	0.11272
Feedback: 0.66
Received=	0.075729
Feedback: 0.66
Received=	0.019602
Feedback: 0.66
Received=	0.29479
Feedback: 0.66
Received=	0.40571
Feedback: 0.66
Received=	0.032877
Feedback: 0.66
Received=	0.072839
Feedback: 0.66
Received=	0.038767
Feedback: 0.66
Received=	-0.43182
Feedback: 0.66
Received=	-0.18519
=====  12:26:10 - NF  ============
Feedback: 0.75798
Received=	-0.31079
Feedback: 0.85704
Received=	-0.21792
Feedback: 0.78379
Received=	-0.21995
Feedback: 0.78539
Received=	-0.031735
Feedback: 0.63695
Received=	0.09057
Feedback: 0.54049
Received=	0.22341
Feedback: 0.43573
Received=	0.07556
Feedback: 0.55233
Received=	-0.095595
Feedback: 0.68732
Received=	-0.23128
Feedback: 0.79433
Received=	0.021996
Feedback: 0.59458
Received=	0.36964
Feedback: 0.3204
Received=	0.13783
Feedback: 0.50322
Received=	0.028784
Feedback: 0.58922
Received=	0.047803
Feedback: 0.57422
Received=	0.06947
Feedback: 0.55713
Received=	-0.06668
Feedback: 0.66451
Received=	-0.070655
Feedback: 0.66765
Received=	0.080431
Feedback: 0.54849
Received=	-0.11662
Feedback: 0.7039
Received=	-0.093881
Feedback: 0.68596
Received=	0.17784
Feedback: 0.47167
Received=	0.38135
Feedback: 0.31116
Received=	0.18599
Feedback: 0.46524
Received=	-0.10018
Feedback: 0.69093
Received=	-0.22479
Feedback: 0.78921
Received=	0.24452
Feedback: 0.41907
Received=	0.30237
Feedback: 0.37345
Received=	-0.00045693
Feedback: 0.61228
Received=	0.039486
Feedback: 0.58078
Received=	0.20713
Feedback: 0.44856
Received=	0.25132
Feedback: 0.41372
Received=	0.121
Feedback: 0.51649
Received=	0.0018702
Feedback: 0.61045
Received=	0.034346
Feedback: 0.58483
Received=	-0.35033
Feedback: 0.88822
Received=	-0.20912
Feedback: 0.77685
Received=	0.10654
Feedback: 0.52789
Received=	0.17799
Feedback: 0.47155
Received=	0.23781
Feedback: 0.42437
Received=	0.31469
Feedback: 0.36373
Received=	0.20681
Feedback: 0.44881
Received=	0.023471
Feedback: 0.59341
Received=	-0.20187
Feedback: 0.77114
Received=	0.1879
Feedback: 0.46373
Received=	0.47899
Feedback: 0.23416
Received=	0.45586
Feedback: 0.2524
Received=	0.58468
Feedback: 0.1508
Received=	0.71446
Feedback: 0.1
Received=	0.027511
Feedback: 0.59023
Received=	-0.4384
Feedback: 0.9
Received=	-0.26101
Feedback: 0.81778
Received=	-0.36876
Feedback: 0.9
Received=	-0.28906
Feedback: 0.8399
Received=	-0.311
Feedback: 0.8572
Received=	-0.55149
Feedback: 0.9
Received=	-0.81782
Feedback: 0.9
Received=	-0.57523
Feedback: 0.9
Received=	-0.22804
Feedback: 0.79177
Received=	-0.24064
Feedback: 0.80171
Calculated range:	[(-2.000000) - (2.000000)]
Success index = (-0.519654)
Received=	-0.31072
=====  12:29:10 - BASE  ============
Feedback: 0.66
Received=	-0.39501
Feedback: 0.66
Received=	-0.19077
Feedback: 0.66
Received=	0.13733
Feedback: 0.66
Received=	0.20097
Feedback: 0.66
Received=	0.46877
Feedback: 0.66
Received=	0.45362
Feedback: 0.66
Received=	0.021072
Feedback: 0.66
Received=	0.078362
Feedback: 0.66
Received=	0.18316
Feedback: 0.66
Received=	0.036594
Feedback: 0.66
Received=	0.30109
Feedback: 0.66
Received=	0.46768
Feedback: 0.66
Received=	0.49588
Feedback: 0.66
Received=	0.044238
Feedback: 0.66
Received=	-0.24241
Feedback: 0.66
Received=	0.097361
Feedback: 0.66
Received=	0.08491
Feedback: 0.66
Received=	0.064878
Feedback: 0.66
Received=	-0.1848
Feedback: 0.66
Received=	-0.044533
=====  12:30:10 - NF  ============
Feedback: 0.66198
Received=	0.14667
Feedback: 0.49404
Received=	0.054226
Feedback: 0.57524
Received=	-0.055944
Feedback: 0.672
Received=	0.015195
Feedback: 0.60952
Received=	0.069566
Feedback: 0.56176
Received=	0.3869
Feedback: 0.28304
Received=	0.47768
Feedback: 0.20331
Received=	0.21932
Feedback: 0.43023
Received=	0.05056
Feedback: 0.57846
Received=	-0.10266
Feedback: 0.71303
Received=	-0.27849
Feedback: 0.86747
Received=	-0.17502
Feedback: 0.77659
Received=	-0.048908
Feedback: 0.66582
Received=	0.063256
Feedback: 0.56731
Received=	-0.057066
Feedback: 0.67299
Received=	0.00065862
Feedback: 0.62229
Received=	0.083555
Feedback: 0.54948
Received=	0.00069103
Feedback: 0.62226
Received=	0.085117
Feedback: 0.5481
Received=	0.25898
Feedback: 0.39539
Received=	0.41382
Feedback: 0.2594
Received=	0.3639
Feedback: 0.30324
Received=	0.13302
Feedback: 0.50603
Received=	0.010545
Feedback: 0.6136
Received=	-0.051051
Feedback: 0.6677
Received=	0.14224
Feedback: 0.49793
Received=	-0.00098412
Feedback: 0.62373
Received=	0.18579
Feedback: 0.45968
Received=	-0.16116
Feedback: 0.76441
Received=	-0.27236
Feedback: 0.86209
Received=	0.20391
Feedback: 0.44376
Received=	0.35287
Feedback: 0.31293
Received=	-0.027661
Feedback: 0.64716
Received=	-0.3926
Feedback: 0.9
Received=	-0.19066
Feedback: 0.79033
Received=	0.21871
Feedback: 0.43077
Received=	-0.065019
Feedback: 0.67997
Received=	-0.18401
Feedback: 0.78449
Received=	-0.10391
Feedback: 0.71413
Received=	0.028891
Feedback: 0.59749
Received=	-0.26253
Feedback: 0.85345
Received=	-0.58801
Feedback: 0.9
Received=	-0.3505
Feedback: 0.9
Received=	0.040854
Feedback: 0.58698
Received=	0.1945
Feedback: 0.45203
Received=	0.29747
Feedback: 0.36159
Received=	0.28504
Feedback: 0.3725
Received=	-0.047047
Feedback: 0.66419
Received=	-0.042569
Feedback: 0.66025
Received=	-0.096052
Feedback: 0.70723
Received=	-0.15288
Feedback: 0.75714
Received=	-0.15444
Feedback: 0.75851
Received=	0.33473
Feedback: 0.32886
Received=	0.49642
Feedback: 0.18685
Received=	0.25159
Feedback: 0.40189
Received=	0.52897
Feedback: 0.15826
Received=	0.20442
Feedback: 0.44332
Received=	0.15246
Feedback: 0.48896
Received=	0.21597
Feedback: 0.43317
Calculated range:	[(-2.000000) - (2.000000)]
Success index = (-0.389595)
Received=	-0.19994
=====  12:33:10 - BASE  ============
Feedback: 0.66
Received=	-0.19121
Feedback: 0.66
Received=	-0.32103
Feedback: 0.66
Received=	-0.46097
Feedback: 0.66
Received=	-0.34359
Feedback: 0.66
Received=	-0.27723
Feedback: 0.66
Received=	-0.28022
Feedback: 0.66
Received=	0.22165
Feedback: 0.66
Received=	0.25261
Feedback: 0.66
Received=	-0.043053
Feedback: 0.66
Received=	0.19341
Feedback: 0.66
Received=	0.1735
Feedback: 0.66
Received=	0.42442
Feedback: 0.66
Received=	0.58701
Feedback: 0.66
Received=	1.0149
Feedback: 0.66
Received=	0.57671
Feedback: 0.66
Received=	0.30076
Feedback: 0.66
Received=	0.5717
Feedback: 0.66
Received=	0.50267
Feedback: 0.66
Received=	0.44387
Feedback: 0.66
Received=	0.36433
=====  12:34:10 - NF  ============
Feedback: 0.41774
Received=	0.68328
Feedback: 0.26142
Received=	0.58137
Feedback: 0.31137
Received=	0.30981
Feedback: 0.44447
Received=	0.16347
Feedback: 0.51619
Received=	0.04276
Feedback: 0.57536
Received=	0.25674
Feedback: 0.47048
Received=	0.36677
Feedback: 0.41655
Received=	0.34143
Feedback: 0.42897
Received=	0.33469
Feedback: 0.43227
Received=	0.2955
Feedback: 0.45148
Received=	0.11657
Feedback: 0.53918
Received=	0.035486
Feedback: 0.57892
Received=	-0.098139
Feedback: 0.64442
Received=	-0.29571
Feedback: 0.74125
Received=	0.020865
Feedback: 0.58609
Received=	0.14483
Feedback: 0.52533
Received=	-0.10801
Feedback: 0.64926
Received=	0.015773
Feedback: 0.58858
Received=	0.074053
Feedback: 0.56002
Received=	0.12413
Feedback: 0.53547
Received=	-0.10709
Feedback: 0.6488
Received=	0.16854
Feedback: 0.51371
Received=	-0.017399
Feedback: 0.60484
Received=	-0.11351
Feedback: 0.65195
Received=	0.36481
Feedback: 0.41751
Received=	0.40133
Feedback: 0.39961
Received=	0.74619
Feedback: 0.23058
Received=	0.52828
Feedback: 0.33739
Received=	0.1804
Feedback: 0.50789
Received=	0.05659
Feedback: 0.56858
Received=	-0.056138
Feedback: 0.62383
Received=	-0.31176
Feedback: 0.74912
Received=	-0.084852
Feedback: 0.6379
Received=	0.09985
Feedback: 0.54738
Received=	0.17083
Feedback: 0.51259
Received=	0.1204
Feedback: 0.5373
Received=	-0.046458
Feedback: 0.61909
Received=	0.040122
Feedback: 0.57665
Received=	0.041664
Feedback: 0.57589
Received=	0.071618
Feedback: 0.56121
Received=	0.02211
Feedback: 0.58548
Received=	0.28047
Feedback: 0.45885
Received=	0.28671
Feedback: 0.45579
Received=	0.15224
Feedback: 0.5217
Received=	-0.071514
Feedback: 0.63137
Received=	-0.17504
Feedback: 0.68211
Received=	-0.14556
Feedback: 0.66766
Received=	-0.63642
Feedback: 0.9
Received=	-0.55635
Feedback: 0.869
Received=	-0.21727
Feedback: 0.70281
Received=	-0.27616
Feedback: 0.73167
Received=	-0.3006
Feedback: 0.74365
Received=	-0.48568
Feedback: 0.83436
Received=	-0.66151
Feedback: 0.9
Received=	0.042087
Feedback: 0.57569
Received=	0.1775
Feedback: 0.50931
Received=	0.076232
Feedback: 0.55895
Received=	-0.032012
Feedback: 0.61201
Received=	-0.08981
Feedback: 0.64033
Calculated range:	[(-2.000000) - (2.000000)]
Success index = (-0.444224)
Received=	0.17131
=====  12:37:10 - BASE  ============
Feedback: 0.66
Received=	-0.012259
Feedback: 0.66
Received=	-0.39186
Feedback: 0.66
Received=	-0.19384
Feedback: 0.66
Received=	0.076008
Feedback: 0.66
Received=	0.24566
Feedback: 0.66
Received=	0.50519
Feedback: 0.66
Received=	-0.32707
Feedback: 0.66
Received=	-0.19716
Feedback: 0.66
Received=	0.072448
Feedback: 0.66
Received=	0.61748
Feedback: 0.66
Received=	0.50119
Feedback: 0.66
Received=	0.16706
Feedback: 0.66
Received=	-0.084228
Feedback: 0.66
Received=	-0.2494
Feedback: 0.66
Received=	-0.39137
Feedback: 0.66
Received=	-0.30048
Feedback: 0.66
Received=	-0.41362
Feedback: 0.66
Received=	-0.54294
Feedback: 0.66
Received=	-0.33181
Feedback: 0.66
Received=	-0.2013
=====  12:38:10 - NF  ============
Feedback: 0.5749
Received=	-0.18461
Feedback: 0.56546
Received=	-0.13738
Feedback: 0.53876
Received=	-0.059211
Feedback: 0.49457
Received=	-0.37802
Feedback: 0.67481
Received=	-0.1523
Feedback: 0.5472
Received=	0.010153
Feedback: 0.45535
Received=	0.31999
Feedback: 0.28018
Received=	0.15737
Feedback: 0.37212
Received=	-0.037635
Feedback: 0.48237
Received=	0.17957
Feedback: 0.35957
Received=	0.49299
Feedback: 0.18237
Received=	0.35695
Feedback: 0.25929
Received=	-0.026682
Feedback: 0.47618
Received=	-0.15568
Feedback: 0.54911
Received=	-0.11879
Feedback: 0.52825
Received=	0.24729
Feedback: 0.32128
Received=	0.25945
Feedback: 0.31441
Received=	0.017032
Feedback: 0.45146
Received=	0.12111
Feedback: 0.39262
Received=	0.07764
Feedback: 0.4172
Received=	0.16079
Feedback: 0.37019
Received=	0.28165
Feedback: 0.30186
Received=	0.60995
Feedback: 0.11625
Received=	0.48745
Feedback: 0.18551
Received=	-0.15152
Feedback: 0.54676
Received=	0.17113
Feedback: 0.36434
Received=	0.11891
Feedback: 0.39387
Received=	-0.29879
Feedback: 0.63002
Received=	-0.15824
Feedback: 0.55055
Received=	0.32917
Feedback: 0.27499
Received=	0.0098505
Feedback: 0.45552
Received=	0.1295
Feedback: 0.38788
Received=	0.49425
Feedback: 0.18166
Received=	0.29159
Feedback: 0.29624
Received=	-0.20505
Feedback: 0.57702
Received=	-0.17927
Feedback: 0.56244
Received=	-0.056917
Feedback: 0.49327
Received=	0.33519
Feedback: 0.27159
Received=	0.48086
Feedback: 0.18923
Received=	0.40373
Feedback: 0.23284
Received=	0.054089
Feedback: 0.43051
Received=	-0.18485
Feedback: 0.5656
Received=	0.063735
Feedback: 0.42506
Received=	0.15575
Feedback: 0.37304
Received=	0.048308
Feedback: 0.43378
Received=	-0.091485
Feedback: 0.51282
Received=	-0.26004
Feedback: 0.60811
Received=	-0.37774
Feedback: 0.67465
Received=	-0.19155
Feedback: 0.56939
Received=	0.10021
Feedback: 0.40444
Received=	0.37995
Feedback: 0.24628
Received=	0.21052
Feedback: 0.34207
Received=	-0.19256
Feedback: 0.56996
Received=	-0.014492
Feedback: 0.46929
Received=	0.39241
Feedback: 0.23924
Received=	0.70662
Feedback: 0.1
Received=	0.37954
Feedback: 0.24651
Received=	0.27953
Feedback: 0.30306
Received=	-0.30504
Feedback: 0.63355
Calculated range:	[(-2.000000) - (2.000000)]
Success index = (0.551467)
Received=	-0.23604
=====  12:41:10 - BASE  ============
Feedback: 0.66
Received=	-0.21868
Feedback: 0.66
Received=	0.010809
Feedback: 0.66
Received=	-0.13486
Feedback: 0.66
Received=	-0.11043
Feedback: 0.66
Received=	-0.010393
Feedback: 0.66
Received=	0.11769
Feedback: 0.66
Received=	0.40155
Feedback: 0.66
Received=	0.47932
Feedback: 0.66
Received=	0.55683
Feedback: 0.66
Received=	0.32167
Feedback: 0.66
Received=	0.20021
Feedback: 0.66
Received=	0.22815
Feedback: 0.66
Received=	0.21785
Feedback: 0.66
Received=	0.52743
Feedback: 0.66
Received=	0.042044
Feedback: 0.66
Received=	-0.0065268
Feedback: 0.66
Received=	0.2569
Feedback: 0.66
Received=	-0.10773
Feedback: 0.66
Received=	-0.27245
Feedback: 0.66
Received=	-0.26769
=====  12:42:10 - NF  ============
Feedback: 0.84355
Received=	0.05759
Feedback: 0.57665
Received=	0.0026215
Feedback: 0.62175
Received=	-0.25549
Feedback: 0.83355
Received=	-0.3599
Feedback: 0.9
Received=	-0.039157
Feedback: 0.65604
Received=	0.017919
Feedback: 0.6092
Received=	0.25543
Feedback: 0.41431
Received=	0.58497
Feedback: 0.14391
Received=	0.48335
Feedback: 0.22729
Received=	0.6091
Feedback: 0.12411
Received=	0.40544
Feedback: 0.29122
Received=	0.34856
Feedback: 0.33789
Received=	0.19527
Feedback: 0.46368
Received=	0.32346
Feedback: 0.35849
Received=	0.31705
Feedback: 0.36375
Received=	0.61621
Feedback: 0.11827
Received=	0.65656
Feedback: 0.1
Received=	0.64601
Feedback: 0.1
Received=	0.52342
Feedback: 0.19441
Received=	0.33199
Feedback: 0.35149
Received=	0.44605
Feedback: 0.2579
Received=	0.48651
Feedback: 0.2247
Received=	0.66643
Feedback: 0.1
Received=	0.738
Feedback: 0.1
Received=	0.20765
Feedback: 0.45352
Received=	-0.16979
Feedback: 0.76322
Received=	-0.2455
Feedback: 0.82535
Received=	-0.065289
Feedback: 0.67748
Received=	0.14847
Feedback: 0.50208
Received=	0.0054657
Feedback: 0.61942
Received=	0.077658
Feedback: 0.56018
Received=	0.61493
Feedback: 0.11933
Received=	0.7636
Feedback: 0.1
Received=	0.47058
Feedback: 0.23778
Received=	-0.01812
Feedback: 0.63877
Received=	0.16407
Feedback: 0.48928
Received=	0.47519
Feedback: 0.23399
Received=	0.28555
Feedback: 0.3896
Received=	0.28566
Feedback: 0.3895
Received=	0.26142
Feedback: 0.4094
Received=	0.41103
Feedback: 0.28663
Received=	0.68221
Feedback: 0.1
Received=	0.70114
Feedback: 0.1
Received=	0.24754
Feedback: 0.42079
Received=	0.10513
Feedback: 0.53764
Received=	-0.062668
Feedback: 0.67533
Received=	0.23434
Feedback: 0.43162
Received=	-0.0079457
Feedback: 0.63043
Received=	-0.17619
Feedback: 0.76848
Received=	0.17377
Feedback: 0.48132
Received=	0.42393
Feedback: 0.27605
Received=	0.51767
Feedback: 0.19914
Received=	0.44511
Feedback: 0.25867
Received=	0.38815
Feedback: 0.30541
Received=	0.11463
Feedback: 0.52985
Received=	0.37454
Feedback: 0.31658
Received=	0.11635
Feedback: 0.52844
Received=	0.13239
Feedback: 0.51527
Received=	0.36852
Feedback: 0.32152
Calculated range:	[(-2.000000) - (2.000000)]
Success index = (0.437057)
closing...
