Direction=-1.000000	; step=1.000000;
Received=	0
Feedback: 0.66
Received=	0
Feedback: 0.66
Received=	0
Feedback: 0.66
Received=	-0.061962
Feedback: 0.66
Received=	-0.064633
Feedback: 0.66
Received=	-0.1754
Feedback: 0.66
Received=	0.1911
Feedback: 0.66
Received=	0.043238
Feedback: 0.66
Received=	-0.21816
Feedback: 0.66
Received=	-0.15095
Feedback: 0.66
Received=	-0.13656
Feedback: 0.66
Received=	-0.28658
Feedback: 0.66
Received=	-0.53566
Feedback: 0.66
Received=	-0.14778
Feedback: 0.66
Received=	0.045291
Feedback: 0.66
Received=	-0.21666
Feedback: 0.66
Received=	-0.21022
Feedback: 0.66
Received=	0.06979
Feedback: 0.66
Received=	0.21515
Feedback: 0.66
Received=	-0.24453
Feedback: 0.66
Received=	-0.31894
=====  12:46:29 - NF  ============
Feedback: 0.73525
Received=	-0.57708
Feedback: 0.9
Received=	-0.45592
Feedback: 0.88567
Received=	-0.17687
Feedback: 0.57925
Received=	-0.086177
Feedback: 0.47966
Received=	-0.11524
Feedback: 0.51158
Received=	0.027395
Feedback: 0.35495
Received=	0.065748
Feedback: 0.31284
Received=	0.063293
Feedback: 0.31553
Received=	0.041951
Feedback: 0.33897
Received=	0.016363
Feedback: 0.36707
Received=	-0.33827
Feedback: 0.75648
Received=	-0.46429
Feedback: 0.89487
Received=	-0.37538
Feedback: 0.79723
Received=	0.013548
Feedback: 0.37016
Received=	-0.20822
Feedback: 0.61368
Received=	-0.40987
Feedback: 0.83511
Received=	-0.34963
Feedback: 0.76896
Received=	-0.31138
Feedback: 0.72696
Received=	-0.099101
Feedback: 0.49386
Received=	0.18181
Feedback: 0.18539
Received=	0.46431
Feedback: 0.1
Received=	0.21299
Feedback: 0.15115
Received=	0.026804
Feedback: 0.3556
Received=	-0.13579
Feedback: 0.53414
Received=	-0.1462
Feedback: 0.54557
Received=	-0.33957
Feedback: 0.75791
Received=	-0.32873
Feedback: 0.746
Received=	-0.36949
Feedback: 0.79077
Received=	-0.47048
Feedback: 0.9
Received=	-0.29433
Feedback: 0.70824
Received=	-0.3793
Feedback: 0.80153
Received=	-0.24808
Feedback: 0.65745
Received=	-0.5098
Feedback: 0.9
Received=	-0.48216
Feedback: 0.9
Received=	-0.36444
Feedback: 0.78522
Received=	-0.2187
Feedback: 0.62519
Received=	-0.22582
Feedback: 0.63301
Received=	-0.31934
Feedback: 0.73569
Received=	-0.16956
Feedback: 0.57123
Received=	-0.21109
Feedback: 0.61683
Received=	0.011175
Feedback: 0.37276
Received=	0.096123
Feedback: 0.27948
Received=	-0.18198
Feedback: 0.58486
Received=	-0.33775
Feedback: 0.75592
Received=	-0.31408
Feedback: 0.72993
Received=	-0.046443
Feedback: 0.43603
Received=	-0.063533
Feedback: 0.4548
Received=	0.10935
Feedback: 0.26496
Received=	0.60689
Feedback: 0.1
Received=	0.21469
Feedback: 0.14929
Received=	0.022357
Feedback: 0.36048
Received=	-0.066877
Feedback: 0.45847
Received=	-0.041281
Feedback: 0.43036
Received=	-0.4434
Feedback: 0.87193
Received=	-0.11151
Feedback: 0.50749
Received=	0.27475
Feedback: 0.1
Received=	0.37329
Feedback: 0.1
Received=	0.38037
Feedback: 0.1
Received=	0.037777
Feedback: 0.34355
Calculated range:	[(-2.000000) - (2.000000)]
Success index = (-0.109379)
Received=	-0.13065
=====  12:49:29 - BASE  ============
Feedback: 0.66
Received=	-0.034442
Feedback: 0.66
Received=	9.061e-06
Feedback: 0.66
Received=	-0.11067
Feedback: 0.66
Received=	-0.28773
Feedback: 0.66
Received=	-0.29024
Feedback: 0.66
Received=	-0.1643
Feedback: 0.66
Received=	-0.028173
Feedback: 0.66
Received=	-0.27785
Feedback: 0.66
Received=	-0.27034
Feedback: 0.66
Received=	-0.25866
Feedback: 0.66
Received=	-0.18411
Feedback: 0.66
Received=	-0.052217
Feedback: 0.66
Received=	0.34073
Feedback: 0.66
Received=	0.28708
Feedback: 0.66
Received=	-0.32793
Feedback: 0.66
Received=	-0.48072
Feedback: 0.66
Received=	0.069707
Feedback: 0.66
Received=	-0.21641
Feedback: 0.66
Received=	-0.14072
Feedback: 0.66
Received=	-0.31894
=====  12:50:29 - NF  ============
Feedback: 0.67695
Received=	-0.58258
Feedback: 0.9
Received=	-0.19767
Feedback: 0.5616
Received=	0.26885
Feedback: 0.11782
Received=	0.16835
Feedback: 0.21342
Received=	-0.039829
Feedback: 0.41145
Received=	-0.031508
Feedback: 0.40353
Received=	-0.12771
Feedback: 0.49505
Received=	0.16324
Feedback: 0.21828
Received=	0.080548
Feedback: 0.29694
Received=	0.0021095
Feedback: 0.37155
Received=	-0.070602
Feedback: 0.44072
Received=	0.02018
Feedback: 0.35437
Received=	0.073656
Feedback: 0.3035
Received=	-0.068575
Feedback: 0.43879
Received=	-0.12231
Feedback: 0.48991
Received=	0.068359
Feedback: 0.30854
Received=	-0.030463
Feedback: 0.40254
Received=	0.053652
Feedback: 0.32253
Received=	0.015153
Feedback: 0.35915
Received=	-0.14365
Feedback: 0.51021
Received=	-0.48263
Feedback: 0.83266
Received=	-0.49191
Feedback: 0.84149
Received=	-0.27731
Feedback: 0.63735
Received=	-0.17202
Feedback: 0.5372
Received=	0.084856
Feedback: 0.29284
Received=	0.12783
Feedback: 0.25196
Received=	0.071472
Feedback: 0.30557
Received=	-0.050537
Feedback: 0.42163
Received=	-0.16778
Feedback: 0.53316
Received=	-0.21412
Feedback: 0.57724
Received=	-0.2421
Feedback: 0.60385
Received=	-0.52142
Feedback: 0.86956
Received=	-0.25971
Feedback: 0.6206
Received=	-0.36407
Feedback: 0.71988
Received=	-0.10478
Feedback: 0.47323
Received=	-0.46774
Feedback: 0.81849
Received=	-0.3164
Feedback: 0.67454
Received=	-0.46178
Feedback: 0.81282
Received=	-0.43878
Feedback: 0.79094
Received=	-0.07335
Feedback: 0.44333
Received=	0.1851
Feedback: 0.19748
Received=	-0.52912
Feedback: 0.87688
Received=	-0.35326
Feedback: 0.70959
Received=	-0.15473
Feedback: 0.52074
Received=	-0.17922
Feedback: 0.54405
Received=	0.014739
Feedback: 0.35954
Received=	0.052463
Feedback: 0.32366
Received=	-0.13436
Feedback: 0.50137
Received=	0.086568
Feedback: 0.29121
Received=	-0.11919
Feedback: 0.48694
Received=	0.25997
Feedback: 0.12627
Received=	0.16233
Feedback: 0.21915
Received=	0.068627
Feedback: 0.30828
Received=	-0.080483
Feedback: 0.45012
Received=	-0.2664
Feedback: 0.62698
Received=	-0.1935
Feedback: 0.55763
Received=	0.17398
Feedback: 0.20807
Received=	0.055139
Feedback: 0.32111
Received=	-0.13258
Feedback: 0.49968
Calculated range:	[(-2.000000) - (2.000000)]
Success index = (0.097729)
Received=	-0.17789
=====  12:53:29 - BASE  ============
Feedback: 0.66
Received=	-0.15923
Feedback: 0.66
Received=	0.17136
Feedback: 0.66
Received=	0.15346
Feedback: 0.66
Received=	-0.093737
Feedback: 0.66
Received=	0.16053
Feedback: 0.66
Received=	0.15305
Feedback: 0.66
Received=	0.037872
Feedback: 0.66
Received=	-0.11865
Feedback: 0.66
Received=	-0.23685
Feedback: 0.66
Received=	0.11205
Feedback: 0.66
Received=	0.25155
Feedback: 0.66
Received=	0.25723
Feedback: 0.66
Received=	0.42636
Feedback: 0.66
Received=	0.4611
Feedback: 0.66
Received=	-0.030986
Feedback: 0.66
Received=	-0.062357
Feedback: 0.66
Received=	0.050404
Feedback: 0.66
Received=	0.32389
Feedback: 0.66
Received=	-0.10124
Feedback: 0.66
Received=	-0.28687
=====  12:54:29 - NF  ============
Feedback: 0.9
Received=	-0.48467
Feedback: 0.9
Received=	-0.20334
Feedback: 0.81984
Received=	-0.16685
Feedback: 0.78215
Received=	-0.3347
Feedback: 0.9
Received=	-0.12636
Feedback: 0.74035
Received=	0.090866
Feedback: 0.51603
Received=	0.11148
Feedback: 0.49474
Received=	-0.13586
Feedback: 0.75016
Received=	-0.29938
Feedback: 0.9
Received=	-0.20532
Feedback: 0.82188
Received=	-0.15452
Feedback: 0.76943
Received=	-0.41017
Feedback: 0.9
Received=	-0.16991
Feedback: 0.78532
Received=	-0.14425
Feedback: 0.75882
Received=	-0.18539
Feedback: 0.8013
Received=	-0.038747
Feedback: 0.64987
Received=	0.21216
Feedback: 0.39078
Received=	0.28093
Feedback: 0.31976
Received=	0.31901
Feedback: 0.28045
Received=	-0.045486
Feedback: 0.65683
Received=	0.093455
Feedback: 0.51336
Received=	0.16938
Feedback: 0.43496
Received=	-0.047383
Feedback: 0.65879
Received=	-0.095879
Feedback: 0.70887
Received=	-0.19098
Feedback: 0.80708
Received=	-0.025127
Feedback: 0.63581
Received=	-0.48918
Feedback: 0.9
Received=	-0.4988
Feedback: 0.9
Received=	-0.58258
Feedback: 0.9
Received=	-0.52419
Feedback: 0.9
Received=	-0.35048
Feedback: 0.9
Received=	-0.17889
Feedback: 0.79459
Received=	-0.28613
Feedback: 0.9
Received=	-0.0040634
Feedback: 0.61406
Received=	0.16819
Feedback: 0.43618
Received=	0.099411
Feedback: 0.50721
Received=	-0.1093
Feedback: 0.72272
Received=	-0.1963
Feedback: 0.81257
Received=	-0.16427
Feedback: 0.77949
Received=	0.18431
Feedback: 0.41953
Received=	0.49213
Feedback: 0.10168
Received=	0.12865
Feedback: 0.47701
Received=	-0.10706
Feedback: 0.72042
Received=	-0.23236
Feedback: 0.84981
Received=	0.019183
Feedback: 0.59005
Received=	0.11244
Feedback: 0.49376
Received=	0.076521
Feedback: 0.53085
Received=	0.07818
Feedback: 0.52913
Received=	0.27443
Feedback: 0.32648
Received=	0.022658
Feedback: 0.58647
Received=	0.29073
Feedback: 0.30965
Received=	-0.0075075
Feedback: 0.61762
Received=	-0.16895
Feedback: 0.78433
Received=	-0.046917
Feedback: 0.65831
Received=	-0.1345
Feedback: 0.74875
Received=	-0.27096
Feedback: 0.88966
Received=	0.12111
Feedback: 0.4848
Received=	0.34495
Feedback: 0.25366
Received=	-0.049735
Feedback: 0.66122
Calculated range:	[(-2.000000) - (2.000000)]
Success index = (-0.807492)
Received=	0.027656
=====  12:57:29 - BASE  ============
Feedback: 0.66
Received=	0.039177
Feedback: 0.66
Received=	0.055099
Feedback: 0.66
Received=	-0.014082
Feedback: 0.66
Received=	-0.11405
Feedback: 0.66
Received=	-0.25125
Feedback: 0.66
Received=	0.2699
Feedback: 0.66
Received=	0.10907
Feedback: 0.66
Received=	0.0452
Feedback: 0.66
Received=	-0.085338
Feedback: 0.66
Received=	-0.2151
Feedback: 0.66
Received=	0.13635
Feedback: 0.66
Received=	-0.03913
Feedback: 0.66
Received=	-0.20729
Feedback: 0.66
Received=	-0.37471
Feedback: 0.66
Received=	-0.1969
Feedback: 0.66
Received=	0.045602
Feedback: 0.66
Received=	-0.054744
Feedback: 0.66
Received=	-0.2892
Feedback: 0.66
Received=	0.18055
Feedback: 0.66
Received=	1.1716
=====  12:58:29 - NF  ============
Feedback: 0.1
Received=	0.54533
Feedback: 0.1
Received=	-0.1507
Feedback: 0.60801
Received=	-0.10387
Feedback: 0.55484
Received=	0.24832
Feedback: 0.15505
Received=	-0.0073853
Feedback: 0.44532
Received=	-0.1724
Feedback: 0.63263
Received=	-0.14721
Feedback: 0.60404
Received=	-0.25707
Feedback: 0.72875
Received=	-0.23189
Feedback: 0.70017
Received=	-0.30617
Feedback: 0.78449
Received=	-0.56557
Feedback: 0.9
Received=	-0.32072
Feedback: 0.801
Received=	0.066933
Feedback: 0.36096
Received=	-0.17087
Feedback: 0.6309
Received=	-0.37228
Feedback: 0.85953
Received=	-0.42491
Feedback: 0.9
Received=	0.056276
Feedback: 0.37305
Received=	0.050021
Feedback: 0.38015
Received=	-0.12558
Feedback: 0.57949
Received=	0.069282
Feedback: 0.35829
Received=	0.20824
Feedback: 0.20055
Received=	-0.096969
Feedback: 0.54701
Received=	-0.22995
Feedback: 0.69796
Received=	-0.031774
Feedback: 0.473
Received=	0.037645
Feedback: 0.3942
Received=	-0.48201
Feedback: 0.9
Received=	-0.63184
Feedback: 0.9
Received=	0.24177
Feedback: 0.16249
Received=	0.30162
Feedback: 0.1
Received=	0.035322
Feedback: 0.39684
Received=	0.29446
Feedback: 0.10268
Received=	0.25764
Feedback: 0.14448
Received=	0.39885
Feedback: 0.1
Received=	0.44597
Feedback: 0.1
Received=	0.079358
Feedback: 0.34685
Received=	-0.52844
Feedback: 0.9
Received=	-0.56231
Feedback: 0.9
Received=	-0.37448
Feedback: 0.86202
Received=	-0.29743
Feedback: 0.77456
Received=	-0.22534
Feedback: 0.69272
Received=	-0.17303
Feedback: 0.63335
Received=	-0.22489
Feedback: 0.69222
Received=	-0.15382
Feedback: 0.61154
Received=	-0.18112
Feedback: 0.64253
Received=	-0.15111
Feedback: 0.60846
Received=	0.046978
Feedback: 0.38361
Received=	0.23917
Feedback: 0.16544
Received=	-0.021246
Feedback: 0.46105
Received=	-0.50301
Feedback: 0.9
Received=	-0.32691
Feedback: 0.80802
Received=	-0.056663
Feedback: 0.50126
Received=	-0.15674
Feedback: 0.61486
Received=	0.053107
Feedback: 0.37665
Received=	0.13344
Feedback: 0.28546
Received=	0.1308
Feedback: 0.28845
Received=	-0.29582
Feedback: 0.77273
Received=	-0.44412
Feedback: 0.9
Received=	-0.50551
Feedback: 0.9
Received=	-0.68477
Feedback: 0.9
Calculated range:	[(-2.000000) - (2.000000)]
Success index = (-0.128883)
Received=	-0.034131
=====  13:1:29 - BASE  ============
Feedback: 0.66
Received=	-0.077876
Feedback: 0.66
Received=	-0.275
Feedback: 0.66
Received=	-0.26841
Feedback: 0.66
Received=	-0.55346
Feedback: 0.66
Received=	-0.35311
Feedback: 0.66
Received=	-0.68561
Feedback: 0.66
Received=	-0.76907
Feedback: 0.66
Received=	-0.81464
Feedback: 0.66
Received=	-0.50311
Feedback: 0.66
Received=	-0.21265
Feedback: 0.66
Received=	-0.02241
Feedback: 0.66
Received=	-0.13201
Feedback: 0.66
Received=	-0.27166
Feedback: 0.66
Received=	-0.34679
Feedback: 0.66
Received=	0.11085
Feedback: 0.66
Received=	-0.17024
Feedback: 0.66
Received=	0.0012939
Feedback: 0.66
Received=	-0.061848
Feedback: 0.66
Received=	-0.30262
Feedback: 0.66
Received=	-0.28066
=====  13:2:29 - NF  ============
Feedback: 0.47569
Received=	-0.20168
Feedback: 0.41599
Received=	0.15944
Feedback: 0.14296
Received=	0.099974
Feedback: 0.18792
Received=	0.17713
Feedback: 0.12959
Received=	0.49475
Feedback: 0.1
Received=	0.53175
Feedback: 0.1
Received=	-0.13016
Feedback: 0.36191
Received=	-0.23515
Feedback: 0.44128
Received=	-0.015573
Feedback: 0.27528
Received=	-0.29161
Feedback: 0.48398
Received=	-0.60408
Feedback: 0.72022
Received=	-0.19599
Feedback: 0.41168
Received=	-0.062201
Feedback: 0.31053
Received=	-0.35152
Feedback: 0.52927
Received=	-0.41888
Feedback: 0.5802
Received=	-0.021136
Feedback: 0.27948
Received=	0.24913
Feedback: 0.1
Received=	0.86337
Feedback: 0.1
Received=	0.96002
Feedback: 0.1
Received=	0.49513
Feedback: 0.1
Received=	0.10755
Feedback: 0.18219
Received=	-0.25216
Feedback: 0.45415
Received=	-0.21124
Feedback: 0.42321
Received=	-0.32989
Feedback: 0.51292
Received=	-0.11753
Feedback: 0.35236
Received=	0.10299
Feedback: 0.18564
Received=	-0.13216
Feedback: 0.36343
Received=	-0.096289
Feedback: 0.3363
Received=	-0.10881
Feedback: 0.34577
Received=	-0.076484
Feedback: 0.32133
Received=	-0.031737
Feedback: 0.2875
Received=	0.0073107
Feedback: 0.25798
Received=	-0.2076
Feedback: 0.42046
Received=	-0.41733
Feedback: 0.57903
Received=	-0.48216
Feedback: 0.62804
Received=	-0.28747
Feedback: 0.48085
Received=	-0.064122
Feedback: 0.31198
Received=	-0.20566
Feedback: 0.419
Received=	-0.47123
Feedback: 0.61978
Received=	-0.32304
Feedback: 0.50774
Received=	-0.12154
Feedback: 0.3554
Received=	0.24696
Feedback: 0.1
Received=	-0.076924
Feedback: 0.32166
Received=	-0.60287
Feedback: 0.71931
Received=	-0.45928
Feedback: 0.61074
Received=	-0.51982
Feedback: 0.65651
Received=	-0.11794
Feedback: 0.35267
Received=	0.27799
Feedback: 0.1
Received=	0.1718
Feedback: 0.13362
Received=	-0.18003
Feedback: 0.39961
Received=	-0.31542
Feedback: 0.50198
Received=	-0.3115
Feedback: 0.49901
Received=	-0.20201
Feedback: 0.41624
Received=	-0.22042
Feedback: 0.43015
Received=	0.13924
Feedback: 0.15823
Received=	0.087758
Feedback: 0.19715
Received=	0.087847
Feedback: 0.19709
Received=	0.46143
Feedback: 0.1
Received=	0.055331
Feedback: 0.22167
Calculated range:	[(-2.000000) - (2.000000)]
Success index = (0.799074)
closing...
