Direction=-1.000000	; step=1.000000;
Received=	0
Feedback: 0.66
Received=	0
Feedback: 0.66
Received=	0
Feedback: 0.66
Received=	-0.50761
Feedback: 0.66
Received=	-0.40324
Feedback: 0.66
Received=	-0.1942
Feedback: 0.66
Received=	-0.74005
Feedback: 0.66
Received=	-0.61699
Feedback: 0.66
Received=	-0.90378
Feedback: 0.66
Received=	-0.85037
Feedback: 0.66
Received=	-0.67307
Feedback: 0.66
Received=	-0.50503
Feedback: 0.66
Received=	-0.59832
Feedback: 0.66
Received=	-0.86421
Feedback: 0.66
Received=	-0.75314
Feedback: 0.66
Received=	-0.7777
Feedback: 0.66
Received=	-0.34673
Feedback: 0.66
Received=	0.059392
Feedback: 0.66
Received=	0.14242
Feedback: 0.66
Received=	0.16094
Feedback: 0.66
Received=	-0.066771
=====  13:51:37 - NF  ============
Feedback: 0.27792
Received=	-0.46898
Feedback: 0.50217
Received=	-0.5544
Feedback: 0.54979
Received=	-0.70216
Feedback: 0.63217
Received=	-0.70384
Feedback: 0.63311
Received=	-0.60497
Feedback: 0.57798
Received=	-0.62085
Feedback: 0.58684
Received=	-0.94847
Feedback: 0.7695
Received=	-0.92957
Feedback: 0.75896
Received=	-0.70123
Feedback: 0.63166
Received=	-0.48773
Feedback: 0.51262
Received=	-0.61407
Feedback: 0.58306
Received=	-0.60639
Feedback: 0.57878
Received=	-0.61573
Feedback: 0.58399
Received=	-0.93956
Feedback: 0.76453
Received=	-0.93234
Feedback: 0.76051
Received=	-0.99234
Feedback: 0.79396
Received=	-0.6347
Feedback: 0.59456
Received=	-0.28585
Feedback: 0.40006
Received=	-0.26956
Feedback: 0.39098
Received=	-0.33205
Feedback: 0.42582
Received=	-0.34439
Feedback: 0.4327
Received=	-0.21539
Feedback: 0.36078
Received=	-0.32571
Feedback: 0.42229
Received=	-0.23284
Feedback: 0.37051
Received=	-0.18612
Feedback: 0.34446
Received=	-0.18502
Feedback: 0.34385
Received=	-0.33135
Feedback: 0.42543
Received=	-0.31492
Feedback: 0.41627
Received=	-0.33411
Feedback: 0.42697
Received=	-0.49561
Feedback: 0.51701
Received=	-0.41042
Feedback: 0.46952
Received=	-0.24351
Feedback: 0.37646
Received=	-0.23166
Feedback: 0.36985
Received=	-0.50012
Feedback: 0.51953
Received=	-0.52074
Feedback: 0.53102
Received=	-0.34077
Feedback: 0.43069
Received=	0.022936
Feedback: 0.2279
Received=	0.037225
Feedback: 0.21994
Received=	-0.15698
Feedback: 0.32821
Received=	-0.2564
Feedback: 0.38365
Received=	-0.28653
Feedback: 0.40045
Received=	-0.25174
Feedback: 0.38105
Received=	-0.20335
Feedback: 0.35407
Received=	-0.2505
Feedback: 0.38036
Received=	-0.16218
Feedback: 0.33112
Received=	-0.22252
Feedback: 0.36475
Received=	-0.36879
Feedback: 0.44631
Received=	-0.32449
Feedback: 0.42161
Received=	-0.40561
Feedback: 0.46683
Received=	-0.53511
Feedback: 0.53903
Received=	-0.64828
Feedback: 0.60213
Received=	-0.61007
Feedback: 0.58083
Received=	-0.28305
Feedback: 0.3985
Received=	-0.24569
Feedback: 0.37767
Received=	-0.39853
Feedback: 0.46289
Received=	-0.43475
Feedback: 0.48308
Received=	-0.36371
Feedback: 0.44348
Received=	-0.47945
Feedback: 0.50801
Received=	-0.4139
Feedback: 0.47146
Calculated range:	[(-2.000000) - (2.000000)]
Success index = (0.153819)
Received=	-0.39959
=====  13:54:37 - BASE  ============
Feedback: 0.66
Received=	-0.47458
Feedback: 0.66
Received=	-0.53157
Feedback: 0.66
Received=	-0.074445
Feedback: 0.66
Received=	0.26485
Feedback: 0.66
Received=	0.29609
Feedback: 0.66
Received=	0.1301
Feedback: 0.66
Received=	-0.16953
Feedback: 0.66
Received=	0.049415
Feedback: 0.66
Received=	-0.072895
Feedback: 0.66
Received=	-0.4348
Feedback: 0.66
Received=	-0.23902
Feedback: 0.66
Received=	-0.21644
Feedback: 0.66
Received=	0.055645
Feedback: 0.66
Received=	0.14729
Feedback: 0.66
Received=	-0.074571
Feedback: 0.66
Received=	0.025433
Feedback: 0.66
Received=	0.19964
Feedback: 0.66
Received=	0.22774
Feedback: 0.66
Received=	-0.021736
Feedback: 0.66
Received=	-0.39677
=====  13:55:37 - NF  ============
Feedback: 0.82282
Received=	-0.74364
Feedback: 0.9
Received=	-0.70899
Feedback: 0.9
Received=	-0.46297
Feedback: 0.88021
Received=	-0.57306
Feedback: 0.9
Received=	-0.96742
Feedback: 0.9
Received=	-0.93327
Feedback: 0.9
Received=	-0.61448
Feedback: 0.9
Received=	-0.5773
Feedback: 0.9
Received=	-0.63254
Feedback: 0.9
Received=	-0.44859
Feedback: 0.86774
Received=	-0.27048
Feedback: 0.71334
Received=	-0.12426
Feedback: 0.58659
Received=	-0.3235
Feedback: 0.7593
Received=	-0.31949
Feedback: 0.75582
Received=	-0.39211
Feedback: 0.81878
Received=	-0.75033
Feedback: 0.9
Received=	-1.1479
Feedback: 0.9
Received=	-1.0839
Feedback: 0.9
Received=	-0.95617
Feedback: 0.9
Received=	-0.94675
Feedback: 0.9
Received=	-0.86811
Feedback: 0.9
Received=	-0.83701
Feedback: 0.9
Received=	-0.65101
Feedback: 0.9
Received=	-0.67057
Feedback: 0.9
Received=	-0.96164
Feedback: 0.9
Received=	-0.95412
Feedback: 0.9
Received=	-0.73065
Feedback: 0.9
Received=	-0.40762
Feedback: 0.83223
Received=	-0.54586
Feedback: 0.9
Received=	-0.67715
Feedback: 0.9
Received=	-0.78003
Feedback: 0.9
Received=	-0.74653
Feedback: 0.9
Received=	-0.67021
Feedback: 0.9
Received=	-0.54597
Feedback: 0.9
Received=	-0.19745
Feedback: 0.65003
Received=	0.19953
Feedback: 0.3059
Received=	0.034951
Feedback: 0.44857
Received=	-0.52033
Feedback: 0.9
Received=	-0.65312
Feedback: 0.9
Received=	-0.74579
Feedback: 0.9
Received=	-0.58241
Feedback: 0.9
Received=	-0.21539
Feedback: 0.66559
Received=	-0.37199
Feedback: 0.80134
Received=	-0.2958
Feedback: 0.73529
Received=	-0.29894
Feedback: 0.73802
Received=	-0.12849
Feedback: 0.59025
Received=	-0.33497
Feedback: 0.76925
Received=	-0.81745
Feedback: 0.9
Received=	-0.90256
Feedback: 0.9
Received=	-1.1328
Feedback: 0.9
Received=	-1.1905
Feedback: 0.9
Received=	-1.1956
Feedback: 0.9
Received=	-0.7909
Feedback: 0.9
Received=	-0.98671
Feedback: 0.9
Received=	-1.019
Feedback: 0.9
Received=	-0.84658
Feedback: 0.9
Received=	-0.32459
Feedback: 0.76024
Received=	-0.57238
Feedback: 0.9
Received=	-0.62403
Feedback: 0.9
Calculated range:	[(-3.080480) - (0.919520)]
Success index = (-2.080480)
Received=	-0.76338
=====  13:58:37 - BASE  ============
Feedback: 0.66
Received=	-0.73784
Feedback: 0.66
Received=	-0.85159
Feedback: 0.66
Received=	-0.72705
Feedback: 0.66
Received=	-0.5815
Feedback: 0.66
Received=	-0.65272
Feedback: 0.66
Received=	-0.67872
Feedback: 0.66
Received=	-0.76358
Feedback: 0.66
Received=	-0.56637
Feedback: 0.66
Received=	-0.071155
Feedback: 0.66
Received=	-0.0044244
Feedback: 0.66
Received=	0.06468
Feedback: 0.66
Received=	0.12347
Feedback: 0.66
Received=	0.37335
Feedback: 0.66
Received=	0.078587
Feedback: 0.66
Received=	-0.14692
Feedback: 0.66
Received=	-0.33038
Feedback: 0.66
Received=	-0.46447
Feedback: 0.66
Received=	-0.53801
Feedback: 0.66
Received=	-0.20952
Feedback: 0.66
Received=	0.24979
=====  13:59:37 - NF  ============
Feedback: 0.1
Received=	0.15286
Feedback: 0.1
Received=	-0.45323
Feedback: 0.35119
Received=	-0.73669
Feedback: 0.5064
Received=	-0.66276
Feedback: 0.46592
Received=	-0.79553
Feedback: 0.53862
Received=	-0.87045
Feedback: 0.57964
Received=	-0.9621
Feedback: 0.62982
Received=	-1.0043
Feedback: 0.65291
Received=	-0.61306
Feedback: 0.4387
Received=	-0.54568
Feedback: 0.40181
Received=	-0.57318
Feedback: 0.41687
Received=	-0.84938
Feedback: 0.5681
Received=	-1.1661
Feedback: 0.74151
Received=	-1.1999
Feedback: 0.76001
Received=	-0.96961
Feedback: 0.63394
Received=	-0.99681
Feedback: 0.64883
Received=	-0.76557
Feedback: 0.52221
Received=	-0.39726
Feedback: 0.32054
Received=	-0.34956
Feedback: 0.29442
Received=	-0.73498
Feedback: 0.50546
Received=	-0.85341
Feedback: 0.57031
Received=	-0.93575
Feedback: 0.6154
Received=	-0.92997
Feedback: 0.61223
Received=	-0.90264
Feedback: 0.59727
Received=	-0.92379
Feedback: 0.60884
Received=	-0.82277
Feedback: 0.55354
Received=	-0.67336
Feedback: 0.47172
Received=	-0.59668
Feedback: 0.42973
Received=	-0.77039
Feedback: 0.52485
Received=	-0.82493
Feedback: 0.55472
Received=	-0.73857
Feedback: 0.50743
Received=	-0.49006
Feedback: 0.37135
Received=	-0.78138
Feedback: 0.53087
Received=	-0.88656
Feedback: 0.58846
Received=	-0.70753
Feedback: 0.49043
Received=	-0.87154
Feedback: 0.58024
Received=	-1.0411
Feedback: 0.67306
Received=	-0.79199
Feedback: 0.53668
Received=	-0.54588
Feedback: 0.40192
Received=	-0.58292
Feedback: 0.4222
Received=	-0.71177
Feedback: 0.49275
Received=	-0.78666
Feedback: 0.53376
Received=	-0.49396
Feedback: 0.37349
Received=	-0.18085
Feedback: 0.20204
Received=	-0.4137
Feedback: 0.32954
Received=	-0.76979
Feedback: 0.52452
Received=	-0.94515
Feedback: 0.62054
Received=	-0.8138
Feedback: 0.54862
Received=	-0.92098
Feedback: 0.60731
Received=	-0.77309
Feedback: 0.52633
Received=	-0.66102
Feedback: 0.46496
Received=	-0.68924
Feedback: 0.48042
Received=	-0.71188
Feedback: 0.49282
Received=	-0.99043
Feedback: 0.64534
Received=	-0.78411
Feedback: 0.53237
Received=	-1.0552
Feedback: 0.68082
Received=	-0.75443
Feedback: 0.51611
Received=	-0.58706
Feedback: 0.42447
Received=	-0.29569
Feedback: 0.26492
Calculated range:	[(-2.341544) - (1.658456)]
Success index = (-1.341544)
Received=	-0.1079
=====  14:2:37 - BASE  ============
Feedback: 0.66
Received=	0.12737
Feedback: 0.66
Received=	0.17095
Feedback: 0.66
Received=	0.37993
Feedback: 0.66
Received=	-0.13306
Feedback: 0.66
Received=	-0.43089
Feedback: 0.66
Received=	-0.27183
Feedback: 0.66
Received=	-0.48473
Feedback: 0.66
Received=	-0.44241
Feedback: 0.66
Received=	-0.50052
Feedback: 0.66
Received=	-0.74948
Feedback: 0.66
Received=	-0.55923
Feedback: 0.66
Received=	-0.10987
Feedback: 0.66
Received=	-0.34501
Feedback: 0.66
Received=	-0.072456
Feedback: 0.66
Received=	0.14911
Feedback: 0.66
Received=	0.13091
Feedback: 0.66
Received=	-0.079191
Feedback: 0.66
Received=	-0.40533
Feedback: 0.66
Received=	-0.71706
Feedback: 0.66
Received=	-0.7211
=====  14:3:37 - NF  ============
Feedback: 0.72582
Received=	-0.68857
Feedback: 0.70558
Received=	-1.2187
Feedback: 0.9
Received=	-1.0479
Feedback: 0.9
Received=	-0.89921
Feedback: 0.83662
Received=	-0.69331
Feedback: 0.70853
Received=	-0.71111
Feedback: 0.7196
Received=	-0.57811
Feedback: 0.63686
Received=	-0.7439
Feedback: 0.74
Received=	-0.88764
Feedback: 0.82942
Received=	-0.72905
Feedback: 0.73076
Received=	-0.78787
Feedback: 0.76736
Received=	-0.74084
Feedback: 0.73809
Received=	-0.52036
Feedback: 0.60093
Received=	-0.4993
Feedback: 0.58783
Received=	-0.66314
Feedback: 0.68976
Received=	-0.56229
Feedback: 0.62701
Received=	-0.43093
Feedback: 0.54529
Received=	-0.61098
Feedback: 0.6573
Received=	-0.83648
Feedback: 0.7976
Received=	-0.73869
Feedback: 0.73676
Received=	-0.4597
Feedback: 0.56319
Received=	-0.80731
Feedback: 0.77945
Received=	-0.71356
Feedback: 0.72113
Received=	-0.32442
Feedback: 0.47902
Received=	-0.27078
Feedback: 0.44565
Received=	-0.24406
Feedback: 0.42902
Received=	-0.40449
Feedback: 0.52884
Received=	-0.064587
Feedback: 0.31737
Received=	0.10784
Feedback: 0.21009
Received=	0.064253
Feedback: 0.23721
Received=	-0.1111
Feedback: 0.34631
Received=	-0.20049
Feedback: 0.40192
Received=	-0.12082
Feedback: 0.35235
Received=	-0.038584
Feedback: 0.30119
Received=	-0.23115
Feedback: 0.421
Received=	0.056827
Feedback: 0.24183
Received=	-0.151
Feedback: 0.37113
Received=	-0.34092
Feedback: 0.48929
Received=	-0.51972
Feedback: 0.60053
Received=	-0.60741
Feedback: 0.65508
Received=	-0.40557
Feedback: 0.52951
Received=	-0.56249
Feedback: 0.62714
Received=	-0.54151
Feedback: 0.61409
Received=	-0.47632
Feedback: 0.57353
Received=	-0.46001
Feedback: 0.56338
Received=	-0.59567
Feedback: 0.64778
Received=	-0.40381
Feedback: 0.52841
Received=	-0.88251
Feedback: 0.82623
Received=	-1.1249
Feedback: 0.9
Received=	-1.0626
Feedback: 0.9
Received=	-0.75957
Feedback: 0.74975
Received=	-0.29032
Feedback: 0.45781
Received=	-0.37996
Feedback: 0.51357
Received=	-0.50614
Feedback: 0.59208
Received=	-0.44675
Feedback: 0.55513
Received=	-0.36334
Feedback: 0.50323
Received=	-0.8511
Feedback: 0.80669
Received=	-0.94223
Feedback: 0.86339
Received=	-0.89609
Feedback: 0.83468
Calculated range:	[(-2.000000) - (2.000000)]
Success index = (-0.958008)
Received=	-1.0129
=====  14:6:37 - BASE  ============
Feedback: 0.66
Received=	-0.9261
Feedback: 0.66
Received=	-0.38044
Feedback: 0.66
Received=	0.15885
Feedback: 0.66
Received=	3.3753e-05
Feedback: 0.66
Received=	-0.62339
Feedback: 0.66
Received=	-0.97546
Feedback: 0.66
Received=	-0.87255
Feedback: 0.66
Received=	-0.69845
Feedback: 0.66
Received=	-0.63325
Feedback: 0.66
Received=	-0.5058
Feedback: 0.66
Received=	-0.53863
Feedback: 0.66
Received=	-0.41936
Feedback: 0.66
Received=	-0.20804
Feedback: 0.66
Received=	-0.15465
Feedback: 0.66
Received=	-0.53898
Feedback: 0.66
Received=	-0.94769
Feedback: 0.66
Received=	-0.76801
Feedback: 0.66
Received=	-0.70627
Feedback: 0.66
Received=	-0.19063
Feedback: 0.66
Received=	0.15123
=====  14:7:37 - NF  ============
Feedback: 0.1
Received=	-0.091488
Feedback: 0.246
Received=	-0.57248
Feedback: 0.54495
Received=	-0.54951
Feedback: 0.53068
Received=	-0.37887
Feedback: 0.42462
Received=	-0.48751
Feedback: 0.49214
Received=	-0.50933
Feedback: 0.5057
Received=	-0.58167
Feedback: 0.55067
Received=	-0.61885
Feedback: 0.57378
Received=	-0.70552
Feedback: 0.62765
Received=	-0.60316
Feedback: 0.56402
Received=	-0.53743
Feedback: 0.52317
Received=	-0.7256
Feedback: 0.64013
Received=	-0.78545
Feedback: 0.67732
Received=	-0.84459
Feedback: 0.71408
Received=	-0.84317
Feedback: 0.7132
Received=	-0.6609
Feedback: 0.59991
Received=	-0.76181
Feedback: 0.66263
Received=	-0.94273
Feedback: 0.77508
Received=	-1.1044
Feedback: 0.87555
Received=	-1.036
Feedback: 0.83308
Received=	-0.8671
Feedback: 0.72807
Received=	-0.72832
Feedback: 0.64181
Received=	-0.4258
Feedback: 0.45379
Received=	-0.4231
Feedback: 0.45211
Received=	-0.39084
Feedback: 0.43206
Received=	-0.51645
Feedback: 0.51013
Received=	-0.62322
Feedback: 0.5765
Received=	-0.86847
Feedback: 0.72893
Received=	-0.74835
Feedback: 0.65427
Received=	-0.88185
Feedback: 0.73725
Received=	-0.54164
Feedback: 0.52579
Received=	-0.48728
Feedback: 0.492
Received=	-0.61727
Feedback: 0.5728
Received=	-0.32208
Feedback: 0.38932
Received=	-0.31982
Feedback: 0.38792
Received=	-0.48423
Feedback: 0.4901
Received=	-0.41625
Feedback: 0.44785
Received=	-0.15193
Feedback: 0.28357
Received=	0.21087
Feedback: 0.1
Received=	-0.24641
Feedback: 0.34228
Received=	-0.52923
Feedback: 0.51807
Received=	-0.59241
Feedback: 0.55734
Received=	-0.66916
Feedback: 0.60504
Received=	-0.6346
Feedback: 0.58357
Received=	-0.93113
Feedback: 0.76787
Received=	-0.87132
Feedback: 0.7307
Received=	-0.89224
Feedback: 0.7437
Received=	-0.49264
Feedback: 0.49533
Received=	-0.45303
Feedback: 0.47071
Received=	-0.77518
Feedback: 0.67095
Received=	-1.0526
Feedback: 0.84339
Received=	-1.1591
Feedback: 0.9
Received=	-1.2004
Feedback: 0.9
Received=	-1.16
Feedback: 0.9
Received=	-0.8644
Feedback: 0.7264
Received=	-0.80714
Feedback: 0.69081
Received=	-0.7495
Feedback: 0.65498
Received=	-0.71371
Feedback: 0.63273
Received=	-0.57722
Feedback: 0.5479
Calculated range:	[(-2.000000) - (2.000000)]
Success index = (-0.460837)
closing...
