Direction=-1.000000	; step=1.000000;
Received=	0
Feedback: 0.66
Received=	0
Feedback: 0.66
Received=	0
Feedback: 0.66
Received=	-0.053173
Feedback: 0.66
Received=	-0.018192
Feedback: 0.66
Received=	-0.26822
Feedback: 0.66
Received=	-0.13974
Feedback: 0.66
Received=	0.15143
Feedback: 0.66
Received=	0.26129
Feedback: 0.66
Received=	-0.070899
Feedback: 0.66
Received=	-0.32676
Feedback: 0.66
Received=	-0.41369
Feedback: 0.66
Received=	-0.15317
Feedback: 0.66
Received=	-0.045953
Feedback: 0.66
Received=	0.19969
Feedback: 0.66
Received=	0.031554
Feedback: 0.66
Received=	-0.27142
Feedback: 0.66
Received=	-0.041059
Feedback: 0.66
Received=	-0.41384
Feedback: 0.66
Received=	-0.59988
Feedback: 0.66
Received=	-0.5441
=====  11:47:49 - NF  ============
Feedback: 0.87231
Received=	-0.5284
Feedback: 0.8585
Received=	-0.39567
Feedback: 0.7418
Received=	-0.095665
Feedback: 0.47802
Received=	0.03341
Feedback: 0.36453
Received=	-0.063309
Feedback: 0.44957
Received=	-0.2447
Feedback: 0.60906
Received=	-0.39747
Feedback: 0.74338
Received=	-0.24491
Feedback: 0.60924
Received=	-0.13688
Feedback: 0.51426
Received=	-0.53927
Feedback: 0.86805
Received=	-0.564
Feedback: 0.8898
Received=	-0.40321
Feedback: 0.74843
Received=	-0.093442
Feedback: 0.47606
Received=	0.025048
Feedback: 0.37188
Received=	0.021897
Feedback: 0.37465
Received=	-0.032236
Feedback: 0.42225
Received=	-0.25386
Feedback: 0.61711
Received=	-0.2676
Feedback: 0.62919
Received=	-0.42096
Feedback: 0.76404
Received=	-0.17504
Feedback: 0.54781
Received=	-0.12364
Feedback: 0.50261
Received=	0.049306
Feedback: 0.35055
Received=	0.030223
Feedback: 0.36733
Received=	-0.21003
Feedback: 0.57858
Received=	-0.54847
Feedback: 0.87615
Received=	-0.45786
Feedback: 0.79648
Received=	-0.29642
Feedback: 0.65453
Received=	-0.27632
Feedback: 0.63686
Received=	-0.099953
Feedback: 0.48179
Received=	-0.0020309
Feedback: 0.39569
Received=	0.014886
Feedback: 0.38081
Received=	-0.033606
Feedback: 0.42345
Received=	-0.073439
Feedback: 0.45847
Received=	0.81801
Feedback: 0.1
Received=	0.82367
Feedback: 0.1
Received=	0.37249
Feedback: 0.1
Received=	0.19679
Feedback: 0.22087
Received=	0.051818
Feedback: 0.34834
Received=	-0.093241
Feedback: 0.47589
Received=	0.20247
Feedback: 0.21588
Received=	0.36888
Feedback: 0.1
Received=	0.40211
Feedback: 0.1
Received=	0.30429
Feedback: 0.12636
Received=	0.07466
Feedback: 0.32826
Received=	-0.025974
Feedback: 0.41674
Received=	-0.18993
Feedback: 0.5609
Received=	-0.11892
Feedback: 0.49847
Received=	-0.23991
Feedback: 0.60484
Received=	-0.05653
Feedback: 0.44361
Received=	0.052603
Feedback: 0.34765
Received=	0.4594
Feedback: 0.1
Received=	0.055277
Feedback: 0.3453
Received=	-0.36889
Feedback: 0.71825
Received=	-0.4256
Feedback: 0.76811
Received=	-0.65228
Feedback: 0.9
Received=	-0.73194
Feedback: 0.9
Received=	-0.56087
Feedback: 0.88705
Received=	-0.48156
Feedback: 0.81732
Received=	-0.45256
Feedback: 0.79182
Calculated range:	[(-2.000000) - (2.000000)]
Success index = (-0.017739)
Received=	-0.22387
=====  11:50:49 - BASE  ============
Feedback: 0.66
Received=	-0.18258
Feedback: 0.66
Received=	0.0353
Feedback: 0.66
Received=	0.061173
Feedback: 0.66
Received=	0.17109
Feedback: 0.66
Received=	0.2286
Feedback: 0.66
Received=	0.2699
Feedback: 0.66
Received=	0.010892
Feedback: 0.66
Received=	-0.19346
Feedback: 0.66
Received=	-0.45298
Feedback: 0.66
Received=	-0.35695
Feedback: 0.66
Received=	-0.42172
Feedback: 0.66
Received=	-0.082733
Feedback: 0.66
Received=	0.045181
Feedback: 0.66
Received=	-0.13096
Feedback: 0.66
Received=	0.00061912
Feedback: 0.66
Received=	-0.12387
Feedback: 0.66
Received=	-0.14797
Feedback: 0.66
Received=	0.018791
Feedback: 0.66
Received=	-0.035446
Feedback: 0.66
Received=	-0.27007
=====  11:51:49 - NF  ============
Feedback: 0.70506
Received=	-0.1315
Feedback: 0.56891
Received=	0.04418
Feedback: 0.3963
Received=	0.28596
Feedback: 0.15876
Received=	0.2196
Feedback: 0.22396
Received=	0.072217
Feedback: 0.36876
Received=	0.36669
Feedback: 0.1
Received=	0.45479
Feedback: 0.1
Received=	0.16647
Feedback: 0.27615
Received=	-0.0054791
Feedback: 0.44509
Received=	-0.21691
Feedback: 0.65282
Received=	-0.41045
Feedback: 0.84297
Received=	-0.3669
Feedback: 0.80018
Received=	-0.39697
Feedback: 0.82973
Received=	-0.66888
Feedback: 0.9
Received=	-0.75371
Feedback: 0.9
Received=	-0.58844
Feedback: 0.9
Received=	-0.38446
Feedback: 0.81744
Received=	-0.080383
Feedback: 0.51869
Received=	0.17499
Feedback: 0.26778
Received=	0.12789
Feedback: 0.31406
Received=	-0.098639
Feedback: 0.53662
Received=	-0.49407
Feedback: 0.9
Received=	-0.74406
Feedback: 0.9
Received=	-0.51501
Feedback: 0.9
Received=	-0.37463
Feedback: 0.80778
Received=	-0.34525
Feedback: 0.77892
Received=	-0.11584
Feedback: 0.55352
Received=	-0.02131
Feedback: 0.46065
Received=	0.052032
Feedback: 0.38859
Received=	0.041767
Feedback: 0.39868
Received=	0.11122
Feedback: 0.33044
Received=	0.2534
Feedback: 0.19075
Received=	0.20805
Feedback: 0.23531
Received=	0.050837
Feedback: 0.38976
Received=	-0.17113
Feedback: 0.60785
Received=	-0.12545
Feedback: 0.56296
Received=	0.26502
Feedback: 0.17933
Received=	0.16218
Feedback: 0.28037
Received=	-0.11729
Feedback: 0.55494
Received=	-0.28227
Feedback: 0.71703
Received=	-0.25318
Feedback: 0.68846
Received=	0.095775
Feedback: 0.34561
Received=	0.11735
Feedback: 0.32442
Received=	-0.182
Feedback: 0.61852
Received=	-0.41802
Feedback: 0.85041
Received=	-0.60808
Feedback: 0.9
Received=	-0.51393
Feedback: 0.9
Received=	-0.3053
Feedback: 0.73966
Received=	-0.25949
Feedback: 0.69465
Received=	-0.4287
Feedback: 0.8609
Received=	-0.51164
Feedback: 0.9
Received=	-0.35021
Feedback: 0.78378
Received=	-0.20343
Feedback: 0.63957
Received=	0.095795
Feedback: 0.34559
Received=	-0.038668
Feedback: 0.4777
Received=	-0.32088
Feedback: 0.75497
Received=	-0.25663
Feedback: 0.69184
Received=	0.088539
Feedback: 0.35272
Received=	-0.11606
Feedback: 0.55374
Calculated range:	[(-2.000000) - (2.000000)]
Success index = (-0.328570)
Received=	-0.20441
=====  11:54:49 - BASE  ============
Feedback: 0.66
Received=	-0.086359
Feedback: 0.66
Received=	-0.10881
Feedback: 0.66
Received=	0.036667
Feedback: 0.66
Received=	-0.12421
Feedback: 0.66
Received=	-0.25595
Feedback: 0.66
Received=	-0.11557
Feedback: 0.66
Received=	-0.038861
Feedback: 0.66
Received=	-0.20519
Feedback: 0.66
Received=	-0.14049
Feedback: 0.66
Received=	0.22643
Feedback: 0.66
Received=	-0.065806
Feedback: 0.66
Received=	-0.30538
Feedback: 0.66
Received=	-0.40088
Feedback: 0.66
Received=	-0.68397
Feedback: 0.66
Received=	-0.64817
Feedback: 0.66
Received=	-0.49555
Feedback: 0.66
Received=	-0.46627
Feedback: 0.66
Received=	-0.49724
Feedback: 0.66
Received=	-0.51152
Feedback: 0.66
Received=	-0.55082
=====  11:55:49 - NF  ============
Feedback: 0.72758
Received=	-0.40083
Feedback: 0.60744
Received=	-0.25324
Feedback: 0.48921
Received=	-0.22954
Feedback: 0.47023
Received=	-0.13774
Feedback: 0.39669
Received=	0.036147
Feedback: 0.25741
Received=	-0.022685
Feedback: 0.30453
Received=	-0.20761
Feedback: 0.45266
Received=	0.10758
Feedback: 0.20019
Received=	-0.30619
Feedback: 0.53163
Received=	-0.38389
Feedback: 0.59386
Received=	-0.25024
Feedback: 0.48681
Received=	-0.58863
Feedback: 0.75787
Received=	-0.77589
Feedback: 0.9
Received=	-0.73222
Feedback: 0.87288
Received=	-0.63686
Feedback: 0.7965
Received=	-0.13727
Feedback: 0.39632
Received=	0.21753
Feedback: 0.11212
Received=	0.08914
Feedback: 0.21496
Received=	-0.0042705
Feedback: 0.28978
Received=	0.15513
Feedback: 0.1621
Received=	0.068221
Feedback: 0.23171
Received=	-0.2199
Feedback: 0.4625
Received=	-0.24796
Feedback: 0.48498
Received=	-0.017673
Feedback: 0.30052
Received=	-0.21159
Feedback: 0.45585
Received=	0.030362
Feedback: 0.26204
Received=	-0.16961
Feedback: 0.42222
Received=	-0.3523
Feedback: 0.56856
Received=	-0.36409
Feedback: 0.578
Received=	-0.67331
Feedback: 0.8257
Received=	-0.48641
Feedback: 0.67598
Received=	-0.54091
Feedback: 0.71964
Received=	-0.37937
Feedback: 0.59024
Received=	-0.026174
Feedback: 0.30733
Received=	-0.16544
Feedback: 0.41888
Received=	-0.33549
Feedback: 0.55509
Received=	-0.53186
Feedback: 0.71239
Received=	-0.62938
Feedback: 0.79051
Received=	-0.68845
Feedback: 0.83782
Received=	-0.50261
Feedback: 0.68896
Received=	-0.30528
Feedback: 0.53089
Received=	0.064421
Feedback: 0.23476
Received=	0.24755
Feedback: 0.1
Received=	0.33286
Feedback: 0.1
Received=	0.29317
Feedback: 0.1
Received=	0.11459
Feedback: 0.19457
Received=	0.13661
Feedback: 0.17693
Received=	-0.0056062
Feedback: 0.29085
Received=	0.55169
Feedback: 0.1
Received=	0.39879
Feedback: 0.1
Received=	0.074495
Feedback: 0.22669
Received=	0.048362
Feedback: 0.24762
Received=	0.1432
Feedback: 0.17166
Received=	-0.027924
Feedback: 0.30873
Received=	-0.33157
Feedback: 0.55195
Received=	-0.47187
Feedback: 0.66433
Received=	-0.31679
Feedback: 0.54011
Received=	-0.30393
Feedback: 0.52982
Received=	-0.38519
Feedback: 0.5949
Calculated range:	[(-2.000000) - (2.000000)]
Success index = (0.273135)
Received=	-0.13186
=====  11:58:49 - BASE  ============
Feedback: 0.66
Received=	-0.19091
Feedback: 0.66
Received=	-0.055794
Feedback: 0.66
Received=	-0.058355
Feedback: 0.66
Received=	-0.26269
Feedback: 0.66
Received=	-0.18358
Feedback: 0.66
Received=	-0.13928
Feedback: 0.66
Received=	-0.21179
Feedback: 0.66
Received=	0.018612
Feedback: 0.66
Received=	-0.073652
Feedback: 0.66
Received=	-0.079096
Feedback: 0.66
Received=	-0.28287
Feedback: 0.66
Received=	-0.54529
Feedback: 0.66
Received=	-0.61631
Feedback: 0.66
Received=	-0.44936
Feedback: 0.66
Received=	-0.32864
Feedback: 0.66
Received=	-0.33805
Feedback: 0.66
Received=	-0.44666
Feedback: 0.66
Received=	-0.40406
Feedback: 0.66
Received=	-0.27198
Feedback: 0.66
Received=	-0.25535
=====  11:59:49 - NF  ============
Feedback: 0.4919
Received=	-0.2321
Feedback: 0.46631
Received=	-0.22148
Feedback: 0.45461
Received=	0.12586
Feedback: 0.1
Received=	0.093726
Feedback: 0.10769
Received=	-0.092534
Feedback: 0.31269
Received=	0.017646
Feedback: 0.19142
Received=	-0.038555
Feedback: 0.25328
Received=	-0.17739
Feedback: 0.40609
Received=	-0.0010985
Feedback: 0.21205
Received=	-0.10725
Feedback: 0.32889
Received=	-0.094734
Feedback: 0.31511
Received=	-0.14244
Feedback: 0.36763
Received=	-0.1377
Feedback: 0.3624
Received=	-0.21522
Feedback: 0.44773
Received=	-0.30594
Feedback: 0.54758
Received=	-0.43364
Feedback: 0.68813
Received=	-0.52906
Feedback: 0.79315
Received=	-0.49067
Feedback: 0.7509
Received=	-0.45001
Feedback: 0.70615
Received=	-0.0022307
Feedback: 0.2133
Received=	0.22948
Feedback: 0.1
Received=	0.31585
Feedback: 0.1
Received=	0.17278
Feedback: 0.1
Received=	-0.16699
Feedback: 0.39464
Received=	-0.2631
Feedback: 0.50042
Received=	-0.41422
Feedback: 0.66676
Received=	-0.53908
Feedback: 0.80418
Received=	-0.096522
Feedback: 0.31708
Received=	0.1246
Feedback: 0.1
Received=	0.084938
Feedback: 0.11736
Received=	-0.037615
Feedback: 0.25225
Received=	-0.10671
Feedback: 0.32829
Received=	-0.31184
Feedback: 0.55408
Received=	-0.10719
Feedback: 0.32882
Received=	-0.45116
Feedback: 0.70742
Received=	-0.30833
Feedback: 0.5502
Received=	-0.32516
Feedback: 0.56874
Received=	-0.29824
Feedback: 0.5391
Received=	-0.34158
Feedback: 0.5868
Received=	-0.52633
Feedback: 0.79015
Received=	-0.45318
Feedback: 0.70964
Received=	-0.35998
Feedback: 0.60705
Received=	-0.5452
Feedback: 0.81091
Received=	-0.34909
Feedback: 0.59507
Received=	-0.28616
Feedback: 0.5258
Received=	-0.29028
Feedback: 0.53034
Received=	-0.39565
Feedback: 0.64631
Received=	-0.30287
Feedback: 0.5442
Received=	-0.67003
Feedback: 0.9
Received=	-0.7769
Feedback: 0.9
Received=	-0.69915
Feedback: 0.9
Received=	-0.48789
Feedback: 0.74785
Received=	-0.39291
Feedback: 0.6433
Received=	-0.54043
Feedback: 0.80567
Received=	-0.37219
Feedback: 0.62049
Received=	-0.30199
Feedback: 0.54324
Received=	-0.47268
Feedback: 0.7311
Received=	-0.44439
Feedback: 0.69996
Received=	-0.59353
Feedback: 0.86412
Calculated range:	[(-2.000000) - (2.000000)]
Success index = (-0.002092)
Received=	-0.54265
=====  12:2:49 - BASE  ============
Feedback: 0.66
Received=	-0.29289
Feedback: 0.66
Received=	-0.16553
Feedback: 0.66
Received=	-0.21951
Feedback: 0.66
Received=	-0.34738
Feedback: 0.66
Received=	-0.32673
Feedback: 0.66
Received=	-0.64201
Feedback: 0.66
Received=	-0.70375
Feedback: 0.66
Received=	-0.81047
Feedback: 0.66
Received=	-0.8154
Feedback: 0.66
Received=	-0.75368
Feedback: 0.66
Received=	-0.71705
Feedback: 0.66
Received=	-0.5675
Feedback: 0.66
Received=	-0.38421
Feedback: 0.66
Received=	-0.46396
Feedback: 0.66
Received=	-0.40781
Feedback: 0.66
Received=	-0.43515
Feedback: 0.66
Received=	-0.37093
Feedback: 0.66
Received=	-0.2341
Feedback: 0.66
Received=	-0.44128
Feedback: 0.66
Received=	-0.45571
=====  12:3:49 - NF  ============
Feedback: 0.46771
Received=	-0.17219
Feedback: 0.19474
Received=	-0.057956
Feedback: 0.1
Received=	-0.31329
Feedback: 0.33059
Received=	-0.44163
Feedback: 0.45416
Received=	-0.28276
Feedback: 0.30119
Received=	-0.60617
Feedback: 0.61258
Received=	-0.65925
Feedback: 0.66368
Received=	-0.87259
Feedback: 0.86908
Received=	-0.71084
Feedback: 0.71335
Received=	-0.5088
Feedback: 0.51882
Received=	-0.38566
Feedback: 0.40026
Received=	-0.46522
Feedback: 0.47687
Received=	-0.67483
Feedback: 0.67868
Received=	-0.83679
Feedback: 0.83461
Received=	-1.1275
Feedback: 0.9
Received=	-1.1459
Feedback: 0.9
Received=	-0.92374
Feedback: 0.9
Received=	-0.79935
Feedback: 0.79856
Received=	-0.68574
Feedback: 0.68918
Received=	-0.65988
Feedback: 0.66428
Received=	-0.55362
Feedback: 0.56198
Received=	-0.56044
Feedback: 0.56855
Received=	-0.41623
Feedback: 0.4297
Received=	-0.52747
Feedback: 0.5368
Received=	-0.64111
Feedback: 0.64622
Received=	-0.52799
Feedback: 0.5373
Received=	-0.57208
Feedback: 0.57976
Received=	-0.5613
Feedback: 0.56937
Received=	-0.48683
Feedback: 0.49767
Received=	-0.5353
Feedback: 0.54434
Received=	-0.23208
Feedback: 0.2524
Received=	-0.047495
Feedback: 0.1
Received=	-0.077265
Feedback: 0.10334
Received=	-0.12753
Feedback: 0.15174
Received=	-0.26151
Feedback: 0.28073
Received=	-0.30294
Feedback: 0.32063
Received=	-0.2649
Feedback: 0.284
Received=	-0.44509
Feedback: 0.45748
Received=	-0.57851
Feedback: 0.58595
Received=	-0.85157
Feedback: 0.84884
Received=	-0.86735
Feedback: 0.86403
Received=	-0.74546
Feedback: 0.74668
Received=	-0.69638
Feedback: 0.69942
Received=	-0.34641
Feedback: 0.36248
Received=	-0.22729
Feedback: 0.24779
Received=	-0.46275
Feedback: 0.47449
Received=	-0.56768
Feedback: 0.57551
Received=	-0.43364
Feedback: 0.44646
Received=	-0.25947
Feedback: 0.27877
Received=	-0.64212
Feedback: 0.64719
Received=	-0.70643
Feedback: 0.7091
Received=	-0.66106
Feedback: 0.66542
Received=	-0.59195
Feedback: 0.59888
Received=	-0.69217
Feedback: 0.69538
Received=	-0.69178
Feedback: 0.695
Received=	-0.81848
Feedback: 0.81698
Received=	-0.67443
Feedback: 0.6783
Received=	-0.47752
Feedback: 0.48871
Received=	-0.43729
Feedback: 0.44998
Calculated range:	[(-2.000000) - (2.000000)]
Success index = (-0.213944)
closing...
