Direction=-1.000000	; step=1.000000;
Received=	0
Feedback: 0.66
Received=	0
Feedback: 0.66
Received=	0
Feedback: 0.66
Received=	0.20938
Feedback: 0.66
Received=	-0.42344
Feedback: 0.66
Received=	-0.44031
Feedback: 0.66
Received=	-0.28208
Feedback: 0.66
Received=	-0.10223
Feedback: 0.66
Received=	-0.22026
Feedback: 0.66
Received=	0.056604
Feedback: 0.66
Received=	0.64384
Feedback: 0.66
Received=	0.42921
Feedback: 0.66
Received=	-0.12522
Feedback: 0.66
Received=	-0.3095
Feedback: 0.66
Received=	-0.15841
Feedback: 0.66
Received=	-0.21743
Feedback: 0.66
Received=	-0.56329
Feedback: 0.66
Received=	-0.29932
Feedback: 0.66
Received=	-0.19319
Feedback: 0.66
Received=	0.26799
Feedback: 0.66
Received=	-0.19785
=====  17:36:14 - NF  ============
Feedback: 0.56459
Received=	-0.60188
Feedback: 0.82076
Received=	-0.54711
Feedback: 0.78603
Received=	-0.58015
Feedback: 0.80698
Received=	-0.40239
Feedback: 0.69427
Received=	-0.57159
Feedback: 0.80155
Received=	-0.41039
Feedback: 0.69934
Received=	-0.59143
Feedback: 0.81413
Received=	-0.73622
Feedback: 0.9
Received=	-0.87574
Feedback: 0.9
Received=	-0.65751
Feedback: 0.85603
Received=	-0.59293
Feedback: 0.81508
Received=	-0.68851
Feedback: 0.87568
Received=	-1.0136
Feedback: 0.9
Received=	-0.84109
Feedback: 0.9
Received=	-0.59293
Feedback: 0.81508
Received=	-0.24591
Feedback: 0.59506
Received=	-0.19643
Feedback: 0.56369
Received=	-0.34434
Feedback: 0.65747
Received=	-0.56794
Feedback: 0.79924
Received=	-0.72956
Feedback: 0.9
Received=	-0.81842
Feedback: 0.9
Received=	-0.79292
Feedback: 0.9
Received=	-0.70044
Feedback: 0.88325
Received=	-0.55332
Feedback: 0.78997
Received=	-0.55106
Feedback: 0.78853
Received=	-0.6665
Feedback: 0.86173
Received=	-0.84729
Feedback: 0.9
Received=	-0.76757
Feedback: 0.9
Received=	-0.78235
Feedback: 0.9
Received=	-0.75664
Feedback: 0.9
Received=	-0.90202
Feedback: 0.9
Received=	-0.61592
Feedback: 0.82966
Received=	-0.5687
Feedback: 0.79972
Received=	-0.46397
Feedback: 0.73332
Received=	-0.29552
Feedback: 0.62651
Received=	-0.68413
Feedback: 0.87291
Received=	-0.83818
Feedback: 0.9
Received=	-0.73858
Feedback: 0.9
Received=	-0.61321
Feedback: 0.82794
Received=	-0.61944
Feedback: 0.83189
Received=	-0.94456
Feedback: 0.9
Received=	-0.92502
Feedback: 0.9
Received=	-0.75067
Feedback: 0.9
Received=	-1.0211
Feedback: 0.9
Received=	-0.92382
Feedback: 0.9
Received=	-0.74518
Feedback: 0.9
Received=	-0.71778
Feedback: 0.89424
Received=	-0.77736
Feedback: 0.9
Received=	-0.71739
Feedback: 0.89399
Received=	-1.0027
Feedback: 0.9
Received=	-1.375
Feedback: 0.9
Received=	-1.4452
Feedback: 0.9
Received=	-1.126
Feedback: 0.9
Received=	-0.70092
Feedback: 0.88355
Received=	-0.55437
Feedback: 0.79064
Received=	-0.41342
Feedback: 0.70127
Received=	-0.72873
Feedback: 0.9
Received=	-0.73339
Feedback: 0.9
Received=	-0.79276
Feedback: 0.9
Calculated range:	[(-3.349321) - (0.650679)]
Success index = (-2.349321)
Received=	-0.66414
=====  17:39:14 - BASE  ============
Feedback: 0.66
Received=	-0.59106
Feedback: 0.66
Received=	-0.251
Feedback: 0.66
Received=	-0.54973
Feedback: 0.66
Received=	-0.47313
Feedback: 0.66
Received=	-0.20896
Feedback: 0.66
Received=	-0.14675
Feedback: 0.66
Received=	-0.32965
Feedback: 0.66
Received=	-0.52744
Feedback: 0.66
Received=	-0.24492
Feedback: 0.66
Received=	-0.27538
Feedback: 0.66
Received=	-0.30391
Feedback: 0.66
Received=	-0.47979
Feedback: 0.66
Received=	-0.76448
Feedback: 0.66
Received=	-0.91753
Feedback: 0.66
Received=	-0.76954
Feedback: 0.66
Received=	-0.81758
Feedback: 0.66
Received=	-0.7133
Feedback: 0.66
Received=	-0.11902
Feedback: 0.66
Received=	0.38511
Feedback: 0.66
Received=	-0.2111
=====  17:40:14 - NF  ============
Feedback: 0.10089
Received=	-0.67898
Feedback: 0.3945
Received=	-0.88925
Feedback: 0.52645
Received=	-0.86265
Feedback: 0.50976
Received=	-1.0427
Feedback: 0.62276
Received=	-1.0194
Feedback: 0.60815
Received=	-0.66676
Feedback: 0.38683
Received=	-0.53835
Feedback: 0.30625
Received=	-0.4185
Feedback: 0.23104
Received=	-0.86947
Feedback: 0.51404
Received=	-1.0705
Feedback: 0.64019
Received=	-1.0199
Feedback: 0.60844
Received=	-1.0253
Feedback: 0.61182
Received=	-1.1137
Feedback: 0.6673
Received=	-0.67028
Feedback: 0.38904
Received=	-0.73926
Feedback: 0.43233
Received=	-0.8392
Feedback: 0.49504
Received=	-1.0223
Feedback: 0.60991
Received=	-0.74351
Feedback: 0.43499
Received=	-0.54097
Feedback: 0.3079
Received=	-0.69758
Feedback: 0.40617
Received=	-1.0643
Feedback: 0.63627
Received=	-0.70753
Feedback: 0.41242
Received=	-0.64393
Feedback: 0.3725
Received=	-0.51602
Feedback: 0.29224
Received=	-0.82841
Feedback: 0.48827
Received=	-0.46084
Feedback: 0.25761
Received=	-0.47625
Feedback: 0.26728
Received=	-0.71321
Feedback: 0.41598
Received=	-0.98903
Feedback: 0.58906
Received=	-1.1527
Feedback: 0.69176
Received=	-1.1705
Feedback: 0.70292
Received=	-1.1506
Feedback: 0.69042
Received=	-0.33019
Feedback: 0.17563
Received=	-0.28247
Feedback: 0.14568
Received=	-0.63652
Feedback: 0.36786
Received=	-0.41987
Feedback: 0.2319
Received=	-0.80304
Feedback: 0.47235
Received=	-0.62203
Feedback: 0.35876
Received=	-0.55804
Feedback: 0.31861
Received=	-0.51441
Feedback: 0.29123
Received=	-0.13115
Feedback: 0.1
Received=	-0.4227
Feedback: 0.23368
Received=	-0.51481
Feedback: 0.29148
Received=	-0.47662
Feedback: 0.26751
Received=	0.55103
Feedback: 0.1
Received=	0.67243
Feedback: 0.1
Received=	0.13199
Feedback: 0.1
Received=	-0.61447
Feedback: 0.35402
Received=	-0.61088
Feedback: 0.35177
Received=	-0.051052
Feedback: 0.1
Received=	-0.065698
Feedback: 0.1
Received=	-0.38631
Feedback: 0.21084
Received=	-0.53984
Feedback: 0.30719
Received=	-0.31879
Feedback: 0.16847
Received=	-0.37766
Feedback: 0.20542
Received=	-0.61374
Feedback: 0.35356
Received=	-0.94262
Feedback: 0.55994
Received=	-0.65087
Feedback: 0.37686
Received=	-0.25702
Feedback: 0.12971
Calculated range:	[(-2.000000) - (2.000000)]
Success index = (-0.519224)
Received=	-0.14904
=====  17:43:14 - BASE  ============
Feedback: 0.66
Received=	-0.25669
Feedback: 0.66
Received=	-0.40068
Feedback: 0.66
Received=	-0.76099
Feedback: 0.66
Received=	-0.80256
Feedback: 0.66
Received=	-0.68766
Feedback: 0.66
Received=	-0.63905
Feedback: 0.66
Received=	-0.67412
Feedback: 0.66
Received=	-0.24963
Feedback: 0.66
Received=	0.0035957
Feedback: 0.66
Received=	-0.12298
Feedback: 0.66
Received=	-0.26724
Feedback: 0.66
Received=	-0.34175
Feedback: 0.66
Received=	-0.20242
Feedback: 0.66
Received=	-0.44641
Feedback: 0.66
Received=	-0.33973
Feedback: 0.66
Received=	-0.11216
Feedback: 0.66
Received=	-0.53577
Feedback: 0.66
Received=	-0.92933
Feedback: 0.66
Received=	-1.1079
Feedback: 0.66
Received=	-1.167
=====  17:44:14 - NF  ============
Feedback: 0.9
Received=	-0.70968
Feedback: 0.65026
Received=	-0.66784
Feedback: 0.62304
Received=	-0.95035
Feedback: 0.80683
Received=	-0.93515
Feedback: 0.79694
Received=	-0.79932
Feedback: 0.70858
Received=	-1.0174
Feedback: 0.85045
Received=	-0.86691
Feedback: 0.75255
Received=	-0.99393
Feedback: 0.83519
Received=	-0.89801
Feedback: 0.77278
Received=	-0.42913
Feedback: 0.46775
Received=	-0.22549
Feedback: 0.33526
Received=	-0.77883
Feedback: 0.69525
Received=	-1.2266
Feedback: 0.9
Received=	-0.37351
Feedback: 0.43156
Received=	-0.46535
Feedback: 0.49131
Received=	-0.78607
Feedback: 0.69996
Received=	-0.29694
Feedback: 0.38174
Received=	-0.10517
Feedback: 0.25699
Received=	-0.17119
Feedback: 0.29993
Received=	-0.4454
Feedback: 0.47833
Received=	-0.26258
Feedback: 0.35939
Received=	-0.44528
Feedback: 0.47825
Received=	-0.85613
Feedback: 0.74554
Received=	-1.1458
Feedback: 0.9
Received=	-0.91662
Feedback: 0.78489
Received=	-0.40164
Feedback: 0.44986
Received=	-0.42143
Feedback: 0.46273
Received=	0.027064
Feedback: 0.17096
Received=	0.082405
Feedback: 0.13495
Received=	-0.5105
Feedback: 0.52068
Received=	-1.1195
Feedback: 0.9
Received=	-0.71252
Feedback: 0.65211
Received=	-0.14849
Feedback: 0.28517
Received=	-0.51319
Feedback: 0.52243
Received=	-0.55314
Feedback: 0.54842
Received=	-0.67804
Feedback: 0.62968
Received=	-0.74062
Feedback: 0.67039
Received=	-0.54238
Feedback: 0.54142
Received=	-0.3756
Feedback: 0.43292
Received=	0.075849
Feedback: 0.13922
Received=	0.29759
Feedback: 0.1
Received=	-0.26965
Feedback: 0.36399
Received=	-0.13911
Feedback: 0.27906
Received=	0.31277
Feedback: 0.1
Received=	-0.33152
Feedback: 0.40424
Received=	-0.43302
Feedback: 0.47028
Received=	-0.052424
Feedback: 0.22267
Received=	-0.26858
Feedback: 0.36329
Received=	-0.46962
Feedback: 0.49408
Received=	-0.70348
Feedback: 0.64623
Received=	-0.67848
Feedback: 0.62997
Received=	-0.76981
Feedback: 0.68938
Received=	-0.66492
Feedback: 0.62114
Received=	-0.95949
Feedback: 0.81278
Received=	-0.55697
Feedback: 0.55091
Received=	-0.17515
Feedback: 0.30251
Received=	-0.7189
Feedback: 0.65626
Received=	-0.88227
Feedback: 0.76255
Received=	-0.73377
Feedback: 0.66593
Calculated range:	[(-2.000000) - (2.000000)]
Success index = (-0.188397)
Received=	-0.54265
=====  17:47:14 - BASE  ============
Feedback: 0.66
Received=	-0.47835
Feedback: 0.66
Received=	-0.26416
Feedback: 0.66
Received=	-0.56243
Feedback: 0.66
Received=	-0.64909
Feedback: 0.66
Received=	-0.87045
Feedback: 0.66
Received=	-1.2448
Feedback: 0.66
Received=	-0.98294
Feedback: 0.66
Received=	-1.1265
Feedback: 0.66
Received=	-1.1678
Feedback: 0.66
Received=	-0.92593
Feedback: 0.66
Received=	-1.079
Feedback: 0.66
Received=	-1.0113
Feedback: 0.66
Received=	-1.0565
Feedback: 0.66
Received=	-1.2194
Feedback: 0.66
Received=	-1.0494
Feedback: 0.66
Received=	-1.0345
Feedback: 0.66
Received=	-0.93979
Feedback: 0.66
Received=	-0.32597
Feedback: 0.66
Received=	-0.18153
Feedback: 0.66
Received=	-0.59063
=====  17:48:14 - NF  ============
Feedback: 0.33074
Received=	-0.86117
Feedback: 0.49363
Received=	-0.99475
Feedback: 0.57406
Received=	-1.4284
Feedback: 0.83513
Received=	-1.553
Feedback: 0.9
Received=	-1.2467
Feedback: 0.72574
Received=	-1.3536
Feedback: 0.79015
Received=	-1.0867
Feedback: 0.62941
Received=	-0.54877
Feedback: 0.30554
Received=	0.070694
Feedback: 0.1
Received=	-0.33657
Feedback: 0.17777
Received=	-1.0058
Feedback: 0.58071
Received=	-1.0935
Feedback: 0.63349
Received=	-1.0103
Feedback: 0.58345
Received=	-1.0704
Feedback: 0.61958
Received=	-1.2442
Feedback: 0.72424
Received=	-0.57942
Feedback: 0.32399
Received=	-0.30513
Feedback: 0.15884
Received=	-0.89276
Feedback: 0.51265
Received=	-1.0964
Feedback: 0.63525
Received=	-1.0476
Feedback: 0.6059
Received=	-1.0551
Feedback: 0.6104
Received=	-1.2454
Feedback: 0.72495
Received=	-1.5225
Feedback: 0.89184
Received=	-1.4984
Feedback: 0.87727
Received=	-1.1834
Feedback: 0.68767
Received=	-0.78319
Feedback: 0.44668
Received=	-0.025441
Feedback: 0.1
Received=	-0.54668
Feedback: 0.30428
Received=	-0.75552
Feedback: 0.43002
Received=	-0.98522
Feedback: 0.56832
Received=	-0.95521
Feedback: 0.55025
Received=	-0.81013
Feedback: 0.4629
Received=	-0.79552
Feedback: 0.4541
Received=	-0.71642
Feedback: 0.40648
Received=	-1.0083
Feedback: 0.58219
Received=	-0.4831
Feedback: 0.266
Received=	-0.474
Feedback: 0.26052
Received=	-1.0034
Feedback: 0.57929
Received=	-1.4011
Feedback: 0.81869
Received=	-1.0426
Feedback: 0.60287
Received=	-0.87842
Feedback: 0.50402
Received=	-0.51676
Feedback: 0.28627
Received=	-0.69404
Feedback: 0.393
Received=	-1.0241
Feedback: 0.59175
Received=	-1.1536
Feedback: 0.66973
Received=	-0.70315
Feedback: 0.39849
Received=	-0.63353
Feedback: 0.35657
Received=	-1.1962
Feedback: 0.69535
Received=	-1.2907
Feedback: 0.75226
Received=	-0.89986
Feedback: 0.51693
Received=	-0.58313
Feedback: 0.32622
Received=	-1.4406
Feedback: 0.8425
Received=	-0.53939
Feedback: 0.29989
Received=	-0.65522
Feedback: 0.36963
Received=	-1.4873
Feedback: 0.87061
Received=	-1.3365
Feedback: 0.77981
Received=	-0.99638
Feedback: 0.57504
Received=	-0.90907
Feedback: 0.52247
Received=	-1.1672
Feedback: 0.67792
Calculated range:	[(-2.000000) - (2.000000)]
Success index = (-0.158566)
Received=	-1.0529
=====  17:51:14 - BASE  ============
Feedback: 0.66
Received=	-1.2774
Feedback: 0.66
Received=	-1.3631
Feedback: 0.66
Received=	-1.2547
Feedback: 0.66
Received=	-0.71166
Feedback: 0.66
Received=	-0.39472
Feedback: 0.66
Received=	-0.52753
Feedback: 0.66
Received=	-0.86076
Feedback: 0.66
Received=	-0.84441
Feedback: 0.66
Received=	-0.75914
Feedback: 0.66
Received=	-0.75671
Feedback: 0.66
Received=	-1.1491
Feedback: 0.66
Received=	-0.77978
Feedback: 0.66
Received=	-0.29484
Feedback: 0.66
Received=	-0.66703
Feedback: 0.66
Received=	-0.96504
Feedback: 0.66
Received=	-0.82599
Feedback: 0.66
Received=	-0.49941
Feedback: 0.66
Received=	-0.57521
Feedback: 0.66
Received=	-0.41245
Feedback: 0.66
Received=	-0.28061
=====  17:52:14 - NF  ============
Feedback: 0.17446
Received=	-0.30812
Feedback: 0.19322
Received=	-0.62375
Feedback: 0.40852
Received=	-0.83736
Feedback: 0.55422
Received=	-1.3976
Feedback: 0.9
Received=	-0.91143
Feedback: 0.60475
Received=	-1.0795
Feedback: 0.71942
Received=	-1.1765
Feedback: 0.78555
Received=	-0.63543
Feedback: 0.41649
Received=	-0.19551
Feedback: 0.11641
Received=	-0.61465
Feedback: 0.40231
Received=	-0.92998
Feedback: 0.61741
Received=	-1.2474
Feedback: 0.83389
Received=	-1.4433
Feedback: 0.9
Received=	-0.82751
Feedback: 0.54751
Received=	-0.532
Feedback: 0.34594
Received=	-0.80306
Feedback: 0.53083
Received=	-1.1811
Feedback: 0.78872
Received=	-1.3089
Feedback: 0.8759
Received=	-1.3645
Feedback: 0.9
Received=	-1.0213
Feedback: 0.6797
Received=	-1.0823
Feedback: 0.72133
Received=	-0.79734
Feedback: 0.52693
Received=	-0.88655
Feedback: 0.58778
Received=	-1.0468
Feedback: 0.69706
Received=	-0.87022
Feedback: 0.57664
Received=	-0.86512
Feedback: 0.57316
Received=	-0.80657
Feedback: 0.53322
Received=	-0.6364
Feedback: 0.41715
Received=	-0.67931
Feedback: 0.44642
Received=	-0.28434
Feedback: 0.177
Received=	-0.24211
Feedback: 0.1482
Received=	-0.60632
Feedback: 0.39663
Received=	-0.64211
Feedback: 0.42104
Received=	0.15227
Feedback: 0.1
Received=	-0.28511
Feedback: 0.17752
Received=	-0.69036
Feedback: 0.45396
Received=	-0.82557
Feedback: 0.54618
Received=	-0.85854
Feedback: 0.56867
Received=	-1.0703
Feedback: 0.71312
Received=	-0.63383
Feedback: 0.41539
Received=	-0.31963
Feedback: 0.20108
Received=	-0.31636
Feedback: 0.19884
Received=	-0.52353
Feedback: 0.34016
Received=	-0.059957
Feedback: 0.1
Received=	-0.24167
Feedback: 0.14789
Received=	-0.42559
Feedback: 0.27335
Received=	-0.63073
Feedback: 0.41328
Received=	-1.0793
Feedback: 0.71924
Received=	-0.90797
Feedback: 0.60239
Received=	-0.49367
Feedback: 0.31979
Received=	-0.5611
Feedback: 0.36578
Received=	-0.44846
Feedback: 0.28895
Received=	-0.40223
Feedback: 0.25741
Received=	-0.7206
Feedback: 0.47458
Received=	-0.0018509
Feedback: 0.1
Received=	-0.33449
Feedback: 0.21121
Received=	-0.85096
Feedback: 0.5635
Received=	-0.9365
Feedback: 0.62185
Received=	-0.385
Feedback: 0.24567
Calculated range:	[(-2.000000) - (2.000000)]
Success index = (0.166576)
closing...
