Direction=-1.000000	; step=1.000000;
Received=	0
Feedback: 0.66
Received=	0
Feedback: 0.66
Received=	0
Feedback: 0.66
Received=	0.087422
Feedback: 0.66
Received=	-0.23408
Feedback: 0.66
Received=	-0.18883
Feedback: 0.66
Received=	-0.13336
Feedback: 0.66
Received=	-0.53519
Feedback: 0.66
Received=	-0.52944
Feedback: 0.66
Received=	-0.013807
Feedback: 0.66
Received=	0.071593
Feedback: 0.66
Received=	0.034718
Feedback: 0.66
Received=	-0.054989
Feedback: 0.66
Received=	-0.21
Feedback: 0.66
Received=	-0.49968
Feedback: 0.66
Received=	-0.5434
Feedback: 0.66
Received=	-0.61668
Feedback: 0.66
Received=	-0.64222
Feedback: 0.66
Received=	-0.66933
Feedback: 0.66
Received=	-0.28221
Feedback: 0.66
Received=	0.3145
=====  13:14:55 - NF  ============
Feedback: 0.1
Received=	0.78341
Feedback: 0.1
Received=	0.70174
Feedback: 0.1
Received=	0.21097
Feedback: 0.13902
Received=	0.023834
Feedback: 0.27788
Received=	-0.15263
Feedback: 0.40881
Received=	-0.15923
Feedback: 0.41371
Received=	-0.21799
Feedback: 0.45731
Received=	-0.3579
Feedback: 0.56112
Received=	-0.40737
Feedback: 0.59783
Received=	-0.27602
Feedback: 0.50037
Received=	-0.007926
Feedback: 0.30144
Received=	-0.024194
Feedback: 0.31351
Received=	-0.0060152
Feedback: 0.30003
Received=	-0.0021132
Feedback: 0.29713
Received=	-0.072351
Feedback: 0.34925
Received=	0.20227
Feedback: 0.14548
Received=	-0.061526
Feedback: 0.34121
Received=	-0.21926
Feedback: 0.45825
Received=	0.064536
Feedback: 0.24768
Received=	-0.02656
Feedback: 0.31527
Received=	-0.42512
Feedback: 0.61099
Received=	-0.076971
Feedback: 0.35267
Received=	0.23835
Feedback: 0.11871
Received=	-0.036118
Feedback: 0.32236
Received=	-0.24497
Feedback: 0.47733
Received=	-0.14716
Feedback: 0.40475
Received=	-0.15327
Feedback: 0.40929
Received=	-0.1339
Feedback: 0.39492
Received=	0.015834
Feedback: 0.28381
Received=	0.15089
Feedback: 0.18361
Received=	-0.12168
Feedback: 0.38584
Received=	-0.28961
Feedback: 0.51045
Received=	-0.30439
Feedback: 0.52141
Received=	-0.084105
Feedback: 0.35797
Received=	0.11692
Feedback: 0.20881
Received=	-0.051324
Feedback: 0.33364
Received=	0.041313
Feedback: 0.26491
Received=	0.11406
Feedback: 0.21093
Received=	-0.092528
Feedback: 0.36422
Received=	-0.070266
Feedback: 0.3477
Received=	-0.18992
Feedback: 0.43648
Received=	-0.23486
Feedback: 0.46983
Received=	-0.36478
Feedback: 0.56623
Received=	-0.29808
Feedback: 0.51673
Received=	-0.038375
Feedback: 0.32404
Received=	0.0054341
Feedback: 0.29153
Received=	0.025099
Feedback: 0.27694
Received=	-0.14538
Feedback: 0.40343
Received=	-0.12167
Feedback: 0.38584
Received=	0.036953
Feedback: 0.26814
Received=	0.2664
Feedback: 0.1
Received=	0.43776
Feedback: 0.1
Received=	0.080577
Feedback: 0.23578
Received=	-0.17042
Feedback: 0.42201
Received=	-0.093959
Feedback: 0.36528
Received=	0.13066
Feedback: 0.19862
Received=	0.06314
Feedback: 0.24871
Received=	-0.3352
Feedback: 0.54427
Received=	-0.38151
Feedback: 0.57863
Calculated range:	[(-2.000000) - (2.000000)]
Success index = (0.954960)
Received=	-0.015771
=====  13:17:55 - BASE  ============
Feedback: 0.66
Received=	0.01133
Feedback: 0.66
Received=	0.053844
Feedback: 0.66
Received=	0.075849
Feedback: 0.66
Received=	0.095813
Feedback: 0.66
Received=	-0.038708
Feedback: 0.66
Received=	-0.12385
Feedback: 0.66
Received=	0.022496
Feedback: 0.66
Received=	-0.081766
Feedback: 0.66
Received=	-0.034683
Feedback: 0.66
Received=	-0.064303
Feedback: 0.66
Received=	-0.21163
Feedback: 0.66
Received=	-0.10402
Feedback: 0.66
Received=	-0.10613
Feedback: 0.66
Received=	-0.16682
Feedback: 0.66
Received=	0.01629
Feedback: 0.66
Received=	-0.00064032
Feedback: 0.66
Received=	0.79389
Feedback: 0.66
Received=	0.97635
Feedback: 0.66
Received=	0.15979
Feedback: 0.66
Received=	-0.37846
=====  13:18:55 - NF  ============
Feedback: 0.78685
Received=	-0.54468
Feedback: 0.89315
Received=	-0.37465
Feedback: 0.78441
Received=	-0.13383
Feedback: 0.63041
Received=	-0.046749
Feedback: 0.57472
Received=	0.05215
Feedback: 0.51148
Received=	-0.045455
Feedback: 0.5739
Received=	-0.43791
Feedback: 0.82487
Received=	-0.24845
Feedback: 0.70371
Received=	-0.19524
Feedback: 0.66969
Received=	-0.30677
Feedback: 0.74101
Received=	-0.31584
Feedback: 0.74681
Received=	-0.15561
Feedback: 0.64434
Received=	-0.3153
Feedback: 0.74646
Received=	-0.33419
Feedback: 0.75854
Received=	-0.39961
Feedback: 0.80038
Received=	-0.16423
Feedback: 0.64985
Received=	-0.07311
Feedback: 0.59158
Received=	0.032876
Feedback: 0.5238
Received=	-0.19447
Feedback: 0.66919
Received=	-0.36129
Feedback: 0.77587
Received=	-0.29069
Feedback: 0.73072
Received=	-0.3412
Feedback: 0.76302
Received=	-0.52379
Feedback: 0.87979
Received=	-0.32428
Feedback: 0.7522
Received=	-0.11122
Feedback: 0.61595
Received=	-0.29749
Feedback: 0.73507
Received=	-0.24108
Feedback: 0.69899
Received=	0.12454
Feedback: 0.46518
Received=	0.11169
Feedback: 0.4734
Received=	0.11902
Feedback: 0.46871
Received=	-0.17776
Feedback: 0.6585
Received=	-0.034068
Feedback: 0.56661
Received=	-0.13508
Feedback: 0.63121
Received=	-0.56
Feedback: 0.9
Received=	-0.46235
Feedback: 0.8405
Received=	-0.069494
Feedback: 0.58927
Received=	-0.021276
Feedback: 0.55843
Received=	-0.22835
Feedback: 0.69086
Received=	-0.27123
Feedback: 0.71828
Received=	-0.3105
Feedback: 0.74339
Received=	-0.29114
Feedback: 0.73101
Received=	-0.34183
Feedback: 0.76343
Received=	-0.31576
Feedback: 0.74675
Received=	-0.058707
Feedback: 0.58237
Received=	0.074057
Feedback: 0.49747
Received=	0.62112
Feedback: 0.14763
Received=	0.28311
Feedback: 0.36378
Received=	-0.089812
Feedback: 0.60226
Received=	0.13325
Feedback: 0.45962
Received=	-0.10623
Feedback: 0.61276
Received=	-0.09469
Feedback: 0.60538
Received=	-0.084279
Feedback: 0.59872
Received=	0.058232
Feedback: 0.50759
Received=	0.14451
Feedback: 0.45241
Received=	-0.22125
Feedback: 0.68632
Received=	-0.39668
Feedback: 0.7985
Received=	-0.22603
Feedback: 0.68937
Received=	-0.40318
Feedback: 0.80266
Received=	-0.46211
Feedback: 0.84035
Calculated range:	[(-2.036566) - (1.963434)]
Success index = (-1.036566)
Received=	-0.22668
=====  13:21:55 - BASE  ============
Feedback: 0.66
Received=	-0.31719
Feedback: 0.66
Received=	0.0057008
Feedback: 0.66
Received=	0.29005
Feedback: 0.66
Received=	0.17465
Feedback: 0.66
Received=	0.59112
Feedback: 0.66
Received=	0.54737
Feedback: 0.66
Received=	-0.26215
Feedback: 0.66
Received=	-0.59093
Feedback: 0.66
Received=	-0.40852
Feedback: 0.66
Received=	-0.15243
Feedback: 0.66
Received=	-0.11963
Feedback: 0.66
Received=	0.0025919
Feedback: 0.66
Received=	0.021086
Feedback: 0.66
Received=	-0.016862
Feedback: 0.66
Received=	0.36809
Feedback: 0.66
Received=	0.4263
Feedback: 0.66
Received=	0.26039
Feedback: 0.66
Received=	0.34668
Feedback: 0.66
Received=	0.57822
Feedback: 0.66
Received=	0.30035
=====  13:22:55 - NF  ============
Feedback: 0.38407
Received=	-0.093628
Feedback: 0.61437
Received=	-0.26043
Feedback: 0.71187
Received=	-0.25295
Feedback: 0.7075
Received=	-0.34699
Feedback: 0.76246
Received=	-0.14048
Feedback: 0.64175
Received=	-0.018118
Feedback: 0.57023
Received=	-0.054481
Feedback: 0.59149
Received=	-0.010017
Feedback: 0.56549
Received=	0.06465
Feedback: 0.52185
Received=	-0.0043872
Feedback: 0.5622
Received=	-0.29816
Feedback: 0.73392
Received=	-0.34331
Feedback: 0.76031
Received=	-0.26938
Feedback: 0.7171
Received=	-0.0624
Feedback: 0.59611
Received=	0.42015
Feedback: 0.31405
Received=	0.13064
Feedback: 0.48327
Received=	-0.043159
Feedback: 0.58487
Received=	-0.11519
Feedback: 0.62697
Received=	-0.10722
Feedback: 0.62231
Received=	0.12436
Feedback: 0.48695
Received=	0.2272
Feedback: 0.42683
Received=	-0.10079
Feedback: 0.61855
Received=	0.044486
Feedback: 0.53364
Received=	0.14649
Feedback: 0.47401
Received=	0.029748
Feedback: 0.54225
Received=	0.099138
Feedback: 0.50169
Received=	-0.20171
Feedback: 0.67754
Received=	-0.061049
Feedback: 0.59532
Received=	-0.12506
Feedback: 0.63274
Received=	-0.29571
Feedback: 0.73249
Received=	-0.17281
Feedback: 0.66065
Received=	0.22877
Feedback: 0.42592
Received=	0.15973
Feedback: 0.46627
Received=	-0.16092
Feedback: 0.6537
Received=	-0.12112
Feedback: 0.63044
Received=	0.009001
Feedback: 0.55438
Received=	-0.070514
Feedback: 0.60086
Received=	-0.21001
Feedback: 0.6824
Received=	-0.29256
Feedback: 0.73065
Received=	-0.36712
Feedback: 0.77423
Received=	-0.44884
Feedback: 0.822
Received=	-0.42931
Feedback: 0.81059
Received=	-0.10806
Feedback: 0.6228
Received=	0.026278
Feedback: 0.54428
Received=	0.066372
Feedback: 0.52084
Received=	0.12546
Feedback: 0.48631
Received=	0.0052635
Feedback: 0.55656
Received=	-0.15924
Feedback: 0.65272
Received=	-0.12422
Feedback: 0.63225
Received=	-0.050971
Feedback: 0.58943
Received=	0.015999
Feedback: 0.55029
Received=	-0.16048
Feedback: 0.65344
Received=	-0.26
Feedback: 0.71162
Received=	0.15725
Feedback: 0.46772
Received=	0.29303
Feedback: 0.38835
Received=	0.41948
Feedback: 0.31444
Received=	0.64609
Feedback: 0.18198
Received=	0.25478
Feedback: 0.41071
Received=	-0.12051
Feedback: 0.63008
Calculated range:	[(-2.000000) - (2.000000)]
Success index = (-0.631664)
Received=	-0.11407
=====  13:25:55 - BASE  ============
Feedback: 0.66
Received=	-0.2124
Feedback: 0.66
Received=	0.066768
Feedback: 0.66
Received=	0.39393
Feedback: 0.66
Received=	0.37283
Feedback: 0.66
Received=	0.31276
Feedback: 0.66
Received=	-0.0093627
Feedback: 0.66
Received=	-0.22779
Feedback: 0.66
Received=	-0.22183
Feedback: 0.66
Received=	-0.16105
Feedback: 0.66
Received=	-0.1057
Feedback: 0.66
Received=	-0.22763
Feedback: 0.66
Received=	-0.32628
Feedback: 0.66
Received=	-0.069298
Feedback: 0.66
Received=	0.15477
Feedback: 0.66
Received=	0.31722
Feedback: 0.66
Received=	0.1639
Feedback: 0.66
Received=	0.42622
Feedback: 0.66
Received=	0.25531
Feedback: 0.66
Received=	0.16749
Feedback: 0.66
Received=	0.22203
=====  13:26:55 - NF  ============
Feedback: 0.37764
Received=	-0.081775
Feedback: 0.62415
Received=	-0.14789
Feedback: 0.6778
Received=	0.015217
Feedback: 0.54545
Received=	-0.14193
Feedback: 0.67297
Received=	0.059994
Feedback: 0.50912
Received=	0.038458
Feedback: 0.5266
Received=	-0.017744
Feedback: 0.5722
Received=	-0.40367
Feedback: 0.88535
Received=	-0.47968
Feedback: 0.9
Received=	-0.12375
Feedback: 0.65822
Received=	-0.073161
Feedback: 0.61717
Received=	0.11902
Feedback: 0.46123
Received=	0.46474
Feedback: 0.18071
Received=	0.38599
Feedback: 0.24461
Received=	0.072631
Feedback: 0.49887
Received=	-0.11833
Feedback: 0.65382
Received=	0.0091811
Feedback: 0.55035
Received=	0.22418
Feedback: 0.3759
Received=	0.43474
Feedback: 0.20505
Received=	0.28775
Feedback: 0.32432
Received=	-0.01963
Feedback: 0.57373
Received=	0.152
Feedback: 0.43447
Received=	0.33041
Feedback: 0.2897
Received=	0.42782
Feedback: 0.21067
Received=	0.31698
Feedback: 0.3006
Received=	-0.033225
Feedback: 0.58476
Received=	-0.38763
Feedback: 0.87233
Received=	-0.069852
Feedback: 0.61448
Received=	0.066839
Feedback: 0.50357
Received=	0.20505
Feedback: 0.39143
Received=	0.34999
Feedback: 0.27382
Received=	0.011839
Feedback: 0.5482
Received=	-0.24523
Feedback: 0.75679
Received=	-0.3397
Feedback: 0.83344
Received=	0.1443
Feedback: 0.44072
Received=	0.0092834
Feedback: 0.55027
Received=	-0.36537
Feedback: 0.85427
Received=	-0.11473
Feedback: 0.65089
Received=	-0.054297
Feedback: 0.60186
Received=	-0.1159
Feedback: 0.65185
Received=	-0.12316
Feedback: 0.65774
Received=	-0.17649
Feedback: 0.70101
Received=	-0.055071
Feedback: 0.60249
Received=	0.37208
Feedback: 0.2559
Received=	0.51095
Feedback: 0.14321
Received=	0.27266
Feedback: 0.33656
Received=	0.079038
Feedback: 0.49367
Received=	-0.13478
Feedback: 0.66716
Received=	-0.42314
Feedback: 0.9
Received=	-0.22838
Feedback: 0.74311
Received=	-0.087686
Feedback: 0.62895
Received=	-0.31088
Feedback: 0.81005
Received=	-0.15327
Feedback: 0.68216
Received=	0.13423
Feedback: 0.44888
Received=	0.5041
Feedback: 0.14877
Received=	0.46545
Feedback: 0.18013
Received=	0.19316
Feedback: 0.40107
Received=	-0.35995
Feedback: 0.84987
Received=	-0.038506
Feedback: 0.58905
Calculated range:	[(-2.000000) - (2.000000)]
Success index = (-0.185095)
Received=	0.066695
=====  13:29:55 - BASE  ============
Feedback: 0.66
Received=	0.13475
Feedback: 0.66
Received=	0.091727
Feedback: 0.66
Received=	0.26447
Feedback: 0.66
Received=	0.2405
Feedback: 0.66
Received=	-0.06941
Feedback: 0.66
Received=	-0.21713
Feedback: 0.66
Received=	-0.41811
Feedback: 0.66
Received=	-0.36803
Feedback: 0.66
Received=	-0.33334
Feedback: 0.66
Received=	-0.38671
Feedback: 0.66
Received=	0.075401
Feedback: 0.66
Received=	-0.050064
Feedback: 0.66
Received=	-0.13984
Feedback: 0.66
Received=	-0.19638
Feedback: 0.66
Received=	0.14825
Feedback: 0.66
Received=	0.52906
Feedback: 0.66
Received=	0.50732
Feedback: 0.66
Received=	0.079129
Feedback: 0.66
Received=	0.056331
Feedback: 0.66
Received=	-0.07052
=====  13:30:55 - NF  ============
Feedback: 0.54203
Received=	-0.19635
Feedback: 0.62997
Received=	-0.25019
Feedback: 0.6676
Received=	0.0063861
Feedback: 0.48828
Received=	0.023726
Feedback: 0.47616
Received=	0.025442
Feedback: 0.47496
Received=	-0.47388
Feedback: 0.82394
Received=	-0.14334
Feedback: 0.59293
Received=	0.22332
Feedback: 0.33667
Received=	0.054067
Feedback: 0.45496
Received=	-0.11274
Feedback: 0.57154
Received=	-0.17371
Feedback: 0.61415
Received=	-0.12028
Feedback: 0.57681
Received=	0.021833
Feedback: 0.47749
Received=	0.76624
Feedback: 0.1
Received=	0.60834
Feedback: 0.1
Received=	0.052458
Feedback: 0.45608
Received=	-0.1944
Feedback: 0.62861
Received=	-0.31808
Feedback: 0.71505
Received=	-0.14063
Feedback: 0.59103
Received=	-0.24987
Feedback: 0.66738
Received=	-0.23804
Feedback: 0.65911
Received=	-0.1474
Feedback: 0.59576
Received=	0.084215
Feedback: 0.43389
Received=	-0.26772
Feedback: 0.67985
Received=	0.044691
Feedback: 0.46151
Received=	0.29716
Feedback: 0.28506
Received=	0.01167
Feedback: 0.48459
Received=	0.12262
Feedback: 0.40705
Received=	0.06945
Feedback: 0.44421
Received=	-0.28148
Feedback: 0.68947
Received=	0.058463
Feedback: 0.45189
Received=	0.33141
Feedback: 0.26112
Received=	-0.16533
Feedback: 0.60829
Received=	-0.43631
Feedback: 0.79768
Received=	-0.24058
Feedback: 0.66089
Received=	-0.26866
Feedback: 0.68051
Received=	-0.070639
Feedback: 0.54212
Received=	0.30459
Feedback: 0.27987
Received=	-0.027148
Feedback: 0.51172
Received=	0.041287
Feedback: 0.46389
Received=	0.087106
Feedback: 0.43187
Received=	0.20498
Feedback: 0.34948
Received=	0.34012
Feedback: 0.25504
Received=	0.31159
Feedback: 0.27498
Received=	-0.12111
Feedback: 0.57739
Received=	-0.28725
Feedback: 0.6935
Received=	-0.1907
Feedback: 0.62603
Received=	-0.23519
Feedback: 0.65712
Received=	-0.26561
Feedback: 0.67838
Received=	-0.24853
Feedback: 0.66644
Received=	-0.21505
Feedback: 0.64304
Received=	-0.38916
Feedback: 0.76473
Received=	-0.34089
Feedback: 0.731
Received=	-0.030374
Feedback: 0.51397
Received=	0.32197
Feedback: 0.26772
Received=	0.66276
Feedback: 0.1
Received=	0.19304
Feedback: 0.35783
Received=	0.33796
Feedback: 0.25655
Received=	0.15974
Feedback: 0.3811
Calculated range:	[(-2.000000) - (2.000000)]
Success index = (-0.032207)
closing...
