Direction=-1.000000	; step=1.000000;
Received=	0
Feedback: 0.66
Received=	0
Feedback: 0.66
Received=	0
Feedback: 0.66
Received=	-0.15529
Feedback: 0.66
Received=	-0.54089
Feedback: 0.66
Received=	-0.29534
Feedback: 0.66
Received=	-0.3845
Feedback: 0.66
Received=	-0.46167
Feedback: 0.66
Received=	-0.19822
Feedback: 0.66
Received=	-0.19529
Feedback: 0.66
Received=	-0.21114
Feedback: 0.66
Received=	-0.56372
Feedback: 0.66
Received=	-0.53842
Feedback: 0.66
Received=	-0.65134
Feedback: 0.66
Received=	-0.48797
Feedback: 0.66
Received=	-0.34817
Feedback: 0.66
Received=	-0.37901
Feedback: 0.66
Received=	-0.23943
Feedback: 0.66
Received=	-0.34853
Feedback: 0.66
Received=	-0.26136
Feedback: 0.66
Received=	-0.088648
=====  11:42:32 - NF  ============
Feedback: 0.19522
Received=	-0.25603
Feedback: 0.39208
Received=	-0.48608
Feedback: 0.66264
Received=	-0.58956
Feedback: 0.78434
Received=	-0.63199
Feedback: 0.83424
Received=	-0.60052
Feedback: 0.79722
Received=	-0.63458
Feedback: 0.83728
Received=	-0.61192
Feedback: 0.81064
Received=	-0.46959
Feedback: 0.64324
Received=	-0.74452
Feedback: 0.9
Received=	-0.47883
Feedback: 0.65411
Received=	-0.378
Feedback: 0.53553
Received=	-0.47731
Feedback: 0.65232
Received=	-0.6725
Feedback: 0.88189
Received=	-0.6716
Feedback: 0.88083
Received=	-0.56516
Feedback: 0.75564
Received=	-0.59169
Feedback: 0.78684
Received=	-0.37992
Feedback: 0.53778
Received=	-0.49278
Feedback: 0.67051
Received=	-0.43277
Feedback: 0.59994
Received=	-0.35545
Feedback: 0.50901
Received=	-0.53943
Feedback: 0.72538
Received=	-0.34561
Feedback: 0.49743
Received=	-0.47671
Feedback: 0.65161
Received=	-0.49276
Feedback: 0.67049
Received=	-0.58731
Feedback: 0.78169
Received=	-0.47783
Feedback: 0.65293
Received=	-0.48097
Feedback: 0.65663
Received=	-0.55219
Feedback: 0.74039
Received=	-0.52429
Feedback: 0.70757
Received=	-0.58633
Feedback: 0.78054
Received=	-0.39344
Feedback: 0.55368
Received=	-0.6249
Feedback: 0.8259
Received=	-0.51392
Feedback: 0.69537
Received=	-0.41842
Feedback: 0.58306
Received=	-0.42011
Feedback: 0.58505
Received=	-0.37626
Feedback: 0.53347
Received=	-0.56856
Feedback: 0.75964
Received=	-0.70273
Feedback: 0.9
Received=	-0.68347
Feedback: 0.89479
Received=	-0.62067
Feedback: 0.82093
Received=	-0.60311
Feedback: 0.80028
Received=	-0.66539
Feedback: 0.87351
Received=	-0.7154
Feedback: 0.9
Received=	-0.68833
Feedback: 0.9
Received=	-0.79622
Feedback: 0.9
Received=	-0.55833
Feedback: 0.74761
Received=	-0.42647
Feedback: 0.59253
Received=	-0.45526
Feedback: 0.62639
Received=	-0.54087
Feedback: 0.72707
Received=	-0.67274
Feedback: 0.88216
Received=	-0.71039
Feedback: 0.9
Received=	-0.47234
Feedback: 0.64648
Received=	-0.23276
Feedback: 0.36471
Received=	-0.091293
Feedback: 0.19833
Received=	-0.12571
Feedback: 0.23881
Received=	-0.35766
Feedback: 0.51161
Received=	-0.55412
Feedback: 0.74266
Received=	-0.46211
Feedback: 0.63445
Received=	-0.43475
Feedback: 0.60227
Calculated range:	[(-2.030806) - (1.969194)]
Success index = (-1.030806)
Received=	-0.49024
=====  11:45:32 - BASE  ============
Feedback: 0.66
Received=	-0.57178
Feedback: 0.66
Received=	-0.60658
Feedback: 0.66
Received=	-0.52038
Feedback: 0.66
Received=	-0.53111
Feedback: 0.66
Received=	-0.32724
Feedback: 0.66
Received=	-0.53019
Feedback: 0.66
Received=	-0.58895
Feedback: 0.66
Received=	-0.37272
Feedback: 0.66
Received=	-0.62068
Feedback: 0.66
Received=	-0.56693
Feedback: 0.66
Received=	-0.67428
Feedback: 0.66
Received=	-0.56009
Feedback: 0.66
Received=	-0.3151
Feedback: 0.66
Received=	-0.41867
Feedback: 0.66
Received=	-0.39522
Feedback: 0.66
Received=	-0.66969
Feedback: 0.66
Received=	-1.0184
Feedback: 0.66
Received=	-0.81032
Feedback: 0.66
Received=	-0.721
Feedback: 0.66
Received=	-0.56238
=====  11:46:32 - NF  ============
Feedback: 0.48599
Received=	-0.49897
Feedback: 0.41407
Received=	-0.52136
Feedback: 0.43946
Received=	-0.3745
Feedback: 0.27289
Received=	-0.33241
Feedback: 0.22516
Received=	-0.48606
Feedback: 0.39942
Received=	-0.48824
Feedback: 0.4019
Received=	-0.49702
Feedback: 0.41185
Received=	-0.51403
Feedback: 0.43115
Received=	-0.42631
Feedback: 0.33165
Received=	-0.40683
Feedback: 0.30955
Received=	-0.70197
Feedback: 0.6443
Received=	-0.50715
Feedback: 0.42334
Received=	-0.41666
Feedback: 0.32071
Received=	-0.34701
Feedback: 0.24171
Received=	-0.41433
Feedback: 0.31807
Received=	-0.16324
Feedback: 0.1
Received=	-0.35433
Feedback: 0.25001
Received=	-0.50055
Feedback: 0.41585
Received=	-0.32471
Feedback: 0.21642
Received=	-0.37715
Feedback: 0.2759
Received=	-0.4976
Feedback: 0.4125
Received=	-0.50393
Feedback: 0.41969
Received=	0.14671
Feedback: 0.1
Received=	0.21081
Feedback: 0.1
Received=	-0.11302
Feedback: 0.1
Received=	-0.7706
Feedback: 0.72214
Received=	-0.79765
Feedback: 0.75282
Received=	-0.39491
Feedback: 0.29604
Received=	-0.26292
Feedback: 0.14633
Received=	-0.024917
Feedback: 0.1
Received=	-0.080749
Feedback: 0.1
Received=	-0.29085
Feedback: 0.17801
Received=	-0.21088
Feedback: 0.1
Received=	-0.16762
Feedback: 0.1
Received=	-0.33981
Feedback: 0.23354
Received=	-0.42529
Feedback: 0.33049
Received=	-0.23107
Feedback: 0.11021
Received=	0.10651
Feedback: 0.1
Received=	0.023178
Feedback: 0.1
Received=	-0.36627
Feedback: 0.26356
Received=	-0.49366
Feedback: 0.40804
Received=	-0.39772
Feedback: 0.29922
Received=	-0.26358
Feedback: 0.14708
Received=	-0.43296
Feedback: 0.3392
Received=	-0.34117
Feedback: 0.23508
Received=	-0.33691
Feedback: 0.23026
Received=	-0.29664
Feedback: 0.18458
Received=	-0.43553
Feedback: 0.34211
Received=	-0.30649
Feedback: 0.19576
Received=	-0.32908
Feedback: 0.22138
Received=	-0.46842
Feedback: 0.37942
Received=	-0.55843
Feedback: 0.4815
Received=	-0.52925
Feedback: 0.44841
Received=	-0.46719
Feedback: 0.37802
Received=	-0.60328
Feedback: 0.53237
Received=	-0.65522
Feedback: 0.59128
Received=	-0.64103
Feedback: 0.57518
Received=	-0.42695
Feedback: 0.33238
Received=	-0.41752
Feedback: 0.32169
Calculated range:	[(-2.000000) - (2.000000)]
Success index = (0.979271)
Received=	-0.34869
=====  11:49:32 - BASE  ============
Feedback: 0.66
Received=	-0.10593
Feedback: 0.66
Received=	-0.10301
Feedback: 0.66
Received=	0.016074
Feedback: 0.66
Received=	-0.017367
Feedback: 0.66
Received=	-0.32128
Feedback: 0.66
Received=	-0.38808
Feedback: 0.66
Received=	-0.32515
Feedback: 0.66
Received=	-0.3995
Feedback: 0.66
Received=	-0.35906
Feedback: 0.66
Received=	-0.46361
Feedback: 0.66
Received=	-0.43566
Feedback: 0.66
Received=	-0.5579
Feedback: 0.66
Received=	-0.39156
Feedback: 0.66
Received=	-0.27343
Feedback: 0.66
Received=	-0.40757
Feedback: 0.66
Received=	-0.22088
Feedback: 0.66
Received=	0.16791
Feedback: 0.66
Received=	-0.061579
Feedback: 0.66
Received=	-0.19716
Feedback: 0.66
Received=	-0.49545
=====  11:50:32 - NF  ============
Feedback: 0.73905
Received=	-0.60514
Feedback: 0.85198
Received=	-0.32006
Feedback: 0.55848
Received=	-0.27114
Feedback: 0.5081
Received=	-0.16002
Feedback: 0.3937
Received=	-0.2885
Feedback: 0.52598
Received=	-0.48723
Feedback: 0.73058
Received=	-0.24875
Feedback: 0.48505
Received=	-0.16296
Feedback: 0.39673
Received=	-0.41589
Feedback: 0.65714
Received=	-0.18749
Feedback: 0.42199
Received=	-0.45633
Feedback: 0.69877
Received=	-0.81782
Feedback: 0.9
Received=	-0.68881
Feedback: 0.9
Received=	-0.42598
Feedback: 0.66753
Received=	-0.36083
Feedback: 0.60045
Received=	-0.22665
Feedback: 0.4623
Received=	-0.39097
Feedback: 0.63148
Received=	-0.51556
Feedback: 0.75975
Received=	-0.11691
Feedback: 0.34931
Received=	-0.10911
Feedback: 0.34129
Received=	-0.28985
Feedback: 0.52737
Received=	-0.12553
Feedback: 0.35819
Received=	-0.24224
Feedback: 0.47835
Received=	-0.39283
Feedback: 0.6334
Received=	-0.4047
Feedback: 0.64562
Received=	-0.46354
Feedback: 0.7062
Received=	-0.41686
Feedback: 0.65813
Received=	-0.34498
Feedback: 0.58413
Received=	-0.26851
Feedback: 0.5054
Received=	-0.38577
Feedback: 0.62613
Received=	-0.38029
Feedback: 0.62048
Received=	-0.13027
Feedback: 0.36307
Received=	-0.36913
Feedback: 0.60899
Received=	-0.48795
Feedback: 0.73133
Received=	-0.46571
Feedback: 0.70843
Received=	-0.45018
Feedback: 0.69244
Received=	-0.47732
Feedback: 0.72038
Received=	-0.3532
Feedback: 0.5926
Received=	-0.49092
Feedback: 0.73438
Received=	-0.69476
Feedback: 0.9
Received=	-0.66515
Feedback: 0.9
Received=	-0.62883
Feedback: 0.87637
Received=	-0.43391
Feedback: 0.67569
Received=	-0.30357
Feedback: 0.5415
Received=	-0.31594
Feedback: 0.55423
Received=	-0.54115
Feedback: 0.7861
Received=	-0.40558
Feedback: 0.64652
Received=	-0.37729
Feedback: 0.61739
Received=	-0.39166
Feedback: 0.63219
Received=	-0.56676
Feedback: 0.81247
Received=	-0.43646
Feedback: 0.67832
Received=	-0.35783
Feedback: 0.59736
Received=	-0.5308
Feedback: 0.77545
Received=	-0.73928
Feedback: 0.9
Received=	-0.63456
Feedback: 0.88227
Received=	-0.56383
Feedback: 0.80945
Received=	-0.4364
Feedback: 0.67825
Received=	-0.30139
Feedback: 0.53925
Received=	-0.41353
Feedback: 0.65471
Calculated range:	[(-2.000000) - (2.000000)]
Success index = (-0.861100)
Received=	-0.40476
=====  11:53:32 - BASE  ============
Feedback: 0.66
Received=	-0.28879
Feedback: 0.66
Received=	-0.38897
Feedback: 0.66
Received=	-0.29753
Feedback: 0.66
Received=	-0.29892
Feedback: 0.66
Received=	-0.49585
Feedback: 0.66
Received=	-0.54756
Feedback: 0.66
Received=	-0.39273
Feedback: 0.66
Received=	-0.39246
Feedback: 0.66
Received=	-0.36529
Feedback: 0.66
Received=	-0.31165
Feedback: 0.66
Received=	-0.23082
Feedback: 0.66
Received=	-0.27742
Feedback: 0.66
Received=	-0.29135
Feedback: 0.66
Received=	-0.3807
Feedback: 0.66
Received=	-0.4349
Feedback: 0.66
Received=	-0.48374
Feedback: 0.66
Received=	-0.37501
Feedback: 0.66
Received=	-0.29015
Feedback: 0.66
Received=	-0.35009
Feedback: 0.66
Received=	-0.28111
=====  11:54:32 - NF  ============
Feedback: 0.29606
Received=	-0.53009
Feedback: 0.88753
Received=	-0.50568
Feedback: 0.82955
Received=	-0.48792
Feedback: 0.78736
Received=	-0.32605
Feedback: 0.40284
Received=	-0.15379
Feedback: 0.1
Received=	-0.16116
Feedback: 0.1
Received=	-0.27975
Feedback: 0.29284
Received=	-0.33846
Feedback: 0.43232
Received=	-0.24431
Feedback: 0.20865
Received=	-0.34942
Feedback: 0.45835
Received=	-0.11935
Feedback: 0.1
Received=	-0.12028
Feedback: 0.1
Received=	-0.18903
Feedback: 0.1
Received=	-0.14562
Feedback: 0.1
Received=	-0.25585
Feedback: 0.23607
Received=	-0.30552
Feedback: 0.35407
Received=	-0.23487
Feedback: 0.18624
Received=	-0.3323
Feedback: 0.41768
Received=	-0.44312
Feedback: 0.68095
Received=	-0.29894
Feedback: 0.33842
Received=	-0.36936
Feedback: 0.50572
Received=	-0.39678
Feedback: 0.57085
Received=	-0.59763
Feedback: 0.9
Received=	-0.62521
Feedback: 0.9
Received=	-0.31021
Feedback: 0.3652
Received=	-0.25412
Feedback: 0.23196
Received=	-0.35493
Feedback: 0.47144
Received=	-0.17954
Feedback: 0.1
Received=	-0.1312
Feedback: 0.1
Received=	-0.060296
Feedback: 0.1
Received=	-0.099143
Feedback: 0.1
Received=	-0.53343
Feedback: 0.89548
Received=	-0.44528
Feedback: 0.68608
Received=	-0.12282
Feedback: 0.1
Received=	-0.093512
Feedback: 0.1
Received=	-0.074414
Feedback: 0.1
Received=	-0.34594
Feedback: 0.45009
Received=	-0.4991
Feedback: 0.81393
Received=	-0.27203
Feedback: 0.2745
Received=	-0.38607
Feedback: 0.54541
Received=	-0.36215
Feedback: 0.4886
Received=	-0.24973
Feedback: 0.22154
Received=	-0.27164
Feedback: 0.27358
Received=	-0.30951
Feedback: 0.36355
Received=	-0.35499
Feedback: 0.47158
Received=	0.023171
Feedback: 0.1
Received=	0.059615
Feedback: 0.1
Received=	-0.44339
Feedback: 0.68158
Received=	-0.43569
Feedback: 0.66329
Received=	-0.49866
Feedback: 0.81289
Received=	-0.22464
Feedback: 0.16193
Received=	-0.3659
Feedback: 0.4975
Received=	-0.39445
Feedback: 0.56532
Received=	-0.28976
Feedback: 0.31663
Received=	-0.36099
Feedback: 0.48585
Received=	-0.34336
Feedback: 0.44395
Received=	-0.35446
Feedback: 0.47031
Received=	-0.48858
Feedback: 0.78894
Received=	-0.52783
Feedback: 0.88218
Calculated range:	[(-2.000000) - (2.000000)]
Success index = (0.438564)
Received=	-0.6437
=====  11:57:32 - BASE  ============
Feedback: 0.66
Received=	-0.31662
Feedback: 0.66
Received=	-0.23438
Feedback: 0.66
Received=	-0.22304
Feedback: 0.66
Received=	-0.47471
Feedback: 0.66
Received=	-0.58252
Feedback: 0.66
Received=	-0.26357
Feedback: 0.66
Received=	-0.28222
Feedback: 0.66
Received=	-0.59428
Feedback: 0.66
Received=	-0.70128
Feedback: 0.66
Received=	-0.30472
Feedback: 0.66
Received=	-0.37465
Feedback: 0.66
Received=	-0.3606
Feedback: 0.66
Received=	-0.20731
Feedback: 0.66
Received=	-0.3444
Feedback: 0.66
Received=	-0.3875
Feedback: 0.66
Received=	-0.27245
Feedback: 0.66
Received=	-0.20184
Feedback: 0.66
Received=	-0.38378
Feedback: 0.66
Received=	-0.37822
Feedback: 0.66
Received=	-0.43878
=====  11:58:32 - NF  ============
Feedback: 0.60352
Received=	-0.53025
Feedback: 0.73202
Received=	-0.55579
Feedback: 0.76789
Received=	-0.43376
Feedback: 0.59647
Received=	-0.27137
Feedback: 0.36837
Received=	-0.30377
Feedback: 0.41387
Received=	-0.4333
Feedback: 0.59583
Received=	-0.28838
Feedback: 0.39226
Received=	-0.41505
Feedback: 0.57018
Received=	-0.35613
Feedback: 0.48743
Received=	-0.25022
Feedback: 0.33865
Received=	-0.18109
Feedback: 0.24154
Received=	-0.12277
Feedback: 0.15963
Received=	-0.51081
Feedback: 0.70471
Received=	-0.57049
Feedback: 0.78854
Received=	-0.39311
Feedback: 0.53937
Received=	-0.26981
Feedback: 0.36617
Received=	-0.3814
Feedback: 0.52292
Received=	-0.32068
Feedback: 0.43762
Received=	-0.15559
Feedback: 0.20572
Received=	-0.25133
Feedback: 0.34021
Received=	-0.31449
Feedback: 0.42893
Received=	-0.34636
Feedback: 0.4737
Received=	-0.30546
Feedback: 0.41624
Received=	-0.17393
Feedback: 0.23149
Received=	-0.32694
Feedback: 0.44642
Received=	-0.30333
Feedback: 0.41326
Received=	-0.33939
Feedback: 0.46391
Received=	-0.38791
Feedback: 0.53206
Received=	-0.5031
Feedback: 0.69387
Received=	-0.39636
Feedback: 0.54394
Received=	0.35602
Feedback: 0.1
Received=	-0.0027992
Feedback: 0.1
Received=	-0.54849
Feedback: 0.75764
Received=	-0.54207
Feedback: 0.74861
Received=	-0.30973
Feedback: 0.42225
Received=	-0.22972
Feedback: 0.30986
Received=	-0.19511
Feedback: 0.26124
Received=	-0.5107
Feedback: 0.70455
Received=	-0.50231
Feedback: 0.69276
Received=	-0.57544
Feedback: 0.79549
Received=	-0.22981
Feedback: 0.30997
Received=	-0.031533
Feedback: 0.1
Received=	-0.34784
Feedback: 0.47578
Received=	-0.58956
Feedback: 0.81532
Received=	-0.63632
Feedback: 0.88101
Received=	-0.49746
Feedback: 0.68595
Received=	-0.35867
Feedback: 0.49099
Received=	-0.45729
Feedback: 0.62952
Received=	-0.4763
Feedback: 0.65623
Received=	-0.53238
Feedback: 0.735
Received=	-0.67363
Feedback: 0.9
Received=	-0.85057
Feedback: 0.9
Received=	-0.61704
Feedback: 0.85392
Received=	-0.41195
Feedback: 0.56584
Received=	-0.54592
Feedback: 0.75402
Received=	-0.50775
Feedback: 0.7004
Received=	-0.63969
Feedback: 0.88574
Received=	-0.60052
Feedback: 0.83072
Received=	-0.58083
Feedback: 0.80306
Calculated range:	[(-2.000000) - (2.000000)]
Success index = (-0.145377)
closing...
