Direction=-1.000000	; step=1.000000;
Received=	0
Feedback: 0.66
Received=	0
Feedback: 0.66
Received=	0
Feedback: 0.66
Received=	0.25556
Feedback: 0.66
Received=	0.041217
Feedback: 0.66
Received=	0.0419
Feedback: 0.66
Received=	0.13926
Feedback: 0.66
Received=	0.069392
Feedback: 0.66
Received=	0.070615
Feedback: 0.66
Received=	0.084824
Feedback: 0.66
Received=	0.063274
Feedback: 0.66
Received=	0.034997
Feedback: 0.66
Received=	-0.096687
Feedback: 0.66
Received=	-0.069574
Feedback: 0.66
Received=	-0.030157
Feedback: 0.66
Received=	0.014058
Feedback: 0.66
Received=	0.094679
Feedback: 0.66
Received=	0.16849
Feedback: 0.66
Received=	0.13999
Feedback: 0.66
Received=	0.22459
Feedback: 0.66
Received=	-0.02102
=====  11:28:8 - NF  ============
Feedback: 0.6943
Received=	-0.29125
Feedback: 0.9
Received=	-0.30079
Feedback: 0.9
Received=	-0.11983
Feedback: 0.9
Received=	-0.12996
Feedback: 0.9
Received=	-0.0090432
Feedback: 0.66852
Received=	-0.098498
Feedback: 0.86107
Received=	-0.15624
Feedback: 0.9
Received=	-0.1764
Feedback: 0.9
Received=	-0.16514
Feedback: 0.9
Received=	-0.037356
Feedback: 0.72946
Received=	0.034257
Feedback: 0.57532
Received=	0.014655
Feedback: 0.61751
Received=	0.088405
Feedback: 0.45876
Received=	0.1897
Feedback: 0.24072
Received=	0.19697
Feedback: 0.22506
Received=	0.17219
Feedback: 0.27841
Received=	0.10325
Feedback: 0.4268
Received=	0.083168
Feedback: 0.47004
Received=	0.020273
Feedback: 0.60542
Received=	0.15496
Feedback: 0.3155
Received=	0.31864
Feedback: 0.1
Received=	0.31534
Feedback: 0.1
Received=	0.29563
Feedback: 0.1
Received=	0.18357
Feedback: 0.25392
Received=	0.21794
Feedback: 0.17993
Received=	0.17944
Feedback: 0.2628
Received=	0.13762
Feedback: 0.35282
Received=	0.12206
Feedback: 0.38632
Received=	0.14776
Feedback: 0.33101
Received=	0.247
Feedback: 0.1174
Received=	0.2468
Feedback: 0.11781
Received=	0.12371
Feedback: 0.38277
Received=	0.1784
Feedback: 0.26506
Received=	0.12723
Feedback: 0.3752
Received=	0.12777
Feedback: 0.37404
Received=	0.11869
Feedback: 0.39358
Received=	-0.017377
Feedback: 0.68646
Received=	-0.14448
Feedback: 0.9
Received=	-0.20578
Feedback: 0.9
Received=	-0.1386
Feedback: 0.9
Received=	-0.073901
Feedback: 0.80813
Received=	0.0059953
Feedback: 0.63615
Received=	-0.037152
Feedback: 0.72902
Received=	-0.043656
Feedback: 0.74302
Received=	-0.13786
Feedback: 0.9
Received=	-0.16605
Feedback: 0.9
Received=	-0.18172
Feedback: 0.9
Received=	-0.10674
Feedback: 0.87881
Received=	-0.0055817
Feedback: 0.66107
Received=	-0.037087
Feedback: 0.72888
Received=	-0.20418
Feedback: 0.9
Received=	-0.12737
Feedback: 0.9
Received=	-0.11668
Feedback: 0.9
Received=	-0.076154
Feedback: 0.81298
Received=	-0.08438
Feedback: 0.83068
Received=	0.069528
Feedback: 0.4994
Received=	0.1824
Feedback: 0.25644
Received=	0.029579
Feedback: 0.58539
Received=	-0.062498
Feedback: 0.78358
Calculated range:	[(-2.000000) - (2.000000)]
Success index = (-0.377585)
Received=	0.091878
=====  11:31:8 - BASE  ============
Feedback: 0.66
Received=	0.14293
Feedback: 0.66
Received=	0.10535
Feedback: 0.66
Received=	0.13595
Feedback: 0.66
Received=	0.11047
Feedback: 0.66
Received=	0.041986
Feedback: 0.66
Received=	0.17142
Feedback: 0.66
Received=	0.16204
Feedback: 0.66
Received=	0.10287
Feedback: 0.66
Received=	-0.057495
Feedback: 0.66
Received=	-0.12848
Feedback: 0.66
Received=	0.034107
Feedback: 0.66
Received=	0.08912
Feedback: 0.66
Received=	0.046124
Feedback: 0.66
Received=	-0.081157
Feedback: 0.66
Received=	-0.32582
Feedback: 0.66
Received=	-0.34116
Feedback: 0.66
Received=	-0.054001
Feedback: 0.66
Received=	0.24417
Feedback: 0.66
Received=	0.17227
Feedback: 0.66
Received=	-0.12049
=====  11:32:8 - NF  ============
Feedback: 0.67694
Received=	-0.2338
Feedback: 0.81592
Received=	-0.15515
Feedback: 0.71945
Received=	-0.055732
Feedback: 0.59751
Received=	0.13808
Feedback: 0.35978
Received=	0.10128
Feedback: 0.40492
Received=	0.032899
Feedback: 0.4888
Received=	-0.017229
Feedback: 0.55028
Received=	-0.0099428
Feedback: 0.54134
Received=	-0.12512
Feedback: 0.68261
Received=	-0.1486
Feedback: 0.71141
Received=	0.038204
Feedback: 0.48229
Received=	-0.10255
Feedback: 0.65493
Received=	-0.18281
Feedback: 0.75338
Received=	0.052661
Feedback: 0.46456
Received=	0.13786
Feedback: 0.36005
Received=	0.0013471
Feedback: 0.5275
Received=	-0.10352
Feedback: 0.65613
Received=	0.047393
Feedback: 0.47102
Received=	0.021049
Feedback: 0.50333
Received=	-0.11919
Feedback: 0.67534
Received=	-0.083417
Feedback: 0.63146
Received=	0.051607
Feedback: 0.46585
Received=	-0.072093
Feedback: 0.61757
Received=	-0.16004
Feedback: 0.72544
Received=	-0.066987
Feedback: 0.61131
Received=	-0.017792
Feedback: 0.55097
Received=	-0.15233
Feedback: 0.716
Received=	-0.21529
Feedback: 0.79321
Received=	-0.24238
Feedback: 0.82644
Received=	-0.22942
Feedback: 0.81055
Received=	-0.30907
Feedback: 0.9
Received=	-0.21305
Feedback: 0.79047
Received=	-0.17637
Feedback: 0.74548
Received=	-0.30361
Feedback: 0.9
Received=	-0.2762
Feedback: 0.86793
Received=	-0.0011306
Feedback: 0.53053
Received=	0.021588
Feedback: 0.50267
Received=	0.019846
Feedback: 0.50481
Received=	0.040503
Feedback: 0.47947
Received=	0.033833
Feedback: 0.48765
Received=	0.01211
Feedback: 0.51429
Received=	-0.10116
Feedback: 0.65323
Received=	-0.16904
Feedback: 0.73649
Received=	-0.14213
Feedback: 0.70347
Received=	-0.21796
Feedback: 0.79649
Received=	-0.18549
Feedback: 0.75667
Received=	-0.35392
Feedback: 0.9
Received=	-0.57245
Feedback: 0.9
Received=	-0.50496
Feedback: 0.9
Received=	-0.29037
Feedback: 0.8853
Received=	-0.10137
Feedback: 0.65349
Received=	-0.12708
Feedback: 0.68502
Received=	0.05461
Feedback: 0.46217
Received=	-0.0024481
Feedback: 0.53215
Received=	-0.20023
Feedback: 0.77475
Received=	-0.30062
Feedback: 0.89787
Received=	-0.28992
Feedback: 0.88475
Received=	-0.26613
Feedback: 0.85557
Received=	-0.24106
Feedback: 0.82482
Calculated range:	[(-2.000000) - (2.000000)]
Success index = (-0.946695)
Received=	-0.056088
=====  11:35:8 - BASE  ============
Feedback: 0.66
Received=	-0.11033
Feedback: 0.66
Received=	-0.030135
Feedback: 0.66
Received=	-0.12202
Feedback: 0.66
Received=	-0.33973
Feedback: 0.66
Received=	-0.37061
Feedback: 0.66
Received=	-0.18893
Feedback: 0.66
Received=	-0.16357
Feedback: 0.66
Received=	-0.07068
Feedback: 0.66
Received=	-0.075969
Feedback: 0.66
Received=	-0.050868
Feedback: 0.66
Received=	-0.16561
Feedback: 0.66
Received=	-0.22392
Feedback: 0.66
Received=	-0.14826
Feedback: 0.66
Received=	0.14569
Feedback: 0.66
Received=	0.25438
Feedback: 0.66
Received=	0.26096
Feedback: 0.66
Received=	0.29424
Feedback: 0.66
Received=	0.22994
Feedback: 0.66
Received=	0.036506
Feedback: 0.66
Received=	0.01635
=====  11:36:8 - NF  ============
Feedback: 0.44436
Received=	0.18099
Feedback: 0.28315
Received=	0.034832
Feedback: 0.42626
Received=	-0.14046
Feedback: 0.5979
Received=	-0.13712
Feedback: 0.59463
Received=	-0.041144
Feedback: 0.50065
Received=	-0.031498
Feedback: 0.49121
Received=	-0.093928
Feedback: 0.55234
Received=	-0.25548
Feedback: 0.71053
Received=	-0.31152
Feedback: 0.7654
Received=	-0.27468
Feedback: 0.72932
Received=	-0.063744
Feedback: 0.52278
Received=	0.09934
Feedback: 0.3631
Received=	-0.013647
Feedback: 0.47373
Received=	-0.15693
Feedback: 0.61403
Received=	-0.06862
Feedback: 0.52756
Received=	-0.05926
Feedback: 0.51839
Received=	0.0031306
Feedback: 0.4573
Received=	0.088734
Feedback: 0.37348
Received=	0.053914
Feedback: 0.40758
Received=	-0.040534
Feedback: 0.50006
Received=	-0.0081812
Feedback: 0.46838
Received=	-0.029968
Feedback: 0.48971
Received=	0.05231
Feedback: 0.40915
Received=	0.083691
Feedback: 0.37842
Received=	-0.10836
Feedback: 0.56647
Received=	-0.2484
Feedback: 0.70359
Received=	-0.18523
Feedback: 0.64174
Received=	-0.081929
Feedback: 0.54059
Received=	-0.045865
Feedback: 0.50528
Received=	0.0085703
Feedback: 0.45198
Received=	0.093508
Feedback: 0.36881
Received=	0.16699
Feedback: 0.29686
Received=	0.20952
Feedback: 0.25522
Received=	0.085072
Feedback: 0.37707
Received=	0.073315
Feedback: 0.38858
Received=	0.071676
Feedback: 0.39018
Received=	0.13383
Feedback: 0.32932
Received=	0.10426
Feedback: 0.35828
Received=	0.054119
Feedback: 0.40738
Received=	-0.11668
Feedback: 0.57462
Received=	-0.12344
Feedback: 0.58123
Received=	-0.036623
Feedback: 0.49623
Received=	0.013449
Feedback: 0.4472
Received=	-0.025685
Feedback: 0.48552
Received=	-0.11319
Feedback: 0.5712
Received=	-0.043597
Feedback: 0.50306
Received=	-0.070505
Feedback: 0.5294
Received=	-0.19772
Feedback: 0.65397
Received=	-0.1151
Feedback: 0.57307
Received=	-0.1537
Feedback: 0.61087
Received=	-0.052962
Feedback: 0.51223
Received=	-0.019762
Feedback: 0.47972
Received=	0.0092897
Feedback: 0.45127
Received=	0.044247
Feedback: 0.41704
Received=	0.083449
Feedback: 0.37866
Received=	0.046799
Feedback: 0.41454
Received=	-0.017318
Feedback: 0.47732
Received=	-0.10995
Feedback: 0.56802
Received=	-0.11194
Feedback: 0.56998
Calculated range:	[(-2.000000) - (2.000000)]
Success index = (0.066788)
Received=	0.097025
=====  11:39:8 - BASE  ============
Feedback: 0.66
Received=	0.15028
Feedback: 0.66
Received=	-0.060825
Feedback: 0.66
Received=	-0.14088
Feedback: 0.66
Received=	-0.20868
Feedback: 0.66
Received=	-0.18291
Feedback: 0.66
Received=	0.023237
Feedback: 0.66
Received=	-0.0022255
Feedback: 0.66
Received=	0.039762
Feedback: 0.66
Received=	0.13007
Feedback: 0.66
Received=	0.077105
Feedback: 0.66
Received=	0.14354
Feedback: 0.66
Received=	0.29823
Feedback: 0.66
Received=	0.4383
Feedback: 0.66
Received=	0.39183
Feedback: 0.66
Received=	0.37911
Feedback: 0.66
Received=	0.28302
Feedback: 0.66
Received=	0.31037
Feedback: 0.66
Received=	0.36739
Feedback: 0.66
Received=	0.30807
Feedback: 0.66
Received=	0.21061
=====  11:40:8 - NF  ============
Feedback: 0.43699
Received=	-0.0080634
Feedback: 0.64428
Received=	0.038202
Feedback: 0.60042
Received=	0.12948
Feedback: 0.5139
Received=	0.25518
Feedback: 0.39474
Received=	0.31008
Feedback: 0.3427
Received=	0.22954
Feedback: 0.41905
Received=	0.14311
Feedback: 0.50098
Received=	0.11045
Feedback: 0.53193
Received=	0.10476
Feedback: 0.53733
Received=	0.13241
Feedback: 0.51112
Received=	0.21547
Feedback: 0.43238
Received=	0.13028
Feedback: 0.51314
Received=	0.051317
Feedback: 0.58799
Received=	0.16278
Feedback: 0.48233
Received=	0.17372
Feedback: 0.47196
Received=	0.051507
Feedback: 0.58781
Received=	0.079263
Feedback: 0.5615
Received=	0.066734
Feedback: 0.57337
Received=	0.072793
Feedback: 0.56763
Received=	0.10214
Feedback: 0.53981
Received=	0.17035
Feedback: 0.47516
Received=	0.29179
Feedback: 0.36004
Received=	0.2708
Feedback: 0.37993
Received=	0.17715
Feedback: 0.46871
Received=	0.13888
Feedback: 0.50499
Received=	0.19582
Feedback: 0.45101
Received=	0.13152
Feedback: 0.51196
Received=	0.10603
Feedback: 0.53612
Received=	0.033659
Feedback: 0.60473
Received=	0.010622
Feedback: 0.62656
Received=	0.0020304
Feedback: 0.63471
Received=	0.033924
Feedback: 0.60447
Received=	0.26082
Feedback: 0.3894
Received=	0.31294
Feedback: 0.33999
Received=	0.092259
Feedback: 0.54918
Received=	0.1827
Feedback: 0.46345
Received=	0.24467
Feedback: 0.40471
Received=	0.27192
Feedback: 0.37887
Received=	0.29934
Feedback: 0.35288
Received=	0.13097
Feedback: 0.51248
Received=	0.17654
Feedback: 0.46929
Received=	0.19959
Feedback: 0.44744
Received=	0.18871
Feedback: 0.45775
Received=	0.23796
Feedback: 0.41107
Received=	0.26022
Feedback: 0.38997
Received=	0.29345
Feedback: 0.35847
Received=	0.33939
Feedback: 0.31492
Received=	0.36864
Feedback: 0.28719
Received=	0.55128
Feedback: 0.11406
Received=	0.53102
Feedback: 0.13327
Received=	0.40903
Feedback: 0.24891
Received=	0.35869
Feedback: 0.29662
Received=	0.26132
Feedback: 0.38892
Received=	0.21917
Feedback: 0.42888
Received=	0.1819
Feedback: 0.46421
Received=	0.098899
Feedback: 0.54288
Received=	0.15344
Feedback: 0.49119
Received=	0.18708
Feedback: 0.45929
Received=	0.16612
Feedback: 0.47916
Calculated range:	[(-2.000000) - (2.000000)]
Success index = (0.318419)
Received=	0.18457
=====  11:43:8 - BASE  ============
Feedback: 0.66
Received=	0.25709
Feedback: 0.66
Received=	0.39796
Feedback: 0.66
Received=	0.22506
Feedback: 0.66
Received=	0.17164
Feedback: 0.66
Received=	0.20569
Feedback: 0.66
Received=	0.17282
Feedback: 0.66
Received=	0.17504
Feedback: 0.66
Received=	0.24904
Feedback: 0.66
Received=	0.21187
Feedback: 0.66
Received=	0.29991
Feedback: 0.66
Received=	0.28465
Feedback: 0.66
Received=	0.15051
Feedback: 0.66
Received=	0.10074
Feedback: 0.66
Received=	0.051154
Feedback: 0.66
Received=	0.08802
Feedback: 0.66
Received=	0.38089
Feedback: 0.66
Received=	0.45022
Feedback: 0.66
Received=	0.27256
Feedback: 0.66
Received=	0.16791
Feedback: 0.66
Received=	0.198
=====  11:44:8 - NF  ============
Feedback: 0.55052
Received=	0.30059
Feedback: 0.36079
Received=	0.38307
Feedback: 0.20823
Received=	0.22589
Feedback: 0.49893
Received=	0.095087
Feedback: 0.74086
Received=	0.080216
Feedback: 0.76836
Received=	0.097139
Feedback: 0.73706
Received=	0.066526
Feedback: 0.79368
Received=	-0.053986
Feedback: 0.9
Received=	-0.071583
Feedback: 0.9
Received=	0.076878
Feedback: 0.77453
Received=	0.019286
Feedback: 0.88105
Received=	0.0054047
Feedback: 0.9
Received=	-0.081133
Feedback: 0.9
Received=	-0.043158
Feedback: 0.9
Received=	-0.14129
Feedback: 0.9
Received=	-0.12507
Feedback: 0.9
Received=	-0.13621
Feedback: 0.9
Received=	-0.16911
Feedback: 0.9
Received=	-0.16978
Feedback: 0.9
Received=	-0.11402
Feedback: 0.9
Received=	0.04058
Feedback: 0.84167
Received=	0.017128
Feedback: 0.88504
Received=	0.018947
Feedback: 0.88167
Received=	0.056697
Feedback: 0.81186
Received=	0.093483
Feedback: 0.74382
Received=	0.1172
Feedback: 0.69995
Received=	0.21939
Feedback: 0.51095
Received=	0.32514
Feedback: 0.31537
Received=	0.31287
Feedback: 0.33808
Received=	0.30491
Feedback: 0.35278
Received=	0.22157
Feedback: 0.50693
Received=	0.18416
Feedback: 0.57611
Received=	0.15076
Feedback: 0.63789
Received=	0.081438
Feedback: 0.7661
Received=	0.034147
Feedback: 0.85356
Received=	-0.016176
Feedback: 0.9
Received=	-0.093832
Feedback: 0.9
Received=	-0.045878
Feedback: 0.9
Received=	0.17223
Feedback: 0.59817
Received=	0.1924
Feedback: 0.56087
Received=	0.029262
Feedback: 0.8626
Received=	-0.019046
Feedback: 0.9
Received=	-0.04524
Feedback: 0.9
Received=	-0.11931
Feedback: 0.9
Received=	-0.041579
Feedback: 0.9
Received=	0.057711
Feedback: 0.80998
Received=	0.13688
Feedback: 0.66356
Received=	0.26604
Feedback: 0.42468
Received=	0.19104
Feedback: 0.56339
Received=	0.15559
Feedback: 0.62896
Received=	0.10205
Feedback: 0.72797
Received=	0.28576
Feedback: 0.38821
Received=	0.427
Feedback: 0.12699
Received=	0.31516
Feedback: 0.33383
Received=	0.1183
Feedback: 0.69792
Received=	0.11566
Feedback: 0.70281
Received=	-0.18025
Feedback: 0.9
Received=	-0.33906
Feedback: 0.9
Received=	-0.49807
Feedback: 0.9
Calculated range:	[(-2.018403) - (1.981597)]
Success index = (-1.018403)
closing...
