Direction=-1.000000	; step=1.000000;
Received=	0
Feedback: 0.66
Received=	0
Feedback: 0.66
Received=	0
Feedback: 0.66
Received=	0.66136
Feedback: 0.66
Received=	0.51983
Feedback: 0.66
Received=	0.19955
Feedback: 0.66
Received=	-0.15929
Feedback: 0.66
Received=	-0.39825
Feedback: 0.66
Received=	-0.54755
Feedback: 0.66
Received=	-0.43358
Feedback: 0.66
Received=	0.1121
Feedback: 0.66
Received=	0.54489
Feedback: 0.66
Received=	0.48165
Feedback: 0.66
Received=	0.32767
Feedback: 0.66
Received=	-0.12996
Feedback: 0.66
Received=	-0.40347
Feedback: 0.66
Received=	-0.85107
Feedback: 0.66
Received=	-1.0395
Feedback: 0.66
Received=	-0.98073
Feedback: 0.66
Received=	-0.71865
Feedback: 0.66
Received=	0.0027342
=====  11:15:30 - NF  ============
Feedback: 0.44184
Received=	0.35321
Feedback: 0.31375
Received=	0.46119
Feedback: 0.27428
Received=	0.45697
Feedback: 0.27583
Received=	0.2447
Feedback: 0.35341
Received=	0.14206
Feedback: 0.39092
Received=	0.16973
Feedback: 0.38081
Received=	0.13521
Feedback: 0.39342
Received=	0.075056
Feedback: 0.41541
Received=	0.14225
Feedback: 0.39085
Received=	0.078224
Feedback: 0.41425
Received=	0.024926
Feedback: 0.43373
Received=	0.1184
Feedback: 0.39957
Received=	0.36872
Feedback: 0.30808
Received=	0.30945
Feedback: 0.32974
Received=	-0.01773
Feedback: 0.44932
Received=	-0.12422
Feedback: 0.48824
Received=	0.18741
Feedback: 0.37435
Received=	0.35468
Feedback: 0.31321
Received=	0.44973
Feedback: 0.27847
Received=	0.98341
Feedback: 0.1
Received=	0.84237
Feedback: 0.13497
Received=	0.37972
Feedback: 0.30406
Received=	0.34254
Feedback: 0.31765
Received=	0.0039205
Feedback: 0.44141
Received=	0.069742
Feedback: 0.41735
Received=	0.0041789
Feedback: 0.44131
Received=	0.058588
Feedback: 0.42143
Received=	0.19122
Feedback: 0.37295
Received=	-0.026572
Feedback: 0.45255
Received=	0.088475
Feedback: 0.41051
Received=	0.48992
Feedback: 0.26378
Received=	0.60437
Feedback: 0.22196
Received=	0.35936
Feedback: 0.3115
Received=	0.17062
Feedback: 0.38048
Received=	0.1946
Feedback: 0.37172
Received=	0.11618
Feedback: 0.40038
Received=	0.34358
Feedback: 0.31727
Received=	0.49543
Feedback: 0.26177
Received=	0.34915
Feedback: 0.31524
Received=	0.27445
Feedback: 0.34254
Received=	0.21831
Feedback: 0.36305
Received=	0.12461
Feedback: 0.3973
Received=	0.072157
Feedback: 0.41647
Received=	0.166
Feedback: 0.38217
Received=	0.21759
Feedback: 0.36332
Received=	0.33345
Feedback: 0.32097
Received=	0.12642
Feedback: 0.39664
Received=	0.018127
Feedback: 0.43622
Received=	0.070187
Feedback: 0.41719
Received=	0.0078093
Feedback: 0.43999
Received=	-0.24417
Feedback: 0.53208
Received=	-0.17143
Feedback: 0.5055
Received=	0.081031
Feedback: 0.41323
Received=	0.4247
Feedback: 0.28762
Received=	0.40101
Feedback: 0.29628
Received=	0.26779
Feedback: 0.34497
Received=	0.097335
Feedback: 0.40727
Received=	0.10918
Feedback: 0.40294
Received=	0.1018
Feedback: 0.40564
Calculated range:	[(-2.000000) - (2.000000)]
Success index = (1.248115)
Received=	0.096971
=====  11:18:30 - BASE  ============
Feedback: 0.66
Received=	0.38702
Feedback: 0.66
Received=	0.64804
Feedback: 0.66
Received=	0.39514
Feedback: 0.66
Received=	-0.22819
Feedback: 0.66
Received=	-0.23069
Feedback: 0.66
Received=	0.35988
Feedback: 0.66
Received=	0.4688
Feedback: 0.66
Received=	0.17483
Feedback: 0.66
Received=	0.137
Feedback: 0.66
Received=	0.26638
Feedback: 0.66
Received=	0.45021
Feedback: 0.66
Received=	0.55907
Feedback: 0.66
Received=	0.40555
Feedback: 0.66
Received=	0.10833
Feedback: 0.66
Received=	-0.045118
Feedback: 0.66
Received=	-0.35948
Feedback: 0.66
Received=	-0.21088
Feedback: 0.66
Received=	-0.16149
Feedback: 0.66
Received=	-0.11522
Feedback: 0.66
Received=	-0.05755
=====  11:19:30 - NF  ============
Feedback: 0.62947
Received=	0.17762
Feedback: 0.47965
Received=	0.2496
Feedback: 0.4338
Received=	0.12861
Feedback: 0.51087
Received=	0.041729
Feedback: 0.56622
Received=	0.12144
Feedback: 0.51544
Received=	0.46762
Feedback: 0.29491
Received=	0.73125
Feedback: 0.12695
Received=	0.7621
Feedback: 0.1073
Received=	0.63525
Feedback: 0.18811
Received=	0.71446
Feedback: 0.13765
Received=	0.4883
Feedback: 0.28173
Received=	0.54548
Feedback: 0.2453
Received=	0.11342
Feedback: 0.52055
Received=	-0.063279
Feedback: 0.63312
Received=	0.051907
Feedback: 0.55974
Received=	0.10841
Feedback: 0.52374
Received=	0.11616
Feedback: 0.5188
Received=	0.20016
Feedback: 0.46529
Received=	0.49603
Feedback: 0.2768
Received=	0.53767
Feedback: 0.25028
Received=	0.63765
Feedback: 0.18659
Received=	0.66722
Feedback: 0.16775
Received=	0.20886
Feedback: 0.45975
Received=	-0.10789
Feedback: 0.66154
Received=	-0.10366
Feedback: 0.65884
Received=	0.19796
Feedback: 0.46669
Received=	0.54328
Feedback: 0.2467
Received=	0.51707
Feedback: 0.2634
Received=	0.32667
Feedback: 0.3847
Received=	0.2458
Feedback: 0.43622
Received=	0.08777
Feedback: 0.53689
Received=	0.42321
Feedback: 0.32319
Received=	0.51763
Feedback: 0.26304
Received=	0.46743
Feedback: 0.29502
Received=	0.57916
Feedback: 0.22385
Received=	0.42696
Feedback: 0.3208
Received=	0.091326
Feedback: 0.53462
Received=	0.12382
Feedback: 0.51393
Received=	0.35909
Feedback: 0.36404
Received=	0.24525
Feedback: 0.43656
Received=	0.1007
Feedback: 0.52865
Received=	-0.070664
Feedback: 0.63782
Received=	-0.2857
Feedback: 0.77481
Received=	-0.23571
Feedback: 0.74297
Received=	-0.0388
Feedback: 0.61752
Received=	0.023988
Feedback: 0.57752
Received=	-0.23493
Feedback: 0.74247
Received=	-0.19767
Feedback: 0.71873
Received=	-0.070749
Feedback: 0.63788
Received=	-0.21748
Feedback: 0.73135
Received=	-0.15696
Feedback: 0.6928
Received=	-0.043104
Feedback: 0.62026
Received=	0.19691
Feedback: 0.46736
Received=	0.28123
Feedback: 0.41364
Received=	0.37486
Feedback: 0.354
Received=	0.41674
Feedback: 0.32731
Received=	0.38663
Feedback: 0.3465
Received=	0.37262
Feedback: 0.35542
Received=	0.46077
Feedback: 0.29927
Calculated range:	[(-2.000000) - (2.000000)]
Success index = (0.310559)
Received=	0.62641
=====  11:22:30 - BASE  ============
Feedback: 0.66
Received=	0.98906
Feedback: 0.66
Received=	1.0973
Feedback: 0.66
Received=	0.4565
Feedback: 0.66
Received=	-0.021795
Feedback: 0.66
Received=	0.17183
Feedback: 0.66
Received=	-0.027143
Feedback: 0.66
Received=	-0.1507
Feedback: 0.66
Received=	0.027421
Feedback: 0.66
Received=	-0.16385
Feedback: 0.66
Received=	-0.33595
Feedback: 0.66
Received=	-0.17111
Feedback: 0.66
Received=	-0.38118
Feedback: 0.66
Received=	-0.64848
Feedback: 0.66
Received=	-0.55514
Feedback: 0.66
Received=	-0.24504
Feedback: 0.66
Received=	0.3057
Feedback: 0.66
Received=	0.35629
Feedback: 0.66
Received=	0.15287
Feedback: 0.66
Received=	-0.063252
Feedback: 0.66
Received=	0.07215
=====  11:23:30 - NF  ============
Feedback: 0.4592
Received=	0.44284
Feedback: 0.27702
Received=	0.66316
Feedback: 0.16874
Received=	0.26226
Feedback: 0.36576
Received=	0.21624
Feedback: 0.38838
Received=	0.22872
Feedback: 0.38225
Received=	0.19894
Feedback: 0.39688
Received=	0.096991
Feedback: 0.44699
Received=	0.1696
Feedback: 0.4113
Received=	0.30374
Feedback: 0.34538
Received=	0.43864
Feedback: 0.27908
Received=	0.61222
Feedback: 0.19377
Received=	0.58716
Feedback: 0.20609
Received=	0.52057
Feedback: 0.23882
Received=	0.46089
Feedback: 0.26814
Received=	0.45295
Feedback: 0.27205
Received=	0.042915
Feedback: 0.47357
Received=	-0.29804
Feedback: 0.64113
Received=	-0.20371
Feedback: 0.59477
Received=	-0.071612
Feedback: 0.52985
Received=	0.17855
Feedback: 0.40691
Received=	0.39925
Feedback: 0.29844
Received=	0.47772
Feedback: 0.25987
Received=	0.37389
Feedback: 0.3109
Received=	0.15996
Feedback: 0.41604
Received=	-0.061242
Feedback: 0.52475
Received=	0.13132
Feedback: 0.43012
Received=	0.5313
Feedback: 0.23354
Received=	0.66925
Feedback: 0.16575
Received=	0.66482
Feedback: 0.16792
Received=	0.34371
Feedback: 0.32574
Received=	0.35791
Feedback: 0.31876
Received=	0.21186
Feedback: 0.39053
Received=	0.23617
Feedback: 0.37859
Received=	0.24657
Feedback: 0.37347
Received=	0.3344
Feedback: 0.33031
Received=	0.47825
Feedback: 0.25961
Received=	0.58595
Feedback: 0.20669
Received=	0.81462
Feedback: 0.1
Received=	0.58449
Feedback: 0.2074
Received=	0.2704
Feedback: 0.36177
Received=	0.44677
Feedback: 0.27509
Received=	0.24073
Feedback: 0.37635
Received=	0.33435
Feedback: 0.33034
Received=	0.47778
Feedback: 0.25985
Received=	0.36261
Feedback: 0.31645
Received=	0.35794
Feedback: 0.31874
Received=	0.29518
Feedback: 0.34959
Received=	0.21759
Feedback: 0.38772
Received=	0.37491
Feedback: 0.3104
Received=	0.61999
Feedback: 0.18995
Received=	0.65679
Feedback: 0.17187
Received=	0.51282
Feedback: 0.24263
Received=	0.49808
Feedback: 0.24987
Received=	0.061885
Feedback: 0.46424
Received=	-0.072953
Feedback: 0.53051
Received=	0.21584
Feedback: 0.38858
Received=	0.52456
Feedback: 0.23686
Received=	0.26148
Feedback: 0.36615
Received=	0.31689
Feedback: 0.33892
Calculated range:	[(-2.000000) - (2.000000)]
Success index = (1.276249)
Received=	0.36659
=====  11:26:30 - BASE  ============
Feedback: 0.66
Received=	0.40492
Feedback: 0.66
Received=	0.53875
Feedback: 0.66
Received=	1.066
Feedback: 0.66
Received=	1.2178
Feedback: 0.66
Received=	1.0538
Feedback: 0.66
Received=	0.86092
Feedback: 0.66
Received=	0.57682
Feedback: 0.66
Received=	0.49041
Feedback: 0.66
Received=	0.39098
Feedback: 0.66
Received=	0.3465
Feedback: 0.66
Received=	0.57752
Feedback: 0.66
Received=	0.2904
Feedback: 0.66
Received=	-0.12047
Feedback: 0.66
Received=	-0.51835
Feedback: 0.66
Received=	-0.34873
Feedback: 0.66
Received=	-0.27797
Feedback: 0.66
Received=	0.0035416
Feedback: 0.66
Received=	0.20024
Feedback: 0.66
Received=	0.1433
Feedback: 0.66
Received=	0.19658
=====  11:27:30 - NF  ============
Feedback: 0.5658
Received=	0.57726
Feedback: 0.41312
Received=	0.82984
Feedback: 0.31181
Received=	0.99472
Feedback: 0.24568
Received=	0.73535
Feedback: 0.34971
Received=	0.4429
Feedback: 0.46701
Received=	0.37056
Feedback: 0.49602
Received=	0.052569
Feedback: 0.62356
Received=	0.15674
Feedback: 0.58178
Received=	0.020686
Feedback: 0.63635
Received=	0.12872
Feedback: 0.59302
Received=	0.4333
Feedback: 0.47086
Received=	0.48237
Feedback: 0.45118
Received=	0.47519
Feedback: 0.45406
Received=	0.43255
Feedback: 0.47116
Received=	0.41006
Feedback: 0.48018
Received=	0.21709
Feedback: 0.55758
Received=	0.16551
Feedback: 0.57826
Received=	0.051056
Feedback: 0.62417
Received=	0.096454
Feedback: 0.60596
Received=	0.39117
Feedback: 0.48775
Received=	0.54305
Feedback: 0.42684
Received=	0.57309
Feedback: 0.41479
Received=	0.50491
Feedback: 0.44214
Received=	0.55331
Feedback: 0.42272
Received=	0.59249
Feedback: 0.40701
Received=	0.63384
Feedback: 0.39042
Received=	0.45574
Feedback: 0.46186
Received=	-0.0016227
Feedback: 0.6453
Received=	-0.07741
Feedback: 0.67569
Received=	-0.14579
Feedback: 0.70312
Received=	0.23402
Feedback: 0.55078
Received=	0.33192
Feedback: 0.51152
Received=	0.045475
Feedback: 0.62641
Received=	0.15355
Feedback: 0.58306
Received=	0.14514
Feedback: 0.58643
Received=	-0.20656
Feedback: 0.7275
Received=	-0.11721
Feedback: 0.69166
Received=	-0.088145
Feedback: 0.68
Received=	-0.42972
Feedback: 0.817
Received=	-0.07036
Feedback: 0.67287
Received=	0.24822
Feedback: 0.54509
Received=	0.33395
Feedback: 0.51071
Received=	0.015062
Feedback: 0.63861
Received=	-0.34499
Feedback: 0.78302
Received=	-0.25584
Feedback: 0.74726
Received=	0.30737
Feedback: 0.52137
Received=	0.77267
Feedback: 0.33474
Received=	0.56541
Feedback: 0.41787
Received=	0.20254
Feedback: 0.56341
Received=	0.22418
Feedback: 0.55473
Received=	0.23856
Feedback: 0.54896
Received=	0.15848
Feedback: 0.58108
Received=	0.098717
Feedback: 0.60505
Received=	0.074825
Feedback: 0.61464
Received=	0.17243
Feedback: 0.57549
Received=	-0.22736
Feedback: 0.73584
Received=	-0.40196
Feedback: 0.80586
Received=	-0.53682
Feedback: 0.85996
Received=	-0.36009
Feedback: 0.78907
Calculated range:	[(-2.000000) - (2.000000)]
Success index = (-0.409326)
Received=	-0.44906
=====  11:30:30 - BASE  ============
Feedback: 0.66
Received=	-0.54211
Feedback: 0.66
Received=	-0.25466
Feedback: 0.66
Received=	0.043026
Feedback: 0.66
Received=	0.14309
Feedback: 0.66
Received=	0.13182
Feedback: 0.66
Received=	-0.23539
Feedback: 0.66
Received=	-0.58113
Feedback: 0.66
Received=	-0.1463
Feedback: 0.66
Received=	0.34812
Feedback: 0.66
Received=	0.99862
Feedback: 0.66
Received=	0.60436
Feedback: 0.66
Received=	-0.011521
Feedback: 0.66
Received=	-0.32043
Feedback: 0.66
Received=	-0.43168
Feedback: 0.66
Received=	-0.64866
Feedback: 0.66
Received=	-0.67243
Feedback: 0.66
Received=	-0.29939
Feedback: 0.66
Received=	0.18403
Feedback: 0.66
Received=	0.63021
Feedback: 0.66
Received=	0.31746
=====  11:31:30 - NF  ============
Feedback: 0.35096
Received=	0.029873
Feedback: 0.47475
Received=	0.49952
Feedback: 0.27261
Received=	1.0311
Feedback: 0.1
Received=	0.6079
Feedback: 0.22596
Received=	0.45596
Feedback: 0.29135
Received=	0.2691
Feedback: 0.37178
Received=	0.16404
Feedback: 0.417
Received=	0.031204
Feedback: 0.47418
Received=	0.17635
Feedback: 0.4117
Received=	0.060431
Feedback: 0.4616
Received=	-0.0033586
Feedback: 0.48905
Received=	0.11364
Feedback: 0.43869
Received=	0.49097
Feedback: 0.27629
Received=	0.78749
Feedback: 0.14866
Received=	0.54706
Feedback: 0.25214
Received=	0.091516
Feedback: 0.44822
Received=	0.14296
Feedback: 0.42607
Received=	0.14247
Feedback: 0.42628
Received=	-0.060064
Feedback: 0.51346
Received=	-0.26575
Feedback: 0.60199
Received=	-0.33108
Feedback: 0.63011
Received=	-0.43704
Feedback: 0.67571
Received=	-0.22175
Feedback: 0.58305
Received=	-0.23577
Feedback: 0.58909
Received=	-0.246
Feedback: 0.59349
Received=	-0.21742
Feedback: 0.58119
Received=	0.096066
Feedback: 0.44626
Received=	0.0050379
Feedback: 0.48544
Received=	-0.24584
Feedback: 0.59342
Received=	-0.19903
Feedback: 0.57327
Received=	0.15488
Feedback: 0.42094
Received=	0.23907
Feedback: 0.38471
Received=	0.038332
Feedback: 0.47111
Received=	-0.017308
Feedback: 0.49506
Received=	-0.080056
Feedback: 0.52206
Received=	0.044995
Feedback: 0.46824
Received=	0.15246
Feedback: 0.42199
Received=	0.42361
Feedback: 0.30528
Received=	0.3981
Feedback: 0.31626
Received=	0.092038
Feedback: 0.44799
Received=	0.18143
Feedback: 0.40952
Received=	0.35614
Feedback: 0.33432
Received=	0.72992
Feedback: 0.17344
Received=	1.1169
Feedback: 0.1
Received=	0.57177
Feedback: 0.24151
Received=	0.27301
Feedback: 0.3701
Received=	0.13458
Feedback: 0.42968
Received=	0.43105
Feedback: 0.30208
Received=	0.72507
Feedback: 0.17553
Received=	0.62967
Feedback: 0.21659
Received=	0.16135
Feedback: 0.41816
Received=	-0.050559
Feedback: 0.50937
Received=	0.13842
Feedback: 0.42803
Received=	0.036324
Feedback: 0.47197
Received=	-0.019939
Feedback: 0.49619
Received=	0.14771
Feedback: 0.42403
Received=	1.5087
Feedback: 0.1
Received=	1.1414
Feedback: 0.1
Received=	0.79119
Feedback: 0.14707
Calculated range:	[(-2.000000) - (2.000000)]
Success index = (0.645937)
closing...
