Direction=-1.000000	; step=1.000000;
Received=	0
Feedback: 0.66
Received=	0
Feedback: 0.66
Received=	0
Feedback: 0.66
Received=	0.83211
Feedback: 0.66
Received=	0.20558
Feedback: 0.66
Received=	0.15805
Feedback: 0.66
Received=	0.16326
Feedback: 0.66
Received=	-0.055007
Feedback: 0.66
Received=	0.16546
Feedback: 0.66
Received=	0.14738
Feedback: 0.66
Received=	-0.041763
Feedback: 0.66
Received=	0.27548
Feedback: 0.66
Received=	0.091186
Feedback: 0.66
Received=	0.24532
Feedback: 0.66
Received=	-0.28182
Feedback: 0.66
Received=	0.13522
Feedback: 0.66
Received=	0.34921
Feedback: 0.66
Received=	0.38477
Feedback: 0.66
Received=	0.075755
Feedback: 0.66
Received=	0.19669
Feedback: 0.66
Received=	0.14076
=====  12:18:57 - NF  ============
Feedback: 0.52505
Received=	-0.028264
Feedback: 0.67355
Received=	0.04661
Feedback: 0.60777
Received=	0.28112
Feedback: 0.40173
Received=	0.53889
Feedback: 0.17526
Received=	0.48539
Feedback: 0.22226
Received=	0.64845
Feedback: 0.1
Received=	0.37685
Feedback: 0.31762
Received=	0.47416
Feedback: 0.23213
Received=	-0.19679
Feedback: 0.82161
Received=	0.26136
Feedback: 0.4191
Received=	0.057098
Feedback: 0.59855
Received=	0.17981
Feedback: 0.49074
Received=	-0.073129
Feedback: 0.71297
Received=	0.0836
Feedback: 0.57527
Received=	-0.11525
Feedback: 0.74998
Received=	-0.27532
Feedback: 0.89061
Received=	-0.32674
Feedback: 0.9
Received=	-0.34627
Feedback: 0.9
Received=	-0.33552
Feedback: 0.9
Received=	-0.29215
Feedback: 0.9
Received=	-0.026162
Feedback: 0.6717
Received=	-0.011759
Feedback: 0.65905
Received=	-0.35529
Feedback: 0.9
Received=	-0.37472
Feedback: 0.9
Received=	-0.19986
Feedback: 0.82431
Received=	0.19021
Feedback: 0.4816
Received=	-0.07458
Feedback: 0.71424
Received=	-0.14952
Feedback: 0.78008
Received=	-0.13352
Feedback: 0.76602
Received=	-0.25016
Feedback: 0.86851
Received=	0.017248
Feedback: 0.63356
Received=	0.2475
Feedback: 0.43127
Received=	0.42392
Feedback: 0.27627
Received=	0.14494
Feedback: 0.52137
Received=	0.091004
Feedback: 0.56876
Received=	0.0020885
Feedback: 0.64688
Received=	-0.18596
Feedback: 0.8121
Received=	-0.28813
Feedback: 0.9
Received=	-0.22001
Feedback: 0.84202
Received=	-0.089074
Feedback: 0.72698
Received=	0.34157
Feedback: 0.34862
Received=	-0.065507
Feedback: 0.70627
Received=	-0.12524
Feedback: 0.75876
Received=	-0.26612
Feedback: 0.88253
Received=	-0.28001
Feedback: 0.89473
Received=	-0.47701
Feedback: 0.9
Received=	-0.51463
Feedback: 0.9
Received=	-0.36102
Feedback: 0.9
Received=	-0.64709
Feedback: 0.9
Received=	-0.29944
Feedback: 0.9
Received=	-0.4588
Feedback: 0.9
Received=	-0.3105
Feedback: 0.9
Received=	-0.31153
Feedback: 0.9
Received=	0.024056
Feedback: 0.62758
Received=	0.044572
Feedback: 0.60956
Received=	-0.048956
Feedback: 0.69173
Received=	-0.22968
Feedback: 0.85051
Received=	-0.32431
Feedback: 0.9
Received=	-0.28264
Feedback: 0.89704
Calculated range:	[(-2.000000) - (2.000000)]
Success index = (-0.887165)
Received=	-0.35602
=====  12:21:57 - BASE  ============
Feedback: 0.66
Received=	-0.28428
Feedback: 0.66
Received=	-0.011186
Feedback: 0.66
Received=	0.37727
Feedback: 0.66
Received=	0.42936
Feedback: 0.66
Received=	0.23763
Feedback: 0.66
Received=	0.32851
Feedback: 0.66
Received=	-0.049883
Feedback: 0.66
Received=	0.15803
Feedback: 0.66
Received=	0.009863
Feedback: 0.66
Received=	-0.030775
Feedback: 0.66
Received=	0.098167
Feedback: 0.66
Received=	-0.1697
Feedback: 0.66
Received=	-0.02661
Feedback: 0.66
Received=	0.24651
Feedback: 0.66
Received=	0.024231
Feedback: 0.66
Received=	-0.143
Feedback: 0.66
Received=	-0.11548
Feedback: 0.66
Received=	0.1143
Feedback: 0.66
Received=	0.053265
Feedback: 0.66
Received=	-0.014127
=====  12:22:57 - NF  ============
Feedback: 0.61129
Received=	0.38138
Feedback: 0.16737
Received=	0.022318
Feedback: 0.57039
Received=	-0.29081
Feedback: 0.9
Received=	-0.23104
Feedback: 0.85477
Received=	-0.080169
Feedback: 0.68542
Received=	0.019816
Feedback: 0.5732
Received=	-0.23543
Feedback: 0.85969
Received=	-0.43621
Feedback: 0.9
Received=	-0.76244
Feedback: 0.9
Received=	-0.45895
Feedback: 0.9
Received=	-0.16339
Feedback: 0.77883
Received=	0.0065634
Feedback: 0.58807
Received=	0.14467
Feedback: 0.43305
Received=	-0.22895
Feedback: 0.85241
Received=	-0.25922
Feedback: 0.88639
Received=	-0.12612
Feedback: 0.737
Received=	-0.1052
Feedback: 0.71352
Received=	-0.34414
Feedback: 0.9
Received=	-0.3684
Feedback: 0.9
Received=	-0.35769
Feedback: 0.9
Received=	-0.20578
Feedback: 0.82641
Received=	-0.35145
Feedback: 0.9
Received=	-0.26907
Feedback: 0.89745
Received=	-0.39199
Feedback: 0.9
Received=	-0.4396
Feedback: 0.9
Received=	-0.12594
Feedback: 0.7368
Received=	0.072958
Feedback: 0.51355
Received=	-0.14188
Feedback: 0.75469
Received=	-0.36949
Feedback: 0.9
Received=	-0.17716
Feedback: 0.79428
Received=	-0.15333
Feedback: 0.76754
Received=	-0.50553
Feedback: 0.9
Received=	-0.40031
Feedback: 0.9
Received=	-0.1068
Feedback: 0.71531
Received=	-0.265
Feedback: 0.89288
Received=	-0.18814
Feedback: 0.80661
Received=	-0.14285
Feedback: 0.75578
Received=	-0.31871
Feedback: 0.9
Received=	-0.26402
Feedback: 0.89178
Received=	-0.11954
Feedback: 0.72961
Received=	-0.12309
Feedback: 0.73359
Received=	-0.20301
Feedback: 0.8233
Received=	-0.29174
Feedback: 0.9
Received=	-0.12883
Feedback: 0.74004
Received=	-0.14279
Feedback: 0.75571
Received=	-0.13396
Feedback: 0.74579
Received=	-0.37892
Feedback: 0.9
Received=	-0.29725
Feedback: 0.9
Received=	-0.22978
Feedback: 0.85335
Received=	-0.21505
Feedback: 0.83682
Received=	-0.10361
Feedback: 0.71174
Received=	-0.24577
Feedback: 0.8713
Received=	-0.38973
Feedback: 0.9
Received=	-0.3499
Feedback: 0.9
Received=	-0.14535
Feedback: 0.75858
Received=	-0.18892
Feedback: 0.80749
Received=	-0.16636
Feedback: 0.78217
Received=	-0.050488
Feedback: 0.65211
Received=	0.018442
Feedback: 0.57474
Calculated range:	[(-2.669699) - (1.330301)]
Success index = (-1.669699)
Received=	0.12516
=====  12:25:57 - BASE  ============
Feedback: 0.66
Received=	0.079028
Feedback: 0.66
Received=	-0.094353
Feedback: 0.66
Received=	-0.021617
Feedback: 0.66
Received=	0.24128
Feedback: 0.66
Received=	0.54304
Feedback: 0.66
Received=	0.45765
Feedback: 0.66
Received=	0.098285
Feedback: 0.66
Received=	0.018356
Feedback: 0.66
Received=	-0.044911
Feedback: 0.66
Received=	-0.16221
Feedback: 0.66
Received=	0.14711
Feedback: 0.66
Received=	0.42952
Feedback: 0.66
Received=	0.34963
Feedback: 0.66
Received=	0.039123
Feedback: 0.66
Received=	0.24612
Feedback: 0.66
Received=	0.32978
Feedback: 0.66
Received=	-0.03367
Feedback: 0.66
Received=	-0.42298
Feedback: 0.66
Received=	-0.41338
Feedback: 0.66
Received=	0.18783
=====  12:26:57 - NF  ============
Feedback: 0.29876
Received=	0.3293
Feedback: 0.19638
Received=	0.099004
Feedback: 0.36303
Received=	0.21608
Feedback: 0.27831
Received=	-0.024068
Feedback: 0.45209
Received=	0.024878
Feedback: 0.41667
Received=	-0.076575
Feedback: 0.49009
Received=	-0.12913
Feedback: 0.52812
Received=	-0.16733
Feedback: 0.55576
Received=	-0.25192
Feedback: 0.61698
Received=	-0.35023
Feedback: 0.68812
Received=	-0.22703
Feedback: 0.59896
Received=	-0.062869
Feedback: 0.48017
Received=	0.023103
Feedback: 0.41796
Received=	-0.27239
Feedback: 0.63179
Received=	-0.21262
Feedback: 0.58853
Received=	-0.42946
Feedback: 0.74545
Received=	-0.54967
Feedback: 0.83244
Received=	-0.43303
Feedback: 0.74804
Received=	-0.11679
Feedback: 0.51919
Received=	-0.034368
Feedback: 0.45955
Received=	-0.1512
Feedback: 0.54409
Received=	-0.40773
Feedback: 0.72972
Received=	-0.57528
Feedback: 0.85097
Received=	-0.52758
Feedback: 0.81645
Received=	-0.37313
Feedback: 0.70468
Received=	-0.20871
Feedback: 0.58571
Received=	-0.054696
Feedback: 0.47426
Received=	-0.35245
Feedback: 0.68972
Received=	-0.36761
Feedback: 0.70069
Received=	-0.42798
Feedback: 0.74438
Received=	-0.53058
Feedback: 0.81863
Received=	-0.31088
Feedback: 0.65964
Received=	-0.33219
Feedback: 0.67506
Received=	-0.44281
Feedback: 0.75511
Received=	-0.30782
Feedback: 0.65743
Received=	-0.11157
Feedback: 0.51541
Received=	0.0058953
Feedback: 0.43041
Received=	-0.24504
Feedback: 0.612
Received=	-0.38564
Feedback: 0.71374
Received=	-0.22096
Feedback: 0.59457
Received=	-0.21914
Feedback: 0.59326
Received=	-0.39738
Feedback: 0.72224
Received=	-0.26875
Feedback: 0.62916
Received=	-0.16543
Feedback: 0.55439
Received=	0.032375
Feedback: 0.41125
Received=	-0.11891
Feedback: 0.52073
Received=	0.053143
Feedback: 0.39622
Received=	0.17705
Feedback: 0.30656
Received=	-0.1471
Feedback: 0.54112
Received=	0.0034131
Feedback: 0.43221
Received=	0.017784
Feedback: 0.42181
Received=	-0.034266
Feedback: 0.45947
Received=	-0.10688
Feedback: 0.51202
Received=	-0.096521
Feedback: 0.50452
Received=	-0.11133
Feedback: 0.51524
Received=	-0.16985
Feedback: 0.55758
Received=	-0.47681
Feedback: 0.77971
Received=	-0.50067
Feedback: 0.79698
Received=	-0.18821
Feedback: 0.57087
Calculated range:	[(-2.285083) - (1.714917)]
Success index = (-1.285083)
Received=	-0.039381
=====  12:29:57 - BASE  ============
Feedback: 0.66
Received=	-0.010467
Feedback: 0.66
Received=	-0.15652
Feedback: 0.66
Received=	-0.27148
Feedback: 0.66
Received=	-0.25717
Feedback: 0.66
Received=	-0.027802
Feedback: 0.66
Received=	0.027294
Feedback: 0.66
Received=	-0.1096
Feedback: 0.66
Received=	-0.016036
Feedback: 0.66
Received=	-0.055016
Feedback: 0.66
Received=	-0.24256
Feedback: 0.66
Received=	-0.36558
Feedback: 0.66
Received=	-0.24721
Feedback: 0.66
Received=	-0.28642
Feedback: 0.66
Received=	0.19982
Feedback: 0.66
Received=	0.21537
Feedback: 0.66
Received=	-0.0085021
Feedback: 0.66
Received=	-0.098933
Feedback: 0.66
Received=	-0.11881
Feedback: 0.66
Received=	-0.17832
Feedback: 0.66
Received=	-0.071391
=====  12:30:57 - NF  ============
Feedback: 0.39362
Received=	0.028407
Feedback: 0.26916
Received=	0.17308
Feedback: 0.1
Received=	-0.11482
Feedback: 0.44779
Received=	-0.24403
Feedback: 0.60892
Received=	-0.29777
Feedback: 0.67595
Received=	-0.10643
Feedback: 0.43732
Received=	0.028754
Feedback: 0.26873
Received=	-0.0035875
Feedback: 0.30906
Received=	-0.14777
Feedback: 0.48888
Received=	-0.14541
Feedback: 0.48593
Received=	-0.18142
Feedback: 0.53084
Received=	-0.28128
Feedback: 0.65538
Received=	-0.29407
Feedback: 0.67133
Received=	-0.088639
Feedback: 0.41513
Received=	0.10789
Feedback: 0.17004
Received=	-0.16334
Feedback: 0.50829
Received=	-0.20598
Feedback: 0.56148
Received=	-0.34432
Feedback: 0.734
Received=	-0.30608
Feedback: 0.68631
Received=	-0.08389
Feedback: 0.40921
Received=	-0.21362
Feedback: 0.571
Received=	-0.31402
Feedback: 0.69622
Received=	-0.22737
Feedback: 0.58815
Received=	-0.2097
Feedback: 0.56611
Received=	-0.32215
Feedback: 0.70635
Received=	-0.39744
Feedback: 0.80025
Received=	-0.062016
Feedback: 0.38193
Received=	0.26993
Feedback: 0.1
Received=	0.3119
Feedback: 0.1
Received=	-0.28388
Feedback: 0.65862
Received=	-0.38095
Feedback: 0.77968
Received=	-0.33175
Feedback: 0.71832
Received=	0.051668
Feedback: 0.24015
Received=	-0.073676
Feedback: 0.39647
Received=	-0.2538
Feedback: 0.62111
Received=	-0.22665
Feedback: 0.58724
Received=	-0.3073
Feedback: 0.68782
Received=	-0.19917
Feedback: 0.55297
Received=	-0.1693
Feedback: 0.51573
Received=	-0.099987
Feedback: 0.42928
Received=	-0.45834
Feedback: 0.87619
Received=	-0.39142
Feedback: 0.79273
Received=	-0.23589
Feedback: 0.59877
Received=	0.1162
Feedback: 0.15968
Received=	-0.19809
Feedback: 0.55163
Received=	-0.45841
Feedback: 0.87629
Received=	-0.42599
Feedback: 0.83585
Received=	-0.38176
Feedback: 0.78069
Received=	-0.24974
Feedback: 0.61605
Received=	-0.22185
Feedback: 0.58127
Received=	-0.21404
Feedback: 0.57153
Received=	-0.20652
Feedback: 0.56215
Received=	0.039816
Feedback: 0.25493
Received=	-0.21243
Feedback: 0.56951
Received=	-0.22732
Feedback: 0.58808
Received=	-0.071728
Feedback: 0.39404
Received=	-0.078485
Feedback: 0.40247
Received=	-0.32912
Feedback: 0.71504
Received=	-0.3914
Feedback: 0.79272
Calculated range:	[(-2.000000) - (2.000000)]
Success index = (-0.408678)
Received=	-0.079201
=====  12:33:57 - BASE  ============
Feedback: 0.66
Received=	-0.23454
Feedback: 0.66
Received=	-0.19149
Feedback: 0.66
Received=	-0.048453
Feedback: 0.66
Received=	0.30675
Feedback: 0.66
Received=	-0.061543
Feedback: 0.66
Received=	-0.32499
Feedback: 0.66
Received=	-0.3988
Feedback: 0.66
Received=	0.32109
Feedback: 0.66
Received=	0.40553
Feedback: 0.66
Received=	0.53289
Feedback: 0.66
Received=	0.23227
Feedback: 0.66
Received=	-0.13464
Feedback: 0.66
Received=	0.13228
Feedback: 0.66
Received=	0.06571
Feedback: 0.66
Received=	0.053465
Feedback: 0.66
Received=	0.10884
Feedback: 0.66
Received=	0.1621
Feedback: 0.66
Received=	-0.20584
Feedback: 0.66
Received=	-0.34657
Feedback: 0.66
Received=	-0.47224
=====  12:34:57 - NF  ============
Feedback: 0.87629
Received=	-0.41257
Feedback: 0.83192
Received=	-0.26314
Feedback: 0.72081
Received=	-0.25286
Feedback: 0.71317
Received=	-0.23991
Feedback: 0.70354
Received=	-0.22173
Feedback: 0.69002
Received=	-0.11291
Feedback: 0.6091
Received=	-0.022022
Feedback: 0.54152
Received=	-0.28261
Feedback: 0.73528
Received=	-0.10515
Feedback: 0.60333
Received=	-0.11652
Feedback: 0.61178
Received=	-0.29766
Feedback: 0.74648
Received=	-0.59024
Feedback: 0.9
Received=	-0.52746
Feedback: 0.9
Received=	-0.27812
Feedback: 0.73195
Received=	-0.22996
Feedback: 0.69613
Received=	-0.2479
Feedback: 0.70948
Received=	-0.087591
Feedback: 0.59027
Received=	-0.03791
Feedback: 0.55333
Received=	-0.23706
Feedback: 0.70142
Received=	-0.30205
Feedback: 0.74974
Received=	-0.18405
Feedback: 0.662
Received=	-0.34025
Feedback: 0.77814
Received=	-0.16671
Feedback: 0.6491
Received=	-0.28014
Feedback: 0.73345
Received=	-0.19652
Feedback: 0.67127
Received=	-0.012748
Feedback: 0.53462
Received=	-0.18488
Feedback: 0.66261
Received=	-0.47839
Feedback: 0.88086
Received=	-0.34496
Feedback: 0.78165
Received=	-0.25554
Feedback: 0.71516
Received=	-0.48838
Feedback: 0.88829
Received=	-0.3475
Feedback: 0.78353
Received=	-0.1932
Feedback: 0.6688
Received=	-0.010754
Feedback: 0.53314
Received=	0.024503
Feedback: 0.50692
Received=	0.20779
Feedback: 0.37063
Received=	0.060939
Feedback: 0.47983
Received=	-0.093059
Feedback: 0.59434
Received=	-0.15006
Feedback: 0.63673
Received=	-0.28351
Feedback: 0.73596
Received=	-0.25337
Feedback: 0.71354
Received=	0.047569
Feedback: 0.48977
Received=	0.2874
Feedback: 0.31143
Received=	0.06751
Feedback: 0.47494
Received=	0.014321
Feedback: 0.51449
Received=	-0.15388
Feedback: 0.63956
Received=	-0.33867
Feedback: 0.77697
Received=	-0.13053
Feedback: 0.6222
Received=	-0.27263
Feedback: 0.72786
Received=	-0.36076
Feedback: 0.7934
Received=	-0.32355
Feedback: 0.76573
Received=	-0.11202
Feedback: 0.60844
Received=	-0.11809
Feedback: 0.61295
Received=	-0.27174
Feedback: 0.7272
Received=	-0.23768
Feedback: 0.70187
Received=	-0.22564
Feedback: 0.69293
Received=	0.0085652
Feedback: 0.51877
Received=	-0.16525
Feedback: 0.64802
Received=	-0.51094
Feedback: 0.9
Calculated range:	[(-2.202672) - (1.797328)]
Success index = (-1.202672)
closing...
