Direction=-1.000000	; step=1.000000;
Received=	0
Feedback: 0.66
Received=	0
Feedback: 0.66
Received=	0
Feedback: 0.66
Received=	0.10681
Feedback: 0.66
Received=	-0.13291
Feedback: 0.66
Received=	-0.74212
Feedback: 0.66
Received=	-0.31152
Feedback: 0.66
Received=	-0.22052
Feedback: 0.66
Received=	-0.17332
Feedback: 0.66
Received=	-0.26808
Feedback: 0.66
Received=	-0.21259
Feedback: 0.66
Received=	0.15506
Feedback: 0.66
Received=	0.12185
Feedback: 0.66
Received=	0.26187
Feedback: 0.66
Received=	0.37157
Feedback: 0.66
Received=	0.36519
Feedback: 0.66
Received=	0.4003
Feedback: 0.66
Received=	0.71381
Feedback: 0.66
Received=	0.76793
Feedback: 0.66
Received=	0.64506
Feedback: 0.66
Received=	0.24091
=====  13:26:2 - NF  ============
Feedback: 0.43111
Received=	-0.22437
Feedback: 0.66301
Received=	-0.29291
Feedback: 0.69717
Received=	0.059977
Feedback: 0.52129
Received=	-0.08595
Feedback: 0.59402
Received=	-0.081062
Feedback: 0.59158
Received=	-0.26379
Feedback: 0.68266
Received=	-0.26548
Feedback: 0.6835
Received=	-0.17128
Feedback: 0.63655
Received=	0.41896
Feedback: 0.34237
Received=	0.34013
Feedback: 0.38165
Received=	-0.26528
Feedback: 0.6834
Received=	0.21287
Feedback: 0.44509
Received=	0.18141
Feedback: 0.46076
Received=	0.38137
Feedback: 0.3611
Received=	-0.0045652
Feedback: 0.55346
Received=	-0.28949
Feedback: 0.69547
Received=	0.044344
Feedback: 0.52908
Received=	0.55602
Feedback: 0.27405
Received=	0.35958
Feedback: 0.37196
Received=	0.52272
Feedback: 0.29065
Received=	0.15334
Feedback: 0.47475
Received=	0.2794
Feedback: 0.41192
Received=	0.67491
Feedback: 0.21479
Received=	0.37776
Feedback: 0.3629
Received=	-0.059998
Feedback: 0.58109
Received=	-0.15476
Feedback: 0.62832
Received=	-0.083804
Feedback: 0.59295
Received=	-0.098863
Feedback: 0.60046
Received=	0.45581
Feedback: 0.324
Received=	0.35342
Feedback: 0.37503
Received=	0.35511
Feedback: 0.37419
Received=	0.29073
Feedback: 0.40627
Received=	-0.068507
Feedback: 0.58533
Received=	-0.27324
Feedback: 0.68737
Received=	-0.14461
Feedback: 0.62326
Received=	0.083223
Feedback: 0.5097
Received=	0.32413
Feedback: 0.38963
Received=	0.44167
Feedback: 0.33104
Received=	0.38037
Feedback: 0.3616
Received=	0.37521
Feedback: 0.36417
Received=	0.24105
Feedback: 0.43104
Received=	0.1285
Feedback: 0.48713
Received=	0.11735
Feedback: 0.49269
Received=	0.42754
Feedback: 0.33809
Received=	0.0016613
Feedback: 0.55035
Received=	-0.35031
Feedback: 0.72578
Received=	0.063055
Feedback: 0.51975
Received=	0.1844
Feedback: 0.45927
Received=	0.047853
Feedback: 0.52733
Received=	0.16524
Feedback: 0.46882
Received=	0.32288
Feedback: 0.39025
Received=	0.17969
Feedback: 0.46162
Received=	0.33325
Feedback: 0.38508
Received=	0.60162
Feedback: 0.25132
Received=	0.095258
Feedback: 0.5037
Received=	0.13106
Feedback: 0.48586
Received=	-0.017151
Feedback: 0.55973
Received=	-0.086395
Feedback: 0.59424
Received=	0.14726
Feedback: 0.47779
Calculated range:	[(-2.000000) - (2.000000)]
Success index = (0.092576)
Received=	0.21131
=====  13:29:2 - BASE  ============
Feedback: 0.66
Received=	0.76764
Feedback: 0.66
Received=	0.99482
Feedback: 0.66
Received=	1.0874
Feedback: 0.66
Received=	0.89173
Feedback: 0.66
Received=	0.28425
Feedback: 0.66
Received=	0.35204
Feedback: 0.66
Received=	1.1106
Feedback: 0.66
Received=	0.49796
Feedback: 0.66
Received=	0.45481
Feedback: 0.66
Received=	0.31138
Feedback: 0.66
Received=	0.037444
Feedback: 0.66
Received=	-0.11127
Feedback: 0.66
Received=	-0.29483
Feedback: 0.66
Received=	-0.15316
Feedback: 0.66
Received=	0.046163
Feedback: 0.66
Received=	-0.25242
Feedback: 0.66
Received=	0.067571
Feedback: 0.66
Received=	0.47339
Feedback: 0.66
Received=	0.3072
Feedback: 0.66
Received=	0.41593
=====  13:30:2 - NF  ============
Feedback: 0.46567
Received=	0.29459
Feedback: 0.51994
Received=	0.45819
Feedback: 0.44677
Received=	0.02729
Feedback: 0.63949
Received=	-0.26043
Feedback: 0.76817
Received=	0.22543
Feedback: 0.55087
Received=	0.048219
Feedback: 0.63013
Received=	0.31193
Feedback: 0.51218
Received=	0.13041
Feedback: 0.59336
Received=	-0.31631
Feedback: 0.79316
Received=	-0.89276
Feedback: 0.9
Received=	-0.65236
Feedback: 0.9
Received=	-0.25968
Feedback: 0.76783
Received=	-0.21814
Feedback: 0.74925
Received=	0.31409
Feedback: 0.51122
Received=	0.45329
Feedback: 0.44896
Received=	0.56498
Feedback: 0.39901
Received=	0.40448
Feedback: 0.47079
Received=	0.13921
Feedback: 0.58943
Received=	-0.38562
Feedback: 0.82416
Received=	-0.35238
Feedback: 0.80929
Received=	-0.19627
Feedback: 0.73947
Received=	-0.42978
Feedback: 0.8439
Received=	0.40312
Feedback: 0.4714
Received=	0.49323
Feedback: 0.4311
Received=	0.37953
Feedback: 0.48195
Received=	0.21569
Feedback: 0.55522
Received=	0.17807
Feedback: 0.57205
Received=	0.035375
Feedback: 0.63587
Received=	-0.1702
Feedback: 0.72781
Received=	-0.09831
Feedback: 0.69566
Received=	0.51601
Feedback: 0.42091
Received=	0.55968
Feedback: 0.40138
Received=	0.26178
Feedback: 0.53461
Received=	0.069696
Feedback: 0.62052
Received=	0.2035
Feedback: 0.56068
Received=	0.44011
Feedback: 0.45485
Received=	0.48894
Feedback: 0.43302
Received=	-0.097584
Feedback: 0.69533
Received=	0.23189
Feedback: 0.54798
Received=	0.89277
Feedback: 0.25241
Received=	0.74846
Feedback: 0.31695
Received=	-0.063429
Feedback: 0.68006
Received=	-0.11865
Feedback: 0.70475
Received=	-0.020811
Feedback: 0.661
Received=	-0.17542
Feedback: 0.73015
Received=	-0.007072
Feedback: 0.65485
Received=	0.83687
Feedback: 0.27741
Received=	0.83208
Feedback: 0.27955
Received=	0.53536
Feedback: 0.41226
Received=	-0.17292
Feedback: 0.72903
Received=	0.43863
Feedback: 0.45552
Received=	0.65988
Feedback: 0.35657
Received=	0.0625
Feedback: 0.62374
Received=	-0.14526
Feedback: 0.71666
Received=	0.15434
Feedback: 0.58267
Received=	0.49919
Feedback: 0.42843
Received=	0.48041
Feedback: 0.43683
Received=	0.26679
Feedback: 0.53237
Received=	0.27258
Feedback: 0.52978
Calculated range:	[(-2.000000) - (2.000000)]
Success index = (-0.448473)
Received=	0.086719
=====  13:33:2 - BASE  ============
Feedback: 0.66
Received=	0.28161
Feedback: 0.66
Received=	0.27727
Feedback: 0.66
Received=	0.55383
Feedback: 0.66
Received=	0.073853
Feedback: 0.66
Received=	0.43063
Feedback: 0.66
Received=	-0.10218
Feedback: 0.66
Received=	-0.074114
Feedback: 0.66
Received=	-0.073005
Feedback: 0.66
Received=	-0.32197
Feedback: 0.66
Received=	-0.616
Feedback: 0.66
Received=	-0.5067
Feedback: 0.66
Received=	-0.16074
Feedback: 0.66
Received=	0.067749
Feedback: 0.66
Received=	0.66311
Feedback: 0.66
Received=	1.1918
Feedback: 0.66
Received=	1.3574
Feedback: 0.66
Received=	1.4541
Feedback: 0.66
Received=	1.1056
Feedback: 0.66
Received=	0.63779
Feedback: 0.66
Received=	0.45129
=====  13:34:2 - NF  ============
Feedback: 0.46208
Received=	-0.11487
Feedback: 0.64059
Received=	-0.36652
Feedback: 0.71994
Received=	-0.24108
Feedback: 0.68039
Received=	-0.151
Feedback: 0.65198
Received=	0.16185
Feedback: 0.55334
Received=	0.42041
Feedback: 0.47182
Received=	0.4363
Feedback: 0.46681
Received=	0.8282
Feedback: 0.34324
Received=	0.91373
Feedback: 0.31627
Received=	0.37373
Feedback: 0.48654
Received=	0.34052
Feedback: 0.49701
Received=	0.76466
Feedback: 0.36327
Received=	0.46244
Feedback: 0.45856
Received=	0.27116
Feedback: 0.51888
Received=	0.13112
Feedback: 0.56303
Received=	-0.10197
Feedback: 0.63653
Received=	-0.043932
Feedback: 0.61823
Received=	-0.054057
Feedback: 0.62142
Received=	0.30691
Feedback: 0.5076
Received=	0.60013
Feedback: 0.41515
Received=	1.1996
Feedback: 0.22615
Received=	0.76868
Feedback: 0.36201
Received=	0.30197
Feedback: 0.50916
Received=	0.13147
Feedback: 0.56292
Received=	-0.088532
Feedback: 0.63229
Received=	0.25909
Feedback: 0.52268
Received=	1.0444
Feedback: 0.27506
Received=	1.1551
Feedback: 0.24016
Received=	1.0359
Feedback: 0.27774
Received=	0.56895
Feedback: 0.42498
Received=	0.29777
Feedback: 0.51049
Received=	0.3864
Feedback: 0.48254
Received=	0.5749
Feedback: 0.42311
Received=	0.066158
Feedback: 0.58351
Received=	0.25327
Feedback: 0.52452
Received=	0.55619
Feedback: 0.42901
Received=	0.51664
Feedback: 0.44147
Received=	0.48665
Feedback: 0.45093
Received=	0.26896
Feedback: 0.51957
Received=	0.1487
Feedback: 0.55749
Received=	0.80217
Feedback: 0.35145
Received=	1.0158
Feedback: 0.2841
Received=	0.51786
Feedback: 0.44109
Received=	0.22641
Feedback: 0.53298
Received=	-0.012524
Feedback: 0.60832
Received=	0.44896
Feedback: 0.46282
Received=	0.51831
Feedback: 0.44095
Received=	0.13108
Feedback: 0.56304
Received=	0.30528
Feedback: 0.50812
Received=	0.1567
Feedback: 0.55497
Received=	-0.091913
Feedback: 0.63335
Received=	-0.1565
Feedback: 0.65372
Received=	0.16428
Feedback: 0.55258
Received=	0.21682
Feedback: 0.53601
Received=	-0.4352
Feedback: 0.74159
Received=	0.00043962
Feedback: 0.60423
Received=	0.0064096
Feedback: 0.60235
Received=	0.32091
Feedback: 0.50319
Received=	0.47517
Feedback: 0.45455
Calculated range:	[(-2.000000) - (2.000000)]
Success index = (0.002708)
Received=	0.47999
=====  13:37:2 - BASE  ============
Feedback: 0.66
Received=	0.31766
Feedback: 0.66
Received=	0.32645
Feedback: 0.66
Received=	0.020864
Feedback: 0.66
Received=	0.43838
Feedback: 0.66
Received=	0.64017
Feedback: 0.66
Received=	0.67015
Feedback: 0.66
Received=	0.19847
Feedback: 0.66
Received=	0.21751
Feedback: 0.66
Received=	0.57053
Feedback: 0.66
Received=	0.49106
Feedback: 0.66
Received=	0.34699
Feedback: 0.66
Received=	0.17792
Feedback: 0.66
Received=	0.5234
Feedback: 0.66
Received=	0.52489
Feedback: 0.66
Received=	0.66309
Feedback: 0.66
Received=	1.0554
Feedback: 0.66
Received=	0.73888
Feedback: 0.66
Received=	0.41025
Feedback: 0.66
Received=	-0.24932
Feedback: 0.66
Received=	-0.31377
=====  13:38:2 - NF  ============
Feedback: 0.9
Received=	-0.307
Feedback: 0.9
Received=	-0.3343
Feedback: 0.9
Received=	-0.3156
Feedback: 0.9
Received=	0.57764
Feedback: 0.40131
Received=	1.1412
Feedback: 0.1
Received=	0.36576
Feedback: 0.54429
Received=	-0.23505
Feedback: 0.9
Received=	-0.29683
Feedback: 0.9
Received=	0.17402
Feedback: 0.67369
Received=	0.098627
Feedback: 0.72457
Received=	0.073517
Feedback: 0.74151
Received=	0.34828
Feedback: 0.55609
Received=	0.27506
Feedback: 0.6055
Received=	0.38189
Feedback: 0.53341
Received=	0.438
Feedback: 0.49554
Received=	0.19875
Feedback: 0.657
Received=	0.23215
Feedback: 0.63446
Received=	0.055661
Feedback: 0.75356
Received=	0.21827
Feedback: 0.64382
Received=	0.38332
Feedback: 0.53244
Received=	0.34762
Feedback: 0.55653
Received=	0.55212
Feedback: 0.41853
Received=	0.68639
Feedback: 0.32791
Received=	0.70289
Feedback: 0.31678
Received=	0.21435
Feedback: 0.64647
Received=	0.10543
Feedback: 0.71997
Received=	0.12517
Feedback: 0.70665
Received=	-0.5069
Feedback: 0.9
Received=	-0.4842
Feedback: 0.9
Received=	-0.8569
Feedback: 0.9
Received=	-0.30229
Feedback: 0.9
Received=	-0.11468
Feedback: 0.86852
Received=	-0.14579
Feedback: 0.88951
Received=	-0.41615
Feedback: 0.9
Received=	-0.57859
Feedback: 0.9
Received=	-0.51701
Feedback: 0.9
Received=	-0.064733
Feedback: 0.83481
Received=	0.29017
Feedback: 0.5953
Received=	0.15405
Feedback: 0.68716
Received=	0.32801
Feedback: 0.56977
Received=	-0.10724
Feedback: 0.8635
Received=	-0.38521
Feedback: 0.9
Received=	0.30582
Feedback: 0.58475
Received=	0.53092
Feedback: 0.43284
Received=	0.15102
Feedback: 0.68921
Received=	0.019146
Feedback: 0.7782
Received=	0.83106
Feedback: 0.23029
Received=	0.76183
Feedback: 0.27701
Received=	0.33271
Feedback: 0.5666
Received=	0.35759
Feedback: 0.5498
Received=	0.1582
Feedback: 0.68436
Received=	0.51637
Feedback: 0.44265
Received=	0.79174
Feedback: 0.25682
Received=	0.48222
Feedback: 0.4657
Received=	0.54252
Feedback: 0.425
Received=	0.59328
Feedback: 0.39075
Received=	1.0489
Feedback: 0.1
Received=	0.7655
Feedback: 0.27453
Received=	0.20942
Feedback: 0.6498
Calculated range:	[(-2.000000) - (2.000000)]
Success index = (-0.643287)
Received=	0.49484
=====  13:41:2 - BASE  ============
Feedback: 0.66
Received=	1.0341
Feedback: 0.66
Received=	0.97396
Feedback: 0.66
Received=	0.38165
Feedback: 0.66
Received=	0.64922
Feedback: 0.66
Received=	0.29437
Feedback: 0.66
Received=	0.55269
Feedback: 0.66
Received=	1.2277
Feedback: 0.66
Received=	0.49824
Feedback: 0.66
Received=	-0.057446
Feedback: 0.66
Received=	0.11228
Feedback: 0.66
Received=	0.5501
Feedback: 0.66
Received=	0.61626
Feedback: 0.66
Received=	0.56634
Feedback: 0.66
Received=	0.22555
Feedback: 0.66
Received=	0.094163
Feedback: 0.66
Received=	0.4786
Feedback: 0.66
Received=	0.047432
Feedback: 0.66
Received=	0.15774
Feedback: 0.66
Received=	0.0082513
Feedback: 0.66
Received=	-0.219
=====  13:42:2 - NF  ============
Feedback: 0.86899
Received=	-0.44525
Feedback: 0.9
Received=	-0.41333
Feedback: 0.9
Received=	-0.136
Feedback: 0.82028
Received=	0.024016
Feedback: 0.72639
Received=	0.087843
Feedback: 0.68894
Received=	-0.12541
Feedback: 0.81407
Received=	-0.47842
Feedback: 0.9
Received=	-0.36508
Feedback: 0.9
Received=	0.57723
Feedback: 0.40178
Received=	0.54894
Feedback: 0.41838
Received=	0.39737
Feedback: 0.50732
Received=	0.25736
Feedback: 0.58947
Received=	0.22618
Feedback: 0.60777
Received=	0.14725
Feedback: 0.65408
Received=	0.027754
Feedback: 0.7242
Received=	0.80662
Feedback: 0.26718
Received=	0.883
Feedback: 0.22236
Received=	0.41709
Feedback: 0.49574
Received=	0.03996
Feedback: 0.71704
Received=	0.29014
Feedback: 0.57024
Received=	0.85455
Feedback: 0.23906
Received=	1.2564
Feedback: 0.1
Received=	1.031
Feedback: 0.1355
Received=	-0.038055
Feedback: 0.76281
Received=	-0.43611
Feedback: 0.9
Received=	-0.57218
Feedback: 0.9
Received=	-0.39045
Feedback: 0.9
Received=	0.27806
Feedback: 0.57733
Received=	0.24351
Feedback: 0.5976
Received=	-0.3885
Feedback: 0.9
Received=	-0.052484
Feedback: 0.77128
Received=	0.13524
Feedback: 0.66113
Received=	-0.23625
Feedback: 0.87911
Received=	-0.065493
Feedback: 0.77891
Received=	-0.068134
Feedback: 0.78046
Received=	0.23885
Feedback: 0.60033
Received=	0.48121
Feedback: 0.45812
Received=	0.43484
Feedback: 0.48533
Received=	-0.19662
Feedback: 0.85585
Received=	-0.60519
Feedback: 0.9
Received=	0.36432
Feedback: 0.52671
Received=	0.35734
Feedback: 0.5308
Received=	0.61517
Feedback: 0.37952
Received=	0.32806
Feedback: 0.54799
Received=	0.64908
Feedback: 0.35962
Received=	0.58949
Feedback: 0.39459
Received=	0.23382
Feedback: 0.60328
Received=	0.17043
Feedback: 0.64048
Received=	0.69288
Feedback: 0.33392
Received=	0.71801
Feedback: 0.31917
Received=	0.57362
Feedback: 0.4039
Received=	0.61951
Feedback: 0.37697
Received=	0.42431
Feedback: 0.49151
Received=	0.23322
Feedback: 0.60363
Received=	0.20655
Feedback: 0.61928
Received=	0.1381
Feedback: 0.65945
Received=	0.31313
Feedback: 0.55675
Received=	0.51365
Feedback: 0.43909
Received=	0.24143
Feedback: 0.59882
Calculated range:	[(-2.000000) - (2.000000)]
Success index = (-0.508603)
closing...
