Direction=-1.000000	; step=1.000000;
Received=	0
Feedback: 0.66
Received=	0
Feedback: 0.66
Received=	0
Feedback: 0.66
Received=	-0.43782
Feedback: 0.66
Received=	-0.21593
Feedback: 0.66
Received=	-0.053564
Feedback: 0.66
Received=	-0.26093
Feedback: 0.66
Received=	-0.14621
Feedback: 0.66
Received=	-0.27721
Feedback: 0.66
Received=	-0.33336
Feedback: 0.66
Received=	-0.15171
Feedback: 0.66
Received=	0.027961
Feedback: 0.66
Received=	0.011922
Feedback: 0.66
Received=	-0.20859
Feedback: 0.66
Received=	-0.054465
Feedback: 0.66
Received=	0.13956
Feedback: 0.66
Received=	0.26791
Feedback: 0.66
Received=	0.19366
Feedback: 0.66
Received=	0.44898
Feedback: 0.66
Received=	0.35706
Feedback: 0.66
Received=	-0.12755
=====  16:55:17 - NF  ============
Feedback: 0.57272
Received=	-0.33319
Feedback: 0.7406
Received=	-0.26244
Feedback: 0.68284
Received=	-0.27231
Feedback: 0.6909
Received=	-0.12892
Feedback: 0.57383
Received=	-0.3362
Feedback: 0.74305
Received=	-0.33798
Feedback: 0.74451
Received=	-0.29821
Feedback: 0.71204
Received=	-0.55568
Feedback: 0.9
Received=	-0.30687
Feedback: 0.71911
Received=	-0.10591
Feedback: 0.55504
Received=	-0.083792
Feedback: 0.53699
Received=	-0.05558
Feedback: 0.51396
Received=	-0.099614
Feedback: 0.54991
Received=	0.098791
Feedback: 0.38793
Received=	0.1025
Feedback: 0.38489
Received=	0.1302
Feedback: 0.36229
Received=	0.11055
Feedback: 0.37833
Received=	-0.046594
Feedback: 0.50662
Received=	-0.098175
Feedback: 0.54873
Received=	0.03123
Feedback: 0.44308
Received=	0.029629
Feedback: 0.44439
Received=	0.0049825
Feedback: 0.46451
Received=	-0.066103
Feedback: 0.52255
Received=	0.03247
Feedback: 0.44207
Received=	0.11818
Feedback: 0.3721
Received=	0.17726
Feedback: 0.32386
Received=	0.0041596
Feedback: 0.46518
Received=	-0.20031
Feedback: 0.63212
Received=	-0.1165
Feedback: 0.56369
Received=	-0.001876
Feedback: 0.47011
Received=	-0.13536
Feedback: 0.57909
Received=	0.029926
Feedback: 0.44415
Received=	-0.016179
Feedback: 0.48179
Received=	-0.16719
Feedback: 0.60507
Received=	-0.049947
Feedback: 0.50936
Received=	0.12707
Feedback: 0.36484
Received=	0.10953
Feedback: 0.37916
Received=	-0.13536
Feedback: 0.57909
Received=	-0.11183
Feedback: 0.55988
Received=	0.088559
Feedback: 0.39628
Received=	-0.03365
Feedback: 0.49605
Received=	-0.11191
Feedback: 0.55994
Received=	0.025679
Feedback: 0.44762
Received=	-0.031238
Feedback: 0.49408
Received=	-0.16768
Feedback: 0.60548
Received=	-0.0038204
Feedback: 0.4717
Received=	-0.12164
Feedback: 0.56789
Received=	-0.12162
Feedback: 0.56787
Received=	-0.082368
Feedback: 0.53583
Received=	-0.17813
Feedback: 0.61401
Received=	-0.053795
Feedback: 0.5125
Received=	-0.2874
Feedback: 0.70322
Received=	-0.25341
Feedback: 0.67546
Received=	-0.2177
Feedback: 0.64631
Received=	-0.11693
Feedback: 0.56404
Received=	-0.12969
Feedback: 0.57446
Received=	0.014325
Feedback: 0.45689
Received=	-0.037107
Feedback: 0.49887
Received=	-0.11037
Feedback: 0.55869
Calculated range:	[(-2.000000) - (2.000000)]
Success index = (-0.296254)
Received=	0.11496
=====  16:58:17 - BASE  ============
Feedback: 0.66
Received=	0.326
Feedback: 0.66
Received=	0.32518
Feedback: 0.66
Received=	0.40617
Feedback: 0.66
Received=	0.26306
Feedback: 0.66
Received=	0.2992
Feedback: 0.66
Received=	0.029205
Feedback: 0.66
Received=	-0.089121
Feedback: 0.66
Received=	0.095262
Feedback: 0.66
Received=	0.25512
Feedback: 0.66
Received=	0.16039
Feedback: 0.66
Received=	0.017023
Feedback: 0.66
Received=	-0.061301
Feedback: 0.66
Received=	-0.31708
Feedback: 0.66
Received=	-0.072348
Feedback: 0.66
Received=	0.037586
Feedback: 0.66
Received=	0.12549
Feedback: 0.66
Received=	-0.012677
Feedback: 0.66
Received=	0.35244
Feedback: 0.66
Received=	0.21848
Feedback: 0.66
Received=	0.1247
=====  16:59:17 - NF  ============
Feedback: 0.48751
Received=	-0.18539
Feedback: 0.8155
Received=	-0.26712
Feedback: 0.9
Received=	-0.2239
Feedback: 0.85624
Received=	-0.13518
Feedback: 0.76239
Received=	-0.11388
Feedback: 0.73987
Received=	-0.10918
Feedback: 0.73489
Received=	0.070806
Feedback: 0.54452
Received=	0.058993
Feedback: 0.55701
Received=	-0.23929
Feedback: 0.87251
Received=	-0.11058
Feedback: 0.73637
Received=	-0.26677
Feedback: 0.9
Received=	-0.50374
Feedback: 0.9
Received=	-0.48413
Feedback: 0.9
Received=	-0.39093
Feedback: 0.9
Received=	-0.31804
Feedback: 0.9
Received=	-0.20975
Feedback: 0.84127
Received=	0.099212
Feedback: 0.51447
Received=	0.069635
Feedback: 0.54576
Received=	-0.0072757
Feedback: 0.62711
Received=	-0.1674
Feedback: 0.79648
Received=	-0.21606
Feedback: 0.84794
Received=	-0.32751
Feedback: 0.9
Received=	-0.18509
Feedback: 0.81518
Received=	-0.24756
Feedback: 0.88126
Received=	0.02053
Feedback: 0.5977
Received=	-0.18386
Feedback: 0.81388
Received=	-0.28731
Feedback: 0.9
Received=	-0.24528
Feedback: 0.87885
Received=	-0.4666
Feedback: 0.9
Received=	-0.65132
Feedback: 0.9
Received=	-0.69347
Feedback: 0.9
Received=	-0.40211
Feedback: 0.9
Received=	-0.18818
Feedback: 0.81845
Received=	0.066306
Feedback: 0.54928
Received=	-0.011126
Feedback: 0.63118
Received=	-0.19993
Feedback: 0.83089
Received=	-0.029124
Feedback: 0.65022
Received=	0.33053
Feedback: 0.2698
Received=	0.22807
Feedback: 0.37817
Received=	0.015582
Feedback: 0.60293
Received=	0.20441
Feedback: 0.4032
Received=	-0.041257
Feedback: 0.66305
Received=	-0.03715
Feedback: 0.65871
Received=	-0.029327
Feedback: 0.65043
Received=	0.031201
Feedback: 0.58641
Received=	0.05071
Feedback: 0.56577
Received=	0.12577
Feedback: 0.48638
Received=	-0.15387
Feedback: 0.78216
Received=	-0.11998
Feedback: 0.74631
Received=	-0.38533
Feedback: 0.9
Received=	-0.44875
Feedback: 0.9
Received=	-0.26566
Feedback: 0.9
Received=	-0.37839
Feedback: 0.9
Received=	-0.060192
Feedback: 0.68308
Received=	-0.13816
Feedback: 0.76555
Received=	-0.45828
Feedback: 0.9
Received=	-0.49523
Feedback: 0.9
Received=	-0.20252
Feedback: 0.83362
Received=	-0.34022
Feedback: 0.9
Calculated range:	[(-2.345209) - (1.654791)]
Success index = (-1.345209)
Received=	-0.52602
=====  17:2:17 - BASE  ============
Feedback: 0.66
Received=	-0.62027
Feedback: 0.66
Received=	-0.31664
Feedback: 0.66
Received=	-0.053189
Feedback: 0.66
Received=	0.036101
Feedback: 0.66
Received=	-0.028161
Feedback: 0.66
Received=	-0.1054
Feedback: 0.66
Received=	-0.082391
Feedback: 0.66
Received=	0.096107
Feedback: 0.66
Received=	-0.26553
Feedback: 0.66
Received=	-0.078327
Feedback: 0.66
Received=	-0.01439
Feedback: 0.66
Received=	0.16148
Feedback: 0.66
Received=	0.083726
Feedback: 0.66
Received=	-0.32865
Feedback: 0.66
Received=	0.2567
Feedback: 0.66
Received=	0.17138
Feedback: 0.66
Received=	-0.11347
Feedback: 0.66
Received=	-0.12436
Feedback: 0.66
Received=	-0.26006
Feedback: 0.66
Received=	-0.50693
=====  17:3:17 - NF  ============
Feedback: 0.9
Received=	-0.48714
Feedback: 0.9
Received=	-0.16365
Feedback: 0.56062
Received=	-0.066282
Feedback: 0.44588
Received=	-0.34168
Feedback: 0.7704
Received=	-0.47873
Feedback: 0.9
Received=	-0.54552
Feedback: 0.9
Received=	-0.53273
Feedback: 0.9
Received=	-0.46155
Feedback: 0.9
Received=	-0.32236
Feedback: 0.74763
Received=	-0.11955
Feedback: 0.50865
Received=	-0.14792
Feedback: 0.54208
Received=	-0.22131
Feedback: 0.62856
Received=	-0.066643
Feedback: 0.44631
Received=	0.073673
Feedback: 0.28097
Received=	0.025177
Feedback: 0.33812
Received=	-0.083882
Feedback: 0.46662
Received=	-0.13557
Feedback: 0.52753
Received=	-0.18275
Feedback: 0.58313
Received=	-0.14707
Feedback: 0.54108
Received=	-0.093528
Feedback: 0.47799
Received=	-0.070986
Feedback: 0.45143
Received=	-0.15108
Feedback: 0.5458
Received=	0.060348
Feedback: 0.29667
Received=	0.19608
Feedback: 0.13674
Received=	0.12023
Feedback: 0.22611
Received=	0.0041563
Feedback: 0.36289
Received=	0.14642
Feedback: 0.19526
Received=	0.18524
Feedback: 0.14951
Received=	0.082219
Feedback: 0.2709
Received=	-0.054277
Feedback: 0.43174
Received=	0.014595
Feedback: 0.35059
Received=	0.15599
Feedback: 0.18397
Received=	0.17003
Feedback: 0.16743
Received=	0.093016
Feedback: 0.25818
Received=	-0.10326
Feedback: 0.48946
Received=	-0.20422
Feedback: 0.60842
Received=	-0.10473
Feedback: 0.49119
Received=	0.048367
Feedback: 0.31079
Received=	0.038462
Feedback: 0.32246
Received=	-0.14834
Feedback: 0.54258
Received=	-0.34231
Feedback: 0.77114
Received=	-0.11081
Feedback: 0.49836
Received=	0.11293
Feedback: 0.23472
Received=	0.21236
Feedback: 0.11756
Received=	0.12327
Feedback: 0.22253
Received=	-0.045246
Feedback: 0.4211
Received=	0.18445
Feedback: 0.15045
Received=	0.18694
Feedback: 0.1475
Received=	-0.035313
Feedback: 0.40939
Received=	-0.1932
Feedback: 0.59543
Received=	-0.077495
Feedback: 0.4591
Received=	-0.025569
Feedback: 0.39791
Received=	-0.23049
Feedback: 0.63938
Received=	-0.25506
Feedback: 0.66833
Received=	-0.16647
Feedback: 0.56393
Received=	-0.11856
Feedback: 0.50749
Received=	-0.29602
Feedback: 0.71659
Received=	-0.18507
Feedback: 0.58585
Received=	0.11691
Feedback: 0.23002
Calculated range:	[(-2.000000) - (2.000000)]
Success index = (-0.212987)
Received=	0.058277
=====  17:6:17 - BASE  ============
Feedback: 0.66
Received=	0.23423
Feedback: 0.66
Received=	0.53838
Feedback: 0.66
Received=	0.34189
Feedback: 0.66
Received=	0.065331
Feedback: 0.66
Received=	0.34293
Feedback: 0.66
Received=	0.10505
Feedback: 0.66
Received=	-0.31648
Feedback: 0.66
Received=	-0.13819
Feedback: 0.66
Received=	-0.21025
Feedback: 0.66
Received=	0.060603
Feedback: 0.66
Received=	0.29961
Feedback: 0.66
Received=	-0.0050426
Feedback: 0.66
Received=	-0.038179
Feedback: 0.66
Received=	0.19852
Feedback: 0.66
Received=	0.37805
Feedback: 0.66
Received=	0.10214
Feedback: 0.66
Received=	-0.048609
Feedback: 0.66
Received=	0.049999
Feedback: 0.66
Received=	-0.042421
Feedback: 0.66
Received=	-0.20683
=====  17:7:17 - NF  ============
Feedback: 0.77023
Received=	-0.38532
Feedback: 0.9
Received=	-0.40186
Feedback: 0.9
Received=	-0.45161
Feedback: 0.9
Received=	-0.47576
Feedback: 0.9
Received=	-0.38426
Feedback: 0.9
Received=	-0.13684
Feedback: 0.70726
Received=	-0.23501
Feedback: 0.79558
Received=	-0.10121
Feedback: 0.6752
Received=	-0.043474
Feedback: 0.62325
Received=	-0.091399
Feedback: 0.66637
Received=	-0.037976
Feedback: 0.61831
Received=	0.067392
Feedback: 0.52351
Received=	-0.066431
Feedback: 0.64391
Received=	-0.14992
Feedback: 0.71903
Received=	-0.35471
Feedback: 0.9
Received=	-0.19672
Feedback: 0.76114
Received=	-0.14343
Feedback: 0.71319
Received=	-0.27483
Feedback: 0.83141
Received=	-0.19294
Feedback: 0.75773
Received=	-0.076139
Feedback: 0.65264
Received=	-0.21358
Feedback: 0.7763
Received=	-0.031399
Feedback: 0.61239
Received=	-0.012635
Feedback: 0.59551
Received=	-0.041224
Feedback: 0.62123
Received=	-0.23413
Feedback: 0.79479
Received=	-0.24369
Feedback: 0.8034
Received=	-0.28897
Feedback: 0.84414
Received=	-0.39913
Feedback: 0.9
Received=	-0.38659
Feedback: 0.9
Received=	-0.19284
Feedback: 0.75764
Received=	0.058409
Feedback: 0.53159
Received=	0.33461
Feedback: 0.28308
Received=	0.54343
Feedback: 0.1
Received=	0.40787
Feedback: 0.21717
Received=	0.052517
Feedback: 0.53689
Received=	-0.0075756
Feedback: 0.59096
Received=	0.078206
Feedback: 0.51378
Received=	0.23082
Feedback: 0.37647
Received=	-0.038347
Feedback: 0.61864
Received=	-0.18073
Feedback: 0.74674
Received=	0.0070173
Feedback: 0.57783
Received=	-0.0023085
Feedback: 0.58622
Received=	0.096697
Feedback: 0.49714
Received=	-0.49701
Feedback: 0.9
Received=	-0.70525
Feedback: 0.9
Received=	-0.02309
Feedback: 0.60491
Received=	0.35279
Feedback: 0.26673
Received=	0.073257
Feedback: 0.51823
Received=	-0.22158
Feedback: 0.78351
Received=	-0.22311
Feedback: 0.78487
Received=	-0.094219
Feedback: 0.66891
Received=	0.17541
Feedback: 0.42632
Received=	0.25291
Feedback: 0.35659
Received=	-0.22776
Feedback: 0.78906
Received=	-0.28513
Feedback: 0.84068
Received=	0.095148
Feedback: 0.49853
Received=	0.21808
Feedback: 0.38793
Received=	0.13943
Feedback: 0.45869
Received=	-0.10873
Feedback: 0.68197
Calculated range:	[(-2.000000) - (2.000000)]
Success index = (-0.815716)
Received=	-0.026188
=====  17:10:17 - BASE  ============
Feedback: 0.66
Received=	-0.15507
Feedback: 0.66
Received=	-0.30914
Feedback: 0.66
Received=	-0.35642
Feedback: 0.66
Received=	0.23635
Feedback: 0.66
Received=	0.17844
Feedback: 0.66
Received=	-0.39368
Feedback: 0.66
Received=	-0.55255
Feedback: 0.66
Received=	-0.0079959
Feedback: 0.66
Received=	0.50024
Feedback: 0.66
Received=	0.10072
Feedback: 0.66
Received=	-0.050261
Feedback: 0.66
Received=	0.17642
Feedback: 0.66
Received=	0.25641
Feedback: 0.66
Received=	0.26654
Feedback: 0.66
Received=	-0.1306
Feedback: 0.66
Received=	-0.18003
Feedback: 0.66
Received=	0.11063
Feedback: 0.66
Received=	0.080451
Feedback: 0.66
Received=	0.014371
Feedback: 0.66
Received=	-0.0085651
=====  17:11:17 - NF  ============
Feedback: 0.50382
Received=	-0.18163
Feedback: 0.63048
Received=	-0.25068
Feedback: 0.68101
Received=	-0.13516
Feedback: 0.59647
Received=	-0.072929
Feedback: 0.55093
Received=	-0.095688
Feedback: 0.56758
Received=	-0.11788
Feedback: 0.58383
Received=	-0.34669
Feedback: 0.75127
Received=	-0.42438
Feedback: 0.80813
Received=	-0.2711
Feedback: 0.69596
Received=	-0.29612
Feedback: 0.71427
Received=	-0.11369
Feedback: 0.58076
Received=	-0.19166
Feedback: 0.63782
Received=	-0.0043494
Feedback: 0.50074
Received=	0.28085
Feedback: 0.29203
Received=	0.17072
Feedback: 0.37262
Received=	0.049197
Feedback: 0.46155
Received=	-0.078236
Feedback: 0.55481
Received=	-0.21638
Feedback: 0.65591
Received=	-0.38912
Feedback: 0.78233
Received=	-0.2504
Feedback: 0.68081
Received=	0.048227
Feedback: 0.46226
Received=	-0.092781
Feedback: 0.56546
Received=	-0.55549
Feedback: 0.9
Received=	-0.42772
Feedback: 0.81057
Received=	-0.097629
Feedback: 0.569
Received=	-0.17097
Feedback: 0.62268
Received=	-0.059914
Feedback: 0.5414
Received=	0.31665
Feedback: 0.26583
Received=	-0.11278
Feedback: 0.58009
Received=	-0.35723
Feedback: 0.75898
Received=	-0.1861
Feedback: 0.63375
Received=	-0.24113
Feedback: 0.67402
Received=	-0.3411
Feedback: 0.74718
Received=	-0.31203
Feedback: 0.72591
Received=	0.025722
Feedback: 0.47873
Received=	-0.19766
Feedback: 0.64221
Received=	-0.09529
Feedback: 0.56729
Received=	0.30604
Feedback: 0.27359
Received=	-0.03816
Feedback: 0.52548
Received=	-0.19055
Feedback: 0.63701
Received=	-0.44411
Feedback: 0.82257
Received=	-0.11482
Feedback: 0.58158
Received=	0.031854
Feedback: 0.47425
Received=	-0.015592
Feedback: 0.50897
Received=	-0.0239
Feedback: 0.51505
Received=	0.15295
Feedback: 0.38562
Received=	-0.052561
Feedback: 0.53602
Received=	-0.23499
Feedback: 0.66953
Received=	-0.1063
Feedback: 0.57535
Received=	-0.077097
Feedback: 0.55398
Received=	-0.24144
Feedback: 0.67425
Received=	-0.37093
Feedback: 0.76901
Received=	-0.32794
Feedback: 0.73755
Received=	0.042086
Feedback: 0.46676
Received=	0.23532
Feedback: 0.32534
Received=	-0.1646
Feedback: 0.61801
Received=	0.30198
Feedback: 0.27656
Received=	0.17417
Feedback: 0.3701
Received=	-0.16198
Feedback: 0.6161
Calculated range:	[(-2.000000) - (2.000000)]
Success index = (-0.536325)
closing...
