Direction=-1.000000	; step=1.000000;
Received=	0
Feedback: 0.66
Received=	0
Feedback: 0.66
Received=	0
Feedback: 0.66
Received=	-0.16095
Feedback: 0.66
Received=	-0.19151
Feedback: 0.66
Received=	0.01412
Feedback: 0.66
Received=	-0.015935
Feedback: 0.66
Received=	-0.20483
Feedback: 0.66
Received=	-0.091791
Feedback: 0.66
Received=	-0.35052
Feedback: 0.66
Received=	-0.28154
Feedback: 0.66
Received=	-0.12457
Feedback: 0.66
Received=	-0.10057
Feedback: 0.66
Received=	-0.15842
Feedback: 0.66
Received=	-0.3006
Feedback: 0.66
Received=	-0.18544
Feedback: 0.66
Received=	-0.20874
Feedback: 0.66
Received=	-0.17556
Feedback: 0.66
Received=	-0.17856
Feedback: 0.66
Received=	-0.22831
Feedback: 0.66
Received=	-0.41353
=====  12:43:10 - NF  ============
Feedback: 0.9
Received=	-0.256
Feedback: 0.68601
Received=	-0.092256
Feedback: 0.35659
Received=	-0.13729
Feedback: 0.44719
Received=	-0.17342
Feedback: 0.51989
Received=	-0.083926
Feedback: 0.33983
Received=	-0.031574
Feedback: 0.23451
Received=	-0.30298
Feedback: 0.78053
Received=	-0.24723
Feedback: 0.66836
Received=	-0.046507
Feedback: 0.26455
Received=	0.3362
Feedback: 0.1
Received=	0.15916
Feedback: 0.1
Received=	0.044523
Feedback: 0.1
Received=	-0.16029
Feedback: 0.49347
Received=	-0.16261
Feedback: 0.49812
Received=	-0.21342
Feedback: 0.60035
Received=	-0.3352
Feedback: 0.84536
Received=	-0.36552
Feedback: 0.9
Received=	-0.051559
Feedback: 0.27471
Received=	0.13269
Feedback: 0.1
Received=	0.080837
Feedback: 0.1
Received=	-0.098738
Feedback: 0.36963
Received=	0.038108
Feedback: 0.1
Received=	0.06248
Feedback: 0.1
Received=	-0.0089627
Feedback: 0.18902
Received=	0.10404
Feedback: 0.1
Received=	0.056013
Feedback: 0.1
Received=	-0.35758
Feedback: 0.89037
Received=	-0.43793
Feedback: 0.9
Received=	-0.26002
Feedback: 0.6941
Received=	0.094519
Feedback: 0.1
Received=	0.14333
Feedback: 0.1
Received=	-0.057453
Feedback: 0.28657
Received=	-0.12614
Feedback: 0.42476
Received=	0.076246
Feedback: 0.1
Received=	0.20524
Feedback: 0.1
Received=	0.13771
Feedback: 0.1
Received=	0.12445
Feedback: 0.1
Received=	-0.13118
Feedback: 0.43489
Received=	-0.2868
Feedback: 0.74797
Received=	-0.086176
Feedback: 0.34436
Received=	0.0026995
Feedback: 0.16555
Received=	0.18959
Feedback: 0.1
Received=	0.14837
Feedback: 0.1
Received=	-0.0034067
Feedback: 0.17784
Received=	-0.1156
Feedback: 0.40356
Received=	-0.04614
Feedback: 0.26381
Received=	0.070169
Feedback: 0.1
Received=	0.087431
Feedback: 0.1
Received=	0.035721
Feedback: 0.1
Received=	-0.073343
Feedback: 0.31854
Received=	-0.10154
Feedback: 0.37526
Received=	-0.25302
Feedback: 0.68002
Received=	-0.18549
Feedback: 0.54417
Received=	-0.23702
Feedback: 0.64784
Received=	-0.31079
Feedback: 0.79625
Received=	-0.18848
Feedback: 0.55017
Received=	-0.090009
Feedback: 0.35207
Received=	0.08286
Feedback: 0.1
Received=	-0.092829
Feedback: 0.35774
Calculated range:	[(-2.000000) - (2.000000)]
Success index = (0.602258)
Received=	-0.055857
=====  12:46:10 - BASE  ============
Feedback: 0.66
Received=	0.18324
Feedback: 0.66
Received=	0.34055
Feedback: 0.66
Received=	-0.013112
Feedback: 0.66
Received=	0.13848
Feedback: 0.66
Received=	0.10353
Feedback: 0.66
Received=	-0.14793
Feedback: 0.66
Received=	-0.093788
Feedback: 0.66
Received=	0.12224
Feedback: 0.66
Received=	0.041945
Feedback: 0.66
Received=	0.11342
Feedback: 0.66
Received=	0.098656
Feedback: 0.66
Received=	0.21921
Feedback: 0.66
Received=	0.19936
Feedback: 0.66
Received=	0.02804
Feedback: 0.66
Received=	0.18342
Feedback: 0.66
Received=	0.23917
Feedback: 0.66
Received=	0.13926
Feedback: 0.66
Received=	-0.13923
Feedback: 0.66
Received=	0.074489
Feedback: 0.66
Received=	0.099226
=====  12:47:10 - NF  ============
Feedback: 0.48821
Received=	0.19079
Feedback: 0.34775
Received=	0.19385
Feedback: 0.34305
Received=	0.054557
Feedback: 0.55674
Received=	0.041263
Feedback: 0.57713
Received=	-0.089956
Feedback: 0.77843
Received=	-0.25286
Feedback: 0.9
Received=	-0.13573
Feedback: 0.84866
Received=	-0.02684
Feedback: 0.6816
Received=	-0.078145
Feedback: 0.76031
Received=	-0.01363
Feedback: 0.66134
Received=	0.20551
Feedback: 0.32517
Received=	0.16997
Feedback: 0.37968
Received=	0.029
Feedback: 0.59594
Received=	0.10178
Feedback: 0.48428
Received=	0.12084
Feedback: 0.45505
Received=	0.015064
Feedback: 0.61732
Received=	-0.21889
Feedback: 0.9
Received=	-0.23439
Feedback: 0.9
Received=	-0.14986
Feedback: 0.87033
Received=	-0.20787
Feedback: 0.9
Received=	-0.15592
Feedback: 0.87962
Received=	-0.32261
Feedback: 0.9
Received=	-0.1575
Feedback: 0.88205
Received=	-0.16748
Feedback: 0.89736
Received=	-0.10745
Feedback: 0.80527
Received=	0.024347
Feedback: 0.60308
Received=	0.27684
Feedback: 0.21574
Received=	0.21163
Feedback: 0.31577
Received=	0.050478
Feedback: 0.56299
Received=	0.32112
Feedback: 0.14781
Received=	0.28983
Feedback: 0.19581
Received=	0.25519
Feedback: 0.24895
Received=	0.40064
Feedback: 0.1
Received=	0.13436
Feedback: 0.43432
Received=	0.005639
Feedback: 0.63178
Received=	-0.001903
Feedback: 0.64335
Received=	0.042981
Feedback: 0.57449
Received=	-0.087041
Feedback: 0.77396
Received=	-0.012114
Feedback: 0.65901
Received=	0.17288
Feedback: 0.37522
Received=	0.24528
Feedback: 0.26416
Received=	0.16054
Feedback: 0.39414
Received=	0.12595
Feedback: 0.44721
Received=	0.098643
Feedback: 0.4891
Received=	0.15359
Feedback: 0.40482
Received=	-0.07043
Feedback: 0.74847
Received=	-0.12833
Feedback: 0.8373
Received=	-0.13837
Feedback: 0.85269
Received=	-0.11957
Feedback: 0.82385
Received=	0.11726
Feedback: 0.46054
Received=	-0.0084755
Feedback: 0.65343
Received=	-0.1971
Feedback: 0.9
Received=	-0.171
Feedback: 0.9
Received=	-0.10462
Feedback: 0.80093
Received=	-0.30268
Feedback: 0.9
Received=	-0.29551
Feedback: 0.9
Received=	-0.27405
Feedback: 0.9
Received=	-0.0647
Feedback: 0.73968
Received=	-0.033641
Feedback: 0.69204
Calculated range:	[(-2.000000) - (2.000000)]
Success index = (-0.561013)
Received=	0.096415
=====  12:50:10 - BASE  ============
Feedback: 0.66
Received=	0.11609
Feedback: 0.66
Received=	0.20343
Feedback: 0.66
Received=	0.11687
Feedback: 0.66
Received=	0.071077
Feedback: 0.66
Received=	0.14552
Feedback: 0.66
Received=	0.14746
Feedback: 0.66
Received=	0.069309
Feedback: 0.66
Received=	0.2325
Feedback: 0.66
Received=	-0.20422
Feedback: 0.66
Received=	-0.45013
Feedback: 0.66
Received=	-0.28074
Feedback: 0.66
Received=	-0.034359
Feedback: 0.66
Received=	0.22896
Feedback: 0.66
Received=	0.26184
Feedback: 0.66
Received=	0.33844
Feedback: 0.66
Received=	-0.0051885
Feedback: 0.66
Received=	0.21078
Feedback: 0.66
Received=	0.11565
Feedback: 0.66
Received=	0.09605
Feedback: 0.66
Received=	-0.18106
=====  12:51:10 - NF  ============
Feedback: 0.74761
Received=	-0.069091
Feedback: 0.63726
Received=	-0.21311
Feedback: 0.77919
Received=	-0.15877
Feedback: 0.72564
Received=	-0.093091
Feedback: 0.66091
Received=	0.061375
Feedback: 0.50868
Received=	0.19539
Feedback: 0.3766
Received=	0.01919
Feedback: 0.55025
Received=	0.058658
Feedback: 0.51136
Received=	0.17344
Feedback: 0.39823
Received=	0.24817
Feedback: 0.32458
Received=	0.062272
Feedback: 0.50779
Received=	0.057884
Feedback: 0.51212
Received=	-0.011551
Feedback: 0.58055
Received=	-0.0025981
Feedback: 0.57173
Received=	0.011819
Feedback: 0.55752
Received=	-0.13922
Feedback: 0.70637
Received=	-0.165
Feedback: 0.73178
Received=	-0.032134
Feedback: 0.60083
Received=	-0.060804
Feedback: 0.62909
Received=	-0.10166
Feedback: 0.66935
Received=	-0.083573
Feedback: 0.65153
Received=	-0.03996
Feedback: 0.60855
Received=	0.16461
Feedback: 0.40694
Received=	0.084184
Feedback: 0.4862
Received=	0.22926
Feedback: 0.34322
Received=	0.17394
Feedback: 0.39774
Received=	-0.046874
Feedback: 0.61536
Received=	-0.1765
Feedback: 0.74311
Received=	-0.041301
Feedback: 0.60987
Received=	0.014016
Feedback: 0.55535
Received=	-0.093892
Feedback: 0.6617
Received=	-0.12028
Feedback: 0.68771
Received=	-0.13164
Feedback: 0.69891
Received=	-0.078129
Feedback: 0.64616
Received=	0.1804
Feedback: 0.39137
Received=	0.27228
Feedback: 0.30082
Received=	0.37419
Feedback: 0.20039
Received=	0.40724
Feedback: 0.16782
Received=	0.36195
Feedback: 0.21245
Received=	0.2832
Feedback: 0.29006
Received=	0.79869
Feedback: 0.1
Received=	0.77374
Feedback: 0.1
Received=	0.39033
Feedback: 0.18449
Received=	0.051329
Feedback: 0.51858
Received=	0.067175
Feedback: 0.50296
Received=	0.1105
Feedback: 0.46026
Received=	0.43133
Feedback: 0.14407
Received=	0.36513
Feedback: 0.20931
Received=	0.3021
Feedback: 0.27144
Received=	0.25516
Feedback: 0.3177
Received=	0.52549
Feedback: 0.1
Received=	0.29386
Feedback: 0.27956
Received=	0.0073379
Feedback: 0.56193
Received=	0.099523
Feedback: 0.47108
Received=	0.012387
Feedback: 0.55696
Received=	0.040765
Feedback: 0.52899
Received=	-0.043276
Feedback: 0.61182
Received=	-0.055506
Feedback: 0.62387
Received=	0.021949
Feedback: 0.54753
Calculated range:	[(-2.000000) - (2.000000)]
Success index = (0.125868)
Received=	0.15744
=====  12:54:10 - BASE  ============
Feedback: 0.66
Received=	0.18459
Feedback: 0.66
Received=	0.11202
Feedback: 0.66
Received=	0.22107
Feedback: 0.66
Received=	0.23608
Feedback: 0.66
Received=	0.20786
Feedback: 0.66
Received=	0.26292
Feedback: 0.66
Received=	0.18752
Feedback: 0.66
Received=	0.1916
Feedback: 0.66
Received=	0.035683
Feedback: 0.66
Received=	-0.17013
Feedback: 0.66
Received=	-0.19731
Feedback: 0.66
Received=	-0.10592
Feedback: 0.66
Received=	0.15587
Feedback: 0.66
Received=	0.58919
Feedback: 0.66
Received=	0.14795
Feedback: 0.66
Received=	-0.11353
Feedback: 0.66
Received=	-0.026821
Feedback: 0.66
Received=	0.15734
Feedback: 0.66
Received=	0.39933
Feedback: 0.66
Received=	0.40409
=====  12:55:10 - NF  ============
Feedback: 0.22346
Received=	0.44876
Feedback: 0.17883
Received=	0.0033326
Feedback: 0.62381
Received=	0.058221
Feedback: 0.56897
Received=	0.080848
Feedback: 0.54637
Received=	0.15553
Feedback: 0.47176
Received=	-0.0097248
Feedback: 0.63685
Received=	0.004676
Feedback: 0.62246
Received=	0.04346
Feedback: 0.58372
Received=	0.032359
Feedback: 0.59481
Received=	-0.10701
Feedback: 0.73403
Received=	-0.049858
Feedback: 0.67694
Received=	-0.027284
Feedback: 0.65439
Received=	-0.097525
Feedback: 0.72456
Received=	-0.024983
Feedback: 0.65209
Received=	0.22308
Feedback: 0.40428
Received=	0.17927
Feedback: 0.44805
Received=	0.17229
Feedback: 0.45502
Received=	0.22959
Feedback: 0.39777
Received=	0.096401
Feedback: 0.53083
Received=	-0.24077
Feedback: 0.86766
Received=	-0.27026
Feedback: 0.89713
Received=	0.11802
Feedback: 0.50923
Received=	0.028831
Feedback: 0.59833
Received=	0.13225
Feedback: 0.49502
Received=	0.1531
Feedback: 0.47419
Received=	0.273
Feedback: 0.35441
Received=	0.32978
Feedback: 0.29769
Received=	0.28429
Feedback: 0.34313
Received=	0.016902
Feedback: 0.61025
Received=	-0.091296
Feedback: 0.71834
Received=	-0.0030519
Feedback: 0.63018
Received=	0.015632
Feedback: 0.61152
Received=	0.048954
Feedback: 0.57823
Received=	-0.17752
Feedback: 0.80447
Received=	-0.36867
Feedback: 0.9
Received=	-0.14563
Feedback: 0.77262
Received=	-0.018682
Feedback: 0.6458
Received=	0.071248
Feedback: 0.55596
Received=	-0.082813
Feedback: 0.70987
Received=	-0.38546
Feedback: 0.9
Received=	-0.36136
Feedback: 0.9
Received=	0.00099033
Feedback: 0.62615
Received=	-0.033772
Feedback: 0.66087
Received=	-0.090523
Feedback: 0.71757
Received=	-0.24108
Feedback: 0.86798
Received=	-0.20516
Feedback: 0.83209
Received=	-0.29535
Feedback: 0.9
Received=	-0.10964
Feedback: 0.73666
Received=	0.0044317
Feedback: 0.62271
Received=	0.16495
Feedback: 0.46235
Received=	0.045852
Feedback: 0.58133
Received=	-0.047297
Feedback: 0.67438
Received=	0.16106
Feedback: 0.46623
Received=	0.11026
Feedback: 0.51698
Received=	-0.14581
Feedback: 0.7728
Received=	-0.16966
Feedback: 0.79663
Received=	-0.12167
Feedback: 0.74869
Received=	-0.157
Feedback: 0.78398
Received=	-0.17835
Feedback: 0.80531
Calculated range:	[(-2.000000) - (2.000000)]
Success index = (-0.700007)
Received=	-0.0017926
=====  12:58:10 - BASE  ============
Feedback: 0.66
Received=	0.12707
Feedback: 0.66
Received=	0.054383
Feedback: 0.66
Received=	-0.039063
Feedback: 0.66
Received=	0.048057
Feedback: 0.66
Received=	0.18981
Feedback: 0.66
Received=	-0.026855
Feedback: 0.66
Received=	-0.22528
Feedback: 0.66
Received=	-0.10814
Feedback: 0.66
Received=	-0.13385
Feedback: 0.66
Received=	-0.022759
Feedback: 0.66
Received=	-0.034581
Feedback: 0.66
Received=	0.076456
Feedback: 0.66
Received=	-0.033375
Feedback: 0.66
Received=	0.0037874
Feedback: 0.66
Received=	0.13419
Feedback: 0.66
Received=	0.15289
Feedback: 0.66
Received=	0.10577
Feedback: 0.66
Received=	0.18857
Feedback: 0.66
Received=	0.13468
Feedback: 0.66
Received=	0.21744
=====  12:59:10 - NF  ============
Feedback: 0.16824
Received=	0.50882
Feedback: 0.1
Received=	0.53605
Feedback: 0.1
Received=	0.22909
Feedback: 0.14808
Received=	-0.14876
Feedback: 0.80224
Received=	-0.18888
Feedback: 0.87171
Received=	-0.087143
Feedback: 0.69557
Received=	-0.003312
Feedback: 0.55043
Received=	-0.045768
Feedback: 0.62393
Received=	0.13839
Feedback: 0.3051
Received=	0.1022
Feedback: 0.36776
Received=	0.20857
Feedback: 0.18359
Received=	0.20897
Feedback: 0.1829
Received=	-0.040664
Feedback: 0.6151
Received=	-0.15935
Feedback: 0.82058
Received=	-0.078882
Feedback: 0.68127
Received=	-0.024045
Feedback: 0.58633
Received=	-0.13001
Feedback: 0.76979
Received=	-0.20997
Feedback: 0.9
Received=	-0.015972
Feedback: 0.57235
Received=	0.076885
Feedback: 0.41158
Received=	0.20808
Feedback: 0.18445
Received=	0.41579
Feedback: 0.1
Received=	0.21864
Feedback: 0.16616
Received=	-0.18997
Feedback: 0.87359
Received=	-0.23087
Feedback: 0.9
Received=	-0.097927
Feedback: 0.71424
Received=	-0.024201
Feedback: 0.5866
Received=	-0.024817
Feedback: 0.58766
Received=	-0.075258
Feedback: 0.67499
Received=	-0.34532
Feedback: 0.9
Received=	-0.32451
Feedback: 0.9
Received=	-0.30101
Feedback: 0.9
Received=	-0.34048
Feedback: 0.9
Received=	0.095192
Feedback: 0.37989
Received=	0.19265
Feedback: 0.21116
Received=	-0.14269
Feedback: 0.79174
Received=	-0.4231
Feedback: 0.9
Received=	-0.30595
Feedback: 0.9
Received=	-0.0021687
Feedback: 0.54845
Received=	0.089403
Feedback: 0.38991
Received=	0.093628
Feedback: 0.3826
Received=	-0.020397
Feedback: 0.58001
Received=	-0.1042
Feedback: 0.7251
Received=	-0.17907
Feedback: 0.85473
Received=	-0.064251
Feedback: 0.65594
Received=	0.093997
Feedback: 0.38196
Received=	0.032401
Feedback: 0.4886
Received=	-0.25499
Feedback: 0.9
Received=	-0.26869
Feedback: 0.9
Received=	0.0095516
Feedback: 0.52816
Received=	-0.015731
Feedback: 0.57193
Received=	-0.16855
Feedback: 0.83651
Received=	-0.16398
Feedback: 0.8286
Received=	-0.16669
Feedback: 0.83329
Received=	-0.28515
Feedback: 0.9
Received=	0.059469
Feedback: 0.44174
Received=	-0.14872
Feedback: 0.80218
Received=	-0.14734
Feedback: 0.79979
Received=	-0.077862
Feedback: 0.6795
Calculated range:	[(-2.000000) - (2.000000)]
Success index = (-0.351239)
closing...
