Direction=-1.000000	; step=1.000000;
Received=	0
Feedback: 0.66
Received=	0
Feedback: 0.66
Received=	0
Feedback: 0.66
Received=	0.17155
Feedback: 0.66
Received=	0.32565
Feedback: 0.66
Received=	0.065639
Feedback: 0.66
Received=	0.10196
Feedback: 0.66
Received=	0.15247
Feedback: 0.66
Received=	0.22357
Feedback: 0.66
Received=	0.24373
Feedback: 0.66
Received=	0.18932
Feedback: 0.66
Received=	0.18757
Feedback: 0.66
Received=	0.019161
Feedback: 0.66
Received=	0.018914
Feedback: 0.66
Received=	-0.087728
Feedback: 0.66
Received=	-0.010291
Feedback: 0.66
Received=	0.049747
Feedback: 0.66
Received=	-0.028399
Feedback: 0.66
Received=	-0.20922
Feedback: 0.66
Received=	-0.30777
Feedback: 0.66
Received=	-0.020872
=====  11:6:4 - NF  ============
Feedback: 0.60277
Received=	0.14802
Feedback: 0.3919
Received=	0.15051
Feedback: 0.38878
Received=	0.17146
Feedback: 0.36263
Received=	0.36381
Feedback: 0.12247
Received=	0.49501
Feedback: 0.1
Received=	0.38623
Feedback: 0.1
Received=	-0.013354
Feedback: 0.59338
Received=	-0.28899
Feedback: 0.9
Received=	-0.010382
Feedback: 0.58967
Received=	0.053691
Feedback: 0.50967
Received=	0.14765
Feedback: 0.39236
Received=	0.22829
Feedback: 0.29168
Received=	0.37122
Feedback: 0.11322
Received=	0.33533
Feedback: 0.15802
Received=	0.11588
Feedback: 0.43203
Received=	-0.21013
Feedback: 0.83907
Received=	0.01152
Feedback: 0.56232
Received=	0.19835
Feedback: 0.32906
Received=	0.2338
Feedback: 0.28479
Received=	0.19528
Feedback: 0.33289
Received=	0.10131
Feedback: 0.45022
Received=	0.034724
Feedback: 0.53335
Received=	0.0035768
Feedback: 0.57224
Received=	0.29674
Feedback: 0.20621
Received=	0.44373
Feedback: 0.1
Received=	0.22156
Feedback: 0.30008
Received=	0.033309
Feedback: 0.53512
Received=	-0.11383
Feedback: 0.71883
Received=	0.1552
Feedback: 0.38293
Received=	0.42678
Feedback: 0.1
Received=	0.57744
Feedback: 0.1
Received=	0.22407
Feedback: 0.29694
Received=	-0.062059
Feedback: 0.65419
Received=	0.20752
Feedback: 0.31761
Received=	0.3228
Feedback: 0.17367
Received=	0.17564
Feedback: 0.35741
Received=	-0.18124
Feedback: 0.803
Received=	-0.26144
Feedback: 0.9
Received=	-0.26023
Feedback: 0.9
Received=	-0.20506
Feedback: 0.83273
Received=	0.026141
Feedback: 0.54407
Received=	0.16995
Feedback: 0.36452
Received=	0.13759
Feedback: 0.40492
Received=	0.26166
Feedback: 0.25001
Received=	0.091564
Feedback: 0.46239
Received=	-0.12011
Feedback: 0.72668
Received=	-0.34268
Feedback: 0.9
Received=	-0.21837
Feedback: 0.84936
Received=	-0.10461
Feedback: 0.70732
Received=	0.17649
Feedback: 0.35635
Received=	0.10604
Feedback: 0.44431
Received=	-0.15689
Feedback: 0.77259
Received=	0.016797
Feedback: 0.55574
Received=	0.16879
Feedback: 0.36597
Received=	0.020857
Feedback: 0.55067
Received=	-0.10466
Feedback: 0.70738
Received=	-0.084485
Feedback: 0.68219
Received=	-0.026187
Feedback: 0.60941
Received=	-0.062809
Feedback: 0.65513
Calculated range:	[(-2.000000) - (2.000000)]
Success index = (0.124871)
Received=	-0.019653
=====  11:9:4 - BASE  ============
Feedback: 0.66
Received=	0.29693
Feedback: 0.66
Received=	0.43337
Feedback: 0.66
Received=	0.23277
Feedback: 0.66
Received=	-0.094197
Feedback: 0.66
Received=	-0.096872
Feedback: 0.66
Received=	-0.010463
Feedback: 0.66
Received=	-0.1884
Feedback: 0.66
Received=	-0.32014
Feedback: 0.66
Received=	-0.13081
Feedback: 0.66
Received=	-0.11546
Feedback: 0.66
Received=	0.055102
Feedback: 0.66
Received=	-0.015968
Feedback: 0.66
Received=	-0.025415
Feedback: 0.66
Received=	0.097713
Feedback: 0.66
Received=	0.11001
Feedback: 0.66
Received=	-0.0061589
Feedback: 0.66
Received=	-0.19512
Feedback: 0.66
Received=	-0.0027709
Feedback: 0.66
Received=	0.02152
Feedback: 0.66
Received=	0.095638
=====  11:10:4 - NF  ============
Feedback: 0.37082
Received=	0.12262
Feedback: 0.33901
Received=	0.2379
Feedback: 0.20313
Received=	0.15151
Feedback: 0.30496
Received=	0.15054
Feedback: 0.3061
Received=	0.017324
Feedback: 0.46313
Received=	0.0047152
Feedback: 0.47799
Received=	0.21045
Feedback: 0.23549
Received=	0.42946
Feedback: 0.1
Received=	0.47721
Feedback: 0.1
Received=	0.48793
Feedback: 0.1
Received=	0.49358
Feedback: 0.1
Received=	0.36793
Feedback: 0.1
Received=	0.30115
Feedback: 0.12859
Received=	0.4685
Feedback: 0.1
Received=	0.21033
Feedback: 0.23563
Received=	-0.046847
Feedback: 0.53876
Received=	-0.16002
Feedback: 0.67216
Received=	0.088409
Feedback: 0.37934
Received=	0.10557
Feedback: 0.35911
Received=	-0.023778
Feedback: 0.51157
Received=	-0.047643
Feedback: 0.5397
Received=	-0.045883
Feedback: 0.53763
Received=	-0.028982
Feedback: 0.51771
Received=	0.10576
Feedback: 0.35889
Received=	0.096403
Feedback: 0.36991
Received=	-0.0065888
Feedback: 0.49131
Received=	0.036833
Feedback: 0.44013
Received=	0.20781
Feedback: 0.23861
Received=	0.25179
Feedback: 0.18676
Received=	0.075812
Feedback: 0.39419
Received=	-0.074507
Feedback: 0.57137
Received=	-0.20726
Feedback: 0.72785
Received=	0.13024
Feedback: 0.33004
Received=	0.10575
Feedback: 0.35889
Received=	-0.027387
Feedback: 0.51583
Received=	-0.3333
Feedback: 0.8764
Received=	-0.32033
Feedback: 0.86111
Received=	-0.25158
Feedback: 0.78009
Received=	-0.10487
Feedback: 0.60716
Received=	0.052561
Feedback: 0.42159
Received=	-0.1117
Feedback: 0.6152
Received=	0.12362
Feedback: 0.33783
Received=	0.22897
Feedback: 0.21366
Received=	0.17568
Feedback: 0.27647
Received=	0.36729
Feedback: 0.1
Received=	0.35104
Feedback: 0.1
Received=	0.36392
Feedback: 0.1
Received=	0.05646
Feedback: 0.417
Received=	0.073614
Feedback: 0.39678
Received=	0.12206
Feedback: 0.33968
Received=	0.075365
Feedback: 0.39471
Received=	-0.065876
Feedback: 0.56119
Received=	-0.0055826
Feedback: 0.49012
Received=	0.093626
Feedback: 0.37319
Received=	0.080373
Feedback: 0.38881
Received=	-0.091727
Feedback: 0.59166
Received=	-0.074584
Feedback: 0.57146
Received=	0.074478
Feedback: 0.39576
Received=	0.41427
Feedback: 0.1
Calculated range:	[(-2.000000) - (2.000000)]
Success index = (0.607794)
Received=	0.51803
=====  11:13:4 - BASE  ============
Feedback: 0.66
Received=	0.19916
Feedback: 0.66
Received=	-0.075881
Feedback: 0.66
Received=	-0.14493
Feedback: 0.66
Received=	0.0033154
Feedback: 0.66
Received=	0.10781
Feedback: 0.66
Received=	-0.081006
Feedback: 0.66
Received=	0.018384
Feedback: 0.66
Received=	0.029456
Feedback: 0.66
Received=	0.10398
Feedback: 0.66
Received=	0.113
Feedback: 0.66
Received=	0.17258
Feedback: 0.66
Received=	0.16222
Feedback: 0.66
Received=	0.1777
Feedback: 0.66
Received=	-0.0053399
Feedback: 0.66
Received=	0.12716
Feedback: 0.66
Received=	0.09371
Feedback: 0.66
Received=	-0.25427
Feedback: 0.66
Received=	-0.20199
Feedback: 0.66
Received=	-0.17483
Feedback: 0.66
Received=	0.079314
=====  11:14:4 - NF  ============
Feedback: 0.39772
Received=	0.1857
Feedback: 0.24185
Received=	0.053232
Feedback: 0.43593
Received=	0.011689
Feedback: 0.4968
Received=	0.16939
Feedback: 0.26575
Received=	0.20398
Feedback: 0.21508
Received=	0.13647
Feedback: 0.31398
Received=	-0.0066032
Feedback: 0.5236
Received=	-0.23591
Feedback: 0.85955
Received=	-0.32622
Feedback: 0.9
Received=	-0.18422
Feedback: 0.78382
Received=	0.09859
Feedback: 0.36948
Received=	0.17057
Feedback: 0.26402
Received=	0.069097
Feedback: 0.41269
Received=	-0.074742
Feedback: 0.62343
Received=	-0.050298
Feedback: 0.58762
Received=	0.14789
Feedback: 0.29726
Received=	0.038449
Feedback: 0.45759
Received=	0.11695
Feedback: 0.34258
Received=	0.052356
Feedback: 0.43722
Received=	0.042681
Feedback: 0.45139
Received=	0.112
Feedback: 0.34983
Received=	-0.1474
Feedback: 0.72988
Received=	-0.3366
Feedback: 0.9
Received=	-0.31272
Feedback: 0.9
Received=	-0.054258
Feedback: 0.59342
Received=	0.21708
Feedback: 0.19589
Received=	0.17615
Feedback: 0.25585
Received=	0.057852
Feedback: 0.42917
Received=	-0.098679
Feedback: 0.6585
Received=	0.0034047
Feedback: 0.50894
Received=	0.032327
Feedback: 0.46656
Received=	0.038485
Feedback: 0.45754
Received=	0.082149
Feedback: 0.39357
Received=	0.012299
Feedback: 0.49591
Received=	-0.07891
Feedback: 0.62954
Received=	0.0038524
Feedback: 0.50828
Received=	0.14094
Feedback: 0.30743
Received=	0.18024
Feedback: 0.24985
Received=	0.16999
Feedback: 0.26487
Received=	0.30285
Feedback: 0.1
Received=	0.49444
Feedback: 0.1
Received=	0.60446
Feedback: 0.1
Received=	0.3557
Feedback: 0.1
Received=	-0.012967
Feedback: 0.53292
Received=	0.036885
Feedback: 0.45988
Received=	-0.051619
Feedback: 0.58955
Received=	-0.16126
Feedback: 0.75019
Received=	0.078024
Feedback: 0.39961
Received=	0.28316
Feedback: 0.1
Received=	0.084358
Feedback: 0.39033
Received=	-0.084564
Feedback: 0.63782
Received=	-0.048094
Feedback: 0.58439
Received=	0.11044
Feedback: 0.35213
Received=	0.090805
Feedback: 0.38089
Received=	-0.020819
Feedback: 0.54443
Received=	-0.10995
Feedback: 0.67502
Received=	-0.011618
Feedback: 0.53095
Received=	0.026447
Feedback: 0.47518
Received=	0.096924
Feedback: 0.37192
Calculated range:	[(-2.000000) - (2.000000)]
Success index = (0.244792)
Received=	0.041241
=====  11:17:4 - BASE  ============
Feedback: 0.66
Received=	-0.29227
Feedback: 0.66
Received=	-0.39711
Feedback: 0.66
Received=	-0.50195
Feedback: 0.66
Received=	-0.50923
Feedback: 0.66
Received=	-0.16261
Feedback: 0.66
Received=	-0.36166
Feedback: 0.66
Received=	-0.20711
Feedback: 0.66
Received=	0.17234
Feedback: 0.66
Received=	0.30131
Feedback: 0.66
Received=	0.090082
Feedback: 0.66
Received=	0.19729
Feedback: 0.66
Received=	0.22601
Feedback: 0.66
Received=	0.52187
Feedback: 0.66
Received=	0.20162
Feedback: 0.66
Received=	-0.15824
Feedback: 0.66
Received=	0.027568
Feedback: 0.66
Received=	-0.042324
Feedback: 0.66
Received=	-0.23457
Feedback: 0.66
Received=	-0.21073
Feedback: 0.66
Received=	-0.14364
=====  11:18:4 - NF  ============
Feedback: 0.55818
Received=	-0.28813
Feedback: 0.65656
Received=	-0.33743
Feedback: 0.69013
Received=	-0.30704
Feedback: 0.66943
Received=	-0.11206
Feedback: 0.53668
Received=	0.077311
Feedback: 0.40774
Received=	0.082576
Feedback: 0.40415
Received=	-0.12438
Feedback: 0.54507
Received=	-0.1683
Feedback: 0.57497
Received=	-0.093607
Feedback: 0.52411
Received=	-0.21442
Feedback: 0.60638
Received=	-0.09831
Feedback: 0.52732
Received=	0.027397
Feedback: 0.44172
Received=	-0.25807
Feedback: 0.63609
Received=	-0.27459
Feedback: 0.64735
Received=	-0.11521
Feedback: 0.53882
Received=	-0.04981
Feedback: 0.49429
Received=	0.14981
Feedback: 0.35838
Received=	0.097541
Feedback: 0.39396
Received=	0.11841
Feedback: 0.37976
Received=	-0.0097076
Feedback: 0.46699
Received=	-0.13287
Feedback: 0.55085
Received=	-0.33164
Feedback: 0.68619
Received=	-0.39997
Feedback: 0.73271
Received=	-0.081754
Feedback: 0.51604
Received=	0.013717
Feedback: 0.45104
Received=	0.073592
Feedback: 0.41027
Received=	0.067619
Feedback: 0.41434
Received=	0.14106
Feedback: 0.36433
Received=	-0.0029292
Feedback: 0.46237
Received=	-0.045097
Feedback: 0.49108
Received=	-0.11864
Feedback: 0.54116
Received=	-0.18622
Feedback: 0.58717
Received=	0.11274
Feedback: 0.38362
Received=	0.13321
Feedback: 0.36968
Received=	0.01517
Feedback: 0.45005
Received=	0.0467
Feedback: 0.42858
Received=	0.35259
Feedback: 0.2203
Received=	-0.094797
Feedback: 0.52492
Received=	-0.47701
Feedback: 0.78517
Received=	-0.43721
Feedback: 0.75807
Received=	0.05305
Feedback: 0.42426
Received=	0.074789
Feedback: 0.40946
Received=	-0.060531
Feedback: 0.50159
Received=	-0.05516
Feedback: 0.49794
Received=	-0.15134
Feedback: 0.56342
Received=	-0.016554
Feedback: 0.47165
Received=	0.016285
Feedback: 0.44929
Received=	-0.088318
Feedback: 0.52051
Received=	-0.12148
Feedback: 0.54309
Received=	-0.10817
Feedback: 0.53403
Received=	0.044894
Feedback: 0.42981
Received=	-0.040327
Feedback: 0.48784
Received=	-0.1804
Feedback: 0.58321
Received=	-0.17866
Feedback: 0.58202
Received=	-0.34955
Feedback: 0.69838
Received=	-0.35446
Feedback: 0.70173
Received=	-0.11343
Feedback: 0.53761
Received=	0.095945
Feedback: 0.39505
Received=	0.13027
Feedback: 0.37168
Calculated range:	[(-2.000000) - (2.000000)]
Success index = (-0.110645)
Received=	0.17509
=====  11:21:4 - BASE  ============
Feedback: 0.66
Received=	0.071036
Feedback: 0.66
Received=	0.0036429
Feedback: 0.66
Received=	-0.12886
Feedback: 0.66
Received=	-0.044038
Feedback: 0.66
Received=	-0.089102
Feedback: 0.66
Received=	-0.046453
Feedback: 0.66
Received=	0.018703
Feedback: 0.66
Received=	-0.02746
Feedback: 0.66
Received=	0.09586
Feedback: 0.66
Received=	0.22128
Feedback: 0.66
Received=	0.25269
Feedback: 0.66
Received=	0.13724
Feedback: 0.66
Received=	0.0044189
Feedback: 0.66
Received=	-0.03905
Feedback: 0.66
Received=	-0.091067
Feedback: 0.66
Received=	-0.085011
Feedback: 0.66
Received=	0.062127
Feedback: 0.66
Received=	0.17925
Feedback: 0.66
Received=	0.12003
Feedback: 0.66
Received=	0.21129
=====  11:22:4 - NF  ============
Feedback: 0.18284
Received=	0.12609
Feedback: 0.33209
Received=	0.17826
Feedback: 0.2407
Received=	0.21972
Feedback: 0.16807
Received=	0.011828
Feedback: 0.53224
Received=	-0.078855
Feedback: 0.69109
Received=	-0.19769
Feedback: 0.89925
Received=	0.048337
Feedback: 0.46829
Received=	-0.13077
Feedback: 0.78203
Received=	-0.4385
Feedback: 0.9
Received=	-0.32609
Feedback: 0.9
Received=	-0.12462
Feedback: 0.77125
Received=	-0.18565
Feedback: 0.87816
Received=	-0.097501
Feedback: 0.72375
Received=	-0.10929
Feedback: 0.74441
Received=	0.065481
Feedback: 0.43826
Received=	0.14911
Feedback: 0.29177
Received=	0.015604
Feedback: 0.52563
Received=	0.043332
Feedback: 0.47706
Received=	-0.063167
Feedback: 0.66361
Received=	-0.23287
Feedback: 0.9
Received=	-0.013722
Feedback: 0.577
Received=	-0.039369
Feedback: 0.62192
Received=	-0.22544
Feedback: 0.9
Received=	-0.27988
Feedback: 0.9
Received=	-0.19849
Feedback: 0.9
Received=	-0.067041
Feedback: 0.6704
Received=	0.030893
Feedback: 0.49884
Received=	-0.03217
Feedback: 0.60931
Received=	-0.14297
Feedback: 0.8034
Received=	-0.1204
Feedback: 0.76386
Received=	-0.191
Feedback: 0.88754
Received=	-0.11275
Feedback: 0.75046
Received=	-0.012756
Feedback: 0.5753
Received=	0.092306
Feedback: 0.39127
Received=	0.052252
Feedback: 0.46143
Received=	-0.024963
Feedback: 0.59669
Received=	-0.20719
Feedback: 0.9
Received=	-0.29152
Feedback: 0.9
Received=	-0.16121
Feedback: 0.83535
Received=	-0.11801
Feedback: 0.75967
Received=	-0.24905
Feedback: 0.9
Received=	-0.2303
Feedback: 0.9
Received=	-0.079743
Feedback: 0.69265
Received=	-0.044133
Feedback: 0.63027
Received=	0.068684
Feedback: 0.43264
Received=	0.11927
Feedback: 0.34404
Received=	-0.041321
Feedback: 0.62534
Received=	0.18344
Feedback: 0.23163
Received=	0.28868
Feedback: 0.1
Received=	0.10153
Feedback: 0.37512
Received=	-0.12206
Feedback: 0.76677
Received=	-0.051377
Feedback: 0.64296
Received=	-0.16426
Feedback: 0.8407
Received=	-0.15572
Feedback: 0.82573
Received=	-0.083364
Feedback: 0.69899
Received=	-0.06435
Feedback: 0.66568
Received=	-0.20186
Feedback: 0.9
Received=	-0.23336
Feedback: 0.9
Received=	-0.18904
Feedback: 0.88411
Calculated range:	[(-2.000000) - (2.000000)]
Success index = (-0.704386)
closing...
