Direction=-1.000000	; step=1.000000;
Received=	0
Feedback: 0.66
Received=	0
Feedback: 0.66
Received=	0
Feedback: 0.66
Received=	0.36129
Feedback: 0.66
Received=	0.26591
Feedback: 0.66
Received=	0.15818
Feedback: 0.66
Received=	0.28281
Feedback: 0.66
Received=	0.37179
Feedback: 0.66
Received=	0.21519
Feedback: 0.66
Received=	0.27876
Feedback: 0.66
Received=	0.068182
Feedback: 0.66
Received=	0.25138
Feedback: 0.66
Received=	0.1127
Feedback: 0.66
Received=	-0.18044
Feedback: 0.66
Received=	-0.016212
Feedback: 0.66
Received=	0.15685
Feedback: 0.66
Received=	0.29773
Feedback: 0.66
Received=	0.34051
Feedback: 0.66
Received=	0.46723
Feedback: 0.66
Received=	0.37072
Feedback: 0.66
Received=	0.2432
=====  10:16:33 - NF  ============
Feedback: 0.4613
Received=	0.86229
Feedback: 0.1
Received=	0.80837
Feedback: 0.1
Received=	0.42872
Feedback: 0.23659
Received=	0.47061
Feedback: 0.18584
Received=	0.60241
Feedback: 0.1
Received=	0.43565
Feedback: 0.22819
Received=	0.71088
Feedback: 0.1
Received=	0.66201
Feedback: 0.1
Received=	0.52674
Feedback: 0.11785
Received=	0.53308
Feedback: 0.11018
Received=	0.21981
Feedback: 0.48963
Received=	0.78347
Feedback: 0.1
Received=	0.83393
Feedback: 0.1
Received=	0.56385
Feedback: 0.1
Received=	0.12342
Feedback: 0.60639
Received=	0.35142
Feedback: 0.33021
Received=	0.99447
Feedback: 0.1
Received=	0.89048
Feedback: 0.1
Received=	0.59701
Feedback: 0.1
Received=	0.44465
Feedback: 0.21729
Received=	0.73926
Feedback: 0.1
Received=	0.89263
Feedback: 0.1
Received=	0.76713
Feedback: 0.1
Received=	0.49653
Feedback: 0.15445
Received=	0.78671
Feedback: 0.1
Received=	0.71539
Feedback: 0.1
Received=	0.43281
Feedback: 0.23163
Received=	0.70837
Feedback: 0.1
Received=	0.76375
Feedback: 0.1
Received=	0.55579
Feedback: 0.1
Received=	0.5367
Feedback: 0.1058
Received=	0.59044
Feedback: 0.1
Received=	0.49146
Feedback: 0.1606
Received=	0.61051
Feedback: 0.1
Received=	0.3505
Feedback: 0.33133
Received=	0.5811
Feedback: 0.1
Received=	0.47633
Feedback: 0.17891
Received=	0.50066
Feedback: 0.14944
Received=	0.60843
Feedback: 0.1
Received=	0.21676
Feedback: 0.49332
Received=	0.30887
Feedback: 0.38176
Received=	0.75609
Feedback: 0.1
Received=	1.0941
Feedback: 0.1
Received=	0.75244
Feedback: 0.1
Received=	0.48722
Feedback: 0.16573
Received=	0.67765
Feedback: 0.1
Received=	0.41265
Feedback: 0.25605
Received=	0.26465
Feedback: 0.43532
Received=	0.83047
Feedback: 0.1
Received=	1.2728
Feedback: 0.1
Received=	1.1174
Feedback: 0.1
Received=	0.5664
Feedback: 0.1
Received=	0.094537
Feedback: 0.64138
Received=	0.41435
Feedback: 0.25399
Received=	0.62131
Feedback: 0.1
Received=	0.66248
Feedback: 0.1
Received=	0.41026
Feedback: 0.25895
Received=	0.74029
Feedback: 0.1
Received=	0.65935
Feedback: 0.1
Calculated range:	[(-2.000000) - (2.000000)]
Success index = (1.768950)
Received=	0.39814
=====  10:19:33 - BASE  ============
Feedback: 0.66
Received=	-0.007811
Feedback: 0.66
Received=	0.29175
Feedback: 0.66
Received=	0.40354
Feedback: 0.66
Received=	0.24583
Feedback: 0.66
Received=	0.1002
Feedback: 0.66
Received=	0.27375
Feedback: 0.66
Received=	0.14572
Feedback: 0.66
Received=	0.308
Feedback: 0.66
Received=	0.42783
Feedback: 0.66
Received=	0.24662
Feedback: 0.66
Received=	0.23508
Feedback: 0.66
Received=	0.12006
Feedback: 0.66
Received=	0.26219
Feedback: 0.66
Received=	0.39577
Feedback: 0.66
Received=	0.24989
Feedback: 0.66
Received=	0.18365
Feedback: 0.66
Received=	0.28269
Feedback: 0.66
Received=	0.34385
Feedback: 0.66
Received=	0.35237
Feedback: 0.66
Received=	0.1762
=====  10:20:33 - NF  ============
Feedback: 0.7008
Received=	-0.10349
Feedback: 0.9
Received=	-0.019137
Feedback: 0.9
Received=	0.73573
Feedback: 0.1
Received=	0.98879
Feedback: 0.1
Received=	0.46885
Feedback: 0.1
Received=	0.23738
Feedback: 0.57051
Received=	0.49512
Feedback: 0.1
Received=	0.52035
Feedback: 0.1
Received=	0.39099
Feedback: 0.24336
Received=	0.30482
Feedback: 0.42689
Received=	0.56784
Feedback: 0.1
Received=	0.68688
Feedback: 0.1
Received=	0.59398
Feedback: 0.1
Received=	0.44454
Feedback: 0.1293
Received=	0.32571
Feedback: 0.3824
Received=	0.47987
Feedback: 0.1
Received=	0.82997
Feedback: 0.1
Received=	0.65757
Feedback: 0.1
Received=	0.57134
Feedback: 0.1
Received=	0.45852
Feedback: 0.1
Received=	0.26203
Feedback: 0.51802
Received=	0.46089
Feedback: 0.1
Received=	0.69839
Feedback: 0.1
Received=	0.55883
Feedback: 0.1
Received=	0.36095
Feedback: 0.30734
Received=	0.64286
Feedback: 0.1
Received=	0.58916
Feedback: 0.1
Received=	0.48506
Feedback: 0.1
Received=	0.24027
Feedback: 0.56437
Received=	0.76763
Feedback: 0.1
Received=	0.83592
Feedback: 0.1
Received=	0.4209
Feedback: 0.17966
Received=	0.53637
Feedback: 0.1
Received=	0.31298
Feedback: 0.40951
Received=	0.64241
Feedback: 0.1
Received=	0.5867
Feedback: 0.1
Received=	0.27549
Feedback: 0.48935
Received=	0.32073
Feedback: 0.39301
Received=	0.78243
Feedback: 0.1
Received=	0.78198
Feedback: 0.1
Received=	0.68724
Feedback: 0.1
Received=	0.54993
Feedback: 0.1
Received=	0.62052
Feedback: 0.1
Received=	0.42946
Feedback: 0.16144
Received=	0.2891
Feedback: 0.46036
Received=	1.001
Feedback: 0.1
Received=	0.79341
Feedback: 0.1
Received=	0.53324
Feedback: 0.1
Received=	0.19194
Feedback: 0.66728
Received=	0.59426
Feedback: 0.1
Received=	1.0366
Feedback: 0.1
Received=	0.30074
Feedback: 0.43558
Received=	0.46411
Feedback: 0.1
Received=	0.93474
Feedback: 0.1
Received=	0.71031
Feedback: 0.1
Received=	0.44696
Feedback: 0.12416
Received=	0.3707
Feedback: 0.28658
Received=	0.60589
Feedback: 0.1
Received=	0.55801
Feedback: 0.1
Calculated range:	[(-2.000000) - (2.000000)]
Success index = (1.268162)
Received=	0.29506
=====  10:23:33 - BASE  ============
Feedback: 0.66
Received=	0.40473
Feedback: 0.66
Received=	0.78813
Feedback: 0.66
Received=	0.62557
Feedback: 0.66
Received=	0.27199
Feedback: 0.66
Received=	0.50613
Feedback: 0.66
Received=	0.56022
Feedback: 0.66
Received=	0.42058
Feedback: 0.66
Received=	0.39375
Feedback: 0.66
Received=	-0.010667
Feedback: 0.66
Received=	0.05684
Feedback: 0.66
Received=	0.18105
Feedback: 0.66
Received=	0.18455
Feedback: 0.66
Received=	0.13825
Feedback: 0.66
Received=	0.25018
Feedback: 0.66
Received=	0.54111
Feedback: 0.66
Received=	0.86958
Feedback: 0.66
Received=	0.60533
Feedback: 0.66
Received=	0.23226
Feedback: 0.66
Received=	0.19759
Feedback: 0.66
Received=	0.21035
=====  10:24:33 - NF  ============
Feedback: 0.634
Received=	0.72162
Feedback: 0.22649
Received=	0.7363
Feedback: 0.21479
Received=	0.73618
Feedback: 0.21488
Received=	0.80817
Feedback: 0.1575
Received=	0.37844
Feedback: 0.50002
Received=	0.63842
Feedback: 0.29281
Received=	0.85119
Feedback: 0.12322
Received=	0.31686
Feedback: 0.54911
Received=	0.63638
Feedback: 0.29443
Received=	0.83332
Feedback: 0.13746
Received=	0.62638
Feedback: 0.3024
Received=	0.54236
Feedback: 0.36937
Received=	0.87153
Feedback: 0.107
Received=	0.79877
Feedback: 0.165
Received=	0.52126
Feedback: 0.38619
Received=	0.75701
Feedback: 0.19829
Received=	0.94844
Feedback: 0.1
Received=	0.76724
Feedback: 0.19013
Received=	0.8595
Feedback: 0.11659
Received=	0.67455
Feedback: 0.26401
Received=	0.90784
Feedback: 0.1
Received=	0.79094
Feedback: 0.17124
Received=	0.53249
Feedback: 0.37724
Received=	0.84172
Feedback: 0.13077
Received=	0.76545
Feedback: 0.19156
Received=	0.36119
Feedback: 0.51377
Received=	0.69407
Feedback: 0.24845
Received=	0.95646
Feedback: 0.1
Received=	0.61368
Feedback: 0.31252
Received=	0.62111
Feedback: 0.3066
Received=	1.122
Feedback: 0.1
Received=	0.97161
Feedback: 0.1
Received=	0.34478
Feedback: 0.52685
Received=	0.39131
Feedback: 0.48977
Received=	1.0772
Feedback: 0.1
Received=	0.90344
Feedback: 0.1
Received=	0.49912
Feedback: 0.40383
Received=	0.58157
Feedback: 0.33812
Received=	0.7583
Feedback: 0.19726
Received=	0.6967
Feedback: 0.24636
Received=	0.59534
Feedback: 0.32714
Received=	0.56027
Feedback: 0.35509
Received=	0.66166
Feedback: 0.27428
Received=	0.31107
Feedback: 0.55372
Received=	0.085001
Feedback: 0.73391
Received=	0.61053
Feedback: 0.31503
Received=	1.3906
Feedback: 0.1
Received=	0.80411
Feedback: 0.16074
Received=	0.29212
Feedback: 0.56883
Received=	0.98686
Feedback: 0.1
Received=	1.3127
Feedback: 0.1
Received=	0.91633
Feedback: 0.1
Received=	0.61133
Feedback: 0.3144
Received=	0.95918
Feedback: 0.1
Received=	0.79157
Feedback: 0.17074
Received=	0.5332
Feedback: 0.37667
Received=	0.79719
Feedback: 0.16626
Received=	1.1172
Feedback: 0.1
Received=	0.69309
Feedback: 0.24923
Calculated range:	[(-2.000000) - (2.000000)]
Success index = (1.318928)
Received=	0.5519
=====  10:27:33 - BASE  ============
Feedback: 0.66
Received=	0.52744
Feedback: 0.66
Received=	0.46707
Feedback: 0.66
Received=	0.67818
Feedback: 0.66
Received=	0.81166
Feedback: 0.66
Received=	0.87617
Feedback: 0.66
Received=	0.39937
Feedback: 0.66
Received=	0.11733
Feedback: 0.66
Received=	0.27049
Feedback: 0.66
Received=	0.71426
Feedback: 0.66
Received=	0.85232
Feedback: 0.66
Received=	0.61869
Feedback: 0.66
Received=	0.32093
Feedback: 0.66
Received=	0.27578
Feedback: 0.66
Received=	0.073267
Feedback: 0.66
Received=	0.1772
Feedback: 0.66
Received=	0.38514
Feedback: 0.66
Received=	0.55847
Feedback: 0.66
Received=	0.62446
Feedback: 0.66
Received=	0.45077
Feedback: 0.66
Received=	0.40465
=====  10:28:33 - NF  ============
Feedback: 0.5617
Received=	0.54182
Feedback: 0.45194
Received=	0.99375
Feedback: 0.1
Received=	0.80518
Feedback: 0.2412
Received=	0.88779
Feedback: 0.17509
Received=	1.0004
Feedback: 0.1
Received=	0.63915
Feedback: 0.37405
Received=	0.74062
Feedback: 0.29286
Received=	1.1158
Feedback: 0.1
Received=	0.92628
Feedback: 0.14429
Received=	0.56943
Feedback: 0.42984
Received=	0.9543
Feedback: 0.12187
Received=	1.0363
Feedback: 0.1
Received=	0.50792
Feedback: 0.47906
Received=	0.47049
Feedback: 0.50901
Received=	0.7015
Feedback: 0.32416
Received=	0.69595
Feedback: 0.3286
Received=	0.78476
Feedback: 0.25754
Received=	1.0202
Feedback: 0.1
Received=	0.67203
Feedback: 0.34774
Received=	0.52457
Feedback: 0.46574
Received=	0.96847
Feedback: 0.11054
Received=	0.97639
Feedback: 0.1042
Received=	0.62402
Feedback: 0.38616
Received=	0.46064
Feedback: 0.51689
Received=	0.44519
Feedback: 0.52926
Received=	0.90765
Feedback: 0.1592
Received=	0.98539
Feedback: 0.1
Received=	0.85211
Feedback: 0.20364
Received=	0.76753
Feedback: 0.27133
Received=	0.64934
Feedback: 0.3659
Received=	1.0849
Feedback: 0.1
Received=	0.51859
Feedback: 0.47053
Received=	0.76025
Feedback: 0.27715
Received=	0.64176
Feedback: 0.37196
Received=	0.88378
Feedback: 0.1783
Received=	0.83495
Feedback: 0.21738
Received=	0.32706
Feedback: 0.62378
Received=	0.33108
Feedback: 0.62057
Received=	1.3037
Feedback: 0.1
Received=	1.2384
Feedback: 0.1
Received=	0.51524
Feedback: 0.47321
Received=	0.98675
Feedback: 0.1
Received=	0.89204
Feedback: 0.17169
Received=	0.72609
Feedback: 0.30448
Received=	0.87709
Feedback: 0.18366
Received=	0.77318
Feedback: 0.2668
Received=	1.0328
Feedback: 0.1
Received=	1.1106
Feedback: 0.1
Received=	0.79948
Feedback: 0.24576
Received=	0.50786
Feedback: 0.47911
Received=	0.57981
Feedback: 0.42154
Received=	0.91165
Feedback: 0.156
Received=	1.134
Feedback: 0.1
Received=	0.77644
Feedback: 0.26419
Received=	0.92808
Feedback: 0.14286
Received=	1.102
Feedback: 0.1
Received=	0.84568
Feedback: 0.20879
Received=	0.79505
Feedback: 0.24931
Received=	0.82417
Feedback: 0.226
Calculated range:	[(-2.000000) - (2.000000)]
Success index = (1.339195)
Received=	0.85421
=====  10:31:33 - BASE  ============
Feedback: 0.66
Received=	0.70719
Feedback: 0.66
Received=	0.4539
Feedback: 0.66
Received=	0.40155
Feedback: 0.66
Received=	0.22124
Feedback: 0.66
Received=	0.18675
Feedback: 0.66
Received=	0.35238
Feedback: 0.66
Received=	0.53502
Feedback: 0.66
Received=	0.73391
Feedback: 0.66
Received=	0.79645
Feedback: 0.66
Received=	0.56166
Feedback: 0.66
Received=	0.70398
Feedback: 0.66
Received=	0.46687
Feedback: 0.66
Received=	0.39028
Feedback: 0.66
Received=	0.54883
Feedback: 0.66
Received=	0.41522
Feedback: 0.66
Received=	0.36005
Feedback: 0.66
Received=	0.17102
Feedback: 0.66
Received=	0.42729
Feedback: 0.66
Received=	0.50641
Feedback: 0.66
Received=	0.50692
=====  10:32:33 - NF  ============
Feedback: 0.44344
Received=	0.80796
Feedback: 0.1
Received=	0.45577
Feedback: 0.50184
Received=	0.86687
Feedback: 0.1
Received=	0.90111
Feedback: 0.1
Received=	0.62946
Feedback: 0.30356
Received=	0.92638
Feedback: 0.1
Received=	0.786
Feedback: 0.12487
Received=	0.2419
Feedback: 0.74598
Received=	0.54494
Feedback: 0.40004
Received=	0.88201
Feedback: 0.1
Received=	0.94243
Feedback: 0.1
Received=	0.65887
Feedback: 0.26999
Received=	0.64839
Feedback: 0.28195
Received=	1.1841
Feedback: 0.1
Received=	1.2179
Feedback: 0.1
Received=	0.80746
Feedback: 0.10037
Received=	0.50554
Feedback: 0.44503
Received=	0.81797
Feedback: 0.1
Received=	0.89451
Feedback: 0.1
Received=	0.53895
Feedback: 0.40689
Received=	0.79582
Feedback: 0.11365
Received=	0.89014
Feedback: 0.1
Received=	0.51484
Feedback: 0.4344
Received=	0.58475
Feedback: 0.3546
Received=	0.90295
Feedback: 0.1
Received=	0.85585
Feedback: 0.1
Received=	0.74431
Feedback: 0.17246
Received=	0.2916
Feedback: 0.68924
Received=	0.7189
Feedback: 0.20146
Received=	0.96424
Feedback: 0.1
Received=	0.64831
Feedback: 0.28205
Received=	0.50945
Feedback: 0.44056
Received=	0.8741
Feedback: 0.1
Received=	1.04
Feedback: 0.1
Received=	0.73504
Feedback: 0.18304
Received=	0.70206
Feedback: 0.22069
Received=	0.65283
Feedback: 0.27689
Received=	0.63655
Feedback: 0.29547
Received=	1.1064
Feedback: 0.1
Received=	1.3864
Feedback: 0.1
Received=	0.94826
Feedback: 0.1
Received=	0.59881
Feedback: 0.33856
Received=	0.82771
Feedback: 0.1
Received=	1.2358
Feedback: 0.1
Received=	0.94564
Feedback: 0.1
Received=	0.44628
Feedback: 0.51267
Received=	0.70094
Feedback: 0.22197
Received=	0.97337
Feedback: 0.1
Received=	0.82227
Feedback: 0.1
Received=	0.95196
Feedback: 0.1
Received=	0.88903
Feedback: 0.1
Received=	0.64845
Feedback: 0.28188
Received=	0.58329
Feedback: 0.35627
Received=	0.85761
Feedback: 0.1
Received=	0.79439
Feedback: 0.11529
Received=	0.68977
Feedback: 0.23471
Received=	0.91937
Feedback: 0.1
Received=	0.73225
Feedback: 0.18622
Received=	1.0245
Feedback: 0.1
Calculated range:	[(-2.000000) - (2.000000)]
Success index = (1.534032)
closing...
