Direction=-1.000000	; step=1.000000;
Received=	0
Feedback: 0.66
Received=	0
Feedback: 0.66
Received=	0
Feedback: 0.66
Received=	0.079762
Feedback: 0.66
Received=	-0.037789
Feedback: 0.66
Received=	0.23974
Feedback: 0.66
Received=	0.23813
Feedback: 0.66
Received=	0.13376
Feedback: 0.66
Received=	0.0090317
Feedback: 0.66
Received=	-0.0010166
Feedback: 0.66
Received=	-0.088964
Feedback: 0.66
Received=	0.028564
Feedback: 0.66
Received=	0.45562
Feedback: 0.66
Received=	0.33006
Feedback: 0.66
Received=	0.22337
Feedback: 0.66
Received=	-0.31769
Feedback: 0.66
Received=	-0.40648
Feedback: 0.66
Received=	-0.57135
Feedback: 0.66
Received=	-0.41089
Feedback: 0.66
Received=	-0.47431
Feedback: 0.66
Received=	-0.42757
=====  10:42:33 - NF  ============
Feedback: 0.76803
Received=	-0.056292
Feedback: 0.51666
Received=	0.38375
Feedback: 0.21872
Received=	0.07859
Feedback: 0.42533
Received=	-0.23027
Feedback: 0.63445
Received=	-0.18269
Feedback: 0.60224
Received=	0.16664
Feedback: 0.36572
Received=	0.29147
Feedback: 0.28121
Received=	0.041241
Feedback: 0.45062
Received=	-0.0075863
Feedback: 0.48368
Received=	0.068905
Feedback: 0.43189
Received=	-0.11531
Feedback: 0.55661
Received=	0.020175
Feedback: 0.46488
Received=	0.051723
Feedback: 0.44352
Received=	0.15137
Feedback: 0.37606
Received=	0.26989
Feedback: 0.29582
Received=	0.086995
Feedback: 0.41964
Received=	-0.086524
Feedback: 0.53712
Received=	-0.037631
Feedback: 0.50402
Received=	0.13524
Feedback: 0.38698
Received=	0.23379
Feedback: 0.32026
Received=	0.35065
Feedback: 0.24114
Received=	0.041314
Feedback: 0.45057
Received=	-0.16964
Feedback: 0.5934
Received=	0.023583
Feedback: 0.46258
Received=	0.22285
Feedback: 0.32766
Received=	0.37621
Feedback: 0.22383
Received=	0.028583
Feedback: 0.45919
Received=	-0.14509
Feedback: 0.57678
Received=	-0.16988
Feedback: 0.59356
Received=	0.19378
Feedback: 0.34735
Received=	0.395
Feedback: 0.2111
Received=	0.24011
Feedback: 0.31597
Received=	0.19895
Feedback: 0.34385
Received=	0.015377
Feedback: 0.46813
Received=	-0.14458
Feedback: 0.57643
Received=	0.059387
Feedback: 0.43833
Received=	0.079374
Feedback: 0.4248
Received=	0.20938
Feedback: 0.33678
Received=	0.19721
Feedback: 0.34502
Received=	0.017214
Feedback: 0.46689
Received=	0.0082938
Feedback: 0.47293
Received=	0.15819
Feedback: 0.37144
Received=	-0.10674
Feedback: 0.55081
Received=	0.13979
Feedback: 0.3839
Received=	-0.041055
Feedback: 0.50634
Received=	-0.097705
Feedback: 0.54469
Received=	0.26995
Feedback: 0.29577
Received=	0.49969
Feedback: 0.14022
Received=	0.40014
Feedback: 0.20763
Received=	0.17355
Feedback: 0.36104
Received=	0.14543
Feedback: 0.38008
Received=	0.31524
Feedback: 0.26511
Received=	0.15459
Feedback: 0.37388
Received=	-0.050393
Feedback: 0.51266
Received=	-0.092287
Feedback: 0.54103
Received=	-0.077511
Feedback: 0.53102
Received=	-0.026401
Feedback: 0.49642
Received=	0.2845
Feedback: 0.28592
Received=	0.029368
Feedback: 0.45866
Calculated range:	[(-2.000000) - (2.000000)]
Success index = (0.547003)
Received=	-0.12155
=====  10:45:33 - BASE  ============
Feedback: 0.66
Received=	0.046732
Feedback: 0.66
Received=	0.79647
Feedback: 0.66
Received=	0.78583
Feedback: 0.66
Received=	-0.053758
Feedback: 0.66
Received=	-0.16286
Feedback: 0.66
Received=	0.10156
Feedback: 0.66
Received=	-0.10463
Feedback: 0.66
Received=	-0.23068
Feedback: 0.66
Received=	-0.14909
Feedback: 0.66
Received=	-0.52981
Feedback: 0.66
Received=	-0.59335
Feedback: 0.66
Received=	-0.28496
Feedback: 0.66
Received=	0.077282
Feedback: 0.66
Received=	0.091208
Feedback: 0.66
Received=	-0.002538
Feedback: 0.66
Received=	-0.34699
Feedback: 0.66
Received=	-0.9512
Feedback: 0.66
Received=	-0.84539
Feedback: 0.66
Received=	-0.095078
Feedback: 0.66
Received=	0.63525
=====  10:46:33 - NF  ============
Feedback: 0.15924
Received=	0.63361
Feedback: 0.15996
Received=	0.55988
Feedback: 0.19242
Received=	0.25259
Feedback: 0.3277
Received=	0.2881
Feedback: 0.31207
Received=	0.037877
Feedback: 0.42223
Received=	0.18009
Feedback: 0.35962
Received=	0.064191
Feedback: 0.41064
Received=	0.065515
Feedback: 0.41006
Received=	0.087
Feedback: 0.4006
Received=	0.08467
Feedback: 0.40163
Received=	-0.035654
Feedback: 0.4546
Received=	-0.014413
Feedback: 0.44525
Received=	0.0026343
Feedback: 0.43774
Received=	-0.15382
Feedback: 0.50662
Received=	-0.21324
Feedback: 0.53278
Received=	-0.050424
Feedback: 0.4611
Received=	0.015483
Feedback: 0.43209
Received=	0.11666
Feedback: 0.38754
Received=	0.15003
Feedback: 0.37285
Received=	0.24109
Feedback: 0.33276
Received=	0.0070241
Feedback: 0.43581
Received=	0.02146
Feedback: 0.42946
Received=	0.23301
Feedback: 0.33632
Received=	0.32707
Feedback: 0.29492
Received=	0.028755
Feedback: 0.42624
Received=	-0.076291
Feedback: 0.47249
Received=	-0.067064
Feedback: 0.46843
Received=	-0.15805
Feedback: 0.50849
Received=	-0.019816
Feedback: 0.44763
Received=	-0.044267
Feedback: 0.45839
Received=	0.012122
Feedback: 0.43357
Received=	0.063295
Feedback: 0.41104
Received=	-0.094761
Feedback: 0.48062
Received=	-0.27903
Feedback: 0.56175
Received=	-0.29174
Feedback: 0.56734
Received=	-0.31759
Feedback: 0.57872
Received=	-0.14455
Feedback: 0.50254
Received=	0.046564
Feedback: 0.4184
Received=	0.26983
Feedback: 0.32011
Received=	0.34254
Feedback: 0.2881
Received=	0.14099
Feedback: 0.37683
Received=	0.15768
Feedback: 0.36949
Received=	-0.11027
Feedback: 0.48745
Received=	-0.28497
Feedback: 0.56436
Received=	-0.43834
Feedback: 0.63188
Received=	-0.44641
Feedback: 0.63543
Received=	-0.11886
Feedback: 0.49123
Received=	0.41356
Feedback: 0.25684
Received=	0.28187
Feedback: 0.31481
Received=	0.31081
Feedback: 0.30207
Received=	0.11411
Feedback: 0.38867
Received=	0.089047
Feedback: 0.3997
Received=	-0.448
Feedback: 0.63613
Received=	-0.83278
Feedback: 0.80553
Received=	-0.73485
Feedback: 0.76242
Received=	-0.74117
Feedback: 0.7652
Received=	-1.1603
Feedback: 0.9
Received=	-1.0779
Feedback: 0.9
Received=	-1.2063
Feedback: 0.9
Calculated range:	[(-2.000000) - (2.000000)]
Success index = (0.208493)
Received=	-0.77618
=====  10:49:33 - BASE  ============
Feedback: 0.66
Received=	-0.2532
Feedback: 0.66
Received=	0.22662
Feedback: 0.66
Received=	0.65348
Feedback: 0.66
Received=	0.73341
Feedback: 0.66
Received=	0.51488
Feedback: 0.66
Received=	-0.12957
Feedback: 0.66
Received=	-0.74179
Feedback: 0.66
Received=	-0.48713
Feedback: 0.66
Received=	-0.48482
Feedback: 0.66
Received=	-0.71284
Feedback: 0.66
Received=	-0.38912
Feedback: 0.66
Received=	0.45189
Feedback: 0.66
Received=	0.086952
Feedback: 0.66
Received=	-0.27086
Feedback: 0.66
Received=	-0.32167
Feedback: 0.66
Received=	-0.29391
Feedback: 0.66
Received=	-0.050347
Feedback: 0.66
Received=	-0.052232
Feedback: 0.66
Received=	0.022777
Feedback: 0.66
Received=	0.34239
=====  10:50:33 - NF  ============
Feedback: 0.31529
Received=	-0.0072729
Feedback: 0.47224
Received=	0.039459
Feedback: 0.45126
Received=	0.15737
Feedback: 0.39833
Received=	0.030445
Feedback: 0.45531
Received=	0.13209
Feedback: 0.40968
Received=	0.16041
Feedback: 0.39697
Received=	0.1388
Feedback: 0.40667
Received=	0.15219
Feedback: 0.40066
Received=	0.17626
Feedback: 0.38986
Received=	0.12486
Feedback: 0.41293
Received=	-0.19913
Feedback: 0.55835
Received=	-0.23172
Feedback: 0.57298
Received=	-0.20844
Feedback: 0.56253
Received=	-0.084334
Feedback: 0.50683
Received=	0.22462
Feedback: 0.36815
Received=	0.035124
Feedback: 0.45321
Received=	-0.11489
Feedback: 0.52054
Received=	-0.025863
Feedback: 0.48058
Received=	0.20931
Feedback: 0.37502
Received=	-0.12731
Feedback: 0.52612
Received=	-0.45798
Feedback: 0.67454
Received=	-0.36353
Feedback: 0.63215
Received=	-0.49132
Feedback: 0.68951
Received=	-0.18535
Feedback: 0.55217
Received=	-0.31998
Feedback: 0.6126
Received=	-0.78188
Feedback: 0.81993
Received=	-0.62403
Feedback: 0.74908
Received=	-0.097083
Feedback: 0.51255
Received=	0.2218
Feedback: 0.36942
Received=	-0.33183
Feedback: 0.61792
Received=	-0.35546
Feedback: 0.62853
Received=	-0.23734
Feedback: 0.57551
Received=	-0.66247
Feedback: 0.76633
Received=	-0.88122
Feedback: 0.86452
Received=	-0.93171
Feedback: 0.88718
Received=	-0.75358
Feedback: 0.80723
Received=	-0.39079
Feedback: 0.64438
Received=	-0.22579
Feedback: 0.57032
Received=	-0.53904
Feedback: 0.71093
Received=	-0.39332
Feedback: 0.64552
Received=	-0.19948
Feedback: 0.55851
Received=	0.00061692
Feedback: 0.4687
Received=	-0.10526
Feedback: 0.51622
Received=	0.096542
Feedback: 0.42564
Received=	-0.035014
Feedback: 0.48469
Received=	-0.32273
Feedback: 0.61383
Received=	-0.57917
Feedback: 0.72894
Received=	-0.49507
Feedback: 0.69119
Received=	-0.67525
Feedback: 0.77206
Received=	-0.40478
Feedback: 0.65066
Received=	-0.23334
Feedback: 0.57371
Received=	-0.60356
Feedback: 0.73989
Received=	-0.095589
Feedback: 0.51188
Received=	-0.040203
Feedback: 0.48702
Received=	-0.25119
Feedback: 0.58172
Received=	-0.43691
Feedback: 0.66508
Received=	-0.53375
Feedback: 0.70855
Received=	-0.33549
Feedback: 0.61956
Received=	-0.12203
Feedback: 0.52375
Calculated range:	[(-2.000000) - (2.000000)]
Success index = (-0.450509)
Received=	0.098083
=====  10:53:33 - BASE  ============
Feedback: 0.66
Received=	-0.16851
Feedback: 0.66
Received=	-0.26522
Feedback: 0.66
Received=	0.12754
Feedback: 0.66
Received=	0.23229
Feedback: 0.66
Received=	0.32375
Feedback: 0.66
Received=	0.33168
Feedback: 0.66
Received=	0.029523
Feedback: 0.66
Received=	-0.095627
Feedback: 0.66
Received=	-0.20711
Feedback: 0.66
Received=	-0.33063
Feedback: 0.66
Received=	-0.18161
Feedback: 0.66
Received=	-0.21502
Feedback: 0.66
Received=	-0.31499
Feedback: 0.66
Received=	-0.45896
Feedback: 0.66
Received=	-0.46474
Feedback: 0.66
Received=	-0.57773
Feedback: 0.66
Received=	-0.10919
Feedback: 0.66
Received=	-0.2031
Feedback: 0.66
Received=	-0.62679
Feedback: 0.66
Received=	-0.53099
=====  10:54:33 - NF  ============
Feedback: 0.75363
Received=	-0.037852
Feedback: 0.41001
Received=	0.23297
Feedback: 0.2213
Received=	-0.045576
Feedback: 0.41539
Received=	-0.10001
Feedback: 0.45333
Received=	-0.1002
Feedback: 0.45346
Received=	0.084202
Feedback: 0.32496
Received=	0.0039341
Feedback: 0.38089
Received=	0.0071932
Feedback: 0.37862
Received=	-0.071911
Feedback: 0.43374
Received=	-0.16038
Feedback: 0.49539
Received=	-0.053606
Feedback: 0.42099
Received=	0.13501
Feedback: 0.28956
Received=	-0.062477
Feedback: 0.42717
Received=	-0.08921
Feedback: 0.4458
Received=	-0.14074
Feedback: 0.48171
Received=	-0.054947
Feedback: 0.42192
Received=	-0.25536
Feedback: 0.56158
Received=	-0.27686
Feedback: 0.57656
Received=	-0.31814
Feedback: 0.60532
Received=	-0.47078
Feedback: 0.71168
Received=	-0.52307
Feedback: 0.74811
Received=	-0.54307
Feedback: 0.76205
Received=	-0.33101
Feedback: 0.61428
Received=	-0.90965
Feedback: 0.9
Received=	-0.77993
Feedback: 0.9
Received=	-0.55895
Feedback: 0.77312
Received=	-0.51425
Feedback: 0.74197
Received=	-0.17722
Feedback: 0.50712
Received=	-0.15882
Feedback: 0.4943
Received=	-0.40501
Feedback: 0.66585
Received=	-0.4621
Feedback: 0.70563
Received=	-0.44241
Feedback: 0.69191
Received=	-0.2257
Feedback: 0.54091
Received=	-0.29383
Feedback: 0.58838
Received=	-0.40729
Feedback: 0.66744
Received=	-0.61854
Feedback: 0.81464
Received=	-0.5661
Feedback: 0.7781
Received=	-0.55135
Feedback: 0.76782
Received=	-0.35168
Feedback: 0.62869
Received=	-0.30066
Feedback: 0.59313
Received=	-0.34285
Feedback: 0.62254
Received=	0.38394
Feedback: 0.1161
Received=	-0.010881
Feedback: 0.39122
Received=	-0.64505
Feedback: 0.83311
Received=	-0.42347
Feedback: 0.67871
Received=	-0.18016
Feedback: 0.50917
Received=	-0.19863
Feedback: 0.52204
Received=	-0.22805
Feedback: 0.54254
Received=	-0.45944
Feedback: 0.70377
Received=	-0.41875
Feedback: 0.67542
Received=	-0.30364
Feedback: 0.59521
Received=	-0.16469
Feedback: 0.49839
Received=	-0.11108
Feedback: 0.46104
Received=	-0.14676
Feedback: 0.4859
Received=	-0.44775
Feedback: 0.69563
Received=	-0.30917
Feedback: 0.59907
Received=	-0.32527
Feedback: 0.61029
Received=	-0.39636
Feedback: 0.65982
Received=	-0.12239
Feedback: 0.46892
Calculated range:	[(-2.000000) - (2.000000)]
Success index = (-0.413611)
Received=	-0.15982
=====  10:57:33 - BASE  ============
Feedback: 0.66
Received=	-0.21969
Feedback: 0.66
Received=	-0.37122
Feedback: 0.66
Received=	-0.0052362
Feedback: 0.66
Received=	-0.0047622
Feedback: 0.66
Received=	0.098296
Feedback: 0.66
Received=	0.21783
Feedback: 0.66
Received=	0.2959
Feedback: 0.66
Received=	0.001453
Feedback: 0.66
Received=	-0.44501
Feedback: 0.66
Received=	-0.68211
Feedback: 0.66
Received=	-0.46673
Feedback: 0.66
Received=	-0.29223
Feedback: 0.66
Received=	-0.43507
Feedback: 0.66
Received=	-0.47966
Feedback: 0.66
Received=	-0.35297
Feedback: 0.66
Received=	-0.27348
Feedback: 0.66
Received=	-0.35543
Feedback: 0.66
Received=	-0.712
Feedback: 0.66
Received=	-0.77623
Feedback: 0.66
Received=	-0.66227
=====  10:58:33 - NF  ============
Feedback: 0.7423
Received=	-0.65071
Feedback: 0.73498
Received=	-0.28681
Feedback: 0.50436
Received=	-0.36143
Feedback: 0.55165
Received=	-0.47553
Feedback: 0.62396
Received=	-0.35194
Feedback: 0.54564
Received=	-0.34533
Feedback: 0.54145
Received=	-0.14974
Feedback: 0.4175
Received=	-0.093357
Feedback: 0.38177
Received=	0.024718
Feedback: 0.30694
Received=	-0.12972
Feedback: 0.40481
Received=	-0.16881
Feedback: 0.42958
Received=	-0.072999
Feedback: 0.36886
Received=	-0.21281
Feedback: 0.45747
Received=	-0.38828
Feedback: 0.56867
Received=	0.031541
Feedback: 0.30262
Received=	0.01301
Feedback: 0.31436
Received=	0.1034
Feedback: 0.25708
Received=	-0.39339
Feedback: 0.5719
Received=	-0.62804
Feedback: 0.72061
Received=	-0.43489
Feedback: 0.59821
Received=	-0.10338
Feedback: 0.38812
Received=	0.029936
Feedback: 0.30363
Received=	0.073919
Feedback: 0.27576
Received=	-0.72618
Feedback: 0.7828
Received=	-1.3062
Feedback: 0.9
Received=	-0.7587
Feedback: 0.80341
Received=	-0.41713
Feedback: 0.58695
Received=	-0.15872
Feedback: 0.42319
Received=	-0.34892
Feedback: 0.54372
Received=	0.081982
Feedback: 0.27065
Received=	0.21286
Feedback: 0.18771
Received=	-0.21119
Feedback: 0.45644
Received=	-0.635
Feedback: 0.72502
Received=	-0.67657
Feedback: 0.75136
Received=	-0.49126
Feedback: 0.63393
Received=	-0.38275
Feedback: 0.56516
Received=	-0.30578
Feedback: 0.51638
Received=	-0.40659
Feedback: 0.58027
Received=	-0.31772
Feedback: 0.52395
Received=	-0.16679
Feedback: 0.4283
Received=	-0.265
Feedback: 0.49054
Received=	-0.4025
Feedback: 0.57768
Received=	-0.19418
Feedback: 0.44566
Received=	0.071631
Feedback: 0.27721
Received=	0.13449
Feedback: 0.23737
Received=	-0.38805
Feedback: 0.56852
Received=	-0.79306
Feedback: 0.82519
Received=	-0.48405
Feedback: 0.62936
Received=	-0.27229
Feedback: 0.49516
Received=	-0.0068278
Feedback: 0.32693
Received=	-0.30023
Feedback: 0.51287
Received=	-0.52789
Feedback: 0.65714
Received=	-0.58105
Feedback: 0.69083
Received=	-0.5204
Feedback: 0.6524
Received=	-0.37673
Feedback: 0.56135
Received=	-0.65549
Feedback: 0.73801
Received=	-0.9255
Feedback: 0.9
Received=	-1.0121
Feedback: 0.9
Received=	-0.7597
Feedback: 0.80405
Calculated range:	[(-2.000000) - (2.000000)]
Success index = (-0.221816)
closing...
