Direction=-1.000000	; step=1.000000;
Received=	0
Feedback: 0.66
Received=	0
Feedback: 0.66
Received=	0
Feedback: 0.66
Received=	0.16742
Feedback: 0.66
Received=	0.11229
Feedback: 0.66
Received=	-0.085856
Feedback: 0.66
Received=	-0.031339
Feedback: 0.66
Received=	-0.010365
Feedback: 0.66
Received=	-0.29189
Feedback: 0.66
Received=	-0.69142
Feedback: 0.66
Received=	-0.4964
Feedback: 0.66
Received=	-0.12412
Feedback: 0.66
Received=	-0.40816
Feedback: 0.66
Received=	-0.5282
Feedback: 0.66
Received=	-0.23936
Feedback: 0.66
Received=	-0.24252
Feedback: 0.66
Received=	-0.42763
Feedback: 0.66
Received=	-0.22656
Feedback: 0.66
Received=	-0.23771
Feedback: 0.66
Received=	-0.27488
Feedback: 0.66
Received=	0.24766
=====  19:31:28 - NF  ============
Feedback: 0.1
Received=	0.12557
Feedback: 0.19538
Received=	0.0096668
Feedback: 0.29631
Received=	0.070102
Feedback: 0.24369
Received=	-0.061568
Feedback: 0.35834
Received=	-0.05484
Feedback: 0.35248
Received=	0.011412
Feedback: 0.29479
Received=	0.0053388
Feedback: 0.30008
Received=	-0.12991
Feedback: 0.41785
Received=	-0.25336
Feedback: 0.52534
Received=	-0.15238
Feedback: 0.43741
Received=	-0.09313
Feedback: 0.38582
Received=	0.039209
Feedback: 0.27059
Received=	0.060202
Feedback: 0.25231
Received=	0.028511
Feedback: 0.2799
Received=	0.079819
Feedback: 0.23523
Received=	0.18201
Feedback: 0.14625
Received=	0.12232
Feedback: 0.19822
Received=	0.12206
Feedback: 0.19844
Received=	0.013328
Feedback: 0.29312
Received=	0.015208
Feedback: 0.29148
Received=	0.0072949
Feedback: 0.29837
Received=	0.080972
Feedback: 0.23422
Received=	0.20163
Feedback: 0.12916
Received=	0.22512
Feedback: 0.1087
Received=	0.015911
Feedback: 0.29087
Received=	-0.11689
Feedback: 0.40651
Received=	0.092163
Feedback: 0.22448
Received=	0.22447
Feedback: 0.10928
Received=	0.086318
Feedback: 0.22957
Received=	0.0026883
Feedback: 0.30239
Received=	0.16871
Feedback: 0.15782
Received=	0.15422
Feedback: 0.17044
Received=	0.13297
Feedback: 0.18895
Received=	0.1242
Feedback: 0.19658
Received=	0.22231
Feedback: 0.11115
Received=	-0.14038
Feedback: 0.42696
Received=	-0.11986
Feedback: 0.4091
Received=	0.058584
Feedback: 0.25372
Received=	0.25135
Feedback: 0.1
Received=	0.26573
Feedback: 0.1
Received=	0.11831
Feedback: 0.20171
Received=	0.053741
Feedback: 0.25793
Received=	-0.056797
Feedback: 0.35418
Received=	0.0065715
Feedback: 0.299
Received=	-0.088849
Feedback: 0.38209
Received=	-0.26974
Feedback: 0.5396
Received=	-0.49167
Feedback: 0.73284
Received=	-0.43201
Feedback: 0.6809
Received=	-0.071845
Feedback: 0.36728
Received=	0.25846
Feedback: 0.1
Received=	-0.083931
Feedback: 0.37781
Received=	-0.28285
Feedback: 0.55102
Received=	-0.28247
Feedback: 0.55068
Received=	-0.13917
Feedback: 0.42591
Received=	-0.13769
Feedback: 0.42462
Received=	-0.083555
Feedback: 0.37748
Received=	0.036142
Feedback: 0.27326
Received=	-0.18369
Feedback: 0.46467
Received=	-0.43533
Feedback: 0.68378
Calculated range:	[(-2.000000) - (2.000000)]
Success index = (1.175683)
Received=	-0.28388
=====  19:34:28 - BASE  ============
Feedback: 0.66
Received=	0.042819
Feedback: 0.66
Received=	0.38657
Feedback: 0.66
Received=	0.13436
Feedback: 0.66
Received=	-0.10799
Feedback: 0.66
Received=	-0.056076
Feedback: 0.66
Received=	-0.28872
Feedback: 0.66
Received=	-0.46052
Feedback: 0.66
Received=	-0.33739
Feedback: 0.66
Received=	-0.23026
Feedback: 0.66
Received=	-0.11566
Feedback: 0.66
Received=	-0.10386
Feedback: 0.66
Received=	-0.066044
Feedback: 0.66
Received=	-0.13212
Feedback: 0.66
Received=	0.0032813
Feedback: 0.66
Received=	-0.022891
Feedback: 0.66
Received=	-0.18577
Feedback: 0.66
Received=	-0.10789
Feedback: 0.66
Received=	-0.52197
Feedback: 0.66
Received=	-0.50037
Feedback: 0.66
Received=	-0.20926
=====  19:35:28 - NF  ============
Feedback: 0.55231
Received=	-0.088156
Feedback: 0.44406
Received=	-0.1525
Feedback: 0.50157
Received=	-0.052645
Feedback: 0.41232
Received=	0.15082
Feedback: 0.23044
Received=	0.2055
Feedback: 0.18157
Received=	0.012579
Feedback: 0.35401
Received=	0.041197
Feedback: 0.32843
Received=	0.20987
Feedback: 0.17766
Received=	0.080812
Feedback: 0.29302
Received=	-0.095064
Feedback: 0.45023
Received=	-0.17737
Feedback: 0.5238
Received=	-0.012357
Feedback: 0.3763
Received=	0.22059
Feedback: 0.16808
Received=	0.0016307
Feedback: 0.3638
Received=	0.035101
Feedback: 0.33388
Received=	0.18072
Feedback: 0.20372
Received=	0.23675
Feedback: 0.15363
Received=	0.2682
Feedback: 0.12553
Received=	0.089701
Feedback: 0.28508
Received=	0.15799
Feedback: 0.22404
Received=	0.45438
Feedback: 0.1
Received=	0.37747
Feedback: 0.1
Received=	0.39753
Feedback: 0.1
Received=	0.27544
Feedback: 0.11905
Received=	0.27728
Feedback: 0.11741
Received=	-0.0012221
Feedback: 0.36635
Received=	0.18721
Feedback: 0.19792
Received=	0.043956
Feedback: 0.32597
Received=	0.13482
Feedback: 0.24475
Received=	0.1688
Feedback: 0.21437
Received=	0.2959
Feedback: 0.10076
Received=	0.56256
Feedback: 0.1
Received=	0.34486
Feedback: 0.1
Received=	0.0035506
Feedback: 0.36208
Received=	-0.053083
Feedback: 0.41271
Received=	0.24454
Feedback: 0.14668
Received=	0.23932
Feedback: 0.15134
Received=	0.18234
Feedback: 0.20227
Received=	-0.11207
Feedback: 0.46544
Received=	-0.074343
Feedback: 0.43171
Received=	-0.087546
Feedback: 0.44351
Received=	0.13929
Feedback: 0.24075
Received=	-0.1421
Feedback: 0.49227
Received=	-0.16121
Feedback: 0.50936
Received=	-0.099132
Feedback: 0.45387
Received=	-0.23069
Feedback: 0.57147
Received=	-0.26261
Feedback: 0.59999
Received=	-0.2648
Feedback: 0.60195
Received=	-0.2734
Feedback: 0.60964
Received=	0.20763
Feedback: 0.17967
Received=	0.6046
Feedback: 0.1
Received=	0.36413
Feedback: 0.1
Received=	0.14403
Feedback: 0.23651
Received=	0.04125
Feedback: 0.32839
Received=	-0.012878
Feedback: 0.37677
Received=	-0.055431
Feedback: 0.41481
Received=	-0.035685
Feedback: 0.39716
Received=	-0.12755
Feedback: 0.47927
Received=	-0.18308
Feedback: 0.52891
Calculated range:	[(-2.000000) - (2.000000)]
Success index = (1.079672)
Received=	-0.25087
=====  19:38:28 - BASE  ============
Feedback: 0.66
Received=	-0.18051
Feedback: 0.66
Received=	0.18507
Feedback: 0.66
Received=	0.26956
Feedback: 0.66
Received=	-0.040906
Feedback: 0.66
Received=	0.015884
Feedback: 0.66
Received=	0.044005
Feedback: 0.66
Received=	0.13427
Feedback: 0.66
Received=	0.12187
Feedback: 0.66
Received=	0.12771
Feedback: 0.66
Received=	0.10279
Feedback: 0.66
Received=	0.10763
Feedback: 0.66
Received=	-0.070967
Feedback: 0.66
Received=	-0.047104
Feedback: 0.66
Received=	0.058319
Feedback: 0.66
Received=	-0.037726
Feedback: 0.66
Received=	0.018985
Feedback: 0.66
Received=	-0.0084009
Feedback: 0.66
Received=	-0.39852
Feedback: 0.66
Received=	-0.46751
Feedback: 0.66
Received=	-0.45797
=====  19:39:28 - NF  ============
Feedback: 0.9
Received=	-0.15048
Feedback: 0.67114
Received=	-0.017857
Feedback: 0.52645
Received=	-0.04621
Feedback: 0.55738
Received=	-0.20579
Feedback: 0.73149
Received=	0.011821
Feedback: 0.49407
Received=	0.032255
Feedback: 0.47178
Received=	-0.068526
Feedback: 0.58173
Received=	-0.26255
Feedback: 0.79342
Received=	-0.1839
Feedback: 0.70761
Received=	-0.11755
Feedback: 0.63521
Received=	0.098585
Feedback: 0.39941
Received=	0.15648
Feedback: 0.33625
Received=	0.16107
Feedback: 0.33124
Received=	-0.035647
Feedback: 0.54586
Received=	-0.14757
Feedback: 0.66797
Received=	-0.1907
Feedback: 0.71503
Received=	-0.11978
Feedback: 0.63764
Received=	-0.041287
Feedback: 0.55201
Received=	-0.1362
Feedback: 0.65556
Received=	0.029056
Feedback: 0.47527
Received=	-0.13513
Feedback: 0.65439
Received=	-0.34279
Feedback: 0.88095
Received=	0.017879
Feedback: 0.48746
Received=	0.094631
Feedback: 0.40372
Received=	-0.075329
Feedback: 0.58915
Received=	-0.29425
Feedback: 0.828
Received=	-0.043529
Feedback: 0.55446
Received=	-0.088095
Feedback: 0.60308
Received=	-0.26628
Feedback: 0.79749
Received=	-0.30194
Feedback: 0.83639
Received=	0.0034046
Feedback: 0.50325
Received=	0.24625
Feedback: 0.2383
Received=	0.046624
Feedback: 0.4561
Received=	-0.23027
Feedback: 0.7582
Received=	-0.1296
Feedback: 0.64836
Received=	0.016002
Feedback: 0.48951
Received=	-0.082333
Feedback: 0.59679
Received=	-0.235
Feedback: 0.76335
Received=	-0.28097
Feedback: 0.81351
Received=	-0.17733
Feedback: 0.70044
Received=	-0.26093
Feedback: 0.79165
Received=	-0.14728
Feedback: 0.66765
Received=	-0.18293
Feedback: 0.70654
Received=	-0.050047
Feedback: 0.56157
Received=	-0.083759
Feedback: 0.59835
Received=	-0.081356
Feedback: 0.59573
Received=	-0.036841
Feedback: 0.54716
Received=	0.052655
Feedback: 0.44952
Received=	-0.010224
Feedback: 0.51812
Received=	-0.19037
Feedback: 0.71466
Received=	-0.093364
Feedback: 0.60883
Received=	-0.21575
Feedback: 0.74235
Received=	0.098626
Feedback: 0.39937
Received=	0.29209
Feedback: 0.18829
Received=	0.0001028
Feedback: 0.50686
Received=	-0.1772
Feedback: 0.7003
Received=	-0.20203
Feedback: 0.72739
Received=	-0.23381
Feedback: 0.76206
Received=	-0.078971
Feedback: 0.59313
Calculated range:	[(-2.000000) - (2.000000)]
Success index = (-0.647198)
Received=	-0.20889
=====  19:42:28 - BASE  ============
Feedback: 0.66
Received=	-0.27048
Feedback: 0.66
Received=	0.22503
Feedback: 0.66
Received=	0.0061019
Feedback: 0.66
Received=	0.0011575
Feedback: 0.66
Received=	0.17959
Feedback: 0.66
Received=	0.10084
Feedback: 0.66
Received=	0.05672
Feedback: 0.66
Received=	0.060369
Feedback: 0.66
Received=	0.35046
Feedback: 0.66
Received=	0.29863
Feedback: 0.66
Received=	0.014711
Feedback: 0.66
Received=	0.075173
Feedback: 0.66
Received=	-0.026212
Feedback: 0.66
Received=	-0.016905
Feedback: 0.66
Received=	-0.24975
Feedback: 0.66
Received=	-0.1846
Feedback: 0.66
Received=	0.01533
Feedback: 0.66
Received=	0.26919
Feedback: 0.66
Received=	0.37981
Feedback: 0.66
Received=	0.070543
=====  19:43:28 - NF  ============
Feedback: 0.51856
Received=	0.06679
Feedback: 0.52295
Received=	-0.30497
Feedback: 0.9
Received=	-0.26787
Feedback: 0.9
Received=	-0.10362
Feedback: 0.72213
Received=	-0.0087166
Feedback: 0.6112
Received=	-0.0087203
Feedback: 0.61121
Received=	-0.073696
Feedback: 0.68715
Received=	-0.24908
Feedback: 0.89214
Received=	-0.082753
Feedback: 0.69774
Received=	0.046099
Feedback: 0.54713
Received=	0.024409
Feedback: 0.57248
Received=	-0.02925
Feedback: 0.6352
Received=	-0.011978
Feedback: 0.61501
Received=	-0.091627
Feedback: 0.70811
Received=	-0.20562
Feedback: 0.84135
Received=	-0.27414
Feedback: 0.9
Received=	-0.15293
Feedback: 0.77976
Received=	-0.06293
Feedback: 0.67457
Received=	0.026857
Feedback: 0.56962
Received=	0.18314
Feedback: 0.38696
Received=	0.25594
Feedback: 0.30187
Received=	0.20405
Feedback: 0.36251
Received=	0.2795
Feedback: 0.27432
Received=	0.079359
Feedback: 0.50826
Received=	0.15324
Feedback: 0.4219
Received=	-0.18016
Feedback: 0.81159
Received=	-0.23504
Feedback: 0.87573
Received=	-0.033056
Feedback: 0.63965
Received=	0.27511
Feedback: 0.27946
Received=	0.33909
Feedback: 0.20468
Received=	0.0076704
Feedback: 0.59205
Received=	-0.24492
Feedback: 0.88728
Received=	-0.37012
Feedback: 0.9
Received=	-0.15608
Feedback: 0.78344
Received=	-0.21929
Feedback: 0.85733
Received=	-0.075631
Feedback: 0.68941
Received=	0.14267
Feedback: 0.43426
Received=	0.23123
Feedback: 0.33074
Received=	0.074891
Feedback: 0.51348
Received=	-0.018348
Feedback: 0.62246
Received=	0.082915
Feedback: 0.5041
Received=	0.33802
Feedback: 0.20592
Received=	0.13346
Feedback: 0.44503
Received=	-0.078239
Feedback: 0.69246
Received=	0.15783
Feedback: 0.41654
Received=	-0.013717
Feedback: 0.61705
Received=	-0.0038956
Feedback: 0.60557
Received=	0.031832
Feedback: 0.56381
Received=	-0.074109
Feedback: 0.68763
Received=	0.12548
Feedback: 0.45435
Received=	-0.048336
Feedback: 0.65751
Received=	0.10721
Feedback: 0.4757
Received=	0.71218
Feedback: 0.1
Received=	0.60678
Feedback: 0.1
Received=	-0.023169
Feedback: 0.6281
Received=	-0.15284
Feedback: 0.77965
Received=	0.14748
Feedback: 0.42864
Received=	0.13048
Feedback: 0.44851
Received=	0.17703
Feedback: 0.3941
Calculated range:	[(-2.000000) - (2.000000)]
Success index = (-0.325461)
Received=	0.41248
=====  19:46:28 - BASE  ============
Feedback: 0.66
Received=	0.37531
Feedback: 0.66
Received=	0.12055
Feedback: 0.66
Received=	-0.021921
Feedback: 0.66
Received=	0.32686
Feedback: 0.66
Received=	0.37337
Feedback: 0.66
Received=	0.41569
Feedback: 0.66
Received=	0.66342
Feedback: 0.66
Received=	0.39047
Feedback: 0.66
Received=	0.30066
Feedback: 0.66
Received=	-0.23496
Feedback: 0.66
Received=	0.27183
Feedback: 0.66
Received=	0.44359
Feedback: 0.66
Received=	0.060749
Feedback: 0.66
Received=	-0.29771
Feedback: 0.66
Received=	-0.14336
Feedback: 0.66
Received=	0.12795
Feedback: 0.66
Received=	-0.026592
Feedback: 0.66
Received=	-0.13888
Feedback: 0.66
Received=	0.019598
Feedback: 0.66
Received=	-0.10177
=====  19:47:28 - NF  ============
Feedback: 0.68733
Received=	-0.033577
Feedback: 0.63604
Received=	0.014401
Feedback: 0.59996
Received=	-0.057379
Feedback: 0.65394
Received=	-0.055579
Feedback: 0.65259
Received=	-0.061059
Feedback: 0.65671
Received=	0.042415
Feedback: 0.57888
Received=	0.10515
Feedback: 0.5317
Received=	-0.016861
Feedback: 0.62347
Received=	-0.1078
Feedback: 0.69187
Received=	0.051207
Feedback: 0.57227
Received=	0.18364
Feedback: 0.47266
Received=	0.097877
Feedback: 0.53717
Received=	-0.12064
Feedback: 0.70153
Received=	-0.28585
Feedback: 0.82579
Received=	-0.18923
Feedback: 0.75311
Received=	0.094645
Feedback: 0.5396
Received=	0.23492
Feedback: 0.4341
Received=	0.098453
Feedback: 0.53674
Received=	0.017681
Feedback: 0.59749
Received=	0.00029993
Feedback: 0.61056
Received=	0.069641
Feedback: 0.55841
Received=	-0.10533
Feedback: 0.69001
Received=	-0.023858
Feedback: 0.62873
Received=	0.010263
Feedback: 0.60307
Received=	0.16922
Feedback: 0.48351
Received=	0.13692
Feedback: 0.50781
Received=	0.0033057
Feedback: 0.6083
Received=	0.10267
Feedback: 0.53356
Received=	0.14204
Feedback: 0.50395
Received=	-0.11194
Feedback: 0.69498
Received=	-0.1169
Feedback: 0.69871
Received=	-0.14002
Feedback: 0.7161
Received=	-0.23738
Feedback: 0.78933
Received=	-0.41924
Feedback: 0.9
Received=	-0.5658
Feedback: 0.9
Received=	-0.084355
Feedback: 0.67423
Received=	-0.1649
Feedback: 0.73482
Received=	0.14647
Feedback: 0.50062
Received=	-0.45807
Feedback: 0.9
Received=	-0.37006
Feedback: 0.88913
Received=	-0.82058
Feedback: 0.9
Received=	-0.034855
Feedback: 0.637
Received=	0.16967
Feedback: 0.48317
Received=	-0.14139
Feedback: 0.71713
Received=	0.0054636
Feedback: 0.60668
Received=	-0.3093
Feedback: 0.84343
Received=	-0.076816
Feedback: 0.66856
Received=	0.20548
Feedback: 0.45624
Received=	0.046835
Feedback: 0.57556
Received=	0.063998
Feedback: 0.56265
Received=	-0.33845
Feedback: 0.86535
Received=	-0.2209
Feedback: 0.77694
Received=	-0.0010485
Feedback: 0.61158
Received=	-0.17961
Feedback: 0.74588
Received=	-0.23974
Feedback: 0.79111
Received=	0.10258
Feedback: 0.53363
Received=	0.058755
Feedback: 0.56659
Received=	-0.090947
Feedback: 0.67919
Received=	-0.12527
Feedback: 0.705
Calculated range:	[(-2.007877) - (1.992123)]
Success index = (-1.007877)
closing...
