Direction=-1.000000	; step=1.000000;
Received=	0
Feedback: 0.66
Received=	0
Feedback: 0.66
Received=	0
Feedback: 0.66
Received=	0.68843
Feedback: 0.66
Received=	0.089343
Feedback: 0.66
Received=	0.18924
Feedback: 0.66
Received=	-0.20602
Feedback: 0.66
Received=	-0.20678
Feedback: 0.66
Received=	0.0034497
Feedback: 0.66
Received=	-0.028653
Feedback: 0.66
Received=	-0.14927
Feedback: 0.66
Received=	-0.42575
Feedback: 0.66
Received=	-0.20676
Feedback: 0.66
Received=	0.071421
Feedback: 0.66
Received=	0.09966
Feedback: 0.66
Received=	-0.082914
Feedback: 0.66
Received=	-0.19775
Feedback: 0.66
Received=	-0.37256
Feedback: 0.66
Received=	-0.52308
Feedback: 0.66
Received=	-0.16873
Feedback: 0.66
Received=	0.25716
=====  12:12:25 - NF  ============
Feedback: 0.25075
Received=	0.8413
Feedback: 0.1
Received=	0.78088
Feedback: 0.1
Received=	0.80425
Feedback: 0.1
Received=	0.70329
Feedback: 0.1
Received=	0.43601
Feedback: 0.11825
Received=	0.41902
Feedback: 0.13084
Received=	0.1445
Feedback: 0.33422
Received=	-0.24662
Feedback: 0.62399
Received=	0.048554
Feedback: 0.4053
Received=	0.18414
Feedback: 0.30485
Received=	0.043973
Feedback: 0.4087
Received=	-0.12118
Feedback: 0.53106
Received=	-0.17265
Feedback: 0.56919
Received=	-0.11423
Feedback: 0.52591
Received=	-0.26274
Feedback: 0.63593
Received=	-0.35276
Feedback: 0.70262
Received=	-0.49113
Feedback: 0.80514
Received=	-0.53518
Feedback: 0.83778
Received=	-0.68504
Feedback: 0.9
Received=	-0.60273
Feedback: 0.88782
Received=	-0.073488
Feedback: 0.49572
Received=	0.36364
Feedback: 0.17187
Received=	0.21831
Feedback: 0.27954
Received=	0.27958
Feedback: 0.23414
Received=	0.38085
Feedback: 0.15912
Received=	0.31835
Feedback: 0.20542
Received=	0.41113
Feedback: 0.13668
Received=	0.30322
Feedback: 0.21663
Received=	-0.0029264
Feedback: 0.44344
Received=	-0.29027
Feedback: 0.65633
Received=	-0.41075
Feedback: 0.74559
Received=	-0.21282
Feedback: 0.59895
Received=	-0.21535
Feedback: 0.60082
Received=	-0.036073
Feedback: 0.468
Received=	-0.02282
Feedback: 0.45818
Received=	-0.20966
Feedback: 0.59661
Received=	-0.17237
Feedback: 0.56898
Received=	-0.21207
Feedback: 0.59839
Received=	0.067514
Feedback: 0.39126
Received=	-0.079958
Feedback: 0.50052
Received=	-0.25624
Feedback: 0.63112
Received=	-0.21577
Feedback: 0.60114
Received=	-0.18605
Feedback: 0.57912
Received=	-0.24774
Feedback: 0.62482
Received=	-0.23329
Feedback: 0.61411
Received=	0.015073
Feedback: 0.43011
Received=	0.068557
Feedback: 0.39049
Received=	-0.014424
Feedback: 0.45196
Received=	-0.24006
Feedback: 0.61913
Received=	-0.14873
Feedback: 0.55146
Received=	-0.18479
Feedback: 0.57818
Received=	-0.17972
Feedback: 0.57443
Received=	-0.19902
Feedback: 0.58872
Received=	-0.28934
Feedback: 0.65564
Received=	-0.2021
Feedback: 0.591
Received=	-0.22118
Feedback: 0.60514
Received=	-0.22051
Feedback: 0.60464
Received=	-0.05362
Feedback: 0.481
Received=	0.18969
Feedback: 0.30074
Calculated range:	[(-2.000000) - (2.000000)]
Success index = (0.178835)
Received=	0.21293
=====  12:15:25 - BASE  ============
Feedback: 0.66
Received=	-0.17237
Feedback: 0.66
Received=	0.038147
Feedback: 0.66
Received=	0.043461
Feedback: 0.66
Received=	-0.16083
Feedback: 0.66
Received=	-0.036678
Feedback: 0.66
Received=	0.15924
Feedback: 0.66
Received=	0.19913
Feedback: 0.66
Received=	0.2102
Feedback: 0.66
Received=	0.18971
Feedback: 0.66
Received=	0.36575
Feedback: 0.66
Received=	0.23736
Feedback: 0.66
Received=	0.19313
Feedback: 0.66
Received=	0.16403
Feedback: 0.66
Received=	-0.096408
Feedback: 0.66
Received=	-0.16964
Feedback: 0.66
Received=	-0.014726
Feedback: 0.66
Received=	-0.33199
Feedback: 0.66
Received=	-0.47542
Feedback: 0.66
Received=	-0.4027
Feedback: 0.66
Received=	-0.20524
=====  12:16:25 - NF  ============
Feedback: 0.6774
Received=	-0.019138
Feedback: 0.52127
Received=	-0.082758
Feedback: 0.57464
Received=	-0.15164
Feedback: 0.63243
Received=	-0.35378
Feedback: 0.80203
Received=	-0.32746
Feedback: 0.77994
Received=	-0.38071
Feedback: 0.82462
Received=	-0.27689
Feedback: 0.73751
Received=	-0.13956
Feedback: 0.6223
Received=	-0.41315
Feedback: 0.85183
Received=	-0.4227
Feedback: 0.85985
Received=	-0.37237
Feedback: 0.81762
Received=	-0.35847
Feedback: 0.80596
Received=	-0.32105
Feedback: 0.77456
Received=	-0.35112
Feedback: 0.79979
Received=	-0.11614
Feedback: 0.60265
Received=	0.18334
Feedback: 0.35139
Received=	-0.0032355
Feedback: 0.50792
Received=	-0.12262
Feedback: 0.60808
Received=	-0.18364
Feedback: 0.65928
Received=	-0.11806
Feedback: 0.60426
Received=	0.039373
Feedback: 0.47218
Received=	0.030877
Feedback: 0.4793
Received=	-0.14105
Feedback: 0.62355
Received=	0.14012
Feedback: 0.38765
Received=	0.019547
Feedback: 0.48881
Received=	-0.25786
Feedback: 0.72155
Received=	-0.11367
Feedback: 0.60058
Received=	-0.079284
Feedback: 0.57173
Received=	-0.16283
Feedback: 0.64182
Received=	-0.14844
Feedback: 0.62974
Received=	0.020244
Feedback: 0.48822
Received=	-0.016233
Feedback: 0.51883
Received=	-0.14288
Feedback: 0.62508
Received=	-0.21585
Feedback: 0.6863
Received=	-0.14616
Feedback: 0.62784
Received=	-0.15445
Feedback: 0.63479
Received=	-0.13513
Feedback: 0.61858
Received=	-0.26535
Feedback: 0.72783
Received=	-0.10811
Feedback: 0.59591
Received=	0.050349
Feedback: 0.46297
Received=	0.045436
Feedback: 0.46709
Received=	0.11579
Feedback: 0.40806
Received=	-0.080929
Feedback: 0.57311
Received=	-0.21724
Feedback: 0.68747
Received=	-0.20308
Feedback: 0.67559
Received=	-0.049968
Feedback: 0.54713
Received=	0.025038
Feedback: 0.4842
Received=	-0.2563
Feedback: 0.72024
Received=	-0.4078
Feedback: 0.84735
Received=	-0.56535
Feedback: 0.9
Received=	-0.53433
Feedback: 0.9
Received=	-0.5081
Feedback: 0.9
Received=	-0.46891
Feedback: 0.89861
Received=	-0.23731
Feedback: 0.70431
Received=	-0.1368
Feedback: 0.61998
Received=	-0.17998
Feedback: 0.65621
Received=	-0.29112
Feedback: 0.74946
Received=	-0.49195
Feedback: 0.9
Received=	-0.56206
Feedback: 0.9
Calculated range:	[(-2.004307) - (1.995693)]
Success index = (-1.004307)
Received=	-0.11587
=====  12:19:25 - BASE  ============
Feedback: 0.66
Received=	0.0060732
Feedback: 0.66
Received=	0.13866
Feedback: 0.66
Received=	0.20456
Feedback: 0.66
Received=	0.055022
Feedback: 0.66
Received=	-0.054124
Feedback: 0.66
Received=	-0.16233
Feedback: 0.66
Received=	-0.39372
Feedback: 0.66
Received=	-0.4457
Feedback: 0.66
Received=	-0.68127
Feedback: 0.66
Received=	-0.69025
Feedback: 0.66
Received=	-0.61072
Feedback: 0.66
Received=	-0.60422
Feedback: 0.66
Received=	-0.32751
Feedback: 0.66
Received=	-0.030008
Feedback: 0.66
Received=	-0.090182
Feedback: 0.66
Received=	-0.2315
Feedback: 0.66
Received=	-0.2513
Feedback: 0.66
Received=	-0.35511
Feedback: 0.66
Received=	-0.28975
Feedback: 0.66
Received=	-0.094865
=====  12:20:25 - NF  ============
Feedback: 0.37305
Received=	-0.12992
Feedback: 0.39861
Received=	-0.14325
Feedback: 0.40834
Received=	-0.38261
Feedback: 0.58291
Received=	-0.35481
Feedback: 0.56263
Received=	-0.14193
Feedback: 0.40738
Received=	-0.15769
Feedback: 0.41887
Received=	-0.028486
Feedback: 0.32464
Received=	0.019352
Feedback: 0.28975
Received=	-0.17291
Feedback: 0.42997
Received=	-0.060851
Feedback: 0.34824
Received=	0.024529
Feedback: 0.28597
Received=	0.11081
Feedback: 0.22305
Received=	0.11112
Feedback: 0.22282
Received=	-0.20048
Feedback: 0.45008
Received=	-0.40057
Feedback: 0.59601
Received=	-0.41197
Feedback: 0.60433
Received=	-0.19991
Feedback: 0.44966
Received=	-0.12016
Feedback: 0.3915
Received=	0.029119
Feedback: 0.28262
Received=	0.042995
Feedback: 0.27251
Received=	-0.17917
Feedback: 0.43453
Received=	-0.36409
Feedback: 0.56941
Received=	-0.14885
Feedback: 0.41242
Received=	-0.13794
Feedback: 0.40447
Received=	-0.21526
Feedback: 0.46086
Received=	-0.25404
Feedback: 0.48914
Received=	-0.25896
Feedback: 0.49273
Received=	-0.22555
Feedback: 0.46837
Received=	-0.10524
Feedback: 0.38062
Received=	-0.072063
Feedback: 0.35642
Received=	-0.099135
Feedback: 0.37617
Received=	-0.049553
Feedback: 0.34
Received=	-0.31408
Feedback: 0.53293
Received=	-0.39673
Feedback: 0.59321
Received=	-0.24444
Feedback: 0.48214
Received=	-0.012616
Feedback: 0.31306
Received=	0.060412
Feedback: 0.2598
Received=	-0.030693
Feedback: 0.32625
Received=	-0.18875
Feedback: 0.44152
Received=	-0.26125
Feedback: 0.4944
Received=	-0.23523
Feedback: 0.47542
Received=	-0.082808
Feedback: 0.36426
Received=	-0.13873
Feedback: 0.40504
Received=	-0.21413
Feedback: 0.46003
Received=	-0.43459
Feedback: 0.62082
Received=	-0.3486
Feedback: 0.55811
Received=	-0.44082
Feedback: 0.62537
Received=	-0.3828
Feedback: 0.58305
Received=	-0.27001
Feedback: 0.50079
Received=	-0.17881
Feedback: 0.43428
Received=	0.11293
Feedback: 0.2215
Received=	0.10583
Feedback: 0.22668
Received=	-0.1853
Feedback: 0.439
Received=	-0.38087
Feedback: 0.58164
Received=	-0.30645
Feedback: 0.52737
Received=	-0.03514
Feedback: 0.32949
Received=	0.072723
Feedback: 0.25082
Received=	-0.1066
Feedback: 0.38161
Received=	-0.26932
Feedback: 0.50028
Calculated range:	[(-2.000000) - (2.000000)]
Success index = (0.569377)
Received=	-0.13841
=====  12:23:24 - BASE  ============
Feedback: 0.66
Received=	-0.26709
Feedback: 0.66
Received=	0.12209
Feedback: 0.66
Received=	0.25489
Feedback: 0.66
Received=	-0.13646
Feedback: 0.66
Received=	-0.32692
Feedback: 0.66
Received=	-0.12226
Feedback: 0.66
Received=	-0.16358
Feedback: 0.66
Received=	-0.27252
Feedback: 0.66
Received=	-0.45891
Feedback: 0.66
Received=	-0.19711
Feedback: 0.66
Received=	0.063788
Feedback: 0.66
Received=	0.059467
Feedback: 0.66
Received=	-0.16998
Feedback: 0.66
Received=	-0.39537
Feedback: 0.66
Received=	-0.43534
Feedback: 0.66
Received=	-0.37097
Feedback: 0.66
Received=	-0.37255
Feedback: 0.66
Received=	-0.36567
Feedback: 0.66
Received=	-0.15236
Feedback: 0.66
Received=	-0.046306
=====  12:24:25 - NF  ============
Feedback: 0.36017
Received=	-0.16077
Feedback: 0.47071
Received=	-0.16277
Feedback: 0.47265
Received=	-0.12796
Feedback: 0.43903
Received=	-0.28149
Feedback: 0.58729
Received=	-0.29977
Feedback: 0.60495
Received=	-0.28839
Feedback: 0.59396
Received=	-0.17378
Feedback: 0.48327
Received=	-0.28536
Feedback: 0.59103
Received=	-0.28921
Feedback: 0.59475
Received=	-0.17448
Feedback: 0.48395
Received=	-0.20054
Feedback: 0.50912
Received=	0.021925
Feedback: 0.29428
Received=	-0.045866
Feedback: 0.35975
Received=	-0.23393
Feedback: 0.54136
Received=	-0.23663
Feedback: 0.54397
Received=	-0.0041179
Feedback: 0.31943
Received=	-0.07075
Feedback: 0.38378
Received=	-0.18967
Feedback: 0.49862
Received=	0.064303
Feedback: 0.25336
Received=	0.074363
Feedback: 0.24364
Received=	-0.214
Feedback: 0.52211
Received=	-0.2524
Feedback: 0.5592
Received=	-0.12891
Feedback: 0.43994
Received=	-0.061786
Feedback: 0.37512
Received=	-0.092434
Feedback: 0.40472
Received=	-0.32186
Feedback: 0.62628
Received=	-0.42292
Feedback: 0.72387
Received=	-0.38847
Feedback: 0.6906
Received=	-0.24015
Feedback: 0.54737
Received=	-0.030825
Feedback: 0.34522
Received=	-0.071947
Feedback: 0.38493
Received=	-0.22309
Feedback: 0.53089
Received=	-0.13491
Feedback: 0.44574
Received=	-0.0051376
Feedback: 0.32042
Received=	0.13075
Feedback: 0.18919
Received=	0.0065741
Feedback: 0.30911
Received=	-0.18762
Feedback: 0.49664
Received=	-0.38738
Feedback: 0.68956
Received=	-0.20214
Feedback: 0.51066
Received=	-0.20027
Feedback: 0.50886
Received=	-0.32262
Feedback: 0.62701
Received=	-0.24255
Feedback: 0.54968
Received=	-0.23051
Feedback: 0.53806
Received=	-0.16809
Feedback: 0.47778
Received=	-0.16507
Feedback: 0.47486
Received=	-0.29648
Feedback: 0.60177
Received=	-0.21812
Feedback: 0.52609
Received=	0.10169
Feedback: 0.21725
Received=	0.094965
Feedback: 0.22374
Received=	-0.14132
Feedback: 0.45193
Received=	-0.27561
Feedback: 0.58162
Received=	-0.40431
Feedback: 0.7059
Received=	-0.47581
Feedback: 0.77495
Received=	-0.50866
Feedback: 0.80667
Received=	-0.39969
Feedback: 0.70144
Received=	-0.22601
Feedback: 0.53372
Received=	-0.021813
Feedback: 0.33652
Received=	-0.12917
Feedback: 0.44019
Received=	-0.29853
Feedback: 0.60375
Calculated range:	[(-2.000000) - (2.000000)]
Success index = (0.062226)
Received=	-0.17719
=====  12:27:25 - BASE  ============
Feedback: 0.66
Received=	0.029972
Feedback: 0.66
Received=	0.074604
Feedback: 0.66
Received=	-0.040088
Feedback: 0.66
Received=	-0.2871
Feedback: 0.66
Received=	-0.26588
Feedback: 0.66
Received=	0.010745
Feedback: 0.66
Received=	-0.15962
Feedback: 0.66
Received=	-0.113
Feedback: 0.66
Received=	0.0083693
Feedback: 0.66
Received=	-0.15647
Feedback: 0.66
Received=	-0.35785
Feedback: 0.66
Received=	-0.47088
Feedback: 0.66
Received=	-0.59376
Feedback: 0.66
Received=	-0.53998
Feedback: 0.66
Received=	-0.53183
Feedback: 0.66
Received=	-0.37857
Feedback: 0.66
Received=	-0.23205
Feedback: 0.66
Received=	-0.24024
Feedback: 0.66
Received=	-0.209
Feedback: 0.66
Received=	-0.024123
=====  12:28:25 - NF  ============
Feedback: 0.27545
Received=	0.25775
Feedback: 0.1
Received=	0.081143
Feedback: 0.17036
Received=	0.10039
Feedback: 0.15114
Received=	0.17989
Feedback: 0.1
Received=	0.10686
Feedback: 0.14468
Received=	-0.05913
Feedback: 0.3104
Received=	-0.1811
Feedback: 0.43218
Received=	-0.1039
Feedback: 0.35511
Received=	-0.12629
Feedback: 0.37746
Received=	-0.17593
Feedback: 0.42701
Received=	0.048454
Feedback: 0.20299
Received=	0.15622
Feedback: 0.1
Received=	-0.11943
Feedback: 0.37061
Received=	-0.17413
Feedback: 0.42522
Received=	-0.086932
Feedback: 0.33816
Received=	-0.17136
Feedback: 0.42245
Received=	-0.20776
Feedback: 0.45879
Received=	-0.046889
Feedback: 0.29818
Received=	-0.010268
Feedback: 0.26162
Received=	-0.15578
Feedback: 0.4069
Received=	-0.21419
Feedback: 0.46521
Received=	-0.30737
Feedback: 0.55824
Received=	-0.244
Feedback: 0.49497
Received=	-0.22445
Feedback: 0.47546
Received=	-0.14214
Feedback: 0.39328
Received=	-0.015844
Feedback: 0.26719
Received=	-0.077202
Feedback: 0.32845
Received=	-0.21042
Feedback: 0.46145
Received=	-0.16063
Feedback: 0.41174
Received=	-0.061038
Feedback: 0.31231
Received=	-0.19579
Feedback: 0.44684
Received=	-0.20212
Feedback: 0.45317
Received=	-0.30478
Feedback: 0.55566
Received=	-0.44754
Feedback: 0.69818
Received=	-0.38068
Feedback: 0.63143
Received=	-0.072778
Feedback: 0.32403
Received=	0.027608
Feedback: 0.22381
Received=	-0.088903
Feedback: 0.34013
Received=	-0.29801
Feedback: 0.5489
Received=	-0.42167
Feedback: 0.67236
Received=	-0.21661
Feedback: 0.46763
Received=	-0.14999
Feedback: 0.40111
Received=	-0.31688
Feedback: 0.56774
Received=	-0.30267
Feedback: 0.55355
Received=	-0.088093
Feedback: 0.33932
Received=	0.20216
Feedback: 0.1
Received=	0.40679
Feedback: 0.1
Received=	0.19535
Feedback: 0.1
Received=	0.037156
Feedback: 0.21427
Received=	0.3069
Feedback: 0.1
Received=	0.33467
Feedback: 0.1
Received=	0.1445
Feedback: 0.10711
Received=	0.22241
Feedback: 0.1
Received=	0.13277
Feedback: 0.11882
Received=	0.11764
Feedback: 0.13392
Received=	-0.064469
Feedback: 0.31573
Received=	-0.12434
Feedback: 0.37551
Received=	-0.11519
Feedback: 0.36638
Received=	-0.19141
Feedback: 0.44247
Calculated range:	[(-2.000000) - (2.000000)]
Success index = (0.926392)
closing...
