Direction=-1.000000	; step=1.000000;
Received=	0
Feedback: 0.66
Received=	0
Feedback: 0.66
Received=	0
Feedback: 0.66
Received=	0.029319
Feedback: 0.66
Received=	-0.22282
Feedback: 0.66
Received=	-0.084867
Feedback: 0.66
Received=	0.15311
Feedback: 0.66
Received=	-0.0087782
Feedback: 0.66
Received=	-0.14988
Feedback: 0.66
Received=	-0.13771
Feedback: 0.66
Received=	0.10734
Feedback: 0.66
Received=	0.081835
Feedback: 0.66
Received=	-0.27124
Feedback: 0.66
Received=	-0.38266
Feedback: 0.66
Received=	-0.12526
Feedback: 0.66
Received=	-0.25827
Feedback: 0.66
Received=	-0.1227
Feedback: 0.66
Received=	-0.12458
Feedback: 0.66
Received=	-0.15431
Feedback: 0.66
Received=	-0.21327
Feedback: 0.66
Received=	-0.26428
=====  11:55:23 - NF  ============
Feedback: 0.72377
Received=	-0.16931
Feedback: 0.59059
Received=	-0.13629
Feedback: 0.54429
Received=	0.1628
Feedback: 0.12487
Received=	0.19224
Feedback: 0.1
Received=	0.15757
Feedback: 0.13221
Received=	0.11504
Feedback: 0.19185
Received=	0.14106
Feedback: 0.15536
Received=	0.025199
Feedback: 0.31783
Received=	-0.034591
Feedback: 0.40168
Received=	0.10613
Feedback: 0.20434
Received=	0.15429
Feedback: 0.13681
Received=	0.21857
Feedback: 0.1
Received=	0.038433
Feedback: 0.29927
Received=	-0.073271
Feedback: 0.45592
Received=	-0.058497
Feedback: 0.4352
Received=	-0.13575
Feedback: 0.54353
Received=	0.12616
Feedback: 0.17626
Received=	0.09417
Feedback: 0.22111
Received=	-0.027797
Feedback: 0.39215
Received=	-0.062874
Feedback: 0.44134
Received=	0.016933
Feedback: 0.32942
Received=	0.18845
Feedback: 0.1
Received=	0.15064
Feedback: 0.14193
Received=	0.3105
Feedback: 0.1
Received=	0.38061
Feedback: 0.1
Received=	0.26788
Feedback: 0.1
Received=	0.26861
Feedback: 0.1
Received=	0.044127
Feedback: 0.29129
Received=	-0.086042
Feedback: 0.47383
Received=	0.092071
Feedback: 0.22405
Received=	0.022554
Feedback: 0.32154
Received=	0.19687
Feedback: 0.1
Received=	-0.046496
Feedback: 0.41837
Received=	-0.023847
Feedback: 0.38661
Received=	-0.055383
Feedback: 0.43083
Received=	-0.063849
Feedback: 0.4427
Received=	0.074495
Feedback: 0.2487
Received=	-0.01471
Feedback: 0.37379
Received=	-0.16591
Feedback: 0.58582
Received=	-0.13202
Feedback: 0.5383
Received=	0.19033
Feedback: 0.1
Received=	0.16683
Feedback: 0.11923
Received=	0.019762
Feedback: 0.32545
Received=	0.25153
Feedback: 0.1
Received=	0.26486
Feedback: 0.1
Received=	0.097124
Feedback: 0.21697
Received=	-0.023973
Feedback: 0.38679
Received=	-0.10807
Feedback: 0.50472
Received=	0.16969
Feedback: 0.11521
Received=	0.19243
Feedback: 0.1
Received=	0.090074
Feedback: 0.22686
Received=	0.18066
Feedback: 0.1
Received=	0.17792
Feedback: 0.10367
Received=	0.13629
Feedback: 0.16205
Received=	0.025036
Feedback: 0.31806
Received=	0.16088
Feedback: 0.12757
Received=	0.26746
Feedback: 0.1
Received=	-0.0026807
Feedback: 0.35693
Received=	-0.070405
Feedback: 0.4519
Calculated range:	[(-2.000000) - (2.000000)]
Success index = (1.250832)
Received=	0.070509
=====  11:58:23 - BASE  ============
Feedback: 0.66
Received=	0.36725
Feedback: 0.66
Received=	0.17432
Feedback: 0.66
Received=	-0.025565
Feedback: 0.66
Received=	0.079962
Feedback: 0.66
Received=	0.014279
Feedback: 0.66
Received=	-0.083839
Feedback: 0.66
Received=	-0.10453
Feedback: 0.66
Received=	-0.074341
Feedback: 0.66
Received=	0.23505
Feedback: 0.66
Received=	-0.092231
Feedback: 0.66
Received=	-0.41967
Feedback: 0.66
Received=	-0.34001
Feedback: 0.66
Received=	-0.16322
Feedback: 0.66
Received=	-0.035967
Feedback: 0.66
Received=	0.028765
Feedback: 0.66
Received=	0.043458
Feedback: 0.66
Received=	-0.13044
Feedback: 0.66
Received=	-0.094462
Feedback: 0.66
Received=	-0.010766
Feedback: 0.66
Received=	-0.16198
=====  11:59:23 - NF  ============
Feedback: 0.63583
Received=	-0.047713
Feedback: 0.49005
Received=	-0.062243
Feedback: 0.50859
Received=	0.060552
Feedback: 0.35194
Received=	0.072577
Feedback: 0.3366
Received=	-0.049573
Feedback: 0.49242
Received=	-0.20327
Feedback: 0.68849
Received=	-0.10051
Feedback: 0.55741
Received=	0.23182
Feedback: 0.13344
Received=	0.29588
Feedback: 0.1
Received=	-0.028586
Feedback: 0.46565
Received=	-0.047534
Feedback: 0.48982
Received=	0.16839
Feedback: 0.21437
Received=	0.11742
Feedback: 0.2794
Received=	0.060075
Feedback: 0.35255
Received=	0.17446
Feedback: 0.20662
Received=	0.17218
Feedback: 0.20953
Received=	0.30163
Feedback: 0.1
Received=	0.0067402
Feedback: 0.42059
Received=	-0.14528
Feedback: 0.61453
Received=	-0.1955
Feedback: 0.67858
Received=	-0.19871
Feedback: 0.68268
Received=	-0.089216
Feedback: 0.543
Received=	-0.1825
Feedback: 0.662
Received=	-0.019643
Feedback: 0.45424
Received=	0.083413
Feedback: 0.32277
Received=	0.0043195
Feedback: 0.42367
Received=	0.14595
Feedback: 0.24299
Received=	0.26414
Feedback: 0.1
Received=	0.070479
Feedback: 0.33927
Received=	0.23995
Feedback: 0.12308
Received=	-0.042213
Feedback: 0.48304
Received=	0.17245
Feedback: 0.20918
Received=	0.19332
Feedback: 0.18257
Received=	0.26559
Feedback: 0.1
Received=	0.027383
Feedback: 0.39425
Received=	0.031487
Feedback: 0.38902
Received=	0.0061924
Feedback: 0.42128
Received=	-0.14344
Feedback: 0.61217
Received=	-0.18484
Feedback: 0.66499
Received=	-0.21114
Feedback: 0.69854
Received=	-0.12727
Feedback: 0.59155
Received=	-0.15996
Feedback: 0.63325
Received=	-0.22101
Feedback: 0.71113
Received=	-0.071814
Feedback: 0.5208
Received=	-0.10512
Feedback: 0.56329
Received=	-0.30436
Feedback: 0.81746
Received=	-0.066777
Feedback: 0.51437
Received=	0.11761
Feedback: 0.27914
Received=	-0.053041
Feedback: 0.49685
Received=	-0.20367
Feedback: 0.68901
Received=	-0.29377
Feedback: 0.80394
Received=	-0.30549
Feedback: 0.81891
Received=	-0.33288
Feedback: 0.85384
Received=	-0.16201
Feedback: 0.63586
Received=	-0.097606
Feedback: 0.5537
Received=	-0.11623
Feedback: 0.57746
Received=	0.0031264
Feedback: 0.4252
Received=	-0.11882
Feedback: 0.58077
Received=	-0.12814
Feedback: 0.59265
Calculated range:	[(-2.000000) - (2.000000)]
Success index = (0.168975)
Received=	-0.075129
=====  12:2:23 - BASE  ============
Feedback: 0.66
Received=	0.074115
Feedback: 0.66
Received=	0.058348
Feedback: 0.66
Received=	-0.094492
Feedback: 0.66
Received=	-0.20212
Feedback: 0.66
Received=	-0.044314
Feedback: 0.66
Received=	-0.10024
Feedback: 0.66
Received=	-0.17208
Feedback: 0.66
Received=	-0.099447
Feedback: 0.66
Received=	-0.019512
Feedback: 0.66
Received=	-0.087586
Feedback: 0.66
Received=	-0.090841
Feedback: 0.66
Received=	0.05965
Feedback: 0.66
Received=	-0.097192
Feedback: 0.66
Received=	-0.17099
Feedback: 0.66
Received=	-0.20145
Feedback: 0.66
Received=	-0.20825
Feedback: 0.66
Received=	0.066266
Feedback: 0.66
Received=	0.22862
Feedback: 0.66
Received=	0.28334
Feedback: 0.66
Received=	0.41256
=====  12:3:23 - NF  ============
Feedback: 0.1
Received=	0.16151
Feedback: 0.20145
Received=	0.19997
Feedback: 0.14705
Received=	0.02264
Feedback: 0.39786
Received=	-0.12427
Feedback: 0.60566
Received=	0.10987
Feedback: 0.27448
Received=	0.31158
Feedback: 0.1
Received=	0.077561
Feedback: 0.32018
Received=	-0.35461
Feedback: 0.9
Received=	-0.18034
Feedback: 0.68496
Received=	0.0076331
Feedback: 0.41909
Received=	0.23237
Feedback: 0.10122
Received=	-0.012551
Feedback: 0.44764
Received=	-0.0135
Feedback: 0.44898
Received=	-0.25678
Feedback: 0.79307
Received=	-0.41759
Feedback: 0.9
Received=	-0.29229
Feedback: 0.8433
Received=	-0.075237
Feedback: 0.5363
Received=	-0.066414
Feedback: 0.52382
Received=	-0.11611
Feedback: 0.59411
Received=	-0.057155
Feedback: 0.51072
Received=	-0.00032087
Feedback: 0.43034
Received=	-0.12217
Feedback: 0.60268
Received=	-0.097759
Feedback: 0.56816
Received=	-0.23366
Feedback: 0.76038
Received=	-0.1288
Feedback: 0.61206
Received=	-0.1961
Feedback: 0.70725
Received=	0.034141
Feedback: 0.38159
Received=	0.35316
Feedback: 0.1
Received=	0.25312
Feedback: 0.1
Received=	-0.047857
Feedback: 0.49757
Received=	0.02031
Feedback: 0.40116
Received=	0.12462
Feedback: 0.25362
Received=	0.13068
Feedback: 0.24504
Received=	0.047055
Feedback: 0.36333
Received=	-0.10682
Feedback: 0.58097
Received=	-0.01395
Feedback: 0.44962
Received=	-0.050362
Feedback: 0.50112
Received=	-0.20678
Feedback: 0.72236
Received=	-0.21594
Feedback: 0.73532
Received=	-0.25639
Feedback: 0.79252
Received=	-0.43623
Feedback: 0.9
Received=	-0.25714
Feedback: 0.79359
Received=	-0.058154
Feedback: 0.51214
Received=	-0.27601
Feedback: 0.82027
Received=	-0.29731
Feedback: 0.85041
Received=	-0.16974
Feedback: 0.66996
Received=	-0.028566
Feedback: 0.47029
Received=	0.0013969
Feedback: 0.42791
Received=	-0.16365
Feedback: 0.66135
Received=	-0.32845
Feedback: 0.89444
Received=	-0.30185
Feedback: 0.85682
Received=	-0.11188
Feedback: 0.58812
Received=	0.00063545
Feedback: 0.42899
Received=	0.015664
Feedback: 0.40773
Received=	-0.01914
Feedback: 0.45696
Received=	-0.060647
Feedback: 0.51566
Received=	-0.28427
Feedback: 0.83196
Received=	-0.24469
Feedback: 0.77597
Received=	0.21357
Feedback: 0.12781
Calculated range:	[(-2.000000) - (2.000000)]
Success index = (-0.091859)
Received=	0.20035
=====  12:6:23 - BASE  ============
Feedback: 0.66
Received=	-0.045204
Feedback: 0.66
Received=	-0.0086738
Feedback: 0.66
Received=	-0.18641
Feedback: 0.66
Received=	-0.12728
Feedback: 0.66
Received=	0.45705
Feedback: 0.66
Received=	0.51384
Feedback: 0.66
Received=	0.14646
Feedback: 0.66
Received=	0.025555
Feedback: 0.66
Received=	0.16905
Feedback: 0.66
Received=	0.1711
Feedback: 0.66
Received=	-0.03459
Feedback: 0.66
Received=	-0.18114
Feedback: 0.66
Received=	-0.22594
Feedback: 0.66
Received=	-0.25393
Feedback: 0.66
Received=	-0.10701
Feedback: 0.66
Received=	-0.1159
Feedback: 0.66
Received=	0.0001282
Feedback: 0.66
Received=	0.051194
Feedback: 0.66
Received=	-0.080338
Feedback: 0.66
Received=	0.027795
=====  12:7:23 - NF  ============
Feedback: 0.48515
Received=	0.14221
Feedback: 0.37865
Received=	0.14642
Feedback: 0.37473
Received=	0.20467
Feedback: 0.32052
Received=	0.16483
Feedback: 0.3576
Received=	-0.0073671
Feedback: 0.51788
Received=	-0.030843
Feedback: 0.53973
Received=	0.0079451
Feedback: 0.50363
Received=	-0.12193
Feedback: 0.62452
Received=	-0.26635
Feedback: 0.75895
Received=	-0.13457
Feedback: 0.63628
Received=	-0.046774
Feedback: 0.55456
Received=	-0.14754
Feedback: 0.64835
Received=	-0.18399
Feedback: 0.68228
Received=	-0.23355
Feedback: 0.72841
Received=	-0.00021808
Feedback: 0.51123
Received=	-0.15034
Feedback: 0.65096
Received=	-0.35234
Feedback: 0.83898
Received=	-0.34282
Feedback: 0.83012
Received=	-0.046571
Feedback: 0.55437
Received=	-0.12334
Feedback: 0.62583
Received=	0.088458
Feedback: 0.42869
Received=	0.017518
Feedback: 0.49472
Received=	0.05334
Feedback: 0.46137
Received=	-0.12439
Feedback: 0.6268
Received=	0.12684
Feedback: 0.39296
Received=	0.21895
Feedback: 0.30723
Received=	-0.057128
Feedback: 0.5642
Received=	0.14244
Feedback: 0.37844
Received=	0.15926
Feedback: 0.36279
Received=	0.048528
Feedback: 0.46585
Received=	-0.053161
Feedback: 0.56051
Received=	-0.021395
Feedback: 0.53094
Received=	0.1251
Feedback: 0.39458
Received=	-0.057986
Feedback: 0.565
Received=	-0.2877
Feedback: 0.77882
Received=	-0.1179
Feedback: 0.62077
Received=	0.17522
Feedback: 0.34793
Received=	0.14977
Feedback: 0.37162
Received=	0.030978
Feedback: 0.48219
Received=	0.18978
Feedback: 0.33437
Received=	3.0708e-05
Feedback: 0.51099
Received=	0.035103
Feedback: 0.47835
Received=	0.22546
Feedback: 0.30117
Received=	0.2299
Feedback: 0.29704
Received=	0.23528
Feedback: 0.29202
Received=	-0.0056272
Feedback: 0.51626
Received=	-0.021
Feedback: 0.53057
Received=	0.029095
Feedback: 0.48394
Received=	0.27521
Feedback: 0.25486
Received=	0.19405
Feedback: 0.3304
Received=	-0.050221
Feedback: 0.55777
Received=	-0.45814
Feedback: 0.9
Received=	-0.65135
Feedback: 0.9
Received=	-0.19905
Feedback: 0.6963
Received=	-0.21955
Feedback: 0.71538
Received=	-0.20509
Feedback: 0.70192
Received=	0.062311
Feedback: 0.45302
Received=	-0.11726
Feedback: 0.62017
Received=	-0.20764
Feedback: 0.7043
Calculated range:	[(-2.000000) - (2.000000)]
Success index = (-0.195003)
Received=	-0.21655
=====  12:10:23 - BASE  ============
Feedback: 0.66
Received=	-0.14432
Feedback: 0.66
Received=	-0.0094009
Feedback: 0.66
Received=	0.069223
Feedback: 0.66
Received=	-0.02635
Feedback: 0.66
Received=	0.02492
Feedback: 0.66
Received=	0.079928
Feedback: 0.66
Received=	0.59459
Feedback: 0.66
Received=	0.27475
Feedback: 0.66
Received=	0.093675
Feedback: 0.66
Received=	0.12889
Feedback: 0.66
Received=	0.13967
Feedback: 0.66
Received=	-0.094179
Feedback: 0.66
Received=	-0.16091
Feedback: 0.66
Received=	0.24222
Feedback: 0.66
Received=	0.31402
Feedback: 0.66
Received=	0.038975
Feedback: 0.66
Received=	0.21913
Feedback: 0.66
Received=	0.36629
Feedback: 0.66
Received=	0.25094
Feedback: 0.66
Received=	-0.1675
=====  12:11:23 - NF  ============
Feedback: 0.83896
Received=	-0.077686
Feedback: 0.74042
Received=	-0.085906
Feedback: 0.74944
Received=	0.07786
Feedback: 0.56978
Received=	0.41245
Feedback: 0.20272
Received=	0.046464
Feedback: 0.60422
Received=	-0.059521
Feedback: 0.7205
Received=	-0.18177
Feedback: 0.85461
Received=	-0.2435
Feedback: 0.9
Received=	-0.22847
Feedback: 0.9
Received=	-0.23666
Feedback: 0.9
Received=	-0.25305
Feedback: 0.9
Received=	-0.11105
Feedback: 0.77702
Received=	0.025187
Feedback: 0.62756
Received=	0.19977
Feedback: 0.43604
Received=	0.46135
Feedback: 0.14907
Received=	0.03716
Feedback: 0.61443
Received=	0.0026212
Feedback: 0.65232
Received=	0.17509
Feedback: 0.46312
Received=	0.092093
Feedback: 0.55416
Received=	0.26018
Feedback: 0.36977
Received=	0.095826
Feedback: 0.55007
Received=	-0.12537
Feedback: 0.79273
Received=	-0.08328
Feedback: 0.74656
Received=	-0.10454
Feedback: 0.76988
Received=	-0.12452
Feedback: 0.7918
Received=	-0.18885
Feedback: 0.86238
Received=	-0.11503
Feedback: 0.78139
Received=	0.082891
Feedback: 0.56426
Received=	0.035862
Feedback: 0.61585
Received=	0.16869
Feedback: 0.47014
Received=	0.42508
Feedback: 0.18885
Received=	0.1344
Feedback: 0.50775
Received=	0.029241
Feedback: 0.62312
Received=	0.11359
Feedback: 0.53058
Received=	0.11467
Feedback: 0.52939
Received=	-0.066756
Feedback: 0.72843
Received=	0.080977
Feedback: 0.56636
Received=	0.081896
Feedback: 0.56535
Received=	-0.013347
Feedback: 0.66984
Received=	0.084353
Feedback: 0.56266
Received=	-0.038319
Feedback: 0.69723
Received=	0.18383
Feedback: 0.45353
Received=	0.11789
Feedback: 0.52586
Received=	0.04196
Feedback: 0.60916
Received=	-0.077352
Feedback: 0.74006
Received=	-0.080962
Feedback: 0.74402
Received=	-0.11425
Feedback: 0.78053
Received=	0.062979
Feedback: 0.5861
Received=	0.11407
Feedback: 0.53005
Received=	-0.0087911
Feedback: 0.66484
Received=	0.11074
Feedback: 0.5337
Received=	0.10635
Feedback: 0.53852
Received=	0.13607
Feedback: 0.50592
Received=	0.17172
Feedback: 0.46681
Received=	0.25878
Feedback: 0.37129
Received=	-0.22261
Feedback: 0.89941
Received=	-0.27874
Feedback: 0.9
Received=	0.20721
Feedback: 0.42787
Received=	0.25784
Feedback: 0.37233
Calculated range:	[(-2.000000) - (2.000000)]
Success index = (-0.656971)
closing...
