Direction=-1.000000	; step=1.000000;
Received=	0
Feedback: 0.66
Received=	0
Feedback: 0.66
Received=	0
Feedback: 0.66
Received=	0.29435
Feedback: 0.66
Received=	0.43118
Feedback: 0.66
Received=	0.65342
Feedback: 0.66
Received=	0.71778
Feedback: 0.66
Received=	0.00032744
Feedback: 0.66
Received=	-0.47325
Feedback: 0.66
Received=	-0.36008
Feedback: 0.66
Received=	-0.5026
Feedback: 0.66
Received=	-0.62936
Feedback: 0.66
Received=	-0.42442
Feedback: 0.66
Received=	-0.10061
Feedback: 0.66
Received=	0.25405
Feedback: 0.66
Received=	0.54336
Feedback: 0.66
Received=	0.618
Feedback: 0.66
Received=	0.34764
Feedback: 0.66
Received=	0.34872
Feedback: 0.66
Received=	0.23745
Feedback: 0.66
Received=	0.088212
=====  12:37:40 - NF  ============
Feedback: 0.50938
Received=	-0.10566
Feedback: 0.59826
Received=	-0.079397
Feedback: 0.58622
Received=	-0.20501
Feedback: 0.64381
Received=	-0.015189
Feedback: 0.55678
Received=	0.68334
Feedback: 0.23654
Received=	0.44184
Feedback: 0.34725
Received=	0.27715
Feedback: 0.42276
Received=	0.063369
Feedback: 0.52077
Received=	-0.027961
Feedback: 0.56264
Received=	0.18761
Feedback: 0.46381
Received=	0.55919
Feedback: 0.29345
Received=	0.87798
Feedback: 0.1473
Received=	0.31803
Feedback: 0.40402
Received=	0.0094894
Feedback: 0.54547
Received=	0.14354
Feedback: 0.48401
Received=	-0.047132
Feedback: 0.57143
Received=	-0.010355
Feedback: 0.55457
Received=	0.063094
Feedback: 0.52089
Received=	0.04262
Feedback: 0.53028
Received=	0.57147
Feedback: 0.28782
Received=	0.74988
Feedback: 0.20603
Received=	0.59701
Feedback: 0.27611
Received=	0.60876
Feedback: 0.27073
Received=	0.55529
Feedback: 0.29524
Received=	0.69591
Feedback: 0.23078
Received=	0.62419
Feedback: 0.26365
Received=	0.61402
Feedback: 0.26832
Received=	0.73197
Feedback: 0.21424
Received=	0.75748
Feedback: 0.20255
Received=	0.55968
Feedback: 0.29323
Received=	0.44357
Feedback: 0.34646
Received=	0.35041
Feedback: 0.38917
Received=	0.19629
Feedback: 0.45983
Received=	0.54692
Feedback: 0.29908
Received=	0.88436
Feedback: 0.14438
Received=	0.64829
Feedback: 0.2526
Received=	0.48022
Feedback: 0.32966
Received=	0.093054
Feedback: 0.50716
Received=	-0.070645
Feedback: 0.58221
Received=	-0.18881
Feedback: 0.63638
Received=	-0.19286
Feedback: 0.63824
Received=	-0.31473
Feedback: 0.69411
Received=	0.012093
Feedback: 0.54427
Received=	0.037322
Feedback: 0.53271
Received=	-0.1377
Feedback: 0.61295
Received=	-0.050302
Feedback: 0.57288
Received=	-0.13632
Feedback: 0.61231
Received=	-0.096692
Feedback: 0.59415
Received=	0.016746
Feedback: 0.54214
Received=	0.81869
Feedback: 0.17449
Received=	1.0549
Feedback: 0.1
Received=	0.92301
Feedback: 0.12666
Received=	0.54293
Feedback: 0.30091
Received=	0.85859
Feedback: 0.15619
Received=	0.68066
Feedback: 0.23776
Received=	0.34563
Feedback: 0.39136
Received=	0.46566
Feedback: 0.33633
Received=	0.88982
Feedback: 0.14188
Received=	0.68629
Feedback: 0.23518
Calculated range:	[(-2.000000) - (2.000000)]
Success index = (0.591152)
Received=	0.65568
=====  12:40:40 - BASE  ============
Feedback: 0.66
Received=	0.78133
Feedback: 0.66
Received=	1.041
Feedback: 0.66
Received=	1.0128
Feedback: 0.66
Received=	0.93172
Feedback: 0.66
Received=	0.49915
Feedback: 0.66
Received=	0.39133
Feedback: 0.66
Received=	0.17968
Feedback: 0.66
Received=	0.38492
Feedback: 0.66
Received=	0.58313
Feedback: 0.66
Received=	0.75794
Feedback: 0.66
Received=	0.83772
Feedback: 0.66
Received=	0.83588
Feedback: 0.66
Received=	1.0176
Feedback: 0.66
Received=	1.1471
Feedback: 0.66
Received=	0.85738
Feedback: 0.66
Received=	0.34938
Feedback: 0.66
Received=	0.42848
Feedback: 0.66
Received=	0.57002
Feedback: 0.66
Received=	0.7665
Feedback: 0.66
Received=	0.9576
=====  12:41:40 - NF  ============
Feedback: 0.3183
Received=	0.92692
Feedback: 0.3399
Received=	0.87777
Feedback: 0.37451
Received=	0.87994
Feedback: 0.37298
Received=	0.99142
Feedback: 0.29448
Received=	0.69686
Feedback: 0.50189
Received=	0.63391
Feedback: 0.54622
Received=	0.61852
Feedback: 0.55706
Received=	0.25098
Feedback: 0.81585
Received=	0.45881
Feedback: 0.66951
Received=	0.71137
Feedback: 0.49168
Received=	0.50471
Feedback: 0.63719
Received=	0.39763
Feedback: 0.71259
Received=	0.42708
Feedback: 0.69186
Received=	0.52351
Feedback: 0.62395
Received=	0.77819
Feedback: 0.44463
Received=	0.62898
Feedback: 0.54969
Received=	0.35852
Feedback: 0.74013
Received=	-0.027418
Feedback: 0.9
Received=	-0.024437
Feedback: 0.9
Received=	0.3747
Feedback: 0.72874
Received=	0.29728
Feedback: 0.78326
Received=	0.23885
Feedback: 0.8244
Received=	-0.011477
Feedback: 0.9
Received=	-0.27489
Feedback: 0.9
Received=	-0.082002
Feedback: 0.9
Received=	0.56359
Feedback: 0.59573
Received=	0.9853
Feedback: 0.29879
Received=	1.0182
Feedback: 0.2756
Received=	0.78356
Feedback: 0.44084
Received=	0.64208
Feedback: 0.54046
Received=	0.51551
Feedback: 0.62959
Received=	0.36515
Feedback: 0.73546
Received=	0.2565
Feedback: 0.81197
Received=	0.42926
Feedback: 0.69032
Received=	0.68306
Feedback: 0.51161
Received=	0.47264
Feedback: 0.65978
Received=	0.49211
Feedback: 0.64606
Received=	0.64558
Feedback: 0.538
Received=	0.70366
Feedback: 0.4971
Received=	0.7695
Feedback: 0.45075
Received=	0.49065
Feedback: 0.64709
Received=	0.25548
Feedback: 0.81269
Received=	0.2908
Feedback: 0.78782
Received=	0.53384
Feedback: 0.61668
Received=	0.87802
Feedback: 0.37433
Received=	0.99093
Feedback: 0.29483
Received=	0.59632
Feedback: 0.57269
Received=	0.19638
Feedback: 0.8543
Received=	-0.032765
Feedback: 0.9
Received=	0.10416
Feedback: 0.9
Received=	0.75529
Feedback: 0.46075
Received=	0.6659
Feedback: 0.52369
Received=	0.45386
Feedback: 0.673
Received=	0.42495
Feedback: 0.69336
Received=	0.12183
Feedback: 0.9
Received=	0.27468
Feedback: 0.79917
Received=	0.64307
Feedback: 0.53977
Received=	0.58573
Feedback: 0.58014
Received=	0.46673
Feedback: 0.66393
Calculated range:	[(-2.000000) - (2.000000)]
Success index = (-0.665189)
Received=	0.76361
=====  12:44:40 - BASE  ============
Feedback: 0.66
Received=	0.681
Feedback: 0.66
Received=	0.75112
Feedback: 0.66
Received=	0.6431
Feedback: 0.66
Received=	0.92236
Feedback: 0.66
Received=	0.3956
Feedback: 0.66
Received=	0.13007
Feedback: 0.66
Received=	0.19442
Feedback: 0.66
Received=	0.066059
Feedback: 0.66
Received=	0.13469
Feedback: 0.66
Received=	-0.0024469
Feedback: 0.66
Received=	0.14651
Feedback: 0.66
Received=	0.49607
Feedback: 0.66
Received=	0.41083
Feedback: 0.66
Received=	0.36118
Feedback: 0.66
Received=	0.5994
Feedback: 0.66
Received=	0.81163
Feedback: 0.66
Received=	1.0355
Feedback: 0.66
Received=	1.2617
Feedback: 0.66
Received=	0.93793
Feedback: 0.66
Received=	0.82407
=====  12:45:40 - NF  ============
Feedback: 0.33591
Received=	0.64134
Feedback: 0.43338
Received=	0.48407
Feedback: 0.51726
Received=	0.27273
Feedback: 0.62998
Received=	0.16828
Feedback: 0.68569
Received=	-0.027399
Feedback: 0.79006
Received=	0.085915
Feedback: 0.72962
Received=	0.67806
Feedback: 0.41379
Received=	0.86345
Feedback: 0.31491
Received=	0.56208
Feedback: 0.47565
Received=	0.30828
Feedback: 0.61102
Received=	0.62201
Feedback: 0.44368
Received=	1.1094
Feedback: 0.1837
Received=	1.2653
Feedback: 0.10058
Received=	1.1087
Feedback: 0.1841
Received=	1.0234
Feedback: 0.22957
Received=	0.42568
Feedback: 0.5484
Received=	0.45005
Feedback: 0.5354
Received=	0.67224
Feedback: 0.41689
Received=	0.45123
Feedback: 0.53477
Received=	0.34065
Feedback: 0.59375
Received=	0.39228
Feedback: 0.56622
Received=	0.4416
Feedback: 0.53991
Received=	0.71072
Feedback: 0.39637
Received=	0.54398
Feedback: 0.4853
Received=	0.54011
Feedback: 0.48737
Received=	0.62599
Feedback: 0.44156
Received=	0.51459
Feedback: 0.50098
Received=	0.65254
Feedback: 0.4274
Received=	0.89566
Feedback: 0.29773
Received=	0.91065
Feedback: 0.28973
Received=	0.35187
Feedback: 0.58777
Received=	0.12515
Feedback: 0.7087
Received=	-0.04893
Feedback: 0.80155
Received=	0.20558
Feedback: 0.66579
Received=	0.88489
Feedback: 0.30347
Received=	1.1581
Feedback: 0.15775
Received=	0.84837
Feedback: 0.32295
Received=	0.69259
Feedback: 0.40604
Received=	0.64889
Feedback: 0.42935
Received=	0.55684
Feedback: 0.47845
Received=	0.26629
Feedback: 0.63342
Received=	0.077131
Feedback: 0.73431
Received=	0.37273
Feedback: 0.57665
Received=	0.5185
Feedback: 0.4989
Received=	0.71344
Feedback: 0.39492
Received=	0.71632
Feedback: 0.39338
Received=	0.77759
Feedback: 0.3607
Received=	0.77686
Feedback: 0.36109
Received=	0.95374
Feedback: 0.26675
Received=	0.72097
Feedback: 0.3909
Received=	0.46453
Feedback: 0.52768
Received=	0.36912
Feedback: 0.57857
Received=	0.41551
Feedback: 0.55383
Received=	0.49832
Feedback: 0.50966
Received=	0.44852
Feedback: 0.53622
Received=	0.19295
Feedback: 0.67253
Received=	0.56862
Feedback: 0.47216
Received=	0.75449
Feedback: 0.37302
Received=	0.92468
Feedback: 0.28225
Calculated range:	[(-2.000000) - (2.000000)]
Success index = (0.187265)
Received=	0.84666
=====  12:48:40 - BASE  ============
Feedback: 0.66
Received=	0.25945
Feedback: 0.66
Received=	-0.026816
Feedback: 0.66
Received=	0.4796
Feedback: 0.66
Received=	0.84161
Feedback: 0.66
Received=	0.93762
Feedback: 0.66
Received=	0.9848
Feedback: 0.66
Received=	1.1438
Feedback: 0.66
Received=	1.533
Feedback: 0.66
Received=	1.5586
Feedback: 0.66
Received=	1.4039
Feedback: 0.66
Received=	1.1132
Feedback: 0.66
Received=	0.51586
Feedback: 0.66
Received=	0.43389
Feedback: 0.66
Received=	0.4385
Feedback: 0.66
Received=	0.66393
Feedback: 0.66
Received=	0.46769
Feedback: 0.66
Received=	0.10335
Feedback: 0.66
Received=	0.28819
Feedback: 0.66
Received=	0.23975
Feedback: 0.66
Received=	0.53245
=====  12:49:40 - NF  ============
Feedback: 0.58121
Received=	0.78172
Feedback: 0.47818
Received=	0.94202
Feedback: 0.41191
Received=	1.0268
Feedback: 0.37689
Received=	0.79687
Feedback: 0.47191
Received=	0.7885
Feedback: 0.47537
Received=	0.74131
Feedback: 0.49488
Received=	0.48416
Feedback: 0.60118
Received=	0.33454
Feedback: 0.66303
Received=	0.46453
Feedback: 0.60929
Received=	0.014052
Feedback: 0.7955
Received=	0.13727
Feedback: 0.74457
Received=	0.46611
Feedback: 0.60864
Received=	0.54372
Feedback: 0.57656
Received=	0.058429
Feedback: 0.77716
Received=	-0.57297
Feedback: 0.9
Received=	-0.7989
Feedback: 0.9
Received=	-0.58617
Feedback: 0.9
Received=	0.085833
Feedback: 0.76583
Received=	0.47332
Feedback: 0.60566
Received=	0.88357
Feedback: 0.43607
Received=	0.54787
Feedback: 0.57484
Received=	0.172
Feedback: 0.73021
Received=	0.15775
Feedback: 0.7361
Received=	0.38597
Feedback: 0.64177
Received=	0.64164
Feedback: 0.53608
Received=	0.65068
Feedback: 0.53234
Received=	0.50051
Feedback: 0.59442
Received=	0.17538
Feedback: 0.72881
Received=	-0.087634
Feedback: 0.83754
Received=	0.2816
Feedback: 0.68491
Received=	0.5945
Feedback: 0.55557
Received=	0.74849
Feedback: 0.49191
Received=	0.56602
Feedback: 0.56734
Received=	0.64356
Feedback: 0.53528
Received=	0.91949
Feedback: 0.42122
Received=	1.0452
Feedback: 0.36925
Received=	0.90187
Feedback: 0.42851
Received=	0.64275
Feedback: 0.53562
Received=	0.081473
Feedback: 0.76763
Received=	-0.22077
Feedback: 0.89257
Received=	-0.15501
Feedback: 0.86539
Received=	-0.054642
Feedback: 0.8239
Received=	0.16602
Feedback: 0.73268
Received=	0.61154
Feedback: 0.54852
Received=	0.7195
Feedback: 0.50389
Received=	0.51036
Feedback: 0.59035
Received=	0.31436
Feedback: 0.67137
Received=	0.41475
Feedback: 0.62987
Received=	0.42211
Feedback: 0.62682
Received=	0.51683
Feedback: 0.58767
Received=	0.63188
Feedback: 0.54011
Received=	0.052463
Feedback: 0.77963
Received=	-0.13077
Feedback: 0.85537
Received=	-0.23361
Feedback: 0.89788
Received=	0.10545
Feedback: 0.75772
Received=	0.32969
Feedback: 0.66503
Received=	0.55661
Feedback: 0.57123
Received=	0.6369
Feedback: 0.53804
Received=	0.96895
Feedback: 0.40078
Calculated range:	[(-2.000000) - (2.000000)]
Success index = (-0.801850)
Received=	0.81682
=====  12:52:40 - BASE  ============
Feedback: 0.66
Received=	0.65745
Feedback: 0.66
Received=	0.33066
Feedback: 0.66
Received=	0.34529
Feedback: 0.66
Received=	0.52576
Feedback: 0.66
Received=	0.73276
Feedback: 0.66
Received=	0.89992
Feedback: 0.66
Received=	0.65957
Feedback: 0.66
Received=	0.88933
Feedback: 0.66
Received=	0.8798
Feedback: 0.66
Received=	0.14301
Feedback: 0.66
Received=	-0.019311
Feedback: 0.66
Received=	0.71899
Feedback: 0.66
Received=	1.0936
Feedback: 0.66
Received=	0.4162
Feedback: 0.66
Received=	-0.014638
Feedback: 0.66
Received=	0.01362
Feedback: 0.66
Received=	0.23999
Feedback: 0.66
Received=	0.65897
Feedback: 0.66
Received=	0.8645
Feedback: 0.66
Received=	1.0933
=====  12:53:40 - NF  ============
Feedback: 0.1753
Received=	0.76956
Feedback: 0.35897
Received=	0.87075
Feedback: 0.30156
Received=	0.92864
Feedback: 0.26871
Received=	0.84173
Feedback: 0.31802
Received=	1.0687
Feedback: 0.18927
Received=	1.0549
Feedback: 0.19709
Received=	0.71814
Feedback: 0.38814
Received=	0.71652
Feedback: 0.38906
Received=	0.6854
Feedback: 0.40672
Received=	0.36509
Feedback: 0.58846
Received=	0.22923
Feedback: 0.66555
Received=	0.24546
Feedback: 0.65633
Received=	0.77795
Feedback: 0.35421
Received=	1.1363
Feedback: 0.15089
Received=	0.61079
Feedback: 0.44905
Received=	0.026279
Feedback: 0.7807
Received=	-0.12259
Feedback: 0.86516
Received=	-0.21702
Feedback: 0.9
Received=	0.14199
Feedback: 0.71504
Received=	0.92578
Feedback: 0.27033
Received=	0.80227
Feedback: 0.34041
Received=	0.76426
Feedback: 0.36198
Received=	0.087282
Feedback: 0.74608
Received=	0.09224
Feedback: 0.74327
Received=	0.29607
Feedback: 0.62762
Received=	0.54825
Feedback: 0.48454
Received=	1.1752
Feedback: 0.12881
Received=	1.0479
Feedback: 0.20105
Received=	0.73922
Feedback: 0.37619
Received=	0.72782
Feedback: 0.38265
Received=	0.92533
Feedback: 0.27059
Received=	0.43331
Feedback: 0.54976
Received=	0.12392
Feedback: 0.7253
Received=	0.38215
Feedback: 0.57878
Received=	0.52818
Feedback: 0.49593
Received=	0.20172
Feedback: 0.68116
Received=	-0.28962
Feedback: 0.9
Received=	0.13961
Feedback: 0.7164
Received=	0.49618
Feedback: 0.51408
Received=	0.31129
Feedback: 0.61899
Received=	0.105
Feedback: 0.73603
Received=	0.17996
Feedback: 0.6935
Received=	0.31875
Feedback: 0.61475
Received=	0.43813
Feedback: 0.54702
Received=	0.33675
Feedback: 0.60454
Received=	0.18005
Feedback: 0.69345
Received=	-0.026991
Feedback: 0.81092
Received=	-0.13772
Feedback: 0.87375
Received=	0.22846
Feedback: 0.66598
Received=	0.6459
Feedback: 0.42913
Received=	0.52516
Feedback: 0.49764
Received=	0.99202
Feedback: 0.23275
Received=	1.086
Feedback: 0.17946
Received=	1.0312
Feedback: 0.21052
Received=	0.62749
Feedback: 0.43958
Received=	0.78362
Feedback: 0.35099
Received=	0.98862
Feedback: 0.23468
Received=	0.75672
Feedback: 0.36626
Received=	0.118
Feedback: 0.72865
Calculated range:	[(-2.000000) - (2.000000)]
Success index = (0.013870)
closing...
