Direction=-1.000000	; step=1.000000;
Received=	0
Feedback: 0.66
Received=	0
Feedback: 0.66
Received=	0
Feedback: 0.66
Received=	-0.45679
Feedback: 0.66
Received=	-0.51778
Feedback: 0.66
Received=	-0.2487
Feedback: 0.66
Received=	-0.15053
Feedback: 0.66
Received=	-0.2298
Feedback: 0.66
Received=	-0.021078
Feedback: 0.66
Received=	-0.27708
Feedback: 0.66
Received=	-0.64438
Feedback: 0.66
Received=	-0.85219
Feedback: 0.66
Received=	-0.72296
Feedback: 0.66
Received=	-0.75248
Feedback: 0.66
Received=	-0.3937
Feedback: 0.66
Received=	-0.088848
Feedback: 0.66
Received=	-0.36177
Feedback: 0.66
Received=	-0.34164
Feedback: 0.66
Received=	-0.40931
Feedback: 0.66
Received=	-0.5418
Feedback: 0.66
Received=	-0.57849
=====  12:50:34 - NF  ============
Feedback: 0.65119
Received=	-0.24631
Feedback: 0.38545
Received=	-0.19256
Feedback: 0.34246
Received=	-0.38536
Feedback: 0.4967
Received=	-0.37011
Feedback: 0.4845
Received=	-0.39412
Feedback: 0.5037
Received=	-0.41496
Feedback: 0.52037
Received=	-0.33581
Feedback: 0.45706
Received=	-0.51656
Feedback: 0.60165
Received=	-0.60328
Feedback: 0.67103
Received=	-0.60756
Feedback: 0.67445
Received=	-0.71832
Feedback: 0.76306
Received=	-0.41737
Feedback: 0.5223
Received=	-0.46303
Feedback: 0.55883
Received=	-0.61386
Feedback: 0.67949
Received=	-0.65024
Feedback: 0.70859
Received=	-0.76668
Feedback: 0.80174
Received=	-0.7845
Feedback: 0.816
Received=	-0.38182
Feedback: 0.49386
Received=	-0.11424
Feedback: 0.2798
Received=	-0.3343
Feedback: 0.45585
Received=	-0.57464
Feedback: 0.64811
Received=	-0.6568
Feedback: 0.71384
Received=	-0.57476
Feedback: 0.64821
Received=	-0.65407
Feedback: 0.71166
Received=	-0.60338
Feedback: 0.67111
Received=	-0.79019
Feedback: 0.82055
Received=	-0.8739
Feedback: 0.88752
Received=	-0.63027
Feedback: 0.69261
Received=	-0.83445
Feedback: 0.85595
Received=	-0.5675
Feedback: 0.6424
Received=	-0.39248
Feedback: 0.50239
Received=	-0.5975
Feedback: 0.6664
Received=	-0.51065
Feedback: 0.59692
Received=	-0.40105
Feedback: 0.50924
Received=	-0.56325
Feedback: 0.639
Received=	-0.68771
Feedback: 0.73857
Received=	-0.67615
Feedback: 0.72932
Received=	-0.57708
Feedback: 0.65006
Received=	-0.50479
Feedback: 0.59224
Received=	-0.29841
Feedback: 0.42714
Received=	-0.45157
Feedback: 0.54966
Received=	-0.50086
Feedback: 0.58909
Received=	-0.29382
Feedback: 0.42347
Received=	-0.32384
Feedback: 0.44748
Received=	-0.59359
Feedback: 0.66327
Received=	-0.44252
Feedback: 0.54242
Received=	-0.10373
Feedback: 0.2714
Received=	-0.34544
Feedback: 0.46476
Received=	-0.43506
Feedback: 0.53645
Received=	-0.81268
Feedback: 0.83854
Received=	-0.69035
Feedback: 0.74068
Received=	-0.58089
Feedback: 0.65311
Received=	-0.44512
Feedback: 0.5445
Received=	-0.537
Feedback: 0.61801
Received=	-0.51093
Feedback: 0.59714
Received=	-0.52599
Feedback: 0.6092
Received=	-0.42619
Feedback: 0.52936
Received=	-0.39116
Feedback: 0.50133
Received=	-0.60477
Feedback: 0.67222
Calculated range:	[(-2.000000) - (2.000000)]
Success index = (-0.663486)
Received=	-0.52179
=====  12:53:34 - BASE  ============
Feedback: 0.66
Received=	-0.67538
Feedback: 0.66
Received=	-0.56363
Feedback: 0.66
Received=	-0.30934
Feedback: 0.66
Received=	-0.17759
Feedback: 0.66
Received=	-0.53902
Feedback: 0.66
Received=	-0.15767
Feedback: 0.66
Received=	-0.1136
Feedback: 0.66
Received=	-0.38921
Feedback: 0.66
Received=	-0.24929
Feedback: 0.66
Received=	-0.096561
Feedback: 0.66
Received=	-0.13059
Feedback: 0.66
Received=	-0.23871
Feedback: 0.66
Received=	-0.36378
Feedback: 0.66
Received=	-0.50573
Feedback: 0.66
Received=	-0.55938
Feedback: 0.66
Received=	-0.45184
Feedback: 0.66
Received=	-0.45061
Feedback: 0.66
Received=	-0.18553
Feedback: 0.66
Received=	-0.059969
Feedback: 0.66
Received=	-0.15415
=====  12:54:34 - NF  ============
Feedback: 0.32249
Received=	-0.34505
Feedback: 0.5429
Received=	-0.3274
Feedback: 0.52253
Received=	-0.32576
Feedback: 0.52063
Received=	0.077501
Feedback: 0.1
Received=	-0.069154
Feedback: 0.22435
Received=	-0.37411
Feedback: 0.57645
Received=	-0.36715
Feedback: 0.56842
Received=	0.047358
Feedback: 0.1
Received=	-0.2478
Feedback: 0.43062
Received=	-0.61343
Feedback: 0.85277
Received=	-0.42241
Feedback: 0.63222
Received=	-0.5741
Feedback: 0.80737
Received=	-0.52258
Feedback: 0.74788
Received=	-0.15109
Feedback: 0.31895
Received=	-0.29559
Feedback: 0.4858
Received=	-0.36858
Feedback: 0.57007
Received=	-0.37724
Feedback: 0.58006
Received=	-0.33783
Feedback: 0.53457
Received=	-0.24898
Feedback: 0.43198
Received=	-0.3867
Feedback: 0.59099
Received=	-0.50029
Feedback: 0.72214
Received=	-0.37884
Feedback: 0.58191
Received=	-0.23224
Feedback: 0.41266
Received=	-0.51945
Feedback: 0.74426
Received=	-0.48666
Feedback: 0.70641
Received=	-0.29021
Feedback: 0.47959
Received=	-0.71512
Feedback: 0.9
Received=	-0.42527
Feedback: 0.63552
Received=	-0.5025
Feedback: 0.72469
Received=	-0.54605
Feedback: 0.77498
Received=	-0.58041
Feedback: 0.81466
Received=	-0.5683
Feedback: 0.80067
Received=	-0.52268
Feedback: 0.748
Received=	-0.41662
Feedback: 0.62554
Received=	-0.25466
Feedback: 0.43854
Received=	-0.26036
Feedback: 0.44512
Received=	-0.40609
Feedback: 0.61338
Received=	-0.69807
Feedback: 0.9
Received=	-0.39665
Feedback: 0.60248
Received=	-0.30944
Feedback: 0.50179
Received=	0.13119
Feedback: 0.1
Received=	-0.33571
Feedback: 0.53212
Received=	-0.58776
Feedback: 0.82314
Received=	-0.62516
Feedback: 0.86632
Received=	-0.53005
Feedback: 0.7565
Received=	-0.35103
Feedback: 0.5498
Received=	-0.49344
Feedback: 0.71424
Received=	-0.55893
Feedback: 0.78985
Received=	-0.62214
Feedback: 0.86283
Received=	-0.35318
Feedback: 0.55229
Received=	-0.41231
Feedback: 0.62056
Received=	-0.54019
Feedback: 0.76821
Received=	-0.6375
Feedback: 0.88056
Received=	-0.70455
Feedback: 0.9
Received=	-0.80612
Feedback: 0.9
Received=	-1.0312
Feedback: 0.9
Received=	-0.84958
Feedback: 0.9
Received=	-0.96498
Feedback: 0.9
Received=	-0.75868
Feedback: 0.9
Calculated range:	[(-2.000000) - (2.000000)]
Success index = (-0.620221)
Received=	-0.66177
=====  12:57:34 - BASE  ============
Feedback: 0.66
Received=	-0.48571
Feedback: 0.66
Received=	-0.2365
Feedback: 0.66
Received=	-0.096585
Feedback: 0.66
Received=	-0.2451
Feedback: 0.66
Received=	-0.29892
Feedback: 0.66
Received=	0.15174
Feedback: 0.66
Received=	-0.16921
Feedback: 0.66
Received=	-0.33103
Feedback: 0.66
Received=	-0.62515
Feedback: 0.66
Received=	-0.60348
Feedback: 0.66
Received=	-0.34683
Feedback: 0.66
Received=	-0.11431
Feedback: 0.66
Received=	-0.048492
Feedback: 0.66
Received=	-0.12178
Feedback: 0.66
Received=	-0.74205
Feedback: 0.66
Received=	-0.59242
Feedback: 0.66
Received=	-0.099997
Feedback: 0.66
Received=	0.16597
Feedback: 0.66
Received=	0.16404
Feedback: 0.66
Received=	-0.37348
=====  12:58:34 - NF  ============
Feedback: 0.60287
Received=	-0.81019
Feedback: 0.9
Received=	-0.34052
Feedback: 0.57877
Received=	-0.040936
Feedback: 0.35974
Received=	-0.51236
Feedback: 0.7044
Received=	-0.35751
Feedback: 0.59119
Received=	-0.68407
Feedback: 0.82995
Received=	-0.78967
Feedback: 0.9
Received=	-0.48961
Feedback: 0.68777
Received=	-0.17351
Feedback: 0.45667
Received=	-0.138
Feedback: 0.4307
Received=	-0.48401
Feedback: 0.68367
Received=	-0.7153
Feedback: 0.85278
Received=	-0.75493
Feedback: 0.88175
Received=	-0.57466
Feedback: 0.74995
Received=	-0.76268
Feedback: 0.88742
Received=	-0.50498
Feedback: 0.69901
Received=	-0.45247
Feedback: 0.66062
Received=	-0.7368
Feedback: 0.86849
Received=	-0.77722
Feedback: 0.89805
Received=	-0.36481
Feedback: 0.59652
Received=	-0.30549
Feedback: 0.55315
Received=	-0.59917
Feedback: 0.76787
Received=	-0.51355
Feedback: 0.70527
Received=	-0.36273
Feedback: 0.59501
Received=	-0.51313
Feedback: 0.70497
Received=	-0.61559
Feedback: 0.77988
Received=	-0.7062
Feedback: 0.84612
Received=	-0.77542
Feedback: 0.89673
Received=	-0.78956
Feedback: 0.9
Received=	-0.72524
Feedback: 0.86004
Received=	-0.433
Feedback: 0.64638
Received=	-0.30128
Feedback: 0.55008
Received=	-0.43991
Feedback: 0.65144
Received=	-0.64767
Feedback: 0.80333
Received=	-0.4946
Feedback: 0.69142
Received=	-0.49724
Feedback: 0.69335
Received=	-0.43929
Feedback: 0.65098
Received=	-0.30733
Feedback: 0.5545
Received=	-0.32428
Feedback: 0.5669
Received=	-0.034254
Feedback: 0.35485
Received=	-0.17386
Feedback: 0.45692
Received=	-0.47166
Feedback: 0.67465
Received=	-0.55026
Feedback: 0.73211
Received=	-0.44502
Feedback: 0.65517
Received=	-0.48845
Feedback: 0.68692
Received=	-0.61772
Feedback: 0.78144
Received=	-0.64826
Feedback: 0.80376
Received=	-0.53191
Feedback: 0.7187
Received=	-0.42726
Feedback: 0.64218
Received=	-0.20085
Feedback: 0.47665
Received=	-0.22396
Feedback: 0.49355
Received=	-0.24355
Feedback: 0.50787
Received=	-0.56859
Feedback: 0.74552
Received=	-0.5135
Feedback: 0.70524
Received=	-0.15214
Feedback: 0.44104
Received=	-0.36263
Feedback: 0.59494
Received=	-0.52127
Feedback: 0.71092
Received=	-0.65001
Feedback: 0.80504
Received=	-0.58426
Feedback: 0.75698
Calculated range:	[(-2.168053) - (1.831947)]
Success index = (-1.168053)
Received=	-0.63535
=====  13:1:34 - BASE  ============
Feedback: 0.66
Received=	-0.68356
Feedback: 0.66
Received=	-0.6232
Feedback: 0.66
Received=	-0.43193
Feedback: 0.66
Received=	-0.40843
Feedback: 0.66
Received=	-0.71062
Feedback: 0.66
Received=	-0.62535
Feedback: 0.66
Received=	-0.80214
Feedback: 0.66
Received=	-0.60127
Feedback: 0.66
Received=	-0.79592
Feedback: 0.66
Received=	-0.82639
Feedback: 0.66
Received=	-0.68997
Feedback: 0.66
Received=	-0.78343
Feedback: 0.66
Received=	-0.7093
Feedback: 0.66
Received=	-0.58193
Feedback: 0.66
Received=	-0.37912
Feedback: 0.66
Received=	-0.42933
Feedback: 0.66
Received=	-0.40557
Feedback: 0.66
Received=	-0.31078
Feedback: 0.66
Received=	-0.18343
Feedback: 0.66
Received=	-0.47648
=====  13:2:34 - NF  ============
Feedback: 0.36637
Received=	-0.42034
Feedback: 0.30767
Received=	-0.34561
Feedback: 0.22951
Received=	-0.49451
Feedback: 0.38523
Received=	-0.60736
Feedback: 0.50325
Received=	-0.55432
Feedback: 0.44777
Received=	-0.43921
Feedback: 0.3274
Received=	-0.26724
Feedback: 0.14755
Received=	-0.31713
Feedback: 0.19973
Received=	-0.28701
Feedback: 0.16823
Received=	-0.86827
Feedback: 0.7761
Received=	-1.2596
Feedback: 0.9
Received=	-0.87799
Feedback: 0.78627
Received=	-0.5608
Feedback: 0.45456
Received=	-0.32038
Feedback: 0.20313
Received=	-0.49527
Feedback: 0.38602
Received=	-0.92676
Feedback: 0.83727
Received=	-0.55626
Feedback: 0.44981
Received=	-0.16233
Feedback: 0.1
Received=	-0.3166
Feedback: 0.19918
Received=	-0.67808
Feedback: 0.57721
Received=	-0.58476
Feedback: 0.47961
Received=	-0.29333
Feedback: 0.17484
Received=	-0.68456
Feedback: 0.58398
Received=	-0.98003
Feedback: 0.89297
Received=	-0.87234
Feedback: 0.78035
Received=	-0.49834
Feedback: 0.38924
Received=	-0.42347
Feedback: 0.31094
Received=	-0.69751
Feedback: 0.59752
Received=	-0.46949
Feedback: 0.35906
Received=	-0.28074
Feedback: 0.16168
Received=	-0.27156
Feedback: 0.15207
Received=	-0.16742
Feedback: 0.1
Received=	-0.37407
Feedback: 0.25928
Received=	-0.59884
Feedback: 0.49434
Received=	-0.66832
Feedback: 0.567
Received=	-0.78606
Feedback: 0.69013
Received=	-0.46092
Feedback: 0.3501
Received=	-0.67434
Feedback: 0.57329
Received=	-0.76617
Feedback: 0.66933
Received=	-0.81167
Feedback: 0.71691
Received=	-0.72992
Feedback: 0.63142
Received=	-0.88786
Feedback: 0.79658
Received=	-0.90317
Feedback: 0.81259
Received=	-0.85236
Feedback: 0.75946
Received=	-0.68687
Feedback: 0.58639
Received=	-0.59074
Feedback: 0.48586
Received=	-0.70025
Feedback: 0.60039
Received=	-0.68243
Feedback: 0.58176
Received=	-0.97594
Feedback: 0.8887
Received=	-0.87096
Feedback: 0.77891
Received=	-0.47462
Feedback: 0.36443
Received=	-0.17683
Feedback: 0.1
Received=	-0.046542
Feedback: 0.1
Received=	-0.26034
Feedback: 0.14034
Received=	-0.59684
Feedback: 0.49224
Received=	-0.62471
Feedback: 0.52139
Received=	-0.58629
Feedback: 0.48121
Received=	-0.45901
Feedback: 0.34811
Received=	-0.52117
Feedback: 0.41311
Calculated range:	[(-2.000000) - (2.000000)]
Success index = (0.007485)
Received=	-0.50437
=====  13:5:34 - BASE  ============
Feedback: 0.66
Received=	-0.46385
Feedback: 0.66
Received=	-0.043468
Feedback: 0.66
Received=	-0.024989
Feedback: 0.66
Received=	-0.3967
Feedback: 0.66
Received=	-0.67957
Feedback: 0.66
Received=	-0.55058
Feedback: 0.66
Received=	-0.80331
Feedback: 0.66
Received=	-0.87056
Feedback: 0.66
Received=	-0.58993
Feedback: 0.66
Received=	-0.19394
Feedback: 0.66
Received=	-0.29825
Feedback: 0.66
Received=	-0.33511
Feedback: 0.66
Received=	-0.29989
Feedback: 0.66
Received=	-0.24505
Feedback: 0.66
Received=	-0.59648
Feedback: 0.66
Received=	-0.70272
Feedback: 0.66
Received=	-0.31128
Feedback: 0.66
Received=	-0.20578
Feedback: 0.66
Received=	-0.3289
Feedback: 0.66
Received=	-0.49718
=====  13:6:34 - NF  ============
Feedback: 0.56564
Received=	-0.32293
Feedback: 0.42585
Received=	0.16532
Feedback: 0.1
Received=	-0.1925
Feedback: 0.3212
Received=	-0.40957
Feedback: 0.49535
Received=	-0.32037
Feedback: 0.42379
Received=	-0.41956
Feedback: 0.50336
Received=	-0.41063
Feedback: 0.4962
Received=	-0.34229
Feedback: 0.44138
Received=	-0.61982
Feedback: 0.66404
Received=	-0.67587
Feedback: 0.709
Received=	-0.65592
Feedback: 0.693
Received=	-0.54366
Feedback: 0.60293
Received=	-0.51478
Feedback: 0.57976
Received=	-0.39112
Feedback: 0.48055
Received=	-0.41031
Feedback: 0.49595
Received=	-0.89998
Feedback: 0.8888
Received=	-0.73139
Feedback: 0.75355
Received=	-0.74859
Feedback: 0.76734
Received=	-0.64078
Feedback: 0.68085
Received=	-0.35428
Feedback: 0.451
Received=	-0.44479
Feedback: 0.52361
Received=	-0.21598
Feedback: 0.34004
Received=	-0.60816
Feedback: 0.65468
Received=	-1.0151
Feedback: 0.9
Received=	-0.66418
Feedback: 0.69962
Received=	-0.51396
Feedback: 0.5791
Received=	-0.60239
Feedback: 0.65005
Received=	-0.70463
Feedback: 0.73208
Received=	-0.37956
Feedback: 0.47128
Received=	-0.22558
Feedback: 0.34774
Received=	-0.8571
Feedback: 0.8544
Received=	-0.82606
Feedback: 0.8295
Received=	-0.55131
Feedback: 0.60907
Received=	-0.53591
Feedback: 0.59671
Received=	-0.51382
Feedback: 0.57899
Received=	-0.52199
Feedback: 0.58555
Received=	-0.58152
Feedback: 0.63331
Received=	-0.27858
Feedback: 0.39026
Received=	-0.54619
Feedback: 0.60497
Received=	-0.77937
Feedback: 0.79204
Received=	-0.87167
Feedback: 0.86609
Received=	-0.83241
Feedback: 0.83459
Received=	-0.29672
Feedback: 0.40482
Received=	-0.12106
Feedback: 0.26388
Received=	-0.28871
Feedback: 0.39839
Received=	-0.64452
Feedback: 0.68385
Received=	-0.57015
Feedback: 0.62418
Received=	-0.41894
Feedback: 0.50287
Received=	-0.046339
Feedback: 0.20394
Received=	-0.38148
Feedback: 0.47282
Received=	-0.81535
Feedback: 0.8209
Received=	-0.71093
Feedback: 0.73713
Received=	-0.55919
Feedback: 0.61539
Received=	-0.53303
Feedback: 0.5944
Received=	-0.4858
Feedback: 0.55651
Received=	-0.6118
Feedback: 0.6576
Received=	-0.57682
Feedback: 0.62953
Received=	-0.77982
Feedback: 0.7924
Received=	-0.51329
Feedback: 0.57857
Calculated range:	[(-2.000000) - (2.000000)]
Success index = (-0.470168)
closing...
