Direction=-1.000000	; step=1.000000;
Received=	0
Feedback: 0.66
Received=	0
Feedback: 0.66
Received=	0
Feedback: 0.66
Received=	0.57346
Feedback: 0.66
Received=	0.49672
Feedback: 0.66
Received=	0.28159
Feedback: 0.66
Received=	0.27856
Feedback: 0.66
Received=	0.48199
Feedback: 0.66
Received=	0.33671
Feedback: 0.66
Received=	0.14206
Feedback: 0.66
Received=	0.28592
Feedback: 0.66
Received=	0.3559
Feedback: 0.66
Received=	0.46578
Feedback: 0.66
Received=	0.46235
Feedback: 0.66
Received=	0.3397
Feedback: 0.66
Received=	0.24735
Feedback: 0.66
Received=	-0.0088439
Feedback: 0.66
Received=	-0.06749
Feedback: 0.66
Received=	0.022138
Feedback: 0.66
Received=	0.029909
Feedback: 0.66
Received=	0.086044
=====  13:14:54 - NF  ============
Feedback: 0.67634
Received=	0.23421
Feedback: 0.52822
Received=	0.47928
Feedback: 0.28321
Received=	0.25382
Feedback: 0.50861
Received=	0.091752
Feedback: 0.67063
Received=	0.12194
Feedback: 0.64045
Received=	0.21345
Feedback: 0.54897
Received=	0.13043
Feedback: 0.63196
Received=	0.14078
Feedback: 0.62162
Received=	0.069589
Feedback: 0.69279
Received=	0.078584
Feedback: 0.6838
Received=	0.1589
Feedback: 0.6035
Received=	0.26259
Feedback: 0.49984
Received=	0.28705
Feedback: 0.47539
Received=	0.15853
Feedback: 0.60388
Received=	0.028648
Feedback: 0.73372
Received=	-0.24815
Feedback: 0.9
Received=	-0.1659
Feedback: 0.9
Received=	-0.14508
Feedback: 0.9
Received=	-0.17599
Feedback: 0.9
Received=	-0.010294
Feedback: 0.77265
Received=	0.10141
Feedback: 0.66098
Received=	-0.13425
Feedback: 0.89657
Received=	-0.18418
Feedback: 0.9
Received=	-0.023154
Feedback: 0.78551
Received=	-0.14529
Feedback: 0.9
Received=	-0.2043
Feedback: 0.9
Received=	-0.045388
Feedback: 0.80773
Received=	0.15067
Feedback: 0.61173
Received=	0.17458
Feedback: 0.58783
Received=	-0.12574
Feedback: 0.88806
Received=	-0.38693
Feedback: 0.9
Received=	-0.19189
Feedback: 0.9
Received=	0.22019
Feedback: 0.54224
Received=	0.60307
Feedback: 0.15946
Received=	0.38493
Feedback: 0.37754
Received=	0.17936
Feedback: 0.58305
Received=	0.060263
Feedback: 0.70211
Received=	0.0078165
Feedback: 0.75454
Received=	-0.00566
Feedback: 0.76802
Received=	-0.06388
Feedback: 0.82622
Received=	-0.03452
Feedback: 0.79687
Received=	-0.20179
Feedback: 0.9
Received=	-0.18533
Feedback: 0.9
Received=	-0.062742
Feedback: 0.82508
Received=	-0.13391
Feedback: 0.89623
Received=	0.021706
Feedback: 0.74066
Received=	0.015346
Feedback: 0.74702
Received=	-0.069279
Feedback: 0.83162
Received=	0.093645
Feedback: 0.66874
Received=	0.10335
Feedback: 0.65904
Received=	0.23644
Feedback: 0.52599
Received=	0.17746
Feedback: 0.58494
Received=	-0.22223
Feedback: 0.9
Received=	-0.37912
Feedback: 0.9
Received=	-0.26287
Feedback: 0.9
Received=	-0.21063
Feedback: 0.9
Received=	-0.070144
Feedback: 0.83248
Received=	0.011445
Feedback: 0.75092
Received=	0.058061
Feedback: 0.70431
Calculated range:	[(-2.215676) - (1.784324)]
Success index = (-1.215676)
Received=	0.22655
=====  13:17:54 - BASE  ============
Feedback: 0.66
Received=	0.56994
Feedback: 0.66
Received=	0.73804
Feedback: 0.66
Received=	0.62589
Feedback: 0.66
Received=	0.37263
Feedback: 0.66
Received=	0.14577
Feedback: 0.66
Received=	0.043249
Feedback: 0.66
Received=	-0.033625
Feedback: 0.66
Received=	0.12704
Feedback: 0.66
Received=	0.2718
Feedback: 0.66
Received=	0.42196
Feedback: 0.66
Received=	0.1859
Feedback: 0.66
Received=	-0.012166
Feedback: 0.66
Received=	0.0077569
Feedback: 0.66
Received=	-0.070149
Feedback: 0.66
Received=	-0.24476
Feedback: 0.66
Received=	-0.10234
Feedback: 0.66
Received=	0.0076903
Feedback: 0.66
Received=	-0.076744
Feedback: 0.66
Received=	-0.18023
Feedback: 0.66
Received=	-0.099615
=====  13:18:54 - NF  ============
Feedback: 0.62226
Received=	0.055512
Feedback: 0.5074
Received=	0.12684
Feedback: 0.45459
Received=	0.14648
Feedback: 0.44004
Received=	-0.15527
Feedback: 0.66347
Received=	-0.20378
Feedback: 0.69938
Received=	-0.25824
Feedback: 0.7397
Received=	-0.19194
Feedback: 0.69061
Received=	-0.25105
Feedback: 0.73438
Received=	-0.13608
Feedback: 0.64926
Received=	-0.091956
Feedback: 0.61658
Received=	-0.10677
Feedback: 0.62755
Received=	-0.24819
Feedback: 0.73226
Received=	-0.24801
Feedback: 0.73213
Received=	-0.35434
Feedback: 0.81086
Received=	-0.51964
Feedback: 0.9
Received=	-0.58161
Feedback: 0.9
Received=	-0.59398
Feedback: 0.9
Received=	-0.53213
Feedback: 0.9
Received=	-0.20961
Feedback: 0.70369
Received=	0.45771
Feedback: 0.20961
Received=	0.74462
Feedback: 0.1
Received=	0.39218
Feedback: 0.25812
Received=	0.00060272
Feedback: 0.54805
Received=	-0.062043
Feedback: 0.59444
Received=	-0.28613
Feedback: 0.76035
Received=	-0.28367
Feedback: 0.75853
Received=	-0.18191
Feedback: 0.68319
Received=	-0.1074
Feedback: 0.62802
Received=	-0.16457
Feedback: 0.67035
Received=	-0.064428
Feedback: 0.5962
Received=	-0.28079
Feedback: 0.7564
Received=	-0.45425
Feedback: 0.88483
Received=	-0.49929
Feedback: 0.9
Received=	-0.33977
Feedback: 0.80007
Received=	-0.10181
Feedback: 0.62388
Received=	0.19838
Feedback: 0.40162
Received=	0.53608
Feedback: 0.15158
Received=	0.24629
Feedback: 0.36615
Received=	-0.078332
Feedback: 0.6065
Received=	-0.003839
Feedback: 0.55134
Received=	0.045591
Feedback: 0.51474
Received=	-0.053154
Feedback: 0.58785
Received=	-0.036229
Feedback: 0.57532
Received=	-0.10743
Feedback: 0.62804
Received=	-0.066327
Feedback: 0.59761
Received=	0.0055225
Feedback: 0.54441
Received=	-0.087799
Feedback: 0.61351
Received=	-0.32527
Feedback: 0.78933
Received=	-0.28636
Feedback: 0.76053
Received=	-0.14423
Feedback: 0.65529
Received=	-0.29676
Feedback: 0.76822
Received=	-0.45735
Feedback: 0.88712
Received=	-0.30325
Feedback: 0.77303
Received=	0.1184
Feedback: 0.46084
Received=	0.27388
Feedback: 0.34572
Received=	0.28412
Feedback: 0.33814
Received=	0.25853
Feedback: 0.35708
Received=	0.25171
Feedback: 0.36213
Received=	0.12866
Feedback: 0.45324
Calculated range:	[(-2.000000) - (2.000000)]
Success index = (-0.789336)
Received=	0.017882
=====  13:21:54 - BASE  ============
Feedback: 0.66
Received=	-0.0552
Feedback: 0.66
Received=	0.17227
Feedback: 0.66
Received=	0.093352
Feedback: 0.66
Received=	0.11573
Feedback: 0.66
Received=	0.32365
Feedback: 0.66
Received=	0.40421
Feedback: 0.66
Received=	-0.017132
Feedback: 0.66
Received=	0.22804
Feedback: 0.66
Received=	0.078426
Feedback: 0.66
Received=	0.083262
Feedback: 0.66
Received=	0.13749
Feedback: 0.66
Received=	0.2381
Feedback: 0.66
Received=	0.15583
Feedback: 0.66
Received=	0.19473
Feedback: 0.66
Received=	0.14857
Feedback: 0.66
Received=	-0.065965
Feedback: 0.66
Received=	-0.042416
Feedback: 0.66
Received=	0.014505
Feedback: 0.66
Received=	0.097286
Feedback: 0.66
Received=	0.043824
=====  13:22:54 - NF  ============
Feedback: 0.6435
Received=	0.28981
Feedback: 0.23909
Received=	0.4548
Feedback: 0.1
Received=	0.10934
Feedback: 0.53579
Received=	-0.0044663
Feedback: 0.72289
Received=	-0.081686
Feedback: 0.84984
Received=	-0.046449
Feedback: 0.79191
Received=	-0.079622
Feedback: 0.84644
Received=	-0.18972
Feedback: 0.9
Received=	-0.36328
Feedback: 0.9
Received=	-0.4428
Feedback: 0.9
Received=	-0.51293
Feedback: 0.9
Received=	-0.25872
Feedback: 0.9
Received=	-0.13606
Feedback: 0.9
Received=	0.01836
Feedback: 0.68536
Received=	0.36452
Feedback: 0.11626
Received=	0.22468
Feedback: 0.34617
Received=	-0.12181
Feedback: 0.9
Received=	-0.17766
Feedback: 0.9
Received=	-0.074447
Feedback: 0.83794
Received=	-0.15111
Feedback: 0.9
Received=	-0.25227
Feedback: 0.9
Received=	-0.20709
Feedback: 0.9
Received=	-0.22899
Feedback: 0.9
Received=	-0.1282
Feedback: 0.9
Received=	-0.10776
Feedback: 0.89271
Received=	0.16473
Feedback: 0.44473
Received=	0.077051
Feedback: 0.58887
Received=	0.032632
Feedback: 0.6619
Received=	0.1827
Feedback: 0.41519
Received=	0.20215
Feedback: 0.3832
Received=	-0.075258
Feedback: 0.83927
Received=	-0.38374
Feedback: 0.9
Received=	-0.36321
Feedback: 0.9
Received=	-0.19396
Feedback: 0.9
Received=	0.026092
Feedback: 0.67265
Received=	0.093487
Feedback: 0.56185
Received=	0.049931
Feedback: 0.63346
Received=	-0.041465
Feedback: 0.78371
Received=	-0.063633
Feedback: 0.82016
Received=	-0.11257
Feedback: 0.9
Received=	0.030221
Feedback: 0.66586
Received=	0.093375
Feedback: 0.56203
Received=	0.077548
Feedback: 0.58805
Received=	0.10902
Feedback: 0.5363
Received=	-0.15622
Feedback: 0.9
Received=	-0.12927
Feedback: 0.9
Received=	0.052971
Feedback: 0.62846
Received=	0.072379
Feedback: 0.59655
Received=	0.093632
Feedback: 0.56161
Received=	0.29859
Feedback: 0.22466
Received=	0.34761
Feedback: 0.14407
Received=	0.11655
Feedback: 0.52393
Received=	-0.0082029
Feedback: 0.72903
Received=	-0.063056
Feedback: 0.81921
Received=	-0.11497
Feedback: 0.9
Received=	0.34019
Feedback: 0.15627
Received=	0.40348
Feedback: 0.1
Received=	0.12866
Feedback: 0.50402
Received=	0.038765
Feedback: 0.65181
Calculated range:	[(-2.000000) - (2.000000)]
Success index = (-0.762049)
Received=	0.14514
=====  13:25:54 - BASE  ============
Feedback: 0.66
Received=	0.11937
Feedback: 0.66
Received=	0.44385
Feedback: 0.66
Received=	0.72593
Feedback: 0.66
Received=	0.48311
Feedback: 0.66
Received=	0.3103
Feedback: 0.66
Received=	0.11493
Feedback: 0.66
Received=	-0.0037319
Feedback: 0.66
Received=	-0.058947
Feedback: 0.66
Received=	-0.075813
Feedback: 0.66
Received=	0.23098
Feedback: 0.66
Received=	0.46473
Feedback: 0.66
Received=	0.2502
Feedback: 0.66
Received=	0.019445
Feedback: 0.66
Received=	-0.3274
Feedback: 0.66
Received=	-0.094855
Feedback: 0.66
Received=	0.12299
Feedback: 0.66
Received=	0.081188
Feedback: 0.66
Received=	-0.072702
Feedback: 0.66
Received=	0.065786
Feedback: 0.66
Received=	0.3493
=====  13:26:54 - NF  ============
Feedback: 0.34635
Received=	0.45343
Feedback: 0.26652
Received=	0.32192
Feedback: 0.36735
Received=	-0.018365
Feedback: 0.62823
Received=	-0.27986
Feedback: 0.82871
Received=	-0.10283
Feedback: 0.69299
Received=	-0.19889
Feedback: 0.76663
Received=	-0.35637
Feedback: 0.88737
Received=	0.030618
Feedback: 0.59067
Received=	0.14696
Feedback: 0.50148
Received=	0.065538
Feedback: 0.5639
Received=	0.01796
Feedback: 0.60038
Received=	0.058827
Feedback: 0.56905
Received=	0.02584
Feedback: 0.59434
Received=	-0.23879
Feedback: 0.79722
Received=	-0.24224
Feedback: 0.79986
Received=	-0.32243
Feedback: 0.86135
Received=	-0.2569
Feedback: 0.8111
Received=	-0.22675
Feedback: 0.78799
Received=	-0.10315
Feedback: 0.69323
Received=	-0.0025757
Feedback: 0.61612
Received=	-0.080387
Feedback: 0.67578
Received=	-0.15164
Feedback: 0.7304
Received=	-0.063079
Feedback: 0.66251
Received=	0.013782
Feedback: 0.60358
Received=	0.016316
Feedback: 0.60164
Received=	0.03506
Feedback: 0.58727
Received=	-0.061067
Feedback: 0.66097
Received=	-0.20915
Feedback: 0.77449
Received=	-0.070355
Feedback: 0.66809
Received=	-0.043428
Feedback: 0.64744
Received=	-0.1554
Feedback: 0.73329
Received=	-0.25995
Feedback: 0.81344
Received=	-0.45418
Feedback: 0.9
Received=	-0.27357
Feedback: 0.82389
Received=	-0.2088
Feedback: 0.77423
Received=	-0.31661
Feedback: 0.85688
Received=	-0.20915
Feedback: 0.77449
Received=	-0.10317
Feedback: 0.69324
Received=	0.011575
Feedback: 0.60527
Received=	-0.00082356
Feedback: 0.61478
Received=	-0.048038
Feedback: 0.65098
Received=	0.15513
Feedback: 0.49522
Received=	0.20291
Feedback: 0.45858
Received=	-0.047918
Feedback: 0.65088
Received=	-0.1622
Feedback: 0.7385
Received=	-0.023713
Feedback: 0.63233
Received=	-0.15785
Feedback: 0.73516
Received=	-0.31229
Feedback: 0.85357
Received=	-0.16643
Feedback: 0.74174
Received=	0.026045
Feedback: 0.59418
Received=	0.037535
Feedback: 0.58537
Received=	0.028993
Feedback: 0.59192
Received=	0.0021111
Feedback: 0.61253
Received=	0.025742
Feedback: 0.59441
Received=	-0.18477
Feedback: 0.75581
Received=	-0.16104
Feedback: 0.73761
Received=	0.18105
Feedback: 0.47534
Received=	0.37668
Feedback: 0.32536
Received=	0.35057
Feedback: 0.34538
Calculated range:	[(-2.000000) - (2.000000)]
Success index = (-0.988202)
Received=	0.23204
=====  13:29:54 - BASE  ============
Feedback: 0.66
Received=	0.24508
Feedback: 0.66
Received=	0.4652
Feedback: 0.66
Received=	0.8471
Feedback: 0.66
Received=	0.42277
Feedback: 0.66
Received=	-0.11748
Feedback: 0.66
Received=	0.01712
Feedback: 0.66
Received=	-0.2335
Feedback: 0.66
Received=	-0.26234
Feedback: 0.66
Received=	-0.15242
Feedback: 0.66
Received=	-0.046717
Feedback: 0.66
Received=	0.00096423
Feedback: 0.66
Received=	0.097756
Feedback: 0.66
Received=	-0.024047
Feedback: 0.66
Received=	-0.24475
Feedback: 0.66
Received=	-0.22612
Feedback: 0.66
Received=	-0.1962
Feedback: 0.66
Received=	-0.26509
Feedback: 0.66
Received=	-0.25629
Feedback: 0.66
Received=	-0.35052
Feedback: 0.66
Received=	-0.13605
=====  13:30:54 - NF  ============
Feedback: 0.56804
Received=	0.20973
Feedback: 0.34797
Received=	0.2657
Feedback: 0.31235
Received=	-0.0075746
Feedback: 0.48627
Received=	-0.020856
Feedback: 0.49473
Received=	0.096163
Feedback: 0.42025
Received=	0.069183
Feedback: 0.43742
Received=	-0.043998
Feedback: 0.50946
Received=	-0.12116
Feedback: 0.55857
Received=	-0.061794
Feedback: 0.52078
Received=	-0.082348
Feedback: 0.53386
Received=	-0.0035548
Feedback: 0.48372
Received=	-0.10468
Feedback: 0.54808
Received=	-0.1632
Feedback: 0.58532
Received=	0.036921
Feedback: 0.45796
Received=	-0.012084
Feedback: 0.48914
Received=	-0.097274
Feedback: 0.54336
Received=	-0.033606
Feedback: 0.50284
Received=	0.1487
Feedback: 0.38681
Received=	0.16757
Feedback: 0.3748
Received=	0.044137
Feedback: 0.45336
Received=	-0.090393
Feedback: 0.53898
Received=	-0.045943
Feedback: 0.51069
Received=	-0.041427
Feedback: 0.50782
Received=	-0.12422
Feedback: 0.56051
Received=	-0.28105
Feedback: 0.66033
Received=	-0.4037
Feedback: 0.73838
Received=	-0.34187
Feedback: 0.69903
Received=	-0.066635
Feedback: 0.52386
Received=	-0.015344
Feedback: 0.49122
Received=	-0.20382
Feedback: 0.61117
Received=	-0.20808
Feedback: 0.61388
Received=	-0.057539
Feedback: 0.51807
Received=	0.21631
Feedback: 0.34379
Received=	0.88657
Feedback: 0.1
Received=	0.66182
Feedback: 0.1
Received=	-0.15982
Feedback: 0.58317
Received=	0.068828
Feedback: 0.43765
Received=	0.31384
Feedback: 0.28171
Received=	0.31876
Feedback: 0.27858
Received=	0.21656
Feedback: 0.34363
Received=	0.0212
Feedback: 0.46796
Received=	0.011372
Feedback: 0.47422
Received=	-0.0052209
Feedback: 0.48478
Received=	-0.083481
Feedback: 0.53458
Received=	0.06874
Feedback: 0.4377
Received=	0.12718
Feedback: 0.40051
Received=	0.051028
Feedback: 0.44898
Received=	0.022917
Feedback: 0.46687
Received=	-0.032529
Feedback: 0.50216
Received=	0.071316
Feedback: 0.43607
Received=	0.093529
Feedback: 0.42193
Received=	-0.046089
Feedback: 0.51079
Received=	-0.030435
Feedback: 0.50082
Received=	0.21207
Feedback: 0.34648
Received=	-0.0096904
Feedback: 0.48762
Received=	-0.26064
Feedback: 0.64734
Received=	-0.37019
Feedback: 0.71706
Received=	-0.42115
Feedback: 0.74949
Received=	-0.45452
Feedback: 0.77073
Calculated range:	[(-2.000000) - (2.000000)]
Success index = (0.102248)
closing...
