Direction=-1.000000	; step=1.000000;
Received=	0
Feedback: 0.66
Received=	0
Feedback: 0.66
Received=	0
Feedback: 0.66
Received=	-0.083052
Feedback: 0.66
Received=	-0.033288
Feedback: 0.66
Received=	0.1186
Feedback: 0.66
Received=	0.13928
Feedback: 0.66
Received=	0.3393
Feedback: 0.66
Received=	0.39501
Feedback: 0.66
Received=	0.32722
Feedback: 0.66
Received=	0.24267
Feedback: 0.66
Received=	0.15867
Feedback: 0.66
Received=	0.25876
Feedback: 0.66
Received=	0.12142
Feedback: 0.66
Received=	-0.037012
Feedback: 0.66
Received=	0.14595
Feedback: 0.66
Received=	0.19088
Feedback: 0.66
Received=	0.18199
Feedback: 0.66
Received=	0.19309
Feedback: 0.66
Received=	0.15973
Feedback: 0.66
Received=	0.20447
=====  13:42:37 - NF  ============
Feedback: 0.42784
Received=	0.30857
Feedback: 0.27083
Received=	0.036969
Feedback: 0.68047
Received=	-0.082326
Feedback: 0.86039
Received=	-0.050821
Feedback: 0.81287
Received=	-0.074929
Feedback: 0.84923
Received=	-0.046981
Feedback: 0.80708
Received=	0.10544
Feedback: 0.57719
Received=	0.2341
Feedback: 0.38315
Received=	0.37684
Feedback: 0.16787
Received=	0.20254
Feedback: 0.43075
Received=	0.025188
Feedback: 0.69823
Received=	0.14986
Feedback: 0.51019
Received=	0.58571
Feedback: 0.1
Received=	0.49602
Feedback: 0.1
Received=	0.01914
Feedback: 0.70736
Received=	-0.46189
Feedback: 0.9
Received=	-0.53969
Feedback: 0.9
Received=	-0.46796
Feedback: 0.9
Received=	-0.12603
Feedback: 0.9
Received=	0.062372
Feedback: 0.64215
Received=	0.1956
Feedback: 0.44121
Received=	-0.052622
Feedback: 0.81559
Received=	-0.15946
Feedback: 0.9
Received=	0.031787
Feedback: 0.68828
Received=	-0.29833
Feedback: 0.9
Received=	-0.22105
Feedback: 0.9
Received=	-0.0082304
Feedback: 0.74864
Received=	-0.035553
Feedback: 0.78984
Received=	0.19848
Feedback: 0.43688
Received=	-0.058087
Feedback: 0.82383
Received=	0.035469
Feedback: 0.68273
Received=	0.085387
Feedback: 0.60744
Received=	0.19185
Feedback: 0.44688
Received=	-0.010445
Feedback: 0.75198
Received=	-0.086411
Feedback: 0.86655
Received=	0.020702
Feedback: 0.705
Received=	0.055245
Feedback: 0.6529
Received=	0.23591
Feedback: 0.38042
Received=	0.39471
Feedback: 0.14092
Received=	0.21187
Feedback: 0.41668
Received=	0.007982
Feedback: 0.72418
Received=	0.072022
Feedback: 0.6276
Received=	0.012579
Feedback: 0.71725
Received=	-0.1166
Feedback: 0.9
Received=	-0.40431
Feedback: 0.9
Received=	-0.45043
Feedback: 0.9
Received=	-0.19229
Feedback: 0.9
Received=	0.13746
Feedback: 0.5289
Received=	0.096269
Feedback: 0.59103
Received=	-0.17627
Feedback: 0.9
Received=	-0.051662
Feedback: 0.81414
Received=	0.20119
Feedback: 0.43278
Received=	-0.013624
Feedback: 0.75677
Received=	-0.068797
Feedback: 0.83998
Received=	-0.19368
Feedback: 0.9
Received=	-0.069914
Feedback: 0.84167
Received=	-0.14318
Feedback: 0.9
Received=	-0.009088
Feedback: 0.74993
Received=	-0.28914
Feedback: 0.9
Calculated range:	[(-2.000000) - (2.000000)]
Success index = (-0.765066)
Received=	-0.080256
=====  13:45:37 - BASE  ============
Feedback: 0.66
Received=	0.16481
Feedback: 0.66
Received=	0.14287
Feedback: 0.66
Received=	0.15742
Feedback: 0.66
Received=	0.15091
Feedback: 0.66
Received=	-0.033886
Feedback: 0.66
Received=	-0.13833
Feedback: 0.66
Received=	-0.047473
Feedback: 0.66
Received=	-0.16778
Feedback: 0.66
Received=	-0.068568
Feedback: 0.66
Received=	0.1771
Feedback: 0.66
Received=	0.11438
Feedback: 0.66
Received=	0.23107
Feedback: 0.66
Received=	0.23784
Feedback: 0.66
Received=	-0.16648
Feedback: 0.66
Received=	-0.13821
Feedback: 0.66
Received=	0.10601
Feedback: 0.66
Received=	0.29748
Feedback: 0.66
Received=	0.16852
Feedback: 0.66
Received=	0.19488
Feedback: 0.66
Received=	0.39347
=====  13:46:37 - NF  ============
Feedback: 0.1
Received=	0.23571
Feedback: 0.28313
Received=	0.085339
Feedback: 0.47718
Received=	0.2604
Feedback: 0.25126
Received=	0.26475
Feedback: 0.24565
Received=	0.16414
Feedback: 0.37548
Received=	0.38444
Feedback: 0.1
Received=	0.27562
Feedback: 0.23162
Received=	0.11911
Feedback: 0.43359
Received=	0.22547
Feedback: 0.29634
Received=	0.22515
Feedback: 0.29675
Received=	0.48021
Feedback: 0.1
Received=	0.46903
Feedback: 0.1
Received=	0.22269
Feedback: 0.29992
Received=	0.38409
Feedback: 0.1
Received=	0.44881
Feedback: 0.1
Received=	0.32588
Feedback: 0.16676
Received=	0.15624
Feedback: 0.38568
Received=	0.33179
Feedback: 0.15912
Received=	0.37547
Feedback: 0.10275
Received=	0.039771
Feedback: 0.53598
Received=	-0.064291
Feedback: 0.67027
Received=	-0.17421
Feedback: 0.81213
Received=	-0.24615
Feedback: 0.9
Received=	-0.048148
Feedback: 0.64944
Received=	-0.11919
Feedback: 0.74112
Received=	-0.12974
Feedback: 0.75474
Received=	0.22096
Feedback: 0.30216
Received=	0.33174
Feedback: 0.15919
Received=	0.38847
Feedback: 0.1
Received=	0.23759
Feedback: 0.28069
Received=	0.2345
Feedback: 0.28468
Received=	0.30144
Feedback: 0.1983
Received=	0.1515
Feedback: 0.39179
Received=	0.16008
Feedback: 0.38072
Received=	-0.19093
Feedback: 0.8337
Received=	-0.14651
Feedback: 0.77637
Received=	-0.040702
Feedback: 0.63983
Received=	-0.028246
Feedback: 0.62376
Received=	0.067099
Feedback: 0.50071
Received=	0.29643
Feedback: 0.20476
Received=	0.27812
Feedback: 0.22839
Received=	-0.0059769
Feedback: 0.59502
Received=	0.11127
Feedback: 0.44372
Received=	0.47005
Feedback: 0.1
Received=	0.66652
Feedback: 0.1
Received=	0.37203
Feedback: 0.1072
Received=	0.22194
Feedback: 0.30089
Received=	0.41089
Feedback: 0.1
Received=	0.43201
Feedback: 0.1
Received=	0.60897
Feedback: 0.1
Received=	0.2111
Feedback: 0.31487
Received=	0.18213
Feedback: 0.35227
Received=	0.44465
Feedback: 0.1
Received=	0.39538
Feedback: 0.1
Received=	0.12873
Feedback: 0.42118
Received=	0.15345
Feedback: 0.38928
Received=	0.35927
Feedback: 0.12366
Received=	0.56884
Feedback: 0.1
Received=	0.51747
Feedback: 0.1
Calculated range:	[(-2.000000) - (2.000000)]
Success index = (0.808844)
Received=	0.34595
=====  13:49:37 - BASE  ============
Feedback: 0.66
Received=	0.39477
Feedback: 0.66
Received=	0.65946
Feedback: 0.66
Received=	0.60953
Feedback: 0.66
Received=	0.51813
Feedback: 0.66
Received=	0.2477
Feedback: 0.66
Received=	0.18046
Feedback: 0.66
Received=	0.35263
Feedback: 0.66
Received=	0.52718
Feedback: 0.66
Received=	0.69767
Feedback: 0.66
Received=	0.38494
Feedback: 0.66
Received=	0.40333
Feedback: 0.66
Received=	0.77571
Feedback: 0.66
Received=	0.53905
Feedback: 0.66
Received=	0.36979
Feedback: 0.66
Received=	0.74148
Feedback: 0.66
Received=	0.72416
Feedback: 0.66
Received=	0.31382
Feedback: 0.66
Received=	0.40564
Feedback: 0.66
Received=	0.72901
Feedback: 0.66
Received=	0.29835
=====  13:50:37 - NF  ============
Feedback: 0.72819
Received=	0.018352
Feedback: 0.9
Received=	0.13799
Feedback: 0.9
Received=	0.38545
Feedback: 0.63428
Received=	0.48192
Feedback: 0.53026
Received=	0.0092903
Feedback: 0.9
Received=	-0.37462
Feedback: 0.9
Received=	-0.50014
Feedback: 0.9
Received=	-0.27288
Feedback: 0.9
Received=	0.073234
Feedback: 0.9
Received=	0.32717
Feedback: 0.69711
Received=	0.37393
Feedback: 0.6467
Received=	0.096098
Feedback: 0.9
Received=	-0.012085
Feedback: 0.9
Received=	-0.068273
Feedback: 0.9
Received=	-0.021339
Feedback: 0.9
Received=	0.14178
Feedback: 0.89701
Received=	0.2612
Feedback: 0.76825
Received=	0.29644
Feedback: 0.73025
Received=	-0.29702
Feedback: 0.9
Received=	-0.51185
Feedback: 0.9
Received=	0.020631
Feedback: 0.9
Received=	0.090058
Feedback: 0.9
Received=	0.1107
Feedback: 0.9
Received=	0.010684
Feedback: 0.9
Received=	0.19969
Feedback: 0.83457
Received=	0.011407
Feedback: 0.9
Received=	0.19464
Feedback: 0.84001
Received=	0.39551
Feedback: 0.62343
Received=	0.34259
Feedback: 0.68049
Received=	0.2935
Feedback: 0.73342
Received=	0.26169
Feedback: 0.76772
Received=	-0.018788
Feedback: 0.9
Received=	0.3249
Feedback: 0.69956
Received=	0.42842
Feedback: 0.58794
Received=	0.21119
Feedback: 0.82217
Received=	-0.30541
Feedback: 0.9
Received=	-0.40722
Feedback: 0.9
Received=	0.06
Feedback: 0.9
Received=	0.036822
Feedback: 0.9
Received=	0.21949
Feedback: 0.81322
Received=	0.12886
Feedback: 0.9
Received=	0.30768
Feedback: 0.71813
Received=	0.32328
Feedback: 0.70131
Received=	0.31755
Feedback: 0.70748
Received=	0.20183
Feedback: 0.83226
Received=	-0.0081544
Feedback: 0.9
Received=	0.29256
Feedback: 0.73443
Received=	0.0073575
Feedback: 0.9
Received=	-0.31452
Feedback: 0.9
Received=	-0.054857
Feedback: 0.9
Received=	0.36635
Feedback: 0.65487
Received=	0.25196
Feedback: 0.77821
Received=	0.073818
Feedback: 0.9
Received=	-0.18067
Feedback: 0.9
Received=	-0.50496
Feedback: 0.9
Received=	-0.58387
Feedback: 0.9
Received=	-0.16801
Feedback: 0.9
Received=	-0.27842
Feedback: 0.9
Received=	0.037276
Feedback: 0.9
Calculated range:	[(-2.818989) - (1.181011)]
Success index = (-1.818989)
Received=	-0.11046
=====  13:53:37 - BASE  ============
Feedback: 0.66
Received=	-0.033483
Feedback: 0.66
Received=	-0.097901
Feedback: 0.66
Received=	-0.061236
Feedback: 0.66
Received=	-0.23257
Feedback: 0.66
Received=	0.18693
Feedback: 0.66
Received=	0.33352
Feedback: 0.66
Received=	0.095868
Feedback: 0.66
Received=	0.016127
Feedback: 0.66
Received=	0.04643
Feedback: 0.66
Received=	0.30347
Feedback: 0.66
Received=	0.53187
Feedback: 0.66
Received=	0.36808
Feedback: 0.66
Received=	0.35792
Feedback: 0.66
Received=	0.23326
Feedback: 0.66
Received=	-0.15503
Feedback: 0.66
Received=	-0.31724
Feedback: 0.66
Received=	-0.22444
Feedback: 0.66
Received=	-0.23099
Feedback: 0.66
Received=	0.07916
Feedback: 0.66
Received=	-0.32913
=====  13:54:37 - NF  ============
Feedback: 0.65344
Received=	-0.071169
Feedback: 0.44764
Received=	0.098211
Feedback: 0.31251
Received=	-0.086606
Feedback: 0.45996
Received=	-0.10955
Feedback: 0.47826
Received=	0.0057832
Feedback: 0.38625
Received=	0.25695
Feedback: 0.18586
Received=	0.057641
Feedback: 0.34488
Received=	0.11949
Feedback: 0.29553
Received=	0.29816
Feedback: 0.15299
Received=	-0.068061
Feedback: 0.44516
Received=	-0.215
Feedback: 0.56239
Received=	-0.2616
Feedback: 0.59956
Received=	0.098847
Feedback: 0.312
Received=	0.29356
Feedback: 0.15666
Received=	0.6299
Feedback: 0.1
Received=	0.44503
Feedback: 0.1
Received=	0.28998
Feedback: 0.15952
Received=	0.38103
Feedback: 0.1
Received=	0.59055
Feedback: 0.1
Received=	-0.0068674
Feedback: 0.39634
Received=	0.0055478
Feedback: 0.38644
Received=	0.25864
Feedback: 0.18452
Received=	0.60462
Feedback: 0.1
Received=	0.42738
Feedback: 0.1
Received=	-0.058042
Feedback: 0.43717
Received=	-0.23301
Feedback: 0.57676
Received=	0.0064551
Feedback: 0.38571
Received=	0.15645
Feedback: 0.26604
Received=	0.54184
Feedback: 0.1
Received=	0.43757
Feedback: 0.1
Received=	0.53801
Feedback: 0.1
Received=	0.40331
Feedback: 0.1
Received=	0.5467
Feedback: 0.1
Received=	0.39458
Feedback: 0.1
Received=	0.71118
Feedback: 0.1
Received=	0.45999
Feedback: 0.1
Received=	-0.12388
Feedback: 0.48969
Received=	-0.084005
Feedback: 0.45788
Received=	-0.3591
Feedback: 0.67736
Received=	0.10577
Feedback: 0.30648
Received=	0.12191
Feedback: 0.2936
Received=	-0.23125
Feedback: 0.57536
Received=	-0.24588
Feedback: 0.58703
Received=	0.089282
Feedback: 0.31963
Received=	0.36858
Feedback: 0.1
Received=	0.54816
Feedback: 0.1
Received=	0.43409
Feedback: 0.1
Received=	0.22913
Feedback: 0.20806
Received=	0.10979
Feedback: 0.30327
Received=	-0.36212
Feedback: 0.67976
Received=	-0.22284
Feedback: 0.56864
Received=	-0.011309
Feedback: 0.39988
Received=	0.2991
Feedback: 0.15224
Received=	0.31399
Feedback: 0.14036
Received=	0.20637
Feedback: 0.22622
Received=	0.45883
Feedback: 0.1
Received=	1.0037
Feedback: 0.1
Received=	1.1296
Feedback: 0.1
Received=	0.40337
Feedback: 0.1
Calculated range:	[(-2.000000) - (2.000000)]
Success index = (0.415883)
Received=	-0.043659
=====  13:57:37 - BASE  ============
Feedback: 0.66
Received=	-0.12479
Feedback: 0.66
Received=	0.25314
Feedback: 0.66
Received=	0.32707
Feedback: 0.66
Received=	0.18234
Feedback: 0.66
Received=	0.27716
Feedback: 0.66
Received=	0.26133
Feedback: 0.66
Received=	0.40596
Feedback: 0.66
Received=	0.3034
Feedback: 0.66
Received=	0.15572
Feedback: 0.66
Received=	0.27646
Feedback: 0.66
Received=	0.39963
Feedback: 0.66
Received=	0.39813
Feedback: 0.66
Received=	0.53611
Feedback: 0.66
Received=	0.086004
Feedback: 0.66
Received=	-0.079457
Feedback: 0.66
Received=	0.18657
Feedback: 0.66
Received=	0.25606
Feedback: 0.66
Received=	0.34102
Feedback: 0.66
Received=	0.45603
Feedback: 0.66
Received=	0.60948
=====  13:58:37 - NF  ============
Feedback: 0.1
Received=	0.51194
Feedback: 0.17509
Received=	0.73029
Feedback: 0.1
Received=	0.82175
Feedback: 0.1
Received=	0.78259
Feedback: 0.1
Received=	0.47235
Feedback: 0.23032
Received=	0.21712
Feedback: 0.58638
Received=	0.47396
Feedback: 0.22808
Received=	0.98398
Feedback: 0.1
Received=	1.347
Feedback: 0.1
Received=	1.0817
Feedback: 0.1
Received=	0.73061
Feedback: 0.1
Received=	0.54656
Feedback: 0.12679
Received=	0.7722
Feedback: 0.1
Received=	0.51978
Feedback: 0.16416
Received=	0.065666
Feedback: 0.79767
Received=	-0.49997
Feedback: 0.9
Received=	-0.3752
Feedback: 0.9
Received=	-0.42725
Feedback: 0.9
Received=	-0.29068
Feedback: 0.9
Received=	0.16345
Feedback: 0.66125
Received=	0.1656
Feedback: 0.65826
Received=	-0.013912
Feedback: 0.9
Received=	-0.012642
Feedback: 0.9
Received=	0.094664
Feedback: 0.75721
Received=	0.053845
Feedback: 0.81416
Received=	-0.14401
Feedback: 0.9
Received=	-0.14949
Feedback: 0.9
Received=	0.21882
Feedback: 0.58401
Received=	0.39786
Feedback: 0.33424
Received=	0.35916
Feedback: 0.38823
Received=	0.30332
Feedback: 0.46613
Received=	0.19548
Feedback: 0.61657
Received=	0.49215
Feedback: 0.20269
Received=	0.27716
Feedback: 0.50262
Received=	0.40071
Feedback: 0.33026
Received=	0.8045
Feedback: 0.1
Received=	0.53355
Feedback: 0.14494
Received=	0.51532
Feedback: 0.17037
Received=	0.48154
Feedback: 0.2175
Received=	0.095369
Feedback: 0.75623
Received=	-0.032102
Feedback: 0.9
Received=	0.16125
Feedback: 0.66432
Received=	0.55729
Feedback: 0.11182
Received=	0.75023
Feedback: 0.1
Received=	0.34194
Feedback: 0.41225
Received=	0.29906
Feedback: 0.47207
Received=	0.56129
Feedback: 0.10625
Received=	0.83552
Feedback: 0.1
Received=	0.5154
Feedback: 0.17027
Received=	-0.026138
Feedback: 0.9
Received=	-0.056052
Feedback: 0.9
Received=	0.12558
Feedback: 0.71408
Received=	0.16354
Feedback: 0.66113
Received=	0.26043
Feedback: 0.52596
Received=	0.18595
Feedback: 0.62986
Received=	0.43976
Feedback: 0.27579
Received=	0.32525
Feedback: 0.43554
Received=	0.19568
Feedback: 0.61629
Received=	0.29828
Feedback: 0.47315
Calculated range:	[(-2.000000) - (2.000000)]
Success index = (0.183545)
closing...
