Direction=-1.000000	; step=1.000000;
Received=	0
Feedback: 0.66
Received=	0
Feedback: 0.66
Received=	0
Feedback: 0.66
Received=	0.081723
Feedback: 0.66
Received=	-0.25938
Feedback: 0.66
Received=	0.047013
Feedback: 0.66
Received=	-0.075171
Feedback: 0.66
Received=	-0.38791
Feedback: 0.66
Received=	-0.27565
Feedback: 0.66
Received=	-0.30259
Feedback: 0.66
Received=	-0.2343
Feedback: 0.66
Received=	-0.26405
Feedback: 0.66
Received=	-0.22293
Feedback: 0.66
Received=	0.048011
Feedback: 0.66
Received=	0.24721
Feedback: 0.66
Received=	0.2574
Feedback: 0.66
Received=	0.032402
Feedback: 0.66
Received=	0.2853
Feedback: 0.66
Received=	0.55809
Feedback: 0.66
Received=	0.18224
Feedback: 0.66
Received=	0.21178
=====  11:19:7 - NF  ============
Feedback: 0.32326
Received=	0.26778
Feedback: 0.27976
Received=	-0.14397
Feedback: 0.59966
Received=	-0.35801
Feedback: 0.76595
Received=	-0.41403
Feedback: 0.80948
Received=	0.13389
Feedback: 0.38378
Received=	0.15272
Feedback: 0.36915
Received=	-0.22631
Feedback: 0.66363
Received=	-0.18169
Feedback: 0.62896
Received=	-0.15148
Feedback: 0.6055
Received=	0.04456
Feedback: 0.45318
Received=	-0.020023
Feedback: 0.50336
Received=	0.01739
Feedback: 0.47429
Received=	-0.016124
Feedback: 0.50033
Received=	-0.017331
Feedback: 0.50127
Received=	0.066562
Feedback: 0.43609
Received=	0.26322
Feedback: 0.28329
Received=	0.25029
Feedback: 0.29334
Received=	0.29393
Feedback: 0.25944
Received=	0.1778
Feedback: 0.34966
Received=	0.032229
Feedback: 0.46276
Received=	-0.11044
Feedback: 0.57361
Received=	-0.13461
Feedback: 0.59239
Received=	0.13238
Feedback: 0.38495
Received=	0.3322
Feedback: 0.2297
Received=	0.17452
Feedback: 0.35221
Received=	-0.062174
Feedback: 0.53611
Received=	0.1457
Feedback: 0.3746
Received=	-0.035954
Feedback: 0.51574
Received=	0.14558
Feedback: 0.3747
Received=	0.23992
Feedback: 0.3014
Received=	0.26421
Feedback: 0.28253
Received=	0.32833
Feedback: 0.23271
Received=	0.34951
Feedback: 0.21626
Received=	0.36357
Feedback: 0.20533
Received=	0.4462
Feedback: 0.14113
Received=	0.015422
Feedback: 0.47582
Received=	0.10718
Feedback: 0.40453
Received=	0.13532
Feedback: 0.38267
Received=	0.14305
Feedback: 0.37666
Received=	0.15046
Feedback: 0.3709
Received=	0.10954
Feedback: 0.4027
Received=	0.34869
Feedback: 0.21689
Received=	0.13701
Feedback: 0.38135
Received=	0.40788
Feedback: 0.1709
Received=	0.46088
Feedback: 0.12973
Received=	0.11816
Feedback: 0.396
Received=	0.061405
Feedback: 0.44009
Received=	0.10257
Feedback: 0.40812
Received=	-0.0091201
Feedback: 0.49489
Received=	0.16542
Feedback: 0.35928
Received=	0.5068
Feedback: 0.1
Received=	0.69363
Feedback: 0.1
Received=	0.5855
Feedback: 0.1
Received=	0.40784
Feedback: 0.17094
Received=	0.10155
Feedback: 0.4089
Received=	0.12938
Feedback: 0.38728
Received=	0.033045
Feedback: 0.46213
Received=	0.024383
Feedback: 0.46886
Received=	-0.053224
Feedback: 0.52916
Calculated range:	[(-2.000000) - (2.000000)]
Success index = (0.655530)
Received=	-0.070271
=====  11:22:7 - BASE  ============
Feedback: 0.66
Received=	0.18662
Feedback: 0.66
Received=	0.18964
Feedback: 0.66
Received=	0.70308
Feedback: 0.66
Received=	0.59036
Feedback: 0.66
Received=	0.22658
Feedback: 0.66
Received=	0.18865
Feedback: 0.66
Received=	0.17134
Feedback: 0.66
Received=	0.10937
Feedback: 0.66
Received=	0.16716
Feedback: 0.66
Received=	0.39498
Feedback: 0.66
Received=	0.42935
Feedback: 0.66
Received=	0.22387
Feedback: 0.66
Received=	0.14232
Feedback: 0.66
Received=	0.26089
Feedback: 0.66
Received=	0.20508
Feedback: 0.66
Received=	0.26508
Feedback: 0.66
Received=	0.4386
Feedback: 0.66
Received=	0.55704
Feedback: 0.66
Received=	0.45317
Feedback: 0.66
Received=	0.35067
=====  11:23:7 - NF  ============
Feedback: 0.46212
Received=	0.60366
Feedback: 0.17243
Received=	0.57152
Feedback: 0.20923
Received=	0.40952
Feedback: 0.39474
Received=	0.043807
Feedback: 0.81349
Received=	-0.023827
Feedback: 0.89094
Received=	0.28129
Feedback: 0.54156
Received=	0.44115
Feedback: 0.35851
Received=	0.46081
Feedback: 0.336
Received=	0.423
Feedback: 0.3793
Received=	0.36302
Feedback: 0.44798
Received=	0.11231
Feedback: 0.73505
Received=	0.069835
Feedback: 0.78369
Received=	0.061195
Feedback: 0.79358
Received=	0.093772
Feedback: 0.75628
Received=	0.54371
Feedback: 0.24108
Received=	0.80429
Feedback: 0.1
Received=	0.49802
Feedback: 0.2934
Received=	0.39029
Feedback: 0.41675
Received=	0.28139
Feedback: 0.54144
Received=	0.033044
Feedback: 0.82582
Received=	0.6034
Feedback: 0.17273
Received=	0.68787
Feedback: 0.1
Received=	0.2134
Feedback: 0.6193
Received=	0.3067
Feedback: 0.51246
Received=	0.25028
Feedback: 0.57708
Received=	0.3544
Feedback: 0.45785
Received=	-0.035647
Feedback: 0.9
Received=	0.12143
Feedback: 0.72461
Received=	0.20018
Feedback: 0.63444
Received=	0.32869
Feedback: 0.48728
Received=	0.30726
Feedback: 0.51182
Received=	0.15328
Feedback: 0.68814
Received=	0.24542
Feedback: 0.58264
Received=	0.32132
Feedback: 0.49573
Received=	0.19315
Feedback: 0.64249
Received=	0.086273
Feedback: 0.76487
Received=	-0.04598
Feedback: 0.9
Received=	0.092539
Feedback: 0.75769
Received=	0.17295
Feedback: 0.66562
Received=	0.013945
Feedback: 0.84768
Received=	-0.006066
Feedback: 0.8706
Received=	-0.056152
Feedback: 0.9
Received=	0.11995
Feedback: 0.7263
Received=	0.23514
Feedback: 0.5944
Received=	0.16917
Feedback: 0.66994
Received=	0.61773
Feedback: 0.15633
Received=	0.44552
Feedback: 0.35352
Received=	0.2459
Feedback: 0.58208
Received=	0.34178
Feedback: 0.4723
Received=	0.12421
Feedback: 0.72143
Received=	0.11335
Feedback: 0.73386
Received=	0.15215
Feedback: 0.68944
Received=	0.081201
Feedback: 0.77067
Received=	0.029627
Feedback: 0.82973
Received=	0.34477
Feedback: 0.46887
Received=	0.46986
Feedback: 0.32564
Received=	0.48182
Feedback: 0.31194
Received=	0.52634
Feedback: 0.26097
Received=	0.28494
Feedback: 0.53738
Calculated range:	[(-2.000000) - (2.000000)]
Success index = (-0.249340)
Received=	0.5573
=====  11:26:7 - BASE  ============
Feedback: 0.66
Received=	0.62021
Feedback: 0.66
Received=	0.51779
Feedback: 0.66
Received=	0.50164
Feedback: 0.66
Received=	0.39213
Feedback: 0.66
Received=	0.2169
Feedback: 0.66
Received=	0.16368
Feedback: 0.66
Received=	0.42582
Feedback: 0.66
Received=	0.29003
Feedback: 0.66
Received=	0.12553
Feedback: 0.66
Received=	0.19941
Feedback: 0.66
Received=	0.44952
Feedback: 0.66
Received=	0.6331
Feedback: 0.66
Received=	0.56979
Feedback: 0.66
Received=	0.37367
Feedback: 0.66
Received=	-0.0022598
Feedback: 0.66
Received=	0.14815
Feedback: 0.66
Received=	0.41936
Feedback: 0.66
Received=	0.37667
Feedback: 0.66
Received=	0.63415
Feedback: 0.66
Received=	0.33993
=====  11:27:7 - NF  ============
Feedback: 0.51909
Received=	0.17622
Feedback: 0.69684
Received=	0.28887
Feedback: 0.57452
Received=	0.26487
Feedback: 0.60058
Received=	0.52173
Feedback: 0.32168
Received=	0.51038
Feedback: 0.334
Received=	0.35339
Feedback: 0.50447
Received=	0.14403
Feedback: 0.73179
Received=	0.40485
Feedback: 0.4486
Received=	0.9118
Feedback: 0.1
Received=	0.69032
Feedback: 0.13863
Received=	0.32467
Feedback: 0.53566
Received=	0.21684
Feedback: 0.65273
Received=	0.060174
Feedback: 0.82285
Received=	0.050108
Feedback: 0.83378
Received=	0.16769
Feedback: 0.70611
Received=	0.13762
Feedback: 0.73876
Received=	0.13974
Feedback: 0.73645
Received=	0.14475
Feedback: 0.73101
Received=	0.24889
Feedback: 0.61794
Received=	0.37734
Feedback: 0.47846
Received=	0.22348
Feedback: 0.64553
Received=	0.16432
Feedback: 0.70977
Received=	0.36455
Feedback: 0.49235
Received=	0.30067
Feedback: 0.56171
Received=	0.24756
Feedback: 0.61938
Received=	0.11417
Feedback: 0.76422
Received=	0.28779
Feedback: 0.5757
Received=	0.24656
Feedback: 0.62046
Received=	0.31642
Feedback: 0.54461
Received=	0.33368
Feedback: 0.52587
Received=	0.44346
Feedback: 0.40667
Received=	0.64547
Feedback: 0.18732
Received=	0.65058
Feedback: 0.18177
Received=	0.36828
Feedback: 0.4883
Received=	0.30929
Feedback: 0.55236
Received=	0.28064
Feedback: 0.58346
Received=	0.22666
Feedback: 0.64208
Received=	0.093887
Feedback: 0.78624
Received=	0.41156
Feedback: 0.44131
Received=	0.66848
Feedback: 0.16234
Received=	0.6764
Feedback: 0.15373
Received=	0.67436
Feedback: 0.15596
Received=	0.64962
Feedback: 0.18282
Received=	0.65403
Feedback: 0.17802
Received=	0.59117
Feedback: 0.24628
Received=	0.64911
Feedback: 0.18337
Received=	0.48142
Feedback: 0.36544
Received=	0.31994
Feedback: 0.54079
Received=	0.55297
Feedback: 0.28776
Received=	0.53274
Feedback: 0.30972
Received=	0.67804
Feedback: 0.15195
Received=	1.0744
Feedback: 0.1
Received=	0.80573
Feedback: 0.1
Received=	0.60846
Feedback: 0.22751
Received=	0.61773
Feedback: 0.21744
Received=	0.54762
Feedback: 0.29357
Received=	0.6168
Feedback: 0.21845
Received=	0.15614
Feedback: 0.71865
Received=	0.13689
Feedback: 0.73955
Calculated range:	[(-2.000000) - (2.000000)]
Success index = (0.209294)
Received=	0.39239
=====  11:30:7 - BASE  ============
Feedback: 0.66
Received=	0.38052
Feedback: 0.66
Received=	0.47148
Feedback: 0.66
Received=	0.44768
Feedback: 0.66
Received=	0.37818
Feedback: 0.66
Received=	0.41442
Feedback: 0.66
Received=	0.33526
Feedback: 0.66
Received=	0.27924
Feedback: 0.66
Received=	0.28167
Feedback: 0.66
Received=	0.5311
Feedback: 0.66
Received=	0.38931
Feedback: 0.66
Received=	0.14948
Feedback: 0.66
Received=	0.31508
Feedback: 0.66
Received=	0.59864
Feedback: 0.66
Received=	0.63347
Feedback: 0.66
Received=	0.51177
Feedback: 0.66
Received=	0.35311
Feedback: 0.66
Received=	0.37471
Feedback: 0.66
Received=	0.36273
Feedback: 0.66
Received=	0.18063
Feedback: 0.66
Received=	0.23335
=====  11:31:7 - NF  ============
Feedback: 0.74099
Received=	0.39456
Feedback: 0.49192
Received=	0.61494
Feedback: 0.15143
Received=	0.52133
Feedback: 0.29606
Received=	0.24551
Feedback: 0.72221
Received=	0.17157
Feedback: 0.83644
Received=	0.21282
Feedback: 0.77272
Received=	0.12642
Feedback: 0.9
Received=	0.18856
Feedback: 0.81019
Received=	0.12256
Feedback: 0.9
Received=	0.23379
Feedback: 0.74031
Received=	0.28831
Feedback: 0.65609
Received=	0.16783
Feedback: 0.84222
Received=	0.19454
Feedback: 0.80095
Received=	0.29445
Feedback: 0.6466
Received=	0.39309
Feedback: 0.4942
Received=	0.11807
Feedback: 0.9
Received=	0.23606
Feedback: 0.7368
Received=	0.61359
Feedback: 0.15353
Received=	0.62939
Feedback: 0.12911
Received=	0.41696
Feedback: 0.45731
Received=	0.10009
Feedback: 0.9
Received=	0.30086
Feedback: 0.63668
Received=	0.20287
Feedback: 0.78809
Received=	0.4475
Feedback: 0.41012
Received=	0.96398
Feedback: 0.1
Received=	1.0154
Feedback: 0.1
Received=	0.69875
Feedback: 0.1
Received=	0.4837
Feedback: 0.3542
Received=	0.48401
Feedback: 0.35372
Received=	0.63901
Feedback: 0.11424
Received=	0.72514
Feedback: 0.1
Received=	0.48776
Feedback: 0.34793
Received=	0.33775
Feedback: 0.57969
Received=	0.18449
Feedback: 0.81649
Received=	1.0531
Feedback: 0.1
Received=	1.1178
Feedback: 0.1
Received=	0.67906
Feedback: 0.1
Received=	0.14973
Feedback: 0.87018
Received=	0.21877
Feedback: 0.76352
Received=	0.40728
Feedback: 0.47226
Received=	0.30323
Feedback: 0.63302
Received=	0.39503
Feedback: 0.4912
Received=	0.26635
Feedback: 0.69
Received=	0.43798
Feedback: 0.42483
Received=	0.50168
Feedback: 0.32642
Received=	0.41729
Feedback: 0.45681
Received=	0.17972
Feedback: 0.82385
Received=	0.1636
Feedback: 0.84876
Received=	0.14639
Feedback: 0.87535
Received=	0.31253
Feedback: 0.61866
Received=	0.85666
Feedback: 0.1
Received=	0.72178
Feedback: 0.1
Received=	0.16332
Feedback: 0.84919
Received=	0.35603
Feedback: 0.55145
Received=	0.64886
Feedback: 0.1
Received=	0.60539
Feedback: 0.16619
Received=	0.32615
Feedback: 0.59762
Received=	0.3685
Feedback: 0.53218
Received=	0.35303
Feedback: 0.55608
Calculated range:	[(-2.000000) - (2.000000)]
Success index = (0.095559)
Received=	0.03461
=====  11:34:7 - BASE  ============
Feedback: 0.66
Received=	0.51807
Feedback: 0.66
Received=	0.3885
Feedback: 0.66
Received=	0.64339
Feedback: 0.66
Received=	1.1676
Feedback: 0.66
Received=	0.72884
Feedback: 0.66
Received=	0.4151
Feedback: 0.66
Received=	0.24419
Feedback: 0.66
Received=	0.21618
Feedback: 0.66
Received=	0.20829
Feedback: 0.66
Received=	0.11962
Feedback: 0.66
Received=	0.6091
Feedback: 0.66
Received=	0.83174
Feedback: 0.66
Received=	0.52526
Feedback: 0.66
Received=	0.33568
Feedback: 0.66
Received=	-0.15143
Feedback: 0.66
Received=	0.005412
Feedback: 0.66
Received=	0.12064
Feedback: 0.66
Received=	0.14789
Feedback: 0.66
Received=	0.31851
Feedback: 0.66
Received=	0.59831
=====  11:35:7 - NF  ============
Feedback: 0.36634
Received=	0.86656
Feedback: 0.20066
Received=	0.35915
Feedback: 0.51406
Received=	0.099169
Feedback: 0.67464
Received=	0.49678
Feedback: 0.42906
Received=	0.4761
Feedback: 0.44183
Received=	0.1115
Feedback: 0.66703
Received=	0.25437
Feedback: 0.57878
Received=	0.35053
Feedback: 0.51938
Received=	0.60697
Feedback: 0.361
Received=	0.79417
Feedback: 0.24537
Received=	0.62397
Feedback: 0.3505
Received=	0.4211
Feedback: 0.4758
Received=	0.47568
Feedback: 0.44209
Received=	0.36636
Feedback: 0.50961
Received=	0.26057
Feedback: 0.57495
Received=	0.61736
Feedback: 0.35458
Received=	0.27548
Feedback: 0.56574
Received=	0.11392
Feedback: 0.66553
Received=	0.068646
Feedback: 0.69349
Received=	0.13353
Feedback: 0.65342
Received=	0.054361
Feedback: 0.70231
Received=	0.075314
Feedback: 0.68937
Received=	-0.040087
Feedback: 0.76065
Received=	0.26294
Feedback: 0.57348
Received=	0.40603
Feedback: 0.48511
Received=	1.0468
Feedback: 0.1
Received=	0.99898
Feedback: 0.11888
Received=	0.68541
Feedback: 0.31255
Received=	0.34273
Feedback: 0.5242
Received=	0.3507
Feedback: 0.51928
Received=	0.60061
Feedback: 0.36493
Received=	0.56732
Feedback: 0.38548
Received=	0.58248
Feedback: 0.37612
Received=	0.67101
Feedback: 0.32145
Received=	0.49294
Feedback: 0.43143
Received=	0.30719
Feedback: 0.54615
Received=	0.25623
Feedback: 0.57763
Received=	0.30931
Feedback: 0.54485
Received=	0.33572
Feedback: 0.52854
Received=	0.18588
Feedback: 0.62108
Received=	0.23987
Feedback: 0.58774
Received=	0.24359
Feedback: 0.58544
Received=	0.23009
Feedback: 0.59378
Received=	0.04676
Feedback: 0.70701
Received=	-0.10266
Feedback: 0.7993
Received=	-0.11153
Feedback: 0.80477
Received=	0.4327
Feedback: 0.46863
Received=	0.86566
Feedback: 0.20122
Received=	0.75179
Feedback: 0.27155
Received=	0.39659
Feedback: 0.49094
Received=	0.13501
Feedback: 0.6525
Received=	0.06609
Feedback: 0.69507
Received=	0.34528
Feedback: 0.52263
Received=	0.16451
Feedback: 0.63428
Received=	0.19321
Feedback: 0.61655
Received=	0.36677
Feedback: 0.50936
Received=	0.72693
Feedback: 0.2869
Received=	0.33519
Feedback: 0.52886
Received=	0.036795
Feedback: 0.71316
Calculated range:	[(-2.000000) - (2.000000)]
Success index = (-0.041176)
closing...
