Direction=-1.000000	; step=1.000000;
Received=	0
Feedback: 0.66
Received=	0
Feedback: 0.66
Received=	0
Feedback: 0.66
Received=	-0.2828
Feedback: 0.66
Received=	-0.34009
Feedback: 0.66
Received=	-0.24063
Feedback: 0.66
Received=	0.10963
Feedback: 0.66
Received=	-0.065591
Feedback: 0.66
Received=	-0.16789
Feedback: 0.66
Received=	-0.17898
Feedback: 0.66
Received=	-0.26434
Feedback: 0.66
Received=	-0.4802
Feedback: 0.66
Received=	-0.57021
Feedback: 0.66
Received=	-0.5573
Feedback: 0.66
Received=	-0.51169
Feedback: 0.66
Received=	-0.48802
Feedback: 0.66
Received=	-0.42653
Feedback: 0.66
Received=	-0.043445
Feedback: 0.66
Received=	-0.20777
Feedback: 0.66
Received=	-0.43849
Feedback: 0.66
Received=	-0.34403
=====  12:29:18 - NF  ============
Feedback: 0.55647
Received=	0.14184
Feedback: 0.1
Received=	0.5024
Feedback: 0.1
Received=	-0.14294
Feedback: 0.35961
Received=	-0.5239
Feedback: 0.73255
Received=	-0.26647
Feedback: 0.48054
Received=	-0.25292
Feedback: 0.46727
Received=	-0.41361
Feedback: 0.62457
Received=	-0.65535
Feedback: 0.86123
Received=	-0.66363
Feedback: 0.86934
Received=	-0.68935
Feedback: 0.89451
Received=	-0.55108
Feedback: 0.75915
Received=	-0.45165
Feedback: 0.66181
Received=	-0.27484
Feedback: 0.48873
Received=	-0.2264
Feedback: 0.44131
Received=	-0.5172
Feedback: 0.72599
Received=	-0.75096
Feedback: 0.9
Received=	-0.53275
Feedback: 0.74121
Received=	-0.55942
Feedback: 0.76732
Received=	-0.47701
Feedback: 0.68664
Received=	-0.45899
Feedback: 0.669
Received=	-0.37807
Feedback: 0.58978
Received=	-0.296
Feedback: 0.50944
Received=	-0.45225
Feedback: 0.66241
Received=	-0.32668
Feedback: 0.53948
Received=	-0.20963
Feedback: 0.42489
Received=	-0.4309
Feedback: 0.6415
Received=	-0.24377
Feedback: 0.45831
Received=	-0.16979
Feedback: 0.38589
Received=	-0.41145
Feedback: 0.62246
Received=	-0.35281
Feedback: 0.56506
Received=	-0.27053
Feedback: 0.48451
Received=	-0.41565
Feedback: 0.62657
Received=	-0.34539
Feedback: 0.5578
Received=	-0.48457
Feedback: 0.69404
Received=	-0.27353
Feedback: 0.48745
Received=	-0.49634
Feedback: 0.70557
Received=	0.01757
Feedback: 0.20247
Received=	0.14514
Feedback: 0.1
Received=	-0.16325
Feedback: 0.37948
Received=	-0.14705
Feedback: 0.36363
Received=	-0.28791
Feedback: 0.50153
Received=	-0.30888
Feedback: 0.52206
Received=	-0.43301
Feedback: 0.64357
Received=	-0.73801
Feedback: 0.9
Received=	-0.60682
Feedback: 0.81372
Received=	-0.32197
Feedback: 0.53487
Received=	-0.36173
Feedback: 0.57379
Received=	-0.32279
Feedback: 0.53567
Received=	-0.24532
Feedback: 0.45983
Received=	-0.47694
Feedback: 0.68657
Received=	-0.57041
Feedback: 0.77807
Received=	-0.12158
Feedback: 0.33869
Received=	-0.39661
Feedback: 0.60793
Received=	-0.91307
Feedback: 0.9
Received=	-0.82229
Feedback: 0.9
Received=	-0.56867
Feedback: 0.77637
Received=	-0.62741
Feedback: 0.83387
Received=	-0.51784
Feedback: 0.72662
Received=	-0.57254
Feedback: 0.78016
Calculated range:	[(-2.000000) - (2.000000)]
Success index = (-0.421791)
Received=	-0.64643
=====  12:32:18 - BASE  ============
Feedback: 0.66
Received=	-0.72627
Feedback: 0.66
Received=	-0.48743
Feedback: 0.66
Received=	-0.22921
Feedback: 0.66
Received=	-0.25405
Feedback: 0.66
Received=	-0.23614
Feedback: 0.66
Received=	-0.19009
Feedback: 0.66
Received=	-0.23738
Feedback: 0.66
Received=	-0.43923
Feedback: 0.66
Received=	-0.45525
Feedback: 0.66
Received=	-0.50786
Feedback: 0.66
Received=	-0.29975
Feedback: 0.66
Received=	-0.21083
Feedback: 0.66
Received=	-0.15963
Feedback: 0.66
Received=	-0.071877
Feedback: 0.66
Received=	-0.32309
Feedback: 0.66
Received=	-0.33053
Feedback: 0.66
Received=	-0.17208
Feedback: 0.66
Received=	-0.34653
Feedback: 0.66
Received=	-0.57681
Feedback: 0.66
Received=	-0.34186
=====  12:33:18 - NF  ============
Feedback: 0.55033
Received=	0.18532
Feedback: 0.1
Received=	0.10135
Feedback: 0.1
Received=	-0.17485
Feedback: 0.30853
Received=	-0.55419
Feedback: 0.85773
Received=	-0.40232
Feedback: 0.63786
Received=	-0.33345
Feedback: 0.53816
Received=	-0.094786
Feedback: 0.19263
Received=	-0.30283
Feedback: 0.49382
Received=	-0.26201
Feedback: 0.43472
Received=	-0.16342
Feedback: 0.29199
Received=	-0.33076
Feedback: 0.53426
Received=	-0.48796
Feedback: 0.76184
Received=	-0.82511
Feedback: 0.9
Received=	-0.48466
Feedback: 0.75706
Received=	-0.5308
Feedback: 0.82387
Received=	-1.0379
Feedback: 0.9
Received=	-0.74207
Feedback: 0.9
Received=	-0.44481
Feedback: 0.69937
Received=	-0.58309
Feedback: 0.89957
Received=	-0.50337
Feedback: 0.78415
Received=	-0.62422
Feedback: 0.9
Received=	-0.56147
Feedback: 0.86826
Received=	-0.36387
Feedback: 0.58218
Received=	-0.69116
Feedback: 0.9
Received=	-0.60499
Feedback: 0.9
Received=	-0.054132
Feedback: 0.13377
Received=	0.22213
Feedback: 0.1
Received=	-0.24101
Feedback: 0.40432
Received=	-0.66214
Feedback: 0.9
Received=	-0.35571
Feedback: 0.57037
Received=	-0.25419
Feedback: 0.42341
Received=	-0.054245
Feedback: 0.13393
Received=	-0.51679
Feedback: 0.80358
Received=	-0.5336
Feedback: 0.82792
Received=	-0.4822
Feedback: 0.7535
Received=	-0.43613
Feedback: 0.68681
Received=	-0.47052
Feedback: 0.73659
Received=	-0.5945
Feedback: 0.9
Received=	-0.50758
Feedback: 0.79024
Received=	-0.25521
Feedback: 0.42488
Received=	-0.26244
Feedback: 0.43535
Received=	-0.31663
Feedback: 0.5138
Received=	-0.60995
Feedback: 0.9
Received=	-0.69462
Feedback: 0.9
Received=	-0.33906
Feedback: 0.54627
Received=	-0.31985
Feedback: 0.51846
Received=	-0.11773
Feedback: 0.22584
Received=	-0.1944
Feedback: 0.33684
Received=	-0.34737
Feedback: 0.55831
Received=	-0.45944
Feedback: 0.72055
Received=	-0.36747
Feedback: 0.58741
Received=	-0.42946
Feedback: 0.67715
Received=	-0.44758
Feedback: 0.70338
Received=	-0.35911
Feedback: 0.57529
Received=	-0.42487
Feedback: 0.6705
Received=	-0.7525
Feedback: 0.9
Received=	-0.45163
Feedback: 0.70925
Received=	-0.26125
Feedback: 0.43362
Received=	-0.086514
Feedback: 0.18065
Calculated range:	[(-2.000000) - (2.000000)]
Success index = (-0.405853)
Received=	-0.53862
=====  12:36:18 - BASE  ============
Feedback: 0.66
Received=	-0.83291
Feedback: 0.66
Received=	-0.69011
Feedback: 0.66
Received=	-0.39082
Feedback: 0.66
Received=	-0.26846
Feedback: 0.66
Received=	-0.35792
Feedback: 0.66
Received=	-0.47006
Feedback: 0.66
Received=	-0.24364
Feedback: 0.66
Received=	-0.51482
Feedback: 0.66
Received=	-0.63125
Feedback: 0.66
Received=	-0.38666
Feedback: 0.66
Received=	-0.45954
Feedback: 0.66
Received=	-0.64201
Feedback: 0.66
Received=	-0.50651
Feedback: 0.66
Received=	-0.46073
Feedback: 0.66
Received=	-0.18938
Feedback: 0.66
Received=	-0.24529
Feedback: 0.66
Received=	-0.31866
Feedback: 0.66
Received=	-0.4207
Feedback: 0.66
Received=	-0.073893
Feedback: 0.66
Received=	0.025605
=====  12:37:18 - NF  ============
Feedback: 0.1
Received=	-0.293
Feedback: 0.36486
Received=	-0.30875
Feedback: 0.38406
Received=	-0.2205
Feedback: 0.27653
Received=	-0.028804
Feedback: 0.1
Received=	-0.4467
Feedback: 0.55213
Received=	-0.43018
Feedback: 0.532
Received=	-0.3688
Feedback: 0.45722
Received=	-0.46934
Feedback: 0.57971
Received=	-0.24771
Feedback: 0.30969
Received=	-0.35828
Feedback: 0.4444
Received=	-0.60572
Feedback: 0.74588
Received=	-0.36059
Feedback: 0.44721
Received=	-0.33017
Feedback: 0.41015
Received=	-0.2097
Feedback: 0.26337
Received=	-0.097963
Feedback: 0.12723
Received=	-0.27991
Feedback: 0.34891
Received=	-0.47765
Feedback: 0.58984
Received=	-0.48988
Feedback: 0.60474
Received=	-0.73096
Feedback: 0.89847
Received=	-0.48235
Feedback: 0.59557
Received=	-0.81205
Feedback: 0.9
Received=	-0.55431
Feedback: 0.68325
Received=	-0.49512
Feedback: 0.61112
Received=	-0.4191
Feedback: 0.51851
Received=	-0.50392
Feedback: 0.62185
Received=	-0.44384
Feedback: 0.54864
Received=	-0.54085
Feedback: 0.66684
Received=	-0.10121
Feedback: 0.13118
Received=	-0.22381
Feedback: 0.28057
Received=	-0.60885
Feedback: 0.7497
Received=	-0.61798
Feedback: 0.76082
Received=	-0.47117
Feedback: 0.58194
Received=	-0.5791
Feedback: 0.71344
Received=	-0.20499
Feedback: 0.25764
Received=	-0.082126
Feedback: 0.10794
Received=	-0.2591
Feedback: 0.32356
Received=	-0.45718
Feedback: 0.5649
Received=	-0.56866
Feedback: 0.70072
Received=	-0.55233
Feedback: 0.68082
Received=	-0.72608
Feedback: 0.89253
Received=	-0.65236
Feedback: 0.80271
Received=	-0.43137
Feedback: 0.53345
Received=	0.11783
Feedback: 0.1
Received=	-0.046447
Feedback: 0.1
Received=	-0.22257
Feedback: 0.27906
Received=	-0.6276
Feedback: 0.77254
Received=	-0.43291
Feedback: 0.53533
Received=	-0.23161
Feedback: 0.29007
Received=	-0.3855
Feedback: 0.47756
Received=	-0.74317
Feedback: 0.9
Received=	-0.47344
Feedback: 0.58472
Received=	-0.48298
Feedback: 0.59634
Received=	-0.92398
Feedback: 0.9
Received=	-0.82003
Feedback: 0.9
Received=	-0.44578
Feedback: 0.55101
Received=	0.23299
Feedback: 0.1
Received=	0.23431
Feedback: 0.1
Received=	-0.057949
Feedback: 0.1
Received=	-0.43379
Feedback: 0.5364
Calculated range:	[(-2.000000) - (2.000000)]
Success index = (0.071362)
Received=	-0.74424
=====  12:40:18 - BASE  ============
Feedback: 0.66
Received=	-0.61886
Feedback: 0.66
Received=	-0.073435
Feedback: 0.66
Received=	-0.073405
Feedback: 0.66
Received=	-0.29177
Feedback: 0.66
Received=	-0.13128
Feedback: 0.66
Received=	-0.40433
Feedback: 0.66
Received=	-0.4388
Feedback: 0.66
Received=	-0.34271
Feedback: 0.66
Received=	-0.35853
Feedback: 0.66
Received=	-0.47035
Feedback: 0.66
Received=	-0.58922
Feedback: 0.66
Received=	-0.56243
Feedback: 0.66
Received=	-0.44334
Feedback: 0.66
Received=	-0.3481
Feedback: 0.66
Received=	-0.11428
Feedback: 0.66
Received=	-0.17142
Feedback: 0.66
Received=	0.087043
Feedback: 0.66
Received=	0.12299
Feedback: 0.66
Received=	0.068077
Feedback: 0.66
Received=	-0.15763
=====  12:41:18 - NF  ============
Feedback: 0.41536
Received=	-0.26234
Feedback: 0.50931
Received=	0.15197
Feedback: 0.13758
Received=	0.088813
Feedback: 0.19425
Received=	-0.098611
Feedback: 0.36241
Received=	-0.48949
Feedback: 0.71312
Received=	-0.29505
Feedback: 0.53866
Received=	-0.26146
Feedback: 0.50852
Received=	-0.563
Feedback: 0.77908
Received=	-0.50377
Feedback: 0.72593
Received=	-0.43798
Feedback: 0.6669
Received=	-0.54014
Feedback: 0.75857
Received=	-0.45039
Feedback: 0.67804
Received=	-0.58949
Feedback: 0.80284
Received=	-0.82704
Feedback: 0.9
Received=	-0.88508
Feedback: 0.9
Received=	-0.57676
Feedback: 0.79142
Received=	-0.74461
Feedback: 0.9
Received=	-0.5378
Feedback: 0.75647
Received=	-0.49843
Feedback: 0.72114
Received=	-0.57162
Feedback: 0.78681
Received=	-0.2285
Feedback: 0.47895
Received=	-0.30732
Feedback: 0.54967
Received=	-0.57405
Feedback: 0.78899
Received=	-0.82875
Feedback: 0.9
Received=	-0.79158
Feedback: 0.9
Received=	-0.51849
Feedback: 0.73914
Received=	-0.033698
Feedback: 0.30417
Received=	-0.087699
Feedback: 0.35262
Received=	-0.46186
Feedback: 0.68833
Received=	-0.78623
Feedback: 0.9
Received=	-0.37889
Feedback: 0.61389
Received=	-0.22156
Feedback: 0.47272
Received=	-0.70288
Feedback: 0.9
Received=	-0.69305
Feedback: 0.89576
Received=	-0.61375
Feedback: 0.82461
Received=	-0.7432
Feedback: 0.9
Received=	-0.63148
Feedback: 0.84051
Received=	-0.3238
Feedback: 0.56446
Received=	-0.10021
Feedback: 0.36384
Received=	-0.41404
Feedback: 0.64542
Received=	-0.0085559
Feedback: 0.28161
Received=	-0.11846
Feedback: 0.38022
Received=	-0.21995
Feedback: 0.47128
Received=	-0.32033
Feedback: 0.56134
Received=	-0.27737
Feedback: 0.5228
Received=	-0.4863
Feedback: 0.71026
Received=	-0.13768
Feedback: 0.39747
Received=	-0.32054
Feedback: 0.56153
Received=	-0.54442
Feedback: 0.7624
Received=	-0.52631
Feedback: 0.74616
Received=	-0.1461
Feedback: 0.40502
Received=	-0.19799
Feedback: 0.45157
Received=	-0.52303
Feedback: 0.74321
Received=	-0.60735
Feedback: 0.81887
Received=	-0.64192
Feedback: 0.84988
Received=	-0.46866
Feedback: 0.69443
Received=	-0.54335
Feedback: 0.76144
Received=	-0.72841
Feedback: 0.9
Received=	-0.81988
Feedback: 0.9
Calculated range:	[(-2.000000) - (2.000000)]
Success index = (-0.754912)
Received=	-0.64803
=====  12:44:18 - BASE  ============
Feedback: 0.66
Received=	-0.46048
Feedback: 0.66
Received=	-0.53315
Feedback: 0.66
Received=	-0.33426
Feedback: 0.66
Received=	-0.43944
Feedback: 0.66
Received=	-0.75998
Feedback: 0.66
Received=	-0.71169
Feedback: 0.66
Received=	-0.36527
Feedback: 0.66
Received=	-0.54236
Feedback: 0.66
Received=	-0.78192
Feedback: 0.66
Received=	-0.47805
Feedback: 0.66
Received=	-0.27509
Feedback: 0.66
Received=	-0.50557
Feedback: 0.66
Received=	-0.53809
Feedback: 0.66
Received=	-0.60766
Feedback: 0.66
Received=	-0.47872
Feedback: 0.66
Received=	-0.40934
Feedback: 0.66
Received=	-0.34327
Feedback: 0.66
Received=	-0.2611
Feedback: 0.66
Received=	-0.42563
Feedback: 0.66
Received=	-0.63759
=====  12:45:18 - NF  ============
Feedback: 0.69417
Received=	-0.13036
Feedback: 0.1
Received=	0.20954
Feedback: 0.1
Received=	0.082662
Feedback: 0.1
Received=	-0.20068
Feedback: 0.12565
Received=	-0.50616
Feedback: 0.52315
Received=	-0.45923
Feedback: 0.46209
Received=	-0.4324
Feedback: 0.42717
Received=	-0.82789
Feedback: 0.9
Received=	-0.68605
Feedback: 0.75724
Received=	-0.79827
Feedback: 0.9
Received=	-0.49759
Feedback: 0.51201
Received=	-0.31175
Feedback: 0.27018
Received=	-0.13249
Feedback: 0.1
Received=	-0.38609
Feedback: 0.36691
Received=	-0.56593
Feedback: 0.60093
Received=	-0.53814
Feedback: 0.56476
Received=	-0.39348
Feedback: 0.37653
Received=	-0.31509
Feedback: 0.27453
Received=	-0.45821
Feedback: 0.46076
Received=	-0.79009
Feedback: 0.89261
Received=	-0.79139
Feedback: 0.8943
Received=	-0.71711
Feedback: 0.79765
Received=	-0.4736
Feedback: 0.48079
Received=	-0.37236
Feedback: 0.34905
Received=	-0.2314
Feedback: 0.16563
Received=	-0.1298
Feedback: 0.1
Received=	-0.47658
Feedback: 0.48466
Received=	-0.39005
Feedback: 0.37207
Received=	-0.21166
Feedback: 0.13994
Received=	-0.40404
Feedback: 0.39028
Received=	-0.35887
Feedback: 0.3315
Received=	0.096699
Feedback: 0.1
Received=	-0.2089
Feedback: 0.13634
Received=	-0.27825
Feedback: 0.22659
Received=	-0.28531
Feedback: 0.23577
Received=	-0.53
Feedback: 0.55418
Received=	-0.36506
Feedback: 0.33955
Received=	-0.10479
Feedback: 0.1
Received=	-0.19075
Feedback: 0.11273
Received=	-0.34768
Feedback: 0.31694
Received=	-0.15491
Feedback: 0.1
Received=	-0.35453
Feedback: 0.32585
Received=	-0.28228
Feedback: 0.23183
Received=	-0.37045
Feedback: 0.34657
Received=	-0.25528
Feedback: 0.1967
Received=	-0.52002
Feedback: 0.54119
Received=	-0.27751
Feedback: 0.22563
Received=	0.077782
Feedback: 0.1
Received=	0.028693
Feedback: 0.1
Received=	-0.21925
Feedback: 0.14982
Received=	-0.30201
Feedback: 0.2575
Received=	-0.40308
Feedback: 0.38902
Received=	-0.1781
Feedback: 0.1
Received=	-0.32134
Feedback: 0.28266
Received=	-0.39658
Feedback: 0.38056
Received=	-0.35456
Feedback: 0.32588
Received=	-0.00507
Feedback: 0.1
Received=	-0.0081428
Feedback: 0.1
Received=	-0.27953
Feedback: 0.22825
Calculated range:	[(-2.000000) - (2.000000)]
Success index = (0.723226)
closing...
