Direction=-1.000000	; step=1.000000;
Received=	0
Feedback: 0.66
Received=	0
Feedback: 0.66
Received=	0
Feedback: 0.66
Received=	0.35293
Feedback: 0.66
Received=	0.24508
Feedback: 0.66
Received=	0.17602
Feedback: 0.66
Received=	-0.10216
Feedback: 0.66
Received=	-0.26566
Feedback: 0.66
Received=	-0.2386
Feedback: 0.66
Received=	-0.25138
Feedback: 0.66
Received=	-0.22863
Feedback: 0.66
Received=	-0.35295
Feedback: 0.66
Received=	-0.33742
Feedback: 0.66
Received=	-0.16902
Feedback: 0.66
Received=	-0.22684
Feedback: 0.66
Received=	-0.23882
Feedback: 0.66
Received=	-0.40076
Feedback: 0.66
Received=	-0.45074
Feedback: 0.66
Received=	-0.49938
Feedback: 0.66
Received=	-0.36917
Feedback: 0.66
Received=	-0.18187
=====  13:27:54 - NF  ============
Feedback: 0.4961
Received=	0.24761
Feedback: 0.13607
Received=	0.61056
Feedback: 0.1
Received=	0.24521
Feedback: 0.13808
Received=	-0.087715
Feedback: 0.41717
Received=	-0.34732
Feedback: 0.63479
Received=	-0.1917
Feedback: 0.50434
Received=	-0.091596
Feedback: 0.42042
Received=	-0.22702
Feedback: 0.53394
Received=	-0.22016
Feedback: 0.52819
Received=	-0.11731
Feedback: 0.44197
Received=	-0.1301
Feedback: 0.4527
Received=	-0.37704
Feedback: 0.6597
Received=	-0.59779
Feedback: 0.84475
Received=	-0.27527
Feedback: 0.57439
Received=	-0.055452
Feedback: 0.39012
Received=	-0.18353
Feedback: 0.49749
Received=	-0.25148
Feedback: 0.55445
Received=	-0.45256
Feedback: 0.72301
Received=	-0.58824
Feedback: 0.83675
Received=	-0.57466
Feedback: 0.82537
Received=	-0.47629
Feedback: 0.7429
Received=	-0.59781
Feedback: 0.84477
Received=	-0.71965
Feedback: 0.9
Received=	-0.729
Feedback: 0.9
Received=	-0.62611
Feedback: 0.86849
Received=	-0.67291
Feedback: 0.9
Received=	-0.47288
Feedback: 0.74005
Received=	-0.40543
Feedback: 0.6835
Received=	-0.38264
Feedback: 0.6644
Received=	-0.45876
Feedback: 0.72821
Received=	-0.61086
Feedback: 0.85571
Received=	-0.56829
Feedback: 0.82003
Received=	-0.51333
Feedback: 0.77396
Received=	-0.32037
Feedback: 0.61219
Received=	-0.059214
Feedback: 0.39327
Received=	-0.078492
Feedback: 0.40944
Received=	-0.17434
Feedback: 0.48978
Received=	-0.3009
Feedback: 0.59588
Received=	-0.43824
Feedback: 0.711
Received=	-0.40482
Feedback: 0.68299
Received=	-0.43728
Feedback: 0.7102
Received=	-0.38272
Feedback: 0.66446
Received=	-0.26336
Feedback: 0.5644
Received=	-0.30356
Feedback: 0.59811
Received=	-0.56586
Feedback: 0.81799
Received=	-0.63541
Feedback: 0.87629
Received=	-0.66372
Feedback: 0.9
Received=	-0.72589
Feedback: 0.9
Received=	-0.67695
Feedback: 0.9
Received=	-0.83157
Feedback: 0.9
Received=	-0.87286
Feedback: 0.9
Received=	-0.62498
Feedback: 0.86755
Received=	-0.16502
Feedback: 0.48197
Received=	0.010546
Feedback: 0.3348
Received=	-0.31904
Feedback: 0.61108
Received=	-0.61497
Feedback: 0.85916
Received=	-0.73622
Feedback: 0.9
Received=	-0.65046
Feedback: 0.8889
Received=	-0.44109
Feedback: 0.7134
Calculated range:	[(-2.000000) - (2.000000)]
Success index = (-0.709052)
Received=	-0.31196
=====  13:30:54 - BASE  ============
Feedback: 0.66
Received=	-0.06947
Feedback: 0.66
Received=	0.41419
Feedback: 0.66
Received=	0.32212
Feedback: 0.66
Received=	0.30004
Feedback: 0.66
Received=	0.20542
Feedback: 0.66
Received=	0.24189
Feedback: 0.66
Received=	0.060949
Feedback: 0.66
Received=	-0.17369
Feedback: 0.66
Received=	-0.13533
Feedback: 0.66
Received=	0.10883
Feedback: 0.66
Received=	0.41072
Feedback: 0.66
Received=	0.51033
Feedback: 0.66
Received=	0.32402
Feedback: 0.66
Received=	0.055162
Feedback: 0.66
Received=	-0.037586
Feedback: 0.66
Received=	-0.084436
Feedback: 0.66
Received=	-0.090802
Feedback: 0.66
Received=	-0.036497
Feedback: 0.66
Received=	-0.1186
Feedback: 0.66
Received=	-0.23783
=====  13:31:54 - NF  ============
Feedback: 0.8335
Received=	-0.178
Feedback: 0.77873
Received=	0.081941
Feedback: 0.54078
Received=	0.19251
Feedback: 0.43956
Received=	-0.14595
Feedback: 0.7494
Received=	-0.36209
Feedback: 0.9
Received=	-0.57845
Feedback: 0.9
Received=	-0.60351
Feedback: 0.9
Received=	-0.37106
Feedback: 0.9
Received=	-0.54224
Feedback: 0.9
Received=	-0.71661
Feedback: 0.9
Received=	-0.5598
Feedback: 0.9
Received=	0.057217
Feedback: 0.56341
Received=	0.1104
Feedback: 0.51473
Received=	-0.089428
Feedback: 0.69765
Received=	-0.16844
Feedback: 0.76998
Received=	-0.32688
Feedback: 0.9
Received=	-0.60428
Feedback: 0.9
Received=	-0.53079
Feedback: 0.9
Received=	-0.4912
Feedback: 0.9
Received=	-0.41816
Feedback: 0.9
Received=	-0.27649
Feedback: 0.86889
Received=	-0.39271
Feedback: 0.9
Received=	-0.52975
Feedback: 0.9
Received=	-0.43855
Feedback: 0.9
Received=	-0.37815
Feedback: 0.9
Received=	-0.35227
Feedback: 0.9
Received=	-0.28464
Feedback: 0.87636
Received=	-0.17373
Feedback: 0.77482
Received=	-0.36887
Feedback: 0.9
Received=	-0.13842
Feedback: 0.7425
Received=	-0.052711
Feedback: 0.66404
Received=	-0.17012
Feedback: 0.77151
Received=	-0.23923
Feedback: 0.83478
Received=	-0.35078
Feedback: 0.9
Received=	-0.44489
Feedback: 0.9
Received=	-0.60455
Feedback: 0.9
Received=	-0.63758
Feedback: 0.9
Received=	-0.53032
Feedback: 0.9
Received=	-0.54062
Feedback: 0.9
Received=	-0.46466
Feedback: 0.9
Received=	-0.60019
Feedback: 0.9
Received=	-0.64165
Feedback: 0.9
Received=	-0.34889
Feedback: 0.9
Received=	-0.38362
Feedback: 0.9
Received=	-0.36501
Feedback: 0.9
Received=	-0.22743
Feedback: 0.82398
Received=	-0.16895
Feedback: 0.77044
Received=	-0.4731
Feedback: 0.9
Received=	-0.65612
Feedback: 0.9
Received=	-0.53938
Feedback: 0.9
Received=	-0.17385
Feedback: 0.77493
Received=	-0.44667
Feedback: 0.9
Received=	-0.57561
Feedback: 0.9
Received=	-0.74754
Feedback: 0.9
Received=	-0.86339
Feedback: 0.9
Received=	-0.67795
Feedback: 0.9
Received=	-0.35128
Feedback: 0.9
Received=	-0.44653
Feedback: 0.9
Received=	-0.56234
Feedback: 0.9
Calculated range:	[(-3.302351) - (0.697649)]
Success index = (-2.302351)
Received=	-0.3675
=====  13:34:54 - BASE  ============
Feedback: 0.66
Received=	0.44477
Feedback: 0.66
Received=	0.68744
Feedback: 0.66
Received=	0.4568
Feedback: 0.66
Received=	0.098365
Feedback: 0.66
Received=	-0.058239
Feedback: 0.66
Received=	-0.13775
Feedback: 0.66
Received=	-0.3495
Feedback: 0.66
Received=	-0.27844
Feedback: 0.66
Received=	-0.17725
Feedback: 0.66
Received=	-0.093229
Feedback: 0.66
Received=	-0.07615
Feedback: 0.66
Received=	0.031252
Feedback: 0.66
Received=	-0.16287
Feedback: 0.66
Received=	-0.2413
Feedback: 0.66
Received=	-0.23059
Feedback: 0.66
Received=	-0.28589
Feedback: 0.66
Received=	-0.31651
Feedback: 0.66
Received=	-0.14227
Feedback: 0.66
Received=	-0.17982
Feedback: 0.66
Received=	-0.14477
=====  13:35:54 - NF  ============
Feedback: 0.28733
Received=	0.36453
Feedback: 0.1
Received=	0.2351
Feedback: 0.1
Received=	-0.23996
Feedback: 0.35856
Received=	-0.51144
Feedback: 0.5617
Received=	-0.24235
Feedback: 0.36035
Received=	-0.034458
Feedback: 0.20479
Received=	-0.057166
Feedback: 0.22178
Received=	-0.012685
Feedback: 0.1885
Received=	-0.047268
Feedback: 0.21437
Received=	-0.22029
Feedback: 0.34384
Received=	-0.43983
Feedback: 0.50811
Received=	-0.5696
Feedback: 0.60522
Received=	-0.55782
Feedback: 0.59641
Received=	-0.44337
Feedback: 0.51076
Received=	-0.1242
Feedback: 0.27194
Received=	-0.068928
Feedback: 0.23058
Received=	-0.36044
Feedback: 0.44871
Received=	-0.57506
Feedback: 0.6093
Received=	-0.46898
Feedback: 0.52993
Received=	-0.33933
Feedback: 0.43291
Received=	-0.27673
Feedback: 0.38607
Received=	-0.42978
Feedback: 0.5006
Received=	-0.4892
Feedback: 0.54506
Received=	-0.49002
Feedback: 0.54567
Received=	-0.43618
Feedback: 0.50538
Received=	-0.23426
Feedback: 0.35429
Received=	-0.11106
Feedback: 0.26211
Received=	-0.1332
Feedback: 0.27867
Received=	-0.34801
Feedback: 0.43941
Received=	-0.46378
Feedback: 0.52603
Received=	-0.60367
Feedback: 0.63071
Received=	-0.6432
Feedback: 0.66029
Received=	-0.68132
Feedback: 0.68882
Received=	-0.72835
Feedback: 0.72401
Received=	-0.6794
Feedback: 0.68738
Received=	-0.80851
Feedback: 0.78399
Received=	-0.61011
Feedback: 0.63553
Received=	-0.49356
Feedback: 0.54832
Received=	-0.47031
Feedback: 0.53093
Received=	-0.44193
Feedback: 0.50969
Received=	-0.36881
Feedback: 0.45497
Received=	-0.28135
Feedback: 0.38953
Received=	-0.4579
Feedback: 0.52164
Received=	-0.50003
Feedback: 0.55316
Received=	-0.40658
Feedback: 0.48324
Received=	-0.50986
Feedback: 0.56052
Received=	-0.68172
Feedback: 0.68912
Received=	-0.69472
Feedback: 0.69884
Received=	-0.43787
Feedback: 0.50665
Received=	-0.3647
Feedback: 0.4519
Received=	-0.38692
Feedback: 0.46853
Received=	-0.37483
Feedback: 0.45948
Received=	-0.40514
Feedback: 0.48216
Received=	-0.42245
Feedback: 0.49511
Received=	-0.51464
Feedback: 0.56409
Received=	-0.54468
Feedback: 0.58657
Received=	-0.098706
Feedback: 0.25286
Received=	-5.3833e-05
Feedback: 0.17905
Received=	-0.39603
Feedback: 0.47534
Calculated range:	[(-2.203400) - (1.796600)]
Success index = (-1.203400)
Received=	-0.27859
=====  13:38:54 - BASE  ============
Feedback: 0.66
Received=	0.23426
Feedback: 0.66
Received=	0.48832
Feedback: 0.66
Received=	0.27891
Feedback: 0.66
Received=	0.013742
Feedback: 0.66
Received=	-0.24827
Feedback: 0.66
Received=	-0.27138
Feedback: 0.66
Received=	-0.075766
Feedback: 0.66
Received=	0.2471
Feedback: 0.66
Received=	-0.084035
Feedback: 0.66
Received=	-0.25555
Feedback: 0.66
Received=	-0.11831
Feedback: 0.66
Received=	-0.0014167
Feedback: 0.66
Received=	0.048018
Feedback: 0.66
Received=	-0.082194
Feedback: 0.66
Received=	-0.12503
Feedback: 0.66
Received=	-0.085325
Feedback: 0.66
Received=	-0.35411
Feedback: 0.66
Received=	-0.34075
Feedback: 0.66
Received=	-0.40347
Feedback: 0.66
Received=	-0.23769
=====  13:39:54 - NF  ============
Feedback: 0.597
Received=	0.39667
Feedback: 0.1
Received=	0.39789
Feedback: 0.1
Received=	0.14484
Feedback: 0.27111
Received=	-0.096185
Feedback: 0.47644
Received=	-0.37
Feedback: 0.70971
Received=	-0.35547
Feedback: 0.69733
Received=	-0.25047
Feedback: 0.60788
Received=	-0.35114
Feedback: 0.69364
Received=	-0.47426
Feedback: 0.79853
Received=	-0.37529
Feedback: 0.71421
Received=	-0.30852
Feedback: 0.65734
Received=	-0.45024
Feedback: 0.77807
Received=	-0.41625
Feedback: 0.74911
Received=	-0.27789
Feedback: 0.63124
Received=	-0.15264
Feedback: 0.52454
Received=	-0.17829
Feedback: 0.54639
Received=	-0.40663
Feedback: 0.74092
Received=	-0.54733
Feedback: 0.86078
Received=	-0.55738
Feedback: 0.86935
Received=	-0.55287
Feedback: 0.8655
Received=	-0.58793
Feedback: 0.89537
Received=	-0.69317
Feedback: 0.9
Received=	-0.76578
Feedback: 0.9
Received=	-0.51741
Feedback: 0.83529
Received=	-0.3156
Feedback: 0.66337
Received=	-0.32087
Feedback: 0.66785
Received=	-0.51412
Feedback: 0.83249
Received=	-0.68155
Feedback: 0.9
Received=	-0.63365
Feedback: 0.9
Received=	-0.5916
Feedback: 0.89849
Received=	-0.40989
Feedback: 0.7437
Received=	-0.25811
Feedback: 0.61439
Received=	-0.34299
Feedback: 0.6867
Received=	-0.21664
Feedback: 0.57906
Received=	-0.071513
Feedback: 0.45543
Received=	-0.19192
Feedback: 0.558
Received=	-0.22758
Feedback: 0.58838
Received=	-0.21275
Feedback: 0.57575
Received=	-0.52548
Feedback: 0.84217
Received=	-0.66488
Feedback: 0.9
Received=	-0.50914
Feedback: 0.82825
Received=	-0.3907
Feedback: 0.72735
Received=	-0.37583
Feedback: 0.71468
Received=	-0.39704
Feedback: 0.73275
Received=	-0.34553
Feedback: 0.68887
Received=	-0.30682
Feedback: 0.65588
Received=	-0.34479
Feedback: 0.68824
Received=	-0.45875
Feedback: 0.78532
Received=	-0.498
Feedback: 0.81876
Received=	-0.13484
Feedback: 0.50937
Received=	0.035156
Feedback: 0.36455
Received=	-0.12341
Feedback: 0.49964
Received=	-0.16027
Feedback: 0.53104
Received=	-0.29507
Feedback: 0.64588
Received=	-0.63178
Feedback: 0.9
Received=	-0.79742
Feedback: 0.9
Received=	-0.57555
Feedback: 0.88483
Received=	-0.16647
Feedback: 0.53632
Received=	-0.19058
Feedback: 0.55686
Calculated range:	[(-2.138871) - (1.861129)]
Success index = (-1.138871)
Received=	-0.40762
=====  13:42:54 - BASE  ============
Feedback: 0.66
Received=	-0.29524
Feedback: 0.66
Received=	-0.21886
Feedback: 0.66
Received=	0.056497
Feedback: 0.66
Received=	0.14267
Feedback: 0.66
Received=	0.20931
Feedback: 0.66
Received=	-0.061451
Feedback: 0.66
Received=	-0.18661
Feedback: 0.66
Received=	-0.16965
Feedback: 0.66
Received=	-0.060176
Feedback: 0.66
Received=	-0.44343
Feedback: 0.66
Received=	-0.42773
Feedback: 0.66
Received=	-0.13033
Feedback: 0.66
Received=	-0.1015
Feedback: 0.66
Received=	-0.18388
Feedback: 0.66
Received=	-0.36791
Feedback: 0.66
Received=	-0.22947
Feedback: 0.66
Received=	-0.30147
Feedback: 0.66
Received=	-0.37417
Feedback: 0.66
Received=	-0.32118
Feedback: 0.66
Received=	-0.18056
=====  13:43:54 - NF  ============
Feedback: 0.47704
Received=	-0.13167
Feedback: 0.42459
Received=	-0.3049
Feedback: 0.61041
Received=	-0.35261
Feedback: 0.66159
Received=	-0.53284
Feedback: 0.85493
Received=	-0.55759
Feedback: 0.88148
Received=	-0.628
Feedback: 0.9
Received=	-0.68868
Feedback: 0.9
Received=	-0.46994
Feedback: 0.78745
Received=	-0.43793
Feedback: 0.75312
Received=	-0.53212
Feedback: 0.85415
Received=	-0.7528
Feedback: 0.9
Received=	-0.77535
Feedback: 0.9
Received=	-0.71398
Feedback: 0.9
Received=	-0.68342
Feedback: 0.9
Received=	-0.61081
Feedback: 0.9
Received=	-0.61756
Feedback: 0.9
Received=	-0.3516
Feedback: 0.66052
Received=	-0.13249
Feedback: 0.42547
Received=	-0.23877
Feedback: 0.53948
Received=	-0.32495
Feedback: 0.63192
Received=	-0.32207
Feedback: 0.62883
Received=	-0.41061
Feedback: 0.72381
Received=	-0.47627
Feedback: 0.79424
Received=	-0.5313
Feedback: 0.85327
Received=	-0.46704
Feedback: 0.78434
Received=	-0.47871
Feedback: 0.79687
Received=	-0.75569
Feedback: 0.9
Received=	-0.72658
Feedback: 0.9
Received=	-0.54039
Feedback: 0.86303
Received=	-0.77126
Feedback: 0.9
Received=	-0.88172
Feedback: 0.9
Received=	-0.86606
Feedback: 0.9
Received=	-0.81662
Feedback: 0.9
Received=	-0.66728
Feedback: 0.9
Received=	-0.4326
Feedback: 0.7474
Received=	-0.32518
Feedback: 0.63217
Received=	-0.51362
Feedback: 0.83431
Received=	-0.6199
Feedback: 0.9
Received=	-0.68333
Feedback: 0.9
Received=	-0.50744
Feedback: 0.82768
Received=	-0.25196
Feedback: 0.55362
Received=	-0.14288
Feedback: 0.43662
Received=	-0.28476
Feedback: 0.58881
Received=	-0.60848
Feedback: 0.9
Received=	-0.68866
Feedback: 0.9
Received=	-0.59439
Feedback: 0.9
Received=	-0.70658
Feedback: 0.9
Received=	-0.68153
Feedback: 0.9
Received=	-0.53029
Feedback: 0.85219
Received=	-0.4716
Feedback: 0.78924
Received=	-0.37439
Feedback: 0.68496
Received=	-0.52266
Feedback: 0.84401
Received=	-0.67131
Feedback: 0.9
Received=	-0.48038
Feedback: 0.79865
Received=	-0.35027
Feedback: 0.65908
Received=	-0.31902
Feedback: 0.62556
Received=	-0.50239
Feedback: 0.82226
Received=	-0.38295
Feedback: 0.69414
Received=	-0.52483
Feedback: 0.84634
Calculated range:	[(-2.815629) - (1.184371)]
Success index = (-1.815629)
closing...
