Direction=-1.000000	; step=1.000000;
Received=	0
Feedback: 0.66
Received=	0
Feedback: 0.66
Received=	0
Feedback: 0.66
Received=	0.024095
Feedback: 0.66
Received=	-0.038013
Feedback: 0.66
Received=	0.039095
Feedback: 0.66
Received=	-0.003308
Feedback: 0.66
Received=	0.035512
Feedback: 0.66
Received=	0.19233
Feedback: 0.66
Received=	0.16836
Feedback: 0.66
Received=	0.062057
Feedback: 0.66
Received=	0.14767
Feedback: 0.66
Received=	0.30573
Feedback: 0.66
Received=	-0.084468
Feedback: 0.66
Received=	-0.078549
Feedback: 0.66
Received=	0.25776
Feedback: 0.66
Received=	0.30255
Feedback: 0.66
Received=	0.22292
Feedback: 0.66
Received=	0.15752
Feedback: 0.66
Received=	-0.05183
Feedback: 0.66
Received=	-0.14626
=====  10:25:36 - NF  ============
Feedback: 0.86847
Received=	-0.18228
Feedback: 0.9
Received=	-0.39327
Feedback: 0.9
Received=	-0.35048
Feedback: 0.9
Received=	-0.067505
Feedback: 0.74677
Received=	-0.058299
Feedback: 0.73254
Received=	-0.39325
Feedback: 0.9
Received=	-0.40113
Feedback: 0.9
Received=	-0.1211
Feedback: 0.82959
Received=	0.034212
Feedback: 0.58959
Received=	0.35733
Feedback: 0.1
Received=	0.26456
Feedback: 0.23364
Received=	0.14519
Feedback: 0.4181
Received=	0.014902
Feedback: 0.61943
Received=	-0.089521
Feedback: 0.78079
Received=	-0.22401
Feedback: 0.9
Received=	-0.20499
Feedback: 0.9
Received=	-0.0088054
Feedback: 0.65606
Received=	0.083344
Feedback: 0.51367
Received=	-0.042457
Feedback: 0.70807
Received=	-0.052574
Feedback: 0.7237
Received=	-0.058719
Feedback: 0.73319
Received=	0.049597
Feedback: 0.56582
Received=	-0.0046511
Feedback: 0.64965
Received=	-0.0514
Feedback: 0.72188
Received=	0.22063
Feedback: 0.30153
Received=	0.24722
Feedback: 0.26045
Received=	0.10316
Feedback: 0.48305
Received=	0.14342
Feedback: 0.42084
Received=	0.30866
Feedback: 0.16551
Received=	0.11182
Feedback: 0.46967
Received=	-0.12941
Feedback: 0.84243
Received=	-0.22906
Feedback: 0.9
Received=	-0.26279
Feedback: 0.9
Received=	-0.27859
Feedback: 0.9
Received=	0.17876
Feedback: 0.36623
Received=	0.18016
Feedback: 0.36406
Received=	0.057802
Feedback: 0.55314
Received=	-0.18057
Feedback: 0.9
Received=	-0.068083
Feedback: 0.74766
Received=	0.33087
Feedback: 0.13118
Received=	0.17594
Feedback: 0.37059
Received=	0.15291
Feedback: 0.40617
Received=	-0.10379
Feedback: 0.80283
Received=	-0.4321
Feedback: 0.9
Received=	-0.54985
Feedback: 0.9
Received=	-0.085769
Feedback: 0.77499
Received=	0.18337
Feedback: 0.3591
Received=	0.33828
Feedback: 0.11973
Received=	0.18351
Feedback: 0.35889
Received=	-0.0053111
Feedback: 0.65067
Received=	-0.17787
Feedback: 0.9
Received=	-0.073676
Feedback: 0.75631
Received=	0.26728
Feedback: 0.22944
Received=	0.31253
Feedback: 0.15952
Received=	0.18394
Feedback: 0.35822
Received=	0.10716
Feedback: 0.47688
Received=	-0.033621
Feedback: 0.69441
Received=	-0.3334
Feedback: 0.9
Received=	-0.37816
Feedback: 0.9
Calculated range:	[(-2.000000) - (2.000000)]
Success index = (-0.578972)
Received=	0.083914
=====  10:28:36 - BASE  ============
Feedback: 0.66
Received=	0.64943
Feedback: 0.66
Received=	0.33379
Feedback: 0.66
Received=	0.11491
Feedback: 0.66
Received=	-0.041336
Feedback: 0.66
Received=	0.096722
Feedback: 0.66
Received=	0.5257
Feedback: 0.66
Received=	0.18585
Feedback: 0.66
Received=	0.35537
Feedback: 0.66
Received=	0.15724
Feedback: 0.66
Received=	-0.040859
Feedback: 0.66
Received=	-0.15296
Feedback: 0.66
Received=	0.27046
Feedback: 0.66
Received=	0.14646
Feedback: 0.66
Received=	-0.10303
Feedback: 0.66
Received=	0.040663
Feedback: 0.66
Received=	-0.15466
Feedback: 0.66
Received=	-0.065592
Feedback: 0.66
Received=	-0.056386
Feedback: 0.66
Received=	-0.23014
Feedback: 0.66
Received=	-0.25945
=====  10:29:36 - NF  ============
Feedback: 0.82958
Received=	-0.21988
Feedback: 0.79079
Received=	0.29795
Feedback: 0.28321
Received=	0.49261
Feedback: 0.1
Received=	0.26598
Feedback: 0.31456
Received=	0.19747
Feedback: 0.38171
Received=	0.04139
Feedback: 0.5347
Received=	0.13669
Feedback: 0.44128
Received=	-0.11191
Feedback: 0.68497
Received=	-0.14387
Feedback: 0.71629
Received=	-0.10926
Feedback: 0.68236
Received=	0.16604
Feedback: 0.41252
Received=	0.3138
Feedback: 0.26768
Received=	-0.087225
Feedback: 0.66077
Received=	-0.16389
Feedback: 0.73592
Received=	-0.045676
Feedback: 0.62004
Received=	-0.31452
Feedback: 0.88356
Received=	-0.40584
Feedback: 0.9
Received=	-0.43603
Feedback: 0.9
Received=	0.16114
Feedback: 0.41732
Received=	0.038481
Feedback: 0.53755
Received=	0.21604
Feedback: 0.36351
Received=	0.26083
Feedback: 0.3196
Received=	0.2106
Feedback: 0.36884
Received=	-0.18993
Feedback: 0.76144
Received=	-0.27446
Feedback: 0.84429
Received=	-0.15281
Feedback: 0.72505
Received=	0.16975
Feedback: 0.40888
Received=	0.46982
Feedback: 0.11475
Received=	0.1574
Feedback: 0.42098
Received=	0.024286
Feedback: 0.55146
Received=	-0.00015945
Feedback: 0.57542
Received=	-0.037433
Feedback: 0.61196
Received=	-0.031471
Feedback: 0.60612
Received=	-0.096258
Feedback: 0.66962
Received=	0.041279
Feedback: 0.53481
Received=	0.10819
Feedback: 0.46922
Received=	0.19166
Feedback: 0.38741
Received=	0.021722
Feedback: 0.55398
Received=	-0.035972
Feedback: 0.61053
Received=	0.20782
Feedback: 0.37156
Received=	0.16393
Feedback: 0.41458
Received=	0.0072091
Feedback: 0.5682
Received=	0.13393
Feedback: 0.44399
Received=	0.15542
Feedback: 0.42293
Received=	-0.045085
Feedback: 0.61946
Received=	-0.011846
Feedback: 0.58688
Received=	0.28539
Feedback: 0.29553
Received=	0.073725
Feedback: 0.503
Received=	-0.12676
Feedback: 0.69952
Received=	0.14655
Feedback: 0.43162
Received=	0.37863
Feedback: 0.20414
Received=	0.21049
Feedback: 0.36895
Received=	0.031964
Feedback: 0.54394
Received=	0.12677
Feedback: 0.45101
Received=	0.22168
Feedback: 0.35798
Received=	0.096706
Feedback: 0.48048
Received=	0.26946
Feedback: 0.31115
Received=	0.12824
Feedback: 0.44957
Received=	0.16123
Feedback: 0.41723
Calculated range:	[(-2.000000) - (2.000000)]
Success index = (-0.094012)
Received=	0.27179
=====  10:32:36 - BASE  ============
Feedback: 0.66
Received=	0.3631
Feedback: 0.66
Received=	0.19653
Feedback: 0.66
Received=	0.48393
Feedback: 0.66
Received=	0.24032
Feedback: 0.66
Received=	0.36911
Feedback: 0.66
Received=	0.16638
Feedback: 0.66
Received=	0.73152
Feedback: 0.66
Received=	0.61946
Feedback: 0.66
Received=	0.082138
Feedback: 0.66
Received=	-0.56724
Feedback: 0.66
Received=	-0.1543
Feedback: 0.66
Received=	0.11399
Feedback: 0.66
Received=	0.10807
Feedback: 0.66
Received=	-0.076331
Feedback: 0.66
Received=	-0.035733
Feedback: 0.66
Received=	0.090446
Feedback: 0.66
Received=	-0.14423
Feedback: 0.66
Received=	0.21122
Feedback: 0.66
Received=	0.2483
Feedback: 0.66
Received=	0.35222
=====  10:33:36 - NF  ============
Feedback: 0.36469
Received=	0.75375
Feedback: 0.1
Received=	0.31356
Feedback: 0.39044
Received=	-0.22738
Feedback: 0.75077
Received=	-0.36038
Feedback: 0.83936
Received=	-0.2356
Feedback: 0.75624
Received=	-0.11812
Feedback: 0.67799
Received=	-0.078694
Feedback: 0.65173
Received=	-0.134
Feedback: 0.68856
Received=	0.09335
Feedback: 0.53713
Received=	0.30128
Feedback: 0.39863
Received=	0.10754
Feedback: 0.52767
Received=	-0.14882
Feedback: 0.69844
Received=	-0.25916
Feedback: 0.77193
Received=	0.014309
Feedback: 0.58978
Received=	-0.20483
Feedback: 0.73574
Received=	-0.23325
Feedback: 0.75467
Received=	-0.0040695
Feedback: 0.60202
Received=	0.028675
Feedback: 0.58021
Received=	-0.094318
Feedback: 0.66213
Received=	-0.11914
Feedback: 0.67867
Received=	0.16134
Feedback: 0.49184
Received=	0.1697
Feedback: 0.48627
Received=	-0.14848
Feedback: 0.69821
Received=	0.19318
Feedback: 0.47063
Received=	0.305
Feedback: 0.39614
Received=	0.27051
Feedback: 0.41912
Received=	0.21497
Feedback: 0.45612
Received=	-0.13883
Feedback: 0.69178
Received=	-0.25631
Feedback: 0.77003
Received=	-0.098203
Feedback: 0.66472
Received=	0.30608
Feedback: 0.39543
Received=	0.58784
Feedback: 0.20774
Received=	-0.047122
Feedback: 0.6307
Received=	-0.40299
Feedback: 0.86774
Received=	0.21121
Feedback: 0.45862
Received=	0.33589
Feedback: 0.37557
Received=	-0.21385
Feedback: 0.74175
Received=	-0.4356
Feedback: 0.88946
Received=	-0.1782
Feedback: 0.71801
Received=	0.016607
Feedback: 0.58825
Received=	-0.10125
Feedback: 0.66675
Received=	-0.19399
Feedback: 0.72853
Received=	0.37387
Feedback: 0.35027
Received=	-0.20584
Feedback: 0.73642
Received=	-0.052031
Feedback: 0.63397
Received=	-0.15624
Feedback: 0.70338
Received=	-0.57861
Feedback: 0.9
Received=	-0.1353
Feedback: 0.68943
Received=	-0.39035
Feedback: 0.85932
Received=	-0.39531
Feedback: 0.86263
Received=	-0.40706
Feedback: 0.87045
Received=	-0.16574
Feedback: 0.70971
Received=	0.1072
Feedback: 0.5279
Received=	-0.022673
Feedback: 0.61441
Received=	0.071824
Feedback: 0.55147
Received=	-0.15936
Feedback: 0.70546
Received=	0.16741
Feedback: 0.48779
Received=	0.27679
Feedback: 0.41494
Received=	0.5338
Feedback: 0.24374
Calculated range:	[(-2.000000) - (2.000000)]
Success index = (-0.584934)
Received=	-0.025165
=====  10:36:36 - BASE  ============
Feedback: 0.66
Received=	0.37295
Feedback: 0.66
Received=	0.48879
Feedback: 0.66
Received=	0.16592
Feedback: 0.66
Received=	0.30935
Feedback: 0.66
Received=	0.32067
Feedback: 0.66
Received=	0.38462
Feedback: 0.66
Received=	0.17492
Feedback: 0.66
Received=	-0.058849
Feedback: 0.66
Received=	-0.0069174
Feedback: 0.66
Received=	-0.36212
Feedback: 0.66
Received=	-0.23149
Feedback: 0.66
Received=	0.015812
Feedback: 0.66
Received=	-0.012492
Feedback: 0.66
Received=	-0.10505
Feedback: 0.66
Received=	-0.4945
Feedback: 0.66
Received=	-0.6383
Feedback: 0.66
Received=	-0.58828
Feedback: 0.66
Received=	-0.41776
Feedback: 0.66
Received=	0.039789
Feedback: 0.66
Received=	0.098067
=====  10:37:36 - NF  ============
Feedback: 0.40899
Received=	-0.2105
Feedback: 0.59075
Received=	-0.39315
Feedback: 0.69833
Received=	-0.13251
Feedback: 0.54481
Received=	0.16976
Feedback: 0.36677
Received=	-0.12094
Feedback: 0.53799
Received=	-0.30085
Feedback: 0.64396
Received=	-0.24846
Feedback: 0.6131
Received=	-0.70082
Feedback: 0.87955
Received=	-0.83903
Feedback: 0.9
Received=	-0.61707
Feedback: 0.83022
Received=	-0.46896
Feedback: 0.74298
Received=	-0.18127
Feedback: 0.57353
Received=	-0.019399
Feedback: 0.47818
Received=	0.030614
Feedback: 0.44872
Received=	-0.33586
Feedback: 0.66459
Received=	-0.25619
Feedback: 0.61766
Received=	-0.46651
Feedback: 0.74154
Received=	-0.40362
Feedback: 0.7045
Received=	-0.19513
Feedback: 0.58169
Received=	-0.11405
Feedback: 0.53394
Received=	-0.10579
Feedback: 0.52907
Received=	-0.25553
Feedback: 0.61727
Received=	-0.081073
Feedback: 0.51451
Received=	0.08469
Feedback: 0.41687
Received=	-0.050428
Feedback: 0.49646
Received=	-0.1847
Feedback: 0.57555
Received=	0.087649
Feedback: 0.41513
Received=	0.23587
Feedback: 0.32783
Received=	-0.1115
Feedback: 0.53243
Received=	-0.15135
Feedback: 0.5559
Received=	-0.30831
Feedback: 0.64836
Received=	-0.44137
Feedback: 0.72673
Received=	-0.049412
Feedback: 0.49586
Received=	0.18935
Feedback: 0.35523
Received=	-0.0093349
Feedback: 0.47226
Received=	-0.17709
Feedback: 0.57107
Received=	0.011332
Feedback: 0.46008
Received=	0.49814
Feedback: 0.17334
Received=	0.69873
Feedback: 0.1
Received=	0.067785
Feedback: 0.42683
Received=	-0.25027
Feedback: 0.61417
Received=	-0.12895
Feedback: 0.54271
Received=	0.12956
Feedback: 0.39044
Received=	0.3902
Feedback: 0.23692
Received=	0.46978
Feedback: 0.19005
Received=	0.064671
Feedback: 0.42866
Received=	-0.055878
Feedback: 0.49967
Received=	-0.089461
Feedback: 0.51945
Received=	0.11319
Feedback: 0.40009
Received=	0.059107
Feedback: 0.43194
Received=	0.18368
Feedback: 0.35856
Received=	0.17139
Feedback: 0.36581
Received=	0.18452
Feedback: 0.35807
Received=	0.28126
Feedback: 0.30109
Received=	0.33606
Feedback: 0.26881
Received=	0.12056
Feedback: 0.39575
Received=	-0.20873
Feedback: 0.58971
Received=	-0.30525
Feedback: 0.64656
Received=	-0.24425
Feedback: 0.61063
Calculated range:	[(-2.000000) - (2.000000)]
Success index = (-0.064188)
Received=	-0.21827
=====  10:40:36 - BASE  ============
Feedback: 0.66
Received=	-0.13617
Feedback: 0.66
Received=	0.23932
Feedback: 0.66
Received=	0.43395
Feedback: 0.66
Received=	0.20104
Feedback: 0.66
Received=	0.31014
Feedback: 0.66
Received=	0.6987
Feedback: 0.66
Received=	0.18571
Feedback: 0.66
Received=	0.15937
Feedback: 0.66
Received=	0.14247
Feedback: 0.66
Received=	0.14785
Feedback: 0.66
Received=	-0.2946
Feedback: 0.66
Received=	-0.09283
Feedback: 0.66
Received=	0.36337
Feedback: 0.66
Received=	0.2551
Feedback: 0.66
Received=	-0.08969
Feedback: 0.66
Received=	-0.14184
Feedback: 0.66
Received=	-0.30321
Feedback: 0.66
Received=	0.04231
Feedback: 0.66
Received=	0.32593
Feedback: 0.66
Received=	0.63739
=====  10:41:36 - NF  ============
Feedback: 0.11558
Received=	0.49603
Feedback: 0.22561
Received=	0.22485
Feedback: 0.43668
Received=	0.092976
Feedback: 0.53933
Received=	0.21655
Feedback: 0.44314
Received=	0.097325
Feedback: 0.53595
Received=	-0.04394
Feedback: 0.6459
Received=	0.29175
Feedback: 0.38461
Received=	0.34114
Feedback: 0.34617
Received=	-0.085164
Feedback: 0.67799
Received=	-0.36883
Feedback: 0.89879
Received=	-0.13817
Feedback: 0.71925
Received=	-0.42783
Feedback: 0.9
Received=	-0.41508
Feedback: 0.9
Received=	-0.28132
Feedback: 0.83067
Received=	0.15024
Feedback: 0.49476
Received=	0.31782
Feedback: 0.36432
Received=	-0.060211
Feedback: 0.65857
Received=	0.045674
Feedback: 0.57615
Received=	-0.065435
Feedback: 0.66263
Received=	-0.11935
Feedback: 0.7046
Received=	-0.39994
Feedback: 0.9
Received=	-0.15369
Feedback: 0.73133
Received=	0.10625
Feedback: 0.529
Received=	-0.015609
Feedback: 0.62385
Received=	-0.024764
Feedback: 0.63098
Received=	-0.19138
Feedback: 0.76067
Received=	-0.15713
Feedback: 0.73401
Received=	-0.042484
Feedback: 0.64477
Received=	-0.049566
Feedback: 0.65028
Received=	-0.29407
Feedback: 0.8406
Received=	-0.21541
Feedback: 0.77937
Received=	0.20519
Feedback: 0.45199
Received=	0.081576
Feedback: 0.5482
Received=	-0.3378
Feedback: 0.87463
Received=	-0.21916
Feedback: 0.78229
Received=	-0.086846
Feedback: 0.6793
Received=	0.11655
Feedback: 0.52098
Received=	-0.059812
Feedback: 0.65826
Received=	-0.10693
Feedback: 0.69493
Received=	0.057352
Feedback: 0.56706
Received=	-0.059629
Feedback: 0.65811
Received=	-0.015282
Feedback: 0.6236
Received=	0.15521
Feedback: 0.49089
Received=	-0.055236
Feedback: 0.65469
Received=	-0.68315
Feedback: 0.9
Received=	-0.6035
Feedback: 0.9
Received=	-0.29971
Feedback: 0.84499
Received=	-0.33418
Feedback: 0.87181
Received=	-0.37164
Feedback: 0.9
Received=	-0.14598
Feedback: 0.72533
Received=	0.27538
Feedback: 0.39735
Received=	0.20977
Feedback: 0.44842
Received=	-0.050961
Feedback: 0.65137
Received=	-0.088173
Feedback: 0.68033
Received=	0.34208
Feedback: 0.34543
Received=	-0.098825
Feedback: 0.68862
Received=	-0.075691
Feedback: 0.67062
Received=	0.192
Feedback: 0.46225
Received=	0.16781
Feedback: 0.48108
Calculated range:	[(-2.000000) - (2.000000)]
Success index = (-0.721406)
closing...
