Direction=-1.000000	; step=1.000000;
Received=	0
Feedback: 0.66
Received=	0
Feedback: 0.66
Received=	0
Feedback: 0.66
Received=	0.50925
Feedback: 0.66
Received=	0.075258
Feedback: 0.66
Received=	0.056976
Feedback: 0.66
Received=	-0.10414
Feedback: 0.66
Received=	-0.37952
Feedback: 0.66
Received=	-0.35075
Feedback: 0.66
Received=	-0.4501
Feedback: 0.66
Received=	-0.40756
Feedback: 0.66
Received=	-0.47623
Feedback: 0.66
Received=	-0.62385
Feedback: 0.66
Received=	-0.57757
Feedback: 0.66
Received=	-0.53686
Feedback: 0.66
Received=	-0.26356
Feedback: 0.66
Received=	0.35553
Feedback: 0.66
Received=	0.80545
Feedback: 0.66
Received=	0.22434
Feedback: 0.66
Received=	-0.10021
Feedback: 0.66
Received=	0.011728
=====  13:43:52 - NF  ============
Feedback: 0.43253
Received=	0.22615
Feedback: 0.32644
Received=	-0.032847
Feedback: 0.45458
Received=	-0.18068
Feedback: 0.52773
Received=	-0.21444
Feedback: 0.54443
Received=	-0.32875
Feedback: 0.60098
Received=	-0.070979
Feedback: 0.47345
Received=	0.30682
Feedback: 0.28653
Received=	-0.016243
Feedback: 0.44637
Received=	0.20456
Feedback: 0.33713
Received=	0.16426
Feedback: 0.35706
Received=	-0.39409
Feedback: 0.63331
Received=	-0.5115
Feedback: 0.6914
Received=	-0.50337
Feedback: 0.68738
Received=	-0.16222
Feedback: 0.51859
Received=	0.24743
Feedback: 0.31591
Received=	0.36931
Feedback: 0.25562
Received=	-0.053653
Feedback: 0.46488
Received=	-0.094215
Feedback: 0.48495
Received=	-0.12922
Feedback: 0.50227
Received=	-0.14396
Feedback: 0.50956
Received=	-0.11473
Feedback: 0.4951
Received=	-0.09926
Feedback: 0.48744
Received=	-0.2229
Feedback: 0.54862
Received=	-0.26948
Feedback: 0.57166
Received=	0.064219
Feedback: 0.40656
Received=	0.37847
Feedback: 0.25109
Received=	0.25564
Feedback: 0.31185
Received=	0.20648
Feedback: 0.33618
Received=	0.23694
Feedback: 0.32111
Received=	0.3853
Feedback: 0.2477
Received=	0.33697
Feedback: 0.27162
Received=	0.20122
Feedback: 0.33878
Received=	0.21211
Feedback: 0.33339
Received=	0.032352
Feedback: 0.42233
Received=	-0.076244
Feedback: 0.47606
Received=	-0.22926
Feedback: 0.55176
Received=	-0.34678
Feedback: 0.60991
Received=	-0.15468
Feedback: 0.51486
Received=	-0.20053
Feedback: 0.53755
Received=	-0.37307
Feedback: 0.62291
Received=	-0.36347
Feedback: 0.61816
Received=	-0.1227
Feedback: 0.49904
Received=	-0.12586
Feedback: 0.5006
Received=	-0.18948
Feedback: 0.53208
Received=	0.054847
Feedback: 0.4112
Received=	-0.19422
Feedback: 0.53443
Received=	0.097439
Feedback: 0.39013
Received=	0.51331
Feedback: 0.18437
Received=	0.84326
Feedback: 0.1
Received=	0.2505
Feedback: 0.3144
Received=	-0.28162
Feedback: 0.57766
Received=	-0.36106
Feedback: 0.61697
Received=	-0.19306
Feedback: 0.53385
Received=	0.061496
Feedback: 0.40791
Received=	0.14111
Feedback: 0.36852
Received=	0.39124
Feedback: 0.24477
Received=	0.18608
Feedback: 0.34627
Received=	-0.088021
Feedback: 0.48188
Received=	-0.13544
Feedback: 0.50534
Calculated range:	[(-2.000000) - (2.000000)]
Success index = (0.380903)
Received=	-0.31908
=====  13:46:52 - BASE  ============
Feedback: 0.66
Received=	-0.36303
Feedback: 0.66
Received=	0.14792
Feedback: 0.66
Received=	0.23791
Feedback: 0.66
Received=	0.2127
Feedback: 0.66
Received=	0.11438
Feedback: 0.66
Received=	0.1723
Feedback: 0.66
Received=	0.28412
Feedback: 0.66
Received=	0.11494
Feedback: 0.66
Received=	-0.14857
Feedback: 0.66
Received=	-0.0652
Feedback: 0.66
Received=	0.096916
Feedback: 0.66
Received=	-0.01714
Feedback: 0.66
Received=	0.15524
Feedback: 0.66
Received=	0.066564
Feedback: 0.66
Received=	0.30861
Feedback: 0.66
Received=	0.21425
Feedback: 0.66
Received=	0.0042975
Feedback: 0.66
Received=	0.078636
Feedback: 0.66
Received=	0.10185
Feedback: 0.66
Received=	0.16252
=====  13:47:52 - NF  ============
Feedback: 0.42131
Received=	0.12406
Feedback: 0.48574
Received=	0.25026
Feedback: 0.27436
Received=	0.11135
Feedback: 0.50702
Received=	0.043757
Feedback: 0.62023
Received=	0.34887
Feedback: 0.10919
Received=	0.26385
Feedback: 0.25159
Received=	0.20668
Feedback: 0.34734
Received=	-0.0062666
Feedback: 0.70402
Received=	0.067356
Feedback: 0.5807
Received=	-0.047061
Feedback: 0.77234
Received=	0.12964
Feedback: 0.47638
Received=	0.29438
Feedback: 0.20046
Received=	0.18921
Feedback: 0.37662
Received=	-0.013996
Feedback: 0.71696
Received=	0.070839
Feedback: 0.57487
Received=	-0.10093
Feedback: 0.86257
Received=	-0.0036837
Feedback: 0.69969
Received=	-0.21696
Feedback: 0.9
Received=	-0.54499
Feedback: 0.9
Received=	-0.7781
Feedback: 0.9
Received=	-0.53689
Feedback: 0.9
Received=	0.21754
Feedback: 0.32916
Received=	1.1013
Feedback: 0.1
Received=	0.28085
Feedback: 0.22312
Received=	-0.033546
Feedback: 0.74971
Received=	-0.16575
Feedback: 0.9
Received=	-0.038496
Feedback: 0.758
Received=	0.28694
Feedback: 0.21292
Received=	-0.075244
Feedback: 0.81955
Received=	-0.49004
Feedback: 0.9
Received=	-0.42985
Feedback: 0.9
Received=	0.14422
Feedback: 0.45196
Received=	-0.40654
Feedback: 0.9
Received=	-0.99074
Feedback: 0.9
Received=	-0.96423
Feedback: 0.9
Received=	-1.0523
Feedback: 0.9
Received=	-0.96776
Feedback: 0.9
Received=	-0.64609
Feedback: 0.9
Received=	-0.48839
Feedback: 0.9
Received=	-0.26987
Feedback: 0.9
Received=	-0.0523
Feedback: 0.78112
Received=	-0.012921
Feedback: 0.71516
Received=	-0.27267
Feedback: 0.9
Received=	-0.003389
Feedback: 0.6992
Received=	0.073589
Feedback: 0.57027
Received=	-0.11986
Feedback: 0.89427
Received=	-0.048255
Feedback: 0.77434
Received=	-0.056152
Feedback: 0.78757
Received=	-0.099687
Feedback: 0.86049
Received=	0.044956
Feedback: 0.61822
Received=	-0.1999
Feedback: 0.9
Received=	-0.77928
Feedback: 0.9
Received=	-0.79901
Feedback: 0.9
Received=	-0.39296
Feedback: 0.9
Received=	-0.29094
Feedback: 0.9
Received=	-0.19865
Feedback: 0.9
Received=	-0.34358
Feedback: 0.9
Received=	-0.16249
Feedback: 0.9
Received=	-0.03725
Feedback: 0.75591
Calculated range:	[(-2.000000) - (2.000000)]
Success index = (-0.793194)
Received=	-0.24376
=====  13:50:52 - BASE  ============
Feedback: 0.66
Received=	-0.38629
Feedback: 0.66
Received=	-0.23717
Feedback: 0.66
Received=	-0.13535
Feedback: 0.66
Received=	-0.15504
Feedback: 0.66
Received=	0.13409
Feedback: 0.66
Received=	-0.10881
Feedback: 0.66
Received=	-0.26544
Feedback: 0.66
Received=	-0.36296
Feedback: 0.66
Received=	-0.12795
Feedback: 0.66
Received=	-0.10998
Feedback: 0.66
Received=	-0.31497
Feedback: 0.66
Received=	-0.51688
Feedback: 0.66
Received=	-0.43305
Feedback: 0.66
Received=	-0.3593
Feedback: 0.66
Received=	-0.25829
Feedback: 0.66
Received=	-0.40052
Feedback: 0.66
Received=	-0.44827
Feedback: 0.66
Received=	-0.34469
Feedback: 0.66
Received=	-0.024697
Feedback: 0.66
Received=	0.14231
=====  13:51:52 - NF  ============
Feedback: 0.1
Received=	0.43655
Feedback: 0.1
Received=	-0.052942
Feedback: 0.26746
Received=	-0.017577
Feedback: 0.22536
Received=	-0.081223
Feedback: 0.30113
Received=	0.08064
Feedback: 0.10845
Received=	0.47365
Feedback: 0.1
Received=	0.31867
Feedback: 0.1
Received=	-0.033807
Feedback: 0.24468
Received=	-0.091971
Feedback: 0.31392
Received=	0.069695
Feedback: 0.12148
Received=	-0.48691
Feedback: 0.78404
Received=	-0.88345
Feedback: 0.9
Received=	-0.26202
Feedback: 0.51633
Received=	-0.29535
Feedback: 0.55601
Received=	-0.086746
Feedback: 0.3077
Received=	0.30457
Feedback: 0.1
Received=	0.35765
Feedback: 0.1
Received=	0.16909
Feedback: 0.1
Received=	-0.034168
Feedback: 0.24511
Received=	-0.060288
Feedback: 0.27621
Received=	-0.055419
Feedback: 0.27041
Received=	-0.076275
Feedback: 0.29524
Received=	0.1774
Feedback: 0.1
Received=	0.17647
Feedback: 0.1
Received=	-0.094396
Feedback: 0.31681
Received=	0.080062
Feedback: 0.10914
Received=	0.30816
Feedback: 0.1
Received=	0.40702
Feedback: 0.1
Received=	0.246
Feedback: 0.1
Received=	-0.062558
Feedback: 0.27891
Received=	0.040109
Feedback: 0.1567
Received=	-0.038141
Feedback: 0.24984
Received=	-0.077474
Feedback: 0.29666
Received=	0.025155
Feedback: 0.1745
Received=	-0.38175
Feedback: 0.65887
Received=	-0.68886
Feedback: 0.9
Received=	-0.60726
Feedback: 0.9
Received=	-0.1522
Feedback: 0.38561
Received=	-0.14402
Feedback: 0.37587
Received=	-0.32576
Feedback: 0.59222
Received=	-0.5109
Feedback: 0.8126
Received=	-0.3862
Feedback: 0.66415
Received=	-0.39649
Feedback: 0.6764
Received=	-0.57254
Feedback: 0.88597
Received=	-0.54503
Feedback: 0.85323
Received=	-0.18392
Feedback: 0.42337
Received=	0.17006
Feedback: 0.1
Received=	0.32827
Feedback: 0.1
Received=	0.36232
Feedback: 0.1
Received=	-0.040573
Feedback: 0.25274
Received=	-0.11709
Feedback: 0.34382
Received=	0.039532
Feedback: 0.15738
Received=	0.034992
Feedback: 0.16279
Received=	-0.30051
Feedback: 0.56216
Received=	-0.67535
Feedback: 0.9
Received=	-0.82037
Feedback: 0.9
Received=	-1.0762
Feedback: 0.9
Received=	-0.93606
Feedback: 0.9
Received=	-0.80242
Feedback: 0.9
Calculated range:	[(-2.000000) - (2.000000)]
Success index = (0.372553)
Received=	-1.1152
=====  13:54:52 - BASE  ============
Feedback: 0.66
Received=	-0.98854
Feedback: 0.66
Received=	-0.41605
Feedback: 0.66
Received=	0.071913
Feedback: 0.66
Received=	-0.12211
Feedback: 0.66
Received=	-0.41777
Feedback: 0.66
Received=	-0.19391
Feedback: 0.66
Received=	-0.35456
Feedback: 0.66
Received=	-0.49844
Feedback: 0.66
Received=	-0.23441
Feedback: 0.66
Received=	-0.19855
Feedback: 0.66
Received=	-0.19871
Feedback: 0.66
Received=	-0.039857
Feedback: 0.66
Received=	0.19775
Feedback: 0.66
Received=	0.061072
Feedback: 0.66
Received=	-0.36067
Feedback: 0.66
Received=	-0.31122
Feedback: 0.66
Received=	-0.30551
Feedback: 0.66
Received=	-0.53612
Feedback: 0.66
Received=	-0.42171
Feedback: 0.66
Received=	-0.080364
=====  13:55:52 - NF  ============
Feedback: 0.34773
Received=	0.18488
Feedback: 0.1
Received=	0.13965
Feedback: 0.13483
Received=	0.10289
Feedback: 0.1704
Received=	-0.049533
Feedback: 0.3179
Received=	0.13148
Feedback: 0.14272
Received=	0.21255
Feedback: 0.1
Received=	0.12926
Feedback: 0.14487
Received=	-0.085566
Feedback: 0.35276
Received=	-0.0022907
Feedback: 0.27218
Received=	0.33524
Feedback: 0.1
Received=	0.47103
Feedback: 0.1
Received=	0.31599
Feedback: 0.1
Received=	-0.17924
Feedback: 0.44341
Received=	-0.056208
Feedback: 0.32435
Received=	0.0023558
Feedback: 0.26768
Received=	0.084616
Feedback: 0.18808
Received=	0.039594
Feedback: 0.23165
Received=	0.059954
Feedback: 0.21194
Received=	0.1271
Feedback: 0.14696
Received=	0.052156
Feedback: 0.21949
Received=	-0.24938
Feedback: 0.51129
Received=	-0.30087
Feedback: 0.56112
Received=	-0.2154
Feedback: 0.4784
Received=	-0.11043
Feedback: 0.37683
Received=	0.366
Feedback: 0.1
Received=	0.33505
Feedback: 0.1
Received=	0.0081756
Feedback: 0.26205
Received=	-0.15955
Feedback: 0.42436
Received=	0.12363
Feedback: 0.15032
Received=	0.73386
Feedback: 0.1
Received=	0.57723
Feedback: 0.1
Received=	0.021474
Feedback: 0.24918
Received=	0.13805
Feedback: 0.13637
Received=	-0.05445
Feedback: 0.32265
Received=	-0.29997
Feedback: 0.56025
Received=	-0.17461
Feedback: 0.43893
Received=	0.085197
Feedback: 0.18752
Received=	0.40506
Feedback: 0.1
Received=	0.4298
Feedback: 0.1
Received=	-0.26636
Feedback: 0.52772
Received=	-0.13841
Feedback: 0.4039
Received=	-0.24829
Feedback: 0.51023
Received=	-0.057586
Feedback: 0.32569
Received=	0.081818
Feedback: 0.19079
Received=	0.23955
Feedback: 0.1
Received=	-0.22582
Feedback: 0.48849
Received=	-0.24933
Feedback: 0.51124
Received=	-0.15994
Feedback: 0.42474
Received=	0.060578
Feedback: 0.21134
Received=	-0.079098
Feedback: 0.34651
Received=	-0.23369
Feedback: 0.49611
Received=	-0.5633
Feedback: 0.81507
Received=	-0.21493
Feedback: 0.47795
Received=	-0.0029428
Feedback: 0.27281
Received=	-0.071707
Feedback: 0.33935
Received=	-0.1398
Feedback: 0.40525
Received=	-0.37006
Feedback: 0.62807
Received=	-0.17299
Feedback: 0.43737
Received=	-0.14727
Feedback: 0.41248
Calculated range:	[(-2.000000) - (2.000000)]
Success index = (1.053741)
Received=	-0.1289
=====  13:58:52 - BASE  ============
Feedback: 0.66
Received=	-0.30536
Feedback: 0.66
Received=	-0.42766
Feedback: 0.66
Received=	-0.49398
Feedback: 0.66
Received=	-0.71825
Feedback: 0.66
Received=	-0.46086
Feedback: 0.66
Received=	-0.51623
Feedback: 0.66
Received=	-0.33974
Feedback: 0.66
Received=	-0.47912
Feedback: 0.66
Received=	-0.49557
Feedback: 0.66
Received=	-0.49015
Feedback: 0.66
Received=	-0.22142
Feedback: 0.66
Received=	-0.39826
Feedback: 0.66
Received=	-0.45333
Feedback: 0.66
Received=	-0.47749
Feedback: 0.66
Received=	-0.6335
Feedback: 0.66
Received=	-0.58118
Feedback: 0.66
Received=	0.76303
Feedback: 0.66
Received=	0.82588
Feedback: 0.66
Received=	0.25255
Feedback: 0.66
Received=	0.0084837
=====  13:59:52 - NF  ============
Feedback: 0.36287
Received=	0.27086
Feedback: 0.24507
Received=	0.46201
Feedback: 0.15925
Received=	0.5669
Feedback: 0.11215
Received=	0.42482
Feedback: 0.17594
Received=	0.028146
Feedback: 0.35404
Received=	-0.25023
Feedback: 0.47902
Received=	0.010568
Feedback: 0.36193
Received=	0.14104
Feedback: 0.30335
Received=	0.22143
Feedback: 0.26726
Received=	0.25701
Feedback: 0.25129
Received=	0.37663
Feedback: 0.19758
Received=	0.1664
Feedback: 0.29197
Received=	-0.046454
Feedback: 0.38753
Received=	-0.1248
Feedback: 0.42271
Received=	-0.21089
Feedback: 0.46136
Received=	-0.27342
Feedback: 0.48943
Received=	0.18171
Feedback: 0.28509
Received=	0.12925
Feedback: 0.30865
Received=	-0.077122
Feedback: 0.4013
Received=	-0.24176
Feedback: 0.47522
Received=	-0.16653
Feedback: 0.44144
Received=	-0.25499
Feedback: 0.48116
Received=	-0.31792
Feedback: 0.50941
Received=	-0.35675
Feedback: 0.52684
Received=	-0.35307
Feedback: 0.52519
Received=	-0.48973
Feedback: 0.58655
Received=	-0.50075
Feedback: 0.5915
Received=	0.044544
Feedback: 0.34668
Received=	0.19043
Feedback: 0.28118
Received=	0.30629
Feedback: 0.22916
Received=	-0.14849
Feedback: 0.43334
Received=	0.16742
Feedback: 0.29151
Received=	0.62913
Feedback: 0.1
Received=	0.3938
Feedback: 0.18987
Received=	0.22091
Feedback: 0.26749
Received=	0.022105
Feedback: 0.35675
Received=	0.098754
Feedback: 0.32234
Received=	0.085358
Feedback: 0.32835
Received=	-0.27755
Feedback: 0.49129
Received=	-0.14312
Feedback: 0.43093
Received=	-0.065195
Feedback: 0.39595
Received=	-0.26811
Feedback: 0.48705
Received=	-0.40968
Feedback: 0.55061
Received=	-0.29896
Feedback: 0.5009
Received=	-0.22944
Feedback: 0.46968
Received=	-0.16307
Feedback: 0.43989
Received=	-0.13261
Feedback: 0.42621
Received=	-0.0071889
Feedback: 0.3699
Received=	0.02299
Feedback: 0.35635
Received=	0.3168
Feedback: 0.22444
Received=	0.46997
Feedback: 0.15567
Received=	0.34446
Feedback: 0.21202
Received=	-0.0059657
Feedback: 0.36935
Received=	0.088988
Feedback: 0.32672
Received=	0.30484
Feedback: 0.22981
Received=	0.2431
Feedback: 0.25753
Received=	0.044923
Feedback: 0.34651
Received=	-0.039943
Feedback: 0.38461
Received=	-0.23087
Feedback: 0.47033
Calculated range:	[(-2.000000) - (2.000000)]
Success index = (1.018025)
closing...
