Direction=-1.000000	; step=1.000000;
Received=	0
Feedback: 0.66
Received=	0
Feedback: 0.66
Received=	0
Feedback: 0.66
Received=	-0.22613
Feedback: 0.66
Received=	-0.15806
Feedback: 0.66
Received=	-0.06126
Feedback: 0.66
Received=	0.21887
Feedback: 0.66
Received=	0.55652
Feedback: 0.66
Received=	0.37612
Feedback: 0.66
Received=	0.30186
Feedback: 0.66
Received=	0.35432
Feedback: 0.66
Received=	0.23548
Feedback: 0.66
Received=	0.17162
Feedback: 0.66
Received=	0.42024
Feedback: 0.66
Received=	0.32159
Feedback: 0.66
Received=	-0.010945
Feedback: 0.66
Received=	0.019163
Feedback: 0.66
Received=	0.015581
Feedback: 0.66
Received=	0.029941
Feedback: 0.66
Received=	0.051954
Feedback: 0.66
Received=	0.10131
=====  11:0:37 - NF  ============
Feedback: 0.54104
Received=	0.18087
Feedback: 0.46695
Received=	0.33202
Feedback: 0.32623
Received=	0.43759
Feedback: 0.22794
Received=	0.027604
Feedback: 0.60966
Received=	-0.076444
Feedback: 0.70653
Received=	-0.0049942
Feedback: 0.64001
Received=	0.079881
Feedback: 0.56098
Received=	0.23415
Feedback: 0.41735
Received=	0.46458
Feedback: 0.2028
Received=	0.31037
Feedback: 0.34639
Received=	0.0099031
Feedback: 0.62614
Received=	0.19518
Feedback: 0.45363
Received=	0.065228
Feedback: 0.57463
Received=	0.09032
Feedback: 0.55127
Received=	0.48478
Feedback: 0.184
Received=	0.12859
Feedback: 0.51563
Received=	0.1539
Feedback: 0.49207
Received=	0.32351
Feedback: 0.33415
Received=	0.26253
Feedback: 0.39093
Received=	0.2826
Feedback: 0.37224
Received=	0.17065
Feedback: 0.47647
Received=	0.09722
Feedback: 0.54484
Received=	0.076965
Feedback: 0.5637
Received=	0.084907
Feedback: 0.55631
Received=	0.31333
Feedback: 0.34363
Received=	0.040112
Feedback: 0.59801
Received=	0.073991
Feedback: 0.56647
Received=	-0.10457
Feedback: 0.73272
Received=	-0.51814
Feedback: 0.9
Received=	-0.30956
Feedback: 0.9
Received=	0.066847
Feedback: 0.57312
Received=	0.0481
Feedback: 0.59057
Received=	-0.050557
Feedback: 0.68243
Received=	0.09305
Feedback: 0.54872
Received=	-0.27965
Feedback: 0.89573
Received=	-0.38557
Feedback: 0.9
Received=	-0.46476
Feedback: 0.9
Received=	-0.23659
Feedback: 0.85564
Received=	-0.16658
Feedback: 0.79045
Received=	0.13589
Feedback: 0.50884
Received=	0.041823
Feedback: 0.59642
Received=	-0.20485
Feedback: 0.82609
Received=	-0.2722
Feedback: 0.8888
Received=	-0.1545
Feedback: 0.77921
Received=	-0.44625
Feedback: 0.9
Received=	-0.087213
Feedback: 0.71656
Received=	0.028362
Feedback: 0.60895
Received=	0.27153
Feedback: 0.38255
Received=	0.44808
Feedback: 0.21817
Received=	0.059605
Feedback: 0.57986
Received=	-0.014732
Feedback: 0.64908
Received=	-0.1564
Feedback: 0.78098
Received=	-0.20357
Feedback: 0.82489
Received=	-0.068732
Feedback: 0.69935
Received=	0.18391
Feedback: 0.46413
Received=	0.42626
Feedback: 0.23849
Received=	0.14394
Feedback: 0.50135
Received=	0.11163
Feedback: 0.53143
Received=	0.32027
Feedback: 0.33717
Calculated range:	[(-2.000000) - (2.000000)]
Success index = (-0.398975)
Received=	0.40599
=====  11:3:37 - BASE  ============
Feedback: 0.66
Received=	0.63158
Feedback: 0.66
Received=	0.69937
Feedback: 0.66
Received=	0.64719
Feedback: 0.66
Received=	0.18655
Feedback: 0.66
Received=	-0.081403
Feedback: 0.66
Received=	0.099279
Feedback: 0.66
Received=	0.11693
Feedback: 0.66
Received=	-0.29303
Feedback: 0.66
Received=	-0.27052
Feedback: 0.66
Received=	0.35514
Feedback: 0.66
Received=	0.49958
Feedback: 0.66
Received=	1.1551
Feedback: 0.66
Received=	0.76271
Feedback: 0.66
Received=	0.31657
Feedback: 0.66
Received=	0.66096
Feedback: 0.66
Received=	0.44429
Feedback: 0.66
Received=	0.5331
Feedback: 0.66
Received=	0.82539
Feedback: 0.66
Received=	0.77715
Feedback: 0.66
Received=	0.32334
=====  11:4:36 - NF  ============
Feedback: 0.54537
Received=	0.5284
Feedback: 0.44163
Received=	0.13594
Feedback: 0.64017
Received=	0.21477
Feedback: 0.60029
Received=	0.050588
Feedback: 0.68335
Received=	0.35303
Feedback: 0.53035
Received=	0.52875
Feedback: 0.44145
Received=	0.6025
Feedback: 0.40414
Received=	0.16492
Feedback: 0.62551
Received=	0.13265
Feedback: 0.64184
Received=	0.40824
Feedback: 0.50242
Received=	0.41696
Feedback: 0.49801
Received=	0.21669
Feedback: 0.59932
Received=	0.25484
Feedback: 0.58002
Received=	-0.18782
Feedback: 0.80396
Received=	-0.16927
Feedback: 0.79458
Received=	0.036924
Feedback: 0.69026
Received=	0.193
Feedback: 0.61131
Received=	-0.23641
Feedback: 0.82854
Received=	-0.3956
Feedback: 0.9
Received=	-0.44796
Feedback: 0.9
Received=	-0.29035
Feedback: 0.85583
Received=	0.023449
Feedback: 0.69708
Received=	0.26055
Feedback: 0.57713
Received=	0.24829
Feedback: 0.58333
Received=	0.39025
Feedback: 0.51152
Received=	0.16758
Feedback: 0.62416
Received=	0.3169
Feedback: 0.54863
Received=	0.54184
Feedback: 0.43483
Received=	0.62879
Feedback: 0.39084
Received=	0.19272
Feedback: 0.61145
Received=	0.16624
Feedback: 0.62485
Received=	0.84963
Feedback: 0.27912
Received=	0.42996
Feedback: 0.49143
Received=	0.16216
Feedback: 0.62691
Received=	0.091262
Feedback: 0.66277
Received=	0.25294
Feedback: 0.58098
Received=	0.28779
Feedback: 0.56335
Received=	0.54122
Feedback: 0.43514
Received=	0.91751
Feedback: 0.24478
Received=	0.34167
Feedback: 0.53609
Received=	0.23054
Feedback: 0.59232
Received=	-0.076218
Feedback: 0.7475
Received=	0.33726
Feedback: 0.53833
Received=	0.32869
Feedback: 0.54266
Received=	-0.16716
Feedback: 0.79351
Received=	-0.18395
Feedback: 0.802
Received=	-0.030911
Feedback: 0.72458
Received=	-0.071457
Feedback: 0.74509
Received=	-0.090921
Feedback: 0.75494
Received=	0.087441
Feedback: 0.66471
Received=	0.59166
Feedback: 0.40962
Received=	0.41098
Feedback: 0.50103
Received=	-0.13599
Feedback: 0.77774
Received=	0.33386
Feedback: 0.54004
Received=	0.5844
Feedback: 0.4133
Received=	0.4441
Feedback: 0.48427
Received=	0.55669
Feedback: 0.42732
Received=	0.56502
Feedback: 0.4231
Received=	0.13635
Feedback: 0.63997
Calculated range:	[(-2.000000) - (2.000000)]
Success index = (-0.597500)
Received=	0.22049
=====  11:7:37 - BASE  ============
Feedback: 0.66
Received=	0.38125
Feedback: 0.66
Received=	0.22696
Feedback: 0.66
Received=	0.57464
Feedback: 0.66
Received=	0.62349
Feedback: 0.66
Received=	0.1411
Feedback: 0.66
Received=	0.070253
Feedback: 0.66
Received=	0.89824
Feedback: 0.66
Received=	1.0241
Feedback: 0.66
Received=	0.30664
Feedback: 0.66
Received=	-0.1551
Feedback: 0.66
Received=	-0.00099091
Feedback: 0.66
Received=	0.4011
Feedback: 0.66
Received=	0.66303
Feedback: 0.66
Received=	0.2383
Feedback: 0.66
Received=	0.056686
Feedback: 0.66
Received=	0.070796
Feedback: 0.66
Received=	0.051914
Feedback: 0.66
Received=	-0.10532
Feedback: 0.66
Received=	-0.38869
Feedback: 0.66
Received=	-0.12565
=====  11:8:36 - NF  ============
Feedback: 0.70692
Received=	0.39373
Feedback: 0.42893
Received=	0.61101
Feedback: 0.31263
Received=	0.50028
Feedback: 0.3719
Received=	0.54055
Feedback: 0.35035
Received=	0.78062
Feedback: 0.22185
Received=	0.5511
Feedback: 0.3447
Received=	0.40581
Feedback: 0.42247
Received=	0.15199
Feedback: 0.55832
Received=	-0.20993
Feedback: 0.75204
Received=	-0.092815
Feedback: 0.68935
Received=	0.30077
Feedback: 0.47869
Received=	0.66317
Feedback: 0.28471
Received=	0.34955
Feedback: 0.45258
Received=	0.44383
Feedback: 0.40211
Received=	0.50549
Feedback: 0.36911
Received=	0.086145
Feedback: 0.59356
Received=	-0.079884
Feedback: 0.68243
Received=	-0.06095
Feedback: 0.6723
Received=	-0.069133
Feedback: 0.67668
Received=	0.15259
Feedback: 0.558
Received=	0.27025
Feedback: 0.49502
Received=	0.69889
Feedback: 0.26559
Received=	0.37312
Feedback: 0.43996
Received=	0.22347
Feedback: 0.52006
Received=	0.35181
Feedback: 0.45137
Received=	0.10569
Feedback: 0.5831
Received=	0.26895
Feedback: 0.49572
Received=	0.47641
Feedback: 0.38468
Received=	0.14082
Feedback: 0.5643
Received=	-0.0034977
Feedback: 0.64154
Received=	0.22567
Feedback: 0.51888
Received=	-0.026866
Feedback: 0.65405
Received=	-0.1539
Feedback: 0.72205
Received=	-0.12362
Feedback: 0.70584
Received=	0.067619
Feedback: 0.60348
Received=	0.059947
Feedback: 0.60759
Received=	0.22936
Feedback: 0.51691
Received=	0.20652
Feedback: 0.52913
Received=	0.35218
Feedback: 0.45117
Received=	0.35428
Feedback: 0.45005
Received=	0.71575
Feedback: 0.25657
Received=	0.50771
Feedback: 0.36792
Received=	0.36488
Feedback: 0.44437
Received=	0.52813
Feedback: 0.357
Received=	0.79023
Feedback: 0.21671
Received=	0.54596
Feedback: 0.34745
Received=	0.39945
Feedback: 0.42587
Received=	0.31659
Feedback: 0.47022
Received=	0.10108
Feedback: 0.58557
Received=	-0.015293
Feedback: 0.64786
Received=	-0.075093
Feedback: 0.67987
Received=	0.26948
Feedback: 0.49544
Received=	0.0026975
Feedback: 0.63823
Received=	-0.015176
Feedback: 0.64779
Received=	-0.15007
Feedback: 0.72
Received=	0.11549
Feedback: 0.57786
Received=	-0.49017
Feedback: 0.9
Received=	-0.47084
Feedback: 0.89169
Received=	0.29692
Feedback: 0.48075
Calculated range:	[(-2.000000) - (2.000000)]
Success index = (-0.108911)
Received=	0.35101
=====  11:11:37 - BASE  ============
Feedback: 0.66
Received=	0.0683
Feedback: 0.66
Received=	0.099142
Feedback: 0.66
Received=	-0.22627
Feedback: 0.66
Received=	-0.1099
Feedback: 0.66
Received=	0.53652
Feedback: 0.66
Received=	1.0677
Feedback: 0.66
Received=	1.1637
Feedback: 0.66
Received=	1.07
Feedback: 0.66
Received=	0.97676
Feedback: 0.66
Received=	0.58413
Feedback: 0.66
Received=	0.3728
Feedback: 0.66
Received=	0.24611
Feedback: 0.66
Received=	-0.049271
Feedback: 0.66
Received=	0.078934
Feedback: 0.66
Received=	0.58337
Feedback: 0.66
Received=	0.28969
Feedback: 0.66
Received=	0.15565
Feedback: 0.66
Received=	0.20122
Feedback: 0.66
Received=	0.30026
Feedback: 0.66
Received=	0.38932
=====  11:12:37 - NF  ============
Feedback: 0.50867
Received=	0.28716
Feedback: 0.55661
Received=	0.37873
Feedback: 0.51364
Received=	0.3125
Feedback: 0.54472
Received=	0.066398
Feedback: 0.66018
Received=	0.35122
Feedback: 0.52655
Received=	0.21281
Feedback: 0.59149
Received=	0.46735
Feedback: 0.47207
Received=	0.51101
Feedback: 0.45158
Received=	0.18873
Feedback: 0.60279
Received=	0.31763
Feedback: 0.54231
Received=	0.47139
Feedback: 0.47017
Received=	0.35745
Feedback: 0.52363
Received=	-0.14137
Feedback: 0.75766
Received=	0.11878
Feedback: 0.63561
Received=	0.11263
Feedback: 0.63849
Received=	0.55423
Feedback: 0.4313
Received=	0.14599
Feedback: 0.62284
Received=	-0.27237
Feedback: 0.81912
Received=	-0.4684
Feedback: 0.9
Received=	0.084639
Feedback: 0.65162
Received=	-0.055305
Feedback: 0.71728
Received=	-0.13565
Feedback: 0.75498
Received=	-0.3672
Feedback: 0.86361
Received=	-0.42012
Feedback: 0.88845
Received=	-0.22659
Feedback: 0.79764
Received=	-0.13274
Feedback: 0.75361
Received=	-0.22573
Feedback: 0.79724
Received=	-0.74569
Feedback: 0.9
Received=	-0.52488
Feedback: 0.9
Received=	-0.15033
Feedback: 0.76186
Received=	0.023787
Feedback: 0.68017
Received=	0.87313
Feedback: 0.28168
Received=	0.67007
Feedback: 0.37695
Received=	0.32833
Feedback: 0.53729
Received=	0.026521
Feedback: 0.67889
Received=	0.28816
Feedback: 0.55614
Received=	0.42682
Feedback: 0.49108
Received=	0.45362
Feedback: 0.4785
Received=	0.39771
Feedback: 0.50474
Received=	0.2387
Feedback: 0.57934
Received=	0.12296
Feedback: 0.63365
Received=	0.082926
Feedback: 0.65243
Received=	-0.24389
Feedback: 0.80576
Received=	-0.39181
Feedback: 0.87516
Received=	-0.31494
Feedback: 0.8391
Received=	0.054286
Feedback: 0.66586
Received=	0.080608
Feedback: 0.65352
Received=	-0.24766
Feedback: 0.80753
Received=	-0.25173
Feedback: 0.80944
Received=	-0.15767
Feedback: 0.76531
Received=	0.031817
Feedback: 0.67641
Received=	0.21412
Feedback: 0.59087
Received=	-0.36415
Feedback: 0.86218
Received=	-0.60872
Feedback: 0.9
Received=	-0.60935
Feedback: 0.9
Received=	-0.30931
Feedback: 0.83646
Received=	0.13908
Feedback: 0.62608
Received=	0.52486
Feedback: 0.44508
Received=	0.64986
Feedback: 0.38643
Calculated range:	[(-2.000000) - (2.000000)]
Success index = (-0.928575)
Received=	0.27017
=====  11:15:37 - BASE  ============
Feedback: 0.66
Received=	0.29521
Feedback: 0.66
Received=	0.48279
Feedback: 0.66
Received=	0.55383
Feedback: 0.66
Received=	0.81044
Feedback: 0.66
Received=	0.70552
Feedback: 0.66
Received=	0.46644
Feedback: 0.66
Received=	0.3149
Feedback: 0.66
Received=	0.16819
Feedback: 0.66
Received=	0.35909
Feedback: 0.66
Received=	0.27893
Feedback: 0.66
Received=	0.14103
Feedback: 0.66
Received=	0.14073
Feedback: 0.66
Received=	-0.33559
Feedback: 0.66
Received=	-0.49875
Feedback: 0.66
Received=	-0.46452
Feedback: 0.66
Received=	-0.65123
Feedback: 0.66
Received=	-0.519
Feedback: 0.66
Received=	-0.40003
Feedback: 0.66
Received=	0.17365
Feedback: 0.66
Received=	0.32936
=====  11:16:37 - NF  ============
Feedback: 0.39827
Received=	0.0038943
Feedback: 0.5401
Received=	-0.01461
Feedback: 0.54816
Received=	0.24685
Feedback: 0.43423
Received=	0.20573
Feedback: 0.45215
Received=	0.20604
Feedback: 0.45201
Received=	-0.0089315
Feedback: 0.54569
Received=	-0.32866
Feedback: 0.68501
Received=	-0.41114
Feedback: 0.72095
Received=	-0.34896
Feedback: 0.69386
Received=	-0.091641
Feedback: 0.58173
Received=	0.55306
Feedback: 0.30079
Received=	0.44333
Feedback: 0.34861
Received=	0.25821
Feedback: 0.42928
Received=	0.39949
Feedback: 0.36771
Received=	0.45229
Feedback: 0.3447
Received=	0.43629
Feedback: 0.35167
Received=	0.53741
Feedback: 0.30761
Received=	0.49264
Feedback: 0.32712
Received=	-0.16148
Feedback: 0.61216
Received=	-0.20055
Feedback: 0.62918
Received=	-0.14543
Feedback: 0.60517
Received=	0.18067
Feedback: 0.46307
Received=	0.088811
Feedback: 0.50309
Received=	-0.2077
Feedback: 0.6323
Received=	0.023686
Feedback: 0.53147
Received=	-0.031783
Feedback: 0.55564
Received=	-0.21222
Feedback: 0.63427
Received=	0.29467
Feedback: 0.41339
Received=	-0.047733
Feedback: 0.56259
Received=	-0.19914
Feedback: 0.62857
Received=	0.13316
Feedback: 0.48377
Received=	0.42686
Feedback: 0.35579
Received=	0.33388
Feedback: 0.3963
Received=	0.27113
Feedback: 0.42365
Received=	0.23495
Feedback: 0.43941
Received=	0.277
Feedback: 0.42109
Received=	0.22468
Feedback: 0.44389
Received=	0.58143
Feedback: 0.28843
Received=	0.47052
Feedback: 0.33676
Received=	0.27446
Feedback: 0.4222
Received=	0.010999
Feedback: 0.537
Received=	0.034384
Feedback: 0.52681
Received=	0.34885
Feedback: 0.38978
Received=	0.25955
Feedback: 0.42869
Received=	0.39842
Feedback: 0.36818
Received=	0.76107
Feedback: 0.21015
Received=	0.60773
Feedback: 0.27697
Received=	0.2358
Feedback: 0.43904
Received=	0.19256
Feedback: 0.45788
Received=	-0.077067
Feedback: 0.57538
Received=	0.049263
Feedback: 0.52033
Received=	0.15848
Feedback: 0.47274
Received=	0.28715
Feedback: 0.41666
Received=	-0.62288
Feedback: 0.81322
Received=	-1.1726
Feedback: 0.9
Received=	-0.96919
Feedback: 0.9
Received=	-0.5841
Feedback: 0.79632
Received=	0.026522
Feedback: 0.53024
Received=	-0.29958
Feedback: 0.67234
Calculated range:	[(-2.000000) - (2.000000)]
Success index = (-0.005950)
closing...
