Direction=-1.000000	; step=1.000000;
Received=	0
Feedback: 0.66
Received=	0
Feedback: 0.66
Received=	0
Feedback: 0.66
Received=	0.15394
Feedback: 0.66
Received=	0.076938
Feedback: 0.66
Received=	0.055209
Feedback: 0.66
Received=	0.043283
Feedback: 0.66
Received=	-0.11097
Feedback: 0.66
Received=	-0.16773
Feedback: 0.66
Received=	-0.11385
Feedback: 0.66
Received=	-0.25518
Feedback: 0.66
Received=	-0.17453
Feedback: 0.66
Received=	0.069972
Feedback: 0.66
Received=	-0.0278
Feedback: 0.66
Received=	0.11645
Feedback: 0.66
Received=	-0.12408
Feedback: 0.66
Received=	0.36889
Feedback: 0.66
Received=	0.31268
Feedback: 0.66
Received=	0.14328
Feedback: 0.66
Received=	0.23589
Feedback: 0.66
Received=	0.45771
=====  11:38:23 - NF  ============
Feedback: 0.1
Received=	0.044715
Feedback: 0.48699
Received=	-0.22631
Feedback: 0.80054
Received=	-0.082962
Feedback: 0.6347
Received=	0.06052
Feedback: 0.4687
Received=	-0.034615
Feedback: 0.57877
Received=	-0.20843
Feedback: 0.77986
Received=	0.16673
Feedback: 0.34583
Received=	-0.1309
Feedback: 0.69016
Received=	-0.34583
Feedback: 0.9
Received=	-0.11122
Feedback: 0.66739
Received=	0.27003
Feedback: 0.22631
Received=	0.18953
Feedback: 0.31945
Received=	0.19884
Feedback: 0.30867
Received=	0.019994
Feedback: 0.51559
Received=	-0.20671
Feedback: 0.77787
Received=	-0.31969
Feedback: 0.9
Received=	-0.40969
Feedback: 0.9
Received=	0.18695
Feedback: 0.32243
Received=	0.11525
Feedback: 0.40538
Received=	0.0784
Feedback: 0.44801
Received=	-0.5274
Feedback: 0.9
Received=	-0.26329
Feedback: 0.84334
Received=	0.089743
Feedback: 0.43489
Received=	0.27475
Feedback: 0.22084
Received=	0.46234
Feedback: 0.1
Received=	0.47091
Feedback: 0.1
Received=	0.22828
Feedback: 0.27461
Received=	0.099708
Feedback: 0.42336
Received=	0.23767
Feedback: 0.26375
Received=	0.23307
Feedback: 0.26906
Received=	0.17687
Feedback: 0.33408
Received=	-0.010976
Feedback: 0.55142
Received=	-0.071855
Feedback: 0.62185
Received=	-0.076568
Feedback: 0.6273
Received=	0.095648
Feedback: 0.42806
Received=	0.12772
Feedback: 0.39095
Received=	0.021748
Feedback: 0.51356
Received=	0.25652
Feedback: 0.24194
Received=	0.40674
Feedback: 0.1
Received=	0.48796
Feedback: 0.1
Received=	0.29803
Feedback: 0.19392
Received=	0.23046
Feedback: 0.27209
Received=	0.095378
Feedback: 0.42837
Received=	-0.026633
Feedback: 0.56953
Received=	0.02775
Feedback: 0.50661
Received=	-0.021541
Feedback: 0.56364
Received=	-0.059545
Feedback: 0.60761
Received=	0.056698
Feedback: 0.47312
Received=	0.23636
Feedback: 0.26526
Received=	0.35868
Feedback: 0.12374
Received=	0.34513
Feedback: 0.13942
Received=	-0.10538
Feedback: 0.66064
Received=	-0.43894
Feedback: 0.9
Received=	-0.45285
Feedback: 0.9
Received=	-0.35125
Feedback: 0.9
Received=	-0.05841
Feedback: 0.6063
Received=	0.33094
Feedback: 0.15584
Received=	0.4793
Feedback: 0.1
Received=	0.24654
Feedback: 0.25348
Calculated range:	[(-2.000000) - (2.000000)]
Success index = (0.114862)
Received=	-0.086795
=====  11:41:23 - BASE  ============
Feedback: 0.66
Received=	-0.077649
Feedback: 0.66
Received=	0.010207
Feedback: 0.66
Received=	-0.061175
Feedback: 0.66
Received=	0.10149
Feedback: 0.66
Received=	0.37735
Feedback: 0.66
Received=	0.10501
Feedback: 0.66
Received=	-0.06159
Feedback: 0.66
Received=	0.32078
Feedback: 0.66
Received=	0.93667
Feedback: 0.66
Received=	0.59385
Feedback: 0.66
Received=	0.21531
Feedback: 0.66
Received=	-0.32523
Feedback: 0.66
Received=	-0.68836
Feedback: 0.66
Received=	-0.33826
Feedback: 0.66
Received=	-0.22553
Feedback: 0.66
Received=	0.0289
Feedback: 0.66
Received=	0.050948
Feedback: 0.66
Received=	-0.039934
Feedback: 0.66
Received=	0.33223
Feedback: 0.66
Received=	0.3653
=====  11:42:23 - NF  ============
Feedback: 0.34205
Received=	0.072957
Feedback: 0.50059
Received=	-0.00077108
Feedback: 0.54057
Received=	0.087965
Feedback: 0.49245
Received=	0.20031
Feedback: 0.43152
Received=	0.33565
Feedback: 0.35813
Received=	0.13147
Feedback: 0.46885
Received=	0.11297
Feedback: 0.47889
Received=	0.10467
Feedback: 0.48339
Received=	0.1443
Feedback: 0.46189
Received=	0.33789
Feedback: 0.35692
Received=	0.14394
Feedback: 0.46209
Received=	0.027572
Feedback: 0.5252
Received=	0.10515
Feedback: 0.48313
Received=	0.075088
Feedback: 0.49943
Received=	-0.13944
Feedback: 0.61577
Received=	-0.24559
Feedback: 0.67333
Received=	-0.14996
Feedback: 0.62147
Received=	-0.1824
Feedback: 0.63907
Received=	0.048823
Feedback: 0.51367
Received=	0.17104
Feedback: 0.4474
Received=	0.40869
Feedback: 0.31852
Received=	0.30999
Feedback: 0.37205
Received=	-0.090153
Feedback: 0.58904
Received=	-0.0032954
Feedback: 0.54194
Received=	-0.051156
Feedback: 0.56789
Received=	0.16901
Feedback: 0.4485
Received=	-0.056883
Feedback: 0.571
Received=	0.084615
Feedback: 0.49426
Received=	0.32791
Feedback: 0.36233
Received=	0.2051
Feedback: 0.42892
Received=	0.047942
Feedback: 0.51415
Received=	0.094082
Feedback: 0.48913
Received=	0.082404
Feedback: 0.49546
Received=	0.40333
Feedback: 0.32142
Received=	0.075357
Feedback: 0.49928
Received=	-0.11968
Feedback: 0.60505
Received=	0.19344
Feedback: 0.43525
Received=	-0.085364
Feedback: 0.58644
Received=	0.019702
Feedback: 0.52947
Received=	0.14921
Feedback: 0.45923
Received=	0.44786
Feedback: 0.29728
Received=	0.14201
Feedback: 0.46314
Received=	-0.10996
Feedback: 0.59978
Received=	-0.025219
Feedback: 0.55383
Received=	0.10502
Feedback: 0.4832
Received=	-0.0084661
Feedback: 0.54474
Received=	-0.35495
Feedback: 0.73264
Received=	-0.12179
Feedback: 0.6062
Received=	0.21816
Feedback: 0.42184
Received=	0.5296
Feedback: 0.25295
Received=	0.67492
Feedback: 0.17414
Received=	0.36938
Feedback: 0.33984
Received=	0.23851
Feedback: 0.4108
Received=	0.21187
Feedback: 0.42526
Received=	0.10035
Feedback: 0.48573
Received=	0.10899
Feedback: 0.48105
Received=	-0.015446
Feedback: 0.54853
Received=	-0.1981
Feedback: 0.64758
Received=	-0.0060381
Feedback: 0.54342
Calculated range:	[(-2.000000) - (2.000000)]
Success index = (0.126021)
Received=	-0.073839
=====  11:45:23 - BASE  ============
Feedback: 0.66
Received=	0.073057
Feedback: 0.66
Received=	0.071518
Feedback: 0.66
Received=	-0.013651
Feedback: 0.66
Received=	0.1868
Feedback: 0.66
Received=	0.2813
Feedback: 0.66
Received=	0.49583
Feedback: 0.66
Received=	0.067659
Feedback: 0.66
Received=	-0.24775
Feedback: 0.66
Received=	-0.38221
Feedback: 0.66
Received=	-0.65742
Feedback: 0.66
Received=	-0.49077
Feedback: 0.66
Received=	-0.091733
Feedback: 0.66
Received=	0.09374
Feedback: 0.66
Received=	0.21316
Feedback: 0.66
Received=	0.2524
Feedback: 0.66
Received=	0.16434
Feedback: 0.66
Received=	0.18045
Feedback: 0.66
Received=	0.13353
Feedback: 0.66
Received=	0.023714
Feedback: 0.66
Received=	-0.12609
=====  11:46:23 - NF  ============
Feedback: 0.59703
Received=	0.10085
Feedback: 0.44163
Received=	-0.044372
Feedback: 0.54107
Received=	0.086594
Feedback: 0.45139
Received=	0.19229
Feedback: 0.37902
Received=	0.075143
Feedback: 0.45923
Received=	-0.22711
Feedback: 0.66621
Received=	0.010484
Feedback: 0.50351
Received=	0.13501
Feedback: 0.41823
Received=	0.11574
Feedback: 0.43143
Received=	0.26518
Feedback: 0.3291
Received=	-0.03009
Feedback: 0.53129
Received=	-0.33211
Feedback: 0.7381
Received=	-0.32449
Feedback: 0.73289
Received=	-0.20969
Feedback: 0.65427
Received=	-0.20359
Feedback: 0.6501
Received=	0.042204
Feedback: 0.48179
Received=	0.067119
Feedback: 0.46473
Received=	0.23536
Feedback: 0.34952
Received=	0.042399
Feedback: 0.48165
Received=	0.11371
Feedback: 0.43282
Received=	-0.12618
Feedback: 0.59709
Received=	0.096527
Feedback: 0.44459
Received=	-0.043132
Feedback: 0.54022
Received=	-0.20697
Feedback: 0.65241
Received=	0.07236
Feedback: 0.46114
Received=	0.3726
Feedback: 0.25554
Received=	0.05421
Feedback: 0.47357
Received=	-0.19032
Feedback: 0.64101
Received=	-0.31547
Feedback: 0.72671
Received=	-0.061973
Feedback: 0.55312
Received=	-0.23054
Feedback: 0.66856
Received=	-0.19408
Feedback: 0.64359
Received=	0.24938
Feedback: 0.33992
Received=	0.33682
Feedback: 0.28005
Received=	0.25601
Feedback: 0.33538
Received=	0.0081994
Feedback: 0.50507
Received=	-0.058198
Feedback: 0.55054
Received=	-0.005167
Feedback: 0.51422
Received=	0.19635
Feedback: 0.37623
Received=	0.31682
Feedback: 0.29374
Received=	0.052537
Feedback: 0.47471
Received=	-0.12499
Feedback: 0.59628
Received=	-0.039222
Feedback: 0.53754
Received=	0.08051
Feedback: 0.45556
Received=	0.0087003
Feedback: 0.50473
Received=	-0.13027
Feedback: 0.59989
Received=	0.24873
Feedback: 0.34037
Received=	0.38705
Feedback: 0.24565
Received=	-0.20915
Feedback: 0.6539
Received=	-0.47858
Feedback: 0.8384
Received=	-0.056492
Feedback: 0.54937
Received=	0.32259
Feedback: 0.28979
Received=	0.46155
Feedback: 0.19464
Received=	-0.064501
Feedback: 0.55485
Received=	-0.49104
Feedback: 0.84693
Received=	-0.65256
Feedback: 0.9
Received=	-0.68832
Feedback: 0.9
Received=	-0.056985
Feedback: 0.54971
Received=	-0.1102
Feedback: 0.58614
Calculated range:	[(-2.000000) - (2.000000)]
Success index = (-0.129501)
Received=	0.23633
=====  11:49:23 - BASE  ============
Feedback: 0.66
Received=	0.31251
Feedback: 0.66
Received=	0.35198
Feedback: 0.66
Received=	0.52233
Feedback: 0.66
Received=	0.15058
Feedback: 0.66
Received=	-0.044769
Feedback: 0.66
Received=	0.093436
Feedback: 0.66
Received=	-0.094571
Feedback: 0.66
Received=	0.41486
Feedback: 0.66
Received=	0.38689
Feedback: 0.66
Received=	-0.032083
Feedback: 0.66
Received=	-0.014935
Feedback: 0.66
Received=	0.084112
Feedback: 0.66
Received=	-0.00046986
Feedback: 0.66
Received=	-0.44528
Feedback: 0.66
Received=	-0.33798
Feedback: 0.66
Received=	-0.46181
Feedback: 0.66
Received=	-0.36977
Feedback: 0.66
Received=	0.20928
Feedback: 0.66
Received=	0.36444
Feedback: 0.66
Received=	0.328
=====  11:50:23 - NF  ============
Feedback: 0.3128
Received=	0.2394
Feedback: 0.37103
Received=	-0.031173
Feedback: 0.54882
Received=	-0.007709
Feedback: 0.5334
Received=	0.17719
Feedback: 0.4119
Received=	0.11118
Feedback: 0.45528
Received=	-0.0059068
Feedback: 0.53222
Received=	-0.26376
Feedback: 0.70166
Received=	-0.15992
Feedback: 0.63342
Received=	-0.43223
Feedback: 0.81236
Received=	-0.25697
Feedback: 0.69719
Received=	-0.090863
Feedback: 0.58804
Received=	0.0092742
Feedback: 0.52224
Received=	-0.13451
Feedback: 0.61672
Received=	-0.16973
Feedback: 0.63987
Received=	-0.27074
Feedback: 0.70624
Received=	0.011123
Feedback: 0.52103
Received=	-0.0452
Feedback: 0.55804
Received=	0.025547
Feedback: 0.51155
Received=	0.16685
Feedback: 0.4187
Received=	0.29659
Feedback: 0.33344
Received=	0.042553
Feedback: 0.50038
Received=	-0.046683
Feedback: 0.55901
Received=	0.076505
Feedback: 0.47806
Received=	-0.22163
Feedback: 0.67397
Received=	-0.19648
Feedback: 0.65744
Received=	-0.14448
Feedback: 0.62327
Received=	-0.27057
Feedback: 0.70613
Received=	0.22574
Feedback: 0.38
Received=	0.075446
Feedback: 0.47876
Received=	0.48721
Feedback: 0.20819
Received=	0.52822
Feedback: 0.18124
Received=	-0.028318
Feedback: 0.54695
Received=	0.015958
Feedback: 0.51785
Received=	-0.18667
Feedback: 0.651
Received=	-0.10618
Feedback: 0.59811
Received=	-0.071539
Feedback: 0.57535
Received=	0.22515
Feedback: 0.38039
Received=	0.077921
Feedback: 0.47713
Received=	-0.030019
Feedback: 0.54806
Received=	0.12928
Feedback: 0.44339
Received=	0.042962
Feedback: 0.50011
Received=	-0.10861
Feedback: 0.5997
Received=	-0.086131
Feedback: 0.58493
Received=	0.043571
Feedback: 0.49971
Received=	0.3945
Feedback: 0.26911
Received=	0.35555
Feedback: 0.2947
Received=	-0.2044
Feedback: 0.66265
Received=	0.19679
Feedback: 0.39903
Received=	0.43359
Feedback: 0.24342
Received=	0.02811
Feedback: 0.50987
Received=	-0.14019
Feedback: 0.62045
Received=	-0.11549
Feedback: 0.60423
Received=	0.16699
Feedback: 0.41861
Received=	0.37572
Feedback: 0.28145
Received=	0.73381
Feedback: 0.1
Received=	0.45059
Feedback: 0.23225
Received=	0.099238
Feedback: 0.46313
Received=	-0.22988
Feedback: 0.67939
Received=	-0.22942
Feedback: 0.67909
Calculated range:	[(-2.000000) - (2.000000)]
Success index = (-0.020107)
Received=	-0.11167
=====  11:53:23 - BASE  ============
Feedback: 0.66
Received=	0.036721
Feedback: 0.66
Received=	-0.036094
Feedback: 0.66
Received=	0.60784
Feedback: 0.66
Received=	0.36601
Feedback: 0.66
Received=	0.2821
Feedback: 0.66
Received=	0.30464
Feedback: 0.66
Received=	0.095451
Feedback: 0.66
Received=	-0.19141
Feedback: 0.66
Received=	-0.016643
Feedback: 0.66
Received=	0.30758
Feedback: 0.66
Received=	0.12602
Feedback: 0.66
Received=	-0.40274
Feedback: 0.66
Received=	-0.25166
Feedback: 0.66
Received=	-0.074216
Feedback: 0.66
Received=	0.070844
Feedback: 0.66
Received=	-0.10621
Feedback: 0.66
Received=	-0.41915
Feedback: 0.66
Received=	-0.47325
Feedback: 0.66
Received=	-0.20399
Feedback: 0.66
Received=	-0.088664
=====  11:54:23 - NF  ============
Feedback: 0.55871
Received=	-0.13945
Feedback: 0.59265
Received=	-0.22936
Feedback: 0.65274
Received=	-0.43002
Feedback: 0.78686
Received=	-0.11725
Feedback: 0.57781
Received=	0.12361
Feedback: 0.41683
Received=	0.33133
Feedback: 0.278
Received=	0.065923
Feedback: 0.45539
Received=	-0.29794
Feedback: 0.69858
Received=	-0.22373
Feedback: 0.64898
Received=	-0.047468
Feedback: 0.53117
Received=	0.091492
Feedback: 0.4383
Received=	0.1328
Feedback: 0.41069
Received=	0.080387
Feedback: 0.44572
Received=	0.18936
Feedback: 0.37289
Received=	0.29538
Feedback: 0.30203
Received=	0.060305
Feedback: 0.45914
Received=	0.10215
Feedback: 0.43117
Received=	0.3785
Feedback: 0.24647
Received=	0.18187
Feedback: 0.37789
Received=	-0.028617
Feedback: 0.51857
Received=	-0.36245
Feedback: 0.7417
Received=	-0.49901
Feedback: 0.83297
Received=	-0.49784
Feedback: 0.83219
Received=	0.069981
Feedback: 0.45267
Received=	0.15169
Feedback: 0.39806
Received=	-0.088
Feedback: 0.55826
Received=	-0.15883
Feedback: 0.6056
Received=	0.13998
Feedback: 0.40589
Received=	-0.11244
Feedback: 0.57459
Received=	0.16041
Feedback: 0.39224
Received=	0.12511
Feedback: 0.41583
Received=	-0.04825
Feedback: 0.5317
Received=	0.25494
Feedback: 0.32905
Received=	0.21792
Feedback: 0.3538
Received=	-0.030823
Feedback: 0.52005
Received=	0.16222
Feedback: 0.39102
Received=	0.038461
Feedback: 0.47374
Received=	0.18647
Feedback: 0.37482
Received=	0.26436
Feedback: 0.32276
Received=	-0.0058601
Feedback: 0.50336
Received=	-0.16369
Feedback: 0.60885
Received=	-0.36323
Feedback: 0.74222
Received=	-0.40713
Feedback: 0.77156
Received=	-0.38446
Feedback: 0.75641
Received=	-0.19424
Feedback: 0.62927
Received=	-0.30829
Feedback: 0.7055
Received=	-0.45883
Feedback: 0.80611
Received=	-0.53209
Feedback: 0.85508
Received=	-0.50557
Feedback: 0.83735
Received=	-0.036147
Feedback: 0.52361
Received=	-0.099845
Feedback: 0.56618
Received=	-0.25868
Feedback: 0.67234
Received=	-0.25111
Feedback: 0.66728
Received=	-0.045768
Feedback: 0.53004
Received=	0.3223
Feedback: 0.28403
Received=	0.52814
Feedback: 0.14646
Received=	0.4407
Feedback: 0.2049
Received=	0.05188
Feedback: 0.46477
Received=	-0.15729
Feedback: 0.60457
Calculated range:	[(-2.000000) - (2.000000)]
Success index = (-0.148199)
closing...
