Direction=-1.000000	; step=1.000000;
Received=	0
Feedback: 0.66
Received=	0
Feedback: 0.66
Received=	0
Feedback: 0.66
Received=	0.26388
Feedback: 0.66
Received=	0.24521
Feedback: 0.66
Received=	0.25427
Feedback: 0.66
Received=	0.39966
Feedback: 0.66
Received=	0.44181
Feedback: 0.66
Received=	0.32498
Feedback: 0.66
Received=	0.29404
Feedback: 0.66
Received=	0.50869
Feedback: 0.66
Received=	0.4816
Feedback: 0.66
Received=	0.094457
Feedback: 0.66
Received=	-0.011352
Feedback: 0.66
Received=	0.16523
Feedback: 0.66
Received=	0.46394
Feedback: 0.66
Received=	0.50688
Feedback: 0.66
Received=	0.49246
Feedback: 0.66
Received=	0.65281
Feedback: 0.66
Received=	0.53409
Feedback: 0.66
Received=	0.072353
=====  10:15:47 - NF  ============
Feedback: 0.78015
Received=	-0.048282
Feedback: 0.9
Received=	0.32036
Feedback: 0.52016
Received=	0.41795
Feedback: 0.41786
Received=	0.68592
Feedback: 0.13694
Received=	0.45566
Feedback: 0.37832
Received=	0.13856
Feedback: 0.71075
Received=	0.31617
Feedback: 0.52455
Received=	0.61705
Feedback: 0.20914
Received=	0.53079
Feedback: 0.29956
Received=	0.33269
Feedback: 0.50724
Received=	0.50961
Feedback: 0.32177
Received=	0.56093
Feedback: 0.26797
Received=	0.38314
Feedback: 0.45435
Received=	0.23158
Feedback: 0.61323
Received=	0.35719
Feedback: 0.48155
Received=	0.22794
Feedback: 0.61705
Received=	0.27152
Feedback: 0.57136
Received=	0.34844
Feedback: 0.49073
Received=	0.47888
Feedback: 0.35398
Received=	0.61468
Feedback: 0.21162
Received=	0.47866
Feedback: 0.35422
Received=	0.35505
Feedback: 0.48379
Received=	0.34537
Feedback: 0.49394
Received=	0.43654
Feedback: 0.39836
Received=	0.49634
Feedback: 0.33568
Received=	0.49785
Feedback: 0.33409
Received=	0.56617
Feedback: 0.26247
Received=	0.48026
Feedback: 0.35253
Received=	0.30437
Feedback: 0.53693
Received=	0.28949
Feedback: 0.55252
Received=	0.39088
Feedback: 0.44623
Received=	0.27865
Feedback: 0.56388
Received=	0.37236
Feedback: 0.46565
Received=	0.27259
Feedback: 0.57024
Received=	0.28009
Feedback: 0.56238
Received=	0.24986
Feedback: 0.59407
Received=	0.27123
Feedback: 0.57167
Received=	0.16016
Feedback: 0.6881
Received=	0.16624
Feedback: 0.68173
Received=	0.30779
Feedback: 0.53334
Received=	0.29068
Feedback: 0.55127
Received=	0.12535
Feedback: 0.7246
Received=	0.1655
Feedback: 0.6825
Received=	0.3827
Feedback: 0.45481
Received=	0.48132
Feedback: 0.35142
Received=	0.17809
Feedback: 0.66931
Received=	0.29095
Feedback: 0.55099
Received=	0.69891
Feedback: 0.12332
Received=	0.64502
Feedback: 0.17982
Received=	0.6285
Feedback: 0.19713
Received=	0.52306
Feedback: 0.30766
Received=	0.43306
Feedback: 0.40202
Received=	0.41984
Feedback: 0.41587
Received=	0.26689
Feedback: 0.57622
Received=	0.30426
Feedback: 0.53704
Received=	0.44216
Feedback: 0.39248
Received=	0.52785
Feedback: 0.30265
Received=	0.46327
Feedback: 0.37034
Received=	0.27953
Feedback: 0.56296
Calculated range:	[(-2.000000) - (2.000000)]
Success index = (0.201725)
Received=	0.17957
=====  10:18:47 - BASE  ============
Feedback: 0.66
Received=	-0.091203
Feedback: 0.66
Received=	-0.14809
Feedback: 0.66
Received=	-0.16011
Feedback: 0.66
Received=	0.059639
Feedback: 0.66
Received=	0.056545
Feedback: 0.66
Received=	0.18408
Feedback: 0.66
Received=	0.3613
Feedback: 0.66
Received=	0.17196
Feedback: 0.66
Received=	-0.16827
Feedback: 0.66
Received=	-0.097176
Feedback: 0.66
Received=	0.40259
Feedback: 0.66
Received=	0.16183
Feedback: 0.66
Received=	-0.030294
Feedback: 0.66
Received=	0.116
Feedback: 0.66
Received=	0.3405
Feedback: 0.66
Received=	0.61395
Feedback: 0.66
Received=	0.72598
Feedback: 0.66
Received=	0.83756
Feedback: 0.66
Received=	0.65206
Feedback: 0.66
Received=	0.42944
=====  10:19:47 - NF  ============
Feedback: 0.37215
Received=	0.40883
Feedback: 0.38515
Received=	0.13224
Feedback: 0.55954
Received=	0.16971
Feedback: 0.53592
Received=	0.3276
Feedback: 0.43636
Received=	0.45938
Feedback: 0.35327
Received=	-0.035906
Feedback: 0.66556
Received=	-0.23477
Feedback: 0.79094
Received=	0.056034
Feedback: 0.60759
Received=	0.28398
Feedback: 0.46387
Received=	0.36387
Feedback: 0.41349
Received=	0.29648
Feedback: 0.45598
Received=	0.28499
Feedback: 0.46323
Received=	0.22447
Feedback: 0.50139
Received=	0.38346
Feedback: 0.40114
Received=	0.37848
Feedback: 0.40428
Received=	0.35036
Feedback: 0.42201
Received=	0.31568
Feedback: 0.44388
Received=	0.43713
Feedback: 0.3673
Received=	0.45466
Feedback: 0.35625
Received=	0.41728
Feedback: 0.37982
Received=	0.30828
Feedback: 0.44855
Received=	0.44793
Feedback: 0.36049
Received=	0.42953
Feedback: 0.37209
Received=	0.056619
Feedback: 0.60722
Received=	-0.017243
Feedback: 0.65379
Received=	0.070413
Feedback: 0.59852
Received=	0.25795
Feedback: 0.48028
Received=	0.40921
Feedback: 0.38491
Received=	0.4003
Feedback: 0.39053
Received=	0.37803
Feedback: 0.40456
Received=	0.28056
Feedback: 0.46602
Received=	0.39438
Feedback: 0.39426
Received=	0.48002
Feedback: 0.34026
Received=	0.44165
Feedback: 0.36446
Received=	0.20078
Feedback: 0.51632
Received=	0.35792
Feedback: 0.41725
Received=	0.7197
Feedback: 0.18914
Received=	1.1255
Feedback: 0.1
Received=	1.0466
Feedback: 0.1
Received=	0.86299
Feedback: 0.1
Received=	0.65067
Feedback: 0.23266
Received=	0.56385
Feedback: 0.2874
Received=	0.50228
Feedback: 0.32622
Received=	0.53187
Feedback: 0.30757
Received=	0.63859
Feedback: 0.24028
Received=	0.45182
Feedback: 0.35804
Received=	0.35156
Feedback: 0.42126
Received=	0.079087
Feedback: 0.59305
Received=	0.14191
Feedback: 0.55344
Received=	0.24601
Feedback: 0.48781
Received=	0.58483
Feedback: 0.27418
Received=	0.67213
Feedback: 0.21913
Received=	0.73883
Feedback: 0.17708
Received=	0.68025
Feedback: 0.21401
Received=	0.61576
Feedback: 0.25468
Received=	0.3761
Feedback: 0.40578
Received=	0.60093
Feedback: 0.26402
Received=	0.65073
Feedback: 0.23263
Received=	0.3925
Feedback: 0.39544
Calculated range:	[(-2.000000) - (2.000000)]
Success index = (0.665903)
Received=	0.49392
=====  10:22:47 - BASE  ============
Feedback: 0.66
Received=	0.51541
Feedback: 0.66
Received=	0.49365
Feedback: 0.66
Received=	0.38068
Feedback: 0.66
Received=	0.096983
Feedback: 0.66
Received=	0.24549
Feedback: 0.66
Received=	0.48345
Feedback: 0.66
Received=	0.67585
Feedback: 0.66
Received=	0.74582
Feedback: 0.66
Received=	0.56644
Feedback: 0.66
Received=	0.44526
Feedback: 0.66
Received=	0.39292
Feedback: 0.66
Received=	0.45746
Feedback: 0.66
Received=	0.48099
Feedback: 0.66
Received=	0.38214
Feedback: 0.66
Received=	0.76528
Feedback: 0.66
Received=	0.62128
Feedback: 0.66
Received=	0.3069
Feedback: 0.66
Received=	0.29392
Feedback: 0.66
Received=	0.5272
Feedback: 0.66
Received=	0.50863
=====  10:23:47 - NF  ============
Feedback: 0.44914
Received=	0.42853
Feedback: 0.54154
Received=	0.3527
Feedback: 0.62902
Received=	0.29117
Feedback: 0.7
Received=	0.50703
Feedback: 0.45098
Received=	0.27153
Feedback: 0.72266
Received=	0.13153
Feedback: 0.88415
Received=	0.39706
Feedback: 0.57784
Received=	0.29957
Feedback: 0.69031
Received=	0.34546
Feedback: 0.63737
Received=	0.48672
Feedback: 0.47442
Received=	0.28675
Feedback: 0.70509
Received=	0.080435
Feedback: 0.9
Received=	0.049286
Feedback: 0.9
Received=	0.33157
Feedback: 0.6534
Received=	0.41511
Feedback: 0.55703
Received=	0.01765
Feedback: 0.9
Received=	-0.2253
Feedback: 0.9
Received=	-0.21115
Feedback: 0.9
Received=	-0.29852
Feedback: 0.9
Received=	-0.0076031
Feedback: 0.9
Received=	0.30762
Feedback: 0.68102
Received=	0.35662
Feedback: 0.62449
Received=	0.61614
Feedback: 0.32512
Received=	0.51262
Feedback: 0.44454
Received=	0.63265
Feedback: 0.30607
Received=	0.65109
Feedback: 0.2848
Received=	0.71296
Feedback: 0.21342
Received=	0.4825
Feedback: 0.47928
Received=	0.4571
Feedback: 0.50858
Received=	0.54034
Feedback: 0.41256
Received=	0.55655
Feedback: 0.39386
Received=	0.39522
Feedback: 0.57996
Received=	0.30261
Feedback: 0.6868
Received=	0.39261
Feedback: 0.58298
Received=	0.5488
Feedback: 0.4028
Received=	0.21896
Feedback: 0.7833
Received=	0.20727
Feedback: 0.79679
Received=	0.56593
Feedback: 0.38303
Received=	0.41431
Feedback: 0.55794
Received=	0.41603
Feedback: 0.55597
Received=	0.65542
Feedback: 0.2798
Received=	0.913
Feedback: 0.1
Received=	0.94318
Feedback: 0.1
Received=	0.80272
Feedback: 0.10987
Received=	0.5265
Feedback: 0.42852
Received=	0.50852
Feedback: 0.44926
Received=	0.59302
Feedback: 0.35179
Received=	0.5359
Feedback: 0.41768
Received=	0.54706
Feedback: 0.40481
Received=	0.35078
Feedback: 0.63123
Received=	0.17715
Feedback: 0.83153
Received=	0.2447
Feedback: 0.75361
Received=	0.25193
Feedback: 0.74527
Received=	0.35458
Feedback: 0.62685
Received=	0.42746
Feedback: 0.54278
Received=	0.11613
Feedback: 0.9
Received=	0.063372
Feedback: 0.9
Received=	-0.1575
Feedback: 0.9
Received=	0.0097471
Feedback: 0.9
Calculated range:	[(-2.000000) - (2.000000)]
Success index = (-0.435398)
Received=	0.068989
=====  10:26:47 - BASE  ============
Feedback: 0.66
Received=	0.092789
Feedback: 0.66
Received=	-0.030951
Feedback: 0.66
Received=	0.17057
Feedback: 0.66
Received=	0.15224
Feedback: 0.66
Received=	0.132
Feedback: 0.66
Received=	-0.044503
Feedback: 0.66
Received=	0.041327
Feedback: 0.66
Received=	-0.13039
Feedback: 0.66
Received=	0.056803
Feedback: 0.66
Received=	0.18687
Feedback: 0.66
Received=	0.30117
Feedback: 0.66
Received=	0.17952
Feedback: 0.66
Received=	-0.22812
Feedback: 0.66
Received=	-0.19181
Feedback: 0.66
Received=	0.35492
Feedback: 0.66
Received=	0.37514
Feedback: 0.66
Received=	0.092892
Feedback: 0.66
Received=	0.13981
Feedback: 0.66
Received=	0.21617
Feedback: 0.66
Received=	0.52216
=====  10:27:47 - NF  ============
Feedback: 0.1
Received=	0.37953
Feedback: 0.17493
Received=	0.30657
Feedback: 0.25933
Received=	0.44805
Feedback: 0.1
Received=	0.66632
Feedback: 0.1
Received=	0.66327
Feedback: 0.1
Received=	0.47312
Feedback: 0.1
Received=	0.34969
Feedback: 0.20945
Received=	0.058316
Feedback: 0.54653
Received=	0.29287
Feedback: 0.27519
Received=	0.35545
Feedback: 0.20279
Received=	0.34095
Feedback: 0.21957
Received=	0.19294
Feedback: 0.39079
Received=	0.11116
Feedback: 0.4854
Received=	0.1563
Feedback: 0.43318
Received=	0.10237
Feedback: 0.49556
Received=	0.12537
Feedback: 0.46896
Received=	0.33031
Feedback: 0.23187
Received=	0.20911
Feedback: 0.37209
Received=	0.19223
Feedback: 0.39161
Received=	0.23276
Feedback: 0.34472
Received=	0.15889
Feedback: 0.43018
Received=	0.22111
Feedback: 0.35821
Received=	0.044885
Feedback: 0.56207
Received=	-0.1099
Feedback: 0.74114
Received=	0.17297
Feedback: 0.41389
Received=	0.14211
Feedback: 0.44959
Received=	0.28517
Feedback: 0.28409
Received=	0.26821
Feedback: 0.30371
Received=	0.29338
Feedback: 0.2746
Received=	0.58219
Feedback: 0.1
Received=	0.25192
Feedback: 0.32256
Received=	-0.023587
Feedback: 0.64128
Received=	-0.0031268
Feedback: 0.61761
Received=	0.26781
Feedback: 0.30418
Received=	0.11345
Feedback: 0.48275
Received=	0.11387
Feedback: 0.48226
Received=	0.1587
Feedback: 0.4304
Received=	0.26513
Feedback: 0.30727
Received=	0.43961
Feedback: 0.10543
Received=	0.43205
Feedback: 0.11416
Received=	0.24276
Feedback: 0.33315
Received=	0.11669
Feedback: 0.479
Received=	0.10453
Feedback: 0.49306
Received=	0.037954
Feedback: 0.57009
Received=	-0.0027794
Feedback: 0.61721
Received=	0.22233
Feedback: 0.35679
Received=	0.33318
Feedback: 0.22855
Received=	0.17481
Feedback: 0.41176
Received=	-0.085945
Feedback: 0.71342
Received=	-0.19503
Feedback: 0.83962
Received=	0.0013855
Feedback: 0.61239
Received=	-0.23437
Feedback: 0.88513
Received=	-0.40774
Feedback: 0.9
Received=	-0.38596
Feedback: 0.9
Received=	-0.097337
Feedback: 0.7266
Received=	0.27963
Feedback: 0.2905
Received=	0.61193
Feedback: 0.1
Received=	0.63891
Feedback: 0.1
Received=	0.28774
Feedback: 0.28112
Calculated range:	[(-2.000000) - (2.000000)]
Success index = (0.485159)
Received=	0.17398
=====  10:30:47 - BASE  ============
Feedback: 0.66
Received=	0.2515
Feedback: 0.66
Received=	0.34586
Feedback: 0.66
Received=	0.33417
Feedback: 0.66
Received=	0.32951
Feedback: 0.66
Received=	0.25906
Feedback: 0.66
Received=	0.41145
Feedback: 0.66
Received=	0.56032
Feedback: 0.66
Received=	0.59341
Feedback: 0.66
Received=	0.38971
Feedback: 0.66
Received=	0.42772
Feedback: 0.66
Received=	0.57099
Feedback: 0.66
Received=	0.52556
Feedback: 0.66
Received=	0.28917
Feedback: 0.66
Received=	0.091601
Feedback: 0.66
Received=	0.76004
Feedback: 0.66
Received=	1.1493
Feedback: 0.66
Received=	1.0222
Feedback: 0.66
Received=	0.41023
Feedback: 0.66
Received=	-0.066548
Feedback: 0.66
Received=	0.057571
=====  10:31:47 - NF  ============
Feedback: 0.77895
Received=	0.25063
Feedback: 0.64737
Received=	0.070424
Feedback: 0.77019
Received=	0.15437
Feedback: 0.71298
Received=	0.23668
Feedback: 0.65688
Received=	0.28642
Feedback: 0.62298
Received=	0.40856
Feedback: 0.53974
Received=	0.44034
Feedback: 0.51808
Received=	0.3624
Feedback: 0.5712
Received=	0.51039
Feedback: 0.47035
Received=	0.49662
Feedback: 0.47973
Received=	0.13556
Feedback: 0.7258
Received=	0.35726
Feedback: 0.57471
Received=	0.72458
Feedback: 0.32437
Received=	0.51173
Feedback: 0.46943
Received=	0.2547
Feedback: 0.6446
Received=	0.30423
Feedback: 0.61084
Received=	0.35056
Feedback: 0.57927
Received=	0.41646
Feedback: 0.53436
Received=	0.18007
Feedback: 0.69546
Received=	-0.10701
Feedback: 0.89111
Received=	-0.074482
Feedback: 0.86894
Received=	0.21597
Feedback: 0.671
Received=	0.54114
Feedback: 0.44938
Received=	0.68204
Feedback: 0.35336
Received=	0.23725
Feedback: 0.65649
Received=	0.038264
Feedback: 0.7921
Received=	0.092418
Feedback: 0.7552
Received=	0.42393
Feedback: 0.52927
Received=	0.56978
Feedback: 0.42987
Received=	0.46945
Feedback: 0.49824
Received=	0.6243
Feedback: 0.39271
Received=	0.53963
Feedback: 0.45041
Received=	0.18061
Feedback: 0.6951
Received=	0.19644
Feedback: 0.68431
Received=	0.28851
Feedback: 0.62156
Received=	0.53612
Feedback: 0.45281
Received=	0.68763
Feedback: 0.34955
Received=	0.69141
Feedback: 0.34698
Received=	0.47867
Feedback: 0.49196
Received=	0.25148
Feedback: 0.64679
Received=	0.12347
Feedback: 0.73404
Received=	0.30011
Feedback: 0.61365
Received=	0.17391
Feedback: 0.69966
Received=	0.18451
Feedback: 0.69244
Received=	0.41117
Feedback: 0.53796
Received=	0.17606
Feedback: 0.69819
Received=	0.14412
Feedback: 0.71996
Received=	0.25376
Feedback: 0.64524
Received=	0.17086
Feedback: 0.70174
Received=	0.0062369
Feedback: 0.81393
Received=	0.059205
Feedback: 0.77783
Received=	-0.053825
Feedback: 0.85486
Received=	-0.11776
Feedback: 0.89843
Received=	0.13418
Feedback: 0.72674
Received=	0.074851
Feedback: 0.76717
Received=	0.25984
Feedback: 0.6411
Received=	0.33097
Feedback: 0.59262
Received=	0.23817
Feedback: 0.65586
Received=	0.12451
Feedback: 0.73333
Calculated range:	[(-2.000000) - (2.000000)]
Success index = (-0.801073)
closing...
