Direction=-1.000000	; step=1.000000;
Received=	0
Feedback: 0.66
Received=	0
Feedback: 0.66
Received=	0
Feedback: 0.66
Received=	0.14205
Feedback: 0.66
Received=	0.29521
Feedback: 0.66
Received=	0.33375
Feedback: 0.66
Received=	0.12285
Feedback: 0.66
Received=	0.13436
Feedback: 0.66
Received=	-0.13878
Feedback: 0.66
Received=	-0.23241
Feedback: 0.66
Received=	-0.11971
Feedback: 0.66
Received=	-0.026674
Feedback: 0.66
Received=	-0.035791
Feedback: 0.66
Received=	-0.071227
Feedback: 0.66
Received=	-0.0026073
Feedback: 0.66
Received=	-0.074967
Feedback: 0.66
Received=	0.094405
Feedback: 0.66
Received=	0.22969
Feedback: 0.66
Received=	0.23338
Feedback: 0.66
Received=	0.20041
Feedback: 0.66
Received=	0.13811
=====  12:12:57 - NF  ============
Feedback: 0.40352
Received=	-0.072258
Feedback: 0.6641
Received=	-0.13206
Feedback: 0.73817
Received=	-0.053768
Feedback: 0.64119
Received=	0.028857
Feedback: 0.53885
Received=	-0.22621
Feedback: 0.8548
Received=	-0.32617
Feedback: 0.9
Received=	-0.24396
Feedback: 0.87678
Received=	-0.20796
Feedback: 0.83219
Received=	-0.31462
Feedback: 0.9
Received=	-0.21657
Feedback: 0.84285
Received=	-0.20444
Feedback: 0.82783
Received=	-0.37222
Feedback: 0.9
Received=	-0.14139
Feedback: 0.74973
Received=	-0.21284
Feedback: 0.83824
Received=	-0.24229
Feedback: 0.87471
Received=	0.1605
Feedback: 0.37578
Received=	-0.089286
Feedback: 0.68519
Received=	-0.38533
Feedback: 0.9
Received=	-0.49298
Feedback: 0.9
Received=	-0.48692
Feedback: 0.9
Received=	-0.078942
Feedback: 0.67238
Received=	-0.30214
Feedback: 0.9
Received=	-0.29435
Feedback: 0.9
Received=	-0.28597
Feedback: 0.9
Received=	-0.11339
Feedback: 0.71505
Received=	-0.12678
Feedback: 0.73164
Received=	-0.21533
Feedback: 0.84132
Received=	-0.18311
Feedback: 0.80141
Received=	-0.19478
Feedback: 0.81586
Received=	-0.015315
Feedback: 0.59356
Received=	0.18664
Feedback: 0.3434
Received=	0.054307
Feedback: 0.50732
Received=	-0.28871
Feedback: 0.9
Received=	-0.28507
Feedback: 0.9
Received=	0.12223
Feedback: 0.42319
Received=	0.21662
Feedback: 0.30626
Received=	0.2213
Feedback: 0.30047
Received=	-0.1636
Feedback: 0.77724
Received=	-0.39753
Feedback: 0.9
Received=	-0.30211
Feedback: 0.9
Received=	-0.26203
Feedback: 0.89917
Received=	-0.58027
Feedback: 0.9
Received=	-0.19371
Feedback: 0.81454
Received=	-0.19538
Feedback: 0.81661
Received=	-0.4072
Feedback: 0.9
Received=	-0.18654
Feedback: 0.80566
Received=	-0.22598
Feedback: 0.85451
Received=	-0.073872
Feedback: 0.66609
Received=	-0.30064
Feedback: 0.9
Received=	-0.043802
Feedback: 0.62885
Received=	0.6475
Feedback: 0.1
Received=	0.46865
Feedback: 0.1
Received=	0.23601
Feedback: 0.28225
Received=	0.081668
Feedback: 0.47343
Received=	-0.0050523
Feedback: 0.58085
Received=	-0.0883
Feedback: 0.68397
Received=	-0.025191
Feedback: 0.60579
Received=	0.26233
Feedback: 0.24965
Received=	-0.043979
Feedback: 0.62907
Calculated range:	[(-2.000000) - (2.000000)]
Success index = (-0.865272)
Received=	-0.15369
=====  12:15:57 - BASE  ============
Feedback: 0.66
Received=	-0.24215
Feedback: 0.66
Received=	-0.061302
Feedback: 0.66
Received=	0.10023
Feedback: 0.66
Received=	0.19061
Feedback: 0.66
Received=	-0.12446
Feedback: 0.66
Received=	0.11791
Feedback: 0.66
Received=	0.034148
Feedback: 0.66
Received=	-0.13082
Feedback: 0.66
Received=	-0.24982
Feedback: 0.66
Received=	-0.33653
Feedback: 0.66
Received=	-0.14925
Feedback: 0.66
Received=	-0.24152
Feedback: 0.66
Received=	-0.39814
Feedback: 0.66
Received=	-0.4406
Feedback: 0.66
Received=	-0.37903
Feedback: 0.66
Received=	0.14647
Feedback: 0.66
Received=	0.30965
Feedback: 0.66
Received=	0.048442
Feedback: 0.66
Received=	-0.17969
Feedback: 0.66
Received=	0.040358
=====  12:16:57 - NF  ============
Feedback: 0.37604
Received=	0.24837
Feedback: 0.18815
Received=	0.38701
Feedback: 0.1
Received=	0.090589
Feedback: 0.33067
Received=	-0.051556
Feedback: 0.45907
Received=	0.15127
Feedback: 0.27586
Received=	0.0086402
Feedback: 0.40469
Received=	0.0059921
Feedback: 0.40709
Received=	0.084404
Feedback: 0.33626
Received=	0.03587
Feedback: 0.3801
Received=	-0.15453
Feedback: 0.55209
Received=	-0.017393
Feedback: 0.42821
Received=	0.048566
Feedback: 0.36863
Received=	-0.10878
Feedback: 0.51075
Received=	-0.20417
Feedback: 0.59691
Received=	-0.060226
Feedback: 0.4669
Received=	-0.15316
Feedback: 0.55084
Received=	0.068219
Feedback: 0.35088
Received=	0.17967
Feedback: 0.25021
Received=	0.046383
Feedback: 0.3706
Received=	-0.078013
Feedback: 0.48297
Received=	-0.20152
Feedback: 0.59452
Received=	0.081439
Feedback: 0.33894
Received=	0.1327
Feedback: 0.29264
Received=	-0.10187
Feedback: 0.50451
Received=	-0.25449
Feedback: 0.64237
Received=	-0.43039
Feedback: 0.80125
Received=	-0.35909
Feedback: 0.73685
Received=	-0.0051444
Feedback: 0.41715
Received=	0.29635
Feedback: 0.14482
Received=	0.27078
Feedback: 0.16791
Received=	0.052772
Feedback: 0.36483
Received=	-0.30198
Feedback: 0.68527
Received=	-0.28928
Feedback: 0.6738
Received=	-0.21528
Feedback: 0.60696
Received=	-0.11201
Feedback: 0.51368
Received=	-0.04823
Feedback: 0.45606
Received=	-0.11316
Feedback: 0.51471
Received=	-0.27922
Feedback: 0.66471
Received=	-0.16497
Feedback: 0.56151
Received=	-0.66124
Feedback: 0.9
Received=	-0.4974
Feedback: 0.86178
Received=	-0.030908
Feedback: 0.44042
Received=	0.20755
Feedback: 0.22502
Received=	0.18691
Feedback: 0.24366
Received=	-0.011566
Feedback: 0.42295
Received=	-0.31342
Feedback: 0.6956
Received=	-0.16806
Feedback: 0.5643
Received=	0.1086
Feedback: 0.3144
Received=	-0.34929
Feedback: 0.728
Received=	-0.38189
Feedback: 0.75745
Received=	-0.38978
Feedback: 0.76458
Received=	-0.27433
Feedback: 0.66029
Received=	0.0030379
Feedback: 0.40975
Received=	0.065042
Feedback: 0.35375
Received=	-0.048217
Feedback: 0.45605
Received=	-0.17959
Feedback: 0.57471
Received=	-0.21397
Feedback: 0.60577
Received=	-0.078613
Feedback: 0.48351
Received=	-0.26511
Feedback: 0.65197
Calculated range:	[(-2.000000) - (2.000000)]
Success index = (0.082426)
Received=	-0.65984
=====  12:19:57 - BASE  ============
Feedback: 0.66
Received=	-0.54099
Feedback: 0.66
Received=	-0.33771
Feedback: 0.66
Received=	-0.24622
Feedback: 0.66
Received=	-0.03385
Feedback: 0.66
Received=	0.1199
Feedback: 0.66
Received=	-0.11818
Feedback: 0.66
Received=	-0.15725
Feedback: 0.66
Received=	-0.2837
Feedback: 0.66
Received=	-0.29152
Feedback: 0.66
Received=	-0.25204
Feedback: 0.66
Received=	-0.27357
Feedback: 0.66
Received=	-0.14909
Feedback: 0.66
Received=	-0.17654
Feedback: 0.66
Received=	-0.29159
Feedback: 0.66
Received=	-0.082773
Feedback: 0.66
Received=	-0.0075327
Feedback: 0.66
Received=	-0.077453
Feedback: 0.66
Received=	0.061831
Feedback: 0.66
Received=	0.30441
Feedback: 0.66
Received=	0.49301
=====  12:20:57 - NF  ============
Feedback: 0.1
Received=	0.17256
Feedback: 0.1461
Received=	-0.13762
Feedback: 0.51207
Received=	-0.14615
Feedback: 0.52214
Received=	-0.088851
Feedback: 0.45454
Received=	-0.29867
Feedback: 0.70209
Received=	-0.19363
Feedback: 0.57817
Received=	-0.17702
Feedback: 0.55857
Received=	-0.0023107
Feedback: 0.35243
Received=	-0.046232
Feedback: 0.40425
Received=	-0.19515
Feedback: 0.57996
Received=	-0.26082
Feedback: 0.65744
Received=	-0.26713
Feedback: 0.66488
Received=	-0.12119
Feedback: 0.49269
Received=	-0.2482
Feedback: 0.64255
Received=	0.16385
Feedback: 0.15638
Received=	0.61303
Feedback: 0.1
Received=	0.44656
Feedback: 0.1
Received=	-0.00033731
Feedback: 0.3501
Received=	-0.33796
Feedback: 0.74846
Received=	-0.23814
Feedback: 0.63068
Received=	-0.25228
Feedback: 0.64737
Received=	-0.096581
Feedback: 0.46366
Received=	-0.20075
Feedback: 0.58656
Received=	-0.42035
Feedback: 0.84567
Received=	-0.42212
Feedback: 0.84776
Received=	-0.46315
Feedback: 0.89616
Received=	-0.23978
Feedback: 0.63262
Received=	-0.25823
Feedback: 0.65439
Received=	-0.23629
Feedback: 0.62849
Received=	-0.38425
Feedback: 0.80307
Received=	-0.25292
Feedback: 0.64812
Received=	-0.25854
Feedback: 0.65475
Received=	-0.288
Feedback: 0.68951
Received=	-0.22382
Feedback: 0.61378
Received=	-0.30586
Feedback: 0.71058
Received=	-0.06755
Feedback: 0.42941
Received=	-0.089803
Feedback: 0.45566
Received=	-0.27654
Feedback: 0.67599
Received=	-0.22301
Feedback: 0.61283
Received=	-0.28895
Feedback: 0.69063
Received=	-0.34723
Feedback: 0.75939
Received=	-0.47029
Feedback: 0.9
Received=	-0.27851
Feedback: 0.67831
Received=	-0.13322
Feedback: 0.50689
Received=	-0.36567
Feedback: 0.78115
Received=	-0.65035
Feedback: 0.9
Received=	-0.67304
Feedback: 0.9
Received=	-0.53293
Feedback: 0.9
Received=	-0.35621
Feedback: 0.76999
Received=	-0.20706
Feedback: 0.59401
Received=	-0.21185
Feedback: 0.59966
Received=	-0.054019
Feedback: 0.41344
Received=	-0.064765
Feedback: 0.42612
Received=	0.092091
Feedback: 0.24105
Received=	0.17629
Feedback: 0.1417
Received=	-0.13495
Feedback: 0.50893
Received=	0.11053
Feedback: 0.21929
Received=	-0.022031
Feedback: 0.3757
Received=	-0.28798
Feedback: 0.68948
Calculated range:	[(-2.000000) - (2.000000)]
Success index = (-0.216217)
Received=	-0.23699
=====  12:23:57 - BASE  ============
Feedback: 0.66
Received=	-0.13588
Feedback: 0.66
Received=	-0.18673
Feedback: 0.66
Received=	-0.48816
Feedback: 0.66
Received=	-0.2634
Feedback: 0.66
Received=	-0.093537
Feedback: 0.66
Received=	-0.27229
Feedback: 0.66
Received=	-0.43741
Feedback: 0.66
Received=	-0.20826
Feedback: 0.66
Received=	0.15593
Feedback: 0.66
Received=	0.062554
Feedback: 0.66
Received=	-0.24618
Feedback: 0.66
Received=	-0.084704
Feedback: 0.66
Received=	-0.22599
Feedback: 0.66
Received=	-0.43166
Feedback: 0.66
Received=	-0.45342
Feedback: 0.66
Received=	-0.44194
Feedback: 0.66
Received=	-0.39013
Feedback: 0.66
Received=	-0.5652
Feedback: 0.66
Received=	-0.31945
Feedback: 0.66
Received=	-0.00058401
=====  12:24:57 - NF  ============
Feedback: 0.22051
Received=	-0.0088352
Feedback: 0.22902
Received=	-0.36118
Feedback: 0.59229
Received=	-0.32636
Feedback: 0.55639
Received=	-0.177
Feedback: 0.4024
Received=	-0.12519
Feedback: 0.34898
Received=	-0.11674
Feedback: 0.34027
Received=	-0.19023
Feedback: 0.41604
Received=	-0.017725
Feedback: 0.23818
Received=	-0.078105
Feedback: 0.30044
Received=	-0.068625
Feedback: 0.29066
Received=	-0.16203
Feedback: 0.38696
Received=	-0.19724
Feedback: 0.42327
Received=	0.0078987
Feedback: 0.21177
Received=	0.45485
Feedback: 0.1
Received=	0.23292
Feedback: 0.1
Received=	-0.20726
Feedback: 0.4336
Received=	-0.26244
Feedback: 0.49049
Received=	-0.15397
Feedback: 0.37865
Received=	0.29467
Feedback: 0.1
Received=	0.56285
Feedback: 0.1
Received=	0.36803
Feedback: 0.1
Received=	0.11904
Feedback: 0.1
Received=	-0.18994
Feedback: 0.41574
Received=	-0.4011
Feedback: 0.63345
Received=	-0.62558
Feedback: 0.86489
Received=	-0.81866
Feedback: 0.9
Received=	-0.34294
Feedback: 0.57349
Received=	-0.17005
Feedback: 0.39523
Received=	0.1114
Feedback: 0.10505
Received=	0.20228
Feedback: 0.1
Received=	-0.02688
Feedback: 0.24762
Received=	-0.20078
Feedback: 0.42692
Received=	-0.37795
Feedback: 0.60958
Received=	-0.20793
Feedback: 0.43429
Received=	-0.18327
Feedback: 0.40886
Received=	-0.40732
Feedback: 0.63986
Received=	-0.35398
Feedback: 0.58487
Received=	-0.43617
Feedback: 0.66961
Received=	-0.52221
Feedback: 0.75831
Received=	-0.48535
Feedback: 0.72031
Received=	-0.31526
Feedback: 0.54495
Received=	-0.055318
Feedback: 0.27694
Received=	-0.01626
Feedback: 0.23667
Received=	0.11646
Feedback: 0.1
Received=	-0.038805
Feedback: 0.25992
Received=	-0.3165
Feedback: 0.54623
Received=	-0.098201
Feedback: 0.32116
Received=	0.10996
Feedback: 0.10654
Received=	0.084126
Feedback: 0.13317
Received=	0.0008405
Feedback: 0.21904
Received=	-0.20898
Feedback: 0.43536
Received=	-0.19448
Feedback: 0.42042
Received=	-0.30418
Feedback: 0.53352
Received=	-0.14846
Feedback: 0.37297
Received=	0.088382
Feedback: 0.12879
Received=	0.23434
Feedback: 0.1
Received=	0.076047
Feedback: 0.1415
Received=	-0.23758
Feedback: 0.46486
Received=	-0.25394
Feedback: 0.48173
Calculated range:	[(-2.000000) - (2.000000)]
Success index = (0.622704)
Received=	-0.17528
=====  12:27:57 - BASE  ============
Feedback: 0.66
Received=	-0.15534
Feedback: 0.66
Received=	-0.35995
Feedback: 0.66
Received=	-0.32064
Feedback: 0.66
Received=	-0.23175
Feedback: 0.66
Received=	-0.14857
Feedback: 0.66
Received=	-0.35328
Feedback: 0.66
Received=	-0.39643
Feedback: 0.66
Received=	-0.45403
Feedback: 0.66
Received=	-0.35896
Feedback: 0.66
Received=	-0.19252
Feedback: 0.66
Received=	-0.18896
Feedback: 0.66
Received=	-0.27967
Feedback: 0.66
Received=	-0.23085
Feedback: 0.66
Received=	0.01355
Feedback: 0.66
Received=	0.26261
Feedback: 0.66
Received=	-0.059955
Feedback: 0.66
Received=	-0.2826
Feedback: 0.66
Received=	-0.013203
Feedback: 0.66
Received=	0.40745
Feedback: 0.66
Received=	0.23195
=====  12:28:57 - NF  ============
Feedback: 0.14117
Received=	0.046724
Feedback: 0.30366
Received=	-0.042775
Feedback: 0.38217
Received=	-0.24727
Feedback: 0.56156
Received=	-0.23201
Feedback: 0.54817
Received=	-0.14041
Feedback: 0.46781
Received=	-0.31112
Feedback: 0.61757
Received=	-0.2791
Feedback: 0.58948
Received=	-0.29915
Feedback: 0.60707
Received=	-0.31916
Feedback: 0.62462
Received=	-0.28883
Feedback: 0.59801
Received=	-0.23928
Feedback: 0.55455
Received=	-0.3682
Feedback: 0.66764
Received=	-0.37869
Feedback: 0.67685
Received=	-0.35476
Feedback: 0.65585
Received=	-0.49122
Feedback: 0.77556
Received=	0.055298
Feedback: 0.29613
Received=	0.049902
Feedback: 0.30087
Received=	-0.11192
Feedback: 0.44282
Received=	-0.10806
Feedback: 0.43944
Received=	0.21933
Feedback: 0.15224
Received=	0.12348
Feedback: 0.23632
Received=	0.17399
Feedback: 0.19201
Received=	0.21568
Feedback: 0.15544
Received=	0.098909
Feedback: 0.25788
Received=	0.0057381
Feedback: 0.33961
Received=	0.0027081
Feedback: 0.34227
Received=	0.38482
Feedback: 0.1
Received=	0.31254
Feedback: 0.1
Received=	0.17919
Feedback: 0.18745
Received=	0.05441
Feedback: 0.29691
Received=	-0.027152
Feedback: 0.36846
Received=	-0.025969
Feedback: 0.36742
Received=	-0.093001
Feedback: 0.42623
Received=	-0.092314
Feedback: 0.42563
Received=	-0.10625
Feedback: 0.43785
Received=	-0.17156
Feedback: 0.49514
Received=	-0.08761
Feedback: 0.4215
Received=	-0.020583
Feedback: 0.3627
Received=	-0.093766
Feedback: 0.4269
Received=	-0.4204
Feedback: 0.71344
Received=	-0.40172
Feedback: 0.69705
Received=	-0.040596
Feedback: 0.38026
Received=	0.19452
Feedback: 0.17401
Received=	-0.031094
Feedback: 0.37192
Received=	-0.15861
Feedback: 0.48379
Received=	-0.15183
Feedback: 0.47784
Received=	-0.093177
Feedback: 0.42638
Received=	-0.32746
Feedback: 0.6319
Received=	-0.42836
Feedback: 0.72041
Received=	-0.074216
Feedback: 0.40975
Received=	-0.24761
Feedback: 0.56186
Received=	-0.43968
Feedback: 0.73035
Received=	-0.3801
Feedback: 0.67808
Received=	-0.15637
Feedback: 0.48182
Received=	0.12793
Feedback: 0.23242
Received=	0.046548
Feedback: 0.30381
Received=	-0.19491
Feedback: 0.51562
Received=	-0.21191
Feedback: 0.53054
Received=	0.049987
Feedback: 0.30079
Calculated range:	[(-2.000000) - (2.000000)]
Success index = (0.355448)
closing...
