Direction=-1.000000	; step=1.000000;
Received=	0
Feedback: 0.66
Received=	0
Feedback: 0.66
Received=	0
Feedback: 0.66
Received=	-1.04
Feedback: 0.66
Received=	-0.91566
Feedback: 0.66
Received=	-0.11298
Feedback: 0.66
Received=	-0.77646
Feedback: 0.66
Received=	-0.47585
Feedback: 0.66
Received=	-0.38538
Feedback: 0.66
Received=	-0.39335
Feedback: 0.66
Received=	-0.83115
Feedback: 0.66
Received=	-0.67446
Feedback: 0.66
Received=	-0.20463
Feedback: 0.66
Received=	0.19969
Feedback: 0.66
Received=	0.66892
Feedback: 0.66
Received=	0.80765
Feedback: 0.66
Received=	0.29517
Feedback: 0.66
Received=	-0.34294
Feedback: 0.66
Received=	-0.56666
Feedback: 0.66
Received=	-0.43399
Feedback: 0.66
Received=	-0.076565
=====  13:59:41 - NF  ============
Feedback: 0.41888
Received=	-0.088631
Feedback: 0.42351
Received=	0.19794
Feedback: 0.31351
Received=	0.45985
Feedback: 0.21297
Received=	0.61142
Feedback: 0.15479
Received=	0.48303
Feedback: 0.20407
Received=	0.16617
Feedback: 0.3257
Received=	0.086786
Feedback: 0.35618
Received=	0.035324
Feedback: 0.37593
Received=	-0.14106
Feedback: 0.44364
Received=	0.16339
Feedback: 0.32677
Received=	0.21974
Feedback: 0.30514
Received=	0.3777
Feedback: 0.24451
Received=	0.4394
Feedback: 0.22082
Received=	0.2228
Feedback: 0.30396
Received=	0.20775
Feedback: 0.30974
Received=	0.23535
Feedback: 0.29915
Received=	-0.050514
Feedback: 0.40888
Received=	-0.05955
Feedback: 0.41235
Received=	-0.12658
Feedback: 0.43808
Received=	0.1526
Feedback: 0.33091
Received=	0.30259
Feedback: 0.27334
Received=	0.088259
Feedback: 0.35561
Received=	0.061322
Feedback: 0.36595
Received=	0.18188
Feedback: 0.31967
Received=	0.21777
Feedback: 0.30589
Received=	0.36026
Feedback: 0.2512
Received=	0.4171
Feedback: 0.22938
Received=	0.3403
Feedback: 0.25886
Received=	0.51308
Feedback: 0.19254
Received=	0.65563
Feedback: 0.13782
Received=	0.75121
Feedback: 0.10113
Received=	0.59925
Feedback: 0.15946
Received=	0.55582
Feedback: 0.17613
Received=	0.2219
Feedback: 0.30431
Received=	0.060368
Feedback: 0.36632
Received=	0.25665
Feedback: 0.29097
Received=	0.34333
Feedback: 0.2577
Received=	0.33145
Feedback: 0.26226
Received=	0.35662
Feedback: 0.2526
Received=	0.092833
Feedback: 0.35385
Received=	0.13434
Feedback: 0.33792
Received=	0.36237
Feedback: 0.25039
Received=	0.49671
Feedback: 0.19882
Received=	0.44315
Feedback: 0.21938
Received=	0.50931
Feedback: 0.19398
Received=	0.74431
Feedback: 0.10378
Received=	0.69009
Feedback: 0.12459
Received=	0.57029
Feedback: 0.17058
Received=	0.42899
Feedback: 0.22482
Received=	0.22125
Feedback: 0.30456
Received=	0.4897
Feedback: 0.20151
Received=	0.56819
Feedback: 0.17138
Received=	0.37714
Feedback: 0.24472
Received=	0.25828
Feedback: 0.29035
Received=	0.077206
Feedback: 0.35985
Received=	0.18527
Feedback: 0.31837
Received=	0.38017
Feedback: 0.24356
Received=	0.55003
Feedback: 0.17836
Received=	0.57248
Feedback: 0.16974
Calculated range:	[(-2.000000) - (2.000000)]
Success index = (2.018061)
Received=	0.57094
=====  14:2:41 - BASE  ============
Feedback: 0.66
Received=	0.62846
Feedback: 0.66
Received=	0.57779
Feedback: 0.66
Received=	0.32394
Feedback: 0.66
Received=	0.54332
Feedback: 0.66
Received=	0.86638
Feedback: 0.66
Received=	0.85987
Feedback: 0.66
Received=	0.98101
Feedback: 0.66
Received=	0.63294
Feedback: 0.66
Received=	0.28226
Feedback: 0.66
Received=	0.13199
Feedback: 0.66
Received=	0.26896
Feedback: 0.66
Received=	0.19844
Feedback: 0.66
Received=	-0.012925
Feedback: 0.66
Received=	-0.35743
Feedback: 0.66
Received=	-0.31545
Feedback: 0.66
Received=	-0.63719
Feedback: 0.66
Received=	-0.46905
Feedback: 0.66
Received=	-0.02548
Feedback: 0.66
Received=	0.083971
Feedback: 0.66
Received=	0.28901
=====  14:3:41 - NF  ============
Feedback: 0.47017
Received=	0.51903
Feedback: 0.37283
Received=	0.71849
Feedback: 0.28843
Received=	0.51692
Feedback: 0.37373
Received=	0.52929
Feedback: 0.36849
Received=	0.59976
Feedback: 0.33867
Received=	0.4307
Feedback: 0.41021
Received=	0.3357
Feedback: 0.45041
Received=	0.3705
Feedback: 0.43569
Received=	0.52741
Feedback: 0.36929
Received=	0.58402
Feedback: 0.34533
Received=	0.2916
Feedback: 0.46908
Received=	0.17448
Feedback: 0.51864
Received=	0.33776
Feedback: 0.44954
Received=	0.27265
Feedback: 0.4771
Received=	0.10875
Feedback: 0.54645
Received=	0.18336
Feedback: 0.51488
Received=	0.33207
Feedback: 0.45195
Received=	0.478
Feedback: 0.3902
Received=	0.56996
Feedback: 0.35128
Received=	0.78317
Feedback: 0.26106
Received=	0.74558
Feedback: 0.27697
Received=	0.9004
Feedback: 0.21145
Received=	0.92961
Feedback: 0.19909
Received=	0.77222
Feedback: 0.26569
Received=	0.60084
Feedback: 0.33821
Received=	0.60438
Feedback: 0.33672
Received=	0.40286
Feedback: 0.422
Received=	0.25963
Feedback: 0.4826
Received=	0.21508
Feedback: 0.50146
Received=	0.50102
Feedback: 0.38046
Received=	0.59395
Feedback: 0.34113
Received=	0.70238
Feedback: 0.29525
Received=	0.72289
Feedback: 0.28657
Received=	0.59075
Feedback: 0.34248
Received=	0.62223
Feedback: 0.32916
Received=	0.63918
Feedback: 0.32199
Received=	0.60837
Feedback: 0.33503
Received=	0.67475
Feedback: 0.30694
Received=	0.4022
Feedback: 0.42227
Received=	0.50079
Feedback: 0.38055
Received=	0.24909
Feedback: 0.48706
Received=	0.077726
Feedback: 0.55958
Received=	0.47846
Feedback: 0.39
Received=	0.78895
Feedback: 0.25861
Received=	0.82621
Feedback: 0.24285
Received=	0.71064
Feedback: 0.29175
Received=	0.57009
Feedback: 0.35123
Received=	0.54133
Feedback: 0.3634
Received=	0.7802
Feedback: 0.26232
Received=	0.85476
Feedback: 0.23077
Received=	0.86415
Feedback: 0.22679
Received=	0.74776
Feedback: 0.27604
Received=	0.69559
Feedback: 0.29812
Received=	0.63991
Feedback: 0.32168
Received=	0.93423
Feedback: 0.19713
Received=	0.8715
Feedback: 0.22368
Received=	0.6809
Feedback: 0.30434
Received=	0.71341
Feedback: 0.29058
Received=	0.94898
Feedback: 0.19089
Calculated range:	[(-2.000000) - (2.000000)]
Success index = (1.241799)
Received=	1.0886
=====  14:6:41 - BASE  ============
Feedback: 0.66
Received=	1.1474
Feedback: 0.66
Received=	1.1802
Feedback: 0.66
Received=	0.9963
Feedback: 0.66
Received=	0.23089
Feedback: 0.66
Received=	0.022085
Feedback: 0.66
Received=	0.060582
Feedback: 0.66
Received=	-0.093619
Feedback: 0.66
Received=	0.11091
Feedback: 0.66
Received=	-0.02377
Feedback: 0.66
Received=	-0.18716
Feedback: 0.66
Received=	0.012393
Feedback: 0.66
Received=	0.29074
Feedback: 0.66
Received=	0.37926
Feedback: 0.66
Received=	0.64211
Feedback: 0.66
Received=	0.55741
Feedback: 0.66
Received=	0.2751
Feedback: 0.66
Received=	0.5171
Feedback: 0.66
Received=	1.0862
Feedback: 0.66
Received=	1.5128
Feedback: 0.66
Received=	1.6034
=====  14:7:41 - NF  ============
Feedback: 0.1
Received=	1.3503
Feedback: 0.12041
Received=	1.1505
Feedback: 0.20199
Received=	1.1772
Feedback: 0.19106
Received=	1.0999
Feedback: 0.22265
Received=	0.95534
Feedback: 0.28166
Received=	0.91978
Feedback: 0.29617
Received=	0.84235
Feedback: 0.32779
Received=	0.69038
Feedback: 0.38983
Received=	0.57167
Feedback: 0.43829
Received=	0.34875
Feedback: 0.52931
Received=	0.14112
Feedback: 0.61407
Received=	0.51641
Feedback: 0.46086
Received=	1.0102
Feedback: 0.25927
Received=	0.95628
Feedback: 0.28127
Received=	0.77093
Feedback: 0.35695
Received=	0.68727
Feedback: 0.3911
Received=	0.49549
Feedback: 0.4694
Received=	0.58369
Feedback: 0.43339
Received=	0.51924
Feedback: 0.4597
Received=	0.64222
Feedback: 0.40949
Received=	0.80125
Feedback: 0.34456
Received=	0.82484
Feedback: 0.33493
Received=	0.9047
Feedback: 0.30233
Received=	0.78799
Feedback: 0.34998
Received=	0.69077
Feedback: 0.38967
Received=	0.53333
Feedback: 0.45395
Received=	0.94683
Feedback: 0.28513
Received=	1.198
Feedback: 0.18259
Received=	1.1254
Feedback: 0.21221
Received=	1.0244
Feedback: 0.25345
Received=	0.6348
Feedback: 0.41252
Received=	0.62606
Feedback: 0.41609
Received=	0.76119
Feedback: 0.36092
Received=	0.91334
Feedback: 0.2988
Received=	0.80765
Feedback: 0.34195
Received=	0.67776
Feedback: 0.39498
Received=	0.74609
Feedback: 0.36709
Received=	0.53686
Feedback: 0.45251
Received=	0.29327
Feedback: 0.55196
Received=	0.37072
Feedback: 0.52034
Received=	0.47185
Feedback: 0.47905
Received=	0.76265
Feedback: 0.36032
Received=	1.1672
Feedback: 0.19517
Received=	1.3357
Feedback: 0.12636
Received=	1.3876
Feedback: 0.10518
Received=	1.1843
Feedback: 0.18818
Received=	1.042
Feedback: 0.24626
Received=	0.98447
Feedback: 0.26976
Received=	1.1771
Feedback: 0.19112
Received=	1.0977
Feedback: 0.22355
Received=	1.1576
Feedback: 0.19907
Received=	1.1716
Feedback: 0.19335
Received=	0.86802
Feedback: 0.3173
Received=	0.70863
Feedback: 0.38238
Received=	0.62853
Feedback: 0.41508
Received=	0.95178
Feedback: 0.28311
Received=	1.1679
Feedback: 0.19485
Received=	1.0018
Feedback: 0.26268
Received=	1.1038
Feedback: 0.22103
Calculated range:	[(-2.000000) - (2.000000)]
Success index = (1.286544)
Received=	1.0969
=====  14:10:41 - BASE  ============
Feedback: 0.66
Received=	1.0225
Feedback: 0.66
Received=	1.0107
Feedback: 0.66
Received=	0.93405
Feedback: 0.66
Received=	0.73772
Feedback: 0.66
Received=	0.80239
Feedback: 0.66
Received=	1.0508
Feedback: 0.66
Received=	1.7703
Feedback: 0.66
Received=	1.4953
Feedback: 0.66
Received=	0.47273
Feedback: 0.66
Received=	0.26472
Feedback: 0.66
Received=	0.5062
Feedback: 0.66
Received=	0.72141
Feedback: 0.66
Received=	0.6321
Feedback: 0.66
Received=	0.30216
Feedback: 0.66
Received=	0.20972
Feedback: 0.66
Received=	0.58343
Feedback: 0.66
Received=	0.82008
Feedback: 0.66
Received=	1.3778
Feedback: 0.66
Received=	1.6503
Feedback: 0.66
Received=	2.1186
=====  14:11:41 - NF  ============
Feedback: 0.1
Received=	1.5876
Feedback: 0.18563
Received=	0.93824
Feedback: 0.46326
Received=	1.0728
Feedback: 0.40574
Received=	1.2828
Feedback: 0.31595
Received=	1.0746
Feedback: 0.40497
Received=	1.0548
Feedback: 0.41344
Received=	1.0402
Feedback: 0.41967
Received=	0.79304
Feedback: 0.52535
Received=	0.79181
Feedback: 0.52587
Received=	1.5396
Feedback: 0.20613
Received=	1.591
Feedback: 0.18417
Received=	1.2206
Feedback: 0.34254
Received=	1.1283
Feedback: 0.38202
Received=	1.0196
Feedback: 0.42847
Received=	0.6341
Feedback: 0.59331
Received=	0.55119
Feedback: 0.62876
Received=	0.52168
Feedback: 0.64137
Received=	0.75463
Feedback: 0.54177
Received=	1.1485
Feedback: 0.37338
Received=	1.0456
Feedback: 0.41736
Received=	0.70559
Feedback: 0.56274
Received=	0.6805
Feedback: 0.57347
Received=	1.2268
Feedback: 0.33987
Received=	1.2834
Feedback: 0.31567
Received=	1.0951
Feedback: 0.39619
Received=	0.70141
Feedback: 0.56453
Received=	0.65547
Feedback: 0.58417
Received=	0.58346
Feedback: 0.61496
Received=	0.74766
Feedback: 0.54475
Received=	0.776
Feedback: 0.53263
Received=	0.58401
Feedback: 0.61472
Received=	0.65503
Feedback: 0.58436
Received=	0.63316
Feedback: 0.59371
Received=	0.62496
Feedback: 0.59721
Received=	0.66961
Feedback: 0.57812
Received=	0.92432
Feedback: 0.46922
Received=	1.2708
Feedback: 0.32108
Received=	1.2251
Feedback: 0.34059
Received=	1.2005
Feedback: 0.35112
Received=	0.90906
Feedback: 0.47574
Received=	0.90573
Feedback: 0.47717
Received=	0.83729
Feedback: 0.50643
Received=	0.93513
Feedback: 0.46459
Received=	1.2252
Feedback: 0.34055
Received=	1.3449
Feedback: 0.2894
Received=	1.2884
Feedback: 0.31354
Received=	0.84845
Feedback: 0.50166
Received=	0.47988
Feedback: 0.65925
Received=	0.62271
Feedback: 0.59818
Received=	1.0061
Feedback: 0.43424
Received=	0.62536
Feedback: 0.59704
Received=	0.60466
Feedback: 0.6059
Received=	0.50992
Feedback: 0.6464
Received=	0.71166
Feedback: 0.56014
Received=	0.89446
Feedback: 0.48198
Received=	0.84995
Feedback: 0.50101
Received=	0.59908
Feedback: 0.60828
Received=	0.78511
Feedback: 0.52874
Received=	0.91043
Feedback: 0.47516
Calculated range:	[(-2.000000) - (2.000000)]
Success index = (0.229474)
Received=	0.86702
=====  14:14:41 - BASE  ============
Feedback: 0.66
Received=	0.95397
Feedback: 0.66
Received=	0.90939
Feedback: 0.66
Received=	0.69497
Feedback: 0.66
Received=	0.86451
Feedback: 0.66
Received=	0.74892
Feedback: 0.66
Received=	0.52813
Feedback: 0.66
Received=	0.58787
Feedback: 0.66
Received=	0.71826
Feedback: 0.66
Received=	0.54812
Feedback: 0.66
Received=	0.53331
Feedback: 0.66
Received=	0.43577
Feedback: 0.66
Received=	0.55351
Feedback: 0.66
Received=	0.83175
Feedback: 0.66
Received=	1.3379
Feedback: 0.66
Received=	1.3029
Feedback: 0.66
Received=	0.44273
Feedback: 0.66
Received=	-0.11926
Feedback: 0.66
Received=	0.064761
Feedback: 0.66
Received=	0.12511
Feedback: 0.66
Received=	0.57622
=====  14:15:41 - NF  ============
Feedback: 0.52182
Received=	1.0148
Feedback: 0.28807
Received=	1.002
Feedback: 0.29488
Received=	0.87487
Feedback: 0.36264
Received=	0.88897
Feedback: 0.35512
Received=	1.0153
Feedback: 0.2878
Received=	1.0043
Feedback: 0.29365
Received=	0.97087
Feedback: 0.31147
Received=	0.8482
Feedback: 0.37685
Received=	0.61341
Feedback: 0.50199
Received=	0.50764
Feedback: 0.55837
Received=	0.35824
Feedback: 0.638
Received=	0.49888
Feedback: 0.56304
Received=	0.8564
Feedback: 0.37248
Received=	0.85431
Feedback: 0.37359
Received=	0.67669
Feedback: 0.46827
Received=	0.90165
Feedback: 0.34836
Received=	0.57166
Feedback: 0.52425
Received=	0.37638
Feedback: 0.62833
Received=	0.5031
Feedback: 0.56079
Received=	0.99854
Feedback: 0.29672
Received=	1.0778
Feedback: 0.25449
Received=	0.69426
Feedback: 0.4589
Received=	0.3911
Feedback: 0.62049
Received=	0.37959
Feedback: 0.62662
Received=	0.87576
Feedback: 0.36216
Received=	1.4912
Feedback: 0.1
Received=	1.8968
Feedback: 0.1
Received=	1.433
Feedback: 0.1
Received=	1.1636
Feedback: 0.20874
Received=	0.99428
Feedback: 0.29899
Received=	0.88379
Feedback: 0.35788
Received=	0.99595
Feedback: 0.2981
Received=	0.86063
Feedback: 0.37023
Received=	0.81925
Feedback: 0.39228
Received=	0.72456
Feedback: 0.44275
Received=	0.725
Feedback: 0.44252
Received=	1.2418
Feedback: 0.16706
Received=	1.2727
Feedback: 0.15057
Received=	0.93476
Feedback: 0.33071
Received=	0.80757
Feedback: 0.3985
Received=	0.78067
Feedback: 0.41285
Received=	0.58761
Feedback: 0.51574
Received=	0.46641
Feedback: 0.58035
Received=	0.77885
Feedback: 0.41381
Received=	1.2473
Feedback: 0.1641
Received=	1.2759
Feedback: 0.14891
Received=	1.0662
Feedback: 0.26066
Received=	0.79367
Feedback: 0.40592
Received=	0.64947
Feedback: 0.48277
Received=	0.45935
Feedback: 0.58411
Received=	0.23268
Feedback: 0.70493
Received=	0.46412
Feedback: 0.58156
Received=	0.63442
Feedback: 0.4908
Received=	0.44721
Feedback: 0.59058
Received=	0.65386
Feedback: 0.48043
Received=	0.92668
Feedback: 0.33502
Received=	0.91494
Feedback: 0.34128
Received=	0.76763
Feedback: 0.41979
Received=	0.7814
Feedback: 0.41245
Calculated range:	[(-2.000000) - (2.000000)]
Success index = (0.640536)
closing...
