Direction=-1.000000	; step=1.000000;
Received=	0
Feedback: 0.66
Received=	0
Feedback: 0.66
Received=	0
Feedback: 0.66
Received=	-0.11618
Feedback: 0.66
Received=	0.36038
Feedback: 0.66
Received=	0.51984
Feedback: 0.66
Received=	0.14874
Feedback: 0.66
Received=	-0.11597
Feedback: 0.66
Received=	-0.44318
Feedback: 0.66
Received=	-0.13409
Feedback: 0.66
Received=	-0.038149
Feedback: 0.66
Received=	-0.28936
Feedback: 0.66
Received=	-0.52083
Feedback: 0.66
Received=	-0.3386
Feedback: 0.66
Received=	-0.13098
Feedback: 0.66
Received=	0.11582
Feedback: 0.66
Received=	0.14112
Feedback: 0.66
Received=	-0.26205
Feedback: 0.66
Received=	-0.22607
Feedback: 0.66
Received=	-0.83152
Feedback: 0.66
Received=	-0.87595
=====  12:28:51 - NF  ============
Feedback: 0.9
Received=	-1.0757
Feedback: 0.9
Received=	-0.96083
Feedback: 0.9
Received=	-0.41799
Feedback: 0.68641
Received=	0.13069
Feedback: 0.34311
Received=	-0.04772
Feedback: 0.45474
Received=	-0.28482
Feedback: 0.60309
Received=	-0.22147
Feedback: 0.56345
Received=	0.080325
Feedback: 0.37462
Received=	0.11086
Feedback: 0.35551
Received=	0.20784
Feedback: 0.29483
Received=	0.33571
Feedback: 0.21483
Received=	0.049399
Feedback: 0.39397
Received=	0.18304
Feedback: 0.31035
Received=	0.15873
Feedback: 0.32556
Received=	-0.34503
Feedback: 0.64076
Received=	-0.72915
Feedback: 0.88111
Received=	-0.60908
Feedback: 0.80598
Received=	-0.60719
Feedback: 0.8048
Received=	-0.37346
Feedback: 0.65855
Received=	-0.044071
Feedback: 0.45245
Received=	0.057212
Feedback: 0.38908
Received=	0.28437
Feedback: 0.24695
Received=	0.18041
Feedback: 0.312
Received=	0.1578
Feedback: 0.32614
Received=	0.23067
Feedback: 0.28055
Received=	0.23561
Feedback: 0.27746
Received=	-0.17812
Feedback: 0.53633
Received=	-0.23176
Feedback: 0.56989
Received=	-0.031223
Feedback: 0.44441
Received=	0.17702
Feedback: 0.31412
Received=	0.10927
Feedback: 0.35651
Received=	-0.016741
Feedback: 0.43535
Received=	-0.17038
Feedback: 0.53149
Received=	-0.21938
Feedback: 0.56214
Received=	-0.48321
Feedback: 0.72722
Received=	-0.44316
Feedback: 0.70216
Received=	-0.67251
Feedback: 0.84567
Received=	-0.61075
Feedback: 0.80702
Received=	-0.26192
Feedback: 0.58876
Received=	0.2459
Feedback: 0.27102
Received=	0.13544
Feedback: 0.34013
Received=	0.19646
Feedback: 0.30195
Received=	0.10386
Feedback: 0.35989
Received=	0.030026
Feedback: 0.40609
Received=	0.15679
Feedback: 0.32677
Received=	0.11578
Feedback: 0.35243
Received=	-0.21591
Feedback: 0.55998
Received=	-0.12346
Feedback: 0.50213
Received=	0.22734
Feedback: 0.28263
Received=	0.14656
Feedback: 0.33318
Received=	-0.35379
Feedback: 0.64624
Received=	-0.33818
Feedback: 0.63648
Received=	-0.37968
Feedback: 0.66244
Received=	-0.24175
Feedback: 0.57614
Received=	-0.71597
Feedback: 0.87286
Received=	-1.1744
Feedback: 0.9
Received=	-1.5237
Feedback: 0.9
Received=	-1.2651
Feedback: 0.9
Received=	-0.46836
Feedback: 0.71793
Calculated range:	[(-2.000000) - (2.000000)]
Success index = (-0.225714)
Received=	-0.1221
=====  12:31:51 - BASE  ============
Feedback: 0.66
Received=	0.053947
Feedback: 0.66
Received=	0.18355
Feedback: 0.66
Received=	0.30621
Feedback: 0.66
Received=	0.096932
Feedback: 0.66
Received=	-0.1033
Feedback: 0.66
Received=	-0.1562
Feedback: 0.66
Received=	-0.35987
Feedback: 0.66
Received=	-0.69421
Feedback: 0.66
Received=	-0.44292
Feedback: 0.66
Received=	-0.50551
Feedback: 0.66
Received=	-0.41303
Feedback: 0.66
Received=	-0.35383
Feedback: 0.66
Received=	-0.43565
Feedback: 0.66
Received=	-0.51066
Feedback: 0.66
Received=	-0.36302
Feedback: 0.66
Received=	-0.34392
Feedback: 0.66
Received=	-0.38092
Feedback: 0.66
Received=	-0.40075
Feedback: 0.66
Received=	-0.19822
Feedback: 0.66
Received=	-0.060153
=====  12:32:51 - NF  ============
Feedback: 0.3291
Received=	0.018803
Feedback: 0.26826
Received=	0.18758
Feedback: 0.13822
Received=	0.21176
Feedback: 0.11959
Received=	-0.056492
Feedback: 0.32628
Received=	-0.238
Feedback: 0.46613
Received=	-0.013625
Feedback: 0.29325
Received=	0.24456
Feedback: 0.1
Received=	0.56567
Feedback: 0.1
Received=	0.48057
Feedback: 0.1
Received=	0.17041
Feedback: 0.15145
Received=	-0.11775
Feedback: 0.37348
Received=	0.010116
Feedback: 0.27496
Received=	0.090211
Feedback: 0.21324
Received=	0.22893
Feedback: 0.10636
Received=	0.23793
Feedback: 0.1
Received=	-0.16746
Feedback: 0.41178
Received=	0.054453
Feedback: 0.2408
Received=	0.047527
Feedback: 0.24613
Received=	0.16608
Feedback: 0.15479
Received=	0.38817
Feedback: 0.1
Received=	0.42736
Feedback: 0.1
Received=	0.11959
Feedback: 0.1906
Received=	-0.24141
Feedback: 0.46876
Received=	-0.40917
Feedback: 0.59802
Received=	-0.21854
Feedback: 0.45113
Received=	0.29252
Feedback: 0.1
Received=	0.2051
Feedback: 0.12472
Received=	-0.20587
Feedback: 0.44137
Received=	-0.47819
Feedback: 0.65119
Received=	-0.16724
Feedback: 0.4116
Received=	-0.18387
Feedback: 0.42442
Received=	-0.05036
Feedback: 0.32155
Received=	-0.057451
Feedback: 0.32702
Received=	-0.058944
Feedback: 0.32817
Received=	-0.31784
Feedback: 0.52764
Received=	0.032165
Feedback: 0.25797
Received=	-0.01027
Feedback: 0.29066
Received=	-0.20118
Feedback: 0.43776
Received=	0.21387
Feedback: 0.11796
Received=	-0.058603
Feedback: 0.3279
Received=	-0.35101
Feedback: 0.5532
Received=	-0.39323
Feedback: 0.58573
Received=	-0.38818
Feedback: 0.58184
Received=	-0.095674
Feedback: 0.35647
Received=	-0.078109
Feedback: 0.34293
Received=	-0.20614
Feedback: 0.44158
Received=	-0.36515
Feedback: 0.5641
Received=	-0.30268
Feedback: 0.51597
Received=	-0.2685
Feedback: 0.48962
Received=	-0.1028
Feedback: 0.36196
Received=	-0.09606
Feedback: 0.35676
Received=	0.14669
Feedback: 0.16973
Received=	0.23281
Feedback: 0.10337
Received=	0.39557
Feedback: 0.1
Received=	0.18576
Feedback: 0.13962
Received=	-0.052719
Feedback: 0.32337
Received=	-0.085595
Feedback: 0.3487
Received=	0.040522
Feedback: 0.25153
Received=	0.14314
Feedback: 0.17247
Calculated range:	[(-2.000000) - (2.000000)]
Success index = (1.120326)
Received=	0.18408
=====  12:35:51 - BASE  ============
Feedback: 0.66
Received=	0.10273
Feedback: 0.66
Received=	0.0099465
Feedback: 0.66
Received=	-0.045998
Feedback: 0.66
Received=	-0.41419
Feedback: 0.66
Received=	-0.41953
Feedback: 0.66
Received=	-0.30237
Feedback: 0.66
Received=	-0.29951
Feedback: 0.66
Received=	-0.4553
Feedback: 0.66
Received=	-0.62128
Feedback: 0.66
Received=	-0.58036
Feedback: 0.66
Received=	-0.58073
Feedback: 0.66
Received=	-0.62865
Feedback: 0.66
Received=	-0.48463
Feedback: 0.66
Received=	-0.41291
Feedback: 0.66
Received=	-0.29624
Feedback: 0.66
Received=	-0.015002
Feedback: 0.66
Received=	-0.10778
Feedback: 0.66
Received=	-0.21291
Feedback: 0.66
Received=	-0.12268
Feedback: 0.66
Received=	0.14998
=====  12:36:51 - NF  ============
Feedback: 0.1
Received=	-0.043976
Feedback: 0.22778
Received=	-0.035311
Feedback: 0.21961
Received=	-0.077991
Feedback: 0.25984
Received=	-0.051867
Feedback: 0.23521
Received=	0.06045
Feedback: 0.12935
Received=	-0.23251
Feedback: 0.40548
Received=	-0.27478
Feedback: 0.44533
Received=	-0.033955
Feedback: 0.21833
Received=	-0.23222
Feedback: 0.40521
Received=	-0.36499
Feedback: 0.53035
Received=	-0.015117
Feedback: 0.20057
Received=	0.30156
Feedback: 0.1
Received=	0.0032516
Feedback: 0.18326
Received=	0.0019871
Feedback: 0.18445
Received=	0.12421
Feedback: 0.1
Received=	-0.28975
Feedback: 0.45943
Received=	-0.47147
Feedback: 0.63072
Received=	-0.45703
Feedback: 0.61711
Received=	-0.15238
Feedback: 0.32996
Received=	0.26592
Feedback: 0.1
Received=	0.2466
Feedback: 0.1
Received=	0.23626
Feedback: 0.1
Received=	-0.037647
Feedback: 0.22181
Received=	0.013577
Feedback: 0.17353
Received=	0.41239
Feedback: 0.1
Received=	0.26901
Feedback: 0.1
Received=	-0.07198
Feedback: 0.25417
Received=	-0.28011
Feedback: 0.45035
Received=	-0.34754
Feedback: 0.51391
Received=	-0.38412
Feedback: 0.54839
Received=	-0.31666
Feedback: 0.4848
Received=	-0.35146
Feedback: 0.5176
Received=	-0.079422
Feedback: 0.26119
Received=	-0.05804
Feedback: 0.24103
Received=	0.016786
Feedback: 0.1705
Received=	-0.22423
Feedback: 0.39768
Received=	-0.45401
Feedback: 0.61426
Received=	-0.26872
Feedback: 0.43962
Received=	-0.028593
Feedback: 0.21328
Received=	0.084479
Feedback: 0.1067
Received=	0.34279
Feedback: 0.1
Received=	0.36952
Feedback: 0.1
Received=	-0.15968
Feedback: 0.33683
Received=	-0.2508
Feedback: 0.42272
Received=	0.072257
Feedback: 0.11822
Received=	0.35301
Feedback: 0.1
Received=	0.025575
Feedback: 0.16222
Received=	-0.40163
Feedback: 0.56489
Received=	-0.63825
Feedback: 0.78792
Received=	-0.28679
Feedback: 0.45664
Received=	0.08142
Feedback: 0.10958
Received=	0.024484
Feedback: 0.16325
Received=	-0.24553
Feedback: 0.41776
Received=	-0.24358
Feedback: 0.41592
Received=	0.019387
Feedback: 0.16805
Received=	-0.20832
Feedback: 0.38269
Received=	-0.48491
Feedback: 0.64339
Received=	-0.4628
Feedback: 0.62255
Received=	-0.4502
Feedback: 0.61067
Calculated range:	[(-2.000000) - (2.000000)]
Success index = (0.963722)
Received=	-0.37343
=====  12:39:51 - BASE  ============
Feedback: 0.66
Received=	0.0058391
Feedback: 0.66
Received=	0.20359
Feedback: 0.66
Received=	0.098134
Feedback: 0.66
Received=	0.21972
Feedback: 0.66
Received=	0.61725
Feedback: 0.66
Received=	0.81352
Feedback: 0.66
Received=	0.63745
Feedback: 0.66
Received=	0.54739
Feedback: 0.66
Received=	0.094532
Feedback: 0.66
Received=	-0.24615
Feedback: 0.66
Received=	0.02537
Feedback: 0.66
Received=	0.30631
Feedback: 0.66
Received=	0.29592
Feedback: 0.66
Received=	0.29042
Feedback: 0.66
Received=	-0.082676
Feedback: 0.66
Received=	-0.11347
Feedback: 0.66
Received=	-0.013755
Feedback: 0.66
Received=	0.0011879
Feedback: 0.66
Received=	0.06433
Feedback: 0.66
Received=	0.11861
=====  12:40:51 - NF  ============
Feedback: 0.56237
Received=	-0.028136
Feedback: 0.66381
Received=	0.023387
Feedback: 0.62819
Received=	-0.16863
Feedback: 0.76093
Received=	-0.016389
Feedback: 0.65569
Received=	0.21448
Feedback: 0.4961
Received=	-0.11577
Feedback: 0.72439
Received=	-0.16863
Feedback: 0.76093
Received=	-0.067452
Feedback: 0.69099
Received=	0.11135
Feedback: 0.56739
Received=	-0.41254
Feedback: 0.9
Received=	-0.75678
Feedback: 0.9
Received=	-0.44964
Feedback: 0.9
Received=	-0.11549
Feedback: 0.72419
Received=	0.21427
Feedback: 0.49624
Received=	0.1466
Feedback: 0.54302
Received=	-0.095279
Feedback: 0.71022
Received=	-0.01936
Feedback: 0.65774
Received=	0.1436
Feedback: 0.5451
Received=	0.069755
Feedback: 0.59614
Received=	-0.032033
Feedback: 0.6665
Received=	-0.42885
Feedback: 0.9
Received=	-0.058961
Feedback: 0.68512
Received=	-0.14165
Feedback: 0.74228
Received=	0.0309
Feedback: 0.623
Received=	-0.02242
Feedback: 0.65986
Received=	0.21265
Feedback: 0.49736
Received=	-0.05003
Feedback: 0.67894
Received=	-0.61044
Feedback: 0.9
Received=	-0.78998
Feedback: 0.9
Received=	-0.49198
Feedback: 0.9
Received=	-0.019643
Feedback: 0.65794
Received=	0.24032
Feedback: 0.47824
Received=	0.41067
Feedback: 0.36048
Received=	0.49765
Feedback: 0.30035
Received=	0.71024
Feedback: 0.1534
Received=	0.62802
Feedback: 0.21023
Received=	0.17656
Feedback: 0.52231
Received=	-0.0057672
Feedback: 0.64835
Received=	-0.036912
Feedback: 0.66988
Received=	-0.017644
Feedback: 0.65656
Received=	-0.14714
Feedback: 0.74607
Received=	0.19164
Feedback: 0.51189
Received=	0.16018
Feedback: 0.53363
Received=	-0.075407
Feedback: 0.69649
Received=	0.25769
Feedback: 0.46623
Received=	-0.061068
Feedback: 0.68657
Received=	-0.41141
Feedback: 0.9
Received=	-0.23367
Feedback: 0.80589
Received=	0.083453
Feedback: 0.58667
Received=	0.21395
Feedback: 0.49647
Received=	0.41163
Feedback: 0.35982
Received=	-0.076793
Feedback: 0.69744
Received=	0.014006
Feedback: 0.63468
Received=	0.4515
Feedback: 0.33226
Received=	-0.10826
Feedback: 0.7192
Received=	-0.42942
Feedback: 0.9
Received=	-0.30294
Feedback: 0.85377
Received=	-0.34666
Feedback: 0.884
Received=	-0.14619
Feedback: 0.74541
Calculated range:	[(-2.000000) - (2.000000)]
Success index = (-0.798707)
Received=	0.092168
=====  12:43:51 - BASE  ============
Feedback: 0.66
Received=	0.061178
Feedback: 0.66
Received=	0.50956
Feedback: 0.66
Received=	0.43999
Feedback: 0.66
Received=	-0.085389
Feedback: 0.66
Received=	-0.10863
Feedback: 0.66
Received=	0.13211
Feedback: 0.66
Received=	0.047159
Feedback: 0.66
Received=	0.032652
Feedback: 0.66
Received=	-0.032154
Feedback: 0.66
Received=	0.16179
Feedback: 0.66
Received=	-0.15665
Feedback: 0.66
Received=	-0.25609
Feedback: 0.66
Received=	-0.27191
Feedback: 0.66
Received=	-0.25205
Feedback: 0.66
Received=	-0.072765
Feedback: 0.66
Received=	-0.27699
Feedback: 0.66
Received=	-0.016828
Feedback: 0.66
Received=	0.12382
Feedback: 0.66
Received=	-0.40217
Feedback: 0.66
Received=	-0.82412
=====  12:44:51 - NF  ============
Feedback: 0.9
Received=	-0.64133
Feedback: 0.9
Received=	-0.67013
Feedback: 0.9
Received=	-0.314
Feedback: 0.73742
Received=	-0.2212
Feedback: 0.66067
Received=	-0.072581
Feedback: 0.53776
Received=	-0.20639
Feedback: 0.64843
Received=	-0.29846
Feedback: 0.72457
Received=	-0.58799
Feedback: 0.9
Received=	-0.50073
Feedback: 0.89185
Received=	-0.53525
Feedback: 0.9
Received=	-0.74671
Feedback: 0.9
Received=	-0.73863
Feedback: 0.9
Received=	-0.7355
Feedback: 0.9
Received=	-0.59661
Feedback: 0.9
Received=	-0.52209
Feedback: 0.9
Received=	-0.57153
Feedback: 0.9
Received=	-0.82904
Feedback: 0.9
Received=	-0.18624
Feedback: 0.63176
Received=	0.044025
Feedback: 0.44133
Received=	-0.14483
Feedback: 0.59751
Received=	-0.090288
Feedback: 0.55241
Received=	0.069622
Feedback: 0.42016
Received=	0.15716
Feedback: 0.34776
Received=	0.14955
Feedback: 0.35405
Received=	-0.095873
Feedback: 0.55703
Received=	0.021229
Feedback: 0.46018
Received=	-0.19453
Feedback: 0.63862
Received=	-0.53502
Feedback: 0.9
Received=	-0.71805
Feedback: 0.9
Received=	-0.96778
Feedback: 0.9
Received=	-1.2666
Feedback: 0.9
Received=	-1.5324
Feedback: 0.9
Received=	-1.1676
Feedback: 0.9
Received=	-1.0011
Feedback: 0.9
Received=	-0.95919
Feedback: 0.9
Received=	-0.845
Feedback: 0.9
Received=	-0.9049
Feedback: 0.9
Received=	-0.7511
Feedback: 0.9
Received=	-0.18567
Feedback: 0.63129
Received=	0.011404
Feedback: 0.4683
Received=	-0.12372
Feedback: 0.58006
Received=	-0.4573
Feedback: 0.85593
Received=	-0.25831
Feedback: 0.69137
Received=	0.28939
Feedback: 0.23841
Received=	-0.08587
Feedback: 0.54875
Received=	-0.32526
Feedback: 0.74673
Received=	-0.26421
Feedback: 0.69624
Received=	-0.26242
Feedback: 0.69476
Received=	-0.18776
Feedback: 0.63302
Received=	-0.44492
Feedback: 0.84569
Received=	-0.39422
Feedback: 0.80376
Received=	-0.20882
Feedback: 0.65044
Received=	-0.10551
Feedback: 0.565
Received=	-0.0080809
Feedback: 0.48442
Received=	-0.020295
Feedback: 0.49452
Received=	-0.43424
Feedback: 0.83686
Received=	-0.58848
Feedback: 0.9
Received=	-0.4538
Feedback: 0.85304
Received=	-0.40111
Feedback: 0.80946
Calculated range:	[(-2.144486) - (1.855514)]
Success index = (-1.144486)
closing...
