Direction=-1.000000	; step=1.000000;
Received=	0
Feedback: 0.66
Received=	0
Feedback: 0.66
Received=	0
Feedback: 0.66
Received=	-0.12567
Feedback: 0.66
Received=	0.23111
Feedback: 0.66
Received=	-0.058315
Feedback: 0.66
Received=	0.093878
Feedback: 0.66
Received=	0.15832
Feedback: 0.66
Received=	-0.13303
Feedback: 0.66
Received=	-0.17023
Feedback: 0.66
Received=	-0.32949
Feedback: 0.66
Received=	-0.43865
Feedback: 0.66
Received=	-0.25458
Feedback: 0.66
Received=	-0.29086
Feedback: 0.66
Received=	-0.0737
Feedback: 0.66
Received=	-0.16098
Feedback: 0.66
Received=	-0.13149
Feedback: 0.66
Received=	0.24897
Feedback: 0.66
Received=	0.28721
Feedback: 0.66
Received=	-0.20712
Feedback: 0.66
Received=	-0.28268
=====  11:56:19 - NF  ============
Feedback: 0.69916
Received=	-0.16239
Feedback: 0.58366
Received=	-0.081091
Feedback: 0.5056
Received=	-0.053251
Feedback: 0.47887
Received=	-0.31239
Feedback: 0.72768
Received=	-0.30878
Feedback: 0.72422
Received=	-0.34019
Feedback: 0.75438
Received=	-0.023898
Feedback: 0.45069
Received=	0.19603
Feedback: 0.23952
Received=	0.17032
Feedback: 0.2642
Received=	0.37858
Feedback: 0.1
Received=	-0.0053602
Feedback: 0.43289
Received=	-0.64903
Feedback: 0.9
Received=	-0.44601
Feedback: 0.85598
Received=	-0.39842
Feedback: 0.81028
Received=	-0.21721
Feedback: 0.63629
Received=	0.14407
Feedback: 0.28941
Received=	0.29857
Feedback: 0.14107
Received=	0.052461
Feedback: 0.37737
Received=	-0.011186
Feedback: 0.43848
Received=	-0.20795
Feedback: 0.6274
Received=	-0.42019
Feedback: 0.83119
Received=	-0.45834
Feedback: 0.86782
Received=	-0.10062
Feedback: 0.52435
Received=	-0.0085797
Feedback: 0.43598
Received=	-0.26391
Feedback: 0.68113
Received=	-0.25469
Feedback: 0.67228
Received=	-0.043618
Feedback: 0.46962
Received=	0.13135
Feedback: 0.30163
Received=	-0.1519
Feedback: 0.57359
Received=	-0.24589
Feedback: 0.66384
Received=	-0.12896
Feedback: 0.55156
Received=	-0.17706
Feedback: 0.59774
Received=	-0.1442
Feedback: 0.5662
Received=	0.20519
Feedback: 0.23073
Received=	0.0045651
Feedback: 0.42336
Received=	0.0092856
Feedback: 0.41883
Received=	0.35787
Feedback: 0.1
Received=	0.18007
Feedback: 0.25484
Received=	-0.21523
Feedback: 0.6344
Received=	-0.075598
Feedback: 0.50033
Received=	-0.23091
Feedback: 0.64945
Received=	-0.39137
Feedback: 0.80352
Received=	-0.43012
Feedback: 0.84072
Received=	-0.21386
Feedback: 0.63308
Received=	0.27
Feedback: 0.1685
Received=	0.31558
Feedback: 0.12473
Received=	-0.055256
Feedback: 0.4808
Received=	-0.31731
Feedback: 0.73241
Received=	-0.43695
Feedback: 0.84728
Received=	-0.17194
Feedback: 0.59283
Received=	0.11632
Feedback: 0.31606
Received=	0.00070314
Feedback: 0.42707
Received=	-0.17077
Feedback: 0.59171
Received=	-0.051586
Feedback: 0.47727
Received=	0.051683
Feedback: 0.37812
Received=	0.60611
Feedback: 0.1
Received=	0.32587
Feedback: 0.11485
Received=	0.044832
Feedback: 0.3847
Received=	-0.040376
Feedback: 0.46651
Calculated range:	[(-2.000000) - (2.000000)]
Success index = (-0.022584)
Received=	-0.24618
=====  11:59:19 - BASE  ============
Feedback: 0.66
Received=	-0.11485
Feedback: 0.66
Received=	0.17776
Feedback: 0.66
Received=	0.072446
Feedback: 0.66
Received=	-0.30837
Feedback: 0.66
Received=	-0.057451
Feedback: 0.66
Received=	-0.088096
Feedback: 0.66
Received=	-0.31928
Feedback: 0.66
Received=	0.042918
Feedback: 0.66
Received=	-0.12527
Feedback: 0.66
Received=	-0.37703
Feedback: 0.66
Received=	-0.51228
Feedback: 0.66
Received=	-0.3097
Feedback: 0.66
Received=	0.034103
Feedback: 0.66
Received=	-0.17011
Feedback: 0.66
Received=	-0.18251
Feedback: 0.66
Received=	-0.22743
Feedback: 0.66
Received=	-0.28743
Feedback: 0.66
Received=	-0.028743
Feedback: 0.66
Received=	0.44526
Feedback: 0.66
Received=	0.60641
=====  12:0:19 - NF  ============
Feedback: 0.1
Received=	0.37329
Feedback: 0.1
Received=	0.13109
Feedback: 0.27702
Received=	-0.033884
Feedback: 0.42156
Received=	-0.025866
Feedback: 0.41454
Received=	-0.11825
Feedback: 0.49549
Received=	-0.044872
Feedback: 0.43119
Received=	0.13674
Feedback: 0.27206
Received=	0.089448
Feedback: 0.3135
Received=	-0.29085
Feedback: 0.64673
Received=	-0.26982
Feedback: 0.6283
Received=	-0.051216
Feedback: 0.43675
Received=	-0.032406
Feedback: 0.42027
Received=	-0.19253
Feedback: 0.56057
Received=	-0.51464
Feedback: 0.84281
Received=	-0.41707
Feedback: 0.75732
Received=	-0.030348
Feedback: 0.41847
Received=	0.19925
Feedback: 0.21729
Received=	0.38586
Feedback: 0.1
Received=	0.12128
Feedback: 0.28561
Received=	-0.097772
Feedback: 0.47754
Received=	-0.2472
Feedback: 0.60847
Received=	0.031324
Feedback: 0.36443
Received=	-0.14092
Feedback: 0.51535
Received=	-0.22456
Feedback: 0.58864
Received=	0.13817
Feedback: 0.27081
Received=	-0.0056489
Feedback: 0.39682
Received=	-0.19709
Feedback: 0.56456
Received=	-0.069252
Feedback: 0.45255
Received=	-0.078634
Feedback: 0.46077
Received=	0.075856
Feedback: 0.32541
Received=	0.085951
Feedback: 0.31656
Received=	-0.29603
Feedback: 0.65126
Received=	-0.2342
Feedback: 0.59709
Received=	0.85245
Feedback: 0.1
Received=	2.414
Feedback: 0.1
Received=	2.4268
Feedback: 0.1
Received=	1.2344
Feedback: 0.1
Received=	-0.028622
Feedback: 0.41695
Received=	-0.11677
Feedback: 0.49419
Received=	0.28191
Feedback: 0.14486
Received=	0.4297
Feedback: 0.1
Received=	0.38043
Feedback: 0.1
Received=	0.1099
Feedback: 0.29558
Received=	-0.21414
Feedback: 0.57951
Received=	-0.00065044
Feedback: 0.39245
Received=	-0.21421
Feedback: 0.57957
Received=	0.038432
Feedback: 0.3582
Received=	-0.0045021
Feedback: 0.39582
Received=	0.31612
Feedback: 0.11488
Received=	0.3667
Feedback: 0.1
Received=	0.10761
Feedback: 0.29759
Received=	-0.00069328
Feedback: 0.39248
Received=	0.23466
Feedback: 0.18626
Received=	0.59601
Feedback: 0.1
Received=	0.49999
Feedback: 0.1
Received=	0.21131
Feedback: 0.20672
Received=	0.32865
Feedback: 0.10391
Received=	0.3032
Feedback: 0.1262
Received=	0.1065
Feedback: 0.29855
Calculated range:	[(-2.000000) - (2.000000)]
Success index = (0.619432)
Received=	0.023482
=====  12:3:19 - BASE  ============
Feedback: 0.66
Received=	0.0089955
Feedback: 0.66
Received=	0.18827
Feedback: 0.66
Received=	0.24938
Feedback: 0.66
Received=	0.24731
Feedback: 0.66
Received=	-0.26567
Feedback: 0.66
Received=	-0.12712
Feedback: 0.66
Received=	-0.061505
Feedback: 0.66
Received=	-0.25506
Feedback: 0.66
Received=	-0.50219
Feedback: 0.66
Received=	-0.12889
Feedback: 0.66
Received=	-0.14667
Feedback: 0.66
Received=	-0.18938
Feedback: 0.66
Received=	0.0023343
Feedback: 0.66
Received=	-0.10988
Feedback: 0.66
Received=	0.18295
Feedback: 0.66
Received=	0.27105
Feedback: 0.66
Received=	0.03233
Feedback: 0.66
Received=	-0.18291
Feedback: 0.66
Received=	-0.37346
Feedback: 0.66
Received=	-0.19052
=====  12:4:19 - NF  ============
Feedback: 0.61182
Received=	-0.0078555
Feedback: 0.44916
Received=	-0.099055
Feedback: 0.53037
Received=	-0.1157
Feedback: 0.54519
Received=	-0.10001
Feedback: 0.53122
Received=	-0.17821
Feedback: 0.60085
Received=	-0.0011449
Feedback: 0.44318
Received=	0.030868
Feedback: 0.41468
Received=	0.19674
Feedback: 0.26698
Received=	0.033852
Feedback: 0.41202
Received=	-0.41763
Feedback: 0.81404
Received=	-0.3866
Feedback: 0.78641
Received=	-0.076052
Feedback: 0.50988
Received=	-0.094616
Feedback: 0.52642
Received=	-0.26398
Feedback: 0.67723
Received=	-0.27097
Feedback: 0.68345
Received=	-0.30991
Feedback: 0.71813
Received=	-0.14155
Feedback: 0.5682
Received=	-0.10265
Feedback: 0.53357
Received=	0.0013738
Feedback: 0.44094
Received=	0.16604
Feedback: 0.29431
Received=	-0.13743
Feedback: 0.56454
Received=	-0.32024
Feedback: 0.72733
Received=	-0.39446
Feedback: 0.79341
Received=	-0.1763
Feedback: 0.59915
Received=	-0.21314
Feedback: 0.63196
Received=	0.010582
Feedback: 0.43274
Received=	-0.036852
Feedback: 0.47498
Received=	-0.26899
Feedback: 0.68169
Received=	-0.24164
Feedback: 0.65733
Received=	0.41008
Feedback: 0.1
Received=	0.15678
Feedback: 0.30256
Received=	-0.034597
Feedback: 0.47297
Received=	-0.02835
Feedback: 0.46741
Received=	0.0066779
Feedback: 0.43622
Received=	-0.14887
Feedback: 0.57473
Received=	-0.13743
Feedback: 0.56454
Received=	-0.19817
Feedback: 0.61863
Received=	-0.37538
Feedback: 0.77642
Received=	-0.32176
Feedback: 0.72868
Received=	-0.47606
Feedback: 0.86607
Received=	-0.12739
Feedback: 0.55559
Received=	-0.049822
Feedback: 0.48653
Received=	-0.14062
Feedback: 0.56738
Received=	-0.12701
Feedback: 0.55526
Received=	-0.16772
Feedback: 0.59151
Received=	-0.1173
Feedback: 0.54661
Received=	-0.07634
Feedback: 0.51014
Received=	0.0020949
Feedback: 0.4403
Received=	-0.16045
Feedback: 0.58504
Received=	-0.17881
Feedback: 0.60139
Received=	-0.19737
Feedback: 0.61792
Received=	-0.35509
Feedback: 0.75835
Received=	-0.31061
Feedback: 0.71875
Received=	-0.35061
Feedback: 0.75437
Received=	-0.29068
Feedback: 0.701
Received=	-0.24713
Feedback: 0.66222
Received=	0.099019
Feedback: 0.35399
Received=	0.10293
Feedback: 0.35051
Received=	-0.025566
Feedback: 0.46493
Calculated range:	[(-2.000000) - (2.000000)]
Success index = (-0.375320)
Received=	-0.40155
=====  12:7:19 - BASE  ============
Feedback: 0.66
Received=	-0.21403
Feedback: 0.66
Received=	-0.19385
Feedback: 0.66
Received=	-0.36577
Feedback: 0.66
Received=	-0.052948
Feedback: 0.66
Received=	0.1682
Feedback: 0.66
Received=	0.14052
Feedback: 0.66
Received=	-0.022706
Feedback: 0.66
Received=	0.003568
Feedback: 0.66
Received=	0.11369
Feedback: 0.66
Received=	-0.1178
Feedback: 0.66
Received=	-0.29655
Feedback: 0.66
Received=	0.0024665
Feedback: 0.66
Received=	0.2111
Feedback: 0.66
Received=	-0.05261
Feedback: 0.66
Received=	-0.19412
Feedback: 0.66
Received=	-0.14082
Feedback: 0.66
Received=	-0.56435
Feedback: 0.66
Received=	-0.75008
Feedback: 0.66
Received=	-0.49976
Feedback: 0.66
Received=	0.049355
=====  12:8:19 - NF  ============
Feedback: 0.35326
Received=	0.15056
Feedback: 0.27689
Received=	-0.16347
Feedback: 0.51386
Received=	-0.43018
Feedback: 0.71512
Received=	-0.37936
Feedback: 0.67677
Received=	-0.4009
Feedback: 0.69302
Received=	-0.31452
Feedback: 0.62784
Received=	-0.19321
Feedback: 0.5363
Received=	0.17684
Feedback: 0.25706
Received=	0.23166
Feedback: 0.2157
Received=	-0.079953
Feedback: 0.45084
Received=	0.18438
Feedback: 0.25137
Received=	0.24017
Feedback: 0.20928
Received=	0.055957
Feedback: 0.34828
Received=	-0.045436
Feedback: 0.42479
Received=	-0.40882
Feedback: 0.699
Received=	-0.12682
Feedback: 0.4862
Received=	-0.38456
Feedback: 0.6807
Received=	-0.46041
Feedback: 0.73793
Received=	-0.41946
Feedback: 0.70703
Received=	-0.077161
Feedback: 0.44873
Received=	-0.091255
Feedback: 0.45937
Received=	-0.24031
Feedback: 0.57184
Received=	-0.46008
Feedback: 0.73768
Received=	-0.32529
Feedback: 0.63597
Received=	-0.06243
Feedback: 0.43762
Received=	-0.3227
Feedback: 0.63402
Received=	-0.13371
Feedback: 0.49141
Received=	-0.19773
Feedback: 0.53972
Received=	-0.60476
Feedback: 0.84686
Received=	-0.64958
Feedback: 0.88068
Received=	-0.14054
Feedback: 0.49656
Received=	-0.29146
Feedback: 0.61044
Received=	-0.37496
Feedback: 0.67345
Received=	-0.095511
Feedback: 0.46258
Received=	0.26915
Feedback: 0.18741
Received=	-0.0036494
Feedback: 0.39326
Received=	-0.375
Feedback: 0.67348
Received=	-0.5969
Feedback: 0.84093
Received=	-0.59737
Feedback: 0.84128
Received=	-0.32856
Feedback: 0.63843
Received=	-0.50651
Feedback: 0.77272
Received=	-0.48668
Feedback: 0.75775
Received=	-0.52182
Feedback: 0.78427
Received=	0.064785
Feedback: 0.34162
Received=	0.19914
Feedback: 0.24024
Received=	-0.10957
Feedback: 0.47319
Received=	-0.096224
Feedback: 0.46312
Received=	-0.26034
Feedback: 0.58696
Received=	-0.15451
Feedback: 0.5071
Received=	-0.24654
Feedback: 0.57655
Received=	-0.31875
Feedback: 0.63104
Received=	-0.095408
Feedback: 0.4625
Received=	-0.28068
Feedback: 0.60231
Received=	-0.034354
Feedback: 0.41643
Received=	0.17078
Feedback: 0.26164
Received=	0.18817
Feedback: 0.24851
Received=	0.0016229
Feedback: 0.38928
Received=	-0.17388
Feedback: 0.52172
Received=	-0.22612
Feedback: 0.56114
Calculated range:	[(-2.000000) - (2.000000)]
Success index = (-0.176086)
Received=	-0.28713
=====  12:11:19 - BASE  ============
Feedback: 0.66
Received=	-0.2169
Feedback: 0.66
Received=	-0.35351
Feedback: 0.66
Received=	0.091381
Feedback: 0.66
Received=	-0.17139
Feedback: 0.66
Received=	-0.31376
Feedback: 0.66
Received=	0.10828
Feedback: 0.66
Received=	0.060079
Feedback: 0.66
Received=	-0.32904
Feedback: 0.66
Received=	-0.46257
Feedback: 0.66
Received=	-0.44077
Feedback: 0.66
Received=	-0.15132
Feedback: 0.66
Received=	0.048285
Feedback: 0.66
Received=	-0.053164
Feedback: 0.66
Received=	-0.076998
Feedback: 0.66
Received=	-0.21717
Feedback: 0.66
Received=	0.044159
Feedback: 0.66
Received=	0.17025
Feedback: 0.66
Received=	0.027272
Feedback: 0.66
Received=	-0.038761
Feedback: 0.66
Received=	0.0090379
=====  12:12:19 - NF  ============
Feedback: 0.37584
Received=	-0.25586
Feedback: 0.64234
Received=	-0.28712
Feedback: 0.67379
Received=	-0.23517
Feedback: 0.62152
Received=	-0.32031
Feedback: 0.70718
Received=	-0.2095
Feedback: 0.5957
Received=	-0.080177
Feedback: 0.4656
Received=	0.12657
Feedback: 0.2576
Received=	0.18569
Feedback: 0.19812
Received=	0.15415
Feedback: 0.22985
Received=	0.20749
Feedback: 0.17619
Received=	0.2161
Feedback: 0.16752
Received=	-0.021768
Feedback: 0.40683
Received=	-0.047063
Feedback: 0.43228
Received=	-0.31985
Feedback: 0.70671
Received=	-0.1855
Feedback: 0.57155
Received=	0.121
Feedback: 0.2632
Received=	0.18173
Feedback: 0.2021
Received=	-0.37281
Feedback: 0.76
Received=	-0.24815
Feedback: 0.63458
Received=	-0.27201
Feedback: 0.65859
Received=	-0.27072
Feedback: 0.65729
Received=	0.049266
Feedback: 0.33537
Received=	0.22379
Feedback: 0.15979
Received=	-0.0080087
Feedback: 0.39299
Received=	-0.17267
Feedback: 0.55864
Received=	-0.25682
Feedback: 0.6433
Received=	-0.19974
Feedback: 0.58588
Received=	0.33647
Feedback: 0.1
Received=	0.76761
Feedback: 0.1
Received=	0.11012
Feedback: 0.27415
Received=	-0.15876
Feedback: 0.54466
Received=	0.040185
Feedback: 0.34451
Received=	0.14804
Feedback: 0.236
Received=	-0.189
Feedback: 0.57508
Received=	-0.21578
Feedback: 0.60202
Received=	-0.41163
Feedback: 0.79905
Received=	-0.29909
Feedback: 0.68583
Received=	0.26102
Feedback: 0.12233
Received=	0.29567
Feedback: 0.1
Received=	-0.2342
Feedback: 0.62055
Received=	-0.42968
Feedback: 0.81721
Received=	-0.24961
Feedback: 0.63605
Received=	-0.22597
Feedback: 0.61227
Received=	-0.25422
Feedback: 0.64069
Received=	-0.24891
Feedback: 0.63535
Received=	-0.34301
Feedback: 0.73001
Received=	-0.35973
Feedback: 0.74684
Received=	-0.088575
Feedback: 0.47404
Received=	-0.26783
Feedback: 0.65439
Received=	-0.020675
Feedback: 0.40573
Received=	0.17026
Feedback: 0.21365
Received=	0.12274
Feedback: 0.26145
Received=	-0.074922
Feedback: 0.46031
Received=	0.069705
Feedback: 0.31481
Received=	0.097507
Feedback: 0.28684
Received=	-0.22285
Feedback: 0.60913
Received=	-0.31217
Feedback: 0.69899
Received=	-0.29891
Feedback: 0.68565
Received=	0.092053
Feedback: 0.29232
Calculated range:	[(-2.000000) - (2.000000)]
Success index = (0.160403)
closing...
