Direction=-1.000000	; step=1.000000;
Received=	0
Feedback: 0.66
Received=	0
Feedback: 0.66
Received=	0
Feedback: 0.66
Received=	0.80971
Feedback: 0.66
Received=	-0.39586
Feedback: 0.66
Received=	-0.051535
Feedback: 0.66
Received=	-0.19296
Feedback: 0.66
Received=	-0.20253
Feedback: 0.66
Received=	0.14289
Feedback: 0.66
Received=	-0.48997
Feedback: 0.66
Received=	-0.30789
Feedback: 0.66
Received=	-0.19582
Feedback: 0.66
Received=	-0.23847
Feedback: 0.66
Received=	-0.42099
Feedback: 0.66
Received=	-0.056187
Feedback: 0.66
Received=	0.022842
Feedback: 0.66
Received=	0.037022
Feedback: 0.66
Received=	-0.0022931
Feedback: 0.66
Received=	-0.16067
Feedback: 0.66
Received=	-0.17547
Feedback: 0.66
Received=	0.35925
=====  12:53:21 - NF  ============
Feedback: 0.17536
Received=	0.45431
Feedback: 0.10879
Received=	-0.077935
Feedback: 0.48151
Received=	-0.60827
Feedback: 0.85289
Received=	-0.67352
Feedback: 0.89858
Received=	-0.58695
Feedback: 0.83796
Received=	-0.45427
Feedback: 0.74505
Received=	-0.33138
Feedback: 0.65899
Received=	-0.28476
Feedback: 0.62634
Received=	-0.12297
Feedback: 0.51304
Received=	-0.27565
Feedback: 0.61996
Received=	-0.35843
Feedback: 0.67793
Received=	-0.39785
Feedback: 0.70554
Received=	-0.40687
Feedback: 0.71185
Received=	-0.43912
Feedback: 0.73443
Received=	-0.36013
Feedback: 0.67912
Received=	-0.36025
Feedback: 0.67921
Received=	-0.36726
Feedback: 0.68412
Received=	-0.51827
Feedback: 0.78986
Received=	-0.68797
Feedback: 0.9
Received=	-0.84538
Feedback: 0.9
Received=	-0.83063
Feedback: 0.9
Received=	-0.88267
Feedback: 0.9
Received=	-0.86248
Feedback: 0.9
Received=	-0.94461
Feedback: 0.9
Received=	-0.86276
Feedback: 0.9
Received=	-0.65745
Feedback: 0.88732
Received=	-0.54447
Feedback: 0.80821
Received=	-0.23481
Feedback: 0.59136
Received=	-0.44803
Feedback: 0.74068
Received=	-0.32105
Feedback: 0.65175
Received=	-0.04518
Feedback: 0.45857
Received=	-0.14856
Feedback: 0.53096
Received=	-0.45064
Feedback: 0.7425
Received=	-0.51845
Feedback: 0.78999
Received=	-0.49248
Feedback: 0.7718
Received=	-0.33513
Feedback: 0.66162
Received=	-0.3986
Feedback: 0.70606
Received=	-0.45698
Feedback: 0.74695
Received=	-0.49101
Feedback: 0.77077
Received=	-0.64551
Feedback: 0.87896
Received=	-0.47738
Feedback: 0.76123
Received=	-0.52747
Feedback: 0.7963
Received=	-0.45846
Feedback: 0.74798
Received=	-0.23623
Feedback: 0.59236
Received=	-0.22362
Feedback: 0.58352
Received=	0.034197
Feedback: 0.40298
Received=	-0.15419
Feedback: 0.53491
Received=	-0.48579
Feedback: 0.76712
Received=	-0.67229
Feedback: 0.89772
Received=	-0.55985
Feedback: 0.81898
Received=	-0.45611
Feedback: 0.74633
Received=	-0.31185
Feedback: 0.64531
Received=	-0.51077
Feedback: 0.78461
Received=	-0.83733
Feedback: 0.9
Received=	-0.78764
Feedback: 0.9
Received=	-0.62196
Feedback: 0.86248
Received=	-0.40287
Feedback: 0.70905
Received=	-0.4089
Feedback: 0.71328
Received=	-0.44792
Feedback: 0.7406
Calculated range:	[(-2.231731) - (1.768269)]
Success index = (-1.231731)
Received=	-0.43198
=====  12:56:21 - BASE  ============
Feedback: 0.66
Received=	-0.12706
Feedback: 0.66
Received=	0.056571
Feedback: 0.66
Received=	0.30601
Feedback: 0.66
Received=	0.67932
Feedback: 0.66
Received=	0.45442
Feedback: 0.66
Received=	0.15501
Feedback: 0.66
Received=	-0.39366
Feedback: 0.66
Received=	-0.5752
Feedback: 0.66
Received=	-0.68397
Feedback: 0.66
Received=	-0.59957
Feedback: 0.66
Received=	-0.60395
Feedback: 0.66
Received=	-0.73328
Feedback: 0.66
Received=	-0.50501
Feedback: 0.66
Received=	-0.41247
Feedback: 0.66
Received=	-0.46042
Feedback: 0.66
Received=	-0.25534
Feedback: 0.66
Received=	-0.036541
Feedback: 0.66
Received=	0.10873
Feedback: 0.66
Received=	0.26801
Feedback: 0.66
Received=	0.020958
=====  12:57:21 - NF  ============
Feedback: 0.36141
Received=	0.023501
Feedback: 0.36024
Received=	-0.08106
Feedback: 0.40835
Received=	-0.34148
Feedback: 0.52818
Received=	-0.56404
Feedback: 0.63059
Received=	-0.38986
Feedback: 0.55044
Received=	-0.38529
Feedback: 0.54834
Received=	-0.36184
Feedback: 0.53755
Received=	-0.42953
Feedback: 0.56869
Received=	-0.56933
Feedback: 0.63302
Received=	-0.5329
Feedback: 0.61626
Received=	-0.56192
Feedback: 0.62961
Received=	-0.62038
Feedback: 0.65651
Received=	-0.47361
Feedback: 0.58898
Received=	-0.42326
Feedback: 0.56581
Received=	-0.32334
Feedback: 0.51983
Received=	-0.25788
Feedback: 0.48971
Received=	-0.52349
Feedback: 0.61193
Received=	-0.2633
Feedback: 0.49221
Received=	-0.2287
Feedback: 0.47628
Received=	-0.31971
Feedback: 0.51816
Received=	-0.46296
Feedback: 0.58408
Received=	-0.46129
Feedback: 0.58331
Received=	-0.5258
Feedback: 0.61299
Received=	-0.69561
Feedback: 0.69113
Received=	-0.66355
Feedback: 0.67638
Received=	-0.49235
Feedback: 0.5976
Received=	-0.60262
Feedback: 0.64834
Received=	-0.4472
Feedback: 0.57683
Received=	-0.36382
Feedback: 0.53846
Received=	-0.23282
Feedback: 0.47818
Received=	-0.26198
Feedback: 0.4916
Received=	-0.024781
Feedback: 0.38245
Received=	0.27872
Feedback: 0.2428
Received=	0.07051
Feedback: 0.33861
Received=	-0.15455
Feedback: 0.44216
Received=	-0.10996
Feedback: 0.42165
Received=	-0.25073
Feedback: 0.48642
Received=	-0.11738
Feedback: 0.42506
Received=	0.080014
Feedback: 0.33423
Received=	-0.046112
Feedback: 0.39227
Received=	-0.0090667
Feedback: 0.37522
Received=	-0.058878
Feedback: 0.39814
Received=	-0.32139
Feedback: 0.51894
Received=	-0.46778
Feedback: 0.58629
Received=	-0.55089
Feedback: 0.62454
Received=	-0.38934
Feedback: 0.5502
Received=	-0.2079
Feedback: 0.46671
Received=	-0.17235
Feedback: 0.45035
Received=	-0.477
Feedback: 0.59054
Received=	-0.53361
Feedback: 0.61659
Received=	-0.49484
Feedback: 0.59875
Received=	-0.43965
Feedback: 0.57335
Received=	-0.15465
Feedback: 0.44221
Received=	0.23923
Feedback: 0.26097
Received=	0.18012
Feedback: 0.28817
Received=	-0.12943
Feedback: 0.43061
Received=	-0.21522
Feedback: 0.47008
Received=	-0.056006
Feedback: 0.39682
Received=	-0.048086
Feedback: 0.39318
Calculated range:	[(-2.000000) - (2.000000)]
Success index = (-0.392318)
Received=	-0.15822
=====  13:0:21 - BASE  ============
Feedback: 0.66
Received=	0.59632
Feedback: 0.66
Received=	0.88372
Feedback: 0.66
Received=	0.62615
Feedback: 0.66
Received=	0.21982
Feedback: 0.66
Received=	0.13175
Feedback: 0.66
Received=	0.16515
Feedback: 0.66
Received=	-0.13356
Feedback: 0.66
Received=	0.033804
Feedback: 0.66
Received=	0.1034
Feedback: 0.66
Received=	-0.094642
Feedback: 0.66
Received=	-0.35568
Feedback: 0.66
Received=	-0.40281
Feedback: 0.66
Received=	-0.60234
Feedback: 0.66
Received=	-0.67809
Feedback: 0.66
Received=	-0.69659
Feedback: 0.66
Received=	-0.60631
Feedback: 0.66
Received=	-0.4861
Feedback: 0.66
Received=	-0.54989
Feedback: 0.66
Received=	-0.62358
Feedback: 0.66
Received=	-0.5164
=====  13:1:21 - NF  ============
Feedback: 0.64888
Received=	-0.37666
Feedback: 0.58877
Received=	-0.27517
Feedback: 0.5451
Received=	-0.065266
Feedback: 0.4548
Received=	-0.23113
Feedback: 0.52616
Received=	-0.22803
Feedback: 0.52483
Received=	-0.28782
Feedback: 0.55055
Received=	-0.33876
Feedback: 0.57246
Received=	-0.25708
Feedback: 0.53732
Received=	-0.16003
Feedback: 0.49557
Received=	-0.26465
Feedback: 0.54058
Received=	-0.31669
Feedback: 0.56297
Received=	-0.3438
Feedback: 0.57463
Received=	-0.22132
Feedback: 0.52194
Received=	0.019567
Feedback: 0.41831
Received=	0.10248
Feedback: 0.38264
Received=	0.11951
Feedback: 0.37532
Received=	-0.10729
Feedback: 0.47288
Received=	-0.28638
Feedback: 0.54993
Received=	-0.17232
Feedback: 0.50086
Received=	-0.19969
Feedback: 0.51263
Received=	-0.1814
Feedback: 0.50477
Received=	-0.30477
Feedback: 0.55784
Received=	-0.29367
Feedback: 0.55306
Received=	-0.19943
Feedback: 0.51252
Received=	-0.16201
Feedback: 0.49642
Received=	-0.31359
Feedback: 0.56163
Received=	-0.39556
Feedback: 0.5969
Received=	-0.42273
Feedback: 0.60859
Received=	-0.31282
Feedback: 0.5613
Received=	-0.033588
Feedback: 0.44118
Received=	-0.072756
Feedback: 0.45803
Received=	-0.3343
Feedback: 0.57054
Received=	-0.33138
Feedback: 0.56929
Received=	-0.57322
Feedback: 0.67333
Received=	-0.61296
Feedback: 0.69042
Received=	-0.3605
Feedback: 0.58182
Received=	-0.43196
Feedback: 0.61256
Received=	-0.49513
Feedback: 0.63973
Received=	-0.4427
Feedback: 0.61718
Received=	-0.31455
Feedback: 0.56205
Received=	-0.35631
Feedback: 0.58001
Received=	-0.31937
Feedback: 0.56412
Received=	-0.24919
Feedback: 0.53393
Received=	-0.32474
Feedback: 0.56643
Received=	-0.20935
Feedback: 0.51679
Received=	-0.19645
Feedback: 0.51124
Received=	-0.20744
Feedback: 0.51597
Received=	-0.33405
Feedback: 0.57044
Received=	-0.15318
Feedback: 0.49262
Received=	-0.0012741
Feedback: 0.42728
Received=	-0.082458
Feedback: 0.4622
Received=	-0.26968
Feedback: 0.54275
Received=	-0.44311
Feedback: 0.61735
Received=	-0.47088
Feedback: 0.6293
Received=	-0.60505
Feedback: 0.68702
Received=	-0.46628
Feedback: 0.62732
Received=	-0.49305
Feedback: 0.63884
Received=	-0.3411
Feedback: 0.57347
Received=	-0.2072
Feedback: 0.51586
Calculated range:	[(-2.000000) - (2.000000)]
Success index = (-0.472892)
Received=	-0.15753
=====  13:4:21 - BASE  ============
Feedback: 0.66
Received=	-0.11151
Feedback: 0.66
Received=	0.32522
Feedback: 0.66
Received=	0.61196
Feedback: 0.66
Received=	0.48187
Feedback: 0.66
Received=	0.4199
Feedback: 0.66
Received=	0.068136
Feedback: 0.66
Received=	-0.09092
Feedback: 0.66
Received=	-0.24135
Feedback: 0.66
Received=	-0.12159
Feedback: 0.66
Received=	-0.31209
Feedback: 0.66
Received=	-0.34648
Feedback: 0.66
Received=	-0.17007
Feedback: 0.66
Received=	-0.006728
Feedback: 0.66
Received=	-0.13469
Feedback: 0.66
Received=	-0.18958
Feedback: 0.66
Received=	-0.16902
Feedback: 0.66
Received=	0.042664
Feedback: 0.66
Received=	-0.0026186
Feedback: 0.66
Received=	-0.14076
Feedback: 0.66
Received=	-0.11014
=====  13:5:21 - NF  ============
Feedback: 0.57984
Received=	-0.10032
Feedback: 0.5728
Received=	-0.1601
Feedback: 0.61563
Received=	-0.43885
Feedback: 0.81529
Received=	-0.43115
Feedback: 0.80977
Received=	-0.22317
Feedback: 0.6608
Received=	0.10693
Feedback: 0.42436
Received=	-0.040134
Feedback: 0.5297
Received=	-0.16484
Feedback: 0.61902
Received=	-0.23593
Feedback: 0.66994
Received=	-0.098045
Feedback: 0.57118
Received=	0.096153
Feedback: 0.43208
Received=	-0.046581
Feedback: 0.53431
Received=	0.26207
Feedback: 0.31323
Received=	0.31182
Feedback: 0.2776
Received=	0.11986
Feedback: 0.4151
Received=	-0.031043
Feedback: 0.52318
Received=	0.00023167
Feedback: 0.50078
Received=	0.05528
Feedback: 0.46135
Received=	-0.11607
Feedback: 0.58409
Received=	-0.17344
Feedback: 0.62518
Received=	0.025408
Feedback: 0.48275
Received=	0.15844
Feedback: 0.38746
Received=	-0.01119
Feedback: 0.50896
Received=	-0.088361
Feedback: 0.56424
Received=	0.056775
Feedback: 0.46028
Received=	0.0020234
Feedback: 0.4995
Received=	0.0592
Feedback: 0.45855
Received=	-0.085286
Feedback: 0.56204
Received=	-0.17695
Feedback: 0.6277
Received=	-0.12432
Feedback: 0.59
Received=	-0.19
Feedback: 0.63704
Received=	-0.2127
Feedback: 0.6533
Received=	-0.20039
Feedback: 0.64448
Received=	-0.25963
Feedback: 0.68692
Received=	-0.1216
Feedback: 0.58805
Received=	0.017461
Feedback: 0.48844
Received=	-0.27932
Feedback: 0.70102
Received=	-0.51882
Feedback: 0.87257
Received=	-0.68828
Feedback: 0.9
Received=	-0.61787
Feedback: 0.9
Received=	-0.36983
Feedback: 0.76585
Received=	-0.21452
Feedback: 0.65461
Received=	0.01783
Feedback: 0.48818
Received=	0.049089
Feedback: 0.46579
Received=	-0.41835
Feedback: 0.8006
Received=	-0.24659
Feedback: 0.67758
Received=	-0.058346
Feedback: 0.54274
Received=	-0.020022
Feedback: 0.51529
Received=	0.12038
Feedback: 0.41473
Received=	-0.022192
Feedback: 0.51684
Received=	-0.17613
Feedback: 0.62711
Received=	-0.38536
Feedback: 0.77697
Received=	-0.24681
Feedback: 0.67773
Received=	-0.12668
Feedback: 0.59169
Received=	0.060362
Feedback: 0.45771
Received=	-0.1052
Feedback: 0.5763
Received=	0.10334
Feedback: 0.42693
Received=	0.26451
Feedback: 0.31148
Received=	0.081718
Feedback: 0.44242
Calculated range:	[(-2.000000) - (2.000000)]
Success index = (-0.485982)
Received=	-0.19118
=====  13:8:21 - BASE  ============
Feedback: 0.66
Received=	-0.1936
Feedback: 0.66
Received=	0.49435
Feedback: 0.66
Received=	0.46224
Feedback: 0.66
Received=	0.71898
Feedback: 0.66
Received=	0.27055
Feedback: 0.66
Received=	0.46793
Feedback: 0.66
Received=	0.27604
Feedback: 0.66
Received=	0.31059
Feedback: 0.66
Received=	0.10572
Feedback: 0.66
Received=	0.085708
Feedback: 0.66
Received=	-0.12313
Feedback: 0.66
Received=	0.078821
Feedback: 0.66
Received=	-0.036972
Feedback: 0.66
Received=	-0.26718
Feedback: 0.66
Received=	-0.6749
Feedback: 0.66
Received=	-0.62198
Feedback: 0.66
Received=	-0.095331
Feedback: 0.66
Received=	-0.072826
Feedback: 0.66
Received=	-0.38406
Feedback: 0.66
Received=	-0.11729
=====  13:9:21 - NF  ============
Feedback: 0.58996
Received=	0.22976
Feedback: 0.40902
Received=	0.091248
Feedback: 0.48123
Received=	-0.19366
Feedback: 0.62977
Received=	-0.26754
Feedback: 0.66829
Received=	-0.21184
Feedback: 0.63925
Received=	-0.13649
Feedback: 0.59997
Received=	-0.13616
Feedback: 0.59979
Received=	-0.0065094
Feedback: 0.5322
Received=	0.021243
Feedback: 0.51773
Received=	0.025601
Feedback: 0.51546
Received=	-0.19904
Feedback: 0.63258
Received=	-0.18518
Feedback: 0.62535
Received=	-0.25494
Feedback: 0.66172
Received=	-0.33232
Feedback: 0.70206
Received=	-0.34697
Feedback: 0.7097
Received=	-0.28293
Feedback: 0.67631
Received=	-0.081673
Feedback: 0.57139
Received=	-0.070827
Feedback: 0.56573
Received=	-0.2103
Feedback: 0.63845
Received=	-0.31757
Feedback: 0.69437
Received=	-0.41614
Feedback: 0.74576
Received=	-0.51798
Feedback: 0.79886
Received=	-0.38722
Feedback: 0.73069
Received=	-0.31994
Feedback: 0.69561
Received=	-0.24109
Feedback: 0.6545
Received=	-0.46007
Feedback: 0.76867
Received=	-0.53605
Feedback: 0.80828
Received=	-0.69275
Feedback: 0.88998
Received=	-0.67251
Feedback: 0.87942
Received=	-0.76905
Feedback: 0.9
Received=	-0.74389
Feedback: 0.9
Received=	-0.76885
Feedback: 0.9
Received=	-0.7107
Feedback: 0.89933
Received=	-0.75164
Feedback: 0.9
Received=	-0.68686
Feedback: 0.8869
Received=	-0.69245
Feedback: 0.88982
Received=	-0.51335
Feedback: 0.79645
Received=	-0.42504
Feedback: 0.7504
Received=	-0.63519
Feedback: 0.85997
Received=	-0.86551
Feedback: 0.9
Received=	-0.64407
Feedback: 0.8646
Received=	-0.32934
Feedback: 0.70051
Received=	-0.23869
Feedback: 0.65325
Received=	-0.51492
Feedback: 0.79727
Received=	-0.50539
Feedback: 0.7923
Received=	-0.50384
Feedback: 0.79148
Received=	-0.46688
Feedback: 0.77222
Received=	-0.51373
Feedback: 0.79664
Received=	-0.5421
Feedback: 0.81143
Received=	-0.27624
Feedback: 0.67283
Received=	0.081679
Feedback: 0.48622
Received=	-0.059231
Feedback: 0.55969
Received=	-0.33947
Feedback: 0.70579
Received=	-0.091421
Feedback: 0.57647
Received=	-0.0030028
Feedback: 0.53037
Received=	0.057032
Feedback: 0.49907
Received=	-0.29473
Feedback: 0.68247
Received=	-0.47942
Feedback: 0.77875
Received=	-0.60502
Feedback: 0.84424
Calculated range:	[(-2.400905) - (1.599095)]
Success index = (-1.400905)
closing...
