Direction=-1.000000	; step=1.000000;
Received=	0
Feedback: 0.66
Received=	0
Feedback: 0.66
Received=	0
Feedback: 0.66
Received=	0.017827
Feedback: 0.66
Received=	-0.16957
Feedback: 0.66
Received=	-0.30183
Feedback: 0.66
Received=	-0.41561
Feedback: 0.66
Received=	-0.29886
Feedback: 0.66
Received=	-0.31407
Feedback: 0.66
Received=	-0.087406
Feedback: 0.66
Received=	-0.29797
Feedback: 0.66
Received=	-0.21549
Feedback: 0.66
Received=	-0.011556
Feedback: 0.66
Received=	-0.40288
Feedback: 0.66
Received=	-0.49998
Feedback: 0.66
Received=	-0.31803
Feedback: 0.66
Received=	-0.35615
Feedback: 0.66
Received=	-0.084578
Feedback: 0.66
Received=	0.2057
Feedback: 0.66
Received=	0.44494
Feedback: 0.66
Received=	0.18108
=====  8:27:51 - NF  ============
Feedback: 0.20481
Received=	-0.09627
Feedback: 0.43634
Received=	0.010511
Feedback: 0.3472
Received=	-0.23503
Feedback: 0.55217
Received=	-0.26883
Feedback: 0.5804
Received=	-0.14664
Feedback: 0.47839
Received=	0.12561
Feedback: 0.25112
Received=	0.088821
Feedback: 0.28183
Received=	0.1362
Feedback: 0.24227
Received=	-0.13789
Feedback: 0.47108
Received=	-0.38373
Feedback: 0.67631
Received=	-0.25881
Feedback: 0.57203
Received=	-0.045937
Feedback: 0.39432
Received=	0.0048933
Feedback: 0.35189
Received=	0.019838
Feedback: 0.33941
Received=	0.052424
Feedback: 0.31221
Received=	0.044197
Feedback: 0.31908
Received=	-0.30289
Feedback: 0.60882
Received=	-0.15291
Feedback: 0.48362
Received=	-0.18127
Feedback: 0.50729
Received=	0.25387
Feedback: 0.14404
Received=	0.32326
Feedback: 0.1
Received=	-0.21676
Feedback: 0.53692
Received=	-0.31999
Feedback: 0.6231
Received=	-0.14489
Feedback: 0.47692
Received=	-0.027044
Feedback: 0.37855
Received=	0.1204
Feedback: 0.25546
Received=	0.10761
Feedback: 0.26614
Received=	0.34874
Feedback: 0.1
Received=	0.35801
Feedback: 0.1
Received=	0.088888
Feedback: 0.28177
Received=	-0.10094
Feedback: 0.44024
Received=	0.078498
Feedback: 0.29044
Received=	0.031561
Feedback: 0.32963
Received=	-0.07893
Feedback: 0.42186
Received=	-0.3233
Feedback: 0.62586
Received=	-0.36632
Feedback: 0.66177
Received=	-0.22661
Feedback: 0.54515
Received=	-0.21663
Feedback: 0.53682
Received=	-0.15138
Feedback: 0.48235
Received=	-0.1116
Feedback: 0.44913
Received=	0.32437
Feedback: 0.1
Received=	0.12945
Feedback: 0.24791
Received=	0.016424
Feedback: 0.34226
Received=	0.68516
Feedback: 0.1
Received=	0.66868
Feedback: 0.1
Received=	0.14005
Feedback: 0.23906
Received=	-0.060687
Feedback: 0.40664
Received=	-0.022271
Feedback: 0.37457
Received=	0.1949
Feedback: 0.19328
Received=	0.23673
Feedback: 0.15835
Received=	0.085299
Feedback: 0.28477
Received=	0.21414
Feedback: 0.17721
Received=	0.14524
Feedback: 0.23473
Received=	0.11277
Feedback: 0.26184
Received=	-0.1629
Feedback: 0.49196
Received=	-0.16925
Feedback: 0.49726
Received=	-0.074765
Feedback: 0.41839
Received=	-0.32015
Feedback: 0.62324
Received=	-0.53547
Feedback: 0.80298
Calculated range:	[(-2.000000) - (2.000000)]
Success index = (0.688854)
Received=	-0.45684
=====  8:30:51 - BASE  ============
Feedback: 0.66
Received=	-0.10627
Feedback: 0.66
Received=	0.27848
Feedback: 0.66
Received=	0.056477
Feedback: 0.66
Received=	-0.2319
Feedback: 0.66
Received=	-0.23709
Feedback: 0.66
Received=	-0.14221
Feedback: 0.66
Received=	-0.0068457
Feedback: 0.66
Received=	0.00011172
Feedback: 0.66
Received=	0.2154
Feedback: 0.66
Received=	0.41174
Feedback: 0.66
Received=	0.32881
Feedback: 0.66
Received=	0.18312
Feedback: 0.66
Received=	-0.12736
Feedback: 0.66
Received=	0.018144
Feedback: 0.66
Received=	-0.027633
Feedback: 0.66
Received=	0.56498
Feedback: 0.66
Received=	0.71513
Feedback: 0.66
Received=	0.44126
Feedback: 0.66
Received=	0.099209
Feedback: 0.66
Received=	0.022123
=====  8:31:51 - NF  ============
Feedback: 0.58731
Received=	0.0080641
Feedback: 0.59763
Received=	0.02571
Feedback: 0.58468
Received=	-0.1448
Feedback: 0.7098
Received=	0.1181
Feedback: 0.51688
Received=	0.20659
Feedback: 0.45194
Received=	0.026541
Feedback: 0.58407
Received=	-0.078145
Feedback: 0.66089
Received=	-0.4466
Feedback: 0.9
Received=	0.003186
Feedback: 0.60121
Received=	0.17648
Feedback: 0.47404
Received=	0.14332
Feedback: 0.49837
Received=	0.16893
Feedback: 0.47958
Received=	0.28616
Feedback: 0.39355
Received=	-0.1549
Feedback: 0.71722
Received=	-0.023681
Feedback: 0.62093
Received=	0.42785
Feedback: 0.28957
Received=	0.39416
Feedback: 0.31429
Received=	0.38226
Feedback: 0.32303
Received=	0.1547
Feedback: 0.49002
Received=	0.15286
Feedback: 0.49137
Received=	0.3743
Feedback: 0.32886
Received=	0.2699
Feedback: 0.40548
Received=	0.4893
Feedback: 0.24448
Received=	0.34351
Feedback: 0.35146
Received=	0.4101
Feedback: 0.30259
Received=	0.030303
Feedback: 0.58131
Received=	0.063777
Feedback: 0.55674
Received=	0.090069
Feedback: 0.53745
Received=	0.0041344
Feedback: 0.60051
Received=	0.00071147
Feedback: 0.60302
Received=	-0.14211
Feedback: 0.70783
Received=	0.032321
Feedback: 0.57983
Received=	-0.14666
Feedback: 0.71117
Received=	-0.20479
Feedback: 0.75383
Received=	-0.28158
Feedback: 0.81019
Received=	-0.05594
Feedback: 0.6446
Received=	0.011101
Feedback: 0.5954
Received=	0.18759
Feedback: 0.46589
Received=	-0.28289
Feedback: 0.81115
Received=	-0.51304
Feedback: 0.9
Received=	-0.22966
Feedback: 0.77208
Received=	-0.38146
Feedback: 0.88348
Received=	-0.40507
Feedback: 0.9
Received=	-0.10843
Feedback: 0.68312
Received=	-0.041263
Feedback: 0.63383
Received=	0.074664
Feedback: 0.54875
Received=	-0.08846
Feedback: 0.66846
Received=	0.038202
Feedback: 0.57551
Received=	0.17816
Feedback: 0.4728
Received=	0.26325
Feedback: 0.41036
Received=	0.15812
Feedback: 0.48751
Received=	0.044005
Feedback: 0.57125
Received=	0.095629
Feedback: 0.53337
Received=	-0.19122
Feedback: 0.74388
Received=	0.083353
Feedback: 0.54238
Received=	0.36736
Feedback: 0.33396
Received=	0.10366
Feedback: 0.52747
Received=	0.039223
Feedback: 0.57476
Received=	0.49825
Feedback: 0.2379
Calculated range:	[(-2.000000) - (2.000000)]
Success index = (-0.378255)
Received=	0.24523
=====  8:34:51 - BASE  ============
Feedback: 0.66
Received=	-0.083727
Feedback: 0.66
Received=	-0.085198
Feedback: 0.66
Received=	0.10656
Feedback: 0.66
Received=	-0.05416
Feedback: 0.66
Received=	0.15745
Feedback: 0.66
Received=	0.20244
Feedback: 0.66
Received=	0.30728
Feedback: 0.66
Received=	0.15237
Feedback: 0.66
Received=	0.020974
Feedback: 0.66
Received=	-0.2296
Feedback: 0.66
Received=	-0.21306
Feedback: 0.66
Received=	-0.060705
Feedback: 0.66
Received=	-0.22043
Feedback: 0.66
Received=	-0.10651
Feedback: 0.66
Received=	-0.18011
Feedback: 0.66
Received=	-0.15354
Feedback: 0.66
Received=	-0.12934
Feedback: 0.66
Received=	0.011657
Feedback: 0.66
Received=	0.2446
Feedback: 0.66
Received=	0.42924
=====  8:35:51 - NF  ============
Feedback: 0.1
Received=	0.20011
Feedback: 0.25101
Received=	-0.27013
Feedback: 0.8011
Received=	-0.26165
Feedback: 0.79117
Received=	-0.20163
Feedback: 0.72097
Received=	0.079394
Feedback: 0.39222
Received=	-0.16313
Feedback: 0.67593
Received=	-0.48536
Feedback: 0.9
Received=	-0.29873
Feedback: 0.83455
Received=	-0.086352
Feedback: 0.58611
Received=	0.086067
Feedback: 0.38441
Received=	0.041652
Feedback: 0.43637
Received=	0.11436
Feedback: 0.35132
Received=	0.3378
Feedback: 0.1
Received=	0.3184
Feedback: 0.11263
Received=	0.17976
Feedback: 0.27482
Received=	-0.099079
Feedback: 0.601
Received=	0.13061
Feedback: 0.3323
Received=	0.18674
Feedback: 0.26664
Received=	0.085055
Feedback: 0.3856
Received=	-0.016135
Feedback: 0.50397
Received=	0.11997
Feedback: 0.34476
Received=	-0.0025495
Feedback: 0.48808
Received=	-0.084432
Feedback: 0.58387
Received=	-0.030242
Feedback: 0.52047
Received=	-0.060585
Feedback: 0.55597
Received=	-0.24074
Feedback: 0.76671
Received=	-0.15055
Feedback: 0.66121
Received=	-0.27151
Feedback: 0.80271
Received=	-0.12612
Feedback: 0.63263
Received=	-0.13001
Feedback: 0.63719
Received=	-0.2121
Feedback: 0.73321
Received=	-0.45041
Feedback: 0.9
Received=	-0.2972
Feedback: 0.83276
Received=	-0.26982
Feedback: 0.80073
Received=	-0.65282
Feedback: 0.9
Received=	-0.13252
Feedback: 0.64012
Received=	0.40159
Feedback: 0.1
Received=	0.18711
Feedback: 0.26621
Received=	-0.076967
Feedback: 0.57513
Received=	0.18717
Feedback: 0.26615
Received=	0.16408
Feedback: 0.29316
Received=	-0.21522
Feedback: 0.73686
Received=	-0.23576
Feedback: 0.76089
Received=	-0.72455
Feedback: 0.9
Received=	-0.32387
Feedback: 0.86396
Received=	-0.20544
Feedback: 0.72542
Received=	-0.075532
Feedback: 0.57345
Received=	0.30515
Feedback: 0.12813
Received=	0.26185
Feedback: 0.17878
Received=	-0.066833
Feedback: 0.56328
Received=	-0.089882
Feedback: 0.59024
Received=	-0.36042
Feedback: 0.9
Received=	-0.02446
Feedback: 0.51371
Received=	-0.11787
Feedback: 0.62298
Received=	-0.33259
Feedback: 0.87416
Received=	0.099501
Feedback: 0.3687
Received=	-0.20975
Feedback: 0.73046
Received=	-0.22353
Feedback: 0.74658
Received=	-0.18206
Feedback: 0.69807
Calculated range:	[(-2.000000) - (2.000000)]
Success index = (-0.279547)
Received=	-0.0093389
=====  8:38:51 - BASE  ============
Feedback: 0.66
Received=	0.013719
Feedback: 0.66
Received=	-0.13803
Feedback: 0.66
Received=	-0.25471
Feedback: 0.66
Received=	0.061294
Feedback: 0.66
Received=	0.3311
Feedback: 0.66
Received=	-0.14176
Feedback: 0.66
Received=	-0.09526
Feedback: 0.66
Received=	-0.41579
Feedback: 0.66
Received=	-0.48889
Feedback: 0.66
Received=	0.1383
Feedback: 0.66
Received=	0.52569
Feedback: 0.66
Received=	0.21527
Feedback: 0.66
Received=	0.2921
Feedback: 0.66
Received=	0.13253
Feedback: 0.66
Received=	-0.006197
Feedback: 0.66
Received=	-0.14057
Feedback: 0.66
Received=	-0.39067
Feedback: 0.66
Received=	-0.20753
Feedback: 0.66
Received=	-0.066222
Feedback: 0.66
Received=	0.12037
=====  8:39:51 - NF  ============
Feedback: 0.38595
Received=	0.0042069
Feedback: 0.47064
Received=	0.07665
Feedback: 0.41782
Received=	0.29489
Feedback: 0.25873
Received=	-0.00069196
Feedback: 0.47421
Received=	-0.012534
Feedback: 0.48284
Received=	-0.27679
Feedback: 0.67548
Received=	0.24891
Feedback: 0.29224
Received=	0.4905
Feedback: 0.11613
Received=	0.093723
Feedback: 0.40538
Received=	-0.43887
Feedback: 0.79364
Received=	-0.29782
Feedback: 0.69082
Received=	-0.15189
Feedback: 0.58443
Received=	-0.32162
Feedback: 0.70817
Received=	-0.51733
Feedback: 0.85083
Received=	-0.088691
Feedback: 0.53836
Received=	0.15904
Feedback: 0.35776
Received=	0.29112
Feedback: 0.26148
Received=	0.17123
Feedback: 0.34887
Received=	0.68111
Feedback: 0.1
Received=	0.28926
Feedback: 0.26283
Received=	-0.12341
Feedback: 0.56367
Received=	-0.55593
Feedback: 0.87898
Received=	-0.3186
Feedback: 0.70596
Received=	0.24349
Feedback: 0.29619
Received=	0.17858
Feedback: 0.34352
Received=	-0.018834
Feedback: 0.48743
Received=	-0.32131
Feedback: 0.70794
Received=	-0.15744
Feedback: 0.58847
Received=	0.14988
Feedback: 0.36444
Received=	0.19591
Feedback: 0.33089
Received=	0.22275
Feedback: 0.31132
Received=	0.20415
Feedback: 0.32488
Received=	0.17614
Feedback: 0.3453
Received=	-0.37175
Feedback: 0.74471
Received=	-0.02463
Feedback: 0.49166
Received=	0.22363
Feedback: 0.31067
Received=	0.10582
Feedback: 0.39656
Received=	-0.186
Feedback: 0.6093
Received=	-0.01243
Feedback: 0.48276
Received=	0.038082
Feedback: 0.44594
Received=	0.013105
Feedback: 0.46415
Received=	0.0072195
Feedback: 0.46844
Received=	-0.0024487
Feedback: 0.47549
Received=	-0.017949
Feedback: 0.48679
Received=	0.026894
Feedback: 0.4541
Received=	-0.21
Feedback: 0.62679
Received=	0.043087
Feedback: 0.44229
Received=	0.32453
Feedback: 0.23712
Received=	-0.37495
Feedback: 0.74704
Received=	-0.92147
Feedback: 0.9
Received=	-0.47887
Feedback: 0.8228
Received=	0.36764
Feedback: 0.20569
Received=	0.2869
Feedback: 0.26455
Received=	-0.15917
Feedback: 0.58974
Received=	-0.15553
Feedback: 0.58708
Received=	0.080829
Feedback: 0.41478
Received=	-0.14091
Feedback: 0.57643
Received=	-0.54638
Feedback: 0.87201
Received=	-0.7178
Feedback: 0.9
Calculated range:	[(-2.000000) - (2.000000)]
Success index = (0.002943)
Received=	-0.046165
=====  8:42:51 - BASE  ============
Feedback: 0.66
Received=	0.013778
Feedback: 0.66
Received=	-0.18875
Feedback: 0.66
Received=	-0.34529
Feedback: 0.66
Received=	-0.19629
Feedback: 0.66
Received=	-0.074613
Feedback: 0.66
Received=	-0.34951
Feedback: 0.66
Received=	0.065853
Feedback: 0.66
Received=	0.27543
Feedback: 0.66
Received=	-0.017382
Feedback: 0.66
Received=	-0.25605
Feedback: 0.66
Received=	-0.59605
Feedback: 0.66
Received=	-0.46754
Feedback: 0.66
Received=	-0.18153
Feedback: 0.66
Received=	0.023435
Feedback: 0.66
Received=	-0.182
Feedback: 0.66
Received=	-0.87725
Feedback: 0.66
Received=	-0.53105
Feedback: 0.66
Received=	0.16637
Feedback: 0.66
Received=	0.36989
Feedback: 0.66
Received=	0.10902
=====  8:43:51 - NF  ============
Feedback: 0.31267
Received=	0.22847
Feedback: 0.23703
Received=	-0.15877
Feedback: 0.48225
Received=	-0.55885
Feedback: 0.73561
Received=	-0.36122
Feedback: 0.61046
Received=	-0.3371
Feedback: 0.59518
Received=	-0.17253
Feedback: 0.49097
Received=	0.014722
Feedback: 0.37239
Received=	-0.27251
Feedback: 0.55428
Received=	-0.16117
Feedback: 0.48377
Received=	-0.13278
Feedback: 0.4658
Received=	-0.53715
Feedback: 0.72187
Received=	-0.13204
Feedback: 0.46533
Received=	0.2566
Feedback: 0.21921
Received=	-0.042862
Feedback: 0.40885
Received=	-0.27708
Feedback: 0.55718
Received=	-0.25576
Feedback: 0.54367
Received=	0.13604
Feedback: 0.29556
Received=	0.16989
Feedback: 0.27413
Received=	0.28538
Feedback: 0.20099
Received=	-0.20272
Feedback: 0.51008
Received=	-0.55062
Feedback: 0.7304
Received=	-0.74025
Feedback: 0.85048
Received=	-0.2888
Feedback: 0.5646
Received=	0.0091719
Feedback: 0.3759
Received=	-0.25272
Feedback: 0.54175
Received=	-0.22247
Feedback: 0.52259
Received=	0.28165
Feedback: 0.20335
Received=	0.32585
Feedback: 0.17536
Received=	-0.33453
Feedback: 0.59356
Received=	-0.29861
Feedback: 0.57081
Received=	0.11569
Feedback: 0.30845
Received=	-0.061506
Feedback: 0.42066
Received=	-0.41629
Feedback: 0.64533
Received=	-0.42539
Feedback: 0.65109
Received=	-0.55403
Feedback: 0.73256
Received=	-0.5553
Feedback: 0.73336
Received=	0.096522
Feedback: 0.32059
Received=	0.3615
Feedback: 0.15279
Received=	-0.097267
Feedback: 0.44331
Received=	-0.13705
Feedback: 0.4685
Received=	0.1709
Feedback: 0.27349
Received=	-0.10848
Feedback: 0.45041
Received=	-0.48278
Feedback: 0.68744
Received=	-0.13139
Feedback: 0.46492
Received=	0.31287
Feedback: 0.18358
Received=	-0.046114
Feedback: 0.41091
Received=	-0.24511
Feedback: 0.53693
Received=	-0.79352
Feedback: 0.88421
Received=	-0.64658
Feedback: 0.79116
Received=	0.069204
Feedback: 0.33789
Received=	-0.11425
Feedback: 0.45406
Received=	-0.27076
Feedback: 0.55317
Received=	-0.35594
Feedback: 0.60711
Received=	-0.15482
Feedback: 0.47975
Received=	-0.066098
Feedback: 0.42357
Received=	-0.29652
Feedback: 0.56949
Received=	-0.074221
Feedback: 0.42871
Received=	-0.0026778
Feedback: 0.38341
Received=	-0.10056
Feedback: 0.44539
Calculated range:	[(-2.000000) - (2.000000)]
Success index = (0.101387)
closing...
