Direction=-1.000000	; step=1.000000;
Received=	0
Feedback: 0.66
Received=	0
Feedback: 0.66
Received=	0
Feedback: 0.66
Received=	0.023326
Feedback: 0.66
Received=	-0.24236
Feedback: 0.66
Received=	0.15935
Feedback: 0.66
Received=	-0.20617
Feedback: 0.66
Received=	-0.46464
Feedback: 0.66
Received=	0.01121
Feedback: 0.66
Received=	0.58764
Feedback: 0.66
Received=	0.23489
Feedback: 0.66
Received=	0.059109
Feedback: 0.66
Received=	-0.10626
Feedback: 0.66
Received=	0.10175
Feedback: 0.66
Received=	0.13636
Feedback: 0.66
Received=	0.097837
Feedback: 0.66
Received=	-0.21454
Feedback: 0.66
Received=	-0.34192
Feedback: 0.66
Received=	-0.17859
Feedback: 0.66
Received=	-0.26402
Feedback: 0.66
Received=	-0.73179
=====  13:9:36 - NF  ============
Feedback: 0.9
Received=	-0.13459
Feedback: 0.58152
Received=	0.046671
Feedback: 0.43503
Received=	-0.12714
Feedback: 0.5755
Received=	-0.21261
Feedback: 0.64457
Received=	-0.12357
Feedback: 0.57261
Received=	0.15461
Feedback: 0.34779
Received=	0.052997
Feedback: 0.42991
Received=	-0.069809
Feedback: 0.52916
Received=	-0.20068
Feedback: 0.63493
Received=	-0.19577
Feedback: 0.63096
Received=	-0.27613
Feedback: 0.69592
Received=	-0.11711
Feedback: 0.5674
Received=	-0.25618
Feedback: 0.67979
Received=	-0.57283
Feedback: 0.9
Received=	-0.21357
Feedback: 0.64535
Received=	-0.035472
Feedback: 0.50141
Received=	-0.14929
Feedback: 0.5934
Received=	-0.24951
Feedback: 0.6744
Received=	-0.14002
Feedback: 0.58591
Received=	-0.13062
Feedback: 0.57831
Received=	0.44281
Feedback: 0.11487
Received=	0.2423
Feedback: 0.27692
Received=	0.043585
Feedback: 0.43752
Received=	0.20524
Feedback: 0.30687
Received=	0.10179
Feedback: 0.39048
Received=	-0.04794
Feedback: 0.51149
Received=	0.0098777
Feedback: 0.46476
Received=	0.29044
Feedback: 0.23801
Received=	0.29329
Feedback: 0.23571
Received=	0.29451
Feedback: 0.23472
Received=	-0.0002376
Feedback: 0.47294
Received=	0.0082489
Feedback: 0.46608
Received=	-0.065788
Feedback: 0.52591
Received=	0.15269
Feedback: 0.34934
Received=	0.23696
Feedback: 0.28123
Received=	0.30771
Feedback: 0.22405
Received=	0.051152
Feedback: 0.4314
Received=	0.0583
Feedback: 0.42563
Received=	0.21567
Feedback: 0.29844
Received=	0.11805
Feedback: 0.37734
Received=	-0.17456
Feedback: 0.61383
Received=	0.066859
Feedback: 0.41871
Received=	0.3264
Feedback: 0.20895
Received=	0.19691
Feedback: 0.31361
Received=	-0.020719
Feedback: 0.48949
Received=	-0.16056
Feedback: 0.60251
Received=	0.17515
Feedback: 0.33119
Received=	0.22128
Feedback: 0.29391
Received=	0.10576
Feedback: 0.38727
Received=	0.34961
Feedback: 0.1902
Received=	0.15254
Feedback: 0.34946
Received=	0.033559
Feedback: 0.44562
Received=	0.10376
Feedback: 0.38888
Received=	0.22971
Feedback: 0.28709
Received=	0.17261
Feedback: 0.33324
Received=	-0.0031904
Feedback: 0.47532
Received=	-0.15722
Feedback: 0.59981
Received=	-0.24639
Feedback: 0.67187
Received=	-0.3017
Feedback: 0.71658
Calculated range:	[(-2.000000) - (2.000000)]
Success index = (0.173030)
Received=	0.017749
=====  13:12:36 - BASE  ============
Feedback: 0.66
Received=	0.53013
Feedback: 0.66
Received=	0.42957
Feedback: 0.66
Received=	0.56233
Feedback: 0.66
Received=	0.26357
Feedback: 0.66
Received=	0.11458
Feedback: 0.66
Received=	0.2224
Feedback: 0.66
Received=	0.046978
Feedback: 0.66
Received=	0.13665
Feedback: 0.66
Received=	0.52563
Feedback: 0.66
Received=	0.29756
Feedback: 0.66
Received=	-0.11988
Feedback: 0.66
Received=	0.17281
Feedback: 0.66
Received=	0.11877
Feedback: 0.66
Received=	0.14714
Feedback: 0.66
Received=	0.24898
Feedback: 0.66
Received=	0.20374
Feedback: 0.66
Received=	0.22543
Feedback: 0.66
Received=	0.39219
Feedback: 0.66
Received=	0.63465
Feedback: 0.66
Received=	0.38517
=====  13:13:36 - NF  ============
Feedback: 0.36582
Received=	0.58244
Feedback: 0.15956
Received=	0.61161
Feedback: 0.12907
Received=	-0.037173
Feedback: 0.80741
Received=	-0.41413
Feedback: 0.9
Received=	-0.14207
Feedback: 0.9
Received=	-0.14812
Feedback: 0.9
Received=	0.16143
Feedback: 0.59976
Received=	-0.065627
Feedback: 0.83716
Received=	-0.30954
Feedback: 0.9
Received=	-0.48349
Feedback: 0.9
Received=	0.10657
Feedback: 0.65712
Received=	0.27573
Feedback: 0.48025
Received=	0.012182
Feedback: 0.7558
Received=	0.11536
Feedback: 0.64792
Received=	0.71469
Feedback: 0.1
Received=	0.37836
Feedback: 0.37294
Received=	-0.081839
Feedback: 0.85411
Received=	-0.12959
Feedback: 0.9
Received=	0.13576
Feedback: 0.62659
Received=	-0.041491
Feedback: 0.81192
Received=	-0.10941
Feedback: 0.88293
Received=	-0.15147
Feedback: 0.9
Received=	-0.18395
Feedback: 0.9
Received=	-0.17039
Feedback: 0.9
Received=	-0.087155
Feedback: 0.85967
Received=	-0.10977
Feedback: 0.88332
Received=	-0.38839
Feedback: 0.9
Received=	-0.68122
Feedback: 0.9
Received=	-0.23284
Feedback: 0.9
Received=	-0.16502
Feedback: 0.9
Received=	-0.18048
Feedback: 0.9
Received=	-0.13773
Feedback: 0.9
Received=	-0.1346
Feedback: 0.9
Received=	-0.15977
Feedback: 0.9
Received=	0.042786
Feedback: 0.72381
Received=	0.012967
Feedback: 0.75498
Received=	0.025277
Feedback: 0.74211
Received=	-0.075813
Feedback: 0.84781
Received=	-0.093612
Feedback: 0.86642
Received=	0.033821
Feedback: 0.73318
Received=	0.48522
Feedback: 0.26121
Received=	0.88287
Feedback: 0.1
Received=	0.1813
Feedback: 0.57898
Received=	-0.1712
Feedback: 0.9
Received=	0.036315
Feedback: 0.73057
Received=	0.058809
Feedback: 0.70705
Received=	0.095515
Feedback: 0.66867
Received=	0.027989
Feedback: 0.73928
Received=	0.026378
Feedback: 0.74096
Received=	-0.39959
Feedback: 0.9
Received=	-0.14749
Feedback: 0.9
Received=	-0.20393
Feedback: 0.9
Received=	-0.066693
Feedback: 0.83827
Received=	0.36296
Feedback: 0.38905
Received=	0.10842
Feedback: 0.65518
Received=	-0.012976
Feedback: 0.78211
Received=	-0.024389
Feedback: 0.79404
Received=	0.63341
Feedback: 0.10628
Received=	0.37371
Feedback: 0.3778
Calculated range:	[(-2.000000) - (2.000000)]
Success index = (-0.889232)
Received=	0.22702
=====  13:16:36 - BASE  ============
Feedback: 0.66
Received=	-0.057461
Feedback: 0.66
Received=	0.4205
Feedback: 0.66
Received=	0.78988
Feedback: 0.66
Received=	0.66786
Feedback: 0.66
Received=	0.025713
Feedback: 0.66
Received=	-0.045763
Feedback: 0.66
Received=	0.22707
Feedback: 0.66
Received=	0.22156
Feedback: 0.66
Received=	0.17625
Feedback: 0.66
Received=	0.34969
Feedback: 0.66
Received=	0.26962
Feedback: 0.66
Received=	-0.19874
Feedback: 0.66
Received=	-0.28261
Feedback: 0.66
Received=	0.18033
Feedback: 0.66
Received=	0.58173
Feedback: 0.66
Received=	0.33852
Feedback: 0.66
Received=	0.1695
Feedback: 0.66
Received=	0.0274
Feedback: 0.66
Received=	0.093415
Feedback: 0.66
Received=	-0.12567
=====  13:17:36 - NF  ============
Feedback: 0.74969
Received=	-0.057275
Feedback: 0.70069
Received=	0.14911
Feedback: 0.55285
Received=	-0.088034
Feedback: 0.72273
Received=	-0.16379
Feedback: 0.77699
Received=	-0.049448
Feedback: 0.69509
Received=	-0.18588
Feedback: 0.79282
Received=	-0.23288
Feedback: 0.82649
Received=	0.33427
Feedback: 0.42021
Received=	0.32604
Feedback: 0.4261
Received=	-0.25205
Feedback: 0.84022
Received=	-0.34982
Feedback: 0.9
Received=	-0.052855
Feedback: 0.69753
Received=	0.075836
Feedback: 0.60534
Received=	0.23472
Feedback: 0.49152
Received=	0.081094
Feedback: 0.60157
Received=	0.093103
Feedback: 0.59297
Received=	0.046267
Feedback: 0.62652
Received=	0.029751
Feedback: 0.63835
Received=	-0.16856
Feedback: 0.78041
Received=	-0.17281
Feedback: 0.78346
Received=	-0.024191
Feedback: 0.67699
Received=	-0.12607
Feedback: 0.74998
Received=	0.02614
Feedback: 0.64094
Received=	0.092417
Feedback: 0.59346
Received=	0.0031302
Feedback: 0.65742
Received=	-0.053277
Feedback: 0.69783
Received=	-0.2674
Feedback: 0.85122
Received=	-0.12907
Feedback: 0.75213
Received=	-0.2496
Feedback: 0.83847
Received=	-0.19318
Feedback: 0.79805
Received=	0.23376
Feedback: 0.49221
Received=	0.38166
Feedback: 0.38626
Received=	0.34442
Feedback: 0.41294
Received=	0.091859
Feedback: 0.59386
Received=	0.29458
Feedback: 0.44864
Received=	0.054775
Feedback: 0.62043
Received=	-0.72849
Feedback: 0.9
Received=	-0.80355
Feedback: 0.9
Received=	-0.63752
Feedback: 0.9
Received=	-0.61989
Feedback: 0.9
Received=	-0.92723
Feedback: 0.9
Received=	-0.93121
Feedback: 0.9
Received=	-0.54974
Feedback: 0.9
Received=	-0.50033
Feedback: 0.9
Received=	-0.60114
Feedback: 0.9
Received=	-0.58136
Feedback: 0.9
Received=	-0.53531
Feedback: 0.9
Received=	-0.23895
Feedback: 0.83083
Received=	-0.51636
Feedback: 0.9
Received=	-0.29113
Feedback: 0.86822
Received=	0.18709
Feedback: 0.52564
Received=	0.89972
Feedback: 0.1
Received=	0.68596
Feedback: 0.16827
Received=	0.034739
Feedback: 0.63478
Received=	-0.30387
Feedback: 0.87734
Received=	0.035635
Feedback: 0.63414
Received=	0.5286
Feedback: 0.281
Received=	0.43261
Feedback: 0.34976
Received=	0.16033
Feedback: 0.54481
Calculated range:	[(-2.000000) - (2.000000)]
Success index = (-0.906987)
Received=	-0.067154
=====  13:20:36 - BASE  ============
Feedback: 0.66
Received=	-0.070536
Feedback: 0.66
Received=	0.52698
Feedback: 0.66
Received=	0.48667
Feedback: 0.66
Received=	-0.18335
Feedback: 0.66
Received=	-0.36662
Feedback: 0.66
Received=	-0.17214
Feedback: 0.66
Received=	-0.27844
Feedback: 0.66
Received=	-0.26027
Feedback: 0.66
Received=	0.13934
Feedback: 0.66
Received=	-0.079238
Feedback: 0.66
Received=	-0.40115
Feedback: 0.66
Received=	-0.1141
Feedback: 0.66
Received=	0.26381
Feedback: 0.66
Received=	0.15401
Feedback: 0.66
Received=	0.089218
Feedback: 0.66
Received=	-0.10694
Feedback: 0.66
Received=	-0.17253
Feedback: 0.66
Received=	-0.18602
Feedback: 0.66
Received=	-0.35607
Feedback: 0.66
Received=	-0.46476
=====  13:21:36 - NF  ============
Feedback: 0.79488
Received=	0.47334
Feedback: 0.11733
Received=	0.71292
Feedback: 0.1
Received=	0.099148
Feedback: 0.38759
Received=	0.20179
Feedback: 0.31346
Received=	-0.030899
Feedback: 0.48152
Received=	0.246
Feedback: 0.28152
Received=	0.83176
Feedback: 0.1
Received=	0.55763
Feedback: 0.1
Received=	-0.1253
Feedback: 0.5497
Received=	-0.33505
Feedback: 0.70119
Received=	0.23213
Feedback: 0.29154
Received=	0.1872
Feedback: 0.324
Received=	-0.014148
Feedback: 0.46942
Received=	0.58958
Feedback: 0.1
Received=	0.50361
Feedback: 0.1
Received=	-0.10962
Feedback: 0.53837
Received=	0.064254
Feedback: 0.41279
Received=	0.44278
Feedback: 0.1394
Received=	1.1261
Feedback: 0.1
Received=	1.0471
Feedback: 0.1
Received=	0.51056
Feedback: 0.1
Received=	0.64071
Feedback: 0.1
Received=	0.52215
Feedback: 0.1
Received=	0.24781
Feedback: 0.28022
Received=	0.17802
Feedback: 0.33063
Received=	0.6447
Feedback: 0.1
Received=	0.78002
Feedback: 0.1
Received=	0.79532
Feedback: 0.1
Received=	0.65031
Feedback: 0.1
Received=	0.22288
Feedback: 0.29822
Received=	0.15335
Feedback: 0.34844
Received=	0.21299
Feedback: 0.30537
Received=	0.52026
Feedback: 0.1
Received=	0.85284
Feedback: 0.1
Received=	0.54198
Feedback: 0.1
Received=	0.3082
Feedback: 0.2366
Received=	0.22091
Feedback: 0.29965
Received=	0.029041
Feedback: 0.43822
Received=	0.59387
Feedback: 0.1
Received=	0.58415
Feedback: 0.1
Received=	0.068027
Feedback: 0.41007
Received=	0.0054805
Feedback: 0.45524
Received=	0.78219
Feedback: 0.1
Received=	0.9965
Feedback: 0.1
Received=	0.76123
Feedback: 0.1
Received=	0.16629
Feedback: 0.3391
Received=	0.18261
Feedback: 0.32731
Received=	0.42728
Feedback: 0.15059
Received=	0.36894
Feedback: 0.19273
Received=	0.35887
Feedback: 0.20001
Received=	0.5161
Feedback: 0.1
Received=	0.41242
Feedback: 0.16132
Received=	0.48652
Feedback: 0.1078
Received=	0.71181
Feedback: 0.1
Received=	0.79712
Feedback: 0.1
Received=	0.83937
Feedback: 0.1
Received=	0.99467
Feedback: 0.1
Received=	0.60143
Feedback: 0.1
Received=	0.35262
Feedback: 0.20452
Calculated range:	[(-2.000000) - (2.000000)]
Success index = (1.463812)
Received=	0.19349
=====  13:24:36 - BASE  ============
Feedback: 0.66
Received=	0.1251
Feedback: 0.66
Received=	0.43456
Feedback: 0.66
Received=	1.1989
Feedback: 0.66
Received=	1.0127
Feedback: 0.66
Received=	0.2025
Feedback: 0.66
Received=	0.072646
Feedback: 0.66
Received=	0.27029
Feedback: 0.66
Received=	0.73246
Feedback: 0.66
Received=	0.973
Feedback: 0.66
Received=	0.34244
Feedback: 0.66
Received=	0.19918
Feedback: 0.66
Received=	0.18726
Feedback: 0.66
Received=	0.08354
Feedback: 0.66
Received=	0.10638
Feedback: 0.66
Received=	0.28296
Feedback: 0.66
Received=	0.19758
Feedback: 0.66
Received=	0.038312
Feedback: 0.66
Received=	-0.028937
Feedback: 0.66
Received=	0.1023
Feedback: 0.66
Received=	-0.12299
=====  13:25:36 - NF  ============
Feedback: 0.7596
Received=	0.11581
Feedback: 0.63018
Received=	0.86532
Feedback: 0.22397
Received=	1.6177
Feedback: 0.1
Received=	1.1584
Feedback: 0.1
Received=	0.68227
Feedback: 0.32317
Received=	0.4651
Feedback: 0.44087
Received=	0.78917
Feedback: 0.26524
Received=	0.69596
Feedback: 0.31576
Received=	0.42452
Feedback: 0.46286
Received=	0.60849
Feedback: 0.36316
Received=	0.50189
Feedback: 0.42093
Received=	0.22204
Feedback: 0.5726
Received=	0.32108
Feedback: 0.51893
Received=	0.76833
Feedback: 0.27653
Received=	0.64059
Feedback: 0.34577
Received=	0.32352
Feedback: 0.5176
Received=	0.12587
Feedback: 0.62472
Received=	0.45006
Feedback: 0.44903
Received=	0.45382
Feedback: 0.44698
Received=	0.28201
Feedback: 0.5401
Received=	0.17208
Feedback: 0.59968
Received=	-0.074914
Feedback: 0.73354
Received=	0.20096
Feedback: 0.58403
Received=	0.57326
Feedback: 0.38225
Received=	0.77555
Feedback: 0.27262
Received=	0.73312
Feedback: 0.29562
Received=	0.83374
Feedback: 0.24109
Received=	0.76097
Feedback: 0.28053
Received=	0.37617
Feedback: 0.48907
Received=	0.47008
Feedback: 0.43817
Received=	0.35825
Feedback: 0.49878
Received=	0.42824
Feedback: 0.46085
Received=	0.44988
Feedback: 0.44912
Received=	0.43496
Feedback: 0.45721
Received=	0.5269
Feedback: 0.40738
Received=	1.3573
Feedback: 0.1
Received=	1.3954
Feedback: 0.1
Received=	0.90161
Feedback: 0.2043
Received=	0.86047
Feedback: 0.2266
Received=	0.81943
Feedback: 0.24884
Received=	0.84726
Feedback: 0.23376
Received=	0.53471
Feedback: 0.40315
Received=	0.58713
Feedback: 0.37474
Received=	0.73612
Feedback: 0.29399
Received=	0.47935
Feedback: 0.43315
Received=	0.53141
Feedback: 0.40494
Received=	0.39588
Feedback: 0.47839
Received=	0.38887
Feedback: 0.48219
Received=	0.54994
Feedback: 0.3949
Received=	0.71501
Feedback: 0.30543
Received=	0.2297
Feedback: 0.56845
Received=	0.51474
Feedback: 0.41397
Received=	0.61473
Feedback: 0.35978
Received=	0.76811
Feedback: 0.27665
Received=	0.90099
Feedback: 0.20464
Received=	1.0621
Feedback: 0.11734
Received=	0.60067
Feedback: 0.3674
Received=	0.64269
Feedback: 0.34463
Received=	0.58907
Feedback: 0.37369
Calculated range:	[(-2.000000) - (2.000000)]
Success index = (0.700532)
closing...
