Direction=-1.000000	; step=1.000000;
Received=	0
Feedback: 0.66
Received=	0
Feedback: 0.66
Received=	0
Feedback: 0.66
Received=	0.11481
Feedback: 0.66
Received=	-0.34171
Feedback: 0.66
Received=	-0.063158
Feedback: 0.66
Received=	-0.44858
Feedback: 0.66
Received=	-0.49672
Feedback: 0.66
Received=	-0.36951
Feedback: 0.66
Received=	-0.14796
Feedback: 0.66
Received=	0.046691
Feedback: 0.66
Received=	-0.27619
Feedback: 0.66
Received=	-0.058888
Feedback: 0.66
Received=	0.012336
Feedback: 0.66
Received=	-0.13348
Feedback: 0.66
Received=	-0.22744
Feedback: 0.66
Received=	-0.12578
Feedback: 0.66
Received=	-0.10046
Feedback: 0.66
Received=	-0.14423
Feedback: 0.66
Received=	-0.20209
Feedback: 0.66
Received=	-0.11265
=====  13:29:51 - NF  ============
Feedback: 0.43895
Received=	0.30029
Feedback: 0.1
Received=	0.51021
Feedback: 0.1
Received=	0.34675
Feedback: 0.1
Received=	0.1011
Feedback: 0.18765
Received=	-0.069438
Feedback: 0.38815
Received=	-0.13236
Feedback: 0.46212
Received=	-0.016765
Feedback: 0.32622
Received=	0.036784
Feedback: 0.26327
Received=	-0.0052851
Feedback: 0.31273
Received=	-0.0054606
Feedback: 0.31293
Received=	-0.27225
Feedback: 0.62659
Received=	-0.45029
Feedback: 0.8359
Received=	-0.2748
Feedback: 0.62959
Received=	-0.16436
Feedback: 0.49975
Received=	-0.10916
Feedback: 0.43485
Received=	-0.076405
Feedback: 0.39634
Received=	-0.44512
Feedback: 0.82982
Received=	-0.73537
Feedback: 0.9
Received=	-0.22702
Feedback: 0.57342
Received=	0.33063
Feedback: 0.1
Received=	-0.0073233
Feedback: 0.31512
Received=	-0.42514
Feedback: 0.80634
Received=	-0.44896
Feedback: 0.83434
Received=	-0.50948
Feedback: 0.9
Received=	-0.18182
Feedback: 0.52027
Received=	-0.014969
Feedback: 0.32411
Received=	-0.20178
Feedback: 0.54374
Received=	-0.36811
Feedback: 0.73929
Received=	-0.39059
Feedback: 0.76572
Received=	-0.25081
Feedback: 0.60138
Received=	-0.19013
Feedback: 0.53005
Received=	-0.59803
Feedback: 0.9
Received=	-0.78402
Feedback: 0.9
Received=	-0.5927
Feedback: 0.9
Received=	0.10859
Feedback: 0.17885
Received=	0.14608
Feedback: 0.13477
Received=	0.2079
Feedback: 0.1
Received=	-0.00019984
Feedback: 0.30675
Received=	-0.021523
Feedback: 0.33182
Received=	-0.093507
Feedback: 0.41645
Received=	0.18552
Feedback: 0.1
Received=	0.31441
Feedback: 0.1
Received=	-0.098289
Feedback: 0.42207
Received=	-0.44154
Feedback: 0.82562
Received=	-0.22329
Feedback: 0.56903
Received=	-0.086303
Feedback: 0.40798
Received=	-0.25162
Feedback: 0.60233
Received=	0.055475
Feedback: 0.24129
Received=	0.23186
Feedback: 0.1
Received=	0.36794
Feedback: 0.1
Received=	0.12151
Feedback: 0.16366
Received=	-0.22662
Feedback: 0.57295
Received=	-0.33302
Feedback: 0.69803
Received=	-0.014819
Feedback: 0.32394
Received=	0.43125
Feedback: 0.1
Received=	-0.059148
Feedback: 0.37605
Received=	-0.37499
Feedback: 0.74737
Received=	-0.26335
Feedback: 0.61613
Received=	-0.17447
Feedback: 0.51163
Calculated range:	[(-2.000000) - (2.000000)]
Success index = (0.190176)
Received=	-0.4301
=====  13:32:51 - BASE  ============
Feedback: 0.66
Received=	-0.60203
Feedback: 0.66
Received=	-0.20066
Feedback: 0.66
Received=	0.12557
Feedback: 0.66
Received=	0.0033222
Feedback: 0.66
Received=	-0.22512
Feedback: 0.66
Received=	-0.070358
Feedback: 0.66
Received=	-0.12418
Feedback: 0.66
Received=	-0.34851
Feedback: 0.66
Received=	-0.34464
Feedback: 0.66
Received=	-0.35436
Feedback: 0.66
Received=	-0.028995
Feedback: 0.66
Received=	0.14086
Feedback: 0.66
Received=	-0.037357
Feedback: 0.66
Received=	-0.39106
Feedback: 0.66
Received=	-0.53945
Feedback: 0.66
Received=	-0.27235
Feedback: 0.66
Received=	-0.089766
Feedback: 0.66
Received=	-0.11913
Feedback: 0.66
Received=	-0.14242
Feedback: 0.66
Received=	-0.081573
=====  13:33:51 - NF  ============
Feedback: 0.40588
Received=	0.09021
Feedback: 0.21815
Received=	0.45411
Feedback: 0.1
Received=	0.30112
Feedback: 0.1
Received=	0.27285
Feedback: 0.1
Received=	0.37511
Feedback: 0.1
Received=	0.16234
Feedback: 0.13933
Received=	-0.043568
Feedback: 0.36435
Received=	-0.41585
Feedback: 0.77118
Received=	-0.47038
Feedback: 0.83077
Received=	0.01384
Feedback: 0.30161
Received=	0.085724
Feedback: 0.22305
Received=	0.22021
Feedback: 0.1
Received=	0.58707
Feedback: 0.1
Received=	0.74557
Feedback: 0.1
Received=	0.43291
Feedback: 0.1
Received=	-0.11786
Feedback: 0.44553
Received=	-0.54696
Feedback: 0.9
Received=	-0.48391
Feedback: 0.84555
Received=	-0.19961
Feedback: 0.53487
Received=	-0.42129
Feedback: 0.77713
Received=	-0.42741
Feedback: 0.78382
Received=	-0.46376
Feedback: 0.82353
Received=	-0.23572
Feedback: 0.57433
Received=	0.092596
Feedback: 0.21554
Received=	0.14963
Feedback: 0.15322
Received=	-0.076236
Feedback: 0.40005
Received=	-0.010488
Feedback: 0.3282
Received=	-0.0069354
Feedback: 0.32431
Received=	0.030688
Feedback: 0.2832
Received=	-0.16725
Feedback: 0.49951
Received=	-0.40236
Feedback: 0.75644
Received=	-0.2089
Feedback: 0.54502
Received=	-0.26951
Feedback: 0.61126
Received=	-0.16022
Feedback: 0.49183
Received=	-0.027166
Feedback: 0.34642
Received=	-0.21249
Feedback: 0.54895
Received=	-0.18319
Feedback: 0.51693
Received=	-0.34609
Feedback: 0.69494
Received=	-0.26218
Feedback: 0.60325
Received=	0.098074
Feedback: 0.20956
Received=	0.12293
Feedback: 0.18239
Received=	-0.080987
Feedback: 0.40524
Received=	-0.032897
Feedback: 0.35268
Received=	-0.54875
Feedback: 0.9
Received=	-0.88626
Feedback: 0.9
Received=	-0.83122
Feedback: 0.9
Received=	-0.33478
Feedback: 0.68259
Received=	-0.28682
Feedback: 0.63018
Received=	0.33663
Feedback: 0.1
Received=	0.44664
Feedback: 0.1
Received=	0.10448
Feedback: 0.20256
Received=	-0.012638
Feedback: 0.33055
Received=	-0.075437
Feedback: 0.39917
Received=	-0.40899
Feedback: 0.76369
Received=	-0.48445
Feedback: 0.84615
Received=	0.099833
Feedback: 0.20764
Received=	0.50065
Feedback: 0.1
Received=	0.57398
Feedback: 0.1
Received=	0.30894
Feedback: 0.1
Calculated range:	[(-2.000000) - (2.000000)]
Success index = (0.346394)
Received=	-0.15799
=====  13:36:51 - BASE  ============
Feedback: 0.66
Received=	-0.19384
Feedback: 0.66
Received=	-0.27887
Feedback: 0.66
Received=	-0.14465
Feedback: 0.66
Received=	0.049686
Feedback: 0.66
Received=	0.067669
Feedback: 0.66
Received=	-0.11951
Feedback: 0.66
Received=	-0.31221
Feedback: 0.66
Received=	-0.26177
Feedback: 0.66
Received=	-0.18521
Feedback: 0.66
Received=	-0.026648
Feedback: 0.66
Received=	-0.16751
Feedback: 0.66
Received=	-0.31881
Feedback: 0.66
Received=	-0.055181
Feedback: 0.66
Received=	-0.0047412
Feedback: 0.66
Received=	-0.070698
Feedback: 0.66
Received=	-0.069175
Feedback: 0.66
Received=	-0.27917
Feedback: 0.66
Received=	-0.32389
Feedback: 0.66
Received=	-0.37188
Feedback: 0.66
Received=	-0.36343
=====  13:37:51 - NF  ============
Feedback: 0.79428
Received=	-0.14578
Feedback: 0.48007
Received=	-0.19834
Feedback: 0.55595
Received=	-0.29638
Feedback: 0.69748
Received=	-0.075522
Feedback: 0.37864
Received=	-0.15455
Feedback: 0.49273
Received=	-0.30168
Feedback: 0.70513
Received=	-0.62195
Feedback: 0.9
Received=	-0.65004
Feedback: 0.9
Received=	-0.50567
Feedback: 0.9
Received=	-0.34986
Feedback: 0.77469
Received=	-0.21978
Feedback: 0.58689
Received=	-0.10905
Feedback: 0.42705
Received=	-0.22149
Feedback: 0.58937
Received=	-0.32274
Feedback: 0.73553
Received=	-0.32412
Feedback: 0.73752
Received=	-0.16673
Feedback: 0.51031
Received=	0.35144
Feedback: 0.1
Received=	-0.29304
Feedback: 0.69266
Received=	-0.91463
Feedback: 0.9
Received=	-0.69323
Feedback: 0.9
Received=	-0.1575
Feedback: 0.49698
Received=	0.044645
Feedback: 0.20517
Received=	-0.05735
Feedback: 0.35241
Received=	-0.080479
Feedback: 0.3858
Received=	-0.12793
Feedback: 0.4543
Received=	0.13682
Feedback: 0.1
Received=	0.14962
Feedback: 0.1
Received=	-0.10557
Feedback: 0.42202
Received=	-0.01945
Feedback: 0.2977
Received=	-0.20478
Feedback: 0.56524
Received=	-0.41413
Feedback: 0.86746
Received=	-0.47163
Feedback: 0.9
Received=	-0.37664
Feedback: 0.81334
Received=	-0.62204
Feedback: 0.9
Received=	-0.21814
Feedback: 0.58453
Received=	0.27402
Feedback: 0.1
Received=	0.088022
Feedback: 0.14255
Received=	0.018343
Feedback: 0.24314
Received=	-0.052868
Feedback: 0.34594
Received=	-0.15616
Feedback: 0.49505
Received=	-0.17218
Feedback: 0.51818
Received=	-0.13316
Feedback: 0.46185
Received=	-0.15963
Feedback: 0.50006
Received=	-0.095642
Feedback: 0.40769
Received=	0.0093846
Feedback: 0.25607
Received=	-0.22335
Feedback: 0.59205
Received=	-0.2395
Feedback: 0.61536
Received=	-0.5233
Feedback: 0.9
Received=	-0.65286
Feedback: 0.9
Received=	-0.35347
Feedback: 0.7799
Received=	-0.19777
Feedback: 0.55513
Received=	-0.0030064
Feedback: 0.27396
Received=	-0.060642
Feedback: 0.35716
Received=	0.088089
Feedback: 0.14245
Received=	0.11303
Feedback: 0.10645
Received=	-0.095707
Feedback: 0.40778
Received=	0.19944
Feedback: 0.1
Received=	-0.15857
Feedback: 0.49854
Received=	-0.30861
Feedback: 0.71514
Calculated range:	[(-2.000000) - (2.000000)]
Success index = (-0.174810)
Received=	-0.24149
=====  13:40:51 - BASE  ============
Feedback: 0.66
Received=	-0.33054
Feedback: 0.66
Received=	-0.19745
Feedback: 0.66
Received=	-0.032881
Feedback: 0.66
Received=	-0.071531
Feedback: 0.66
Received=	0.034877
Feedback: 0.66
Received=	0.11822
Feedback: 0.66
Received=	0.048456
Feedback: 0.66
Received=	-0.070992
Feedback: 0.66
Received=	0.0076198
Feedback: 0.66
Received=	0.23161
Feedback: 0.66
Received=	0.32915
Feedback: 0.66
Received=	-0.099917
Feedback: 0.66
Received=	-0.20344
Feedback: 0.66
Received=	-0.1598
Feedback: 0.66
Received=	-0.18779
Feedback: 0.66
Received=	0.19816
Feedback: 0.66
Received=	0.31025
Feedback: 0.66
Received=	0.35253
Feedback: 0.66
Received=	-0.057678
Feedback: 0.66
Received=	-0.25999
=====  13:41:51 - NF  ============
Feedback: 0.81233
Received=	0.065891
Feedback: 0.46198
Received=	0.097504
Feedback: 0.42799
Received=	0.12229
Feedback: 0.40134
Received=	0.070088
Feedback: 0.45746
Received=	-0.14613
Feedback: 0.68991
Received=	0.01941
Feedback: 0.51195
Received=	-0.047451
Feedback: 0.58383
Received=	-0.23553
Feedback: 0.78602
Received=	-0.27425
Feedback: 0.82766
Received=	-0.17466
Feedback: 0.72059
Received=	-0.36215
Feedback: 0.9
Received=	-0.35486
Feedback: 0.9
Received=	-0.31154
Feedback: 0.86774
Received=	-0.15003
Feedback: 0.69411
Received=	-0.24643
Feedback: 0.79775
Received=	-0.32726
Feedback: 0.88464
Received=	-0.27995
Feedback: 0.83378
Received=	-0.35993
Feedback: 0.9
Received=	-0.37307
Feedback: 0.9
Received=	-0.61571
Feedback: 0.9
Received=	-0.98534
Feedback: 0.9
Received=	-0.99607
Feedback: 0.9
Received=	-0.55662
Feedback: 0.9
Received=	-0.062044
Feedback: 0.59952
Received=	0.2437
Feedback: 0.27082
Received=	0.013835
Feedback: 0.51794
Received=	-0.48405
Feedback: 0.9
Received=	-0.90312
Feedback: 0.9
Received=	-0.55045
Feedback: 0.9
Received=	-0.58536
Feedback: 0.9
Received=	-1.1743
Feedback: 0.9
Received=	-1.3519
Feedback: 0.9
Received=	-1.1294
Feedback: 0.9
Received=	-1.2401
Feedback: 0.9
Received=	-0.83246
Feedback: 0.9
Received=	-0.58647
Feedback: 0.9
Received=	-0.34574
Feedback: 0.9
Received=	-0.035335
Feedback: 0.5708
Received=	0.10746
Feedback: 0.41728
Received=	-0.063284
Feedback: 0.60085
Received=	-0.11667
Feedback: 0.65824
Received=	0.1363
Feedback: 0.38629
Received=	0.41205
Feedback: 0.1
Received=	0.16832
Feedback: 0.35186
Received=	0.034564
Feedback: 0.49565
Received=	-0.12374
Feedback: 0.66585
Received=	-0.20143
Feedback: 0.74936
Received=	-0.21349
Feedback: 0.76234
Received=	-0.10718
Feedback: 0.64804
Received=	-0.23651
Feedback: 0.78708
Received=	-0.36062
Feedback: 0.9
Received=	-0.38065
Feedback: 0.9
Received=	-0.21384
Feedback: 0.76271
Received=	-0.10309
Feedback: 0.64365
Received=	0.12561
Feedback: 0.39777
Received=	0.25507
Feedback: 0.25859
Received=	0.036469
Feedback: 0.49361
Received=	-0.051747
Feedback: 0.58845
Received=	-0.18643
Feedback: 0.73324
Calculated range:	[(-2.000000) - (2.000000)]
Success index = (-0.906563)
Received=	-0.018707
=====  13:44:51 - BASE  ============
Feedback: 0.66
Received=	0.13102
Feedback: 0.66
Received=	0.0475
Feedback: 0.66
Received=	0.035364
Feedback: 0.66
Received=	-0.20457
Feedback: 0.66
Received=	-0.25359
Feedback: 0.66
Received=	-0.42506
Feedback: 0.66
Received=	-0.3335
Feedback: 0.66
Received=	-0.34545
Feedback: 0.66
Received=	-0.34544
Feedback: 0.66
Received=	-0.18062
Feedback: 0.66
Received=	0.01054
Feedback: 0.66
Received=	-0.092732
Feedback: 0.66
Received=	-0.24054
Feedback: 0.66
Received=	-0.32138
Feedback: 0.66
Received=	-0.32233
Feedback: 0.66
Received=	-0.15842
Feedback: 0.66
Received=	-0.10076
Feedback: 0.66
Received=	-0.01109
Feedback: 0.66
Received=	0.13526
Feedback: 0.66
Received=	0.442
=====  13:45:51 - NF  ============
Feedback: 0.1
Received=	0.52826
Feedback: 0.1
Received=	0.28941
Feedback: 0.1
Received=	-0.093828
Feedback: 0.40464
Received=	-0.086547
Feedback: 0.39583
Received=	-0.13014
Feedback: 0.4486
Received=	-0.34393
Feedback: 0.7074
Received=	-0.29059
Feedback: 0.64283
Received=	-0.17612
Feedback: 0.50426
Received=	-0.20144
Feedback: 0.53491
Received=	-0.1145
Feedback: 0.42966
Received=	-0.18058
Feedback: 0.50966
Received=	-0.14136
Feedback: 0.46218
Received=	-0.1321
Feedback: 0.45097
Received=	0.0087954
Feedback: 0.28041
Received=	0.020601
Feedback: 0.26612
Received=	-0.02956
Feedback: 0.32684
Received=	-0.087268
Feedback: 0.3967
Received=	-0.15511
Feedback: 0.47882
Received=	-0.010026
Feedback: 0.3032
Received=	-0.113
Feedback: 0.42786
Received=	-0.083375
Feedback: 0.39199
Received=	-0.16983
Feedback: 0.49665
Received=	0.049506
Feedback: 0.23113
Received=	0.029822
Feedback: 0.25496
Received=	0.0030426
Feedback: 0.28738
Received=	-0.080004
Feedback: 0.38791
Received=	-0.36072
Feedback: 0.72772
Received=	-0.33663
Feedback: 0.69856
Received=	0.21478
Feedback: 0.1
Received=	0.24315
Feedback: 0.1
Received=	-0.076534
Feedback: 0.38371
Received=	-0.2914
Feedback: 0.64381
Received=	-0.28799
Feedback: 0.63969
Received=	-0.2662
Feedback: 0.61331
Received=	-0.31078
Feedback: 0.66727
Received=	-0.4136
Feedback: 0.79174
Received=	-0.45333
Feedback: 0.83983
Received=	-0.22834
Feedback: 0.56748
Received=	0.09538
Feedback: 0.1756
Received=	-0.19212
Feedback: 0.52363
Received=	-0.28586
Feedback: 0.63711
Received=	-0.3582
Feedback: 0.72468
Received=	-0.13078
Feedback: 0.44938
Received=	-0.006822
Feedback: 0.29932
Received=	-0.040842
Feedback: 0.3405
Received=	-0.28919
Feedback: 0.64114
Received=	-0.51394
Feedback: 0.9
Received=	-0.17471
Feedback: 0.50255
Received=	-0.18156
Feedback: 0.51085
Received=	-0.25615
Feedback: 0.60114
Received=	-0.25373
Feedback: 0.59821
Received=	-0.61693
Feedback: 0.9
Received=	-0.25003
Feedback: 0.59373
Received=	0.29209
Feedback: 0.1
Received=	0.16865
Feedback: 0.1
Received=	-0.12038
Feedback: 0.43678
Received=	-0.10138
Feedback: 0.41378
Received=	0.00062317
Feedback: 0.29031
Received=	0.030131
Feedback: 0.25459
Calculated range:	[(-2.000000) - (2.000000)]
Success index = (0.274204)
closing...
