Direction=-1.000000	; step=1.000000;
Received=	0
Feedback: 0.66
Received=	0
Feedback: 0.66
Received=	0
Feedback: 0.66
Received=	-0.29654
Feedback: 0.66
Received=	-0.86657
Feedback: 0.66
Received=	0.082384
Feedback: 0.66
Received=	-0.12109
Feedback: 0.66
Received=	0.036838
Feedback: 0.66
Received=	-0.019322
Feedback: 0.66
Received=	-0.31202
Feedback: 0.66
Received=	-0.10722
Feedback: 0.66
Received=	0.018257
Feedback: 0.66
Received=	0.10116
Feedback: 0.66
Received=	0.14049
Feedback: 0.66
Received=	0.1224
Feedback: 0.66
Received=	-0.019289
Feedback: 0.66
Received=	-0.074163
Feedback: 0.66
Received=	0.2734
Feedback: 0.66
Received=	0.17257
Feedback: 0.66
Received=	-0.12484
Feedback: 0.66
Received=	-0.17106
=====  12:29:42 - NF  ============
Feedback: 0.59162
Received=	-0.083508
Feedback: 0.52239
Received=	-0.092296
Feedback: 0.52934
Received=	0.0015748
Feedback: 0.4551
Received=	0.0049159
Feedback: 0.45246
Received=	-0.026133
Feedback: 0.47702
Received=	-0.16889
Feedback: 0.58991
Received=	-0.27278
Feedback: 0.67207
Received=	-0.31909
Feedback: 0.70869
Received=	-0.26804
Feedback: 0.66832
Received=	-0.21326
Feedback: 0.62499
Received=	-0.27502
Feedback: 0.67384
Received=	-0.34327
Feedback: 0.72781
Received=	-0.34615
Feedback: 0.73009
Received=	-0.36098
Feedback: 0.74181
Received=	-0.20666
Feedback: 0.61978
Received=	-0.15678
Feedback: 0.58033
Received=	-0.15535
Feedback: 0.5792
Received=	-0.091851
Feedback: 0.52899
Received=	-0.075725
Feedback: 0.51623
Received=	-0.20312
Feedback: 0.61698
Received=	-0.3237
Feedback: 0.71234
Received=	-0.37561
Feedback: 0.75339
Received=	-0.39163
Feedback: 0.76606
Received=	-0.42735
Feedback: 0.79431
Received=	-0.45381
Feedback: 0.81523
Received=	-0.61603
Feedback: 0.9
Received=	-0.67772
Feedback: 0.9
Received=	-0.63872
Feedback: 0.9
Received=	-0.58022
Feedback: 0.9
Received=	-0.25737
Feedback: 0.65988
Received=	-0.14302
Feedback: 0.56945
Received=	-0.15256
Feedback: 0.57699
Received=	-0.17632
Feedback: 0.59578
Received=	-0.31738
Feedback: 0.70734
Received=	-0.42473
Feedback: 0.79223
Received=	-0.57222
Feedback: 0.9
Received=	-0.66894
Feedback: 0.9
Received=	-0.3856
Feedback: 0.76128
Received=	-0.58932
Feedback: 0.9
Received=	-0.6353
Feedback: 0.9
Received=	-0.57063
Feedback: 0.9
Received=	-0.41728
Feedback: 0.78634
Received=	-0.25807
Feedback: 0.66044
Received=	-0.29615
Feedback: 0.69055
Received=	-0.37249
Feedback: 0.75092
Received=	-0.4282
Feedback: 0.79497
Received=	-0.40716
Feedback: 0.77834
Received=	-0.59233
Feedback: 0.9
Received=	-0.61908
Feedback: 0.9
Received=	-0.60519
Feedback: 0.9
Received=	-0.61674
Feedback: 0.9
Received=	-0.76239
Feedback: 0.9
Received=	-0.68777
Feedback: 0.9
Received=	-0.49856
Feedback: 0.85062
Received=	-0.43765
Feedback: 0.80245
Received=	-0.38389
Feedback: 0.75994
Received=	-0.37327
Feedback: 0.75154
Received=	-0.44473
Feedback: 0.80805
Received=	-0.31406
Feedback: 0.70471
Calculated range:	[(-2.466929) - (1.533071)]
Success index = (-1.466929)
Received=	-0.29861
=====  12:32:42 - BASE  ============
Feedback: 0.66
Received=	0.48811
Feedback: 0.66
Received=	0.21193
Feedback: 0.66
Received=	-0.039148
Feedback: 0.66
Received=	0.15273
Feedback: 0.66
Received=	0.18072
Feedback: 0.66
Received=	-0.0010429
Feedback: 0.66
Received=	-0.03365
Feedback: 0.66
Received=	0.11032
Feedback: 0.66
Received=	-0.16321
Feedback: 0.66
Received=	-0.26377
Feedback: 0.66
Received=	0.0087236
Feedback: 0.66
Received=	0.13957
Feedback: 0.66
Received=	0.026362
Feedback: 0.66
Received=	-0.083069
Feedback: 0.66
Received=	-0.030434
Feedback: 0.66
Received=	0.050619
Feedback: 0.66
Received=	-0.18357
Feedback: 0.66
Received=	-0.20736
Feedback: 0.66
Received=	-0.10401
Feedback: 0.66
Received=	-0.065877
=====  12:33:42 - NF  ============
Feedback: 0.4833
Received=	-0.14724
Feedback: 0.60058
Received=	-0.10269
Feedback: 0.53637
Received=	0.10442
Feedback: 0.2378
Received=	0.040964
Feedback: 0.32928
Received=	-0.13371
Feedback: 0.58109
Received=	-0.23954
Feedback: 0.73365
Received=	-0.18194
Feedback: 0.65061
Received=	-0.22326
Feedback: 0.71018
Received=	-0.39186
Feedback: 0.9
Received=	-0.24486
Feedback: 0.74132
Received=	-0.1236
Feedback: 0.56651
Received=	-0.076457
Feedback: 0.49855
Received=	-0.096411
Feedback: 0.52732
Received=	-0.16114
Feedback: 0.62063
Received=	-0.29838
Feedback: 0.81847
Received=	-0.29636
Feedback: 0.81555
Received=	-0.17182
Feedback: 0.63603
Received=	-0.054806
Feedback: 0.46734
Received=	-0.14716
Feedback: 0.60048
Received=	-0.11372
Feedback: 0.55227
Received=	-0.10711
Feedback: 0.54274
Received=	-0.11262
Feedback: 0.55069
Received=	-0.071846
Feedback: 0.4919
Received=	-0.24869
Feedback: 0.74684
Received=	-0.13842
Feedback: 0.58788
Received=	-0.10519
Feedback: 0.53996
Received=	-0.0056915
Feedback: 0.39654
Received=	0.12426
Feedback: 0.20921
Received=	-0.1235
Feedback: 0.56636
Received=	-0.2444
Feedback: 0.74065
Received=	-0.14625
Feedback: 0.59916
Received=	-0.18665
Feedback: 0.6574
Received=	-0.29879
Feedback: 0.81906
Received=	-0.27312
Feedback: 0.78206
Received=	-0.24783
Feedback: 0.7456
Received=	0.0034772
Feedback: 0.38332
Received=	-0.13027
Feedback: 0.57613
Received=	-0.10484
Feedback: 0.53946
Received=	-0.16827
Feedback: 0.6309
Received=	-0.15893
Feedback: 0.61745
Received=	0.036665
Feedback: 0.33548
Received=	-0.091797
Feedback: 0.52066
Received=	-0.20855
Feedback: 0.68897
Received=	-0.12764
Feedback: 0.57234
Received=	-0.086113
Feedback: 0.51247
Received=	-0.065129
Feedback: 0.48222
Received=	-0.056647
Feedback: 0.46999
Received=	-0.030197
Feedback: 0.43186
Received=	-0.2042
Feedback: 0.6827
Received=	-0.2524
Feedback: 0.75219
Received=	-0.23467
Feedback: 0.72662
Received=	-0.19181
Feedback: 0.66483
Received=	-0.0885
Feedback: 0.51591
Received=	-0.10495
Feedback: 0.53962
Received=	-0.059215
Feedback: 0.4737
Received=	-0.11831
Feedback: 0.55888
Received=	-0.034359
Feedback: 0.43786
Received=	-0.004544
Feedback: 0.39488
Received=	-0.16379
Feedback: 0.62445
Calculated range:	[(-2.102092) - (1.897908)]
Success index = (-1.102092)
Received=	-0.2528
=====  12:36:43 - BASE  ============
Feedback: 0.66
Received=	-0.14203
Feedback: 0.66
Received=	0.056106
Feedback: 0.66
Received=	0.27948
Feedback: 0.66
Received=	0.4691
Feedback: 0.66
Received=	0.2164
Feedback: 0.66
Received=	0.13683
Feedback: 0.66
Received=	-0.10297
Feedback: 0.66
Received=	-0.07023
Feedback: 0.66
Received=	0.12822
Feedback: 0.66
Received=	0.025251
Feedback: 0.66
Received=	-0.14321
Feedback: 0.66
Received=	-0.19095
Feedback: 0.66
Received=	-0.12226
Feedback: 0.66
Received=	0.13845
Feedback: 0.66
Received=	0.30199
Feedback: 0.66
Received=	0.061847
Feedback: 0.66
Received=	-0.13493
Feedback: 0.66
Received=	-0.20363
Feedback: 0.66
Received=	-0.036779
Feedback: 0.66
Received=	0.30221
=====  12:37:42 - NF  ============
Feedback: 0.20801
Received=	0.16873
Feedback: 0.3489
Received=	-0.3497
Feedback: 0.89615
Received=	-0.29047
Feedback: 0.83363
Received=	-0.14762
Feedback: 0.68283
Received=	0.010997
Feedback: 0.5154
Received=	-0.05797
Feedback: 0.5882
Received=	-0.14544
Feedback: 0.68053
Received=	-0.035058
Feedback: 0.56402
Received=	0.060944
Feedback: 0.46268
Received=	-0.075603
Feedback: 0.60681
Received=	-0.39717
Feedback: 0.9
Received=	-0.41177
Feedback: 0.9
Received=	-0.22907
Feedback: 0.76881
Received=	-0.27396
Feedback: 0.8162
Received=	-0.15378
Feedback: 0.68933
Received=	-0.20221
Feedback: 0.74046
Received=	-0.26426
Feedback: 0.80596
Received=	-0.21114
Feedback: 0.74989
Received=	-0.1161
Feedback: 0.64956
Received=	-0.18919
Feedback: 0.72671
Received=	-0.13398
Feedback: 0.66844
Received=	0.041143
Feedback: 0.48358
Received=	0.075425
Feedback: 0.44739
Received=	-0.078326
Feedback: 0.60969
Received=	-0.19678
Feedback: 0.73472
Received=	-0.17285
Feedback: 0.70946
Received=	-0.15047
Feedback: 0.68584
Received=	-0.0043665
Feedback: 0.53162
Received=	0.092659
Feedback: 0.4292
Received=	-0.0066998
Feedback: 0.53408
Received=	-0.042007
Feedback: 0.57135
Received=	-0.14419
Feedback: 0.67921
Received=	-0.081031
Feedback: 0.61254
Received=	-0.038398
Feedback: 0.56754
Received=	0.0073531
Feedback: 0.51925
Received=	0.078949
Feedback: 0.44367
Received=	0.17396
Feedback: 0.34339
Received=	0.05141
Feedback: 0.47274
Received=	0.15213
Feedback: 0.36642
Received=	0.11489
Feedback: 0.40574
Received=	0.00017433
Feedback: 0.52683
Received=	0.012441
Feedback: 0.51388
Received=	-0.094579
Feedback: 0.62685
Received=	-0.11061
Feedback: 0.64376
Received=	-0.026792
Feedback: 0.55529
Received=	0.019203
Feedback: 0.50674
Received=	-0.053937
Feedback: 0.58394
Received=	0.012404
Feedback: 0.51392
Received=	-0.0038778
Feedback: 0.5311
Received=	-0.05211
Feedback: 0.58202
Received=	-0.16536
Feedback: 0.70156
Received=	-0.071376
Feedback: 0.60235
Received=	0.15993
Feedback: 0.35819
Received=	0.079148
Feedback: 0.44346
Received=	-0.0086307
Feedback: 0.53612
Received=	0.0019674
Feedback: 0.52493
Received=	-0.09354
Feedback: 0.62575
Received=	-0.14938
Feedback: 0.68469
Received=	-0.18918
Feedback: 0.72671
Calculated range:	[(-2.000000) - (2.000000)]
Success index = (-0.728448)
Received=	0.027656
=====  12:40:43 - BASE  ============
Feedback: 0.66
Received=	0.064337
Feedback: 0.66
Received=	0.10801
Feedback: 0.66
Received=	0.035827
Feedback: 0.66
Received=	0.079483
Feedback: 0.66
Received=	-0.27899
Feedback: 0.66
Received=	-0.073101
Feedback: 0.66
Received=	-0.22355
Feedback: 0.66
Received=	-0.37649
Feedback: 0.66
Received=	-0.36438
Feedback: 0.66
Received=	-0.12662
Feedback: 0.66
Received=	0.094411
Feedback: 0.66
Received=	0.056629
Feedback: 0.66
Received=	-0.01279
Feedback: 0.66
Received=	0.062782
Feedback: 0.66
Received=	0.13802
Feedback: 0.66
Received=	-0.065569
Feedback: 0.66
Received=	-0.032358
Feedback: 0.66
Received=	0.11907
Feedback: 0.66
Received=	0.12027
Feedback: 0.66
Received=	0.29916
=====  12:41:43 - NF  ============
Feedback: 0.1
Received=	0.27366
Feedback: 0.12611
Received=	0.00010963
Feedback: 0.45108
Received=	-0.25294
Feedback: 0.75168
Received=	-0.32775
Feedback: 0.84055
Received=	-0.28722
Feedback: 0.7924
Received=	-0.23567
Feedback: 0.73116
Received=	-0.16807
Feedback: 0.65086
Received=	-0.12129
Feedback: 0.59529
Received=	-0.15687
Feedback: 0.63755
Received=	-0.24419
Feedback: 0.74129
Received=	-0.047311
Feedback: 0.50741
Received=	0.058344
Feedback: 0.3819
Received=	0.048818
Feedback: 0.39321
Received=	-0.18563
Feedback: 0.67172
Received=	-0.1617
Feedback: 0.64329
Received=	-0.19886
Feedback: 0.68744
Received=	-0.21815
Feedback: 0.71035
Received=	-0.19852
Feedback: 0.68703
Received=	-0.1049
Feedback: 0.57582
Received=	-0.048551
Feedback: 0.50888
Received=	-0.19333
Feedback: 0.68087
Received=	-0.13164
Feedback: 0.60759
Received=	-0.23038
Feedback: 0.72488
Received=	-0.34842
Feedback: 0.8651
Received=	-0.25758
Feedback: 0.7572
Received=	-0.12418
Feedback: 0.59873
Received=	-0.3129
Feedback: 0.82291
Received=	-0.21977
Feedback: 0.71228
Received=	-0.12509
Feedback: 0.5998
Received=	-0.14688
Feedback: 0.62569
Received=	-0.3886
Feedback: 0.9
Received=	-0.31563
Feedback: 0.82615
Received=	-0.27191
Feedback: 0.77422
Received=	-0.29355
Feedback: 0.79992
Received=	-0.33526
Feedback: 0.84947
Received=	-0.31715
Feedback: 0.82795
Received=	-0.26583
Feedback: 0.76699
Received=	-0.1076
Feedback: 0.57903
Received=	0.074182
Feedback: 0.36308
Received=	-0.095315
Feedback: 0.56443
Received=	-0.25934
Feedback: 0.75928
Received=	-0.27803
Feedback: 0.78148
Received=	0.068458
Feedback: 0.36988
Received=	-0.054845
Feedback: 0.51636
Received=	-0.12263
Feedback: 0.59689
Received=	-0.053533
Feedback: 0.5148
Received=	-0.35721
Feedback: 0.87554
Received=	-0.42824
Feedback: 0.9
Received=	-0.44687
Feedback: 0.9
Received=	-0.18065
Feedback: 0.6658
Received=	-0.094228
Feedback: 0.56314
Received=	-0.13802
Feedback: 0.61516
Received=	-0.23182
Feedback: 0.72659
Received=	-0.45909
Feedback: 0.9
Received=	-0.65942
Feedback: 0.9
Received=	-0.57552
Feedback: 0.9
Received=	-0.23484
Feedback: 0.73018
Received=	-0.13147
Feedback: 0.60738
Received=	0.021784
Feedback: 0.42533
Calculated range:	[(-2.000000) - (2.000000)]
Success index = (-0.861146)
Received=	0.19456
=====  12:44:42 - BASE  ============
Feedback: 0.66
Received=	0.078751
Feedback: 0.66
Received=	0.13027
Feedback: 0.66
Received=	0.20595
Feedback: 0.66
Received=	0.33183
Feedback: 0.66
Received=	0.40767
Feedback: 0.66
Received=	0.23002
Feedback: 0.66
Received=	0.14622
Feedback: 0.66
Received=	0.2392
Feedback: 0.66
Received=	0.22819
Feedback: 0.66
Received=	0.28946
Feedback: 0.66
Received=	0.13787
Feedback: 0.66
Received=	0.23023
Feedback: 0.66
Received=	0.27301
Feedback: 0.66
Received=	0.58263
Feedback: 0.66
Received=	0.52652
Feedback: 0.66
Received=	0.36077
Feedback: 0.66
Received=	0.39056
Feedback: 0.66
Received=	0.25903
Feedback: 0.66
Received=	0.10978
Feedback: 0.66
Received=	0.27317
=====  12:45:43 - NF  ============
Feedback: 0.51368
Received=	0.079681
Feedback: 0.8075
Received=	0.002869
Feedback: 0.9
Received=	-0.16095
Feedback: 0.9
Received=	-0.11693
Feedback: 0.9
Received=	0.068455
Feedback: 0.82455
Received=	-0.0041749
Feedback: 0.9
Received=	-0.083979
Feedback: 0.9
Received=	-0.10714
Feedback: 0.9
Received=	-0.035474
Feedback: 0.9
Received=	0.18585
Feedback: 0.64628
Received=	0.13204
Feedback: 0.72799
Received=	0.1313
Feedback: 0.72913
Received=	0.056245
Feedback: 0.84309
Received=	0.15259
Feedback: 0.69678
Received=	0.3495
Feedback: 0.39778
Received=	0.34472
Feedback: 0.40502
Received=	0.22034
Feedback: 0.5939
Received=	0.22067
Feedback: 0.59341
Received=	0.035477
Feedback: 0.87463
Received=	-0.084239
Feedback: 0.9
Received=	-0.0079054
Feedback: 0.9
Received=	0.11315
Feedback: 0.75668
Received=	0.2113
Feedback: 0.60763
Received=	0.12069
Feedback: 0.74523
Received=	-0.073568
Feedback: 0.9
Received=	-0.092199
Feedback: 0.9
Received=	-0.064538
Feedback: 0.9
Received=	-0.025832
Feedback: 0.9
Received=	-0.069886
Feedback: 0.9
Received=	0.0010548
Feedback: 0.9
Received=	-0.09414
Feedback: 0.9
Received=	-0.091673
Feedback: 0.9
Received=	0.16661
Feedback: 0.6755
Received=	0.22331
Feedback: 0.58939
Received=	0.16496
Feedback: 0.67801
Received=	0.11298
Feedback: 0.75693
Received=	0.12552
Feedback: 0.7379
Received=	0.13353
Feedback: 0.72573
Received=	0.2085
Feedback: 0.61188
Received=	0.22665
Feedback: 0.58433
Received=	0.10388
Feedback: 0.77076
Received=	0.064039
Feedback: 0.83126
Received=	0.23505
Feedback: 0.57157
Received=	0.090986
Feedback: 0.79034
Received=	-0.053057
Feedback: 0.9
Received=	0.028973
Feedback: 0.88451
Received=	0.048012
Feedback: 0.85559
Received=	0.036496
Feedback: 0.87308
Received=	0.097027
Feedback: 0.78116
Received=	0.10213
Feedback: 0.77342
Received=	0.13072
Feedback: 0.73
Received=	0.18354
Feedback: 0.64979
Received=	0.10398
Feedback: 0.7706
Received=	0.061637
Feedback: 0.8349
Received=	-0.10525
Feedback: 0.9
Received=	-0.058721
Feedback: 0.9
Received=	0.11523
Feedback: 0.75353
Received=	0.061406
Feedback: 0.83525
Received=	0.17798
Feedback: 0.65824
Calculated range:	[(-2.696644) - (1.303356)]
Success index = (-1.696644)
closing...
