Direction=-1.000000	; step=1.000000;
Received=	0
Feedback: 0.66
Received=	0
Feedback: 0.66
Received=	0
Feedback: 0.66
Received=	-0.21933
Feedback: 0.66
Received=	0.18672
Feedback: 0.66
Received=	0.31361
Feedback: 0.66
Received=	0.27849
Feedback: 0.66
Received=	0.091935
Feedback: 0.66
Received=	0.0017184
Feedback: 0.66
Received=	0.031614
Feedback: 0.66
Received=	0.13619
Feedback: 0.66
Received=	0.20119
Feedback: 0.66
Received=	-0.13211
Feedback: 0.66
Received=	-0.16278
Feedback: 0.66
Received=	-0.22396
Feedback: 0.66
Received=	-0.12158
Feedback: 0.66
Received=	-0.15827
Feedback: 0.66
Received=	-0.10323
Feedback: 0.66
Received=	-0.0092475
Feedback: 0.66
Received=	-0.14176
Feedback: 0.66
Received=	-0.19642
=====  15:1:58 - NF  ============
Feedback: 0.72889
Received=	0.18018
Feedback: 0.28618
Received=	0.73809
Feedback: 0.1
Received=	0.6956
Feedback: 0.1
Received=	0.98141
Feedback: 0.1
Received=	0.89229
Feedback: 0.1
Received=	0.46097
Feedback: 0.1
Received=	0.20271
Feedback: 0.2597
Received=	0.11177
Feedback: 0.3666
Received=	0.10564
Feedback: 0.37381
Received=	0.3774
Feedback: 0.1
Received=	0.68008
Feedback: 0.1
Received=	0.49049
Feedback: 0.1
Received=	0.39566
Feedback: 0.1
Received=	0.69405
Feedback: 0.1
Received=	0.35908
Feedback: 0.1
Received=	0.29986
Feedback: 0.14549
Received=	0.23261
Feedback: 0.22455
Received=	-0.0023376
Feedback: 0.50074
Received=	-0.29137
Feedback: 0.84051
Received=	0.15787
Feedback: 0.31241
Received=	0.75256
Feedback: 0.1
Received=	0.29567
Feedback: 0.15042
Received=	0.11382
Feedback: 0.36419
Received=	-0.078399
Feedback: 0.59015
Received=	0.38257
Feedback: 0.1
Received=	0.48544
Feedback: 0.1
Received=	1.1083
Feedback: 0.1
Received=	0.7534
Feedback: 0.1
Received=	0.17064
Feedback: 0.2974
Received=	-0.05143
Feedback: 0.55845
Received=	0.16657
Feedback: 0.30218
Received=	0.88643
Feedback: 0.1
Received=	0.20288
Feedback: 0.25949
Received=	0.13578
Feedback: 0.33837
Received=	0.14964
Feedback: 0.32209
Received=	0.21768
Feedback: 0.2421
Received=	-0.051331
Feedback: 0.55833
Received=	-0.30612
Feedback: 0.85785
Received=	-0.2953
Feedback: 0.84513
Received=	-0.22619
Feedback: 0.76389
Received=	-0.018923
Feedback: 0.52023
Received=	0.055864
Feedback: 0.43232
Received=	0.055279
Feedback: 0.43301
Received=	-0.015664
Feedback: 0.5164
Received=	0.0087049
Feedback: 0.48776
Received=	-0.14829
Feedback: 0.67231
Received=	-0.21458
Feedback: 0.75024
Received=	0.0019902
Feedback: 0.49565
Received=	0.40694
Feedback: 0.1
Received=	0.33957
Feedback: 0.1
Received=	0.3274
Feedback: 0.11312
Received=	-0.33729
Feedback: 0.89449
Received=	-0.12972
Feedback: 0.65048
Received=	0.49899
Feedback: 0.1
Received=	0.17427
Feedback: 0.29313
Received=	-0.083361
Feedback: 0.59598
Received=	-0.10214
Feedback: 0.61806
Received=	-0.24053
Feedback: 0.78074
Received=	-0.1401
Feedback: 0.66268
Calculated range:	[(-2.000000) - (2.000000)]
Success index = (0.695232)
Received=	-0.015316
=====  15:4:58 - BASE  ============
Feedback: 0.66
Received=	0.23599
Feedback: 0.66
Received=	0.61999
Feedback: 0.66
Received=	0.16781
Feedback: 0.66
Received=	-0.028669
Feedback: 0.66
Received=	0.22057
Feedback: 0.66
Received=	0.43695
Feedback: 0.66
Received=	0.40372
Feedback: 0.66
Received=	0.11885
Feedback: 0.66
Received=	-0.058531
Feedback: 0.66
Received=	0.22388
Feedback: 0.66
Received=	-0.011712
Feedback: 0.66
Received=	0.038651
Feedback: 0.66
Received=	-0.10327
Feedback: 0.66
Received=	0.049093
Feedback: 0.66
Received=	0.35853
Feedback: 0.66
Received=	0.53362
Feedback: 0.66
Received=	0.20848
Feedback: 0.66
Received=	0.70826
Feedback: 0.66
Received=	0.61836
Feedback: 0.66
Received=	0.23892
=====  15:5:58 - NF  ============
Feedback: 0.50887
Received=	0.062096
Feedback: 0.64715
Received=	0.2746
Feedback: 0.48096
Received=	0.3535
Feedback: 0.41925
Received=	0.05209
Feedback: 0.65498
Received=	-0.076336
Feedback: 0.75542
Received=	-0.092094
Feedback: 0.76774
Received=	-0.044413
Feedback: 0.73045
Received=	-0.044012
Feedback: 0.73014
Received=	-0.13699
Feedback: 0.80285
Received=	-0.21911
Feedback: 0.86707
Received=	0.31039
Feedback: 0.45297
Received=	0.079957
Feedback: 0.63319
Received=	-0.17956
Feedback: 0.83614
Received=	0.19848
Feedback: 0.54049
Received=	0.70375
Feedback: 0.14533
Received=	0.5484
Feedback: 0.26683
Received=	0.24419
Feedback: 0.50475
Received=	0.079643
Feedback: 0.63343
Received=	-0.035528
Feedback: 0.7235
Received=	0.15252
Feedback: 0.57643
Received=	0.41015
Feedback: 0.37495
Received=	0.2548
Feedback: 0.49645
Received=	0.085052
Feedback: 0.6292
Received=	0.43524
Feedback: 0.35533
Received=	0.42777
Feedback: 0.36117
Received=	0.21689
Feedback: 0.5261
Received=	0.036861
Feedback: 0.66689
Received=	0.037816
Feedback: 0.66614
Received=	-0.077208
Feedback: 0.7561
Received=	0.00674
Feedback: 0.69045
Received=	0.23809
Feedback: 0.50951
Received=	0.22601
Feedback: 0.51896
Received=	0.056082
Feedback: 0.65186
Received=	-0.066267
Feedback: 0.74754
Received=	0.11295
Feedback: 0.60738
Received=	0.14923
Feedback: 0.57901
Received=	-0.0663
Feedback: 0.74757
Received=	-0.042614
Feedback: 0.72904
Received=	-0.20386
Feedback: 0.85515
Received=	-0.02349
Feedback: 0.71409
Received=	0.32641
Feedback: 0.44044
Received=	0.46311
Feedback: 0.33353
Received=	0.29198
Feedback: 0.46737
Received=	0.1459
Feedback: 0.58161
Received=	-0.18385
Feedback: 0.8395
Received=	-0.14976
Feedback: 0.81284
Received=	0.11966
Feedback: 0.60214
Received=	0.25512
Feedback: 0.49619
Received=	0.13294
Feedback: 0.59175
Received=	-0.038771
Feedback: 0.72604
Received=	-0.23939
Feedback: 0.88294
Received=	-0.19267
Feedback: 0.8464
Received=	-0.36775
Feedback: 0.9
Received=	-0.15624
Feedback: 0.8179
Received=	0.029198
Feedback: 0.67288
Received=	-0.091331
Feedback: 0.76714
Received=	-0.39022
Feedback: 0.9
Received=	-0.17057
Feedback: 0.82911
Received=	0.1052
Feedback: 0.61344
Calculated range:	[(-2.000000) - (2.000000)]
Success index = (-0.751741)
Received=	0.030329
=====  15:8:58 - BASE  ============
Feedback: 0.66
Received=	0.039546
Feedback: 0.66
Received=	0.38271
Feedback: 0.66
Received=	0.80119
Feedback: 0.66
Received=	0.51981
Feedback: 0.66
Received=	0.15164
Feedback: 0.66
Received=	-0.13409
Feedback: 0.66
Received=	-0.11688
Feedback: 0.66
Received=	-0.23774
Feedback: 0.66
Received=	-0.36806
Feedback: 0.66
Received=	-0.20015
Feedback: 0.66
Received=	0.19239
Feedback: 0.66
Received=	0.37648
Feedback: 0.66
Received=	0.19252
Feedback: 0.66
Received=	-0.15845
Feedback: 0.66
Received=	-0.013439
Feedback: 0.66
Received=	0.31778
Feedback: 0.66
Received=	0.30201
Feedback: 0.66
Received=	-0.071653
Feedback: 0.66
Received=	-0.0019848
Feedback: 0.66
Received=	-0.18488
=====  15:9:58 - NF  ============
Feedback: 0.69203
Received=	0.19513
Feedback: 0.44241
Received=	0.13139
Feedback: 0.48427
Received=	-0.2752
Feedback: 0.75136
Received=	-0.36685
Feedback: 0.81156
Received=	-0.3697
Feedback: 0.81343
Received=	-0.20597
Feedback: 0.70588
Received=	0.24545
Feedback: 0.40935
Received=	0.44268
Feedback: 0.27979
Received=	0.43272
Feedback: 0.28633
Received=	0.68192
Feedback: 0.12264
Received=	0.58693
Feedback: 0.18503
Received=	0.20298
Feedback: 0.43725
Received=	0.25616
Feedback: 0.40231
Received=	0.14737
Feedback: 0.47377
Received=	-0.013955
Feedback: 0.57975
Received=	0.17988
Feedback: 0.45242
Received=	0.14762
Feedback: 0.47361
Received=	-0.35657
Feedback: 0.80481
Received=	-0.18768
Feedback: 0.69387
Received=	-0.21571
Feedback: 0.71228
Received=	0.091128
Feedback: 0.51072
Received=	-0.078345
Feedback: 0.62205
Received=	0.083539
Feedback: 0.51571
Received=	0.11713
Feedback: 0.49364
Received=	0.08394
Feedback: 0.51544
Received=	0.008694
Feedback: 0.56487
Received=	0.094181
Feedback: 0.50872
Received=	0.074144
Feedback: 0.52188
Received=	-0.22688
Feedback: 0.71962
Received=	-0.17751
Feedback: 0.68719
Received=	-0.10549
Feedback: 0.63988
Received=	0.031463
Feedback: 0.54991
Received=	0.065066
Feedback: 0.52784
Received=	-0.10695
Feedback: 0.64084
Received=	0.03355
Feedback: 0.54854
Received=	0.045177
Feedback: 0.54091
Received=	-0.14389
Feedback: 0.6651
Received=	0.13856
Feedback: 0.47956
Received=	0.065214
Feedback: 0.52774
Received=	-0.032229
Feedback: 0.59175
Received=	0.063907
Feedback: 0.5286
Received=	-0.0063438
Feedback: 0.57475
Received=	0.32403
Feedback: 0.35773
Received=	-0.13976
Feedback: 0.66239
Received=	-0.4693
Feedback: 0.87886
Received=	-0.1927
Feedback: 0.69716
Received=	-0.068518
Feedback: 0.61559
Received=	-0.025174
Feedback: 0.58712
Received=	-0.10921
Feedback: 0.64232
Received=	-0.16445
Feedback: 0.67861
Received=	-0.18148
Feedback: 0.68979
Received=	-0.25303
Feedback: 0.73679
Received=	-0.15567
Feedback: 0.67284
Received=	-0.066335
Feedback: 0.61416
Received=	0.10984
Feedback: 0.49843
Received=	0.23304
Feedback: 0.4175
Received=	-0.19283
Feedback: 0.69725
Received=	-0.26295
Feedback: 0.74331
Received=	-0.44852
Feedback: 0.86521
Calculated range:	[(-2.000000) - (2.000000)]
Success index = (-0.458953)
Received=	-0.10018
=====  15:12:58 - BASE  ============
Feedback: 0.66
Received=	0.081423
Feedback: 0.66
Received=	0.20049
Feedback: 0.66
Received=	0.7576
Feedback: 0.66
Received=	0.51831
Feedback: 0.66
Received=	0.60545
Feedback: 0.66
Received=	0.32811
Feedback: 0.66
Received=	0.79789
Feedback: 0.66
Received=	0.50538
Feedback: 0.66
Received=	-0.021313
Feedback: 0.66
Received=	0.2372
Feedback: 0.66
Received=	0.21363
Feedback: 0.66
Received=	0.033574
Feedback: 0.66
Received=	0.23209
Feedback: 0.66
Received=	0.046854
Feedback: 0.66
Received=	-0.14059
Feedback: 0.66
Received=	0.068209
Feedback: 0.66
Received=	0.078596
Feedback: 0.66
Received=	0.27077
Feedback: 0.66
Received=	-0.1454
Feedback: 0.66
Received=	0.40817
=====  15:13:58 - NF  ============
Feedback: 0.39176
Received=	0.24349
Feedback: 0.508
Received=	-0.039513
Feedback: 0.70776
Received=	-0.29018
Feedback: 0.8847
Received=	-0.091318
Feedback: 0.74433
Received=	-0.0022155
Feedback: 0.68143
Received=	-0.013047
Feedback: 0.68908
Received=	-0.087618
Feedback: 0.74172
Received=	-0.028383
Feedback: 0.6999
Received=	-0.11322
Feedback: 0.75979
Received=	0.028832
Feedback: 0.65952
Received=	0.24566
Feedback: 0.50647
Received=	0.32906
Feedback: 0.4476
Received=	0.094555
Feedback: 0.61313
Received=	0.093641
Feedback: 0.61377
Received=	-0.069962
Feedback: 0.72925
Received=	-0.034354
Feedback: 0.70412
Received=	0.14128
Feedback: 0.58015
Received=	0.23477
Feedback: 0.51416
Received=	0.053435
Feedback: 0.64215
Received=	-0.20754
Feedback: 0.82637
Received=	0.096719
Feedback: 0.6116
Received=	0.085788
Feedback: 0.61932
Received=	-0.1464
Feedback: 0.78321
Received=	0.13072
Feedback: 0.5876
Received=	-0.25815
Feedback: 0.86209
Received=	0.048132
Feedback: 0.6459
Received=	-0.026737
Feedback: 0.69874
Received=	-0.27603
Feedback: 0.87471
Received=	0.069176
Feedback: 0.63104
Received=	-0.01459
Feedback: 0.69017
Received=	0.08677
Feedback: 0.61862
Received=	0.12809
Feedback: 0.58945
Received=	-0.14017
Feedback: 0.77881
Received=	-0.25244
Feedback: 0.85806
Received=	0.27324
Feedback: 0.487
Received=	0.36656
Feedback: 0.42113
Received=	-0.0046693
Feedback: 0.68317
Received=	-0.10922
Feedback: 0.75696
Received=	0.078461
Feedback: 0.62449
Received=	0.28654
Feedback: 0.47761
Received=	0.24142
Feedback: 0.50946
Received=	-0.087535
Feedback: 0.74166
Received=	-0.095633
Feedback: 0.74737
Received=	-0.21374
Feedback: 0.83074
Received=	0.012458
Feedback: 0.67108
Received=	-0.0066122
Feedback: 0.68454
Received=	-0.043062
Feedback: 0.71027
Received=	0.041909
Feedback: 0.65029
Received=	0.011277
Feedback: 0.67191
Received=	-0.1913
Feedback: 0.8149
Received=	0.46258
Feedback: 0.35336
Received=	0.31446
Feedback: 0.4579
Received=	-0.14813
Feedback: 0.78443
Received=	-0.43384
Feedback: 0.9
Received=	-0.30505
Feedback: 0.89519
Received=	0.031563
Feedback: 0.65759
Received=	-0.20607
Feedback: 0.82532
Received=	-0.096092
Feedback: 0.7477
Received=	0.16711
Feedback: 0.56191
Calculated range:	[(-2.144353) - (1.855647)]
Success index = (-1.144353)
Received=	-0.20232
=====  15:16:58 - BASE  ============
Feedback: 0.66
Received=	-0.57762
Feedback: 0.66
Received=	-0.075394
Feedback: 0.66
Received=	0.41716
Feedback: 0.66
Received=	0.25651
Feedback: 0.66
Received=	-0.081391
Feedback: 0.66
Received=	-0.17045
Feedback: 0.66
Received=	-0.2829
Feedback: 0.66
Received=	-0.19451
Feedback: 0.66
Received=	0.095572
Feedback: 0.66
Received=	-0.01819
Feedback: 0.66
Received=	-0.10522
Feedback: 0.66
Received=	0.009031
Feedback: 0.66
Received=	0.16987
Feedback: 0.66
Received=	0.12741
Feedback: 0.66
Received=	0.27462
Feedback: 0.66
Received=	0.10607
Feedback: 0.66
Received=	0.059951
Feedback: 0.66
Received=	-0.056844
Feedback: 0.66
Received=	0.034862
Feedback: 0.66
Received=	-0.083212
=====  15:17:58 - NF  ============
Feedback: 0.59961
Received=	0.262
Feedback: 0.21281
Received=	0.22745
Feedback: 0.25152
Received=	0.0043275
Feedback: 0.50152
Received=	-0.046418
Feedback: 0.55838
Received=	0.13495
Feedback: 0.35516
Received=	-0.075864
Feedback: 0.59137
Received=	0.1242
Feedback: 0.36721
Received=	-0.058452
Feedback: 0.57187
Received=	-0.0065881
Feedback: 0.51375
Received=	-0.14038
Feedback: 0.66366
Received=	-0.34598
Feedback: 0.89403
Received=	0.035318
Feedback: 0.4668
Received=	0.0073817
Feedback: 0.4981
Received=	-0.30271
Feedback: 0.84554
Received=	-0.38904
Feedback: 0.9
Received=	0.0055488
Feedback: 0.50016
Received=	-0.13408
Feedback: 0.65661
Received=	-0.32042
Feedback: 0.86539
Received=	-0.10922
Feedback: 0.62875
Received=	-0.044955
Feedback: 0.55674
Received=	-0.15929
Feedback: 0.68485
Received=	-0.33049
Feedback: 0.87667
Received=	-0.32539
Feedback: 0.87095
Received=	0.15319
Feedback: 0.33473
Received=	-0.046565
Feedback: 0.55855
Received=	-0.093963
Feedback: 0.61165
Received=	-0.27254
Feedback: 0.81174
Received=	-0.12359
Feedback: 0.64485
Received=	-0.19163
Feedback: 0.72109
Received=	-0.012092
Feedback: 0.51992
Received=	-0.088399
Feedback: 0.60542
Received=	0.074927
Feedback: 0.42242
Received=	-0.022219
Feedback: 0.53127
Received=	0.014326
Feedback: 0.49032
Received=	0.16728
Feedback: 0.31894
Received=	-0.033928
Feedback: 0.54439
Received=	-0.16748
Feedback: 0.69403
Received=	-0.16906
Feedback: 0.6958
Received=	-0.067975
Feedback: 0.58253
Received=	-0.13621
Feedback: 0.65899
Received=	0.044975
Feedback: 0.45598
Received=	0.19674
Feedback: 0.28593
Received=	0.21487
Feedback: 0.26562
Received=	0.15413
Feedback: 0.33368
Received=	-0.046762
Feedback: 0.55877
Received=	-0.11358
Feedback: 0.63364
Received=	0.25899
Feedback: 0.21619
Received=	0.058007
Feedback: 0.44138
Received=	0.62411
Feedback: 0.1
Received=	0.52335
Feedback: 0.1
Received=	0.1618
Feedback: 0.32509
Received=	0.15461
Feedback: 0.33314
Received=	0.2509
Feedback: 0.22526
Received=	0.11015
Feedback: 0.38296
Received=	0.10294
Feedback: 0.39104
Received=	-0.139
Feedback: 0.66212
Received=	-0.28448
Feedback: 0.82512
Received=	-0.25214
Feedback: 0.78889
Received=	0.28801
Feedback: 0.18367
Calculated range:	[(-2.000000) - (2.000000)]
Success index = (-0.224657)
closing...
