Direction=-1.000000	; step=1.000000;
Received=	0
Feedback: 0.66
Received=	0
Feedback: 0.66
Received=	0
Feedback: 0.66
Received=	-0.3864
Feedback: 0.66
Received=	0.013375
Feedback: 0.66
Received=	0.40108
Feedback: 0.66
Received=	-0.093051
Feedback: 0.66
Received=	0.13167
Feedback: 0.66
Received=	0.33046
Feedback: 0.66
Received=	-0.092758
Feedback: 0.66
Received=	-0.0032232
Feedback: 0.66
Received=	0.47948
Feedback: 0.66
Received=	0.57232
Feedback: 0.66
Received=	0.043058
Feedback: 0.66
Received=	-0.31236
Feedback: 0.66
Received=	0.019357
Feedback: 0.66
Received=	-0.33863
Feedback: 0.66
Received=	-0.44693
Feedback: 0.66
Received=	-0.27093
Feedback: 0.66
Received=	-0.23352
Feedback: 0.66
Received=	-0.097625
=====  16:12:56 - NF  ============
Feedback: 0.55775
Received=	-0.10585
Feedback: 0.56319
Received=	0.010766
Feedback: 0.486
Received=	-0.14603
Feedback: 0.58979
Received=	-0.15211
Feedback: 0.59381
Received=	-0.54841
Feedback: 0.85615
Received=	-0.39145
Feedback: 0.75225
Received=	-0.19841
Feedback: 0.62446
Received=	-0.22516
Feedback: 0.64217
Received=	0.037474
Feedback: 0.46832
Received=	-0.4677
Feedback: 0.80272
Received=	0.11468
Feedback: 0.41721
Received=	0.31146
Feedback: 0.28695
Received=	0.0059438
Feedback: 0.48919
Received=	0.054856
Feedback: 0.45681
Received=	-0.12322
Feedback: 0.57469
Received=	-0.48875
Feedback: 0.81665
Received=	0.035217
Feedback: 0.46981
Received=	0.053824
Feedback: 0.45749
Received=	0.12096
Feedback: 0.41305
Received=	0.22327
Feedback: 0.34532
Received=	-0.35256
Feedback: 0.72651
Received=	-0.47663
Feedback: 0.80863
Received=	-0.44164
Feedback: 0.78547
Received=	-0.38739
Feedback: 0.74956
Received=	-0.08941
Feedback: 0.55231
Received=	0.17789
Feedback: 0.37537
Received=	-0.35798
Feedback: 0.73009
Received=	-0.72977
Feedback: 0.9
Received=	-0.52425
Feedback: 0.84015
Received=	-0.21782
Feedback: 0.63731
Received=	0.16401
Feedback: 0.38456
Received=	0.45953
Feedback: 0.18893
Received=	0.19632
Feedback: 0.36317
Received=	-0.17539
Feedback: 0.60922
Received=	-0.31381
Feedback: 0.70085
Received=	-0.079136
Feedback: 0.54551
Received=	-0.51784
Feedback: 0.83591
Received=	-0.29252
Feedback: 0.68676
Received=	-0.34085
Feedback: 0.71875
Received=	-0.30298
Feedback: 0.69368
Received=	-0.59237
Feedback: 0.88525
Received=	-0.74841
Feedback: 0.9
Received=	-0.91694
Feedback: 0.9
Received=	-0.85637
Feedback: 0.9
Received=	-1.0384
Feedback: 0.9
Received=	-0.25129
Feedback: 0.65947
Received=	0.26876
Feedback: 0.31522
Received=	0.61268
Feedback: 0.1
Received=	0.45736
Feedback: 0.19037
Received=	0.44093
Feedback: 0.20125
Received=	0.33086
Feedback: 0.27411
Received=	0.384
Feedback: 0.23893
Received=	0.51059
Feedback: 0.15513
Received=	0.22519
Feedback: 0.34405
Received=	0.14476
Feedback: 0.39729
Received=	-0.10845
Feedback: 0.56491
Received=	0.40307
Feedback: 0.22631
Received=	0.08045
Feedback: 0.43987
Received=	-0.17684
Feedback: 0.61019
Calculated range:	[(-2.000000) - (2.000000)]
Success index = (-0.315345)
Received=	-0.023875
=====  16:15:56 - BASE  ============
Feedback: 0.66
Received=	-0.20761
Feedback: 0.66
Received=	0.42351
Feedback: 0.66
Received=	0.98851
Feedback: 0.66
Received=	0.64108
Feedback: 0.66
Received=	0.26921
Feedback: 0.66
Received=	0.50122
Feedback: 0.66
Received=	0.099343
Feedback: 0.66
Received=	-0.067478
Feedback: 0.66
Received=	0.21898
Feedback: 0.66
Received=	0.32483
Feedback: 0.66
Received=	0.34292
Feedback: 0.66
Received=	0.61029
Feedback: 0.66
Received=	0.24782
Feedback: 0.66
Received=	0.37228
Feedback: 0.66
Received=	0.020273
Feedback: 0.66
Received=	-0.020863
Feedback: 0.66
Received=	0.078969
Feedback: 0.66
Received=	0.25429
Feedback: 0.66
Received=	-0.19127
Feedback: 0.66
Received=	-0.0029955
=====  16:16:56 - NF  ============
Feedback: 0.69977
Received=	0.44375
Feedback: 0.38892
Received=	0.59528
Feedback: 0.28348
Received=	0.68838
Feedback: 0.2187
Received=	0.70916
Feedback: 0.20425
Received=	0.78105
Feedback: 0.15422
Received=	0.44303
Feedback: 0.38942
Received=	-0.15194
Feedback: 0.8034
Received=	0.51377
Feedback: 0.3402
Received=	1.0891
Feedback: 0.1
Received=	0.63224
Feedback: 0.25777
Received=	0.94944
Feedback: 0.1
Received=	0.55841
Feedback: 0.30914
Received=	-0.072228
Feedback: 0.74794
Received=	-0.20462
Feedback: 0.84006
Received=	0.2134
Feedback: 0.5492
Received=	0.33518
Feedback: 0.46446
Received=	0.098982
Feedback: 0.62881
Received=	-0.30033
Feedback: 0.9
Received=	-0.58052
Feedback: 0.9
Received=	0.029447
Feedback: 0.67719
Received=	-0.14947
Feedback: 0.80168
Received=	-0.39439
Feedback: 0.9
Received=	-0.27642
Feedback: 0.89001
Received=	-0.023421
Feedback: 0.71398
Received=	0.037054
Feedback: 0.6719
Received=	-0.21169
Feedback: 0.84497
Received=	-0.62263
Feedback: 0.9
Received=	-0.46684
Feedback: 0.9
Received=	-0.63761
Feedback: 0.9
Received=	-0.54813
Feedback: 0.9
Received=	-0.58725
Feedback: 0.9
Received=	-0.14624
Feedback: 0.79944
Received=	0.30205
Feedback: 0.48752
Received=	0.12098
Feedback: 0.61351
Received=	-0.29576
Feedback: 0.9
Received=	-0.18228
Feedback: 0.82451
Received=	-0.13117
Feedback: 0.78895
Received=	-0.068721
Feedback: 0.7455
Received=	0.31121
Feedback: 0.48114
Received=	0.14171
Feedback: 0.59908
Received=	0.1685
Feedback: 0.58044
Received=	0.011485
Feedback: 0.68969
Received=	0.44785
Feedback: 0.38607
Received=	1.0489
Feedback: 0.1
Received=	1.0963
Feedback: 0.1
Received=	0.66174
Feedback: 0.23725
Received=	0.50309
Feedback: 0.34763
Received=	-0.12145
Feedback: 0.78219
Received=	-0.81179
Feedback: 0.9
Received=	-0.46384
Feedback: 0.9
Received=	-0.099293
Feedback: 0.76677
Received=	0.064675
Feedback: 0.65268
Received=	-0.044628
Feedback: 0.72873
Received=	0.26987
Feedback: 0.50991
Received=	0.23967
Feedback: 0.53092
Received=	-0.13814
Feedback: 0.7938
Received=	0.036318
Feedback: 0.67241
Received=	0.30995
Feedback: 0.48202
Received=	0.29318
Feedback: 0.49369
Calculated range:	[(-2.000000) - (2.000000)]
Success index = (-0.426197)
Received=	-0.068694
=====  16:19:56 - BASE  ============
Feedback: 0.66
Received=	0.058373
Feedback: 0.66
Received=	0.15977
Feedback: 0.66
Received=	0.053577
Feedback: 0.66
Received=	-0.069706
Feedback: 0.66
Received=	-0.050369
Feedback: 0.66
Received=	-0.14993
Feedback: 0.66
Received=	0.66075
Feedback: 0.66
Received=	0.4008
Feedback: 0.66
Received=	0.3694
Feedback: 0.66
Received=	0.026052
Feedback: 0.66
Received=	-0.33796
Feedback: 0.66
Received=	-0.12916
Feedback: 0.66
Received=	-0.62067
Feedback: 0.66
Received=	-1.3185
Feedback: 0.66
Received=	-1.3586
Feedback: 0.66
Received=	-1.1214
Feedback: 0.66
Received=	-0.42438
Feedback: 0.66
Received=	-0.41687
Feedback: 0.66
Received=	-0.44206
Feedback: 0.66
Received=	-0.19891
=====  16:20:56 - NF  ============
Feedback: 0.47664
Received=	-0.47139
Feedback: 0.57301
Received=	-0.44933
Feedback: 0.56521
Received=	-0.027234
Feedback: 0.41592
Received=	0.62067
Feedback: 0.18677
Received=	0.0021925
Feedback: 0.40551
Received=	-0.4489
Feedback: 0.56506
Received=	0.35802
Feedback: 0.27966
Received=	0.83001
Feedback: 0.11273
Received=	0.12874
Feedback: 0.36076
Received=	0.10767
Feedback: 0.36821
Received=	0.49631
Feedback: 0.23076
Received=	0.81277
Feedback: 0.11883
Received=	0.46586
Feedback: 0.24152
Received=	-0.23907
Feedback: 0.49085
Received=	-0.63657
Feedback: 0.63143
Received=	-0.56571
Feedback: 0.60637
Received=	-0.2648
Feedback: 0.49994
Received=	0.51514
Feedback: 0.22409
Received=	0.83758
Feedback: 0.11006
Received=	0.75201
Feedback: 0.14032
Received=	0.55778
Feedback: 0.20902
Received=	0.31682
Feedback: 0.29424
Received=	0.012772
Feedback: 0.40177
Received=	-0.53733
Feedback: 0.59633
Received=	-0.69797
Feedback: 0.65315
Received=	-0.60748
Feedback: 0.62114
Received=	-1.2144
Feedback: 0.83579
Received=	-1.1495
Feedback: 0.81285
Received=	-0.48243
Feedback: 0.57692
Received=	0.28922
Feedback: 0.304
Received=	0.23559
Feedback: 0.32297
Received=	0.065541
Feedback: 0.38311
Received=	0.28538
Feedback: 0.30536
Received=	0.13175
Feedback: 0.35969
Received=	-0.028725
Feedback: 0.41645
Received=	-0.62226
Feedback: 0.62637
Received=	-0.28041
Feedback: 0.50546
Received=	-0.58001
Feedback: 0.61143
Received=	-0.81618
Feedback: 0.69496
Received=	-0.75394
Feedback: 0.67294
Received=	-0.41712
Feedback: 0.55381
Received=	0.30143
Feedback: 0.29968
Received=	0.25922
Feedback: 0.31461
Received=	0.015726
Feedback: 0.40073
Received=	0.14663
Feedback: 0.35443
Received=	0.67457
Feedback: 0.16771
Received=	0.50589
Feedback: 0.22737
Received=	0.0046921
Feedback: 0.40463
Received=	-0.72532
Feedback: 0.66282
Received=	-0.56394
Feedback: 0.60574
Received=	0.29285
Feedback: 0.30271
Received=	0.70189
Feedback: 0.15805
Received=	0.32769
Feedback: 0.29039
Received=	0.80309
Feedback: 0.12225
Received=	0.63318
Feedback: 0.18235
Received=	0.57157
Feedback: 0.20414
Received=	0.39546
Feedback: 0.26642
Received=	0.28174
Feedback: 0.30664
Received=	-0.052492
Feedback: 0.42486
Calculated range:	[(-2.000000) - (2.000000)]
Success index = (0.521691)
Received=	0.10465
=====  16:23:56 - BASE  ============
Feedback: 0.66
Received=	0.13766
Feedback: 0.66
Received=	0.27625
Feedback: 0.66
Received=	0.44064
Feedback: 0.66
Received=	0.055465
Feedback: 0.66
Received=	-0.52809
Feedback: 0.66
Received=	-0.80248
Feedback: 0.66
Received=	0.078829
Feedback: 0.66
Received=	0.21902
Feedback: 0.66
Received=	0.13158
Feedback: 0.66
Received=	0.26503
Feedback: 0.66
Received=	0.45782
Feedback: 0.66
Received=	0.56249
Feedback: 0.66
Received=	1.0563
Feedback: 0.66
Received=	0.10834
Feedback: 0.66
Received=	-0.42364
Feedback: 0.66
Received=	-0.75771
Feedback: 0.66
Received=	-1.2694
Feedback: 0.66
Received=	-1.0876
Feedback: 0.66
Received=	-0.49858
Feedback: 0.66
Received=	-0.039647
=====  16:24:56 - NF  ============
Feedback: 0.48216
Received=	0.15434
Feedback: 0.42002
Received=	0.29227
Feedback: 0.37582
Received=	-0.40764
Feedback: 0.60006
Received=	-0.66398
Feedback: 0.68219
Received=	0.43261
Feedback: 0.33086
Received=	0.36472
Feedback: 0.35261
Received=	-0.13735
Feedback: 0.51347
Received=	-0.312
Feedback: 0.56942
Received=	0.030144
Feedback: 0.4598
Received=	0.19737
Feedback: 0.40623
Received=	-0.062375
Feedback: 0.48945
Received=	0.21903
Feedback: 0.39929
Received=	0.07068
Feedback: 0.44682
Received=	-0.56602
Feedback: 0.65081
Received=	0.13755
Feedback: 0.42539
Received=	1.1622
Feedback: 0.1
Received=	1.044
Feedback: 0.13499
Received=	0.45315
Feedback: 0.32428
Received=	0.24525
Feedback: 0.39089
Received=	-0.32073
Feedback: 0.57222
Received=	-0.11239
Feedback: 0.50547
Received=	0.25191
Feedback: 0.38875
Received=	0.1914
Feedback: 0.40814
Received=	-0.022058
Feedback: 0.47653
Received=	-0.18962
Feedback: 0.53021
Received=	0.3711
Feedback: 0.35057
Received=	0.64835
Feedback: 0.26174
Received=	-0.12994
Feedback: 0.51109
Received=	-0.7172
Feedback: 0.69924
Received=	-0.33001
Feedback: 0.57519
Received=	-0.45234
Feedback: 0.61439
Received=	-0.22603
Feedback: 0.54188
Received=	0.18095
Feedback: 0.41149
Received=	0.23363
Feedback: 0.39461
Received=	0.029763
Feedback: 0.45993
Received=	-0.66051
Feedback: 0.68108
Received=	-0.079688
Feedback: 0.49499
Received=	0.73103
Feedback: 0.23525
Received=	-0.12405
Feedback: 0.50921
Received=	-0.41917
Feedback: 0.60376
Received=	0.15916
Feedback: 0.41847
Received=	-0.17916
Feedback: 0.52686
Received=	-0.47492
Feedback: 0.62162
Received=	-0.30301
Feedback: 0.56654
Received=	0.50793
Feedback: 0.30673
Received=	1.049
Feedback: 0.13336
Received=	1.025
Feedback: 0.14107
Received=	0.59249
Feedback: 0.27964
Received=	-0.11379
Feedback: 0.50592
Received=	-0.61067
Feedback: 0.66511
Received=	-0.59051
Feedback: 0.65865
Received=	-0.047383
Feedback: 0.48464
Received=	0.40462
Feedback: 0.33983
Received=	-0.24064
Feedback: 0.54656
Received=	0.19135
Feedback: 0.40816
Received=	0.20825
Feedback: 0.40274
Received=	0.0431
Feedback: 0.45565
Received=	-0.91747
Feedback: 0.76341
Received=	-0.79407
Feedback: 0.72387
Calculated range:	[(-2.000000) - (2.000000)]
Success index = (0.234971)
Received=	-0.68872
=====  16:27:56 - BASE  ============
Feedback: 0.66
Received=	0.12812
Feedback: 0.66
Received=	0.58627
Feedback: 0.66
Received=	0.38511
Feedback: 0.66
Received=	-0.48544
Feedback: 0.66
Received=	-0.1778
Feedback: 0.66
Received=	0.50239
Feedback: 0.66
Received=	0.48718
Feedback: 0.66
Received=	-0.021575
Feedback: 0.66
Received=	-0.62199
Feedback: 0.66
Received=	-0.19187
Feedback: 0.66
Received=	0.12451
Feedback: 0.66
Received=	0.54111
Feedback: 0.66
Received=	0.5525
Feedback: 0.66
Received=	0.13665
Feedback: 0.66
Received=	0.1665
Feedback: 0.66
Received=	0.69296
Feedback: 0.66
Received=	1.1669
Feedback: 0.66
Received=	0.58036
Feedback: 0.66
Received=	0.39539
Feedback: 0.66
Received=	0.32201
=====  16:28:56 - NF  ============
Feedback: 0.47565
Received=	-0.040059
Feedback: 0.6381
Received=	-0.31
Feedback: 0.75921
Received=	-0.24717
Feedback: 0.73102
Received=	-0.58621
Feedback: 0.88314
Received=	0.12023
Feedback: 0.56618
Received=	0.59206
Feedback: 0.35448
Received=	0.73286
Feedback: 0.29131
Received=	0.16207
Feedback: 0.54741
Received=	0.048385
Feedback: 0.59841
Received=	-0.58245
Feedback: 0.88145
Received=	-0.60843
Feedback: 0.89311
Received=	-0.17156
Feedback: 0.6971
Received=	0.0057649
Feedback: 0.61754
Received=	-0.27539
Feedback: 0.74368
Received=	-0.18998
Feedback: 0.70536
Received=	-0.30493
Feedback: 0.75694
Received=	-0.27162
Feedback: 0.74199
Received=	0.52392
Feedback: 0.38506
Received=	0.44199
Feedback: 0.42182
Received=	0.67125
Feedback: 0.31895
Received=	-0.32611
Feedback: 0.76644
Received=	-0.54359
Feedback: 0.86402
Received=	0.29997
Feedback: 0.48553
Received=	-0.27464
Feedback: 0.74335
Received=	-0.53796
Feedback: 0.86149
Received=	-0.63391
Feedback: 0.9
Received=	-0.67491
Feedback: 0.9
Received=	-0.86151
Feedback: 0.9
Received=	-0.61372
Feedback: 0.89548
Received=	-0.64088
Feedback: 0.9
Received=	0.035254
Feedback: 0.60431
Received=	0.40618
Feedback: 0.43788
Received=	-0.33184
Feedback: 0.76901
Received=	-0.86167
Feedback: 0.9
Received=	-0.34716
Feedback: 0.77588
Received=	-0.089182
Feedback: 0.66014
Received=	-0.042842
Feedback: 0.63935
Received=	-0.15682
Feedback: 0.69048
Received=	-0.21094
Feedback: 0.71476
Received=	-0.087256
Feedback: 0.65927
Received=	0.069091
Feedback: 0.58912
Received=	0.79168
Feedback: 0.26492
Received=	0.69129
Feedback: 0.30996
Received=	0.35448
Feedback: 0.46108
Received=	0.39742
Feedback: 0.44181
Received=	1.2938
Feedback: 0.1
Received=	0.95736
Feedback: 0.19058
Received=	0.32922
Feedback: 0.47241
Received=	0.41218
Feedback: 0.43519
Received=	0.3685
Feedback: 0.45479
Received=	-0.18654
Feedback: 0.70382
Received=	0.62689
Feedback: 0.33886
Received=	0.80963
Feedback: 0.25686
Received=	-0.084177
Feedback: 0.65789
Received=	0.41431
Feedback: 0.43423
Received=	0.9699
Feedback: 0.18496
Received=	0.79941
Feedback: 0.26145
Received=	0.67466
Feedback: 0.31742
Received=	0.68165
Feedback: 0.31429
Calculated range:	[(-2.000000) - (2.000000)]
Success index = (-0.403876)
closing...
