Direction=-1.000000	; step=1.000000;
Received=	0
Feedback: 0.66
Received=	0
Feedback: 0.66
Received=	0
Feedback: 0.66
Received=	-0.033841
Feedback: 0.66
Received=	-0.22029
Feedback: 0.66
Received=	-0.16612
Feedback: 0.66
Received=	-0.084359
Feedback: 0.66
Received=	-0.22131
Feedback: 0.66
Received=	-0.066972
Feedback: 0.66
Received=	0.0054912
Feedback: 0.66
Received=	-0.11284
Feedback: 0.66
Received=	-0.37732
Feedback: 0.66
Received=	-0.3416
Feedback: 0.66
Received=	-0.22
Feedback: 0.66
Received=	-0.42723
Feedback: 0.66
Received=	-0.15646
Feedback: 0.66
Received=	-0.088837
Feedback: 0.66
Received=	-0.010195
Feedback: 0.66
Received=	-0.12814
Feedback: 0.66
Received=	-0.15828
Feedback: 0.66
Received=	-0.035598
=====  16:40:34 - NF  ============
Feedback: 0.31112
Received=	0.18229
Feedback: 0.1
Received=	0.2976
Feedback: 0.1
Received=	0.3922
Feedback: 0.1
Received=	0.47691
Feedback: 0.1
Received=	0.34097
Feedback: 0.1
Received=	0.15107
Feedback: 0.1
Received=	0.023524
Feedback: 0.21839
Received=	0.0083657
Feedback: 0.24217
Received=	-0.038269
Feedback: 0.31531
Received=	-0.15329
Feedback: 0.49572
Received=	0.12385
Feedback: 0.1
Received=	0.22975
Feedback: 0.1
Received=	0.15743
Feedback: 0.1
Received=	0.21408
Feedback: 0.1
Received=	0.18183
Feedback: 0.1
Received=	0.17889
Feedback: 0.1
Received=	0.065939
Feedback: 0.15186
Received=	-0.049879
Feedback: 0.33352
Received=	-0.074273
Feedback: 0.37179
Received=	0.030783
Feedback: 0.20701
Received=	0.056892
Feedback: 0.16605
Received=	0.27236
Feedback: 0.1
Received=	0.11922
Feedback: 0.1
Received=	-0.094156
Feedback: 0.40297
Received=	-0.16578
Feedback: 0.51531
Received=	-0.27863
Feedback: 0.69232
Received=	0.024474
Feedback: 0.2169
Received=	0.4291
Feedback: 0.1
Received=	0.14946
Feedback: 0.1
Received=	-0.13395
Feedback: 0.46539
Received=	-0.096441
Feedback: 0.40656
Received=	-0.15329
Feedback: 0.49572
Received=	0.092148
Feedback: 0.11075
Received=	0.33319
Feedback: 0.1
Received=	0.36881
Feedback: 0.1
Received=	0.19427
Feedback: 0.1
Received=	-0.00097273
Feedback: 0.25681
Received=	-0.027927
Feedback: 0.29909
Received=	0.10804
Feedback: 0.1
Received=	0.1523
Feedback: 0.1
Received=	0.016265
Feedback: 0.22978
Received=	-0.089559
Feedback: 0.39576
Received=	0.14152
Feedback: 0.1
Received=	-0.019272
Feedback: 0.28552
Received=	0.29751
Feedback: 0.1
Received=	0.54563
Feedback: 0.1
Received=	0.90197
Feedback: 0.1
Received=	0.79983
Feedback: 0.1
Received=	0.40432
Feedback: 0.1
Received=	0.39527
Feedback: 0.1
Received=	0.70885
Feedback: 0.1
Received=	0.99103
Feedback: 0.1
Received=	0.71138
Feedback: 0.1
Received=	0.56394
Feedback: 0.1
Received=	0.61068
Feedback: 0.1
Received=	0.57771
Feedback: 0.1
Received=	0.5643
Feedback: 0.1
Received=	0.51547
Feedback: 0.1
Received=	0.2229
Feedback: 0.1
Calculated range:	[(-2.000000) - (2.000000)]
Success index = (1.500692)
Received=	0.12703
=====  16:43:34 - BASE  ============
Feedback: 0.66
Received=	0.17036
Feedback: 0.66
Received=	0.31598
Feedback: 0.66
Received=	0.44011
Feedback: 0.66
Received=	0.50775
Feedback: 0.66
Received=	0.40449
Feedback: 0.66
Received=	0.51773
Feedback: 0.66
Received=	0.75291
Feedback: 0.66
Received=	1.1085
Feedback: 0.66
Received=	1.2015
Feedback: 0.66
Received=	1.4023
Feedback: 0.66
Received=	1.4102
Feedback: 0.66
Received=	0.77415
Feedback: 0.66
Received=	0.27378
Feedback: 0.66
Received=	0.44154
Feedback: 0.66
Received=	1.272
Feedback: 0.66
Received=	1.1674
Feedback: 0.66
Received=	0.80649
Feedback: 0.66
Received=	0.62355
Feedback: 0.66
Received=	0.84854
Feedback: 0.66
Received=	0.81262
=====  16:44:34 - NF  ============
Feedback: 0.48957
Received=	0.47846
Feedback: 0.66471
Received=	0.34013
Feedback: 0.73721
Received=	0.093285
Feedback: 0.86659
Received=	-0.059578
Feedback: 0.9
Received=	-0.11349
Feedback: 0.9
Received=	0.014425
Feedback: 0.9
Received=	0.0094099
Feedback: 0.9
Received=	0.067669
Feedback: 0.88001
Received=	0.076605
Feedback: 0.87533
Received=	-0.03858
Feedback: 0.9
Received=	-0.096778
Feedback: 0.9
Received=	-0.16944
Feedback: 0.9
Received=	-0.01821
Feedback: 0.9
Received=	0.32216
Feedback: 0.74663
Received=	0.43355
Feedback: 0.68825
Received=	0.33086
Feedback: 0.74207
Received=	0.34886
Feedback: 0.73263
Received=	0.30854
Feedback: 0.75377
Received=	0.17251
Feedback: 0.82506
Received=	1.1753
Feedback: 0.2995
Received=	0.77132
Feedback: 0.51122
Received=	0.92688
Feedback: 0.42968
Received=	1.1761
Feedback: 0.29905
Received=	1.4787
Feedback: 0.14045
Received=	1.703
Feedback: 0.1
Received=	1.637
Feedback: 0.1
Received=	1.4559
Feedback: 0.1524
Received=	1.1486
Feedback: 0.31348
Received=	1.1596
Feedback: 0.3077
Received=	1.4081
Feedback: 0.17745
Received=	1.0807
Feedback: 0.34904
Received=	0.51539
Feedback: 0.64535
Received=	0.31695
Feedback: 0.74936
Received=	0.39187
Feedback: 0.71009
Received=	0.76132
Feedback: 0.51646
Received=	0.9477
Feedback: 0.41877
Received=	0.9267
Feedback: 0.42978
Received=	0.97023
Feedback: 0.40696
Received=	0.81975
Feedback: 0.48583
Received=	0.4706
Feedback: 0.66883
Received=	0.52646
Feedback: 0.63955
Received=	0.77691
Feedback: 0.50828
Received=	0.98112
Feedback: 0.40125
Received=	1.3011
Feedback: 0.23356
Received=	1.9317
Feedback: 0.1
Received=	1.6941
Feedback: 0.1
Received=	1.0625
Feedback: 0.35859
Received=	0.86226
Feedback: 0.46355
Received=	0.71565
Feedback: 0.54039
Received=	0.8057
Feedback: 0.4932
Received=	0.75942
Feedback: 0.51745
Received=	1.1751
Feedback: 0.2996
Received=	0.98738
Feedback: 0.39797
Received=	0.48973
Feedback: 0.6588
Received=	0.34606
Feedback: 0.7341
Received=	0.2371
Feedback: 0.79121
Received=	0.44108
Feedback: 0.6843
Received=	0.78434
Feedback: 0.50439
Received=	0.63676
Feedback: 0.58174
Calculated range:	[(-2.000000) - (2.000000)]
Success index = (-0.221698)
Received=	0.49989
=====  16:47:34 - BASE  ============
Feedback: 0.66
Received=	0.59025
Feedback: 0.66
Received=	0.94275
Feedback: 0.66
Received=	1.1657
Feedback: 0.66
Received=	1.0395
Feedback: 0.66
Received=	0.67544
Feedback: 0.66
Received=	0.17623
Feedback: 0.66
Received=	0.14373
Feedback: 0.66
Received=	0.082848
Feedback: 0.66
Received=	-0.23886
Feedback: 0.66
Received=	-0.27735
Feedback: 0.66
Received=	-0.071186
Feedback: 0.66
Received=	-0.11038
Feedback: 0.66
Received=	-0.21067
Feedback: 0.66
Received=	-0.19143
Feedback: 0.66
Received=	-0.17209
Feedback: 0.66
Received=	-0.1856
Feedback: 0.66
Received=	-0.24485
Feedback: 0.66
Received=	-0.24186
Feedback: 0.66
Received=	-0.17105
Feedback: 0.66
Received=	-0.037328
=====  16:48:34 - NF  ============
Feedback: 0.56343
Received=	0.39072
Feedback: 0.3878
Received=	0.86389
Feedback: 0.19367
Received=	1.26
Feedback: 0.1
Received=	1.2734
Feedback: 0.1
Received=	1.0423
Feedback: 0.12045
Received=	0.95158
Feedback: 0.15769
Received=	0.74511
Feedback: 0.2424
Received=	0.82862
Feedback: 0.20814
Received=	1.0511
Feedback: 0.11684
Received=	1.0609
Feedback: 0.11284
Received=	1.0382
Feedback: 0.12213
Received=	1.3657
Feedback: 0.1
Received=	1.3245
Feedback: 0.1
Received=	0.77978
Feedback: 0.22818
Received=	0.038513
Feedback: 0.53231
Received=	-0.1015
Feedback: 0.58976
Received=	-0.02936
Feedback: 0.56016
Received=	0.014614
Feedback: 0.54212
Received=	-0.1317
Feedback: 0.60215
Received=	-0.097945
Feedback: 0.5883
Received=	0.014478
Feedback: 0.54217
Received=	-0.02173
Feedback: 0.55703
Received=	0.022339
Feedback: 0.53895
Received=	0.22232
Feedback: 0.4569
Received=	0.48787
Feedback: 0.34794
Received=	0.49718
Feedback: 0.34412
Received=	0.24513
Feedback: 0.44754
Received=	0.072405
Feedback: 0.51841
Received=	0.38109
Feedback: 0.39176
Received=	0.57964
Feedback: 0.31029
Received=	0.27841
Feedback: 0.43388
Received=	0.074792
Feedback: 0.51743
Received=	0.17122
Feedback: 0.47787
Received=	0.27133
Feedback: 0.43679
Received=	0.70774
Feedback: 0.25773
Received=	0.92259
Feedback: 0.16958
Received=	1.3129
Feedback: 0.1
Received=	1.1625
Feedback: 0.1
Received=	0.92796
Feedback: 0.16738
Received=	0.60162
Feedback: 0.30127
Received=	0.17602
Feedback: 0.47589
Received=	-0.00099546
Feedback: 0.54852
Received=	-0.28779
Feedback: 0.6662
Received=	-0.12239
Feedback: 0.59833
Received=	-0.10084
Feedback: 0.58949
Received=	-0.080283
Feedback: 0.58105
Received=	0.17167
Feedback: 0.47768
Received=	0.16906
Feedback: 0.47875
Received=	0.28949
Feedback: 0.42934
Received=	0.25591
Feedback: 0.44312
Received=	0.079989
Feedback: 0.5153
Received=	-0.037747
Feedback: 0.5636
Received=	0.25993
Feedback: 0.44147
Received=	0.34643
Feedback: 0.40598
Received=	0.13857
Feedback: 0.49126
Received=	-0.2401
Feedback: 0.64663
Received=	-0.084833
Feedback: 0.58292
Received=	-0.048049
Feedback: 0.56783
Received=	-0.15947
Feedback: 0.61354
Calculated range:	[(-2.000000) - (2.000000)]
Success index = (0.564417)
Received=	0.27669
=====  16:51:34 - BASE  ============
Feedback: 0.66
Received=	0.69657
Feedback: 0.66
Received=	0.46724
Feedback: 0.66
Received=	0.30576
Feedback: 0.66
Received=	0.282
Feedback: 0.66
Received=	0.56599
Feedback: 0.66
Received=	0.98591
Feedback: 0.66
Received=	1.1368
Feedback: 0.66
Received=	0.8269
Feedback: 0.66
Received=	0.55055
Feedback: 0.66
Received=	0.42022
Feedback: 0.66
Received=	0.47488
Feedback: 0.66
Received=	0.65224
Feedback: 0.66
Received=	0.90344
Feedback: 0.66
Received=	0.90749
Feedback: 0.66
Received=	0.95097
Feedback: 0.66
Received=	0.89883
Feedback: 0.66
Received=	0.3899
Feedback: 0.66
Received=	0.78594
Feedback: 0.66
Received=	1.1924
Feedback: 0.66
Received=	1.4994
=====  16:52:34 - NF  ============
Feedback: 0.1
Received=	1.1818
Feedback: 0.16524
Received=	1.0411
Feedback: 0.2641
Received=	0.85643
Feedback: 0.39388
Received=	0.48895
Feedback: 0.65212
Received=	0.47161
Feedback: 0.6643
Received=	0.69492
Feedback: 0.50737
Received=	0.74279
Feedback: 0.47374
Received=	0.87721
Feedback: 0.37927
Received=	0.69881
Feedback: 0.50464
Received=	0.71001
Feedback: 0.49677
Received=	0.53689
Feedback: 0.61843
Received=	0.65102
Feedback: 0.53823
Received=	0.74899
Feedback: 0.46938
Received=	0.97627
Feedback: 0.30966
Received=	1.0277
Feedback: 0.27352
Received=	1.1224
Feedback: 0.20695
Received=	0.78032
Feedback: 0.44737
Received=	0.64983
Feedback: 0.53906
Received=	0.88183
Feedback: 0.37603
Received=	1.1876
Feedback: 0.16112
Received=	1.0588
Feedback: 0.25167
Received=	0.84305
Feedback: 0.40328
Received=	0.3084
Feedback: 0.779
Received=	0.24721
Feedback: 0.822
Received=	0.61933
Feedback: 0.56049
Received=	0.88732
Feedback: 0.37217
Received=	1.161
Feedback: 0.17985
Received=	0.95638
Feedback: 0.32364
Received=	1.1072
Feedback: 0.21763
Received=	1.1417
Feedback: 0.19344
Received=	0.99412
Feedback: 0.29712
Received=	0.83596
Feedback: 0.40826
Received=	0.50637
Feedback: 0.63988
Received=	0.49724
Feedback: 0.64629
Received=	0.77271
Feedback: 0.45271
Received=	0.8278
Feedback: 0.414
Received=	0.60356
Feedback: 0.57158
Received=	0.78197
Feedback: 0.4462
Received=	1.0586
Feedback: 0.25184
Received=	0.90914
Feedback: 0.35684
Received=	0.57305
Feedback: 0.59302
Received=	0.59965
Feedback: 0.57432
Received=	1.3653
Feedback: 0.1
Received=	1.4579
Feedback: 0.1
Received=	1.2366
Feedback: 0.12672
Received=	1.1925
Feedback: 0.15768
Received=	1.0048
Feedback: 0.28959
Received=	1.0415
Feedback: 0.26383
Received=	1.3597
Feedback: 0.1
Received=	1.3135
Feedback: 0.1
Received=	1.0455
Feedback: 0.26103
Received=	0.84969
Feedback: 0.39862
Received=	1.2181
Feedback: 0.13971
Received=	0.85141
Feedback: 0.39741
Received=	0.83593
Feedback: 0.40828
Received=	0.73673
Feedback: 0.478
Received=	0.79478
Feedback: 0.4372
Received=	0.90277
Feedback: 0.36131
Received=	0.77255
Feedback: 0.45282
Calculated range:	[(-2.000000) - (2.000000)]
Success index = (0.648293)
Received=	1.0664
=====  16:55:34 - BASE  ============
Feedback: 0.66
Received=	0.91429
Feedback: 0.66
Received=	0.61411
Feedback: 0.66
Received=	0.48879
Feedback: 0.66
Received=	0.39234
Feedback: 0.66
Received=	0.66172
Feedback: 0.66
Received=	0.70307
Feedback: 0.66
Received=	0.56745
Feedback: 0.66
Received=	0.91543
Feedback: 0.66
Received=	0.96454
Feedback: 0.66
Received=	0.57909
Feedback: 0.66
Received=	0.058646
Feedback: 0.66
Received=	0.3491
Feedback: 0.66
Received=	0.67445
Feedback: 0.66
Received=	0.74396
Feedback: 0.66
Received=	0.64613
Feedback: 0.66
Received=	0.47205
Feedback: 0.66
Received=	0.33948
Feedback: 0.66
Received=	0.25423
Feedback: 0.66
Received=	0.16667
Feedback: 0.66
Received=	0.074055
=====  16:56:34 - NF  ============
Feedback: 0.87855
Received=	0.29062
Feedback: 0.69986
Received=	1.0729
Feedback: 0.1
Received=	1.2949
Feedback: 0.1
Received=	0.82345
Feedback: 0.26022
Received=	0.76686
Feedback: 0.30692
Received=	0.97523
Feedback: 0.13499
Received=	1.3142
Feedback: 0.1
Received=	1.8367
Feedback: 0.1
Received=	2.0188
Feedback: 0.1
Received=	1.5719
Feedback: 0.1
Received=	0.73916
Feedback: 0.32977
Received=	0.50112
Feedback: 0.52618
Received=	0.71274
Feedback: 0.35157
Received=	0.93223
Feedback: 0.17047
Received=	0.92342
Feedback: 0.17773
Received=	0.86002
Feedback: 0.23005
Received=	0.84886
Feedback: 0.23925
Received=	1.1005
Feedback: 0.1
Received=	1.269
Feedback: 0.1
Received=	1.052
Feedback: 0.1
Received=	0.59671
Feedback: 0.4473
Received=	0.35621
Feedback: 0.64575
Received=	0.1826
Feedback: 0.78899
Received=	0.50339
Feedback: 0.52431
Received=	0.86448
Feedback: 0.22637
Received=	1.0132
Feedback: 0.10369
Received=	0.87027
Feedback: 0.22159
Received=	0.90275
Feedback: 0.19479
Received=	0.85948
Feedback: 0.2305
Received=	1.1091
Feedback: 0.1
Received=	0.89552
Feedback: 0.20076
Received=	0.62093
Feedback: 0.42733
Received=	0.63042
Feedback: 0.4195
Received=	0.7164
Feedback: 0.34855
Received=	0.71503
Feedback: 0.34968
Received=	0.94886
Feedback: 0.15675
Received=	1.0992
Feedback: 0.1
Received=	0.84308
Feedback: 0.24403
Received=	0.62871
Feedback: 0.4209
Received=	0.39854
Feedback: 0.61082
Received=	0.36804
Feedback: 0.63599
Received=	0.34762
Feedback: 0.65283
Received=	-0.0044115
Feedback: 0.9
Received=	-0.26863
Feedback: 0.9
Received=	-0.24412
Feedback: 0.9
Received=	-0.13158
Feedback: 0.9
Received=	-0.029283
Feedback: 0.9
Received=	-0.33066
Feedback: 0.9
Received=	-0.37004
Feedback: 0.9
Received=	-0.11121
Feedback: 0.9
Received=	-0.04897
Feedback: 0.9
Received=	-0.12773
Feedback: 0.9
Received=	0.011145
Feedback: 0.9
Received=	0.28259
Feedback: 0.70649
Received=	0.16149
Feedback: 0.80641
Received=	-0.045163
Feedback: 0.9
Received=	0.043264
Feedback: 0.9
Received=	0.071835
Feedback: 0.88039
Received=	0.51455
Feedback: 0.5151
Calculated range:	[(-2.000000) - (2.000000)]
Success index = (0.137117)
closing...
