Direction=-1.000000	; step=1.000000;
Received=	0
Feedback: 0.66
Received=	0
Feedback: 0.66
Received=	0
Feedback: 0.66
Received=	-0.33614
Feedback: 0.66
Received=	-0.67566
Feedback: 0.66
Received=	0.4734
Feedback: 0.66
Received=	-0.45597
Feedback: 0.66
Received=	-0.50085
Feedback: 0.66
Received=	-0.23368
Feedback: 0.66
Received=	-0.32162
Feedback: 0.66
Received=	0.025304
Feedback: 0.66
Received=	-0.4017
Feedback: 0.66
Received=	-0.19911
Feedback: 0.66
Received=	-0.035283
Feedback: 0.66
Received=	0.21027
Feedback: 0.66
Received=	-0.14812
Feedback: 0.66
Received=	-0.20807
Feedback: 0.66
Received=	-0.28102
Feedback: 0.66
Received=	-0.70418
Feedback: 0.66
Received=	-0.42763
Feedback: 0.66
Received=	-0.43153
=====  15:22:40 - NF  ============
Feedback: 0.63309
Received=	-0.37466
Feedback: 0.59469
Received=	-0.32615
Feedback: 0.56193
Received=	-0.41527
Feedback: 0.62211
Received=	-0.53025
Feedback: 0.69976
Received=	-0.69389
Feedback: 0.81027
Received=	-0.52857
Feedback: 0.69863
Received=	-0.53906
Feedback: 0.70571
Received=	-0.71683
Feedback: 0.82576
Received=	-0.85912
Feedback: 0.9
Received=	-0.69161
Feedback: 0.80873
Received=	-0.5187
Feedback: 0.69196
Received=	-0.66609
Feedback: 0.79149
Received=	-0.46225
Feedback: 0.65383
Received=	-0.2256
Feedback: 0.49402
Received=	-0.24563
Feedback: 0.50755
Received=	-0.33371
Feedback: 0.56704
Received=	-0.50928
Feedback: 0.68559
Received=	-0.45887
Feedback: 0.65155
Received=	0.11618
Feedback: 0.26322
Received=	0.055264
Feedback: 0.30436
Received=	-0.31197
Feedback: 0.55236
Received=	-0.54023
Feedback: 0.7065
Received=	-0.66731
Feedback: 0.79231
Received=	-0.38631
Feedback: 0.60255
Received=	-0.32001
Feedback: 0.55778
Received=	-0.25436
Feedback: 0.51344
Received=	-0.26025
Feedback: 0.51742
Received=	-0.1599
Feedback: 0.44966
Received=	-0.41425
Feedback: 0.62142
Received=	-0.49263
Feedback: 0.67435
Received=	-0.41003
Feedback: 0.61857
Received=	-0.3461
Feedback: 0.5754
Received=	-0.53394
Feedback: 0.70225
Received=	-0.3742
Feedback: 0.59437
Received=	-0.21657
Feedback: 0.48793
Received=	-0.39461
Feedback: 0.60816
Received=	-0.4938
Feedback: 0.67514
Received=	-0.51178
Feedback: 0.68728
Received=	-0.70243
Feedback: 0.81603
Received=	-0.52163
Feedback: 0.69394
Received=	-0.52143
Feedback: 0.6938
Received=	-0.60432
Feedback: 0.74978
Received=	-0.65528
Feedback: 0.78419
Received=	-0.55185
Feedback: 0.71434
Received=	-0.39738
Feedback: 0.61003
Received=	-0.53222
Feedback: 0.70109
Received=	-0.56472
Feedback: 0.72304
Received=	-0.53025
Feedback: 0.69976
Received=	-0.53636
Feedback: 0.70388
Received=	-0.21586
Feedback: 0.48745
Received=	-0.10432
Feedback: 0.41212
Received=	0.010208
Feedback: 0.33478
Received=	0.014919
Feedback: 0.3316
Received=	-0.32028
Feedback: 0.55796
Received=	-0.65276
Feedback: 0.78249
Received=	-0.45576
Feedback: 0.64946
Received=	-0.70127
Feedback: 0.81525
Received=	-0.60677
Feedback: 0.75143
Received=	-0.42618
Feedback: 0.62948
Calculated range:	[(-2.000000) - (2.000000)]
Success index = (-0.891269)
Received=	-0.60144
=====  15:25:40 - BASE  ============
Feedback: 0.66
Received=	-0.36064
Feedback: 0.66
Received=	-0.072278
Feedback: 0.66
Received=	-0.11151
Feedback: 0.66
Received=	-0.13029
Feedback: 0.66
Received=	-0.53914
Feedback: 0.66
Received=	-0.77138
Feedback: 0.66
Received=	-0.87878
Feedback: 0.66
Received=	-0.89272
Feedback: 0.66
Received=	-0.88775
Feedback: 0.66
Received=	-0.71429
Feedback: 0.66
Received=	-0.77366
Feedback: 0.66
Received=	-0.85586
Feedback: 0.66
Received=	-0.68392
Feedback: 0.66
Received=	-0.5335
Feedback: 0.66
Received=	-0.35207
Feedback: 0.66
Received=	-0.12733
Feedback: 0.66
Received=	0.07697
Feedback: 0.66
Received=	8.8061e-05
Feedback: 0.66
Received=	-0.035436
Feedback: 0.66
Received=	-0.41307
=====  15:26:40 - NF  ============
Feedback: 0.47387
Received=	-0.4694
Feedback: 0.50513
Received=	-0.33131
Feedback: 0.42848
Received=	-0.056564
Feedback: 0.27598
Received=	-0.14864
Feedback: 0.32709
Received=	0.13702
Feedback: 0.16854
Received=	0.35054
Feedback: 0.1
Received=	0.12501
Feedback: 0.1752
Received=	-0.22437
Feedback: 0.36913
Received=	-0.17116
Feedback: 0.33959
Received=	-0.14726
Feedback: 0.32633
Received=	0.2068
Feedback: 0.1298
Received=	0.25263
Feedback: 0.10436
Received=	0.29266
Feedback: 0.1
Received=	0.11656
Feedback: 0.17989
Received=	-0.30135
Feedback: 0.41185
Received=	-0.27104
Feedback: 0.39503
Received=	-0.13863
Feedback: 0.32154
Received=	0.060836
Feedback: 0.21082
Received=	0.3659
Feedback: 0.1
Received=	0.18087
Feedback: 0.1442
Received=	0.03801
Feedback: 0.22349
Received=	0.054724
Feedback: 0.21421
Received=	0.034019
Feedback: 0.2257
Received=	0.12462
Feedback: 0.17542
Received=	0.051052
Feedback: 0.21625
Received=	-0.13239
Feedback: 0.31807
Received=	0.089857
Feedback: 0.19471
Received=	0.14527
Feedback: 0.16395
Received=	0.3415
Feedback: 0.1
Received=	0.13408
Feedback: 0.17017
Received=	-0.092975
Feedback: 0.29619
Received=	-0.28169
Feedback: 0.40094
Received=	0.029728
Feedback: 0.22809
Received=	0.54684
Feedback: 0.1
Received=	0.96549
Feedback: 0.1
Received=	0.75059
Feedback: 0.1
Received=	0.3725
Feedback: 0.1
Received=	0.46482
Feedback: 0.1
Received=	0.42956
Feedback: 0.1
Received=	0.39771
Feedback: 0.1
Received=	0.25959
Feedback: 0.1005
Received=	0.17928
Feedback: 0.14508
Received=	-0.19145
Feedback: 0.35085
Received=	0.037183
Feedback: 0.22395
Received=	0.033779
Feedback: 0.22584
Received=	0.063049
Feedback: 0.20959
Received=	0.088474
Feedback: 0.19548
Received=	-0.033601
Feedback: 0.26324
Received=	-0.24101
Feedback: 0.37836
Received=	-0.064617
Feedback: 0.28045
Received=	-0.12955
Feedback: 0.31649
Received=	-0.25476
Feedback: 0.38599
Received=	0.29885
Feedback: 0.1
Received=	0.62147
Feedback: 0.1
Received=	0.57662
Feedback: 0.1
Received=	-0.097995
Feedback: 0.29898
Received=	-0.20305
Feedback: 0.35729
Received=	-0.06173
Feedback: 0.27885
Received=	0.1068
Feedback: 0.18531
Calculated range:	[(-2.000000) - (2.000000)]
Success index = (1.774945)
Received=	0.16352
=====  15:29:40 - BASE  ============
Feedback: 0.66
Received=	0.010942
Feedback: 0.66
Received=	-0.0080702
Feedback: 0.66
Received=	0.079508
Feedback: 0.66
Received=	0.18394
Feedback: 0.66
Received=	0.13267
Feedback: 0.66
Received=	0.14571
Feedback: 0.66
Received=	0.20519
Feedback: 0.66
Received=	0.22978
Feedback: 0.66
Received=	0.30827
Feedback: 0.66
Received=	-0.010928
Feedback: 0.66
Received=	-0.21302
Feedback: 0.66
Received=	-0.025608
Feedback: 0.66
Received=	0.10966
Feedback: 0.66
Received=	-0.27971
Feedback: 0.66
Received=	-0.49079
Feedback: 0.66
Received=	-0.3859
Feedback: 0.66
Received=	0.023938
Feedback: 0.66
Received=	-0.082661
Feedback: 0.66
Received=	-0.25561
Feedback: 0.66
Received=	0.01259
=====  15:30:40 - NF  ============
Feedback: 0.47235
Received=	-0.02185
Feedback: 0.50295
Received=	-0.16288
Feedback: 0.62822
Received=	-0.2655
Feedback: 0.71938
Received=	-0.47462
Feedback: 0.9
Received=	-0.49044
Feedback: 0.9
Received=	-0.13304
Feedback: 0.60172
Received=	0.32921
Feedback: 0.1911
Received=	-0.018475
Feedback: 0.49995
Received=	-0.43982
Feedback: 0.87423
Received=	-0.23643
Feedback: 0.69356
Received=	-0.075233
Feedback: 0.55037
Received=	0.045765
Feedback: 0.44288
Received=	-0.14179
Feedback: 0.60949
Received=	-0.47431
Feedback: 0.9
Received=	-0.65391
Feedback: 0.9
Received=	-0.51309
Feedback: 0.9
Received=	-0.22501
Feedback: 0.68342
Received=	-0.079709
Feedback: 0.55434
Received=	0.023344
Feedback: 0.4628
Received=	0.24434
Feedback: 0.26649
Received=	-0.059347
Feedback: 0.53625
Received=	-0.21755
Feedback: 0.67678
Received=	-0.10434
Feedback: 0.57622
Received=	-0.023889
Feedback: 0.50476
Received=	0.167
Feedback: 0.33519
Received=	0.18875
Feedback: 0.31587
Received=	0.057452
Feedback: 0.4325
Received=	0.0028293
Feedback: 0.48102
Received=	-0.06234
Feedback: 0.53891
Received=	-0.32439
Feedback: 0.7717
Received=	-0.21669
Feedback: 0.67602
Received=	0.66931
Feedback: 0.1
Received=	0.73315
Feedback: 0.1
Received=	0.42121
Feedback: 0.10937
Received=	0.5258
Feedback: 0.1
Received=	0.46096
Feedback: 0.1
Received=	0.19136
Feedback: 0.31355
Received=	0.43394
Feedback: 0.1
Received=	0.29464
Feedback: 0.2218
Received=	0.51013
Feedback: 0.1
Received=	0.67017
Feedback: 0.1
Received=	0.74887
Feedback: 0.1
Received=	0.74484
Feedback: 0.1
Received=	0.3647
Feedback: 0.15957
Received=	0.078162
Feedback: 0.4141
Received=	0.55397
Feedback: 0.1
Received=	0.5005
Feedback: 0.1
Received=	0.16354
Feedback: 0.33827
Received=	0.24485
Feedback: 0.26603
Received=	0.24682
Feedback: 0.26428
Received=	0.018213
Feedback: 0.46736
Received=	-0.25479
Feedback: 0.70987
Received=	-0.35112
Feedback: 0.79544
Received=	-0.022785
Feedback: 0.50378
Received=	0.0049021
Feedback: 0.47918
Received=	-0.033575
Feedback: 0.51336
Received=	-0.33165
Feedback: 0.77815
Received=	-0.39589
Feedback: 0.83521
Received=	-0.23683
Feedback: 0.69392
Calculated range:	[(-2.000000) - (2.000000)]
Success index = (0.192142)
Received=	0.44299
=====  15:33:40 - BASE  ============
Feedback: 0.66
Received=	0.2498
Feedback: 0.66
Received=	-0.16921
Feedback: 0.66
Received=	0.099751
Feedback: 0.66
Received=	-0.000163
Feedback: 0.66
Received=	-0.14387
Feedback: 0.66
Received=	0.088416
Feedback: 0.66
Received=	0.057735
Feedback: 0.66
Received=	-0.11388
Feedback: 0.66
Received=	0.12004
Feedback: 0.66
Received=	0.074191
Feedback: 0.66
Received=	0.1996
Feedback: 0.66
Received=	0.27337
Feedback: 0.66
Received=	0.10359
Feedback: 0.66
Received=	0.15909
Feedback: 0.66
Received=	0.44902
Feedback: 0.66
Received=	0.28519
Feedback: 0.66
Received=	0.21379
Feedback: 0.66
Received=	0.27504
Feedback: 0.66
Received=	0.177
Feedback: 0.66
Received=	-0.058175
=====  15:34:40 - NF  ============
Feedback: 0.72248
Received=	0.072761
Feedback: 0.55841
Received=	-0.0087958
Feedback: 0.6606
Received=	0.0089889
Feedback: 0.63832
Received=	0.17878
Feedback: 0.42556
Received=	0.44321
Feedback: 0.1
Received=	0.51197
Feedback: 0.1
Received=	0.54693
Feedback: 0.1
Received=	0.39551
Feedback: 0.15397
Received=	0.38337
Feedback: 0.16919
Received=	0.42693
Feedback: 0.1146
Received=	0.29129
Feedback: 0.28457
Received=	0.37921
Feedback: 0.1744
Received=	0.291
Feedback: 0.28493
Received=	-0.065417
Feedback: 0.73155
Received=	-0.37027
Feedback: 0.9
Received=	-0.098613
Feedback: 0.77315
Received=	-0.21419
Feedback: 0.9
Received=	-0.19598
Feedback: 0.89516
Received=	-0.10707
Feedback: 0.78375
Received=	-0.31921
Feedback: 0.9
Received=	-0.053143
Feedback: 0.71617
Received=	0.20576
Feedback: 0.39175
Received=	0.15272
Feedback: 0.45821
Received=	0.146
Feedback: 0.46664
Received=	0.21905
Feedback: 0.37509
Received=	-0.17585
Feedback: 0.86993
Received=	-0.42185
Feedback: 0.9
Received=	-0.19967
Feedback: 0.89978
Received=	-0.14395
Feedback: 0.82996
Received=	-0.17749
Feedback: 0.87199
Received=	-0.197
Feedback: 0.89643
Received=	-0.21433
Feedback: 0.9
Received=	-0.18093
Feedback: 0.87629
Received=	0.098524
Feedback: 0.52612
Received=	-0.20645
Feedback: 0.9
Received=	-0.52911
Feedback: 0.9
Received=	-0.53253
Feedback: 0.9
Received=	-0.40983
Feedback: 0.9
Received=	-0.18081
Feedback: 0.87615
Received=	0.10455
Feedback: 0.51857
Received=	0.04728
Feedback: 0.59033
Received=	0.022548
Feedback: 0.62133
Received=	-0.11508
Feedback: 0.79378
Received=	0.14178
Feedback: 0.47192
Received=	0.17732
Feedback: 0.42739
Received=	-0.29465
Feedback: 0.9
Received=	-0.55781
Feedback: 0.9
Received=	-1.0131
Feedback: 0.9
Received=	-0.87208
Feedback: 0.9
Received=	-0.90225
Feedback: 0.9
Received=	-0.28506
Feedback: 0.9
Received=	0.11348
Feedback: 0.50739
Received=	0.03915
Feedback: 0.60052
Received=	-0.23223
Feedback: 0.9
Received=	-0.51169
Feedback: 0.9
Received=	-0.32658
Feedback: 0.9
Received=	0.095412
Feedback: 0.53002
Received=	0.088
Feedback: 0.53931
Received=	-0.20886
Feedback: 0.9
Calculated range:	[(-2.000000) - (2.000000)]
Success index = (-0.678189)
Received=	-0.49724
=====  15:37:40 - BASE  ============
Feedback: 0.66
Received=	-0.42693
Feedback: 0.66
Received=	-0.81223
Feedback: 0.66
Received=	-0.67524
Feedback: 0.66
Received=	-0.31835
Feedback: 0.66
Received=	-0.1993
Feedback: 0.66
Received=	-0.15277
Feedback: 0.66
Received=	-0.095716
Feedback: 0.66
Received=	-0.1041
Feedback: 0.66
Received=	-0.23051
Feedback: 0.66
Received=	-0.36555
Feedback: 0.66
Received=	-0.17437
Feedback: 0.66
Received=	-0.46
Feedback: 0.66
Received=	-0.37245
Feedback: 0.66
Received=	-0.39617
Feedback: 0.66
Received=	-0.2951
Feedback: 0.66
Received=	0.021613
Feedback: 0.66
Received=	0.083098
Feedback: 0.66
Received=	-0.41325
Feedback: 0.66
Received=	-0.23358
Feedback: 0.66
Received=	-0.11145
=====  15:38:40 - NF  ============
Feedback: 0.34118
Received=	-0.44036
Feedback: 0.63614
Received=	-0.6042
Feedback: 0.78306
Received=	-0.56125
Feedback: 0.74454
Received=	-0.44736
Feedback: 0.64241
Received=	-0.21246
Feedback: 0.43176
Received=	0.21819
Feedback: 0.1
Received=	0.11384
Feedback: 0.13914
Received=	-0.081313
Feedback: 0.31415
Received=	-0.49456
Feedback: 0.68474
Received=	-0.7707
Feedback: 0.9
Received=	-0.47558
Feedback: 0.66772
Received=	-0.44539
Feedback: 0.64065
Received=	-0.47574
Feedback: 0.66786
Received=	-0.37151
Feedback: 0.57439
Received=	-0.63263
Feedback: 0.80856
Received=	-1.0905
Feedback: 0.9
Received=	-1.074
Feedback: 0.9
Received=	-0.62976
Feedback: 0.80598
Received=	-0.6438
Feedback: 0.81858
Received=	-0.65131
Feedback: 0.82531
Received=	-0.98486
Feedback: 0.9
Received=	-0.82742
Feedback: 0.9
Received=	-0.070114
Feedback: 0.30411
Received=	-0.057341
Feedback: 0.29265
Received=	-0.0086487
Feedback: 0.24899
Received=	-0.087313
Feedback: 0.31953
Received=	-0.46391
Feedback: 0.65725
Received=	-0.45056
Feedback: 0.64528
Received=	-0.44247
Feedback: 0.63803
Received=	-0.33916
Feedback: 0.54538
Received=	-0.10429
Feedback: 0.33476
Received=	-0.13151
Feedback: 0.35916
Received=	-0.19014
Feedback: 0.41174
Received=	0.05349
Feedback: 0.19326
Received=	0.13754
Feedback: 0.11789
Received=	0.078126
Feedback: 0.17117
Received=	-0.46566
Feedback: 0.65882
Received=	-0.76854
Feedback: 0.9
Received=	-0.53158
Feedback: 0.71794
Received=	-0.4
Feedback: 0.59994
Received=	-0.61647
Feedback: 0.79407
Received=	-0.63075
Feedback: 0.80687
Received=	-0.96223
Feedback: 0.9
Received=	-0.74295
Feedback: 0.9
Received=	-0.76185
Feedback: 0.9
Received=	-0.58309
Feedback: 0.76413
Received=	-0.77742
Feedback: 0.9
Received=	-0.92155
Feedback: 0.9
Received=	-0.86147
Feedback: 0.9
Received=	-0.96959
Feedback: 0.9
Received=	-0.80776
Feedback: 0.9
Received=	-1.063
Feedback: 0.9
Received=	-0.89552
Feedback: 0.9
Received=	-0.7701
Feedback: 0.9
Received=	-0.87643
Feedback: 0.9
Received=	-0.62423
Feedback: 0.80102
Received=	-0.65884
Feedback: 0.83207
Received=	-0.20912
Feedback: 0.42876
Received=	-0.18104
Feedback: 0.40359
Calculated range:	[(-2.000000) - (2.000000)]
Success index = (-0.666151)
closing...
