Direction=-1.000000	; step=1.000000;
Received=	0
Feedback: 0.66
Received=	0
Feedback: 0.66
Received=	0
Feedback: 0.66
Received=	-0.15356
Feedback: 0.66
Received=	-0.4829
Feedback: 0.66
Received=	-0.13222
Feedback: 0.66
Received=	0.044399
Feedback: 0.66
Received=	-0.18263
Feedback: 0.66
Received=	-0.51381
Feedback: 0.66
Received=	-0.44369
Feedback: 0.66
Received=	-0.27866
Feedback: 0.66
Received=	-0.47352
Feedback: 0.66
Received=	-0.424
Feedback: 0.66
Received=	-0.47639
Feedback: 0.66
Received=	-0.53423
Feedback: 0.66
Received=	-0.30067
Feedback: 0.66
Received=	-0.46283
Feedback: 0.66
Received=	-0.5731
Feedback: 0.66
Received=	-0.39832
Feedback: 0.66
Received=	-0.22906
Feedback: 0.66
Received=	-0.12581
=====  11:37:49 - NF  ============
Feedback: 0.27789
Received=	-0.17819
Feedback: 0.33373
Received=	-0.39655
Feedback: 0.56649
Received=	-0.11696
Feedback: 0.26846
Received=	4.2704e-05
Feedback: 0.14374
Received=	-0.40634
Feedback: 0.57692
Received=	-0.59767
Feedback: 0.78087
Received=	-0.49778
Feedback: 0.67439
Received=	-0.58948
Feedback: 0.77213
Received=	-0.44736
Feedback: 0.62064
Received=	-0.2913
Feedback: 0.45429
Received=	-0.18804
Feedback: 0.34423
Received=	-0.090368
Feedback: 0.24012
Received=	-0.16866
Feedback: 0.32357
Received=	-0.39289
Feedback: 0.56258
Received=	-0.38887
Feedback: 0.5583
Received=	0.022615
Feedback: 0.11968
Received=	-0.20048
Feedback: 0.35749
Received=	-0.4507
Feedback: 0.62421
Received=	-0.35959
Feedback: 0.52709
Received=	-0.41527
Feedback: 0.58644
Received=	-0.45305
Feedback: 0.62671
Received=	-0.39413
Feedback: 0.56391
Received=	-0.23768
Feedback: 0.39714
Received=	-0.46684
Feedback: 0.64141
Received=	-0.10786
Feedback: 0.25876
Received=	0.38542
Feedback: 0.1
Received=	0.31846
Feedback: 0.1
Received=	0.089713
Feedback: 0.1
Received=	-0.076391
Feedback: 0.22522
Received=	0.10595
Feedback: 0.1
Received=	0.6184
Feedback: 0.1
Received=	0.4869
Feedback: 0.1
Received=	0.1733
Feedback: 0.1
Received=	-0.014259
Feedback: 0.15899
Received=	-0.22884
Feedback: 0.38772
Received=	-0.36698
Feedback: 0.53497
Received=	-0.47792
Feedback: 0.65322
Received=	-0.22644
Feedback: 0.38516
Received=	-0.024064
Feedback: 0.16944
Received=	-0.06528
Feedback: 0.21337
Received=	-0.019509
Feedback: 0.16459
Received=	0.19523
Feedback: 0.1
Received=	-0.017172
Feedback: 0.16209
Received=	-0.39281
Feedback: 0.5625
Received=	-0.82547
Feedback: 0.9
Received=	-0.37134
Feedback: 0.53961
Received=	0.76316
Feedback: 0.1
Received=	0.43422
Feedback: 0.1
Received=	-0.16152
Feedback: 0.31596
Received=	-0.27423
Feedback: 0.4361
Received=	-0.47024
Feedback: 0.64504
Received=	-0.38987
Feedback: 0.55937
Received=	0.27263
Feedback: 0.1
Received=	0.19006
Feedback: 0.1
Received=	-0.17838
Feedback: 0.33393
Received=	-0.3452
Feedback: 0.51175
Received=	-0.4477
Feedback: 0.62101
Received=	-0.572
Feedback: 0.75351
Received=	0.088305
Feedback: 0.1
Calculated range:	[(-2.000000) - (2.000000)]
Success index = (0.591870)
Received=	0.3001
=====  11:40:49 - BASE  ============
Feedback: 0.66
Received=	-0.058123
Feedback: 0.66
Received=	-0.42439
Feedback: 0.66
Received=	0.0091363
Feedback: 0.66
Received=	0.22806
Feedback: 0.66
Received=	0.26356
Feedback: 0.66
Received=	-0.054164
Feedback: 0.66
Received=	-0.38114
Feedback: 0.66
Received=	-0.82016
Feedback: 0.66
Received=	-0.53091
Feedback: 0.66
Received=	-0.13871
Feedback: 0.66
Received=	0.099343
Feedback: 0.66
Received=	-0.32335
Feedback: 0.66
Received=	-0.47527
Feedback: 0.66
Received=	-0.28355
Feedback: 0.66
Received=	-0.07549
Feedback: 0.66
Received=	-0.049279
Feedback: 0.66
Received=	0.26473
Feedback: 0.66
Received=	0.69144
Feedback: 0.66
Received=	0.95215
Feedback: 0.66
Received=	0.21353
=====  11:41:49 - NF  ============
Feedback: 0.37562
Received=	-0.46948
Feedback: 0.68823
Received=	-0.52291
Feedback: 0.71268
Received=	-0.67231
Feedback: 0.78106
Received=	-0.71551
Feedback: 0.80083
Received=	-0.63143
Feedback: 0.76235
Received=	-0.95491
Feedback: 0.9
Received=	-0.39423
Feedback: 0.65378
Received=	0.11268
Feedback: 0.42178
Received=	-0.40352
Feedback: 0.65804
Received=	-0.4235
Feedback: 0.66718
Received=	-0.35003
Feedback: 0.63356
Received=	-0.37108
Feedback: 0.64319
Received=	-0.629
Feedback: 0.76123
Received=	-0.31341
Feedback: 0.61679
Received=	-0.35365
Feedback: 0.63521
Received=	-0.58917
Feedback: 0.74301
Received=	-0.61848
Feedback: 0.75642
Received=	-0.23465
Feedback: 0.58075
Received=	-0.36006
Feedback: 0.63815
Received=	-0.60836
Feedback: 0.75179
Received=	-0.49903
Feedback: 0.70175
Received=	-0.32737
Feedback: 0.62319
Received=	-0.46179
Feedback: 0.68471
Received=	-0.37323
Feedback: 0.64418
Received=	-0.334
Feedback: 0.62622
Received=	-0.49414
Feedback: 0.69951
Received=	-0.41424
Feedback: 0.66294
Received=	0.24835
Feedback: 0.35968
Received=	0.20875
Feedback: 0.37781
Received=	-0.11112
Feedback: 0.52421
Received=	-0.20894
Feedback: 0.56898
Received=	-0.49656
Feedback: 0.70062
Received=	-0.049197
Feedback: 0.49587
Received=	0.029672
Feedback: 0.45977
Received=	-0.56638
Feedback: 0.73258
Received=	-0.42049
Feedback: 0.6658
Received=	-0.076557
Feedback: 0.50839
Received=	0.27173
Feedback: 0.34899
Received=	-0.027416
Feedback: 0.4859
Received=	0.40413
Feedback: 0.28839
Received=	0.16309
Feedback: 0.39871
Received=	-0.374
Feedback: 0.64453
Received=	-0.61419
Feedback: 0.75446
Received=	-0.33572
Feedback: 0.62701
Received=	0.057238
Feedback: 0.44716
Received=	0.63052
Feedback: 0.18477
Received=	0.48858
Feedback: 0.24974
Received=	0.55557
Feedback: 0.21908
Received=	-0.094462
Feedback: 0.51659
Received=	-0.29712
Feedback: 0.60934
Received=	-0.34824
Feedback: 0.63274
Received=	-0.40777
Feedback: 0.65998
Received=	0.15177
Feedback: 0.40389
Received=	0.21792
Feedback: 0.37362
Received=	-0.10221
Feedback: 0.52013
Received=	-0.052752
Feedback: 0.4975
Received=	-0.22708
Feedback: 0.57728
Received=	-0.54025
Feedback: 0.72062
Received=	-0.23094
Feedback: 0.57905
Calculated range:	[(-2.000000) - (2.000000)]
Success index = (-0.496710)
Received=	-0.48958
=====  11:44:49 - BASE  ============
Feedback: 0.66
Received=	-0.27321
Feedback: 0.66
Received=	-0.5374
Feedback: 0.66
Received=	-0.75401
Feedback: 0.66
Received=	-0.51858
Feedback: 0.66
Received=	-0.0047019
Feedback: 0.66
Received=	-0.48118
Feedback: 0.66
Received=	-0.54781
Feedback: 0.66
Received=	-0.22688
Feedback: 0.66
Received=	-0.5689
Feedback: 0.66
Received=	-0.33341
Feedback: 0.66
Received=	-0.66096
Feedback: 0.66
Received=	-0.2939
Feedback: 0.66
Received=	0.072789
Feedback: 0.66
Received=	-0.22856
Feedback: 0.66
Received=	-0.08395
Feedback: 0.66
Received=	-0.061182
Feedback: 0.66
Received=	0.0035037
Feedback: 0.66
Received=	-0.019491
Feedback: 0.66
Received=	-0.062741
Feedback: 0.66
Received=	-0.038222
=====  11:45:49 - NF  ============
Feedback: 0.30479
Received=	-0.50247
Feedback: 0.65793
Received=	-0.6157
Feedback: 0.74406
Received=	-0.38273
Feedback: 0.56684
Received=	0.2198
Feedback: 0.10852
Received=	0.21195
Feedback: 0.11449
Received=	-0.49902
Feedback: 0.65531
Received=	-0.49349
Feedback: 0.6511
Received=	-0.35414
Feedback: 0.5451
Received=	-0.5958
Feedback: 0.72892
Received=	-0.22636
Feedback: 0.4479
Received=	-0.15076
Feedback: 0.39039
Received=	-0.35281
Feedback: 0.54408
Received=	-0.15134
Feedback: 0.39084
Received=	0.2753
Feedback: 0.1
Received=	-0.34724
Feedback: 0.53985
Received=	0.11701
Feedback: 0.18671
Received=	0.077796
Feedback: 0.21654
Received=	-0.35897
Feedback: 0.54877
Received=	-0.049241
Feedback: 0.31317
Received=	0.19158
Feedback: 0.12999
Received=	-0.55041
Feedback: 0.69439
Received=	-0.55123
Feedback: 0.69502
Received=	-0.249
Feedback: 0.46512
Received=	-0.66782
Feedback: 0.7837
Received=	-0.62404
Feedback: 0.75041
Received=	-0.017194
Feedback: 0.28879
Received=	-0.074215
Feedback: 0.33217
Received=	-0.29086
Feedback: 0.49696
Received=	-1.1709
Feedback: 0.9
Received=	-0.69421
Feedback: 0.80378
Received=	0.1013
Feedback: 0.19866
Received=	-0.060944
Feedback: 0.32207
Received=	-0.62054
Feedback: 0.74774
Received=	-0.11782
Feedback: 0.36533
Received=	-0.058583
Feedback: 0.32028
Received=	-0.70037
Feedback: 0.80846
Received=	-0.41415
Feedback: 0.59074
Received=	0.17408
Feedback: 0.14329
Received=	-0.14953
Feedback: 0.38946
Received=	0.14844
Feedback: 0.1628
Received=	0.0012155
Feedback: 0.27479
Received=	-0.27955
Feedback: 0.48836
Received=	-0.30018
Feedback: 0.50405
Received=	-0.24332
Feedback: 0.4608
Received=	-0.20608
Feedback: 0.43247
Received=	-0.56578
Feedback: 0.70609
Received=	-0.25368
Feedback: 0.46868
Received=	-0.039709
Feedback: 0.30592
Received=	0.35118
Feedback: 0.1
Received=	0.72286
Feedback: 0.1
Received=	0.2806
Feedback: 0.1
Received=	-0.38527
Feedback: 0.56877
Received=	-0.27784
Feedback: 0.48706
Received=	-0.44283
Feedback: 0.61256
Received=	-0.32261
Feedback: 0.52111
Received=	-0.076923
Feedback: 0.33423
Received=	-0.26955
Feedback: 0.48075
Received=	0.11801
Feedback: 0.18595
Received=	-0.14041
Feedback: 0.38252
Calculated range:	[(-2.000000) - (2.000000)]
Success index = (0.253978)
Received=	-0.179
=====  11:48:49 - BASE  ============
Feedback: 0.66
Received=	-0.11249
Feedback: 0.66
Received=	-0.22279
Feedback: 0.66
Received=	-0.0012669
Feedback: 0.66
Received=	-0.45561
Feedback: 0.66
Received=	-0.015522
Feedback: 0.66
Received=	0.528
Feedback: 0.66
Received=	0.045099
Feedback: 0.66
Received=	-0.78782
Feedback: 0.66
Received=	-0.73551
Feedback: 0.66
Received=	-0.21164
Feedback: 0.66
Received=	-0.093226
Feedback: 0.66
Received=	-0.16226
Feedback: 0.66
Received=	0.17968
Feedback: 0.66
Received=	0.61493
Feedback: 0.66
Received=	0.24324
Feedback: 0.66
Received=	-0.026704
Feedback: 0.66
Received=	1.0823
Feedback: 0.66
Received=	0.19955
Feedback: 0.66
Received=	0.18759
Feedback: 0.66
Received=	0.65192
=====  11:49:49 - NF  ============
Feedback: 0.22122
Received=	0.54941
Feedback: 0.26648
Received=	-0.10214
Feedback: 0.55412
Received=	-0.37188
Feedback: 0.6732
Received=	-0.45623
Feedback: 0.71044
Received=	-0.74309
Feedback: 0.83708
Received=	-0.33983
Feedback: 0.65905
Received=	-0.17696
Feedback: 0.58715
Received=	-0.19344
Feedback: 0.59442
Received=	-0.24642
Feedback: 0.61781
Received=	0.093031
Feedback: 0.46796
Received=	-0.06869
Feedback: 0.53935
Received=	-0.11828
Feedback: 0.56124
Received=	-0.25883
Feedback: 0.6233
Received=	-0.016453
Feedback: 0.51629
Received=	-0.12421
Feedback: 0.56386
Received=	-0.65399
Feedback: 0.79775
Received=	-0.6872
Feedback: 0.81241
Received=	0.32245
Feedback: 0.36667
Received=	-0.21723
Feedback: 0.60493
Received=	-0.075755
Feedback: 0.54247
Received=	-0.36127
Feedback: 0.66852
Received=	0.13173
Feedback: 0.45087
Received=	0.03893
Feedback: 0.49184
Received=	-0.46203
Feedback: 0.713
Received=	0.066684
Feedback: 0.47959
Received=	0.64797
Feedback: 0.22296
Received=	-0.22809
Feedback: 0.60972
Received=	-1.2113
Feedback: 0.9
Received=	-0.68397
Feedback: 0.81098
Received=	0.12708
Feedback: 0.45292
Received=	-0.23124
Feedback: 0.61111
Received=	-0.28534
Feedback: 0.635
Received=	-0.52648
Feedback: 0.74145
Received=	-0.32397
Feedback: 0.65205
Received=	-0.46593
Feedback: 0.71472
Received=	-0.50194
Feedback: 0.73062
Received=	0.12948
Feedback: 0.45186
Received=	-0.090098
Feedback: 0.5488
Received=	-0.049475
Feedback: 0.53087
Received=	0.26038
Feedback: 0.39408
Received=	0.62291
Feedback: 0.23403
Received=	-0.025364
Feedback: 0.52023
Received=	-0.40006
Feedback: 0.68564
Received=	-0.96664
Feedback: 0.9
Received=	-0.85804
Feedback: 0.88783
Received=	0.29291
Feedback: 0.37972
Received=	-0.14618
Feedback: 0.57356
Received=	-0.67707
Feedback: 0.80794
Received=	-0.21238
Feedback: 0.60279
Received=	0.22504
Feedback: 0.40968
Received=	-0.2626
Feedback: 0.62496
Received=	-0.53197
Feedback: 0.74388
Received=	0.16259
Feedback: 0.43725
Received=	-0.0075755
Feedback: 0.51237
Received=	0.2157
Feedback: 0.4138
Received=	-0.091972
Feedback: 0.54963
Received=	-0.11682
Feedback: 0.5606
Received=	0.057067
Feedback: 0.48383
Received=	0.30615
Feedback: 0.37387
Calculated range:	[(-2.000000) - (2.000000)]
Success index = (-0.452331)
Received=	0.50687
=====  11:52:49 - BASE  ============
Feedback: 0.66
Received=	0.59149
Feedback: 0.66
Received=	0.26391
Feedback: 0.66
Received=	0.27202
Feedback: 0.66
Received=	0.74728
Feedback: 0.66
Received=	0.62214
Feedback: 0.66
Received=	0.13853
Feedback: 0.66
Received=	0.031238
Feedback: 0.66
Received=	0.21258
Feedback: 0.66
Received=	0.40539
Feedback: 0.66
Received=	0.1196
Feedback: 0.66
Received=	-0.037549
Feedback: 0.66
Received=	0.25696
Feedback: 0.66
Received=	-0.26503
Feedback: 0.66
Received=	-0.89608
Feedback: 0.66
Received=	0.11784
Feedback: 0.66
Received=	-0.25763
Feedback: 0.66
Received=	-0.2945
Feedback: 0.66
Received=	0.36105
Feedback: 0.66
Received=	0.45828
Feedback: 0.66
Received=	-0.059452
=====  11:53:49 - NF  ============
Feedback: 0.5964
Received=	-0.52344
Feedback: 0.83847
Received=	-0.70011
Feedback: 0.9
Received=	-0.083221
Feedback: 0.6088
Received=	-0.38831
Feedback: 0.76797
Received=	0.12445
Feedback: 0.50046
Received=	-0.024499
Feedback: 0.57817
Received=	-0.070642
Feedback: 0.60224
Received=	0.27754
Feedback: 0.42059
Received=	-0.46067
Feedback: 0.80572
Received=	-0.89431
Feedback: 0.9
Received=	-0.20969
Feedback: 0.67478
Received=	-0.02241
Feedback: 0.57708
Received=	-0.20078
Feedback: 0.67014
Received=	0.20176
Feedback: 0.46013
Received=	0.2398
Feedback: 0.44028
Received=	0.24326
Feedback: 0.43848
Received=	-0.78437
Feedback: 0.9
Received=	-0.43827
Feedback: 0.79404
Received=	0.0034037
Feedback: 0.56361
Received=	0.53727
Feedback: 0.28509
Received=	0.088105
Feedback: 0.51942
Received=	-0.50554
Feedback: 0.82913
Received=	-0.28424
Feedback: 0.71368
Received=	-0.41654
Feedback: 0.7827
Received=	-0.55046
Feedback: 0.85257
Received=	-0.40152
Feedback: 0.77486
Received=	-0.60319
Feedback: 0.88007
Received=	-0.71382
Feedback: 0.9
Received=	0.10339
Feedback: 0.51145
Received=	0.24376
Feedback: 0.43822
Received=	-0.58154
Feedback: 0.86878
Received=	-0.85934
Feedback: 0.9
Received=	-0.33914
Feedback: 0.74232
Received=	0.061991
Feedback: 0.53305
Received=	0.15413
Feedback: 0.48498
Received=	-0.057415
Feedback: 0.59534
Received=	-0.14252
Feedback: 0.63974
Received=	-0.029073
Feedback: 0.58056
Received=	-0.54872
Feedback: 0.85166
Received=	-0.65092
Feedback: 0.9
Received=	-0.3706
Feedback: 0.75873
Received=	0.071071
Feedback: 0.52831
Received=	0.22903
Feedback: 0.4459
Received=	-0.18588
Feedback: 0.66236
Received=	-0.43189
Feedback: 0.79071
Received=	-0.10441
Feedback: 0.61986
Received=	0.20375
Feedback: 0.45909
Received=	-0.091704
Feedback: 0.61323
Received=	-0.21472
Feedback: 0.67741
Received=	-0.084071
Feedback: 0.60925
Received=	0.21645
Feedback: 0.45246
Received=	0.028072
Feedback: 0.55074
Received=	-0.46321
Feedback: 0.80705
Received=	-0.4425
Feedback: 0.79624
Received=	0.3616
Feedback: 0.37674
Received=	0.11616
Feedback: 0.50479
Received=	-0.82151
Feedback: 0.9
Received=	-0.16433
Feedback: 0.65112
Received=	0.23595
Feedback: 0.44229
Calculated range:	[(-2.000000) - (2.000000)]
Success index = (-0.878248)
closing...
