Direction=-1.000000	; step=1.000000;
Received=	0
Feedback: 0.66
Received=	0
Feedback: 0.66
Received=	0
Feedback: 0.66
Received=	-0.036047
Feedback: 0.66
Received=	-0.16372
Feedback: 0.66
Received=	-0.44742
Feedback: 0.66
Received=	-0.097111
Feedback: 0.66
Received=	-0.081345
Feedback: 0.66
Received=	-0.047914
Feedback: 0.66
Received=	-0.10632
Feedback: 0.66
Received=	-0.23122
Feedback: 0.66
Received=	-0.15268
Feedback: 0.66
Received=	-0.014584
Feedback: 0.66
Received=	0.19591
Feedback: 0.66
Received=	-0.13925
Feedback: 0.66
Received=	-0.50091
Feedback: 0.66
Received=	-0.513
Feedback: 0.66
Received=	-0.53169
Feedback: 0.66
Received=	-0.30658
Feedback: 0.66
Received=	-0.023263
Feedback: 0.66
Received=	0.41596
=====  14:46:45 - NF  ============
Feedback: 0.1
Received=	0.70258
Feedback: 0.1
Received=	0.64245
Feedback: 0.1
Received=	0.14236
Feedback: 0.18819
Received=	-0.30972
Feedback: 0.62873
Received=	-0.29595
Feedback: 0.61531
Received=	-0.05484
Feedback: 0.38036
Received=	-0.078078
Feedback: 0.403
Received=	-0.39847
Feedback: 0.71521
Received=	-0.43838
Feedback: 0.7541
Received=	-0.097667
Feedback: 0.42209
Received=	0.13907
Feedback: 0.19141
Received=	0.33849
Feedback: 0.1
Received=	0.13889
Feedback: 0.19158
Received=	0.076446
Feedback: 0.25243
Received=	0.044864
Feedback: 0.2832
Received=	-0.20919
Feedback: 0.53077
Received=	-0.030251
Feedback: 0.3564
Received=	0.21122
Feedback: 0.12109
Received=	0.11236
Feedback: 0.21743
Received=	-0.1422
Feedback: 0.46548
Received=	-0.40299
Feedback: 0.71961
Received=	-0.28642
Feedback: 0.60602
Received=	-0.36672
Feedback: 0.68427
Received=	-0.375
Feedback: 0.69234
Received=	-0.14747
Feedback: 0.47062
Received=	0.10256
Feedback: 0.22698
Received=	-0.12892
Feedback: 0.45254
Received=	0.32241
Feedback: 0.1
Received=	0.43178
Feedback: 0.1
Received=	-0.019319
Feedback: 0.34574
Received=	-0.33075
Feedback: 0.64922
Received=	0.13264
Feedback: 0.19767
Received=	0.74648
Feedback: 0.1
Received=	0.34407
Feedback: 0.1
Received=	-0.43161
Feedback: 0.7475
Received=	-0.47618
Feedback: 0.79093
Received=	-0.093646
Feedback: 0.41817
Received=	0.19514
Feedback: 0.13676
Received=	0.060421
Feedback: 0.26804
Received=	-0.39848
Feedback: 0.71522
Received=	-0.32159
Feedback: 0.6403
Received=	-0.16023
Feedback: 0.48305
Received=	-0.11204
Feedback: 0.43609
Received=	-0.17616
Feedback: 0.49857
Received=	-0.31195
Feedback: 0.6309
Received=	-0.013799
Feedback: 0.34036
Received=	0.25346
Feedback: 0.1
Received=	1.0098
Feedback: 0.1
Received=	0.11668
Feedback: 0.21322
Received=	-0.40116
Feedback: 0.71783
Received=	-0.54072
Feedback: 0.85383
Received=	-0.2108
Feedback: 0.53233
Received=	-0.21209
Feedback: 0.53359
Received=	-0.37835
Feedback: 0.6956
Received=	-0.1159
Feedback: 0.43986
Received=	-0.074037
Feedback: 0.39906
Received=	-0.14262
Feedback: 0.4659
Received=	0.025509
Feedback: 0.30206
Received=	0.58937
Feedback: 0.1
Calculated range:	[(-2.000000) - (2.000000)]
Success index = (0.506139)
Received=	0.30888
=====  14:49:45 - BASE  ============
Feedback: 0.66
Received=	0.080411
Feedback: 0.66
Received=	-0.067828
Feedback: 0.66
Received=	-0.057865
Feedback: 0.66
Received=	0.3815
Feedback: 0.66
Received=	0.38661
Feedback: 0.66
Received=	-0.039758
Feedback: 0.66
Received=	-0.21224
Feedback: 0.66
Received=	0.1671
Feedback: 0.66
Received=	0.4552
Feedback: 0.66
Received=	0.45863
Feedback: 0.66
Received=	0.46821
Feedback: 0.66
Received=	0.074648
Feedback: 0.66
Received=	-0.21783
Feedback: 0.66
Received=	-0.35239
Feedback: 0.66
Received=	-0.40269
Feedback: 0.66
Received=	-0.34699
Feedback: 0.66
Received=	-0.22802
Feedback: 0.66
Received=	-0.27455
Feedback: 0.66
Received=	0.17574
Feedback: 0.66
Received=	0.83429
=====  14:50:45 - NF  ============
Feedback: 0.1
Received=	1.0123
Feedback: 0.1
Received=	0.017396
Feedback: 0.50195
Received=	-0.36773
Feedback: 0.7511
Received=	-0.32835
Feedback: 0.72562
Received=	0.19531
Feedback: 0.38686
Received=	-0.18625
Feedback: 0.6337
Received=	-0.086682
Feedback: 0.56928
Received=	0.58116
Feedback: 0.13724
Received=	0.44822
Feedback: 0.22324
Received=	0.13395
Feedback: 0.42655
Received=	-0.34851
Feedback: 0.73867
Received=	-0.61899
Feedback: 0.9
Received=	-0.66888
Feedback: 0.9
Received=	-0.40071
Feedback: 0.77244
Received=	-0.17723
Feedback: 0.62786
Received=	-0.17598
Feedback: 0.62705
Received=	-0.082423
Feedback: 0.56653
Received=	0.065302
Feedback: 0.47096
Received=	-0.25307
Feedback: 0.67693
Received=	-0.24697
Feedback: 0.67298
Received=	-0.07191
Feedback: 0.55973
Received=	-0.043657
Feedback: 0.54145
Received=	-0.29635
Feedback: 0.70493
Received=	-0.090979
Feedback: 0.57206
Received=	-0.29557
Feedback: 0.70442
Received=	-0.32451
Feedback: 0.72314
Received=	-0.10525
Feedback: 0.5813
Received=	-0.013183
Feedback: 0.52174
Received=	-0.086837
Feedback: 0.56938
Received=	-0.28124
Feedback: 0.69515
Received=	-0.24764
Feedback: 0.67341
Received=	0.12948
Feedback: 0.42944
Received=	0.20628
Feedback: 0.37976
Received=	-0.057099
Feedback: 0.55015
Received=	-0.061213
Feedback: 0.55281
Received=	-0.30455
Feedback: 0.71023
Received=	-0.4087
Feedback: 0.7776
Received=	-0.45008
Feedback: 0.80437
Received=	-0.2897
Feedback: 0.70062
Received=	-0.21068
Feedback: 0.6495
Received=	-0.25216
Feedback: 0.67634
Received=	-0.18964
Feedback: 0.63589
Received=	-0.20611
Feedback: 0.64654
Received=	-0.22759
Feedback: 0.66044
Received=	-0.17434
Feedback: 0.62599
Received=	0.13723
Feedback: 0.42443
Received=	0.3153
Feedback: 0.30923
Received=	-0.17214
Feedback: 0.62457
Received=	-0.6066
Feedback: 0.9
Received=	-0.48848
Feedback: 0.82922
Received=	0.10163
Feedback: 0.44746
Received=	-0.070092
Feedback: 0.55855
Received=	-0.31989
Feedback: 0.72015
Received=	-0.23178
Feedback: 0.66315
Received=	-0.19637
Feedback: 0.64024
Received=	-0.40198
Feedback: 0.77326
Received=	-0.37703
Feedback: 0.75712
Received=	0.060857
Feedback: 0.47384
Received=	0.095842
Feedback: 0.4512
Calculated range:	[(-2.000000) - (2.000000)]
Success index = (-0.450970)
Received=	0.20996
=====  14:53:45 - BASE  ============
Feedback: 0.66
Received=	0.3666
Feedback: 0.66
Received=	0.5935
Feedback: 0.66
Received=	1.2287
Feedback: 0.66
Received=	1.1503
Feedback: 0.66
Received=	0.49255
Feedback: 0.66
Received=	0.37219
Feedback: 0.66
Received=	0.1302
Feedback: 0.66
Received=	0.19236
Feedback: 0.66
Received=	0.67785
Feedback: 0.66
Received=	0.57271
Feedback: 0.66
Received=	0.30919
Feedback: 0.66
Received=	0.26647
Feedback: 0.66
Received=	0.46679
Feedback: 0.66
Received=	0.35757
Feedback: 0.66
Received=	0.19481
Feedback: 0.66
Received=	0.29971
Feedback: 0.66
Received=	0.25354
Feedback: 0.66
Received=	0.12777
Feedback: 0.66
Received=	0.048074
Feedback: 0.66
Received=	0.10745
=====  14:54:45 - NF  ============
Feedback: 0.69765
Received=	0.070721
Feedback: 0.72017
Received=	0.84808
Feedback: 0.24337
Received=	1.0677
Feedback: 0.10866
Received=	0.64966
Feedback: 0.36507
Received=	-0.065628
Feedback: 0.80381
Received=	-0.36793
Feedback: 0.9
Received=	-0.19757
Feedback: 0.88473
Received=	0.73976
Feedback: 0.30981
Received=	0.15116
Feedback: 0.67084
Received=	-0.54335
Feedback: 0.9
Received=	-0.33373
Feedback: 0.9
Received=	-0.16759
Feedback: 0.86635
Received=	-0.025351
Feedback: 0.7791
Received=	0.14034
Feedback: 0.67747
Received=	0.4621
Feedback: 0.48012
Received=	0.58581
Feedback: 0.40424
Received=	0.084684
Feedback: 0.71161
Received=	0.00907
Feedback: 0.75799
Received=	0.050122
Feedback: 0.73281
Received=	0.077695
Feedback: 0.7159
Received=	0.0016395
Feedback: 0.76255
Received=	-0.36291
Feedback: 0.9
Received=	-0.26998
Feedback: 0.9
Received=	-0.071309
Feedback: 0.80729
Received=	-0.11058
Feedback: 0.83138
Received=	0.10328
Feedback: 0.7002
Received=	0.14885
Feedback: 0.67225
Received=	0.1752
Feedback: 0.65609
Received=	-0.17046
Feedback: 0.86811
Received=	0.003721
Feedback: 0.76127
Received=	0.29308
Feedback: 0.58379
Received=	0.038549
Feedback: 0.73991
Received=	-0.21958
Feedback: 0.89824
Received=	-0.24336
Feedback: 0.9
Received=	-0.03251
Feedback: 0.78349
Received=	0.47849
Feedback: 0.47006
Received=	0.22466
Feedback: 0.62575
Received=	-0.17949
Feedback: 0.87365
Received=	-0.13989
Feedback: 0.84936
Received=	-0.17008
Feedback: 0.86787
Received=	0.22686
Feedback: 0.6244
Received=	0.37239
Feedback: 0.53514
Received=	-0.082198
Feedback: 0.81397
Received=	-0.37845
Feedback: 0.9
Received=	-0.36678
Feedback: 0.9
Received=	0.63344
Feedback: 0.37502
Received=	0.6186
Feedback: 0.38413
Received=	-0.17147
Feedback: 0.86873
Received=	-0.28371
Feedback: 0.9
Received=	0.19769
Feedback: 0.6423
Received=	0.093474
Feedback: 0.70622
Received=	-0.18228
Feedback: 0.87536
Received=	-0.15727
Feedback: 0.86002
Received=	0.17633
Feedback: 0.6554
Received=	0.36396
Feedback: 0.54031
Received=	0.21626
Feedback: 0.63091
Received=	0.38173
Feedback: 0.52941
Received=	0.13046
Feedback: 0.68353
Received=	-0.23817
Feedback: 0.9
Calculated range:	[(-2.076680) - (1.923320)]
Success index = (-1.076680)
Received=	0.065044
=====  14:57:45 - BASE  ============
Feedback: 0.66
Received=	0.31791
Feedback: 0.66
Received=	0.57468
Feedback: 0.66
Received=	0.45397
Feedback: 0.66
Received=	0.4623
Feedback: 0.66
Received=	0.50545
Feedback: 0.66
Received=	0.48869
Feedback: 0.66
Received=	0.47697
Feedback: 0.66
Received=	0.58397
Feedback: 0.66
Received=	0.55166
Feedback: 0.66
Received=	0.696
Feedback: 0.66
Received=	0.68681
Feedback: 0.66
Received=	0.35185
Feedback: 0.66
Received=	0.09953
Feedback: 0.66
Received=	0.081011
Feedback: 0.66
Received=	0.32495
Feedback: 0.66
Received=	0.59015
Feedback: 0.66
Received=	0.54749
Feedback: 0.66
Received=	0.81309
Feedback: 0.66
Received=	0.86972
Feedback: 0.66
Received=	0.28869
=====  14:58:45 - NF  ============
Feedback: 0.69782
Received=	0.23458
Feedback: 0.75021
Received=	0.23632
Feedback: 0.74853
Received=	-0.29452
Feedback: 0.9
Received=	0.00018878
Feedback: 0.9
Received=	0.34343
Feedback: 0.64481
Received=	0.41852
Feedback: 0.57209
Received=	0.13526
Feedback: 0.8464
Received=	-0.032638
Feedback: 0.9
Received=	0.21148
Feedback: 0.77259
Received=	0.2913
Feedback: 0.69529
Received=	0.16507
Feedback: 0.81754
Received=	-0.31618
Feedback: 0.9
Received=	-0.1419
Feedback: 0.9
Received=	0.12057
Feedback: 0.86062
Received=	-0.26107
Feedback: 0.9
Received=	-0.27571
Feedback: 0.9
Received=	-0.21667
Feedback: 0.9
Received=	0.35298
Feedback: 0.63556
Received=	0.44655
Feedback: 0.54495
Received=	-0.0037704
Feedback: 0.9
Received=	-0.26682
Feedback: 0.9
Received=	0.083984
Feedback: 0.89606
Received=	0.4628
Feedback: 0.52921
Received=	0.58156
Feedback: 0.4142
Received=	-0.043719
Feedback: 0.9
Received=	0.67502
Feedback: 0.32369
Received=	0.4832
Feedback: 0.50945
Received=	0.053924
Feedback: 0.9
Received=	0.24691
Feedback: 0.73827
Received=	0.4944
Feedback: 0.4986
Received=	0.53305
Feedback: 0.46117
Received=	0.50526
Feedback: 0.48809
Received=	0.76291
Feedback: 0.23858
Received=	0.3375
Feedback: 0.65055
Received=	-0.22694
Feedback: 0.9
Received=	-0.28501
Feedback: 0.9
Received=	0.17166
Feedback: 0.81115
Received=	0.4968
Feedback: 0.49628
Received=	0.485
Feedback: 0.50771
Received=	0.22044
Feedback: 0.76391
Received=	0.067871
Feedback: 0.9
Received=	0.11555
Feedback: 0.86549
Received=	-0.049401
Feedback: 0.9
Received=	0.19029
Feedback: 0.79311
Received=	0.34054
Feedback: 0.6476
Received=	0.3497
Feedback: 0.63873
Received=	0.46281
Feedback: 0.52919
Received=	0.70908
Feedback: 0.2907
Received=	0.45465
Feedback: 0.5371
Received=	0.15247
Feedback: 0.82974
Received=	0.11936
Feedback: 0.8618
Received=	0.036647
Feedback: 0.9
Received=	0.61005
Feedback: 0.38661
Received=	0.20626
Feedback: 0.77765
Received=	-0.37983
Feedback: 0.9
Received=	-0.19132
Feedback: 0.9
Received=	-0.12717
Feedback: 0.9
Received=	0.13997
Feedback: 0.84184
Received=	0.36883
Feedback: 0.62021
Calculated range:	[(-2.200428) - (1.799572)]
Success index = (-1.200428)
Received=	0.32946
=====  15:1:45 - BASE  ============
Feedback: 0.66
Received=	0.27067
Feedback: 0.66
Received=	0.43127
Feedback: 0.66
Received=	0.25485
Feedback: 0.66
Received=	0.94751
Feedback: 0.66
Received=	1.2355
Feedback: 0.66
Received=	0.82663
Feedback: 0.66
Received=	0.74927
Feedback: 0.66
Received=	0.65097
Feedback: 0.66
Received=	1.2146
Feedback: 0.66
Received=	1.2652
Feedback: 0.66
Received=	0.94945
Feedback: 0.66
Received=	0.87608
Feedback: 0.66
Received=	0.66546
Feedback: 0.66
Received=	0.5828
Feedback: 0.66
Received=	0.54232
Feedback: 0.66
Received=	0.099275
Feedback: 0.66
Received=	-0.36664
Feedback: 0.66
Received=	-0.26252
Feedback: 0.66
Received=	-0.013464
Feedback: 0.66
Received=	0.18244
=====  15:2:45 - NF  ============
Feedback: 0.62697
Received=	0.49619
Feedback: 0.49887
Received=	0.29694
Feedback: 0.58022
Received=	0.10797
Feedback: 0.65737
Received=	0.035658
Feedback: 0.6869
Received=	0.088224
Feedback: 0.66544
Received=	0.91637
Feedback: 0.32731
Received=	0.42173
Feedback: 0.52927
Received=	-0.32915
Feedback: 0.83585
Received=	-0.35711
Feedback: 0.84726
Received=	0.10476
Feedback: 0.65868
Received=	0.82879
Feedback: 0.36307
Received=	0.55973
Feedback: 0.47292
Received=	-0.4763
Feedback: 0.89593
Received=	-0.32444
Feedback: 0.83392
Received=	-0.047449
Feedback: 0.72083
Received=	0.098763
Feedback: 0.66113
Received=	-0.077805
Feedback: 0.73322
Received=	0.025539
Feedback: 0.69103
Received=	0.58433
Feedback: 0.46288
Received=	0.50546
Feedback: 0.49508
Received=	-0.094347
Feedback: 0.73998
Received=	-0.042869
Feedback: 0.71896
Received=	0.31009
Feedback: 0.57485
Received=	0.90143
Feedback: 0.33341
Received=	0.47582
Feedback: 0.50718
Received=	-0.15336
Feedback: 0.76407
Received=	-0.14259
Feedback: 0.75968
Received=	-0.12224
Feedback: 0.75137
Received=	0.4031
Feedback: 0.53687
Received=	0.29785
Feedback: 0.57985
Received=	0.17771
Feedback: 0.6289
Received=	-0.35284
Feedback: 0.84552
Received=	0.21394
Feedback: 0.61411
Received=	0.039515
Feedback: 0.68532
Received=	-0.29352
Feedback: 0.8213
Received=	-0.043375
Feedback: 0.71917
Received=	0.58189
Feedback: 0.46387
Received=	0.26567
Feedback: 0.59298
Received=	0.25867
Feedback: 0.59584
Received=	0.023913
Feedback: 0.69169
Received=	-0.08587
Feedback: 0.73652
Received=	0.35675
Feedback: 0.5558
Received=	0.76113
Feedback: 0.39069
Received=	0.64964
Feedback: 0.43621
Received=	0.34715
Feedback: 0.55972
Received=	-0.050247
Feedback: 0.72197
Received=	0.026152
Feedback: 0.69078
Received=	0.32176
Feedback: 0.57009
Received=	0.84196
Feedback: 0.35769
Received=	1.0647
Feedback: 0.26673
Received=	0.68126
Feedback: 0.4233
Received=	0.131
Feedback: 0.64797
Received=	0.097042
Feedback: 0.66184
Received=	0.16602
Feedback: 0.63367
Received=	0.39813
Feedback: 0.5389
Received=	0.74378
Feedback: 0.39778
Received=	0.60084
Feedback: 0.45614
Received=	0.30552
Feedback: 0.57671
Received=	0.35728
Feedback: 0.55558
Calculated range:	[(-2.000000) - (2.000000)]
Success index = (-0.920373)
closing...
