Direction=-1.000000	; step=1.000000;
Received=	0
Feedback: 0.66
Received=	0
Feedback: 0.66
Received=	0
Feedback: 0.66
Received=	0.069007
Feedback: 0.66
Received=	-0.013966
Feedback: 0.66
Received=	0.060607
Feedback: 0.66
Received=	0.19415
Feedback: 0.66
Received=	0.046592
Feedback: 0.66
Received=	0.14795
Feedback: 0.66
Received=	0.29114
Feedback: 0.66
Received=	0.25162
Feedback: 0.66
Received=	0.10853
Feedback: 0.66
Received=	0.029933
Feedback: 0.66
Received=	-0.09251
Feedback: 0.66
Received=	-0.022644
Feedback: 0.66
Received=	0.22113
Feedback: 0.66
Received=	0.2474
Feedback: 0.66
Received=	0.012426
Feedback: 0.66
Received=	-0.0079765
Feedback: 0.66
Received=	-0.024107
Feedback: 0.66
Received=	0.02949
=====  11:40:9 - NF  ============
Feedback: 0.59592
Received=	0.080556
Feedback: 0.50672
Received=	0.19613
Feedback: 0.30486
Received=	0.19581
Feedback: 0.30541
Received=	0.2901
Feedback: 0.14071
Received=	0.33854
Feedback: 0.1
Received=	0.19956
Feedback: 0.29885
Received=	0.096734
Feedback: 0.47846
Received=	0.31324
Feedback: 0.10029
Received=	0.44705
Feedback: 0.1
Received=	0.44306
Feedback: 0.1
Received=	0.25877
Feedback: 0.19544
Received=	0.0016938
Feedback: 0.64447
Received=	-0.021733
Feedback: 0.68539
Received=	0.0098434
Feedback: 0.63024
Received=	0.32657
Feedback: 0.1
Received=	0.39062
Feedback: 0.1
Received=	0.33393
Feedback: 0.1
Received=	0.39661
Feedback: 0.1
Received=	0.1416
Feedback: 0.4001
Received=	-0.031355
Feedback: 0.7022
Received=	-0.013564
Feedback: 0.67112
Received=	0.049857
Feedback: 0.56034
Received=	0.1416
Feedback: 0.4001
Received=	0.4103
Feedback: 0.1
Received=	0.48129
Feedback: 0.1
Received=	0.27116
Feedback: 0.1738
Received=	-0.021566
Feedback: 0.6851
Received=	0.095401
Feedback: 0.48079
Received=	0.24982
Feedback: 0.21106
Received=	0.22549
Feedback: 0.25356
Received=	0.18908
Feedback: 0.31715
Received=	0.078152
Feedback: 0.51092
Received=	0.059036
Feedback: 0.54431
Received=	0.33049
Feedback: 0.1
Received=	0.48309
Feedback: 0.1
Received=	0.32256
Feedback: 0.1
Received=	0.32391
Feedback: 0.1
Received=	0.23095
Feedback: 0.24402
Received=	0.26967
Feedback: 0.17639
Received=	0.37644
Feedback: 0.1
Received=	0.43269
Feedback: 0.1
Received=	0.65218
Feedback: 0.1
Received=	0.59031
Feedback: 0.1
Received=	0.52376
Feedback: 0.1
Received=	0.26715
Feedback: 0.1808
Received=	-0.050087
Feedback: 0.73492
Received=	-0.2468
Feedback: 0.9
Received=	-0.014203
Feedback: 0.67224
Received=	0.20235
Feedback: 0.29398
Received=	0.27229
Feedback: 0.17182
Received=	0.29585
Feedback: 0.13067
Received=	0.088012
Feedback: 0.4937
Received=	0.20765
Feedback: 0.28472
Received=	0.15827
Feedback: 0.37098
Received=	-0.0038641
Feedback: 0.65418
Received=	0.12549
Feedback: 0.42823
Received=	0.29536
Feedback: 0.13152
Received=	0.062609
Feedback: 0.53807
Received=	0.085712
Feedback: 0.49772
Calculated range:	[(-2.000000) - (2.000000)]
Success index = (0.797337)
Received=	0.47065
=====  11:43:9 - BASE  ============
Feedback: 0.66
Received=	0.52851
Feedback: 0.66
Received=	0.31847
Feedback: 0.66
Received=	0.092125
Feedback: 0.66
Received=	0.098391
Feedback: 0.66
Received=	-0.053423
Feedback: 0.66
Received=	-0.093773
Feedback: 0.66
Received=	0.11919
Feedback: 0.66
Received=	0.10998
Feedback: 0.66
Received=	0.23532
Feedback: 0.66
Received=	0.28456
Feedback: 0.66
Received=	0.19392
Feedback: 0.66
Received=	0.10597
Feedback: 0.66
Received=	0.1892
Feedback: 0.66
Received=	0.39214
Feedback: 0.66
Received=	0.69766
Feedback: 0.66
Received=	0.32543
Feedback: 0.66
Received=	0.46234
Feedback: 0.66
Received=	0.50625
Feedback: 0.66
Received=	0.36241
Feedback: 0.66
Received=	0.2789
=====  11:44:9 - NF  ============
Feedback: 0.46246
Received=	0.11389
Feedback: 0.62785
Received=	0.011641
Feedback: 0.73033
Received=	0.2414
Feedback: 0.50005
Received=	0.33316
Feedback: 0.40809
Received=	0.32373
Feedback: 0.41754
Received=	0.35481
Feedback: 0.38639
Received=	0.21259
Feedback: 0.52892
Received=	0.074418
Feedback: 0.66742
Received=	0.059228
Feedback: 0.68264
Received=	0.11333
Feedback: 0.62841
Received=	0.25413
Feedback: 0.48729
Received=	0.052819
Feedback: 0.68906
Received=	0.047404
Feedback: 0.69449
Received=	0.050287
Feedback: 0.6916
Received=	-0.032163
Feedback: 0.77424
Received=	-0.057876
Feedback: 0.80001
Received=	0.1076
Feedback: 0.63416
Received=	0.078035
Feedback: 0.66379
Received=	0.22497
Feedback: 0.51653
Received=	0.56635
Feedback: 0.17437
Received=	0.52387
Feedback: 0.21694
Received=	0.30625
Feedback: 0.43506
Received=	0.42026
Feedback: 0.32079
Received=	0.27577
Feedback: 0.46561
Received=	0.2584
Feedback: 0.48302
Received=	0.34714
Feedback: 0.39407
Received=	0.35094
Feedback: 0.39026
Received=	0.12242
Feedback: 0.61931
Received=	-0.019026
Feedback: 0.76107
Received=	0.1945
Feedback: 0.54706
Received=	0.21906
Feedback: 0.52245
Received=	0.23315
Feedback: 0.50832
Received=	0.34033
Feedback: 0.4009
Received=	0.19556
Feedback: 0.546
Received=	0.30917
Feedback: 0.43214
Received=	0.17613
Feedback: 0.56547
Received=	0.11857
Feedback: 0.62316
Received=	0.12263
Feedback: 0.61909
Received=	0.16851
Feedback: 0.57311
Received=	0.34079
Feedback: 0.40044
Received=	0.31921
Feedback: 0.42207
Received=	0.27545
Feedback: 0.46593
Received=	0.49694
Feedback: 0.24394
Received=	0.41122
Feedback: 0.32985
Received=	0.37916
Feedback: 0.36198
Received=	0.44867
Feedback: 0.29231
Received=	0.45025
Feedback: 0.29073
Received=	0.29839
Feedback: 0.44294
Received=	0.25944
Feedback: 0.48198
Received=	0.20695
Feedback: 0.53458
Received=	0.15537
Feedback: 0.58628
Received=	-0.067345
Feedback: 0.8095
Received=	-0.14964
Feedback: 0.89198
Received=	-0.17606
Feedback: 0.9
Received=	-0.07394
Feedback: 0.81611
Received=	-0.067504
Feedback: 0.80966
Received=	0.068538
Feedback: 0.67331
Received=	0.24463
Feedback: 0.49681
Received=	0.36013
Feedback: 0.38105
Calculated range:	[(-2.000000) - (2.000000)]
Success index = (-0.211317)
Received=	0.31658
=====  11:47:9 - BASE  ============
Feedback: 0.66
Received=	0.38322
Feedback: 0.66
Received=	0.53514
Feedback: 0.66
Received=	0.079608
Feedback: 0.66
Received=	-0.09326
Feedback: 0.66
Received=	-0.26454
Feedback: 0.66
Received=	-0.19498
Feedback: 0.66
Received=	-0.22336
Feedback: 0.66
Received=	0.029718
Feedback: 0.66
Received=	0.018176
Feedback: 0.66
Received=	0.14232
Feedback: 0.66
Received=	0.25494
Feedback: 0.66
Received=	0.32923
Feedback: 0.66
Received=	0.71449
Feedback: 0.66
Received=	0.59556
Feedback: 0.66
Received=	0.65609
Feedback: 0.66
Received=	0.2961
Feedback: 0.66
Received=	-0.012281
Feedback: 0.66
Received=	0.090271
Feedback: 0.66
Received=	0.073141
Feedback: 0.66
Received=	0.32525
=====  11:48:9 - NF  ============
Feedback: 0.39567
Received=	0.51688
Feedback: 0.26843
Received=	0.38893
Feedback: 0.35339
Received=	0.24929
Feedback: 0.44611
Received=	0.19335
Feedback: 0.48326
Received=	0.19096
Feedback: 0.48484
Received=	0.026893
Feedback: 0.59378
Received=	0.022584
Feedback: 0.59664
Received=	0.16922
Feedback: 0.49928
Received=	0.053863
Feedback: 0.57587
Received=	-0.035928
Feedback: 0.6355
Received=	0.3428
Feedback: 0.38402
Received=	0.47784
Feedback: 0.29436
Received=	0.059232
Feedback: 0.57231
Received=	-0.0036117
Feedback: 0.61404
Received=	0.15026
Feedback: 0.51187
Received=	0.1647
Feedback: 0.50228
Received=	0.11819
Feedback: 0.53316
Received=	0.19772
Feedback: 0.48036
Received=	0.32707
Feedback: 0.39447
Received=	0.17729
Feedback: 0.49392
Received=	-0.11763
Feedback: 0.68975
Received=	-0.06607
Feedback: 0.65551
Received=	0.029211
Feedback: 0.59224
Received=	0.098504
Feedback: 0.54623
Received=	0.069353
Feedback: 0.56559
Received=	0.0089865
Feedback: 0.60567
Received=	0.12553
Feedback: 0.52829
Received=	0.045104
Feedback: 0.58169
Received=	0.23479
Feedback: 0.45574
Received=	0.33207
Feedback: 0.39114
Received=	0.29577
Feedback: 0.41524
Received=	0.26413
Feedback: 0.43626
Received=	0.2781
Feedback: 0.42698
Received=	0.29131
Feedback: 0.41821
Received=	0.36854
Feedback: 0.36693
Received=	0.3119
Feedback: 0.40454
Received=	0.11452
Feedback: 0.5356
Received=	0.049546
Feedback: 0.57874
Received=	0.21344
Feedback: 0.46992
Received=	0.25252
Feedback: 0.44397
Received=	0.024218
Feedback: 0.59556
Received=	0.14286
Feedback: 0.51678
Received=	0.33171
Feedback: 0.39139
Received=	0.036308
Feedback: 0.58753
Received=	-0.074764
Feedback: 0.66128
Received=	-0.1231
Feedback: 0.69338
Received=	0.027079
Feedback: 0.59366
Received=	-0.029807
Feedback: 0.63143
Received=	-0.084166
Feedback: 0.66753
Received=	-0.011987
Feedback: 0.6196
Received=	0.036141
Feedback: 0.58764
Received=	0.32618
Feedback: 0.39506
Received=	0.57176
Feedback: 0.23199
Received=	0.31771
Feedback: 0.40068
Received=	-0.020402
Feedback: 0.62519
Received=	0.059138
Feedback: 0.57237
Received=	0.22258
Feedback: 0.46385
Received=	0.19566
Feedback: 0.48172
Received=	0.096183
Feedback: 0.54777
Calculated range:	[(-2.000000) - (2.000000)]
Success index = (-0.063259)
Received=	0.23182
=====  11:51:9 - BASE  ============
Feedback: 0.66
Received=	0.38312
Feedback: 0.66
Received=	0.27783
Feedback: 0.66
Received=	0.2311
Feedback: 0.66
Received=	0.24269
Feedback: 0.66
Received=	0.67316
Feedback: 0.66
Received=	0.87272
Feedback: 0.66
Received=	0.33285
Feedback: 0.66
Received=	0.061601
Feedback: 0.66
Received=	0.62998
Feedback: 0.66
Received=	1.0072
Feedback: 0.66
Received=	0.52746
Feedback: 0.66
Received=	0.2665
Feedback: 0.66
Received=	0.24864
Feedback: 0.66
Received=	0.075423
Feedback: 0.66
Received=	0.16487
Feedback: 0.66
Received=	0.086528
Feedback: 0.66
Received=	-0.094716
Feedback: 0.66
Received=	-0.15683
Feedback: 0.66
Received=	-0.36854
Feedback: 0.66
Received=	0.0093885
=====  11:52:9 - NF  ============
Feedback: 0.65454
Received=	0.28643
Feedback: 0.49757
Received=	0.39432
Feedback: 0.43644
Received=	0.32879
Feedback: 0.47357
Received=	0.53406
Feedback: 0.35727
Received=	0.81665
Feedback: 0.19715
Received=	0.789
Feedback: 0.21282
Received=	0.53575
Feedback: 0.3563
Received=	0.30106
Feedback: 0.48928
Received=	0.18131
Feedback: 0.55713
Received=	0.078201
Feedback: 0.61555
Received=	-0.033178
Feedback: 0.67866
Received=	-0.092419
Feedback: 0.71222
Received=	-0.19628
Feedback: 0.77107
Received=	-0.1491
Feedback: 0.74434
Received=	0.081807
Feedback: 0.61351
Received=	0.31206
Feedback: 0.48305
Received=	0.17432
Feedback: 0.56109
Received=	0.064441
Feedback: 0.62335
Received=	0.28078
Feedback: 0.50077
Received=	0.56428
Feedback: 0.34014
Received=	0.55567
Feedback: 0.34502
Received=	0.20507
Feedback: 0.54367
Received=	-0.044982
Feedback: 0.68534
Received=	0.024321
Feedback: 0.64608
Received=	-0.053254
Feedback: 0.69003
Received=	-0.041048
Feedback: 0.68312
Received=	-0.19797
Feedback: 0.77202
Received=	-0.089593
Feedback: 0.71062
Received=	-0.30137
Feedback: 0.83061
Received=	-0.29974
Feedback: 0.82969
Received=	-0.093566
Feedback: 0.71287
Received=	0.053462
Feedback: 0.62957
Received=	-0.20111
Feedback: 0.77381
Received=	-0.41968
Feedback: 0.89765
Received=	-0.2818
Feedback: 0.81952
Received=	0.047043
Feedback: 0.6332
Received=	0.13132
Feedback: 0.58545
Received=	-0.096324
Feedback: 0.71443
Received=	0.085321
Feedback: 0.61152
Received=	0.00012008
Feedback: 0.65979
Received=	0.024772
Feedback: 0.64582
Received=	-0.071162
Feedback: 0.70018
Received=	0.02462
Feedback: 0.64591
Received=	0.16807
Feedback: 0.56463
Received=	0.07469
Feedback: 0.61754
Received=	0.15968
Feedback: 0.56938
Received=	0.14372
Feedback: 0.57842
Received=	0.080561
Feedback: 0.61421
Received=	-0.083013
Feedback: 0.70689
Received=	0.011404
Feedback: 0.6534
Received=	0.10256
Feedback: 0.60175
Received=	0.2312
Feedback: 0.52886
Received=	0.25968
Feedback: 0.51272
Received=	0.30692
Feedback: 0.48596
Received=	-0.026807
Feedback: 0.67505
Received=	-0.20915
Feedback: 0.77836
Received=	-0.17506
Feedback: 0.75905
Received=	0.036986
Feedback: 0.6389
Received=	0.0016423
Feedback: 0.65893
Calculated range:	[(-2.000000) - (2.000000)]
Success index = (-0.699817)
Received=	0.10465
=====  11:55:9 - BASE  ============
Feedback: 0.66
Received=	0.34822
Feedback: 0.66
Received=	0.39915
Feedback: 0.66
Received=	0.45131
Feedback: 0.66
Received=	0.4289
Feedback: 0.66
Received=	0.17254
Feedback: 0.66
Received=	0.10311
Feedback: 0.66
Received=	-0.091758
Feedback: 0.66
Received=	-0.43731
Feedback: 0.66
Received=	-0.34549
Feedback: 0.66
Received=	-0.26214
Feedback: 0.66
Received=	-0.18485
Feedback: 0.66
Received=	-0.095751
Feedback: 0.66
Received=	0.23195
Feedback: 0.66
Received=	0.34442
Feedback: 0.66
Received=	0.087324
Feedback: 0.66
Received=	-0.091146
Feedback: 0.66
Received=	0.29029
Feedback: 0.66
Received=	0.36903
Feedback: 0.66
Received=	0.090309
Feedback: 0.66
Received=	0.17811
=====  11:56:9 - NF  ============
Feedback: 0.4303
Received=	0.31812
Feedback: 0.32969
Received=	0.3462
Feedback: 0.30952
Received=	0.20606
Feedback: 0.41021
Received=	0.084431
Feedback: 0.49761
Received=	0.12562
Feedback: 0.46801
Received=	-0.027101
Feedback: 0.57775
Received=	0.015489
Feedback: 0.54715
Received=	0.12287
Feedback: 0.46999
Received=	0.28705
Feedback: 0.35202
Received=	0.31524
Feedback: 0.33176
Received=	0.38539
Feedback: 0.28135
Received=	0.54727
Feedback: 0.16504
Received=	0.45558
Feedback: 0.23092
Received=	0.47915
Feedback: 0.21398
Received=	0.57676
Feedback: 0.14384
Received=	0.61344
Feedback: 0.11749
Received=	0.31092
Feedback: 0.33486
Received=	0.10353
Feedback: 0.48389
Received=	-0.0015379
Feedback: 0.55938
Received=	0.17889
Feedback: 0.42973
Received=	0.029671
Feedback: 0.53696
Received=	-0.19537
Feedback: 0.69866
Received=	-0.14898
Feedback: 0.66533
Received=	-0.030159
Feedback: 0.57995
Received=	0.008408
Feedback: 0.55224
Received=	0.01752
Feedback: 0.54569
Received=	-0.020462
Feedback: 0.57298
Received=	-0.17244
Feedback: 0.68219
Received=	-0.049509
Feedback: 0.59385
Received=	0.15652
Feedback: 0.44581
Received=	0.13028
Feedback: 0.46467
Received=	-0.40407
Feedback: 0.84863
Received=	-0.23432
Feedback: 0.72665
Received=	-0.087762
Feedback: 0.62134
Received=	-0.13394
Feedback: 0.65452
Received=	-0.18929
Feedback: 0.6943
Received=	-0.15554
Feedback: 0.67005
Received=	-0.33192
Feedback: 0.79679
Received=	-0.694
Feedback: 0.9
Received=	-0.45354
Feedback: 0.88417
Received=	-0.15136
Feedback: 0.66704
Received=	0.0059832
Feedback: 0.55398
Received=	-0.0055975
Feedback: 0.5623
Received=	-0.061574
Feedback: 0.60252
Received=	-0.0072732
Feedback: 0.56351
Received=	0.091441
Feedback: 0.49257
Received=	0.04269
Feedback: 0.5276
Received=	0.028733
Feedback: 0.53763
Received=	0.031646
Feedback: 0.53554
Received=	0.17517
Feedback: 0.43241
Received=	0.1656
Feedback: 0.43928
Received=	0.29495
Feedback: 0.34634
Received=	0.48619
Feedback: 0.20892
Received=	0.46199
Feedback: 0.22631
Received=	0.0329
Feedback: 0.53464
Received=	-0.14122
Feedback: 0.65975
Received=	-0.22331
Feedback: 0.71874
Received=	-0.060134
Feedback: 0.60149
Received=	-0.049031
Feedback: 0.59351
Calculated range:	[(-2.000000) - (2.000000)]
Success index = (-0.068683)
closing...
