Direction=-1.000000	; step=1.000000;
Received=	0
Feedback: 0.66
Received=	0
Feedback: 0.66
Received=	0
Feedback: 0.66
Received=	0.041972
Feedback: 0.66
Received=	-0.0090858
Feedback: 0.66
Received=	-0.034901
Feedback: 0.66
Received=	-0.010266
Feedback: 0.66
Received=	-0.02201
Feedback: 0.66
Received=	0.16383
Feedback: 0.66
Received=	0.28488
Feedback: 0.66
Received=	0.19056
Feedback: 0.66
Received=	0.016484
Feedback: 0.66
Received=	-0.1383
Feedback: 0.66
Received=	0.1685
Feedback: 0.66
Received=	-0.087536
Feedback: 0.66
Received=	-0.14642
Feedback: 0.66
Received=	0.032112
Feedback: 0.66
Received=	0.029563
Feedback: 0.66
Received=	-0.1216
Feedback: 0.66
Received=	-0.17065
Feedback: 0.66
Received=	-0.1055
=====  13:42:54 - NF  ============
Feedback: 0.68437
Received=	0.277
Feedback: 0.1
Received=	0.13929
Feedback: 0.29496
Received=	-0.056968
Feedback: 0.60716
Received=	0.12631
Feedback: 0.31561
Received=	0.25264
Feedback: 0.11465
Received=	-0.11689
Feedback: 0.70248
Received=	-0.085978
Feedback: 0.65331
Received=	-0.022664
Feedback: 0.55259
Received=	-0.13619
Feedback: 0.73319
Received=	-0.23379
Feedback: 0.88844
Received=	-0.16541
Feedback: 0.77967
Received=	0.1996
Feedback: 0.19902
Received=	-0.21467
Feedback: 0.85803
Received=	-0.32627
Feedback: 0.9
Received=	-0.061461
Feedback: 0.61431
Received=	-0.53998
Feedback: 0.9
Received=	-0.52846
Feedback: 0.9
Received=	-0.20557
Feedback: 0.84355
Received=	-0.16224
Feedback: 0.77462
Received=	-0.13139
Feedback: 0.72554
Received=	-0.32136
Feedback: 0.9
Received=	-0.40636
Feedback: 0.9
Received=	0.050982
Feedback: 0.43544
Received=	0.038019
Feedback: 0.45606
Received=	0.068166
Feedback: 0.4081
Received=	-0.12103
Feedback: 0.70906
Received=	-0.21395
Feedback: 0.85688
Received=	-0.40245
Feedback: 0.9
Received=	-0.64718
Feedback: 0.9
Received=	-0.36776
Feedback: 0.9
Received=	-0.26417
Feedback: 0.9
Received=	-0.43427
Feedback: 0.9
Received=	-0.62161
Feedback: 0.9
Received=	-0.63386
Feedback: 0.9
Received=	-0.93354
Feedback: 0.9
Received=	-0.59546
Feedback: 0.9
Received=	-0.2845
Feedback: 0.9
Received=	-0.069029
Feedback: 0.62635
Received=	-0.54573
Feedback: 0.9
Received=	-0.61455
Feedback: 0.9
Received=	-0.57884
Feedback: 0.9
Received=	-0.53729
Feedback: 0.9
Received=	-0.14489
Feedback: 0.74701
Received=	0.048057
Feedback: 0.44009
Received=	0.071827
Feedback: 0.40228
Received=	-0.1413
Feedback: 0.74131
Received=	-0.21797
Feedback: 0.86327
Received=	-0.12904
Feedback: 0.72181
Received=	-0.042664
Feedback: 0.58441
Received=	-0.35239
Feedback: 0.9
Received=	-0.34458
Feedback: 0.9
Received=	-0.21809
Feedback: 0.86347
Received=	-0.30874
Feedback: 0.9
Received=	-0.50113
Feedback: 0.9
Received=	-0.43273
Feedback: 0.9
Received=	-0.32014
Feedback: 0.9
Received=	-0.47787
Feedback: 0.9
Received=	-0.26461
Feedback: 0.9
Received=	-0.27934
Feedback: 0.9
Calculated range:	[(-2.137848) - (1.862152)]
Success index = (-1.137848)
Received=	-0.56649
=====  13:45:54 - BASE  ============
Feedback: 0.66
Received=	-0.38696
Feedback: 0.66
Received=	-0.29265
Feedback: 0.66
Received=	-0.046334
Feedback: 0.66
Received=	0.31333
Feedback: 0.66
Received=	-0.12856
Feedback: 0.66
Received=	-0.53285
Feedback: 0.66
Received=	-0.50067
Feedback: 0.66
Received=	-0.28864
Feedback: 0.66
Received=	0.0086796
Feedback: 0.66
Received=	0.06891
Feedback: 0.66
Received=	-0.18173
Feedback: 0.66
Received=	0.058971
Feedback: 0.66
Received=	0.0045553
Feedback: 0.66
Received=	0.0079193
Feedback: 0.66
Received=	-0.15479
Feedback: 0.66
Received=	-0.1096
Feedback: 0.66
Received=	-0.020881
Feedback: 0.66
Received=	-0.03939
Feedback: 0.66
Received=	-0.095411
Feedback: 0.66
Received=	0.084006
=====  13:46:54 - NF  ============
Feedback: 0.28429
Received=	-0.0088651
Feedback: 0.37568
Received=	-0.14928
Feedback: 0.51387
Received=	-0.27318
Feedback: 0.6358
Received=	-0.48657
Feedback: 0.8458
Received=	-0.62469
Feedback: 0.9
Received=	-0.28103
Feedback: 0.64352
Received=	-0.137
Feedback: 0.50178
Received=	-0.089834
Feedback: 0.45537
Received=	-0.094024
Feedback: 0.45949
Received=	-0.072677
Feedback: 0.43848
Received=	-0.14699
Feedback: 0.51162
Received=	-0.40519
Feedback: 0.76571
Received=	-0.20093
Feedback: 0.56469
Received=	-0.070391
Feedback: 0.43623
Received=	-0.4984
Feedback: 0.85744
Received=	-0.36563
Feedback: 0.72678
Received=	-0.1549
Feedback: 0.5194
Received=	-0.20763
Feedback: 0.57129
Received=	-0.15469
Feedback: 0.51919
Received=	-0.027681
Feedback: 0.3942
Received=	-0.37948
Feedback: 0.74041
Received=	-0.35802
Feedback: 0.71929
Received=	-0.24769
Feedback: 0.61071
Received=	0.021978
Feedback: 0.34533
Received=	0.12443
Feedback: 0.2445
Received=	-0.21483
Feedback: 0.57837
Received=	-0.29375
Feedback: 0.65604
Received=	-0.47162
Feedback: 0.83109
Received=	-0.43441
Feedback: 0.79447
Received=	-0.26394
Feedback: 0.62671
Received=	-0.16943
Feedback: 0.53369
Received=	-0.01578
Feedback: 0.38249
Received=	-0.37053
Feedback: 0.7316
Received=	-0.34229
Feedback: 0.70381
Received=	-0.24366
Feedback: 0.60675
Received=	0.082355
Feedback: 0.28591
Received=	0.061036
Feedback: 0.30689
Received=	0.027736
Feedback: 0.33966
Received=	-0.15691
Feedback: 0.52138
Received=	0.030525
Feedback: 0.33692
Received=	-0.079556
Feedback: 0.44525
Received=	-0.222
Feedback: 0.58543
Received=	-0.18888
Feedback: 0.55284
Received=	-0.11448
Feedback: 0.47962
Received=	-0.26985
Feedback: 0.63252
Received=	-0.54741
Feedback: 0.9
Received=	-0.45435
Feedback: 0.81409
Received=	-0.40075
Feedback: 0.76134
Received=	-0.61115
Feedback: 0.9
Received=	-0.14465
Feedback: 0.50931
Received=	-0.25767
Feedback: 0.62054
Received=	-0.34937
Feedback: 0.71078
Received=	-0.1561
Feedback: 0.52058
Received=	-0.55226
Feedback: 0.9
Received=	-0.8003
Feedback: 0.9
Received=	-0.81035
Feedback: 0.9
Received=	-0.38723
Feedback: 0.74804
Received=	-0.19308
Feedback: 0.55697
Received=	0.097805
Feedback: 0.27071
Calculated range:	[(-2.000000) - (2.000000)]
Success index = (-0.631478)
Received=	-0.17148
=====  13:49:54 - BASE  ============
Feedback: 0.66
Received=	-0.24428
Feedback: 0.66
Received=	0.10193
Feedback: 0.66
Received=	0.5872
Feedback: 0.66
Received=	0.2667
Feedback: 0.66
Received=	-0.081548
Feedback: 0.66
Received=	-0.047471
Feedback: 0.66
Received=	0.36294
Feedback: 0.66
Received=	0.62988
Feedback: 0.66
Received=	0.67142
Feedback: 0.66
Received=	0.5271
Feedback: 0.66
Received=	0.26501
Feedback: 0.66
Received=	0.3813
Feedback: 0.66
Received=	0.66275
Feedback: 0.66
Received=	0.45777
Feedback: 0.66
Received=	0.041483
Feedback: 0.66
Received=	-0.22493
Feedback: 0.66
Received=	-0.17797
Feedback: 0.66
Received=	-0.29147
Feedback: 0.66
Received=	0.0053225
Feedback: 0.66
Received=	0.045929
=====  13:50:54 - NF  ============
Feedback: 0.61385
Received=	0.20653
Feedback: 0.51444
Received=	0.00035844
Feedback: 0.64206
Received=	-0.071127
Feedback: 0.68631
Received=	-0.39415
Feedback: 0.88626
Received=	-0.45582
Feedback: 0.9
Received=	-0.43704
Feedback: 0.9
Received=	-0.4603
Feedback: 0.9
Received=	-0.50151
Feedback: 0.9
Received=	-0.42245
Feedback: 0.9
Received=	-0.23911
Feedback: 0.79029
Received=	-0.24534
Feedback: 0.79415
Received=	-0.22263
Feedback: 0.78009
Received=	-0.044158
Feedback: 0.66961
Received=	-0.03625
Feedback: 0.66472
Received=	-0.55238
Feedback: 0.9
Received=	-0.58456
Feedback: 0.9
Received=	-0.57482
Feedback: 0.9
Received=	-0.57717
Feedback: 0.9
Received=	-0.61056
Feedback: 0.9
Received=	-0.23232
Feedback: 0.78608
Received=	-0.26253
Feedback: 0.80478
Received=	0.0035936
Feedback: 0.64006
Received=	-0.17636
Feedback: 0.75145
Received=	-0.18967
Feedback: 0.75969
Received=	-0.080665
Feedback: 0.69221
Received=	-0.13304
Feedback: 0.72463
Received=	-0.38266
Feedback: 0.87914
Received=	-0.56875
Feedback: 0.9
Received=	-0.80186
Feedback: 0.9
Received=	-0.72385
Feedback: 0.9
Received=	-0.59491
Feedback: 0.9
Received=	-0.57023
Feedback: 0.9
Received=	-0.70131
Feedback: 0.9
Received=	-0.61225
Feedback: 0.9
Received=	-0.56524
Feedback: 0.9
Received=	-0.42057
Feedback: 0.9
Received=	-0.14444
Feedback: 0.73169
Received=	0.23418
Feedback: 0.49732
Received=	0.030656
Feedback: 0.6233
Received=	-0.37921
Feedback: 0.87701
Received=	-0.62829
Feedback: 0.9
Received=	-0.45744
Feedback: 0.9
Received=	-0.35067
Feedback: 0.85934
Received=	-0.1642
Feedback: 0.74392
Received=	-0.70552
Feedback: 0.9
Received=	-0.67125
Feedback: 0.9
Received=	-0.45547
Feedback: 0.9
Received=	-0.43171
Feedback: 0.9
Received=	-0.37415
Feedback: 0.87388
Received=	-0.49906
Feedback: 0.9
Received=	-0.38483
Feedback: 0.88049
Received=	-0.35258
Feedback: 0.86053
Received=	-0.48508
Feedback: 0.9
Received=	-0.45208
Feedback: 0.9
Received=	-0.28305
Feedback: 0.81749
Received=	-0.32361
Feedback: 0.8426
Received=	-0.49146
Feedback: 0.9
Received=	-0.44689
Feedback: 0.9
Received=	-0.30665
Feedback: 0.8321
Calculated range:	[(-3.313699) - (0.686301)]
Success index = (-2.313699)
Received=	-0.32503
=====  13:53:54 - BASE  ============
Feedback: 0.66
Received=	-0.41626
Feedback: 0.66
Received=	-0.091845
Feedback: 0.66
Received=	-0.04002
Feedback: 0.66
Received=	-0.10317
Feedback: 0.66
Received=	0.36548
Feedback: 0.66
Received=	0.45183
Feedback: 0.66
Received=	-0.0032241
Feedback: 0.66
Received=	-0.50764
Feedback: 0.66
Received=	-0.17277
Feedback: 0.66
Received=	0.098761
Feedback: 0.66
Received=	0.047418
Feedback: 0.66
Received=	-0.045862
Feedback: 0.66
Received=	0.038791
Feedback: 0.66
Received=	-0.36123
Feedback: 0.66
Received=	-0.39193
Feedback: 0.66
Received=	-0.46014
Feedback: 0.66
Received=	-0.25324
Feedback: 0.66
Received=	-0.3915
Feedback: 0.66
Received=	-0.38098
Feedback: 0.66
Received=	-0.12592
=====  13:54:54 - NF  ============
Feedback: 0.23994
Received=	-0.13898
Feedback: 0.24956
Received=	-0.29507
Feedback: 0.36465
Received=	-0.3691
Feedback: 0.41924
Received=	-0.3397
Feedback: 0.39756
Received=	-0.63507
Feedback: 0.61535
Received=	-0.46995
Feedback: 0.4936
Received=	-0.74458
Feedback: 0.6961
Received=	-0.69176
Feedback: 0.65715
Received=	-0.42421
Feedback: 0.45987
Received=	-0.29435
Feedback: 0.36412
Received=	-0.44389
Feedback: 0.47439
Received=	-0.28052
Feedback: 0.35393
Received=	0.061285
Feedback: 0.1019
Received=	-0.19512
Feedback: 0.29096
Received=	-0.46972
Feedback: 0.49343
Received=	-0.60711
Feedback: 0.59473
Received=	-0.17055
Feedback: 0.27285
Received=	-0.26173
Feedback: 0.34007
Received=	-0.3775
Feedback: 0.42544
Received=	-0.33116
Feedback: 0.39127
Received=	-0.52741
Feedback: 0.53597
Received=	-0.16334
Feedback: 0.26752
Received=	-0.22464
Feedback: 0.31273
Received=	-0.49242
Feedback: 0.51017
Received=	-0.22439
Feedback: 0.31254
Received=	-0.0047512
Feedback: 0.15059
Received=	0.015612
Feedback: 0.13558
Received=	-0.4147
Feedback: 0.45286
Received=	-0.27344
Feedback: 0.34871
Received=	-0.035015
Feedback: 0.17291
Received=	0.13779
Feedback: 0.1
Received=	-0.23464
Feedback: 0.3201
Received=	-0.10325
Feedback: 0.22322
Received=	0.10366
Feedback: 0.1
Received=	-0.11244
Feedback: 0.23
Received=	0.045713
Feedback: 0.11338
Received=	-0.28727
Feedback: 0.3589
Received=	-0.19323
Feedback: 0.28957
Received=	-0.14319
Feedback: 0.25267
Received=	-0.37826
Feedback: 0.426
Received=	-0.16358
Feedback: 0.2677
Received=	0.18344
Feedback: 0.1
Received=	-0.024438
Feedback: 0.16511
Received=	0.075377
Feedback: 0.1
Received=	0.081502
Feedback: 0.1
Received=	0.1362
Feedback: 0.1
Received=	-0.29146
Feedback: 0.362
Received=	-0.31901
Feedback: 0.38231
Received=	-0.038172
Feedback: 0.17523
Received=	-0.11147
Feedback: 0.22928
Received=	0.49002
Feedback: 0.1
Received=	0.516
Feedback: 0.1
Received=	0.45471
Feedback: 0.1
Received=	-0.16278
Feedback: 0.26711
Received=	-0.41946
Feedback: 0.45638
Received=	-0.17831
Feedback: 0.27856
Received=	-0.18762
Feedback: 0.28543
Received=	-0.14242
Feedback: 0.2521
Received=	-0.10329
Feedback: 0.22325
Calculated range:	[(-2.000000) - (2.000000)]
Success index = (-0.252069)
Received=	-0.19922
=====  13:57:54 - BASE  ============
Feedback: 0.66
Received=	-0.29527
Feedback: 0.66
Received=	-0.21017
Feedback: 0.66
Received=	-0.095294
Feedback: 0.66
Received=	0.26948
Feedback: 0.66
Received=	0.30826
Feedback: 0.66
Received=	0.094736
Feedback: 0.66
Received=	0.0040092
Feedback: 0.66
Received=	-0.037576
Feedback: 0.66
Received=	-0.47991
Feedback: 0.66
Received=	-0.43789
Feedback: 0.66
Received=	-0.3189
Feedback: 0.66
Received=	-0.04953
Feedback: 0.66
Received=	0.32961
Feedback: 0.66
Received=	0.47415
Feedback: 0.66
Received=	0.075534
Feedback: 0.66
Received=	-0.45235
Feedback: 0.66
Received=	-0.14667
Feedback: 0.66
Received=	0.31007
Feedback: 0.66
Received=	0.35786
Feedback: 0.66
Received=	0.13292
=====  13:58:54 - NF  ============
Feedback: 0.41171
Received=	-0.16992
Feedback: 0.61248
Received=	-0.29055
Feedback: 0.69246
Received=	-0.51051
Feedback: 0.8383
Received=	-0.55653
Feedback: 0.86881
Received=	-0.48478
Feedback: 0.82124
Received=	-0.12046
Feedback: 0.5797
Received=	0.078595
Feedback: 0.44772
Received=	0.311
Feedback: 0.29364
Received=	0.029686
Feedback: 0.48015
Received=	-0.24864
Feedback: 0.66468
Received=	-0.51992
Feedback: 0.84453
Received=	-0.27661
Feedback: 0.68322
Received=	0.10332
Feedback: 0.43133
Received=	-0.23761
Feedback: 0.65737
Received=	-0.61413
Feedback: 0.9
Received=	-0.4799
Feedback: 0.818
Received=	-0.28315
Feedback: 0.68756
Received=	-0.28014
Feedback: 0.68556
Received=	0.15544
Feedback: 0.39678
Received=	0.46323
Feedback: 0.19271
Received=	0.17726
Feedback: 0.38231
Received=	-0.16525
Feedback: 0.60939
Received=	0.11716
Feedback: 0.42216
Received=	0.59728
Feedback: 0.10384
Received=	-0.050583
Feedback: 0.53337
Received=	-0.23167
Feedback: 0.65342
Received=	-0.10886
Feedback: 0.572
Received=	-0.10781
Feedback: 0.57131
Received=	-0.49127
Feedback: 0.82554
Received=	-0.43248
Feedback: 0.78656
Received=	-0.67322
Feedback: 0.9
Received=	-0.56362
Feedback: 0.87351
Received=	-0.031676
Feedback: 0.52083
Received=	0.9705
Feedback: 0.1
Received=	0.48964
Feedback: 0.1752
Received=	-0.084179
Feedback: 0.55564
Received=	-0.28831
Feedback: 0.69098
Received=	-0.37601
Feedback: 0.74912
Received=	0.031818
Feedback: 0.47874
Received=	0.17087
Feedback: 0.38654
Received=	0.26738
Feedback: 0.32256
Received=	-0.11889
Feedback: 0.57865
Received=	-0.3786
Feedback: 0.75084
Received=	-0.53909
Feedback: 0.85724
Received=	-0.43817
Feedback: 0.79033
Received=	-0.53661
Feedback: 0.8556
Received=	-0.606
Feedback: 0.9
Received=	-0.38951
Feedback: 0.75807
Received=	-0.36795
Feedback: 0.74378
Received=	-0.81137
Feedback: 0.9
Received=	-0.87226
Feedback: 0.9
Received=	-0.55682
Feedback: 0.869
Received=	-0.088242
Feedback: 0.55833
Received=	-0.12885
Feedback: 0.58526
Received=	0.020877
Feedback: 0.48599
Received=	0.23828
Feedback: 0.34185
Received=	0.026773
Feedback: 0.48208
Received=	-0.45185
Feedback: 0.7994
Received=	-0.22042
Feedback: 0.64597
Calculated range:	[(-2.000000) - (2.000000)]
Success index = (-0.523789)
closing...
