Direction=-1.000000	; step=1.000000;
Received=	0
Feedback: 0.66
Received=	0
Feedback: 0.66
Received=	0
Feedback: 0.66
Received=	0.29384
Feedback: 0.66
Received=	0.70526
Feedback: 0.66
Received=	0.38246
Feedback: 0.66
Received=	0.24848
Feedback: 0.66
Received=	0.23537
Feedback: 0.66
Received=	0.090217
Feedback: 0.66
Received=	0.38305
Feedback: 0.66
Received=	-0.21515
Feedback: 0.66
Received=	-0.17879
Feedback: 0.66
Received=	0.0045878
Feedback: 0.66
Received=	-0.08503
Feedback: 0.66
Received=	0.0040711
Feedback: 0.66
Received=	0.26472
Feedback: 0.66
Received=	0.5064
Feedback: 0.66
Received=	0.24411
Feedback: 0.66
Received=	-0.015514
Feedback: 0.66
Received=	-0.45538
Feedback: 0.66
Received=	-0.67446
=====  12:30:6 - NF  ============
Feedback: 0.9
Received=	-0.37906
Feedback: 0.86311
Received=	-0.26098
Feedback: 0.77954
Received=	-0.25773
Feedback: 0.77724
Received=	0.11378
Feedback: 0.51434
Received=	0.12549
Feedback: 0.50605
Received=	0.20103
Feedback: 0.45259
Received=	-0.24785
Feedback: 0.77025
Received=	-0.30449
Feedback: 0.81033
Received=	-0.0047349
Feedback: 0.59821
Received=	0.12113
Feedback: 0.50914
Received=	0.48141
Feedback: 0.25418
Received=	0.41835
Feedback: 0.29881
Received=	-0.10828
Feedback: 0.67148
Received=	-0.068816
Feedback: 0.64355
Received=	0.043174
Feedback: 0.5643
Received=	0.066389
Feedback: 0.54787
Received=	-0.33737
Feedback: 0.8336
Received=	-0.10513
Feedback: 0.66925
Received=	-0.35855
Feedback: 0.84859
Received=	-0.15181
Feedback: 0.70229
Received=	0.080426
Feedback: 0.53794
Received=	0.18925
Feedback: 0.46093
Received=	0.61133
Feedback: 0.16224
Received=	0.12995
Feedback: 0.50289
Received=	-0.20241
Feedback: 0.73809
Received=	-0.3049
Feedback: 0.81062
Received=	-0.17082
Feedback: 0.71574
Received=	-0.19417
Feedback: 0.73226
Received=	-0.11588
Feedback: 0.67686
Received=	-0.10683
Feedback: 0.67046
Received=	-0.28794
Feedback: 0.79862
Received=	-0.31262
Feedback: 0.81608
Received=	-0.14631
Feedback: 0.6984
Received=	-0.17113
Feedback: 0.71596
Received=	0.45658
Feedback: 0.27175
Received=	0.27803
Feedback: 0.3981
Received=	-0.0034679
Feedback: 0.59731
Received=	-0.47057
Feedback: 0.9
Received=	-0.25983
Feedback: 0.77873
Received=	-0.22871
Feedback: 0.75671
Received=	-0.37133
Feedback: 0.85763
Received=	0.22668
Feedback: 0.43444
Received=	0.13284
Feedback: 0.50085
Received=	-0.23994
Feedback: 0.76465
Received=	0.034177
Feedback: 0.57067
Received=	0.10729
Feedback: 0.51893
Received=	-0.12903
Feedback: 0.68617
Received=	-0.41377
Feedback: 0.88766
Received=	-0.70331
Feedback: 0.9
Received=	-0.065903
Feedback: 0.64149
Received=	0.33713
Feedback: 0.35628
Received=	-0.090898
Feedback: 0.65918
Received=	-0.34546
Feedback: 0.83933
Received=	-0.16948
Feedback: 0.71479
Received=	-0.2719
Feedback: 0.78727
Received=	-0.2507
Feedback: 0.77227
Received=	-0.2557
Feedback: 0.7758
Received=	-0.093981
Feedback: 0.66136
Received=	-0.026049
Feedback: 0.61329
Calculated range:	[(-2.000000) - (2.000000)]
Success index = (-0.840049)
Received=	0.065589
=====  12:33:6 - BASE  ============
Feedback: 0.66
Received=	-0.10127
Feedback: 0.66
Received=	0.021761
Feedback: 0.66
Received=	0.065842
Feedback: 0.66
Received=	-0.066336
Feedback: 0.66
Received=	-0.19118
Feedback: 0.66
Received=	0.11429
Feedback: 0.66
Received=	0.29492
Feedback: 0.66
Received=	0.12209
Feedback: 0.66
Received=	0.23607
Feedback: 0.66
Received=	0.24348
Feedback: 0.66
Received=	0.065283
Feedback: 0.66
Received=	-0.098879
Feedback: 0.66
Received=	-0.072915
Feedback: 0.66
Received=	0.32162
Feedback: 0.66
Received=	0.37765
Feedback: 0.66
Received=	-0.098296
Feedback: 0.66
Received=	-0.088511
Feedback: 0.66
Received=	0.13254
Feedback: 0.66
Received=	0.2583
Feedback: 0.66
Received=	0.23997
=====  12:34:6 - NF  ============
Feedback: 0.32518
Received=	0.33624
Feedback: 0.21223
Received=	0.33066
Feedback: 0.21877
Received=	-0.10348
Feedback: 0.72818
Received=	-0.055045
Feedback: 0.67135
Received=	-0.26988
Feedback: 0.9
Received=	-0.46883
Feedback: 0.9
Received=	-0.33903
Feedback: 0.9
Received=	-0.33475
Feedback: 0.9
Received=	-0.18128
Feedback: 0.81947
Received=	-0.0063543
Feedback: 0.61421
Received=	0.11651
Feedback: 0.47004
Received=	0.075412
Feedback: 0.51827
Received=	0.21535
Feedback: 0.35407
Received=	-0.057884
Feedback: 0.67468
Received=	-0.08261
Feedback: 0.70369
Received=	-0.37882
Feedback: 0.9
Received=	-0.28973
Feedback: 0.9
Received=	-0.29135
Feedback: 0.9
Received=	-0.062922
Feedback: 0.68059
Received=	0.30492
Feedback: 0.24898
Received=	0.28353
Feedback: 0.27407
Received=	0.089833
Feedback: 0.50135
Received=	-0.21567
Feedback: 0.85982
Received=	0.1954
Feedback: 0.37749
Received=	0.27029
Feedback: 0.28961
Received=	-0.0027071
Feedback: 0.60993
Received=	-0.1361
Feedback: 0.76645
Received=	-0.0092796
Feedback: 0.61765
Received=	0.0087108
Feedback: 0.59654
Received=	0.34833
Feedback: 0.19803
Received=	0.27708
Feedback: 0.28164
Received=	-0.035069
Feedback: 0.64791
Received=	-0.022027
Feedback: 0.6326
Received=	0.20232
Feedback: 0.36936
Received=	0.08583
Feedback: 0.50605
Received=	0.34497
Feedback: 0.20199
Received=	0.29563
Feedback: 0.25987
Received=	-0.0011948
Feedback: 0.60816
Received=	-0.12159
Feedback: 0.74942
Received=	0.032914
Feedback: 0.56814
Received=	-0.14951
Feedback: 0.78219
Received=	-0.17069
Feedback: 0.80704
Received=	-0.056926
Feedback: 0.67355
Received=	0.10151
Feedback: 0.48765
Received=	0.25715
Feedback: 0.30503
Received=	0.011515
Feedback: 0.59325
Received=	-0.06678
Feedback: 0.68511
Received=	-0.10545
Feedback: 0.73049
Received=	-0.038335
Feedback: 0.65174
Received=	-0.029136
Feedback: 0.64095
Received=	0.092007
Feedback: 0.4988
Received=	0.067732
Feedback: 0.52728
Received=	0.092868
Feedback: 0.49779
Received=	-0.10773
Feedback: 0.73316
Received=	-0.18702
Feedback: 0.8262
Received=	-0.0019923
Feedback: 0.6091
Received=	0.2918
Feedback: 0.26437
Received=	0.35985
Feedback: 0.18452
Received=	-0.15256
Feedback: 0.78576
Calculated range:	[(-2.000000) - (2.000000)]
Success index = (-0.392382)
Received=	-0.36613
=====  12:37:6 - BASE  ============
Feedback: 0.66
Received=	-0.40503
Feedback: 0.66
Received=	0.074967
Feedback: 0.66
Received=	0.47762
Feedback: 0.66
Received=	0.81886
Feedback: 0.66
Received=	0.19834
Feedback: 0.66
Received=	-0.14705
Feedback: 0.66
Received=	0.045274
Feedback: 0.66
Received=	-0.0036299
Feedback: 0.66
Received=	0.055382
Feedback: 0.66
Received=	0.29281
Feedback: 0.66
Received=	0.04325
Feedback: 0.66
Received=	-0.043843
Feedback: 0.66
Received=	0.01086
Feedback: 0.66
Received=	0.020195
Feedback: 0.66
Received=	0.1553
Feedback: 0.66
Received=	-0.051467
Feedback: 0.66
Received=	-0.13111
Feedback: 0.66
Received=	0.12015
Feedback: 0.66
Received=	0.40257
Feedback: 0.66
Received=	0.26873
=====  12:38:6 - NF  ============
Feedback: 0.3842
Received=	0.18765
Feedback: 0.45184
Received=	-0.13604
Feedback: 0.72187
Received=	0.19637
Feedback: 0.44456
Received=	0.45688
Feedback: 0.22723
Received=	0.64478
Feedback: 0.1
Received=	0.3058
Feedback: 0.35327
Received=	0.078815
Feedback: 0.54263
Received=	0.09651
Feedback: 0.52787
Received=	-0.039058
Feedback: 0.64096
Received=	-0.064999
Feedback: 0.66261
Received=	0.20483
Feedback: 0.4375
Received=	0.080537
Feedback: 0.54119
Received=	-0.051126
Feedback: 0.65103
Received=	-0.06142
Feedback: 0.65962
Received=	-0.31807
Feedback: 0.87373
Received=	-0.30111
Feedback: 0.85958
Received=	-0.39456
Feedback: 0.9
Received=	-0.30761
Feedback: 0.865
Received=	-0.031063
Feedback: 0.6343
Received=	0.045383
Feedback: 0.57052
Received=	-0.017213
Feedback: 0.62274
Received=	0.061091
Feedback: 0.55742
Received=	0.034185
Feedback: 0.57986
Received=	-0.037569
Feedback: 0.63972
Received=	0.26769
Feedback: 0.38507
Received=	0.42949
Feedback: 0.25008
Received=	0.17216
Feedback: 0.46476
Received=	-0.036298
Feedback: 0.63866
Received=	0.13002
Feedback: 0.49991
Received=	0.014811
Feedback: 0.59603
Received=	-0.1051
Feedback: 0.69606
Received=	-0.2652
Feedback: 0.82962
Received=	-0.51542
Feedback: 0.9
Received=	-0.38686
Feedback: 0.9
Received=	0.060382
Feedback: 0.55801
Received=	0.063236
Feedback: 0.55563
Received=	0.095884
Feedback: 0.52839
Received=	0.14187
Feedback: 0.49003
Received=	-0.0049111
Feedback: 0.61248
Received=	0.064068
Feedback: 0.55493
Received=	-0.2835
Feedback: 0.84489
Received=	0.034401
Feedback: 0.57968
Received=	-0.02273
Feedback: 0.62734
Received=	0.57762
Feedback: 0.1265
Received=	0.42136
Feedback: 0.25687
Received=	-0.14577
Feedback: 0.72999
Received=	-0.16249
Feedback: 0.74393
Received=	-0.2411
Feedback: 0.80951
Received=	-0.29916
Feedback: 0.85796
Received=	-0.27522
Feedback: 0.83798
Received=	0.23197
Feedback: 0.41487
Received=	0.57741
Feedback: 0.12668
Received=	0.095729
Feedback: 0.52852
Received=	-0.28849
Feedback: 0.84905
Received=	-0.53345
Feedback: 0.9
Received=	-0.23928
Feedback: 0.808
Received=	0.0097527
Feedback: 0.60024
Received=	-0.1984
Feedback: 0.7739
Received=	-0.018797
Feedback: 0.62406
Calculated range:	[(-2.000000) - (2.000000)]
Success index = (-0.491936)
Received=	-0.4342
=====  12:41:6 - BASE  ============
Feedback: 0.66
Received=	-0.56989
Feedback: 0.66
Received=	-0.043479
Feedback: 0.66
Received=	0.39024
Feedback: 0.66
Received=	0.31758
Feedback: 0.66
Received=	-0.00085657
Feedback: 0.66
Received=	-0.32007
Feedback: 0.66
Received=	-0.15249
Feedback: 0.66
Received=	-0.1506
Feedback: 0.66
Received=	-0.066263
Feedback: 0.66
Received=	-0.15527
Feedback: 0.66
Received=	-0.31162
Feedback: 0.66
Received=	-0.047292
Feedback: 0.66
Received=	-0.1428
Feedback: 0.66
Received=	-0.25539
Feedback: 0.66
Received=	-0.066884
Feedback: 0.66
Received=	-0.3137
Feedback: 0.66
Received=	-0.35703
Feedback: 0.66
Received=	-0.28647
Feedback: 0.66
Received=	-0.29956
Feedback: 0.66
Received=	-0.21734
=====  12:42:6 - NF  ============
Feedback: 0.58819
Received=	0.30107
Feedback: 0.1
Received=	0.080255
Feedback: 0.3019
Received=	-0.074536
Feedback: 0.45081
Received=	0.20631
Feedback: 0.18064
Received=	0.42561
Feedback: 0.1
Received=	0.32988
Feedback: 0.1
Received=	0.037154
Feedback: 0.34337
Received=	0.18136
Feedback: 0.20465
Received=	0.21211
Feedback: 0.17506
Received=	0.38002
Feedback: 0.1
Received=	-0.049869
Feedback: 0.42708
Received=	-0.24547
Feedback: 0.61525
Received=	-0.23533
Feedback: 0.6055
Received=	-0.047109
Feedback: 0.42443
Received=	0.179
Feedback: 0.20691
Received=	0.16806
Feedback: 0.21744
Received=	0.030926
Feedback: 0.34936
Received=	-0.16941
Feedback: 0.54208
Received=	0.40386
Feedback: 0.1
Received=	0.02823
Feedback: 0.35195
Received=	-0.075371
Feedback: 0.45162
Received=	0.22455
Feedback: 0.16309
Received=	0.4716
Feedback: 0.1
Received=	0.30439
Feedback: 0.1
Received=	-0.052171
Feedback: 0.4293
Received=	0.089076
Feedback: 0.29342
Received=	0.066911
Feedback: 0.31474
Received=	0.21635
Feedback: 0.17098
Received=	0.12397
Feedback: 0.25985
Received=	-0.079021
Feedback: 0.45513
Received=	-0.25195
Feedback: 0.62149
Received=	-0.050962
Feedback: 0.42814
Received=	0.21391
Feedback: 0.17332
Received=	0.17669
Feedback: 0.20913
Received=	0.21423
Feedback: 0.17302
Received=	0.092998
Feedback: 0.28965
Received=	-0.23087
Feedback: 0.60121
Received=	-0.25799
Feedback: 0.6273
Received=	-0.02945
Feedback: 0.40744
Received=	0.23324
Feedback: 0.15473
Received=	0.21064
Feedback: 0.17648
Received=	0.38813
Feedback: 0.1
Received=	0.20649
Feedback: 0.18046
Received=	0.091735
Feedback: 0.29086
Received=	-0.038894
Feedback: 0.41653
Received=	-0.16093
Feedback: 0.53392
Received=	-0.34686
Feedback: 0.71279
Received=	-0.047645
Feedback: 0.42495
Received=	0.14141
Feedback: 0.24307
Received=	0.26117
Feedback: 0.12786
Received=	0.13146
Feedback: 0.25265
Received=	-0.076276
Feedback: 0.45249
Received=	0.17371
Feedback: 0.212
Received=	0.18979
Feedback: 0.19653
Received=	0.011695
Feedback: 0.36786
Received=	-0.38949
Feedback: 0.7538
Received=	-0.20639
Feedback: 0.57765
Received=	0.16518
Feedback: 0.2202
Received=	0.14533
Feedback: 0.2393
Calculated range:	[(-2.000000) - (2.000000)]
Success index = (0.956160)
Received=	-0.45585
=====  12:45:6 - BASE  ============
Feedback: 0.66
Received=	-0.55333
Feedback: 0.66
Received=	-0.15641
Feedback: 0.66
Received=	0.14822
Feedback: 0.66
Received=	0.078473
Feedback: 0.66
Received=	-0.044654
Feedback: 0.66
Received=	-0.0042497
Feedback: 0.66
Received=	0.012754
Feedback: 0.66
Received=	-0.31508
Feedback: 0.66
Received=	-0.094183
Feedback: 0.66
Received=	-0.033914
Feedback: 0.66
Received=	-0.0098971
Feedback: 0.66
Received=	0.060125
Feedback: 0.66
Received=	0.1782
Feedback: 0.66
Received=	-0.054325
Feedback: 0.66
Received=	0.040773
Feedback: 0.66
Received=	0.15956
Feedback: 0.66
Received=	0.17179
Feedback: 0.66
Received=	0.26359
Feedback: 0.66
Received=	-0.16891
Feedback: 0.66
Received=	-0.015923
=====  12:46:6 - NF  ============
Feedback: 0.53991
Received=	0.35161
Feedback: 0.1
Received=	0.36737
Feedback: 0.1
Received=	0.12166
Feedback: 0.34927
Received=	0.014508
Feedback: 0.49775
Received=	-0.24643
Feedback: 0.85932
Received=	0.18385
Feedback: 0.26309
Received=	0.32656
Feedback: 0.1
Received=	0.18007
Feedback: 0.26832
Received=	-0.23319
Feedback: 0.84099
Received=	-0.23356
Feedback: 0.84149
Received=	-0.22955
Feedback: 0.83594
Received=	0.032452
Feedback: 0.47288
Received=	0.014293
Feedback: 0.49804
Received=	0.055154
Feedback: 0.44142
Received=	0.043599
Feedback: 0.45743
Received=	-0.39647
Feedback: 0.9
Received=	-0.50264
Feedback: 0.9
Received=	-0.42921
Feedback: 0.9
Received=	-0.33683
Feedback: 0.9
Received=	-0.61322
Feedback: 0.9
Received=	-0.36769
Feedback: 0.9
Received=	0.19122
Feedback: 0.25287
Received=	0.41352
Feedback: 0.1
Received=	0.39539
Feedback: 0.1
Received=	-0.13389
Feedback: 0.70339
Received=	-0.21181
Feedback: 0.81135
Received=	-0.21094
Feedback: 0.81015
Received=	-0.12177
Feedback: 0.68658
Received=	-0.01579
Feedback: 0.53973
Received=	-0.30201
Feedback: 0.9
Received=	-0.71551
Feedback: 0.9
Received=	-0.60201
Feedback: 0.9
Received=	-0.4913
Feedback: 0.9
Received=	-0.38467
Feedback: 0.9
Received=	-0.39115
Feedback: 0.9
Received=	-0.42546
Feedback: 0.9
Received=	-0.62157
Feedback: 0.9
Received=	-0.30949
Feedback: 0.9
Received=	-0.34512
Feedback: 0.9
Received=	-0.44399
Feedback: 0.9
Received=	-0.405
Feedback: 0.9
Received=	-0.39185
Feedback: 0.9
Received=	-0.44121
Feedback: 0.9
Received=	-0.3064
Feedback: 0.9
Received=	-0.46675
Feedback: 0.9
Received=	-0.38118
Feedback: 0.9
Received=	0.0012299
Feedback: 0.51615
Received=	0.59587
Feedback: 0.1
Received=	0.26776
Feedback: 0.14681
Received=	0.14597
Feedback: 0.31558
Received=	0.015351
Feedback: 0.49658
Received=	0.40141
Feedback: 0.1
Received=	-0.21728
Feedback: 0.81894
Received=	-0.26277
Feedback: 0.88196
Received=	0.060806
Feedback: 0.43359
Received=	-0.30346
Feedback: 0.9
Received=	-0.29617
Feedback: 0.9
Received=	0.10541
Feedback: 0.37178
Received=	-0.33262
Feedback: 0.9
Calculated range:	[(-2.000000) - (2.000000)]
Success index = (-0.595176)
closing...
