Direction=-1.000000	; step=1.000000;
Received=	0
Feedback: 0.66
Received=	0
Feedback: 0.66
Received=	0
Feedback: 0.66
Received=	-0.57949
Feedback: 0.66
Received=	-0.31262
Feedback: 0.66
Received=	0.014603
Feedback: 0.66
Received=	-0.12202
Feedback: 0.66
Received=	-0.064988
Feedback: 0.66
Received=	-0.087164
Feedback: 0.66
Received=	-0.22629
Feedback: 0.66
Received=	-0.69479
Feedback: 0.66
Received=	-0.65238
Feedback: 0.66
Received=	-0.55277
Feedback: 0.66
Received=	-0.60882
Feedback: 0.66
Received=	-0.69123
Feedback: 0.66
Received=	-0.39162
Feedback: 0.66
Received=	-0.25042
Feedback: 0.66
Received=	-0.57774
Feedback: 0.66
Received=	-0.72986
Feedback: 0.66
Received=	-0.55562
Feedback: 0.66
Received=	-0.39339
=====  16:18:51 - NF  ============
Feedback: 0.4999
Received=	0.11545
Feedback: 0.1133
Received=	0.64903
Feedback: 0.1
Received=	0.60866
Feedback: 0.1
Received=	0.046468
Feedback: 0.16571
Received=	-0.36923
Feedback: 0.48155
Received=	-0.36138
Feedback: 0.47558
Received=	0.050829
Feedback: 0.1624
Received=	0.25112
Feedback: 0.1
Received=	-0.20054
Feedback: 0.35339
Received=	-0.48314
Feedback: 0.5681
Received=	-0.29161
Feedback: 0.42258
Received=	-0.11882
Feedback: 0.29129
Received=	0.068778
Feedback: 0.14876
Received=	0.25212
Feedback: 0.1
Received=	-0.30983
Feedback: 0.43642
Received=	-0.38198
Feedback: 0.49124
Received=	-0.38947
Feedback: 0.49693
Received=	-0.2675
Feedback: 0.40426
Received=	-0.047403
Feedback: 0.23703
Received=	-0.15617
Feedback: 0.31967
Received=	-0.65885
Feedback: 0.7016
Received=	-0.61112
Feedback: 0.66534
Received=	-0.030672
Feedback: 0.22432
Received=	-0.13267
Feedback: 0.30181
Received=	-0.44707
Feedback: 0.54069
Received=	-0.2674
Feedback: 0.40418
Received=	-0.27612
Feedback: 0.41081
Received=	-0.53531
Feedback: 0.60774
Received=	0.027459
Feedback: 0.18015
Received=	-0.11099
Feedback: 0.28535
Received=	-0.20901
Feedback: 0.35982
Received=	-0.50103
Feedback: 0.58169
Received=	-0.54745
Feedback: 0.61696
Received=	-0.19608
Feedback: 0.34999
Received=	-0.15563
Feedback: 0.31926
Received=	0.42828
Feedback: 0.1
Received=	0.074342
Feedback: 0.14453
Received=	-0.59275
Feedback: 0.65138
Received=	-0.54454
Feedback: 0.61475
Received=	-0.094273
Feedback: 0.27264
Received=	-0.20457
Feedback: 0.35644
Received=	-0.36964
Feedback: 0.48187
Received=	-0.27962
Feedback: 0.41347
Received=	-0.16958
Feedback: 0.32986
Received=	-0.091808
Feedback: 0.27077
Received=	0.028936
Feedback: 0.17903
Received=	-0.11976
Feedback: 0.29201
Received=	-0.31553
Feedback: 0.44075
Received=	-0.26642
Feedback: 0.40344
Received=	-0.22584
Feedback: 0.3726
Received=	-0.20696
Feedback: 0.35826
Received=	-0.11364
Feedback: 0.28736
Received=	-0.40321
Feedback: 0.50737
Received=	-0.36957
Feedback: 0.48181
Received=	-0.14863
Feedback: 0.31394
Received=	-0.1642
Feedback: 0.32577
Received=	0.13074
Feedback: 0.10168
Received=	-0.15231
Feedback: 0.31674
Received=	-0.36012
Feedback: 0.47463
Calculated range:	[(-2.000000) - (2.000000)]
Success index = (0.786898)
Received=	0.002732
=====  16:21:51 - BASE  ============
Feedback: 0.66
Received=	-0.10356
Feedback: 0.66
Received=	-0.048977
Feedback: 0.66
Received=	0.37391
Feedback: 0.66
Received=	0.60396
Feedback: 0.66
Received=	-0.15751
Feedback: 0.66
Received=	-0.32414
Feedback: 0.66
Received=	-0.42249
Feedback: 0.66
Received=	-0.28546
Feedback: 0.66
Received=	-0.46312
Feedback: 0.66
Received=	-0.49382
Feedback: 0.66
Received=	-0.38628
Feedback: 0.66
Received=	-0.41969
Feedback: 0.66
Received=	-0.49282
Feedback: 0.66
Received=	-0.29337
Feedback: 0.66
Received=	-0.45475
Feedback: 0.66
Received=	-0.51984
Feedback: 0.66
Received=	-0.064195
Feedback: 0.66
Received=	-0.20368
Feedback: 0.66
Received=	-0.25715
Feedback: 0.66
Received=	-0.19273
=====  16:22:51 - NF  ============
Feedback: 0.46924
Received=	-0.24263
Feedback: 0.50212
Received=	-0.21101
Feedback: 0.48128
Received=	-0.25751
Feedback: 0.51192
Received=	-0.24008
Feedback: 0.50044
Received=	-0.027731
Feedback: 0.36053
Received=	-0.16435
Feedback: 0.45055
Received=	-0.41692
Feedback: 0.61695
Received=	-0.18628
Feedback: 0.46499
Received=	-0.105
Feedback: 0.41144
Received=	-0.014081
Feedback: 0.35154
Received=	-0.34634
Feedback: 0.57045
Received=	-0.49558
Feedback: 0.66878
Received=	-0.18418
Feedback: 0.46361
Received=	0.22828
Feedback: 0.19186
Received=	-0.050853
Feedback: 0.37577
Received=	-0.22532
Feedback: 0.49071
Received=	-0.12869
Feedback: 0.42705
Received=	-0.20271
Feedback: 0.47582
Received=	-0.16492
Feedback: 0.45092
Received=	-0.36071
Feedback: 0.57992
Received=	-0.14928
Feedback: 0.44062
Received=	-0.046463
Feedback: 0.37288
Received=	-0.4574
Feedback: 0.64362
Received=	-0.59737
Feedback: 0.73584
Received=	-0.18228
Feedback: 0.46236
Received=	0.22735
Feedback: 0.19247
Received=	0.083864
Feedback: 0.28701
Received=	-0.054166
Feedback: 0.37795
Received=	-0.19037
Feedback: 0.46769
Received=	-0.0096449
Feedback: 0.34862
Received=	0.049487
Feedback: 0.30966
Received=	-0.072507
Feedback: 0.39003
Received=	-0.36763
Feedback: 0.58448
Received=	-0.65638
Feedback: 0.77472
Received=	-0.54125
Feedback: 0.69887
Received=	-0.52818
Feedback: 0.69026
Received=	-0.75512
Feedback: 0.83978
Received=	-0.80351
Feedback: 0.87166
Received=	-0.71377
Feedback: 0.81253
Received=	-0.57648
Feedback: 0.72208
Received=	-0.36249
Feedback: 0.58109
Received=	-0.56792
Feedback: 0.71644
Received=	-0.62291
Feedback: 0.75267
Received=	-0.66432
Feedback: 0.77995
Received=	-0.71787
Feedback: 0.81523
Received=	-0.66587
Feedback: 0.78097
Received=	-0.63679
Feedback: 0.76181
Received=	-0.33172
Feedback: 0.56082
Received=	-0.4056
Feedback: 0.6095
Received=	-0.24291
Feedback: 0.50231
Received=	-0.17692
Feedback: 0.45883
Received=	-0.1495
Feedback: 0.44076
Received=	-0.17022
Feedback: 0.45441
Received=	-0.36542
Feedback: 0.58302
Received=	-0.2038
Feedback: 0.47654
Received=	0.46773
Feedback: 0.1
Received=	0.56727
Feedback: 0.1
Received=	-0.032415
Feedback: 0.36362
Received=	-0.44065
Feedback: 0.63259
Calculated range:	[(-2.000000) - (2.000000)]
Success index = (-0.096917)
Received=	-0.33131
=====  16:25:51 - BASE  ============
Feedback: 0.66
Received=	0.12512
Feedback: 0.66
Received=	0.075001
Feedback: 0.66
Received=	-0.25198
Feedback: 0.66
Received=	-0.4072
Feedback: 0.66
Received=	-0.25836
Feedback: 0.66
Received=	-0.1835
Feedback: 0.66
Received=	-0.063442
Feedback: 0.66
Received=	-0.22582
Feedback: 0.66
Received=	-0.3322
Feedback: 0.66
Received=	-0.13926
Feedback: 0.66
Received=	-0.065042
Feedback: 0.66
Received=	-0.33316
Feedback: 0.66
Received=	-0.1078
Feedback: 0.66
Received=	-0.12719
Feedback: 0.66
Received=	-0.419
Feedback: 0.66
Received=	-0.54247
Feedback: 0.66
Received=	-0.49044
Feedback: 0.66
Received=	-0.50115
Feedback: 0.66
Received=	-0.70525
Feedback: 0.66
Received=	-0.8482
=====  16:26:51 - NF  ============
Feedback: 0.9
Received=	-0.75263
Feedback: 0.9
Received=	-0.18232
Feedback: 0.40087
Received=	0.19247
Feedback: 0.1
Received=	0.0096797
Feedback: 0.21018
Received=	-0.34393
Feedback: 0.56138
Received=	-0.29529
Feedback: 0.51307
Received=	-0.33689
Feedback: 0.55439
Received=	-0.31337
Feedback: 0.53103
Received=	-0.36335
Feedback: 0.58068
Received=	-0.63655
Feedback: 0.85201
Received=	-0.43854
Feedback: 0.65535
Received=	-0.36493
Feedback: 0.58224
Received=	-0.482
Feedback: 0.69852
Received=	-0.55389
Feedback: 0.76992
Received=	-0.4481
Feedback: 0.66485
Received=	-0.60604
Feedback: 0.82171
Received=	-0.36416
Feedback: 0.58148
Received=	-0.14496
Feedback: 0.36377
Received=	-0.29737
Feedback: 0.51514
Received=	-0.36691
Feedback: 0.58421
Received=	-0.30463
Feedback: 0.52235
Received=	-0.29694
Feedback: 0.51472
Received=	-0.2646
Feedback: 0.48259
Received=	-0.12388
Feedback: 0.34283
Received=	-0.23576
Feedback: 0.45395
Received=	-0.42286
Feedback: 0.63978
Received=	-0.11044
Feedback: 0.32948
Received=	0.0291
Feedback: 0.19089
Received=	-0.24224
Feedback: 0.46038
Received=	-0.36683
Feedback: 0.58412
Received=	-0.28827
Feedback: 0.5061
Received=	-0.00064013
Feedback: 0.22043
Received=	-0.041295
Feedback: 0.26081
Received=	-0.12111
Feedback: 0.34008
Received=	-0.23604
Feedback: 0.45423
Received=	-0.507
Feedback: 0.72334
Received=	-0.3041
Feedback: 0.52182
Received=	-0.082721
Feedback: 0.30195
Received=	-0.27902
Feedback: 0.49691
Received=	-0.31647
Feedback: 0.53411
Received=	-0.19015
Feedback: 0.40865
Received=	-0.46448
Feedback: 0.68112
Received=	-0.3745
Feedback: 0.59175
Received=	-0.2144
Feedback: 0.43274
Received=	-0.30479
Feedback: 0.52251
Received=	-0.41448
Feedback: 0.63146
Received=	-0.53517
Feedback: 0.75133
Received=	-0.1752
Feedback: 0.3938
Received=	0.04285
Feedback: 0.17723
Received=	-0.209
Feedback: 0.42737
Received=	-0.40441
Feedback: 0.62146
Received=	-0.44487
Feedback: 0.66164
Received=	-0.48451
Feedback: 0.70101
Received=	-0.37027
Feedback: 0.58754
Received=	-0.29553
Feedback: 0.51331
Received=	-0.4491
Feedback: 0.66584
Received=	-0.24395
Feedback: 0.46209
Received=	0.23771
Feedback: 0.1
Received=	0.19004
Feedback: 0.1
Calculated range:	[(-2.000000) - (2.000000)]
Success index = (-0.050324)
Received=	-0.040449
=====  16:29:51 - BASE  ============
Feedback: 0.66
Received=	0.016042
Feedback: 0.66
Received=	0.39099
Feedback: 0.66
Received=	0.78985
Feedback: 0.66
Received=	0.25733
Feedback: 0.66
Received=	-0.19019
Feedback: 0.66
Received=	-0.04778
Feedback: 0.66
Received=	0.28529
Feedback: 0.66
Received=	0.28942
Feedback: 0.66
Received=	0.61509
Feedback: 0.66
Received=	0.63406
Feedback: 0.66
Received=	0.63893
Feedback: 0.66
Received=	0.29181
Feedback: 0.66
Received=	0.27715
Feedback: 0.66
Received=	0.48117
Feedback: 0.66
Received=	0.17034
Feedback: 0.66
Received=	-0.10124
Feedback: 0.66
Received=	-0.34812
Feedback: 0.66
Received=	-0.71052
Feedback: 0.66
Received=	-0.70029
Feedback: 0.66
Received=	-0.19462
=====  16:30:51 - NF  ============
Feedback: 0.66518
Received=	0.29861
Feedback: 0.44048
Received=	0.68289
Feedback: 0.26542
Received=	0.2442
Feedback: 0.46527
Received=	-0.63573
Feedback: 0.86613
Received=	-0.65505
Feedback: 0.87493
Received=	-0.52385
Feedback: 0.81516
Received=	-0.38824
Feedback: 0.75338
Received=	-0.27529
Feedback: 0.70193
Received=	-0.26667
Feedback: 0.698
Received=	-0.28282
Feedback: 0.70536
Received=	-0.08265
Feedback: 0.61417
Received=	0.024683
Feedback: 0.56527
Received=	-0.2104
Feedback: 0.67236
Received=	-0.32981
Feedback: 0.72676
Received=	-0.59001
Feedback: 0.8453
Received=	-0.32205
Feedback: 0.72323
Received=	-0.12415
Feedback: 0.63307
Received=	-0.15279
Feedback: 0.64612
Received=	0.023317
Feedback: 0.56589
Received=	-0.11998
Feedback: 0.63117
Received=	-0.073693
Feedback: 0.61009
Received=	-0.20651
Feedback: 0.6706
Received=	-0.1516
Feedback: 0.64558
Received=	0.075863
Feedback: 0.54196
Received=	0.20034
Feedback: 0.48525
Received=	0.41661
Feedback: 0.38672
Received=	-0.31934
Feedback: 0.72199
Received=	-0.3521
Feedback: 0.73692
Received=	-0.31183
Feedback: 0.71857
Received=	-0.17425
Feedback: 0.6559
Received=	-0.28058
Feedback: 0.70434
Received=	-0.18153
Feedback: 0.65921
Received=	-0.19082
Feedback: 0.66345
Received=	-0.31769
Feedback: 0.72124
Received=	-0.22699
Feedback: 0.67992
Received=	0.19628
Feedback: 0.4871
Received=	0.46953
Feedback: 0.36262
Received=	-0.05104
Feedback: 0.59977
Received=	-0.37542
Feedback: 0.74754
Received=	-0.40675
Feedback: 0.76181
Received=	-0.072404
Feedback: 0.6095
Received=	-0.24375
Feedback: 0.68756
Received=	-0.37158
Feedback: 0.74579
Received=	-0.22791
Feedback: 0.68034
Received=	-0.063022
Feedback: 0.60523
Received=	-0.23423
Feedback: 0.68322
Received=	-0.069938
Feedback: 0.60838
Received=	0.16661
Feedback: 0.50062
Received=	-0.098154
Feedback: 0.62123
Received=	-0.27614
Feedback: 0.70231
Received=	-0.41497
Feedback: 0.76556
Received=	-0.34345
Feedback: 0.73298
Received=	-0.17518
Feedback: 0.65632
Received=	-0.30984
Feedback: 0.71767
Received=	-0.099849
Feedback: 0.622
Received=	-0.096805
Feedback: 0.62062
Received=	-0.13521
Feedback: 0.63811
Received=	-0.22102
Feedback: 0.67721
Received=	-0.41527
Feedback: 0.7657
Calculated range:	[(-2.118773) - (1.881227)]
Success index = (-1.118773)
Received=	0.15764
=====  16:33:51 - BASE  ============
Feedback: 0.66
Received=	0.24969
Feedback: 0.66
Received=	0.45864
Feedback: 0.66
Received=	0.39312
Feedback: 0.66
Received=	0.21915
Feedback: 0.66
Received=	-0.10761
Feedback: 0.66
Received=	-0.19631
Feedback: 0.66
Received=	0.19903
Feedback: 0.66
Received=	0.23869
Feedback: 0.66
Received=	0.18544
Feedback: 0.66
Received=	0.4087
Feedback: 0.66
Received=	0.55832
Feedback: 0.66
Received=	0.23942
Feedback: 0.66
Received=	-0.37998
Feedback: 0.66
Received=	0.0011151
Feedback: 0.66
Received=	-0.059571
Feedback: 0.66
Received=	-0.047738
Feedback: 0.66
Received=	0.24404
Feedback: 0.66
Received=	0.21004
Feedback: 0.66
Received=	0.60398
Feedback: 0.66
Received=	0.56465
=====  16:34:51 - NF  ============
Feedback: 0.1826
Received=	-0.0060596
Feedback: 0.61383
Received=	0.041238
Feedback: 0.57809
Received=	-0.0067789
Feedback: 0.61437
Received=	0.0060592
Feedback: 0.60467
Received=	0.25057
Feedback: 0.41992
Received=	0.11211
Feedback: 0.52454
Received=	-0.15313
Feedback: 0.72496
Received=	-0.1456
Feedback: 0.71927
Received=	0.0098217
Feedback: 0.60183
Received=	-0.016941
Feedback: 0.62205
Received=	-0.405
Feedback: 0.9
Received=	-0.60641
Feedback: 0.9
Received=	-0.34308
Feedback: 0.86849
Received=	-0.38473
Feedback: 0.89995
Received=	-0.46942
Feedback: 0.9
Received=	-0.57741
Feedback: 0.9
Received=	-0.51012
Feedback: 0.9
Received=	-0.46148
Feedback: 0.9
Received=	-0.26382
Feedback: 0.80859
Received=	-0.39558
Feedback: 0.9
Received=	-0.30102
Feedback: 0.8367
Received=	0.58616
Feedback: 0.16635
Received=	0.31283
Feedback: 0.37287
Received=	-0.18363
Feedback: 0.748
Received=	-0.37568
Feedback: 0.89311
Received=	0.10004
Feedback: 0.53366
Received=	-0.014361
Feedback: 0.6201
Received=	-0.15318
Feedback: 0.72499
Received=	0.11875
Feedback: 0.51952
Received=	0.132
Feedback: 0.50951
Received=	0.006623
Feedback: 0.60425
Received=	0.019011
Feedback: 0.59489
Received=	0.086614
Feedback: 0.54381
Received=	0.24449
Feedback: 0.42452
Received=	-0.34456
Feedback: 0.8696
Received=	-0.39586
Feedback: 0.9
Received=	-0.37758
Feedback: 0.89455
Received=	-0.22101
Feedback: 0.77624
Received=	-0.17288
Feedback: 0.73988
Received=	0.00987
Feedback: 0.60179
Received=	-0.13799
Feedback: 0.71352
Received=	-0.0053895
Feedback: 0.61332
Received=	0.31889
Feedback: 0.3683
Received=	0.39763
Feedback: 0.3088
Received=	0.12728
Feedback: 0.51307
Received=	0.0057643
Feedback: 0.6049
Received=	-0.10404
Feedback: 0.68786
Received=	-0.087593
Feedback: 0.67544
Received=	-0.19926
Feedback: 0.75981
Received=	-0.13964
Feedback: 0.71477
Received=	-0.28854
Feedback: 0.82727
Received=	-0.24628
Feedback: 0.79534
Received=	-0.36997
Feedback: 0.8888
Received=	-0.25226
Feedback: 0.79986
Received=	-0.23689
Feedback: 0.78825
Received=	-0.14789
Feedback: 0.721
Received=	-0.17018
Feedback: 0.73784
Received=	-0.29133
Feedback: 0.82938
Received=	-0.11512
Feedback: 0.69624
Calculated range:	[(-2.094130) - (1.905870)]
Success index = (-1.094130)
closing...
