Direction=-1.000000	; step=1.000000;
Received=	0
Feedback: 0.66
Received=	0
Feedback: 0.66
Received=	0
Feedback: 0.66
Received=	0.33344
Feedback: 0.66
Received=	0.27886
Feedback: 0.66
Received=	0.28961
Feedback: 0.66
Received=	0.20947
Feedback: 0.66
Received=	0.08019
Feedback: 0.66
Received=	0.2473
Feedback: 0.66
Received=	0.30701
Feedback: 0.66
Received=	0.32703
Feedback: 0.66
Received=	0.31374
Feedback: 0.66
Received=	0.16574
Feedback: 0.66
Received=	0.35678
Feedback: 0.66
Received=	0.57254
Feedback: 0.66
Received=	0.60856
Feedback: 0.66
Received=	0.63388
Feedback: 0.66
Received=	0.27815
Feedback: 0.66
Received=	0.2835
Feedback: 0.66
Received=	0.41594
Feedback: 0.66
Received=	0.31822
=====  10:38:7 - NF  ============
Feedback: 0.49823
Received=	0.14431
Feedback: 0.70893
Received=	0.22905
Feedback: 0.60627
Received=	0.20432
Feedback: 0.63623
Received=	0.2453
Feedback: 0.58658
Received=	0.41008
Feedback: 0.38694
Received=	0.35127
Feedback: 0.45819
Received=	0.4101
Feedback: 0.38691
Received=	0.21752
Feedback: 0.62023
Received=	0.11841
Feedback: 0.74031
Received=	0.072879
Feedback: 0.79547
Received=	-0.043652
Feedback: 0.9
Received=	0.20093
Feedback: 0.64033
Received=	0.42778
Feedback: 0.36549
Received=	0.29595
Feedback: 0.52522
Received=	0.18688
Feedback: 0.65736
Received=	0.056644
Feedback: 0.81514
Received=	0.051103
Feedback: 0.82185
Received=	0.27475
Feedback: 0.5509
Received=	0.14885
Feedback: 0.70344
Received=	0.23166
Feedback: 0.6031
Received=	0.36345
Feedback: 0.44344
Received=	0.33463
Feedback: 0.47836
Received=	0.11321
Feedback: 0.74661
Received=	0.12065
Feedback: 0.7376
Received=	0.11145
Feedback: 0.74874
Received=	0.21402
Feedback: 0.62448
Received=	0.17768
Feedback: 0.6685
Received=	0.23791
Feedback: 0.59553
Received=	0.033996
Feedback: 0.84258
Received=	-0.074548
Feedback: 0.9
Received=	-0.087981
Feedback: 0.9
Received=	0.033412
Feedback: 0.84329
Received=	0.47448
Feedback: 0.30891
Received=	0.33462
Feedback: 0.47837
Received=	0.28583
Feedback: 0.53747
Received=	0.29622
Feedback: 0.52489
Received=	0.14738
Feedback: 0.70521
Received=	0.22777
Feedback: 0.60782
Received=	0.2491
Feedback: 0.58198
Received=	0.21157
Feedback: 0.62744
Received=	0.15046
Feedback: 0.70148
Received=	0.17034
Feedback: 0.6774
Received=	0.20769
Feedback: 0.63214
Received=	0.2283
Feedback: 0.60718
Received=	0.48039
Feedback: 0.30176
Received=	0.26113
Feedback: 0.5674
Received=	-0.0014278
Feedback: 0.8855
Received=	-0.027113
Feedback: 0.9
Received=	0.09979
Feedback: 0.76287
Received=	0.32226
Feedback: 0.49334
Received=	0.68751
Feedback: 0.1
Received=	0.41583
Feedback: 0.37998
Received=	0.39511
Feedback: 0.40508
Received=	0.38658
Feedback: 0.41541
Received=	0.22593
Feedback: 0.61005
Received=	0.035238
Feedback: 0.84108
Received=	0.10244
Feedback: 0.75966
Received=	0.080591
Feedback: 0.78613
Received=	0.11472
Feedback: 0.74478
Calculated range:	[(-2.000000) - (2.000000)]
Success index = (-0.683688)
Received=	0.064528
=====  10:41:7 - BASE  ============
Feedback: 0.66
Received=	0.0061259
Feedback: 0.66
Received=	0.21661
Feedback: 0.66
Received=	0.11216
Feedback: 0.66
Received=	-0.027113
Feedback: 0.66
Received=	-0.14618
Feedback: 0.66
Received=	0.051659
Feedback: 0.66
Received=	0.18087
Feedback: 0.66
Received=	0.42368
Feedback: 0.66
Received=	0.18087
Feedback: 0.66
Received=	0.13931
Feedback: 0.66
Received=	0.091816
Feedback: 0.66
Received=	0.26543
Feedback: 0.66
Received=	0.16237
Feedback: 0.66
Received=	0.29847
Feedback: 0.66
Received=	0.38609
Feedback: 0.66
Received=	0.46716
Feedback: 0.66
Received=	0.38047
Feedback: 0.66
Received=	0.46104
Feedback: 0.66
Received=	0.25736
Feedback: 0.66
Received=	-0.024156
=====  10:42:7 - NF  ============
Feedback: 0.78444
Received=	0.14922
Feedback: 0.57976
Received=	0.33003
Feedback: 0.3663
Received=	0.29647
Feedback: 0.40592
Received=	0.3268
Feedback: 0.37012
Received=	0.32641
Feedback: 0.37057
Received=	0.22276
Feedback: 0.49295
Received=	0.16744
Feedback: 0.55825
Received=	0.31789
Feedback: 0.38064
Received=	0.29012
Feedback: 0.41342
Received=	0.34102
Feedback: 0.35333
Received=	0.47341
Feedback: 0.19703
Received=	0.34674
Feedback: 0.34658
Received=	0.15941
Feedback: 0.56773
Received=	0.33959
Feedback: 0.35502
Received=	0.33699
Feedback: 0.35809
Received=	0.28239
Feedback: 0.42254
Received=	0.17566
Feedback: 0.54854
Received=	0.17238
Feedback: 0.55242
Received=	0.34631
Feedback: 0.34708
Received=	0.38077
Feedback: 0.3064
Received=	0.48011
Feedback: 0.18913
Received=	0.2495
Feedback: 0.46137
Received=	0.08413
Feedback: 0.6566
Received=	0.39911
Feedback: 0.28475
Received=	0.26574
Feedback: 0.44221
Received=	0.21477
Feedback: 0.50238
Received=	0.12938
Feedback: 0.60319
Received=	0.16283
Feedback: 0.5637
Received=	0.38347
Feedback: 0.30322
Received=	0.36175
Feedback: 0.32886
Received=	0.18627
Feedback: 0.53602
Received=	0.081694
Feedback: 0.65948
Received=	-0.11202
Feedback: 0.88817
Received=	-0.31972
Feedback: 0.9
Received=	-0.28142
Feedback: 0.9
Received=	-0.084792
Feedback: 0.85602
Received=	0.011126
Feedback: 0.74279
Received=	0.019711
Feedback: 0.73265
Received=	0.2128
Feedback: 0.5047
Received=	0.2452
Feedback: 0.46645
Received=	0.11297
Feedback: 0.62256
Received=	0.058113
Feedback: 0.68732
Received=	0.32222
Feedback: 0.37553
Received=	0.49388
Feedback: 0.17288
Received=	0.35454
Feedback: 0.33737
Received=	0.17902
Feedback: 0.54458
Received=	0.090127
Feedback: 0.64952
Received=	0.15772
Feedback: 0.56972
Received=	0.11032
Feedback: 0.62569
Received=	-0.26806
Feedback: 0.9
Received=	-0.24422
Feedback: 0.9
Received=	0.13974
Feedback: 0.59095
Received=	0.34119
Feedback: 0.35313
Received=	0.10737
Feedback: 0.62916
Received=	0.062412
Feedback: 0.68224
Received=	0.4501
Feedback: 0.22456
Received=	0.28566
Feedback: 0.41869
Received=	0.29475
Feedback: 0.40796
Received=	0.13463
Feedback: 0.59698
Calculated range:	[(-2.000000) - (2.000000)]
Success index = (-0.125872)
Received=	-0.090055
=====  10:45:7 - BASE  ============
Feedback: 0.66
Received=	-0.25258
Feedback: 0.66
Received=	0.158
Feedback: 0.66
Received=	0.22563
Feedback: 0.66
Received=	0.26687
Feedback: 0.66
Received=	0.30347
Feedback: 0.66
Received=	0.22214
Feedback: 0.66
Received=	0.27989
Feedback: 0.66
Received=	0.45611
Feedback: 0.66
Received=	0.51051
Feedback: 0.66
Received=	0.39382
Feedback: 0.66
Received=	0.39398
Feedback: 0.66
Received=	0.50509
Feedback: 0.66
Received=	0.16159
Feedback: 0.66
Received=	0.13113
Feedback: 0.66
Received=	0.60676
Feedback: 0.66
Received=	0.5
Feedback: 0.66
Received=	0.29965
Feedback: 0.66
Received=	0.29896
Feedback: 0.66
Received=	0.066646
Feedback: 0.66
Received=	0.071966
=====  10:46:7 - NF  ============
Feedback: 0.82906
Received=	0.14832
Feedback: 0.72823
Received=	0.025222
Feedback: 0.8908
Received=	0.22604
Feedback: 0.62557
Received=	0.19224
Feedback: 0.67022
Received=	0.27472
Feedback: 0.56128
Received=	0.28408
Feedback: 0.54893
Received=	0.32211
Feedback: 0.4987
Received=	0.3597
Feedback: 0.44905
Received=	0.37348
Feedback: 0.43085
Received=	0.14733
Feedback: 0.72952
Received=	0.2062
Feedback: 0.65178
Received=	0.39009
Feedback: 0.40891
Received=	0.38179
Feedback: 0.41988
Received=	0.26673
Feedback: 0.57184
Received=	0.24903
Feedback: 0.59522
Received=	0.42794
Feedback: 0.35893
Received=	0.19137
Feedback: 0.67137
Received=	0.13565
Feedback: 0.74496
Received=	0.26967
Feedback: 0.56796
Received=	0.40368
Feedback: 0.39097
Received=	0.20903
Feedback: 0.64805
Received=	-0.12842
Feedback: 0.9
Received=	-0.067848
Feedback: 0.9
Received=	0.16682
Feedback: 0.70379
Received=	0.33085
Feedback: 0.48716
Received=	0.14888
Feedback: 0.72749
Received=	0.096018
Feedback: 0.7973
Received=	0.1581
Feedback: 0.71531
Received=	0.11573
Feedback: 0.77126
Received=	0.12043
Feedback: 0.76505
Received=	0.17608
Feedback: 0.69155
Received=	0.3788
Feedback: 0.42382
Received=	0.15244
Feedback: 0.72278
Received=	0.025985
Feedback: 0.88979
Received=	0.084957
Feedback: 0.81191
Received=	0.36345
Feedback: 0.4441
Received=	0.18994
Feedback: 0.67325
Received=	0.14593
Feedback: 0.73137
Received=	0.21298
Feedback: 0.64283
Received=	0.4733
Feedback: 0.29902
Received=	0.46941
Feedback: 0.30416
Received=	0.13114
Feedback: 0.75091
Received=	-0.050713
Feedback: 0.9
Received=	0.023732
Feedback: 0.89277
Received=	0.24176
Feedback: 0.60482
Received=	0.14189
Feedback: 0.73671
Received=	0.12403
Feedback: 0.7603
Received=	0.24292
Feedback: 0.60329
Received=	0.26175
Feedback: 0.57841
Received=	0.024833
Feedback: 0.89131
Received=	0.14932
Feedback: 0.7269
Received=	0.28246
Feedback: 0.55106
Received=	0.1644
Feedback: 0.70699
Received=	0.171
Feedback: 0.69828
Received=	0.21918
Feedback: 0.63464
Received=	0.26753
Feedback: 0.57079
Received=	0.17245
Feedback: 0.69635
Received=	0.068589
Feedback: 0.83352
Received=	0.1743
Feedback: 0.69392
Calculated range:	[(-2.000000) - (2.000000)]
Success index = (-0.906450)
Received=	0.46851
=====  10:49:7 - BASE  ============
Feedback: 0.66
Received=	0.65049
Feedback: 0.66
Received=	0.43464
Feedback: 0.66
Received=	0.37074
Feedback: 0.66
Received=	0.30376
Feedback: 0.66
Received=	0.12084
Feedback: 0.66
Received=	0.2313
Feedback: 0.66
Received=	0.30233
Feedback: 0.66
Received=	0.23562
Feedback: 0.66
Received=	0.235
Feedback: 0.66
Received=	0.21784
Feedback: 0.66
Received=	0.14161
Feedback: 0.66
Received=	-0.068744
Feedback: 0.66
Received=	-0.11289
Feedback: 0.66
Received=	0.0008518
Feedback: 0.66
Received=	0.031193
Feedback: 0.66
Received=	0.23532
Feedback: 0.66
Received=	0.23677
Feedback: 0.66
Received=	0.28337
Feedback: 0.66
Received=	0.41552
Feedback: 0.66
Received=	0.32519
=====  10:50:7 - NF  ============
Feedback: 0.34047
Received=	0.34518
Feedback: 0.31483
Received=	0.15609
Feedback: 0.5574
Received=	0.35038
Feedback: 0.30815
Received=	0.20136
Feedback: 0.49933
Received=	0.19517
Feedback: 0.50727
Received=	0.11257
Feedback: 0.61323
Received=	0.22102
Feedback: 0.47411
Received=	0.32861
Feedback: 0.33608
Received=	0.30663
Feedback: 0.36428
Received=	0.26554
Feedback: 0.41699
Received=	0.088491
Feedback: 0.64413
Received=	0.1747
Feedback: 0.53353
Received=	0.094413
Feedback: 0.63653
Received=	-0.0042796
Feedback: 0.76314
Received=	0.18671
Feedback: 0.51812
Received=	0.35856
Feedback: 0.29766
Received=	0.50241
Feedback: 0.11312
Received=	0.36329
Feedback: 0.29159
Received=	0.17417
Feedback: 0.53421
Received=	0.031062
Feedback: 0.7178
Received=	0.070094
Feedback: 0.66773
Received=	0.24942
Feedback: 0.43768
Received=	0.3431
Feedback: 0.31749
Received=	0.43183
Feedback: 0.20367
Received=	0.42636
Feedback: 0.21068
Received=	0.19905
Feedback: 0.50229
Received=	0.25219
Feedback: 0.43412
Received=	0.064388
Feedback: 0.67505
Received=	0.02582
Feedback: 0.72453
Received=	0.65861
Feedback: 0.1
Received=	0.60976
Feedback: 0.1
Received=	0.25333
Feedback: 0.43266
Received=	0.14494
Feedback: 0.57171
Received=	0.16348
Feedback: 0.54793
Received=	0.25049
Feedback: 0.4363
Received=	0.32968
Feedback: 0.33471
Received=	0.18871
Feedback: 0.51556
Received=	0.11779
Feedback: 0.60654
Received=	0.061413
Feedback: 0.67887
Received=	0.030254
Feedback: 0.71884
Received=	0.033679
Feedback: 0.71444
Received=	0.22155
Feedback: 0.47343
Received=	0.33633
Feedback: 0.32619
Received=	0.085842
Feedback: 0.64753
Received=	-0.095441
Feedback: 0.88009
Received=	0.077978
Feedback: 0.65761
Received=	0.16846
Feedback: 0.54154
Received=	0.054321
Feedback: 0.68796
Received=	0.028256
Feedback: 0.7214
Received=	0.20701
Feedback: 0.49208
Received=	0.21266
Feedback: 0.48483
Received=	0.34099
Feedback: 0.3202
Received=	0.23816
Feedback: 0.45212
Received=	0.44676
Feedback: 0.18451
Received=	0.51032
Feedback: 0.10297
Received=	0.43996
Feedback: 0.19323
Received=	0.38025
Feedback: 0.26983
Received=	0.39754
Feedback: 0.24766
Received=	0.54138
Feedback: 0.1
Calculated range:	[(-2.000000) - (2.000000)]
Success index = (0.230812)
Received=	0.30765
=====  10:53:7 - BASE  ============
Feedback: 0.66
Received=	0.31278
Feedback: 0.66
Received=	0.38704
Feedback: 0.66
Received=	0.50934
Feedback: 0.66
Received=	0.42139
Feedback: 0.66
Received=	0.51149
Feedback: 0.66
Received=	0.084601
Feedback: 0.66
Received=	0.011139
Feedback: 0.66
Received=	0.38658
Feedback: 0.66
Received=	0.31507
Feedback: 0.66
Received=	0.28918
Feedback: 0.66
Received=	0.27753
Feedback: 0.66
Received=	0.12503
Feedback: 0.66
Received=	0.15614
Feedback: 0.66
Received=	0.17957
Feedback: 0.66
Received=	0.29652
Feedback: 0.66
Received=	0.21876
Feedback: 0.66
Received=	-0.12953
Feedback: 0.66
Received=	0.20599
Feedback: 0.66
Received=	0.15049
Feedback: 0.66
Received=	0.21607
=====  10:54:7 - NF  ============
Feedback: 0.53349
Received=	0.39255
Feedback: 0.3237
Received=	0.18272
Feedback: 0.57313
Received=	0.18259
Feedback: 0.57329
Received=	0.33595
Feedback: 0.39098
Received=	0.32699
Feedback: 0.40163
Received=	0.40155
Feedback: 0.313
Received=	0.52983
Feedback: 0.16051
Received=	0.4131
Feedback: 0.29927
Received=	0.56993
Feedback: 0.11283
Received=	0.37242
Feedback: 0.34763
Received=	0.083853
Feedback: 0.69066
Received=	0.32233
Feedback: 0.40717
Received=	0.39861
Feedback: 0.31649
Received=	0.19834
Feedback: 0.55457
Received=	0.17104
Feedback: 0.58702
Received=	0.0094994
Feedback: 0.77905
Received=	-0.061385
Feedback: 0.86331
Received=	0.20364
Feedback: 0.54827
Received=	0.012908
Feedback: 0.775
Received=	0.023611
Feedback: 0.76227
Received=	0.074272
Feedback: 0.70205
Received=	0.0766
Feedback: 0.69928
Received=	0.17468
Feedback: 0.58269
Received=	0.10155
Feedback: 0.66962
Received=	0.029487
Feedback: 0.75529
Received=	-0.15735
Feedback: 0.9
Received=	-0.17361
Feedback: 0.9
Received=	-0.1226
Feedback: 0.9
Received=	0.029856
Feedback: 0.75485
Received=	0.32046
Feedback: 0.4094
Received=	0.14234
Feedback: 0.62113
Received=	0.042008
Feedback: 0.7404
Received=	0.13716
Feedback: 0.62729
Received=	0.056883
Feedback: 0.72272
Received=	0.11825
Feedback: 0.64977
Received=	0.30257
Feedback: 0.43066
Received=	0.3208
Feedback: 0.40898
Received=	0.36477
Feedback: 0.35673
Received=	0.11936
Feedback: 0.64845
Received=	-0.086115
Feedback: 0.89271
Received=	-0.021208
Feedback: 0.81555
Received=	0.18338
Feedback: 0.57234
Received=	0.11564
Feedback: 0.65288
Received=	0.17008
Feedback: 0.58815
Received=	0.29053
Feedback: 0.44497
Received=	0.5695
Feedback: 0.11335
Received=	0.0016784
Feedback: 0.78835
Received=	-0.13051
Feedback: 0.9
Received=	0.1596
Feedback: 0.60062
Received=	0.13391
Feedback: 0.63116
Received=	0.017994
Feedback: 0.76895
Received=	-0.18193
Feedback: 0.9
Received=	0.032681
Feedback: 0.75149
Received=	0.17296
Feedback: 0.58474
Received=	0.20024
Feedback: 0.5523
Received=	0.20416
Feedback: 0.54764
Received=	0.1728
Feedback: 0.58493
Received=	0.0062496
Feedback: 0.78291
Received=	0.1445
Feedback: 0.61857
Calculated range:	[(-2.000000) - (2.000000)]
Success index = (-0.500164)
closing...
