Direction=-1.000000	; step=1.000000;
Received=	-0.74018
Feedback: 0.66
Received=	-0.059743
Feedback: 0.66
Received=	-0.083646
Feedback: 0.66
Received=	-0.053256
Feedback: 0.66
Received=	0.4772
Feedback: 0.66
Received=	-0.059028
Feedback: 0.66
Received=	0.074303
Feedback: 0.66
Received=	0.099761
Feedback: 0.66
Received=	-0.10282
Feedback: 0.66
Received=	-0.15543
Feedback: 0.66
Received=	-0.25527
Feedback: 0.66
Received=	-0.21432
Feedback: 0.66
Received=	-0.15169
Feedback: 0.66
Received=	-0.33006
Feedback: 0.66
Received=	-0.24085
Feedback: 0.66
Received=	-0.3018
Feedback: 0.66
Received=	-0.49937
Feedback: 0.66
Received=	-0.40143
Feedback: 0.66
Received=	-0.34417
Feedback: 0.66
Received=	-0.44298
Feedback: 0.66
Received=	-0.46263
=====  11:7:24 - NF  ============
Feedback: 0.75606
Received=	-0.3228
Feedback: 0.63543
Received=	-0.30909
Feedback: 0.6236
Received=	-0.42068
Feedback: 0.71987
Received=	-0.57419
Feedback: 0.85231
Received=	-0.62194
Feedback: 0.8935
Received=	-0.43219
Feedback: 0.7298
Received=	-0.4324
Feedback: 0.72999
Received=	-0.17975
Feedback: 0.51201
Received=	-0.17474
Feedback: 0.50769
Received=	-0.1375
Feedback: 0.47557
Received=	-0.27411
Feedback: 0.59342
Received=	-0.12297
Feedback: 0.46303
Received=	-0.17892
Feedback: 0.5113
Received=	-0.060649
Feedback: 0.40926
Received=	-0.077971
Feedback: 0.42421
Received=	-0.15336
Feedback: 0.48925
Received=	-0.27097
Feedback: 0.59071
Received=	-0.39857
Feedback: 0.70079
Received=	-0.58437
Feedback: 0.86109
Received=	-0.47999
Feedback: 0.77104
Received=	-0.10446
Feedback: 0.44706
Received=	-0.1298
Feedback: 0.46892
Received=	-0.31944
Feedback: 0.63253
Received=	-0.44993
Feedback: 0.74511
Received=	-0.45597
Feedback: 0.75031
Received=	-0.65839
Feedback: 0.9
Received=	-0.29838
Feedback: 0.61436
Received=	-0.095392
Feedback: 0.43924
Received=	-0.41877
Feedback: 0.71822
Received=	-0.64728
Feedback: 0.9
Received=	-0.62688
Feedback: 0.89777
Received=	-0.60787
Feedback: 0.88136
Received=	-0.34068
Feedback: 0.65085
Received=	-0.11704
Feedback: 0.45791
Received=	-0.35132
Feedback: 0.66003
Received=	-0.34844
Feedback: 0.65754
Received=	-0.27485
Feedback: 0.59406
Received=	-0.33964
Feedback: 0.64996
Received=	-0.36624
Feedback: 0.6729
Received=	-0.4829
Feedback: 0.77355
Received=	-0.68333
Feedback: 0.9
Received=	-0.53582
Feedback: 0.8192
Received=	-0.21139
Feedback: 0.53931
Received=	-0.14001
Feedback: 0.47773
Received=	-0.27404
Feedback: 0.59336
Received=	-0.20179
Feedback: 0.53103
Received=	-0.092199
Feedback: 0.43648
Received=	-0.37947
Feedback: 0.68432
Received=	-0.56599
Feedback: 0.84524
Received=	-0.35191
Feedback: 0.66054
Received=	-0.45769
Feedback: 0.7518
Received=	-0.19289
Feedback: 0.52335
Received=	0.12046
Feedback: 0.25302
Received=	-0.13822
Feedback: 0.47619
Received=	-0.066622
Feedback: 0.41441
Received=	-0.33673
Feedback: 0.64744
Received=	-0.42556
Feedback: 0.72408
Received=	-0.20561
Feedback: 0.53432
Received=	-0.1801
Feedback: 0.51232
Calculated range:	[(-2.000000) - (2.000000)]
Success index = (-0.811867)
Received=	-0.33075
=====  11:10:24 - BASE  ============
Feedback: 0.66
Received=	-0.50844
Feedback: 0.66
Received=	-0.37473
Feedback: 0.66
Received=	-0.063835
Feedback: 0.66
Received=	-0.10365
Feedback: 0.66
Received=	-0.38297
Feedback: 0.66
Received=	-0.82167
Feedback: 0.66
Received=	-0.71103
Feedback: 0.66
Received=	-0.5893
Feedback: 0.66
Received=	-0.40104
Feedback: 0.66
Received=	-0.57596
Feedback: 0.66
Received=	-0.7291
Feedback: 0.66
Received=	-0.28926
Feedback: 0.66
Received=	0.036419
Feedback: 0.66
Received=	-0.30461
Feedback: 0.66
Received=	-0.57204
Feedback: 0.66
Received=	-0.37732
Feedback: 0.66
Received=	0.051624
Feedback: 0.66
Received=	0.13299
Feedback: 0.66
Received=	-0.21471
Feedback: 0.66
Received=	-0.16529
=====  11:11:23 - NF  ============
Feedback: 0.37024
Received=	-0.033787
Feedback: 0.27758
Received=	-0.37218
Feedback: 0.51601
Received=	-0.42664
Feedback: 0.55439
Received=	-0.38
Feedback: 0.52152
Received=	-0.35432
Feedback: 0.50342
Received=	-0.65174
Feedback: 0.71299
Received=	-0.41665
Feedback: 0.54734
Received=	-0.24173
Feedback: 0.4241
Received=	-0.37109
Feedback: 0.51524
Received=	-0.39095
Feedback: 0.52924
Received=	-0.20849
Feedback: 0.40068
Received=	-0.37587
Feedback: 0.51861
Received=	-0.48179
Feedback: 0.59324
Received=	-0.22104
Feedback: 0.40952
Received=	-0.12187
Feedback: 0.33965
Received=	-0.48285
Feedback: 0.59398
Received=	-0.66875
Feedback: 0.72497
Received=	-0.4684
Feedback: 0.5838
Received=	-0.65005
Feedback: 0.71179
Received=	-0.81634
Feedback: 0.82896
Received=	-0.15068
Feedback: 0.35994
Received=	-0.15253
Feedback: 0.36125
Received=	-0.2538
Feedback: 0.4326
Received=	-0.33598
Feedback: 0.49051
Received=	-0.30771
Feedback: 0.47059
Received=	-0.1978
Feedback: 0.39314
Received=	-0.29085
Feedback: 0.45871
Received=	-0.39044
Feedback: 0.52888
Received=	-0.32598
Feedback: 0.48346
Received=	-0.32325
Feedback: 0.48154
Received=	-0.32137
Feedback: 0.48021
Received=	-0.50306
Feedback: 0.60823
Received=	-0.56073
Feedback: 0.64886
Received=	-0.26507
Feedback: 0.44054
Received=	-0.14972
Feedback: 0.35927
Received=	-0.25611
Feedback: 0.43423
Received=	-0.42161
Feedback: 0.55084
Received=	-0.25466
Feedback: 0.43321
Received=	-0.15214
Feedback: 0.36098
Received=	-0.12203
Feedback: 0.33976
Received=	-0.32552
Feedback: 0.48313
Received=	-0.38996
Feedback: 0.52854
Received=	-0.33813
Feedback: 0.49202
Received=	-0.30272
Feedback: 0.46707
Received=	-0.39371
Feedback: 0.53118
Received=	-0.21242
Feedback: 0.40345
Received=	-0.070019
Feedback: 0.30311
Received=	-0.29021
Feedback: 0.45826
Received=	-0.26928
Feedback: 0.44351
Received=	-0.39572
Feedback: 0.5326
Received=	-0.42857
Feedback: 0.55574
Received=	-0.13634
Feedback: 0.34984
Received=	-0.097891
Feedback: 0.32275
Received=	-0.13819
Feedback: 0.35115
Received=	-0.30188
Feedback: 0.46648
Received=	-0.24682
Feedback: 0.42768
Received=	-0.36064
Feedback: 0.50788
Received=	-0.52076
Feedback: 0.6207
Received=	-0.28024
Feedback: 0.45123
Calculated range:	[(-2.000000) - (2.000000)]
Success index = (0.128760)
Received=	-0.19607
=====  11:14:23 - BASE  ============
Feedback: 0.66
Received=	-0.1549
Feedback: 0.66
Received=	0.13721
Feedback: 0.66
Received=	0.16269
Feedback: 0.66
Received=	-0.070257
Feedback: 0.66
Received=	0.19098
Feedback: 0.66
Received=	0.21291
Feedback: 0.66
Received=	-0.029112
Feedback: 0.66
Received=	0.017243
Feedback: 0.66
Received=	0.019558
Feedback: 0.66
Received=	-0.076069
Feedback: 0.66
Received=	-0.060743
Feedback: 0.66
Received=	-0.075558
Feedback: 0.66
Received=	-0.32174
Feedback: 0.66
Received=	-0.42324
Feedback: 0.66
Received=	-0.38458
Feedback: 0.66
Received=	-0.59084
Feedback: 0.66
Received=	-0.64716
Feedback: 0.66
Received=	-0.75507
Feedback: 0.66
Received=	-0.67449
Feedback: 0.66
Received=	-0.050627
=====  11:15:23 - NF  ============
Feedback: 0.41472
Received=	-0.070441
Feedback: 0.4271
Received=	-0.68074
Feedback: 0.8084
Received=	-0.69265
Feedback: 0.81584
Received=	-0.34494
Feedback: 0.5986
Received=	-0.43832
Feedback: 0.65694
Received=	-0.61384
Feedback: 0.76661
Received=	-0.59094
Feedback: 0.7523
Received=	-0.47575
Feedback: 0.68033
Received=	-0.29039
Feedback: 0.56452
Received=	-0.47783
Feedback: 0.68163
Received=	-0.53703
Feedback: 0.71862
Received=	-0.35461
Feedback: 0.60464
Received=	-0.29356
Feedback: 0.5665
Received=	-0.10998
Feedback: 0.4518
Received=	0.029325
Feedback: 0.36476
Received=	0.16956
Feedback: 0.27715
Received=	-0.20091
Feedback: 0.50861
Received=	-0.48063
Feedback: 0.68338
Received=	-0.35052
Feedback: 0.60209
Received=	-0.39181
Feedback: 0.62788
Received=	-0.68257
Feedback: 0.80955
Received=	-0.38028
Feedback: 0.62068
Received=	-0.1045
Feedback: 0.44838
Received=	-0.34558
Feedback: 0.599
Received=	-0.38057
Feedback: 0.62086
Received=	-0.37443
Feedback: 0.61702
Received=	-0.43594
Feedback: 0.65546
Received=	-0.41804
Feedback: 0.64427
Received=	-0.52674
Feedback: 0.71219
Received=	-0.81658
Feedback: 0.89327
Received=	-0.89902
Feedback: 0.9
Received=	-0.81719
Feedback: 0.89366
Received=	-0.48738
Feedback: 0.6876
Received=	-0.90631
Feedback: 0.9
Received=	-0.8431
Feedback: 0.9
Received=	-0.61973
Feedback: 0.77028
Received=	-0.49346
Feedback: 0.69139
Received=	-0.54347
Feedback: 0.72264
Received=	-0.59146
Feedback: 0.75262
Received=	-0.67055
Feedback: 0.80204
Received=	-0.61508
Feedback: 0.76738
Received=	-0.89546
Feedback: 0.9
Received=	-1.0547
Feedback: 0.9
Received=	-0.92185
Feedback: 0.9
Received=	-0.90635
Feedback: 0.9
Received=	-0.79342
Feedback: 0.8788
Received=	-0.71671
Feedback: 0.83088
Received=	-0.57828
Feedback: 0.74439
Received=	-0.33783
Feedback: 0.59416
Received=	-0.47037
Feedback: 0.67697
Received=	-0.67893
Feedback: 0.80727
Received=	-0.59746
Feedback: 0.75637
Received=	-0.56079
Feedback: 0.73346
Received=	-0.61496
Feedback: 0.7673
Received=	-0.40287
Feedback: 0.63479
Received=	-0.20743
Feedback: 0.51269
Received=	-0.2255
Feedback: 0.52398
Received=	-0.21111
Feedback: 0.51499
Received=	-0.22401
Feedback: 0.52304
Calculated range:	[(-2.120921) - (1.879079)]
Success index = (-1.120921)
Received=	-0.27858
=====  11:18:23 - BASE  ============
Feedback: 0.66
Received=	-0.26764
Feedback: 0.66
Received=	-0.1878
Feedback: 0.66
Received=	-0.29652
Feedback: 0.66
Received=	-0.48652
Feedback: 0.66
Received=	-0.4575
Feedback: 0.66
Received=	-0.77624
Feedback: 0.66
Received=	-0.76172
Feedback: 0.66
Received=	-0.63086
Feedback: 0.66
Received=	-0.54981
Feedback: 0.66
Received=	-0.37242
Feedback: 0.66
Received=	-0.19798
Feedback: 0.66
Received=	-0.49702
Feedback: 0.66
Received=	-0.58981
Feedback: 0.66
Received=	-0.55213
Feedback: 0.66
Received=	-0.54462
Feedback: 0.66
Received=	-0.33337
Feedback: 0.66
Received=	-0.22958
Feedback: 0.66
Received=	-0.16702
Feedback: 0.66
Received=	-0.16621
Feedback: 0.66
Received=	-0.0703
=====  11:19:23 - NF  ============
Feedback: 0.10979
Received=	-0.18345
Feedback: 0.22392
Received=	-0.3727
Feedback: 0.41482
Received=	-0.46493
Feedback: 0.50785
Received=	-0.72182
Feedback: 0.76697
Received=	-0.67202
Feedback: 0.71674
Received=	-0.70371
Feedback: 0.7487
Received=	-0.62526
Feedback: 0.66957
Received=	-0.36139
Feedback: 0.40341
Received=	-0.70148
Feedback: 0.74645
Received=	-0.23283
Feedback: 0.27374
Received=	-0.37277
Feedback: 0.41489
Received=	-0.20553
Feedback: 0.2462
Received=	-0.18335
Feedback: 0.22382
Received=	-0.18396
Feedback: 0.22444
Received=	-0.061874
Feedback: 0.1013
Received=	-0.30111
Feedback: 0.3426
Received=	-0.14819
Feedback: 0.18836
Received=	-0.29461
Feedback: 0.33605
Received=	-0.3323
Feedback: 0.37406
Received=	-0.39299
Feedback: 0.43528
Received=	-0.579
Feedback: 0.62291
Received=	-0.53108
Feedback: 0.57457
Received=	-0.48726
Feedback: 0.53037
Received=	-0.38866
Feedback: 0.43091
Received=	-0.47267
Feedback: 0.51566
Received=	-0.53268
Feedback: 0.57618
Received=	-0.39479
Feedback: 0.4371
Received=	-0.1174
Feedback: 0.15731
Received=	-0.079773
Feedback: 0.11935
Received=	0.018862
Feedback: 0.1
Received=	-0.2623
Feedback: 0.30346
Received=	-0.1912
Feedback: 0.23174
Received=	-0.037571
Feedback: 0.1
Received=	-0.13767
Feedback: 0.17775
Received=	-0.37948
Feedback: 0.42166
Received=	-0.45206
Feedback: 0.49487
Received=	-0.25449
Feedback: 0.29559
Received=	-0.36061
Feedback: 0.40263
Received=	-0.4254
Feedback: 0.46797
Received=	-0.46421
Feedback: 0.50712
Received=	-0.68616
Feedback: 0.73099
Received=	-0.6175
Feedback: 0.66174
Received=	-0.4995
Feedback: 0.54272
Received=	-0.60116
Feedback: 0.64525
Received=	-0.68184
Feedback: 0.72663
Received=	-0.88496
Feedback: 0.9
Received=	-0.72577
Feedback: 0.77095
Received=	-0.34713
Feedback: 0.38903
Received=	-0.19569
Feedback: 0.23628
Received=	0.0046215
Feedback: 0.1
Received=	-0.46073
Feedback: 0.50362
Received=	-0.37093
Feedback: 0.41303
Received=	-0.70585
Feedback: 0.75085
Received=	-0.62523
Feedback: 0.66954
Received=	-0.54136
Feedback: 0.58494
Received=	-0.80682
Feedback: 0.8527
Received=	-0.68822
Feedback: 0.73307
Received=	-0.55657
Feedback: 0.60028
Received=	-0.62288
Feedback: 0.66717
Calculated range:	[(-2.000000) - (2.000000)]
Success index = (0.096372)
Received=	-0.62038
=====  11:22:24 - BASE  ============
Feedback: 0.66
Received=	-0.45756
Feedback: 0.66
Received=	-0.31916
Feedback: 0.66
Received=	-0.43969
Feedback: 0.66
Received=	-0.56047
Feedback: 0.66
Received=	-0.33387
Feedback: 0.66
Received=	-0.33238
Feedback: 0.66
Received=	-0.40165
Feedback: 0.66
Received=	-0.37019
Feedback: 0.66
Received=	-0.19894
Feedback: 0.66
Received=	0.0022449
Feedback: 0.66
Received=	0.0014558
Feedback: 0.66
Received=	-0.28395
Feedback: 0.66
Received=	-0.74933
Feedback: 0.66
Received=	-0.9407
Feedback: 0.66
Received=	-0.37816
Feedback: 0.66
Received=	-0.32984
Feedback: 0.66
Received=	-0.48781
Feedback: 0.66
Received=	-0.73599
Feedback: 0.66
Received=	-0.97905
Feedback: 0.66
Received=	-0.88669
=====  11:23:23 - NF  ============
Feedback: 0.82974
Received=	-0.61107
Feedback: 0.62834
Received=	-0.28251
Feedback: 0.38827
Received=	-0.22694
Feedback: 0.34767
Received=	-0.39443
Feedback: 0.47005
Received=	-0.20773
Feedback: 0.33363
Received=	-0.23295
Feedback: 0.35206
Received=	-0.39946
Feedback: 0.47373
Received=	-0.49846
Feedback: 0.54607
Received=	-0.34943
Feedback: 0.43717
Received=	-0.43486
Feedback: 0.4996
Received=	-0.56152
Feedback: 0.59214
Received=	-0.45915
Feedback: 0.51734
Received=	-0.44413
Feedback: 0.50637
Received=	-0.39904
Feedback: 0.47342
Received=	-0.32482
Feedback: 0.41919
Received=	-0.43168
Feedback: 0.49727
Received=	-0.39438
Feedback: 0.47002
Received=	-0.76491
Feedback: 0.74075
Received=	-0.78175
Feedback: 0.75306
Received=	-0.56874
Feedback: 0.59741
Received=	-0.25668
Feedback: 0.3694
Received=	-0.51431
Feedback: 0.55764
Received=	-0.63373
Feedback: 0.6449
Received=	-0.56599
Feedback: 0.5954
Received=	-0.46872
Feedback: 0.52433
Received=	-0.37102
Feedback: 0.45295
Received=	-0.14057
Feedback: 0.28456
Received=	-0.075749
Feedback: 0.2372
Received=	-0.2287
Feedback: 0.34895
Received=	-0.21131
Feedback: 0.33625
Received=	-0.10526
Feedback: 0.25876
Received=	-0.33236
Feedback: 0.4247
Received=	-0.090398
Feedback: 0.2479
Received=	-0.21428
Feedback: 0.33842
Received=	-0.30931
Feedback: 0.40786
Received=	-0.73665
Feedback: 0.7201
Received=	-0.71623
Feedback: 0.70519
Received=	-0.26574
Feedback: 0.37602
Received=	0.0045464
Feedback: 0.17853
Received=	0.20468
Feedback: 0.1
Received=	-0.009513
Feedback: 0.1888
Received=	-0.32834
Feedback: 0.42176
Received=	-0.47402
Feedback: 0.52821
Received=	-0.65106
Feedback: 0.65757
Received=	-0.86003
Feedback: 0.81026
Received=	-0.51998
Feedback: 0.56179
Received=	-0.01409
Feedback: 0.19214
Received=	0.085386
Feedback: 0.11946
Received=	-0.21755
Feedback: 0.34081
Received=	-0.20171
Feedback: 0.32924
Received=	-0.22193
Feedback: 0.34401
Received=	-0.41036
Feedback: 0.48169
Received=	-0.27128
Feedback: 0.38007
Received=	-0.21592
Feedback: 0.33962
Received=	-0.49329
Feedback: 0.54229
Received=	-0.38325
Feedback: 0.46188
Received=	-0.33742
Feedback: 0.4284
Received=	-0.32897
Feedback: 0.42222
Received=	-0.52108
Feedback: 0.56259
Calculated range:	[(-2.000000) - (2.000000)]
Success index = (0.284479)
closing...
