Direction=-1.000000	; step=1.000000;
Received=	0
Feedback: 0.66
Received=	0
Feedback: 0.66
Received=	0
Feedback: 0.66
Received=	-0.021352
Feedback: 0.66
Received=	0.067133
Feedback: 0.66
Received=	0.097423
Feedback: 0.66
Received=	0.088444
Feedback: 0.66
Received=	0.018354
Feedback: 0.66
Received=	-0.038864
Feedback: 0.66
Received=	-0.06801
Feedback: 0.66
Received=	-0.52851
Feedback: 0.66
Received=	-0.66206
Feedback: 0.66
Received=	-0.69279
Feedback: 0.66
Received=	-0.47983
Feedback: 0.66
Received=	0.010627
Feedback: 0.66
Received=	0.38574
Feedback: 0.66
Received=	0.018323
Feedback: 0.66
Received=	-0.043726
Feedback: 0.66
Received=	-0.499
Feedback: 0.66
Received=	-0.87837
Feedback: 0.66
Received=	-0.55691
=====  11:12:52 - NF  ============
Feedback: 0.71751
Received=	-0.34083
Feedback: 0.59306
Received=	-0.17818
Feedback: 0.49939
Received=	-0.089164
Feedback: 0.44812
Received=	-0.049139
Feedback: 0.42506
Received=	0.1572
Feedback: 0.30622
Received=	0.23771
Feedback: 0.25986
Received=	0.17045
Feedback: 0.29859
Received=	0.14258
Feedback: 0.31464
Received=	0.081812
Feedback: 0.34964
Received=	0.041785
Feedback: 0.3727
Received=	-0.19545
Feedback: 0.50933
Received=	0.015745
Feedback: 0.38769
Received=	0.049936
Feedback: 0.368
Received=	-0.47842
Feedback: 0.67231
Received=	-0.68358
Feedback: 0.79047
Received=	-0.71947
Feedback: 0.81114
Received=	-0.4742
Feedback: 0.66988
Received=	-0.32499
Feedback: 0.58394
Received=	-0.10045
Feedback: 0.45462
Received=	-0.17064
Feedback: 0.49504
Received=	-0.20742
Feedback: 0.51622
Received=	0.076327
Feedback: 0.3528
Received=	-0.13095
Feedback: 0.47219
Received=	-0.27231
Feedback: 0.5536
Received=	-0.27324
Feedback: 0.55414
Received=	-0.26753
Feedback: 0.55084
Received=	-0.088364
Feedback: 0.44766
Received=	-0.18725
Feedback: 0.50461
Received=	-0.18123
Feedback: 0.50114
Received=	-0.3038
Feedback: 0.57174
Received=	-0.49911
Feedback: 0.68422
Received=	-0.63384
Feedback: 0.76182
Received=	-0.21003
Feedback: 0.51773
Received=	-0.24662
Feedback: 0.5388
Received=	-0.13962
Feedback: 0.47717
Received=	-0.12133
Feedback: 0.46664
Received=	-0.18944
Feedback: 0.50587
Received=	-0.33078
Feedback: 0.58728
Received=	-0.56586
Feedback: 0.72267
Received=	-0.63825
Feedback: 0.76436
Received=	-0.39059
Feedback: 0.62172
Received=	0.11428
Feedback: 0.33094
Received=	0.41769
Feedback: 0.15619
Received=	0.6423
Feedback: 0.1
Received=	-0.0044745
Feedback: 0.39934
Received=	-0.27801
Feedback: 0.55688
Received=	-0.435
Feedback: 0.6473
Received=	-0.10083
Feedback: 0.45483
Received=	0.22893
Feedback: 0.26491
Received=	0.045046
Feedback: 0.37082
Received=	-0.12629
Feedback: 0.4695
Received=	-0.19933
Feedback: 0.51157
Received=	-0.21763
Feedback: 0.5221
Received=	-0.099243
Feedback: 0.45392
Received=	-0.26107
Feedback: 0.54713
Received=	-0.36719
Feedback: 0.60825
Received=	-0.27462
Feedback: 0.55493
Received=	0.027542
Feedback: 0.3809
Received=	0.063825
Feedback: 0.36
Calculated range:	[(-2.000000) - (2.000000)]
Success index = (0.039089)
Received=	-0.0037491
=====  11:15:52 - BASE  ============
Feedback: 0.66
Received=	-0.05037
Feedback: 0.66
Received=	-0.059089
Feedback: 0.66
Received=	-0.14646
Feedback: 0.66
Received=	0.025735
Feedback: 0.66
Received=	0.26808
Feedback: 0.66
Received=	0.065482
Feedback: 0.66
Received=	-0.12077
Feedback: 0.66
Received=	-0.27365
Feedback: 0.66
Received=	-0.16122
Feedback: 0.66
Received=	0.013718
Feedback: 0.66
Received=	0.034792
Feedback: 0.66
Received=	-0.061337
Feedback: 0.66
Received=	0.07976
Feedback: 0.66
Received=	0.15386
Feedback: 0.66
Received=	0.47816
Feedback: 0.66
Received=	-0.099714
Feedback: 0.66
Received=	-0.1006
Feedback: 0.66
Received=	0.068095
Feedback: 0.66
Received=	0.19565
Feedback: 0.66
Received=	-0.16574
=====  11:16:52 - NF  ============
Feedback: 0.70907
Received=	-0.074042
Feedback: 0.60587
Received=	0.0096147
Feedback: 0.51172
Received=	0.20288
Feedback: 0.29421
Received=	0.11604
Feedback: 0.39194
Received=	0.30141
Feedback: 0.18331
Received=	0.19627
Feedback: 0.30164
Received=	0.081832
Feedback: 0.43044
Received=	0.17677
Feedback: 0.32359
Received=	0.12979
Feedback: 0.37647
Received=	0.038003
Feedback: 0.47977
Received=	-0.0066349
Feedback: 0.53001
Received=	-0.10645
Feedback: 0.64235
Received=	-0.31219
Feedback: 0.87391
Received=	0.029904
Feedback: 0.48888
Received=	0.40226
Feedback: 0.1
Received=	0.28502
Feedback: 0.20176
Received=	0.077189
Feedback: 0.43566
Received=	-0.11811
Feedback: 0.65547
Received=	-0.10221
Feedback: 0.63758
Received=	0.014419
Feedback: 0.50631
Received=	0.2901
Feedback: 0.19603
Received=	0.30369
Feedback: 0.18074
Received=	-0.1668
Feedback: 0.71027
Received=	-0.21903
Feedback: 0.76906
Received=	-0.16124
Feedback: 0.70401
Received=	-0.31487
Feedback: 0.87693
Received=	-0.28953
Feedback: 0.8484
Received=	0.01479
Feedback: 0.50589
Received=	0.49833
Feedback: 0.1
Received=	0.69814
Feedback: 0.1
Received=	0.24521
Feedback: 0.24656
Received=	-0.12306
Feedback: 0.66104
Received=	-0.05929
Feedback: 0.58927
Received=	0.14567
Feedback: 0.35859
Received=	-0.0047927
Feedback: 0.52793
Received=	-0.048959
Feedback: 0.57764
Received=	0.0087775
Feedback: 0.51266
Received=	-0.16847
Feedback: 0.71215
Received=	0.033242
Feedback: 0.48513
Received=	0.139
Feedback: 0.3661
Received=	0.18486
Feedback: 0.31449
Received=	0.049245
Feedback: 0.46712
Received=	0.022264
Feedback: 0.49748
Received=	0.11348
Feedback: 0.39482
Received=	0.1489
Feedback: 0.35495
Received=	0.11637
Feedback: 0.39157
Received=	-0.1292
Feedback: 0.66795
Received=	-0.10827
Feedback: 0.6444
Received=	-0.15293
Feedback: 0.69466
Received=	-0.17953
Feedback: 0.7246
Received=	0.16406
Feedback: 0.33789
Received=	0.19882
Feedback: 0.29877
Received=	-0.0078882
Feedback: 0.53142
Received=	0.12888
Feedback: 0.37749
Received=	0.088471
Feedback: 0.42297
Received=	-0.28757
Feedback: 0.84619
Received=	0.094475
Feedback: 0.41621
Received=	0.1252
Feedback: 0.38163
Received=	-0.08303
Feedback: 0.61599
Calculated range:	[(-2.000000) - (2.000000)]
Success index = (0.111204)
Received=	-0.05329
=====  11:19:52 - BASE  ============
Feedback: 0.66
Received=	0.22345
Feedback: 0.66
Received=	0.26099
Feedback: 0.66
Received=	0.025458
Feedback: 0.66
Received=	-0.261
Feedback: 0.66
Received=	-0.33375
Feedback: 0.66
Received=	-0.10199
Feedback: 0.66
Received=	0.13169
Feedback: 0.66
Received=	0.00461
Feedback: 0.66
Received=	0.22331
Feedback: 0.66
Received=	0.31256
Feedback: 0.66
Received=	-0.61629
Feedback: 0.66
Received=	-0.73627
Feedback: 0.66
Received=	-0.2527
Feedback: 0.66
Received=	-0.039697
Feedback: 0.66
Received=	0.18581
Feedback: 0.66
Received=	-0.077844
Feedback: 0.66
Received=	-0.025572
Feedback: 0.66
Received=	0.0077046
Feedback: 0.66
Received=	0.22698
Feedback: 0.66
Received=	0.13964
=====  11:20:52 - NF  ============
Feedback: 0.36337
Received=	0.04728
Feedback: 0.42683
Received=	0.23503
Feedback: 0.29784
Received=	0.22283
Feedback: 0.30622
Received=	0.25347
Feedback: 0.28517
Received=	0.48232
Feedback: 0.12794
Received=	0.34462
Feedback: 0.22255
Received=	0.14342
Feedback: 0.36077
Received=	0.033717
Feedback: 0.43615
Received=	-0.037904
Feedback: 0.48535
Received=	0.29871
Feedback: 0.25409
Received=	0.64001
Feedback: 0.1
Received=	0.33452
Feedback: 0.22948
Received=	0.2623
Feedback: 0.2791
Received=	0.1811
Feedback: 0.33489
Received=	-0.0093925
Feedback: 0.46576
Received=	0.095032
Feedback: 0.39402
Received=	0.057749
Feedback: 0.41964
Received=	-0.25091
Feedback: 0.6317
Received=	-0.2925
Feedback: 0.66027
Received=	0.1528
Feedback: 0.35433
Received=	0.30547
Feedback: 0.24944
Received=	0.14544
Feedback: 0.35939
Received=	-0.32471
Feedback: 0.6824
Received=	-0.11437
Feedback: 0.53789
Received=	0.055112
Feedback: 0.42145
Received=	-0.35197
Feedback: 0.70113
Received=	-0.53574
Feedback: 0.82738
Received=	-0.42644
Feedback: 0.75229
Received=	-0.026825
Feedback: 0.47774
Received=	0.25566
Feedback: 0.28366
Received=	0.10712
Feedback: 0.38572
Received=	0.24387
Feedback: 0.29177
Received=	0.043083
Feedback: 0.42971
Received=	-0.21723
Feedback: 0.60855
Received=	0.10158
Feedback: 0.38952
Received=	0.43959
Feedback: 0.1573
Received=	0.57734
Feedback: 0.1
Received=	0.4813
Feedback: 0.12864
Received=	0.30859
Feedback: 0.2473
Received=	0.20113
Feedback: 0.32113
Received=	0.30078
Feedback: 0.25267
Received=	0.63263
Feedback: 0.1
Received=	0.41543
Feedback: 0.1739
Received=	0.12572
Feedback: 0.37294
Received=	0.085721
Feedback: 0.40042
Received=	0.21525
Feedback: 0.31143
Received=	0.15968
Feedback: 0.34961
Received=	0.12246
Feedback: 0.37518
Received=	0.074739
Feedback: 0.40796
Received=	-0.01485
Feedback: 0.46951
Received=	0.20711
Feedback: 0.31702
Received=	0.28858
Feedback: 0.26104
Received=	0.17207
Feedback: 0.34109
Received=	0.20309
Feedback: 0.31978
Received=	0.39548
Feedback: 0.1876
Received=	0.1337
Feedback: 0.36745
Received=	-0.25512
Feedback: 0.63459
Received=	-0.3144
Feedback: 0.67532
Received=	0.1707
Feedback: 0.34204
Calculated range:	[(-2.000000) - (2.000000)]
Success index = (0.720975)
Received=	0.38951
=====  11:23:52 - BASE  ============
Feedback: 0.66
Received=	0.24798
Feedback: 0.66
Received=	-0.089168
Feedback: 0.66
Received=	-0.055947
Feedback: 0.66
Received=	0.20174
Feedback: 0.66
Received=	0.27264
Feedback: 0.66
Received=	0.27913
Feedback: 0.66
Received=	0.26832
Feedback: 0.66
Received=	0.11916
Feedback: 0.66
Received=	0.14032
Feedback: 0.66
Received=	0.18107
Feedback: 0.66
Received=	0.043142
Feedback: 0.66
Received=	-0.21297
Feedback: 0.66
Received=	0.16267
Feedback: 0.66
Received=	0.25965
Feedback: 0.66
Received=	-0.098649
Feedback: 0.66
Received=	-0.26447
Feedback: 0.66
Received=	-0.32464
Feedback: 0.66
Received=	-0.16241
Feedback: 0.66
Received=	-0.02799
Feedback: 0.66
Received=	0.094545
=====  11:24:52 - NF  ============
Feedback: 0.44344
Received=	0.29139
Feedback: 0.24504
Received=	0.42107
Feedback: 0.11435
Received=	0.70205
Feedback: 0.1
Received=	0.40015
Feedback: 0.13544
Received=	0.54637
Feedback: 0.1
Received=	0.66067
Feedback: 0.1
Received=	0.44966
Feedback: 0.1
Received=	0.21883
Feedback: 0.31818
Received=	0.25137
Feedback: 0.28538
Received=	0.10508
Feedback: 0.43281
Received=	0.19613
Feedback: 0.34106
Received=	-0.17561
Feedback: 0.71571
Received=	-0.020934
Feedback: 0.55982
Received=	0.27793
Feedback: 0.25861
Received=	0.5537
Feedback: 0.1
Received=	0.53219
Feedback: 0.1
Received=	0.21075
Feedback: 0.32632
Received=	0.13188
Feedback: 0.40581
Received=	0.4235
Feedback: 0.1119
Received=	0.27575
Feedback: 0.26081
Received=	0.29129
Feedback: 0.24515
Received=	0.51125
Feedback: 0.1
Received=	0.79225
Feedback: 0.1
Received=	0.73102
Feedback: 0.1
Received=	0.32207
Feedback: 0.21413
Received=	0.29042
Feedback: 0.24602
Received=	0.25481
Feedback: 0.28192
Received=	0.42583
Feedback: 0.10955
Received=	0.018175
Feedback: 0.52041
Received=	0.038234
Feedback: 0.50019
Received=	0.14005
Feedback: 0.39757
Received=	0.1376
Feedback: 0.40005
Received=	0.30004
Feedback: 0.23632
Received=	0.26353
Feedback: 0.27312
Received=	0.08708
Feedback: 0.45096
Received=	0.026531
Feedback: 0.51198
Received=	0.2808
Feedback: 0.25572
Received=	0.29056
Feedback: 0.24589
Received=	0.26289
Feedback: 0.27377
Received=	-0.054814
Feedback: 0.59397
Received=	-0.10031
Feedback: 0.63982
Received=	-0.092816
Feedback: 0.63227
Received=	0.13754
Feedback: 0.4001
Received=	0.30988
Feedback: 0.22641
Received=	0.12991
Feedback: 0.40779
Received=	-0.012476
Feedback: 0.5513
Received=	0.031608
Feedback: 0.50687
Received=	0.17367
Feedback: 0.36369
Received=	0.14099
Feedback: 0.39663
Received=	0.1852
Feedback: 0.35207
Received=	0.072804
Feedback: 0.46535
Received=	0.26571
Feedback: 0.27093
Received=	0.041828
Feedback: 0.49657
Received=	-0.1021
Feedback: 0.64163
Received=	0.16019
Feedback: 0.37728
Received=	0.18163
Feedback: 0.35567
Received=	0.042948
Feedback: 0.49544
Received=	-0.1221
Feedback: 0.66178
Received=	-0.099219
Feedback: 0.63872
Calculated range:	[(-2.000000) - (2.000000)]
Success index = (0.848936)
Received=	-0.29024
=====  11:27:52 - BASE  ============
Feedback: 0.66
Received=	-0.22432
Feedback: 0.66
Received=	-0.025214
Feedback: 0.66
Received=	0.18142
Feedback: 0.66
Received=	0.11962
Feedback: 0.66
Received=	0.12396
Feedback: 0.66
Received=	0.039006
Feedback: 0.66
Received=	-0.14011
Feedback: 0.66
Received=	0.18521
Feedback: 0.66
Received=	0.25249
Feedback: 0.66
Received=	0.045973
Feedback: 0.66
Received=	-0.10645
Feedback: 0.66
Received=	-0.26773
Feedback: 0.66
Received=	-0.087744
Feedback: 0.66
Received=	0.089003
Feedback: 0.66
Received=	0.22281
Feedback: 0.66
Received=	0.14903
Feedback: 0.66
Received=	0.068155
Feedback: 0.66
Received=	0.0060821
Feedback: 0.66
Received=	-0.00018587
Feedback: 0.66
Received=	0.06676
=====  11:28:52 - NF  ============
Feedback: 0.47191
Received=	0.43092
Feedback: 0.1
Received=	0.43552
Feedback: 0.1
Received=	0.47425
Feedback: 0.1
Received=	0.38312
Feedback: 0.1
Received=	0.30078
Feedback: 0.13027
Received=	0.35764
Feedback: 0.1
Received=	0.18773
Feedback: 0.29531
Received=	0.084991
Feedback: 0.44529
Received=	0.3709
Feedback: 0.1
Received=	0.43824
Feedback: 0.1
Received=	0.40272
Feedback: 0.1
Received=	-0.16885
Feedback: 0.81587
Received=	-0.97833
Feedback: 0.9
Received=	-1.0632
Feedback: 0.9
Received=	-0.57049
Feedback: 0.9
Received=	-0.25596
Feedback: 0.9
Received=	0.12368
Feedback: 0.38881
Received=	0.46041
Feedback: 0.1
Received=	0.62364
Feedback: 0.1
Received=	0.25597
Feedback: 0.19569
Received=	0.0031885
Feedback: 0.56472
Received=	0.036305
Feedback: 0.51637
Received=	0.15074
Feedback: 0.3493
Received=	0.18027
Feedback: 0.3062
Received=	0.060638
Feedback: 0.48085
Received=	-0.14712
Feedback: 0.78415
Received=	0.33533
Feedback: 0.1
Received=	0.43114
Feedback: 0.1
Received=	0.34651
Feedback: 0.1
Received=	0.56715
Feedback: 0.1
Received=	0.34393
Feedback: 0.1
Received=	0.2012
Feedback: 0.27564
Received=	0.097062
Feedback: 0.42767
Received=	0.21823
Feedback: 0.25078
Received=	0.45979
Feedback: 0.1
Received=	0.63574
Feedback: 0.1
Received=	0.38636
Feedback: 0.1
Received=	0.18412
Feedback: 0.30058
Received=	0.25917
Feedback: 0.19102
Received=	0.29089
Feedback: 0.14471
Received=	0.42835
Feedback: 0.1
Received=	0.34773
Feedback: 0.1
Received=	0.16112
Feedback: 0.33415
Received=	0.41357
Feedback: 0.1
Received=	0.75338
Feedback: 0.1
Received=	0.32655
Feedback: 0.1
Received=	-0.19647
Feedback: 0.85619
Received=	-0.39678
Feedback: 0.9
Received=	-0.073368
Feedback: 0.67648
Received=	0.20419
Feedback: 0.27128
Received=	0.084188
Feedback: 0.44647
Received=	0.36622
Feedback: 0.1
Received=	0.39962
Feedback: 0.1
Received=	0.62675
Feedback: 0.1
Received=	0.42478
Feedback: 0.1
Received=	0.22625
Feedback: 0.23907
Received=	0.27184
Feedback: 0.17251
Received=	0.0019134
Feedback: 0.56658
Received=	0.19578
Feedback: 0.28356
Calculated range:	[(-2.000000) - (2.000000)]
Success index = (0.520627)
closing...
