Direction=-1.000000	; step=1.000000;
Received=	0
Feedback: 0.66
Received=	0
Feedback: 0.66
Received=	0
Feedback: 0.66
Received=	-0.3387
Feedback: 0.66
Received=	-0.0046749
Feedback: 0.66
Received=	0.16079
Feedback: 0.66
Received=	-0.2357
Feedback: 0.66
Received=	-0.19462
Feedback: 0.66
Received=	-0.14916
Feedback: 0.66
Received=	-0.13369
Feedback: 0.66
Received=	-0.093527
Feedback: 0.66
Received=	-0.30204
Feedback: 0.66
Received=	-0.23092
Feedback: 0.66
Received=	-0.16882
Feedback: 0.66
Received=	-0.17356
Feedback: 0.66
Received=	-0.17009
Feedback: 0.66
Received=	-0.40887
Feedback: 0.66
Received=	-0.49178
Feedback: 0.66
Received=	-0.61648
Feedback: 0.66
Received=	-0.38321
Feedback: 0.66
Received=	-0.2512
=====  12:6:14 - NF  ============
Feedback: 0.53496
Received=	-0.36966
Feedback: 0.66206
Received=	-0.35937
Feedback: 0.65103
Received=	-0.011771
Feedback: 0.27807
Received=	-0.023593
Feedback: 0.29075
Received=	-0.27655
Feedback: 0.56216
Received=	-0.44936
Feedback: 0.74758
Received=	-0.2707
Feedback: 0.55588
Received=	-0.19321
Feedback: 0.47275
Received=	-0.10789
Feedback: 0.3812
Received=	0.15415
Feedback: 0.10004
Received=	0.010536
Feedback: 0.25413
Received=	-0.19611
Feedback: 0.47585
Received=	-0.25386
Feedback: 0.53781
Received=	-0.10365
Feedback: 0.37665
Received=	-0.14466
Feedback: 0.42064
Received=	-0.0025688
Feedback: 0.26819
Received=	0.028545
Feedback: 0.23481
Received=	-0.19568
Feedback: 0.47539
Received=	-0.5288
Feedback: 0.83282
Received=	-0.49317
Feedback: 0.79459
Received=	-0.24919
Feedback: 0.53281
Received=	-0.286
Feedback: 0.5723
Received=	-0.22636
Feedback: 0.50831
Received=	-0.36446
Feedback: 0.65649
Received=	-0.4843
Feedback: 0.78507
Received=	-0.43055
Feedback: 0.7274
Received=	-0.33141
Feedback: 0.62103
Received=	-0.39726
Feedback: 0.69168
Received=	-0.36705
Feedback: 0.65926
Received=	-0.30567
Feedback: 0.59341
Received=	-0.40526
Feedback: 0.70027
Received=	-0.42346
Feedback: 0.71979
Received=	-0.63438
Feedback: 0.9
Received=	-0.38765
Feedback: 0.68137
Received=	-0.18412
Feedback: 0.46299
Received=	-0.24508
Feedback: 0.5284
Received=	-0.27933
Feedback: 0.56515
Received=	-0.26117
Feedback: 0.54566
Received=	-0.20923
Feedback: 0.48993
Received=	-0.30682
Feedback: 0.59464
Received=	-0.30289
Feedback: 0.59043
Received=	-0.19308
Feedback: 0.47261
Received=	-0.43837
Feedback: 0.73579
Received=	-0.44031
Feedback: 0.73788
Received=	-0.38572
Feedback: 0.67929
Received=	-0.35304
Feedback: 0.64423
Received=	-0.35487
Feedback: 0.6462
Received=	-0.48693
Feedback: 0.78789
Received=	-0.66131
Feedback: 0.9
Received=	-0.60313
Feedback: 0.9
Received=	-0.48118
Feedback: 0.78173
Received=	-0.40629
Feedback: 0.70137
Received=	-0.45974
Feedback: 0.75872
Received=	-0.51333
Feedback: 0.81622
Received=	-0.35191
Feedback: 0.64302
Received=	-0.28941
Feedback: 0.57596
Received=	-0.6432
Feedback: 0.9
Received=	-0.77495
Feedback: 0.9
Received=	-0.57318
Feedback: 0.88043
Calculated range:	[(-2.000000) - (2.000000)]
Success index = (-0.580449)
Received=	-0.56778
=====  12:9:14 - BASE  ============
Feedback: 0.66
Received=	-0.55443
Feedback: 0.66
Received=	-0.31999
Feedback: 0.66
Received=	-0.056225
Feedback: 0.66
Received=	-0.031972
Feedback: 0.66
Received=	-0.32544
Feedback: 0.66
Received=	-0.36577
Feedback: 0.66
Received=	-0.40335
Feedback: 0.66
Received=	-0.27871
Feedback: 0.66
Received=	-0.23903
Feedback: 0.66
Received=	-0.34439
Feedback: 0.66
Received=	-0.36173
Feedback: 0.66
Received=	-0.30871
Feedback: 0.66
Received=	-0.1149
Feedback: 0.66
Received=	-0.34329
Feedback: 0.66
Received=	-0.6633
Feedback: 0.66
Received=	-0.66101
Feedback: 0.66
Received=	-0.59066
Feedback: 0.66
Received=	-0.40547
Feedback: 0.66
Received=	-0.47391
Feedback: 0.66
Received=	-0.56197
=====  12:10:14 - NF  ============
Feedback: 0.7391
Received=	-0.42897
Feedback: 0.58956
Received=	-0.30231
Feedback: 0.44714
Received=	-0.27755
Feedback: 0.4193
Received=	-0.29115
Feedback: 0.43459
Received=	-0.40874
Feedback: 0.56681
Received=	-0.40932
Feedback: 0.56746
Received=	-0.3366
Feedback: 0.4857
Received=	-0.24983
Feedback: 0.38813
Received=	-0.24993
Feedback: 0.38824
Received=	-0.41478
Feedback: 0.5736
Received=	-0.68837
Feedback: 0.88123
Received=	-0.594
Feedback: 0.77511
Received=	-0.59506
Feedback: 0.7763
Received=	-0.39847
Feedback: 0.55526
Received=	-0.47603
Feedback: 0.64247
Received=	-0.46111
Feedback: 0.62569
Received=	-0.5562
Feedback: 0.73262
Received=	-0.42879
Feedback: 0.58935
Received=	-0.45121
Feedback: 0.61456
Received=	-0.51497
Feedback: 0.68625
Received=	-0.46614
Feedback: 0.63135
Received=	-0.36607
Feedback: 0.51883
Received=	-0.41189
Feedback: 0.57035
Received=	-0.42531
Feedback: 0.58544
Received=	-0.64329
Feedback: 0.83053
Received=	-0.61305
Feedback: 0.79654
Received=	-0.56411
Feedback: 0.7415
Received=	-0.37229
Feedback: 0.52582
Received=	-0.50204
Feedback: 0.67172
Received=	-0.48047
Feedback: 0.64746
Received=	-0.38128
Feedback: 0.53593
Received=	-0.78226
Feedback: 0.9
Received=	-0.71984
Feedback: 0.9
Received=	-0.31767
Feedback: 0.4644
Received=	-0.091661
Feedback: 0.21028
Received=	-0.22132
Feedback: 0.35607
Received=	-0.36201
Feedback: 0.51427
Received=	-0.33562
Feedback: 0.48459
Received=	-0.36361
Feedback: 0.51606
Received=	-0.46374
Feedback: 0.62865
Received=	-0.48806
Feedback: 0.656
Received=	-0.41488
Feedback: 0.57371
Received=	-0.41245
Feedback: 0.57098
Received=	-0.52293
Feedback: 0.6952
Received=	-0.62137
Feedback: 0.80589
Received=	-0.70192
Feedback: 0.89646
Received=	-0.70552
Feedback: 0.9
Received=	-0.68631
Feedback: 0.87891
Received=	-0.65268
Feedback: 0.8411
Received=	-0.48925
Feedback: 0.65733
Received=	-0.44871
Feedback: 0.61175
Received=	-0.23428
Feedback: 0.37065
Received=	-0.48747
Feedback: 0.65533
Received=	-0.46602
Feedback: 0.63121
Received=	-0.41904
Feedback: 0.57838
Received=	-0.28133
Feedback: 0.42354
Received=	-0.22423
Feedback: 0.35935
Received=	-0.13005
Feedback: 0.25345
Received=	-0.54507
Feedback: 0.7201
Calculated range:	[(-2.000000) - (2.000000)]
Success index = (-0.635062)
Received=	-0.74291
=====  12:13:14 - BASE  ============
Feedback: 0.66
Received=	-0.46838
Feedback: 0.66
Received=	-0.23524
Feedback: 0.66
Received=	-0.16275
Feedback: 0.66
Received=	0.089254
Feedback: 0.66
Received=	-0.24892
Feedback: 0.66
Received=	-0.40445
Feedback: 0.66
Received=	-0.56017
Feedback: 0.66
Received=	-0.19013
Feedback: 0.66
Received=	-0.4943
Feedback: 0.66
Received=	-0.65869
Feedback: 0.66
Received=	-0.44331
Feedback: 0.66
Received=	-0.3886
Feedback: 0.66
Received=	-0.51383
Feedback: 0.66
Received=	-0.47866
Feedback: 0.66
Received=	-0.62682
Feedback: 0.66
Received=	-0.5691
Feedback: 0.66
Received=	-0.44261
Feedback: 0.66
Received=	-0.51391
Feedback: 0.66
Received=	-0.54158
Feedback: 0.66
Received=	-0.46239
=====  12:14:14 - NF  ============
Feedback: 0.55441
Received=	-0.48539
Feedback: 0.5784
Received=	-0.68462
Feedback: 0.78616
Received=	-0.58898
Feedback: 0.68642
Received=	-0.38427
Feedback: 0.47295
Received=	-0.27942
Feedback: 0.3636
Received=	-0.21222
Feedback: 0.29353
Received=	-0.46138
Feedback: 0.55336
Received=	-0.33166
Feedback: 0.41809
Received=	-0.41997
Feedback: 0.51017
Received=	-0.6073
Feedback: 0.70553
Received=	-0.63673
Feedback: 0.73621
Received=	-0.38653
Feedback: 0.47531
Received=	-0.27703
Feedback: 0.36111
Received=	-0.3792
Feedback: 0.46766
Received=	-0.47359
Feedback: 0.56609
Received=	-0.54218
Feedback: 0.63762
Received=	-0.42857
Feedback: 0.51915
Received=	-0.38229
Feedback: 0.47089
Received=	-0.5167
Feedback: 0.61105
Received=	-0.45022
Feedback: 0.54172
Received=	-0.4181
Feedback: 0.50822
Received=	-0.41766
Feedback: 0.50777
Received=	-0.60461
Feedback: 0.70272
Received=	-0.61959
Feedback: 0.71835
Received=	-0.72491
Feedback: 0.82817
Received=	-0.6458
Feedback: 0.74567
Received=	-0.65209
Feedback: 0.75223
Received=	-0.68033
Feedback: 0.78168
Received=	-0.76394
Feedback: 0.86887
Received=	-0.64635
Feedback: 0.74625
Received=	-0.59905
Feedback: 0.69693
Received=	-0.53669
Feedback: 0.63189
Received=	-0.3201
Feedback: 0.40603
Received=	-0.49092
Feedback: 0.58416
Received=	-0.64054
Feedback: 0.74019
Received=	-0.52882
Feedback: 0.62369
Received=	-0.53962
Feedback: 0.63495
Received=	-0.53011
Feedback: 0.62503
Received=	-0.45454
Feedback: 0.54622
Received=	-0.45285
Feedback: 0.54446
Received=	-0.29386
Feedback: 0.37866
Received=	-0.67444
Feedback: 0.77553
Received=	-0.7043
Feedback: 0.80668
Received=	-0.71883
Feedback: 0.82183
Received=	-0.71795
Feedback: 0.82091
Received=	-0.70548
Feedback: 0.80791
Received=	-0.71436
Feedback: 0.81717
Received=	-0.39914
Feedback: 0.48846
Received=	-0.33642
Feedback: 0.42305
Received=	-0.48721
Feedback: 0.58029
Received=	-0.42876
Feedback: 0.51935
Received=	-0.24722
Feedback: 0.33003
Received=	-0.24212
Feedback: 0.32471
Received=	-0.30715
Feedback: 0.39252
Received=	-0.30435
Feedback: 0.3896
Received=	-0.29616
Feedback: 0.38106
Received=	-0.55806
Feedback: 0.65418
Received=	-0.68534
Feedback: 0.7869
Received=	-0.88322
Feedback: 0.9
Calculated range:	[(-2.000000) - (2.000000)]
Success index = (-0.580524)
Received=	-0.75329
=====  12:17:14 - BASE  ============
Feedback: 0.66
Received=	-0.45237
Feedback: 0.66
Received=	-0.31893
Feedback: 0.66
Received=	-0.11416
Feedback: 0.66
Received=	-0.056588
Feedback: 0.66
Received=	-0.29381
Feedback: 0.66
Received=	-0.45407
Feedback: 0.66
Received=	-0.43543
Feedback: 0.66
Received=	-0.42295
Feedback: 0.66
Received=	-0.26647
Feedback: 0.66
Received=	-0.53136
Feedback: 0.66
Received=	-0.58264
Feedback: 0.66
Received=	-0.7722
Feedback: 0.66
Received=	-0.77812
Feedback: 0.66
Received=	-0.83489
Feedback: 0.66
Received=	-0.67754
Feedback: 0.66
Received=	-0.63841
Feedback: 0.66
Received=	-0.57742
Feedback: 0.66
Received=	-0.43522
Feedback: 0.66
Received=	-0.47041
Feedback: 0.66
Received=	-0.59133
=====  12:18:14 - NF  ============
Feedback: 0.60069
Received=	-0.42384
Feedback: 0.44764
Received=	-0.39523
Feedback: 0.42149
Received=	-0.53021
Feedback: 0.54483
Received=	-0.38091
Feedback: 0.4084
Received=	-0.51391
Feedback: 0.52994
Received=	-0.827
Feedback: 0.81605
Received=	-0.83246
Feedback: 0.82104
Received=	-0.5936
Feedback: 0.60277
Received=	-0.65027
Feedback: 0.65455
Received=	-0.73437
Feedback: 0.7314
Received=	-0.65464
Feedback: 0.65854
Received=	-0.47019
Feedback: 0.48999
Received=	-0.48587
Feedback: 0.50431
Received=	-0.78729
Feedback: 0.77976
Received=	-0.73387
Feedback: 0.73095
Received=	-0.45701
Feedback: 0.47794
Received=	-0.61831
Feedback: 0.62534
Received=	-0.69889
Feedback: 0.69898
Received=	-0.7646
Feedback: 0.75902
Received=	-0.7028
Feedback: 0.70255
Received=	-0.73134
Feedback: 0.72863
Received=	-0.5947
Feedback: 0.60377
Received=	-0.45169
Feedback: 0.47309
Received=	-0.43923
Feedback: 0.4617
Received=	-0.59508
Feedback: 0.60412
Received=	-0.75121
Feedback: 0.74679
Received=	-0.94203
Feedback: 0.9
Received=	-0.58586
Feedback: 0.59569
Received=	-0.61223
Feedback: 0.61979
Received=	-0.56602
Feedback: 0.57756
Received=	-0.49762
Feedback: 0.51505
Received=	-0.59577
Feedback: 0.60475
Received=	-0.53447
Feedback: 0.54872
Received=	-0.1867
Feedback: 0.23093
Received=	-0.20246
Feedback: 0.24533
Received=	-0.28413
Feedback: 0.31996
Received=	-0.32661
Feedback: 0.35878
Received=	-0.49382
Feedback: 0.51158
Received=	-0.25462
Feedback: 0.29299
Received=	-0.23633
Feedback: 0.27628
Received=	-0.27701
Feedback: 0.31346
Received=	-0.39562
Feedback: 0.42184
Received=	-0.39423
Feedback: 0.42058
Received=	-0.43503
Feedback: 0.45786
Received=	-0.099518
Feedback: 0.15126
Received=	-0.24165
Feedback: 0.28114
Received=	-0.43759
Feedback: 0.4602
Received=	-0.44357
Feedback: 0.46566
Received=	-0.33415
Feedback: 0.36567
Received=	-0.19429
Feedback: 0.23786
Received=	-0.19644
Feedback: 0.23983
Received=	-0.25932
Feedback: 0.29729
Received=	-0.38717
Feedback: 0.41412
Received=	-0.4978
Feedback: 0.51522
Received=	-0.32233
Feedback: 0.35487
Received=	-0.29993
Feedback: 0.3344
Received=	-0.46998
Feedback: 0.48979
Received=	-0.56509
Feedback: 0.57671
Received=	-0.56525
Feedback: 0.57686
Calculated range:	[(-2.000000) - (2.000000)]
Success index = (-0.057486)
Received=	-0.44584
=====  12:21:14 - BASE  ============
Feedback: 0.66
Received=	-0.39144
Feedback: 0.66
Received=	-0.18845
Feedback: 0.66
Received=	-0.28163
Feedback: 0.66
Received=	-0.51654
Feedback: 0.66
Received=	-0.52707
Feedback: 0.66
Received=	-0.44075
Feedback: 0.66
Received=	-0.39847
Feedback: 0.66
Received=	-0.56005
Feedback: 0.66
Received=	-0.51511
Feedback: 0.66
Received=	-0.48029
Feedback: 0.66
Received=	-0.33845
Feedback: 0.66
Received=	-0.41918
Feedback: 0.66
Received=	-0.55846
Feedback: 0.66
Received=	-0.48747
Feedback: 0.66
Received=	-0.51649
Feedback: 0.66
Received=	-0.57158
Feedback: 0.66
Received=	-0.42157
Feedback: 0.66
Received=	-0.46146
Feedback: 0.66
Received=	-0.26485
Feedback: 0.66
Received=	-0.0069445
=====  12:22:14 - NF  ============
Feedback: 0.1
Received=	-0.27883
Feedback: 0.20497
Received=	-0.58111
Feedback: 0.75306
Received=	-0.50747
Feedback: 0.61953
Received=	-0.52314
Feedback: 0.64795
Received=	-0.44715
Feedback: 0.51016
Received=	-0.31875
Feedback: 0.27734
Received=	-0.41296
Feedback: 0.44817
Received=	-0.50771
Feedback: 0.61996
Received=	-0.61381
Feedback: 0.81235
Received=	-0.88019
Feedback: 0.9
Received=	-0.79465
Feedback: 0.9
Received=	-0.78745
Feedback: 0.9
Received=	-0.75883
Feedback: 0.9
Received=	-0.66403
Feedback: 0.9
Received=	-0.60322
Feedback: 0.79314
Received=	-0.45303
Feedback: 0.52082
Received=	-0.46879
Feedback: 0.5494
Received=	-0.25424
Feedback: 0.16037
Received=	-0.14735
Feedback: 0.1
Received=	-0.34844
Feedback: 0.33117
Received=	-0.70505
Feedback: 0.9
Received=	-0.56957
Feedback: 0.73213
Received=	-0.28558
Feedback: 0.21719
Received=	-0.42814
Feedback: 0.47569
Received=	-0.73864
Feedback: 0.9
Received=	-0.98266
Feedback: 0.9
Received=	-0.64301
Feedback: 0.86528
Received=	-0.24242
Feedback: 0.13893
Received=	-0.26172
Feedback: 0.17394
Received=	-0.40663
Feedback: 0.43668
Received=	-0.42143
Feedback: 0.46352
Received=	-0.48175
Feedback: 0.57289
Received=	-0.4704
Feedback: 0.55232
Received=	-0.61063
Feedback: 0.80658
Received=	-0.49568
Feedback: 0.59816
Received=	-0.34114
Feedback: 0.31793
Received=	-0.31409
Feedback: 0.2689
Received=	-0.40215
Feedback: 0.42856
Received=	-0.24953
Feedback: 0.15184
Received=	-0.24719
Feedback: 0.14759
Received=	-0.2092
Feedback: 0.1
Received=	-0.43545
Feedback: 0.48894
Received=	-0.40147
Feedback: 0.42733
Received=	-0.22917
Feedback: 0.11492
Received=	-0.35048
Feedback: 0.33488
Received=	-0.72192
Feedback: 0.9
Received=	-0.69221
Feedback: 0.9
Received=	-0.57633
Feedback: 0.74439
Received=	-0.58373
Feedback: 0.7578
Received=	-0.50229
Feedback: 0.61014
Received=	-0.48013
Feedback: 0.56996
Received=	-0.55897
Feedback: 0.7129
Received=	-0.56237
Feedback: 0.71908
Received=	-0.49807
Feedback: 0.60248
Received=	-0.49185
Feedback: 0.5912
Received=	-0.54453
Feedback: 0.68673
Received=	-0.57421
Feedback: 0.74054
Received=	-0.54646
Feedback: 0.69023
Received=	-0.47303
Feedback: 0.55709
Calculated range:	[(-2.000000) - (2.000000)]
Success index = (-0.256731)
closing...
