Direction=-1.000000	; step=1.000000;
Received=	0
Feedback: 0.66
Received=	0
Feedback: 0.66
Received=	0
Feedback: 0.66
Received=	-0.086558
Feedback: 0.66
Received=	-0.10256
Feedback: 0.66
Received=	0.33383
Feedback: 0.66
Received=	0.22813
Feedback: 0.66
Received=	0.12008
Feedback: 0.66
Received=	-0.063231
Feedback: 0.66
Received=	-0.12971
Feedback: 0.66
Received=	0.39245
Feedback: 0.66
Received=	0.39653
Feedback: 0.66
Received=	0.32921
Feedback: 0.66
Received=	-0.061484
Feedback: 0.66
Received=	-0.31524
Feedback: 0.66
Received=	0.15237
Feedback: 0.66
Received=	0.38168
Feedback: 0.66
Received=	0.16329
Feedback: 0.66
Received=	-0.11837
Feedback: 0.66
Received=	-0.28197
Feedback: 0.66
Received=	-0.35046
=====  11:26:20 - NF  ============
Feedback: 0.86344
Received=	-0.066345
Feedback: 0.62037
Received=	0.060304
Feedback: 0.51202
Received=	0.062891
Feedback: 0.50981
Received=	-0.090236
Feedback: 0.64081
Received=	-0.13473
Feedback: 0.67888
Received=	-0.37809
Feedback: 0.88707
Received=	-0.4572
Feedback: 0.9
Received=	-0.40138
Feedback: 0.9
Received=	-0.2918
Feedback: 0.81326
Received=	-0.13527
Feedback: 0.67934
Received=	-0.21728
Feedback: 0.7495
Received=	-0.15401
Feedback: 0.69537
Received=	-0.26185
Feedback: 0.78763
Received=	-0.37962
Feedback: 0.88838
Received=	-0.42453
Feedback: 0.9
Received=	-0.33362
Feedback: 0.84903
Received=	-0.27456
Feedback: 0.79851
Received=	-0.081959
Feedback: 0.63373
Received=	-0.11143
Feedback: 0.65895
Received=	0.0057888
Feedback: 0.55866
Received=	0.023802
Feedback: 0.54325
Received=	0.42063
Feedback: 0.20376
Received=	-0.077347
Feedback: 0.62979
Received=	-0.5444
Feedback: 0.9
Received=	-0.40501
Feedback: 0.9
Received=	-0.20506
Feedback: 0.73905
Received=	-0.30773
Feedback: 0.82688
Received=	-0.096482
Feedback: 0.64616
Received=	0.0049407
Feedback: 0.55939
Received=	-0.30632
Feedback: 0.82567
Received=	-0.11596
Feedback: 0.66282
Received=	-0.25364
Feedback: 0.78061
Received=	-0.098132
Feedback: 0.64757
Received=	0.044081
Feedback: 0.5259
Received=	-0.22608
Feedback: 0.75703
Received=	-0.09187
Feedback: 0.64221
Received=	-0.24111
Feedback: 0.76989
Received=	-0.34945
Feedback: 0.86257
Received=	-0.3081
Feedback: 0.8272
Received=	-0.0931
Feedback: 0.64326
Received=	0.082139
Feedback: 0.49334
Received=	-0.36895
Feedback: 0.87926
Received=	-0.41799
Feedback: 0.9
Received=	-0.39356
Feedback: 0.9
Received=	-0.33847
Feedback: 0.85318
Received=	-0.24598
Feedback: 0.77406
Received=	0.093883
Feedback: 0.4833
Received=	0.098271
Feedback: 0.47954
Received=	0.020028
Feedback: 0.54648
Received=	0.35825
Feedback: 0.25713
Received=	-0.11958
Feedback: 0.66592
Received=	-0.094529
Feedback: 0.64449
Received=	-0.18196
Feedback: 0.71928
Received=	-0.27205
Feedback: 0.79636
Received=	-0.18535
Feedback: 0.72218
Received=	0.082736
Feedback: 0.49283
Received=	0.025381
Feedback: 0.5419
Received=	0.1572
Feedback: 0.42913
Received=	-0.19622
Feedback: 0.73149
Calculated range:	[(-2.137728) - (1.862272)]
Success index = (-1.137728)
Received=	-0.29062
=====  11:29:20 - BASE  ============
Feedback: 0.66
Received=	-0.048008
Feedback: 0.66
Received=	-0.023119
Feedback: 0.66
Received=	-0.12129
Feedback: 0.66
Received=	-0.078049
Feedback: 0.66
Received=	-0.38822
Feedback: 0.66
Received=	-0.098601
Feedback: 0.66
Received=	0.031536
Feedback: 0.66
Received=	-0.10186
Feedback: 0.66
Received=	-0.041918
Feedback: 0.66
Received=	0.23018
Feedback: 0.66
Received=	0.041302
Feedback: 0.66
Received=	-0.34728
Feedback: 0.66
Received=	-0.32962
Feedback: 0.66
Received=	0.043582
Feedback: 0.66
Received=	0.24734
Feedback: 0.66
Received=	0.51752
Feedback: 0.66
Received=	0.51127
Feedback: 0.66
Received=	0.39405
Feedback: 0.66
Received=	0.00055905
Feedback: 0.66
Received=	-0.18591
=====  11:30:20 - NF  ============
Feedback: 0.63191
Received=	-0.078685
Feedback: 0.55163
Received=	-0.21471
Feedback: 0.65347
Received=	-0.093739
Feedback: 0.5629
Received=	-0.020598
Feedback: 0.50815
Received=	-0.37137
Feedback: 0.77076
Received=	-0.47219
Feedback: 0.84624
Received=	-0.42901
Feedback: 0.81391
Received=	-0.29264
Feedback: 0.71181
Received=	-0.23578
Feedback: 0.66924
Received=	-0.28365
Feedback: 0.70508
Received=	-0.28693
Feedback: 0.70754
Received=	-0.34737
Feedback: 0.75279
Received=	-0.38116
Feedback: 0.77808
Received=	-0.42271
Feedback: 0.80919
Received=	-0.10695
Feedback: 0.57279
Received=	-0.071513
Feedback: 0.54626
Received=	-0.14039
Feedback: 0.59783
Received=	-0.063607
Feedback: 0.54035
Received=	0.033266
Feedback: 0.46782
Received=	0.023307
Feedback: 0.47528
Received=	-0.10203
Feedback: 0.56911
Received=	-0.19341
Feedback: 0.63753
Received=	-0.18873
Feedback: 0.63402
Received=	-0.39529
Feedback: 0.78866
Received=	-0.27937
Feedback: 0.70188
Received=	-0.18435
Feedback: 0.63074
Received=	-0.0074737
Feedback: 0.49832
Received=	-0.19942
Feedback: 0.64202
Received=	-0.42953
Feedback: 0.81429
Received=	-0.15793
Feedback: 0.61096
Received=	-0.35145
Feedback: 0.75584
Received=	-0.47797
Feedback: 0.85057
Received=	-0.28341
Feedback: 0.70491
Received=	-0.31126
Feedback: 0.72575
Received=	-0.37228
Feedback: 0.77143
Received=	-0.32518
Feedback: 0.73617
Received=	-0.18485
Feedback: 0.63112
Received=	-0.069136
Feedback: 0.54448
Received=	-0.047642
Feedback: 0.52839
Received=	0.28457
Feedback: 0.27968
Received=	0.43654
Feedback: 0.16591
Received=	0.12824
Feedback: 0.39672
Received=	0.20507
Feedback: 0.3392
Received=	0.4351
Feedback: 0.16698
Received=	0.09326
Feedback: 0.42291
Received=	0.064362
Feedback: 0.44454
Received=	0.40443
Feedback: 0.18995
Received=	0.22854
Feedback: 0.32163
Received=	-0.36682
Feedback: 0.76735
Received=	-0.17143
Feedback: 0.62107
Received=	-0.12409
Feedback: 0.58563
Received=	-0.12346
Feedback: 0.58515
Received=	0.11223
Feedback: 0.4087
Received=	-0.053942
Feedback: 0.53311
Received=	-0.059775
Feedback: 0.53748
Received=	0.14383
Feedback: 0.38504
Received=	-0.011975
Feedback: 0.50169
Received=	0.029824
Feedback: 0.4704
Received=	0.046351
Feedback: 0.45802
Calculated range:	[(-2.000000) - (2.000000)]
Success index = (-0.637218)
Received=	0.31747
=====  11:33:20 - BASE  ============
Feedback: 0.66
Received=	0.37601
Feedback: 0.66
Received=	0.26369
Feedback: 0.66
Received=	-0.026033
Feedback: 0.66
Received=	0.11403
Feedback: 0.66
Received=	0.13374
Feedback: 0.66
Received=	0.16079
Feedback: 0.66
Received=	-0.097184
Feedback: 0.66
Received=	0.041618
Feedback: 0.66
Received=	0.40489
Feedback: 0.66
Received=	0.21313
Feedback: 0.66
Received=	-0.15749
Feedback: 0.66
Received=	0.056281
Feedback: 0.66
Received=	0.33355
Feedback: 0.66
Received=	-0.071011
Feedback: 0.66
Received=	-0.00070289
Feedback: 0.66
Received=	0.099117
Feedback: 0.66
Received=	0.40087
Feedback: 0.66
Received=	0.13729
Feedback: 0.66
Received=	-0.029612
Feedback: 0.66
Received=	-0.060498
=====  11:34:20 - NF  ============
Feedback: 0.706
Received=	0.088487
Feedback: 0.52581
Received=	0.26946
Feedback: 0.30693
Received=	0.15636
Feedback: 0.44373
Received=	-0.2625
Feedback: 0.9
Received=	-0.39609
Feedback: 0.9
Received=	-0.11649
Feedback: 0.77372
Received=	0.22185
Feedback: 0.36452
Received=	0.076567
Feedback: 0.54023
Received=	0.021239
Feedback: 0.60715
Received=	-0.054505
Feedback: 0.69876
Received=	-0.050349
Feedback: 0.69373
Received=	-0.19959
Feedback: 0.87423
Received=	-0.16181
Feedback: 0.82853
Received=	-0.29345
Feedback: 0.9
Received=	-0.34146
Feedback: 0.9
Received=	-0.10551
Feedback: 0.76044
Received=	-0.093661
Feedback: 0.74611
Received=	-0.53534
Feedback: 0.9
Received=	-0.50039
Feedback: 0.9
Received=	-0.42666
Feedback: 0.9
Received=	-0.2086
Feedback: 0.88512
Received=	0.13312
Feedback: 0.47183
Received=	0.085013
Feedback: 0.53002
Received=	-0.22133
Feedback: 0.9
Received=	-0.34283
Feedback: 0.9
Received=	-0.1248
Feedback: 0.78377
Received=	0.029272
Feedback: 0.59743
Received=	0.19576
Feedback: 0.39607
Received=	0.75926
Feedback: 0.1
Received=	0.40786
Feedback: 0.13955
Received=	-0.12091
Feedback: 0.77907
Received=	-0.39273
Feedback: 0.9
Received=	-0.25159
Feedback: 0.9
Received=	0.058798
Feedback: 0.56172
Received=	-0.094332
Feedback: 0.74692
Received=	-0.06715
Feedback: 0.71405
Received=	-0.21062
Feedback: 0.88757
Received=	-0.19192
Feedback: 0.86495
Received=	0.0087
Feedback: 0.62231
Received=	0.17452
Feedback: 0.42176
Received=	0.25699
Feedback: 0.32201
Received=	-0.078185
Feedback: 0.72739
Received=	-0.11298
Feedback: 0.76948
Received=	-0.075091
Feedback: 0.72365
Received=	-0.018164
Feedback: 0.6548
Received=	-0.038468
Feedback: 0.67936
Received=	-0.027099
Feedback: 0.66561
Received=	0.072305
Feedback: 0.54539
Received=	0.11793
Feedback: 0.4902
Received=	-0.15685
Feedback: 0.82254
Received=	-0.0014045
Feedback: 0.63453
Received=	0.34282
Feedback: 0.21821
Received=	-0.17011
Feedback: 0.83858
Received=	-0.47048
Feedback: 0.9
Received=	-0.45931
Feedback: 0.9
Received=	-0.29303
Feedback: 0.9
Received=	-0.20791
Feedback: 0.88429
Received=	-0.21006
Feedback: 0.88689
Received=	-0.49128
Feedback: 0.9
Calculated range:	[(-2.000000) - (2.000000)]
Success index = (-0.868670)
Received=	-0.49972
=====  11:37:20 - BASE  ============
Feedback: 0.66
Received=	-0.29308
Feedback: 0.66
Received=	0.071669
Feedback: 0.66
Received=	0.13549
Feedback: 0.66
Received=	0.16113
Feedback: 0.66
Received=	0.38849
Feedback: 0.66
Received=	0.61758
Feedback: 0.66
Received=	0.58468
Feedback: 0.66
Received=	0.41995
Feedback: 0.66
Received=	0.287
Feedback: 0.66
Received=	0.012474
Feedback: 0.66
Received=	-0.27941
Feedback: 0.66
Received=	-0.25342
Feedback: 0.66
Received=	-0.1569
Feedback: 0.66
Received=	-0.1699
Feedback: 0.66
Received=	-0.14885
Feedback: 0.66
Received=	-0.29612
Feedback: 0.66
Received=	0.34086
Feedback: 0.66
Received=	0.6478
Feedback: 0.66
Received=	0.62527
Feedback: 0.66
Received=	0.45809
=====  11:38:20 - NF  ============
Feedback: 0.32612
Received=	0.7485
Feedback: 0.15324
Received=	0.31819
Feedback: 0.4094
Received=	-0.057656
Feedback: 0.63313
Received=	-0.3722
Feedback: 0.82037
Received=	-0.57134
Feedback: 0.9
Received=	-0.3599
Feedback: 0.81305
Received=	-0.26077
Feedback: 0.75404
Received=	-0.52865
Feedback: 0.9
Received=	-0.6453
Feedback: 0.9
Received=	-0.56288
Feedback: 0.9
Received=	-0.50983
Feedback: 0.9
Received=	-0.12728
Feedback: 0.67457
Received=	0.20938
Feedback: 0.47417
Received=	-0.12924
Feedback: 0.67574
Received=	-0.11806
Feedback: 0.66909
Received=	-0.27413
Feedback: 0.76199
Received=	-0.4272
Feedback: 0.85311
Received=	-0.20357
Feedback: 0.71999
Received=	-0.39536
Feedback: 0.83416
Received=	-0.37821
Feedback: 0.82395
Received=	-0.34517
Feedback: 0.80428
Received=	-0.3418
Feedback: 0.80227
Received=	-0.20698
Feedback: 0.72202
Received=	-0.25052
Feedback: 0.74794
Received=	-0.14942
Feedback: 0.68776
Received=	0.092441
Feedback: 0.54378
Received=	0.085945
Feedback: 0.54765
Received=	0.055199
Feedback: 0.56595
Received=	0.043459
Feedback: 0.57294
Received=	-0.38218
Feedback: 0.82631
Received=	-0.14812
Feedback: 0.68698
Received=	-0.029257
Feedback: 0.61622
Received=	-0.023167
Feedback: 0.6126
Received=	-0.226
Feedback: 0.73334
Received=	-0.30106
Feedback: 0.77802
Received=	-0.34629
Feedback: 0.80494
Received=	-0.52841
Feedback: 0.9
Received=	-0.46076
Feedback: 0.87309
Received=	-0.29163
Feedback: 0.77241
Received=	0.019509
Feedback: 0.5872
Received=	0.14779
Feedback: 0.51083
Received=	0.12874
Feedback: 0.52217
Received=	-0.41858
Feedback: 0.84798
Received=	-0.39422
Feedback: 0.83348
Received=	-0.3579
Feedback: 0.81186
Received=	-0.34832
Feedback: 0.80615
Received=	-0.44231
Feedback: 0.8621
Received=	-0.62623
Feedback: 0.9
Received=	-0.29527
Feedback: 0.77458
Received=	-0.24062
Feedback: 0.74205
Received=	-0.038062
Feedback: 0.62147
Received=	0.052465
Feedback: 0.56758
Received=	0.06746
Feedback: 0.55865
Received=	-0.23251
Feedback: 0.73721
Received=	-0.38669
Feedback: 0.82899
Received=	-0.54441
Feedback: 0.9
Received=	-0.20548
Feedback: 0.72112
Received=	-0.39791
Feedback: 0.83568
Received=	-0.44289
Feedback: 0.86245
Calculated range:	[(-2.327118) - (1.672882)]
Success index = (-1.327118)
Received=	-0.083437
=====  11:41:20 - BASE  ============
Feedback: 0.66
Received=	0.10157
Feedback: 0.66
Received=	0.18229
Feedback: 0.66
Received=	0.10354
Feedback: 0.66
Received=	0.32352
Feedback: 0.66
Received=	0.36871
Feedback: 0.66
Received=	-0.064277
Feedback: 0.66
Received=	-0.25947
Feedback: 0.66
Received=	-0.14231
Feedback: 0.66
Received=	0.21416
Feedback: 0.66
Received=	0.33024
Feedback: 0.66
Received=	0.49899
Feedback: 0.66
Received=	0.16208
Feedback: 0.66
Received=	-0.39859
Feedback: 0.66
Received=	-0.25933
Feedback: 0.66
Received=	-0.041211
Feedback: 0.66
Received=	0.1033
Feedback: 0.66
Received=	0.12565
Feedback: 0.66
Received=	-0.041603
Feedback: 0.66
Received=	0.048579
Feedback: 0.66
Received=	-0.065465
=====  11:42:20 - NF  ============
Feedback: 0.5473
Received=	0.028397
Feedback: 0.46901
Received=	0.077635
Feedback: 0.42794
Received=	0.3569
Feedback: 0.19501
Received=	0.16266
Feedback: 0.35702
Received=	-0.026703
Feedback: 0.51497
Received=	0.11301
Feedback: 0.39843
Received=	0.0056354
Feedback: 0.488
Received=	-0.13986
Feedback: 0.60936
Received=	-0.14915
Feedback: 0.6171
Received=	0.091054
Feedback: 0.41675
Received=	0.21719
Feedback: 0.31154
Received=	0.10617
Feedback: 0.40414
Received=	-0.087647
Feedback: 0.5658
Received=	-0.058416
Feedback: 0.54142
Received=	-0.3814
Feedback: 0.81082
Received=	-0.11989
Feedback: 0.5927
Received=	0.0080962
Feedback: 0.48594
Received=	0.18638
Feedback: 0.33724
Received=	-0.18346
Feedback: 0.64572
Received=	-0.27487
Feedback: 0.72197
Received=	-0.31093
Feedback: 0.75204
Received=	-0.27504
Feedback: 0.72211
Received=	-0.35857
Feedback: 0.79178
Received=	0.011708
Feedback: 0.48293
Received=	-0.079566
Feedback: 0.55906
Received=	-0.27201
Feedback: 0.71958
Received=	-0.23594
Feedback: 0.68949
Received=	-0.10277
Feedback: 0.57842
Received=	-0.16076
Feedback: 0.62679
Received=	-0.26605
Feedback: 0.71461
Received=	-0.040223
Feedback: 0.52625
Received=	0.048947
Feedback: 0.45187
Received=	0.12982
Feedback: 0.38442
Received=	-0.09538
Feedback: 0.57225
Received=	-0.002881
Feedback: 0.4951
Received=	-0.10817
Feedback: 0.58292
Received=	-0.22687
Feedback: 0.68193
Received=	0.1813
Feedback: 0.34148
Received=	0.27875
Feedback: 0.26019
Received=	0.054444
Feedback: 0.44729
Received=	0.16425
Feedback: 0.3557
Received=	0.095586
Feedback: 0.41297
Received=	-0.43166
Feedback: 0.85274
Received=	-0.43912
Feedback: 0.85897
Received=	-0.17444
Feedback: 0.63819
Received=	-0.082769
Feedback: 0.56173
Received=	-0.36343
Feedback: 0.79583
Received=	-0.26527
Feedback: 0.71396
Received=	-0.057186
Feedback: 0.5404
Received=	0.066307
Feedback: 0.43739
Received=	0.18704
Feedback: 0.33669
Received=	0.11997
Feedback: 0.39263
Received=	-0.01206
Feedback: 0.50276
Received=	-0.025892
Feedback: 0.51429
Received=	-0.12166
Feedback: 0.59417
Received=	-0.1813
Feedback: 0.64392
Received=	0.041389
Feedback: 0.45817
Received=	0.13209
Feedback: 0.38252
Received=	-0.16673
Feedback: 0.63176
Calculated range:	[(-2.000000) - (2.000000)]
Success index = (-0.653037)
closing...
