Direction=-1.000000	; step=1.000000;
Received=	0
Feedback: 0.66
Received=	0
Feedback: 0.66
Received=	0
Feedback: 0.66
Received=	0.26827
Feedback: 0.66
Received=	-0.10024
Feedback: 0.66
Received=	-0.1252
Feedback: 0.66
Received=	0.20514
Feedback: 0.66
Received=	0.17435
Feedback: 0.66
Received=	0.0044657
Feedback: 0.66
Received=	0.028393
Feedback: 0.66
Received=	-0.10137
Feedback: 0.66
Received=	-0.064072
Feedback: 0.66
Received=	-0.026212
Feedback: 0.66
Received=	0.37469
Feedback: 0.66
Received=	0.18856
Feedback: 0.66
Received=	0.058258
Feedback: 0.66
Received=	-0.13658
Feedback: 0.66
Received=	-0.55389
Feedback: 0.66
Received=	-0.27182
Feedback: 0.66
Received=	0.15986
Feedback: 0.66
Received=	0.60113
=====  12:39:26 - NF  ============
Feedback: 0.1
Received=	0.35272
Feedback: 0.177
Received=	0.33187
Feedback: 0.19634
Received=	0.45329
Feedback: 0.1
Received=	0.62286
Feedback: 0.1
Received=	0.45425
Feedback: 0.1
Received=	0.072282
Feedback: 0.43719
Received=	0.18196
Feedback: 0.33543
Received=	0.5002
Feedback: 0.1
Received=	0.78827
Feedback: 0.1
Received=	0.56994
Feedback: 0.1
Received=	0.36981
Feedback: 0.16114
Received=	0.4397
Feedback: 0.1
Received=	0.042816
Feedback: 0.46453
Received=	-0.19632
Feedback: 0.68641
Received=	0.014508
Feedback: 0.4908
Received=	-0.00556
Feedback: 0.50942
Received=	0.09103
Feedback: 0.4198
Received=	0.13781
Feedback: 0.3764
Received=	0.13163
Feedback: 0.38213
Received=	-0.0084609
Feedback: 0.51211
Received=	-0.18474
Feedback: 0.67566
Received=	-0.21671
Feedback: 0.70532
Received=	-0.4807
Feedback: 0.9
Received=	-0.55205
Feedback: 0.9
Received=	-0.45011
Feedback: 0.9
Received=	-0.12637
Feedback: 0.6215
Received=	-0.42644
Feedback: 0.89991
Received=	-0.46781
Feedback: 0.9
Received=	-0.31228
Feedback: 0.794
Received=	-0.12979
Feedback: 0.62468
Received=	-0.12233
Feedback: 0.61776
Received=	0.16541
Feedback: 0.35079
Received=	0.35757
Feedback: 0.1725
Received=	0.24155
Feedback: 0.28014
Received=	-0.12087
Feedback: 0.61641
Received=	-0.37992
Feedback: 0.85675
Received=	-0.54188
Feedback: 0.9
Received=	-0.58729
Feedback: 0.9
Received=	-0.21625
Feedback: 0.70489
Received=	0.010126
Feedback: 0.49486
Received=	0.098767
Feedback: 0.41262
Received=	0.0097449
Feedback: 0.49522
Received=	0.35238
Feedback: 0.17731
Received=	0.41125
Feedback: 0.12269
Received=	0.23011
Feedback: 0.29076
Received=	0.24219
Feedback: 0.27955
Received=	0.27641
Feedback: 0.2478
Received=	-0.12976
Feedback: 0.62465
Received=	-0.19795
Feedback: 0.68792
Received=	-0.099203
Feedback: 0.5963
Received=	-0.034548
Feedback: 0.53631
Received=	-0.13794
Feedback: 0.63224
Received=	0.21421
Feedback: 0.30551
Received=	0.68276
Feedback: 0.1
Received=	0.28812
Feedback: 0.23693
Received=	-0.37145
Feedback: 0.84889
Received=	-0.26833
Feedback: 0.75322
Received=	0.081247
Feedback: 0.42888
Received=	-0.065323
Feedback: 0.56487
Calculated range:	[(-2.000000) - (2.000000)]
Success index = (0.146181)
Received=	-0.10043
=====  12:42:26 - BASE  ============
Feedback: 0.66
Received=	-0.2619
Feedback: 0.66
Received=	0.02138
Feedback: 0.66
Received=	-0.1152
Feedback: 0.66
Received=	-0.039098
Feedback: 0.66
Received=	-0.057313
Feedback: 0.66
Received=	0.17777
Feedback: 0.66
Received=	-0.3373
Feedback: 0.66
Received=	-0.53867
Feedback: 0.66
Received=	-0.33054
Feedback: 0.66
Received=	0.1333
Feedback: 0.66
Received=	0.37181
Feedback: 0.66
Received=	0.12374
Feedback: 0.66
Received=	0.30907
Feedback: 0.66
Received=	0.28981
Feedback: 0.66
Received=	0.082627
Feedback: 0.66
Received=	0.57208
Feedback: 0.66
Received=	0.48274
Feedback: 0.66
Received=	0.74547
Feedback: 0.66
Received=	0.91715
Feedback: 0.66
Received=	0.5634
=====  12:43:26 - NF  ============
Feedback: 0.28495
Received=	0.23876
Feedback: 0.45633
Received=	0.20542
Feedback: 0.47394
Received=	-0.027801
Feedback: 0.59706
Received=	0.34383
Feedback: 0.40086
Received=	0.7238
Feedback: 0.20027
Received=	0.55139
Feedback: 0.29129
Received=	0.21386
Feedback: 0.46948
Received=	0.1794
Feedback: 0.48767
Received=	-0.032538
Feedback: 0.59956
Received=	0.13394
Feedback: 0.51167
Received=	0.29278
Feedback: 0.42781
Received=	0.23033
Feedback: 0.46078
Received=	0.38569
Feedback: 0.37877
Received=	0.67381
Feedback: 0.22666
Received=	0.55762
Feedback: 0.288
Received=	0.48567
Feedback: 0.32598
Received=	0.82972
Feedback: 0.14435
Received=	0.49137
Feedback: 0.32297
Received=	-0.2236
Feedback: 0.70042
Received=	-0.22449
Feedback: 0.70089
Received=	-0.29308
Feedback: 0.7371
Received=	0.13254
Feedback: 0.51241
Received=	-0.28734
Feedback: 0.73407
Received=	-0.58617
Feedback: 0.89183
Received=	-0.41873
Feedback: 0.80344
Received=	0.23636
Feedback: 0.4576
Received=	0.46203
Feedback: 0.33846
Received=	0.29301
Feedback: 0.42769
Received=	0.43538
Feedback: 0.35253
Received=	0.86517
Feedback: 0.12564
Received=	0.35114
Feedback: 0.397
Received=	-0.089455
Feedback: 0.62961
Received=	0.16928
Feedback: 0.49301
Received=	0.20567
Feedback: 0.4738
Received=	0.33164
Feedback: 0.4073
Received=	0.82398
Feedback: 0.14738
Received=	1.1493
Feedback: 0.1
Received=	0.72091
Feedback: 0.20179
Received=	0.45322
Feedback: 0.34311
Received=	0.38728
Feedback: 0.37793
Received=	0.25461
Feedback: 0.44797
Received=	0.49527
Feedback: 0.32091
Received=	0.76313
Feedback: 0.17951
Received=	0.42161
Feedback: 0.35981
Received=	0.053361
Feedback: 0.55421
Received=	0.25549
Feedback: 0.4475
Received=	0.70027
Feedback: 0.21269
Received=	1.0449
Feedback: 0.1
Received=	0.69448
Feedback: 0.21575
Received=	0.31151
Feedback: 0.41793
Received=	0.45341
Feedback: 0.34302
Received=	0.38353
Feedback: 0.3799
Received=	0.50881
Feedback: 0.31377
Received=	0.60094
Feedback: 0.26513
Received=	0.99871
Feedback: 0.1
Received=	1.1524
Feedback: 0.1
Received=	0.72668
Feedback: 0.19875
Received=	0.13601
Feedback: 0.51057
Received=	-0.085177
Feedback: 0.62735
Calculated range:	[(-2.000000) - (2.000000)]
Success index = (0.554345)
Received=	-0.040267
=====  12:46:26 - BASE  ============
Feedback: 0.66
Received=	0.28814
Feedback: 0.66
Received=	0.26753
Feedback: 0.66
Received=	0.44072
Feedback: 0.66
Received=	0.53139
Feedback: 0.66
Received=	0.66606
Feedback: 0.66
Received=	0.94604
Feedback: 0.66
Received=	1.3075
Feedback: 0.66
Received=	0.80886
Feedback: 0.66
Received=	0.80201
Feedback: 0.66
Received=	0.76831
Feedback: 0.66
Received=	0.35264
Feedback: 0.66
Received=	0.47183
Feedback: 0.66
Received=	0.72393
Feedback: 0.66
Received=	0.37928
Feedback: 0.66
Received=	0.23988
Feedback: 0.66
Received=	0.24079
Feedback: 0.66
Received=	0.5318
Feedback: 0.66
Received=	1.0683
Feedback: 0.66
Received=	0.61413
Feedback: 0.66
Received=	0.29296
=====  12:47:26 - NF  ============
Feedback: 0.72058
Received=	0.59722
Feedback: 0.5154
Received=	0.57311
Feedback: 0.53166
Received=	0.21692
Feedback: 0.77185
Received=	0.22423
Feedback: 0.76692
Received=	0.42268
Feedback: 0.6331
Received=	0.29984
Feedback: 0.71594
Received=	0.35186
Feedback: 0.68086
Received=	-0.026417
Feedback: 0.9
Received=	0.14874
Feedback: 0.81783
Received=	0.20439
Feedback: 0.7803
Received=	0.47432
Feedback: 0.59827
Received=	0.41015
Feedback: 0.64155
Received=	0.38916
Feedback: 0.6557
Received=	0.68299
Feedback: 0.45756
Received=	0.50875
Feedback: 0.57506
Received=	0.35384
Feedback: 0.67952
Received=	0.0063788
Feedback: 0.9
Received=	0.02602
Feedback: 0.9
Received=	0.43208
Feedback: 0.62676
Received=	0.757
Feedback: 0.40765
Received=	0.17744
Feedback: 0.79848
Received=	0.16678
Feedback: 0.80566
Received=	-0.1532
Feedback: 0.9
Received=	-0.25878
Feedback: 0.9
Received=	0.092714
Feedback: 0.85561
Received=	0.81175
Feedback: 0.37073
Received=	0.58201
Feedback: 0.52565
Received=	0.25797
Feedback: 0.74417
Received=	0.78252
Feedback: 0.39044
Received=	0.73996
Feedback: 0.41914
Received=	0.87238
Feedback: 0.32984
Received=	0.24437
Feedback: 0.75334
Received=	0.43597
Feedback: 0.62414
Received=	0.97392
Feedback: 0.26137
Received=	0.91377
Feedback: 0.30193
Received=	0.39033
Feedback: 0.65491
Received=	0.9541
Feedback: 0.27474
Received=	0.53585
Feedback: 0.55679
Received=	-0.16012
Feedback: 0.9
Received=	-0.18198
Feedback: 0.9
Received=	0.037551
Feedback: 0.89281
Received=	0.84131
Feedback: 0.35079
Received=	1.243
Feedback: 0.1
Received=	0.24327
Feedback: 0.75408
Received=	-0.21061
Feedback: 0.9
Received=	0.52085
Feedback: 0.5669
Received=	0.47263
Feedback: 0.59942
Received=	0.7864
Feedback: 0.38783
Received=	0.86944
Feedback: 0.33182
Received=	0.935
Feedback: 0.28762
Received=	0.7057
Feedback: 0.44225
Received=	0.93604
Feedback: 0.28691
Received=	1.2923
Feedback: 0.1
Received=	0.65129
Feedback: 0.47893
Received=	0.52251
Feedback: 0.56578
Received=	-0.064516
Feedback: 0.9
Received=	-0.10692
Feedback: 0.9
Received=	0.26003
Feedback: 0.74278
Received=	0.6855
Feedback: 0.45587
Calculated range:	[(-2.000000) - (2.000000)]
Success index = (-0.522236)
Received=	0.30653
=====  12:50:26 - BASE  ============
Feedback: 0.66
Received=	0.28668
Feedback: 0.66
Received=	-0.14651
Feedback: 0.66
Received=	0.13858
Feedback: 0.66
Received=	0.54154
Feedback: 0.66
Received=	0.34174
Feedback: 0.66
Received=	0.34935
Feedback: 0.66
Received=	0.58555
Feedback: 0.66
Received=	0.56049
Feedback: 0.66
Received=	0.22251
Feedback: 0.66
Received=	0.68918
Feedback: 0.66
Received=	1.681
Feedback: 0.66
Received=	1.1307
Feedback: 0.66
Received=	0.53649
Feedback: 0.66
Received=	0.48814
Feedback: 0.66
Received=	0.43241
Feedback: 0.66
Received=	0.31563
Feedback: 0.66
Received=	0.29855
Feedback: 0.66
Received=	0.37428
Feedback: 0.66
Received=	0.67472
Feedback: 0.66
Received=	0.036115
=====  12:51:26 - NF  ============
Feedback: 0.74153
Received=	-0.30034
Feedback: 0.9
Received=	-0.20887
Feedback: 0.86589
Received=	0.04998
Feedback: 0.73449
Received=	-0.056111
Feedback: 0.78835
Received=	0.17888
Feedback: 0.66906
Received=	0.37303
Feedback: 0.5705
Received=	-0.079338
Feedback: 0.80014
Received=	-0.28861
Feedback: 0.9
Received=	0.027276
Feedback: 0.74602
Received=	0.63236
Feedback: 0.43885
Received=	0.68404
Feedback: 0.41262
Received=	0.9644
Feedback: 0.2703
Received=	1.2359
Feedback: 0.13249
Received=	1.0918
Feedback: 0.20561
Received=	0.018726
Feedback: 0.75036
Received=	-0.14927
Feedback: 0.83564
Received=	0.19073
Feedback: 0.66304
Received=	0.48963
Feedback: 0.51131
Received=	0.75648
Feedback: 0.37585
Received=	0.78369
Feedback: 0.36203
Received=	0.9812
Feedback: 0.26177
Received=	1.53
Feedback: 0.1
Received=	1.0548
Feedback: 0.22442
Received=	0.47399
Feedback: 0.51925
Received=	0.38388
Feedback: 0.56499
Received=	0.78067
Feedback: 0.36357
Received=	1.326
Feedback: 0.1
Received=	1.2839
Feedback: 0.10813
Received=	0.67433
Feedback: 0.41755
Received=	-0.10767
Feedback: 0.81452
Received=	0.31768
Feedback: 0.5986
Received=	0.96562
Feedback: 0.26968
Received=	0.44403
Feedback: 0.53446
Received=	0.54676
Feedback: 0.48231
Received=	0.83101
Feedback: 0.33801
Received=	0.30057
Feedback: 0.60728
Received=	0.58127
Feedback: 0.46479
Received=	1.7433
Feedback: 0.1
Received=	1.0561
Feedback: 0.22373
Received=	0.71381
Feedback: 0.39751
Received=	0.51428
Feedback: 0.4988
Received=	0.57621
Feedback: 0.46736
Received=	1.1593
Feedback: 0.17135
Received=	0.44947
Feedback: 0.5317
Received=	0.033593
Feedback: 0.74281
Received=	0.34002
Feedback: 0.58725
Received=	0.55809
Feedback: 0.47656
Received=	0.45165
Feedback: 0.53059
Received=	-0.2708
Feedback: 0.89733
Received=	-0.51403
Feedback: 0.9
Received=	0.062427
Feedback: 0.72817
Received=	0.91526
Feedback: 0.29524
Received=	0.97796
Feedback: 0.26342
Received=	0.70522
Feedback: 0.40187
Received=	0.42595
Feedback: 0.54363
Received=	0.5971
Feedback: 0.45675
Received=	0.85813
Feedback: 0.32425
Received=	0.61175
Feedback: 0.44932
Received=	0.33085
Feedback: 0.59191
Calculated range:	[(-2.000000) - (2.000000)]
Success index = (0.013575)
Received=	0.86459
=====  12:54:26 - BASE  ============
Feedback: 0.66
Received=	1.3497
Feedback: 0.66
Received=	0.78394
Feedback: 0.66
Received=	0.70007
Feedback: 0.66
Received=	0.74661
Feedback: 0.66
Received=	0.60276
Feedback: 0.66
Received=	0.61095
Feedback: 0.66
Received=	0.70402
Feedback: 0.66
Received=	1.3416
Feedback: 0.66
Received=	0.78926
Feedback: 0.66
Received=	0.20317
Feedback: 0.66
Received=	0.23406
Feedback: 0.66
Received=	0.040695
Feedback: 0.66
Received=	0.52333
Feedback: 0.66
Received=	0.38843
Feedback: 0.66
Received=	0.98886
Feedback: 0.66
Received=	0.93348
Feedback: 0.66
Received=	0.35992
Feedback: 0.66
Received=	0.82293
Feedback: 0.66
Received=	0.81065
Feedback: 0.66
Received=	0.76459
=====  12:55:26 - NF  ============
Feedback: 0.4234
Received=	0.76813
Feedback: 0.42116
Received=	0.77373
Feedback: 0.41762
Received=	0.77115
Feedback: 0.41925
Received=	0.034935
Feedback: 0.88531
Received=	0.11597
Feedback: 0.83401
Received=	0.37012
Feedback: 0.67313
Received=	0.60599
Feedback: 0.5238
Received=	0.11659
Feedback: 0.83362
Received=	0.42345
Feedback: 0.63936
Received=	0.41831
Feedback: 0.64261
Received=	0.33477
Feedback: 0.6955
Received=	0.4679
Feedback: 0.61122
Received=	1.2339
Feedback: 0.12628
Received=	1.0133
Feedback: 0.26593
Received=	0.91175
Feedback: 0.33024
Received=	-0.058586
Feedback: 0.9
Received=	-0.47375
Feedback: 0.9
Received=	-0.41942
Feedback: 0.9
Received=	0.18901
Feedback: 0.78777
Received=	1.0947
Feedback: 0.21442
Received=	1.1104
Feedback: 0.20447
Received=	0.58582
Feedback: 0.53657
Received=	0.42574
Feedback: 0.63791
Received=	1.3307
Feedback: 0.1
Received=	0.87678
Feedback: 0.35238
Received=	0.27073
Feedback: 0.73604
Received=	0.040773
Feedback: 0.88162
Received=	0.033482
Feedback: 0.88623
Received=	-0.087276
Feedback: 0.9
Received=	-0.21888
Feedback: 0.9
Received=	-0.062164
Feedback: 0.9
Received=	0.13897
Feedback: 0.81945
Received=	0.19913
Feedback: 0.78137
Received=	0.13684
Feedback: 0.8208
Received=	0.063132
Feedback: 0.86746
Received=	0.16046
Feedback: 0.80585
Received=	0.21311
Feedback: 0.77252
Received=	0.019807
Feedback: 0.89489
Received=	0.33575
Feedback: 0.69488
Received=	0.6306
Feedback: 0.50823
Received=	0.72387
Feedback: 0.44918
Received=	0.25784
Feedback: 0.74421
Received=	0.15508
Feedback: 0.80926
Received=	0.35471
Feedback: 0.68288
Received=	0.31644
Feedback: 0.70711
Received=	0.45895
Feedback: 0.61689
Received=	0.67661
Feedback: 0.4791
Received=	0.25657
Feedback: 0.74501
Received=	0.22858
Feedback: 0.76273
Received=	0.14229
Feedback: 0.81735
Received=	0.19115
Feedback: 0.78642
Received=	0.042167
Feedback: 0.88074
Received=	0.18259
Feedback: 0.79184
Received=	0.45931
Feedback: 0.61666
Received=	0.33089
Feedback: 0.69796
Received=	0.086894
Feedback: 0.85242
Received=	-0.042416
Feedback: 0.9
Received=	-0.039252
Feedback: 0.9
Received=	-0.04044
Feedback: 0.9
Calculated range:	[(-2.000000) - (2.000000)]
Success index = (-0.819903)
closing...
