Direction=-1.000000	; step=1.000000;
Received=	0
Feedback: 0.66
Received=	0
Feedback: 0.66
Received=	0
Feedback: 0.66
Received=	-0.69735
Feedback: 0.66
Received=	-0.47931
Feedback: 0.66
Received=	0.070825
Feedback: 0.66
Received=	-0.27607
Feedback: 0.66
Received=	-0.22602
Feedback: 0.66
Received=	-0.31901
Feedback: 0.66
Received=	-0.23865
Feedback: 0.66
Received=	-0.44924
Feedback: 0.66
Received=	-0.20332
Feedback: 0.66
Received=	-0.12357
Feedback: 0.66
Received=	-0.11046
Feedback: 0.66
Received=	-0.28743
Feedback: 0.66
Received=	-0.35293
Feedback: 0.66
Received=	-0.35073
Feedback: 0.66
Received=	-0.25489
Feedback: 0.66
Received=	-0.23015
Feedback: 0.66
Received=	-0.16423
Feedback: 0.66
Received=	-0.12566
=====  12:27:51 - NF  ============
Feedback: 0.34696
Received=	-0.21539
Feedback: 0.44866
Received=	-0.3979
Feedback: 0.65549
Received=	-0.46283
Feedback: 0.72908
Received=	-0.61789
Feedback: 0.9
Received=	-0.7426
Feedback: 0.9
Received=	-0.76115
Feedback: 0.9
Received=	-0.72382
Feedback: 0.9
Received=	-0.56736
Feedback: 0.84753
Received=	-0.43897
Feedback: 0.70203
Received=	-0.58803
Feedback: 0.87096
Received=	-0.61233
Feedback: 0.8985
Received=	-0.57468
Feedback: 0.85583
Received=	-0.59011
Feedback: 0.87332
Received=	-0.54651
Feedback: 0.82391
Received=	-0.61996
Feedback: 0.9
Received=	-0.85724
Feedback: 0.9
Received=	-0.93651
Feedback: 0.9
Received=	-0.67535
Feedback: 0.9
Received=	-0.46678
Feedback: 0.73354
Received=	-0.31995
Feedback: 0.56715
Received=	-0.24745
Feedback: 0.48498
Received=	-0.11572
Feedback: 0.33571
Received=	-0.30703
Feedback: 0.55251
Received=	-0.58062
Feedback: 0.86256
Received=	-0.54734
Feedback: 0.82485
Received=	-0.56059
Feedback: 0.83986
Received=	-0.56831
Feedback: 0.84861
Received=	-0.40209
Feedback: 0.66024
Received=	-0.33803
Feedback: 0.58765
Received=	-0.36958
Feedback: 0.62339
Received=	-0.48215
Feedback: 0.75097
Received=	-0.47609
Feedback: 0.7441
Received=	-0.33542
Feedback: 0.58468
Received=	-0.49479
Feedback: 0.76529
Received=	-0.53232
Feedback: 0.80782
Received=	-0.55503
Feedback: 0.83356
Received=	-0.57214
Feedback: 0.85295
Received=	-0.45719
Feedback: 0.72268
Received=	-0.67532
Feedback: 0.9
Received=	-0.59714
Feedback: 0.88128
Received=	-0.56544
Feedback: 0.84536
Received=	-0.53871
Feedback: 0.81507
Received=	-0.46004
Feedback: 0.72591
Received=	-0.38703
Feedback: 0.64317
Received=	-0.23774
Feedback: 0.47399
Received=	-0.5405
Feedback: 0.81709
Received=	-0.49796
Feedback: 0.76889
Received=	-0.59045
Feedback: 0.8737
Received=	-0.67078
Feedback: 0.9
Received=	-0.57824
Feedback: 0.85986
Received=	-0.4643
Feedback: 0.73074
Received=	-0.38819
Feedback: 0.64448
Received=	-0.56478
Feedback: 0.84462
Received=	-0.75854
Feedback: 0.9
Received=	-0.67588
Feedback: 0.9
Received=	-0.43658
Feedback: 0.69932
Received=	-0.36903
Feedback: 0.62277
Received=	-0.51535
Feedback: 0.7886
Received=	-0.58475
Feedback: 0.86724
Calculated range:	[(-2.543441) - (1.456559)]
Success index = (-1.543441)
Received=	-0.41587
=====  12:30:51 - BASE  ============
Feedback: 0.66
Received=	-0.37387
Feedback: 0.66
Received=	0.0028287
Feedback: 0.66
Received=	0.13094
Feedback: 0.66
Received=	-0.24669
Feedback: 0.66
Received=	-0.25236
Feedback: 0.66
Received=	-0.08521
Feedback: 0.66
Received=	-0.10413
Feedback: 0.66
Received=	-0.024798
Feedback: 0.66
Received=	-0.15731
Feedback: 0.66
Received=	-0.35204
Feedback: 0.66
Received=	-0.33718
Feedback: 0.66
Received=	-0.23705
Feedback: 0.66
Received=	-0.19757
Feedback: 0.66
Received=	-0.43941
Feedback: 0.66
Received=	-0.40931
Feedback: 0.66
Received=	-0.3114
Feedback: 0.66
Received=	-0.21753
Feedback: 0.66
Received=	-0.45023
Feedback: 0.66
Received=	-0.61284
Feedback: 0.66
Received=	-0.63681
=====  12:31:51 - NF  ============
Feedback: 0.82458
Received=	-0.47842
Feedback: 0.65209
Received=	-0.1555
Feedback: 0.30043
Received=	-0.32771
Feedback: 0.48796
Received=	-0.36651
Feedback: 0.53021
Received=	-0.51145
Feedback: 0.68807
Received=	-0.65985
Feedback: 0.84968
Received=	-0.58867
Feedback: 0.77215
Received=	-0.56636
Feedback: 0.74786
Received=	-0.50368
Feedback: 0.6796
Received=	-0.51118
Feedback: 0.68777
Received=	-0.47408
Feedback: 0.64736
Received=	-0.41029
Feedback: 0.5779
Received=	-0.41556
Feedback: 0.58363
Received=	-0.38527
Feedback: 0.55065
Received=	-0.51188
Feedback: 0.68853
Received=	-0.41167
Feedback: 0.57939
Received=	-0.45177
Feedback: 0.62307
Received=	-0.57475
Feedback: 0.757
Received=	-0.5557
Feedback: 0.73625
Received=	-0.64136
Feedback: 0.82954
Received=	-0.60465
Feedback: 0.78956
Received=	-0.59969
Feedback: 0.78416
Received=	-0.78555
Feedback: 0.9
Received=	-0.74358
Feedback: 0.9
Received=	-0.45915
Feedback: 0.6311
Received=	-0.39229
Feedback: 0.5583
Received=	-0.46985
Feedback: 0.64276
Received=	-0.59576
Feedback: 0.77987
Received=	-0.62227
Feedback: 0.80874
Received=	-0.49602
Feedback: 0.67126
Received=	-0.58658
Feedback: 0.76988
Received=	-0.53382
Feedback: 0.71243
Received=	-0.75977
Feedback: 0.9
Received=	-0.67022
Feedback: 0.86097
Received=	-0.60646
Feedback: 0.79153
Received=	-0.66165
Feedback: 0.85164
Received=	-0.51458
Feedback: 0.69147
Received=	-0.43071
Feedback: 0.60013
Received=	-0.58593
Feedback: 0.76917
Received=	-0.49295
Feedback: 0.66792
Received=	-0.29937
Feedback: 0.4571
Received=	-0.31332
Feedback: 0.47229
Received=	-0.27795
Feedback: 0.43377
Received=	-0.42507
Feedback: 0.59399
Received=	-0.3438
Feedback: 0.50548
Received=	-0.4731
Feedback: 0.64629
Received=	-0.58943
Feedback: 0.77298
Received=	-0.26868
Feedback: 0.42368
Received=	-0.26902
Feedback: 0.42405
Received=	-0.41944
Feedback: 0.58786
Received=	-0.61347
Feedback: 0.79916
Received=	-0.75702
Feedback: 0.9
Received=	-0.77685
Feedback: 0.9
Received=	-0.81749
Feedback: 0.9
Received=	-0.96659
Feedback: 0.9
Received=	-0.94026
Feedback: 0.9
Received=	-1.0436
Feedback: 0.9
Received=	-0.77811
Feedback: 0.9
Received=	-0.61898
Feedback: 0.80517
Calculated range:	[(-2.716556) - (1.283444)]
Success index = (-1.716556)
Received=	-0.40067
=====  12:34:51 - BASE  ============
Feedback: 0.66
Received=	-0.1375
Feedback: 0.66
Received=	-0.305
Feedback: 0.66
Received=	-0.55696
Feedback: 0.66
Received=	-0.59124
Feedback: 0.66
Received=	-0.45538
Feedback: 0.66
Received=	-0.38829
Feedback: 0.66
Received=	-0.25922
Feedback: 0.66
Received=	-0.22914
Feedback: 0.66
Received=	-0.041774
Feedback: 0.66
Received=	0.10213
Feedback: 0.66
Received=	-0.12729
Feedback: 0.66
Received=	-0.23108
Feedback: 0.66
Received=	-0.28635
Feedback: 0.66
Received=	-0.40859
Feedback: 0.66
Received=	-0.27899
Feedback: 0.66
Received=	-0.24374
Feedback: 0.66
Received=	-0.20018
Feedback: 0.66
Received=	-0.16703
Feedback: 0.66
Received=	-0.15679
Feedback: 0.66
Received=	-0.030712
=====  12:35:51 - NF  ============
Feedback: 0.1
Received=	0.2515
Feedback: 0.1
Received=	0.28031
Feedback: 0.1
Received=	0.21385
Feedback: 0.1
Received=	0.056703
Feedback: 0.1
Received=	-0.13762
Feedback: 0.20425
Received=	-0.14536
Feedback: 0.2133
Received=	-0.13167
Feedback: 0.1973
Received=	-0.17948
Feedback: 0.25318
Received=	-0.46783
Feedback: 0.59018
Received=	-0.40038
Feedback: 0.51135
Received=	-0.19092
Feedback: 0.26655
Received=	-0.27143
Feedback: 0.36064
Received=	-0.15579
Feedback: 0.22548
Received=	-0.15218
Feedback: 0.22127
Received=	-0.39333
Feedback: 0.5031
Received=	-0.48739
Feedback: 0.61303
Received=	-0.44627
Feedback: 0.56498
Received=	-0.57337
Feedback: 0.71352
Received=	-0.63942
Feedback: 0.79072
Received=	-0.64962
Feedback: 0.80264
Received=	-0.68347
Feedback: 0.84221
Received=	-0.63407
Feedback: 0.78447
Received=	-0.64341
Feedback: 0.79538
Received=	-0.85582
Feedback: 0.9
Received=	-0.93432
Feedback: 0.9
Received=	-0.95315
Feedback: 0.9
Received=	-0.86199
Feedback: 0.9
Received=	-0.69148
Feedback: 0.85156
Received=	-0.59811
Feedback: 0.74244
Received=	-0.56078
Feedback: 0.69881
Received=	-0.53284
Feedback: 0.66616
Received=	-0.53982
Feedback: 0.67432
Received=	-0.50849
Feedback: 0.6377
Received=	-0.74416
Feedback: 0.9
Received=	-0.70522
Feedback: 0.86762
Received=	-0.42579
Feedback: 0.54104
Received=	-0.39425
Feedback: 0.50418
Received=	-0.19719
Feedback: 0.27387
Received=	-0.44284
Feedback: 0.56097
Received=	-0.36791
Feedback: 0.47339
Received=	-0.32614
Feedback: 0.42458
Received=	-0.26854
Feedback: 0.35726
Received=	-0.2745
Feedback: 0.36423
Received=	-0.10346
Feedback: 0.16433
Received=	-0.24099
Feedback: 0.32506
Received=	-0.096506
Feedback: 0.1562
Received=	-0.13213
Feedback: 0.19783
Received=	-0.32957
Feedback: 0.42859
Received=	-0.47019
Feedback: 0.59294
Received=	-0.47126
Feedback: 0.59419
Received=	-0.39031
Feedback: 0.49958
Received=	-0.2457
Feedback: 0.33057
Received=	-0.18561
Feedback: 0.26034
Received=	-0.3153
Feedback: 0.41192
Received=	-0.70374
Feedback: 0.86589
Received=	-0.69115
Feedback: 0.85117
Received=	-0.76938
Feedback: 0.9
Received=	-0.73007
Feedback: 0.89667
Received=	-0.71165
Feedback: 0.87514
Calculated range:	[(-2.000000) - (2.000000)]
Success index = (-0.534429)
Received=	-0.45607
=====  12:38:51 - BASE  ============
Feedback: 0.66
Received=	-0.16418
Feedback: 0.66
Received=	-0.34093
Feedback: 0.66
Received=	-0.61532
Feedback: 0.66
Received=	-0.96984
Feedback: 0.66
Received=	-1.1877
Feedback: 0.66
Received=	-1.3462
Feedback: 0.66
Received=	-1.2503
Feedback: 0.66
Received=	-1.2671
Feedback: 0.66
Received=	-1.1729
Feedback: 0.66
Received=	-0.86127
Feedback: 0.66
Received=	-1.0251
Feedback: 0.66
Received=	-0.83955
Feedback: 0.66
Received=	-0.86341
Feedback: 0.66
Received=	-0.88118
Feedback: 0.66
Received=	-1.1364
Feedback: 0.66
Received=	-1.4242
Feedback: 0.66
Received=	-1.2563
Feedback: 0.66
Received=	-1.2247
Feedback: 0.66
Received=	-1.0742
Feedback: 0.66
Received=	-0.9452
=====  12:39:51 - NF  ============
Feedback: 0.42998
Received=	-0.46792
Feedback: 0.1
Received=	-0.26417
Feedback: 0.1
Received=	-0.39776
Feedback: 0.1
Received=	-0.5587
Feedback: 0.14724
Received=	-0.48071
Feedback: 0.1
Received=	-0.35677
Feedback: 0.1
Received=	-0.39911
Feedback: 0.1
Received=	-0.32534
Feedback: 0.1
Received=	-0.27458
Feedback: 0.1
Received=	-0.18857
Feedback: 0.1
Received=	-0.054561
Feedback: 0.1
Received=	-0.14112
Feedback: 0.1
Received=	-0.3382
Feedback: 0.1
Received=	-0.45505
Feedback: 0.1
Received=	-0.4453
Feedback: 0.1
Received=	-0.35418
Feedback: 0.1
Received=	-0.27506
Feedback: 0.1
Received=	-0.22863
Feedback: 0.1
Received=	-0.18177
Feedback: 0.1
Received=	-0.30907
Feedback: 0.1
Received=	-0.27433
Feedback: 0.1
Received=	-0.25356
Feedback: 0.1
Received=	-0.3905
Feedback: 0.1
Received=	-0.49133
Feedback: 0.1
Received=	-0.58226
Feedback: 0.16448
Received=	-0.49809
Feedback: 0.10291
Received=	-0.3539
Feedback: 0.1
Received=	-0.39061
Feedback: 0.1
Received=	-0.39919
Feedback: 0.1
Received=	-0.51892
Feedback: 0.11815
Received=	-0.53814
Feedback: 0.1322
Received=	-0.60417
Feedback: 0.1805
Received=	-0.47658
Feedback: 0.1
Received=	-0.47969
Feedback: 0.1
Received=	-0.55795
Feedback: 0.14669
Received=	-0.52524
Feedback: 0.12276
Received=	-0.4596
Feedback: 0.1
Received=	-0.39246
Feedback: 0.1
Received=	-0.37619
Feedback: 0.1
Received=	-0.55253
Feedback: 0.14273
Received=	-0.39888
Feedback: 0.1
Received=	-0.13897
Feedback: 0.1
Received=	-0.32719
Feedback: 0.1
Received=	-0.46012
Feedback: 0.1
Received=	-0.73049
Feedback: 0.27291
Received=	-0.45069
Feedback: 0.1
Received=	-0.57766
Feedback: 0.16111
Received=	-0.47436
Feedback: 0.1
Received=	-0.43937
Feedback: 0.1
Received=	-0.51392
Feedback: 0.11449
Received=	-0.38826
Feedback: 0.1
Received=	-0.38523
Feedback: 0.1
Received=	-0.25897
Feedback: 0.1
Received=	-0.38089
Feedback: 0.1
Received=	-0.43236
Feedback: 0.1
Received=	-0.39546
Feedback: 0.1
Received=	-0.3502
Feedback: 0.1
Received=	-0.51968
Feedback: 0.1187
Received=	-0.66353
Feedback: 0.22393
Calculated range:	[(-2.000000) - (2.000000)]
Success index = (3.535609)
Received=	-0.55817
=====  12:42:51 - BASE  ============
Feedback: 0.66
Received=	-0.20144
Feedback: 0.66
Received=	0.19662
Feedback: 0.66
Received=	0.21253
Feedback: 0.66
Received=	0.2568
Feedback: 0.66
Received=	0.23422
Feedback: 0.66
Received=	-0.024642
Feedback: 0.66
Received=	-0.20594
Feedback: 0.66
Received=	-0.12607
Feedback: 0.66
Received=	-0.28042
Feedback: 0.66
Received=	-0.33794
Feedback: 0.66
Received=	-0.30263
Feedback: 0.66
Received=	-0.4021
Feedback: 0.66
Received=	-0.61472
Feedback: 0.66
Received=	-0.46208
Feedback: 0.66
Received=	-0.41919
Feedback: 0.66
Received=	-0.42108
Feedback: 0.66
Received=	-0.36682
Feedback: 0.66
Received=	-0.1714
Feedback: 0.66
Received=	-0.32901
Feedback: 0.66
Received=	-0.15149
=====  12:43:51 - NF  ============
Feedback: 0.46529
Received=	-0.13387
Feedback: 0.45214
Received=	-0.20869
Feedback: 0.50798
Received=	-0.33826
Feedback: 0.60469
Received=	-0.29517
Feedback: 0.57253
Received=	-0.45069
Feedback: 0.68861
Received=	-0.42775
Feedback: 0.67148
Received=	-0.45472
Feedback: 0.69161
Received=	-0.40778
Feedback: 0.65658
Received=	-0.38936
Feedback: 0.64283
Received=	-0.26407
Feedback: 0.54932
Received=	-0.26025
Feedback: 0.54646
Received=	-0.35411
Feedback: 0.61652
Received=	-0.37067
Feedback: 0.62888
Received=	-0.36433
Feedback: 0.62415
Received=	-0.39644
Feedback: 0.64812
Received=	-0.39512
Feedback: 0.64713
Received=	-0.31438
Feedback: 0.58686
Received=	-0.072192
Feedback: 0.4061
Received=	-0.21521
Feedback: 0.51285
Received=	-0.58609
Feedback: 0.78966
Received=	-1.2033
Feedback: 0.9
Received=	-1.2644
Feedback: 0.9
Received=	-1.5712
Feedback: 0.9
Received=	-1.4378
Feedback: 0.9
Received=	-0.95344
Feedback: 0.9
Received=	-0.61241
Feedback: 0.80931
Received=	-0.34095
Feedback: 0.6067
Received=	-0.36269
Feedback: 0.62293
Received=	-0.39589
Feedback: 0.6477
Received=	-0.36272
Feedback: 0.62295
Received=	-0.23809
Feedback: 0.52993
Received=	-0.20622
Feedback: 0.50614
Received=	-0.013854
Feedback: 0.36256
Received=	-0.20123
Feedback: 0.50241
Received=	-0.30205
Feedback: 0.57766
Received=	-0.16604
Feedback: 0.47615
Received=	-0.34296
Feedback: 0.6082
Received=	-0.43294
Feedback: 0.67536
Received=	-0.47359
Feedback: 0.7057
Received=	-0.48841
Feedback: 0.71676
Received=	-0.59164
Feedback: 0.79381
Received=	-0.87511
Feedback: 0.9
Received=	-0.86016
Feedback: 0.9
Received=	-0.62742
Feedback: 0.82052
Received=	-0.55863
Feedback: 0.76917
Received=	-0.32438
Feedback: 0.59433
Received=	-0.16048
Feedback: 0.472
Received=	-0.10321
Feedback: 0.42926
Received=	-0.309
Feedback: 0.58285
Received=	-0.45838
Feedback: 0.69435
Received=	-0.5544
Feedback: 0.76601
Received=	-0.58721
Feedback: 0.7905
Received=	-0.2603
Feedback: 0.5465
Received=	-0.1734
Feedback: 0.48164
Received=	-0.2285
Feedback: 0.52277
Received=	-0.37941
Feedback: 0.6354
Received=	-0.26473
Feedback: 0.54981
Received=	-0.27526
Feedback: 0.55767
Received=	-0.34432
Feedback: 0.60922
Calculated range:	[(-2.000000) - (2.000000)]
Success index = (-0.786210)
closing...
