Direction=-1.000000	; step=1.000000;
Received=	0
Feedback: 0.66
Received=	0
Feedback: 0.66
Received=	0
Feedback: 0.66
Received=	0.34062
Feedback: 0.66
Received=	0.25048
Feedback: 0.66
Received=	-0.1706
Feedback: 0.66
Received=	-0.24502
Feedback: 0.66
Received=	0.008813
Feedback: 0.66
Received=	0.096084
Feedback: 0.66
Received=	0.19322
Feedback: 0.66
Received=	-0.059457
Feedback: 0.66
Received=	-0.11984
Feedback: 0.66
Received=	-0.079264
Feedback: 0.66
Received=	-0.16096
Feedback: 0.66
Received=	-0.23544
Feedback: 0.66
Received=	-0.49257
Feedback: 0.66
Received=	-0.21351
Feedback: 0.66
Received=	0.07784
Feedback: 0.66
Received=	0.021624
Feedback: 0.66
Received=	0.069387
Feedback: 0.66
Received=	0.12568
=====  12:9:20 - NF  ============
Feedback: 0.33571
Received=	0.32527
Feedback: 0.13771
Received=	0.10189
Feedback: 0.35931
Received=	0.1702
Feedback: 0.29155
Received=	0.2536
Feedback: 0.20881
Received=	0.46773
Feedback: 0.1
Received=	0.31781
Feedback: 0.14511
Received=	0.08215
Feedback: 0.3789
Received=	0.077991
Feedback: 0.38302
Received=	-0.06788
Feedback: 0.52774
Received=	-0.026943
Feedback: 0.48712
Received=	0.034529
Feedback: 0.42614
Received=	-0.071639
Feedback: 0.53147
Received=	-0.071564
Feedback: 0.53139
Received=	0.39112
Feedback: 0.1
Received=	-0.021372
Feedback: 0.4816
Received=	0.032383
Feedback: 0.42827
Received=	0.13761
Feedback: 0.32388
Received=	-0.055648
Feedback: 0.5156
Received=	-0.26948
Feedback: 0.72773
Received=	-0.16173
Feedback: 0.62084
Received=	0.16927
Feedback: 0.29247
Received=	0.20449
Feedback: 0.25752
Received=	0.25943
Feedback: 0.20302
Received=	0.11841
Feedback: 0.34293
Received=	-0.32788
Feedback: 0.78567
Received=	-0.12942
Feedback: 0.58879
Received=	-0.28061
Feedback: 0.73877
Received=	-0.2177
Feedback: 0.67637
Received=	0.058237
Feedback: 0.40262
Received=	0.13037
Feedback: 0.33106
Received=	-0.075699
Feedback: 0.53549
Received=	0.12588
Feedback: 0.33551
Received=	0.18847
Feedback: 0.27342
Received=	0.19487
Feedback: 0.26707
Received=	-0.038154
Feedback: 0.49825
Received=	-0.072352
Feedback: 0.53217
Received=	-0.38617
Feedback: 0.8435
Received=	-0.38029
Feedback: 0.83766
Received=	-0.10711
Feedback: 0.56665
Received=	-0.049062
Feedback: 0.50907
Received=	-0.31485
Feedback: 0.77274
Received=	-0.41878
Feedback: 0.87585
Received=	0.22295
Feedback: 0.23921
Received=	0.48529
Feedback: 0.1
Received=	0.47133
Feedback: 0.1
Received=	0.42206
Feedback: 0.1
Received=	0.044355
Feedback: 0.41639
Received=	-0.10161
Feedback: 0.56119
Received=	-0.046017
Feedback: 0.50605
Received=	-0.1214
Feedback: 0.58083
Received=	-0.35415
Feedback: 0.81173
Received=	-0.18366
Feedback: 0.64259
Received=	0.043176
Feedback: 0.41756
Received=	-0.028377
Feedback: 0.48855
Received=	0.11771
Feedback: 0.34362
Received=	-0.30428
Feedback: 0.76226
Received=	-0.13806
Feedback: 0.59736
Received=	-0.13978
Feedback: 0.59907
Received=	-0.092387
Feedback: 0.55205
Calculated range:	[(-2.000000) - (2.000000)]
Success index = (0.236739)
Received=	0.19829
=====  12:12:20 - BASE  ============
Feedback: 0.66
Received=	0.18211
Feedback: 0.66
Received=	0.21462
Feedback: 0.66
Received=	0.22152
Feedback: 0.66
Received=	-0.10802
Feedback: 0.66
Received=	0.021186
Feedback: 0.66
Received=	0.30497
Feedback: 0.66
Received=	0.034971
Feedback: 0.66
Received=	-0.21955
Feedback: 0.66
Received=	0.11979
Feedback: 0.66
Received=	0.36633
Feedback: 0.66
Received=	0.19171
Feedback: 0.66
Received=	0.11901
Feedback: 0.66
Received=	-0.027043
Feedback: 0.66
Received=	-0.22358
Feedback: 0.66
Received=	0.17928
Feedback: 0.66
Received=	0.12691
Feedback: 0.66
Received=	0.41205
Feedback: 0.66
Received=	0.33883
Feedback: 0.66
Received=	0.10957
Feedback: 0.66
Received=	0.1143
=====  12:13:20 - NF  ============
Feedback: 0.50753
Received=	-0.08674
Feedback: 0.7252
Received=	-0.028612
Feedback: 0.66226
Received=	-0.13253
Feedback: 0.77477
Received=	-0.30079
Feedback: 0.9
Received=	-0.1417
Feedback: 0.7847
Received=	0.16384
Feedback: 0.45389
Received=	0.33298
Feedback: 0.27076
Received=	0.2483
Feedback: 0.36244
Received=	-0.06005
Feedback: 0.6963
Received=	-0.003846
Feedback: 0.63545
Received=	0.10313
Feedback: 0.51962
Received=	0.25266
Feedback: 0.35773
Received=	-0.21817
Feedback: 0.8675
Received=	0.029697
Feedback: 0.59913
Received=	0.19457
Feedback: 0.42062
Received=	-0.024747
Feedback: 0.65808
Received=	0.36074
Feedback: 0.24071
Received=	0.39629
Feedback: 0.20221
Received=	0.22796
Feedback: 0.38447
Received=	0.15835
Feedback: 0.45983
Received=	-0.066596
Feedback: 0.70339
Received=	-0.1092
Feedback: 0.74951
Received=	-0.063361
Feedback: 0.69988
Received=	-0.12648
Feedback: 0.76822
Received=	-0.01954
Feedback: 0.65244
Received=	0.079806
Feedback: 0.54487
Received=	0.093753
Feedback: 0.52977
Received=	-0.010739
Feedback: 0.64291
Received=	-0.078205
Feedback: 0.71596
Received=	-0.05332
Feedback: 0.68901
Received=	-0.23948
Feedback: 0.89057
Received=	-0.22831
Feedback: 0.87847
Received=	-0.063285
Feedback: 0.6998
Received=	0.30753
Feedback: 0.29832
Received=	0.5153
Feedback: 0.1
Received=	0.0042587
Feedback: 0.62667
Received=	-0.2843
Feedback: 0.9
Received=	-0.31701
Feedback: 0.9
Received=	0.39274
Feedback: 0.20605
Received=	0.47278
Feedback: 0.1194
Received=	0.34238
Feedback: 0.26059
Received=	0.3834
Feedback: 0.21617
Received=	-0.011854
Feedback: 0.64412
Received=	-0.024277
Feedback: 0.65757
Received=	-0.16554
Feedback: 0.81051
Received=	0.11382
Feedback: 0.50804
Received=	0.20774
Feedback: 0.40636
Received=	-0.077716
Feedback: 0.71543
Received=	-0.13389
Feedback: 0.77625
Received=	-0.26143
Feedback: 0.9
Received=	-0.30416
Feedback: 0.9
Received=	-0.10241
Feedback: 0.74216
Received=	-0.076826
Feedback: 0.71446
Received=	0.02109
Feedback: 0.60845
Received=	0.082933
Feedback: 0.54149
Received=	0.17829
Feedback: 0.43824
Received=	0.097256
Feedback: 0.52598
Received=	0.048478
Feedback: 0.57879
Received=	0.013899
Feedback: 0.61623
Calculated range:	[(-2.000000) - (2.000000)]
Success index = (-0.427426)
Received=	0.14329
=====  12:16:20 - BASE  ============
Feedback: 0.66
Received=	0.15232
Feedback: 0.66
Received=	0.25246
Feedback: 0.66
Received=	0.023363
Feedback: 0.66
Received=	-0.1407
Feedback: 0.66
Received=	0.019545
Feedback: 0.66
Received=	0.16872
Feedback: 0.66
Received=	-0.062367
Feedback: 0.66
Received=	0.29467
Feedback: 0.66
Received=	0.46951
Feedback: 0.66
Received=	0.28776
Feedback: 0.66
Received=	-0.030616
Feedback: 0.66
Received=	0.37124
Feedback: 0.66
Received=	-0.19387
Feedback: 0.66
Received=	-0.4111
Feedback: 0.66
Received=	-0.38253
Feedback: 0.66
Received=	-0.10522
Feedback: 0.66
Received=	-0.16739
Feedback: 0.66
Received=	0.15047
Feedback: 0.66
Received=	0.46738
Feedback: 0.66
Received=	0.5119
=====  12:17:20 - NF  ============
Feedback: 0.16005
Received=	0.31558
Feedback: 0.30649
Received=	0.47212
Feedback: 0.18971
Received=	0.40324
Feedback: 0.2411
Received=	0.057378
Feedback: 0.49911
Received=	-0.13645
Feedback: 0.64371
Received=	0.045392
Feedback: 0.50805
Received=	0.35532
Feedback: 0.27685
Received=	0.26835
Feedback: 0.34173
Received=	0.068277
Feedback: 0.49098
Received=	-0.05031
Feedback: 0.57944
Received=	0.14687
Feedback: 0.43235
Received=	0.33682
Feedback: 0.29065
Received=	-0.23901
Feedback: 0.72021
Received=	-0.27183
Feedback: 0.74469
Received=	-0.22829
Feedback: 0.71221
Received=	-0.081325
Feedback: 0.60258
Received=	0.11132
Feedback: 0.45887
Received=	-0.12821
Feedback: 0.63756
Received=	-0.24165
Feedback: 0.72218
Received=	0.076924
Feedback: 0.48453
Received=	0.11813
Feedback: 0.45379
Received=	-0.023531
Feedback: 0.55947
Received=	0.0059401
Feedback: 0.53748
Received=	0.0042422
Feedback: 0.53875
Received=	-0.074348
Feedback: 0.59738
Received=	0.12503
Feedback: 0.44864
Received=	-0.051399
Feedback: 0.58026
Received=	0.026694
Feedback: 0.522
Received=	0.32186
Feedback: 0.30181
Received=	0.4274
Feedback: 0.22308
Received=	-0.081278
Feedback: 0.60255
Received=	-0.2609
Feedback: 0.73654
Received=	-0.061205
Feedback: 0.58757
Received=	0.1545
Feedback: 0.42666
Received=	0.51419
Feedback: 0.15833
Received=	0.19399
Feedback: 0.3972
Received=	-0.24192
Feedback: 0.72238
Received=	-0.29461
Feedback: 0.76169
Received=	-0.26059
Feedback: 0.73631
Received=	-0.36175
Feedback: 0.81177
Received=	-0.56426
Feedback: 0.9
Received=	-0.33412
Feedback: 0.79116
Received=	0.10878
Feedback: 0.46076
Received=	0.26282
Feedback: 0.34585
Received=	0.11794
Feedback: 0.45394
Received=	0.18609
Feedback: 0.40309
Received=	0.32862
Feedback: 0.29677
Received=	0.35613
Feedback: 0.27624
Received=	0.45414
Feedback: 0.20313
Received=	0.31599
Feedback: 0.30619
Received=	-0.50373
Feedback: 0.9
Received=	-0.40102
Feedback: 0.84107
Received=	-0.026339
Feedback: 0.56156
Received=	0.020581
Feedback: 0.52656
Received=	0.091731
Feedback: 0.47348
Received=	0.22609
Feedback: 0.37325
Received=	-0.13292
Feedback: 0.64107
Received=	-0.021783
Feedback: 0.55816
Received=	-0.025514
Feedback: 0.56095
Calculated range:	[(-2.000000) - (2.000000)]
Success index = (-0.059903)
Received=	-0.1123
=====  12:20:20 - BASE  ============
Feedback: 0.66
Received=	0.15488
Feedback: 0.66
Received=	-0.26106
Feedback: 0.66
Received=	-0.32749
Feedback: 0.66
Received=	0.32182
Feedback: 0.66
Received=	-0.1145
Feedback: 0.66
Received=	-0.10007
Feedback: 0.66
Received=	0.16653
Feedback: 0.66
Received=	0.021569
Feedback: 0.66
Received=	-0.49922
Feedback: 0.66
Received=	-0.37728
Feedback: 0.66
Received=	-0.10694
Feedback: 0.66
Received=	0.029968
Feedback: 0.66
Received=	-0.14159
Feedback: 0.66
Received=	-0.15685
Feedback: 0.66
Received=	-0.023348
Feedback: 0.66
Received=	-0.32401
Feedback: 0.66
Received=	0.084344
Feedback: 0.66
Received=	-0.057652
Feedback: 0.66
Received=	-0.22914
Feedback: 0.66
Received=	-0.045115
=====  12:21:20 - NF  ============
Feedback: 0.42993
Received=	-0.044964
Feedback: 0.42978
Received=	0.06557
Feedback: 0.32111
Received=	0.26219
Feedback: 0.1278
Received=	0.11063
Feedback: 0.2768
Received=	-0.25064
Feedback: 0.632
Received=	0.057022
Feedback: 0.32951
Received=	0.38204
Feedback: 0.1
Received=	0.20992
Feedback: 0.17919
Received=	0.26699
Feedback: 0.12308
Received=	0.16897
Feedback: 0.21945
Received=	-0.15574
Feedback: 0.5387
Received=	0.19841
Feedback: 0.19051
Received=	0.35591
Feedback: 0.1
Received=	0.095135
Feedback: 0.29204
Received=	-0.052963
Feedback: 0.43765
Received=	-0.20348
Feedback: 0.58563
Received=	-0.25841
Feedback: 0.63963
Received=	0.08621
Feedback: 0.30082
Received=	0.14944
Feedback: 0.23865
Received=	-0.064427
Feedback: 0.44892
Received=	-0.091414
Feedback: 0.47545
Received=	-0.37924
Feedback: 0.75843
Received=	-0.71382
Feedback: 0.9
Received=	-0.55272
Feedback: 0.9
Received=	-0.39975
Feedback: 0.7786
Received=	-0.39655
Feedback: 0.77544
Received=	-0.42884
Feedback: 0.80719
Received=	-0.14011
Feedback: 0.52333
Received=	-0.068165
Feedback: 0.45259
Received=	-0.0056743
Feedback: 0.39115
Received=	-0.15999
Feedback: 0.54287
Received=	-0.25613
Feedback: 0.63739
Received=	-0.039089
Feedback: 0.42401
Received=	0.13896
Feedback: 0.24896
Received=	-0.089295
Feedback: 0.47337
Received=	-0.093937
Feedback: 0.47793
Received=	-0.0079499
Feedback: 0.39339
Received=	-0.013605
Feedback: 0.39895
Received=	-0.25095
Feedback: 0.6323
Received=	-0.22908
Feedback: 0.6108
Received=	0.20158
Feedback: 0.18738
Received=	0.049591
Feedback: 0.33682
Received=	0.11553
Feedback: 0.27199
Received=	-0.18103
Feedback: 0.56356
Received=	-0.30231
Feedback: 0.6828
Received=	-0.20102
Feedback: 0.58321
Received=	0.20398
Feedback: 0.18502
Received=	0.29031
Feedback: 0.10015
Received=	0.40617
Feedback: 0.1
Received=	0.093816
Feedback: 0.29334
Received=	-0.097622
Feedback: 0.48155
Received=	-0.14202
Feedback: 0.5252
Received=	-0.13636
Feedback: 0.51964
Received=	-0.4267
Feedback: 0.80509
Received=	0.030584
Feedback: 0.35551
Received=	0.29252
Feedback: 0.1
Received=	0.33648
Feedback: 0.1
Received=	0.1968
Feedback: 0.19209
Received=	-0.22689
Feedback: 0.60864
Calculated range:	[(-2.000000) - (2.000000)]
Success index = (0.331099)
Received=	-0.082125
=====  12:24:20 - BASE  ============
Feedback: 0.66
Received=	0.13318
Feedback: 0.66
Received=	0.26632
Feedback: 0.66
Received=	0.28996
Feedback: 0.66
Received=	0.16224
Feedback: 0.66
Received=	0.35813
Feedback: 0.66
Received=	0.60345
Feedback: 0.66
Received=	0.22858
Feedback: 0.66
Received=	-0.44251
Feedback: 0.66
Received=	-0.85549
Feedback: 0.66
Received=	-0.89688
Feedback: 0.66
Received=	-0.25773
Feedback: 0.66
Received=	-0.19335
Feedback: 0.66
Received=	0.034573
Feedback: 0.66
Received=	0.13105
Feedback: 0.66
Received=	0.035536
Feedback: 0.66
Received=	0.088446
Feedback: 0.66
Received=	-0.27148
Feedback: 0.66
Received=	0.40413
Feedback: 0.66
Received=	0.15372
Feedback: 0.66
Received=	0.25287
=====  12:25:20 - NF  ============
Feedback: 0.37207
Received=	0.842
Feedback: 0.1
Received=	0.85251
Feedback: 0.1
Received=	0.22909
Feedback: 0.38369
Received=	0.3722
Feedback: 0.31377
Received=	-0.057617
Feedback: 0.52377
Received=	-0.13794
Feedback: 0.56302
Received=	-0.20788
Feedback: 0.59719
Received=	-0.014589
Feedback: 0.50275
Received=	0.0071119
Feedback: 0.49215
Received=	0.038324
Feedback: 0.4769
Received=	-0.027096
Feedback: 0.50886
Received=	0.0010292
Feedback: 0.49512
Received=	0.027171
Feedback: 0.48235
Received=	-0.16382
Feedback: 0.57566
Received=	-0.08772
Feedback: 0.53848
Received=	-0.25359
Feedback: 0.61952
Received=	-0.35756
Feedback: 0.67032
Received=	-0.59596
Feedback: 0.7868
Received=	-0.36377
Feedback: 0.67335
Received=	0.07574
Feedback: 0.45862
Received=	0.17182
Feedback: 0.41167
Received=	-0.062521
Feedback: 0.52617
Received=	0.10577
Feedback: 0.44394
Received=	-0.094905
Feedback: 0.54199
Received=	-0.1035
Feedback: 0.54619
Received=	-0.011711
Feedback: 0.50134
Received=	0.33527
Feedback: 0.33181
Received=	-0.011409
Feedback: 0.5012
Received=	-0.28226
Feedback: 0.63353
Received=	-0.28433
Feedback: 0.63454
Received=	-0.22146
Feedback: 0.60382
Received=	-0.0045505
Feedback: 0.49785
Received=	0.10422
Feedback: 0.4447
Received=	0.28032
Feedback: 0.35866
Received=	0.02142
Feedback: 0.48516
Received=	-0.0011971
Feedback: 0.49621
Received=	-0.032382
Feedback: 0.51144
Received=	0.12141
Feedback: 0.4363
Received=	0.2254
Feedback: 0.38549
Received=	0.14072
Feedback: 0.42687
Received=	-0.23587
Feedback: 0.61087
Received=	-0.43761
Feedback: 0.70943
Received=	-0.61562
Feedback: 0.79641
Received=	-0.10972
Feedback: 0.54923
Received=	0.22015
Feedback: 0.38806
Received=	0.20673
Feedback: 0.39461
Received=	-0.040319
Feedback: 0.51532
Received=	0.073782
Feedback: 0.45957
Received=	-0.16198
Feedback: 0.57476
Received=	-0.079041
Feedback: 0.53424
Received=	0.28434
Feedback: 0.3567
Received=	0.34749
Feedback: 0.32584
Received=	-0.44534
Feedback: 0.71321
Received=	-0.53098
Feedback: 0.75505
Received=	-0.64005
Feedback: 0.80834
Received=	-0.2698
Feedback: 0.62744
Received=	0.17932
Feedback: 0.40801
Received=	0.16547
Feedback: 0.41478
Received=	0.46976
Feedback: 0.2661
Calculated range:	[(-2.000000) - (2.000000)]
Success index = (-0.013124)
closing...
