Direction=-1.000000	; step=1.000000;
Received=	0
Feedback: 0.66
Received=	0
Feedback: 0.66
Received=	0
Feedback: 0.66
Received=	0.59641
Feedback: 0.66
Received=	0.07593
Feedback: 0.66
Received=	0.36619
Feedback: 0.66
Received=	0.68373
Feedback: 0.66
Received=	0.66645
Feedback: 0.66
Received=	0.52489
Feedback: 0.66
Received=	0.34023
Feedback: 0.66
Received=	0.064484
Feedback: 0.66
Received=	0.01536
Feedback: 0.66
Received=	0.10679
Feedback: 0.66
Received=	0.32837
Feedback: 0.66
Received=	0.39472
Feedback: 0.66
Received=	0.52115
Feedback: 0.66
Received=	0.47982
Feedback: 0.66
Received=	0.34801
Feedback: 0.66
Received=	0.18854
Feedback: 0.66
Received=	0.28257
Feedback: 0.66
Received=	0.39631
=====  12:31:35 - NF  ============
Feedback: 0.44207
Received=	0.45448
Feedback: 0.38933
Received=	0.25801
Feedback: 0.56748
Received=	0.31034
Feedback: 0.52002
Received=	0.47641
Feedback: 0.36945
Received=	0.45218
Feedback: 0.39142
Received=	0.42032
Feedback: 0.4203
Received=	0.27136
Feedback: 0.55537
Received=	0.25371
Feedback: 0.57137
Received=	0.21688
Feedback: 0.60477
Received=	0.3495
Feedback: 0.48451
Received=	0.29925
Feedback: 0.53008
Received=	0.14686
Feedback: 0.66825
Received=	0.1223
Feedback: 0.69053
Received=	0.15415
Feedback: 0.66164
Received=	0.49144
Feedback: 0.35582
Received=	0.45486
Feedback: 0.38899
Received=	0.65902
Feedback: 0.20387
Received=	0.77273
Feedback: 0.10077
Received=	0.87287
Feedback: 0.1
Received=	0.69816
Feedback: 0.16838
Received=	0.55678
Feedback: 0.29657
Received=	0.40637
Feedback: 0.43296
Received=	0.30881
Feedback: 0.52141
Received=	0.20457
Feedback: 0.61592
Received=	0.18432
Feedback: 0.63429
Received=	0.4031
Feedback: 0.43592
Received=	0.3737
Feedback: 0.46257
Received=	0.30914
Feedback: 0.52111
Received=	0.3266
Feedback: 0.50528
Received=	0.3917
Feedback: 0.44626
Received=	0.15249
Feedback: 0.66315
Received=	0.1718
Feedback: 0.64564
Received=	0.24543
Feedback: 0.57888
Received=	0.44905
Feedback: 0.39426
Received=	0.62245
Feedback: 0.23703
Received=	0.52454
Feedback: 0.32581
Received=	0.59655
Feedback: 0.26052
Received=	0.57839
Feedback: 0.27698
Received=	0.34029
Feedback: 0.49287
Received=	0.52344
Feedback: 0.32681
Received=	0.38608
Feedback: 0.45135
Received=	0.33287
Feedback: 0.4996
Received=	0.3385
Feedback: 0.49449
Received=	0.19545
Feedback: 0.62419
Received=	0.13954
Feedback: 0.67489
Received=	0.1784
Feedback: 0.63966
Received=	0.17069
Feedback: 0.64665
Received=	0.21274
Feedback: 0.60852
Received=	0.41897
Feedback: 0.42152
Received=	0.41464
Feedback: 0.42545
Received=	0.48507
Feedback: 0.36159
Received=	0.71215
Feedback: 0.15569
Received=	0.53525
Feedback: 0.3161
Received=	0.32753
Feedback: 0.50444
Received=	0.40801
Feedback: 0.43146
Received=	0.3857
Feedback: 0.45169
Received=	0.39599
Feedback: 0.44236
Received=	0.36552
Feedback: 0.46999
Received=	0.21454
Feedback: 0.60689
Calculated range:	[(-2.000000) - (2.000000)]
Success index = (0.265071)
Received=	0.33641
=====  12:34:35 - BASE  ============
Feedback: 0.66
Received=	0.78398
Feedback: 0.66
Received=	0.88717
Feedback: 0.66
Received=	0.46081
Feedback: 0.66
Received=	0.60976
Feedback: 0.66
Received=	0.67929
Feedback: 0.66
Received=	0.29963
Feedback: 0.66
Received=	0.41666
Feedback: 0.66
Received=	0.4354
Feedback: 0.66
Received=	0.41073
Feedback: 0.66
Received=	0.23068
Feedback: 0.66
Received=	0.095484
Feedback: 0.66
Received=	0.49794
Feedback: 0.66
Received=	0.83252
Feedback: 0.66
Received=	1.0925
Feedback: 0.66
Received=	0.74622
Feedback: 0.66
Received=	0.37921
Feedback: 0.66
Received=	0.17844
Feedback: 0.66
Received=	0.17661
Feedback: 0.66
Received=	0.17548
Feedback: 0.66
Received=	0.75481
=====  12:35:35 - NF  ============
Feedback: 0.30227
Received=	1.2701
Feedback: 0.1
Received=	1.0525
Feedback: 0.1
Received=	0.63739
Feedback: 0.38616
Received=	0.46212
Feedback: 0.51136
Received=	0.26572
Feedback: 0.65167
Received=	0.26809
Feedback: 0.64997
Received=	0.33528
Feedback: 0.60198
Received=	0.3079
Feedback: 0.62154
Received=	0.22261
Feedback: 0.68247
Received=	0.24209
Feedback: 0.66855
Received=	0.17054
Feedback: 0.71966
Received=	0.091813
Feedback: 0.7759
Received=	0.28195
Feedback: 0.64008
Received=	0.27291
Feedback: 0.64654
Received=	0.21393
Feedback: 0.68867
Received=	0.18606
Feedback: 0.70858
Received=	0.34054
Feedback: 0.59822
Received=	0.0088478
Feedback: 0.83517
Received=	-0.17749
Feedback: 0.9
Received=	-0.16768
Feedback: 0.9
Received=	0.33259
Feedback: 0.60389
Received=	0.847
Feedback: 0.23641
Received=	0.70554
Feedback: 0.33747
Received=	0.53498
Feedback: 0.45931
Received=	0.54131
Feedback: 0.45479
Received=	0.51491
Feedback: 0.47365
Received=	0.67183
Feedback: 0.36155
Received=	0.75206
Feedback: 0.30424
Received=	0.39009
Feedback: 0.56282
Received=	-0.18084
Feedback: 0.9
Received=	0.045183
Feedback: 0.80922
Received=	0.088861
Feedback: 0.77801
Received=	0.33551
Feedback: 0.60181
Received=	0.3414
Feedback: 0.5976
Received=	0.23974
Feedback: 0.67023
Received=	0.50704
Feedback: 0.47927
Received=	0.37546
Feedback: 0.57327
Received=	0.2562
Feedback: 0.65847
Received=	0.40897
Feedback: 0.54933
Received=	0.46361
Feedback: 0.5103
Received=	0.22178
Feedback: 0.68306
Received=	0.11795
Feedback: 0.75723
Received=	0.28551
Feedback: 0.63753
Received=	0.41583
Feedback: 0.54443
Received=	0.51932
Feedback: 0.4705
Received=	0.41823
Feedback: 0.54272
Received=	0.10574
Feedback: 0.76596
Received=	0.096596
Feedback: 0.77249
Received=	0.23322
Feedback: 0.67488
Received=	0.36026
Feedback: 0.58413
Received=	0.065053
Feedback: 0.79502
Received=	-0.038571
Feedback: 0.86905
Received=	-0.076519
Feedback: 0.89616
Received=	-0.10617
Feedback: 0.9
Received=	-0.17643
Feedback: 0.9
Received=	-0.2305
Feedback: 0.9
Received=	-0.28689
Feedback: 0.9
Received=	-0.038473
Feedback: 0.86898
Received=	0.11382
Feedback: 0.76018
Calculated range:	[(-2.000000) - (2.000000)]
Success index = (-0.635492)
Received=	0.40346
=====  12:38:35 - BASE  ============
Feedback: 0.66
Received=	0.53833
Feedback: 0.66
Received=	0.98025
Feedback: 0.66
Received=	0.94763
Feedback: 0.66
Received=	0.83434
Feedback: 0.66
Received=	0.8847
Feedback: 0.66
Received=	0.58754
Feedback: 0.66
Received=	0.37299
Feedback: 0.66
Received=	0.41001
Feedback: 0.66
Received=	0.30883
Feedback: 0.66
Received=	0.19417
Feedback: 0.66
Received=	0.1689
Feedback: 0.66
Received=	0.22519
Feedback: 0.66
Received=	0.31464
Feedback: 0.66
Received=	0.039024
Feedback: 0.66
Received=	-0.08004
Feedback: 0.66
Received=	-0.24916
Feedback: 0.66
Received=	-0.35786
Feedback: 0.66
Received=	-0.21388
Feedback: 0.66
Received=	-0.22078
Feedback: 0.66
Received=	-0.30411
=====  12:39:35 - NF  ============
Feedback: 0.77534
Received=	-0.43854
Feedback: 0.83808
Received=	-0.39619
Feedback: 0.81831
Received=	-0.57661
Feedback: 0.9
Received=	-0.61033
Feedback: 0.9
Received=	-0.41238
Feedback: 0.82586
Received=	-0.26176
Feedback: 0.75558
Received=	-0.076239
Feedback: 0.669
Received=	0.018753
Feedback: 0.62467
Received=	0.1902
Feedback: 0.54467
Received=	0.07169
Feedback: 0.59997
Received=	0.043712
Feedback: 0.61303
Received=	0.10947
Feedback: 0.58234
Received=	0.1734
Feedback: 0.5525
Received=	0.38604
Feedback: 0.45327
Received=	0.2495
Feedback: 0.51699
Received=	0.0016546
Feedback: 0.63265
Received=	0.30601
Feedback: 0.49062
Received=	0.73156
Feedback: 0.29204
Received=	0.66257
Feedback: 0.32423
Received=	0.81107
Feedback: 0.25493
Received=	0.70088
Feedback: 0.30635
Received=	0.35996
Feedback: 0.46545
Received=	0.18723
Feedback: 0.54605
Received=	0.075647
Feedback: 0.59812
Received=	0.098698
Feedback: 0.58737
Received=	0.28223
Feedback: 0.50172
Received=	0.66844
Feedback: 0.32149
Received=	0.53815
Feedback: 0.38229
Received=	0.023165
Feedback: 0.62261
Received=	-0.21991
Feedback: 0.73605
Received=	-0.074425
Feedback: 0.66816
Received=	-0.067846
Feedback: 0.66509
Received=	0.071354
Feedback: 0.60013
Received=	0.07235
Feedback: 0.59966
Received=	-0.037085
Feedback: 0.65073
Received=	-0.18856
Feedback: 0.72142
Received=	0.19069
Feedback: 0.54444
Received=	0.54678
Feedback: 0.37827
Received=	0.56957
Feedback: 0.36763
Received=	0.50357
Feedback: 0.39843
Received=	0.59088
Feedback: 0.35769
Received=	0.71351
Feedback: 0.30046
Received=	0.3969
Feedback: 0.44821
Received=	0.30564
Feedback: 0.49079
Received=	0.42197
Feedback: 0.43651
Received=	0.39191
Feedback: 0.45054
Received=	0.2004
Feedback: 0.53991
Received=	-0.043157
Feedback: 0.65356
Received=	0.12662
Feedback: 0.57433
Received=	1.2265
Feedback: 0.1
Received=	1.0675
Feedback: 0.13526
Received=	0.5731
Feedback: 0.36598
Received=	0.16311
Feedback: 0.55731
Received=	0.38275
Feedback: 0.45481
Received=	0.76071
Feedback: 0.27843
Received=	0.77058
Feedback: 0.27383
Received=	0.68934
Feedback: 0.31174
Received=	0.44354
Feedback: 0.42644
Received=	0.216
Feedback: 0.53263
Calculated range:	[(-2.000000) - (2.000000)]
Success index = (-0.115837)
Received=	0.046694
=====  12:42:35 - BASE  ============
Feedback: 0.66
Received=	0.33635
Feedback: 0.66
Received=	0.29215
Feedback: 0.66
Received=	0.74384
Feedback: 0.66
Received=	0.9536
Feedback: 0.66
Received=	0.77119
Feedback: 0.66
Received=	0.7337
Feedback: 0.66
Received=	0.49488
Feedback: 0.66
Received=	0.57452
Feedback: 0.66
Received=	0.53396
Feedback: 0.66
Received=	0.47674
Feedback: 0.66
Received=	0.36333
Feedback: 0.66
Received=	0.2632
Feedback: 0.66
Received=	0.18136
Feedback: 0.66
Received=	0.3619
Feedback: 0.66
Received=	0.3417
Feedback: 0.66
Received=	0.35557
Feedback: 0.66
Received=	0.49853
Feedback: 0.66
Received=	0.67994
Feedback: 0.66
Received=	0.61317
Feedback: 0.66
Received=	0.301
=====  12:43:35 - NF  ============
Feedback: 0.70495
Received=	0.12358
Feedback: 0.87651
Received=	0.62694
Feedback: 0.38978
Received=	0.90682
Feedback: 0.11916
Received=	0.83434
Feedback: 0.18924
Received=	0.50474
Feedback: 0.50795
Received=	0.16907
Feedback: 0.83252
Received=	0.22544
Feedback: 0.77802
Received=	0.376
Feedback: 0.63243
Received=	0.45843
Feedback: 0.55272
Received=	0.31711
Feedback: 0.68938
Received=	0.10288
Feedback: 0.89653
Received=	0.11994
Feedback: 0.88002
Received=	0.1783
Feedback: 0.8236
Received=	0.19367
Feedback: 0.80873
Received=	0.41993
Feedback: 0.58996
Received=	0.50013
Feedback: 0.5124
Received=	0.32866
Feedback: 0.6782
Received=	0.13067
Feedback: 0.86965
Received=	0.26751
Feedback: 0.73734
Received=	0.1838
Feedback: 0.81828
Received=	0.19911
Feedback: 0.80347
Received=	0.30012
Feedback: 0.7058
Received=	0.1315
Feedback: 0.86884
Received=	0.25021
Feedback: 0.75407
Received=	0.10725
Feedback: 0.8923
Received=	0.13929
Feedback: 0.86131
Received=	0.033459
Feedback: 0.9
Received=	0.31353
Feedback: 0.69284
Received=	0.81304
Feedback: 0.20983
Received=	0.64447
Feedback: 0.37284
Received=	0.36525
Feedback: 0.64283
Received=	0.43977
Feedback: 0.57077
Received=	0.48284
Feedback: 0.52912
Received=	0.20161
Feedback: 0.80106
Received=	0.22037
Feedback: 0.78292
Received=	0.3357
Feedback: 0.6714
Received=	0.32521
Feedback: 0.68155
Received=	0.63
Feedback: 0.38683
Received=	0.59562
Feedback: 0.42008
Received=	0.63484
Feedback: 0.38215
Received=	0.37883
Feedback: 0.6297
Received=	0.23734
Feedback: 0.76651
Received=	0.29057
Feedback: 0.71503
Received=	0.26985
Feedback: 0.73507
Received=	0.24808
Feedback: 0.75612
Received=	0.1237
Feedback: 0.87639
Received=	0.075365
Feedback: 0.9
Received=	-0.10897
Feedback: 0.9
Received=	0.21381
Feedback: 0.78926
Received=	0.48395
Feedback: 0.52805
Received=	0.36212
Feedback: 0.64585
Received=	0.15501
Feedback: 0.84612
Received=	0.15423
Feedback: 0.84687
Received=	0.44594
Feedback: 0.5648
Received=	0.28435
Feedback: 0.72105
Received=	0.01971
Feedback: 0.9
Received=	0.095871
Feedback: 0.9
Received=	0.38038
Feedback: 0.6282
Received=	0.29338
Feedback: 0.71232
Calculated range:	[(-2.000000) - (2.000000)]
Success index = (-0.964217)
Received=	0.65376
=====  12:46:35 - BASE  ============
Feedback: 0.66
Received=	0.65043
Feedback: 0.66
Received=	0.67438
Feedback: 0.66
Received=	0.69275
Feedback: 0.66
Received=	0.81562
Feedback: 0.66
Received=	1.0553
Feedback: 0.66
Received=	1.1296
Feedback: 0.66
Received=	0.76956
Feedback: 0.66
Received=	0.74519
Feedback: 0.66
Received=	0.50684
Feedback: 0.66
Received=	0.20631
Feedback: 0.66
Received=	0.30968
Feedback: 0.66
Received=	0.42955
Feedback: 0.66
Received=	1.0685
Feedback: 0.66
Received=	1.078
Feedback: 0.66
Received=	0.91091
Feedback: 0.66
Received=	0.94167
Feedback: 0.66
Received=	0.60145
Feedback: 0.66
Received=	0.55894
Feedback: 0.66
Received=	0.54529
Feedback: 0.66
Received=	0.33534
=====  12:47:35 - NF  ============
Feedback: 0.78553
Received=	0.27871
Feedback: 0.82709
Received=	0.29124
Feedback: 0.81789
Received=	0.11385
Feedback: 0.9
Received=	0.1624
Feedback: 0.9
Received=	0.30357
Feedback: 0.80884
Received=	0.37333
Feedback: 0.75765
Received=	0.48643
Feedback: 0.67465
Received=	0.33152
Feedback: 0.78833
Received=	0.2068
Feedback: 0.87986
Received=	0.18262
Feedback: 0.8976
Received=	0.17713
Feedback: 0.9
Received=	0.31185
Feedback: 0.80277
Received=	0.65753
Feedback: 0.54909
Received=	0.42997
Feedback: 0.71608
Received=	0.24584
Feedback: 0.85121
Received=	0.25441
Feedback: 0.84492
Received=	0.32529
Feedback: 0.79291
Received=	0.22064
Feedback: 0.86971
Received=	0.41769
Feedback: 0.7251
Received=	0.46319
Feedback: 0.6917
Received=	0.22013
Feedback: 0.87008
Received=	0.22144
Feedback: 0.86912
Received=	0.081045
Feedback: 0.9
Received=	0.26148
Feedback: 0.83973
Received=	0.19574
Feedback: 0.88797
Received=	0.072885
Feedback: 0.9
Received=	0.063266
Feedback: 0.9
Received=	0.51267
Feedback: 0.6554
Received=	0.54669
Feedback: 0.63042
Received=	0.43585
Feedback: 0.71177
Received=	0.28051
Feedback: 0.82577
Received=	0.49684
Feedback: 0.66701
Received=	0.69638
Feedback: 0.52058
Received=	0.82995
Feedback: 0.42256
Received=	0.63818
Feedback: 0.56329
Received=	0.55111
Feedback: 0.62718
Received=	0.91447
Feedback: 0.36053
Received=	0.83826
Feedback: 0.41645
Received=	0.6261
Feedback: 0.57215
Received=	0.6341
Feedback: 0.56628
Received=	0.52038
Feedback: 0.64973
Received=	0.46676
Feedback: 0.68909
Received=	0.34323
Feedback: 0.77974
Received=	0.33501
Feedback: 0.78577
Received=	0.11002
Feedback: 0.9
Received=	0.21252
Feedback: 0.87566
Received=	0.37741
Feedback: 0.75465
Received=	0.2945
Feedback: 0.8155
Received=	0.025509
Feedback: 0.9
Received=	-0.16673
Feedback: 0.9
Received=	-0.313
Feedback: 0.9
Received=	-0.25719
Feedback: 0.9
Received=	-0.30581
Feedback: 0.9
Received=	0.14149
Feedback: 0.9
Received=	0.16903
Feedback: 0.9
Received=	0.21345
Feedback: 0.87498
Received=	0.25379
Feedback: 0.84537
Received=	0.18775
Feedback: 0.89384
Received=	-0.03004
Feedback: 0.9
Calculated range:	[(-2.623359) - (1.376641)]
Success index = (-1.623359)
closing...
