Direction=-1.000000	; step=1.000000;
Received=	0
Feedback: 0.66
Received=	0
Feedback: 0.66
Received=	0
Feedback: 0.66
Received=	0.53878
Feedback: 0.66
Received=	-0.12852
Feedback: 0.66
Received=	-0.31633
Feedback: 0.66
Received=	-0.47438
Feedback: 0.66
Received=	-0.88014
Feedback: 0.66
Received=	-0.8924
Feedback: 0.66
Received=	-1.1752
Feedback: 0.66
Received=	-1.0353
Feedback: 0.66
Received=	-0.93864
Feedback: 0.66
Received=	-1.0188
Feedback: 0.66
Received=	-0.68033
Feedback: 0.66
Received=	-0.52364
Feedback: 0.66
Received=	-0.37178
Feedback: 0.66
Received=	-0.67141
Feedback: 0.66
Received=	-0.70603
Feedback: 0.66
Received=	-0.92649
Feedback: 0.66
Received=	-1.3144
Feedback: 0.66
Received=	-0.9458
=====  12:25:1 - NF  ============
Feedback: 0.63267
Received=	-0.66337
Feedback: 0.51025
Received=	-0.63726
Feedback: 0.49893
Received=	-0.49994
Feedback: 0.43941
Received=	-0.27532
Feedback: 0.34204
Received=	-0.27794
Feedback: 0.34318
Received=	-0.20421
Feedback: 0.31122
Received=	-0.048981
Feedback: 0.24393
Received=	-0.34903
Feedback: 0.37399
Received=	-0.23104
Feedback: 0.32285
Received=	-0.41512
Feedback: 0.40264
Received=	-1.1343
Feedback: 0.71437
Received=	-0.85347
Feedback: 0.59265
Received=	-0.47561
Feedback: 0.42886
Received=	-0.52355
Feedback: 0.44964
Received=	-0.49688
Feedback: 0.43808
Received=	-0.052692
Feedback: 0.24554
Received=	-0.075836
Feedback: 0.25557
Received=	-0.077259
Feedback: 0.25619
Received=	-0.22638
Feedback: 0.32083
Received=	-0.030026
Feedback: 0.23572
Received=	0.058974
Feedback: 0.19714
Received=	0.014586
Feedback: 0.21638
Received=	-0.3285
Feedback: 0.3651
Received=	-0.59989
Feedback: 0.48273
Received=	-0.65544
Feedback: 0.50681
Received=	-0.38947
Feedback: 0.39152
Received=	-0.44786
Feedback: 0.41683
Received=	-0.42936
Feedback: 0.40881
Received=	-0.23105
Feedback: 0.32285
Received=	0.2947
Feedback: 0.1
Received=	0.79851
Feedback: 0.1
Received=	0.31935
Feedback: 0.1
Received=	0.030328
Feedback: 0.20955
Received=	-0.12229
Feedback: 0.27571
Received=	-0.22455
Feedback: 0.32004
Received=	-0.23241
Feedback: 0.32344
Received=	0.2227
Feedback: 0.12617
Received=	-0.18609
Feedback: 0.30336
Received=	-0.49276
Feedback: 0.43629
Received=	-0.29482
Feedback: 0.35049
Received=	0.28879
Feedback: 0.1
Received=	0.37489
Feedback: 0.1
Received=	0.37925
Feedback: 0.1
Received=	0.12803
Feedback: 0.1672
Received=	0.044086
Feedback: 0.20359
Received=	0.41406
Feedback: 0.1
Received=	0.043104
Feedback: 0.20402
Received=	-0.077662
Feedback: 0.25636
Received=	-0.1829
Feedback: 0.30198
Received=	-0.54652
Feedback: 0.4596
Received=	-0.39929
Feedback: 0.39578
Received=	0.13151
Feedback: 0.1657
Received=	0.13302
Feedback: 0.16504
Received=	-0.13639
Feedback: 0.28182
Received=	-0.22997
Feedback: 0.32238
Received=	-0.2379
Feedback: 0.32582
Received=	-0.52232
Feedback: 0.44911
Received=	-0.28068
Feedback: 0.34437
Received=	0.2648
Feedback: 0.10792
Calculated range:	[(-2.000000) - (2.000000)]
Success index = (1.161602)
Received=	0.51771
=====  12:28:1 - BASE  ============
Feedback: 0.66
Received=	0.33263
Feedback: 0.66
Received=	-0.054759
Feedback: 0.66
Received=	-0.17054
Feedback: 0.66
Received=	0.018497
Feedback: 0.66
Received=	0.16794
Feedback: 0.66
Received=	0.26915
Feedback: 0.66
Received=	0.14881
Feedback: 0.66
Received=	-0.097691
Feedback: 0.66
Received=	-0.34042
Feedback: 0.66
Received=	-0.61597
Feedback: 0.66
Received=	-0.49879
Feedback: 0.66
Received=	-0.44328
Feedback: 0.66
Received=	-0.49705
Feedback: 0.66
Received=	-0.71842
Feedback: 0.66
Received=	-0.39784
Feedback: 0.66
Received=	-0.17383
Feedback: 0.66
Received=	-0.026031
Feedback: 0.66
Received=	-0.23
Feedback: 0.66
Received=	0.029822
Feedback: 0.66
Received=	0.30109
=====  12:29:1 - NF  ============
Feedback: 0.14697
Received=	-0.32922
Feedback: 0.58955
Received=	-0.64655
Feedback: 0.81236
Received=	-0.12544
Feedback: 0.44646
Received=	0.18233
Feedback: 0.23036
Received=	0.21428
Feedback: 0.20793
Received=	0.17065
Feedback: 0.23856
Received=	0.43943
Feedback: 0.1
Received=	0.16829
Feedback: 0.24022
Received=	0.31093
Feedback: 0.14007
Received=	0.41557
Feedback: 0.1
Received=	0.78179
Feedback: 0.1
Received=	0.24576
Feedback: 0.18582
Received=	-0.041859
Feedback: 0.38778
Received=	0.40138
Feedback: 0.1
Received=	0.81866
Feedback: 0.1
Received=	0.65883
Feedback: 0.1
Received=	0.85371
Feedback: 0.1
Received=	0.74071
Feedback: 0.1
Received=	0.12143
Feedback: 0.27312
Received=	-0.43552
Feedback: 0.66418
Received=	-0.46664
Feedback: 0.68603
Received=	-0.64895
Feedback: 0.81404
Received=	-0.57908
Feedback: 0.76498
Received=	0.48019
Feedback: 0.1
Received=	0.66209
Feedback: 0.1
Received=	0.44194
Feedback: 0.1
Received=	0.080736
Feedback: 0.3017
Received=	0.070162
Feedback: 0.30912
Received=	0.61712
Feedback: 0.1
Received=	0.33482
Feedback: 0.12329
Received=	0.30832
Feedback: 0.1419
Received=	0.1551
Feedback: 0.24949
Received=	0.12743
Feedback: 0.26891
Received=	0.38304
Feedback: 0.1
Received=	0.30477
Feedback: 0.14439
Received=	0.31247
Feedback: 0.13898
Received=	0.25237
Feedback: 0.18119
Received=	0.44759
Feedback: 0.1
Received=	0.34027
Feedback: 0.11947
Received=	0.62355
Feedback: 0.1
Received=	0.78579
Feedback: 0.1
Received=	0.47338
Feedback: 0.1
Received=	0.49521
Feedback: 0.1
Received=	-0.48199
Feedback: 0.69681
Received=	-0.67745
Feedback: 0.83405
Received=	0.031555
Feedback: 0.33623
Received=	-0.33012
Feedback: 0.59018
Received=	-0.01276
Feedback: 0.36735
Received=	0.14293
Feedback: 0.25803
Received=	0.2465
Feedback: 0.18531
Received=	0.17724
Feedback: 0.23394
Received=	0.52097
Feedback: 0.1
Received=	0.34379
Feedback: 0.11699
Received=	0.24039
Feedback: 0.1896
Received=	0.46837
Feedback: 0.1
Received=	0.50546
Feedback: 0.1
Received=	0.63222
Feedback: 0.1
Received=	0.57182
Feedback: 0.1
Received=	0.3592
Feedback: 0.10617
Calculated range:	[(-2.000000) - (2.000000)]
Success index = (1.200898)
Received=	0.56112
=====  12:32:1 - BASE  ============
Feedback: 0.66
Received=	0.26425
Feedback: 0.66
Received=	-0.35686
Feedback: 0.66
Received=	-0.61349
Feedback: 0.66
Received=	-0.40561
Feedback: 0.66
Received=	-0.46949
Feedback: 0.66
Received=	-0.1193
Feedback: 0.66
Received=	-0.23102
Feedback: 0.66
Received=	-0.45484
Feedback: 0.66
Received=	-0.086281
Feedback: 0.66
Received=	0.050279
Feedback: 0.66
Received=	0.65045
Feedback: 0.66
Received=	1.4272
Feedback: 0.66
Received=	1.1531
Feedback: 0.66
Received=	0.48396
Feedback: 0.66
Received=	-0.16054
Feedback: 0.66
Received=	-0.61473
Feedback: 0.66
Received=	-0.41439
Feedback: 0.66
Received=	-0.61565
Feedback: 0.66
Received=	-0.7618
Feedback: 0.66
Received=	-0.32327
=====  12:33:1 - NF  ============
Feedback: 0.57632
Received=	-0.34356
Feedback: 0.58283
Received=	-0.41608
Feedback: 0.60611
Received=	-0.27185
Feedback: 0.55981
Received=	-0.086056
Feedback: 0.50018
Received=	-0.12135
Feedback: 0.5115
Received=	-0.19257
Feedback: 0.53437
Received=	-0.16438
Feedback: 0.52532
Received=	0.18957
Feedback: 0.41171
Received=	0.23033
Feedback: 0.39862
Received=	-0.093716
Feedback: 0.50264
Received=	0.1246
Feedback: 0.43256
Received=	0.4912
Feedback: 0.31489
Received=	0.55527
Feedback: 0.29432
Received=	0.92122
Feedback: 0.17686
Received=	0.25076
Feedback: 0.39206
Received=	0.22769
Feedback: 0.39947
Received=	0.073688
Feedback: 0.4489
Received=	0.47256
Feedback: 0.32087
Received=	0.58384
Feedback: 0.28515
Received=	0.94761
Feedback: 0.16838
Received=	0.43872
Feedback: 0.33173
Received=	0.43663
Feedback: 0.3324
Received=	0.4966
Feedback: 0.31315
Received=	0.58647
Feedback: 0.28431
Received=	0.33662
Feedback: 0.3645
Received=	-0.22067
Feedback: 0.54339
Received=	-0.52658
Feedback: 0.64158
Received=	-0.41497
Feedback: 0.60575
Received=	-0.40525
Feedback: 0.60263
Received=	0.30382
Feedback: 0.37503
Received=	0.058931
Feedback: 0.45364
Received=	-0.6439
Feedback: 0.67923
Received=	-1.2276
Feedback: 0.86658
Received=	-1.4648
Feedback: 0.9
Received=	-1.1758
Feedback: 0.84996
Received=	-0.47257
Feedback: 0.62424
Received=	0.34339
Feedback: 0.36233
Received=	0.72697
Feedback: 0.23921
Received=	0.79801
Feedback: 0.2164
Received=	0.39377
Feedback: 0.34616
Received=	0.42668
Feedback: 0.3356
Received=	0.60062
Feedback: 0.27976
Received=	0.54424
Feedback: 0.29786
Received=	1.02
Feedback: 0.14516
Received=	1.0321
Feedback: 0.14127
Received=	0.80303
Feedback: 0.21479
Received=	0.70367
Feedback: 0.24669
Received=	0.98682
Feedback: 0.1558
Received=	1.0657
Feedback: 0.13049
Received=	0.50086
Feedback: 0.31178
Received=	0.87815
Feedback: 0.19068
Received=	0.96927
Feedback: 0.16143
Received=	0.78756
Feedback: 0.21976
Received=	0.76427
Feedback: 0.22724
Received=	0.68618
Feedback: 0.2523
Received=	0.94344
Feedback: 0.16972
Received=	0.99873
Feedback: 0.15198
Received=	0.33604
Feedback: 0.36469
Received=	0.44732
Feedback: 0.32897
Calculated range:	[(-2.000000) - (2.000000)]
Success index = (0.588337)
Received=	0.61051
=====  12:36:1 - BASE  ============
Feedback: 0.66
Received=	0.43718
Feedback: 0.66
Received=	-0.12766
Feedback: 0.66
Received=	0.35336
Feedback: 0.66
Received=	0.065525
Feedback: 0.66
Received=	-0.0084749
Feedback: 0.66
Received=	-0.10183
Feedback: 0.66
Received=	-0.044188
Feedback: 0.66
Received=	0.088894
Feedback: 0.66
Received=	0.27427
Feedback: 0.66
Received=	0.23107
Feedback: 0.66
Received=	0.063374
Feedback: 0.66
Received=	-0.34938
Feedback: 0.66
Received=	-0.38668
Feedback: 0.66
Received=	0.081068
Feedback: 0.66
Received=	0.39511
Feedback: 0.66
Received=	0.40765
Feedback: 0.66
Received=	0.24746
Feedback: 0.66
Received=	0.75018
Feedback: 0.66
Received=	0.59616
Feedback: 0.66
Received=	0.30517
=====  12:37:1 - NF  ============
Feedback: 0.39015
Received=	0.63773
Feedback: 0.16779
Received=	0.2086
Feedback: 0.45472
Received=	-0.12437
Feedback: 0.67736
Received=	-0.40821
Feedback: 0.86715
Received=	-1.0595
Feedback: 0.9
Received=	-1.1623
Feedback: 0.9
Received=	-1.1001
Feedback: 0.9
Received=	-1.1881
Feedback: 0.9
Received=	-1.0949
Feedback: 0.9
Received=	-1.2812
Feedback: 0.9
Received=	-1.4138
Feedback: 0.9
Received=	-0.83856
Feedback: 0.9
Received=	-0.44796
Feedback: 0.89373
Received=	-0.49379
Feedback: 0.9
Received=	-0.1344
Feedback: 0.68406
Received=	-0.019938
Feedback: 0.60753
Received=	-0.2313
Feedback: 0.74886
Received=	0.23149
Feedback: 0.43942
Received=	0.73588
Feedback: 0.10216
Received=	0.66275
Feedback: 0.15106
Received=	0.47007
Feedback: 0.2799
Received=	0.20379
Feedback: 0.45794
Received=	0.028941
Feedback: 0.57485
Received=	0.58993
Feedback: 0.19975
Received=	0.7673
Feedback: 0.1
Received=	1.0997
Feedback: 0.1
Received=	0.76866
Feedback: 0.1
Received=	0.2843
Feedback: 0.40411
Received=	0.32686
Feedback: 0.37565
Received=	0.29966
Feedback: 0.39384
Received=	1.2165
Feedback: 0.1
Received=	1.1636
Feedback: 0.1
Received=	0.65786
Feedback: 0.15433
Received=	-0.09044
Feedback: 0.65467
Received=	0.20664
Feedback: 0.45603
Received=	0.74314
Feedback: 0.1
Received=	1.5056
Feedback: 0.1
Received=	1.2831
Feedback: 0.1
Received=	0.72187
Feedback: 0.11153
Received=	0.66716
Feedback: 0.14811
Received=	1.1259
Feedback: 0.1
Received=	2.0476
Feedback: 0.1
Received=	1.557
Feedback: 0.1
Received=	0.68188
Feedback: 0.13827
Received=	0.3136
Feedback: 0.38451
Received=	0.20735
Feedback: 0.45556
Received=	0.48118
Feedback: 0.27247
Received=	0.23614
Feedback: 0.43631
Received=	0.030536
Feedback: 0.57378
Received=	-0.27215
Feedback: 0.77617
Received=	-0.37766
Feedback: 0.84672
Received=	0.13332
Feedback: 0.50506
Received=	0.48043
Feedback: 0.27297
Received=	0.32254
Feedback: 0.37854
Received=	-0.067474
Feedback: 0.63932
Received=	-0.23055
Feedback: 0.74835
Received=	0.70501
Feedback: 0.1228
Received=	1.1061
Feedback: 0.1
Received=	0.76434
Feedback: 0.1
Calculated range:	[(-2.000000) - (2.000000)]
Success index = (0.141215)
Received=	-0.079655
=====  12:40:1 - BASE  ============
Feedback: 0.66
Received=	-0.055282
Feedback: 0.66
Received=	-0.58176
Feedback: 0.66
Received=	-0.2268
Feedback: 0.66
Received=	-0.43184
Feedback: 0.66
Received=	-0.70192
Feedback: 0.66
Received=	-0.62422
Feedback: 0.66
Received=	-0.78558
Feedback: 0.66
Received=	-0.39612
Feedback: 0.66
Received=	-0.47363
Feedback: 0.66
Received=	-0.4284
Feedback: 0.66
Received=	-0.12408
Feedback: 0.66
Received=	0.35627
Feedback: 0.66
Received=	0.908
Feedback: 0.66
Received=	0.51557
Feedback: 0.66
Received=	1.0962
Feedback: 0.66
Received=	1.0298
Feedback: 0.66
Received=	0.37708
Feedback: 0.66
Received=	0.17363
Feedback: 0.66
Received=	-0.06398
Feedback: 0.66
Received=	0.032529
=====  12:41:1 - NF  ============
Feedback: 0.48235
Received=	0.070773
Feedback: 0.46979
Received=	-0.21623
Feedback: 0.56405
Received=	-0.63696
Feedback: 0.70224
Received=	-0.61662
Feedback: 0.69556
Received=	-0.19998
Feedback: 0.55872
Received=	-0.3883
Feedback: 0.62057
Received=	-0.25604
Feedback: 0.57713
Received=	-0.22374
Feedback: 0.56652
Received=	0.030288
Feedback: 0.48309
Received=	0.24712
Feedback: 0.41187
Received=	0.73573
Feedback: 0.25139
Received=	0.83643
Feedback: 0.21832
Received=	0.55311
Feedback: 0.31137
Received=	0.10056
Feedback: 0.46001
Received=	-0.034708
Feedback: 0.50443
Received=	0.28404
Feedback: 0.39974
Received=	0.28981
Feedback: 0.39785
Received=	0.48559
Feedback: 0.33355
Received=	0.57021
Feedback: 0.30575
Received=	0.98456
Feedback: 0.16967
Received=	0.86774
Feedback: 0.20803
Received=	0.409
Feedback: 0.3587
Received=	0.68155
Feedback: 0.26918
Received=	1.0596
Feedback: 0.14501
Received=	1.2143
Feedback: 0.1
Received=	0.357
Feedback: 0.37578
Received=	0.59347
Feedback: 0.29811
Received=	1.3414
Feedback: 0.1
Received=	1.2616
Feedback: 0.1
Received=	1.0406
Feedback: 0.15126
Received=	0.73566
Feedback: 0.25141
Received=	-0.67615
Feedback: 0.71511
Received=	-1.0714
Feedback: 0.84493
Received=	-1.1656
Feedback: 0.87587
Received=	-0.69801
Feedback: 0.72229
Received=	-0.32253
Feedback: 0.59897
Received=	-0.20164
Feedback: 0.55926
Received=	0.038045
Feedback: 0.48054
Received=	-0.011158
Feedback: 0.4967
Received=	0.27332
Feedback: 0.40326
Received=	0.19289
Feedback: 0.42968
Received=	0.62771
Feedback: 0.28687
Received=	0.81233
Feedback: 0.22623
Received=	1.1471
Feedback: 0.11627
Received=	0.34702
Feedback: 0.37906
Received=	-0.07425
Feedback: 0.51742
Received=	0.37877
Feedback: 0.36863
Received=	-0.14498
Feedback: 0.54065
Received=	0.16004
Feedback: 0.44047
Received=	0.38939
Feedback: 0.36514
Received=	0.31519
Feedback: 0.38951
Received=	0.16875
Feedback: 0.43761
Received=	0.4235
Feedback: 0.35394
Received=	0.85326
Feedback: 0.21279
Received=	0.87764
Feedback: 0.20478
Received=	0.9061
Feedback: 0.19544
Received=	1.4801
Feedback: 0.1
Received=	1.1888
Feedback: 0.10259
Received=	0.71361
Feedback: 0.25865
Calculated range:	[(-2.000000) - (2.000000)]
Success index = (0.566257)
closing...
