Direction=-1.000000	; step=1.000000;
Received=	0
Feedback: 0.66
Received=	0
Feedback: 0.66
Received=	0
Feedback: 0.66
Received=	-0.18747
Feedback: 0.66
Received=	-0.10284
Feedback: 0.66
Received=	-0.26251
Feedback: 0.66
Received=	-0.13086
Feedback: 0.66
Received=	-0.06597
Feedback: 0.66
Received=	0.10644
Feedback: 0.66
Received=	-0.14542
Feedback: 0.66
Received=	-0.2006
Feedback: 0.66
Received=	-0.14037
Feedback: 0.66
Received=	-0.06529
Feedback: 0.66
Received=	-0.12222
Feedback: 0.66
Received=	0.020217
Feedback: 0.66
Received=	0.15653
Feedback: 0.66
Received=	0.64388
Feedback: 0.66
Received=	0.29275
Feedback: 0.66
Received=	0.044358
Feedback: 0.66
Received=	-0.053976
Feedback: 0.66
Received=	0.382
=====  12:12:16 - NF  ============
Feedback: 0.13114
Received=	0.20443
Feedback: 0.29744
Received=	-0.38843
Feedback: 0.85268
Received=	-0.59123
Feedback: 0.9
Received=	0.23066
Feedback: 0.27288
Received=	0.03231
Feedback: 0.45864
Received=	-0.24339
Feedback: 0.71685
Received=	-0.15577
Feedback: 0.63479
Received=	-0.038867
Feedback: 0.5253
Received=	-0.33391
Feedback: 0.80163
Received=	-0.38928
Feedback: 0.85347
Received=	-0.036435
Feedback: 0.52302
Received=	0.33273
Feedback: 0.17729
Received=	-0.10514
Feedback: 0.58737
Received=	-0.22444
Feedback: 0.69909
Received=	-0.043358
Feedback: 0.52951
Received=	-0.082718
Feedback: 0.56637
Received=	-0.21498
Feedback: 0.69023
Received=	-0.39977
Feedback: 0.8633
Received=	-0.51785
Feedback: 0.9
Received=	-0.35891
Feedback: 0.82504
Received=	0.047498
Feedback: 0.44442
Received=	0.29568
Feedback: 0.21198
Received=	0.16971
Feedback: 0.32996
Received=	-0.38649
Feedback: 0.85086
Received=	-0.61423
Feedback: 0.9
Received=	-0.25077
Feedback: 0.72376
Received=	-0.20023
Feedback: 0.67643
Received=	-0.20103
Feedback: 0.67718
Received=	-0.66211
Feedback: 0.9
Received=	-0.62712
Feedback: 0.9
Received=	-0.37844
Feedback: 0.84332
Received=	-0.26123
Feedback: 0.73355
Received=	-0.61148
Feedback: 0.9
Received=	-0.60559
Feedback: 0.9
Received=	-0.17379
Feedback: 0.65166
Received=	0.30703
Feedback: 0.20135
Received=	0.52901
Feedback: 0.1
Received=	0.14211
Feedback: 0.35581
Received=	-0.35506
Feedback: 0.82143
Received=	-0.3319
Feedback: 0.79974
Received=	-0.29701
Feedback: 0.76706
Received=	-0.59189
Feedback: 0.9
Received=	-0.4766
Feedback: 0.9
Received=	-0.36592
Feedback: 0.8316
Received=	0.28994
Feedback: 0.21736
Received=	-0.13512
Feedback: 0.61545
Received=	-0.27386
Feedback: 0.74538
Received=	-0.25806
Feedback: 0.73059
Received=	-0.25237
Feedback: 0.72525
Received=	-0.044291
Feedback: 0.53038
Received=	0.48367
Feedback: 0.1
Received=	0.32292
Feedback: 0.18647
Received=	0.33992
Feedback: 0.17055
Received=	-0.039468
Feedback: 0.52586
Received=	-0.088427
Feedback: 0.57171
Received=	0.53622
Feedback: 0.1
Received=	0.82204
Feedback: 0.1
Received=	0.063898
Feedback: 0.42906
Received=	-0.11112
Feedback: 0.59296
Calculated range:	[(-2.000000) - (2.000000)]
Success index = (-0.347647)
Received=	-0.015315
=====  12:15:16 - BASE  ============
Feedback: 0.66
Received=	-0.04892
Feedback: 0.66
Received=	0.25107
Feedback: 0.66
Received=	0.15893
Feedback: 0.66
Received=	-0.068961
Feedback: 0.66
Received=	0.19661
Feedback: 0.66
Received=	0.38694
Feedback: 0.66
Received=	0.7041
Feedback: 0.66
Received=	0.69734
Feedback: 0.66
Received=	0.44626
Feedback: 0.66
Received=	0.36025
Feedback: 0.66
Received=	0.13185
Feedback: 0.66
Received=	-0.13248
Feedback: 0.66
Received=	0.63267
Feedback: 0.66
Received=	1.4219
Feedback: 0.66
Received=	0.96963
Feedback: 0.66
Received=	0.039378
Feedback: 0.66
Received=	0.040736
Feedback: 0.66
Received=	0.57637
Feedback: 0.66
Received=	-0.14005
Feedback: 0.66
Received=	-0.08068
=====  12:16:16 - NF  ============
Feedback: 0.71967
Received=	0.1978
Feedback: 0.58414
Received=	0.50807
Feedback: 0.43314
Received=	0.14079
Feedback: 0.61189
Received=	0.097413
Feedback: 0.633
Received=	0.35896
Feedback: 0.50571
Received=	0.26994
Feedback: 0.54904
Received=	0.31803
Feedback: 0.52563
Received=	0.48803
Feedback: 0.44289
Received=	-0.19919
Feedback: 0.77734
Received=	-0.041277
Feedback: 0.70049
Received=	-0.38405
Feedback: 0.86731
Received=	-0.45444
Feedback: 0.9
Received=	0.0075582
Feedback: 0.67673
Received=	0.29398
Feedback: 0.53733
Received=	0.11398
Feedback: 0.62494
Received=	0.12078
Feedback: 0.62163
Received=	-0.079455
Feedback: 0.71907
Received=	-0.13343
Feedback: 0.74534
Received=	0.23021
Feedback: 0.56837
Received=	0.42578
Feedback: 0.47319
Received=	0.57668
Feedback: 0.39975
Received=	-0.054394
Feedback: 0.70688
Received=	-0.037253
Feedback: 0.69854
Received=	0.25988
Feedback: 0.55393
Received=	0.4998
Feedback: 0.43717
Received=	0.74863
Feedback: 0.31607
Received=	0.33738
Feedback: 0.51621
Received=	0.46945
Feedback: 0.45194
Received=	0.066227
Feedback: 0.64818
Received=	-0.519
Feedback: 0.9
Received=	-0.083389
Feedback: 0.72099
Received=	0.6611
Feedback: 0.35867
Received=	0.58631
Feedback: 0.39507
Received=	-0.27494
Feedback: 0.81421
Received=	-0.24236
Feedback: 0.79835
Received=	-0.26977
Feedback: 0.8117
Received=	-0.58144
Feedback: 0.9
Received=	-0.26743
Feedback: 0.81055
Received=	0.22815
Feedback: 0.56937
Received=	0.01784
Feedback: 0.67172
Received=	0.061455
Feedback: 0.6505
Received=	0.22902
Feedback: 0.56895
Received=	0.80118
Feedback: 0.29049
Received=	0.72359
Feedback: 0.32826
Received=	-0.19072
Feedback: 0.77322
Received=	-0.18781
Feedback: 0.77181
Received=	-0.62197
Feedback: 0.9
Received=	-0.63064
Feedback: 0.9
Received=	-0.24638
Feedback: 0.80031
Received=	0.36406
Feedback: 0.50323
Received=	0.92543
Feedback: 0.23003
Received=	1.2416
Feedback: 0.1
Received=	0.23404
Feedback: 0.56651
Received=	-0.46709
Feedback: 0.9
Received=	-0.76547
Feedback: 0.9
Received=	0.13627
Feedback: 0.61409
Received=	-0.028308
Feedback: 0.69418
Received=	0.41948
Feedback: 0.47626
Received=	-0.41925
Feedback: 0.88444
Calculated range:	[(-2.000000) - (2.000000)]
Success index = (-0.655848)
Received=	-0.84274
=====  12:19:16 - BASE  ============
Feedback: 0.66
Received=	0.20892
Feedback: 0.66
Received=	-0.42803
Feedback: 0.66
Received=	-0.91266
Feedback: 0.66
Received=	-0.27884
Feedback: 0.66
Received=	0.24618
Feedback: 0.66
Received=	0.35138
Feedback: 0.66
Received=	0.095753
Feedback: 0.66
Received=	0.031147
Feedback: 0.66
Received=	-0.20283
Feedback: 0.66
Received=	-0.33263
Feedback: 0.66
Received=	-0.4738
Feedback: 0.66
Received=	0.068495
Feedback: 0.66
Received=	0.57951
Feedback: 0.66
Received=	0.12843
Feedback: 0.66
Received=	-0.15068
Feedback: 0.66
Received=	0.19821
Feedback: 0.66
Received=	-0.2492
Feedback: 0.66
Received=	-0.90912
Feedback: 0.66
Received=	-0.84998
Feedback: 0.66
Received=	-0.44592
=====  12:20:16 - NF  ============
Feedback: 0.62717
Received=	0.22663
Feedback: 0.3154
Received=	0.58923
Feedback: 0.14732
Received=	0.14026
Feedback: 0.35544
Received=	-0.42367
Feedback: 0.61685
Received=	-0.24095
Feedback: 0.53215
Received=	-0.13594
Feedback: 0.48347
Received=	-0.43271
Feedback: 0.62104
Received=	-0.75212
Feedback: 0.76911
Received=	0.032555
Feedback: 0.40537
Received=	-0.11082
Feedback: 0.47183
Received=	0.29502
Feedback: 0.2837
Received=	0.79447
Feedback: 0.1
Received=	0.37092
Feedback: 0.24852
Received=	0.021104
Feedback: 0.41067
Received=	-0.14928
Feedback: 0.48966
Received=	-0.83431
Feedback: 0.80721
Received=	0.16974
Feedback: 0.34177
Received=	0.96008
Feedback: 0.1
Received=	0.5156
Feedback: 0.18145
Received=	0.063405
Feedback: 0.39107
Received=	-0.63232
Feedback: 0.71358
Received=	-0.31912
Feedback: 0.56839
Received=	0.10873
Feedback: 0.37005
Received=	-0.20138
Feedback: 0.51381
Received=	0.27424
Feedback: 0.29333
Received=	-0.078238
Feedback: 0.45672
Received=	-0.81962
Feedback: 0.8004
Received=	-0.5861
Feedback: 0.69215
Received=	0.49865
Feedback: 0.1893
Received=	0.8415
Feedback: 0.1
Received=	0.31384
Feedback: 0.27497
Received=	-0.30449
Feedback: 0.56161
Received=	-0.46492
Feedback: 0.63597
Received=	-0.35783
Feedback: 0.58633
Received=	0.1703
Feedback: 0.34151
Received=	0.87068
Feedback: 0.1
Received=	-0.34976
Feedback: 0.58259
Received=	-0.97358
Feedback: 0.87177
Received=	-0.43221
Feedback: 0.62081
Received=	0.22337
Feedback: 0.31691
Received=	0.67156
Feedback: 0.10915
Received=	-0.31664
Feedback: 0.56724
Received=	-0.44557
Feedback: 0.62701
Received=	0.62294
Feedback: 0.13169
Received=	0.97856
Feedback: 0.1
Received=	-0.038692
Feedback: 0.43839
Received=	-0.68445
Feedback: 0.73774
Received=	-0.70277
Feedback: 0.74623
Received=	0.62116
Feedback: 0.13251
Received=	0.89402
Feedback: 0.1
Received=	0.73635
Feedback: 0.1
Received=	-0.05788
Feedback: 0.44729
Received=	-0.64458
Feedback: 0.71926
Received=	-0.18154
Feedback: 0.50461
Received=	1.1847
Feedback: 0.1
Received=	1.3493
Feedback: 0.1
Received=	-0.28363
Feedback: 0.55194
Received=	-0.79874
Feedback: 0.79072
Received=	-0.19873
Feedback: 0.51258
Calculated range:	[(-2.000000) - (2.000000)]
Success index = (0.356533)
Received=	0.33758
=====  12:23:16 - BASE  ============
Feedback: 0.66
Received=	0.96858
Feedback: 0.66
Received=	0.99474
Feedback: 0.66
Received=	0.43815
Feedback: 0.66
Received=	-0.15867
Feedback: 0.66
Received=	-0.6839
Feedback: 0.66
Received=	-0.017444
Feedback: 0.66
Received=	0.66124
Feedback: 0.66
Received=	0.038689
Feedback: 0.66
Received=	-0.85815
Feedback: 0.66
Received=	-0.86269
Feedback: 0.66
Received=	-0.33808
Feedback: 0.66
Received=	0.47473
Feedback: 0.66
Received=	0.29275
Feedback: 0.66
Received=	0.21519
Feedback: 0.66
Received=	-0.19501
Feedback: 0.66
Received=	0.29882
Feedback: 0.66
Received=	-0.076129
Feedback: 0.66
Received=	0.0035732
Feedback: 0.66
Received=	0.1081
Feedback: 0.66
Received=	0.63162
=====  12:24:16 - NF  ============
Feedback: 0.25349
Received=	0.24852
Feedback: 0.40756
Received=	-0.34588
Feedback: 0.64661
Received=	-0.63174
Feedback: 0.76157
Received=	-0.68614
Feedback: 0.78345
Received=	-0.43368
Feedback: 0.68192
Received=	0.38478
Feedback: 0.35276
Received=	0.88996
Feedback: 0.14959
Received=	0.65019
Feedback: 0.24602
Received=	1.0036
Feedback: 0.10388
Received=	0.65496
Feedback: 0.2441
Received=	0.35369
Feedback: 0.36526
Received=	-0.84542
Feedback: 0.84751
Received=	-0.20841
Feedback: 0.59132
Received=	-0.092007
Feedback: 0.54451
Received=	0.02416
Feedback: 0.49779
Received=	0.3233
Feedback: 0.37748
Received=	-0.14276
Feedback: 0.56492
Received=	0.037612
Feedback: 0.49238
Received=	0.53057
Feedback: 0.29413
Received=	0.84306
Feedback: 0.16845
Received=	0.68792
Feedback: 0.23085
Received=	0.58915
Feedback: 0.27057
Received=	0.68331
Feedback: 0.2327
Received=	-0.38022
Feedback: 0.66042
Received=	-0.681
Feedback: 0.78138
Received=	-0.72669
Feedback: 0.79976
Received=	0.46969
Feedback: 0.31861
Received=	0.71877
Feedback: 0.21844
Received=	0.32331
Feedback: 0.37748
Received=	0.62632
Feedback: 0.25562
Received=	0.98181
Feedback: 0.11265
Received=	-0.05356
Feedback: 0.52905
Received=	-0.75881
Feedback: 0.81268
Received=	0.24901
Feedback: 0.40736
Received=	0.47593
Feedback: 0.3161
Received=	0.93978
Feedback: 0.12955
Received=	-0.21245
Feedback: 0.59295
Received=	-0.59768
Feedback: 0.74787
Received=	-0.54867
Feedback: 0.72816
Received=	-0.38799
Feedback: 0.66354
Received=	0.41305
Feedback: 0.34139
Received=	1.0576
Feedback: 0.1
Received=	0.7351
Feedback: 0.21187
Received=	0.54609
Feedback: 0.28789
Received=	-0.22189
Feedback: 0.59674
Received=	-0.94008
Feedback: 0.88558
Received=	-0.32143
Feedback: 0.63677
Received=	0.66902
Feedback: 0.23844
Received=	1.1792
Feedback: 0.1
Received=	1.3142
Feedback: 0.1
Received=	-0.005408
Feedback: 0.50968
Received=	-0.56616
Feedback: 0.7352
Received=	0.34825
Feedback: 0.36745
Received=	0.24879
Feedback: 0.40745
Received=	-0.63444
Feedback: 0.76266
Received=	0.21569
Feedback: 0.42076
Received=	0.82199
Feedback: 0.17693
Received=	0.82972
Feedback: 0.17382
Received=	-0.021234
Feedback: 0.51604
Calculated range:	[(-2.000000) - (2.000000)]
Success index = (0.296697)
Received=	-0.21632
=====  12:27:16 - BASE  ============
Feedback: 0.66
Received=	0.59547
Feedback: 0.66
Received=	0.62672
Feedback: 0.66
Received=	-0.036318
Feedback: 0.66
Received=	0.30013
Feedback: 0.66
Received=	0.073398
Feedback: 0.66
Received=	-0.27981
Feedback: 0.66
Received=	-0.67587
Feedback: 0.66
Received=	-0.46159
Feedback: 0.66
Received=	-0.25047
Feedback: 0.66
Received=	0.055803
Feedback: 0.66
Received=	0.63197
Feedback: 0.66
Received=	0.61181
Feedback: 0.66
Received=	1.1876
Feedback: 0.66
Received=	1.4536
Feedback: 0.66
Received=	0.13583
Feedback: 0.66
Received=	-0.28361
Feedback: 0.66
Received=	-0.20691
Feedback: 0.66
Received=	-0.03909
Feedback: 0.66
Received=	-0.064608
Feedback: 0.66
Received=	-0.0089643
=====  12:28:16 - NF  ============
Feedback: 0.5584
Received=	0.12243
Feedback: 0.51142
Received=	0.44533
Feedback: 0.39597
Received=	0.19906
Feedback: 0.48402
Received=	0.038002
Feedback: 0.54161
Received=	-0.4008
Feedback: 0.6985
Received=	-0.12577
Feedback: 0.60016
Received=	-0.3372
Feedback: 0.67576
Received=	-0.60381
Feedback: 0.77108
Received=	-0.53827
Feedback: 0.74765
Received=	0.18049
Feedback: 0.49066
Received=	0.7183
Feedback: 0.29836
Received=	0.33703
Feedback: 0.43469
Received=	-0.68582
Feedback: 0.80041
Received=	-1.1598
Feedback: 0.9
Received=	-0.54548
Feedback: 0.75023
Received=	0.41061
Feedback: 0.40838
Received=	0.3027
Feedback: 0.44696
Received=	0.73431
Feedback: 0.29264
Received=	0.17441
Feedback: 0.49283
Received=	-0.2535
Feedback: 0.64583
Received=	0.89358
Feedback: 0.2357
Received=	1.2889
Feedback: 0.1
Received=	-0.10708
Feedback: 0.59348
Received=	-0.16087
Feedback: 0.61271
Received=	-0.086247
Feedback: 0.58603
Received=	-0.52069
Feedback: 0.74137
Received=	-0.45509
Feedback: 0.71791
Received=	-0.2233
Feedback: 0.63504
Received=	1.107
Feedback: 0.15937
Received=	1.0921
Feedback: 0.16472
Received=	0.47167
Feedback: 0.38655
Received=	-0.27057
Feedback: 0.65194
Received=	-0.78879
Feedback: 0.83723
Received=	-0.74014
Feedback: 0.81983
Received=	-0.19224
Feedback: 0.62393
Received=	-0.046932
Feedback: 0.57197
Received=	-0.1907
Feedback: 0.62338
Received=	0.12482
Feedback: 0.51056
Received=	0.4529
Feedback: 0.39326
Received=	-0.18365
Feedback: 0.62086
Received=	-0.31061
Feedback: 0.66625
Received=	0.53345
Feedback: 0.36446
Received=	0.68604
Feedback: 0.3099
Received=	0.36801
Feedback: 0.42361
Received=	-0.5148
Feedback: 0.73926
Received=	-0.14895
Feedback: 0.60845
Received=	0.28433
Feedback: 0.45353
Received=	-0.21755
Feedback: 0.63298
Received=	-0.094998
Feedback: 0.58916
Received=	0.15024
Feedback: 0.50147
Received=	0.58401
Feedback: 0.34638
Received=	0.67725
Feedback: 0.31304
Received=	0.075735
Feedback: 0.52811
Received=	-0.65306
Feedback: 0.78869
Received=	-0.62454
Feedback: 0.7785
Received=	0.16208
Feedback: 0.49724
Received=	0.085653
Feedback: 0.52457
Received=	0.44052
Feedback: 0.39769
Received=	1.0463
Feedback: 0.18108
Calculated range:	[(-2.000000) - (2.000000)]
Success index = (-0.195556)
closing...
