Direction=-1.000000	; step=1.000000;
Received=	0
Feedback: 0.66
Received=	0
Feedback: 0.66
Received=	0
Feedback: 0.66
Received=	-0.13858
Feedback: 0.66
Received=	0.19111
Feedback: 0.66
Received=	0.18722
Feedback: 0.66
Received=	-0.20913
Feedback: 0.66
Received=	-0.22913
Feedback: 0.66
Received=	-0.30156
Feedback: 0.66
Received=	-0.36075
Feedback: 0.66
Received=	-0.40788
Feedback: 0.66
Received=	-0.47293
Feedback: 0.66
Received=	-0.43968
Feedback: 0.66
Received=	-0.17156
Feedback: 0.66
Received=	-0.089868
Feedback: 0.66
Received=	-0.11022
Feedback: 0.66
Received=	-0.14883
Feedback: 0.66
Received=	0.13344
Feedback: 0.66
Received=	0.16787
Feedback: 0.66
Received=	-0.024384
Feedback: 0.66
Received=	-0.43775
=====  12:32:15 - NF  ============
Feedback: 0.78237
Received=	-0.44469
Feedback: 0.78883
Received=	-0.33581
Feedback: 0.68739
Received=	-0.11687
Feedback: 0.48338
Received=	-0.09592
Feedback: 0.46385
Received=	0.093169
Feedback: 0.28766
Received=	0.10606
Feedback: 0.27564
Received=	0.019798
Feedback: 0.35602
Received=	0.19393
Feedback: 0.19377
Received=	-0.056629
Feedback: 0.42724
Received=	-0.11344
Feedback: 0.48018
Received=	-0.12158
Feedback: 0.48777
Received=	-0.10191
Feedback: 0.46943
Received=	-0.031007
Feedback: 0.40336
Received=	0.14039
Feedback: 0.24365
Received=	-0.013514
Feedback: 0.38706
Received=	-0.1578
Feedback: 0.52151
Received=	-0.013417
Feedback: 0.38697
Received=	-0.055262
Feedback: 0.42597
Received=	-0.057707
Feedback: 0.42824
Received=	0.081866
Feedback: 0.29819
Received=	0.264
Feedback: 0.12847
Received=	0.048066
Feedback: 0.32968
Received=	-0.036815
Feedback: 0.40878
Received=	0.047899
Feedback: 0.32984
Received=	-0.03833
Feedback: 0.41019
Received=	0.21144
Feedback: 0.17745
Received=	0.029313
Feedback: 0.34716
Received=	-0.046029
Feedback: 0.41736
Received=	0.0011184
Feedback: 0.37343
Received=	0.18819
Feedback: 0.19911
Received=	-0.045592
Feedback: 0.41695
Received=	-0.19722
Feedback: 0.55825
Received=	-0.17046
Feedback: 0.53331
Received=	0.065392
Feedback: 0.31354
Received=	-0.023262
Feedback: 0.39615
Received=	-0.24137
Feedback: 0.59938
Received=	-0.024116
Feedback: 0.39694
Received=	-0.059581
Feedback: 0.42999
Received=	0.20853
Feedback: 0.18016
Received=	0.038459
Feedback: 0.33864
Received=	0.045381
Feedback: 0.33218
Received=	-0.15381
Feedback: 0.51779
Received=	-0.1273
Feedback: 0.49309
Received=	-0.33193
Feedback: 0.68377
Received=	-0.027687
Feedback: 0.40027
Received=	-0.089097
Feedback: 0.45749
Received=	-0.03287
Feedback: 0.4051
Received=	0.018459
Feedback: 0.35727
Received=	-0.07452
Feedback: 0.44391
Received=	-0.33132
Feedback: 0.6832
Received=	-0.38745
Feedback: 0.7355
Received=	-0.31081
Feedback: 0.66409
Received=	-0.19795
Feedback: 0.55892
Received=	0.099757
Feedback: 0.28152
Received=	0.12216
Feedback: 0.26064
Received=	-0.21523
Feedback: 0.57502
Received=	-0.43254
Feedback: 0.77752
Received=	-0.41099
Feedback: 0.75744
Received=	-0.2768
Feedback: 0.63239
Calculated range:	[(-2.000000) - (2.000000)]
Success index = (0.334772)
Received=	-0.043981
=====  12:35:15 - BASE  ============
Feedback: 0.66
Received=	0.19912
Feedback: 0.66
Received=	0.39171
Feedback: 0.66
Received=	0.4601
Feedback: 0.66
Received=	0.27412
Feedback: 0.66
Received=	-0.19463
Feedback: 0.66
Received=	-0.19754
Feedback: 0.66
Received=	-0.24626
Feedback: 0.66
Received=	-0.06587
Feedback: 0.66
Received=	0.093259
Feedback: 0.66
Received=	0.097359
Feedback: 0.66
Received=	-0.013242
Feedback: 0.66
Received=	-0.20808
Feedback: 0.66
Received=	-0.042489
Feedback: 0.66
Received=	-0.24235
Feedback: 0.66
Received=	-0.34317
Feedback: 0.66
Received=	-0.054135
Feedback: 0.66
Received=	-0.33674
Feedback: 0.66
Received=	-0.38962
Feedback: 0.66
Received=	-0.43068
Feedback: 0.66
Received=	-0.39696
=====  12:36:15 - NF  ============
Feedback: 0.74241
Received=	-0.15564
Feedback: 0.55758
Received=	-0.12461
Feedback: 0.53381
Received=	-0.083978
Feedback: 0.5027
Received=	0.26328
Feedback: 0.23673
Received=	-0.069801
Feedback: 0.49184
Received=	-0.057948
Feedback: 0.48276
Received=	-0.08563
Feedback: 0.50396
Received=	-0.02959
Feedback: 0.46104
Received=	-0.10862
Feedback: 0.52157
Received=	-0.10147
Feedback: 0.51609
Received=	0.035407
Feedback: 0.41126
Received=	0.12427
Feedback: 0.3432
Received=	-0.036618
Feedback: 0.46642
Received=	-0.11581
Feedback: 0.52708
Received=	-0.20776
Feedback: 0.5975
Received=	-0.19092
Feedback: 0.58461
Received=	0.1341
Feedback: 0.33566
Received=	0.10536
Feedback: 0.35768
Received=	0.06666
Feedback: 0.38732
Received=	-0.0071063
Feedback: 0.44382
Received=	0.2178
Feedback: 0.27156
Received=	-0.018711
Feedback: 0.45271
Received=	-0.2075
Feedback: 0.5973
Received=	-0.21211
Feedback: 0.60083
Received=	-0.087293
Feedback: 0.50523
Received=	-0.062502
Feedback: 0.48625
Received=	-0.047012
Feedback: 0.47438
Received=	-0.088514
Feedback: 0.50617
Received=	-0.20958
Feedback: 0.59889
Received=	-0.29957
Feedback: 0.66782
Received=	-0.16949
Feedback: 0.56819
Received=	0.052087
Feedback: 0.39848
Received=	0.27221
Feedback: 0.22989
Received=	0.089158
Feedback: 0.37009
Received=	-0.21422
Feedback: 0.60245
Received=	-0.052139
Feedback: 0.47831
Received=	0.14037
Feedback: 0.33087
Received=	0.067969
Feedback: 0.38632
Received=	-0.030711
Feedback: 0.4619
Received=	-0.11887
Feedback: 0.52942
Received=	-0.035276
Feedback: 0.46539
Received=	-0.021734
Feedback: 0.45502
Received=	-0.046335
Feedback: 0.47386
Received=	-0.23325
Feedback: 0.61703
Received=	-0.080062
Feedback: 0.4997
Received=	-0.065149
Feedback: 0.48827
Received=	-0.043753
Feedback: 0.47189
Received=	0.054208
Feedback: 0.39686
Received=	-0.048003
Feedback: 0.47514
Received=	-0.10057
Feedback: 0.5154
Received=	-0.23019
Feedback: 0.61468
Received=	-0.17417
Feedback: 0.57178
Received=	-0.27695
Feedback: 0.65049
Received=	-0.3296
Feedback: 0.69082
Received=	-0.11546
Feedback: 0.52681
Received=	0.16922
Feedback: 0.30877
Received=	0.079971
Feedback: 0.37713
Received=	0.062076
Feedback: 0.39083
Received=	-0.10476
Feedback: 0.51862
Calculated range:	[(-2.000000) - (2.000000)]
Success index = (0.125618)
Received=	0.0395
=====  12:39:16 - BASE  ============
Feedback: 0.66
Received=	0.24713
Feedback: 0.66
Received=	0.21215
Feedback: 0.66
Received=	0.29652
Feedback: 0.66
Received=	0.39581
Feedback: 0.66
Received=	0.034791
Feedback: 0.66
Received=	-0.030717
Feedback: 0.66
Received=	0.19679
Feedback: 0.66
Received=	0.067473
Feedback: 0.66
Received=	-0.016598
Feedback: 0.66
Received=	-0.076174
Feedback: 0.66
Received=	-0.17599
Feedback: 0.66
Received=	0.08421
Feedback: 0.66
Received=	0.0040891
Feedback: 0.66
Received=	-0.27259
Feedback: 0.66
Received=	-0.39303
Feedback: 0.66
Received=	-0.28485
Feedback: 0.66
Received=	-0.24098
Feedback: 0.66
Received=	-0.23643
Feedback: 0.66
Received=	-0.086748
Feedback: 0.66
Received=	-0.089502
=====  12:40:16 - NF  ============
Feedback: 0.55593
Received=	-0.093242
Feedback: 0.55938
Received=	-0.10749
Feedback: 0.57255
Received=	-0.0072337
Feedback: 0.47986
Received=	0.16525
Feedback: 0.32039
Received=	0.097221
Feedback: 0.38328
Received=	-0.19325
Feedback: 0.65185
Received=	-0.14005
Feedback: 0.60266
Received=	0.019977
Feedback: 0.4547
Received=	-0.14001
Feedback: 0.60262
Received=	-0.34052
Feedback: 0.78801
Received=	-0.065547
Feedback: 0.53378
Received=	0.031167
Feedback: 0.44436
Received=	-0.035755
Feedback: 0.50623
Received=	0.12506
Feedback: 0.35754
Received=	-0.037058
Feedback: 0.50744
Received=	-0.04869
Feedback: 0.51819
Received=	-0.06197
Feedback: 0.53047
Received=	-0.35982
Feedback: 0.80586
Received=	-0.181
Feedback: 0.64052
Received=	0.042121
Feedback: 0.43423
Received=	-0.073894
Feedback: 0.54149
Received=	-0.11364
Feedback: 0.57824
Received=	-0.18938
Feedback: 0.64827
Received=	-0.070858
Feedback: 0.53869
Received=	0.11061
Feedback: 0.37091
Received=	0.13531
Feedback: 0.34807
Received=	0.021196
Feedback: 0.45358
Received=	-0.043712
Feedback: 0.51359
Received=	-0.091243
Feedback: 0.55754
Received=	0.070578
Feedback: 0.40792
Received=	0.10564
Feedback: 0.3755
Received=	-0.20925
Feedback: 0.66665
Received=	-0.16464
Feedback: 0.6254
Received=	-0.076381
Feedback: 0.54379
Received=	-0.033626
Feedback: 0.50426
Received=	0.13605
Feedback: 0.34738
Received=	0.18158
Feedback: 0.30528
Received=	-0.1446
Feedback: 0.60686
Received=	-0.40751
Feedback: 0.84995
Received=	-0.47633
Feedback: 0.9
Received=	-0.15469
Feedback: 0.6162
Received=	-0.22455
Feedback: 0.68079
Received=	-0.11025
Feedback: 0.57511
Received=	0.16959
Feedback: 0.31637
Received=	0.19442
Feedback: 0.29342
Received=	-0.0099442
Feedback: 0.48237
Received=	0.16688
Feedback: 0.31888
Received=	-0.0043464
Feedback: 0.47719
Received=	-0.0090495
Feedback: 0.48154
Received=	0.26626
Feedback: 0.22699
Received=	-0.0484
Feedback: 0.51792
Received=	-0.31302
Feedback: 0.76259
Received=	-0.22339
Feedback: 0.67972
Received=	-0.085831
Feedback: 0.55253
Received=	-0.13291
Feedback: 0.59606
Received=	-0.073106
Feedback: 0.54077
Received=	-0.12193
Feedback: 0.5859
Received=	0.143
Feedback: 0.34096
Received=	0.20428
Feedback: 0.2843
Calculated range:	[(-2.000000) - (2.000000)]
Success index = (-0.134649)
Received=	0.31398
=====  12:43:15 - BASE  ============
Feedback: 0.66
Received=	0.36335
Feedback: 0.66
Received=	0.27752
Feedback: 0.66
Received=	-0.1386
Feedback: 0.66
Received=	-0.17419
Feedback: 0.66
Received=	-0.12402
Feedback: 0.66
Received=	0.10222
Feedback: 0.66
Received=	0.44026
Feedback: 0.66
Received=	0.12398
Feedback: 0.66
Received=	-0.088244
Feedback: 0.66
Received=	0.0062008
Feedback: 0.66
Received=	-0.075153
Feedback: 0.66
Received=	-0.22333
Feedback: 0.66
Received=	-0.24282
Feedback: 0.66
Received=	-0.036484
Feedback: 0.66
Received=	0.15503
Feedback: 0.66
Received=	0.24408
Feedback: 0.66
Received=	0.3774
Feedback: 0.66
Received=	0.31465
Feedback: 0.66
Received=	0.053257
Feedback: 0.66
Received=	-0.16308
=====  12:44:16 - NF  ============
Feedback: 0.70658
Received=	-0.12761
Feedback: 0.673
Received=	-0.069703
Feedback: 0.61817
Received=	-0.046503
Feedback: 0.5962
Received=	-0.051003
Feedback: 0.60046
Received=	-0.10145
Feedback: 0.64823
Received=	-0.096119
Feedback: 0.64318
Received=	0.061649
Feedback: 0.4938
Received=	0.096887
Feedback: 0.46043
Received=	0.16223
Feedback: 0.39857
Received=	0.15529
Feedback: 0.40513
Received=	-0.0056181
Feedback: 0.55749
Received=	-0.085211
Feedback: 0.63285
Received=	0.038444
Feedback: 0.51577
Received=	-0.044921
Feedback: 0.5947
Received=	0.093931
Feedback: 0.46323
Received=	-0.22713
Feedback: 0.76723
Received=	-0.34556
Feedback: 0.87937
Received=	-0.069183
Feedback: 0.61768
Received=	0.38317
Feedback: 0.18936
Received=	0.39369
Feedback: 0.1794
Received=	0.24342
Feedback: 0.32169
Received=	0.082758
Feedback: 0.47381
Received=	0.11874
Feedback: 0.43974
Received=	-0.054994
Feedback: 0.60424
Received=	-0.040275
Feedback: 0.5903
Received=	-0.068487
Feedback: 0.61702
Received=	0.033445
Feedback: 0.5205
Received=	0.29516
Feedback: 0.2727
Received=	0.039147
Feedback: 0.5151
Received=	-0.38076
Feedback: 0.9
Received=	-0.24619
Feedback: 0.78528
Received=	0.025104
Feedback: 0.5284
Received=	0.14594
Feedback: 0.41399
Received=	0.095758
Feedback: 0.4615
Received=	-0.01745
Feedback: 0.56869
Received=	-0.068839
Feedback: 0.61735
Received=	-0.053223
Feedback: 0.60256
Received=	-0.20455
Feedback: 0.74585
Received=	-0.12514
Feedback: 0.67065
Received=	0.12468
Feedback: 0.43412
Received=	0.11728
Feedback: 0.44112
Received=	0.043023
Feedback: 0.51143
Received=	-0.1854
Feedback: 0.72772
Received=	-0.018392
Feedback: 0.56958
Received=	0.045514
Feedback: 0.50907
Received=	-0.006317
Feedback: 0.55815
Received=	-0.082202
Feedback: 0.63
Received=	-0.069684
Feedback: 0.61815
Received=	-0.074043
Feedback: 0.62228
Received=	0.22421
Feedback: 0.33988
Received=	0.073221
Feedback: 0.48284
Received=	-0.11275
Feedback: 0.65893
Received=	-0.038621
Feedback: 0.58874
Received=	-0.20667
Feedback: 0.74786
Received=	-0.19664
Feedback: 0.73835
Received=	-0.30582
Feedback: 0.84173
Received=	0.22138
Feedback: 0.34256
Received=	0.56883
Feedback: 0.1
Received=	0.38476
Feedback: 0.18786
Calculated range:	[(-2.000000) - (2.000000)]
Success index = (-0.266902)
Received=	0.19846
=====  12:47:16 - BASE  ============
Feedback: 0.66
Received=	-0.04176
Feedback: 0.66
Received=	-0.092303
Feedback: 0.66
Received=	0.11708
Feedback: 0.66
Received=	0.22881
Feedback: 0.66
Received=	0.57961
Feedback: 0.66
Received=	0.12923
Feedback: 0.66
Received=	-0.06473
Feedback: 0.66
Received=	0.16542
Feedback: 0.66
Received=	0.33802
Feedback: 0.66
Received=	0.37341
Feedback: 0.66
Received=	0.26672
Feedback: 0.66
Received=	0.2507
Feedback: 0.66
Received=	0.27851
Feedback: 0.66
Received=	-0.017443
Feedback: 0.66
Received=	-0.1684
Feedback: 0.66
Received=	-0.21055
Feedback: 0.66
Received=	-0.16506
Feedback: 0.66
Received=	-0.10803
Feedback: 0.66
Received=	-0.32215
Feedback: 0.66
Received=	-0.20313
=====  12:48:16 - NF  ============
Feedback: 0.73968
Received=	0.16946
Feedback: 0.43263
Received=	0.12122
Feedback: 0.47239
Received=	-0.10545
Feedback: 0.65919
Received=	-0.19616
Feedback: 0.73395
Received=	0.10269
Feedback: 0.48766
Received=	0.11657
Feedback: 0.47622
Received=	0.036492
Feedback: 0.54221
Received=	-0.11431
Feedback: 0.66649
Received=	-0.060098
Feedback: 0.62181
Received=	0.022933
Feedback: 0.55339
Received=	-0.12896
Feedback: 0.67856
Received=	0.13551
Feedback: 0.46061
Received=	0.10257
Feedback: 0.48776
Received=	0.0056013
Feedback: 0.56767
Received=	0.015192
Feedback: 0.55977
Received=	0.0066962
Feedback: 0.56677
Received=	-0.15135
Feedback: 0.69701
Received=	-0.1207
Feedback: 0.67175
Received=	0.022112
Feedback: 0.55406
Received=	-0.16401
Feedback: 0.70745
Received=	0.012881
Feedback: 0.56167
Received=	0.039999
Feedback: 0.53932
Received=	-0.085371
Feedback: 0.64264
Received=	-0.11404
Feedback: 0.66627
Received=	0.20853
Feedback: 0.40043
Received=	0.24603
Feedback: 0.36953
Received=	0.063838
Feedback: 0.51968
Received=	-0.15536
Feedback: 0.70032
Received=	-0.054571
Feedback: 0.61726
Received=	-0.051918
Feedback: 0.61507
Received=	0.058827
Feedback: 0.52381
Received=	-0.21018
Feedback: 0.7455
Received=	-0.20493
Feedback: 0.74117
Received=	-0.14941
Feedback: 0.69542
Received=	-0.1794
Feedback: 0.72013
Received=	-0.13532
Feedback: 0.68381
Received=	-0.066179
Feedback: 0.62683
Received=	-0.29051
Feedback: 0.8117
Received=	-0.35241
Feedback: 0.86271
Received=	-0.19759
Feedback: 0.73512
Received=	0.1037
Feedback: 0.48682
Received=	0.043238
Feedback: 0.53665
Received=	-0.27857
Feedback: 0.80185
Received=	-0.32053
Feedback: 0.83644
Received=	-0.26415
Feedback: 0.78998
Received=	-0.050374
Feedback: 0.6138
Received=	0.11702
Feedback: 0.47585
Received=	0.26444
Feedback: 0.35436
Received=	0.00019331
Feedback: 0.57213
Received=	-0.28633
Feedback: 0.80825
Received=	-0.17079
Feedback: 0.71304
Received=	0.069131
Feedback: 0.51531
Received=	0.68288
Feedback: 0.1
Received=	0.39602
Feedback: 0.24592
Received=	0.19913
Feedback: 0.40818
Received=	0.00792
Feedback: 0.56576
Received=	-0.17779
Feedback: 0.7188
Received=	0.060485
Feedback: 0.52244
Received=	0.16677
Feedback: 0.43485
Calculated range:	[(-2.000000) - (2.000000)]
Success index = (-0.563584)
closing...
