Direction=-1.000000	; step=1.000000;
Received=	0
Feedback: 0.66
Received=	0
Feedback: 0.66
Received=	0
Feedback: 0.66
Received=	-0.66919
Feedback: 0.66
Received=	-0.39674
Feedback: 0.66
Received=	-0.077017
Feedback: 0.66
Received=	-0.15553
Feedback: 0.66
Received=	-0.0066402
Feedback: 0.66
Received=	-0.23681
Feedback: 0.66
Received=	-0.42552
Feedback: 0.66
Received=	-0.48423
Feedback: 0.66
Received=	-0.54049
Feedback: 0.66
Received=	-0.55649
Feedback: 0.66
Received=	-0.58758
Feedback: 0.66
Received=	-0.55414
Feedback: 0.66
Received=	-0.26407
Feedback: 0.66
Received=	-0.16587
Feedback: 0.66
Received=	-0.50899
Feedback: 0.66
Received=	-0.5209
Feedback: 0.66
Received=	-0.48827
Feedback: 0.66
Received=	-0.28247
=====  13:3:8 - NF  ============
Feedback: 0.41933
Received=	-0.13579
Feedback: 0.28228
Received=	0.072128
Feedback: 0.1
Received=	-0.048436
Feedback: 0.20066
Received=	-0.38863
Feedback: 0.51852
Received=	-0.2362
Feedback: 0.3761
Received=	-0.29139
Feedback: 0.42767
Received=	-0.51321
Feedback: 0.63492
Received=	-0.33251
Feedback: 0.46609
Received=	-0.50602
Feedback: 0.62821
Received=	-0.24475
Feedback: 0.38409
Received=	-0.45204
Feedback: 0.57777
Received=	-0.51797
Feedback: 0.63937
Received=	-0.37244
Feedback: 0.5034
Received=	-0.16078
Feedback: 0.30563
Received=	-0.18406
Feedback: 0.32738
Received=	-0.23908
Feedback: 0.37879
Received=	-0.39874
Feedback: 0.52797
Received=	-0.22474
Feedback: 0.36539
Received=	-0.13477
Feedback: 0.28133
Received=	-0.29338
Feedback: 0.42953
Received=	-0.55216
Feedback: 0.67132
Received=	-0.5479
Feedback: 0.66734
Received=	-0.6077
Feedback: 0.72322
Received=	-0.25632
Feedback: 0.3949
Received=	-0.0093721
Feedback: 0.16416
Received=	-0.16088
Feedback: 0.30572
Received=	-0.27309
Feedback: 0.41056
Received=	-0.23723
Feedback: 0.37706
Received=	-0.50124
Feedback: 0.62374
Received=	-0.38015
Feedback: 0.5106
Received=	-0.27088
Feedback: 0.40851
Received=	-0.33821
Feedback: 0.47141
Received=	-0.14334
Feedback: 0.28933
Received=	-0.47063
Feedback: 0.59514
Received=	-0.45669
Feedback: 0.58212
Received=	-0.35917
Feedback: 0.491
Received=	-0.18953
Feedback: 0.33249
Received=	-0.011006
Feedback: 0.16569
Received=	-0.26495
Feedback: 0.40296
Received=	-0.43827
Feedback: 0.5649
Received=	-0.4405
Feedback: 0.56699
Received=	-0.31076
Feedback: 0.44576
Received=	-0.20164
Feedback: 0.3438
Received=	-0.17129
Feedback: 0.31545
Received=	-0.24019
Feedback: 0.37983
Received=	-0.36494
Feedback: 0.49639
Received=	-0.20881
Feedback: 0.35051
Received=	-0.42333
Feedback: 0.55095
Received=	-0.59035
Feedback: 0.707
Received=	-0.36438
Feedback: 0.49586
Received=	-0.31936
Feedback: 0.45381
Received=	-0.41802
Feedback: 0.54598
Received=	-0.37552
Feedback: 0.50628
Received=	-0.13242
Feedback: 0.27913
Received=	-0.21664
Feedback: 0.35782
Received=	-0.037369
Feedback: 0.19032
Received=	-0.42706
Feedback: 0.55444
Received=	-0.55643
Feedback: 0.67531
Received=	-0.13414
Feedback: 0.28074
Calculated range:	[(-2.000000) - (2.000000)]
Success index = (0.375399)
Received=	-0.14304
=====  13:6:8 - BASE  ============
Feedback: 0.66
Received=	-0.15918
Feedback: 0.66
Received=	0.33799
Feedback: 0.66
Received=	0.55275
Feedback: 0.66
Received=	-0.3045
Feedback: 0.66
Received=	-0.57611
Feedback: 0.66
Received=	-0.4131
Feedback: 0.66
Received=	-0.12224
Feedback: 0.66
Received=	-0.33163
Feedback: 0.66
Received=	-0.29853
Feedback: 0.66
Received=	-0.10195
Feedback: 0.66
Received=	-0.10314
Feedback: 0.66
Received=	-0.010622
Feedback: 0.66
Received=	0.15871
Feedback: 0.66
Received=	-0.28375
Feedback: 0.66
Received=	-0.29819
Feedback: 0.66
Received=	-0.038079
Feedback: 0.66
Received=	0.14856
Feedback: 0.66
Received=	-0.0015238
Feedback: 0.66
Received=	0.03522
Feedback: 0.66
Received=	-0.19315
=====  13:7:8 - NF  ============
Feedback: 0.57288
Received=	-0.29109
Feedback: 0.64322
Received=	-0.50586
Feedback: 0.79747
Received=	-0.1467
Feedback: 0.53952
Received=	-0.21983
Feedback: 0.59204
Received=	-0.15155
Feedback: 0.543
Received=	-0.066199
Feedback: 0.4817
Received=	-0.39037
Feedback: 0.71452
Received=	-0.48423
Feedback: 0.78193
Received=	-0.65174
Feedback: 0.9
Received=	-0.48698
Feedback: 0.78391
Received=	-0.30349
Feedback: 0.65212
Received=	-0.27179
Feedback: 0.62936
Received=	-0.27263
Feedback: 0.62996
Received=	-0.5531
Feedback: 0.83139
Received=	-0.40167
Feedback: 0.72263
Received=	-0.35564
Feedback: 0.68957
Received=	-0.60754
Feedback: 0.87049
Received=	-0.55263
Feedback: 0.83106
Received=	-0.53693
Feedback: 0.81978
Received=	-0.44622
Feedback: 0.75463
Received=	-0.1723
Feedback: 0.5579
Received=	0.44367
Feedback: 0.11552
Received=	-0.19613
Feedback: 0.57502
Received=	-0.71002
Feedback: 0.9
Received=	-0.3266
Feedback: 0.66872
Received=	-0.042629
Feedback: 0.46478
Received=	-0.0090765
Feedback: 0.44068
Received=	-0.17352
Feedback: 0.55878
Received=	-0.51323
Feedback: 0.80276
Received=	-0.56779
Feedback: 0.84194
Received=	-0.3462
Feedback: 0.6828
Received=	-0.32401
Feedback: 0.66686
Received=	-0.26486
Feedback: 0.62438
Received=	-0.28835
Feedback: 0.64125
Received=	-0.24275
Feedback: 0.6085
Received=	-0.34822
Feedback: 0.68425
Received=	-0.33555
Feedback: 0.67515
Received=	-0.41165
Feedback: 0.7298
Received=	-0.47415
Feedback: 0.77469
Received=	-0.33292
Feedback: 0.67326
Received=	-0.4292
Feedback: 0.74241
Received=	-0.60265
Feedback: 0.86698
Received=	-0.61349
Feedback: 0.87476
Received=	-0.31659
Feedback: 0.66153
Received=	-0.20452
Feedback: 0.58105
Received=	-0.43317
Feedback: 0.74526
Received=	-0.5086
Feedback: 0.79944
Received=	-0.37529
Feedback: 0.70369
Received=	-0.17654
Feedback: 0.56095
Received=	-0.33945
Feedback: 0.67795
Received=	-0.48642
Feedback: 0.78351
Received=	-0.27376
Feedback: 0.63078
Received=	-0.2844
Feedback: 0.63842
Received=	-0.2185
Feedback: 0.59109
Received=	-0.32124
Feedback: 0.66487
Received=	-0.043077
Feedback: 0.4651
Received=	0.018323
Feedback: 0.421
Received=	-0.021244
Feedback: 0.44942
Received=	-0.15311
Feedback: 0.54412
Calculated range:	[(-2.057561) - (1.942439)]
Success index = (-1.057561)
Received=	-0.24791
=====  13:10:8 - BASE  ============
Feedback: 0.66
Received=	-0.046526
Feedback: 0.66
Received=	0.30376
Feedback: 0.66
Received=	-0.017182
Feedback: 0.66
Received=	-0.17917
Feedback: 0.66
Received=	0.17052
Feedback: 0.66
Received=	0.39084
Feedback: 0.66
Received=	0.037589
Feedback: 0.66
Received=	-0.009145
Feedback: 0.66
Received=	0.27248
Feedback: 0.66
Received=	0.37238
Feedback: 0.66
Received=	0.55511
Feedback: 0.66
Received=	0.2126
Feedback: 0.66
Received=	-0.33527
Feedback: 0.66
Received=	-0.65396
Feedback: 0.66
Received=	-0.71634
Feedback: 0.66
Received=	-0.15966
Feedback: 0.66
Received=	-0.059929
Feedback: 0.66
Received=	-0.3648
Feedback: 0.66
Received=	-0.20575
Feedback: 0.66
Received=	-0.054628
=====  13:11:8 - NF  ============
Feedback: 0.50727
Received=	-0.1013
Feedback: 0.53368
Received=	-0.059755
Feedback: 0.51017
Received=	-0.39595
Feedback: 0.70041
Received=	-0.35912
Feedback: 0.67957
Received=	-0.40598
Feedback: 0.70608
Received=	-0.11169
Feedback: 0.53956
Received=	-0.34023
Feedback: 0.66888
Received=	-0.55802
Feedback: 0.79212
Received=	-0.43879
Feedback: 0.72465
Received=	-0.43773
Feedback: 0.72405
Received=	-0.40733
Feedback: 0.70684
Received=	-0.25224
Feedback: 0.61909
Received=	-0.21662
Feedback: 0.59893
Received=	-0.10994
Feedback: 0.53856
Received=	-0.37335
Feedback: 0.68762
Received=	-0.13548
Feedback: 0.55302
Received=	-0.23819
Feedback: 0.61114
Received=	-0.32363
Feedback: 0.65948
Received=	-0.45865
Feedback: 0.73589
Received=	-0.71957
Feedback: 0.88353
Received=	-0.45459
Feedback: 0.73359
Received=	-0.59966
Feedback: 0.81568
Received=	-0.3337
Feedback: 0.66518
Received=	0.19981
Feedback: 0.36329
Received=	-0.083811
Feedback: 0.52378
Received=	0.0047451
Feedback: 0.47367
Received=	-0.41855
Feedback: 0.71319
Received=	-0.4795
Feedback: 0.74768
Received=	-0.30921
Feedback: 0.65133
Received=	-0.3682
Feedback: 0.6847
Received=	-0.13204
Feedback: 0.55107
Received=	0.11077
Feedback: 0.41368
Received=	-0.049878
Feedback: 0.50458
Received=	-0.0062048
Feedback: 0.47987
Received=	-0.20155
Feedback: 0.5904
Received=	-0.49402
Feedback: 0.7559
Received=	-0.48736
Feedback: 0.75214
Received=	-0.38171
Feedback: 0.69235
Received=	-0.21801
Feedback: 0.59972
Received=	-0.16667
Feedback: 0.57067
Received=	0.030036
Feedback: 0.45936
Received=	0.12828
Feedback: 0.40377
Received=	-0.33405
Feedback: 0.66538
Received=	-0.19758
Feedback: 0.58816
Received=	-0.19618
Feedback: 0.58737
Received=	-0.069956
Feedback: 0.51594
Received=	-0.11783
Feedback: 0.54303
Received=	-0.46234
Feedback: 0.73797
Received=	-0.17402
Feedback: 0.57483
Received=	-0.078351
Feedback: 0.52069
Received=	-0.1111
Feedback: 0.53922
Received=	-0.046649
Feedback: 0.50275
Received=	-0.18076
Feedback: 0.57864
Received=	-0.06259
Feedback: 0.51177
Received=	0.066464
Feedback: 0.43875
Received=	0.067732
Feedback: 0.43803
Received=	0.092562
Feedback: 0.42398
Received=	-0.29604
Feedback: 0.64388
Received=	-0.58669
Feedback: 0.80834
Calculated range:	[(-2.000000) - (2.000000)]
Success index = (-0.873660)
Received=	-0.13393
=====  13:14:8 - BASE  ============
Feedback: 0.66
Received=	0.15762
Feedback: 0.66
Received=	0.14201
Feedback: 0.66
Received=	-0.23992
Feedback: 0.66
Received=	-0.10673
Feedback: 0.66
Received=	0.023017
Feedback: 0.66
Received=	0.10676
Feedback: 0.66
Received=	0.0088481
Feedback: 0.66
Received=	-0.13377
Feedback: 0.66
Received=	-0.13892
Feedback: 0.66
Received=	0.16429
Feedback: 0.66
Received=	0.65447
Feedback: 0.66
Received=	0.9239
Feedback: 0.66
Received=	0.62547
Feedback: 0.66
Received=	0.13517
Feedback: 0.66
Received=	0.0015223
Feedback: 0.66
Received=	-0.042501
Feedback: 0.66
Received=	-0.044028
Feedback: 0.66
Received=	-0.094358
Feedback: 0.66
Received=	-0.19942
Feedback: 0.66
Received=	-0.1254
=====  13:15:8 - NF  ============
Feedback: 0.64074
Received=	0.15769
Feedback: 0.46336
Received=	0.23367
Feedback: 0.41575
Received=	0.21316
Feedback: 0.4286
Received=	-0.078541
Feedback: 0.61138
Received=	-0.4034
Feedback: 0.81494
Received=	-0.34407
Feedback: 0.77775
Received=	-0.29923
Feedback: 0.74966
Received=	-0.4508
Feedback: 0.84463
Received=	-0.58085
Feedback: 0.9
Received=	-0.3584
Feedback: 0.78673
Received=	-0.15134
Feedback: 0.65699
Received=	0.037098
Feedback: 0.53892
Received=	-0.27848
Feedback: 0.73666
Received=	-0.22589
Feedback: 0.7037
Received=	-0.20867
Feedback: 0.69291
Received=	-0.36236
Feedback: 0.78922
Received=	-0.32825
Feedback: 0.76784
Received=	-0.46812
Feedback: 0.85549
Received=	-0.38711
Feedback: 0.80473
Received=	-0.35496
Feedback: 0.78458
Received=	-0.45362
Feedback: 0.8464
Received=	-0.48909
Feedback: 0.86862
Received=	-0.2055
Feedback: 0.69093
Received=	-0.17531
Feedback: 0.67201
Received=	-0.18363
Feedback: 0.67723
Received=	0.075953
Feedback: 0.51457
Received=	0.24474
Feedback: 0.40881
Received=	-0.22389
Feedback: 0.70246
Received=	-0.35941
Feedback: 0.78737
Received=	-0.35183
Feedback: 0.78262
Received=	-0.34975
Feedback: 0.78131
Received=	-0.096539
Feedback: 0.62266
Received=	0.27184
Feedback: 0.39183
Received=	-0.12175
Feedback: 0.63846
Received=	-0.26759
Feedback: 0.72983
Received=	-0.12554
Feedback: 0.64083
Received=	-0.26979
Feedback: 0.73121
Received=	-0.55347
Feedback: 0.9
Received=	-0.24667
Feedback: 0.71673
Received=	-0.11
Feedback: 0.63109
Received=	-0.30439
Feedback: 0.75289
Received=	-0.47736
Feedback: 0.86127
Received=	-0.56901
Feedback: 0.9
Received=	-0.36718
Feedback: 0.79223
Received=	-0.36402
Feedback: 0.79026
Received=	-0.31474
Feedback: 0.75938
Received=	-0.50428
Feedback: 0.87814
Received=	-0.51069
Feedback: 0.88216
Received=	-0.55331
Feedback: 0.9
Received=	-0.42892
Feedback: 0.83092
Received=	-0.25908
Feedback: 0.7245
Received=	-0.18701
Feedback: 0.67934
Received=	0.0072805
Feedback: 0.5576
Received=	-0.038832
Feedback: 0.5865
Received=	-0.1397
Feedback: 0.6497
Received=	-0.42839
Feedback: 0.83059
Received=	-0.19125
Feedback: 0.682
Received=	-0.20089
Feedback: 0.68804
Received=	-0.18588
Feedback: 0.67863
Calculated range:	[(-2.470186) - (1.529814)]
Success index = (-1.470186)
Received=	-0.10245
=====  13:18:8 - BASE  ============
Feedback: 0.66
Received=	0.10566
Feedback: 0.66
Received=	-0.020054
Feedback: 0.66
Received=	-0.11001
Feedback: 0.66
Received=	-0.06397
Feedback: 0.66
Received=	-0.3271
Feedback: 0.66
Received=	-0.26619
Feedback: 0.66
Received=	-0.0067145
Feedback: 0.66
Received=	-0.19425
Feedback: 0.66
Received=	-0.26257
Feedback: 0.66
Received=	-0.1855
Feedback: 0.66
Received=	-0.016936
Feedback: 0.66
Received=	0.24851
Feedback: 0.66
Received=	0.2488
Feedback: 0.66
Received=	-0.13273
Feedback: 0.66
Received=	-0.042383
Feedback: 0.66
Received=	0.24766
Feedback: 0.66
Received=	0.1785
Feedback: 0.66
Received=	-0.081416
Feedback: 0.66
Received=	-0.052173
Feedback: 0.66
Received=	-0.022728
=====  13:19:8 - NF  ============
Feedback: 0.37925
Received=	-0.12603
Feedback: 0.49491
Received=	-0.12478
Feedback: 0.49351
Received=	-0.37012
Feedback: 0.76822
Received=	-0.4391
Feedback: 0.84545
Received=	-0.47337
Feedback: 0.88382
Received=	-0.15215
Feedback: 0.52416
Received=	-0.1768
Feedback: 0.55177
Received=	-0.32426
Feedback: 0.71686
Received=	-0.38222
Feedback: 0.78177
Received=	-0.33545
Feedback: 0.72939
Received=	-0.36493
Feedback: 0.7624
Received=	-0.4828
Feedback: 0.89438
Received=	-0.42364
Feedback: 0.82813
Received=	-0.19489
Feedback: 0.57202
Received=	-0.091706
Feedback: 0.45648
Received=	0.10681
Feedback: 0.23421
Received=	-0.027109
Feedback: 0.38416
Received=	-0.14228
Feedback: 0.51311
Received=	-0.077701
Feedback: 0.4408
Received=	-0.15734
Feedback: 0.52997
Received=	0.010608
Feedback: 0.34193
Received=	-0.11605
Feedback: 0.48375
Received=	-0.1291
Feedback: 0.49836
Received=	0.016527
Feedback: 0.3353
Received=	0.10456
Feedback: 0.23673
Received=	-0.01001
Feedback: 0.36501
Received=	0.18615
Feedback: 0.14538
Received=	0.25218
Feedback: 0.1
Received=	-0.019558
Feedback: 0.3757
Received=	-0.041378
Feedback: 0.40013
Received=	0.082554
Feedback: 0.26137
Received=	-0.096805
Feedback: 0.46219
Received=	-0.22171
Feedback: 0.60204
Received=	-0.20563
Feedback: 0.58404
Received=	-0.2312
Feedback: 0.61267
Received=	-0.065836
Feedback: 0.42752
Received=	-0.28291
Feedback: 0.67057
Received=	-0.36397
Feedback: 0.76132
Received=	-0.13187
Feedback: 0.50145
Received=	-0.31071
Feedback: 0.7017
Received=	-0.50985
Feedback: 0.9
Received=	-0.5197
Feedback: 0.9
Received=	-0.56746
Feedback: 0.9
Received=	-0.65301
Feedback: 0.9
Received=	-0.40464
Feedback: 0.80687
Received=	-0.22907
Feedback: 0.61029
Received=	-0.16194
Feedback: 0.53513
Received=	0.13699
Feedback: 0.20042
Received=	0.71669
Feedback: 0.1
Received=	0.60019
Feedback: 0.1
Received=	0.12414
Feedback: 0.21481
Received=	-0.11469
Feedback: 0.48222
Received=	-0.064532
Feedback: 0.42606
Received=	-0.37475
Feedback: 0.7734
Received=	-0.66133
Feedback: 0.9
Received=	-0.56049
Feedback: 0.9
Received=	-0.30397
Feedback: 0.69415
Received=	-0.3502
Feedback: 0.74591
Received=	-0.45118
Feedback: 0.85897
Calculated range:	[(-2.000000) - (2.000000)]
Success index = (-0.538171)
closing...
