Direction=-1.000000	; step=1.000000;
Received=	0
Feedback: 0.66
Received=	0
Feedback: 0.66
Received=	0
Feedback: 0.66
Received=	0.33077
Feedback: 0.66
Received=	0.30338
Feedback: 0.66
Received=	0.49333
Feedback: 0.66
Received=	0.24652
Feedback: 0.66
Received=	0.25731
Feedback: 0.66
Received=	0.63559
Feedback: 0.66
Received=	0.38047
Feedback: 0.66
Received=	0.23872
Feedback: 0.66
Received=	0.21037
Feedback: 0.66
Received=	0.33878
Feedback: 0.66
Received=	0.32412
Feedback: 0.66
Received=	0.22668
Feedback: 0.66
Received=	0.39885
Feedback: 0.66
Received=	0.36185
Feedback: 0.66
Received=	0.22728
Feedback: 0.66
Received=	-0.087377
Feedback: 0.66
Received=	-0.36497
Feedback: 0.66
Received=	0.030518
=====  12:39:35 - NF  ============
Feedback: 0.6986
Received=	0.13309
Feedback: 0.6063
Received=	0.27811
Feedback: 0.47579
Received=	0.19953
Feedback: 0.5465
Received=	0.63124
Feedback: 0.15799
Received=	0.88365
Feedback: 0.1
Received=	0.59709
Feedback: 0.18873
Received=	0.51288
Feedback: 0.26451
Received=	0.39804
Feedback: 0.36785
Received=	0.38382
Feedback: 0.38066
Received=	0.27621
Feedback: 0.4775
Received=	0.23464
Feedback: 0.5149
Received=	0.51398
Feedback: 0.26352
Received=	0.58091
Feedback: 0.20329
Received=	0.42375
Feedback: 0.34472
Received=	0.1262
Feedback: 0.61249
Received=	0.35204
Feedback: 0.40925
Received=	0.48583
Feedback: 0.28885
Received=	0.27949
Feedback: 0.47454
Received=	0.46514
Feedback: 0.30747
Received=	0.72397
Feedback: 0.1
Received=	1.0498
Feedback: 0.1
Received=	0.97244
Feedback: 0.1
Received=	0.83413
Feedback: 0.1
Received=	0.75714
Feedback: 0.1
Received=	0.59761
Feedback: 0.18826
Received=	0.42553
Feedback: 0.34312
Received=	0.50301
Feedback: 0.27339
Received=	0.68776
Feedback: 0.10713
Received=	0.53643
Feedback: 0.24331
Received=	0.57053
Feedback: 0.21263
Received=	0.34879
Feedback: 0.41218
Received=	0.38576
Feedback: 0.37891
Received=	0.61613
Feedback: 0.17159
Received=	0.43774
Feedback: 0.33213
Received=	0.14941
Feedback: 0.59161
Received=	-0.079141
Feedback: 0.79729
Received=	0.18756
Feedback: 0.55727
Received=	0.33456
Feedback: 0.42499
Received=	0.61577
Feedback: 0.17192
Received=	1.0474
Feedback: 0.1
Received=	0.90771
Feedback: 0.1
Received=	0.76499
Feedback: 0.1
Received=	0.38037
Feedback: 0.38376
Received=	0.42339
Feedback: 0.34504
Received=	0.69403
Feedback: 0.10149
Received=	0.82069
Feedback: 0.1
Received=	0.70633
Feedback: 0.1
Received=	0.48594
Feedback: 0.28875
Received=	0.50722
Feedback: 0.2696
Received=	0.39803
Feedback: 0.36787
Received=	0.31106
Feedback: 0.44613
Received=	0.31051
Feedback: 0.44663
Received=	0.88579
Feedback: 0.1
Received=	1.1719
Feedback: 0.1
Received=	1.0087
Feedback: 0.1
Received=	0.68614
Feedback: 0.10859
Received=	0.99736
Feedback: 0.1
Received=	1.0816
Feedback: 0.1
Received=	0.86205
Feedback: 0.1
Calculated range:	[(-2.000000) - (2.000000)]
Success index = (1.098137)
Received=	0.59331
=====  12:42:35 - BASE  ============
Feedback: 0.66
Received=	0.90115
Feedback: 0.66
Received=	0.93898
Feedback: 0.66
Received=	0.80466
Feedback: 0.66
Received=	1.0593
Feedback: 0.66
Received=	1.0626
Feedback: 0.66
Received=	0.53703
Feedback: 0.66
Received=	-0.24712
Feedback: 0.66
Received=	-0.30216
Feedback: 0.66
Received=	-0.0014591
Feedback: 0.66
Received=	0.23819
Feedback: 0.66
Received=	0.34544
Feedback: 0.66
Received=	0.19413
Feedback: 0.66
Received=	0.42369
Feedback: 0.66
Received=	0.67583
Feedback: 0.66
Received=	0.58347
Feedback: 0.66
Received=	0.67258
Feedback: 0.66
Received=	0.5295
Feedback: 0.66
Received=	0.20945
Feedback: 0.66
Received=	0.60565
Feedback: 0.66
Received=	0.65354
=====  12:43:35 - NF  ============
Feedback: 0.40427
Received=	0.51476
Feedback: 0.47391
Received=	0.51346
Feedback: 0.47456
Received=	0.76853
Feedback: 0.34656
Received=	0.79689
Feedback: 0.33233
Received=	0.81237
Feedback: 0.32456
Received=	0.46009
Feedback: 0.50134
Received=	0.36154
Feedback: 0.5508
Received=	0.16919
Feedback: 0.64732
Received=	0.31367
Feedback: 0.57482
Received=	0.49982
Feedback: 0.48141
Received=	0.41966
Feedback: 0.52163
Received=	0.37972
Feedback: 0.54167
Received=	0.41786
Feedback: 0.52254
Received=	0.49198
Feedback: 0.48534
Received=	0.23063
Feedback: 0.61649
Received=	0.21671
Feedback: 0.62348
Received=	0.43766
Feedback: 0.5126
Received=	0.63512
Feedback: 0.41351
Received=	0.51001
Feedback: 0.47629
Received=	0.46938
Feedback: 0.49668
Received=	0.63101
Feedback: 0.41557
Received=	0.81908
Feedback: 0.32119
Received=	1.0284
Feedback: 0.21614
Received=	0.68396
Feedback: 0.389
Received=	0.46507
Feedback: 0.49884
Received=	0.42568
Feedback: 0.51861
Received=	0.3067
Feedback: 0.57832
Received=	0.56436
Feedback: 0.44902
Received=	0.51258
Feedback: 0.475
Received=	0.33433
Feedback: 0.56445
Received=	0.51763
Feedback: 0.47247
Received=	0.043397
Feedback: 0.71045
Received=	0.15685
Feedback: 0.65351
Received=	-0.080051
Feedback: 0.77239
Received=	0.054893
Feedback: 0.70468
Received=	0.11356
Feedback: 0.67524
Received=	0.092883
Feedback: 0.68561
Received=	0.5001
Feedback: 0.48126
Received=	0.94561
Feedback: 0.2577
Received=	0.86216
Feedback: 0.29958
Received=	0.6218
Feedback: 0.42019
Received=	0.57854
Feedback: 0.4419
Received=	0.23397
Feedback: 0.61481
Received=	0.4516
Feedback: 0.5056
Received=	0.349
Feedback: 0.55709
Received=	0.20499
Feedback: 0.62936
Received=	0.38016
Feedback: 0.54145
Received=	0.46365
Feedback: 0.49956
Received=	0.2718
Feedback: 0.59583
Received=	0.19449
Feedback: 0.63463
Received=	-0.084372
Feedback: 0.77456
Received=	-0.049014
Feedback: 0.75682
Received=	0.37337
Feedback: 0.54486
Received=	0.41238
Feedback: 0.52528
Received=	0.48648
Feedback: 0.4881
Received=	0.39519
Feedback: 0.53391
Received=	0.3035
Feedback: 0.57992
Received=	0.44299
Feedback: 0.50992
Received=	0.57162
Feedback: 0.44538
Calculated range:	[(-2.000000) - (2.000000)]
Success index = (-0.126812)
Received=	0.40531
=====  12:46:35 - BASE  ============
Feedback: 0.66
Received=	0.56177
Feedback: 0.66
Received=	0.75413
Feedback: 0.66
Received=	0.76067
Feedback: 0.66
Received=	0.46108
Feedback: 0.66
Received=	0.032408
Feedback: 0.66
Received=	0.39336
Feedback: 0.66
Received=	0.90091
Feedback: 0.66
Received=	0.68148
Feedback: 0.66
Received=	0.69994
Feedback: 0.66
Received=	0.48933
Feedback: 0.66
Received=	0.4491
Feedback: 0.66
Received=	0.24327
Feedback: 0.66
Received=	0.38233
Feedback: 0.66
Received=	0.088338
Feedback: 0.66
Received=	0.14843
Feedback: 0.66
Received=	0.26282
Feedback: 0.66
Received=	0.37908
Feedback: 0.66
Received=	0.27256
Feedback: 0.66
Received=	-0.17463
Feedback: 0.66
Received=	-0.12385
=====  12:47:36 - NF  ============
Feedback: 0.86924
Received=	0.29808
Feedback: 0.57261
Received=	0.22912
Feedback: 0.6211
Received=	0.47798
Feedback: 0.44614
Received=	0.40046
Feedback: 0.50064
Received=	0.456
Feedback: 0.4616
Received=	0.52919
Feedback: 0.41014
Received=	0.52004
Feedback: 0.41657
Received=	0.38955
Feedback: 0.50831
Received=	0.40404
Feedback: 0.49812
Received=	0.55283
Feedback: 0.39352
Received=	0.31521
Feedback: 0.56057
Received=	-0.28327
Feedback: 0.9
Received=	-0.29299
Feedback: 0.9
Received=	0.13818
Feedback: 0.68503
Received=	0.40819
Feedback: 0.4952
Received=	0.87659
Feedback: 0.16591
Received=	1.1098
Feedback: 0.1
Received=	0.86291
Feedback: 0.17552
Received=	0.90147
Feedback: 0.14842
Received=	0.85545
Feedback: 0.18077
Received=	0.78874
Feedback: 0.22767
Received=	0.87269
Feedback: 0.16865
Received=	0.59455
Feedback: 0.36419
Received=	0.35623
Feedback: 0.53173
Received=	0.060181
Feedback: 0.73986
Received=	0.13319
Feedback: 0.68853
Received=	0.36046
Feedback: 0.52876
Received=	0.16809
Feedback: 0.664
Received=	0.16347
Feedback: 0.66725
Received=	0.5588
Feedback: 0.38932
Received=	0.74577
Feedback: 0.25788
Received=	0.94021
Feedback: 0.12118
Received=	0.89399
Feedback: 0.15368
Received=	0.82615
Feedback: 0.20137
Received=	0.55208
Feedback: 0.39405
Received=	0.76547
Feedback: 0.24403
Received=	0.37997
Feedback: 0.51504
Received=	0.091519
Feedback: 0.71783
Received=	0.093554
Feedback: 0.7164
Received=	0.18758
Feedback: 0.6503
Received=	0.21568
Feedback: 0.63054
Received=	0.4498
Feedback: 0.46595
Received=	0.48534
Feedback: 0.44096
Received=	0.71408
Feedback: 0.28016
Received=	0.46226
Feedback: 0.45719
Received=	0.56308
Feedback: 0.38632
Received=	0.6119
Feedback: 0.35199
Received=	0.15602
Feedback: 0.67249
Received=	0.13625
Feedback: 0.68639
Received=	-0.019409
Feedback: 0.79582
Received=	-0.2739
Feedback: 0.9
Received=	-0.29532
Feedback: 0.9
Received=	0.32968
Feedback: 0.5504
Received=	0.59129
Feedback: 0.36648
Received=	0.44581
Feedback: 0.46876
Received=	0.0023931
Feedback: 0.78049
Received=	0.31692
Feedback: 0.55937
Received=	0.69121
Feedback: 0.29623
Received=	0.42922
Feedback: 0.48042
Calculated range:	[(-2.000000) - (2.000000)]
Success index = (0.025305)
Received=	0.1273
=====  12:50:35 - BASE  ============
Feedback: 0.66
Received=	0.15653
Feedback: 0.66
Received=	0.16639
Feedback: 0.66
Received=	0.66157
Feedback: 0.66
Received=	1.0028
Feedback: 0.66
Received=	0.73197
Feedback: 0.66
Received=	0.46383
Feedback: 0.66
Received=	0.025793
Feedback: 0.66
Received=	-0.35629
Feedback: 0.66
Received=	-0.36744
Feedback: 0.66
Received=	-0.14946
Feedback: 0.66
Received=	0.005658
Feedback: 0.66
Received=	0.034035
Feedback: 0.66
Received=	0.37657
Feedback: 0.66
Received=	0.37014
Feedback: 0.66
Received=	0.19898
Feedback: 0.66
Received=	0.32892
Feedback: 0.66
Received=	0.57663
Feedback: 0.66
Received=	0.89256
Feedback: 0.66
Received=	0.86217
Feedback: 0.66
Received=	0.54033
=====  12:51:35 - NF  ============
Feedback: 0.39545
Received=	0.2226
Feedback: 0.54872
Received=	0.78185
Feedback: 0.27895
Received=	1.3225
Feedback: 0.1
Received=	0.58824
Feedback: 0.37234
Received=	0.72131
Feedback: 0.30815
Received=	0.83292
Feedback: 0.25431
Received=	0.63334
Feedback: 0.35059
Received=	0.43561
Feedback: 0.44597
Received=	0.13764
Feedback: 0.5897
Received=	0.45412
Feedback: 0.43704
Received=	0.37183
Feedback: 0.47674
Received=	0.064734
Feedback: 0.62488
Received=	0.23057
Feedback: 0.54488
Received=	0.59608
Feedback: 0.36856
Received=	0.63508
Feedback: 0.34975
Received=	0.49831
Feedback: 0.41572
Received=	0.11285
Feedback: 0.60166
Received=	0.22288
Feedback: 0.54859
Received=	0.17592
Feedback: 0.57124
Received=	0.61232
Feedback: 0.36073
Received=	0.95016
Feedback: 0.19775
Received=	1.2575
Feedback: 0.1
Received=	1.0989
Feedback: 0.12602
Received=	0.58828
Feedback: 0.37232
Received=	0.76275
Feedback: 0.28816
Received=	1.4272
Feedback: 0.1
Received=	1.4497
Feedback: 0.1
Received=	1.0315
Feedback: 0.15853
Received=	0.66603
Feedback: 0.33482
Received=	0.52639
Feedback: 0.40218
Received=	0.67051
Feedback: 0.33266
Received=	0.71837
Feedback: 0.30957
Received=	0.44958
Feedback: 0.43923
Received=	0.37762
Feedback: 0.47394
Received=	0.70354
Feedback: 0.31672
Received=	0.88858
Feedback: 0.22746
Received=	0.61882
Feedback: 0.35759
Received=	0.22983
Feedback: 0.54523
Received=	0.17876
Feedback: 0.56987
Received=	0.32751
Feedback: 0.49812
Received=	0.17972
Feedback: 0.56941
Received=	0.30207
Feedback: 0.51039
Received=	0.30293
Feedback: 0.50997
Received=	0.16676
Feedback: 0.57566
Received=	0.20292
Feedback: 0.55822
Received=	0.083282
Feedback: 0.61593
Received=	0.56703
Feedback: 0.38257
Received=	0.49298
Feedback: 0.41829
Received=	0.57573
Feedback: 0.37838
Received=	0.55176
Feedback: 0.38994
Received=	0.51598
Feedback: 0.4072
Received=	0.2618
Feedback: 0.52981
Received=	0.043081
Feedback: 0.63532
Received=	0.17092
Feedback: 0.57365
Received=	0.36157
Feedback: 0.48169
Received=	0.36858
Feedback: 0.47831
Received=	0.26425
Feedback: 0.52863
Received=	0.034484
Feedback: 0.63947
Received=	0.065535
Feedback: 0.62449
Calculated range:	[(-2.000000) - (2.000000)]
Success index = (0.517136)
Received=	0.53187
=====  12:54:35 - BASE  ============
Feedback: 0.66
Received=	0.27409
Feedback: 0.66
Received=	0.42871
Feedback: 0.66
Received=	0.25235
Feedback: 0.66
Received=	0.31549
Feedback: 0.66
Received=	0.77262
Feedback: 0.66
Received=	1.3398
Feedback: 0.66
Received=	1.5615
Feedback: 0.66
Received=	1.3781
Feedback: 0.66
Received=	0.69771
Feedback: 0.66
Received=	0.36
Feedback: 0.66
Received=	0.51122
Feedback: 0.66
Received=	0.57055
Feedback: 0.66
Received=	0.90552
Feedback: 0.66
Received=	0.81438
Feedback: 0.66
Received=	0.21468
Feedback: 0.66
Received=	-0.19762
Feedback: 0.66
Received=	-0.11106
Feedback: 0.66
Received=	-0.11169
Feedback: 0.66
Received=	0.084693
Feedback: 0.66
Received=	0.47487
=====  12:55:35 - NF  ============
Feedback: 0.52659
Received=	0.70298
Feedback: 0.43849
Received=	0.98578
Feedback: 0.32927
Received=	0.69797
Feedback: 0.44043
Received=	0.50197
Feedback: 0.51612
Received=	0.53279
Feedback: 0.50422
Received=	0.38722
Feedback: 0.56044
Received=	0.8315
Feedback: 0.38886
Received=	0.98204
Feedback: 0.33071
Received=	0.31356
Feedback: 0.58889
Received=	-0.0051312
Feedback: 0.71198
Received=	0.086183
Feedback: 0.67671
Received=	0.18974
Feedback: 0.63671
Received=	0.67231
Feedback: 0.45034
Received=	0.6655
Feedback: 0.45297
Received=	0.54628
Feedback: 0.49901
Received=	0.57227
Feedback: 0.48897
Received=	0.75125
Feedback: 0.41985
Received=	1.2407
Feedback: 0.23083
Received=	0.88788
Feedback: 0.36708
Received=	0.39545
Feedback: 0.55726
Received=	0.68224
Feedback: 0.4465
Received=	0.60549
Feedback: 0.47615
Received=	0.68103
Feedback: 0.44697
Received=	0.62385
Feedback: 0.46905
Received=	0.22293
Feedback: 0.6239
Received=	0.42344
Feedback: 0.54646
Received=	0.57844
Feedback: 0.48659
Received=	0.64848
Feedback: 0.45954
Received=	0.65212
Feedback: 0.45814
Received=	0.43651
Feedback: 0.54141
Received=	0.22197
Feedback: 0.62427
Received=	-0.076682
Feedback: 0.73961
Received=	-0.1084
Feedback: 0.75186
Received=	-0.28044
Feedback: 0.8183
Received=	-0.0475
Feedback: 0.72834
Received=	0.21743
Feedback: 0.62602
Received=	0.37693
Feedback: 0.56442
Received=	0.49224
Feedback: 0.51988
Received=	0.30368
Feedback: 0.59271
Received=	0.45737
Feedback: 0.53335
Received=	0.73961
Feedback: 0.42435
Received=	0.74346
Feedback: 0.42286
Received=	0.28417
Feedback: 0.60024
Received=	-0.21078
Feedback: 0.7914
Received=	-0.14614
Feedback: 0.76644
Received=	0.17019
Feedback: 0.64426
Received=	0.128
Feedback: 0.66056
Received=	-0.016774
Feedback: 0.71647
Received=	-0.12717
Feedback: 0.75911
Received=	-0.31105
Feedback: 0.83013
Received=	-0.16465
Feedback: 0.77359
Received=	0.30075
Feedback: 0.59384
Received=	0.1924
Feedback: 0.63569
Received=	0.61015
Feedback: 0.47435
Received=	0.81982
Feedback: 0.39337
Received=	0.47694
Feedback: 0.52579
Received=	0.34401
Feedback: 0.57713
Received=	0.60239
Feedback: 0.47734
Received=	0.61183
Feedback: 0.4737
Calculated range:	[(-2.000000) - (2.000000)]
Success index = (-0.348696)
closing...
