Direction=-1.000000	; step=1.000000;
Received=	0
Feedback: 0.66
Received=	0
Feedback: 0.66
Received=	0
Feedback: 0.66
Received=	-0.080276
Feedback: 0.66
Received=	-0.033578
Feedback: 0.66
Received=	0.51248
Feedback: 0.66
Received=	0.21584
Feedback: 0.66
Received=	-0.31124
Feedback: 0.66
Received=	-0.10699
Feedback: 0.66
Received=	-0.060282
Feedback: 0.66
Received=	-0.28238
Feedback: 0.66
Received=	-0.8036
Feedback: 0.66
Received=	-0.64978
Feedback: 0.66
Received=	-0.3921
Feedback: 0.66
Received=	-0.42272
Feedback: 0.66
Received=	-0.67229
Feedback: 0.66
Received=	-0.41009
Feedback: 0.66
Received=	-0.042601
Feedback: 0.66
Received=	0.090472
Feedback: 0.66
Received=	-0.48323
Feedback: 0.66
Received=	-0.89022
=====  12:40:49 - NF  ============
Feedback: 0.9
Received=	-0.437
Feedback: 0.63028
Received=	-0.18554
Feedback: 0.48037
Received=	-0.45397
Feedback: 0.64039
Received=	-0.63253
Feedback: 0.74684
Received=	-0.49793
Feedback: 0.6666
Received=	-0.32604
Feedback: 0.56413
Received=	-0.40347
Feedback: 0.61029
Received=	-0.13244
Feedback: 0.44871
Received=	-0.11875
Feedback: 0.44056
Received=	-0.18437
Feedback: 0.47968
Received=	-0.465
Feedback: 0.64696
Received=	-0.57312
Feedback: 0.71142
Received=	-0.62234
Feedback: 0.74076
Received=	-0.54826
Feedback: 0.6966
Received=	-0.38469
Feedback: 0.59909
Received=	-0.49244
Feedback: 0.66333
Received=	-0.38426
Feedback: 0.59883
Received=	-0.13086
Feedback: 0.44777
Received=	-0.2282
Feedback: 0.5058
Received=	-0.29187
Feedback: 0.54376
Received=	-0.37742
Feedback: 0.59476
Received=	-0.32828
Feedback: 0.56546
Received=	0.090363
Feedback: 0.3159
Received=	0.021034
Feedback: 0.35723
Received=	-0.16666
Feedback: 0.46912
Received=	-0.46282
Feedback: 0.64567
Received=	-0.42604
Feedback: 0.62374
Received=	-0.34729
Feedback: 0.5768
Received=	-0.29872
Feedback: 0.54784
Received=	-0.13634
Feedback: 0.45104
Received=	0.16921
Feedback: 0.26889
Received=	-0.17987
Feedback: 0.47699
Received=	-0.5225
Feedback: 0.68125
Received=	-0.62132
Feedback: 0.74016
Received=	-0.6238
Feedback: 0.74163
Received=	-0.42735
Feedback: 0.62453
Received=	-0.37404
Feedback: 0.59275
Received=	-0.2134
Feedback: 0.49698
Received=	-0.22321
Feedback: 0.50283
Received=	0.1161
Feedback: 0.30055
Received=	-0.096004
Feedback: 0.427
Received=	-0.50797
Feedback: 0.67259
Received=	-0.49477
Feedback: 0.66472
Received=	-0.27614
Feedback: 0.53438
Received=	-0.20413
Feedback: 0.49146
Received=	-0.546
Feedback: 0.69525
Received=	-0.41434
Feedback: 0.61677
Received=	-0.32571
Feedback: 0.56393
Received=	-0.28652
Feedback: 0.54057
Received=	-0.047621
Feedback: 0.39815
Received=	-0.24581
Feedback: 0.5163
Received=	-0.41345
Feedback: 0.61623
Received=	-0.52721
Feedback: 0.68405
Received=	-0.52729
Feedback: 0.6841
Received=	-0.27464
Feedback: 0.53349
Received=	-0.48743
Feedback: 0.66034
Received=	-0.54357
Feedback: 0.69381
Received=	-0.18926
Feedback: 0.48259
Received=	0.016299
Feedback: 0.36005
Calculated range:	[(-2.000000) - (2.000000)]
Success index = (-0.490414)
Received=	0.33725
=====  12:43:49 - BASE  ============
Feedback: 0.66
Received=	0.067661
Feedback: 0.66
Received=	0.055545
Feedback: 0.66
Received=	0.16969
Feedback: 0.66
Received=	-0.34631
Feedback: 0.66
Received=	-0.34263
Feedback: 0.66
Received=	-0.16796
Feedback: 0.66
Received=	-0.34867
Feedback: 0.66
Received=	-0.44476
Feedback: 0.66
Received=	-0.32655
Feedback: 0.66
Received=	-0.22057
Feedback: 0.66
Received=	-0.32885
Feedback: 0.66
Received=	-0.16489
Feedback: 0.66
Received=	0.030822
Feedback: 0.66
Received=	0.12852
Feedback: 0.66
Received=	-0.061459
Feedback: 0.66
Received=	0.04098
Feedback: 0.66
Received=	0.097318
Feedback: 0.66
Received=	-0.22519
Feedback: 0.66
Received=	-0.37219
Feedback: 0.66
Received=	-0.32136
=====  12:44:49 - NF  ============
Feedback: 0.6637
Received=	-0.35123
Feedback: 0.69345
Received=	-0.36203
Feedback: 0.70422
Received=	-0.25725
Feedback: 0.59982
Received=	-0.18574
Feedback: 0.52857
Received=	-0.23042
Feedback: 0.57309
Received=	-0.11573
Feedback: 0.45882
Received=	-0.099657
Feedback: 0.4428
Received=	-0.41994
Feedback: 0.76191
Received=	-0.58229
Feedback: 0.9
Received=	-0.22038
Feedback: 0.56309
Received=	0.0084336
Feedback: 0.33511
Received=	-0.01891
Feedback: 0.36235
Received=	0.27033
Feedback: 0.1
Received=	-0.12537
Feedback: 0.46842
Received=	-0.37615
Feedback: 0.71829
Received=	-0.54549
Feedback: 0.887
Received=	-0.52446
Feedback: 0.86605
Received=	-0.23561
Feedback: 0.57826
Received=	-0.33055
Feedback: 0.67285
Received=	-0.14859
Feedback: 0.49155
Received=	-0.13804
Feedback: 0.48105
Received=	-0.42543
Feedback: 0.76738
Received=	-0.21535
Feedback: 0.55807
Received=	-0.28682
Feedback: 0.62928
Received=	-0.27791
Feedback: 0.62041
Received=	-0.2256
Feedback: 0.56828
Received=	-0.37207
Feedback: 0.71422
Received=	-0.22865
Feedback: 0.57133
Received=	-0.31578
Feedback: 0.65813
Received=	-0.42257
Feedback: 0.76454
Received=	-0.40545
Feedback: 0.74748
Received=	-0.69751
Feedback: 0.9
Received=	-0.42019
Feedback: 0.76216
Received=	-0.35782
Feedback: 0.70002
Received=	-0.53086
Feedback: 0.87242
Received=	-0.52726
Feedback: 0.86885
Received=	-0.21018
Feedback: 0.55292
Received=	0.17719
Feedback: 0.16697
Received=	0.18485
Feedback: 0.15933
Received=	0.035542
Feedback: 0.3081
Received=	-0.26467
Feedback: 0.60721
Received=	-0.029077
Feedback: 0.37248
Received=	-0.092261
Feedback: 0.43543
Received=	-0.087632
Feedback: 0.43082
Received=	-0.53299
Feedback: 0.87455
Received=	-0.82559
Feedback: 0.9
Received=	-0.8372
Feedback: 0.9
Received=	-0.90862
Feedback: 0.9
Received=	-0.5044
Feedback: 0.84606
Received=	-0.70044
Feedback: 0.9
Received=	-0.90987
Feedback: 0.9
Received=	-0.93947
Feedback: 0.9
Received=	-0.48833
Feedback: 0.83005
Received=	-0.21971
Feedback: 0.56242
Received=	-0.60092
Feedback: 0.9
Received=	-0.74812
Feedback: 0.9
Received=	-0.35104
Feedback: 0.69326
Received=	-0.31948
Feedback: 0.66182
Received=	-0.61645
Feedback: 0.9
Calculated range:	[(-2.000000) - (2.000000)]
Success index = (-0.749054)
Received=	-0.78762
=====  12:47:49 - BASE  ============
Feedback: 0.66
Received=	-0.71912
Feedback: 0.66
Received=	-0.94969
Feedback: 0.66
Received=	-0.82505
Feedback: 0.66
Received=	-0.43417
Feedback: 0.66
Received=	-0.13299
Feedback: 0.66
Received=	-0.012064
Feedback: 0.66
Received=	-0.3019
Feedback: 0.66
Received=	-0.41705
Feedback: 0.66
Received=	-0.15615
Feedback: 0.66
Received=	-0.1876
Feedback: 0.66
Received=	-0.074377
Feedback: 0.66
Received=	-0.11645
Feedback: 0.66
Received=	-0.077026
Feedback: 0.66
Received=	-0.1104
Feedback: 0.66
Received=	-0.50082
Feedback: 0.66
Received=	-0.033192
Feedback: 0.66
Received=	-0.17952
Feedback: 0.66
Received=	-0.016882
Feedback: 0.66
Received=	0.024916
Feedback: 0.66
Received=	-0.19094
=====  12:48:49 - NF  ============
Feedback: 0.45745
Received=	-0.14975
Feedback: 0.42778
Received=	-0.34013
Feedback: 0.5649
Received=	-0.30815
Feedback: 0.54187
Received=	-0.46818
Feedback: 0.65714
Received=	-0.78966
Feedback: 0.8887
Received=	-1.1114
Feedback: 0.9
Received=	-0.42933
Feedback: 0.62915
Received=	-0.52413
Feedback: 0.69743
Received=	-0.30379
Feedback: 0.53872
Received=	-0.31578
Feedback: 0.54736
Received=	-0.42913
Feedback: 0.62901
Received=	-0.57549
Feedback: 0.73443
Received=	-0.60325
Feedback: 0.75443
Received=	-0.6709
Feedback: 0.80315
Received=	-0.33323
Feedback: 0.55993
Received=	-0.59277
Feedback: 0.74687
Received=	-0.90332
Feedback: 0.9
Received=	-0.4298
Feedback: 0.62949
Received=	-0.23984
Feedback: 0.49267
Received=	-0.50064
Feedback: 0.68052
Received=	-0.19022
Feedback: 0.45693
Received=	-0.19182
Feedback: 0.45808
Received=	-0.44946
Feedback: 0.64365
Received=	-0.63484
Feedback: 0.77718
Received=	-0.67956
Feedback: 0.80939
Received=	-0.57769
Feedback: 0.73601
Received=	-0.38784
Feedback: 0.59927
Received=	-0.17901
Feedback: 0.44885
Received=	-0.21329
Feedback: 0.47354
Received=	-0.30987
Feedback: 0.54311
Received=	-0.82432
Feedback: 0.9
Received=	-0.71457
Feedback: 0.83461
Received=	-0.50618
Feedback: 0.68451
Received=	-0.29624
Feedback: 0.53329
Received=	-0.3096
Feedback: 0.54291
Received=	-0.6871
Feedback: 0.81482
Received=	-0.48964
Feedback: 0.67259
Received=	-0.52426
Feedback: 0.69753
Received=	-0.68458
Feedback: 0.813
Received=	-0.97494
Feedback: 0.9
Received=	-0.78985
Feedback: 0.88883
Received=	-0.70214
Feedback: 0.82566
Received=	-0.43071
Feedback: 0.63015
Received=	-0.30068
Feedback: 0.53649
Received=	-0.36796
Feedback: 0.58495
Received=	-0.30559
Feedback: 0.54002
Received=	-0.4071
Feedback: 0.61314
Received=	-0.2247
Feedback: 0.48176
Received=	-0.15297
Feedback: 0.43009
Received=	-0.17126
Feedback: 0.44327
Received=	-0.40974
Feedback: 0.61504
Received=	-0.50734
Feedback: 0.68534
Received=	-0.4046
Feedback: 0.61134
Received=	-0.40744
Feedback: 0.61338
Received=	-0.29285
Feedback: 0.53085
Received=	-0.48282
Feedback: 0.66768
Received=	-0.73437
Feedback: 0.84887
Received=	-0.62024
Feedback: 0.76666
Received=	-0.70523
Feedback: 0.82788
Calculated range:	[(-2.000000) - (2.000000)]
Success index = (-0.964504)
Received=	-0.43731
=====  12:51:49 - BASE  ============
Feedback: 0.66
Received=	-0.58775
Feedback: 0.66
Received=	-0.024314
Feedback: 0.66
Received=	-0.11207
Feedback: 0.66
Received=	-0.68707
Feedback: 0.66
Received=	-0.94643
Feedback: 0.66
Received=	-0.78855
Feedback: 0.66
Received=	-0.43439
Feedback: 0.66
Received=	-0.36667
Feedback: 0.66
Received=	-0.37608
Feedback: 0.66
Received=	-0.17865
Feedback: 0.66
Received=	-0.38585
Feedback: 0.66
Received=	-0.29512
Feedback: 0.66
Received=	0.18924
Feedback: 0.66
Received=	0.12983
Feedback: 0.66
Received=	0.28533
Feedback: 0.66
Received=	-0.00010075
Feedback: 0.66
Received=	-0.20616
Feedback: 0.66
Received=	-0.15235
Feedback: 0.66
Received=	0.070703
Feedback: 0.66
Received=	-0.232
=====  12:52:49 - NF  ============
Feedback: 0.49661
Received=	-0.67647
Feedback: 0.76091
Received=	-0.4681
Feedback: 0.637
Received=	-0.35559
Feedback: 0.5701
Received=	-0.4767
Feedback: 0.64212
Received=	-0.39757
Feedback: 0.59506
Received=	-0.18199
Feedback: 0.46687
Received=	0.069512
Feedback: 0.31731
Received=	-0.091772
Feedback: 0.41322
Received=	-0.30942
Feedback: 0.54264
Received=	-0.29936
Feedback: 0.53666
Received=	-0.28453
Feedback: 0.52784
Received=	-0.37789
Feedback: 0.58336
Received=	-0.27346
Feedback: 0.52126
Received=	-0.083725
Feedback: 0.40843
Received=	0.0045801
Feedback: 0.35592
Received=	-0.6293
Feedback: 0.73286
Received=	-0.48195
Feedback: 0.64524
Received=	-0.26048
Feedback: 0.51354
Received=	-0.042411
Feedback: 0.38387
Received=	-0.1107
Feedback: 0.42447
Received=	-0.14013
Feedback: 0.44198
Received=	0.003813
Feedback: 0.35638
Received=	0.1405
Feedback: 0.27509
Received=	-0.10713
Feedback: 0.42235
Received=	-0.49227
Feedback: 0.65138
Received=	-0.46102
Feedback: 0.6328
Received=	-0.51695
Feedback: 0.66605
Received=	-0.26462
Feedback: 0.51601
Received=	-0.28783
Feedback: 0.52981
Received=	-0.4421
Feedback: 0.62155
Received=	-0.45469
Feedback: 0.62903
Received=	-0.51657
Feedback: 0.66583
Received=	-0.69634
Feedback: 0.77273
Received=	-0.59389
Feedback: 0.71181
Received=	-0.57349
Feedback: 0.69968
Received=	-0.50205
Feedback: 0.6572
Received=	-0.71585
Feedback: 0.78433
Received=	-0.80976
Feedback: 0.84018
Received=	-0.36691
Feedback: 0.57683
Received=	-0.19124
Feedback: 0.47237
Received=	-0.27831
Feedback: 0.52415
Received=	-0.75998
Feedback: 0.81057
Received=	-1.3397
Feedback: 0.9
Received=	-1.3672
Feedback: 0.9
Received=	-1.0567
Feedback: 0.9
Received=	-1.3178
Feedback: 0.9
Received=	-1.118
Feedback: 0.9
Received=	-1.1227
Feedback: 0.9
Received=	-0.76986
Feedback: 0.81645
Received=	-0.16448
Feedback: 0.45646
Received=	0.1017
Feedback: 0.29817
Received=	0.32013
Feedback: 0.16828
Received=	-0.018032
Feedback: 0.36937
Received=	-0.15329
Feedback: 0.4498
Received=	-0.19461
Feedback: 0.47437
Received=	-0.43251
Feedback: 0.61584
Received=	-0.61011
Feedback: 0.72145
Received=	-0.13294
Feedback: 0.4377
Received=	0.036362
Feedback: 0.33702
Calculated range:	[(-2.000000) - (2.000000)]
Success index = (-0.463980)
Received=	-0.069377
=====  12:55:49 - BASE  ============
Feedback: 0.66
Received=	0.11211
Feedback: 0.66
Received=	-0.024674
Feedback: 0.66
Received=	-0.32794
Feedback: 0.66
Received=	-0.050188
Feedback: 0.66
Received=	-0.18029
Feedback: 0.66
Received=	-0.32351
Feedback: 0.66
Received=	-0.44171
Feedback: 0.66
Received=	-0.4077
Feedback: 0.66
Received=	-0.58267
Feedback: 0.66
Received=	-0.50053
Feedback: 0.66
Received=	-0.4842
Feedback: 0.66
Received=	-0.51296
Feedback: 0.66
Received=	-0.77483
Feedback: 0.66
Received=	-0.99809
Feedback: 0.66
Received=	-0.56824
Feedback: 0.66
Received=	-0.26169
Feedback: 0.66
Received=	-0.02976
Feedback: 0.66
Received=	-0.54874
Feedback: 0.66
Received=	-0.68338
Feedback: 0.66
Received=	-0.37012
=====  12:56:49 - NF  ============
Feedback: 0.45578
Received=	0.27622
Feedback: 0.1
Received=	0.27607
Feedback: 0.1
Received=	-0.18024
Feedback: 0.31034
Received=	-0.37572
Feedback: 0.46008
Received=	-0.35181
Feedback: 0.44176
Received=	-0.1704
Feedback: 0.3028
Received=	-0.1642
Feedback: 0.29805
Received=	-0.46199
Feedback: 0.52616
Received=	-0.49759
Feedback: 0.55343
Received=	-0.37494
Feedback: 0.45948
Received=	-0.3001
Feedback: 0.40215
Received=	-0.25477
Feedback: 0.36742
Received=	-0.26329
Feedback: 0.37395
Received=	-0.51086
Feedback: 0.56359
Received=	-0.79048
Feedback: 0.77779
Received=	-0.93615
Feedback: 0.88937
Received=	-0.88266
Feedback: 0.8484
Received=	-0.86381
Feedback: 0.83396
Received=	-0.97708
Feedback: 0.9
Received=	-0.41552
Feedback: 0.49057
Received=	-0.2879
Feedback: 0.39281
Received=	0.15943
Feedback: 0.1
Received=	0.14102
Feedback: 0.1
Received=	0.035884
Feedback: 0.14478
Received=	-0.38865
Feedback: 0.46998
Received=	-0.45933
Feedback: 0.52412
Received=	-0.6882
Feedback: 0.69944
Received=	-0.85403
Feedback: 0.82647
Received=	-0.90029
Feedback: 0.86191
Received=	-0.84182
Feedback: 0.81712
Received=	-0.79426
Feedback: 0.78069
Received=	-1.0681
Feedback: 0.9
Received=	-1.0044
Feedback: 0.9
Received=	-0.6667
Feedback: 0.68297
Received=	-0.7324
Feedback: 0.73329
Received=	-1.2108
Feedback: 0.9
Received=	-0.81392
Feedback: 0.79574
Received=	-0.15956
Feedback: 0.29449
Received=	0.19749
Feedback: 0.1
Received=	0.40355
Feedback: 0.1
Received=	0.14166
Feedback: 0.1
Received=	-0.0763
Feedback: 0.23072
Received=	0.42269
Feedback: 0.1
Received=	0.06162
Feedback: 0.12507
Received=	-0.51133
Feedback: 0.56396
Received=	-0.43588
Feedback: 0.50616
Received=	-0.22946
Feedback: 0.34804
Received=	0.1132
Feedback: 0.1
Received=	-0.2245
Feedback: 0.34424
Received=	-0.32436
Feedback: 0.42074
Received=	-0.13135
Feedback: 0.27289
Received=	-0.034781
Feedback: 0.19891
Received=	0.39835
Feedback: 0.1
Received=	0.82769
Feedback: 0.1
Received=	-0.055333
Feedback: 0.21466
Received=	-0.22847
Feedback: 0.34728
Received=	-0.1546
Feedback: 0.29069
Received=	0.10113
Feedback: 0.1
Received=	-0.00038859
Feedback: 0.17257
Calculated range:	[(-2.000000) - (2.000000)]
Success index = (0.287846)
closing...
