Direction=-1.000000	; step=1.000000;
Received=	0
Feedback: 0.66
Received=	0
Feedback: 0.66
Received=	0
Feedback: 0.66
Received=	-0.35033
Feedback: 0.66
Received=	-0.39834
Feedback: 0.66
Received=	-0.82709
Feedback: 0.66
Received=	-0.80438
Feedback: 0.66
Received=	0.067189
Feedback: 0.66
Received=	0.45742
Feedback: 0.66
Received=	0.10986
Feedback: 0.66
Received=	0.081965
Feedback: 0.66
Received=	0.53372
Feedback: 0.66
Received=	0.1929
Feedback: 0.66
Received=	-0.39767
Feedback: 0.66
Received=	-0.85527
Feedback: 0.66
Received=	-1.1116
Feedback: 0.66
Received=	-1.572
Feedback: 0.66
Received=	-1.4863
Feedback: 0.66
Received=	-0.64776
Feedback: 0.66
Received=	0.0605
Feedback: 0.66
Received=	0.25095
=====  11:18:55 - NF  ============
Feedback: 0.29732
Received=	-0.090399
Feedback: 0.40594
Received=	-0.22828
Feedback: 0.44982
Received=	-0.18645
Feedback: 0.43651
Received=	-0.0079038
Feedback: 0.37969
Received=	0.27359
Feedback: 0.29011
Received=	0.048918
Feedback: 0.36161
Received=	-0.043506
Feedback: 0.39102
Received=	0.14303
Feedback: 0.33166
Received=	0.058505
Feedback: 0.35856
Received=	-0.20512
Feedback: 0.44245
Received=	-0.17694
Feedback: 0.43348
Received=	-0.049452
Feedback: 0.39291
Received=	-0.41777
Feedback: 0.51013
Received=	-0.54312
Feedback: 0.55001
Received=	-0.27367
Feedback: 0.46427
Received=	-0.10631
Feedback: 0.41101
Received=	-0.020392
Feedback: 0.38367
Received=	-0.32027
Feedback: 0.4791
Received=	-0.36316
Feedback: 0.49275
Received=	-0.2234
Feedback: 0.44827
Received=	-0.13869
Feedback: 0.42131
Received=	-0.2796
Feedback: 0.46615
Received=	0.19985
Feedback: 0.31358
Received=	0.50075
Feedback: 0.21782
Received=	-0.29449
Feedback: 0.47089
Received=	-0.60081
Feedback: 0.56837
Received=	-0.49168
Feedback: 0.53365
Received=	-0.56087
Feedback: 0.55566
Received=	-0.40698
Feedback: 0.50669
Received=	-0.50977
Feedback: 0.5394
Received=	-0.59178
Feedback: 0.5655
Received=	-0.91365
Feedback: 0.66793
Received=	-0.75042
Feedback: 0.61598
Received=	-0.6832
Feedback: 0.59459
Received=	-0.90548
Feedback: 0.66533
Received=	-1.1888
Feedback: 0.75549
Received=	-1.1194
Feedback: 0.73339
Received=	-0.52527
Feedback: 0.54433
Received=	0.096993
Feedback: 0.34631
Received=	0.11759
Feedback: 0.33975
Received=	-0.1349
Feedback: 0.42011
Received=	0.098788
Feedback: 0.34574
Received=	-0.1225
Feedback: 0.41616
Received=	-0.11678
Feedback: 0.41434
Received=	0.049431
Feedback: 0.36145
Received=	0.025243
Feedback: 0.36914
Received=	-0.28601
Feedback: 0.46819
Received=	-0.61815
Feedback: 0.57389
Received=	-0.85467
Feedback: 0.64916
Received=	-1.2425
Feedback: 0.77258
Received=	-1.5937
Feedback: 0.88434
Received=	-1.377
Feedback: 0.81539
Received=	-1.1262
Feedback: 0.73557
Received=	-0.82337
Feedback: 0.6392
Received=	-0.25894
Feedback: 0.45958
Received=	-0.13836
Feedback: 0.42121
Received=	-0.091766
Feedback: 0.40638
Received=	-0.13614
Feedback: 0.4205
Received=	-0.22769
Feedback: 0.44963
Calculated range:	[(-2.000000) - (2.000000)]
Success index = (0.091778)
Received=	-0.31109
=====  11:21:55 - BASE  ============
Feedback: 0.66
Received=	-0.38524
Feedback: 0.66
Received=	0.0058107
Feedback: 0.66
Received=	0.38147
Feedback: 0.66
Received=	-0.082689
Feedback: 0.66
Received=	-0.70108
Feedback: 0.66
Received=	-1.059
Feedback: 0.66
Received=	-1.1743
Feedback: 0.66
Received=	-1.0944
Feedback: 0.66
Received=	-1.042
Feedback: 0.66
Received=	-1.2634
Feedback: 0.66
Received=	-0.93386
Feedback: 0.66
Received=	-0.55147
Feedback: 0.66
Received=	-0.731
Feedback: 0.66
Received=	-0.88005
Feedback: 0.66
Received=	-0.73034
Feedback: 0.66
Received=	-0.078661
Feedback: 0.66
Received=	0.0074062
Feedback: 0.66
Received=	-0.081437
Feedback: 0.66
Received=	-0.12467
Feedback: 0.66
Received=	-0.079796
=====  11:22:55 - NF  ============
Feedback: 0.30931
Received=	0.064541
Feedback: 0.25234
Received=	0.078915
Feedback: 0.24667
Received=	-0.38789
Feedback: 0.4309
Received=	-0.26249
Feedback: 0.38141
Received=	0.049224
Feedback: 0.25839
Received=	0.25273
Feedback: 0.17807
Received=	-0.15963
Feedback: 0.34081
Received=	-0.12801
Feedback: 0.32834
Received=	-0.069977
Feedback: 0.30543
Received=	0.15698
Feedback: 0.21586
Received=	0.32403
Feedback: 0.14993
Received=	-0.13896
Feedback: 0.33266
Received=	-0.072168
Feedback: 0.3063
Received=	0.1931
Feedback: 0.20161
Received=	0.16816
Feedback: 0.21145
Received=	0.19863
Feedback: 0.19942
Received=	0.21108
Feedback: 0.19451
Received=	0.080132
Feedback: 0.24619
Received=	-0.32274
Feedback: 0.40519
Received=	-0.078807
Feedback: 0.30892
Received=	0.018579
Feedback: 0.27048
Received=	-0.18696
Feedback: 0.3516
Received=	-0.034331
Feedback: 0.29136
Received=	0.2232
Feedback: 0.18973
Received=	-0.18841
Feedback: 0.35217
Received=	-0.35928
Feedback: 0.41961
Received=	-0.11041
Feedback: 0.32139
Received=	0.2466
Feedback: 0.18049
Received=	-0.041542
Feedback: 0.29421
Received=	-0.10819
Feedback: 0.32051
Received=	-0.21
Feedback: 0.36069
Received=	-0.62089
Feedback: 0.52285
Received=	-0.89072
Feedback: 0.62935
Received=	-1.261
Feedback: 0.77547
Received=	-1.0139
Feedback: 0.67796
Received=	-0.97
Feedback: 0.66063
Received=	-0.98372
Feedback: 0.66605
Received=	-1.0281
Feedback: 0.68358
Received=	-0.80637
Feedback: 0.59606
Received=	-0.62508
Feedback: 0.52451
Received=	-0.54538
Feedback: 0.49305
Received=	-0.18015
Feedback: 0.34891
Received=	-0.42867
Feedback: 0.44699
Received=	-0.79479
Feedback: 0.59149
Received=	-0.69839
Feedback: 0.55344
Received=	-0.41518
Feedback: 0.44167
Received=	-0.36205
Feedback: 0.4207
Received=	-0.27556
Feedback: 0.38657
Received=	-0.304
Feedback: 0.39779
Received=	-0.22511
Feedback: 0.36665
Received=	-0.17379
Feedback: 0.3464
Received=	-0.0022535
Feedback: 0.2787
Received=	-0.28151
Feedback: 0.38892
Received=	-0.64779
Feedback: 0.53347
Received=	-0.38457
Feedback: 0.42959
Received=	-0.12088
Feedback: 0.32552
Received=	-0.40667
Feedback: 0.43831
Received=	-0.81173
Feedback: 0.59817
Received=	-0.97967
Feedback: 0.66445
Calculated range:	[(-2.000000) - (2.000000)]
Success index = (0.678459)
Received=	-0.67741
=====  11:25:55 - BASE  ============
Feedback: 0.66
Received=	-0.61162
Feedback: 0.66
Received=	-0.48724
Feedback: 0.66
Received=	-0.055791
Feedback: 0.66
Received=	0.42753
Feedback: 0.66
Received=	0.27252
Feedback: 0.66
Received=	0.32752
Feedback: 0.66
Received=	0.1551
Feedback: 0.66
Received=	-0.14925
Feedback: 0.66
Received=	-0.41046
Feedback: 0.66
Received=	-0.31818
Feedback: 0.66
Received=	-0.62185
Feedback: 0.66
Received=	-0.81707
Feedback: 0.66
Received=	-0.68303
Feedback: 0.66
Received=	-0.40993
Feedback: 0.66
Received=	-0.40057
Feedback: 0.66
Received=	0.14925
Feedback: 0.66
Received=	0.45202
Feedback: 0.66
Received=	-0.095647
Feedback: 0.66
Received=	-0.44066
Feedback: 0.66
Received=	-0.18131
=====  11:26:55 - NF  ============
Feedback: 0.50443
Received=	0.060917
Feedback: 0.38206
Received=	0.45234
Feedback: 0.18431
Received=	0.25557
Feedback: 0.28372
Received=	-0.018301
Feedback: 0.42208
Received=	0.20246
Feedback: 0.31055
Received=	0.39596
Feedback: 0.21279
Received=	-0.14315
Feedback: 0.48515
Received=	-0.80703
Feedback: 0.82055
Received=	-0.93983
Feedback: 0.88764
Received=	-0.61253
Feedback: 0.72228
Received=	-0.71876
Feedback: 0.77595
Received=	-0.90159
Feedback: 0.86832
Received=	-0.60871
Feedback: 0.72036
Received=	-0.51585
Feedback: 0.67344
Received=	-0.31492
Feedback: 0.57193
Received=	-0.21117
Feedback: 0.51952
Received=	-0.097343
Feedback: 0.46201
Received=	0.060942
Feedback: 0.38204
Received=	0.0038406
Feedback: 0.41089
Received=	-0.11095
Feedback: 0.46888
Received=	-0.12634
Feedback: 0.47666
Received=	-0.61933
Feedback: 0.72572
Received=	-0.62535
Feedback: 0.72876
Received=	-0.32473
Feedback: 0.57688
Received=	0.20136
Feedback: 0.3111
Received=	0.28406
Feedback: 0.26933
Received=	0.46331
Feedback: 0.17877
Received=	-0.033246
Feedback: 0.42963
Received=	-0.18239
Feedback: 0.50498
Received=	-0.11639
Feedback: 0.47163
Received=	-0.25065
Feedback: 0.53946
Received=	-0.74898
Feedback: 0.79122
Received=	-0.65793
Feedback: 0.74522
Received=	-1.0526
Feedback: 0.9
Received=	-0.90628
Feedback: 0.87069
Received=	-0.36084
Feedback: 0.59513
Received=	-0.41872
Feedback: 0.62437
Received=	-0.56535
Feedback: 0.69845
Received=	-0.42235
Feedback: 0.62621
Received=	-0.6393
Feedback: 0.73581
Received=	-0.96382
Feedback: 0.89976
Received=	-0.73756
Feedback: 0.78545
Received=	-0.31727
Feedback: 0.57312
Received=	-0.24221
Feedback: 0.5352
Received=	-0.15176
Feedback: 0.4895
Received=	-0.40923
Feedback: 0.61958
Received=	-0.25749
Feedback: 0.54292
Received=	-0.044408
Feedback: 0.43527
Received=	-0.29842
Feedback: 0.56359
Received=	0.029434
Feedback: 0.39796
Received=	-0.46838
Feedback: 0.64946
Received=	-0.87903
Feedback: 0.85692
Received=	-0.46174
Feedback: 0.64611
Received=	-0.46882
Feedback: 0.64968
Received=	-0.22785
Feedback: 0.52794
Received=	0.30692
Feedback: 0.25777
Received=	0.5776
Feedback: 0.12103
Received=	-0.0081292
Feedback: 0.41694
Received=	-0.39254
Feedback: 0.61114
Calculated range:	[(-2.000000) - (2.000000)]
Success index = (-0.292623)
Received=	-0.26173
=====  11:29:55 - BASE  ============
Feedback: 0.66
Received=	-0.15019
Feedback: 0.66
Received=	0.22793
Feedback: 0.66
Received=	0.17572
Feedback: 0.66
Received=	-0.24482
Feedback: 0.66
Received=	-0.6526
Feedback: 0.66
Received=	-0.69512
Feedback: 0.66
Received=	-0.65125
Feedback: 0.66
Received=	-0.70821
Feedback: 0.66
Received=	-0.51773
Feedback: 0.66
Received=	-0.79095
Feedback: 0.66
Received=	-1.0552
Feedback: 0.66
Received=	-0.92826
Feedback: 0.66
Received=	-0.68914
Feedback: 0.66
Received=	-0.52523
Feedback: 0.66
Received=	-0.65965
Feedback: 0.66
Received=	-1.1828
Feedback: 0.66
Received=	-1.0669
Feedback: 0.66
Received=	-0.98635
Feedback: 0.66
Received=	-0.7183
Feedback: 0.66
Received=	-1.033
=====  11:30:55 - NF  ============
Feedback: 0.70092
Received=	-0.61974
Feedback: 0.4851
Received=	-0.0035985
Feedback: 0.16336
Received=	0.44457
Feedback: 0.1
Received=	0.43159
Feedback: 0.1
Received=	-0.17974
Feedback: 0.25534
Received=	-0.28333
Feedback: 0.30944
Received=	-0.16185
Feedback: 0.246
Received=	-0.15466
Feedback: 0.24225
Received=	-0.43712
Feedback: 0.38974
Received=	-0.70586
Feedback: 0.53007
Received=	-0.9197
Feedback: 0.64174
Received=	-0.87419
Feedback: 0.61797
Received=	-0.52654
Feedback: 0.43644
Received=	0.16493
Feedback: 0.1
Received=	0.29364
Feedback: 0.1
Received=	0.17328
Feedback: 0.1
Received=	-0.37273
Feedback: 0.35611
Received=	-0.82543
Feedback: 0.59251
Received=	-0.45438
Feedback: 0.39875
Received=	-0.46552
Feedback: 0.40457
Received=	-0.83531
Feedback: 0.59767
Received=	-1.2659
Feedback: 0.82252
Received=	-1.4661
Feedback: 0.9
Received=	-0.89218
Feedback: 0.62737
Received=	-0.085939
Feedback: 0.20636
Received=	-0.12121
Feedback: 0.22478
Received=	-0.29424
Feedback: 0.31513
Received=	-0.23614
Feedback: 0.28479
Received=	-0.47933
Feedback: 0.41178
Received=	-0.49946
Feedback: 0.42229
Received=	-0.45545
Feedback: 0.39931
Received=	-0.35362
Feedback: 0.34614
Received=	-0.51526
Feedback: 0.43054
Received=	-0.56053
Feedback: 0.45418
Received=	-0.68364
Feedback: 0.51847
Received=	-0.62039
Feedback: 0.48544
Received=	-0.10971
Feedback: 0.21877
Received=	-0.46729
Feedback: 0.40549
Received=	-0.8327
Feedback: 0.5963
Received=	-1.0913
Feedback: 0.73132
Received=	-1.1217
Feedback: 0.74722
Received=	-0.85979
Feedback: 0.61045
Received=	-0.56001
Feedback: 0.45391
Received=	0.079671
Feedback: 0.11988
Received=	1.0572
Feedback: 0.1
Received=	0.57284
Feedback: 0.1
Received=	-0.39148
Feedback: 0.36591
Received=	-0.31279
Feedback: 0.32482
Received=	-0.32923
Feedback: 0.3334
Received=	-0.38706
Feedback: 0.3636
Received=	-0.47393
Feedback: 0.40896
Received=	-1.037
Feedback: 0.70297
Received=	-1.0745
Feedback: 0.72256
Received=	-1.3391
Feedback: 0.86074
Received=	-1.7426
Feedback: 0.9
Received=	-1.7248
Feedback: 0.9
Received=	-1.4987
Feedback: 0.9
Received=	-1.1024
Feedback: 0.73713
Received=	-0.57915
Feedback: 0.4639
Calculated range:	[(-2.000000) - (2.000000)]
Success index = (0.250884)
Received=	-0.30124
=====  11:33:55 - BASE  ============
Feedback: 0.66
Received=	-0.10557
Feedback: 0.66
Received=	-0.018435
Feedback: 0.66
Received=	0.0086049
Feedback: 0.66
Received=	0.071894
Feedback: 0.66
Received=	0.20952
Feedback: 0.66
Received=	0.13442
Feedback: 0.66
Received=	0.13008
Feedback: 0.66
Received=	0.25385
Feedback: 0.66
Received=	-0.057176
Feedback: 0.66
Received=	-0.1897
Feedback: 0.66
Received=	-0.39261
Feedback: 0.66
Received=	-0.13097
Feedback: 0.66
Received=	0.056581
Feedback: 0.66
Received=	0.021008
Feedback: 0.66
Received=	0.076088
Feedback: 0.66
Received=	0.27527
Feedback: 0.66
Received=	0.075824
Feedback: 0.66
Received=	-0.30408
Feedback: 0.66
Received=	-0.35064
Feedback: 0.66
Received=	0.14064
=====  11:34:55 - NF  ============
Feedback: 0.35044
Received=	0.54822
Feedback: 0.1
Received=	0.71845
Feedback: 0.1
Received=	0.17354
Feedback: 0.31716
Received=	-0.0092253
Feedback: 0.502
Received=	0.15165
Feedback: 0.3393
Received=	0.18072
Feedback: 0.3099
Received=	0.26555
Feedback: 0.22411
Received=	-0.65763
Feedback: 0.9
Received=	-0.9202
Feedback: 0.9
Received=	-0.83344
Feedback: 0.9
Received=	-0.77599
Feedback: 0.9
Received=	-0.71107
Feedback: 0.9
Received=	-0.82555
Feedback: 0.9
Received=	-0.5477
Feedback: 0.9
Received=	-0.35565
Feedback: 0.85234
Received=	-0.39652
Feedback: 0.89368
Received=	-0.17602
Feedback: 0.67068
Received=	-0.34003
Feedback: 0.83654
Received=	-0.73435
Feedback: 0.9
Received=	-0.77935
Feedback: 0.9
Received=	-0.80579
Feedback: 0.9
Received=	-0.65122
Feedback: 0.9
Received=	-0.86466
Feedback: 0.9
Received=	-1.1447
Feedback: 0.9
Received=	-0.87207
Feedback: 0.9
Received=	-1.0698
Feedback: 0.9
Received=	-1.2153
Feedback: 0.9
Received=	-1.073
Feedback: 0.9
Received=	-1.4777
Feedback: 0.9
Received=	-1.4118
Feedback: 0.9
Received=	-1.7976
Feedback: 0.9
Received=	-1.4385
Feedback: 0.9
Received=	-0.53286
Feedback: 0.9
Received=	0.030246
Feedback: 0.46208
Received=	-0.081743
Feedback: 0.57534
Received=	-0.021172
Feedback: 0.51408
Received=	0.096833
Feedback: 0.39474
Received=	-0.068503
Feedback: 0.56195
Received=	-0.2175
Feedback: 0.71263
Received=	-0.34143
Feedback: 0.83796
Received=	-0.21928
Feedback: 0.71443
Received=	0.068509
Feedback: 0.42339
Received=	0.17673
Feedback: 0.31394
Received=	0.024868
Feedback: 0.46752
Received=	-0.18512
Feedback: 0.67988
Received=	-0.38087
Feedback: 0.87784
Received=	-0.023701
Feedback: 0.51664
Received=	0.059454
Feedback: 0.43254
Received=	-0.026397
Feedback: 0.51937
Received=	-0.30768
Feedback: 0.80383
Received=	-0.22037
Feedback: 0.71553
Received=	-0.25415
Feedback: 0.74969
Received=	-0.17897
Feedback: 0.67367
Received=	-0.05864
Feedback: 0.55197
Received=	-0.20994
Feedback: 0.70498
Received=	-0.43891
Feedback: 0.9
Received=	-0.11469
Feedback: 0.60865
Received=	0.0039755
Feedback: 0.48865
Received=	-0.29581
Feedback: 0.79182
Calculated range:	[(-2.000000) - (2.000000)]
Success index = (-0.859834)
closing...
