Direction=-1.000000	; step=1.000000;
Received=	0
Feedback: 0.66
Received=	0
Feedback: 0.66
Received=	0
Feedback: 0.66
Received=	0.18207
Feedback: 0.66
Received=	0.10256
Feedback: 0.66
Received=	0.15923
Feedback: 0.66
Received=	0.24989
Feedback: 0.66
Received=	0.090127
Feedback: 0.66
Received=	0.049572
Feedback: 0.66
Received=	0.17561
Feedback: 0.66
Received=	0.29041
Feedback: 0.66
Received=	0.12963
Feedback: 0.66
Received=	-0.079044
Feedback: 0.66
Received=	-0.13166
Feedback: 0.66
Received=	-0.037449
Feedback: 0.66
Received=	-0.058462
Feedback: 0.66
Received=	-0.16495
Feedback: 0.66
Received=	0.09622
Feedback: 0.66
Received=	0.13007
Feedback: 0.66
Received=	0.09137
Feedback: 0.66
Received=	0.1494
=====  13:13:32 - NF  ============
Feedback: 0.37621
Received=	0.15208
Feedback: 0.37199
Received=	0.22284
Feedback: 0.26048
Received=	0.18931
Feedback: 0.31332
Received=	0.070973
Feedback: 0.4998
Received=	0.064022
Feedback: 0.51075
Received=	0.13228
Feedback: 0.40319
Received=	0.19925
Feedback: 0.29765
Received=	0.1418
Feedback: 0.38819
Received=	0.14552
Feedback: 0.38232
Received=	0.067347
Feedback: 0.50551
Received=	-0.032325
Feedback: 0.66258
Received=	0.00080819
Feedback: 0.61037
Received=	0.048466
Feedback: 0.53526
Received=	-0.058003
Feedback: 0.70304
Received=	0.24122
Feedback: 0.23151
Received=	0.35194
Feedback: 0.1
Received=	0.2221
Feedback: 0.26164
Received=	0.17082
Feedback: 0.34245
Received=	0.12133
Feedback: 0.42044
Received=	0.16957
Feedback: 0.34443
Received=	0.15678
Feedback: 0.36457
Received=	0.17781
Feedback: 0.33144
Received=	0.28635
Feedback: 0.1604
Received=	0.34664
Feedback: 0.1
Received=	0.16457
Feedback: 0.3523
Received=	0.10094
Feedback: 0.45257
Received=	-0.022678
Feedback: 0.64738
Received=	0.021804
Feedback: 0.57728
Received=	0.17405
Feedback: 0.33737
Received=	0.31151
Feedback: 0.12074
Received=	0.1242
Feedback: 0.41592
Received=	0.21387
Feedback: 0.27461
Received=	0.222
Feedback: 0.26181
Received=	0.21594
Feedback: 0.27135
Received=	0.049309
Feedback: 0.53394
Received=	0.15701
Feedback: 0.36422
Received=	0.015449
Feedback: 0.58729
Received=	0.023956
Feedback: 0.57389
Received=	-0.025882
Feedback: 0.65243
Received=	-0.013181
Feedback: 0.63241
Received=	0.063299
Feedback: 0.51189
Received=	0.079968
Feedback: 0.48562
Received=	0.17955
Feedback: 0.3287
Received=	0.18524
Feedback: 0.31974
Received=	0.016179
Feedback: 0.58615
Received=	-0.18957
Feedback: 0.9
Received=	-0.091042
Feedback: 0.75511
Received=	0.10279
Feedback: 0.44966
Received=	0.048867
Feedback: 0.53463
Received=	0.17587
Feedback: 0.33449
Received=	0.42195
Feedback: 0.1
Received=	0.2199
Feedback: 0.2651
Received=	0.2016
Feedback: 0.29394
Received=	0.34144
Feedback: 0.1
Received=	0.2476
Feedback: 0.22146
Received=	-0.018622
Feedback: 0.64099
Received=	-0.077891
Feedback: 0.73439
Received=	0.15994
Feedback: 0.3596
Received=	0.31601
Feedback: 0.11365
Calculated range:	[(-2.000000) - (2.000000)]
Success index = (0.487880)
Received=	0.39637
=====  13:16:32 - BASE  ============
Feedback: 0.66
Received=	0.51641
Feedback: 0.66
Received=	0.32667
Feedback: 0.66
Received=	0.21011
Feedback: 0.66
Received=	0.085939
Feedback: 0.66
Received=	0.087967
Feedback: 0.66
Received=	-0.018265
Feedback: 0.66
Received=	-0.1678
Feedback: 0.66
Received=	-0.15442
Feedback: 0.66
Received=	0.27663
Feedback: 0.66
Received=	0.41908
Feedback: 0.66
Received=	0.38616
Feedback: 0.66
Received=	0.2079
Feedback: 0.66
Received=	-0.030802
Feedback: 0.66
Received=	0.11582
Feedback: 0.66
Received=	0.17353
Feedback: 0.66
Received=	0.16482
Feedback: 0.66
Received=	0.42302
Feedback: 0.66
Received=	0.7254
Feedback: 0.66
Received=	0.4218
Feedback: 0.66
Received=	0.25688
=====  13:17:32 - NF  ============
Feedback: 0.45251
Received=	0.23745
Feedback: 0.46962
Received=	0.13483
Feedback: 0.56004
Received=	0.072168
Feedback: 0.61525
Received=	0.11701
Feedback: 0.57575
Received=	0.24457
Feedback: 0.46335
Received=	0.28432
Feedback: 0.42833
Received=	0.087054
Feedback: 0.60214
Received=	0.13435
Feedback: 0.56046
Received=	0.32455
Feedback: 0.39289
Received=	0.18836
Feedback: 0.51287
Received=	-0.0018571
Feedback: 0.68048
Received=	0.05977
Feedback: 0.62618
Received=	0.13988
Feedback: 0.55559
Received=	0.15282
Feedback: 0.54419
Received=	0.12815
Feedback: 0.56593
Received=	0.08658
Feedback: 0.60255
Received=	0.10342
Feedback: 0.58772
Received=	-0.09933
Feedback: 0.76636
Received=	-0.13016
Feedback: 0.79352
Received=	0.07604
Feedback: 0.61184
Received=	0.33677
Feedback: 0.38212
Received=	0.65181
Feedback: 0.10454
Received=	0.26403
Feedback: 0.44621
Received=	0.13698
Feedback: 0.55815
Received=	0.26522
Feedback: 0.44516
Received=	0.17765
Feedback: 0.52232
Received=	0.21833
Feedback: 0.48647
Received=	0.13162
Feedback: 0.56287
Received=	0.28199
Feedback: 0.43038
Received=	0.19335
Feedback: 0.50848
Received=	0.048906
Feedback: 0.63575
Received=	0.18687
Feedback: 0.51419
Received=	0.12724
Feedback: 0.56673
Received=	0.027287
Feedback: 0.6548
Received=	0.065643
Feedback: 0.621
Received=	0.13351
Feedback: 0.56121
Received=	0.34556
Feedback: 0.37437
Received=	0.21748
Feedback: 0.48722
Received=	-0.004293
Feedback: 0.68262
Received=	-0.12194
Feedback: 0.78628
Received=	0.045203
Feedback: 0.63901
Received=	0.4327
Feedback: 0.29759
Received=	0.45636
Feedback: 0.27675
Received=	0.45492
Feedback: 0.27801
Received=	0.19269
Feedback: 0.50907
Received=	0.16062
Feedback: 0.53732
Received=	0.19745
Feedback: 0.50487
Received=	0.21186
Feedback: 0.49217
Received=	0.063129
Feedback: 0.62322
Received=	0.13688
Feedback: 0.55824
Received=	0.37273
Feedback: 0.35043
Received=	0.3512
Feedback: 0.3694
Received=	0.036442
Feedback: 0.64673
Received=	0.0397
Feedback: 0.64386
Received=	0.072246
Feedback: 0.61518
Received=	0.072232
Feedback: 0.6152
Received=	0.081974
Feedback: 0.60661
Received=	0.2779
Feedback: 0.43399
Received=	0.23705
Feedback: 0.46997
Calculated range:	[(-2.000000) - (2.000000)]
Success index = (-0.205333)
Received=	0.15589
=====  13:20:32 - BASE  ============
Feedback: 0.66
Received=	0.48256
Feedback: 0.66
Received=	0.65838
Feedback: 0.66
Received=	0.58058
Feedback: 0.66
Received=	0.52835
Feedback: 0.66
Received=	0.37715
Feedback: 0.66
Received=	0.46015
Feedback: 0.66
Received=	0.3747
Feedback: 0.66
Received=	0.098705
Feedback: 0.66
Received=	0.043466
Feedback: 0.66
Received=	-0.20961
Feedback: 0.66
Received=	-0.053719
Feedback: 0.66
Received=	0.37308
Feedback: 0.66
Received=	0.28117
Feedback: 0.66
Received=	0.075118
Feedback: 0.66
Received=	0.15225
Feedback: 0.66
Received=	0.45744
Feedback: 0.66
Received=	0.41211
Feedback: 0.66
Received=	0.19337
Feedback: 0.66
Received=	0.34587
Feedback: 0.66
Received=	0.24693
=====  13:21:32 - NF  ============
Feedback: 0.53375
Received=	0.42283
Feedback: 0.38195
Received=	0.56474
Feedback: 0.25947
Received=	0.4716
Feedback: 0.33985
Received=	0.24534
Feedback: 0.53511
Received=	0.15269
Feedback: 0.61507
Received=	0.099499
Feedback: 0.66098
Received=	0.088154
Feedback: 0.67077
Received=	-0.05494
Feedback: 0.79426
Received=	0.24283
Feedback: 0.53728
Received=	0.63486
Feedback: 0.19896
Received=	0.69057
Feedback: 0.15089
Received=	0.22702
Feedback: 0.55092
Received=	0.19015
Feedback: 0.58274
Received=	0.38955
Feedback: 0.41066
Received=	0.16081
Feedback: 0.60806
Received=	0.21069
Feedback: 0.56502
Received=	0.066748
Feedback: 0.68924
Received=	0.10129
Feedback: 0.65943
Received=	0.22962
Feedback: 0.54868
Received=	0.34871
Feedback: 0.44591
Received=	0.48126
Feedback: 0.33152
Received=	0.2228
Feedback: 0.55457
Received=	0.15288
Feedback: 0.61491
Received=	0.28196
Feedback: 0.50352
Received=	0.15454
Feedback: 0.61348
Received=	0.14262
Feedback: 0.62376
Received=	0.7028
Feedback: 0.14033
Received=	0.77647
Feedback: 0.1
Received=	0.41678
Feedback: 0.38716
Received=	0.23063
Feedback: 0.54781
Received=	0.3023
Feedback: 0.48596
Received=	0.028673
Feedback: 0.7221
Received=	0.0010536
Feedback: 0.74593
Received=	0.0026609
Feedback: 0.74455
Received=	0.20152
Feedback: 0.57293
Received=	0.34077
Feedback: 0.45276
Received=	0.4373
Feedback: 0.36945
Received=	0.34986
Feedback: 0.44491
Received=	0.49123
Feedback: 0.32291
Received=	0.74498
Feedback: 0.10393
Received=	0.66519
Feedback: 0.17279
Received=	0.50511
Feedback: 0.31093
Received=	0.20966
Feedback: 0.56591
Received=	0.2907
Feedback: 0.49597
Received=	0.047308
Feedback: 0.70602
Received=	0.011722
Feedback: 0.73673
Received=	0.071974
Feedback: 0.68473
Received=	0.071561
Feedback: 0.68509
Received=	0.22001
Feedback: 0.55698
Received=	0.17971
Feedback: 0.59175
Received=	-0.014865
Feedback: 0.75967
Received=	0.16694
Feedback: 0.60277
Received=	0.22531
Feedback: 0.5524
Received=	0.2729
Feedback: 0.51133
Received=	0.53063
Feedback: 0.28891
Received=	0.36808
Feedback: 0.42919
Received=	0.030236
Feedback: 0.72075
Received=	0.14561
Feedback: 0.62119
Received=	0.03227
Feedback: 0.71899
Calculated range:	[(-2.000000) - (2.000000)]
Success index = (-0.073222)
Received=	-0.076151
=====  13:24:32 - BASE  ============
Feedback: 0.66
Received=	0.041444
Feedback: 0.66
Received=	0.69361
Feedback: 0.66
Received=	0.90114
Feedback: 0.66
Received=	0.43583
Feedback: 0.66
Received=	-0.071268
Feedback: 0.66
Received=	-0.041941
Feedback: 0.66
Received=	0.12358
Feedback: 0.66
Received=	0.36372
Feedback: 0.66
Received=	0.3388
Feedback: 0.66
Received=	0.27265
Feedback: 0.66
Received=	0.36595
Feedback: 0.66
Received=	0.3493
Feedback: 0.66
Received=	0.39503
Feedback: 0.66
Received=	0.25231
Feedback: 0.66
Received=	0.22713
Feedback: 0.66
Received=	-0.10056
Feedback: 0.66
Received=	0.15037
Feedback: 0.66
Received=	0.26432
Feedback: 0.66
Received=	0.17389
Feedback: 0.66
Received=	0.19155
=====  13:25:32 - NF  ============
Feedback: 0.57376
Received=	0.36228
Feedback: 0.43604
Received=	0.17019
Feedback: 0.59099
Received=	0.13468
Feedback: 0.61963
Received=	0.19493
Feedback: 0.57103
Received=	-0.041742
Feedback: 0.76193
Received=	-0.025855
Feedback: 0.74912
Received=	-0.0087417
Feedback: 0.73532
Received=	-0.035859
Feedback: 0.75719
Received=	0.033106
Feedback: 0.70156
Received=	0.1204
Feedback: 0.63115
Received=	0.01678
Feedback: 0.71473
Received=	0.11431
Feedback: 0.63606
Received=	0.010948
Feedback: 0.71943
Received=	0.035699
Feedback: 0.69947
Received=	0.32759
Feedback: 0.46403
Received=	0.54101
Feedback: 0.29188
Received=	0.45596
Feedback: 0.36048
Received=	0.31416
Feedback: 0.47486
Received=	0.37978
Feedback: 0.42193
Received=	0.34222
Feedback: 0.45223
Received=	0.25196
Feedback: 0.52503
Received=	0.26785
Feedback: 0.51221
Received=	0.35855
Feedback: 0.43906
Received=	0.22127
Feedback: 0.54979
Received=	0.17512
Feedback: 0.58701
Received=	-0.041508
Feedback: 0.76175
Received=	0.012149
Feedback: 0.71847
Received=	-0.016044
Feedback: 0.74121
Received=	-0.27216
Feedback: 0.9
Received=	-0.24626
Feedback: 0.9
Received=	-0.13138
Feedback: 0.83424
Received=	0.22843
Feedback: 0.54401
Received=	0.26989
Feedback: 0.51057
Received=	0.41926
Feedback: 0.39009
Received=	0.51787
Feedback: 0.31055
Received=	0.52473
Feedback: 0.30502
Received=	0.47901
Feedback: 0.34189
Received=	0.33032
Feedback: 0.46183
Received=	0.49913
Feedback: 0.32566
Received=	0.4073
Feedback: 0.39973
Received=	0.41538
Feedback: 0.39321
Received=	0.10813
Feedback: 0.64105
Received=	-0.075475
Feedback: 0.78914
Received=	0.25045
Feedback: 0.52625
Received=	0.25989
Feedback: 0.51863
Received=	0.17969
Feedback: 0.58332
Received=	0.24012
Feedback: 0.53459
Received=	0.12011
Feedback: 0.63138
Received=	0.44279
Feedback: 0.37111
Received=	0.61655
Feedback: 0.23095
Received=	0.45649
Feedback: 0.36005
Received=	0.24392
Feedback: 0.53152
Received=	0.1606
Feedback: 0.59872
Received=	0.13011
Feedback: 0.62332
Received=	0.16727
Feedback: 0.59334
Received=	0.31002
Feedback: 0.4782
Received=	0.14471
Feedback: 0.61154
Received=	0.38396
Feedback: 0.41856
Received=	0.57707
Feedback: 0.26279
Calculated range:	[(-2.000000) - (2.000000)]
Success index = (-0.307829)
Received=	0.33163
=====  13:28:32 - BASE  ============
Feedback: 0.66
Received=	0.37368
Feedback: 0.66
Received=	0.78428
Feedback: 0.66
Received=	0.56911
Feedback: 0.66
Received=	0.11922
Feedback: 0.66
Received=	-0.26038
Feedback: 0.66
Received=	-0.038159
Feedback: 0.66
Received=	-0.0080992
Feedback: 0.66
Received=	0.011979
Feedback: 0.66
Received=	0.44779
Feedback: 0.66
Received=	0.33769
Feedback: 0.66
Received=	0.43637
Feedback: 0.66
Received=	0.44537
Feedback: 0.66
Received=	0.49692
Feedback: 0.66
Received=	0.59389
Feedback: 0.66
Received=	0.49968
Feedback: 0.66
Received=	0.69915
Feedback: 0.66
Received=	0.84806
Feedback: 0.66
Received=	0.69002
Feedback: 0.66
Received=	0.16953
Feedback: 0.66
Received=	0.089541
=====  13:29:32 - NF  ============
Feedback: 0.68449
Received=	0.29181
Feedback: 0.55607
Received=	0.44188
Feedback: 0.4608
Received=	0.39451
Feedback: 0.49087
Received=	0.18893
Feedback: 0.62139
Received=	0.081929
Feedback: 0.68932
Received=	0.34264
Feedback: 0.5238
Received=	0.18052
Feedback: 0.62673
Received=	0.057884
Feedback: 0.70458
Received=	0.24254
Feedback: 0.58735
Received=	0.17006
Feedback: 0.63337
Received=	-0.0090801
Feedback: 0.7471
Received=	0.21387
Feedback: 0.60555
Received=	0.074549
Feedback: 0.694
Received=	0.10993
Feedback: 0.67154
Received=	0.17069
Feedback: 0.63297
Received=	0.10383
Feedback: 0.67541
Received=	0.086942
Feedback: 0.68614
Received=	0.062896
Feedback: 0.7014
Received=	0.11787
Feedback: 0.6665
Received=	0.033948
Feedback: 0.71978
Received=	-0.11751
Feedback: 0.81593
Received=	0.10252
Feedback: 0.67625
Received=	0.032166
Feedback: 0.72091
Received=	0.24638
Feedback: 0.58492
Received=	0.44936
Feedback: 0.45605
Received=	0.21618
Feedback: 0.60409
Received=	0.11891
Feedback: 0.66584
Received=	0.14432
Feedback: 0.64971
Received=	0.043273
Feedback: 0.71386
Received=	0.096055
Feedback: 0.68035
Received=	0.20151
Feedback: 0.6134
Received=	0.45729
Feedback: 0.45102
Received=	0.50589
Feedback: 0.42016
Received=	0.43564
Feedback: 0.46476
Received=	0.22363
Feedback: 0.59936
Received=	0.021321
Feedback: 0.7278
Received=	-0.12855
Feedback: 0.82294
Received=	-0.031781
Feedback: 0.76151
Received=	0.32099
Feedback: 0.53755
Received=	0.55888
Feedback: 0.38652
Received=	0.47603
Feedback: 0.43912
Received=	0.24669
Feedback: 0.58472
Received=	0.052381
Feedback: 0.70808
Received=	0.11512
Feedback: 0.66825
Received=	0.20568
Feedback: 0.61075
Received=	0.14538
Feedback: 0.64904
Received=	-0.081256
Feedback: 0.79292
Received=	-0.15549
Feedback: 0.84005
Received=	0.029027
Feedback: 0.7229
Received=	0.018697
Feedback: 0.72946
Received=	0.06313
Feedback: 0.70125
Received=	0.18245
Feedback: 0.6255
Received=	0.084341
Feedback: 0.68779
Received=	-0.043927
Feedback: 0.76922
Received=	-0.028602
Feedback: 0.75949
Received=	0.16358
Feedback: 0.63748
Received=	0.020795
Feedback: 0.72813
Received=	0.023539
Feedback: 0.72639
Received=	0.14921
Feedback: 0.6466
Calculated range:	[(-2.162704) - (1.837296)]
Success index = (-1.162704)
closing...
