Direction=-1.000000	; step=1.000000;
Received=	0
Feedback: 0.66
Received=	0
Feedback: 0.66
Received=	0
Feedback: 0.66
Received=	0.26181
Feedback: 0.66
Received=	0.24539
Feedback: 0.66
Received=	0.22555
Feedback: 0.66
Received=	-0.079741
Feedback: 0.66
Received=	0.049233
Feedback: 0.66
Received=	0.010957
Feedback: 0.66
Received=	0.017932
Feedback: 0.66
Received=	0.028944
Feedback: 0.66
Received=	0.13793
Feedback: 0.66
Received=	0.178
Feedback: 0.66
Received=	0.61544
Feedback: 0.66
Received=	0.52378
Feedback: 0.66
Received=	0.3606
Feedback: 0.66
Received=	0.32336
Feedback: 0.66
Received=	0.078693
Feedback: 0.66
Received=	-0.14381
Feedback: 0.66
Received=	0.15697
Feedback: 0.66
Received=	0.39565
=====  11:27:37 - NF  ============
Feedback: 0.27096
Received=	0.32106
Feedback: 0.3454
Received=	0.055446
Feedback: 0.61051
Received=	-0.00097706
Feedback: 0.66683
Received=	0.11251
Feedback: 0.55356
Received=	0.0015359
Feedback: 0.66432
Received=	-0.11924
Feedback: 0.78486
Received=	-0.011337
Feedback: 0.67717
Received=	-0.28332
Feedback: 0.9
Received=	0.16212
Feedback: 0.50404
Received=	0.32869
Feedback: 0.33779
Received=	0.22873
Feedback: 0.43756
Received=	-0.020442
Feedback: 0.68625
Received=	-0.0073567
Feedback: 0.67319
Received=	0.10192
Feedback: 0.56413
Received=	0.07419
Feedback: 0.5918
Received=	0.19581
Feedback: 0.47042
Received=	0.079522
Feedback: 0.58648
Received=	0.11627
Feedback: 0.5498
Received=	0.24561
Feedback: 0.42071
Received=	0.025722
Feedback: 0.64018
Received=	0.073109
Feedback: 0.59288
Received=	-0.15431
Feedback: 0.81986
Received=	-0.25413
Feedback: 0.9
Received=	-0.0014748
Feedback: 0.66732
Received=	0.63983
Feedback: 0.1
Received=	0.79859
Feedback: 0.1
Received=	0.60928
Feedback: 0.1
Received=	0.40353
Feedback: 0.26309
Received=	0.13713
Feedback: 0.52898
Received=	-0.087782
Feedback: 0.75347
Received=	-0.0112
Feedback: 0.67703
Received=	0.26479
Feedback: 0.40157
Received=	0.12718
Feedback: 0.53891
Received=	-0.1109
Feedback: 0.77654
Received=	-0.20685
Feedback: 0.87231
Received=	-0.019643
Feedback: 0.68546
Received=	0.0093924
Feedback: 0.65648
Received=	0.14689
Feedback: 0.51925
Received=	0.24344
Feedback: 0.42288
Received=	0.32773
Feedback: 0.33875
Received=	0.39441
Feedback: 0.27219
Received=	0.42978
Feedback: 0.23689
Received=	0.22686
Feedback: 0.43943
Received=	0.20836
Feedback: 0.45789
Received=	0.20183
Feedback: 0.4644
Received=	0.28167
Feedback: 0.38472
Received=	0.28945
Feedback: 0.37695
Received=	0.2182
Feedback: 0.44807
Received=	0.42901
Feedback: 0.23766
Received=	0.30546
Feedback: 0.36098
Received=	-0.055026
Feedback: 0.72077
Received=	-0.00032563
Feedback: 0.66618
Received=	0.0047662
Feedback: 0.66109
Received=	0.23447
Feedback: 0.43183
Received=	0.28646
Feedback: 0.37994
Received=	0.22516
Feedback: 0.44112
Received=	-0.005995
Feedback: 0.67183
Received=	-0.025056
Feedback: 0.69086
Received=	0.10179
Feedback: 0.56426
Calculated range:	[(-2.000000) - (2.000000)]
Success index = (-0.102391)
Received=	0.12157
=====  11:30:37 - BASE  ============
Feedback: 0.66
Received=	0.1207
Feedback: 0.66
Received=	0.27952
Feedback: 0.66
Received=	-0.010817
Feedback: 0.66
Received=	0.27089
Feedback: 0.66
Received=	0.22227
Feedback: 0.66
Received=	0.1022
Feedback: 0.66
Received=	-0.015372
Feedback: 0.66
Received=	-0.064847
Feedback: 0.66
Received=	0.41934
Feedback: 0.66
Received=	0.63208
Feedback: 0.66
Received=	0.40247
Feedback: 0.66
Received=	0.30578
Feedback: 0.66
Received=	0.44573
Feedback: 0.66
Received=	0.26678
Feedback: 0.66
Received=	0.0016311
Feedback: 0.66
Received=	-0.15435
Feedback: 0.66
Received=	-0.14727
Feedback: 0.66
Received=	-0.13337
Feedback: 0.66
Received=	-0.019337
Feedback: 0.66
Received=	-0.024273
=====  11:31:37 - NF  ============
Feedback: 0.65281
Received=	0.21297
Feedback: 0.45142
Received=	0.29332
Feedback: 0.38322
Received=	0.21632
Feedback: 0.44858
Received=	0.074437
Feedback: 0.56902
Received=	0.13281
Feedback: 0.51946
Received=	0.19872
Feedback: 0.46351
Received=	0.13649
Feedback: 0.51634
Received=	0.17477
Feedback: 0.48385
Received=	0.15715
Feedback: 0.49881
Received=	-0.061341
Feedback: 0.68427
Received=	-0.082638
Feedback: 0.70235
Received=	0.078605
Feedback: 0.56548
Received=	0.4608
Feedback: 0.24104
Received=	0.36221
Feedback: 0.32474
Received=	0.27653
Feedback: 0.39747
Received=	0.041321
Feedback: 0.59713
Received=	-0.16384
Feedback: 0.77128
Received=	0.12066
Feedback: 0.52978
Received=	0.35801
Feedback: 0.3283
Received=	0.25323
Feedback: 0.41724
Received=	0.16195
Feedback: 0.49473
Received=	-0.097545
Feedback: 0.715
Received=	0.033192
Feedback: 0.60403
Received=	0.27415
Feedback: 0.39949
Received=	0.2265
Feedback: 0.43993
Received=	0.20549
Feedback: 0.45777
Received=	0.018456
Feedback: 0.61654
Received=	-0.16917
Feedback: 0.77581
Received=	-0.063016
Feedback: 0.68569
Received=	0.094237
Feedback: 0.55221
Received=	0.072081
Feedback: 0.57102
Received=	0.43066
Feedback: 0.26663
Received=	0.38097
Feedback: 0.30881
Received=	0.26864
Feedback: 0.40417
Received=	0.1166
Feedback: 0.53322
Received=	0.18316
Feedback: 0.47672
Received=	0.37832
Feedback: 0.31106
Received=	0.021718
Feedback: 0.61377
Received=	0.079688
Feedback: 0.56456
Received=	0.10652
Feedback: 0.54178
Received=	0.14061
Feedback: 0.51285
Received=	0.28306
Feedback: 0.39192
Received=	0.65727
Feedback: 0.1
Received=	0.43089
Feedback: 0.26644
Received=	0.37787
Feedback: 0.31144
Received=	0.30603
Feedback: 0.37242
Received=	-0.00075521
Feedback: 0.63284
Received=	-0.065265
Feedback: 0.6876
Received=	0.087554
Feedback: 0.55788
Received=	0.23804
Feedback: 0.43014
Received=	0.2165
Feedback: 0.44843
Received=	0.24739
Feedback: 0.4222
Received=	-0.054896
Feedback: 0.6788
Received=	-0.24931
Feedback: 0.84383
Received=	-0.077835
Feedback: 0.69827
Received=	-0.047817
Feedback: 0.67279
Received=	-0.058082
Feedback: 0.68151
Received=	-0.095885
Feedback: 0.7136
Received=	0.028977
Feedback: 0.60761
Calculated range:	[(-2.000000) - (2.000000)]
Success index = (-0.089862)
Received=	-0.15372
=====  11:34:37 - BASE  ============
Feedback: 0.66
Received=	-0.10908
Feedback: 0.66
Received=	-0.19967
Feedback: 0.66
Received=	-0.092777
Feedback: 0.66
Received=	0.41526
Feedback: 0.66
Received=	0.53483
Feedback: 0.66
Received=	0.35662
Feedback: 0.66
Received=	0.72566
Feedback: 0.66
Received=	0.46342
Feedback: 0.66
Received=	-0.18716
Feedback: 0.66
Received=	-0.27268
Feedback: 0.66
Received=	-0.077693
Feedback: 0.66
Received=	-0.054137
Feedback: 0.66
Received=	-0.21594
Feedback: 0.66
Received=	-0.016325
Feedback: 0.66
Received=	0.013051
Feedback: 0.66
Received=	-0.023745
Feedback: 0.66
Received=	0.22259
Feedback: 0.66
Received=	0.21328
Feedback: 0.66
Received=	0.40348
Feedback: 0.66
Received=	0.5192
=====  11:35:37 - NF  ============
Feedback: 0.23551
Received=	0.21273
Feedback: 0.43993
Received=	0.29776
Feedback: 0.38321
Received=	0.26268
Feedback: 0.40661
Received=	-0.036962
Feedback: 0.60648
Received=	-0.28279
Feedback: 0.77045
Received=	0.027553
Feedback: 0.56344
Received=	0.32151
Feedback: 0.36737
Received=	0.38463
Feedback: 0.32527
Received=	0.10413
Feedback: 0.51237
Received=	0.44346
Feedback: 0.28603
Received=	0.2116
Feedback: 0.44068
Received=	0.08815
Feedback: 0.52303
Received=	0.22122
Feedback: 0.43427
Received=	0.087922
Feedback: 0.52318
Received=	0.039514
Feedback: 0.55547
Received=	0.18497
Feedback: 0.45844
Received=	0.062452
Feedback: 0.54017
Received=	-0.013814
Feedback: 0.59104
Received=	-0.021014
Feedback: 0.59584
Received=	0.12524
Feedback: 0.49829
Received=	0.37299
Feedback: 0.33304
Received=	0.28225
Feedback: 0.39356
Received=	0.18991
Feedback: 0.45515
Received=	0.011864
Feedback: 0.57391
Received=	0.058149
Feedback: 0.54304
Received=	-0.027663
Feedback: 0.60027
Received=	0.20522
Feedback: 0.44494
Received=	0.26366
Feedback: 0.40596
Received=	0.24768
Feedback: 0.41661
Received=	0.0094248
Feedback: 0.57554
Received=	0.11548
Feedback: 0.5048
Received=	0.47162
Feedback: 0.26725
Received=	-0.07201
Feedback: 0.62985
Received=	-0.51306
Feedback: 0.9
Received=	-0.31035
Feedback: 0.78883
Received=	-0.18421
Feedback: 0.70469
Received=	0.16183
Feedback: 0.47388
Received=	-0.070034
Feedback: 0.62854
Received=	0.32188
Feedback: 0.36712
Received=	0.60955
Feedback: 0.17524
Received=	0.29633
Feedback: 0.38417
Received=	0.20545
Feedback: 0.44478
Received=	-0.22126
Feedback: 0.7294
Received=	-0.13426
Feedback: 0.67138
Received=	0.31544
Feedback: 0.37142
Received=	-0.21256
Feedback: 0.7236
Received=	-0.45017
Feedback: 0.88209
Received=	-0.53962
Feedback: 0.9
Received=	-0.42285
Feedback: 0.86387
Received=	-0.1831
Feedback: 0.70395
Received=	0.01329
Feedback: 0.57296
Received=	-0.014878
Feedback: 0.59175
Received=	-0.16569
Feedback: 0.69234
Received=	-0.3454
Feedback: 0.81221
Received=	0.045477
Feedback: 0.55149
Received=	0.18747
Feedback: 0.45678
Received=	0.056686
Feedback: 0.54401
Received=	0.083575
Feedback: 0.52608
Received=	0.055586
Feedback: 0.54475
Calculated range:	[(-2.000000) - (2.000000)]
Success index = (-0.216050)
Received=	0.42073
=====  11:38:37 - BASE  ============
Feedback: 0.66
Received=	0.48145
Feedback: 0.66
Received=	0.48216
Feedback: 0.66
Received=	0.25439
Feedback: 0.66
Received=	0.10341
Feedback: 0.66
Received=	-0.081695
Feedback: 0.66
Received=	0.24359
Feedback: 0.66
Received=	0.14283
Feedback: 0.66
Received=	0.44848
Feedback: 0.66
Received=	0.56571
Feedback: 0.66
Received=	0.61122
Feedback: 0.66
Received=	0.37787
Feedback: 0.66
Received=	0.2739
Feedback: 0.66
Received=	0.4917
Feedback: 0.66
Received=	0.32988
Feedback: 0.66
Received=	0.048617
Feedback: 0.66
Received=	0.1562
Feedback: 0.66
Received=	0.4982
Feedback: 0.66
Received=	0.50573
Feedback: 0.66
Received=	0.59062
Feedback: 0.66
Received=	0.19617
=====  11:39:37 - NF  ============
Feedback: 0.63672
Received=	0.29561
Feedback: 0.53929
Received=	-0.034653
Feedback: 0.86288
Received=	0.12133
Feedback: 0.71005
Received=	0.030304
Feedback: 0.79923
Received=	-0.031838
Feedback: 0.86012
Received=	0.065074
Feedback: 0.76516
Received=	0.28133
Feedback: 0.55329
Received=	0.47751
Feedback: 0.36107
Received=	-0.025647
Feedback: 0.85405
Received=	-0.18283
Feedback: 0.9
Received=	0.16065
Feedback: 0.67152
Received=	0.34105
Feedback: 0.49477
Received=	0.23846
Feedback: 0.59529
Received=	0.282
Feedback: 0.55263
Received=	0.051261
Feedback: 0.7787
Received=	-0.0071262
Feedback: 0.8359
Received=	0.069609
Feedback: 0.76072
Received=	0.27059
Feedback: 0.56381
Received=	-0.10544
Feedback: 0.9
Received=	-0.8199
Feedback: 0.9
Received=	-0.73518
Feedback: 0.9
Received=	-0.4314
Feedback: 0.9
Received=	0.22467
Feedback: 0.6088
Received=	0.18448
Feedback: 0.64817
Received=	-0.19174
Feedback: 0.9
Received=	-0.3134
Feedback: 0.9
Received=	-0.10252
Feedback: 0.9
Received=	0.56344
Feedback: 0.27688
Received=	0.73481
Feedback: 0.10897
Received=	0.43422
Feedback: 0.40349
Received=	0.62671
Feedback: 0.21489
Received=	0.45404
Feedback: 0.38407
Received=	0.44356
Feedback: 0.39433
Received=	0.21414
Feedback: 0.61911
Received=	-0.093438
Feedback: 0.9
Received=	0.037438
Feedback: 0.79224
Received=	0.0666
Feedback: 0.76367
Received=	0.43145
Feedback: 0.4062
Received=	0.34186
Feedback: 0.49398
Received=	-0.029676
Feedback: 0.858
Received=	0.088881
Feedback: 0.74184
Received=	-0.11765
Feedback: 0.9
Received=	0.12448
Feedback: 0.70696
Received=	-0.10682
Feedback: 0.9
Received=	0.33612
Feedback: 0.4996
Received=	0.51722
Feedback: 0.32217
Received=	0.19634
Feedback: 0.63656
Received=	-0.071109
Feedback: 0.89859
Received=	-0.22572
Feedback: 0.9
Received=	-0.36503
Feedback: 0.9
Received=	0.26616
Feedback: 0.56814
Received=	0.50647
Feedback: 0.33269
Received=	0.45056
Feedback: 0.38747
Received=	0.22791
Feedback: 0.60562
Received=	0.043515
Feedback: 0.78629
Received=	0.092589
Feedback: 0.73821
Received=	0.0033325
Feedback: 0.82566
Received=	0.33528
Feedback: 0.50042
Received=	0.23187
Feedback: 0.60174
Calculated range:	[(-2.000000) - (2.000000)]
Success index = (-0.786202)
Received=	-0.035908
=====  11:42:37 - BASE  ============
Feedback: 0.66
Received=	0.037
Feedback: 0.66
Received=	0.24238
Feedback: 0.66
Received=	0.51524
Feedback: 0.66
Received=	0.46941
Feedback: 0.66
Received=	0.3987
Feedback: 0.66
Received=	0.11988
Feedback: 0.66
Received=	0.24172
Feedback: 0.66
Received=	0.51896
Feedback: 0.66
Received=	0.023621
Feedback: 0.66
Received=	0.010225
Feedback: 0.66
Received=	0.18324
Feedback: 0.66
Received=	0.20867
Feedback: 0.66
Received=	-0.1826
Feedback: 0.66
Received=	-0.071132
Feedback: 0.66
Received=	0.18963
Feedback: 0.66
Received=	0.61277
Feedback: 0.66
Received=	0.46449
Feedback: 0.66
Received=	0.43121
Feedback: 0.66
Received=	0.39042
Feedback: 0.66
Received=	0.51919
=====  11:43:37 - NF  ============
Feedback: 0.27447
Received=	0.50199
Feedback: 0.28973
Received=	0.1079
Feedback: 0.63913
Received=	0.062771
Feedback: 0.67915
Received=	0.017618
Feedback: 0.71918
Received=	-0.032602
Feedback: 0.76371
Received=	0.0039165
Feedback: 0.73133
Received=	0.013831
Feedback: 0.72254
Received=	-0.045681
Feedback: 0.7753
Received=	-0.12738
Feedback: 0.84774
Received=	0.16199
Feedback: 0.59117
Received=	0.18697
Feedback: 0.56902
Received=	0.0089827
Feedback: 0.72684
Received=	-0.46861
Feedback: 0.9
Received=	-0.51412
Feedback: 0.9
Received=	-0.4381
Feedback: 0.9
Received=	-0.04717
Feedback: 0.77662
Received=	0.16158
Feedback: 0.59154
Received=	-0.089238
Feedback: 0.81392
Received=	-0.40808
Feedback: 0.9
Received=	-0.15938
Feedback: 0.87611
Received=	0.36422
Feedback: 0.41188
Received=	0.55498
Feedback: 0.24274
Received=	0.50944
Feedback: 0.28312
Received=	0.17619
Feedback: 0.57859
Received=	0.020044
Feedback: 0.71703
Received=	0.10335
Feedback: 0.64316
Received=	0.063594
Feedback: 0.67842
Received=	-0.19794
Feedback: 0.9
Received=	-0.072847
Feedback: 0.79939
Received=	-0.083779
Feedback: 0.80908
Received=	-0.22754
Feedback: 0.9
Received=	-0.33242
Feedback: 0.9
Received=	0.051879
Feedback: 0.6888
Received=	0.52027
Feedback: 0.27351
Received=	0.66586
Feedback: 0.14443
Received=	0.067582
Feedback: 0.67488
Received=	-0.30286
Feedback: 0.9
Received=	-0.25912
Feedback: 0.9
Received=	0.10251
Feedback: 0.64392
Received=	0.23516
Feedback: 0.52631
Received=	-0.20682
Feedback: 0.9
Received=	-0.14513
Feedback: 0.86347
Received=	-0.010246
Feedback: 0.74388
Received=	0.017254
Feedback: 0.7195
Received=	0.40613
Feedback: 0.37471
Received=	0.37421
Feedback: 0.40301
Received=	-0.10925
Feedback: 0.83166
Received=	-0.26009
Feedback: 0.9
Received=	-0.56225
Feedback: 0.9
Received=	-0.71054
Feedback: 0.9
Received=	-0.23198
Feedback: 0.9
Received=	-0.098864
Feedback: 0.82246
Received=	0.15703
Feedback: 0.59557
Received=	0.19619
Feedback: 0.56086
Received=	0.20998
Feedback: 0.54862
Received=	0.21214
Feedback: 0.54671
Received=	0.037641
Feedback: 0.70143
Received=	-0.048548
Feedback: 0.77784
Received=	-0.29972
Feedback: 0.9
Calculated range:	[(-2.000000) - (2.000000)]
Success index = (-0.940834)
closing...
