Direction=-1.000000	; step=1.000000;
Received=	0
Feedback: 0.66
Received=	0
Feedback: 0.66
Received=	0
Feedback: 0.66
Received=	-0.17761
Feedback: 0.66
Received=	-0.9123
Feedback: 0.66
Received=	0.29615
Feedback: 0.66
Received=	-0.14642
Feedback: 0.66
Received=	-0.58836
Feedback: 0.66
Received=	-0.23571
Feedback: 0.66
Received=	-0.36233
Feedback: 0.66
Received=	-0.066317
Feedback: 0.66
Received=	-0.38536
Feedback: 0.66
Received=	-0.43047
Feedback: 0.66
Received=	-0.58906
Feedback: 0.66
Received=	-0.26357
Feedback: 0.66
Received=	-0.24267
Feedback: 0.66
Received=	-0.18865
Feedback: 0.66
Received=	-0.18526
Feedback: 0.66
Received=	-0.16834
Feedback: 0.66
Received=	-0.20155
Feedback: 0.66
Received=	-0.26647
=====  10:29:56 - NF  ============
Feedback: 0.49781
Received=	-0.19202
Feedback: 0.44063
Received=	-0.13556
Feedback: 0.39726
Received=	-0.089978
Feedback: 0.36226
Received=	-0.23903
Feedback: 0.47673
Received=	-0.29757
Feedback: 0.5217
Received=	-0.58105
Feedback: 0.73941
Received=	-0.64751
Feedback: 0.79046
Received=	-0.61306
Feedback: 0.764
Received=	-0.36645
Feedback: 0.5746
Received=	-0.41467
Feedback: 0.61163
Received=	-0.7556
Feedback: 0.87348
Received=	-0.66766
Feedback: 0.80594
Received=	-0.61174
Feedback: 0.76299
Received=	-0.55253
Feedback: 0.71751
Received=	-0.50392
Feedback: 0.68018
Received=	-0.58226
Feedback: 0.74034
Received=	-0.65078
Feedback: 0.79297
Received=	-0.66789
Feedback: 0.80611
Received=	-0.81135
Feedback: 0.9
Received=	-0.83136
Feedback: 0.9
Received=	-0.856
Feedback: 0.9
Received=	-0.93671
Feedback: 0.9
Received=	-0.77197
Feedback: 0.88605
Received=	-0.66571
Feedback: 0.80444
Received=	-0.66536
Feedback: 0.80417
Received=	-0.6974
Feedback: 0.82878
Received=	-0.63004
Feedback: 0.77704
Received=	-0.65341
Feedback: 0.79499
Received=	-0.54805
Feedback: 0.71407
Received=	-0.57219
Feedback: 0.73262
Received=	-0.64483
Feedback: 0.78841
Received=	-0.74691
Feedback: 0.8668
Received=	-0.72824
Feedback: 0.85246
Received=	-0.59278
Feedback: 0.74843
Received=	-0.70447
Feedback: 0.83421
Received=	-0.97793
Feedback: 0.9
Received=	-0.85137
Feedback: 0.9
Received=	-0.59901
Feedback: 0.75321
Received=	-0.76297
Feedback: 0.87914
Received=	-0.66386
Feedback: 0.80302
Received=	-0.67592
Feedback: 0.81228
Received=	-0.76804
Feedback: 0.88303
Received=	-0.67359
Feedback: 0.81049
Received=	-0.47755
Feedback: 0.65993
Received=	-0.61823
Feedback: 0.76797
Received=	-0.88559
Feedback: 0.9
Received=	-0.88962
Feedback: 0.9
Received=	-0.89427
Feedback: 0.9
Received=	-0.85266
Feedback: 0.9
Received=	-0.72548
Feedback: 0.85034
Received=	-0.80911
Feedback: 0.9
Received=	-1.116
Feedback: 0.9
Received=	-0.99691
Feedback: 0.9
Received=	-0.94777
Feedback: 0.9
Received=	-0.71209
Feedback: 0.84006
Received=	-0.79344
Feedback: 0.9
Received=	-0.97288
Feedback: 0.9
Received=	-0.79459
Feedback: 0.9
Received=	-0.73633
Feedback: 0.85868
Calculated range:	[(-2.780971) - (1.219029)]
Success index = (-1.780971)
Received=	-0.36609
=====  10:32:56 - BASE  ============
Feedback: 0.66
Received=	-0.42594
Feedback: 0.66
Received=	-0.42645
Feedback: 0.66
Received=	-0.347
Feedback: 0.66
Received=	-0.46764
Feedback: 0.66
Received=	-0.56931
Feedback: 0.66
Received=	-0.47961
Feedback: 0.66
Received=	-0.39605
Feedback: 0.66
Received=	-0.50118
Feedback: 0.66
Received=	-0.41321
Feedback: 0.66
Received=	-0.38938
Feedback: 0.66
Received=	-0.076366
Feedback: 0.66
Received=	-0.16291
Feedback: 0.66
Received=	-0.40491
Feedback: 0.66
Received=	-0.25517
Feedback: 0.66
Received=	-0.30639
Feedback: 0.66
Received=	-0.55695
Feedback: 0.66
Received=	-0.46546
Feedback: 0.66
Received=	-0.42241
Feedback: 0.66
Received=	-0.63361
Feedback: 0.66
Received=	-0.70386
=====  10:33:56 - NF  ============
Feedback: 0.77538
Received=	-0.66944
Feedback: 0.72582
Received=	-0.71682
Feedback: 0.79403
Received=	-0.55558
Feedback: 0.56189
Received=	-0.43973
Feedback: 0.39509
Received=	-0.6492
Feedback: 0.69667
Received=	-0.62107
Feedback: 0.65618
Received=	-0.6183
Feedback: 0.6522
Received=	-0.72728
Feedback: 0.80909
Received=	-0.50298
Feedback: 0.48615
Received=	-0.51277
Feedback: 0.50024
Received=	-0.75761
Feedback: 0.85277
Received=	-0.80662
Feedback: 0.9
Received=	-0.73275
Feedback: 0.81698
Received=	-0.2923
Feedback: 0.18281
Received=	-0.44137
Feedback: 0.39744
Received=	-0.5967
Feedback: 0.62109
Received=	-0.65339
Feedback: 0.70272
Received=	-0.71826
Feedback: 0.79611
Received=	-0.7475
Feedback: 0.83821
Received=	-0.92116
Feedback: 0.9
Received=	-0.75521
Feedback: 0.8493
Received=	-0.49077
Feedback: 0.46857
Received=	-0.45637
Feedback: 0.41905
Received=	-0.36723
Feedback: 0.2907
Received=	-0.35935
Feedback: 0.27936
Received=	-0.30876
Feedback: 0.20652
Received=	-0.45793
Feedback: 0.42129
Received=	-0.5155
Feedback: 0.50417
Received=	-0.49043
Feedback: 0.46809
Received=	-0.48221
Feedback: 0.45625
Received=	-0.43026
Feedback: 0.38146
Received=	-0.22584
Feedback: 0.1
Received=	-0.36025
Feedback: 0.28066
Received=	-0.53798
Feedback: 0.53654
Received=	-0.67253
Feedback: 0.73028
Received=	-0.60648
Feedback: 0.63516
Received=	-0.51442
Feedback: 0.50263
Received=	-0.62622
Feedback: 0.6636
Received=	-0.34474
Feedback: 0.25832
Received=	-0.52436
Feedback: 0.51693
Received=	-0.54772
Feedback: 0.55057
Received=	-0.52516
Feedback: 0.51809
Received=	-0.42879
Feedback: 0.37933
Received=	-0.56163
Feedback: 0.5706
Received=	-0.74549
Feedback: 0.83532
Received=	-0.78417
Feedback: 0.89101
Received=	-0.56538
Feedback: 0.576
Received=	-0.62536
Feedback: 0.66236
Received=	-0.40489
Feedback: 0.34493
Received=	-0.5111
Feedback: 0.49784
Received=	-0.46041
Feedback: 0.42486
Received=	-0.35721
Feedback: 0.27628
Received=	-0.48972
Feedback: 0.46707
Received=	-0.33624
Feedback: 0.24609
Received=	-0.41511
Feedback: 0.35964
Received=	-0.26727
Feedback: 0.14678
Received=	-0.14334
Feedback: 0.1
Received=	-0.33129
Feedback: 0.23896
Received=	-0.45826
Feedback: 0.42176
Calculated range:	[(-2.000000) - (2.000000)]
Success index = (-0.815931)
Received=	-0.3267
=====  10:36:56 - BASE  ============
Feedback: 0.66
Received=	-0.15833
Feedback: 0.66
Received=	-0.17968
Feedback: 0.66
Received=	-0.31584
Feedback: 0.66
Received=	-0.29083
Feedback: 0.66
Received=	-0.63477
Feedback: 0.66
Received=	-0.54264
Feedback: 0.66
Received=	-0.42501
Feedback: 0.66
Received=	-0.41875
Feedback: 0.66
Received=	-0.52662
Feedback: 0.66
Received=	-0.62724
Feedback: 0.66
Received=	-0.57993
Feedback: 0.66
Received=	-0.37692
Feedback: 0.66
Received=	-0.44578
Feedback: 0.66
Received=	-0.74073
Feedback: 0.66
Received=	-0.63975
Feedback: 0.66
Received=	-0.71617
Feedback: 0.66
Received=	-0.51241
Feedback: 0.66
Received=	-0.31869
Feedback: 0.66
Received=	-0.28408
Feedback: 0.66
Received=	-0.31538
=====  10:37:56 - NF  ============
Feedback: 0.30152
Received=	-0.3246
Feedback: 0.31287
Received=	-0.14816
Feedback: 0.1
Received=	-0.28226
Feedback: 0.26069
Received=	-0.48084
Feedback: 0.50543
Received=	-0.38275
Feedback: 0.38455
Received=	-0.46564
Feedback: 0.48669
Received=	-0.51425
Feedback: 0.5466
Received=	-0.38047
Feedback: 0.38174
Received=	-0.51968
Feedback: 0.5533
Received=	-0.45628
Feedback: 0.47516
Received=	-0.37116
Feedback: 0.37026
Received=	-0.47308
Feedback: 0.49587
Received=	-0.29427
Feedback: 0.2755
Received=	-0.27256
Feedback: 0.24874
Received=	-0.31259
Feedback: 0.29807
Received=	-0.3501
Feedback: 0.3443
Received=	-0.32877
Feedback: 0.31802
Received=	-0.40401
Feedback: 0.41074
Received=	-0.6152
Feedback: 0.67102
Received=	-0.62831
Feedback: 0.68717
Received=	-0.51033
Feedback: 0.54177
Received=	-0.54629
Feedback: 0.58609
Received=	-0.44723
Feedback: 0.464
Received=	-0.39924
Feedback: 0.40487
Received=	-0.45753
Feedback: 0.4767
Received=	-0.35551
Feedback: 0.35097
Received=	-0.29897
Feedback: 0.28129
Received=	-0.64088
Feedback: 0.70266
Received=	-0.62152
Feedback: 0.6788
Received=	-0.55828
Feedback: 0.60087
Received=	-0.37883
Feedback: 0.37971
Received=	-0.54303
Feedback: 0.58207
Received=	-0.61608
Feedback: 0.6721
Received=	-0.44453
Feedback: 0.46068
Received=	-0.48826
Feedback: 0.51457
Received=	-0.50295
Feedback: 0.53267
Received=	-0.51848
Feedback: 0.55182
Received=	-0.39533
Feedback: 0.40004
Received=	-0.65598
Feedback: 0.72127
Received=	-0.7171
Feedback: 0.7966
Received=	-0.77731
Feedback: 0.8708
Received=	-0.64591
Feedback: 0.70886
Received=	-0.42911
Feedback: 0.44168
Received=	-0.47847
Feedback: 0.5025
Received=	-0.45212
Feedback: 0.47003
Received=	-0.25235
Feedback: 0.22384
Received=	-0.21998
Feedback: 0.18395
Received=	-0.31369
Feedback: 0.29943
Received=	-0.35684
Feedback: 0.35261
Received=	-0.46409
Feedback: 0.48479
Received=	-0.41548
Feedback: 0.42487
Received=	-0.25333
Feedback: 0.22505
Received=	-0.41074
Feedback: 0.41903
Received=	-0.47399
Feedback: 0.49699
Received=	-0.32821
Feedback: 0.31733
Received=	-0.33673
Feedback: 0.32782
Received=	-0.22505
Feedback: 0.1902
Received=	-0.15874
Feedback: 0.10847
Received=	-0.20194
Feedback: 0.16171
Calculated range:	[(-2.000000) - (2.000000)]
Success index = (0.344317)
Received=	-0.34132
=====  10:40:56 - BASE  ============
Feedback: 0.66
Received=	-0.13558
Feedback: 0.66
Received=	-0.058535
Feedback: 0.66
Received=	-0.31488
Feedback: 0.66
Received=	-0.51727
Feedback: 0.66
Received=	-0.63044
Feedback: 0.66
Received=	-0.54302
Feedback: 0.66
Received=	-0.44496
Feedback: 0.66
Received=	-0.56336
Feedback: 0.66
Received=	-0.53199
Feedback: 0.66
Received=	-0.41804
Feedback: 0.66
Received=	-0.46014
Feedback: 0.66
Received=	-0.44622
Feedback: 0.66
Received=	-0.32008
Feedback: 0.66
Received=	-0.20325
Feedback: 0.66
Received=	-0.29308
Feedback: 0.66
Received=	-0.35307
Feedback: 0.66
Received=	-0.73699
Feedback: 0.66
Received=	-0.51236
Feedback: 0.66
Received=	-0.35219
Feedback: 0.66
Received=	-0.44314
=====  10:41:56 - NF  ============
Feedback: 0.51917
Received=	-0.31655
Feedback: 0.36121
Received=	-0.44148
Feedback: 0.51711
Received=	-0.71223
Feedback: 0.85496
Received=	-0.84631
Feedback: 0.9
Received=	-0.69692
Feedback: 0.83586
Received=	-0.68245
Feedback: 0.8178
Received=	-0.37556
Feedback: 0.43484
Received=	-0.5863
Feedback: 0.69782
Received=	-0.69766
Feedback: 0.83679
Received=	-0.80231
Feedback: 0.9
Received=	-0.98637
Feedback: 0.9
Received=	-0.76031
Feedback: 0.9
Received=	-0.50384
Feedback: 0.59492
Received=	-0.32936
Feedback: 0.3772
Received=	-0.38015
Feedback: 0.44057
Received=	-0.51865
Feedback: 0.6134
Received=	-0.69339
Feedback: 0.83146
Received=	-0.66944
Feedback: 0.80157
Received=	-0.45585
Feedback: 0.53503
Received=	-0.4947
Feedback: 0.58352
Received=	-0.52364
Feedback: 0.61962
Received=	-0.51385
Feedback: 0.60741
Received=	-0.48521
Feedback: 0.57168
Received=	-0.49088
Feedback: 0.57875
Received=	-0.3429
Feedback: 0.39409
Received=	-0.36594
Feedback: 0.42284
Received=	-0.33957
Feedback: 0.38993
Received=	-0.34138
Feedback: 0.3922
Received=	-0.3673
Feedback: 0.42453
Received=	-0.36054
Feedback: 0.41611
Received=	-0.29161
Feedback: 0.33009
Received=	-0.23786
Feedback: 0.26301
Received=	-0.1784
Feedback: 0.18882
Received=	-0.10194
Feedback: 0.1
Received=	-0.4532
Feedback: 0.53173
Received=	-0.18881
Feedback: 0.20181
Received=	-0.059137
Feedback: 0.1
Received=	-0.30306
Feedback: 0.34438
Received=	-0.25407
Feedback: 0.28324
Received=	-0.27518
Feedback: 0.30959
Received=	-0.24468
Feedback: 0.27152
Received=	-0.18337
Feedback: 0.19502
Received=	-0.13651
Feedback: 0.13654
Received=	-0.46144
Feedback: 0.54201
Received=	-0.45171
Feedback: 0.52987
Received=	-0.22995
Feedback: 0.25314
Received=	-0.22791
Feedback: 0.2506
Received=	-0.27356
Feedback: 0.30757
Received=	-0.47272
Feedback: 0.55609
Received=	-0.44498
Feedback: 0.52147
Received=	-0.34683
Feedback: 0.399
Received=	-0.27975
Feedback: 0.31529
Received=	-0.47867
Feedback: 0.56352
Received=	-0.49294
Feedback: 0.58132
Received=	-0.27138
Feedback: 0.30485
Received=	-0.31565
Feedback: 0.36009
Received=	-0.39105
Feedback: 0.45418
Received=	-0.51928
Feedback: 0.6142
Received=	-0.4898
Feedback: 0.5774
Calculated range:	[(-2.000000) - (2.000000)]
Success index = (0.007867)
Received=	-0.24386
=====  10:44:56 - BASE  ============
Feedback: 0.66
Received=	-0.16449
Feedback: 0.66
Received=	-0.4694
Feedback: 0.66
Received=	-0.43554
Feedback: 0.66
Received=	-0.51232
Feedback: 0.66
Received=	-0.49842
Feedback: 0.66
Received=	-0.4469
Feedback: 0.66
Received=	-0.61464
Feedback: 0.66
Received=	-0.56936
Feedback: 0.66
Received=	-0.26933
Feedback: 0.66
Received=	-0.25843
Feedback: 0.66
Received=	-0.3014
Feedback: 0.66
Received=	-0.52233
Feedback: 0.66
Received=	-0.39792
Feedback: 0.66
Received=	-0.15167
Feedback: 0.66
Received=	-0.43831
Feedback: 0.66
Received=	-0.30451
Feedback: 0.66
Received=	-0.071638
Feedback: 0.66
Received=	-0.20826
Feedback: 0.66
Received=	-0.40123
Feedback: 0.66
Received=	-0.3747
=====  10:45:56 - NF  ============
Feedback: 0.49053
Received=	-0.24801
Feedback: 0.32062
Received=	-0.28889
Feedback: 0.37544
Received=	-0.25182
Feedback: 0.32572
Received=	-0.23837
Feedback: 0.30769
Received=	-0.2851
Feedback: 0.37036
Received=	-0.39417
Feedback: 0.51665
Received=	-0.40896
Feedback: 0.53649
Received=	-0.3434
Feedback: 0.44856
Received=	-0.27248
Feedback: 0.35344
Received=	-0.36422
Feedback: 0.47649
Received=	-0.33477
Feedback: 0.43698
Received=	-0.082181
Feedback: 0.1
Received=	-0.15201
Feedback: 0.19185
Received=	-0.36958
Feedback: 0.48367
Received=	-0.35358
Feedback: 0.4622
Received=	-0.23117
Feedback: 0.29803
Received=	-0.2245
Feedback: 0.28908
Received=	-0.3615
Feedback: 0.47283
Received=	-0.36102
Feedback: 0.47218
Received=	-0.38386
Feedback: 0.50283
Received=	-0.24788
Feedback: 0.32044
Received=	-0.12642
Feedback: 0.15752
Received=	-0.16333
Feedback: 0.20704
Received=	-0.27054
Feedback: 0.35084
Received=	-0.33307
Feedback: 0.4347
Received=	-0.2594
Feedback: 0.33589
Received=	-0.32571
Feedback: 0.42483
Received=	-0.38903
Feedback: 0.50975
Received=	-0.51338
Feedback: 0.67654
Received=	-0.51571
Feedback: 0.67967
Received=	-0.46199
Feedback: 0.60761
Received=	-0.32848
Feedback: 0.42854
Received=	-0.29096
Feedback: 0.37822
Received=	-0.33015
Feedback: 0.43078
Received=	-0.26757
Feedback: 0.34684
Received=	-0.42198
Feedback: 0.55395
Received=	-0.22489
Feedback: 0.28961
Received=	-0.13281
Feedback: 0.1661
Received=	-0.31506
Feedback: 0.41055
Received=	-0.48095
Feedback: 0.63305
Received=	-0.40091
Feedback: 0.52568
Received=	-0.38883
Feedback: 0.50948
Received=	-0.30711
Feedback: 0.39987
Received=	-0.2269
Feedback: 0.2923
Received=	-0.35685
Feedback: 0.4666
Received=	-0.31048
Feedback: 0.4044
Received=	-0.13248
Feedback: 0.16565
Received=	-0.29021
Feedback: 0.37721
Received=	-0.30777
Feedback: 0.40076
Received=	-0.34689
Feedback: 0.45323
Received=	-0.36897
Feedback: 0.48285
Received=	-0.55021
Feedback: 0.72594
Received=	-0.47778
Feedback: 0.62879
Received=	-0.1828
Feedback: 0.23314
Received=	-0.1521
Feedback: 0.19197
Received=	-0.48525
Feedback: 0.63881
Received=	-0.44926
Feedback: 0.59054
Received=	-0.3893
Feedback: 0.51012
Received=	-0.15539
Feedback: 0.19638
Calculated range:	[(-2.000000) - (2.000000)]
Success index = (0.558147)
closing...
