Direction=-1.000000	; step=1.000000;
Received=	0
Feedback: 0.66
Received=	0
Feedback: 0.66
Received=	0
Feedback: 0.66
Received=	-0.30563
Feedback: 0.66
Received=	-0.31963
Feedback: 0.66
Received=	0.25728
Feedback: 0.66
Received=	-0.0037259
Feedback: 0.66
Received=	-0.068254
Feedback: 0.66
Received=	-0.37378
Feedback: 0.66
Received=	-0.11035
Feedback: 0.66
Received=	-0.01632
Feedback: 0.66
Received=	-0.048992
Feedback: 0.66
Received=	-0.30907
Feedback: 0.66
Received=	-0.55519
Feedback: 0.66
Received=	-0.45842
Feedback: 0.66
Received=	-0.35517
Feedback: 0.66
Received=	0.031655
Feedback: 0.66
Received=	0.18373
Feedback: 0.66
Received=	0.11204
Feedback: 0.66
Received=	-0.10353
Feedback: 0.66
Received=	-0.16627
=====  11:17:37 - NF  ============
Feedback: 0.52672
Received=	-0.20517
Feedback: 0.56077
Received=	-0.14161
Feedback: 0.50514
Received=	-0.26819
Feedback: 0.61594
Received=	-0.33328
Feedback: 0.67292
Received=	-0.27737
Feedback: 0.62397
Received=	-0.33644
Feedback: 0.67569
Received=	-0.32241
Feedback: 0.6634
Received=	-0.23512
Feedback: 0.58699
Received=	-0.18823
Feedback: 0.54594
Received=	-0.12321
Feedback: 0.48903
Received=	-0.20411
Feedback: 0.55985
Received=	-0.27079
Feedback: 0.61821
Received=	-0.3038
Feedback: 0.64711
Received=	-0.43208
Feedback: 0.75941
Received=	-0.53087
Feedback: 0.84588
Received=	-0.51245
Feedback: 0.82976
Received=	-0.38972
Feedback: 0.72233
Received=	-0.2579
Feedback: 0.60693
Received=	-0.31662
Feedback: 0.65833
Received=	-0.34796
Feedback: 0.68577
Received=	-0.34605
Feedback: 0.6841
Received=	-0.46747
Feedback: 0.79039
Received=	-0.53037
Feedback: 0.84544
Received=	-0.47959
Feedback: 0.80099
Received=	-0.12672
Feedback: 0.4921
Received=	0.010681
Feedback: 0.37183
Received=	-0.15746
Feedback: 0.51901
Received=	-0.18513
Feedback: 0.54323
Received=	-0.18352
Feedback: 0.54182
Received=	-0.5003
Feedback: 0.81912
Received=	-0.5371
Feedback: 0.85133
Received=	-0.33337
Feedback: 0.673
Received=	-0.36275
Feedback: 0.69872
Received=	-0.26312
Feedback: 0.6115
Received=	-0.25809
Feedback: 0.6071
Received=	-0.34435
Feedback: 0.68261
Received=	-0.28694
Feedback: 0.63236
Received=	-0.41026
Feedback: 0.7403
Received=	-0.50928
Feedback: 0.82698
Received=	-0.61821
Feedback: 0.9
Received=	-0.74367
Feedback: 0.9
Received=	-0.66386
Feedback: 0.9
Received=	-0.70675
Feedback: 0.9
Received=	-0.64378
Feedback: 0.9
Received=	-0.176
Feedback: 0.53524
Received=	0.011603
Feedback: 0.37102
Received=	-0.047902
Feedback: 0.42311
Received=	-0.26458
Feedback: 0.61278
Received=	-0.42249
Feedback: 0.75101
Received=	-0.46517
Feedback: 0.78837
Received=	-0.30679
Feedback: 0.64973
Received=	-0.31054
Feedback: 0.65301
Received=	-0.2488
Feedback: 0.59897
Received=	-0.22602
Feedback: 0.57903
Received=	-0.3924
Feedback: 0.72467
Received=	-0.56524
Feedback: 0.87597
Received=	-0.64683
Feedback: 0.9
Received=	-0.41801
Feedback: 0.74709
Received=	-0.15319
Feedback: 0.51527
Calculated range:	[(-2.101944) - (1.898056)]
Success index = (-1.101944)
Received=	-0.052733
=====  11:20:37 - BASE  ============
Feedback: 0.66
Received=	0.00060642
Feedback: 0.66
Received=	0.18333
Feedback: 0.66
Received=	0.40707
Feedback: 0.66
Received=	0.14661
Feedback: 0.66
Received=	-0.053277
Feedback: 0.66
Received=	0.22705
Feedback: 0.66
Received=	-0.21122
Feedback: 0.66
Received=	-0.43855
Feedback: 0.66
Received=	-0.1225
Feedback: 0.66
Received=	0.00028079
Feedback: 0.66
Received=	0.053194
Feedback: 0.66
Received=	-0.061581
Feedback: 0.66
Received=	-0.21952
Feedback: 0.66
Received=	-0.34186
Feedback: 0.66
Received=	-0.098468
Feedback: 0.66
Received=	-0.15425
Feedback: 0.66
Received=	-0.24806
Feedback: 0.66
Received=	-0.60856
Feedback: 0.66
Received=	-0.58555
Feedback: 0.66
Received=	-0.3598
=====  11:21:37 - NF  ============
Feedback: 0.65745
Received=	-0.28405
Feedback: 0.60172
Received=	-0.10536
Feedback: 0.47024
Received=	-0.25646
Feedback: 0.58142
Received=	-0.26289
Feedback: 0.58615
Received=	-0.34635
Feedback: 0.64756
Received=	-0.24531
Feedback: 0.57321
Received=	-0.20076
Feedback: 0.54043
Received=	-0.23458
Feedback: 0.56531
Received=	-0.26083
Feedback: 0.58463
Received=	-0.28426
Feedback: 0.60187
Received=	-0.3667
Feedback: 0.66253
Received=	-0.25337
Feedback: 0.57914
Received=	-0.40767
Feedback: 0.69268
Received=	-0.44455
Feedback: 0.71981
Received=	-0.51142
Feedback: 0.76902
Received=	-0.84043
Feedback: 0.9
Received=	-0.5549
Feedback: 0.80101
Received=	-0.24801
Feedback: 0.5752
Received=	-0.25192
Feedback: 0.57807
Received=	-0.24277
Feedback: 0.57134
Received=	-0.46967
Feedback: 0.73829
Received=	-0.38101
Feedback: 0.67306
Received=	-0.20906
Feedback: 0.54654
Received=	-0.17023
Feedback: 0.51796
Received=	-0.30621
Feedback: 0.61802
Received=	-0.47764
Feedback: 0.74416
Received=	-0.34268
Feedback: 0.64485
Received=	-0.18968
Feedback: 0.53228
Received=	-0.26379
Feedback: 0.58681
Received=	-0.32284
Feedback: 0.63026
Received=	-0.36582
Feedback: 0.66188
Received=	-0.23925
Feedback: 0.56875
Received=	-0.28687
Feedback: 0.60379
Received=	-0.45765
Feedback: 0.72945
Received=	-0.53561
Feedback: 0.78681
Received=	-0.45962
Feedback: 0.7309
Received=	-0.3762
Feedback: 0.66952
Received=	-0.24513
Feedback: 0.57308
Received=	-0.22374
Feedback: 0.55734
Received=	-0.60639
Feedback: 0.83889
Received=	-0.47646
Feedback: 0.74329
Received=	-0.41938
Feedback: 0.70129
Received=	-0.21966
Feedback: 0.55433
Received=	-0.1808
Feedback: 0.52575
Received=	-0.32591
Feedback: 0.63251
Received=	-0.13973
Feedback: 0.49552
Received=	0.078461
Feedback: 0.33498
Received=	-0.2521
Feedback: 0.57821
Received=	-0.39438
Feedback: 0.6829
Received=	-0.25917
Feedback: 0.58341
Received=	-0.27233
Feedback: 0.59309
Received=	-0.30413
Feedback: 0.61649
Received=	-0.34633
Feedback: 0.64754
Received=	-0.22004
Feedback: 0.55462
Received=	-0.13925
Feedback: 0.49517
Received=	-0.22341
Feedback: 0.55709
Received=	-0.33773
Feedback: 0.64121
Received=	-0.31106
Feedback: 0.62159
Received=	-0.32638
Feedback: 0.63286
Calculated range:	[(-2.172468) - (1.827532)]
Success index = (-1.172468)
Received=	-0.065248
=====  11:24:37 - BASE  ============
Feedback: 0.66
Received=	0.037647
Feedback: 0.66
Received=	0.0024496
Feedback: 0.66
Received=	0.13073
Feedback: 0.66
Received=	-0.06104
Feedback: 0.66
Received=	-0.29225
Feedback: 0.66
Received=	-0.18755
Feedback: 0.66
Received=	-0.16539
Feedback: 0.66
Received=	-0.44299
Feedback: 0.66
Received=	-0.4392
Feedback: 0.66
Received=	-0.47253
Feedback: 0.66
Received=	-0.34674
Feedback: 0.66
Received=	-0.3021
Feedback: 0.66
Received=	-0.21982
Feedback: 0.66
Received=	0.082687
Feedback: 0.66
Received=	-0.21291
Feedback: 0.66
Received=	-0.17464
Feedback: 0.66
Received=	-0.18443
Feedback: 0.66
Received=	-0.014811
Feedback: 0.66
Received=	-0.15501
Feedback: 0.66
Received=	-0.20338
=====  11:25:37 - NF  ============
Feedback: 0.47856
Received=	-0.19083
Feedback: 0.4642
Received=	-0.11234
Feedback: 0.37431
Received=	-0.14149
Feedback: 0.4077
Received=	-0.29476
Feedback: 0.58321
Received=	-0.20817
Feedback: 0.48406
Received=	-0.13317
Feedback: 0.39817
Received=	0.022106
Feedback: 0.22035
Received=	-0.20612
Feedback: 0.48171
Received=	-0.51617
Feedback: 0.83676
Received=	-0.50708
Feedback: 0.82635
Received=	-0.43119
Feedback: 0.73944
Received=	-0.17219
Feedback: 0.44285
Received=	-0.11568
Feedback: 0.37814
Received=	-0.24502
Feedback: 0.52625
Received=	-0.4143
Feedback: 0.7201
Received=	-0.36761
Feedback: 0.66664
Received=	-0.24933
Feedback: 0.53119
Received=	-0.19864
Feedback: 0.47315
Received=	-0.18691
Feedback: 0.4597
Received=	-0.24667
Feedback: 0.52815
Received=	-0.29312
Feedback: 0.58134
Received=	-0.26654
Feedback: 0.55089
Received=	-0.24357
Feedback: 0.5246
Received=	-0.19437
Feedback: 0.46825
Received=	-0.091221
Feedback: 0.35013
Received=	-0.059735
Feedback: 0.31407
Received=	-0.04538
Feedback: 0.29764
Received=	-0.21229
Feedback: 0.48877
Received=	-0.1659
Feedback: 0.43565
Received=	-0.21009
Feedback: 0.48625
Received=	-0.24798
Feedback: 0.52965
Received=	-0.47604
Feedback: 0.79081
Received=	-0.43869
Feedback: 0.74803
Received=	-0.39103
Feedback: 0.69346
Received=	-0.36389
Feedback: 0.66238
Received=	-0.48584
Feedback: 0.80202
Received=	-0.40984
Feedback: 0.715
Received=	-0.53484
Feedback: 0.85814
Received=	-0.57166
Feedback: 0.9
Received=	-0.43032
Feedback: 0.73845
Received=	-0.11739
Feedback: 0.3801
Received=	-0.22452
Feedback: 0.50278
Received=	-0.41934
Feedback: 0.72588
Received=	-0.47326
Feedback: 0.78761
Received=	-0.57411
Feedback: 0.9
Received=	-0.46246
Feedback: 0.77525
Received=	-0.29434
Feedback: 0.58274
Received=	-0.28545
Feedback: 0.57255
Received=	-0.33774
Feedback: 0.63243
Received=	-0.23588
Feedback: 0.51579
Received=	-0.1645
Feedback: 0.43405
Received=	-0.39182
Feedback: 0.69436
Received=	-0.36464
Feedback: 0.66323
Received=	-0.34721
Feedback: 0.64327
Received=	-0.3811
Feedback: 0.68208
Received=	-0.43306
Feedback: 0.74158
Received=	-0.43023
Feedback: 0.73834
Received=	-0.44632
Feedback: 0.75677
Received=	-0.43145
Feedback: 0.73974
Calculated range:	[(-2.000000) - (2.000000)]
Success index = (-0.724487)
Received=	-0.3633
=====  11:28:37 - BASE  ============
Feedback: 0.66
Received=	-0.23182
Feedback: 0.66
Received=	-0.34112
Feedback: 0.66
Received=	-0.33858
Feedback: 0.66
Received=	-0.44525
Feedback: 0.66
Received=	-0.34555
Feedback: 0.66
Received=	-0.16114
Feedback: 0.66
Received=	-0.16022
Feedback: 0.66
Received=	-0.11328
Feedback: 0.66
Received=	-0.2912
Feedback: 0.66
Received=	-0.13806
Feedback: 0.66
Received=	-0.23068
Feedback: 0.66
Received=	-0.34666
Feedback: 0.66
Received=	-0.54535
Feedback: 0.66
Received=	-0.41669
Feedback: 0.66
Received=	-0.21203
Feedback: 0.66
Received=	0.15664
Feedback: 0.66
Received=	0.28044
Feedback: 0.66
Received=	-0.067463
Feedback: 0.66
Received=	-0.32403
Feedback: 0.66
Received=	-0.48822
=====  11:29:37 - NF  ============
Feedback: 0.75773
Received=	-0.61563
Feedback: 0.88222
Received=	-0.27526
Feedback: 0.54964
Received=	-0.15984
Feedback: 0.43686
Received=	-0.19132
Feedback: 0.46762
Received=	-0.30606
Feedback: 0.57973
Received=	-0.39257
Feedback: 0.66427
Received=	-0.27612
Feedback: 0.55048
Received=	-0.25454
Feedback: 0.52939
Received=	-0.41842
Feedback: 0.68952
Received=	-0.20365
Feedback: 0.47967
Received=	-0.15305
Feedback: 0.43023
Received=	-0.21687
Feedback: 0.49259
Received=	-0.2682
Feedback: 0.54274
Received=	-0.29243
Feedback: 0.56642
Received=	-0.48492
Feedback: 0.75451
Received=	-0.30054
Feedback: 0.57435
Received=	-0.15384
Feedback: 0.431
Received=	-0.25272
Feedback: 0.52762
Received=	-0.49378
Feedback: 0.76316
Received=	-0.40106
Feedback: 0.67256
Received=	-0.50238
Feedback: 0.77156
Received=	-0.41268
Feedback: 0.68391
Received=	-0.36913
Feedback: 0.64136
Received=	-0.43061
Feedback: 0.70143
Received=	-0.25869
Feedback: 0.53345
Received=	-0.24184
Feedback: 0.51699
Received=	-0.44239
Feedback: 0.71295
Received=	-0.48488
Feedback: 0.75446
Received=	-0.37211
Feedback: 0.64428
Received=	-0.4973
Feedback: 0.7666
Received=	-0.58899
Feedback: 0.85619
Received=	-0.30967
Feedback: 0.58326
Received=	-0.27974
Feedback: 0.55402
Received=	-0.40055
Feedback: 0.67207
Received=	-0.50584
Feedback: 0.77494
Received=	-0.45745
Feedback: 0.72766
Received=	-0.52192
Feedback: 0.79066
Received=	-0.38417
Feedback: 0.65605
Received=	-0.59569
Feedback: 0.86274
Received=	-0.48165
Feedback: 0.75131
Received=	-0.30589
Feedback: 0.57957
Received=	-0.32764
Feedback: 0.60082
Received=	-0.48869
Feedback: 0.75819
Received=	-0.49435
Feedback: 0.76371
Received=	-0.54952
Feedback: 0.81763
Received=	-0.42234
Feedback: 0.69336
Received=	-0.31656
Feedback: 0.59
Received=	-0.29746
Feedback: 0.57133
Received=	-0.1656
Feedback: 0.44249
Received=	-0.050173
Feedback: 0.32971
Received=	-0.21316
Feedback: 0.48896
Received=	-0.40277
Feedback: 0.67423
Received=	-0.36159
Feedback: 0.634
Received=	-0.27606
Feedback: 0.55042
Received=	-0.22872
Feedback: 0.50417
Received=	-0.23258
Feedback: 0.50793
Received=	-0.33991
Feedback: 0.61281
Received=	-0.37592
Feedback: 0.648
Received=	-0.3441
Feedback: 0.61691
Calculated range:	[(-2.000000) - (2.000000)]
Success index = (-0.907020)
Received=	-0.37136
=====  11:32:37 - BASE  ============
Feedback: 0.66
Received=	-0.2349
Feedback: 0.66
Received=	-0.2068
Feedback: 0.66
Received=	-0.2524
Feedback: 0.66
Received=	-0.27545
Feedback: 0.66
Received=	-0.090051
Feedback: 0.66
Received=	-0.33671
Feedback: 0.66
Received=	-0.69855
Feedback: 0.66
Received=	-0.70551
Feedback: 0.66
Received=	-0.80826
Feedback: 0.66
Received=	-0.42818
Feedback: 0.66
Received=	-0.36514
Feedback: 0.66
Received=	-0.38359
Feedback: 0.66
Received=	-0.22615
Feedback: 0.66
Received=	-0.32577
Feedback: 0.66
Received=	-0.30356
Feedback: 0.66
Received=	-0.037491
Feedback: 0.66
Received=	-0.023052
Feedback: 0.66
Received=	0.034754
Feedback: 0.66
Received=	-0.21373
Feedback: 0.66
Received=	-0.22251
=====  11:33:37 - NF  ============
Feedback: 0.42224
Received=	-0.23951
Feedback: 0.43674
Received=	-0.34395
Feedback: 0.52586
Received=	-0.38022
Feedback: 0.5568
Received=	-0.296
Feedback: 0.48494
Received=	-0.17687
Feedback: 0.3833
Received=	-0.16668
Feedback: 0.37461
Received=	-0.31395
Feedback: 0.50026
Received=	-0.4179
Feedback: 0.58895
Received=	-0.50287
Feedback: 0.66145
Received=	-0.47133
Feedback: 0.63454
Received=	-0.46828
Feedback: 0.63193
Received=	-0.326
Feedback: 0.51054
Received=	-0.23711
Feedback: 0.4347
Received=	-0.18204
Feedback: 0.38771
Received=	-0.29605
Feedback: 0.48498
Received=	-0.24763
Feedback: 0.44368
Received=	-0.33298
Feedback: 0.5165
Received=	-0.31652
Feedback: 0.50245
Received=	-0.2634
Feedback: 0.45713
Received=	-0.20322
Feedback: 0.40578
Received=	-0.15844
Feedback: 0.36757
Received=	-0.17579
Feedback: 0.38238
Received=	-0.22528
Feedback: 0.4246
Received=	-0.33262
Feedback: 0.51619
Received=	-0.32936
Feedback: 0.5134
Received=	-0.25668
Feedback: 0.4514
Received=	-0.19112
Feedback: 0.39546
Received=	-0.17871
Feedback: 0.38488
Received=	-0.29036
Feedback: 0.48013
Received=	-0.22482
Feedback: 0.42421
Received=	-0.32523
Feedback: 0.50988
Received=	-0.31809
Feedback: 0.50379
Received=	-0.34689
Feedback: 0.52837
Received=	-0.38419
Feedback: 0.56019
Received=	-0.36644
Feedback: 0.54504
Received=	-0.4508
Feedback: 0.61702
Received=	-0.31807
Feedback: 0.50377
Received=	-0.23578
Feedback: 0.43356
Received=	-0.36429
Feedback: 0.54321
Received=	-0.41587
Feedback: 0.58722
Received=	-0.45236
Feedback: 0.61835
Received=	-0.56914
Feedback: 0.71799
Received=	-0.50875
Feedback: 0.66646
Received=	-0.40769
Feedback: 0.58023
Received=	-0.15699
Feedback: 0.36634
Received=	-0.23768
Feedback: 0.43518
Received=	-0.36565
Feedback: 0.54437
Received=	-0.24453
Feedback: 0.44103
Received=	-0.18858
Feedback: 0.39329
Received=	-0.351
Feedback: 0.53187
Received=	-0.46654
Feedback: 0.63045
Received=	-0.13305
Feedback: 0.34592
Received=	-0.1089
Feedback: 0.32531
Received=	-0.40761
Feedback: 0.58017
Received=	-0.62414
Feedback: 0.76491
Received=	-0.7268
Feedback: 0.8525
Received=	-0.71202
Feedback: 0.83989
Received=	-0.6247
Feedback: 0.76539
Received=	-0.4735
Feedback: 0.63639
Calculated range:	[(-2.000000) - (2.000000)]
Success index = (-0.127154)
closing...
