Direction=-1.000000	; step=1.000000;
Received=	0
Feedback: 0.66
Received=	0
Feedback: 0.66
Received=	0
Feedback: 0.66
Received=	0.20403
Feedback: 0.66
Received=	0.13
Feedback: 0.66
Received=	-0.043852
Feedback: 0.66
Received=	-0.15656
Feedback: 0.66
Received=	-0.29499
Feedback: 0.66
Received=	-0.4244
Feedback: 0.66
Received=	-0.028653
Feedback: 0.66
Received=	-0.37781
Feedback: 0.66
Received=	-0.17641
Feedback: 0.66
Received=	0.074904
Feedback: 0.66
Received=	0.11528
Feedback: 0.66
Received=	-0.28027
Feedback: 0.66
Received=	-0.56067
Feedback: 0.66
Received=	-0.31331
Feedback: 0.66
Received=	-0.015287
Feedback: 0.66
Received=	0.37865
Feedback: 0.66
Received=	0.58551
Feedback: 0.66
Received=	0.20031
=====  10:35:45 - NF  ============
Feedback: 0.31749
Received=	-0.055125
Feedback: 0.4927
Received=	-0.026892
Feedback: 0.47333
Received=	0.33144
Feedback: 0.22755
Received=	-0.091168
Feedback: 0.51742
Received=	-0.62341
Feedback: 0.8825
Received=	-0.61561
Feedback: 0.87715
Received=	-0.26212
Feedback: 0.63468
Received=	-0.09128
Feedback: 0.5175
Received=	0.022292
Feedback: 0.4396
Received=	-0.075367
Feedback: 0.50658
Received=	-0.17182
Feedback: 0.57274
Received=	-0.020859
Feedback: 0.4692
Received=	-0.014501
Feedback: 0.46483
Received=	-0.17727
Feedback: 0.57648
Received=	-0.10028
Feedback: 0.52367
Received=	-0.11765
Feedback: 0.53559
Received=	0.085103
Feedback: 0.39651
Received=	0.017394
Feedback: 0.44296
Received=	0.058729
Feedback: 0.4146
Received=	-0.13264
Feedback: 0.54587
Received=	-0.086488
Feedback: 0.51421
Received=	0.024969
Feedback: 0.43776
Received=	0.072005
Feedback: 0.4055
Received=	-0.16523
Feedback: 0.56822
Received=	-0.17459
Feedback: 0.57464
Received=	-0.0050695
Feedback: 0.45837
Received=	-0.17477
Feedback: 0.57476
Received=	-0.19654
Feedback: 0.5897
Received=	-0.25245
Feedback: 0.62805
Received=	-0.2501
Feedback: 0.62644
Received=	-0.083814
Feedback: 0.51238
Received=	0.01794
Feedback: 0.44258
Received=	-0.15287
Feedback: 0.55974
Received=	-0.16847
Feedback: 0.57044
Received=	-0.12108
Feedback: 0.53794
Received=	-0.23659
Feedback: 0.61717
Received=	-0.16969
Feedback: 0.57128
Received=	-0.13353
Feedback: 0.54648
Received=	0.024374
Feedback: 0.43817
Received=	-0.10723
Feedback: 0.52844
Received=	-0.056457
Feedback: 0.49361
Received=	0.19306
Feedback: 0.32247
Received=	0.1192
Feedback: 0.37313
Received=	-0.16929
Feedback: 0.571
Received=	-0.19227
Feedback: 0.58677
Received=	-0.24428
Feedback: 0.62244
Received=	-0.38522
Feedback: 0.71911
Received=	-0.26143
Feedback: 0.6342
Received=	0.052725
Feedback: 0.41872
Received=	0.065265
Feedback: 0.41012
Received=	0.095068
Feedback: 0.38968
Received=	-0.0081899
Feedback: 0.46051
Received=	-0.019446
Feedback: 0.46823
Received=	0.1953
Feedback: 0.32093
Received=	0.076208
Feedback: 0.40262
Received=	-0.036097
Feedback: 0.47965
Received=	-0.17832
Feedback: 0.5772
Received=	-0.21902
Feedback: 0.60512
Received=	-0.015704
Feedback: 0.46566
Calculated range:	[(-2.000000) - (2.000000)]
Success index = (-0.105259)
Received=	0.094133
=====  10:38:45 - BASE  ============
Feedback: 0.66
Received=	-0.099899
Feedback: 0.66
Received=	-0.0089284
Feedback: 0.66
Received=	0.25351
Feedback: 0.66
Received=	0.40879
Feedback: 0.66
Received=	0.33247
Feedback: 0.66
Received=	0.18835
Feedback: 0.66
Received=	-0.032669
Feedback: 0.66
Received=	-0.0067251
Feedback: 0.66
Received=	0.11466
Feedback: 0.66
Received=	0.41834
Feedback: 0.66
Received=	0.57061
Feedback: 0.66
Received=	0.47369
Feedback: 0.66
Received=	0.417
Feedback: 0.66
Received=	0.34516
Feedback: 0.66
Received=	0.059074
Feedback: 0.66
Received=	0.019462
Feedback: 0.66
Received=	0.28591
Feedback: 0.66
Received=	0.42404
Feedback: 0.66
Received=	0.21194
Feedback: 0.66
Received=	-0.022804
=====  10:39:45 - NF  ============
Feedback: 0.78709
Received=	0.24636
Feedback: 0.50237
Received=	0.17071
Feedback: 0.58238
Received=	-0.095489
Feedback: 0.86398
Received=	0.10552
Feedback: 0.65135
Received=	-0.0036925
Feedback: 0.76687
Received=	0.10242
Feedback: 0.65463
Received=	0.19089
Feedback: 0.56104
Received=	0.37525
Feedback: 0.36602
Received=	0.25627
Feedback: 0.49188
Received=	-0.17456
Feedback: 0.9
Received=	-0.34827
Feedback: 0.9
Received=	-0.19852
Feedback: 0.9
Received=	0.11253
Feedback: 0.64393
Received=	0.1402
Feedback: 0.61466
Received=	0.33729
Feedback: 0.40617
Received=	0.28853
Feedback: 0.45776
Received=	0.10885
Feedback: 0.64782
Received=	0.089667
Feedback: 0.66812
Received=	0.022721
Feedback: 0.73893
Received=	-0.11937
Feedback: 0.88924
Received=	0.16488
Feedback: 0.58855
Received=	-0.072189
Feedback: 0.83933
Received=	-0.22511
Feedback: 0.9
Received=	-0.11697
Feedback: 0.8867
Received=	0.010348
Feedback: 0.75202
Received=	-0.036979
Feedback: 0.80208
Received=	-4.4741e-05
Feedback: 0.76301
Received=	0.039009
Feedback: 0.7217
Received=	0.066323
Feedback: 0.69281
Received=	-0.16111
Feedback: 0.9
Received=	-0.38107
Feedback: 0.9
Received=	-0.27238
Feedback: 0.9
Received=	-0.037888
Feedback: 0.80304
Received=	0.16473
Feedback: 0.58871
Received=	0.21379
Feedback: 0.53681
Received=	0.12315
Feedback: 0.6327
Received=	0.13501
Feedback: 0.62015
Received=	-0.037231
Feedback: 0.80235
Received=	0.084804
Feedback: 0.67326
Received=	0.061733
Feedback: 0.69766
Received=	0.05353
Feedback: 0.70634
Received=	-0.025895
Feedback: 0.79036
Received=	0.12919
Feedback: 0.62631
Received=	0.058901
Feedback: 0.70066
Received=	0.12296
Feedback: 0.6329
Received=	0.24942
Feedback: 0.49912
Received=	-0.0047044
Feedback: 0.76794
Received=	0.033032
Feedback: 0.72802
Received=	-0.036198
Feedback: 0.80126
Received=	-0.1035
Feedback: 0.87245
Received=	0.17178
Feedback: 0.58125
Received=	0.34345
Feedback: 0.39966
Received=	0.30578
Feedback: 0.43951
Received=	-0.11801
Feedback: 0.8878
Received=	0.084883
Feedback: 0.67318
Received=	0.11227
Feedback: 0.64421
Received=	0.25211
Feedback: 0.49628
Received=	0.2874
Feedback: 0.45895
Received=	0.070209
Feedback: 0.6887
Calculated range:	[(-2.124905) - (1.875095)]
Success index = (-1.124905)
Received=	-0.26547
=====  10:42:45 - BASE  ============
Feedback: 0.66
Received=	-0.12972
Feedback: 0.66
Received=	-0.089874
Feedback: 0.66
Received=	0.060238
Feedback: 0.66
Received=	0.46922
Feedback: 0.66
Received=	0.69077
Feedback: 0.66
Received=	0.52533
Feedback: 0.66
Received=	0.39264
Feedback: 0.66
Received=	0.74622
Feedback: 0.66
Received=	0.5383
Feedback: 0.66
Received=	-0.049012
Feedback: 0.66
Received=	-0.32984
Feedback: 0.66
Received=	-0.27537
Feedback: 0.66
Received=	-0.058155
Feedback: 0.66
Received=	-0.032363
Feedback: 0.66
Received=	0.39965
Feedback: 0.66
Received=	0.3745
Feedback: 0.66
Received=	0.67978
Feedback: 0.66
Received=	0.61846
Feedback: 0.66
Received=	0.60773
Feedback: 0.66
Received=	0.33061
=====  10:43:45 - NF  ============
Feedback: 0.45369
Received=	0.13177
Feedback: 0.56553
Received=	0.17728
Feedback: 0.53993
Received=	0.12169
Feedback: 0.5712
Received=	-0.029437
Feedback: 0.65621
Received=	0.063753
Feedback: 0.60379
Received=	0.18568
Feedback: 0.5352
Received=	0.020586
Feedback: 0.62807
Received=	0.25022
Feedback: 0.4989
Received=	0.16872
Feedback: 0.54474
Received=	0.28175
Feedback: 0.48117
Received=	0.19967
Feedback: 0.52733
Received=	0.13458
Feedback: 0.56395
Received=	0.46528
Feedback: 0.37794
Received=	0.163
Feedback: 0.54796
Received=	-0.18618
Feedback: 0.74437
Received=	-0.23904
Feedback: 0.77411
Received=	-0.22555
Feedback: 0.76652
Received=	-0.023953
Feedback: 0.65312
Received=	0.21988
Feedback: 0.51597
Received=	0.31195
Feedback: 0.46418
Received=	0.14877
Feedback: 0.55596
Received=	0.17651
Feedback: 0.54036
Received=	0.2826
Feedback: 0.48069
Received=	0.39204
Feedback: 0.41913
Received=	0.18321
Feedback: 0.53659
Received=	0.10127
Feedback: 0.58268
Received=	-0.045436
Feedback: 0.6652
Received=	0.046558
Feedback: 0.61346
Received=	0.19275
Feedback: 0.53123
Received=	0.18966
Feedback: 0.53297
Received=	0.20628
Feedback: 0.52362
Received=	0.10924
Feedback: 0.5782
Received=	0.05306
Feedback: 0.6098
Received=	0.26278
Feedback: 0.49184
Received=	0.25617
Feedback: 0.49556
Received=	0.32594
Feedback: 0.45631
Received=	0.097517
Feedback: 0.5848
Received=	-0.081878
Feedback: 0.6857
Received=	-0.38663
Feedback: 0.85712
Received=	-0.31794
Feedback: 0.81848
Received=	-0.31806
Feedback: 0.81855
Received=	-0.031671
Feedback: 0.65746
Received=	0.0015138
Feedback: 0.6388
Received=	-0.039062
Feedback: 0.66162
Received=	-0.20975
Feedback: 0.75763
Received=	-0.23702
Feedback: 0.77297
Received=	0.17391
Feedback: 0.54183
Received=	0.32537
Feedback: 0.45663
Received=	0.13481
Feedback: 0.56382
Received=	-0.091337
Feedback: 0.69102
Received=	-0.084438
Feedback: 0.68714
Received=	-0.012103
Feedback: 0.64645
Received=	-0.13934
Feedback: 0.71803
Received=	-0.23603
Feedback: 0.77241
Received=	-0.2063
Feedback: 0.75569
Received=	-0.27683
Feedback: 0.79536
Received=	0.04767
Feedback: 0.61283
Received=	0.053357
Feedback: 0.60963
Received=	-0.083659
Feedback: 0.6867
Calculated range:	[(-2.000000) - (2.000000)]
Success index = (-0.999434)
Received=	0.062163
=====  10:46:45 - BASE  ============
Feedback: 0.66
Received=	0.30679
Feedback: 0.66
Received=	0.15149
Feedback: 0.66
Received=	0.0041115
Feedback: 0.66
Received=	-0.025681
Feedback: 0.66
Received=	-0.12774
Feedback: 0.66
Received=	0.053595
Feedback: 0.66
Received=	0.02887
Feedback: 0.66
Received=	-0.10715
Feedback: 0.66
Received=	-0.22361
Feedback: 0.66
Received=	-0.18701
Feedback: 0.66
Received=	-0.13846
Feedback: 0.66
Received=	-0.1036
Feedback: 0.66
Received=	-0.13748
Feedback: 0.66
Received=	0.16463
Feedback: 0.66
Received=	0.45758
Feedback: 0.66
Received=	0.44057
Feedback: 0.66
Received=	0.60436
Feedback: 0.66
Received=	0.58328
Feedback: 0.66
Received=	0.47353
Feedback: 0.66
Received=	0.56708
=====  10:47:45 - NF  ============
Feedback: 0.17244
Received=	0.40101
Feedback: 0.29046
Received=	0.11221
Feedback: 0.49572
Received=	0.2661
Feedback: 0.38634
Received=	0.32006
Feedback: 0.34799
Received=	0.13835
Feedback: 0.47714
Received=	-0.080079
Feedback: 0.63238
Received=	0.070263
Feedback: 0.52553
Received=	0.11057
Feedback: 0.49688
Received=	0.015853
Feedback: 0.5642
Received=	0.12384
Feedback: 0.48745
Received=	0.093608
Feedback: 0.50894
Received=	0.25366
Feedback: 0.39519
Received=	0.11541
Feedback: 0.49344
Received=	-0.088739
Feedback: 0.63853
Received=	0.0068498
Feedback: 0.5706
Received=	0.095605
Feedback: 0.50752
Received=	0.056937
Feedback: 0.535
Received=	-0.059156
Feedback: 0.61751
Received=	0.20688
Feedback: 0.42844
Received=	-0.00077988
Feedback: 0.57602
Received=	-0.22067
Feedback: 0.7323
Received=	-0.20459
Feedback: 0.72087
Received=	-0.2119
Feedback: 0.72607
Received=	-0.14401
Feedback: 0.67781
Received=	0.050215
Feedback: 0.53978
Received=	0.072814
Feedback: 0.52372
Received=	-0.055154
Feedback: 0.61466
Received=	-0.25068
Feedback: 0.75363
Received=	-0.051317
Feedback: 0.61194
Received=	-0.0038693
Feedback: 0.57821
Received=	-0.2997
Feedback: 0.78846
Received=	-0.029289
Feedback: 0.59628
Received=	0.19367
Feedback: 0.43782
Received=	-0.028782
Feedback: 0.59592
Received=	-0.23677
Feedback: 0.74374
Received=	-0.24105
Feedback: 0.74678
Received=	-0.11295
Feedback: 0.65574
Received=	0.062011
Feedback: 0.53139
Received=	0.048625
Feedback: 0.54091
Received=	0.14925
Feedback: 0.46939
Received=	0.062021
Feedback: 0.53139
Received=	-0.034809
Feedback: 0.6002
Received=	-0.09122
Feedback: 0.6403
Received=	-0.084948
Feedback: 0.63584
Received=	-0.01768
Feedback: 0.58803
Received=	0.20891
Feedback: 0.42699
Received=	0.12177
Feedback: 0.48892
Received=	0.13942
Feedback: 0.47637
Received=	0.039708
Feedback: 0.54724
Received=	0.011469
Feedback: 0.56731
Received=	-0.07713
Feedback: 0.63028
Received=	-0.085677
Feedback: 0.63636
Received=	-0.094328
Feedback: 0.6425
Received=	0.0061876
Feedback: 0.57107
Received=	0.047941
Feedback: 0.54139
Received=	-0.23488
Feedback: 0.74239
Received=	0.070018
Feedback: 0.5257
Received=	0.15845
Feedback: 0.46286
Received=	0.010741
Feedback: 0.56783
Calculated range:	[(-2.000000) - (2.000000)]
Success index = (-0.437416)
Received=	0.033871
=====  10:50:45 - BASE  ============
Feedback: 0.66
Received=	0.21968
Feedback: 0.66
Received=	0.34044
Feedback: 0.66
Received=	0.25008
Feedback: 0.66
Received=	0.0301
Feedback: 0.66
Received=	-0.22398
Feedback: 0.66
Received=	-0.24129
Feedback: 0.66
Received=	-0.061097
Feedback: 0.66
Received=	-0.038682
Feedback: 0.66
Received=	0.1089
Feedback: 0.66
Received=	0.33018
Feedback: 0.66
Received=	0.011136
Feedback: 0.66
Received=	-0.064791
Feedback: 0.66
Received=	0.16687
Feedback: 0.66
Received=	0.24745
Feedback: 0.66
Received=	-0.045008
Feedback: 0.66
Received=	-0.2373
Feedback: 0.66
Received=	-0.21154
Feedback: 0.66
Received=	-0.17733
Feedback: 0.66
Received=	0.1151
Feedback: 0.66
Received=	0.049431
=====  10:51:45 - NF  ============
Feedback: 0.46645
Received=	0.1198
Feedback: 0.39447
Received=	0.35032
Feedback: 0.1587
Received=	0.25102
Feedback: 0.26027
Received=	-0.00077753
Feedback: 0.5178
Received=	-0.077411
Feedback: 0.59618
Received=	-0.12341
Feedback: 0.64322
Received=	0.025203
Feedback: 0.49123
Received=	0.28706
Feedback: 0.2234
Received=	0.28633
Feedback: 0.22415
Received=	-0.0265
Feedback: 0.54411
Received=	-0.064476
Feedback: 0.58295
Received=	0.10598
Feedback: 0.40861
Received=	0.12522
Feedback: 0.38893
Received=	0.03515
Feedback: 0.48105
Received=	-0.16069
Feedback: 0.68135
Received=	-0.25548
Feedback: 0.7783
Received=	-0.24749
Feedback: 0.77013
Received=	-0.087193
Feedback: 0.60618
Received=	0.18961
Feedback: 0.32308
Received=	0.18894
Feedback: 0.32376
Received=	0.15202
Feedback: 0.36152
Received=	0.109
Feedback: 0.40552
Received=	0.056419
Feedback: 0.4593
Received=	0.071105
Feedback: 0.44428
Received=	-0.12423
Feedback: 0.64407
Received=	-0.098988
Feedback: 0.61825
Received=	-0.00043993
Feedback: 0.51745
Received=	0.29107
Feedback: 0.21931
Received=	0.39655
Feedback: 0.11142
Received=	0.2058
Feedback: 0.30651
Received=	-0.11923
Feedback: 0.63895
Received=	-0.026617
Feedback: 0.54423
Received=	0.094998
Feedback: 0.41984
Received=	0.17778
Feedback: 0.33518
Received=	0.24497
Feedback: 0.26645
Received=	-0.032146
Feedback: 0.54988
Received=	0.16414
Feedback: 0.34913
Received=	-0.088611
Feedback: 0.60763
Received=	-0.037155
Feedback: 0.555
Received=	0.0017846
Feedback: 0.51518
Received=	0.11461
Feedback: 0.39979
Received=	0.11859
Feedback: 0.39572
Received=	-0.1487
Feedback: 0.66909
Received=	-0.3648
Feedback: 0.89011
Received=	-0.25679
Feedback: 0.77964
Received=	-0.091756
Feedback: 0.61085
Received=	0.0090968
Feedback: 0.5077
Received=	-0.049536
Feedback: 0.56767
Received=	-0.031914
Feedback: 0.54964
Received=	-0.11312
Feedback: 0.6327
Received=	-0.14731
Feedback: 0.66767
Received=	-0.030748
Feedback: 0.54845
Received=	-0.089277
Feedback: 0.60831
Received=	-0.10014
Feedback: 0.61943
Received=	0.091706
Feedback: 0.42321
Received=	0.29185
Feedback: 0.2185
Received=	0.19108
Feedback: 0.32157
Received=	0.036593
Feedback: 0.47958
Received=	-0.058641
Feedback: 0.57698
Calculated range:	[(-2.000000) - (2.000000)]
Success index = (0.076683)
closing...
