Direction=-1.000000	; step=1.000000;
Received=	0
Feedback: 0.66
Received=	0
Feedback: 0.66
Received=	0
Feedback: 0.66
Received=	-0.23207
Feedback: 0.66
Received=	-0.66159
Feedback: 0.66
Received=	-0.3445
Feedback: 0.66
Received=	-0.41152
Feedback: 0.66
Received=	-0.39098
Feedback: 0.66
Received=	-0.12109
Feedback: 0.66
Received=	-0.03263
Feedback: 0.66
Received=	0.17703
Feedback: 0.66
Received=	0.049234
Feedback: 0.66
Received=	-0.18466
Feedback: 0.66
Received=	-0.32822
Feedback: 0.66
Received=	-0.026882
Feedback: 0.66
Received=	-0.076898
Feedback: 0.66
Received=	-0.028195
Feedback: 0.66
Received=	-0.3231
Feedback: 0.66
Received=	-0.39571
Feedback: 0.66
Received=	-0.31114
Feedback: 0.66
Received=	-0.13226
=====  11:56:31 - NF  ============
Feedback: 0.4333
Received=	-0.14457
Feedback: 0.44502
Received=	-0.35452
Feedback: 0.6447
Received=	-0.28687
Feedback: 0.58036
Received=	-0.28649
Feedback: 0.58
Received=	-0.024397
Feedback: 0.33072
Received=	-0.2354
Feedback: 0.5314
Received=	-0.37261
Feedback: 0.6619
Received=	-0.26828
Feedback: 0.56268
Received=	-0.49675
Feedback: 0.77997
Received=	-0.64122
Feedback: 0.9
Received=	-0.46978
Feedback: 0.75433
Received=	-0.27013
Feedback: 0.56443
Received=	-0.398
Feedback: 0.68605
Received=	-0.24575
Feedback: 0.54124
Received=	-0.18551
Feedback: 0.48395
Received=	-0.053678
Feedback: 0.35857
Received=	-0.10711
Feedback: 0.40939
Received=	-0.058561
Feedback: 0.36321
Received=	-0.044358
Feedback: 0.3497
Received=	-0.32178
Feedback: 0.61356
Received=	-0.34167
Feedback: 0.63247
Received=	-0.42087
Feedback: 0.7078
Received=	-0.34872
Feedback: 0.63918
Received=	-0.25571
Feedback: 0.55072
Received=	-0.22714
Feedback: 0.52355
Received=	-0.1073
Feedback: 0.40956
Received=	-0.15458
Feedback: 0.45453
Received=	-0.074165
Feedback: 0.37805
Received=	0.036005
Feedback: 0.27327
Received=	-0.20466
Feedback: 0.50216
Received=	-0.25887
Feedback: 0.55373
Received=	-0.021206
Feedback: 0.32768
Received=	0.076501
Feedback: 0.23475
Received=	-0.14524
Feedback: 0.44565
Received=	-0.42202
Feedback: 0.7089
Received=	-0.30573
Feedback: 0.5983
Received=	-0.13691
Feedback: 0.43772
Received=	-0.077336
Feedback: 0.38107
Received=	-0.067962
Feedback: 0.37215
Received=	-0.22433
Feedback: 0.52087
Received=	-0.3547
Feedback: 0.64487
Received=	-0.43258
Feedback: 0.71894
Received=	-0.52351
Feedback: 0.80542
Received=	-0.55417
Feedback: 0.83458
Received=	-0.35442
Feedback: 0.6446
Received=	-0.16354
Feedback: 0.46306
Received=	-0.22225
Feedback: 0.51889
Received=	-0.17017
Feedback: 0.46936
Received=	0.048392
Feedback: 0.26149
Received=	-0.17321
Feedback: 0.47225
Received=	-0.21068
Feedback: 0.50789
Received=	-0.060027
Feedback: 0.3646
Received=	-0.23141
Feedback: 0.52761
Received=	-0.27316
Feedback: 0.56731
Received=	-0.37983
Feedback: 0.66877
Received=	-0.17801
Feedback: 0.47682
Received=	0.15354
Feedback: 0.16148
Received=	0.095155
Feedback: 0.21701
Received=	-0.17073
Feedback: 0.4699
Calculated range:	[(-2.000000) - (2.000000)]
Success index = (-0.103043)
Received=	-0.14563
=====  11:59:31 - BASE  ============
Feedback: 0.66
Received=	-0.057629
Feedback: 0.66
Received=	-0.29822
Feedback: 0.66
Received=	0.020817
Feedback: 0.66
Received=	-0.2293
Feedback: 0.66
Received=	-0.39991
Feedback: 0.66
Received=	-0.36454
Feedback: 0.66
Received=	-0.53761
Feedback: 0.66
Received=	-0.44467
Feedback: 0.66
Received=	-0.40586
Feedback: 0.66
Received=	-0.66467
Feedback: 0.66
Received=	-0.79343
Feedback: 0.66
Received=	-0.46503
Feedback: 0.66
Received=	-0.34181
Feedback: 0.66
Received=	-0.17804
Feedback: 0.66
Received=	-0.23033
Feedback: 0.66
Received=	-0.3176
Feedback: 0.66
Received=	-0.2469
Feedback: 0.66
Received=	-0.4187
Feedback: 0.66
Received=	-0.59845
Feedback: 0.66
Received=	-0.70262
=====  12:0:31 - NF  ============
Feedback: 0.83498
Received=	-0.62149
Feedback: 0.74965
Received=	-0.67393
Feedback: 0.80481
Received=	-0.64439
Feedback: 0.77373
Received=	-0.50374
Feedback: 0.62581
Received=	-0.42615
Feedback: 0.5442
Received=	-0.2649
Feedback: 0.37461
Received=	-0.45624
Feedback: 0.57584
Received=	-0.69306
Feedback: 0.82492
Received=	-0.60205
Feedback: 0.7292
Received=	-0.59886
Feedback: 0.72585
Received=	-0.6017
Feedback: 0.72883
Received=	-0.3777
Feedback: 0.49325
Received=	-0.32702
Feedback: 0.43994
Received=	-0.57166
Feedback: 0.69724
Received=	-0.6626
Feedback: 0.79288
Received=	-0.51998
Feedback: 0.64289
Received=	-0.60093
Feedback: 0.72802
Received=	-0.58817
Feedback: 0.71461
Received=	-0.65416
Feedback: 0.784
Received=	-0.70187
Feedback: 0.83418
Received=	-0.6874
Feedback: 0.81896
Received=	-0.77873
Feedback: 0.9
Received=	-0.92175
Feedback: 0.9
Received=	-0.7498
Feedback: 0.8846
Received=	-0.60376
Feedback: 0.731
Received=	-0.75729
Feedback: 0.89248
Received=	-0.49921
Feedback: 0.62104
Received=	-0.30143
Feedback: 0.41302
Received=	-0.47646
Feedback: 0.59711
Received=	-0.31004
Feedback: 0.42208
Received=	-0.21077
Feedback: 0.31768
Received=	-0.26955
Feedback: 0.3795
Received=	-0.56946
Feedback: 0.69492
Received=	-0.5302
Feedback: 0.65363
Received=	-0.26793
Feedback: 0.3778
Received=	-0.53488
Feedback: 0.65855
Received=	-0.46828
Feedback: 0.58851
Received=	-0.61754
Feedback: 0.7455
Received=	-0.55673
Feedback: 0.68154
Received=	-0.39924
Feedback: 0.51589
Received=	-0.39969
Feedback: 0.51637
Received=	-0.17172
Feedback: 0.2766
Received=	-0.16865
Feedback: 0.27338
Received=	-0.095102
Feedback: 0.19602
Received=	-0.23419
Feedback: 0.34231
Received=	-0.23359
Feedback: 0.34168
Received=	-0.23159
Feedback: 0.33957
Received=	-0.44987
Feedback: 0.56914
Received=	-0.46926
Feedback: 0.58954
Received=	-0.34129
Feedback: 0.45495
Received=	-0.1633
Feedback: 0.26775
Received=	-0.24834
Feedback: 0.35718
Received=	-0.37597
Feedback: 0.49142
Received=	-0.36572
Feedback: 0.48064
Received=	-0.38824
Feedback: 0.50433
Received=	-0.37567
Feedback: 0.49111
Received=	-0.24339
Feedback: 0.35199
Received=	-0.21625
Feedback: 0.32344
Received=	-0.31598
Feedback: 0.42833
Calculated range:	[(-2.000000) - (2.000000)]
Success index = (-0.418367)
Received=	-0.2183
=====  12:3:31 - BASE  ============
Feedback: 0.66
Received=	-0.21593
Feedback: 0.66
Received=	-0.26332
Feedback: 0.66
Received=	-0.26276
Feedback: 0.66
Received=	-0.34823
Feedback: 0.66
Received=	-0.39168
Feedback: 0.66
Received=	-0.085253
Feedback: 0.66
Received=	-0.28086
Feedback: 0.66
Received=	-0.48486
Feedback: 0.66
Received=	-0.45139
Feedback: 0.66
Received=	-0.21346
Feedback: 0.66
Received=	-0.33226
Feedback: 0.66
Received=	-0.27875
Feedback: 0.66
Received=	-0.034813
Feedback: 0.66
Received=	-0.078804
Feedback: 0.66
Received=	-0.31704
Feedback: 0.66
Received=	-0.33202
Feedback: 0.66
Received=	-0.16474
Feedback: 0.66
Received=	-0.32807
Feedback: 0.66
Received=	-0.56897
Feedback: 0.66
Received=	-0.44752
=====  12:4:31 - NF  ============
Feedback: 0.72426
Received=	-0.27764
Feedback: 0.48264
Received=	-0.30044
Feedback: 0.51506
Received=	-0.19241
Feedback: 0.36141
Received=	-0.20971
Feedback: 0.38603
Received=	-0.34997
Feedback: 0.58551
Received=	-0.28919
Feedback: 0.49906
Received=	-0.18041
Feedback: 0.34435
Received=	-0.17921
Feedback: 0.34265
Received=	-0.39791
Feedback: 0.6537
Received=	-0.30881
Feedback: 0.52697
Received=	-0.26315
Feedback: 0.46203
Received=	-0.28242
Feedback: 0.48943
Received=	-0.24818
Feedback: 0.44074
Received=	-0.29681
Feedback: 0.5099
Received=	-0.15549
Feedback: 0.30891
Received=	-0.30132
Feedback: 0.51632
Received=	-0.12596
Feedback: 0.26691
Received=	-0.29941
Feedback: 0.5136
Received=	-0.48238
Feedback: 0.77383
Received=	-0.11025
Feedback: 0.24457
Received=	0.017506
Feedback: 0.1
Received=	0.021769
Feedback: 0.1
Received=	-0.10518
Feedback: 0.23735
Received=	-0.1218
Feedback: 0.26099
Received=	-0.12571
Feedback: 0.26656
Received=	-0.28303
Feedback: 0.4903
Received=	-0.36589
Feedback: 0.60815
Received=	-0.45929
Feedback: 0.74099
Received=	-0.20187
Feedback: 0.37487
Received=	-0.13395
Feedback: 0.27828
Received=	-0.17423
Feedback: 0.33556
Received=	-0.2783
Feedback: 0.48357
Received=	-0.41461
Feedback: 0.67744
Received=	-0.53429
Feedback: 0.84766
Received=	-0.46114
Feedback: 0.74362
Received=	-0.4758
Feedback: 0.76447
Received=	-0.24293
Feedback: 0.43327
Received=	-0.41599
Feedback: 0.6794
Received=	-0.53803
Feedback: 0.85299
Received=	-0.42869
Feedback: 0.69747
Received=	-0.37217
Feedback: 0.61708
Received=	-0.14232
Feedback: 0.29018
Received=	0.070537
Feedback: 0.1
Received=	-0.017296
Feedback: 0.11236
Received=	-0.13005
Feedback: 0.27272
Received=	-0.31653
Feedback: 0.53794
Received=	-0.03525
Feedback: 0.13789
Received=	0.11146
Feedback: 0.1
Received=	-0.074572
Feedback: 0.19382
Received=	-0.28933
Feedback: 0.49927
Received=	-0.3014
Feedback: 0.51643
Received=	-0.44398
Feedback: 0.71921
Received=	-0.59926
Feedback: 0.9
Received=	-0.6353
Feedback: 0.9
Received=	-0.38715
Feedback: 0.63839
Received=	-0.12485
Feedback: 0.26533
Received=	0.11664
Feedback: 0.1
Received=	0.045
Feedback: 0.1
Received=	-0.18415
Feedback: 0.34967
Calculated range:	[(-2.000000) - (2.000000)]
Success index = (0.225529)
Received=	-0.017509
=====  12:7:31 - BASE  ============
Feedback: 0.66
Received=	0.26527
Feedback: 0.66
Received=	0.08828
Feedback: 0.66
Received=	-0.17926
Feedback: 0.66
Received=	-0.31554
Feedback: 0.66
Received=	-0.29654
Feedback: 0.66
Received=	-0.21976
Feedback: 0.66
Received=	-0.081049
Feedback: 0.66
Received=	-0.048006
Feedback: 0.66
Received=	-0.31264
Feedback: 0.66
Received=	-0.36608
Feedback: 0.66
Received=	-0.36112
Feedback: 0.66
Received=	-0.30576
Feedback: 0.66
Received=	-0.076465
Feedback: 0.66
Received=	-0.051994
Feedback: 0.66
Received=	-0.043174
Feedback: 0.66
Received=	-0.19195
Feedback: 0.66
Received=	-0.33222
Feedback: 0.66
Received=	-0.1444
Feedback: 0.66
Received=	0.0030988
Feedback: 0.66
Received=	0.16266
=====  12:8:31 - NF  ============
Feedback: 0.1
Received=	0.071854
Feedback: 0.14293
Received=	0.14682
Feedback: 0.1
Received=	-0.06462
Feedback: 0.33665
Received=	-0.18447
Feedback: 0.50677
Received=	-0.049165
Feedback: 0.31471
Received=	-0.03634
Feedback: 0.29651
Received=	-0.11758
Feedback: 0.41183
Received=	-0.073082
Feedback: 0.34866
Received=	-0.16344
Feedback: 0.47692
Received=	0.10811
Feedback: 0.1
Received=	0.23497
Feedback: 0.1
Received=	0.24462
Feedback: 0.1
Received=	0.38997
Feedback: 0.1
Received=	0.15047
Feedback: 0.1
Received=	0.047404
Feedback: 0.17764
Received=	-0.17769
Feedback: 0.49715
Received=	-0.26666
Feedback: 0.62344
Received=	-0.21627
Feedback: 0.55191
Received=	-0.24551
Feedback: 0.59342
Received=	-0.22595
Feedback: 0.56566
Received=	0.16406
Feedback: 0.1
Received=	0.17432
Feedback: 0.1
Received=	-0.033148
Feedback: 0.29198
Received=	-0.18078
Feedback: 0.50154
Received=	-0.095638
Feedback: 0.38068
Received=	-0.056509
Feedback: 0.32514
Received=	-0.19308
Feedback: 0.519
Received=	-0.21573
Feedback: 0.55115
Received=	-0.18343
Feedback: 0.5053
Received=	-0.21555
Feedback: 0.55089
Received=	-0.081098
Feedback: 0.36004
Received=	-0.064287
Feedback: 0.33618
Received=	0.078679
Feedback: 0.13324
Received=	-0.29514
Feedback: 0.66387
Received=	-0.5777
Feedback: 0.9
Received=	-0.34006
Feedback: 0.72763
Received=	-0.15486
Feedback: 0.46475
Received=	-0.14225
Feedback: 0.44685
Received=	-0.14542
Feedback: 0.45135
Received=	-0.23595
Feedback: 0.57984
Received=	-0.060199
Feedback: 0.33037
Received=	-0.11802
Feedback: 0.41244
Received=	-0.25309
Feedback: 0.60418
Received=	-0.26701
Feedback: 0.62393
Received=	-0.38663
Feedback: 0.79373
Received=	-0.44602
Feedback: 0.87803
Received=	-0.33284
Feedback: 0.71738
Received=	-0.36652
Feedback: 0.76518
Received=	-0.41403
Feedback: 0.83262
Received=	-0.23129
Feedback: 0.57323
Received=	-0.27448
Feedback: 0.63453
Received=	-0.12998
Feedback: 0.42943
Received=	-0.11336
Feedback: 0.40584
Received=	-0.1694
Feedback: 0.48538
Received=	-0.23447
Feedback: 0.57774
Received=	-0.21914
Feedback: 0.55599
Received=	-0.172
Feedback: 0.48908
Received=	-0.20946
Feedback: 0.54224
Received=	-0.35135
Feedback: 0.74365
Calculated range:	[(-2.000000) - (2.000000)]
Success index = (0.282654)
Received=	-0.26123
=====  12:11:31 - BASE  ============
Feedback: 0.66
Received=	-0.0027936
Feedback: 0.66
Received=	-0.10733
Feedback: 0.66
Received=	-0.22744
Feedback: 0.66
Received=	0.058981
Feedback: 0.66
Received=	-0.082823
Feedback: 0.66
Received=	-0.11621
Feedback: 0.66
Received=	0.13863
Feedback: 0.66
Received=	0.024234
Feedback: 0.66
Received=	-0.031145
Feedback: 0.66
Received=	-0.058291
Feedback: 0.66
Received=	0.047368
Feedback: 0.66
Received=	0.02117
Feedback: 0.66
Received=	0.0233
Feedback: 0.66
Received=	0.023077
Feedback: 0.66
Received=	0.14834
Feedback: 0.66
Received=	-0.16241
Feedback: 0.66
Received=	-0.17483
Feedback: 0.66
Received=	-0.21044
Feedback: 0.66
Received=	-0.067192
Feedback: 0.66
Received=	-0.22017
=====  12:12:31 - NF  ============
Feedback: 0.81994
Received=	-0.032958
Feedback: 0.48408
Received=	-0.011921
Feedback: 0.44634
Received=	-0.1607
Feedback: 0.71325
Received=	-0.21351
Feedback: 0.80799
Received=	-0.091354
Feedback: 0.58884
Received=	-0.0097634
Feedback: 0.44246
Received=	0.076235
Feedback: 0.28818
Received=	-0.088505
Feedback: 0.58373
Received=	-0.3703
Feedback: 0.9
Received=	-0.13272
Feedback: 0.66305
Received=	-0.095543
Feedback: 0.59636
Received=	-0.1854
Feedback: 0.75756
Received=	-0.30952
Feedback: 0.9
Received=	-0.14775
Feedback: 0.69002
Received=	0.23967
Feedback: 0.1
Received=	-0.029165
Feedback: 0.47727
Received=	-0.052117
Feedback: 0.51845
Received=	-0.19408
Feedback: 0.77313
Received=	-0.14682
Feedback: 0.68835
Received=	-0.19464
Feedback: 0.77414
Received=	-0.38312
Feedback: 0.9
Received=	-0.20977
Feedback: 0.80128
Received=	-0.36479
Feedback: 0.9
Received=	-0.37121
Feedback: 0.9
Received=	-0.31962
Feedback: 0.9
Received=	-0.13913
Feedback: 0.67454
Received=	-0.018258
Feedback: 0.4577
Received=	0.29742
Feedback: 0.1
Received=	0.09076
Feedback: 0.26212
Received=	-0.062233
Feedback: 0.5366
Received=	-0.23011
Feedback: 0.83776
Received=	-0.096667
Feedback: 0.59837
Received=	0.1653
Feedback: 0.1284
Received=	0.091035
Feedback: 0.26163
Received=	-0.079356
Feedback: 0.56732
Received=	0.059945
Feedback: 0.31741
Received=	0.014009
Feedback: 0.39982
Received=	-0.03954
Feedback: 0.49588
Received=	0.1326
Feedback: 0.18706
Received=	0.074887
Feedback: 0.2906
Received=	0.094104
Feedback: 0.25612
Received=	0.17235
Feedback: 0.11575
Received=	-0.060396
Feedback: 0.5333
Received=	-0.12698
Feedback: 0.65276
Received=	0.17406
Feedback: 0.11268
Received=	-0.057601
Feedback: 0.52829
Received=	-0.35062
Feedback: 0.9
Received=	-0.28767
Feedback: 0.9
Received=	-0.10954
Feedback: 0.62146
Received=	-0.045276
Feedback: 0.50617
Received=	-0.14842
Feedback: 0.69122
Received=	0.03379
Feedback: 0.36433
Received=	0.062477
Feedback: 0.31286
Received=	-0.051493
Feedback: 0.51733
Received=	0.2066
Feedback: 0.1
Received=	0.067139
Feedback: 0.3045
Received=	0.042156
Feedback: 0.34932
Received=	0.25211
Feedback: 0.1
Received=	0.10115
Feedback: 0.24348
Calculated range:	[(-2.000000) - (2.000000)]
Success index = (-0.137995)
closing...
