Direction=-1.000000	; step=1.000000;
Received=	0
Feedback: 0.66
Received=	0
Feedback: 0.66
Received=	0
Feedback: 0.66
Received=	-0.10761
Feedback: 0.66
Received=	-0.075259
Feedback: 0.66
Received=	0.025428
Feedback: 0.66
Received=	0.026046
Feedback: 0.66
Received=	-0.018302
Feedback: 0.66
Received=	-0.22368
Feedback: 0.66
Received=	-0.15471
Feedback: 0.66
Received=	-0.25867
Feedback: 0.66
Received=	-0.080665
Feedback: 0.66
Received=	-0.20488
Feedback: 0.66
Received=	-0.40226
Feedback: 0.66
Received=	-0.27786
Feedback: 0.66
Received=	-0.35045
Feedback: 0.66
Received=	-0.29113
Feedback: 0.66
Received=	-0.54796
Feedback: 0.66
Received=	-0.53649
Feedback: 0.66
Received=	-0.3504
Feedback: 0.66
Received=	-0.15858
=====  12:24:20 - NF  ============
Feedback: 0.43988
Received=	-0.067026
Feedback: 0.33819
Received=	0.10595
Feedback: 0.14608
Received=	-0.098819
Feedback: 0.3735
Received=	-0.17748
Feedback: 0.46087
Received=	-0.22033
Feedback: 0.50846
Received=	-0.11713
Feedback: 0.39384
Received=	-0.055924
Feedback: 0.32586
Received=	0.070032
Feedback: 0.18597
Received=	0.021039
Feedback: 0.24039
Received=	-0.0089578
Feedback: 0.2737
Received=	-0.22303
Feedback: 0.51145
Received=	-0.49459
Feedback: 0.81306
Received=	-0.63365
Feedback: 0.9
Received=	-0.14705
Feedback: 0.42707
Received=	-0.22598
Feedback: 0.51473
Received=	-0.22598
Feedback: 0.51473
Received=	-0.19624
Feedback: 0.4817
Received=	-0.50229
Feedback: 0.82161
Received=	-0.51377
Feedback: 0.83436
Received=	-0.56392
Feedback: 0.89006
Received=	-0.60381
Feedback: 0.9
Received=	-0.50443
Feedback: 0.82399
Received=	-0.21231
Feedback: 0.49955
Received=	-0.29403
Feedback: 0.59031
Received=	0.072502
Feedback: 0.18323
Received=	0.067179
Feedback: 0.18914
Received=	0.14508
Feedback: 0.10262
Received=	-0.092146
Feedback: 0.36609
Received=	-0.45761
Feedback: 0.77199
Received=	-0.43504
Feedback: 0.74692
Received=	-0.48638
Feedback: 0.80394
Received=	-0.34734
Feedback: 0.64952
Received=	-0.057859
Feedback: 0.32801
Received=	-0.054913
Feedback: 0.32474
Received=	-0.18318
Feedback: 0.4672
Received=	-0.16162
Feedback: 0.44325
Received=	-0.49596
Feedback: 0.81458
Received=	-0.41624
Feedback: 0.72605
Received=	-0.28342
Feedback: 0.57852
Received=	-0.15954
Feedback: 0.44094
Received=	-0.15703
Feedback: 0.43815
Received=	-0.13892
Feedback: 0.41804
Received=	-0.34931
Feedback: 0.65171
Received=	-0.66279
Feedback: 0.9
Received=	-0.53617
Feedback: 0.85924
Received=	-0.49365
Feedback: 0.81201
Received=	-0.31736
Feedback: 0.61623
Received=	-0.277
Feedback: 0.5714
Received=	-0.4112
Feedback: 0.72045
Received=	-0.055868
Feedback: 0.3258
Received=	0.17464
Feedback: 0.1
Received=	-0.046398
Feedback: 0.31528
Received=	-0.36813
Feedback: 0.67261
Received=	-0.035046
Feedback: 0.30268
Received=	-0.19201
Feedback: 0.47701
Received=	-0.080498
Feedback: 0.35316
Received=	-0.094882
Feedback: 0.36913
Received=	-0.2988
Feedback: 0.59561
Received=	-0.62433
Feedback: 0.9
Calculated range:	[(-2.000000) - (2.000000)]
Success index = (-0.128494)
Received=	-0.54504
=====  12:27:20 - BASE  ============
Feedback: 0.66
Received=	0.064117
Feedback: 0.66
Received=	0.45948
Feedback: 0.66
Received=	0.61193
Feedback: 0.66
Received=	0.32244
Feedback: 0.66
Received=	-0.022674
Feedback: 0.66
Received=	-0.066185
Feedback: 0.66
Received=	0.062435
Feedback: 0.66
Received=	0.035024
Feedback: 0.66
Received=	-0.27044
Feedback: 0.66
Received=	-0.47814
Feedback: 0.66
Received=	-0.25317
Feedback: 0.66
Received=	-0.2074
Feedback: 0.66
Received=	-0.12446
Feedback: 0.66
Received=	-0.0067217
Feedback: 0.66
Received=	-0.034247
Feedback: 0.66
Received=	-0.2142
Feedback: 0.66
Received=	-0.276
Feedback: 0.66
Received=	-0.46828
Feedback: 0.66
Received=	-0.4032
Feedback: 0.66
Received=	-0.33092
=====  12:28:20 - NF  ============
Feedback: 0.6712
Received=	-0.20217
Feedback: 0.58537
Received=	-0.15125
Feedback: 0.55143
Received=	0.0052407
Feedback: 0.44711
Received=	-0.28588
Feedback: 0.64117
Received=	-0.31413
Feedback: 0.66001
Received=	-0.18014
Feedback: 0.57069
Received=	0.039205
Feedback: 0.42447
Received=	-0.2711
Feedback: 0.63133
Received=	-0.21202
Feedback: 0.59194
Received=	-0.3069
Feedback: 0.65519
Received=	-0.42507
Feedback: 0.73396
Received=	-0.31842
Feedback: 0.66287
Received=	-0.15252
Feedback: 0.55228
Received=	-0.15714
Feedback: 0.55536
Received=	-0.39581
Feedback: 0.71446
Received=	-0.36898
Feedback: 0.69657
Received=	-0.48074
Feedback: 0.77108
Received=	0.0039228
Feedback: 0.44799
Received=	-0.034648
Feedback: 0.4737
Received=	-0.098065
Feedback: 0.51597
Received=	-0.33814
Feedback: 0.67601
Received=	-0.13445
Feedback: 0.54023
Received=	-0.40184
Feedback: 0.71848
Received=	-0.27171
Feedback: 0.63173
Received=	-0.25302
Feedback: 0.61927
Received=	-0.18096
Feedback: 0.57123
Received=	-0.37195
Feedback: 0.69855
Received=	0.050138
Feedback: 0.41718
Received=	0.11522
Feedback: 0.3738
Received=	-0.11627
Feedback: 0.52811
Received=	0.0028509
Feedback: 0.4487
Received=	-0.015213
Feedback: 0.46074
Received=	-0.15322
Feedback: 0.55274
Received=	-0.38216
Feedback: 0.70536
Received=	-0.51577
Feedback: 0.79442
Received=	-0.48979
Feedback: 0.77711
Received=	-0.39154
Feedback: 0.71161
Received=	-0.38645
Feedback: 0.70822
Received=	-0.44595
Feedback: 0.74788
Received=	-0.11561
Feedback: 0.52767
Received=	0.056109
Feedback: 0.4132
Received=	-0.32334
Feedback: 0.66615
Received=	-0.41224
Feedback: 0.72541
Received=	-0.31182
Feedback: 0.65847
Received=	-0.39875
Feedback: 0.71642
Received=	-0.68163
Feedback: 0.9
Received=	-0.27496
Feedback: 0.6339
Received=	-0.26009
Feedback: 0.62399
Received=	-0.31461
Feedback: 0.66033
Received=	-0.57859
Feedback: 0.8363
Received=	-0.68361
Feedback: 0.9
Received=	-0.46036
Feedback: 0.75749
Received=	-0.49069
Feedback: 0.7777
Received=	-0.67102
Feedback: 0.89792
Received=	-0.36777
Feedback: 0.69576
Received=	-0.26713
Feedback: 0.62868
Received=	-0.24228
Feedback: 0.61211
Received=	-0.54484
Feedback: 0.81381
Received=	-0.39245
Feedback: 0.71222
Calculated range:	[(-2.000000) - (2.000000)]
Success index = (-0.979800)
Received=	-0.43199
=====  12:31:20 - BASE  ============
Feedback: 0.66
Received=	-0.37632
Feedback: 0.66
Received=	-0.29893
Feedback: 0.66
Received=	-0.23027
Feedback: 0.66
Received=	-0.26205
Feedback: 0.66
Received=	-0.37315
Feedback: 0.66
Received=	-0.30872
Feedback: 0.66
Received=	-0.057091
Feedback: 0.66
Received=	0.050306
Feedback: 0.66
Received=	-0.10216
Feedback: 0.66
Received=	-0.18792
Feedback: 0.66
Received=	-0.60722
Feedback: 0.66
Received=	-0.54778
Feedback: 0.66
Received=	-0.48506
Feedback: 0.66
Received=	-0.25077
Feedback: 0.66
Received=	-0.58485
Feedback: 0.66
Received=	-0.081288
Feedback: 0.66
Received=	-0.21621
Feedback: 0.66
Received=	-0.42083
Feedback: 0.66
Received=	-0.47431
Feedback: 0.66
Received=	-0.43292
=====  12:32:20 - NF  ============
Feedback: 0.63714
Received=	-0.3258
Feedback: 0.52482
Received=	-0.42718
Feedback: 0.63113
Received=	-0.59029
Feedback: 0.80215
Received=	-0.61444
Feedback: 0.82747
Received=	-0.46208
Feedback: 0.66772
Received=	-0.56486
Feedback: 0.77548
Received=	-0.43212
Feedback: 0.6363
Received=	-0.37367
Feedback: 0.57501
Received=	-0.52806
Feedback: 0.73689
Received=	-0.56977
Feedback: 0.78064
Received=	-0.54486
Feedback: 0.75451
Received=	-0.65392
Feedback: 0.86887
Received=	-0.51427
Feedback: 0.72244
Received=	-0.70033
Feedback: 0.9
Received=	-0.56391
Feedback: 0.77449
Received=	-0.39105
Feedback: 0.59324
Received=	-0.5333
Feedback: 0.7424
Received=	-0.57525
Feedback: 0.78638
Received=	-0.4916
Feedback: 0.69867
Received=	-0.59642
Feedback: 0.80858
Received=	-0.49403
Feedback: 0.70121
Received=	-0.66002
Feedback: 0.87526
Received=	-0.28257
Feedback: 0.47949
Received=	-0.32287
Feedback: 0.52175
Received=	-0.30978
Feedback: 0.50803
Received=	-0.53302
Feedback: 0.7421
Received=	-0.6526
Feedback: 0.86748
Received=	-0.58064
Feedback: 0.79203
Received=	-0.3896
Feedback: 0.59172
Received=	-0.4033
Feedback: 0.60608
Received=	-0.16143
Feedback: 0.35247
Received=	0.09015
Feedback: 0.1
Received=	-0.48496
Feedback: 0.69171
Received=	-0.67675
Feedback: 0.89281
Received=	-0.59943
Feedback: 0.81174
Received=	-0.86534
Feedback: 0.9
Received=	-0.026991
Feedback: 0.21151
Received=	-0.043973
Feedback: 0.22931
Received=	-0.88894
Feedback: 0.9
Received=	-1.1158
Feedback: 0.9
Received=	-0.91073
Feedback: 0.9
Received=	-0.38402
Feedback: 0.58586
Received=	0.10751
Feedback: 0.1
Received=	-0.45888
Feedback: 0.66436
Received=	-0.73327
Feedback: 0.9
Received=	-0.7399
Feedback: 0.9
Received=	-0.39151
Feedback: 0.59372
Received=	-0.37743
Feedback: 0.57896
Received=	-0.49858
Feedback: 0.70599
Received=	-0.2755
Feedback: 0.47208
Received=	-0.20509
Feedback: 0.39825
Received=	-0.61784
Feedback: 0.83104
Received=	-0.87992
Feedback: 0.9
Received=	-0.77168
Feedback: 0.9
Received=	-0.79286
Feedback: 0.9
Received=	-0.53875
Feedback: 0.74811
Received=	-0.43678
Feedback: 0.64119
Received=	-0.64663
Feedback: 0.86122
Received=	-0.7188
Feedback: 0.9
Calculated range:	[(-2.000000) - (2.000000)]
Success index = (-0.928304)
Received=	-0.90726
=====  12:35:20 - BASE  ============
Feedback: 0.66
Received=	-0.56216
Feedback: 0.66
Received=	-0.27458
Feedback: 0.66
Received=	-0.37267
Feedback: 0.66
Received=	-0.60091
Feedback: 0.66
Received=	-0.73252
Feedback: 0.66
Received=	-0.57247
Feedback: 0.66
Received=	-0.8411
Feedback: 0.66
Received=	-0.35433
Feedback: 0.66
Received=	-0.4661
Feedback: 0.66
Received=	-0.5086
Feedback: 0.66
Received=	-0.23829
Feedback: 0.66
Received=	-0.36937
Feedback: 0.66
Received=	-0.46321
Feedback: 0.66
Received=	-0.27497
Feedback: 0.66
Received=	-0.44671
Feedback: 0.66
Received=	-0.75449
Feedback: 0.66
Received=	-0.57094
Feedback: 0.66
Received=	-0.50374
Feedback: 0.66
Received=	-0.57311
Feedback: 0.66
Received=	-0.61631
=====  12:36:20 - NF  ============
Feedback: 0.64231
Received=	-0.5264
Feedback: 0.53644
Received=	-0.58788
Feedback: 0.60883
Received=	-0.71085
Feedback: 0.75362
Received=	-0.19079
Feedback: 0.14128
Received=	0.13122
Feedback: 0.1
Received=	-0.33655
Feedback: 0.31291
Received=	-0.67226
Feedback: 0.70818
Received=	-0.57216
Feedback: 0.59032
Received=	-0.48931
Feedback: 0.49277
Received=	-0.37511
Feedback: 0.35831
Received=	-0.49395
Feedback: 0.49823
Received=	-0.24903
Feedback: 0.20986
Received=	-0.26573
Feedback: 0.22951
Received=	-0.48782
Feedback: 0.49101
Received=	-0.52591
Feedback: 0.53586
Received=	-0.52523
Feedback: 0.53507
Received=	-0.3932
Feedback: 0.37961
Received=	-0.50668
Feedback: 0.51323
Received=	-0.43504
Feedback: 0.42888
Received=	-0.32848
Feedback: 0.3034
Received=	-0.35448
Feedback: 0.33401
Received=	-0.50246
Feedback: 0.50826
Received=	-0.4364
Feedback: 0.43047
Received=	-0.27396
Feedback: 0.2392
Received=	-0.46645
Feedback: 0.46585
Received=	-0.5284
Feedback: 0.53879
Received=	-0.36969
Feedback: 0.35193
Received=	-0.22973
Feedback: 0.18713
Received=	-0.39472
Feedback: 0.3814
Received=	-0.5299
Feedback: 0.54056
Received=	-0.64459
Feedback: 0.6756
Received=	-0.51623
Feedback: 0.52447
Received=	-0.41357
Feedback: 0.40359
Received=	-1.0249
Feedback: 0.9
Received=	-1.1367
Feedback: 0.9
Received=	-0.79319
Feedback: 0.85057
Received=	-0.65565
Feedback: 0.68862
Received=	-0.52147
Feedback: 0.53063
Received=	-0.59581
Feedback: 0.61816
Received=	-0.76356
Feedback: 0.81568
Received=	-0.73532
Feedback: 0.78243
Received=	-0.28865
Feedback: 0.25651
Received=	-0.26408
Feedback: 0.22757
Received=	-0.66678
Feedback: 0.70173
Received=	-0.89209
Feedback: 0.9
Received=	-1.0017
Feedback: 0.9
Received=	-0.68998
Feedback: 0.72904
Received=	-0.56713
Feedback: 0.5844
Received=	-0.64091
Feedback: 0.67127
Received=	-0.69776
Feedback: 0.73821
Received=	-0.7409
Feedback: 0.78901
Received=	-0.55307
Feedback: 0.56784
Received=	-0.61508
Feedback: 0.64085
Received=	-0.99555
Feedback: 0.9
Received=	-0.82145
Feedback: 0.88385
Received=	-0.46837
Feedback: 0.46812
Received=	-0.53281
Feedback: 0.54399
Received=	-0.3981
Feedback: 0.38537
Received=	-0.72817
Feedback: 0.77402
Calculated range:	[(-2.000000) - (2.000000)]
Success index = (-0.227475)
Received=	-0.83674
=====  12:39:20 - BASE  ============
Feedback: 0.66
Received=	-0.4522
Feedback: 0.66
Received=	-0.18268
Feedback: 0.66
Received=	-0.022232
Feedback: 0.66
Received=	-0.2089
Feedback: 0.66
Received=	-0.060243
Feedback: 0.66
Received=	-0.11779
Feedback: 0.66
Received=	-0.70218
Feedback: 0.66
Received=	-0.73993
Feedback: 0.66
Received=	-0.61653
Feedback: 0.66
Received=	-0.21824
Feedback: 0.66
Received=	-0.24593
Feedback: 0.66
Received=	-0.38559
Feedback: 0.66
Received=	-0.52949
Feedback: 0.66
Received=	-0.36006
Feedback: 0.66
Received=	-0.43149
Feedback: 0.66
Received=	-0.55291
Feedback: 0.66
Received=	-0.92248
Feedback: 0.66
Received=	-0.70593
Feedback: 0.66
Received=	-0.73653
Feedback: 0.66
Received=	-0.78566
=====  12:40:20 - NF  ============
Feedback: 0.76355
Received=	-0.60568
Feedback: 0.6302
Received=	-0.54173
Feedback: 0.58282
Received=	-0.62443
Feedback: 0.64409
Received=	-0.6648
Feedback: 0.674
Received=	-0.98155
Feedback: 0.9
Received=	-0.74293
Feedback: 0.73189
Received=	-0.59783
Feedback: 0.62439
Received=	-0.28911
Feedback: 0.39564
Received=	-0.20204
Feedback: 0.33114
Received=	-0.71781
Feedback: 0.71328
Received=	-0.77363
Feedback: 0.75464
Received=	-0.70238
Feedback: 0.70185
Received=	-0.76051
Feedback: 0.74492
Received=	-1.0129
Feedback: 0.9
Received=	-0.93032
Feedback: 0.87073
Received=	-0.38442
Feedback: 0.46627
Received=	-0.27365
Feedback: 0.38419
Received=	-0.45602
Feedback: 0.51931
Received=	-0.59015
Feedback: 0.6187
Received=	-0.52252
Feedback: 0.56858
Received=	-0.5207
Feedback: 0.56724
Received=	-0.71724
Feedback: 0.71286
Received=	-0.54669
Feedback: 0.5865
Received=	-0.6658
Feedback: 0.67475
Received=	-0.63964
Feedback: 0.65536
Received=	-0.45669
Feedback: 0.51981
Received=	-0.60707
Feedback: 0.63123
Received=	-0.52569
Feedback: 0.57093
Received=	-0.38454
Feedback: 0.46635
Received=	-0.65908
Feedback: 0.66977
Received=	-0.59113
Feedback: 0.61942
Received=	-0.52706
Feedback: 0.57195
Received=	-0.60721
Feedback: 0.63134
Received=	-0.43184
Feedback: 0.5014
Received=	-0.19749
Feedback: 0.32777
Received=	-0.65726
Feedback: 0.66842
Received=	-0.93944
Feedback: 0.87749
Received=	-0.74743
Feedback: 0.73523
Received=	-0.94516
Feedback: 0.88173
Received=	-0.67624
Feedback: 0.68248
Received=	-0.63275
Feedback: 0.65026
Received=	-0.80481
Feedback: 0.77774
Received=	-0.59335
Feedback: 0.62106
Received=	-0.26242
Feedback: 0.37587
Received=	-0.51469
Feedback: 0.56279
Received=	-0.6103
Feedback: 0.63362
Received=	-0.51086
Feedback: 0.55995
Received=	-0.54828
Feedback: 0.58767
Received=	-0.42545
Feedback: 0.49666
Received=	-0.42575
Feedback: 0.49689
Received=	-0.64662
Feedback: 0.66054
Received=	-0.68044
Feedback: 0.68559
Received=	-0.94114
Feedback: 0.87875
Received=	-1.0256
Feedback: 0.9
Received=	-0.79885
Feedback: 0.77333
Received=	-0.71405
Feedback: 0.7105
Received=	-0.69938
Feedback: 0.69963
Received=	-0.5679
Feedback: 0.60221
Received=	-0.60178
Feedback: 0.62731
Calculated range:	[(-2.000000) - (2.000000)]
Success index = (-0.909322)
closing...
