Direction=-1.000000	; step=1.000000;
Received=	0
Feedback: 0.66
Received=	0
Feedback: 0.66
Received=	0
Feedback: 0.66
Received=	0.21738
Feedback: 0.66
Received=	-0.085572
Feedback: 0.66
Received=	-0.11925
Feedback: 0.66
Received=	-0.010341
Feedback: 0.66
Received=	-0.080428
Feedback: 0.66
Received=	0.11489
Feedback: 0.66
Received=	-0.21602
Feedback: 0.66
Received=	-0.5174
Feedback: 0.66
Received=	-0.51369
Feedback: 0.66
Received=	-0.16943
Feedback: 0.66
Received=	-0.089396
Feedback: 0.66
Received=	0.019111
Feedback: 0.66
Received=	0.39519
Feedback: 0.66
Received=	0.69313
Feedback: 0.66
Received=	0.37647
Feedback: 0.66
Received=	0.018017
Feedback: 0.66
Received=	0.21502
Feedback: 0.66
Received=	-0.049935
=====  11:40:56 - NF  ============
Feedback: 0.54253
Received=	-0.090366
Feedback: 0.56952
Received=	-0.16077
Feedback: 0.61653
Received=	-0.1949
Feedback: 0.63932
Received=	-0.23241
Feedback: 0.66436
Received=	-0.073917
Feedback: 0.55854
Received=	0.03502
Feedback: 0.48581
Received=	0.0025904
Feedback: 0.50746
Received=	0.12271
Feedback: 0.42726
Received=	0.1411
Feedback: 0.41497
Received=	0.1189
Feedback: 0.4298
Received=	-0.063034
Feedback: 0.55127
Received=	-0.089397
Feedback: 0.56888
Received=	-0.035596
Feedback: 0.53295
Received=	0.33797
Feedback: 0.28353
Received=	0.011437
Feedback: 0.50155
Received=	-0.14145
Feedback: 0.60363
Received=	-0.15052
Feedback: 0.60969
Received=	-0.12852
Feedback: 0.595
Received=	-0.23278
Feedback: 0.66461
Received=	-0.36937
Feedback: 0.75581
Received=	0.051612
Feedback: 0.47473
Received=	0.042431
Feedback: 0.48086
Received=	-0.053123
Feedback: 0.54466
Received=	-0.00019207
Feedback: 0.50932
Received=	0.17851
Feedback: 0.39
Received=	0.13031
Feedback: 0.42218
Received=	-0.24965
Feedback: 0.67587
Received=	-0.32536
Feedback: 0.72642
Received=	-0.19066
Feedback: 0.63649
Received=	0.1916
Feedback: 0.38126
Received=	-0.093874
Feedback: 0.57187
Received=	-0.2793
Feedback: 0.69567
Received=	-0.19869
Feedback: 0.64185
Received=	0.29586
Feedback: 0.31165
Received=	0.57577
Feedback: 0.12476
Received=	0.13149
Feedback: 0.42139
Received=	-0.14804
Feedback: 0.60803
Received=	-0.36337
Feedback: 0.7518
Received=	-0.14184
Feedback: 0.60389
Received=	0.082843
Feedback: 0.45388
Received=	-0.00052058
Feedback: 0.50954
Received=	-0.259
Feedback: 0.68211
Received=	-0.22707
Feedback: 0.6608
Received=	-0.21042
Feedback: 0.64968
Received=	-0.28911
Feedback: 0.70222
Received=	-0.30173
Feedback: 0.71065
Received=	-0.089217
Feedback: 0.56876
Received=	-0.09366
Feedback: 0.57172
Received=	-0.13758
Feedback: 0.60105
Received=	0.02239
Feedback: 0.49424
Received=	0.31136
Feedback: 0.3013
Received=	-0.15671
Feedback: 0.61382
Received=	-0.23001
Feedback: 0.66276
Received=	-0.20963
Feedback: 0.64915
Received=	-0.05701
Feedback: 0.54725
Received=	0.076951
Feedback: 0.45781
Received=	0.11561
Feedback: 0.43199
Received=	0.057132
Feedback: 0.47104
Received=	0.2355
Feedback: 0.35195
Calculated range:	[(-2.000000) - (2.000000)]
Success index = (-0.300444)
Received=	-0.25253
=====  11:43:56 - BASE  ============
Feedback: 0.66
Received=	-0.24236
Feedback: 0.66
Received=	0.29089
Feedback: 0.66
Received=	0.20685
Feedback: 0.66
Received=	-0.011527
Feedback: 0.66
Received=	-0.083701
Feedback: 0.66
Received=	-0.051752
Feedback: 0.66
Received=	0.016752
Feedback: 0.66
Received=	0.49105
Feedback: 0.66
Received=	0.66612
Feedback: 0.66
Received=	0.2781
Feedback: 0.66
Received=	0.047257
Feedback: 0.66
Received=	0.30333
Feedback: 0.66
Received=	0.45326
Feedback: 0.66
Received=	0.35538
Feedback: 0.66
Received=	-0.017197
Feedback: 0.66
Received=	-0.1617
Feedback: 0.66
Received=	-0.25038
Feedback: 0.66
Received=	-0.17926
Feedback: 0.66
Received=	-0.22887
Feedback: 0.66
Received=	0.030924
=====  11:44:56 - NF  ============
Feedback: 0.56429
Received=	-0.031112
Feedback: 0.61007
Received=	-0.24162
Feedback: 0.76542
Received=	-0.25783
Feedback: 0.77738
Received=	-0.14307
Feedback: 0.69269
Received=	-0.31534
Feedback: 0.81982
Received=	-0.293
Feedback: 0.80334
Received=	-0.34237
Feedback: 0.83977
Received=	-0.3697
Feedback: 0.85994
Received=	-0.17472
Feedback: 0.71605
Received=	0.070572
Feedback: 0.53503
Received=	-0.0086291
Feedback: 0.59348
Received=	-0.084559
Feedback: 0.64951
Received=	-0.11219
Feedback: 0.6699
Received=	-0.13084
Feedback: 0.68366
Received=	0.18675
Feedback: 0.44929
Received=	0.68067
Feedback: 0.1
Received=	0.64722
Feedback: 0.10946
Received=	0.35991
Feedback: 0.3215
Received=	-0.10046
Feedback: 0.66124
Received=	-0.022347
Feedback: 0.6036
Received=	-0.017096
Feedback: 0.59973
Received=	-0.25162
Feedback: 0.7728
Received=	-0.4537
Feedback: 0.9
Received=	-0.41122
Feedback: 0.89058
Received=	-0.063154
Feedback: 0.63372
Received=	0.027858
Feedback: 0.56655
Received=	-0.21595
Feedback: 0.74648
Received=	-0.15809
Feedback: 0.70378
Received=	-0.23558
Feedback: 0.76096
Received=	-0.30628
Feedback: 0.81314
Received=	-0.38474
Feedback: 0.87105
Received=	-0.48077
Feedback: 0.9
Received=	-0.45721
Feedback: 0.9
Received=	-0.29853
Feedback: 0.80742
Received=	-0.097534
Feedback: 0.65909
Received=	-0.18381
Feedback: 0.72276
Received=	-0.47768
Feedback: 0.9
Received=	-0.32524
Feedback: 0.82713
Received=	-0.068354
Feedback: 0.63755
Received=	0.057153
Feedback: 0.54493
Received=	-0.12887
Feedback: 0.68221
Received=	-0.0096455
Feedback: 0.59423
Received=	-0.23002
Feedback: 0.75686
Received=	-0.2942
Feedback: 0.80423
Received=	-0.18579
Feedback: 0.72422
Received=	-0.060349
Feedback: 0.63165
Received=	-0.16044
Feedback: 0.70551
Received=	-0.18539
Feedback: 0.72393
Received=	-0.2302
Feedback: 0.75699
Received=	-0.30871
Feedback: 0.81493
Received=	-0.44835
Feedback: 0.9
Received=	-0.45968
Feedback: 0.9
Received=	-0.0079815
Feedback: 0.593
Received=	0.045242
Feedback: 0.55372
Received=	-0.27821
Feedback: 0.79242
Received=	-0.40322
Feedback: 0.88468
Received=	-0.33651
Feedback: 0.83545
Received=	-0.34218
Feedback: 0.83963
Received=	-0.036733
Feedback: 0.61422
Calculated range:	[(-2.141479) - (1.858521)]
Success index = (-1.141479)
Received=	0.18052
=====  11:47:56 - BASE  ============
Feedback: 0.66
Received=	0.55213
Feedback: 0.66
Received=	0.61377
Feedback: 0.66
Received=	0.17051
Feedback: 0.66
Received=	-0.11779
Feedback: 0.66
Received=	-0.26604
Feedback: 0.66
Received=	-0.069952
Feedback: 0.66
Received=	-0.14585
Feedback: 0.66
Received=	-0.061957
Feedback: 0.66
Received=	0.13059
Feedback: 0.66
Received=	0.52113
Feedback: 0.66
Received=	0.72968
Feedback: 0.66
Received=	0.19385
Feedback: 0.66
Received=	0.043012
Feedback: 0.66
Received=	0.02672
Feedback: 0.66
Received=	-0.33931
Feedback: 0.66
Received=	-0.43531
Feedback: 0.66
Received=	-0.53832
Feedback: 0.66
Received=	-0.32466
Feedback: 0.66
Received=	-0.23416
Feedback: 0.66
Received=	0.013555
=====  11:48:56 - NF  ============
Feedback: 0.46079
Received=	0.42186
Feedback: 0.2304
Received=	0.21773
Feedback: 0.34558
Received=	-0.10729
Feedback: 0.52898
Received=	-0.22161
Feedback: 0.59349
Received=	-0.1588
Feedback: 0.55805
Received=	-0.040803
Feedback: 0.49146
Received=	-0.19859
Feedback: 0.5805
Received=	-0.1987
Feedback: 0.58056
Received=	-0.16258
Feedback: 0.56018
Received=	-0.043351
Feedback: 0.4929
Received=	0.078217
Feedback: 0.42431
Received=	0.054447
Feedback: 0.43772
Received=	0.10995
Feedback: 0.4064
Received=	-0.27613
Feedback: 0.62425
Received=	-0.47544
Feedback: 0.73672
Received=	-0.28426
Feedback: 0.62884
Received=	-0.23494
Feedback: 0.60101
Received=	-0.29472
Feedback: 0.63474
Received=	-0.16352
Feedback: 0.56071
Received=	-0.20266
Feedback: 0.58279
Received=	-0.043222
Feedback: 0.49283
Received=	-0.033405
Feedback: 0.48729
Received=	-0.031035
Feedback: 0.48595
Received=	0.028261
Feedback: 0.45249
Received=	0.097028
Feedback: 0.41369
Received=	-0.20002
Feedback: 0.5813
Received=	-0.58674
Feedback: 0.79952
Received=	-0.43063
Feedback: 0.71143
Received=	-0.047469
Feedback: 0.49523
Received=	-0.1756
Feedback: 0.56753
Received=	-0.36502
Feedback: 0.67441
Received=	-0.31048
Feedback: 0.64364
Received=	-0.23666
Feedback: 0.60198
Received=	-0.18575
Feedback: 0.57325
Received=	-0.23213
Feedback: 0.59943
Received=	-0.25513
Feedback: 0.6124
Received=	-0.089775
Feedback: 0.5191
Received=	-0.10508
Feedback: 0.52774
Received=	-0.18646
Feedback: 0.57366
Received=	-0.50165
Feedback: 0.7515
Received=	-0.58952
Feedback: 0.80109
Received=	-0.45555
Feedback: 0.72549
Received=	-0.20932
Feedback: 0.58655
Received=	-0.10481
Feedback: 0.52758
Received=	-0.070545
Feedback: 0.50825
Received=	-0.25721
Feedback: 0.61358
Received=	-0.24084
Feedback: 0.60434
Received=	-0.25532
Feedback: 0.61251
Received=	0.079706
Feedback: 0.42347
Received=	-0.11703
Feedback: 0.53448
Received=	-0.24167
Feedback: 0.60481
Received=	0.077889
Feedback: 0.42449
Received=	0.087835
Feedback: 0.41888
Received=	-0.15295
Feedback: 0.55474
Received=	-0.21453
Feedback: 0.58949
Received=	-0.11805
Feedback: 0.53505
Received=	-0.38226
Feedback: 0.68414
Received=	-0.28392
Feedback: 0.62865
Received=	-0.27241
Feedback: 0.62215
Calculated range:	[(-2.000000) - (2.000000)]
Success index = (-0.694581)
Received=	-0.50792
=====  11:51:56 - BASE  ============
Feedback: 0.66
Received=	-0.55292
Feedback: 0.66
Received=	-0.3944
Feedback: 0.66
Received=	-0.33002
Feedback: 0.66
Received=	-0.33126
Feedback: 0.66
Received=	0.12079
Feedback: 0.66
Received=	0.089079
Feedback: 0.66
Received=	0.020367
Feedback: 0.66
Received=	-0.30798
Feedback: 0.66
Received=	-0.10152
Feedback: 0.66
Received=	-0.3051
Feedback: 0.66
Received=	-0.1479
Feedback: 0.66
Received=	0.048176
Feedback: 0.66
Received=	0.14807
Feedback: 0.66
Received=	-0.097155
Feedback: 0.66
Received=	-0.42648
Feedback: 0.66
Received=	-0.45429
Feedback: 0.66
Received=	-0.11001
Feedback: 0.66
Received=	-0.098406
Feedback: 0.66
Received=	-0.38754
Feedback: 0.66
Received=	-0.49135
=====  11:52:56 - NF  ============
Feedback: 0.81892
Received=	0.032335
Feedback: 0.29869
Received=	0.21439
Feedback: 0.11784
Received=	-0.028879
Feedback: 0.3595
Received=	-0.32063
Feedback: 0.64933
Received=	-0.4245
Feedback: 0.75251
Received=	-0.37468
Feedback: 0.70302
Received=	-0.23328
Feedback: 0.56256
Received=	0.15757
Feedback: 0.17429
Received=	0.36608
Feedback: 0.1
Received=	-0.018956
Feedback: 0.34965
Received=	-0.22103
Feedback: 0.55038
Received=	-0.24037
Feedback: 0.5696
Received=	-0.34534
Feedback: 0.67388
Received=	-0.44034
Feedback: 0.76825
Received=	-0.17262
Feedback: 0.5023
Received=	-0.30746
Feedback: 0.63624
Received=	-0.43995
Feedback: 0.76786
Received=	-0.24067
Feedback: 0.56989
Received=	-0.058415
Feedback: 0.38884
Received=	-0.008084
Feedback: 0.33885
Received=	0.020127
Feedback: 0.31082
Received=	-0.21619
Feedback: 0.54558
Received=	-0.35312
Feedback: 0.6816
Received=	-0.34991
Feedback: 0.67841
Received=	-0.17784
Feedback: 0.50748
Received=	-0.17044
Feedback: 0.50013
Received=	-0.056727
Feedback: 0.38717
Received=	-0.1214
Feedback: 0.45141
Received=	-0.24419
Feedback: 0.5734
Received=	-0.32453
Feedback: 0.6532
Received=	-0.023005
Feedback: 0.35367
Received=	0.32633
Feedback: 0.1
Received=	0.30922
Feedback: 0.1
Received=	-0.027757
Feedback: 0.35839
Received=	-0.085286
Feedback: 0.41554
Received=	-0.067799
Feedback: 0.39817
Received=	-0.0067984
Feedback: 0.33757
Received=	-0.52009
Feedback: 0.84747
Received=	-0.55912
Feedback: 0.88624
Received=	-0.39459
Feedback: 0.7228
Received=	-0.25887
Feedback: 0.58798
Received=	-0.29262
Feedback: 0.6215
Received=	-0.38383
Feedback: 0.71211
Received=	-0.13868
Feedback: 0.46858
Received=	-0.1507
Feedback: 0.48052
Received=	-0.083802
Feedback: 0.41406
Received=	-0.27032
Feedback: 0.59935
Received=	-0.41825
Feedback: 0.74631
Received=	-0.34235
Feedback: 0.6709
Received=	-0.51062
Feedback: 0.83806
Received=	-0.29991
Feedback: 0.62875
Received=	0.13039
Feedback: 0.20129
Received=	0.2377
Feedback: 0.1
Received=	-0.16768
Feedback: 0.49739
Received=	-0.3199
Feedback: 0.6486
Received=	-0.24264
Feedback: 0.57185
Received=	-0.033498
Feedback: 0.36409
Received=	0.27121
Feedback: 0.1
Received=	0.032393
Feedback: 0.29864
Calculated range:	[(-2.000000) - (2.000000)]
Success index = (0.025586)
Received=	-0.086248
=====  11:55:56 - BASE  ============
Feedback: 0.66
Received=	-0.059153
Feedback: 0.66
Received=	-0.14052
Feedback: 0.66
Received=	-0.34999
Feedback: 0.66
Received=	-0.46553
Feedback: 0.66
Received=	-0.20374
Feedback: 0.66
Received=	-0.41406
Feedback: 0.66
Received=	-0.1122
Feedback: 0.66
Received=	-0.051224
Feedback: 0.66
Received=	-0.2706
Feedback: 0.66
Received=	-0.29698
Feedback: 0.66
Received=	-0.087122
Feedback: 0.66
Received=	0.063324
Feedback: 0.66
Received=	0.24413
Feedback: 0.66
Received=	-0.018098
Feedback: 0.66
Received=	0.18774
Feedback: 0.66
Received=	0.35386
Feedback: 0.66
Received=	0.034877
Feedback: 0.66
Received=	0.12643
Feedback: 0.66
Received=	0.096444
Feedback: 0.66
Received=	-0.012503
=====  11:56:56 - NF  ============
Feedback: 0.4483
Received=	-0.1359
Feedback: 0.55481
Received=	0.23304
Feedback: 0.23635
Received=	0.043791
Feedback: 0.39971
Received=	-0.32349
Feedback: 0.71673
Received=	-0.13692
Feedback: 0.55569
Received=	-0.084402
Feedback: 0.51036
Received=	0.068529
Feedback: 0.37835
Received=	-0.18848
Feedback: 0.60019
Received=	-0.35462
Feedback: 0.7436
Received=	-0.15319
Feedback: 0.56973
Received=	-0.10531
Feedback: 0.5284
Received=	-0.35748
Feedback: 0.74606
Received=	-0.28798
Feedback: 0.68608
Received=	0.2408
Feedback: 0.22965
Received=	0.082215
Feedback: 0.36654
Received=	-0.22131
Feedback: 0.62853
Received=	-0.33212
Feedback: 0.72418
Received=	-0.28049
Feedback: 0.67961
Received=	-0.31539
Feedback: 0.70974
Received=	-0.20988
Feedback: 0.61867
Received=	-0.31284
Feedback: 0.70754
Received=	-0.39579
Feedback: 0.77913
Received=	-0.42673
Feedback: 0.80584
Received=	-0.33819
Feedback: 0.72942
Received=	-0.15792
Feedback: 0.57381
Received=	-0.020627
Feedback: 0.45531
Received=	-0.26576
Feedback: 0.6669
Received=	-0.39136
Feedback: 0.77532
Received=	-0.30124
Feedback: 0.69753
Received=	-0.287
Feedback: 0.68523
Received=	-0.37254
Feedback: 0.75907
Received=	-0.41406
Feedback: 0.79491
Received=	-0.16085
Feedback: 0.57634
Received=	-0.18255
Feedback: 0.59508
Received=	-0.45855
Feedback: 0.83331
Received=	-0.46314
Feedback: 0.83727
Received=	-0.10812
Feedback: 0.53083
Received=	0.50919
Feedback: 0.1
Received=	0.33528
Feedback: 0.1481
Received=	-0.27322
Feedback: 0.67334
Received=	-0.30354
Feedback: 0.69951
Received=	-0.33255
Feedback: 0.72455
Received=	-0.3571
Feedback: 0.74574
Received=	-0.26148
Feedback: 0.66321
Received=	-0.12842
Feedback: 0.54835
Received=	-0.16505
Feedback: 0.57997
Received=	-0.46623
Feedback: 0.83994
Received=	-0.28153
Feedback: 0.68051
Received=	-0.20771
Feedback: 0.61679
Received=	-0.16321
Feedback: 0.57838
Received=	-0.37526
Feedback: 0.76142
Received=	-0.54533
Feedback: 0.9
Received=	-0.35664
Feedback: 0.74534
Received=	0.062678
Feedback: 0.3834
Received=	0.23497
Feedback: 0.23469
Received=	0.13398
Feedback: 0.32186
Received=	0.075886
Feedback: 0.372
Received=	-0.024545
Feedback: 0.45869
Received=	-0.30471
Feedback: 0.70052
Calculated range:	[(-2.000000) - (2.000000)]
Success index = (-0.508671)
closing...
