Direction=-1.000000	; step=1.000000;
Received=	0
Feedback: 0.66
Received=	0
Feedback: 0.66
Received=	0
Feedback: 0.66
Received=	-0.15654
Feedback: 0.66
Received=	-0.16855
Feedback: 0.66
Received=	0.11353
Feedback: 0.66
Received=	-0.26015
Feedback: 0.66
Received=	-0.53711
Feedback: 0.66
Received=	-0.4519
Feedback: 0.66
Received=	-0.432
Feedback: 0.66
Received=	-0.38153
Feedback: 0.66
Received=	-0.25271
Feedback: 0.66
Received=	0.13592
Feedback: 0.66
Received=	-0.063194
Feedback: 0.66
Received=	-0.22771
Feedback: 0.66
Received=	-0.26836
Feedback: 0.66
Received=	-0.028412
Feedback: 0.66
Received=	0.12564
Feedback: 0.66
Received=	0.43093
Feedback: 0.66
Received=	0.23033
Feedback: 0.66
Received=	-0.23421
=====  12:19:41 - NF  ============
Feedback: 0.5862
Received=	-0.23607
Feedback: 0.58762
Received=	-0.038354
Feedback: 0.43605
Received=	-0.17804
Feedback: 0.54314
Received=	-0.28088
Feedback: 0.62198
Received=	-0.14814
Feedback: 0.52022
Received=	-0.15673
Feedback: 0.52681
Received=	-0.24853
Feedback: 0.59718
Received=	-0.36548
Feedback: 0.68684
Received=	-0.32195
Feedback: 0.65347
Received=	-0.3745
Feedback: 0.69375
Received=	-0.29065
Feedback: 0.62947
Received=	-0.17895
Feedback: 0.54384
Received=	-0.29339
Feedback: 0.63157
Received=	-0.1403
Feedback: 0.5142
Received=	-0.26929
Feedback: 0.61309
Received=	-0.20437
Feedback: 0.56332
Received=	-0.33702
Feedback: 0.66502
Received=	-0.38186
Feedback: 0.6994
Received=	-0.48313
Feedback: 0.77703
Received=	-0.26839
Feedback: 0.6124
Received=	-0.42251
Feedback: 0.73056
Received=	-0.44366
Feedback: 0.74677
Received=	-0.3683
Feedback: 0.689
Received=	-0.451
Feedback: 0.75239
Received=	-0.33375
Feedback: 0.66251
Received=	-0.45096
Feedback: 0.75237
Received=	-0.43075
Feedback: 0.73687
Received=	-0.31367
Feedback: 0.64712
Received=	-0.40791
Feedback: 0.71936
Received=	-0.38853
Feedback: 0.7045
Received=	-0.55995
Feedback: 0.83592
Received=	-0.70827
Feedback: 0.9
Received=	-0.34605
Feedback: 0.67194
Received=	-0.36618
Feedback: 0.68737
Received=	-0.30583
Feedback: 0.6411
Received=	-0.3005
Feedback: 0.63702
Received=	-0.33256
Feedback: 0.6616
Received=	-0.40067
Feedback: 0.71382
Received=	-0.49404
Feedback: 0.78539
Received=	-0.23075
Feedback: 0.58355
Received=	-0.19059
Feedback: 0.55276
Received=	-0.49889
Feedback: 0.78911
Received=	-0.6299
Feedback: 0.88955
Received=	-0.69404
Feedback: 0.9
Received=	-0.59722
Feedback: 0.86449
Received=	-0.58392
Feedback: 0.8543
Received=	-0.67298
Feedback: 0.9
Received=	-0.67276
Feedback: 0.9
Received=	-0.7585
Feedback: 0.9
Received=	-0.47823
Feedback: 0.77327
Received=	-0.29928
Feedback: 0.63608
Received=	-0.2428
Feedback: 0.59278
Received=	-0.42897
Feedback: 0.73551
Received=	-0.47326
Feedback: 0.76946
Received=	-0.57192
Feedback: 0.8451
Received=	-0.53238
Feedback: 0.81479
Received=	-0.4162
Feedback: 0.72572
Received=	-0.15066
Feedback: 0.52215
Received=	-0.21557
Feedback: 0.57191
Calculated range:	[(-2.383128) - (1.616872)]
Success index = (-1.383128)
Received=	-0.3939
=====  12:22:41 - BASE  ============
Feedback: 0.66
Received=	-0.52984
Feedback: 0.66
Received=	-0.6373
Feedback: 0.66
Received=	-0.57696
Feedback: 0.66
Received=	-0.44816
Feedback: 0.66
Received=	-0.46147
Feedback: 0.66
Received=	-0.27718
Feedback: 0.66
Received=	-0.19577
Feedback: 0.66
Received=	-0.29059
Feedback: 0.66
Received=	-0.096242
Feedback: 0.66
Received=	-0.085208
Feedback: 0.66
Received=	-0.14571
Feedback: 0.66
Received=	-0.056252
Feedback: 0.66
Received=	-0.18486
Feedback: 0.66
Received=	0.061153
Feedback: 0.66
Received=	0.12209
Feedback: 0.66
Received=	-0.17478
Feedback: 0.66
Received=	-0.5305
Feedback: 0.66
Received=	-0.55708
Feedback: 0.66
Received=	-0.45021
Feedback: 0.66
Received=	-0.39023
=====  12:23:41 - NF  ============
Feedback: 0.52236
Received=	-0.466
Feedback: 0.58857
Received=	-0.37519
Feedback: 0.50922
Received=	-0.36828
Feedback: 0.50318
Received=	-0.38332
Feedback: 0.51632
Received=	-0.65808
Feedback: 0.75641
Received=	-0.62985
Feedback: 0.73175
Received=	-0.49925
Feedback: 0.61762
Received=	-0.41323
Feedback: 0.54246
Received=	-0.33511
Feedback: 0.4742
Received=	-0.17957
Feedback: 0.33829
Received=	-0.30681
Feedback: 0.44947
Received=	-0.33574
Feedback: 0.47475
Received=	-0.32076
Feedback: 0.46166
Received=	-0.41993
Feedback: 0.54832
Received=	-0.5256
Feedback: 0.64065
Received=	-0.64672
Feedback: 0.74648
Received=	-0.58677
Feedback: 0.6941
Received=	-0.5294
Feedback: 0.64397
Received=	-0.56632
Feedback: 0.67623
Received=	-0.395
Feedback: 0.52653
Received=	-0.13017
Feedback: 0.29512
Received=	-0.23699
Feedback: 0.38846
Received=	-0.40355
Feedback: 0.534
Received=	-0.31058
Feedback: 0.45277
Received=	-0.4339
Feedback: 0.56052
Received=	-0.50946
Feedback: 0.62654
Received=	-0.41668
Feedback: 0.54548
Received=	-0.33167
Feedback: 0.4712
Received=	-0.40377
Feedback: 0.5342
Received=	-0.45192
Feedback: 0.57626
Received=	-0.48743
Feedback: 0.60729
Received=	-0.5321
Feedback: 0.64633
Received=	-0.50986
Feedback: 0.6269
Received=	-0.52531
Feedback: 0.6404
Received=	-0.66931
Feedback: 0.76622
Received=	-0.73865
Feedback: 0.82682
Received=	-0.72943
Feedback: 0.81875
Received=	-0.46982
Feedback: 0.59191
Received=	-0.52098
Feedback: 0.63661
Received=	-0.61752
Feedback: 0.72097
Received=	-0.61556
Feedback: 0.71926
Received=	-0.69353
Feedback: 0.78739
Received=	-0.61902
Feedback: 0.72228
Received=	-0.64574
Feedback: 0.74563
Received=	-0.66403
Feedback: 0.76161
Received=	-0.50013
Feedback: 0.61839
Received=	-0.32459
Feedback: 0.46501
Received=	-0.49049
Feedback: 0.60997
Received=	-0.65923
Feedback: 0.75742
Received=	-0.5796
Feedback: 0.68783
Received=	-0.54735
Feedback: 0.65965
Received=	-0.42572
Feedback: 0.55337
Received=	-0.46711
Feedback: 0.58954
Received=	-0.56594
Feedback: 0.6759
Received=	-0.60105
Feedback: 0.70657
Received=	-0.47993
Feedback: 0.60074
Received=	-0.53111
Feedback: 0.64546
Received=	-0.57239
Feedback: 0.68153
Received=	-0.40257
Feedback: 0.53314
Calculated range:	[(-2.343949) - (1.656051)]
Success index = (-1.343949)
Received=	-0.38038
=====  12:26:41 - BASE  ============
Feedback: 0.66
Received=	-0.52593
Feedback: 0.66
Received=	-0.69705
Feedback: 0.66
Received=	-0.66283
Feedback: 0.66
Received=	-0.77954
Feedback: 0.66
Received=	-0.79276
Feedback: 0.66
Received=	-0.90559
Feedback: 0.66
Received=	-0.73224
Feedback: 0.66
Received=	-0.81392
Feedback: 0.66
Received=	-0.63618
Feedback: 0.66
Received=	-0.46145
Feedback: 0.66
Received=	-0.65086
Feedback: 0.66
Received=	-0.49776
Feedback: 0.66
Received=	-0.49351
Feedback: 0.66
Received=	-0.49304
Feedback: 0.66
Received=	-0.44498
Feedback: 0.66
Received=	-0.41076
Feedback: 0.66
Received=	-0.36029
Feedback: 0.66
Received=	-0.18012
Feedback: 0.66
Received=	-0.46426
Feedback: 0.66
Received=	-0.55698
=====  12:27:41 - NF  ============
Feedback: 0.40455
Received=	-0.24029
Feedback: 0.1
Received=	-0.36107
Feedback: 0.19632
Received=	-0.44632
Feedback: 0.28694
Received=	-0.34253
Feedback: 0.17662
Received=	-0.28022
Feedback: 0.1104
Received=	-0.42019
Feedback: 0.25917
Received=	-0.72324
Feedback: 0.58126
Received=	-0.58559
Feedback: 0.43496
Received=	-0.70196
Feedback: 0.55864
Received=	-0.66
Feedback: 0.51404
Received=	-0.46107
Feedback: 0.30261
Received=	-0.36666
Feedback: 0.20226
Received=	-0.33208
Feedback: 0.16551
Received=	-0.40051
Feedback: 0.23825
Received=	-0.42334
Feedback: 0.26251
Received=	-0.51349
Feedback: 0.35833
Received=	-0.52379
Feedback: 0.36927
Received=	-0.65958
Feedback: 0.5136
Received=	-0.7775
Feedback: 0.63893
Received=	-0.93228
Feedback: 0.80343
Received=	-0.56462
Feedback: 0.41267
Received=	-0.52635
Feedback: 0.37199
Received=	-0.70144
Feedback: 0.55809
Received=	-0.93411
Feedback: 0.80538
Received=	-1.2109
Feedback: 0.9
Received=	-1.1811
Feedback: 0.9
Received=	-1.0765
Feedback: 0.9
Received=	-1.0226
Feedback: 0.8994
Received=	-0.69033
Feedback: 0.54629
Received=	-0.68127
Feedback: 0.53666
Received=	-0.61266
Feedback: 0.46373
Received=	-0.57424
Feedback: 0.42289
Received=	-0.59637
Feedback: 0.44642
Received=	-0.85906
Feedback: 0.72562
Received=	-0.92056
Feedback: 0.79098
Received=	-0.66539
Feedback: 0.51978
Received=	-0.68893
Feedback: 0.54479
Received=	-1.032
Feedback: 0.9
Received=	-1.3891
Feedback: 0.9
Received=	-1.6582
Feedback: 0.9
Received=	-1.7067
Feedback: 0.9
Received=	-1.4389
Feedback: 0.9
Received=	-0.99042
Feedback: 0.86523
Received=	-0.64611
Feedback: 0.49928
Received=	-0.57385
Feedback: 0.42248
Received=	-0.49291
Feedback: 0.33645
Received=	-0.6539
Feedback: 0.50756
Received=	-0.65042
Feedback: 0.50386
Received=	-0.58537
Feedback: 0.43473
Received=	-0.6698
Feedback: 0.52446
Received=	-0.9903
Feedback: 0.8651
Received=	-1.3959
Feedback: 0.9
Received=	-1.4444
Feedback: 0.9
Received=	-1.1165
Feedback: 0.9
Received=	-0.86501
Feedback: 0.73194
Received=	-0.66981
Feedback: 0.52448
Received=	-0.7888
Feedback: 0.65095
Received=	-0.7221
Feedback: 0.58005
Received=	-0.5968
Feedback: 0.44687
Calculated range:	[(-2.000000) - (2.000000)]
Success index = (-0.569285)
Received=	-0.52442
=====  12:30:41 - BASE  ============
Feedback: 0.66
Received=	-0.40334
Feedback: 0.66
Received=	-0.44666
Feedback: 0.66
Received=	-0.57156
Feedback: 0.66
Received=	-0.70186
Feedback: 0.66
Received=	-0.72314
Feedback: 0.66
Received=	-0.73578
Feedback: 0.66
Received=	-0.69105
Feedback: 0.66
Received=	-0.68685
Feedback: 0.66
Received=	-0.71964
Feedback: 0.66
Received=	-0.75629
Feedback: 0.66
Received=	-0.79694
Feedback: 0.66
Received=	-0.96039
Feedback: 0.66
Received=	-0.94771
Feedback: 0.66
Received=	-0.81438
Feedback: 0.66
Received=	-0.69722
Feedback: 0.66
Received=	-0.90002
Feedback: 0.66
Received=	-1.0991
Feedback: 0.66
Received=	-1.0894
Feedback: 0.66
Received=	-0.9819
Feedback: 0.66
Received=	-1.0276
=====  12:31:41 - NF  ============
Feedback: 0.76952
Received=	-0.72529
Feedback: 0.41839
Received=	-0.70559
Feedback: 0.39551
Received=	-0.91524
Feedback: 0.63903
Received=	-1.0437
Feedback: 0.78826
Received=	-1.3113
Feedback: 0.9
Received=	-1.6685
Feedback: 0.9
Received=	-1.4442
Feedback: 0.9
Received=	-1.1559
Feedback: 0.9
Received=	-0.95383
Feedback: 0.68386
Received=	-0.91836
Feedback: 0.64266
Received=	-0.96596
Feedback: 0.69795
Received=	-0.88328
Feedback: 0.60191
Received=	-0.8625
Feedback: 0.57777
Received=	-0.79745
Feedback: 0.50221
Received=	-0.87968
Feedback: 0.59772
Received=	-1.0366
Feedback: 0.77996
Received=	-0.81281
Feedback: 0.52005
Received=	-0.87329
Feedback: 0.59031
Received=	-0.91571
Feedback: 0.63958
Received=	-0.72196
Feedback: 0.41452
Received=	-0.78956
Feedback: 0.49304
Received=	-0.82982
Feedback: 0.53982
Received=	-0.8779
Feedback: 0.59566
Received=	-0.85384
Feedback: 0.56772
Received=	-0.81011
Feedback: 0.51692
Received=	-0.67951
Feedback: 0.36522
Received=	-0.54182
Feedback: 0.20527
Received=	-0.62954
Feedback: 0.30717
Received=	-0.62753
Feedback: 0.30484
Received=	-0.77017
Feedback: 0.47052
Received=	-0.61498
Feedback: 0.29026
Received=	-0.71673
Feedback: 0.40845
Received=	-0.80471
Feedback: 0.51065
Received=	-0.75358
Feedback: 0.45125
Received=	-0.77067
Feedback: 0.47111
Received=	-0.84497
Feedback: 0.55741
Received=	-1.009
Feedback: 0.74791
Received=	-0.96285
Feedback: 0.69434
Received=	-0.69078
Feedback: 0.37831
Received=	-0.79169
Feedback: 0.49553
Received=	-0.70894
Feedback: 0.3994
Received=	-0.63791
Feedback: 0.3169
Received=	-0.53337
Feedback: 0.19546
Received=	-0.69554
Feedback: 0.38383
Received=	-0.70529
Feedback: 0.39516
Received=	-0.79308
Feedback: 0.49714
Received=	-1.0727
Feedback: 0.82195
Received=	-1.0624
Feedback: 0.80991
Received=	-0.75504
Feedback: 0.45295
Received=	-0.93847
Feedback: 0.66602
Received=	-1.1831
Feedback: 0.9
Received=	-1.4324
Feedback: 0.9
Received=	-1.56
Feedback: 0.9
Received=	-1.6963
Feedback: 0.9
Received=	-1.5065
Feedback: 0.9
Received=	-1.2831
Feedback: 0.9
Received=	-1.0211
Feedback: 0.76198
Received=	-1.2341
Feedback: 0.9
Received=	-1.4654
Feedback: 0.9
Calculated range:	[(-2.000000) - (2.000000)]
Success index = (-0.557779)
Received=	-1.2864
=====  12:34:41 - BASE  ============
Feedback: 0.66
Received=	-1.2124
Feedback: 0.66
Received=	-1.067
Feedback: 0.66
Received=	-1.1269
Feedback: 0.66
Received=	-1.2993
Feedback: 0.66
Received=	-1.5644
Feedback: 0.66
Received=	-1.4744
Feedback: 0.66
Received=	-1.2142
Feedback: 0.66
Received=	-1.0813
Feedback: 0.66
Received=	-0.60615
Feedback: 0.66
Received=	-0.53668
Feedback: 0.66
Received=	-0.43642
Feedback: 0.66
Received=	-0.2014
Feedback: 0.66
Received=	-0.27083
Feedback: 0.66
Received=	-0.55765
Feedback: 0.66
Received=	-0.41764
Feedback: 0.66
Received=	-0.30108
Feedback: 0.66
Received=	-0.12804
Feedback: 0.66
Received=	-0.026409
Feedback: 0.66
Received=	-0.35091
Feedback: 0.66
Received=	-0.3853
=====  12:35:41 - NF  ============
Feedback: 0.37097
Received=	-0.3758
Feedback: 0.36712
Received=	-0.37569
Feedback: 0.36707
Received=	-0.40514
Feedback: 0.37902
Received=	-0.66616
Feedback: 0.4849
Received=	-0.75332
Feedback: 0.52026
Received=	-0.64551
Feedback: 0.47653
Received=	-0.56442
Feedback: 0.44363
Received=	-0.66077
Feedback: 0.48272
Received=	-0.79566
Feedback: 0.53743
Received=	-0.68586
Feedback: 0.49289
Received=	-0.79094
Feedback: 0.53552
Received=	-0.99464
Feedback: 0.61815
Received=	-1.07
Feedback: 0.64871
Received=	-0.77857
Feedback: 0.5305
Received=	-0.7925
Feedback: 0.53615
Received=	-0.78328
Feedback: 0.53241
Received=	-0.83422
Feedback: 0.55308
Received=	-1.0206
Feedback: 0.62869
Received=	-0.94552
Feedback: 0.59823
Received=	-0.86655
Feedback: 0.56619
Received=	-0.81183
Feedback: 0.54399
Received=	-0.80571
Feedback: 0.54151
Received=	-0.87936
Feedback: 0.57139
Received=	-0.80604
Feedback: 0.54164
Received=	-0.83357
Feedback: 0.55281
Received=	-0.93977
Feedback: 0.59589
Received=	-1.0361
Feedback: 0.63496
Received=	-0.67849
Feedback: 0.48991
Received=	-0.5498
Feedback: 0.4377
Received=	-0.48529
Feedback: 0.41153
Received=	-0.63889
Feedback: 0.47384
Received=	-0.96642
Feedback: 0.6067
Received=	-0.95939
Feedback: 0.60385
Received=	-0.70229
Feedback: 0.49956
Received=	-0.77131
Feedback: 0.52756
Received=	-0.86683
Feedback: 0.56631
Received=	-0.97835
Feedback: 0.61154
Received=	-1.1742
Feedback: 0.69097
Received=	-1.4428
Feedback: 0.79995
Received=	-1.0979
Feedback: 0.66005
Received=	-0.91891
Feedback: 0.58743
Received=	-1.1523
Feedback: 0.68211
Received=	-0.99275
Feedback: 0.61739
Received=	-0.7702
Feedback: 0.52711
Received=	-0.55361
Feedback: 0.43925
Received=	-0.31647
Feedback: 0.34305
Received=	-0.58083
Feedback: 0.45029
Received=	-1.0092
Feedback: 0.62407
Received=	-0.98073
Feedback: 0.61251
Received=	-0.87553
Feedback: 0.56983
Received=	-0.87542
Feedback: 0.56979
Received=	-1.3562
Feedback: 0.76483
Received=	-1.8601
Feedback: 0.9
Received=	-1.7861
Feedback: 0.9
Received=	-1.4768
Feedback: 0.81373
Received=	-0.91512
Feedback: 0.58589
Received=	-0.71511
Feedback: 0.50476
Received=	-0.66718
Feedback: 0.48532
Received=	-0.73605
Feedback: 0.51325
Calculated range:	[(-2.000000) - (2.000000)]
Success index = (-0.431057)
closing...
