Direction=-1.000000	; step=1.000000;
Received=	0
Feedback: 0.66
Received=	0
Feedback: 0.66
Received=	0
Feedback: 0.66
Received=	0.028224
Feedback: 0.66
Received=	-0.016791
Feedback: 0.66
Received=	-0.15204
Feedback: 0.66
Received=	-0.28715
Feedback: 0.66
Received=	-0.35252
Feedback: 0.66
Received=	-0.32476
Feedback: 0.66
Received=	-0.25647
Feedback: 0.66
Received=	-0.19411
Feedback: 0.66
Received=	0.13321
Feedback: 0.66
Received=	0.044713
Feedback: 0.66
Received=	-0.12444
Feedback: 0.66
Received=	0.011626
Feedback: 0.66
Received=	-0.13665
Feedback: 0.66
Received=	-0.43827
Feedback: 0.66
Received=	-0.32458
Feedback: 0.66
Received=	-0.31423
Feedback: 0.66
Received=	-0.5284
Feedback: 0.66
Received=	-0.42829
=====  12:8:16 - NF  ============
Feedback: 0.76729
Received=	-0.79938
Feedback: 0.9
Received=	-0.66652
Feedback: 0.9
Received=	-0.2876
Feedback: 0.61608
Received=	-0.23977
Feedback: 0.56468
Received=	-0.42412
Feedback: 0.7628
Received=	-0.47919
Feedback: 0.82199
Received=	-0.37769
Feedback: 0.71291
Received=	-0.4122
Feedback: 0.75
Received=	-0.2915
Feedback: 0.62028
Received=	-0.22816
Feedback: 0.5522
Received=	-0.16968
Feedback: 0.48935
Received=	-0.08389
Feedback: 0.39715
Received=	-0.2066
Feedback: 0.52903
Received=	-0.25489
Feedback: 0.58093
Received=	-0.23757
Feedback: 0.56232
Received=	-0.4445
Feedback: 0.7847
Received=	-0.48837
Feedback: 0.83185
Received=	-0.094686
Feedback: 0.40875
Received=	0.37646
Feedback: 0.1
Received=	0.33533
Feedback: 0.1
Received=	0.035967
Feedback: 0.26833
Received=	-0.32098
Feedback: 0.65196
Received=	-0.33433
Feedback: 0.66631
Received=	-0.36968
Feedback: 0.70429
Received=	-0.41902
Feedback: 0.75732
Received=	-0.65481
Feedback: 0.9
Received=	-0.57666
Feedback: 0.9
Received=	-0.5343
Feedback: 0.88122
Received=	-0.53291
Feedback: 0.87972
Received=	-0.40374
Feedback: 0.7409
Received=	-0.29506
Feedback: 0.62409
Received=	-0.1947
Feedback: 0.51624
Received=	-0.23521
Feedback: 0.55978
Received=	-0.19673
Feedback: 0.51842
Received=	-0.20788
Feedback: 0.53041
Received=	-0.039503
Feedback: 0.34944
Received=	-0.1566
Feedback: 0.47529
Received=	-0.047728
Feedback: 0.35828
Received=	0.10811
Feedback: 0.19079
Received=	0.14585
Feedback: 0.15024
Received=	-0.011655
Feedback: 0.31951
Received=	-0.15194
Feedback: 0.47028
Received=	-0.006033
Feedback: 0.31347
Received=	0.21603
Feedback: 0.1
Received=	0.23574
Feedback: 0.1
Received=	0.30047
Feedback: 0.1
Received=	0.19011
Feedback: 0.10267
Received=	-0.0032768
Feedback: 0.31051
Received=	-0.16205
Feedback: 0.48114
Received=	-0.015946
Feedback: 0.32412
Received=	0.090402
Feedback: 0.20983
Received=	0.0062968
Feedback: 0.30022
Received=	0.095706
Feedback: 0.20413
Received=	0.20553
Feedback: 0.1
Received=	0.030307
Feedback: 0.27441
Received=	-0.044968
Feedback: 0.35531
Received=	-0.057634
Feedback: 0.36893
Received=	-0.17179
Feedback: 0.49161
Received=	-0.092241
Feedback: 0.40612
Calculated range:	[(-2.000000) - (2.000000)]
Success index = (0.020140)
Received=	-0.0031511
=====  12:11:16 - BASE  ============
Feedback: 0.66
Received=	0.12497
Feedback: 0.66
Received=	0.39464
Feedback: 0.66
Received=	0.26133
Feedback: 0.66
Received=	0.5979
Feedback: 0.66
Received=	0.61181
Feedback: 0.66
Received=	0.092043
Feedback: 0.66
Received=	-0.04837
Feedback: 0.66
Received=	-0.21261
Feedback: 0.66
Received=	-0.69238
Feedback: 0.66
Received=	-0.48723
Feedback: 0.66
Received=	-0.19462
Feedback: 0.66
Received=	-0.094376
Feedback: 0.66
Received=	0.016791
Feedback: 0.66
Received=	0.13821
Feedback: 0.66
Received=	0.18574
Feedback: 0.66
Received=	0.056538
Feedback: 0.66
Received=	-0.1093
Feedback: 0.66
Received=	0.12911
Feedback: 0.66
Received=	0.37689
Feedback: 0.66
Received=	0.20482
=====  12:12:16 - NF  ============
Feedback: 0.41247
Received=	-0.30071
Feedback: 0.71137
Received=	-0.26267
Feedback: 0.68888
Received=	-0.24836
Feedback: 0.68042
Received=	-0.14361
Feedback: 0.61848
Received=	0.11257
Feedback: 0.46701
Received=	0.10558
Feedback: 0.47115
Received=	0.1883
Feedback: 0.42224
Received=	-0.021327
Feedback: 0.54618
Received=	-0.068114
Feedback: 0.57385
Received=	0.048958
Feedback: 0.50463
Received=	0.2284
Feedback: 0.39853
Received=	0.46277
Feedback: 0.25995
Received=	0.11682
Feedback: 0.46451
Received=	-0.2815
Feedback: 0.70001
Received=	-0.26751
Feedback: 0.69174
Received=	-0.013011
Feedback: 0.54127
Received=	-0.044128
Feedback: 0.55967
Received=	0.3428
Feedback: 0.33089
Received=	0.58814
Feedback: 0.18583
Received=	0.34212
Feedback: 0.33129
Received=	0.40249
Feedback: 0.29559
Received=	0.59528
Feedback: 0.18161
Received=	0.37695
Feedback: 0.3107
Received=	0.13471
Feedback: 0.45393
Received=	0.17443
Feedback: 0.43044
Received=	0.52783
Feedback: 0.22149
Received=	0.41681
Feedback: 0.28713
Received=	0.45323
Feedback: 0.2656
Received=	0.51557
Feedback: 0.22874
Received=	0.70256
Feedback: 0.11818
Received=	0.053127
Feedback: 0.50216
Received=	-0.080596
Feedback: 0.58123
Received=	-0.019638
Feedback: 0.54519
Received=	0.064933
Feedback: 0.49518
Received=	-0.029395
Feedback: 0.55095
Received=	0.14425
Feedback: 0.44828
Received=	0.4086
Feedback: 0.29198
Received=	0.13231
Feedback: 0.45534
Received=	0.28019
Feedback: 0.36791
Received=	0.43254
Feedback: 0.27783
Received=	0.29997
Feedback: 0.35621
Received=	-0.068338
Feedback: 0.57398
Received=	-0.22816
Feedback: 0.66848
Received=	-0.2209
Feedback: 0.66418
Received=	0.08942
Feedback: 0.4807
Received=	0.19882
Feedback: 0.41602
Received=	0.18932
Feedback: 0.42164
Received=	0.34696
Feedback: 0.32843
Received=	0.16331
Feedback: 0.43702
Received=	0.076165
Feedback: 0.48854
Received=	0.040683
Feedback: 0.50952
Received=	0.2922
Feedback: 0.36081
Received=	0.11908
Feedback: 0.46317
Received=	-0.019396
Feedback: 0.54504
Received=	0.13396
Feedback: 0.45437
Received=	0.34617
Feedback: 0.32889
Received=	0.19905
Feedback: 0.41588
Received=	0.25653
Feedback: 0.3819
Received=	0.23897
Feedback: 0.39228
Calculated range:	[(-2.000000) - (2.000000)]
Success index = (0.369909)
Received=	0.29704
=====  12:15:16 - BASE  ============
Feedback: 0.66
Received=	0.45026
Feedback: 0.66
Received=	0.94097
Feedback: 0.66
Received=	0.477
Feedback: 0.66
Received=	0.13239
Feedback: 0.66
Received=	0.26018
Feedback: 0.66
Received=	0.33202
Feedback: 0.66
Received=	0.083797
Feedback: 0.66
Received=	0.0497
Feedback: 0.66
Received=	0.14861
Feedback: 0.66
Received=	-0.024906
Feedback: 0.66
Received=	0.1328
Feedback: 0.66
Received=	-0.12386
Feedback: 0.66
Received=	-0.20337
Feedback: 0.66
Received=	-0.25483
Feedback: 0.66
Received=	-0.41695
Feedback: 0.66
Received=	-0.18598
Feedback: 0.66
Received=	0.0092537
Feedback: 0.66
Received=	0.070016
Feedback: 0.66
Received=	-0.071784
Feedback: 0.66
Received=	-0.14068
=====  12:16:16 - NF  ============
Feedback: 0.64094
Received=	-0.21053
Feedback: 0.68653
Received=	-0.034942
Feedback: 0.57194
Received=	-0.17613
Feedback: 0.66408
Received=	-0.32037
Feedback: 0.75822
Received=	-0.32547
Feedback: 0.76154
Received=	0.096825
Feedback: 0.48594
Received=	0.44607
Feedback: 0.25801
Received=	0.21684
Feedback: 0.40761
Received=	0.096718
Feedback: 0.48601
Received=	0.20998
Feedback: 0.41209
Received=	0.0048827
Feedback: 0.54595
Received=	0.20132
Feedback: 0.41774
Received=	1.0303
Feedback: 0.1
Received=	0.83298
Feedback: 0.1
Received=	0.31793
Feedback: 0.34163
Received=	0.12992
Feedback: 0.46434
Received=	0.026987
Feedback: 0.53152
Received=	-0.2024
Feedback: 0.68123
Received=	-0.49501
Feedback: 0.8722
Received=	0.040403
Feedback: 0.52276
Received=	0.14673
Feedback: 0.45337
Received=	0.010763
Feedback: 0.54211
Received=	0.11439
Feedback: 0.47448
Received=	0.046197
Feedback: 0.51898
Received=	-0.0072424
Feedback: 0.55386
Received=	0.17985
Feedback: 0.43176
Received=	-0.1826
Feedback: 0.6683
Received=	-0.21891
Feedback: 0.692
Received=	-0.18821
Feedback: 0.67197
Received=	-0.22782
Feedback: 0.69782
Received=	-0.079055
Feedback: 0.60073
Received=	0.33337
Feedback: 0.33156
Received=	0.43173
Feedback: 0.26737
Received=	0.53706
Feedback: 0.19862
Received=	0.32833
Feedback: 0.33485
Received=	0.15937
Feedback: 0.44512
Received=	0.073646
Feedback: 0.50107
Received=	0.32112
Feedback: 0.33956
Received=	-0.0049609
Feedback: 0.55237
Received=	-0.27202
Feedback: 0.72666
Received=	-0.17947
Feedback: 0.66626
Received=	-0.2098
Feedback: 0.68605
Received=	-0.23024
Feedback: 0.69939
Received=	0.19444
Feedback: 0.42223
Received=	0.37835
Feedback: 0.3022
Received=	-0.05497
Feedback: 0.58501
Received=	0.31157
Feedback: 0.34579
Received=	0.55142
Feedback: 0.18925
Received=	0.67602
Feedback: 0.10793
Received=	0.257
Feedback: 0.3814
Received=	0.1398
Feedback: 0.45789
Received=	0.14546
Feedback: 0.4542
Received=	0.19248
Feedback: 0.42351
Received=	0.47186
Feedback: 0.24118
Received=	0.45242
Feedback: 0.25386
Received=	-0.16977
Feedback: 0.65993
Received=	-0.1076
Feedback: 0.61936
Received=	-0.30784
Feedback: 0.75004
Received=	-0.5159
Feedback: 0.88583
Calculated range:	[(-2.000000) - (2.000000)]
Success index = (0.039179)
Received=	-0.089752
=====  12:19:16 - BASE  ============
Feedback: 0.66
Received=	0.33301
Feedback: 0.66
Received=	0.14432
Feedback: 0.66
Received=	-0.078177
Feedback: 0.66
Received=	0.12185
Feedback: 0.66
Received=	0.19342
Feedback: 0.66
Received=	0.33446
Feedback: 0.66
Received=	0.11729
Feedback: 0.66
Received=	-0.16631
Feedback: 0.66
Received=	0.20448
Feedback: 0.66
Received=	0.37535
Feedback: 0.66
Received=	0.27118
Feedback: 0.66
Received=	0.063426
Feedback: 0.66
Received=	0.063742
Feedback: 0.66
Received=	-0.27994
Feedback: 0.66
Received=	-0.43152
Feedback: 0.66
Received=	-0.48677
Feedback: 0.66
Received=	-0.13426
Feedback: 0.66
Received=	-0.0049682
Feedback: 0.66
Received=	-0.19049
Feedback: 0.66
Received=	-0.078013
=====  12:20:16 - NF  ============
Feedback: 0.56795
Received=	0.29714
Feedback: 0.26632
Received=	0.2106
Feedback: 0.33591
Received=	-0.06679
Feedback: 0.55893
Received=	0.1477
Feedback: 0.38648
Received=	0.24645
Feedback: 0.30708
Received=	-0.18993
Feedback: 0.65794
Received=	-0.056557
Feedback: 0.5507
Received=	0.12322
Feedback: 0.40616
Received=	0.57536
Feedback: 0.1
Received=	0.38213
Feedback: 0.19799
Received=	-0.0011428
Feedback: 0.50615
Received=	0.092195
Feedback: 0.4311
Received=	0.0047039
Feedback: 0.50145
Received=	0.28925
Feedback: 0.27267
Received=	0.18207
Feedback: 0.35884
Received=	-0.37705
Feedback: 0.80839
Received=	-0.071643
Feedback: 0.56283
Received=	0.039269
Feedback: 0.47366
Received=	-0.11709
Feedback: 0.59937
Received=	0.0049377
Feedback: 0.50126
Received=	0.16226
Feedback: 0.37477
Received=	0.56297
Feedback: 0.1
Received=	0.23722
Feedback: 0.3145
Received=	-0.033259
Feedback: 0.53197
Received=	0.13745
Feedback: 0.39472
Received=	0.37237
Feedback: 0.20583
Received=	0.21857
Feedback: 0.32949
Received=	-0.033952
Feedback: 0.53253
Received=	-0.21501
Feedback: 0.6781
Received=	-0.1692
Feedback: 0.64127
Received=	-0.16534
Feedback: 0.63817
Received=	0.059855
Feedback: 0.45711
Received=	0.50234
Feedback: 0.10133
Received=	0.31083
Feedback: 0.25531
Received=	-0.13955
Feedback: 0.61743
Received=	-0.40364
Feedback: 0.82977
Received=	-0.27356
Feedback: 0.72518
Received=	0.0017531
Feedback: 0.50382
Received=	-0.016979
Feedback: 0.51888
Received=	-0.37413
Feedback: 0.80604
Received=	-0.78638
Feedback: 0.9
Received=	-0.91268
Feedback: 0.9
Received=	-0.58505
Feedback: 0.9
Received=	0.11109
Feedback: 0.41591
Received=	0.38306
Feedback: 0.19724
Received=	0.076604
Feedback: 0.44364
Received=	0.15589
Feedback: 0.37989
Received=	0.44307
Feedback: 0.14899
Received=	0.21107
Feedback: 0.33552
Received=	-0.19701
Feedback: 0.66363
Received=	-0.12148
Feedback: 0.6029
Received=	0.0033033
Feedback: 0.50257
Received=	-0.067456
Feedback: 0.55947
Received=	-0.010038
Feedback: 0.5133
Received=	-0.033489
Feedback: 0.53216
Received=	0.0047302
Feedback: 0.50143
Received=	-0.29566
Feedback: 0.74295
Received=	-0.29369
Feedback: 0.74136
Received=	0.27439
Feedback: 0.28461
Calculated range:	[(-2.000000) - (2.000000)]
Success index = (0.020560)
Received=	0.33418
=====  12:23:16 - BASE  ============
Feedback: 0.66
Received=	0.26596
Feedback: 0.66
Received=	-0.19371
Feedback: 0.66
Received=	-0.39371
Feedback: 0.66
Received=	0.029414
Feedback: 0.66
Received=	-0.046346
Feedback: 0.66
Received=	0.12223
Feedback: 0.66
Received=	-0.044144
Feedback: 0.66
Received=	-0.07441
Feedback: 0.66
Received=	0.27484
Feedback: 0.66
Received=	-0.22657
Feedback: 0.66
Received=	-0.23208
Feedback: 0.66
Received=	-0.1493
Feedback: 0.66
Received=	0.21397
Feedback: 0.66
Received=	0.3183
Feedback: 0.66
Received=	-0.32848
Feedback: 0.66
Received=	-0.32555
Feedback: 0.66
Received=	-0.61296
Feedback: 0.66
Received=	-0.1729
Feedback: 0.66
Received=	0.40195
Feedback: 0.66
Received=	0.27593
=====  12:24:16 - NF  ============
Feedback: 0.23581
Received=	-0.071799
Feedback: 0.49394
Received=	-0.13054
Feedback: 0.53754
Received=	-0.12524
Feedback: 0.5336
Received=	0.064691
Feedback: 0.39262
Received=	-0.064175
Feedback: 0.48828
Received=	0.40328
Feedback: 0.14127
Received=	0.39486
Feedback: 0.14753
Received=	0.13163
Feedback: 0.34293
Received=	-0.20549
Feedback: 0.59318
Received=	0.29971
Feedback: 0.21815
Received=	0.81967
Feedback: 0.1
Received=	0.1153
Feedback: 0.35504
Received=	-0.21607
Feedback: 0.60103
Received=	-0.27736
Feedback: 0.64653
Received=	-0.04437
Feedback: 0.47357
Received=	-0.27585
Feedback: 0.64541
Received=	-0.16084
Feedback: 0.56003
Received=	0.018176
Feedback: 0.42715
Received=	0.28941
Feedback: 0.2258
Received=	0.12944
Feedback: 0.34455
Received=	-0.19365
Feedback: 0.58439
Received=	0.16948
Feedback: 0.31483
Received=	0.58323
Feedback: 0.1
Received=	0.40962
Feedback: 0.13656
Received=	-0.087105
Feedback: 0.5053
Received=	-0.40826
Feedback: 0.74369
Received=	-0.34421
Feedback: 0.69615
Received=	-0.27572
Feedback: 0.64531
Received=	-0.33329
Feedback: 0.68805
Received=	-0.015332
Feedback: 0.45202
Received=	0.3016
Feedback: 0.21675
Received=	0.44155
Feedback: 0.11287
Received=	-0.14541
Feedback: 0.54858
Received=	-0.46019
Feedback: 0.78225
Received=	-0.013068
Feedback: 0.45034
Received=	0.29679
Feedback: 0.22033
Received=	0.48299
Feedback: 0.1
Received=	0.35608
Feedback: 0.17631
Received=	-0.14925
Feedback: 0.55143
Received=	-0.068158
Feedback: 0.49123
Received=	-0.21068
Feedback: 0.59703
Received=	0.048484
Feedback: 0.40465
Received=	0.33499
Feedback: 0.19196
Received=	0.065277
Feedback: 0.39218
Received=	-0.045599
Feedback: 0.47449
Received=	-0.23356
Feedback: 0.61401
Received=	-0.59038
Feedback: 0.87889
Received=	0.021158
Feedback: 0.42493
Received=	0.057249
Feedback: 0.39814
Received=	-0.32055
Feedback: 0.67859
Received=	-0.28227
Feedback: 0.65017
Received=	-0.14356
Feedback: 0.54721
Received=	0.22617
Feedback: 0.27275
Received=	0.012305
Feedback: 0.4315
Received=	-0.02791
Feedback: 0.46136
Received=	0.3077
Feedback: 0.21222
Received=	0.45836
Feedback: 0.10038
Received=	0.19864
Feedback: 0.29318
Received=	-0.082701
Feedback: 0.50203
Calculated range:	[(-2.000000) - (2.000000)]
Success index = (0.385858)
closing...
