Direction=-1.000000	; step=1.000000;
Received=	0
Feedback: 0.66
Received=	0
Feedback: 0.66
Received=	0
Feedback: 0.66
Received=	0.71195
Feedback: 0.66
Received=	0.60657
Feedback: 0.66
Received=	0.24341
Feedback: 0.66
Received=	0.24047
Feedback: 0.66
Received=	0.054484
Feedback: 0.66
Received=	-0.15231
Feedback: 0.66
Received=	0.16335
Feedback: 0.66
Received=	0.45879
Feedback: 0.66
Received=	-0.085729
Feedback: 0.66
Received=	0.099915
Feedback: 0.66
Received=	-0.011821
Feedback: 0.66
Received=	-0.14011
Feedback: 0.66
Received=	-0.38459
Feedback: 0.66
Received=	-0.096532
Feedback: 0.66
Received=	0.25328
Feedback: 0.66
Received=	0.13361
Feedback: 0.66
Received=	0.45503
Feedback: 0.66
Received=	0.27944
=====  13:17:41 - NF  ============
Feedback: 0.40319
Received=	0.10513
Feedback: 0.52566
Received=	-0.26064
Feedback: 0.78266
Received=	-0.025985
Feedback: 0.61779
Received=	-0.15866
Feedback: 0.71101
Received=	-0.45289
Feedback: 0.9
Received=	-0.026786
Feedback: 0.61835
Received=	0.49409
Feedback: 0.25237
Received=	0.23008
Feedback: 0.43787
Received=	-0.42082
Feedback: 0.89521
Received=	-0.48288
Feedback: 0.9
Received=	-0.14368
Feedback: 0.70048
Received=	0.15544
Feedback: 0.49031
Received=	-0.090001
Feedback: 0.66277
Received=	-0.25146
Feedback: 0.77621
Received=	-0.47189
Feedback: 0.9
Received=	-0.12052
Feedback: 0.68421
Received=	-0.10684
Feedback: 0.6746
Received=	-0.19232
Feedback: 0.73466
Received=	0.09689
Feedback: 0.53145
Received=	-0.098986
Feedback: 0.66908
Received=	-0.33509
Feedback: 0.83497
Received=	-0.22637
Feedback: 0.75858
Received=	0.21035
Feedback: 0.45173
Received=	0.22355
Feedback: 0.44246
Received=	-0.019045
Feedback: 0.61291
Received=	-0.30554
Feedback: 0.81421
Received=	-0.51159
Feedback: 0.9
Received=	0.24389
Feedback: 0.42816
Received=	0.60024
Feedback: 0.17779
Received=	0.12268
Feedback: 0.51333
Received=	-0.07649
Feedback: 0.65327
Received=	0.26876
Feedback: 0.41069
Received=	0.28612
Feedback: 0.39849
Received=	0.11722
Feedback: 0.51716
Received=	0.070813
Feedback: 0.54977
Received=	-0.30909
Feedback: 0.8167
Received=	0.24858
Feedback: 0.42487
Received=	0.33512
Feedback: 0.36407
Received=	-0.19767
Feedback: 0.73841
Received=	-0.22242
Feedback: 0.75581
Received=	-0.35218
Feedback: 0.84698
Received=	-0.18838
Feedback: 0.73189
Received=	0.41836
Feedback: 0.30558
Received=	0.34138
Feedback: 0.35967
Received=	0.043804
Feedback: 0.56875
Received=	0.18458
Feedback: 0.46984
Received=	0.20813
Feedback: 0.4533
Received=	0.015778
Feedback: 0.58844
Received=	-0.32707
Feedback: 0.82933
Received=	-0.18285
Feedback: 0.728
Received=	-0.011443
Feedback: 0.60757
Received=	-0.13698
Feedback: 0.69578
Received=	-0.1323
Feedback: 0.69249
Received=	-0.19382
Feedback: 0.73571
Received=	0.094569
Feedback: 0.53308
Received=	-0.089751
Feedback: 0.66259
Received=	-0.39766
Feedback: 0.87894
Received=	-0.18448
Feedback: 0.72915
Received=	-0.16065
Feedback: 0.71241
Calculated range:	[(-2.000000) - (2.000000)]
Success index = (-0.688649)
Received=	-0.17408
=====  13:20:41 - BASE  ============
Feedback: 0.66
Received=	-0.0030693
Feedback: 0.66
Received=	-0.31606
Feedback: 0.66
Received=	0.30165
Feedback: 0.66
Received=	0.48077
Feedback: 0.66
Received=	0.22547
Feedback: 0.66
Received=	0.47538
Feedback: 0.66
Received=	-0.3138
Feedback: 0.66
Received=	0.10454
Feedback: 0.66
Received=	-0.0041468
Feedback: 0.66
Received=	0.0043906
Feedback: 0.66
Received=	-0.44608
Feedback: 0.66
Received=	-0.089226
Feedback: 0.66
Received=	0.10203
Feedback: 0.66
Received=	-0.178
Feedback: 0.66
Received=	0.37293
Feedback: 0.66
Received=	0.64516
Feedback: 0.66
Received=	0.44304
Feedback: 0.66
Received=	-0.11548
Feedback: 0.66
Received=	0.25095
Feedback: 0.66
Received=	0.49381
=====  13:21:41 - NF  ============
Feedback: 0.25419
Received=	0.026071
Feedback: 0.55218
Received=	-0.3068
Feedback: 0.76424
Received=	-0.22613
Feedback: 0.71285
Received=	0.13767
Feedback: 0.48108
Received=	-0.26994
Feedback: 0.74076
Received=	-0.27898
Feedback: 0.74652
Received=	-0.0016969
Feedback: 0.56987
Received=	-0.33834
Feedback: 0.78434
Received=	-0.27975
Feedback: 0.74701
Received=	0.4116
Feedback: 0.30657
Received=	0.58881
Feedback: 0.19366
Received=	-0.31419
Feedback: 0.76895
Received=	-0.2956
Feedback: 0.75711
Received=	-0.15331
Feedback: 0.66646
Received=	-0.20758
Feedback: 0.70103
Received=	0.50124
Feedback: 0.24945
Received=	-0.37492
Feedback: 0.80764
Received=	-0.66491
Feedback: 0.9
Received=	0.41847
Feedback: 0.30218
Received=	0.39152
Feedback: 0.31936
Received=	0.046779
Feedback: 0.53899
Received=	0.15607
Feedback: 0.46936
Received=	-0.015429
Feedback: 0.57862
Received=	0.00294
Feedback: 0.56691
Received=	-0.36162
Feedback: 0.79917
Received=	0.74876
Feedback: 0.1
Received=	0.33225
Feedback: 0.35712
Received=	-0.23071
Feedback: 0.71577
Received=	0.34339
Feedback: 0.35002
Received=	0.95942
Feedback: 0.1
Received=	0.28366
Feedback: 0.38807
Received=	-0.43232
Feedback: 0.84421
Received=	-0.48283
Feedback: 0.87639
Received=	0.20554
Feedback: 0.43784
Received=	0.18488
Feedback: 0.451
Received=	-0.29995
Feedback: 0.75988
Received=	-0.25281
Feedback: 0.72985
Received=	0.32398
Feedback: 0.36238
Received=	0.79829
Feedback: 0.1
Received=	0.15323
Feedback: 0.47116
Received=	-0.19029
Feedback: 0.69002
Received=	-0.43717
Feedback: 0.8473
Received=	0.1189
Feedback: 0.49304
Received=	-0.30981
Feedback: 0.76617
Received=	0.10537
Feedback: 0.50166
Received=	0.33904
Feedback: 0.35279
Received=	0.133
Feedback: 0.48405
Received=	-0.20465
Feedback: 0.69917
Received=	0.056135
Feedback: 0.53302
Received=	0.18076
Feedback: 0.45362
Received=	0.36516
Feedback: 0.33615
Received=	0.26201
Feedback: 0.40187
Received=	0.077358
Feedback: 0.5195
Received=	0.41755
Feedback: 0.30277
Received=	0.010517
Feedback: 0.56209
Received=	-0.16822
Feedback: 0.67596
Received=	-0.029253
Feedback: 0.58742
Received=	0.13066
Feedback: 0.48554
Received=	0.18196
Feedback: 0.45287
Calculated range:	[(-2.000000) - (2.000000)]
Success index = (-0.183755)
Received=	0.255
=====  13:24:41 - BASE  ============
Feedback: 0.66
Received=	0.14766
Feedback: 0.66
Received=	-0.42349
Feedback: 0.66
Received=	-0.60741
Feedback: 0.66
Received=	0.2352
Feedback: 0.66
Received=	0.20086
Feedback: 0.66
Received=	0.55194
Feedback: 0.66
Received=	-0.0002803
Feedback: 0.66
Received=	-0.07588
Feedback: 0.66
Received=	-0.25637
Feedback: 0.66
Received=	-0.4166
Feedback: 0.66
Received=	-0.02761
Feedback: 0.66
Received=	0.55393
Feedback: 0.66
Received=	0.034739
Feedback: 0.66
Received=	0.40764
Feedback: 0.66
Received=	0.37293
Feedback: 0.66
Received=	0.2307
Feedback: 0.66
Received=	0.87507
Feedback: 0.66
Received=	0.69729
Feedback: 0.66
Received=	0.12566
Feedback: 0.66
Received=	-0.20027
=====  13:25:41 - NF  ============
Feedback: 0.66692
Received=	0.3288
Feedback: 0.40561
Received=	0.0656
Feedback: 0.5356
Received=	-0.35573
Feedback: 0.74371
Received=	0.031278
Feedback: 0.55256
Received=	0.425
Feedback: 0.35809
Received=	-0.13684
Feedback: 0.63559
Received=	-0.20485
Feedback: 0.66918
Received=	0.40504
Feedback: 0.36795
Received=	0.84191
Feedback: 0.15217
Received=	0.35639
Feedback: 0.39198
Received=	-0.41679
Feedback: 0.77386
Received=	-0.4909
Feedback: 0.81047
Received=	0.37626
Feedback: 0.38216
Received=	0.52033
Feedback: 0.31101
Received=	-0.29638
Feedback: 0.71439
Received=	-0.53435
Feedback: 0.83193
Received=	-0.031217
Feedback: 0.58342
Received=	0.13915
Feedback: 0.49927
Received=	-0.24374
Feedback: 0.68839
Received=	0.060099
Feedback: 0.53832
Received=	0.30631
Feedback: 0.41671
Received=	0.67763
Feedback: 0.23332
Received=	0.26815
Feedback: 0.43556
Received=	-0.84952
Feedback: 0.9
Received=	-0.3325
Feedback: 0.73223
Received=	0.8229
Feedback: 0.16156
Received=	0.15901
Feedback: 0.48947
Received=	-0.16674
Feedback: 0.65036
Received=	0.66046
Feedback: 0.24179
Received=	-0.00017202
Feedback: 0.56809
Received=	-0.49091
Feedback: 0.81047
Received=	0.34999
Feedback: 0.39514
Received=	0.1885
Feedback: 0.4749
Received=	-0.35527
Feedback: 0.74348
Received=	0.30497
Feedback: 0.41738
Received=	0.7767
Feedback: 0.18438
Received=	0.11457
Feedback: 0.51142
Received=	-0.35933
Feedback: 0.74548
Received=	-0.06231
Feedback: 0.59878
Received=	0.36125
Feedback: 0.38958
Received=	0.22379
Feedback: 0.45747
Received=	-0.20588
Feedback: 0.66969
Received=	0.12448
Feedback: 0.50652
Received=	-0.26919
Feedback: 0.70096
Received=	0.12634
Feedback: 0.5056
Received=	0.16761
Feedback: 0.48522
Received=	-0.60198
Feedback: 0.86533
Received=	-0.15402
Feedback: 0.64408
Received=	-0.35103
Feedback: 0.74138
Received=	-0.1668
Feedback: 0.65039
Received=	-0.24132
Feedback: 0.68719
Received=	0.43797
Feedback: 0.35169
Received=	0.31841
Feedback: 0.41074
Received=	-0.067264
Feedback: 0.60123
Received=	0.21276
Feedback: 0.46292
Received=	1.0296
Feedback: 0.1
Received=	0.9697
Feedback: 0.1
Received=	-0.18983
Feedback: 0.66176
Received=	-0.39626
Feedback: 0.76372
Calculated range:	[(-2.000000) - (2.000000)]
Success index = (-0.173864)
Received=	0.031871
=====  13:28:41 - BASE  ============
Feedback: 0.66
Received=	0.38701
Feedback: 0.66
Received=	-0.021107
Feedback: 0.66
Received=	0.72099
Feedback: 0.66
Received=	0.2661
Feedback: 0.66
Received=	-0.079214
Feedback: 0.66
Received=	-0.23299
Feedback: 0.66
Received=	0.53866
Feedback: 0.66
Received=	-0.13988
Feedback: 0.66
Received=	-0.10162
Feedback: 0.66
Received=	0.63022
Feedback: 0.66
Received=	0.067051
Feedback: 0.66
Received=	-0.024166
Feedback: 0.66
Received=	0.46382
Feedback: 0.66
Received=	0.46752
Feedback: 0.66
Received=	-0.38059
Feedback: 0.66
Received=	0.12289
Feedback: 0.66
Received=	-0.2757
Feedback: 0.66
Received=	-0.34202
Feedback: 0.66
Received=	-0.10504
Feedback: 0.66
Received=	0.52004
=====  13:29:41 - NF  ============
Feedback: 0.24989
Received=	0.58626
Feedback: 0.2116
Received=	-0.25021
Feedback: 0.69527
Received=	0.37891
Feedback: 0.3315
Received=	0.2886
Feedback: 0.38371
Received=	0.077901
Feedback: 0.50555
Received=	0.054445
Feedback: 0.51911
Received=	-0.5739
Feedback: 0.88243
Received=	0.25471
Feedback: 0.40331
Received=	0.13881
Feedback: 0.47033
Received=	-0.16321
Feedback: 0.64496
Received=	0.87599
Feedback: 0.1
Received=	0.049044
Feedback: 0.52223
Received=	0.055533
Feedback: 0.51848
Received=	0.13331
Feedback: 0.47351
Received=	-0.071255
Feedback: 0.59179
Received=	0.35864
Feedback: 0.34322
Received=	-0.2205
Feedback: 0.67809
Received=	-0.45504
Feedback: 0.81371
Received=	-0.43647
Feedback: 0.80297
Received=	0.97123
Feedback: 0.1
Received=	0.28105
Feedback: 0.38808
Received=	0.55903
Feedback: 0.22735
Received=	-0.2802
Feedback: 0.71261
Received=	-0.17524
Feedback: 0.65192
Received=	0.65711
Feedback: 0.17063
Received=	0.2155
Feedback: 0.42599
Received=	-0.25288
Feedback: 0.69681
Received=	0.61826
Feedback: 0.1931
Received=	0.34377
Feedback: 0.35181
Received=	-0.23241
Feedback: 0.68498
Received=	-0.073475
Feedback: 0.59308
Received=	-0.16149
Feedback: 0.64397
Received=	0.36828
Feedback: 0.33764
Received=	0.41105
Feedback: 0.31291
Received=	0.018141
Feedback: 0.5401
Received=	-0.2774
Feedback: 0.71099
Received=	-0.22532
Feedback: 0.68088
Received=	0.3927
Feedback: 0.32353
Received=	1.1523
Feedback: 0.1
Received=	-0.090702
Feedback: 0.60304
Received=	-0.51744
Feedback: 0.84979
Received=	0.34756
Feedback: 0.34963
Received=	-0.49645
Feedback: 0.83765
Received=	0.042527
Feedback: 0.526
Received=	0.48627
Feedback: 0.26942
Received=	-0.26189
Feedback: 0.70203
Received=	-0.47605
Feedback: 0.82586
Received=	0.2468
Feedback: 0.40789
Received=	0.33927
Feedback: 0.35442
Received=	-0.34672
Feedback: 0.75108
Received=	-0.58478
Feedback: 0.88872
Received=	0.50983
Feedback: 0.25579
Received=	0.25448
Feedback: 0.40344
Received=	0.46381
Feedback: 0.2824
Received=	0.27782
Feedback: 0.38995
Received=	-0.38694
Feedback: 0.77433
Received=	0.56929
Feedback: 0.22142
Received=	0.19702
Feedback: 0.43667
Received=	-0.28747
Feedback: 0.71682
Calculated range:	[(-2.000000) - (2.000000)]
Success index = (0.040509)
Received=	0.72969
=====  13:32:41 - BASE  ============
Feedback: 0.66
Received=	0.77815
Feedback: 0.66
Received=	-0.21075
Feedback: 0.66
Received=	0.28742
Feedback: 0.66
Received=	0.3859
Feedback: 0.66
Received=	-0.45232
Feedback: 0.66
Received=	-0.65619
Feedback: 0.66
Received=	0.013261
Feedback: 0.66
Received=	0.11291
Feedback: 0.66
Received=	0.35969
Feedback: 0.66
Received=	0.013496
Feedback: 0.66
Received=	0.012583
Feedback: 0.66
Received=	0.05416
Feedback: 0.66
Received=	0.30524
Feedback: 0.66
Received=	-0.024757
Feedback: 0.66
Received=	0.14247
Feedback: 0.66
Received=	0.52664
Feedback: 0.66
Received=	0.14622
Feedback: 0.66
Received=	-0.10407
Feedback: 0.66
Received=	-0.19793
Feedback: 0.66
Received=	0.66156
=====  13:33:41 - NF  ============
Feedback: 0.1
Received=	1.0366
Feedback: 0.1
Received=	0.30467
Feedback: 0.32105
Received=	-0.83699
Feedback: 0.9
Received=	-0.24852
Feedback: 0.6946
Received=	0.17518
Feedback: 0.40849
Received=	0.059082
Feedback: 0.48689
Received=	-0.39533
Feedback: 0.79374
Received=	0.10852
Feedback: 0.4535
Received=	0.18252
Feedback: 0.40353
Received=	-0.16311
Feedback: 0.63693
Received=	0.32544
Feedback: 0.30702
Received=	0.28598
Feedback: 0.33367
Received=	-0.37351
Feedback: 0.77901
Received=	-0.34422
Feedback: 0.75923
Received=	-0.56335
Feedback: 0.9
Received=	-0.32383
Feedback: 0.74546
Received=	0.40206
Feedback: 0.25528
Received=	0.55544
Feedback: 0.1517
Received=	-0.40642
Feedback: 0.80123
Received=	0.034512
Feedback: 0.50348
Received=	0.48115
Feedback: 0.20187
Received=	0.18308
Feedback: 0.40315
Received=	-0.066157
Feedback: 0.57146
Received=	0.51288
Feedback: 0.18044
Received=	0.4067
Feedback: 0.25214
Received=	-0.273
Feedback: 0.71114
Received=	0.51688
Feedback: 0.17775
Received=	0.6477
Feedback: 0.1
Received=	-0.26089
Feedback: 0.70296
Received=	0.33557
Feedback: 0.30018
Received=	-0.0048128
Feedback: 0.53004
Received=	0.034345
Feedback: 0.50359
Received=	0.42861
Feedback: 0.23735
Received=	-0.039983
Feedback: 0.55379
Received=	-0.27632
Feedback: 0.71338
Received=	0.036274
Feedback: 0.50229
Received=	0.52216
Feedback: 0.17418
Received=	0.32317
Feedback: 0.30855
Received=	0.13028
Feedback: 0.43881
Received=	-0.29269
Feedback: 0.72443
Received=	0.5546
Feedback: 0.15227
Received=	0.53688
Feedback: 0.16424
Received=	-0.26852
Feedback: 0.70812
Received=	-0.48211
Feedback: 0.85235
Received=	-0.032987
Feedback: 0.54906
Received=	0.090724
Feedback: 0.46552
Received=	0.09062
Feedback: 0.46559
Received=	0.14476
Feedback: 0.42903
Received=	0.3907
Feedback: 0.26295
Received=	-0.014858
Feedback: 0.53682
Received=	0.33054
Feedback: 0.30357
Received=	0.21245
Feedback: 0.38332
Received=	0.4115
Feedback: 0.24891
Received=	0.17594
Feedback: 0.40797
Received=	0.5633
Feedback: 0.1464
Received=	0.60978
Feedback: 0.11501
Received=	-0.08711
Feedback: 0.58561
Received=	-0.50396
Feedback: 0.8671
Received=	0.38555
Feedback: 0.26643
Calculated range:	[(-2.000000) - (2.000000)]
Success index = (0.212840)
closing...
