Direction=-1.000000	; step=1.000000;
Received=	0
Feedback: 0.66
Received=	0
Feedback: 0.66
Received=	0
Feedback: 0.66
Received=	0.14803
Feedback: 0.66
Received=	-0.074051
Feedback: 0.66
Received=	0.001794
Feedback: 0.66
Received=	-0.24037
Feedback: 0.66
Received=	-0.22651
Feedback: 0.66
Received=	-0.26145
Feedback: 0.66
Received=	-0.16763
Feedback: 0.66
Received=	0.39364
Feedback: 0.66
Received=	1.2334
Feedback: 0.66
Received=	0.88707
Feedback: 0.66
Received=	0.29532
Feedback: 0.66
Received=	0.3955
Feedback: 0.66
Received=	0.61078
Feedback: 0.66
Received=	0.45244
Feedback: 0.66
Received=	0.082431
Feedback: 0.66
Received=	-0.27211
Feedback: 0.66
Received=	-0.080422
Feedback: 0.66
Received=	0.07993
=====  16:15:41 - NF  ============
Feedback: 0.54567
Received=	0.027497
Feedback: 0.57045
Received=	-0.040937
Feedback: 0.6028
Received=	0.067428
Feedback: 0.55158
Received=	-0.17984
Feedback: 0.66845
Received=	-0.26677
Feedback: 0.70954
Received=	-0.18524
Feedback: 0.671
Received=	-0.22054
Feedback: 0.68769
Received=	-0.25938
Feedback: 0.70604
Received=	-0.27193
Feedback: 0.71197
Received=	-0.22023
Feedback: 0.68754
Received=	-0.10648
Feedback: 0.63378
Received=	-0.1339
Feedback: 0.64674
Received=	-0.079527
Feedback: 0.62104
Received=	0.14082
Feedback: 0.51689
Received=	0.034535
Feedback: 0.56712
Received=	0.0604
Feedback: 0.5549
Received=	-0.13244
Feedback: 0.64604
Received=	-0.23157
Feedback: 0.6929
Received=	-0.092247
Feedback: 0.62705
Received=	-0.10166
Feedback: 0.6315
Received=	-0.17225
Feedback: 0.66486
Received=	-0.065664
Feedback: 0.61448
Received=	-0.087179
Feedback: 0.62465
Received=	-0.26015
Feedback: 0.70641
Received=	-0.24139
Feedback: 0.69754
Received=	-0.051204
Feedback: 0.60765
Received=	0.049814
Feedback: 0.5599
Received=	-0.087142
Feedback: 0.62464
Received=	-0.14722
Feedback: 0.65303
Received=	-0.22905
Feedback: 0.69171
Received=	-0.39821
Feedback: 0.77166
Received=	-0.46735
Feedback: 0.80434
Received=	0.067382
Feedback: 0.5516
Received=	0.22203
Feedback: 0.4785
Received=	0.09674
Feedback: 0.53772
Received=	-0.17756
Feedback: 0.66737
Received=	-0.40449
Feedback: 0.77463
Received=	-0.19142
Feedback: 0.67392
Received=	0.068258
Feedback: 0.55118
Received=	-0.053712
Feedback: 0.60883
Received=	-0.098286
Feedback: 0.6299
Received=	-0.022552
Feedback: 0.59411
Received=	0.41922
Feedback: 0.3853
Received=	0.13028
Feedback: 0.52187
Received=	-0.41795
Feedback: 0.78099
Received=	-0.27711
Feedback: 0.71442
Received=	-0.16608
Feedback: 0.66195
Received=	-0.13688
Feedback: 0.64815
Received=	-0.058613
Feedback: 0.61115
Received=	-0.18105
Feedback: 0.66902
Received=	-0.32473
Feedback: 0.73693
Received=	-0.21313
Feedback: 0.68418
Received=	0.02324
Feedback: 0.57246
Received=	-0.0085625
Feedback: 0.58749
Received=	-0.095528
Feedback: 0.6286
Received=	-0.028174
Feedback: 0.59676
Received=	0.082157
Feedback: 0.54462
Received=	-0.093822
Feedback: 0.62779
Received=	-0.13192
Feedback: 0.6458
Calculated range:	[(-2.260673) - (1.739327)]
Success index = (-1.260673)
Received=	-0.12481
=====  16:18:41 - BASE  ============
Feedback: 0.66
Received=	-0.053761
Feedback: 0.66
Received=	-0.16649
Feedback: 0.66
Received=	-0.20248
Feedback: 0.66
Received=	-0.026209
Feedback: 0.66
Received=	0.029692
Feedback: 0.66
Received=	-0.086608
Feedback: 0.66
Received=	0.097499
Feedback: 0.66
Received=	0.3187
Feedback: 0.66
Received=	-0.16464
Feedback: 0.66
Received=	-0.12066
Feedback: 0.66
Received=	-0.053885
Feedback: 0.66
Received=	0.1371
Feedback: 0.66
Received=	0.4384
Feedback: 0.66
Received=	0.58064
Feedback: 0.66
Received=	0.37324
Feedback: 0.66
Received=	0.56608
Feedback: 0.66
Received=	0.092931
Feedback: 0.66
Received=	-0.086417
Feedback: 0.66
Received=	0.51826
Feedback: 0.66
Received=	0.35917
=====  16:19:41 - NF  ============
Feedback: 0.27467
Received=	-0.096647
Feedback: 0.61141
Received=	-0.18232
Feedback: 0.6747
Received=	-0.2222
Feedback: 0.70416
Received=	-0.19803
Feedback: 0.6863
Received=	0.0025345
Feedback: 0.53814
Received=	0.14759
Feedback: 0.43098
Received=	0.03191
Feedback: 0.51644
Received=	-0.028039
Feedback: 0.56072
Received=	-0.1827
Feedback: 0.67498
Received=	-0.29324
Feedback: 0.75665
Received=	-0.15125
Feedback: 0.65175
Received=	-0.20785
Feedback: 0.69356
Received=	-0.27895
Feedback: 0.74608
Received=	-0.095791
Feedback: 0.61078
Received=	-0.32557
Feedback: 0.78053
Received=	-0.37993
Feedback: 0.82068
Received=	-0.2665
Feedback: 0.73689
Received=	-0.071747
Feedback: 0.59301
Received=	-0.011748
Feedback: 0.54869
Received=	0.22672
Feedback: 0.37252
Received=	0.065864
Feedback: 0.49135
Received=	-0.12135
Feedback: 0.62966
Received=	-0.077148
Feedback: 0.597
Received=	0.26865
Feedback: 0.34154
Received=	0.5548
Feedback: 0.13015
Received=	-0.064137
Feedback: 0.58739
Received=	-0.2052
Feedback: 0.6916
Received=	-0.13459
Feedback: 0.63944
Received=	0.0095141
Feedback: 0.53298
Received=	0.013934
Feedback: 0.52972
Received=	-0.0022111
Feedback: 0.54164
Received=	0.034507
Feedback: 0.51452
Received=	0.092709
Feedback: 0.47152
Received=	0.11853
Feedback: 0.45245
Received=	0.23165
Feedback: 0.36888
Received=	-0.037335
Feedback: 0.56759
Received=	-0.10249
Feedback: 0.61572
Received=	-0.12183
Feedback: 0.63002
Received=	-0.40661
Feedback: 0.84039
Received=	-0.21906
Feedback: 0.70184
Received=	0.19524
Feedback: 0.39577
Received=	-0.00055669
Feedback: 0.54042
Received=	-0.24807
Feedback: 0.72328
Received=	-0.082961
Feedback: 0.6013
Received=	0.022485
Feedback: 0.5234
Received=	0.092169
Feedback: 0.47192
Received=	0.077872
Feedback: 0.48248
Received=	-0.014172
Feedback: 0.55048
Received=	-0.0055633
Feedback: 0.54412
Received=	-0.57092
Feedback: 0.9
Received=	-0.056929
Feedback: 0.58207
Received=	0.29995
Feedback: 0.31842
Received=	0.26785
Feedback: 0.34213
Received=	0.34478
Feedback: 0.2853
Received=	0.25641
Feedback: 0.35059
Received=	0.19259
Feedback: 0.39774
Received=	0.075751
Feedback: 0.48405
Received=	0.11623
Feedback: 0.45415
Received=	0.049125
Feedback: 0.50372
Calculated range:	[(-2.000000) - (2.000000)]
Success index = (-0.659526)
Received=	0.070077
=====  16:22:41 - BASE  ============
Feedback: 0.66
Received=	0.19662
Feedback: 0.66
Received=	0.27683
Feedback: 0.66
Received=	0.17442
Feedback: 0.66
Received=	0.11498
Feedback: 0.66
Received=	0.18407
Feedback: 0.66
Received=	0.53716
Feedback: 0.66
Received=	0.22786
Feedback: 0.66
Received=	-0.53746
Feedback: 0.66
Received=	-0.65554
Feedback: 0.66
Received=	-0.2973
Feedback: 0.66
Received=	-0.048002
Feedback: 0.66
Received=	0.077605
Feedback: 0.66
Received=	0.0011566
Feedback: 0.66
Received=	-0.014127
Feedback: 0.66
Received=	0.35185
Feedback: 0.66
Received=	0.42855
Feedback: 0.66
Received=	0.28977
Feedback: 0.66
Received=	-0.15983
Feedback: 0.66
Received=	-0.33627
Feedback: 0.66
Received=	-0.25381
=====  16:23:41 - NF  ============
Feedback: 0.67609
Received=	-0.31025
Feedback: 0.7106
Received=	-0.13399
Feedback: 0.60283
Received=	-0.17792
Feedback: 0.62969
Received=	-0.1427
Feedback: 0.60816
Received=	-0.2113
Feedback: 0.6501
Received=	-0.084935
Feedback: 0.57284
Received=	0.16958
Feedback: 0.41723
Received=	0.062802
Feedback: 0.48252
Received=	0.46524
Feedback: 0.23646
Received=	0.58321
Feedback: 0.16434
Received=	-0.078753
Feedback: 0.56906
Received=	-0.0075646
Feedback: 0.52554
Received=	0.40424
Feedback: 0.27376
Received=	0.067808
Feedback: 0.47946
Received=	-0.44995
Feedback: 0.79601
Received=	0.068591
Feedback: 0.47898
Received=	-0.09084
Feedback: 0.57645
Received=	-0.14416
Feedback: 0.60905
Received=	0.55926
Feedback: 0.17898
Received=	0.29375
Feedback: 0.34132
Received=	-0.10647
Feedback: 0.58601
Received=	-0.011146
Feedback: 0.52773
Received=	-0.021614
Feedback: 0.53413
Received=	-0.097046
Feedback: 0.58025
Received=	0.21131
Feedback: 0.39172
Received=	0.4262
Feedback: 0.26033
Received=	0.020998
Feedback: 0.50808
Received=	-0.3433
Feedback: 0.73081
Received=	0.17339
Feedback: 0.41491
Received=	0.23108
Feedback: 0.37963
Received=	-0.059919
Feedback: 0.55755
Received=	-0.013095
Feedback: 0.52892
Received=	-0.2902
Feedback: 0.69834
Received=	-0.23065
Feedback: 0.66194
Received=	0.20215
Feedback: 0.39732
Received=	0.24563
Feedback: 0.37074
Received=	-0.082016
Feedback: 0.57106
Received=	-0.33592
Feedback: 0.72629
Received=	0.34868
Feedback: 0.30773
Received=	0.31673
Feedback: 0.32727
Received=	0.18018
Feedback: 0.41075
Received=	0.13966
Feedback: 0.43553
Received=	0.1306
Feedback: 0.44106
Received=	-0.0214
Feedback: 0.534
Received=	0.03109
Feedback: 0.50191
Received=	0.012066
Feedback: 0.51354
Received=	0.10709
Feedback: 0.45544
Received=	0.049722
Feedback: 0.49051
Received=	0.20448
Feedback: 0.3959
Received=	0.28725
Feedback: 0.34529
Received=	-0.13583
Feedback: 0.60396
Received=	-0.28987
Feedback: 0.69814
Received=	0.13959
Feedback: 0.43557
Received=	0.021193
Feedback: 0.50796
Received=	-0.22563
Feedback: 0.65886
Received=	0.0064471
Feedback: 0.51697
Received=	0.34432
Feedback: 0.3104
Received=	0.19303
Feedback: 0.4029
Received=	-0.1422
Feedback: 0.60786
Calculated range:	[(-2.000000) - (2.000000)]
Success index = (0.009991)
Received=	0.16239
=====  16:26:41 - BASE  ============
Feedback: 0.66
Received=	-0.28057
Feedback: 0.66
Received=	0.37301
Feedback: 0.66
Received=	0.20804
Feedback: 0.66
Received=	0.78909
Feedback: 0.66
Received=	0.61146
Feedback: 0.66
Received=	0.1295
Feedback: 0.66
Received=	-0.26335
Feedback: 0.66
Received=	0.050758
Feedback: 0.66
Received=	-0.20666
Feedback: 0.66
Received=	-0.017074
Feedback: 0.66
Received=	0.56551
Feedback: 0.66
Received=	0.7634
Feedback: 0.66
Received=	-0.31803
Feedback: 0.66
Received=	-0.42559
Feedback: 0.66
Received=	0.0023519
Feedback: 0.66
Received=	0.26255
Feedback: 0.66
Received=	0.338
Feedback: 0.66
Received=	-0.15608
Feedback: 0.66
Received=	-0.33051
Feedback: 0.66
Received=	-0.21462
=====  16:27:41 - NF  ============
Feedback: 0.68084
Received=	0.20485
Feedback: 0.46201
Received=	0.13927
Feedback: 0.49622
Received=	0.37832
Feedback: 0.37151
Received=	0.18409
Feedback: 0.47283
Received=	0.2247
Feedback: 0.45165
Received=	-0.13066
Feedback: 0.63704
Received=	-0.20209
Feedback: 0.6743
Received=	0.13876
Feedback: 0.49648
Received=	0.63758
Feedback: 0.23626
Received=	0.19162
Feedback: 0.46891
Received=	0.32859
Feedback: 0.39745
Received=	0.5235
Feedback: 0.29577
Received=	0.62997
Feedback: 0.24023
Received=	0.13263
Feedback: 0.49968
Received=	0.31996
Feedback: 0.40196
Received=	0.30388
Feedback: 0.41034
Received=	0.15794
Feedback: 0.48648
Received=	-0.02571
Feedback: 0.58229
Received=	0.23512
Feedback: 0.44621
Received=	-0.039808
Feedback: 0.58964
Received=	0.25737
Feedback: 0.43461
Received=	0.20959
Feedback: 0.45953
Received=	-0.013214
Feedback: 0.57577
Received=	-0.16517
Feedback: 0.65504
Received=	0.31347
Feedback: 0.40534
Received=	0.36416
Feedback: 0.3789
Received=	0.51408
Feedback: 0.30068
Received=	0.17917
Feedback: 0.4754
Received=	-0.23638
Feedback: 0.69219
Received=	-0.0062367
Feedback: 0.57213
Received=	0.08177
Feedback: 0.52622
Received=	0.57096
Feedback: 0.27101
Received=	0.79415
Feedback: 0.15458
Received=	0.30909
Feedback: 0.40763
Received=	0.30676
Feedback: 0.40884
Received=	0.33506
Feedback: 0.39408
Received=	0.3051
Feedback: 0.40971
Received=	0.27185
Feedback: 0.42705
Received=	0.45668
Feedback: 0.33063
Received=	-0.17838
Feedback: 0.66193
Received=	-0.26912
Feedback: 0.70927
Received=	0.15039
Feedback: 0.49042
Received=	0.65327
Feedback: 0.22807
Received=	0.53431
Feedback: 0.29013
Received=	0.57405
Feedback: 0.2694
Received=	-0.34377
Feedback: 0.74821
Received=	-0.30336
Feedback: 0.72713
Received=	0.20597
Feedback: 0.46142
Received=	0.24788
Feedback: 0.43956
Received=	0.26344
Feedback: 0.43144
Received=	0.39386
Feedback: 0.3634
Received=	-0.19922
Feedback: 0.67281
Received=	-0.13785
Feedback: 0.64079
Received=	0.15633
Feedback: 0.48732
Received=	0.39335
Feedback: 0.36367
Received=	0.23622
Feedback: 0.44564
Received=	0.59482
Feedback: 0.25856
Received=	0.65238
Feedback: 0.22853
Received=	0.74117
Feedback: 0.18222
Calculated range:	[(-2.000000) - (2.000000)]
Success index = (0.296045)
Received=	0.27559
=====  16:30:41 - BASE  ============
Feedback: 0.66
Received=	-0.061914
Feedback: 0.66
Received=	0.021452
Feedback: 0.66
Received=	-0.063137
Feedback: 0.66
Received=	-0.14599
Feedback: 0.66
Received=	-0.19559
Feedback: 0.66
Received=	-0.035755
Feedback: 0.66
Received=	0.053438
Feedback: 0.66
Received=	0.26856
Feedback: 0.66
Received=	0.72277
Feedback: 0.66
Received=	0.69236
Feedback: 0.66
Received=	0.14028
Feedback: 0.66
Received=	-0.29724
Feedback: 0.66
Received=	-0.043152
Feedback: 0.66
Received=	-0.064746
Feedback: 0.66
Received=	0.10953
Feedback: 0.66
Received=	0.001554
Feedback: 0.66
Received=	-0.22245
Feedback: 0.66
Received=	-0.091843
Feedback: 0.66
Received=	0.16861
Feedback: 0.66
Received=	0.2575
=====  16:31:41 - NF  ============
Feedback: 0.35452
Received=	0.55267
Feedback: 0.14078
Received=	0.72433
Feedback: 0.1
Received=	0.24547
Feedback: 0.36323
Received=	-0.35491
Feedback: 0.79798
Received=	0.26039
Feedback: 0.35243
Received=	0.60258
Feedback: 0.10463
Received=	0.057218
Feedback: 0.49955
Received=	-0.1214
Feedback: 0.62889
Received=	0.24583
Feedback: 0.36297
Received=	-0.22317
Feedback: 0.70258
Received=	-0.58872
Feedback: 0.9
Received=	0.0010981
Feedback: 0.54018
Received=	0.18211
Feedback: 0.40911
Received=	-0.33328
Feedback: 0.78232
Received=	-0.37242
Feedback: 0.81066
Received=	0.28215
Feedback: 0.33667
Received=	0.39494
Feedback: 0.255
Received=	0.14379
Feedback: 0.43686
Received=	-0.0097131
Feedback: 0.54801
Received=	0.63079
Feedback: 0.1
Received=	0.43358
Feedback: 0.22701
Received=	0.12571
Feedback: 0.44995
Received=	0.35076
Feedback: 0.28698
Received=	0.38746
Feedback: 0.26041
Received=	0.15656
Feedback: 0.42761
Received=	-0.36203
Feedback: 0.80314
Received=	-0.15673
Feedback: 0.65447
Received=	0.39407
Feedback: 0.25562
Received=	0.36816
Feedback: 0.27439
Received=	-0.020011
Feedback: 0.55547
Received=	-0.21146
Feedback: 0.6941
Received=	0.24413
Feedback: 0.3642
Received=	0.37138
Feedback: 0.27205
Received=	-0.13273
Feedback: 0.63709
Received=	-0.21802
Feedback: 0.69886
Received=	0.068227
Feedback: 0.49158
Received=	0.48856
Feedback: 0.1872
Received=	0.88469
Feedback: 0.1
Received=	0.054018
Feedback: 0.50186
Received=	0.18883
Feedback: 0.40424
Received=	0.77161
Feedback: 0.1
Received=	-0.015879
Feedback: 0.55248
Received=	0.024627
Feedback: 0.52315
Received=	0.060665
Feedback: 0.49705
Received=	0.64498
Feedback: 0.1
Received=	0.83895
Feedback: 0.1
Received=	-0.075516
Feedback: 0.59566
Received=	-0.19562
Feedback: 0.68263
Received=	0.36683
Feedback: 0.27535
Received=	0.6544
Feedback: 0.1
Received=	0.11197
Feedback: 0.4599
Received=	0.34567
Feedback: 0.29067
Received=	0.75724
Feedback: 0.1
Received=	0.0903
Feedback: 0.47559
Received=	0.03681
Feedback: 0.51433
Received=	0.44593
Feedback: 0.21807
Received=	0.24661
Feedback: 0.3624
Received=	-0.63994
Feedback: 0.9
Received=	-0.051246
Feedback: 0.57809
Calculated range:	[(-2.000000) - (2.000000)]
Success index = (0.352626)
closing...
