Direction=-1.000000	; step=1.000000;
Received=	0
Feedback: 0.66
Received=	0
Feedback: 0.66
Received=	0
Feedback: 0.66
Received=	-0.26628
Feedback: 0.66
Received=	-0.18042
Feedback: 0.66
Received=	0.061244
Feedback: 0.66
Received=	-0.2312
Feedback: 0.66
Received=	0.036068
Feedback: 0.66
Received=	0.15357
Feedback: 0.66
Received=	0.058987
Feedback: 0.66
Received=	-0.19461
Feedback: 0.66
Received=	-0.19011
Feedback: 0.66
Received=	-0.069464
Feedback: 0.66
Received=	-0.049752
Feedback: 0.66
Received=	-0.093794
Feedback: 0.66
Received=	-0.24171
Feedback: 0.66
Received=	-0.15768
Feedback: 0.66
Received=	-0.21163
Feedback: 0.66
Received=	-0.29084
Feedback: 0.66
Received=	-0.32081
Feedback: 0.66
Received=	-0.35705
=====  13:24:31 - NF  ============
Feedback: 0.8387
Received=	-0.23094
Feedback: 0.65731
Received=	-0.2282
Feedback: 0.65336
Received=	-0.32774
Feedback: 0.79654
Received=	-0.15722
Feedback: 0.55126
Received=	0.11171
Feedback: 0.16442
Received=	0.17491
Feedback: 0.1
Received=	-0.070105
Feedback: 0.42596
Received=	-0.10141
Feedback: 0.47099
Received=	-0.12862
Feedback: 0.51013
Received=	-0.045056
Feedback: 0.38993
Received=	0.11143
Feedback: 0.16483
Received=	-0.1442
Feedback: 0.53254
Received=	-0.22982
Feedback: 0.6557
Received=	-0.079107
Feedback: 0.43891
Received=	-0.040622
Feedback: 0.38355
Received=	-0.12678
Feedback: 0.50748
Received=	-0.10101
Feedback: 0.47041
Received=	-0.029236
Feedback: 0.36717
Received=	-0.12933
Feedback: 0.51115
Received=	-0.11626
Feedback: 0.49235
Received=	-0.29697
Feedback: 0.75228
Received=	-0.18853
Feedback: 0.5963
Received=	0.065614
Feedback: 0.23074
Received=	0.24738
Feedback: 0.1
Received=	-0.049076
Feedback: 0.39571
Received=	-0.1373
Feedback: 0.52261
Received=	-0.15709
Feedback: 0.55108
Received=	-0.10098
Feedback: 0.47037
Received=	-0.062783
Feedback: 0.41543
Received=	-0.12239
Feedback: 0.50116
Received=	-0.21838
Feedback: 0.63924
Received=	-0.22439
Feedback: 0.64789
Received=	-0.056826
Feedback: 0.40686
Received=	-0.10503
Feedback: 0.4762
Received=	-0.23497
Feedback: 0.6631
Received=	-0.26091
Feedback: 0.70042
Received=	-0.081509
Feedback: 0.44236
Received=	-0.15636
Feedback: 0.55003
Received=	-0.11122
Feedback: 0.4851
Received=	-0.14621
Feedback: 0.53543
Received=	-0.22049
Feedback: 0.64227
Received=	-0.11059
Feedback: 0.48419
Received=	-0.23177
Feedback: 0.6585
Received=	-0.3982
Feedback: 0.8979
Received=	-0.35452
Feedback: 0.83507
Received=	-0.34376
Feedback: 0.81959
Received=	-0.43899
Feedback: 0.9
Received=	-0.5103
Feedback: 0.9
Received=	-0.55909
Feedback: 0.9
Received=	-0.41125
Feedback: 0.9
Received=	-0.45235
Feedback: 0.9
Received=	-0.52096
Feedback: 0.9
Received=	-0.54624
Feedback: 0.9
Received=	-0.4837
Feedback: 0.9
Received=	-0.24012
Feedback: 0.67052
Received=	-0.19128
Feedback: 0.60026
Received=	0.019583
Feedback: 0.29695
Received=	-0.047717
Feedback: 0.39375
Received=	-0.20709
Feedback: 0.62299
Calculated range:	[(-2.000000) - (2.000000)]
Success index = (-0.361703)
Received=	0.060306
=====  13:27:31 - BASE  ============
Feedback: 0.66
Received=	0.43547
Feedback: 0.66
Received=	0.49854
Feedback: 0.66
Received=	-0.0081937
Feedback: 0.66
Received=	-0.27654
Feedback: 0.66
Received=	-0.22288
Feedback: 0.66
Received=	-0.23937
Feedback: 0.66
Received=	-0.15578
Feedback: 0.66
Received=	-0.2951
Feedback: 0.66
Received=	-0.43741
Feedback: 0.66
Received=	-0.5474
Feedback: 0.66
Received=	-0.36934
Feedback: 0.66
Received=	-0.21845
Feedback: 0.66
Received=	-0.17853
Feedback: 0.66
Received=	-0.17623
Feedback: 0.66
Received=	0.060845
Feedback: 0.66
Received=	0.076829
Feedback: 0.66
Received=	-0.011522
Feedback: 0.66
Received=	-0.11797
Feedback: 0.66
Received=	-0.19061
Feedback: 0.66
Received=	0.086013
=====  13:28:31 - NF  ============
Feedback: 0.28994
Received=	0.32262
Feedback: 0.1
Received=	0.072138
Feedback: 0.30198
Received=	-0.080836
Feedback: 0.43472
Received=	-0.17938
Feedback: 0.52023
Received=	0.12247
Feedback: 0.2583
Received=	0.42384
Feedback: 0.1
Received=	0.31015
Feedback: 0.1
Received=	-0.014148
Feedback: 0.37685
Received=	-0.046383
Feedback: 0.40482
Received=	-0.035474
Feedback: 0.39536
Received=	-0.1904
Feedback: 0.5298
Received=	-0.23198
Feedback: 0.56588
Received=	-0.18057
Feedback: 0.52127
Received=	-0.18433
Feedback: 0.52453
Received=	-0.21898
Feedback: 0.55459
Received=	-0.39749
Feedback: 0.7095
Received=	-0.44471
Feedback: 0.75048
Received=	-0.33443
Feedback: 0.65478
Received=	-0.27711
Feedback: 0.60504
Received=	-0.36989
Feedback: 0.68555
Received=	-0.6063
Feedback: 0.8907
Received=	-0.61362
Feedback: 0.89705
Received=	-0.68586
Feedback: 0.9
Received=	-0.66211
Feedback: 0.9
Received=	-0.4728
Feedback: 0.77486
Received=	-0.57018
Feedback: 0.85935
Received=	-0.90093
Feedback: 0.9
Received=	-0.73794
Feedback: 0.9
Received=	-0.50121
Feedback: 0.79951
Received=	-0.33195
Feedback: 0.65263
Received=	-0.61309
Feedback: 0.8966
Received=	-0.6313
Feedback: 0.9
Received=	-0.58181
Feedback: 0.86945
Received=	-0.60633
Feedback: 0.89073
Received=	-0.51944
Feedback: 0.81532
Received=	-0.58248
Feedback: 0.87003
Received=	-0.46106
Feedback: 0.76467
Received=	-0.18296
Feedback: 0.52334
Received=	-0.076349
Feedback: 0.43083
Received=	0.085136
Feedback: 0.2907
Received=	0.036668
Feedback: 0.33276
Received=	-0.23804
Feedback: 0.57114
Received=	-0.12641
Feedback: 0.47427
Received=	-0.17819
Feedback: 0.5192
Received=	-0.22059
Feedback: 0.556
Received=	-0.14167
Feedback: 0.48751
Received=	-0.22797
Feedback: 0.5624
Received=	-0.26678
Feedback: 0.59607
Received=	-0.32522
Feedback: 0.64679
Received=	-0.37506
Feedback: 0.69004
Received=	-0.23648
Feedback: 0.56978
Received=	-0.16463
Feedback: 0.50744
Received=	-0.25249
Feedback: 0.58368
Received=	-0.38835
Feedback: 0.70157
Received=	-0.51378
Feedback: 0.81041
Received=	-0.39246
Feedback: 0.70514
Received=	-0.40982
Feedback: 0.7202
Received=	-0.26655
Feedback: 0.59588
Received=	-0.11434
Feedback: 0.4638
Calculated range:	[(-2.000000) - (2.000000)]
Success index = (-0.479395)
Received=	-0.11539
=====  13:31:31 - BASE  ============
Feedback: 0.66
Received=	0.18363
Feedback: 0.66
Received=	0.66559
Feedback: 0.66
Received=	1.1532
Feedback: 0.66
Received=	0.80705
Feedback: 0.66
Received=	0.10022
Feedback: 0.66
Received=	-0.017422
Feedback: 0.66
Received=	-0.14304
Feedback: 0.66
Received=	-0.055332
Feedback: 0.66
Received=	-0.16378
Feedback: 0.66
Received=	-0.1639
Feedback: 0.66
Received=	-0.11464
Feedback: 0.66
Received=	-0.086418
Feedback: 0.66
Received=	-0.070878
Feedback: 0.66
Received=	0.074019
Feedback: 0.66
Received=	0.19413
Feedback: 0.66
Received=	0.085218
Feedback: 0.66
Received=	0.39032
Feedback: 0.66
Received=	0.46949
Feedback: 0.66
Received=	0.0059963
Feedback: 0.66
Received=	-0.31549
=====  13:32:31 - NF  ============
Feedback: 0.7596
Received=	-0.40563
Feedback: 0.80742
Received=	-0.28191
Feedback: 0.74179
Received=	0.063863
Feedback: 0.55836
Received=	0.16595
Feedback: 0.5042
Received=	0.12639
Feedback: 0.52519
Received=	-0.003676
Feedback: 0.59419
Received=	-0.14142
Feedback: 0.66726
Received=	-0.084067
Feedback: 0.63683
Received=	-0.040895
Feedback: 0.61393
Received=	0.06105
Feedback: 0.55985
Received=	-0.25002
Feedback: 0.72487
Received=	-0.30723
Feedback: 0.75522
Received=	-0.060116
Feedback: 0.62413
Received=	0.082004
Feedback: 0.54874
Received=	-0.096058
Feedback: 0.6432
Received=	-0.22011
Feedback: 0.709
Received=	-0.15321
Feedback: 0.67351
Received=	0.23328
Feedback: 0.46849
Received=	0.26515
Feedback: 0.45158
Received=	0.11224
Feedback: 0.5327
Received=	0.1566
Feedback: 0.50916
Received=	0.16321
Feedback: 0.50566
Received=	0.08226
Feedback: 0.5486
Received=	-0.13024
Feedback: 0.66133
Received=	-0.3973
Feedback: 0.803
Received=	-0.46765
Feedback: 0.84032
Received=	-0.21711
Feedback: 0.70741
Received=	0.050332
Feedback: 0.56554
Received=	0.083711
Feedback: 0.54783
Received=	0.13328
Feedback: 0.52154
Received=	0.015681
Feedback: 0.58392
Received=	-0.014273
Feedback: 0.59981
Received=	-0.032924
Feedback: 0.6097
Received=	0.1723
Feedback: 0.50084
Received=	0.07253
Feedback: 0.55376
Received=	-0.35487
Feedback: 0.78049
Received=	-0.40417
Feedback: 0.80665
Received=	-0.20788
Feedback: 0.70251
Received=	-0.18283
Feedback: 0.68923
Received=	-0.31074
Feedback: 0.75708
Received=	-0.023544
Feedback: 0.60473
Received=	0.362
Feedback: 0.40021
Received=	0.28719
Feedback: 0.43989
Received=	-0.0042851
Feedback: 0.59451
Received=	-0.0061443
Feedback: 0.5955
Received=	-0.050859
Feedback: 0.61922
Received=	0.083949
Feedback: 0.54771
Received=	-0.15544
Feedback: 0.6747
Received=	-0.33865
Feedback: 0.77189
Received=	-0.4049
Feedback: 0.80703
Received=	-0.58855
Feedback: 0.9
Received=	-0.6743
Feedback: 0.9
Received=	-0.61
Feedback: 0.9
Received=	-0.19501
Feedback: 0.69569
Received=	-0.090899
Feedback: 0.64046
Received=	-0.11651
Feedback: 0.65404
Received=	0.12163
Feedback: 0.52772
Received=	0.26618
Feedback: 0.45103
Received=	0.2463
Feedback: 0.46158
Calculated range:	[(-2.000000) - (2.000000)]
Success index = (-0.948843)
Received=	0.070251
=====  13:35:31 - BASE  ============
Feedback: 0.66
Received=	0.096112
Feedback: 0.66
Received=	0.30311
Feedback: 0.66
Received=	0.30911
Feedback: 0.66
Received=	0.057532
Feedback: 0.66
Received=	0.063714
Feedback: 0.66
Received=	0.15337
Feedback: 0.66
Received=	-0.012907
Feedback: 0.66
Received=	-0.084229
Feedback: 0.66
Received=	0.31992
Feedback: 0.66
Received=	0.58985
Feedback: 0.66
Received=	0.2107
Feedback: 0.66
Received=	-0.11064
Feedback: 0.66
Received=	-0.30696
Feedback: 0.66
Received=	-0.41437
Feedback: 0.66
Received=	-0.42025
Feedback: 0.66
Received=	-0.55079
Feedback: 0.66
Received=	-0.45857
Feedback: 0.66
Received=	-0.46959
Feedback: 0.66
Received=	-0.44517
Feedback: 0.66
Received=	-0.43185
=====  13:36:31 - NF  ============
Feedback: 0.70983
Received=	-0.4591
Feedback: 0.72566
Received=	-0.26702
Feedback: 0.61416
Received=	-0.098051
Feedback: 0.51608
Received=	-0.19115
Feedback: 0.57012
Received=	-0.19215
Feedback: 0.5707
Received=	0.012202
Feedback: 0.45209
Received=	0.10054
Feedback: 0.40081
Received=	-0.26368
Feedback: 0.61222
Received=	-0.45111
Feedback: 0.72101
Received=	-0.46834
Feedback: 0.73102
Received=	-0.35695
Feedback: 0.66636
Received=	-0.28451
Feedback: 0.62431
Received=	-0.18732
Feedback: 0.5679
Received=	-0.035852
Feedback: 0.47998
Received=	0.12639
Feedback: 0.38581
Received=	0.65591
Feedback: 0.1
Received=	0.53408
Feedback: 0.14916
Received=	-0.13648
Feedback: 0.53839
Received=	-0.16394
Feedback: 0.55433
Received=	0.1311
Feedback: 0.38307
Received=	0.14146
Feedback: 0.37706
Received=	-0.067709
Feedback: 0.49847
Received=	-0.11442
Feedback: 0.52559
Received=	0.014354
Feedback: 0.45084
Received=	0.21276
Feedback: 0.33568
Received=	0.17731
Feedback: 0.35625
Received=	-0.054935
Feedback: 0.49106
Received=	-0.10649
Feedback: 0.52098
Received=	-0.10497
Feedback: 0.5201
Received=	-0.12329
Feedback: 0.53073
Received=	-0.018147
Feedback: 0.4697
Received=	0.1248
Feedback: 0.38673
Received=	0.3592
Feedback: 0.25067
Received=	-0.20535
Feedback: 0.57837
Received=	-0.52142
Feedback: 0.76183
Received=	-0.30847
Feedback: 0.63822
Received=	-0.063385
Feedback: 0.49596
Received=	-0.2247
Feedback: 0.58959
Received=	-0.26541
Feedback: 0.61323
Received=	-0.18779
Feedback: 0.56817
Received=	-0.11329
Feedback: 0.52493
Received=	-0.21845
Feedback: 0.58597
Received=	-0.31563
Feedback: 0.64238
Received=	-0.38319
Feedback: 0.68159
Received=	-0.2781
Feedback: 0.62059
Received=	0.16749
Feedback: 0.36195
Received=	0.31946
Feedback: 0.27374
Received=	0.089061
Feedback: 0.40748
Received=	-0.080563
Feedback: 0.50593
Received=	-0.12002
Feedback: 0.52883
Received=	-0.15637
Feedback: 0.54993
Received=	-0.14026
Feedback: 0.54058
Received=	0.004968
Feedback: 0.45629
Received=	0.022102
Feedback: 0.44634
Received=	-0.12783
Feedback: 0.53337
Received=	-0.29096
Feedback: 0.62806
Received=	-0.23454
Feedback: 0.59531
Received=	-0.12515
Feedback: 0.53181
Received=	0.15842
Feedback: 0.36721
Calculated range:	[(-2.000000) - (2.000000)]
Success index = (-0.087772)
Received=	-0.088209
=====  13:39:31 - BASE  ============
Feedback: 0.66
Received=	-0.15846
Feedback: 0.66
Received=	-0.034305
Feedback: 0.66
Received=	0.25321
Feedback: 0.66
Received=	0.6071
Feedback: 0.66
Received=	0.56509
Feedback: 0.66
Received=	0.37558
Feedback: 0.66
Received=	0.33053
Feedback: 0.66
Received=	0.22703
Feedback: 0.66
Received=	-0.17391
Feedback: 0.66
Received=	-0.36162
Feedback: 0.66
Received=	-0.69118
Feedback: 0.66
Received=	-0.94368
Feedback: 0.66
Received=	-0.92328
Feedback: 0.66
Received=	-1.0566
Feedback: 0.66
Received=	-0.94742
Feedback: 0.66
Received=	-0.38142
Feedback: 0.66
Received=	0.15132
Feedback: 0.66
Received=	0.60477
Feedback: 0.66
Received=	0.66695
Feedback: 0.66
Received=	0.73872
=====  13:40:31 - NF  ============
Feedback: 0.22489
Received=	0.71045
Feedback: 0.2342
Received=	0.41941
Feedback: 0.3301
Received=	0.093309
Feedback: 0.43755
Received=	-0.067957
Feedback: 0.49069
Received=	-0.052743
Feedback: 0.48568
Received=	0.033443
Feedback: 0.45728
Received=	0.077834
Feedback: 0.44265
Received=	-0.10369
Feedback: 0.50246
Received=	-0.28981
Feedback: 0.56379
Received=	-0.44729
Feedback: 0.61568
Received=	-0.45037
Feedback: 0.6167
Received=	-0.15728
Feedback: 0.52012
Received=	0.078864
Feedback: 0.44231
Received=	-0.13437
Feedback: 0.51257
Received=	-0.22421
Feedback: 0.54218
Received=	-0.14874
Feedback: 0.51731
Received=	0.081793
Feedback: 0.44135
Received=	0.12942
Feedback: 0.42566
Received=	0.45906
Feedback: 0.31704
Received=	0.62354
Feedback: 0.26284
Received=	0.48679
Feedback: 0.3079
Received=	0.15808
Feedback: 0.41621
Received=	0.20826
Feedback: 0.39968
Received=	0.31355
Feedback: 0.36498
Received=	0.051083
Feedback: 0.45147
Received=	-0.14148
Feedback: 0.51492
Received=	-0.006461
Feedback: 0.47043
Received=	0.35623
Feedback: 0.35092
Received=	0.39854
Feedback: 0.33698
Received=	0.024065
Feedback: 0.46037
Received=	-0.077009
Feedback: 0.49367
Received=	-0.28033
Feedback: 0.56067
Received=	-0.38953
Feedback: 0.59665
Received=	-0.46451
Feedback: 0.62136
Received=	-0.41034
Feedback: 0.60351
Received=	-0.21944
Feedback: 0.5406
Received=	-0.20162
Feedback: 0.53473
Received=	-0.25852
Feedback: 0.55348
Received=	-0.30372
Feedback: 0.56838
Received=	-0.08628
Feedback: 0.49673
Received=	0.034895
Feedback: 0.4568
Received=	-0.058154
Feedback: 0.48746
Received=	-0.36371
Feedback: 0.58814
Received=	-0.3166
Feedback: 0.57262
Received=	-0.2515
Feedback: 0.55117
Received=	-0.35916
Feedback: 0.58664
Received=	-0.53865
Feedback: 0.64578
Received=	-0.39245
Feedback: 0.59761
Received=	-0.35696
Feedback: 0.58592
Received=	-0.41084
Feedback: 0.60367
Received=	-0.30551
Feedback: 0.56897
Received=	-0.1033
Feedback: 0.50233
Received=	-0.27725
Feedback: 0.55965
Received=	-0.43026
Feedback: 0.61007
Received=	-0.31362
Feedback: 0.57164
Received=	-0.24767
Feedback: 0.54991
Received=	-0.12261
Feedback: 0.5087
Received=	-0.087986
Feedback: 0.49729
Received=	-0.11298
Feedback: 0.50552
Calculated range:	[(-2.000000) - (2.000000)]
Success index = (0.057206)
closing...
