Direction=-1.000000	; step=1.000000;
Received=	0
Feedback: 0.66
Received=	0
Feedback: 0.66
Received=	0
Feedback: 0.66
Received=	-0.26388
Feedback: 0.66
Received=	-0.17966
Feedback: 0.66
Received=	0.048238
Feedback: 0.66
Received=	-0.11217
Feedback: 0.66
Received=	-0.0071069
Feedback: 0.66
Received=	0.0016209
Feedback: 0.66
Received=	-0.11623
Feedback: 0.66
Received=	-0.22762
Feedback: 0.66
Received=	0.024339
Feedback: 0.66
Received=	-0.14299
Feedback: 0.66
Received=	-0.23366
Feedback: 0.66
Received=	-0.18372
Feedback: 0.66
Received=	-0.22163
Feedback: 0.66
Received=	-0.43221
Feedback: 0.66
Received=	-0.52817
Feedback: 0.66
Received=	-0.49557
Feedback: 0.66
Received=	-0.61227
Feedback: 0.66
Received=	-0.52009
=====  11:11:44 - NF  ============
Feedback: 0.81702
Received=	-0.30344
Feedback: 0.59932
Received=	-0.081127
Feedback: 0.37594
Received=	-0.041876
Feedback: 0.3365
Received=	-0.25474
Feedback: 0.55039
Received=	-0.16707
Feedback: 0.4623
Received=	0.037743
Feedback: 0.25649
Received=	0.1252
Feedback: 0.16861
Received=	0.035335
Feedback: 0.25891
Received=	0.066517
Feedback: 0.22758
Received=	0.19682
Feedback: 0.1
Received=	0.2469
Feedback: 0.1
Received=	0.19835
Feedback: 0.1
Received=	0.21704
Feedback: 0.1
Received=	0.23561
Feedback: 0.1
Received=	0.11331
Feedback: 0.18056
Received=	0.24344
Feedback: 0.1
Received=	0.48058
Feedback: 0.1
Received=	0.2214
Feedback: 0.1
Received=	-0.057148
Feedback: 0.35184
Received=	-0.24128
Feedback: 0.53687
Received=	-0.070756
Feedback: 0.36552
Received=	0.068788
Feedback: 0.2253
Received=	0.080222
Feedback: 0.21381
Received=	0.066015
Feedback: 0.22808
Received=	-0.10714
Feedback: 0.40207
Received=	-0.25801
Feedback: 0.55367
Received=	-0.15261
Feedback: 0.44776
Received=	-0.025984
Feedback: 0.32053
Received=	-0.24775
Feedback: 0.54336
Received=	-0.014906
Feedback: 0.3094
Received=	0.33742
Feedback: 0.1
Received=	0.024019
Feedback: 0.27028
Received=	-0.032144
Feedback: 0.32672
Received=	0.015228
Feedback: 0.27912
Received=	-0.29213
Feedback: 0.58796
Received=	-0.36479
Feedback: 0.66097
Received=	-0.22232
Feedback: 0.51781
Received=	-0.25255
Feedback: 0.54818
Received=	-0.44833
Feedback: 0.74491
Received=	-0.23945
Feedback: 0.53503
Received=	-0.024154
Feedback: 0.31869
Received=	-0.0036911
Feedback: 0.29813
Received=	-0.15875
Feedback: 0.45394
Received=	-0.19048
Feedback: 0.48582
Received=	-0.16449
Feedback: 0.4597
Received=	-0.053403
Feedback: 0.34808
Received=	0.069702
Feedback: 0.22438
Received=	-0.081856
Feedback: 0.37667
Received=	-0.065942
Feedback: 0.36068
Received=	0.11838
Feedback: 0.17547
Received=	0.22119
Feedback: 0.1
Received=	-0.23442
Feedback: 0.52997
Received=	-0.35576
Feedback: 0.65189
Received=	-0.20949
Feedback: 0.50492
Received=	-0.090933
Feedback: 0.38579
Received=	-0.30017
Feedback: 0.59604
Received=	-0.067621
Feedback: 0.36237
Received=	-0.15835
Feedback: 0.45353
Received=	-0.13591
Feedback: 0.43099
Calculated range:	[(-2.000000) - (2.000000)]
Success index = (0.746801)
Received=	-0.33112
=====  11:14:44 - BASE  ============
Feedback: 0.66
Received=	-0.29305
Feedback: 0.66
Received=	-0.18672
Feedback: 0.66
Received=	-0.094544
Feedback: 0.66
Received=	-0.42257
Feedback: 0.66
Received=	-0.52567
Feedback: 0.66
Received=	-0.49663
Feedback: 0.66
Received=	-0.31044
Feedback: 0.66
Received=	-0.30057
Feedback: 0.66
Received=	-0.21148
Feedback: 0.66
Received=	-0.075043
Feedback: 0.66
Received=	-0.068426
Feedback: 0.66
Received=	0.11825
Feedback: 0.66
Received=	0.28135
Feedback: 0.66
Received=	0.28885
Feedback: 0.66
Received=	0.064409
Feedback: 0.66
Received=	0.045514
Feedback: 0.66
Received=	-0.033635
Feedback: 0.66
Received=	0.21013
Feedback: 0.66
Received=	0.52912
Feedback: 0.66
Received=	0.30485
=====  11:15:44 - NF  ============
Feedback: 0.24307
Received=	-0.12661
Feedback: 0.54199
Received=	-0.1621
Feedback: 0.56658
Received=	0.12231
Feedback: 0.36953
Received=	-0.041785
Feedback: 0.48322
Received=	0.016512
Feedback: 0.44283
Received=	0.088236
Feedback: 0.39314
Received=	0.3174
Feedback: 0.23437
Received=	0.2815
Feedback: 0.25925
Received=	0.082826
Feedback: 0.39689
Received=	0.13177
Feedback: 0.36298
Received=	-0.050979
Feedback: 0.48959
Received=	-0.1107
Feedback: 0.53096
Received=	-0.023828
Feedback: 0.47078
Received=	0.030928
Feedback: 0.43284
Received=	0.17832
Feedback: 0.33073
Received=	0.28818
Feedback: 0.25462
Received=	0.23895
Feedback: 0.28872
Received=	0.053429
Feedback: 0.41725
Received=	-0.12015
Feedback: 0.53751
Received=	-0.032346
Feedback: 0.47668
Received=	-0.099585
Feedback: 0.52326
Received=	-0.13656
Feedback: 0.54888
Received=	-0.31539
Feedback: 0.67278
Received=	-0.19932
Feedback: 0.59236
Received=	-0.25597
Feedback: 0.63161
Received=	-0.27651
Feedback: 0.64584
Received=	-0.02691
Feedback: 0.47291
Received=	-0.067131
Feedback: 0.50078
Received=	-0.28593
Feedback: 0.65236
Received=	-0.369
Feedback: 0.70991
Received=	-0.089228
Feedback: 0.51609
Received=	-0.11456
Feedback: 0.53364
Received=	-0.16728
Feedback: 0.57017
Received=	-0.11016
Feedback: 0.53059
Received=	-0.12962
Feedback: 0.54407
Received=	-0.032959
Feedback: 0.4771
Received=	0.18109
Feedback: 0.32881
Received=	0.399
Feedback: 0.17784
Received=	0.27784
Feedback: 0.26178
Received=	-0.11384
Feedback: 0.53314
Received=	-0.14438
Feedback: 0.5543
Received=	-0.17117
Feedback: 0.57286
Received=	-0.27818
Feedback: 0.647
Received=	-0.38402
Feedback: 0.72032
Received=	-0.45456
Feedback: 0.7692
Received=	-0.21858
Feedback: 0.6057
Received=	-0.23923
Feedback: 0.62001
Received=	-0.38931
Feedback: 0.72399
Received=	-0.35745
Feedback: 0.70192
Received=	-0.24001
Feedback: 0.62055
Received=	-0.2095
Feedback: 0.59942
Received=	-0.050284
Feedback: 0.48911
Received=	-0.14879
Feedback: 0.55736
Received=	-0.17174
Feedback: 0.57325
Received=	-0.15133
Feedback: 0.55912
Received=	-0.2408
Feedback: 0.6211
Received=	-0.10901
Feedback: 0.5298
Received=	-0.11276
Feedback: 0.53239
Received=	0.0095946
Feedback: 0.44762
Calculated range:	[(-2.000000) - (2.000000)]
Success index = (-0.043539)
Received=	0.039168
=====  11:18:44 - BASE  ============
Feedback: 0.66
Received=	0.10764
Feedback: 0.66
Received=	-0.028499
Feedback: 0.66
Received=	-0.30334
Feedback: 0.66
Received=	-0.48819
Feedback: 0.66
Received=	-0.28724
Feedback: 0.66
Received=	-0.059555
Feedback: 0.66
Received=	-0.20722
Feedback: 0.66
Received=	0.026072
Feedback: 0.66
Received=	0.13357
Feedback: 0.66
Received=	0.27802
Feedback: 0.66
Received=	0.16694
Feedback: 0.66
Received=	-0.14827
Feedback: 0.66
Received=	-0.058681
Feedback: 0.66
Received=	-0.14438
Feedback: 0.66
Received=	-0.03349
Feedback: 0.66
Received=	0.12071
Feedback: 0.66
Received=	-0.014237
Feedback: 0.66
Received=	0.090409
Feedback: 0.66
Received=	0.014952
Feedback: 0.66
Received=	0.28025
=====  11:19:44 - NF  ============
Feedback: 0.14739
Received=	0.30925
Feedback: 0.11665
Received=	0.086664
Feedback: 0.35262
Received=	0.077742
Feedback: 0.36208
Received=	0.21262
Feedback: 0.21909
Received=	0.16292
Feedback: 0.27178
Received=	0.12876
Feedback: 0.308
Received=	0.17446
Feedback: 0.25954
Received=	0.13651
Feedback: 0.29977
Received=	0.099133
Feedback: 0.3394
Received=	0.19217
Feedback: 0.24077
Received=	0.26791
Feedback: 0.16048
Received=	0.18712
Feedback: 0.24612
Received=	0.020706
Feedback: 0.42254
Received=	-0.12091
Feedback: 0.57268
Received=	-0.29022
Feedback: 0.75217
Received=	-0.30698
Feedback: 0.76993
Received=	0.041729
Feedback: 0.40026
Received=	0.02373
Feedback: 0.41934
Received=	0.053211
Feedback: 0.38808
Received=	0.27373
Feedback: 0.1543
Received=	0.5339
Feedback: 0.1
Received=	0.17839
Feedback: 0.25538
Received=	-0.07572
Feedback: 0.52477
Received=	-0.20612
Feedback: 0.66301
Received=	0.24517
Feedback: 0.18458
Received=	0.1133
Feedback: 0.32439
Received=	-0.15567
Feedback: 0.60952
Received=	-0.1275
Feedback: 0.57966
Received=	0.0031969
Feedback: 0.44111
Received=	0.217
Feedback: 0.21444
Received=	0.12579
Feedback: 0.31114
Received=	-0.098966
Feedback: 0.54941
Received=	-0.20357
Feedback: 0.6603
Received=	-0.2709
Feedback: 0.73168
Received=	-0.49687
Feedback: 0.9
Received=	-0.30224
Feedback: 0.7649
Received=	-0.092154
Feedback: 0.54219
Received=	0.10648
Feedback: 0.33162
Received=	0.24433
Feedback: 0.18547
Received=	0.20209
Feedback: 0.23025
Received=	-0.075261
Feedback: 0.52428
Received=	-0.063317
Feedback: 0.51162
Received=	-0.045186
Feedback: 0.4924
Received=	0.13595
Feedback: 0.30037
Received=	0.2038
Feedback: 0.22844
Received=	0.059379
Feedback: 0.38155
Received=	0.16568
Feedback: 0.26886
Received=	0.18993
Feedback: 0.24314
Received=	0.073439
Feedback: 0.36664
Received=	-0.12539
Feedback: 0.57742
Received=	-0.14412
Feedback: 0.59728
Received=	-0.27185
Feedback: 0.73269
Received=	-0.19871
Feedback: 0.65515
Received=	-0.24662
Feedback: 0.70594
Received=	-0.11303
Feedback: 0.56432
Received=	-0.32429
Feedback: 0.78828
Received=	-0.25104
Feedback: 0.71063
Received=	-0.00076485
Feedback: 0.44531
Received=	0.25652
Feedback: 0.17255
Calculated range:	[(-2.000000) - (2.000000)]
Success index = (0.358917)
Received=	0.061619
=====  11:22:44 - BASE  ============
Feedback: 0.66
Received=	0.025693
Feedback: 0.66
Received=	-0.018986
Feedback: 0.66
Received=	-0.077629
Feedback: 0.66
Received=	-0.14294
Feedback: 0.66
Received=	-0.0060799
Feedback: 0.66
Received=	0.11522
Feedback: 0.66
Received=	0.005721
Feedback: 0.66
Received=	0.026164
Feedback: 0.66
Received=	0.16885
Feedback: 0.66
Received=	0.24028
Feedback: 0.66
Received=	0.13456
Feedback: 0.66
Received=	0.16329
Feedback: 0.66
Received=	-0.081473
Feedback: 0.66
Received=	-0.21595
Feedback: 0.66
Received=	-0.11774
Feedback: 0.66
Received=	0.055697
Feedback: 0.66
Received=	0.083859
Feedback: 0.66
Received=	-0.18764
Feedback: 0.66
Received=	-0.27149
Feedback: 0.66
Received=	-0.29125
=====  11:23:44 - NF  ============
Feedback: 0.8922
Received=	-0.30279
Feedback: 0.9
Received=	-0.061334
Feedback: 0.57495
Received=	0.0073375
Feedback: 0.48019
Received=	-0.13673
Feedback: 0.67898
Received=	-0.17548
Feedback: 0.73246
Received=	0.1722
Feedback: 0.25272
Received=	0.20974
Feedback: 0.20092
Received=	0.088448
Feedback: 0.36828
Received=	-0.22332
Feedback: 0.79845
Received=	-0.30599
Feedback: 0.9
Received=	-0.2691
Feedback: 0.86164
Received=	-0.18749
Feedback: 0.74902
Received=	0.11758
Feedback: 0.32807
Received=	0.14354
Feedback: 0.29226
Received=	0.17864
Feedback: 0.24383
Received=	0.15933
Feedback: 0.27047
Received=	0.44342
Feedback: 0.1
Received=	0.2412
Feedback: 0.15751
Received=	0.17017
Feedback: 0.25551
Received=	0.22051
Feedback: 0.18605
Received=	0.39861
Feedback: 0.1
Received=	0.34358
Feedback: 0.1
Received=	0.075713
Feedback: 0.38585
Received=	0.13745
Feedback: 0.30066
Received=	0.093374
Feedback: 0.36148
Received=	0.19926
Feedback: 0.21538
Received=	0.11703
Feedback: 0.32883
Received=	0.037615
Feedback: 0.43842
Received=	0.015683
Feedback: 0.46868
Received=	0.32154
Feedback: 0.1
Received=	0.42035
Feedback: 0.1
Received=	0.088391
Feedback: 0.36835
Received=	-0.21374
Feedback: 0.78525
Received=	-0.23004
Feedback: 0.80774
Received=	0.016942
Feedback: 0.46694
Received=	-0.096728
Feedback: 0.62379
Received=	-0.30849
Feedback: 0.9
Received=	-0.31391
Feedback: 0.9
Received=	-0.15286
Feedback: 0.70124
Received=	-0.3017
Feedback: 0.9
Received=	-0.32717
Feedback: 0.9
Received=	-0.28509
Feedback: 0.8837
Received=	0.00097119
Feedback: 0.48898
Received=	0.15227
Feedback: 0.28021
Received=	-0.039987
Feedback: 0.54549
Received=	0.22207
Feedback: 0.1839
Received=	-0.15563
Feedback: 0.70506
Received=	-0.29378
Feedback: 0.89568
Received=	-0.28163
Feedback: 0.87892
Received=	0.097104
Feedback: 0.35633
Received=	0.53604
Feedback: 0.1
Received=	0.095272
Feedback: 0.35886
Received=	0.01289
Feedback: 0.47253
Received=	0.036024
Feedback: 0.44061
Received=	-0.18992
Feedback: 0.75238
Received=	-0.3859
Feedback: 0.9
Received=	-0.13917
Feedback: 0.68235
Received=	-0.23037
Feedback: 0.80819
Received=	-0.46285
Feedback: 0.9
Calculated range:	[(-2.000000) - (2.000000)]
Success index = (-0.028810)
Received=	-0.35157
=====  11:26:44 - BASE  ============
Feedback: 0.66
Received=	-0.32173
Feedback: 0.66
Received=	-0.09975
Feedback: 0.66
Received=	0.10161
Feedback: 0.66
Received=	0.39736
Feedback: 0.66
Received=	0.028203
Feedback: 0.66
Received=	-0.51538
Feedback: 0.66
Received=	-0.48975
Feedback: 0.66
Received=	-0.31794
Feedback: 0.66
Received=	-0.43434
Feedback: 0.66
Received=	-0.21282
Feedback: 0.66
Received=	0.0097688
Feedback: 0.66
Received=	0.096534
Feedback: 0.66
Received=	0.055197
Feedback: 0.66
Received=	-0.10283
Feedback: 0.66
Received=	0.29717
Feedback: 0.66
Received=	0.45873
Feedback: 0.66
Received=	0.15151
Feedback: 0.66
Received=	-0.31471
Feedback: 0.66
Received=	-0.50481
Feedback: 0.66
Received=	-0.22602
=====  11:27:44 - NF  ============
Feedback: 0.59648
Received=	-0.12778
Feedback: 0.53263
Received=	-0.065475
Feedback: 0.49214
Received=	-0.19621
Feedback: 0.57711
Received=	-0.30355
Feedback: 0.64687
Received=	-0.32029
Feedback: 0.65775
Received=	-0.43573
Feedback: 0.73278
Received=	-0.66838
Feedback: 0.88399
Received=	-0.26036
Feedback: 0.6188
Received=	-0.26102
Feedback: 0.61923
Received=	-0.23407
Feedback: 0.60172
Received=	-0.54091
Feedback: 0.80115
Received=	-0.9787
Feedback: 0.9
Received=	-0.99611
Feedback: 0.9
Received=	-0.6959
Feedback: 0.9
Received=	-0.74429
Feedback: 0.9
Received=	-0.93543
Feedback: 0.9
Received=	-0.63278
Feedback: 0.86086
Received=	-0.57111
Feedback: 0.82077
Received=	-0.6079
Feedback: 0.84468
Received=	-0.51317
Feedback: 0.78311
Received=	-0.24295
Feedback: 0.60749
Received=	-0.13653
Feedback: 0.53832
Received=	-0.27297
Feedback: 0.627
Received=	-0.25983
Feedback: 0.61846
Received=	-0.13645
Feedback: 0.53827
Received=	0.26626
Feedback: 0.27653
Received=	0.09912
Feedback: 0.38516
Received=	0.0948
Feedback: 0.38797
Received=	-0.056606
Feedback: 0.48637
Received=	-0.52768
Feedback: 0.79254
Received=	-0.20522
Feedback: 0.58297
Received=	-0.2198
Feedback: 0.59244
Received=	-0.58192
Feedback: 0.8278
Received=	-0.48601
Feedback: 0.76546
Received=	-0.24899
Feedback: 0.61141
Received=	-0.28609
Feedback: 0.63553
Received=	-0.33544
Feedback: 0.6676
Received=	-0.21459
Feedback: 0.58906
Received=	0.034941
Feedback: 0.42688
Received=	0.11219
Feedback: 0.37667
Received=	0.34775
Feedback: 0.22357
Received=	0.34686
Feedback: 0.22414
Received=	0.18548
Feedback: 0.32904
Received=	-0.24737
Feedback: 0.61036
Received=	-0.23008
Feedback: 0.59913
Received=	0.18579
Feedback: 0.32883
Received=	-0.21692
Feedback: 0.59057
Received=	-0.47787
Feedback: 0.76017
Received=	-0.51165
Feedback: 0.78213
Received=	-0.24915
Feedback: 0.61152
Received=	-0.2231
Feedback: 0.59458
Received=	-0.20403
Feedback: 0.58219
Received=	-0.37216
Feedback: 0.69147
Received=	-0.56227
Feedback: 0.81503
Received=	-0.65808
Feedback: 0.87729
Received=	-0.65689
Feedback: 0.87652
Received=	-0.5905
Feedback: 0.83338
Received=	-0.53597
Feedback: 0.79793
Received=	-0.33397
Feedback: 0.66664
Calculated range:	[(-2.000000) - (2.000000)]
Success index = (-0.780090)
closing...
