Direction=-1.000000	; step=1.000000;
Received=	0
Feedback: 0.66
Received=	0
Feedback: 0.66
Received=	0
Feedback: 0.66
Received=	0.35682
Feedback: 0.66
Received=	-0.16895
Feedback: 0.66
Received=	-0.43401
Feedback: 0.66
Received=	-0.51369
Feedback: 0.66
Received=	-0.51218
Feedback: 0.66
Received=	-0.39866
Feedback: 0.66
Received=	-0.4862
Feedback: 0.66
Received=	-0.57537
Feedback: 0.66
Received=	-0.64163
Feedback: 0.66
Received=	-0.64103
Feedback: 0.66
Received=	-0.56872
Feedback: 0.66
Received=	-0.77194
Feedback: 0.66
Received=	-0.862
Feedback: 0.66
Received=	-0.80429
Feedback: 0.66
Received=	-0.40445
Feedback: 0.66
Received=	-0.24005
Feedback: 0.66
Received=	-0.18944
Feedback: 0.66
Received=	-0.28427
=====  18:42:57 - NF  ============
Feedback: 0.39945
Received=	-0.4308
Feedback: 0.49628
Received=	-0.14161
Feedback: 0.30518
Received=	0.49355
Feedback: 0.1
Received=	0.70596
Feedback: 0.1
Received=	0.65304
Feedback: 0.1
Received=	0.56766
Feedback: 0.1
Received=	0.066217
Feedback: 0.16784
Received=	-0.024431
Feedback: 0.22775
Received=	-0.11937
Feedback: 0.29048
Received=	0.25194
Feedback: 0.1
Received=	0.084553
Feedback: 0.15573
Received=	0.097994
Feedback: 0.14685
Received=	0.25084
Feedback: 0.1
Received=	0.11559
Feedback: 0.13522
Received=	-0.18115
Feedback: 0.33131
Received=	-0.15516
Feedback: 0.31413
Received=	-0.2334
Feedback: 0.36583
Received=	-0.32022
Feedback: 0.42321
Received=	-0.39853
Feedback: 0.47495
Received=	-0.52588
Feedback: 0.55911
Received=	-0.10068
Feedback: 0.27813
Received=	0.32349
Feedback: 0.1
Received=	0.31983
Feedback: 0.1
Received=	-0.26142
Feedback: 0.38435
Received=	-0.3756
Feedback: 0.4598
Received=	-0.17289
Feedback: 0.32585
Received=	-0.034977
Feedback: 0.23471
Received=	-0.051316
Feedback: 0.24551
Received=	0.19182
Feedback: 0.1
Received=	-0.21876
Feedback: 0.35616
Received=	-0.46498
Feedback: 0.51887
Received=	-0.59139
Feedback: 0.6024
Received=	-0.65424
Feedback: 0.64393
Received=	-0.28468
Feedback: 0.39972
Received=	-0.28077
Feedback: 0.39713
Received=	-0.1929
Feedback: 0.33907
Received=	-0.029582
Feedback: 0.23115
Received=	-0.075329
Feedback: 0.26138
Received=	-0.14848
Feedback: 0.30972
Received=	-0.044188
Feedback: 0.2408
Received=	-0.49332
Feedback: 0.53759
Received=	-0.45058
Feedback: 0.50935
Received=	0.05903
Feedback: 0.17259
Received=	-0.26589
Feedback: 0.3873
Received=	-0.5412
Feedback: 0.56923
Received=	-0.15041
Feedback: 0.311
Received=	-0.47575
Feedback: 0.52598
Received=	-0.60458
Feedback: 0.61111
Received=	-0.39478
Feedback: 0.47248
Received=	-0.19005
Feedback: 0.33719
Received=	-0.34905
Feedback: 0.44226
Received=	-0.33501
Feedback: 0.43298
Received=	-0.42037
Feedback: 0.48939
Received=	-0.46656
Feedback: 0.51991
Received=	-0.42448
Feedback: 0.4921
Received=	-0.31686
Feedback: 0.42098
Received=	-0.49274
Feedback: 0.53721
Received=	-0.5297
Feedback: 0.56163
Received=	-0.35611
Feedback: 0.44692
Calculated range:	[(-2.000000) - (2.000000)]
Success index = (0.867046)
Received=	-0.046312
=====  18:45:57 - BASE  ============
Feedback: 0.66
Received=	-0.12639
Feedback: 0.66
Received=	-0.36703
Feedback: 0.66
Received=	-0.34022
Feedback: 0.66
Received=	-0.24714
Feedback: 0.66
Received=	0.3308
Feedback: 0.66
Received=	0.34944
Feedback: 0.66
Received=	-0.10862
Feedback: 0.66
Received=	-0.45424
Feedback: 0.66
Received=	-0.37434
Feedback: 0.66
Received=	-0.4328
Feedback: 0.66
Received=	-0.39322
Feedback: 0.66
Received=	0.24624
Feedback: 0.66
Received=	0.06466
Feedback: 0.66
Received=	-0.27489
Feedback: 0.66
Received=	-0.39102
Feedback: 0.66
Received=	-0.17622
Feedback: 0.66
Received=	0.080131
Feedback: 0.66
Received=	0.020082
Feedback: 0.66
Received=	0.56557
Feedback: 0.66
Received=	0.53278
=====  18:46:57 - NF  ============
Feedback: 0.1
Received=	0.16473
Feedback: 0.32861
Received=	0.055533
Feedback: 0.39781
Received=	-0.33993
Feedback: 0.64843
Received=	-0.74291
Feedback: 0.9
Received=	-0.64551
Feedback: 0.84209
Received=	-0.53988
Feedback: 0.77514
Received=	-0.23777
Feedback: 0.58369
Received=	-0.14711
Feedback: 0.52623
Received=	-0.16695
Feedback: 0.53881
Received=	-0.094017
Feedback: 0.49259
Received=	0.22052
Feedback: 0.29326
Received=	0.32865
Feedback: 0.22473
Received=	-0.030839
Feedback: 0.45255
Received=	-0.11174
Feedback: 0.50382
Received=	-0.033346
Feedback: 0.45414
Received=	0.059831
Feedback: 0.39509
Received=	-0.13402
Feedback: 0.51794
Received=	-0.32249
Feedback: 0.63738
Received=	-0.30536
Feedback: 0.62652
Received=	0.0084507
Feedback: 0.42765
Received=	0.20694
Feedback: 0.30186
Received=	0.45388
Feedback: 0.14537
Received=	0.11575
Feedback: 0.35965
Received=	-0.27398
Feedback: 0.60663
Received=	-0.44519
Feedback: 0.71514
Received=	-0.31489
Feedback: 0.63256
Received=	0.12757
Feedback: 0.35216
Received=	0.45732
Feedback: 0.14319
Received=	0.70968
Feedback: 0.1
Received=	0.44895
Feedback: 0.14849
Received=	-0.19295
Feedback: 0.55528
Received=	-0.1101
Feedback: 0.50278
Received=	0.37823
Feedback: 0.19331
Received=	0.1881
Feedback: 0.3138
Received=	-0.27594
Feedback: 0.60788
Received=	-0.22766
Feedback: 0.57728
Received=	0.24024
Feedback: 0.28076
Received=	0.55269
Feedback: 0.1
Received=	0.53743
Feedback: 0.1
Received=	-0.015332
Feedback: 0.44272
Received=	0.033639
Feedback: 0.41169
Received=	-0.27388
Feedback: 0.60657
Received=	-0.54574
Feedback: 0.77886
Received=	-0.29221
Feedback: 0.61819
Received=	-0.35475
Feedback: 0.65782
Received=	-0.12153
Feedback: 0.51003
Received=	-0.065909
Feedback: 0.47478
Received=	-0.24096
Feedback: 0.58571
Received=	-0.39966
Feedback: 0.68628
Received=	-0.3889
Feedback: 0.67947
Received=	-0.28441
Feedback: 0.61325
Received=	-0.31494
Feedback: 0.6326
Received=	-0.022289
Feedback: 0.44713
Received=	-0.067854
Feedback: 0.47601
Received=	0.044238
Feedback: 0.40497
Received=	0.068357
Feedback: 0.38969
Received=	0.15112
Feedback: 0.33724
Received=	-0.40979
Feedback: 0.69271
Received=	-0.28676
Feedback: 0.61474
Calculated range:	[(-2.000000) - (2.000000)]
Success index = (0.139014)
Received=	-0.29531
=====  18:49:57 - BASE  ============
Feedback: 0.66
Received=	-0.34906
Feedback: 0.66
Received=	-0.11732
Feedback: 0.66
Received=	-0.37555
Feedback: 0.66
Received=	-0.32282
Feedback: 0.66
Received=	-0.52113
Feedback: 0.66
Received=	-0.76407
Feedback: 0.66
Received=	-0.79498
Feedback: 0.66
Received=	-0.80886
Feedback: 0.66
Received=	-0.82862
Feedback: 0.66
Received=	-0.92469
Feedback: 0.66
Received=	-0.9282
Feedback: 0.66
Received=	-0.92416
Feedback: 0.66
Received=	-0.87272
Feedback: 0.66
Received=	-0.88981
Feedback: 0.66
Received=	-0.72599
Feedback: 0.66
Received=	-0.64937
Feedback: 0.66
Received=	-0.62704
Feedback: 0.66
Received=	-0.5226
Feedback: 0.66
Received=	-0.4223
Feedback: 0.66
Received=	-0.29991
=====  18:50:57 - NF  ============
Feedback: 0.1932
Received=	-0.3014
Feedback: 0.19444
Received=	-0.45793
Feedback: 0.32498
Received=	-0.64144
Feedback: 0.47802
Received=	-0.57792
Feedback: 0.42505
Received=	-0.52066
Feedback: 0.3773
Received=	-0.41834
Feedback: 0.29196
Received=	-0.16778
Feedback: 0.1
Received=	-0.20794
Feedback: 0.1165
Received=	-0.41551
Feedback: 0.2896
Received=	-0.615
Feedback: 0.45598
Received=	-0.41496
Feedback: 0.28915
Received=	-0.28717
Feedback: 0.18257
Received=	-0.38978
Feedback: 0.26814
Received=	-0.36361
Feedback: 0.24632
Received=	-0.20684
Feedback: 0.11558
Received=	-0.15224
Feedback: 0.1
Received=	-0.18753
Feedback: 0.1
Received=	-0.42275
Feedback: 0.29564
Received=	-0.3925
Feedback: 0.27042
Received=	-0.21798
Feedback: 0.12487
Received=	-0.26481
Feedback: 0.16392
Received=	-0.40148
Feedback: 0.27791
Received=	-0.4096
Feedback: 0.28468
Received=	-0.18226
Feedback: 0.1
Received=	-0.22722
Feedback: 0.13258
Received=	-0.45319
Feedback: 0.32103
Received=	-0.36722
Feedback: 0.24934
Received=	-0.50814
Feedback: 0.36685
Received=	-0.69001
Feedback: 0.51853
Received=	-0.44342
Feedback: 0.31288
Received=	-0.37002
Feedback: 0.25167
Received=	0.19121
Feedback: 0.1
Received=	0.41791
Feedback: 0.1
Received=	0.45587
Feedback: 0.1
Received=	0.26989
Feedback: 0.1
Received=	-0.10122
Feedback: 0.1
Received=	0.1661
Feedback: 0.1
Received=	0.068768
Feedback: 0.1
Received=	-0.51954
Feedback: 0.37636
Received=	-0.70644
Feedback: 0.53223
Received=	-0.72021
Feedback: 0.54372
Received=	-0.78847
Feedback: 0.60064
Received=	-0.61426
Feedback: 0.45536
Received=	-0.59559
Feedback: 0.43979
Received=	-0.35987
Feedback: 0.24321
Received=	-0.013767
Feedback: 0.1
Received=	-0.14014
Feedback: 0.1
Received=	-0.392
Feedback: 0.27
Received=	-0.53182
Feedback: 0.38661
Received=	-0.64142
Feedback: 0.47801
Received=	-0.51001
Feedback: 0.36842
Received=	-0.28941
Feedback: 0.18444
Received=	-0.29605
Feedback: 0.18998
Received=	-0.34978
Feedback: 0.23479
Received=	-0.35986
Feedback: 0.2432
Received=	-0.16166
Feedback: 0.1
Received=	-0.2811
Feedback: 0.17752
Received=	-0.34595
Feedback: 0.2316
Received=	-0.19802
Feedback: 0.10822
Calculated range:	[(-2.000000) - (2.000000)]
Success index = (1.350640)
Received=	-0.13851
=====  18:53:57 - BASE  ============
Feedback: 0.66
Received=	-0.062461
Feedback: 0.66
Received=	-0.29835
Feedback: 0.66
Received=	-0.61956
Feedback: 0.66
Received=	-0.66495
Feedback: 0.66
Received=	-0.75567
Feedback: 0.66
Received=	-0.77908
Feedback: 0.66
Received=	-0.74161
Feedback: 0.66
Received=	-0.73161
Feedback: 0.66
Received=	-0.71454
Feedback: 0.66
Received=	-0.74075
Feedback: 0.66
Received=	-0.68077
Feedback: 0.66
Received=	-0.63388
Feedback: 0.66
Received=	-0.77061
Feedback: 0.66
Received=	-0.76701
Feedback: 0.66
Received=	-0.46563
Feedback: 0.66
Received=	-0.55716
Feedback: 0.66
Received=	-0.57608
Feedback: 0.66
Received=	-0.57523
Feedback: 0.66
Received=	-0.68924
Feedback: 0.66
Received=	-0.67761
=====  18:54:57 - NF  ============
Feedback: 0.53877
Received=	-0.64989
Feedback: 0.49433
Received=	-0.67794
Feedback: 0.5393
Received=	-0.51591
Feedback: 0.27951
Received=	-0.1537
Feedback: 0.1
Received=	-0.30149
Feedback: 0.1
Received=	-0.17291
Feedback: 0.1
Received=	-0.06122
Feedback: 0.1
Received=	-0.16655
Feedback: 0.1
Received=	-0.34523
Feedback: 0.1
Received=	-0.30105
Feedback: 0.1
Received=	0.028643
Feedback: 0.1
Received=	-0.12099
Feedback: 0.1
Received=	-0.38083
Feedback: 0.1
Received=	-0.54412
Feedback: 0.32474
Received=	-0.30685
Feedback: 0.1
Received=	0.13591
Feedback: 0.1
Received=	0.37584
Feedback: 0.1
Received=	0.28831
Feedback: 0.1
Received=	0.27322
Feedback: 0.1
Received=	0.030496
Feedback: 0.1
Received=	-0.39147
Feedback: 0.1
Received=	-0.48812
Feedback: 0.23496
Received=	-0.46116
Feedback: 0.19172
Received=	-0.30418
Feedback: 0.1
Received=	-0.66099
Feedback: 0.51212
Received=	-0.85906
Feedback: 0.8297
Received=	-0.81084
Feedback: 0.75238
Received=	-0.5659
Feedback: 0.35966
Received=	-0.44753
Feedback: 0.16988
Received=	-0.06948
Feedback: 0.1
Received=	0.28071
Feedback: 0.1
Received=	0.27972
Feedback: 0.1
Received=	0.49684
Feedback: 0.1
Received=	0.72957
Feedback: 0.1
Received=	0.68331
Feedback: 0.1
Received=	0.53659
Feedback: 0.1
Received=	0.19137
Feedback: 0.1
Received=	0.41794
Feedback: 0.1
Received=	0.53742
Feedback: 0.1
Received=	0.26422
Feedback: 0.1
Received=	0.25207
Feedback: 0.1
Received=	0.42734
Feedback: 0.1
Received=	0.35921
Feedback: 0.1
Received=	0.094706
Feedback: 0.1
Received=	0.36574
Feedback: 0.1
Received=	0.16666
Feedback: 0.1
Received=	-0.62163
Feedback: 0.44902
Received=	-1.0024
Feedback: 0.9
Received=	-1.22
Feedback: 0.9
Received=	-1.426
Feedback: 0.9
Received=	-0.95227
Feedback: 0.9
Received=	-0.51493
Feedback: 0.27794
Received=	-0.003776
Feedback: 0.1
Received=	-0.10129
Feedback: 0.1
Received=	-0.10533
Feedback: 0.1
Received=	-0.27641
Feedback: 0.1
Received=	-0.62703
Feedback: 0.45767
Received=	-0.90362
Feedback: 0.9
Received=	-0.77766
Feedback: 0.69919
Calculated range:	[(-2.000000) - (2.000000)]
Success index = (1.118593)
Received=	-0.35795
=====  18:57:57 - BASE  ============
Feedback: 0.66
Received=	-0.0099262
Feedback: 0.66
Received=	-0.18671
Feedback: 0.66
Received=	-0.1607
Feedback: 0.66
Received=	0.23836
Feedback: 0.66
Received=	0.40255
Feedback: 0.66
Received=	0.11644
Feedback: 0.66
Received=	-0.071391
Feedback: 0.66
Received=	-0.20895
Feedback: 0.66
Received=	-0.13106
Feedback: 0.66
Received=	-0.34895
Feedback: 0.66
Received=	-0.18465
Feedback: 0.66
Received=	-0.037061
Feedback: 0.66
Received=	-0.40823
Feedback: 0.66
Received=	-0.38892
Feedback: 0.66
Received=	0.32606
Feedback: 0.66
Received=	0.27898
Feedback: 0.66
Received=	0.033806
Feedback: 0.66
Received=	-0.25863
Feedback: 0.66
Received=	-0.13597
Feedback: 0.66
Received=	-0.18719
=====  18:58:57 - NF  ============
Feedback: 0.60109
Received=	0.018642
Feedback: 0.43421
Received=	0.055028
Feedback: 0.40471
Received=	-0.16332
Feedback: 0.58173
Received=	-0.1564
Feedback: 0.57613
Received=	0.044961
Feedback: 0.41288
Received=	-0.015288
Feedback: 0.46172
Received=	-0.12619
Feedback: 0.55164
Received=	-0.13111
Feedback: 0.55563
Received=	0.11196
Feedback: 0.35856
Received=	0.32561
Feedback: 0.18534
Received=	0.60941
Feedback: 0.1
Received=	0.4874
Feedback: 0.1
Received=	-0.040854
Feedback: 0.48245
Received=	-0.095268
Feedback: 0.52656
Received=	-0.27049
Feedback: 0.66863
Received=	-0.5194
Feedback: 0.87043
Received=	-0.66898
Feedback: 0.9
Received=	-0.58154
Feedback: 0.9
Received=	-0.63643
Feedback: 0.9
Received=	-0.67193
Feedback: 0.9
Received=	-0.68079
Feedback: 0.9
Received=	-0.44406
Feedback: 0.80934
Received=	-0.45092
Feedback: 0.81491
Received=	-0.37342
Feedback: 0.75207
Received=	-0.39468
Feedback: 0.76931
Received=	0.11648
Feedback: 0.35489
Received=	0.43379
Feedback: 0.1
Received=	0.53976
Feedback: 0.1
Received=	0.72351
Feedback: 0.1
Received=	0.28253
Feedback: 0.22027
Received=	0.1895
Feedback: 0.29569
Received=	0.65781
Feedback: 0.1
Received=	0.42971
Feedback: 0.10094
Received=	0.079835
Feedback: 0.3846
Received=	-0.091709
Feedback: 0.52368
Received=	-0.38236
Feedback: 0.75932
Received=	-0.54019
Feedback: 0.88728
Received=	-0.63014
Feedback: 0.9
Received=	-0.71736
Feedback: 0.9
Received=	-0.67638
Feedback: 0.9
Received=	-0.81728
Feedback: 0.9
Received=	-0.38293
Feedback: 0.75979
Received=	0.3334
Feedback: 0.17902
Received=	0.28192
Feedback: 0.22076
Received=	0.3201
Feedback: 0.18981
Received=	0.20174
Feedback: 0.28577
Received=	-0.31797
Feedback: 0.70712
Received=	-0.26514
Feedback: 0.66429
Received=	-0.50709
Feedback: 0.86045
Received=	-0.065965
Feedback: 0.50281
Received=	-0.099123
Feedback: 0.52969
Received=	0.0038074
Feedback: 0.44624
Received=	-0.00052262
Feedback: 0.44975
Received=	-0.16922
Feedback: 0.58652
Received=	-0.40316
Feedback: 0.77618
Received=	-0.50607
Feedback: 0.85962
Received=	-0.46414
Feedback: 0.82562
Received=	-0.45607
Feedback: 0.81908
Received=	-0.40627
Feedback: 0.77871
Calculated range:	[(-2.000000) - (2.000000)]
Success index = (-0.209680)
closing...
