Direction=-1.000000	; step=1.000000;
Received=	0
Feedback: 0.66
Received=	0
Feedback: 0.66
Received=	0
Feedback: 0.66
Received=	0.41263
Feedback: 0.66
Received=	-0.35008
Feedback: 0.66
Received=	-0.57628
Feedback: 0.66
Received=	-0.35006
Feedback: 0.66
Received=	-0.064053
Feedback: 0.66
Received=	0.093846
Feedback: 0.66
Received=	-0.028238
Feedback: 0.66
Received=	-0.14447
Feedback: 0.66
Received=	-0.087603
Feedback: 0.66
Received=	0.050412
Feedback: 0.66
Received=	0.12784
Feedback: 0.66
Received=	-0.0088157
Feedback: 0.66
Received=	0.12211
Feedback: 0.66
Received=	0.092868
Feedback: 0.66
Received=	-0.073836
Feedback: 0.66
Received=	0.22336
Feedback: 0.66
Received=	0.79037
Feedback: 0.66
Received=	0.26277
=====  12:53:14 - NF  ============
Feedback: 0.3322
Received=	0.15379
Feedback: 0.40535
Received=	0.35905
Feedback: 0.26758
Received=	0.25054
Feedback: 0.34041
Received=	-0.22388
Feedback: 0.65885
Received=	-0.25967
Feedback: 0.68288
Received=	-0.1725
Feedback: 0.62436
Received=	-0.28647
Feedback: 0.70086
Received=	-0.12168
Feedback: 0.59025
Received=	0.27853
Feedback: 0.32162
Received=	0.22165
Feedback: 0.3598
Received=	-0.17494
Feedback: 0.626
Received=	-0.29178
Feedback: 0.70443
Received=	0.18276
Feedback: 0.38591
Received=	0.67847
Feedback: 0.1
Received=	0.8482
Feedback: 0.1
Received=	0.35644
Feedback: 0.26933
Received=	-0.1022
Feedback: 0.57717
Received=	0.028658
Feedback: 0.48934
Received=	0.19346
Feedback: 0.37872
Received=	0.21485
Feedback: 0.36436
Received=	0.21381
Feedback: 0.36506
Received=	0.26062
Feedback: 0.33364
Received=	-0.16243
Feedback: 0.6176
Received=	0.17805
Feedback: 0.38907
Received=	0.59685
Feedback: 0.10796
Received=	0.35701
Feedback: 0.26894
Received=	0.20118
Feedback: 0.37354
Received=	-0.20362
Feedback: 0.64525
Received=	-0.11574
Feedback: 0.58626
Received=	0.097477
Feedback: 0.44315
Received=	0.058818
Feedback: 0.4691
Received=	0.12902
Feedback: 0.42198
Received=	0.35079
Feedback: 0.27312
Received=	0.11112
Feedback: 0.43399
Received=	-0.28971
Feedback: 0.70304
Received=	0.056583
Feedback: 0.4706
Received=	-0.0188
Feedback: 0.5212
Received=	0.035148
Feedback: 0.48498
Received=	0.21459
Feedback: 0.36454
Received=	0.19379
Feedback: 0.3785
Received=	-0.077811
Feedback: 0.56081
Received=	-0.15199
Feedback: 0.6106
Received=	0.24116
Feedback: 0.3467
Received=	0.0064418
Feedback: 0.50425
Received=	0.30315
Feedback: 0.3051
Received=	0.28973
Feedback: 0.3141
Received=	0.16243
Feedback: 0.39955
Received=	0.080481
Feedback: 0.45456
Received=	-0.030988
Feedback: 0.52938
Received=	-0.17395
Feedback: 0.62534
Received=	-0.082372
Feedback: 0.56387
Received=	0.15965
Feedback: 0.40141
Received=	0.14845
Feedback: 0.40894
Received=	0.18895
Feedback: 0.38175
Received=	-0.0070914
Feedback: 0.51334
Received=	0.10774
Feedback: 0.43626
Received=	0.066526
Feedback: 0.46392
Received=	-0.31646
Feedback: 0.72099
Received=	-0.42161
Feedback: 0.79157
Calculated range:	[(-2.000000) - (2.000000)]
Success index = (0.283585)
Received=	-0.30905
=====  12:56:14 - BASE  ============
Feedback: 0.66
Received=	-0.10372
Feedback: 0.66
Received=	0.20988
Feedback: 0.66
Received=	0.23598
Feedback: 0.66
Received=	-0.016191
Feedback: 0.66
Received=	-0.19323
Feedback: 0.66
Received=	-0.0062865
Feedback: 0.66
Received=	0.025362
Feedback: 0.66
Received=	-0.16878
Feedback: 0.66
Received=	-0.017594
Feedback: 0.66
Received=	-0.24592
Feedback: 0.66
Received=	-0.32591
Feedback: 0.66
Received=	0.12871
Feedback: 0.66
Received=	0.24297
Feedback: 0.66
Received=	0.34008
Feedback: 0.66
Received=	0.25574
Feedback: 0.66
Received=	0.44355
Feedback: 0.66
Received=	0.39416
Feedback: 0.66
Received=	0.69681
Feedback: 0.66
Received=	0.76948
Feedback: 0.66
Received=	0.23366
=====  12:57:14 - NF  ============
Feedback: 0.44786
Received=	0.23836
Feedback: 0.44479
Received=	0.13016
Feedback: 0.51546
Received=	-0.034062
Feedback: 0.62272
Received=	-0.28744
Feedback: 0.78821
Received=	-0.26432
Feedback: 0.77311
Received=	-0.31422
Feedback: 0.8057
Received=	0.056839
Feedback: 0.56335
Received=	0.30149
Feedback: 0.40355
Received=	-0.075817
Feedback: 0.64999
Received=	-0.1882
Feedback: 0.72339
Received=	0.095086
Feedback: 0.53836
Received=	0.029047
Feedback: 0.5815
Received=	0.049134
Feedback: 0.56838
Received=	0.39847
Feedback: 0.34021
Received=	0.52799
Feedback: 0.25561
Received=	0.20552
Feedback: 0.46623
Received=	0.094207
Feedback: 0.53894
Received=	0.092613
Feedback: 0.53998
Received=	-0.19547
Feedback: 0.72814
Received=	-0.10407
Feedback: 0.66844
Received=	-0.052732
Feedback: 0.63491
Received=	0.10871
Feedback: 0.52947
Received=	0.388
Feedback: 0.34705
Received=	0.058824
Feedback: 0.56205
Received=	0.38687
Feedback: 0.34778
Received=	0.49272
Feedback: 0.27865
Received=	0.53676
Feedback: 0.24989
Received=	0.33084
Feedback: 0.38438
Received=	0.30084
Feedback: 0.40398
Received=	0.385
Feedback: 0.34901
Received=	0.55122
Feedback: 0.24044
Received=	0.30227
Feedback: 0.40304
Received=	-0.050446
Feedback: 0.63342
Received=	0.34576
Feedback: 0.37464
Received=	0.69593
Feedback: 0.14593
Received=	0.32281
Feedback: 0.38963
Received=	-0.21558
Feedback: 0.74127
Received=	-0.12101
Feedback: 0.6795
Received=	0.22077
Feedback: 0.45627
Received=	0.13226
Feedback: 0.51409
Received=	0.13422
Feedback: 0.51281
Received=	-0.051646
Feedback: 0.6342
Received=	0.0034616
Feedback: 0.59821
Received=	-0.28832
Feedback: 0.78878
Received=	-0.44072
Feedback: 0.88832
Received=	-0.22293
Feedback: 0.74608
Received=	-0.20065
Feedback: 0.73152
Received=	-0.24482
Feedback: 0.76037
Received=	0.0011201
Feedback: 0.59974
Received=	0.29781
Feedback: 0.40595
Received=	0.3972
Feedback: 0.34104
Received=	0.28146
Feedback: 0.41664
Received=	-0.078702
Feedback: 0.65187
Received=	-0.1782
Feedback: 0.71686
Received=	-0.024965
Feedback: 0.61677
Received=	-0.073795
Feedback: 0.64867
Received=	-0.16244
Feedback: 0.70657
Received=	-0.1261
Feedback: 0.68283
Received=	0.17121
Feedback: 0.48864
Calculated range:	[(-2.000000) - (2.000000)]
Success index = (-0.243256)
Received=	0.07086
=====  13:0:14 - BASE  ============
Feedback: 0.66
Received=	0.28717
Feedback: 0.66
Received=	0.48185
Feedback: 0.66
Received=	0.13055
Feedback: 0.66
Received=	0.23211
Feedback: 0.66
Received=	0.60119
Feedback: 0.66
Received=	0.46829
Feedback: 0.66
Received=	0.21026
Feedback: 0.66
Received=	0.19042
Feedback: 0.66
Received=	0.26215
Feedback: 0.66
Received=	0.098079
Feedback: 0.66
Received=	0.13303
Feedback: 0.66
Received=	0.50586
Feedback: 0.66
Received=	0.40447
Feedback: 0.66
Received=	0.27361
Feedback: 0.66
Received=	0.4312
Feedback: 0.66
Received=	0.45493
Feedback: 0.66
Received=	0.50195
Feedback: 0.66
Received=	1.2783
Feedback: 0.66
Received=	0.9329
Feedback: 0.66
Received=	0.35016
=====  13:1:14 - NF  ============
Feedback: 0.54815
Received=	0.34233
Feedback: 0.55342
Received=	0.25226
Feedback: 0.61401
Received=	0.12691
Feedback: 0.69834
Received=	-0.012163
Feedback: 0.7919
Received=	-0.38152
Feedback: 0.9
Received=	-0.56245
Feedback: 0.9
Received=	-0.16359
Feedback: 0.89377
Received=	-0.084637
Feedback: 0.84065
Received=	-0.081291
Feedback: 0.8384
Received=	-0.31002
Feedback: 0.9
Received=	-0.10787
Feedback: 0.85628
Received=	0.070208
Feedback: 0.73648
Received=	-0.25057
Feedback: 0.9
Received=	-0.56258
Feedback: 0.9
Received=	-0.30698
Feedback: 0.9
Received=	-0.12576
Feedback: 0.86831
Received=	-0.10903
Feedback: 0.85706
Received=	-0.47313
Feedback: 0.9
Received=	-0.034118
Feedback: 0.80667
Received=	0.11467
Feedback: 0.70657
Received=	0.16313
Feedback: 0.67397
Received=	0.15463
Feedback: 0.67969
Received=	0.12677
Feedback: 0.69843
Received=	0.38081
Feedback: 0.52753
Received=	0.5322
Feedback: 0.42568
Received=	0.4705
Feedback: 0.46719
Received=	-0.06058
Feedback: 0.82447
Received=	-0.053456
Feedback: 0.81967
Received=	-0.11817
Feedback: 0.86321
Received=	-0.10273
Feedback: 0.85282
Received=	-0.20135
Feedback: 0.9
Received=	-0.32194
Feedback: 0.9
Received=	-0.4179
Feedback: 0.9
Received=	-0.21762
Feedback: 0.9
Received=	0.030854
Feedback: 0.76296
Received=	-0.23245
Feedback: 0.9
Received=	0.088092
Feedback: 0.72445
Received=	0.17544
Feedback: 0.66569
Received=	-0.42259
Feedback: 0.9
Received=	-0.40758
Feedback: 0.9
Received=	-0.058906
Feedback: 0.82334
Received=	-0.050025
Feedback: 0.81737
Received=	0.037527
Feedback: 0.75847
Received=	0.05404
Feedback: 0.74736
Received=	-0.12683
Feedback: 0.86903
Received=	0.00027102
Feedback: 0.78353
Received=	0.02552
Feedback: 0.76654
Received=	-0.054883
Feedback: 0.82063
Received=	-0.26744
Feedback: 0.9
Received=	-0.059667
Feedback: 0.82385
Received=	0.332
Feedback: 0.56036
Received=	-0.006215
Feedback: 0.78789
Received=	-0.23047
Feedback: 0.9
Received=	-0.27072
Feedback: 0.9
Received=	0.32656
Feedback: 0.56403
Received=	0.48673
Feedback: 0.45628
Received=	0.042776
Feedback: 0.75494
Received=	-0.014819
Feedback: 0.79368
Received=	0.12492
Feedback: 0.69967
Calculated range:	[(-2.748612) - (1.251388)]
Success index = (-1.748612)
Received=	0.24463
=====  13:4:14 - BASE  ============
Feedback: 0.66
Received=	0.23975
Feedback: 0.66
Received=	0.18713
Feedback: 0.66
Received=	-0.0073906
Feedback: 0.66
Received=	0.025718
Feedback: 0.66
Received=	0.087427
Feedback: 0.66
Received=	0.29432
Feedback: 0.66
Received=	0.40154
Feedback: 0.66
Received=	0.10107
Feedback: 0.66
Received=	-0.20618
Feedback: 0.66
Received=	0.089982
Feedback: 0.66
Received=	-0.21879
Feedback: 0.66
Received=	-0.35342
Feedback: 0.66
Received=	-0.57624
Feedback: 0.66
Received=	-0.28669
Feedback: 0.66
Received=	0.2881
Feedback: 0.66
Received=	0.11176
Feedback: 0.66
Received=	-0.089717
Feedback: 0.66
Received=	-0.088713
Feedback: 0.66
Received=	-0.33267
Feedback: 0.66
Received=	-0.1184
=====  13:5:14 - NF  ============
Feedback: 0.41706
Received=	0.114
Feedback: 0.2378
Received=	0.10496
Feedback: 0.24477
Received=	-0.062374
Feedback: 0.37384
Received=	-0.098108
Feedback: 0.40141
Received=	0.0032241
Feedback: 0.32325
Received=	-0.062684
Feedback: 0.37408
Received=	-0.054454
Feedback: 0.36774
Received=	-0.062071
Feedback: 0.37361
Received=	-0.10479
Feedback: 0.40656
Received=	-0.098583
Feedback: 0.40177
Received=	-0.16578
Feedback: 0.4536
Received=	-0.20014
Feedback: 0.48011
Received=	0.040182
Feedback: 0.29474
Received=	-0.11714
Feedback: 0.41608
Received=	-0.37031
Feedback: 0.61136
Received=	0.073616
Feedback: 0.26895
Received=	-0.089727
Feedback: 0.39494
Received=	0.023254
Feedback: 0.3078
Received=	-0.1579
Feedback: 0.44753
Received=	0.38815
Feedback: 0.1
Received=	0.24064
Feedback: 0.14012
Received=	-0.37711
Feedback: 0.61661
Received=	-0.43849
Feedback: 0.66396
Received=	-0.36025
Feedback: 0.60361
Received=	-0.15576
Feedback: 0.44587
Received=	-0.23559
Feedback: 0.50745
Received=	-0.074819
Feedback: 0.38344
Received=	-0.036824
Feedback: 0.35414
Received=	-0.055049
Feedback: 0.36819
Received=	-0.09604
Feedback: 0.39981
Received=	-0.31272
Feedback: 0.56694
Received=	-0.61943
Feedback: 0.80352
Received=	-0.90037
Feedback: 0.9
Received=	-0.89885
Feedback: 0.9
Received=	-0.21994
Feedback: 0.49538
Received=	-0.0093932
Feedback: 0.33298
Received=	0.28906
Feedback: 0.10277
Received=	0.40715
Feedback: 0.1
Received=	-0.045703
Feedback: 0.36099
Received=	-0.49848
Feedback: 0.71023
Received=	-0.54296
Feedback: 0.74454
Received=	-0.18426
Feedback: 0.46786
Received=	0.22639
Feedback: 0.15111
Received=	0.39431
Feedback: 0.1
Received=	0.29142
Feedback: 0.10095
Received=	0.10125
Feedback: 0.24764
Received=	0.062809
Feedback: 0.27729
Received=	0.19033
Feedback: 0.17893
Received=	0.20906
Feedback: 0.16448
Received=	0.043257
Feedback: 0.29237
Received=	-0.074531
Feedback: 0.38322
Received=	0.041196
Feedback: 0.29396
Received=	0.13101
Feedback: 0.22468
Received=	0.072104
Feedback: 0.27012
Received=	0.064393
Feedback: 0.27606
Received=	0.1871
Feedback: 0.18142
Received=	-0.14938
Feedback: 0.44095
Received=	-0.57045
Feedback: 0.76574
Received=	-0.39028
Feedback: 0.62677
Calculated range:	[(-2.000000) - (2.000000)]
Success index = (-0.206802)
Received=	-0.022935
=====  13:8:14 - BASE  ============
Feedback: 0.66
Received=	0.12558
Feedback: 0.66
Received=	-0.11935
Feedback: 0.66
Received=	-0.44592
Feedback: 0.66
Received=	0.037736
Feedback: 0.66
Received=	0.44862
Feedback: 0.66
Received=	0.78456
Feedback: 0.66
Received=	0.53494
Feedback: 0.66
Received=	0.72829
Feedback: 0.66
Received=	0.8564
Feedback: 0.66
Received=	-0.13954
Feedback: 0.66
Received=	-0.17852
Feedback: 0.66
Received=	0.38443
Feedback: 0.66
Received=	0.41516
Feedback: 0.66
Received=	-0.048065
Feedback: 0.66
Received=	-0.25806
Feedback: 0.66
Received=	-0.34879
Feedback: 0.66
Received=	-0.39388
Feedback: 0.66
Received=	-0.24466
Feedback: 0.66
Received=	0.12195
Feedback: 0.66
Received=	0.64781
=====  13:9:14 - NF  ============
Feedback: 0.25295
Received=	0.20698
Feedback: 0.45875
Received=	-0.0018238
Feedback: 0.55623
Received=	-0.062759
Feedback: 0.58468
Received=	0.078388
Feedback: 0.51879
Received=	-0.028235
Feedback: 0.56856
Received=	-0.32859
Feedback: 0.70879
Received=	-0.24162
Feedback: 0.66818
Received=	-0.3744
Feedback: 0.73018
Received=	-0.078679
Feedback: 0.59211
Received=	-0.083118
Feedback: 0.59419
Received=	0.27043
Feedback: 0.42913
Received=	0.50207
Feedback: 0.32099
Received=	0.46218
Feedback: 0.33961
Received=	0.14932
Feedback: 0.48567
Received=	-0.32341
Feedback: 0.70637
Received=	0.0017434
Feedback: 0.55457
Received=	0.035662
Feedback: 0.53873
Received=	-0.12045
Feedback: 0.61161
Received=	-0.16995
Feedback: 0.63473
Received=	-0.024181
Feedback: 0.56667
Received=	-0.29033
Feedback: 0.69092
Received=	-0.58389
Feedback: 0.82798
Received=	-0.11496
Feedback: 0.60905
Received=	0.063101
Feedback: 0.52592
Received=	-0.10442
Feedback: 0.60413
Received=	-0.19564
Feedback: 0.64672
Received=	0.12362
Feedback: 0.49767
Received=	0.19092
Feedback: 0.46625
Received=	0.068524
Feedback: 0.52339
Received=	-0.01203
Feedback: 0.561
Received=	0.033694
Feedback: 0.53965
Received=	0.32974
Feedback: 0.40144
Received=	0.53201
Feedback: 0.30701
Received=	0.44756
Feedback: 0.34644
Received=	0.59393
Feedback: 0.2781
Received=	0.61384
Feedback: 0.26881
Received=	0.16639
Feedback: 0.4777
Received=	0.4959
Feedback: 0.32387
Received=	0.53466
Feedback: 0.30577
Received=	0.081058
Feedback: 0.51754
Received=	0.17532
Feedback: 0.47353
Received=	0.2516
Feedback: 0.43792
Received=	-0.16512
Feedback: 0.63247
Received=	-0.10396
Feedback: 0.60392
Received=	-0.031357
Feedback: 0.57002
Received=	-0.16956
Feedback: 0.63454
Received=	0.36252
Feedback: 0.38614
Received=	0.26965
Feedback: 0.42949
Received=	0.37467
Feedback: 0.38047
Received=	0.6712
Feedback: 0.24203
Received=	0.70347
Feedback: 0.22696
Received=	0.36234
Feedback: 0.38622
Received=	0.11602
Feedback: 0.50122
Received=	0.2873
Feedback: 0.42125
Received=	0.0015681
Feedback: 0.55465
Received=	0.2544
Feedback: 0.43662
Received=	0.10497
Feedback: 0.50638
Received=	-0.14193
Feedback: 0.62164
Received=	0.093518
Feedback: 0.51172
Calculated range:	[(-2.000000) - (2.000000)]
Success index = (-0.010899)
closing...
