Direction=-1.000000	; step=1.000000;
Received=	0
Feedback: 0.66
Received=	0
Feedback: 0.66
Received=	0
Feedback: 0.66
Received=	0.42304
Feedback: 0.66
Received=	0.27038
Feedback: 0.66
Received=	0.27091
Feedback: 0.66
Received=	0.15614
Feedback: 0.66
Received=	0.080025
Feedback: 0.66
Received=	0.035538
Feedback: 0.66
Received=	-0.27998
Feedback: 0.66
Received=	-0.22126
Feedback: 0.66
Received=	-0.27385
Feedback: 0.66
Received=	-0.23313
Feedback: 0.66
Received=	-0.25029
Feedback: 0.66
Received=	-0.21247
Feedback: 0.66
Received=	-0.047026
Feedback: 0.66
Received=	-0.09305
Feedback: 0.66
Received=	-0.15028
Feedback: 0.66
Received=	-0.067323
Feedback: 0.66
Received=	-0.04926
Feedback: 0.66
Received=	-0.071326
=====  12:13:40 - NF  ============
Feedback: 0.5342
Received=	-0.012569
Feedback: 0.47786
Received=	0.12605
Feedback: 0.34493
Received=	0.17791
Feedback: 0.29521
Received=	-0.089128
Feedback: 0.55127
Received=	-0.031033
Feedback: 0.49556
Received=	0.074395
Feedback: 0.39447
Received=	-0.11735
Feedback: 0.57833
Received=	-0.12741
Feedback: 0.58798
Received=	-0.151
Feedback: 0.6106
Received=	-0.17657
Feedback: 0.63513
Received=	-0.043699
Feedback: 0.50771
Received=	-0.14611
Feedback: 0.60592
Received=	-0.065857
Feedback: 0.52896
Received=	-0.081026
Feedback: 0.5435
Received=	-0.20918
Feedback: 0.66639
Received=	0.0029731
Feedback: 0.46295
Received=	0.25527
Feedback: 0.22102
Received=	0.048969
Feedback: 0.41885
Received=	-0.071349
Feedback: 0.53422
Received=	0.068966
Feedback: 0.39967
Received=	-0.11735
Feedback: 0.57834
Received=	-0.061135
Feedback: 0.52443
Received=	0.094257
Feedback: 0.37542
Received=	-0.032478
Feedback: 0.49695
Received=	-0.012148
Feedback: 0.47745
Received=	-0.053166
Feedback: 0.51679
Received=	0.087168
Feedback: 0.38222
Received=	0.021439
Feedback: 0.44525
Received=	-0.20953
Feedback: 0.66673
Received=	-0.12265
Feedback: 0.58342
Received=	-0.25951
Feedback: 0.71465
Received=	-0.18802
Feedback: 0.6461
Received=	-0.27543
Feedback: 0.72992
Received=	-0.34609
Feedback: 0.79767
Received=	-0.16025
Feedback: 0.61947
Received=	0.00053719
Feedback: 0.46529
Received=	-0.054545
Feedback: 0.51811
Received=	-0.15692
Feedback: 0.61628
Received=	-0.16788
Feedback: 0.62678
Received=	-0.35315
Feedback: 0.80445
Received=	-0.39656
Feedback: 0.84608
Received=	-0.13691
Feedback: 0.59709
Received=	-0.049509
Feedback: 0.51328
Received=	0.11571
Feedback: 0.35485
Received=	0.26367
Feedback: 0.21296
Received=	0.27452
Feedback: 0.20256
Received=	0.30916
Feedback: 0.16935
Received=	0.20661
Feedback: 0.26768
Received=	0.076565
Feedback: 0.39239
Received=	0.0042273
Feedback: 0.46175
Received=	-0.17558
Feedback: 0.63417
Received=	-0.26736
Feedback: 0.72218
Received=	-0.36516
Feedback: 0.81596
Received=	-0.38324
Feedback: 0.83331
Received=	-0.22407
Feedback: 0.68067
Received=	-0.24657
Feedback: 0.70224
Received=	-0.30858
Feedback: 0.76171
Received=	-0.24434
Feedback: 0.70011
Received=	0.02167
Feedback: 0.44503
Calculated range:	[(-2.000000) - (2.000000)]
Success index = (-0.223287)
Received=	-0.040723
=====  12:16:40 - BASE  ============
Feedback: 0.66
Received=	0.10242
Feedback: 0.66
Received=	0.067254
Feedback: 0.66
Received=	0.44043
Feedback: 0.66
Received=	0.46171
Feedback: 0.66
Received=	0.18708
Feedback: 0.66
Received=	-0.31204
Feedback: 0.66
Received=	-0.56426
Feedback: 0.66
Received=	-0.39154
Feedback: 0.66
Received=	-0.45258
Feedback: 0.66
Received=	-0.46203
Feedback: 0.66
Received=	-0.51392
Feedback: 0.66
Received=	-0.45105
Feedback: 0.66
Received=	-0.1529
Feedback: 0.66
Received=	0.14096
Feedback: 0.66
Received=	0.32477
Feedback: 0.66
Received=	0.093764
Feedback: 0.66
Received=	0.014923
Feedback: 0.66
Received=	-0.11603
Feedback: 0.66
Received=	-0.21046
Feedback: 0.66
Received=	-0.1777
=====  12:17:40 - NF  ============
Feedback: 0.5431
Received=	-0.054618
Feedback: 0.4698
Received=	0.35961
Feedback: 0.22312
Received=	0.37009
Feedback: 0.21688
Received=	0.25578
Feedback: 0.28495
Received=	0.21863
Feedback: 0.30708
Received=	0.28588
Feedback: 0.26703
Received=	0.27961
Feedback: 0.27076
Received=	0.30962
Feedback: 0.25289
Received=	0.27719
Feedback: 0.2722
Received=	0.18313
Feedback: 0.32822
Received=	0.11752
Feedback: 0.36729
Received=	0.24744
Feedback: 0.28992
Received=	0.043958
Feedback: 0.4111
Received=	0.13604
Feedback: 0.35626
Received=	0.17314
Feedback: 0.33416
Received=	0.0045451
Feedback: 0.43457
Received=	0.040051
Feedback: 0.41342
Received=	0.21434
Feedback: 0.30963
Received=	0.25029
Feedback: 0.28822
Received=	0.33369
Feedback: 0.23856
Received=	0.33725
Feedback: 0.23643
Received=	0.073031
Feedback: 0.39378
Received=	1.7714e-05
Feedback: 0.43726
Received=	-0.13408
Feedback: 0.51712
Received=	-0.18137
Feedback: 0.54528
Received=	-0.0056724
Feedback: 0.44065
Received=	-0.0069371
Feedback: 0.44141
Received=	0.076293
Feedback: 0.39184
Received=	0.18176
Feedback: 0.32903
Received=	0.19588
Feedback: 0.32063
Received=	0.33942
Feedback: 0.23514
Received=	0.087142
Feedback: 0.38538
Received=	0.13503
Feedback: 0.35686
Received=	0.28648
Feedback: 0.26667
Received=	0.22541
Feedback: 0.30304
Received=	-0.11078
Feedback: 0.50324
Received=	-0.16885
Feedback: 0.53783
Received=	0.041106
Feedback: 0.41279
Received=	0.35561
Feedback: 0.2255
Received=	0.60958
Feedback: 0.1
Received=	0.57512
Feedback: 0.1
Received=	0.51176
Feedback: 0.13251
Received=	0.20229
Feedback: 0.31681
Received=	0.12603
Feedback: 0.36222
Received=	-0.030457
Feedback: 0.45541
Received=	0.075423
Feedback: 0.39236
Received=	0.1081
Feedback: 0.3729
Received=	0.17587
Feedback: 0.33254
Received=	0.21415
Feedback: 0.30974
Received=	0.18036
Feedback: 0.32987
Received=	0.18522
Feedback: 0.32697
Received=	0.021905
Feedback: 0.42423
Received=	-0.15655
Feedback: 0.5305
Received=	-0.061569
Feedback: 0.47394
Received=	0.27647
Feedback: 0.27263
Received=	0.26005
Feedback: 0.28241
Received=	-0.041913
Feedback: 0.46223
Received=	-0.16617
Feedback: 0.53623
Received=	-0.062775
Feedback: 0.47466
Calculated range:	[(-2.000000) - (2.000000)]
Success index = (1.139352)
Received=	0.37572
=====  12:20:40 - BASE  ============
Feedback: 0.66
Received=	0.56856
Feedback: 0.66
Received=	0.76934
Feedback: 0.66
Received=	0.32215
Feedback: 0.66
Received=	-0.14448
Feedback: 0.66
Received=	-0.31071
Feedback: 0.66
Received=	-0.12081
Feedback: 0.66
Received=	0.14367
Feedback: 0.66
Received=	0.16016
Feedback: 0.66
Received=	-0.10985
Feedback: 0.66
Received=	-0.43276
Feedback: 0.66
Received=	-0.55982
Feedback: 0.66
Received=	-0.2356
Feedback: 0.66
Received=	-0.21972
Feedback: 0.66
Received=	-0.21482
Feedback: 0.66
Received=	-0.2776
Feedback: 0.66
Received=	-0.29337
Feedback: 0.66
Received=	-0.19017
Feedback: 0.66
Received=	-0.123
Feedback: 0.66
Received=	-0.025748
Feedback: 0.66
Received=	-0.11141
=====  12:21:40 - NF  ============
Feedback: 0.50522
Received=	0.011137
Feedback: 0.42428
Received=	0.3223
Feedback: 0.21877
Received=	0.27692
Feedback: 0.24874
Received=	0.2173
Feedback: 0.28812
Received=	0.065999
Feedback: 0.38805
Received=	0.012259
Feedback: 0.42354
Received=	-0.22877
Feedback: 0.58273
Received=	-0.31056
Feedback: 0.63675
Received=	-0.078786
Feedback: 0.48367
Received=	0.044608
Feedback: 0.40217
Received=	0.1392
Feedback: 0.3397
Received=	0.23639
Feedback: 0.27551
Received=	0.26423
Feedback: 0.25712
Received=	-0.024093
Feedback: 0.44755
Received=	-0.33865
Feedback: 0.65531
Received=	-0.18168
Feedback: 0.55163
Received=	0.11726
Feedback: 0.35419
Received=	0.35511
Feedback: 0.1971
Received=	0.10905
Feedback: 0.35961
Received=	0.46138
Feedback: 0.12691
Received=	0.4857
Feedback: 0.11085
Received=	0.029592
Feedback: 0.41209
Received=	-0.25064
Feedback: 0.59718
Received=	-0.33669
Feedback: 0.65401
Received=	-0.45703
Feedback: 0.73349
Received=	-0.57789
Feedback: 0.81331
Received=	-0.39113
Feedback: 0.68996
Received=	-0.035388
Feedback: 0.45501
Received=	-0.1788
Feedback: 0.54973
Received=	-0.029399
Feedback: 0.45105
Received=	0.487
Feedback: 0.10999
Received=	0.60367
Feedback: 0.1
Received=	0.26039
Feedback: 0.25966
Received=	-0.069115
Feedback: 0.47729
Received=	-0.019323
Feedback: 0.4444
Received=	0.12438
Feedback: 0.34949
Received=	0.041151
Feedback: 0.40446
Received=	-0.17173
Feedback: 0.54506
Received=	-0.35776
Feedback: 0.66793
Received=	-0.29486
Feedback: 0.62638
Received=	-0.34378
Feedback: 0.65869
Received=	-0.21687
Feedback: 0.57487
Received=	-0.34404
Feedback: 0.65886
Received=	-0.12905
Feedback: 0.51687
Received=	-0.13817
Feedback: 0.5229
Received=	-0.24945
Feedback: 0.59639
Received=	-0.23316
Feedback: 0.58563
Received=	-0.029331
Feedback: 0.45101
Received=	0.039043
Feedback: 0.40585
Received=	0.011484
Feedback: 0.42405
Received=	0.2202
Feedback: 0.2862
Received=	0.073067
Feedback: 0.38338
Received=	-0.14554
Feedback: 0.52776
Received=	-0.29884
Feedback: 0.62901
Received=	-0.3473
Feedback: 0.66101
Received=	-0.35608
Feedback: 0.66681
Received=	-0.08524
Feedback: 0.48794
Received=	-0.044647
Feedback: 0.46113
Received=	-0.1679
Feedback: 0.54253
Calculated range:	[(-2.000000) - (2.000000)]
Success index = (0.226687)
Received=	-0.013115
=====  12:24:40 - BASE  ============
Feedback: 0.66
Received=	0.068786
Feedback: 0.66
Received=	0.037156
Feedback: 0.66
Received=	0.11427
Feedback: 0.66
Received=	0.35642
Feedback: 0.66
Received=	-0.018557
Feedback: 0.66
Received=	-0.27696
Feedback: 0.66
Received=	-0.10775
Feedback: 0.66
Received=	-0.17013
Feedback: 0.66
Received=	-0.35062
Feedback: 0.66
Received=	-0.44574
Feedback: 0.66
Received=	-0.25174
Feedback: 0.66
Received=	-0.33819
Feedback: 0.66
Received=	-0.30619
Feedback: 0.66
Received=	-0.47364
Feedback: 0.66
Received=	-0.25268
Feedback: 0.66
Received=	-0.27505
Feedback: 0.66
Received=	-0.29543
Feedback: 0.66
Received=	-0.28293
Feedback: 0.66
Received=	-0.35462
Feedback: 0.66
Received=	-0.12105
=====  12:25:40 - NF  ============
Feedback: 0.42003
Received=	0.023226
Feedback: 0.2828
Received=	-0.012058
Feedback: 0.31636
Received=	-0.096759
Feedback: 0.39692
Received=	-0.11801
Feedback: 0.41713
Received=	0.14533
Feedback: 0.16666
Received=	0.0052779
Feedback: 0.29987
Received=	-0.09305
Feedback: 0.3934
Received=	0.13792
Feedback: 0.17372
Received=	0.23183
Feedback: 0.1
Received=	-0.029388
Feedback: 0.33285
Received=	0.035534
Feedback: 0.2711
Received=	0.28149
Feedback: 0.1
Received=	0.23274
Feedback: 0.1
Received=	-0.10728
Feedback: 0.40693
Received=	-0.20995
Feedback: 0.50458
Received=	-0.31417
Feedback: 0.60371
Received=	-0.24404
Feedback: 0.53701
Received=	0.026203
Feedback: 0.27997
Received=	0.37126
Feedback: 0.1
Received=	0.2503
Feedback: 0.1
Received=	0.025016
Feedback: 0.2811
Received=	-0.35273
Feedback: 0.64038
Received=	0.0095998
Feedback: 0.29576
Received=	0.2526
Feedback: 0.1
Received=	0.42384
Feedback: 0.1
Received=	0.44863
Feedback: 0.1
Received=	0.1701
Feedback: 0.14311
Received=	0.23485
Feedback: 0.1
Received=	0.29815
Feedback: 0.1
Received=	-0.034647
Feedback: 0.33785
Received=	-0.28511
Feedback: 0.57607
Received=	-0.33402
Feedback: 0.62259
Received=	-0.13504
Feedback: 0.43333
Received=	-0.1304
Feedback: 0.42892
Received=	-0.27498
Feedback: 0.56643
Received=	-0.38895
Feedback: 0.67483
Received=	-0.27751
Feedback: 0.56884
Received=	-0.32472
Feedback: 0.61374
Received=	-0.41346
Feedback: 0.69814
Received=	-0.4287
Feedback: 0.71264
Received=	-0.38623
Feedback: 0.67224
Received=	-0.28026
Feedback: 0.57145
Received=	-0.22106
Feedback: 0.51514
Received=	-0.0055725
Feedback: 0.31019
Received=	-0.053174
Feedback: 0.35547
Received=	-0.1448
Feedback: 0.44262
Received=	-0.18871
Feedback: 0.48438
Received=	-0.23684
Feedback: 0.53015
Received=	-0.18442
Feedback: 0.4803
Received=	-0.00068654
Feedback: 0.30555
Received=	0.23534
Feedback: 0.1
Received=	0.25117
Feedback: 0.1
Received=	0.177
Feedback: 0.13654
Received=	0.29709
Feedback: 0.1
Received=	0.43011
Feedback: 0.1
Received=	0.3413
Feedback: 0.1
Received=	0.19212
Feedback: 0.12216
Received=	0.13058
Feedback: 0.18069
Received=	-0.0944
Feedback: 0.39468
Calculated range:	[(-2.000000) - (2.000000)]
Success index = (0.813817)
Received=	0.091495
=====  12:28:40 - BASE  ============
Feedback: 0.66
Received=	0.17493
Feedback: 0.66
Received=	0.032069
Feedback: 0.66
Received=	0.13676
Feedback: 0.66
Received=	0.21747
Feedback: 0.66
Received=	-0.062316
Feedback: 0.66
Received=	-0.0084121
Feedback: 0.66
Received=	-0.022019
Feedback: 0.66
Received=	0.11281
Feedback: 0.66
Received=	-0.033641
Feedback: 0.66
Received=	-0.13699
Feedback: 0.66
Received=	-0.096462
Feedback: 0.66
Received=	0.13805
Feedback: 0.66
Received=	0.0168
Feedback: 0.66
Received=	-0.068489
Feedback: 0.66
Received=	-0.016672
Feedback: 0.66
Received=	-0.26116
Feedback: 0.66
Received=	-0.33008
Feedback: 0.66
Received=	-0.27918
Feedback: 0.66
Received=	-0.19646
Feedback: 0.66
Received=	0.17761
=====  12:29:40 - NF  ============
Feedback: 0.20273
Received=	0.46872
Feedback: 0.1
Received=	0.17991
Feedback: 0.1997
Received=	0.22154
Feedback: 0.14476
Received=	0.12837
Feedback: 0.2677
Received=	-0.16026
Feedback: 0.64859
Received=	-0.25994
Feedback: 0.78013
Received=	0.086684
Feedback: 0.32272
Received=	0.30757
Feedback: 0.1
Received=	0.33278
Feedback: 0.1
Received=	0.039674
Feedback: 0.38475
Received=	-0.02687
Feedback: 0.47256
Received=	0.18996
Feedback: 0.18643
Received=	0.13602
Feedback: 0.25762
Received=	-0.15235
Feedback: 0.63814
Received=	-0.30411
Feedback: 0.83841
Received=	-0.28924
Feedback: 0.81879
Received=	-0.078344
Feedback: 0.54049
Received=	0.14785
Feedback: 0.242
Received=	0.0043134
Feedback: 0.43141
Received=	-0.23827
Feedback: 0.75152
Received=	-0.28147
Feedback: 0.80853
Received=	0.29556
Feedback: 0.1
Received=	0.40723
Feedback: 0.1
Received=	0.21067
Feedback: 0.15911
Received=	0.23474
Feedback: 0.12734
Received=	0.23749
Feedback: 0.12372
Received=	0.40135
Feedback: 0.1
Received=	0.50738
Feedback: 0.1
Received=	0.21547
Feedback: 0.15277
Received=	0.083359
Feedback: 0.3271
Received=	0.040263
Feedback: 0.38397
Received=	-0.2008
Feedback: 0.70207
Received=	-0.051682
Feedback: 0.5053
Received=	0.052464
Feedback: 0.36787
Received=	0.15765
Feedback: 0.22907
Received=	0.13747
Feedback: 0.2557
Received=	0.11178
Feedback: 0.2896
Received=	0.25077
Feedback: 0.10619
Received=	0.36173
Feedback: 0.1
Received=	0.21392
Feedback: 0.15481
Received=	0.054819
Feedback: 0.36476
Received=	-0.16902
Feedback: 0.66014
Received=	0.1582
Feedback: 0.22834
Received=	0.35348
Feedback: 0.1
Received=	0.20896
Feedback: 0.16136
Received=	-0.35663
Feedback: 0.9
Received=	-0.31757
Feedback: 0.85618
Received=	-0.24526
Feedback: 0.76075
Received=	-0.25661
Feedback: 0.77573
Received=	-0.16349
Feedback: 0.65284
Received=	-0.18638
Feedback: 0.68305
Received=	-0.13035
Feedback: 0.60911
Received=	-0.35941
Feedback: 0.9
Received=	-0.20176
Feedback: 0.70334
Received=	-0.017043
Feedback: 0.45959
Received=	-0.35772
Feedback: 0.9
Received=	-0.32118
Feedback: 0.86093
Received=	-0.12562
Feedback: 0.60288
Received=	-0.078103
Feedback: 0.54017
Calculated range:	[(-2.000000) - (2.000000)]
Success index = (0.355771)
closing...
