Direction=-1.000000	; step=1.000000;
Received=	0
Feedback: 0.66
Received=	0
Feedback: 0.66
Received=	0
Feedback: 0.66
Received=	-0.025936
Feedback: 0.66
Received=	-0.076534
Feedback: 0.66
Received=	-0.28879
Feedback: 0.66
Received=	-0.40565
Feedback: 0.66
Received=	0.0019654
Feedback: 0.66
Received=	0.056598
Feedback: 0.66
Received=	0.13298
Feedback: 0.66
Received=	0.13842
Feedback: 0.66
Received=	0.18759
Feedback: 0.66
Received=	0.10581
Feedback: 0.66
Received=	0.096629
Feedback: 0.66
Received=	0.10011
Feedback: 0.66
Received=	0.078477
Feedback: 0.66
Received=	-0.18395
Feedback: 0.66
Received=	-0.076816
Feedback: 0.66
Received=	0.041387
Feedback: 0.66
Received=	0.11231
Feedback: 0.66
Received=	0.034761
=====  18:25:20 - NF  ============
Feedback: 0.45541
Received=	0.16307
Feedback: 0.29225
Received=	0.33045
Feedback: 0.1
Received=	0.25984
Feedback: 0.16919
Received=	-0.22137
Feedback: 0.78112
Received=	-0.46754
Feedback: 0.9
Received=	-0.43729
Feedback: 0.9
Received=	-0.050951
Feedback: 0.56441
Received=	0.69889
Feedback: 0.1
Received=	0.70854
Feedback: 0.1
Received=	0.5095
Feedback: 0.1
Received=	0.16577
Feedback: 0.28882
Received=	0.63435
Feedback: 0.1
Received=	1.02
Feedback: 0.1
Received=	1.0986
Feedback: 0.1
Received=	0.87051
Feedback: 0.1
Received=	0.42117
Feedback: 0.1
Received=	0.22429
Feedback: 0.21439
Received=	0.025725
Feedback: 0.4669
Received=	0.17342
Feedback: 0.27909
Received=	0.3276
Feedback: 0.1
Received=	0.27606
Feedback: 0.14857
Received=	0.083909
Feedback: 0.39291
Received=	0.36333
Feedback: 0.1
Received=	0.30851
Feedback: 0.10729
Received=	-0.01017
Feedback: 0.51255
Received=	-0.14649
Feedback: 0.68591
Received=	-0.092865
Feedback: 0.61771
Received=	-0.24414
Feedback: 0.81008
Received=	-0.27532
Feedback: 0.84973
Received=	-0.19216
Feedback: 0.74397
Received=	0.20384
Feedback: 0.2404
Received=	0.21409
Feedback: 0.22737
Received=	-0.10137
Feedback: 0.62853
Received=	-0.35381
Feedback: 0.9
Received=	-0.35911
Feedback: 0.9
Received=	-0.37224
Feedback: 0.9
Received=	-0.48187
Feedback: 0.9
Received=	-0.65737
Feedback: 0.9
Received=	-0.68413
Feedback: 0.9
Received=	-0.66952
Feedback: 0.9
Received=	-0.57137
Feedback: 0.9
Received=	-0.36188
Feedback: 0.9
Received=	-0.35675
Feedback: 0.9
Received=	-0.52806
Feedback: 0.9
Received=	-0.61001
Feedback: 0.9
Received=	-0.15227
Feedback: 0.69325
Received=	-0.09894
Feedback: 0.62544
Received=	-0.41347
Feedback: 0.9
Received=	-0.37382
Feedback: 0.9
Received=	-0.15867
Feedback: 0.7014
Received=	-0.25318
Feedback: 0.82157
Received=	-0.46569
Feedback: 0.9
Received=	-0.3213
Feedback: 0.9
Received=	-0.28582
Feedback: 0.86309
Received=	-0.36661
Feedback: 0.9
Received=	-0.27092
Feedback: 0.84413
Received=	-0.36139
Feedback: 0.9
Received=	-0.51466
Feedback: 0.9
Received=	-0.56208
Feedback: 0.9
Calculated range:	[(-2.000000) - (2.000000)]
Success index = (-0.167437)
Received=	-0.61396
=====  18:28:20 - BASE  ============
Feedback: 0.66
Received=	-0.60242
Feedback: 0.66
Received=	-0.35167
Feedback: 0.66
Received=	-0.51805
Feedback: 0.66
Received=	-0.3657
Feedback: 0.66
Received=	-0.17886
Feedback: 0.66
Received=	-0.36416
Feedback: 0.66
Received=	-0.54766
Feedback: 0.66
Received=	-0.61726
Feedback: 0.66
Received=	-0.79638
Feedback: 0.66
Received=	-0.55481
Feedback: 0.66
Received=	-0.50061
Feedback: 0.66
Received=	-0.36684
Feedback: 0.66
Received=	-0.17173
Feedback: 0.66
Received=	-0.33017
Feedback: 0.66
Received=	-0.38304
Feedback: 0.66
Received=	-0.50392
Feedback: 0.66
Received=	-0.46494
Feedback: 0.66
Received=	-0.61806
Feedback: 0.66
Received=	0.049659
Feedback: 0.66
Received=	0.25515
=====  18:29:20 - NF  ============
Feedback: 0.1
Received=	-0.17253
Feedback: 0.24408
Received=	-0.44225
Feedback: 0.5215
Received=	-0.48141
Feedback: 0.56178
Received=	-0.25461
Feedback: 0.3285
Received=	-0.24464
Feedback: 0.31825
Received=	-0.56359
Feedback: 0.64631
Received=	-0.49917
Feedback: 0.58005
Received=	-0.33815
Feedback: 0.41443
Received=	-0.31881
Feedback: 0.39454
Received=	-0.3206
Feedback: 0.39638
Received=	-0.34248
Feedback: 0.41888
Received=	0.091833
Feedback: 0.1
Received=	-0.02368
Feedback: 0.1
Received=	-0.23825
Feedback: 0.31167
Received=	-0.1292
Feedback: 0.19951
Received=	-0.018706
Feedback: 0.1
Received=	-0.11228
Feedback: 0.18211
Received=	-0.20874
Feedback: 0.28132
Received=	-0.52511
Feedback: 0.60673
Received=	-0.32872
Feedback: 0.40473
Received=	-0.017246
Feedback: 0.1
Received=	0.078359
Feedback: 0.1
Received=	-0.083272
Feedback: 0.15227
Received=	-0.25417
Feedback: 0.32805
Received=	-0.26198
Feedback: 0.33608
Received=	-0.30741
Feedback: 0.38281
Received=	-0.51319
Feedback: 0.59447
Received=	-0.4624
Feedback: 0.54223
Received=	-0.34041
Feedback: 0.41675
Received=	-0.3815
Feedback: 0.45902
Received=	-0.20215
Feedback: 0.27455
Received=	-0.25262
Feedback: 0.32646
Received=	-0.30826
Feedback: 0.38369
Received=	0.15073
Feedback: 0.1
Received=	0.049515
Feedback: 0.1
Received=	-0.079295
Feedback: 0.14818
Received=	-0.23681
Feedback: 0.3102
Received=	-0.46586
Feedback: 0.54578
Received=	-0.38671
Feedback: 0.46437
Received=	-0.2952
Feedback: 0.37026
Received=	-0.018084
Feedback: 0.1
Received=	-0.21147
Feedback: 0.28413
Received=	-0.33359
Feedback: 0.40974
Received=	-0.54869
Feedback: 0.63098
Received=	-0.57788
Feedback: 0.661
Received=	-0.26451
Feedback: 0.33869
Received=	-0.25323
Feedback: 0.32708
Received=	-0.15851
Feedback: 0.22966
Received=	-0.043411
Feedback: 0.11128
Received=	0.082278
Feedback: 0.1
Received=	0.13226
Feedback: 0.1
Received=	-0.15827
Feedback: 0.22941
Received=	-0.50444
Feedback: 0.58546
Received=	-0.58701
Feedback: 0.67039
Received=	-0.54924
Feedback: 0.63155
Received=	-0.64324
Feedback: 0.72823
Received=	-0.64715
Feedback: 0.73225
Received=	-0.7109
Feedback: 0.79783
Received=	-0.59217
Feedback: 0.6757
Calculated range:	[(-2.000000) - (2.000000)]
Success index = (0.678522)
Received=	-0.65233
=====  18:32:20 - BASE  ============
Feedback: 0.66
Received=	-0.723
Feedback: 0.66
Received=	-0.67534
Feedback: 0.66
Received=	-0.751
Feedback: 0.66
Received=	-0.82887
Feedback: 0.66
Received=	-0.63104
Feedback: 0.66
Received=	-0.57197
Feedback: 0.66
Received=	-0.63894
Feedback: 0.66
Received=	-0.54297
Feedback: 0.66
Received=	-0.43267
Feedback: 0.66
Received=	-0.51859
Feedback: 0.66
Received=	-0.47711
Feedback: 0.66
Received=	-0.53371
Feedback: 0.66
Received=	-0.38701
Feedback: 0.66
Received=	-0.24856
Feedback: 0.66
Received=	-0.282
Feedback: 0.66
Received=	-0.29097
Feedback: 0.66
Received=	0.17551
Feedback: 0.66
Received=	0.58377
Feedback: 0.66
Received=	0.24947
Feedback: 0.66
Received=	-0.082884
=====  18:33:20 - NF  ============
Feedback: 0.34109
Received=	-0.26942
Feedback: 0.44157
Received=	-0.44837
Feedback: 0.53797
Received=	-0.51807
Feedback: 0.57551
Received=	-0.35619
Feedback: 0.48831
Received=	-0.084713
Feedback: 0.34207
Received=	-0.17973
Feedback: 0.39326
Received=	-0.55837
Feedback: 0.59722
Received=	-0.80774
Feedback: 0.73156
Received=	-0.73162
Feedback: 0.69055
Received=	-0.5953
Feedback: 0.61712
Received=	-0.52221
Feedback: 0.57775
Received=	-0.50222
Feedback: 0.56698
Received=	-0.41474
Feedback: 0.51985
Received=	-0.46237
Feedback: 0.54551
Received=	-0.41786
Feedback: 0.52153
Received=	-0.47588
Feedback: 0.55279
Received=	-0.52063
Feedback: 0.57689
Received=	-0.49097
Feedback: 0.56091
Received=	-0.60829
Feedback: 0.62411
Received=	-0.53524
Feedback: 0.58477
Received=	-0.58837
Feedback: 0.61338
Received=	-0.71276
Feedback: 0.68039
Received=	-0.45343
Feedback: 0.54069
Received=	-0.2351
Feedback: 0.42308
Received=	-0.25105
Feedback: 0.43167
Received=	-0.39198
Feedback: 0.50759
Received=	-0.42885
Feedback: 0.52745
Received=	-0.59162
Feedback: 0.61513
Received=	-0.71594
Feedback: 0.6821
Received=	-0.70238
Feedback: 0.6748
Received=	-0.51689
Feedback: 0.57488
Received=	-0.5129
Feedback: 0.57273
Received=	-0.68564
Feedback: 0.66578
Received=	-0.59382
Feedback: 0.61632
Received=	-0.42001
Feedback: 0.52269
Received=	-0.3965
Feedback: 0.51003
Received=	-0.45261
Feedback: 0.54025
Received=	-0.57185
Feedback: 0.60448
Received=	-0.64807
Feedback: 0.64555
Received=	-0.39975
Feedback: 0.51177
Received=	-0.51214
Feedback: 0.57232
Received=	-0.50808
Feedback: 0.57013
Received=	-0.56717
Feedback: 0.60196
Received=	-0.71691
Feedback: 0.68263
Received=	-0.78886
Feedback: 0.72139
Received=	-0.67575
Feedback: 0.66045
Received=	-0.58573
Feedback: 0.61196
Received=	-0.6189
Feedback: 0.62983
Received=	-0.78917
Feedback: 0.72155
Received=	-0.832
Feedback: 0.74462
Received=	-0.53513
Feedback: 0.5847
Received=	-0.46535
Feedback: 0.54711
Received=	-0.43249
Feedback: 0.52941
Received=	-0.53279
Feedback: 0.58344
Received=	-0.61382
Feedback: 0.6271
Received=	-0.46661
Feedback: 0.54779
Received=	-0.54576
Feedback: 0.59043
Received=	-0.70094
Feedback: 0.67402
Received=	-0.54032
Feedback: 0.5875
Calculated range:	[(-2.000000) - (2.000000)]
Success index = (-0.683585)
Received=	-0.42253
=====  18:36:20 - BASE  ============
Feedback: 0.66
Received=	-0.14685
Feedback: 0.66
Received=	-0.12319
Feedback: 0.66
Received=	-0.39525
Feedback: 0.66
Received=	-0.53621
Feedback: 0.66
Received=	-0.59589
Feedback: 0.66
Received=	-0.26895
Feedback: 0.66
Received=	-0.22926
Feedback: 0.66
Received=	-0.32654
Feedback: 0.66
Received=	-0.25463
Feedback: 0.66
Received=	-0.53216
Feedback: 0.66
Received=	-0.65177
Feedback: 0.66
Received=	-0.25355
Feedback: 0.66
Received=	-0.1311
Feedback: 0.66
Received=	-0.31515
Feedback: 0.66
Received=	-0.6556
Feedback: 0.66
Received=	-0.61369
Feedback: 0.66
Received=	-0.42074
Feedback: 0.66
Received=	-0.3213
Feedback: 0.66
Received=	-0.33771
Feedback: 0.66
Received=	-0.52601
=====  18:37:20 - NF  ============
Feedback: 0.66127
Received=	-0.57138
Feedback: 0.71382
Received=	-0.49958
Feedback: 0.63065
Received=	-0.43233
Feedback: 0.55274
Received=	-0.41466
Feedback: 0.53226
Received=	-0.56969
Feedback: 0.71187
Received=	-0.51167
Feedback: 0.64464
Received=	-0.1246
Feedback: 0.19621
Received=	0.27553
Feedback: 0.1
Received=	-0.030302
Feedback: 0.1
Received=	-0.47731
Feedback: 0.60484
Received=	-0.22396
Feedback: 0.31132
Received=	-0.36115
Feedback: 0.47026
Received=	-0.56867
Feedback: 0.71069
Received=	-0.50122
Feedback: 0.63254
Received=	-0.37694
Feedback: 0.48856
Received=	-0.52463
Feedback: 0.65967
Received=	-0.66867
Feedback: 0.82654
Received=	-0.75301
Feedback: 0.9
Received=	-0.63387
Feedback: 0.78623
Received=	-0.64781
Feedback: 0.80238
Received=	-0.46636
Feedback: 0.59216
Received=	-0.39366
Feedback: 0.50793
Received=	-0.40637
Feedback: 0.52265
Received=	-0.36278
Feedback: 0.47216
Received=	-0.24678
Feedback: 0.33776
Received=	-0.0014064
Feedback: 0.1
Received=	-0.0011854
Feedback: 0.1
Received=	0.30103
Feedback: 0.1
Received=	0.33074
Feedback: 0.1
Received=	0.34052
Feedback: 0.1
Received=	0.15349
Feedback: 0.1
Received=	0.35255
Feedback: 0.1
Received=	0.71046
Feedback: 0.1
Received=	0.65364
Feedback: 0.1
Received=	0.15411
Feedback: 0.1
Received=	0.29267
Feedback: 0.1
Received=	0.45887
Feedback: 0.1
Received=	0.63532
Feedback: 0.1
Received=	0.60119
Feedback: 0.1
Received=	0.49785
Feedback: 0.1
Received=	0.38428
Feedback: 0.1
Received=	0.147
Feedback: 0.1
Received=	0.25152
Feedback: 0.1
Received=	0.48806
Feedback: 0.1
Received=	0.59994
Feedback: 0.1
Received=	0.10273
Feedback: 0.1
Received=	-0.026778
Feedback: 0.1
Received=	0.047618
Feedback: 0.1
Received=	0.12287
Feedback: 0.1
Received=	0.22359
Feedback: 0.1
Received=	0.042135
Feedback: 0.1
Received=	-0.25107
Feedback: 0.34273
Received=	-0.24897
Feedback: 0.3403
Received=	0.023152
Feedback: 0.1
Received=	-0.072272
Feedback: 0.13559
Received=	-0.24565
Feedback: 0.33645
Received=	-0.12184
Feedback: 0.19302
Received=	0.44363
Feedback: 0.1
Received=	0.24364
Feedback: 0.1
Calculated range:	[(-2.000000) - (2.000000)]
Success index = (0.936480)
Received=	-0.3714
=====  18:40:20 - BASE  ============
Feedback: 0.66
Received=	-0.11612
Feedback: 0.66
Received=	0.16459
Feedback: 0.66
Received=	0.68332
Feedback: 0.66
Received=	0.54708
Feedback: 0.66
Received=	0.27872
Feedback: 0.66
Received=	0.44091
Feedback: 0.66
Received=	0.70723
Feedback: 0.66
Received=	0.68172
Feedback: 0.66
Received=	0.80104
Feedback: 0.66
Received=	0.89163
Feedback: 0.66
Received=	0.81323
Feedback: 0.66
Received=	0.53892
Feedback: 0.66
Received=	0.30463
Feedback: 0.66
Received=	0.35165
Feedback: 0.66
Received=	0.23051
Feedback: 0.66
Received=	0.39975
Feedback: 0.66
Received=	0.64941
Feedback: 0.66
Received=	0.68943
Feedback: 0.66
Received=	0.36534
Feedback: 0.66
Received=	0.17204
=====  18:41:20 - NF  ============
Feedback: 0.82525
Received=	0.53173
Feedback: 0.49838
Received=	0.94483
Feedback: 0.12298
Received=	1.1298
Feedback: 0.1
Received=	1.1305
Feedback: 0.1
Received=	0.49157
Feedback: 0.53488
Received=	0.31782
Feedback: 0.69278
Received=	0.4722
Feedback: 0.55248
Received=	0.29143
Feedback: 0.71675
Received=	0.43777
Feedback: 0.58377
Received=	0.55036
Feedback: 0.48145
Received=	0.043567
Feedback: 0.9
Received=	0.080214
Feedback: 0.9
Received=	0.72065
Feedback: 0.3267
Received=	0.49138
Feedback: 0.53505
Received=	-0.19871
Feedback: 0.9
Received=	-0.43485
Feedback: 0.9
Received=	-0.37536
Feedback: 0.9
Received=	-0.27293
Feedback: 0.9
Received=	0.10205
Feedback: 0.88885
Received=	0.41295
Feedback: 0.60632
Received=	0.69131
Feedback: 0.35336
Received=	0.25837
Feedback: 0.74679
Received=	-0.1353
Feedback: 0.9
Received=	-0.33216
Feedback: 0.9
Received=	-0.38846
Feedback: 0.9
Received=	-0.34161
Feedback: 0.9
Received=	-0.13922
Feedback: 0.9
Received=	0.23423
Feedback: 0.76873
Received=	0.27239
Feedback: 0.73406
Received=	0.084338
Feedback: 0.9
Received=	-0.13805
Feedback: 0.9
Received=	-0.43964
Feedback: 0.9
Received=	-0.36949
Feedback: 0.9
Received=	-0.10935
Feedback: 0.9
Received=	-0.25372
Feedback: 0.9
Received=	-0.26278
Feedback: 0.9
Received=	-0.24995
Feedback: 0.9
Received=	-0.31577
Feedback: 0.9
Received=	-0.31899
Feedback: 0.9
Received=	-0.43204
Feedback: 0.9
Received=	-0.31325
Feedback: 0.9
Received=	-0.048906
Feedback: 0.9
Received=	-0.23802
Feedback: 0.9
Received=	-0.26197
Feedback: 0.9
Received=	0.0063805
Feedback: 0.9
Received=	-0.017088
Feedback: 0.9
Received=	-0.052346
Feedback: 0.9
Received=	-0.12498
Feedback: 0.9
Received=	-0.0529
Feedback: 0.9
Received=	0.078623
Feedback: 0.9
Received=	0.042899
Feedback: 0.9
Received=	-0.1451
Feedback: 0.9
Received=	-0.13473
Feedback: 0.9
Received=	0.00038205
Feedback: 0.9
Received=	0.4093
Feedback: 0.60964
Received=	0.075169
Feedback: 0.9
Received=	-0.29957
Feedback: 0.9
Received=	-0.31192
Feedback: 0.9
Received=	0.14778
Feedback: 0.8473
Calculated range:	[(-2.370618) - (1.629382)]
Success index = (-1.370618)
closing...
