Direction=-1.000000	; step=1.000000;
Received=	0
Feedback: 0.66
Received=	0
Feedback: 0.66
Received=	0
Feedback: 0.66
Received=	-0.062919
Feedback: 0.66
Received=	0.1794
Feedback: 0.66
Received=	0.40534
Feedback: 0.66
Received=	0.25043
Feedback: 0.66
Received=	0.10642
Feedback: 0.66
Received=	-0.032108
Feedback: 0.66
Received=	-0.15493
Feedback: 0.66
Received=	-0.35649
Feedback: 0.66
Received=	-0.40785
Feedback: 0.66
Received=	-0.33553
Feedback: 0.66
Received=	-0.17783
Feedback: 0.66
Received=	-0.14591
Feedback: 0.66
Received=	-0.062999
Feedback: 0.66
Received=	0.31931
Feedback: 0.66
Received=	0.67631
Feedback: 0.66
Received=	0.50397
Feedback: 0.66
Received=	0.21813
Feedback: 0.66
Received=	-0.029944
=====  17:0:6 - NF  ============
Feedback: 0.55334
Received=	0.0076401
Feedback: 0.52865
Received=	0.056947
Feedback: 0.49627
Received=	0.17744
Feedback: 0.41712
Received=	0.1104
Feedback: 0.46116
Received=	0.092628
Feedback: 0.47283
Received=	0.14431
Feedback: 0.43888
Received=	0.061634
Feedback: 0.49319
Received=	-0.073912
Feedback: 0.58222
Received=	-0.18717
Feedback: 0.65662
Received=	-0.19789
Feedback: 0.66366
Received=	0.065639
Feedback: 0.49056
Received=	0.10075
Feedback: 0.46749
Received=	0.085628
Feedback: 0.47743
Received=	0.069642
Feedback: 0.48793
Received=	0.14626
Feedback: 0.4376
Received=	0.16601
Feedback: 0.42462
Received=	0.052679
Feedback: 0.49907
Received=	0.19435
Feedback: 0.40601
Received=	0.37199
Feedback: 0.28933
Received=	0.25207
Feedback: 0.3681
Received=	0.29786
Feedback: 0.33802
Received=	0.54666
Feedback: 0.17459
Received=	0.54603
Feedback: 0.17501
Received=	0.24478
Feedback: 0.37289
Received=	0.17147
Feedback: 0.42104
Received=	0.30311
Feedback: 0.33457
Received=	0.24058
Feedback: 0.37564
Received=	0.10328
Feedback: 0.46583
Received=	0.16963
Feedback: 0.42225
Received=	0.076677
Feedback: 0.48331
Received=	0.25048
Feedback: 0.36914
Received=	0.33385
Feedback: 0.31438
Received=	0.31965
Feedback: 0.32371
Received=	0.066669
Feedback: 0.48988
Received=	-0.087811
Feedback: 0.59135
Received=	0.039825
Feedback: 0.50751
Received=	0.20743
Feedback: 0.39742
Received=	0.26935
Feedback: 0.35675
Received=	-0.12078
Feedback: 0.61301
Received=	-0.27839
Feedback: 0.71654
Received=	-0.04901
Feedback: 0.56587
Received=	0.011087
Feedback: 0.52639
Received=	0.22983
Feedback: 0.38271
Received=	0.32356
Feedback: 0.32114
Received=	0.06603
Feedback: 0.4903
Received=	-0.19197
Feedback: 0.65977
Received=	-0.11095
Feedback: 0.60655
Received=	-0.21273
Feedback: 0.67341
Received=	-0.40233
Feedback: 0.79794
Received=	-0.14909
Feedback: 0.6316
Received=	0.16545
Feedback: 0.425
Received=	0.25431
Feedback: 0.36663
Received=	0.38697
Feedback: 0.27949
Received=	0.38077
Feedback: 0.28356
Received=	0.23431
Feedback: 0.37976
Received=	0.24918
Feedback: 0.37
Received=	0.060977
Feedback: 0.49362
Received=	-0.057446
Feedback: 0.57141
Received=	-0.17998
Feedback: 0.65189
Calculated range:	[(-2.000000) - (2.000000)]
Success index = (0.249308)
Received=	-0.039028
=====  17:3:6 - BASE  ============
Feedback: 0.66
Received=	0.054838
Feedback: 0.66
Received=	0.15678
Feedback: 0.66
Received=	0.069428
Feedback: 0.66
Received=	-0.078925
Feedback: 0.66
Received=	-0.20037
Feedback: 0.66
Received=	0.087419
Feedback: 0.66
Received=	0.32065
Feedback: 0.66
Received=	0.35885
Feedback: 0.66
Received=	0.22726
Feedback: 0.66
Received=	0.058422
Feedback: 0.66
Received=	0.13426
Feedback: 0.66
Received=	0.27532
Feedback: 0.66
Received=	0.25793
Feedback: 0.66
Received=	0.2821
Feedback: 0.66
Received=	0.19095
Feedback: 0.66
Received=	0.25083
Feedback: 0.66
Received=	0.16081
Feedback: 0.66
Received=	-0.050605
Feedback: 0.66
Received=	-0.089202
Feedback: 0.66
Received=	-0.2317
=====  17:4:6 - NF  ============
Feedback: 0.9
Received=	0.021825
Feedback: 0.64229
Received=	0.15176
Feedback: 0.47747
Received=	0.13149
Feedback: 0.50318
Received=	0.065974
Feedback: 0.58629
Received=	0.1963
Feedback: 0.42096
Received=	0.27874
Feedback: 0.31638
Received=	0.24131
Feedback: 0.36387
Received=	0.25423
Feedback: 0.34748
Received=	0.04238
Feedback: 0.61622
Received=	-0.11814
Feedback: 0.81984
Received=	-0.033419
Feedback: 0.71237
Received=	-0.20987
Feedback: 0.9
Received=	-0.392
Feedback: 0.9
Received=	-0.19543
Feedback: 0.9
Received=	-0.29241
Feedback: 0.9
Received=	-0.15596
Feedback: 0.86782
Received=	-0.089094
Feedback: 0.783
Received=	-0.053232
Feedback: 0.7375
Received=	-0.12428
Feedback: 0.82764
Received=	-0.2129
Feedback: 0.9
Received=	-0.20817
Feedback: 0.9
Received=	-0.20799
Feedback: 0.9
Received=	-0.048166
Feedback: 0.73108
Received=	0.035466
Feedback: 0.62499
Received=	-0.16122
Feedback: 0.87448
Received=	-0.31385
Feedback: 0.9
Received=	-0.39962
Feedback: 0.9
Received=	-0.33137
Feedback: 0.9
Received=	-0.2436
Feedback: 0.9
Received=	-0.15123
Feedback: 0.86181
Received=	-0.037097
Feedback: 0.71704
Received=	-0.19013
Feedback: 0.9
Received=	-0.09146
Feedback: 0.786
Received=	0.10476
Feedback: 0.53708
Received=	0.14703
Feedback: 0.48346
Received=	0.27012
Feedback: 0.32732
Received=	0.11523
Feedback: 0.52381
Received=	-0.2427
Feedback: 0.9
Received=	-0.22164
Feedback: 0.9
Received=	-0.33445
Feedback: 0.9
Received=	-0.2762
Feedback: 0.9
Received=	-0.12764
Feedback: 0.83189
Received=	-0.13144
Feedback: 0.83672
Received=	-0.25284
Feedback: 0.9
Received=	-0.29934
Feedback: 0.9
Received=	-0.17002
Feedback: 0.88565
Received=	-0.051791
Feedback: 0.73568
Received=	0.032207
Feedback: 0.62912
Received=	-0.058367
Feedback: 0.74402
Received=	-0.17017
Feedback: 0.88585
Received=	-0.20326
Feedback: 0.9
Received=	-0.20151
Feedback: 0.9
Received=	-0.18554
Feedback: 0.9
Received=	0.021352
Feedback: 0.64289
Received=	-0.22981
Feedback: 0.9
Received=	-0.23767
Feedback: 0.9
Received=	-0.17075
Feedback: 0.88658
Received=	-0.13724
Feedback: 0.84407
Received=	-0.074241
Feedback: 0.76415
Calculated range:	[(-2.417748) - (1.582252)]
Success index = (-1.417748)
Received=	-0.020259
=====  17:7:6 - BASE  ============
Feedback: 0.66
Received=	-0.035958
Feedback: 0.66
Received=	-0.014103
Feedback: 0.66
Received=	-0.047156
Feedback: 0.66
Received=	-0.089844
Feedback: 0.66
Received=	-0.11059
Feedback: 0.66
Received=	-0.077174
Feedback: 0.66
Received=	-0.13238
Feedback: 0.66
Received=	-0.08415
Feedback: 0.66
Received=	-0.12302
Feedback: 0.66
Received=	-0.11063
Feedback: 0.66
Received=	-0.053469
Feedback: 0.66
Received=	-0.13025
Feedback: 0.66
Received=	-0.21252
Feedback: 0.66
Received=	-0.17581
Feedback: 0.66
Received=	-0.23731
Feedback: 0.66
Received=	-0.093002
Feedback: 0.66
Received=	0.027989
Feedback: 0.66
Received=	0.024608
Feedback: 0.66
Received=	-0.0052921
Feedback: 0.66
Received=	-0.088671
=====  17:8:6 - NF  ============
Feedback: 0.40923
Received=	-0.14983
Feedback: 0.57481
Received=	-0.10389
Feedback: 0.45043
Received=	0.00052467
Feedback: 0.16774
Received=	0.19397
Feedback: 0.1
Received=	-0.049131
Feedback: 0.30218
Received=	-0.21202
Feedback: 0.74319
Received=	-0.18752
Feedback: 0.67685
Received=	-0.23886
Feedback: 0.81584
Received=	-0.25492
Feedback: 0.85933
Received=	0.02442
Feedback: 0.10305
Received=	0.060408
Feedback: 0.1
Received=	-0.065818
Feedback: 0.34735
Received=	-0.1221
Feedback: 0.49972
Received=	-0.27217
Feedback: 0.9
Received=	-0.24911
Feedback: 0.8436
Received=	-0.031642
Feedback: 0.25483
Received=	0.27011
Feedback: 0.1
Received=	0.043928
Feedback: 0.1
Received=	-0.05965
Feedback: 0.33066
Received=	-0.077528
Feedback: 0.37906
Received=	-0.26018
Feedback: 0.87356
Received=	-0.25584
Feedback: 0.86182
Received=	-0.24754
Feedback: 0.83935
Received=	-0.24024
Feedback: 0.81958
Received=	-0.23535
Feedback: 0.80634
Received=	-0.35056
Feedback: 0.9
Received=	-0.36514
Feedback: 0.9
Received=	-0.22405
Feedback: 0.77574
Received=	-0.10105
Feedback: 0.44273
Received=	-0.15283
Feedback: 0.58293
Received=	-0.23611
Feedback: 0.8084
Received=	-0.1815
Feedback: 0.66055
Received=	-0.17389
Feedback: 0.63996
Received=	-0.018911
Feedback: 0.22036
Received=	0.16573
Feedback: 0.1
Received=	0.12642
Feedback: 0.1
Received=	-0.03311
Feedback: 0.2588
Received=	-0.091368
Feedback: 0.41653
Received=	-0.20945
Feedback: 0.73622
Received=	-0.094404
Feedback: 0.42475
Received=	-0.037311
Feedback: 0.27018
Received=	-0.18942
Feedback: 0.682
Received=	-0.054079
Feedback: 0.31557
Received=	-0.1362
Feedback: 0.53791
Received=	-0.14287
Feedback: 0.55596
Received=	-0.038203
Feedback: 0.27259
Received=	0.045559
Feedback: 0.1
Received=	0.28545
Feedback: 0.1
Received=	0.21074
Feedback: 0.1
Received=	0.20944
Feedback: 0.1
Received=	-0.017085
Feedback: 0.21542
Received=	-0.18691
Feedback: 0.67519
Received=	-0.057843
Feedback: 0.32576
Received=	-0.06458
Feedback: 0.344
Received=	-0.11647
Feedback: 0.48448
Received=	-0.21932
Feedback: 0.76295
Received=	-0.21101
Feedback: 0.74045
Received=	-0.097761
Feedback: 0.43384
Received=	-0.091962
Feedback: 0.41814
Calculated range:	[(-2.000000) - (2.000000)]
Success index = (-0.022752)
Received=	0.036914
=====  17:11:6 - BASE  ============
Feedback: 0.66
Received=	0.091397
Feedback: 0.66
Received=	0.057499
Feedback: 0.66
Received=	-0.20479
Feedback: 0.66
Received=	-0.19913
Feedback: 0.66
Received=	-0.27088
Feedback: 0.66
Received=	-0.15498
Feedback: 0.66
Received=	-0.03714
Feedback: 0.66
Received=	0.17924
Feedback: 0.66
Received=	-0.094386
Feedback: 0.66
Received=	-0.35506
Feedback: 0.66
Received=	-0.28119
Feedback: 0.66
Received=	-0.22249
Feedback: 0.66
Received=	-0.11589
Feedback: 0.66
Received=	-0.17538
Feedback: 0.66
Received=	-0.23188
Feedback: 0.66
Received=	-0.0012228
Feedback: 0.66
Received=	0.073845
Feedback: 0.66
Received=	-0.17645
Feedback: 0.66
Received=	-0.10088
Feedback: 0.66
Received=	-0.23691
=====  17:12:6 - NF  ============
Feedback: 0.6564
Received=	-0.045981
Feedback: 0.38121
Received=	-0.027079
Feedback: 0.35396
Received=	-0.12949
Feedback: 0.50157
Received=	-0.22403
Feedback: 0.63784
Received=	-0.18047
Feedback: 0.57505
Received=	-0.38492
Feedback: 0.86974
Received=	-0.48338
Feedback: 0.9
Received=	-0.36993
Feedback: 0.84814
Received=	-0.1937
Feedback: 0.59413
Received=	-0.13182
Feedback: 0.50493
Received=	-0.10616
Feedback: 0.46794
Received=	-0.081956
Feedback: 0.43306
Received=	-0.2221
Feedback: 0.63505
Received=	-0.15265
Feedback: 0.53496
Received=	-0.040102
Feedback: 0.37274
Received=	-0.1387
Feedback: 0.51485
Received=	-0.17169
Feedback: 0.5624
Received=	-0.086963
Feedback: 0.44028
Received=	-0.086014
Feedback: 0.43891
Received=	-0.12283
Feedback: 0.49198
Received=	-0.30147
Feedback: 0.74947
Received=	-0.19284
Feedback: 0.59289
Received=	-0.018705
Feedback: 0.34189
Received=	-0.12503
Feedback: 0.49515
Received=	-0.060711
Feedback: 0.40244
Received=	-0.01449
Feedback: 0.33582
Received=	0.14047
Feedback: 0.11246
Received=	0.29048
Feedback: 0.1
Received=	0.11605
Feedback: 0.14766
Received=	-0.17658
Feedback: 0.56945
Received=	0.0071467
Feedback: 0.30463
Received=	0.11477
Feedback: 0.14951
Received=	-0.059102
Feedback: 0.40012
Received=	-0.051858
Feedback: 0.38968
Received=	-0.073134
Feedback: 0.42035
Received=	-0.022133
Feedback: 0.34683
Received=	-0.00087357
Feedback: 0.31619
Received=	-0.050397
Feedback: 0.38757
Received=	-0.15332
Feedback: 0.53593
Received=	-0.053739
Feedback: 0.39239
Received=	-0.041317
Feedback: 0.37449
Received=	-0.24072
Feedback: 0.66189
Received=	-0.15947
Feedback: 0.54478
Received=	0.021464
Feedback: 0.284
Received=	-0.099198
Feedback: 0.45791
Received=	-0.15242
Feedback: 0.53463
Received=	-0.045319
Feedback: 0.38025
Received=	0.012736
Feedback: 0.29658
Received=	0.2247
Feedback: 0.1
Received=	0.40604
Feedback: 0.1
Received=	0.26844
Feedback: 0.1
Received=	-0.034366
Feedback: 0.36447
Received=	0.063352
Feedback: 0.22362
Received=	-0.13532
Feedback: 0.50997
Received=	-0.044765
Feedback: 0.37946
Received=	0.0013935
Feedback: 0.31292
Received=	0.026504
Feedback: 0.27673
Received=	0.17841
Feedback: 0.1
Received=	0.058909
Feedback: 0.23002
Calculated range:	[(-2.000000) - (2.000000)]
Success index = (0.404355)
Received=	0.052283
=====  17:15:6 - BASE  ============
Feedback: 0.66
Received=	0.077285
Feedback: 0.66
Received=	0.10866
Feedback: 0.66
Received=	0.31619
Feedback: 0.66
Received=	0.22115
Feedback: 0.66
Received=	0.10632
Feedback: 0.66
Received=	0.23278
Feedback: 0.66
Received=	0.056776
Feedback: 0.66
Received=	-0.0035678
Feedback: 0.66
Received=	-0.071975
Feedback: 0.66
Received=	-0.18604
Feedback: 0.66
Received=	-0.26176
Feedback: 0.66
Received=	-0.086347
Feedback: 0.66
Received=	0.082793
Feedback: 0.66
Received=	0.098478
Feedback: 0.66
Received=	0.15185
Feedback: 0.66
Received=	-0.033991
Feedback: 0.66
Received=	-0.050754
Feedback: 0.66
Received=	-0.051413
Feedback: 0.66
Received=	-0.17496
Feedback: 0.66
Received=	-0.14723
=====  17:16:6 - NF  ============
Feedback: 0.72202
Received=	0.044149
Feedback: 0.47565
Received=	0.015602
Feedback: 0.5124
Received=	0.041253
Feedback: 0.47938
Received=	-0.090851
Feedback: 0.64944
Received=	-0.16838
Feedback: 0.74925
Received=	-0.10081
Feedback: 0.66227
Received=	-0.15849
Feedback: 0.73652
Received=	-0.1758
Feedback: 0.7588
Received=	-0.21489
Feedback: 0.80913
Received=	-0.036783
Feedback: 0.57984
Received=	-0.046338
Feedback: 0.59214
Received=	-0.25037
Feedback: 0.85479
Received=	-0.02194
Feedback: 0.56073
Received=	0.12367
Feedback: 0.37328
Received=	0.022658
Feedback: 0.50332
Received=	0.11715
Feedback: 0.38167
Received=	0.33575
Feedback: 0.10025
Received=	0.10331
Feedback: 0.39948
Received=	0.15429
Feedback: 0.33386
Received=	0.10304
Feedback: 0.39983
Received=	0.025392
Feedback: 0.4998
Received=	-0.052533
Feedback: 0.60011
Received=	0.039243
Feedback: 0.48196
Received=	0.20439
Feedback: 0.26936
Received=	0.13032
Feedback: 0.36472
Received=	-0.077879
Feedback: 0.63274
Received=	-0.027835
Feedback: 0.56832
Received=	0.074843
Feedback: 0.43614
Received=	0.11883
Feedback: 0.37951
Received=	0.055224
Feedback: 0.46139
Received=	0.076872
Feedback: 0.43352
Received=	0.11723
Feedback: 0.38156
Received=	0.14249
Feedback: 0.34905
Received=	0.051743
Feedback: 0.46587
Received=	-0.11641
Feedback: 0.68234
Received=	-0.08614
Feedback: 0.64338
Received=	-0.014304
Feedback: 0.5509
Received=	0.047948
Feedback: 0.47076
Received=	0.060509
Feedback: 0.45459
Received=	-0.006665
Feedback: 0.54106
Received=	-0.038217
Feedback: 0.58168
Received=	0.11306
Feedback: 0.38693
Received=	0.20591
Feedback: 0.26741
Received=	0.18526
Feedback: 0.29399
Received=	0.16183
Feedback: 0.32416
Received=	0.14934
Feedback: 0.34023
Received=	0.020922
Feedback: 0.50555
Received=	-0.041271
Feedback: 0.58561
Received=	-0.038614
Feedback: 0.58219
Received=	0.10722
Feedback: 0.39446
Received=	0.18962
Feedback: 0.28838
Received=	0.44024
Feedback: 0.1
Received=	0.29349
Feedback: 0.15466
Received=	0.20919
Feedback: 0.26318
Received=	0.10229
Feedback: 0.4008
Received=	-0.015558
Feedback: 0.55251
Received=	-0.016786
Feedback: 0.55409
Received=	0.044851
Feedback: 0.47475
Received=	0.085973
Feedback: 0.42181
Calculated range:	[(-2.000000) - (2.000000)]
Success index = (0.128776)
closing...
