Direction=-1.000000	; step=1.000000;
Received=	0
Feedback: 0.66
Received=	0
Feedback: 0.66
Received=	0
Feedback: 0.66
Received=	-0.10423
Feedback: 0.66
Received=	-1.4272
Feedback: 0.66
Received=	-0.32906
Feedback: 0.66
Received=	-0.79262
Feedback: 0.66
Received=	-1.1174
Feedback: 0.66
Received=	-0.62791
Feedback: 0.66
Received=	-1.3056
Feedback: 0.66
Received=	-1.0794
Feedback: 0.66
Received=	-0.9252
Feedback: 0.66
Received=	-0.81881
Feedback: 0.66
Received=	-0.57792
Feedback: 0.66
Received=	-0.66394
Feedback: 0.66
Received=	-0.4382
Feedback: 0.66
Received=	-0.76045
Feedback: 0.66
Received=	-1.2456
Feedback: 0.66
Received=	-1.2322
Feedback: 0.66
Received=	-0.88711
Feedback: 0.66
Received=	-0.5918
=====  12:41:41 - NF  ============
Feedback: 0.39946
Received=	-0.69972
Feedback: 0.45253
Received=	-0.55972
Feedback: 0.38369
Received=	-0.604
Feedback: 0.40546
Received=	-0.57087
Feedback: 0.38917
Received=	-0.42627
Feedback: 0.31806
Received=	-0.67448
Feedback: 0.44011
Received=	-0.77979
Feedback: 0.4919
Received=	-0.63038
Feedback: 0.41843
Received=	-0.46445
Feedback: 0.33684
Received=	-0.66111
Feedback: 0.43354
Received=	-0.54646
Feedback: 0.37717
Received=	-0.56498
Feedback: 0.38627
Received=	-0.7623
Feedback: 0.4833
Received=	-0.77512
Feedback: 0.4896
Received=	-0.90711
Feedback: 0.55451
Received=	-1.192
Feedback: 0.69458
Received=	-1.1002
Feedback: 0.64944
Received=	-0.82429
Feedback: 0.51378
Received=	-1.169
Feedback: 0.68328
Received=	-1.2758
Feedback: 0.73578
Received=	-1.1031
Feedback: 0.65086
Received=	-1.0159
Feedback: 0.608
Received=	-0.96019
Feedback: 0.58061
Received=	-1.2098
Feedback: 0.70334
Received=	-0.99335
Feedback: 0.59691
Received=	-1.0344
Feedback: 0.61709
Received=	-0.99272
Feedback: 0.5966
Received=	-0.82578
Feedback: 0.51451
Received=	-0.77365
Feedback: 0.48888
Received=	-0.93019
Feedback: 0.56585
Received=	-1.0416
Feedback: 0.62062
Received=	-1.1589
Feedback: 0.67832
Received=	-1.0928
Feedback: 0.64582
Received=	-1.0304
Feedback: 0.61515
Received=	-0.71688
Feedback: 0.46096
Received=	-0.91919
Feedback: 0.56045
Received=	-1.1017
Feedback: 0.65017
Received=	-1.1225
Feedback: 0.66043
Received=	-1.136
Feedback: 0.66707
Received=	-0.95568
Feedback: 0.57839
Received=	-0.70859
Feedback: 0.45689
Received=	-0.84983
Feedback: 0.52634
Received=	-0.86356
Feedback: 0.53309
Received=	-1.0191
Feedback: 0.60958
Received=	-1.0876
Feedback: 0.64326
Received=	-1.0525
Feedback: 0.62599
Received=	-0.68742
Feedback: 0.44648
Received=	-0.79264
Feedback: 0.49822
Received=	-0.71618
Feedback: 0.46062
Received=	-0.70196
Feedback: 0.45363
Received=	-0.88653
Feedback: 0.54439
Received=	-0.93619
Feedback: 0.56881
Received=	-0.88654
Feedback: 0.54439
Received=	-1.0438
Feedback: 0.62174
Received=	-0.89809
Feedback: 0.55007
Received=	-0.82935
Feedback: 0.51627
Received=	-1.0411
Feedback: 0.62041
Received=	-0.93388
Feedback: 0.56767
Received=	-0.79561
Feedback: 0.49968
Calculated range:	[(-2.000000) - (2.000000)]
Success index = (-0.321286)
Received=	-0.91212
=====  12:44:41 - BASE  ============
Feedback: 0.66
Received=	-0.87812
Feedback: 0.66
Received=	-0.64128
Feedback: 0.66
Received=	-0.37332
Feedback: 0.66
Received=	-0.24042
Feedback: 0.66
Received=	-0.25298
Feedback: 0.66
Received=	-0.35062
Feedback: 0.66
Received=	-0.28159
Feedback: 0.66
Received=	-0.54604
Feedback: 0.66
Received=	-0.64951
Feedback: 0.66
Received=	-0.63157
Feedback: 0.66
Received=	-0.22524
Feedback: 0.66
Received=	-0.31435
Feedback: 0.66
Received=	-0.25873
Feedback: 0.66
Received=	-0.59069
Feedback: 0.66
Received=	-0.74087
Feedback: 0.66
Received=	-0.51622
Feedback: 0.66
Received=	-0.32417
Feedback: 0.66
Received=	-0.19618
Feedback: 0.66
Received=	0.097495
Feedback: 0.66
Received=	-0.24529
=====  12:45:40 - NF  ============
Feedback: 0.36377
Received=	-0.37501
Feedback: 0.48513
Received=	-0.33172
Feedback: 0.44463
Received=	-0.55114
Feedback: 0.64991
Received=	-0.43107
Feedback: 0.53758
Received=	-0.50512
Feedback: 0.60686
Received=	-0.49592
Feedback: 0.59825
Received=	-0.42334
Feedback: 0.53035
Received=	-0.19528
Feedback: 0.31698
Received=	-0.30024
Feedback: 0.41518
Received=	-0.42393
Feedback: 0.5309
Received=	-0.38762
Feedback: 0.49693
Received=	-0.24174
Feedback: 0.36045
Received=	-0.38082
Feedback: 0.49056
Received=	-0.39328
Feedback: 0.50223
Received=	-0.19367
Feedback: 0.31548
Received=	-0.10783
Feedback: 0.23517
Received=	-0.42686
Feedback: 0.53364
Received=	-0.55505
Feedback: 0.65357
Received=	-0.5672
Feedback: 0.66494
Received=	-0.44511
Feedback: 0.55072
Received=	-0.39203
Feedback: 0.50106
Received=	-0.21886
Feedback: 0.33904
Received=	-0.11669
Feedback: 0.24345
Received=	-0.055488
Feedback: 0.18619
Received=	-0.37258
Feedback: 0.48285
Received=	-0.25899
Feedback: 0.37658
Received=	-0.29725
Feedback: 0.41238
Received=	-0.19757
Feedback: 0.31913
Received=	-0.06547
Feedback: 0.19553
Received=	-0.12977
Feedback: 0.25569
Received=	-0.33976
Feedback: 0.45215
Received=	-0.23823
Feedback: 0.35716
Received=	-0.062885
Feedback: 0.19311
Received=	-0.30129
Feedback: 0.41616
Received=	-0.2001
Feedback: 0.32149
Received=	-0.2485
Feedback: 0.36677
Received=	-0.42948
Feedback: 0.53609
Received=	-0.31258
Feedback: 0.42672
Received=	-0.2647
Feedback: 0.38192
Received=	-0.38617
Feedback: 0.49557
Received=	-0.19917
Feedback: 0.32061
Received=	-0.029868
Feedback: 0.16222
Received=	-0.12248
Feedback: 0.24887
Received=	-0.24768
Feedback: 0.366
Received=	-0.27313
Feedback: 0.38981
Received=	-0.45912
Feedback: 0.56382
Received=	-0.43914
Feedback: 0.54513
Received=	-0.28731
Feedback: 0.40308
Received=	-0.19989
Feedback: 0.32129
Received=	-0.30821
Feedback: 0.42263
Received=	-0.48663
Feedback: 0.58956
Received=	-0.56945
Feedback: 0.66705
Received=	-0.43951
Feedback: 0.54547
Received=	-0.34145
Feedback: 0.45373
Received=	-0.39942
Feedback: 0.50797
Received=	0.011313
Feedback: 0.1237
Received=	-0.21429
Feedback: 0.33476
Received=	-0.1569
Feedback: 0.28107
Received=	-0.12353
Feedback: 0.24985
Calculated range:	[(-2.000000) - (2.000000)]
Success index = (0.549950)
Received=	-0.18404
=====  12:48:41 - BASE  ============
Feedback: 0.66
Received=	-0.055094
Feedback: 0.66
Received=	0.039268
Feedback: 0.66
Received=	0.3164
Feedback: 0.66
Received=	0.091359
Feedback: 0.66
Received=	0.022115
Feedback: 0.66
Received=	0.23089
Feedback: 0.66
Received=	0.017286
Feedback: 0.66
Received=	-0.34084
Feedback: 0.66
Received=	-0.51372
Feedback: 0.66
Received=	-0.37805
Feedback: 0.66
Received=	-0.062531
Feedback: 0.66
Received=	-0.12422
Feedback: 0.66
Received=	-0.21512
Feedback: 0.66
Received=	-0.23954
Feedback: 0.66
Received=	-0.14498
Feedback: 0.66
Received=	-0.11964
Feedback: 0.66
Received=	0.08957
Feedback: 0.66
Received=	0.10923
Feedback: 0.66
Received=	-0.096998
Feedback: 0.66
Received=	-0.029841
=====  12:49:41 - NF  ============
Feedback: 0.45937
Received=	0.28112
Feedback: 0.16866
Received=	0.28373
Feedback: 0.16622
Received=	0.17042
Feedback: 0.27215
Received=	0.082808
Feedback: 0.35405
Received=	-0.013484
Feedback: 0.44407
Received=	-0.17164
Feedback: 0.59193
Received=	-0.15544
Feedback: 0.57678
Received=	-0.14088
Feedback: 0.56317
Received=	-0.025347
Feedback: 0.45516
Received=	0.23306
Feedback: 0.21359
Received=	0.18432
Feedback: 0.25915
Received=	0.24603
Feedback: 0.20146
Received=	0.071828
Feedback: 0.36432
Received=	-0.0027848
Feedback: 0.43407
Received=	0.0082329
Feedback: 0.42377
Received=	-0.074698
Feedback: 0.5013
Received=	0.10139
Feedback: 0.33669
Received=	0.076162
Feedback: 0.36027
Received=	0.073613
Feedback: 0.36265
Received=	-0.016919
Feedback: 0.44729
Received=	0.12435
Feedback: 0.31522
Received=	0.21109
Feedback: 0.23413
Received=	0.26504
Feedback: 0.18369
Received=	0.36141
Feedback: 0.1
Received=	0.11829
Feedback: 0.32089
Received=	0.0093568
Feedback: 0.42272
Received=	-0.036824
Feedback: 0.46589
Received=	0.17638
Feedback: 0.26657
Received=	0.18795
Feedback: 0.25576
Received=	0.14454
Feedback: 0.29635
Received=	0.1844
Feedback: 0.25908
Received=	0.14228
Feedback: 0.29845
Received=	0.038201
Feedback: 0.39576
Received=	0.15901
Feedback: 0.28281
Received=	0.024725
Feedback: 0.40835
Received=	0.0096004
Feedback: 0.42249
Received=	0.16654
Feedback: 0.27578
Received=	0.17413
Feedback: 0.26868
Received=	0.38646
Feedback: 0.1
Received=	0.39516
Feedback: 0.1
Received=	0.1145
Feedback: 0.32443
Received=	0.19372
Feedback: 0.25037
Received=	0.23463
Feedback: 0.21212
Received=	0.35269
Feedback: 0.10176
Received=	0.29865
Feedback: 0.15228
Received=	0.28451
Feedback: 0.16549
Received=	0.18785
Feedback: 0.25585
Received=	0.036924
Feedback: 0.39695
Received=	-0.090467
Feedback: 0.51604
Received=	0.024247
Feedback: 0.4088
Received=	0.075333
Feedback: 0.36104
Received=	-0.049952
Feedback: 0.47817
Received=	-0.049881
Feedback: 0.4781
Received=	0.05329
Feedback: 0.38165
Received=	0.04416
Feedback: 0.39018
Received=	-0.041819
Feedback: 0.47056
Received=	0.23461
Feedback: 0.21214
Received=	0.42053
Feedback: 0.1
Received=	0.26276
Feedback: 0.18582
Calculated range:	[(-2.000000) - (2.000000)]
Success index = (1.193351)
Received=	-0.10288
=====  12:52:41 - BASE  ============
Feedback: 0.66
Received=	0.099737
Feedback: 0.66
Received=	0.4919
Feedback: 0.66
Received=	0.72071
Feedback: 0.66
Received=	0.49199
Feedback: 0.66
Received=	0.21293
Feedback: 0.66
Received=	0.20219
Feedback: 0.66
Received=	0.23366
Feedback: 0.66
Received=	-0.20416
Feedback: 0.66
Received=	-0.36217
Feedback: 0.66
Received=	0.095671
Feedback: 0.66
Received=	0.09785
Feedback: 0.66
Received=	-0.16881
Feedback: 0.66
Received=	-0.24034
Feedback: 0.66
Received=	-0.12067
Feedback: 0.66
Received=	-0.065022
Feedback: 0.66
Received=	-0.0059025
Feedback: 0.66
Received=	-0.059712
Feedback: 0.66
Received=	0.14896
Feedback: 0.66
Received=	-0.033317
Feedback: 0.66
Received=	-0.19391
=====  12:53:41 - NF  ============
Feedback: 0.694
Received=	0.18321
Feedback: 0.42667
Received=	0.32548
Feedback: 0.32582
Received=	0.10049
Feedback: 0.48531
Received=	0.025903
Feedback: 0.53818
Received=	-0.1557
Feedback: 0.66691
Received=	0.16919
Feedback: 0.43661
Received=	0.43412
Feedback: 0.24881
Received=	0.28668
Feedback: 0.35333
Received=	0.079718
Feedback: 0.50003
Received=	0.1151
Feedback: 0.47495
Received=	0.23138
Feedback: 0.39252
Received=	0.25376
Feedback: 0.37666
Received=	0.49591
Feedback: 0.20501
Received=	0.3302
Feedback: 0.32247
Received=	0.031937
Feedback: 0.5339
Received=	0.12802
Feedback: 0.46579
Received=	0.26645
Feedback: 0.36766
Received=	0.25001
Feedback: 0.37932
Received=	0.21474
Feedback: 0.40432
Received=	0.16856
Feedback: 0.43706
Received=	-0.13214
Feedback: 0.65021
Received=	-0.14762
Feedback: 0.66118
Received=	-0.22276
Feedback: 0.71445
Received=	-0.20214
Feedback: 0.69983
Received=	-0.012342
Feedback: 0.56529
Received=	0.20236
Feedback: 0.4131
Received=	0.17279
Feedback: 0.43406
Received=	0.09143
Feedback: 0.49173
Received=	-0.038184
Feedback: 0.58361
Received=	-0.060016
Feedback: 0.59909
Received=	0.10849
Feedback: 0.47964
Received=	-0.0205
Feedback: 0.57107
Received=	-0.076705
Feedback: 0.61092
Received=	0.11346
Feedback: 0.47611
Received=	0.32696
Feedback: 0.32477
Received=	0.16259
Feedback: 0.44129
Received=	0.36789
Feedback: 0.29576
Received=	0.16053
Feedback: 0.44275
Received=	0.16101
Feedback: 0.44241
Received=	0.018643
Feedback: 0.54333
Received=	-0.34519
Feedback: 0.80124
Received=	-0.17106
Feedback: 0.6778
Received=	0.15638
Feedback: 0.44569
Received=	0.48939
Feedback: 0.20963
Received=	0.30498
Feedback: 0.34036
Received=	0.026671
Feedback: 0.53764
Received=	0.1652
Feedback: 0.43944
Received=	-0.014403
Feedback: 0.56675
Received=	0.1596
Feedback: 0.44341
Received=	0.14176
Feedback: 0.45605
Received=	0.064901
Feedback: 0.51054
Received=	0.075961
Feedback: 0.5027
Received=	0.19053
Feedback: 0.42148
Received=	0.070474
Feedback: 0.50659
Received=	-0.07764
Feedback: 0.61158
Received=	0.17596
Feedback: 0.43181
Received=	-0.0011
Feedback: 0.55732
Received=	-0.073332
Feedback: 0.60853
Received=	0.025107
Feedback: 0.53875
Calculated range:	[(-2.000000) - (2.000000)]
Success index = (0.107015)
Received=	0.29827
=====  12:56:41 - BASE  ============
Feedback: 0.66
Received=	0.52673
Feedback: 0.66
Received=	0.11279
Feedback: 0.66
Received=	-0.011922
Feedback: 0.66
Received=	0.22423
Feedback: 0.66
Received=	0.21639
Feedback: 0.66
Received=	-0.039801
Feedback: 0.66
Received=	-0.12902
Feedback: 0.66
Received=	0.14749
Feedback: 0.66
Received=	0.013903
Feedback: 0.66
Received=	-0.10639
Feedback: 0.66
Received=	-0.27901
Feedback: 0.66
Received=	-0.057435
Feedback: 0.66
Received=	0.077436
Feedback: 0.66
Received=	0.13683
Feedback: 0.66
Received=	-0.21021
Feedback: 0.66
Received=	-0.10414
Feedback: 0.66
Received=	0.1197
Feedback: 0.66
Received=	0.16142
Feedback: 0.66
Received=	0.047029
Feedback: 0.66
Received=	0.097033
=====  12:57:41 - NF  ============
Feedback: 0.39091
Received=	0.15039
Feedback: 0.3175
Received=	0.26866
Feedback: 0.1548
Received=	0.47449
Feedback: 0.1
Received=	0.029081
Feedback: 0.48439
Received=	-0.1924
Feedback: 0.7891
Received=	0.034448
Feedback: 0.47701
Received=	0.17522
Feedback: 0.28335
Received=	0.3633
Feedback: 0.1
Received=	0.25933
Feedback: 0.16764
Received=	0.31009
Feedback: 0.1
Received=	0.26637
Feedback: 0.15795
Received=	0.23311
Feedback: 0.20371
Received=	0.091697
Feedback: 0.39825
Received=	0.052331
Feedback: 0.45241
Received=	0.0023502
Feedback: 0.52117
Received=	0.32163
Feedback: 0.1
Received=	0.27202
Feedback: 0.15017
Received=	0.14892
Feedback: 0.31953
Received=	0.18549
Feedback: 0.26922
Received=	0.22914
Feedback: 0.20917
Received=	0.015704
Feedback: 0.5028
Received=	0.074486
Feedback: 0.42193
Received=	-0.079891
Feedback: 0.63431
Received=	-0.176
Feedback: 0.76653
Received=	0.13506
Feedback: 0.33859
Received=	0.16744
Feedback: 0.29404
Received=	-0.010284
Feedback: 0.53855
Received=	0.016296
Feedback: 0.50198
Received=	0.12531
Feedback: 0.352
Received=	0.13837
Feedback: 0.33405
Received=	-0.01701
Feedback: 0.5478
Received=	0.19882
Feedback: 0.25089
Received=	0.063324
Feedback: 0.43729
Received=	0.014098
Feedback: 0.50501
Received=	-0.10675
Feedback: 0.67127
Received=	-0.056248
Feedback: 0.60178
Received=	0.12378
Feedback: 0.35411
Received=	0.27137
Feedback: 0.15107
Received=	0.07598
Feedback: 0.41987
Received=	0.24685
Feedback: 0.18481
Received=	0.27605
Feedback: 0.14463
Received=	0.10177
Feedback: 0.38439
Received=	0.2528
Feedback: 0.17662
Received=	0.2689
Feedback: 0.15446
Received=	-0.13039
Feedback: 0.70378
Received=	-0.054342
Feedback: 0.59916
Received=	0.029221
Feedback: 0.4842
Received=	0.10727
Feedback: 0.37683
Received=	0.27878
Feedback: 0.14088
Received=	0.32831
Feedback: 0.1
Received=	0.39783
Feedback: 0.1
Received=	0.090188
Feedback: 0.40033
Received=	-0.033327
Feedback: 0.57025
Received=	0.14334
Feedback: 0.32721
Received=	0.28783
Feedback: 0.12842
Received=	0.3254
Feedback: 0.1
Received=	0.020159
Feedback: 0.49667
Received=	0.058409
Feedback: 0.44405
Received=	0.22897
Feedback: 0.2094
Calculated range:	[(-2.000000) - (2.000000)]
Success index = (0.785917)
closing...
