Direction=-1.000000	; step=1.000000;
Received=	0
Feedback: 0.66
Received=	0
Feedback: 0.66
Received=	0
Feedback: 0.66
Received=	0.062743
Feedback: 0.66
Received=	-0.10632
Feedback: 0.66
Received=	-0.088874
Feedback: 0.66
Received=	-0.16901
Feedback: 0.66
Received=	-0.1355
Feedback: 0.66
Received=	-0.050782
Feedback: 0.66
Received=	-0.12822
Feedback: 0.66
Received=	-0.2967
Feedback: 0.66
Received=	-0.16119
Feedback: 0.66
Received=	-0.076064
Feedback: 0.66
Received=	-0.13461
Feedback: 0.66
Received=	-0.037453
Feedback: 0.66
Received=	0.037516
Feedback: 0.66
Received=	-0.017013
Feedback: 0.66
Received=	-0.1917
Feedback: 0.66
Received=	-0.41679
Feedback: 0.66
Received=	-0.2707
Feedback: 0.66
Received=	-0.27903
=====  12:18:20 - NF  ============
Feedback: 0.76057
Received=	-0.28899
Feedback: 0.77699
Received=	-0.2398
Feedback: 0.69583
Received=	-0.15285
Feedback: 0.55231
Received=	-0.29357
Feedback: 0.78457
Received=	-0.38163
Feedback: 0.9
Received=	-0.50747
Feedback: 0.9
Received=	-0.41117
Feedback: 0.9
Received=	-0.33614
Feedback: 0.85482
Received=	0.0034543
Feedback: 0.29436
Received=	0.17115
Feedback: 0.1
Received=	0.11822
Feedback: 0.10496
Received=	-0.0044864
Feedback: 0.30746
Received=	-0.18877
Feedback: 0.61161
Received=	-0.14929
Feedback: 0.54644
Received=	-0.084799
Feedback: 0.44001
Received=	0.023525
Feedback: 0.26124
Received=	0.037346
Feedback: 0.23843
Received=	-0.14585
Feedback: 0.54076
Received=	-0.14857
Feedback: 0.54525
Received=	-0.24127
Feedback: 0.69825
Received=	-0.14229
Feedback: 0.53489
Received=	-0.12923
Feedback: 0.51333
Received=	-0.12747
Feedback: 0.51044
Received=	-0.099214
Feedback: 0.4638
Received=	-0.062156
Feedback: 0.40264
Received=	-0.080614
Feedback: 0.4331
Received=	-0.13131
Feedback: 0.51677
Received=	-0.14441
Feedback: 0.5384
Received=	-0.14029
Feedback: 0.53159
Received=	-0.15714
Feedback: 0.5594
Received=	-0.18875
Feedback: 0.61157
Received=	-0.22286
Feedback: 0.66785
Received=	-0.10172
Feedback: 0.46794
Received=	-0.15415
Feedback: 0.55447
Received=	-0.087319
Feedback: 0.44417
Received=	-0.042346
Feedback: 0.36995
Received=	-0.20108
Feedback: 0.63192
Received=	-0.24038
Feedback: 0.69678
Received=	-0.27806
Feedback: 0.75896
Received=	-0.29492
Feedback: 0.78679
Received=	-0.34212
Feedback: 0.86469
Received=	-0.16672
Feedback: 0.57521
Received=	-0.081751
Feedback: 0.43498
Received=	0.0096034
Feedback: 0.28421
Received=	0.085006
Feedback: 0.15977
Received=	-0.12054
Feedback: 0.499
Received=	-0.035079
Feedback: 0.35795
Received=	-0.080041
Feedback: 0.43216
Received=	-0.16045
Feedback: 0.56487
Received=	-0.024165
Feedback: 0.33994
Received=	-0.19185
Feedback: 0.61669
Received=	-0.38449
Feedback: 0.9
Received=	-0.27423
Feedback: 0.75265
Received=	-0.31996
Feedback: 0.82811
Received=	-0.19942
Feedback: 0.62918
Received=	-0.17586
Feedback: 0.5903
Received=	-0.19046
Feedback: 0.61439
Received=	-0.070906
Feedback: 0.41708
Received=	-0.035049
Feedback: 0.3579
Calculated range:	[(-2.000000) - (2.000000)]
Success index = (-0.260266)
Received=	0.092835
=====  12:21:20 - BASE  ============
Feedback: 0.66
Received=	0.095324
Feedback: 0.66
Received=	-0.11187
Feedback: 0.66
Received=	-0.15587
Feedback: 0.66
Received=	-0.0011165
Feedback: 0.66
Received=	0.10459
Feedback: 0.66
Received=	0.042905
Feedback: 0.66
Received=	0.018028
Feedback: 0.66
Received=	0.051472
Feedback: 0.66
Received=	-0.11637
Feedback: 0.66
Received=	-0.25352
Feedback: 0.66
Received=	-0.17783
Feedback: 0.66
Received=	-0.1735
Feedback: 0.66
Received=	-0.24027
Feedback: 0.66
Received=	-0.27032
Feedback: 0.66
Received=	-0.13811
Feedback: 0.66
Received=	-0.14386
Feedback: 0.66
Received=	-0.27384
Feedback: 0.66
Received=	-0.34164
Feedback: 0.66
Received=	-0.25704
Feedback: 0.66
Received=	-0.14599
=====  12:22:20 - NF  ============
Feedback: 0.51613
Received=	-0.20834
Feedback: 0.61157
Received=	-0.32699
Feedback: 0.79319
Received=	-0.45993
Feedback: 0.9
Received=	-0.37065
Feedback: 0.86003
Received=	-0.30661
Feedback: 0.762
Received=	-0.17291
Feedback: 0.55734
Received=	-0.079152
Feedback: 0.41382
Received=	-0.39339
Feedback: 0.89484
Received=	-0.23277
Feedback: 0.64896
Received=	-0.044912
Feedback: 0.3614
Received=	-0.0044027
Feedback: 0.29939
Received=	-0.050094
Feedback: 0.36934
Received=	-0.019917
Feedback: 0.32314
Received=	-0.069546
Feedback: 0.39911
Received=	-0.17548
Feedback: 0.56127
Received=	-0.28965
Feedback: 0.73604
Received=	-0.13653
Feedback: 0.50166
Received=	-0.0011129
Feedback: 0.29436
Received=	-0.017436
Feedback: 0.31934
Received=	0.065812
Feedback: 0.19191
Received=	0.16823
Feedback: 0.1
Received=	0.23126
Feedback: 0.1
Received=	0.060417
Feedback: 0.20017
Received=	-0.10956
Feedback: 0.46036
Received=	-0.13164
Feedback: 0.49416
Received=	-0.16328
Feedback: 0.54259
Received=	-0.14277
Feedback: 0.51119
Received=	-0.10995
Feedback: 0.46097
Received=	0.010185
Feedback: 0.27706
Received=	-0.035408
Feedback: 0.34686
Received=	-0.14135
Feedback: 0.50902
Received=	-0.25809
Feedback: 0.68773
Received=	-0.26559
Feedback: 0.69921
Received=	-0.13336
Feedback: 0.4968
Received=	-0.22795
Feedback: 0.6416
Received=	-0.25275
Feedback: 0.67956
Received=	-0.13398
Feedback: 0.49775
Received=	-0.16008
Feedback: 0.5377
Received=	-0.017024
Feedback: 0.31871
Received=	-0.01063
Feedback: 0.30893
Received=	-0.082303
Feedback: 0.41864
Received=	-0.14197
Feedback: 0.50998
Received=	-0.18989
Feedback: 0.58333
Received=	-0.096182
Feedback: 0.43989
Received=	-0.097817
Feedback: 0.44239
Received=	-0.28167
Feedback: 0.72383
Received=	-0.19438
Feedback: 0.5902
Received=	-0.32074
Feedback: 0.78362
Received=	-0.33905
Feedback: 0.81166
Received=	-0.055791
Feedback: 0.37806
Received=	-0.13128
Feedback: 0.49361
Received=	-0.10075
Feedback: 0.44688
Received=	-0.012681
Feedback: 0.31207
Received=	-0.0065432
Feedback: 0.30267
Received=	0.17084
Feedback: 0.1
Received=	0.076944
Feedback: 0.17487
Received=	-0.037345
Feedback: 0.34982
Received=	0.091954
Feedback: 0.1519
Received=	0.070023
Feedback: 0.18547
Calculated range:	[(-2.000000) - (2.000000)]
Success index = (0.140714)
Received=	0.026686
=====  12:25:20 - BASE  ============
Feedback: 0.66
Received=	0.093439
Feedback: 0.66
Received=	0.10402
Feedback: 0.66
Received=	0.020586
Feedback: 0.66
Received=	-0.028607
Feedback: 0.66
Received=	-0.017742
Feedback: 0.66
Received=	-0.091697
Feedback: 0.66
Received=	-0.056691
Feedback: 0.66
Received=	-0.17895
Feedback: 0.66
Received=	-0.12129
Feedback: 0.66
Received=	-0.11064
Feedback: 0.66
Received=	-0.17012
Feedback: 0.66
Received=	0.043224
Feedback: 0.66
Received=	-0.012019
Feedback: 0.66
Received=	-0.07942
Feedback: 0.66
Received=	0.015961
Feedback: 0.66
Received=	-0.038202
Feedback: 0.66
Received=	-0.24012
Feedback: 0.66
Received=	-0.48879
Feedback: 0.66
Received=	-0.31754
Feedback: 0.66
Received=	-0.0069722
=====  12:26:20 - NF  ============
Feedback: 0.37202
Received=	0.5028
Feedback: 0.1
Received=	0.69032
Feedback: 0.1
Received=	0.42098
Feedback: 0.1
Received=	0.098371
Feedback: 0.22427
Received=	0.029178
Feedback: 0.32131
Received=	0.0095318
Feedback: 0.34887
Received=	0.11281
Feedback: 0.20402
Received=	-0.13358
Feedback: 0.54958
Received=	0.023036
Feedback: 0.32993
Received=	0.19708
Feedback: 0.1
Received=	0.053059
Feedback: 0.28782
Received=	-0.042814
Feedback: 0.42228
Received=	-0.031778
Feedback: 0.40681
Received=	-0.14129
Feedback: 0.5604
Received=	-0.21525
Feedback: 0.66413
Received=	-0.14576
Feedback: 0.56666
Received=	-0.25017
Feedback: 0.71311
Received=	-0.23951
Feedback: 0.69815
Received=	-0.24413
Feedback: 0.70464
Received=	-0.14508
Feedback: 0.56572
Received=	0.033895
Feedback: 0.3147
Received=	-0.11766
Feedback: 0.52726
Received=	-0.18289
Feedback: 0.61875
Received=	-0.15328
Feedback: 0.57721
Received=	-0.030853
Feedback: 0.40551
Received=	0.25689
Feedback: 0.1
Received=	0.41749
Feedback: 0.1
Received=	0.058607
Feedback: 0.28004
Received=	0.11003
Feedback: 0.20792
Received=	0.20325
Feedback: 0.1
Received=	0.51077
Feedback: 0.1
Received=	0.49558
Feedback: 0.1
Received=	0.2898
Feedback: 0.1
Received=	0.0318
Feedback: 0.31764
Received=	0.069183
Feedback: 0.26521
Received=	0.08148
Feedback: 0.24796
Received=	0.042193
Feedback: 0.30306
Received=	0.0099031
Feedback: 0.34835
Received=	0.017477
Feedback: 0.33773
Received=	-0.14331
Feedback: 0.56324
Received=	-0.17644
Feedback: 0.60969
Received=	-0.033935
Feedback: 0.40983
Received=	0.31148
Feedback: 0.1
Received=	0.32489
Feedback: 0.1
Received=	-0.083519
Feedback: 0.47938
Received=	-0.064468
Feedback: 0.45266
Received=	-0.10646
Feedback: 0.51154
Received=	-0.10043
Feedback: 0.50309
Received=	-0.17005
Feedback: 0.60074
Received=	-0.2309
Feedback: 0.68608
Received=	-0.32157
Feedback: 0.81325
Received=	-0.12855
Feedback: 0.54253
Received=	-0.086399
Feedback: 0.48341
Received=	-0.21178
Feedback: 0.65926
Received=	-0.18112
Feedback: 0.61626
Received=	-0.054315
Feedback: 0.43842
Received=	0.039496
Feedback: 0.30684
Received=	0.12871
Feedback: 0.18172
Received=	-0.068028
Feedback: 0.45765
Calculated range:	[(-2.000000) - (2.000000)]
Success index = (0.597862)
Received=	0.058416
=====  12:29:20 - BASE  ============
Feedback: 0.66
Received=	0.23051
Feedback: 0.66
Received=	0.15574
Feedback: 0.66
Received=	0.0010441
Feedback: 0.66
Received=	0.18928
Feedback: 0.66
Received=	0.097474
Feedback: 0.66
Received=	-0.10894
Feedback: 0.66
Received=	-0.066167
Feedback: 0.66
Received=	-0.026134
Feedback: 0.66
Received=	-0.10288
Feedback: 0.66
Received=	-0.15107
Feedback: 0.66
Received=	-0.22488
Feedback: 0.66
Received=	-0.218
Feedback: 0.66
Received=	-0.17846
Feedback: 0.66
Received=	-0.21502
Feedback: 0.66
Received=	-0.038883
Feedback: 0.66
Received=	-0.044041
Feedback: 0.66
Received=	-0.053798
Feedback: 0.66
Received=	0.08886
Feedback: 0.66
Received=	0.38273
Feedback: 0.66
Received=	0.27631
=====  12:30:20 - NF  ============
Feedback: 0.122
Received=	0.084897
Feedback: 0.35937
Received=	-0.1039
Feedback: 0.5935
Received=	-0.2367
Feedback: 0.75817
Received=	-0.15706
Feedback: 0.65942
Received=	-0.1783
Feedback: 0.68576
Received=	-0.17394
Feedback: 0.68035
Received=	-0.03847
Feedback: 0.51235
Received=	-0.082687
Feedback: 0.56719
Received=	-0.030449
Feedback: 0.50241
Received=	0.012132
Feedback: 0.4496
Received=	0.22289
Feedback: 0.18825
Received=	0.33971
Feedback: 0.1
Received=	0.29588
Feedback: 0.1
Received=	0.2043
Feedback: 0.2113
Received=	0.65999
Feedback: 0.1
Received=	0.62097
Feedback: 0.1
Received=	0.22387
Feedback: 0.18703
Received=	0.056511
Feedback: 0.39457
Received=	0.29741
Feedback: 0.1
Received=	0.41989
Feedback: 0.1
Received=	0.18195
Feedback: 0.23901
Received=	0.11347
Feedback: 0.32394
Received=	0.23997
Feedback: 0.16706
Received=	0.1668
Feedback: 0.2578
Received=	0.18495
Feedback: 0.2353
Received=	0.25005
Feedback: 0.15457
Received=	0.10173
Feedback: 0.3385
Received=	-0.0032893
Feedback: 0.46873
Received=	0.10173
Feedback: 0.33849
Received=	0.29152
Feedback: 0.10313
Received=	0.45013
Feedback: 0.1
Received=	0.63101
Feedback: 0.1
Received=	0.28779
Feedback: 0.10776
Received=	0.074839
Feedback: 0.37184
Received=	0.18776
Feedback: 0.23181
Received=	0.077491
Feedback: 0.36855
Received=	0.19462
Feedback: 0.22331
Received=	0.062789
Feedback: 0.38678
Received=	0.16404
Feedback: 0.26123
Received=	0.32482
Feedback: 0.1
Received=	0.60918
Feedback: 0.1
Received=	0.70541
Feedback: 0.1
Received=	0.44454
Feedback: 0.1
Received=	0.33931
Feedback: 0.1
Received=	0.29565
Feedback: 0.1
Received=	0.22108
Feedback: 0.19049
Received=	0.25567
Feedback: 0.14759
Received=	0.28596
Feedback: 0.11004
Received=	0.51446
Feedback: 0.1
Received=	0.60355
Feedback: 0.1
Received=	0.52823
Feedback: 0.1
Received=	0.056686
Feedback: 0.39435
Received=	0.16282
Feedback: 0.26274
Received=	0.31732
Feedback: 0.1
Received=	0.10564
Feedback: 0.33365
Received=	0.11868
Feedback: 0.31748
Received=	0.16799
Feedback: 0.25632
Received=	0.46433
Feedback: 0.1
Received=	0.64608
Feedback: 0.1
Calculated range:	[(-2.000000) - (2.000000)]
Success index = (1.213128)
Received=	0.41738
=====  12:33:20 - BASE  ============
Feedback: 0.66
Received=	0.56774
Feedback: 0.66
Received=	0.4515
Feedback: 0.66
Received=	0.20469
Feedback: 0.66
Received=	0.18899
Feedback: 0.66
Received=	0.27279
Feedback: 0.66
Received=	0.50988
Feedback: 0.66
Received=	0.51708
Feedback: 0.66
Received=	0.26949
Feedback: 0.66
Received=	0.39275
Feedback: 0.66
Received=	0.25489
Feedback: 0.66
Received=	0.22605
Feedback: 0.66
Received=	0.037812
Feedback: 0.66
Received=	0.334
Feedback: 0.66
Received=	0.2343
Feedback: 0.66
Received=	0.26239
Feedback: 0.66
Received=	0.41245
Feedback: 0.66
Received=	0.39265
Feedback: 0.66
Received=	0.48047
Feedback: 0.66
Received=	0.34014
Feedback: 0.66
Received=	0.24873
=====  12:34:20 - NF  ============
Feedback: 0.61376
Received=	0.43703
Feedback: 0.31833
Received=	0.25836
Feedback: 0.59866
Received=	0.080529
Feedback: 0.87767
Received=	0.26713
Feedback: 0.58489
Received=	0.14691
Feedback: 0.77352
Received=	0.27525
Feedback: 0.57215
Received=	0.30416
Feedback: 0.5268
Received=	0.33197
Feedback: 0.48316
Received=	0.39894
Feedback: 0.37809
Received=	0.18916
Feedback: 0.70722
Received=	0.19505
Feedback: 0.69798
Received=	0.39212
Feedback: 0.38879
Received=	0.17036
Feedback: 0.73673
Received=	0.078737
Feedback: 0.88048
Received=	0.068286
Feedback: 0.89688
Received=	-0.37445
Feedback: 0.9
Received=	-0.10025
Feedback: 0.9
Received=	0.28056
Feedback: 0.56382
Received=	0.97664
Feedback: 0.1
Received=	0.70064
Feedback: 0.1
Received=	0.83718
Feedback: 0.1
Received=	0.46831
Feedback: 0.26925
Received=	-0.012987
Feedback: 0.9
Received=	0.07588
Feedback: 0.88497
Received=	0.07923
Feedback: 0.87971
Received=	0.41201
Feedback: 0.35758
Received=	0.50034
Feedback: 0.219
Received=	0.21859
Feedback: 0.66105
Received=	0.2902
Feedback: 0.54869
Received=	0.21076
Feedback: 0.67334
Received=	0.22873
Feedback: 0.64514
Received=	0.41706
Feedback: 0.34967
Received=	0.48857
Feedback: 0.23747
Received=	0.42847
Feedback: 0.33175
Received=	0.40131
Feedback: 0.37437
Received=	0.71366
Feedback: 0.1
Received=	0.7573
Feedback: 0.1
Received=	0.43397
Feedback: 0.32314
Received=	0.34267
Feedback: 0.46638
Received=	0.061173
Feedback: 0.9
Received=	0.030087
Feedback: 0.9
Received=	0.06399
Feedback: 0.9
Received=	0.086489
Feedback: 0.86832
Received=	0.20819
Feedback: 0.67737
Received=	0.099564
Feedback: 0.8478
Received=	0.05002
Feedback: 0.9
Received=	0.060922
Feedback: 0.9
Received=	0.049326
Feedback: 0.9
Received=	0.1179
Feedback: 0.81903
Received=	0.27898
Feedback: 0.56631
Received=	0.19685
Feedback: 0.69516
Received=	0.016583
Feedback: 0.9
Received=	-0.048253
Feedback: 0.9
Received=	0.33122
Feedback: 0.48433
Received=	0.34332
Feedback: 0.46535
Received=	-0.038951
Feedback: 0.9
Received=	-0.045215
Feedback: 0.9
Received=	0.14896
Feedback: 0.77031
Received=	0.39192
Feedback: 0.3891
Calculated range:	[(-2.000000) - (2.000000)]
Success index = (-0.331926)
closing...
