Direction=-1.000000	; step=1.000000;
Received=	0
Feedback: 0.66
Received=	0
Feedback: 0.66
Received=	0
Feedback: 0.66
Received=	0.76646
Feedback: 0.66
Received=	0.69074
Feedback: 0.66
Received=	0.75402
Feedback: 0.66
Received=	0.81658
Feedback: 0.66
Received=	0.86064
Feedback: 0.66
Received=	0.69446
Feedback: 0.66
Received=	0.66144
Feedback: 0.66
Received=	0.49013
Feedback: 0.66
Received=	0.63955
Feedback: 0.66
Received=	0.45125
Feedback: 0.66
Received=	0.19345
Feedback: 0.66
Received=	0.0044164
Feedback: 0.66
Received=	-0.062661
Feedback: 0.66
Received=	-0.035024
Feedback: 0.66
Received=	0.060389
Feedback: 0.66
Received=	0.20746
Feedback: 0.66
Received=	0.015552
Feedback: 0.66
Received=	0.062257
=====  12:47:50 - NF  ============
Feedback: 0.69645
Received=	0.48232
Feedback: 0.45247
Received=	0.80434
Feedback: 0.26544
Received=	0.55165
Feedback: 0.41221
Received=	0.30612
Feedback: 0.55481
Received=	0.11757
Feedback: 0.66432
Received=	0.17613
Feedback: 0.63031
Received=	0.27098
Feedback: 0.57522
Received=	0.56901
Feedback: 0.40212
Received=	0.51219
Feedback: 0.43512
Received=	-0.056728
Feedback: 0.76556
Received=	-0.20934
Feedback: 0.8542
Received=	-0.071082
Feedback: 0.7739
Received=	0.25952
Feedback: 0.58188
Received=	0.26211
Feedback: 0.58038
Received=	0.13381
Feedback: 0.6549
Received=	0.078133
Feedback: 0.68723
Received=	0.29999
Feedback: 0.55837
Received=	0.46233
Feedback: 0.46408
Received=	0.46005
Feedback: 0.46541
Received=	0.30974
Feedback: 0.55271
Received=	0.28215
Feedback: 0.56874
Received=	0.37922
Feedback: 0.51236
Received=	0.59472
Feedback: 0.38719
Received=	0.50119
Feedback: 0.44152
Received=	0.4731
Feedback: 0.45783
Received=	0.2201
Feedback: 0.60477
Received=	0.19896
Feedback: 0.61705
Received=	0.20727
Feedback: 0.61223
Received=	0.10316
Feedback: 0.6727
Received=	0.078023
Feedback: 0.6873
Received=	-0.016022
Feedback: 0.74192
Received=	0.044
Feedback: 0.70706
Received=	0.19686
Feedback: 0.61827
Received=	0.080241
Feedback: 0.68601
Received=	0.17269
Feedback: 0.63231
Received=	0.1996
Feedback: 0.61668
Received=	0.13145
Feedback: 0.65626
Received=	0.26991
Feedback: 0.57584
Received=	0.30152
Feedback: 0.55749
Received=	0.52192
Feedback: 0.42947
Received=	0.52335
Feedback: 0.42864
Received=	0.30025
Feedback: 0.55822
Received=	0.34209
Feedback: 0.53392
Received=	0.3289
Feedback: 0.54158
Received=	0.29932
Feedback: 0.55876
Received=	0.33206
Feedback: 0.53975
Received=	0.73497
Feedback: 0.30573
Received=	0.75901
Feedback: 0.29177
Received=	0.43813
Feedback: 0.47814
Received=	0.19886
Feedback: 0.61711
Received=	0.32354
Feedback: 0.54469
Received=	0.66051
Feedback: 0.34898
Received=	0.68509
Feedback: 0.3347
Received=	0.54267
Feedback: 0.41742
Received=	0.40357
Feedback: 0.49821
Received=	0.16523
Feedback: 0.63665
Received=	0.38178
Feedback: 0.51087
Received=	0.87725
Feedback: 0.22309
Received=	0.55337
Feedback: 0.41121
Calculated range:	[(-2.000000) - (2.000000)]
Success index = (-0.292160)
Received=	0.44535
=====  12:50:50 - BASE  ============
Feedback: 0.66
Received=	0.81424
Feedback: 0.66
Received=	1.2195
Feedback: 0.66
Received=	0.73597
Feedback: 0.66
Received=	0.25628
Feedback: 0.66
Received=	0.25559
Feedback: 0.66
Received=	0.38277
Feedback: 0.66
Received=	0.57741
Feedback: 0.66
Received=	0.59259
Feedback: 0.66
Received=	0.57315
Feedback: 0.66
Received=	0.63974
Feedback: 0.66
Received=	0.38459
Feedback: 0.66
Received=	0.46864
Feedback: 0.66
Received=	0.54207
Feedback: 0.66
Received=	0.39755
Feedback: 0.66
Received=	0.62705
Feedback: 0.66
Received=	0.58606
Feedback: 0.66
Received=	0.62533
Feedback: 0.66
Received=	0.53277
Feedback: 0.66
Received=	0.60478
Feedback: 0.66
Received=	0.52739
=====  12:51:50 - NF  ============
Feedback: 0.5266
Received=	0.81681
Feedback: 0.25424
Received=	0.83507
Feedback: 0.23706
Received=	0.69089
Feedback: 0.37274
Received=	0.48974
Feedback: 0.56204
Received=	0.50536
Feedback: 0.54733
Received=	0.61879
Feedback: 0.44059
Received=	0.63553
Feedback: 0.42483
Received=	0.4561
Feedback: 0.59369
Received=	0.31043
Feedback: 0.73078
Received=	0.16039
Feedback: 0.87197
Received=	0.34299
Feedback: 0.70013
Received=	0.18194
Feedback: 0.85169
Received=	0.10831
Feedback: 0.9
Received=	0.32265
Feedback: 0.71928
Received=	0.40782
Feedback: 0.63912
Received=	0.35519
Feedback: 0.68865
Received=	0.31328
Feedback: 0.72809
Received=	0.21864
Feedback: 0.81715
Received=	0.068206
Feedback: 0.9
Received=	0.17591
Feedback: 0.85737
Received=	0.26241
Feedback: 0.77596
Received=	0.20456
Feedback: 0.8304
Received=	0.42552
Feedback: 0.62247
Received=	0.46011
Feedback: 0.58991
Received=	0.29868
Feedback: 0.74183
Received=	0.28475
Feedback: 0.75494
Received=	0.31449
Feedback: 0.72695
Received=	0.39323
Feedback: 0.65286
Received=	0.2584
Feedback: 0.77974
Received=	0.4803
Feedback: 0.57092
Received=	0.71419
Feedback: 0.35082
Received=	0.68
Feedback: 0.38299
Received=	0.5441
Feedback: 0.51088
Received=	0.27971
Feedback: 0.75968
Received=	0.39176
Feedback: 0.65424
Received=	0.32648
Feedback: 0.71567
Received=	0.41472
Feedback: 0.63263
Received=	0.49129
Feedback: 0.56058
Received=	0.44316
Feedback: 0.60587
Received=	0.49305
Feedback: 0.55892
Received=	0.71832
Feedback: 0.34693
Received=	0.71049
Feedback: 0.3543
Received=	0.56546
Feedback: 0.49078
Received=	0.49328
Feedback: 0.5587
Received=	0.46964
Feedback: 0.58095
Received=	0.4594
Feedback: 0.59059
Received=	0.5562
Feedback: 0.49949
Received=	0.62874
Feedback: 0.43123
Received=	0.38943
Feedback: 0.65643
Received=	0.33097
Feedback: 0.71145
Received=	0.39682
Feedback: 0.64948
Received=	0.15324
Feedback: 0.8787
Received=	0.17157
Feedback: 0.86145
Received=	0.48547
Feedback: 0.56605
Received=	0.73008
Feedback: 0.33586
Received=	0.71512
Feedback: 0.34994
Received=	0.4792
Feedback: 0.57195
Received=	0.3227
Feedback: 0.71923
Received=	0.35913
Feedback: 0.68495
Calculated range:	[(-2.000000) - (2.000000)]
Success index = (-0.660017)
Received=	0.64495
=====  12:54:50 - BASE  ============
Feedback: 0.66
Received=	0.94914
Feedback: 0.66
Received=	0.9701
Feedback: 0.66
Received=	0.44122
Feedback: 0.66
Received=	0.22816
Feedback: 0.66
Received=	0.62062
Feedback: 0.66
Received=	0.84725
Feedback: 0.66
Received=	1.1156
Feedback: 0.66
Received=	1.1185
Feedback: 0.66
Received=	0.73061
Feedback: 0.66
Received=	0.67684
Feedback: 0.66
Received=	0.77189
Feedback: 0.66
Received=	0.99552
Feedback: 0.66
Received=	1.2083
Feedback: 0.66
Received=	1.0789
Feedback: 0.66
Received=	1.2321
Feedback: 0.66
Received=	1.2269
Feedback: 0.66
Received=	0.81459
Feedback: 0.66
Received=	1.2142
Feedback: 0.66
Received=	1.1673
Feedback: 0.66
Received=	0.84019
=====  12:55:50 - NF  ============
Feedback: 0.55056
Received=	0.89861
Feedback: 0.51074
Received=	1.1143
Feedback: 0.36375
Received=	1.0882
Feedback: 0.38152
Received=	0.82417
Feedback: 0.56147
Received=	0.52908
Feedback: 0.7626
Received=	0.42163
Feedback: 0.83584
Received=	0.26871
Feedback: 0.9
Received=	0.62305
Feedback: 0.69855
Received=	0.88832
Feedback: 0.51775
Received=	0.95763
Feedback: 0.47051
Received=	0.86335
Feedback: 0.53477
Received=	0.47108
Feedback: 0.80213
Received=	0.32287
Feedback: 0.9
Received=	0.38731
Feedback: 0.85923
Received=	0.29173
Feedback: 0.9
Received=	0.15987
Feedback: 0.9
Received=	0.29942
Feedback: 0.9
Received=	0.32633
Feedback: 0.9
Received=	0.30764
Feedback: 0.9
Received=	0.38697
Feedback: 0.85946
Received=	0.5287
Feedback: 0.76286
Received=	0.56786
Feedback: 0.73617
Received=	0.24874
Feedback: 0.9
Received=	0.40371
Feedback: 0.84805
Received=	0.36134
Feedback: 0.87693
Received=	0.29578
Feedback: 0.9
Received=	0.1581
Feedback: 0.9
Received=	-0.051158
Feedback: 0.9
Received=	0.071303
Feedback: 0.9
Received=	0.48974
Feedback: 0.78941
Received=	0.56758
Feedback: 0.73636
Received=	0.28442
Feedback: 0.9
Received=	0.51445
Feedback: 0.77257
Received=	0.86029
Feedback: 0.53686
Received=	0.86285
Feedback: 0.53511
Received=	0.61192
Feedback: 0.70614
Received=	0.33668
Feedback: 0.89374
Received=	0.1752
Feedback: 0.9
Received=	0.23109
Feedback: 0.9
Received=	0.66164
Feedback: 0.67225
Received=	0.88398
Feedback: 0.52071
Received=	0.63075
Feedback: 0.6933
Received=	0.65432
Feedback: 0.67724
Received=	0.55433
Feedback: 0.74539
Received=	0.30057
Feedback: 0.9
Received=	0.19751
Feedback: 0.9
Received=	0.28109
Feedback: 0.9
Received=	0.62466
Feedback: 0.69745
Received=	0.54883
Feedback: 0.74914
Received=	0.49518
Feedback: 0.78571
Received=	0.52919
Feedback: 0.76253
Received=	0.63758
Feedback: 0.68865
Received=	0.7929
Feedback: 0.58279
Received=	0.72104
Feedback: 0.63177
Received=	0.99531
Feedback: 0.44482
Received=	1.1701
Feedback: 0.32571
Received=	0.79246
Feedback: 0.58308
Received=	0.45854
Feedback: 0.81068
Received=	0.45836
Feedback: 0.81081
Calculated range:	[(-2.344832) - (1.655168)]
Success index = (-1.344832)
Received=	0.5998
=====  12:58:50 - BASE  ============
Feedback: 0.66
Received=	0.68024
Feedback: 0.66
Received=	0.85585
Feedback: 0.66
Received=	0.70066
Feedback: 0.66
Received=	0.52097
Feedback: 0.66
Received=	0.68406
Feedback: 0.66
Received=	0.66641
Feedback: 0.66
Received=	0.79408
Feedback: 0.66
Received=	1.2184
Feedback: 0.66
Received=	1.3831
Feedback: 0.66
Received=	1.1145
Feedback: 0.66
Received=	0.72189
Feedback: 0.66
Received=	1.1214
Feedback: 0.66
Received=	1.2557
Feedback: 0.66
Received=	1.2906
Feedback: 0.66
Received=	0.98969
Feedback: 0.66
Received=	0.88335
Feedback: 0.66
Received=	0.61026
Feedback: 0.66
Received=	0.70596
Feedback: 0.66
Received=	0.82022
Feedback: 0.66
Received=	0.8003
=====  12:59:50 - NF  ============
Feedback: 0.51272
Received=	0.88103
Feedback: 0.45127
Received=	0.8001
Feedback: 0.51287
Received=	0.24782
Feedback: 0.9
Received=	0.0096323
Feedback: 0.9
Received=	0.25511
Feedback: 0.9
Received=	0.38586
Feedback: 0.82819
Received=	0.15439
Feedback: 0.9
Received=	0.18796
Feedback: 0.9
Received=	0.48891
Feedback: 0.74975
Received=	0.73216
Feedback: 0.56458
Received=	0.75113
Feedback: 0.55015
Received=	0.50049
Feedback: 0.74094
Received=	0.20244
Feedback: 0.9
Received=	0.21562
Feedback: 0.9
Received=	0.35954
Feedback: 0.84823
Received=	0.49695
Feedback: 0.74363
Received=	0.41354
Feedback: 0.80712
Received=	0.42027
Feedback: 0.802
Received=	0.44325
Feedback: 0.78451
Received=	0.43904
Feedback: 0.78771
Received=	0.77602
Feedback: 0.5312
Received=	0.93965
Feedback: 0.40665
Received=	0.87804
Feedback: 0.45354
Received=	0.71084
Feedback: 0.58082
Received=	0.57913
Feedback: 0.68107
Received=	0.49974
Feedback: 0.74151
Received=	0.5239
Feedback: 0.72311
Received=	0.53081
Feedback: 0.71786
Received=	0.28437
Feedback: 0.9
Received=	0.14909
Feedback: 0.9
Received=	0.51749
Feedback: 0.72799
Received=	0.72994
Feedback: 0.56628
Received=	0.56696
Feedback: 0.69034
Received=	0.4505
Feedback: 0.77898
Received=	0.44567
Feedback: 0.78266
Received=	0.51547
Feedback: 0.72953
Received=	0.66711
Feedback: 0.6141
Received=	0.62195
Feedback: 0.64848
Received=	0.41614
Feedback: 0.80514
Received=	0.42572
Feedback: 0.79785
Received=	0.52131
Feedback: 0.72508
Received=	0.62719
Feedback: 0.64449
Received=	0.64591
Feedback: 0.63024
Received=	0.81276
Feedback: 0.50323
Received=	1.1531
Feedback: 0.2442
Received=	1.2146
Feedback: 0.19733
Received=	0.80832
Feedback: 0.50661
Received=	0.72874
Feedback: 0.56719
Received=	0.68917
Feedback: 0.59731
Received=	0.83687
Feedback: 0.48488
Received=	0.87325
Feedback: 0.45719
Received=	0.64777
Feedback: 0.62883
Received=	0.72124
Feedback: 0.5729
Received=	0.65459
Feedback: 0.62363
Received=	0.63224
Feedback: 0.64065
Received=	1.0667
Feedback: 0.30991
Received=	1.3672
Feedback: 0.1
Received=	1.0493
Feedback: 0.32319
Received=	0.69514
Feedback: 0.59277
Calculated range:	[(-2.126436) - (1.873564)]
Success index = (-1.126436)
Received=	0.62059
=====  13:2:50 - BASE  ============
Feedback: 0.66
Received=	0.8436
Feedback: 0.66
Received=	1.0313
Feedback: 0.66
Received=	0.80744
Feedback: 0.66
Received=	0.37814
Feedback: 0.66
Received=	0.41774
Feedback: 0.66
Received=	0.64905
Feedback: 0.66
Received=	0.88569
Feedback: 0.66
Received=	1.1614
Feedback: 0.66
Received=	0.88464
Feedback: 0.66
Received=	0.55738
Feedback: 0.66
Received=	0.33116
Feedback: 0.66
Received=	0.44207
Feedback: 0.66
Received=	0.45553
Feedback: 0.66
Received=	0.52643
Feedback: 0.66
Received=	0.54972
Feedback: 0.66
Received=	0.34859
Feedback: 0.66
Received=	0.3954
Feedback: 0.66
Received=	0.60194
Feedback: 0.66
Received=	0.67153
Feedback: 0.66
Received=	0.829
=====  13:3:50 - NF  ============
Feedback: 0.30154
Received=	1.0378
Feedback: 0.13143
Received=	0.88922
Feedback: 0.25249
Received=	0.62086
Feedback: 0.47107
Received=	0.34757
Feedback: 0.69368
Received=	0.42485
Feedback: 0.63074
Received=	0.61633
Feedback: 0.47476
Received=	0.77778
Feedback: 0.34325
Received=	0.84304
Feedback: 0.2901
Received=	0.75076
Feedback: 0.36527
Received=	0.62549
Feedback: 0.4673
Received=	0.40766
Feedback: 0.64474
Received=	0.21903
Feedback: 0.79839
Received=	0.38806
Feedback: 0.6607
Received=	0.80464
Feedback: 0.32138
Received=	0.92763
Feedback: 0.2212
Received=	0.8298
Feedback: 0.30089
Received=	0.66469
Feedback: 0.43538
Received=	0.74997
Feedback: 0.36591
Received=	0.45976
Feedback: 0.6023
Received=	0.54625
Feedback: 0.53185
Received=	0.58115
Feedback: 0.50342
Received=	0.35719
Feedback: 0.68585
Received=	0.35624
Feedback: 0.68662
Received=	0.60848
Feedback: 0.48116
Received=	0.78971
Feedback: 0.33354
Received=	0.38788
Feedback: 0.66085
Received=	0.2375
Feedback: 0.78334
Received=	0.34765
Feedback: 0.69362
Received=	0.41324
Feedback: 0.64019
Received=	0.44272
Feedback: 0.61618
Received=	0.33904
Feedback: 0.70063
Received=	0.38621
Feedback: 0.66221
Received=	0.2431
Feedback: 0.77878
Received=	0.28518
Feedback: 0.7445
Received=	0.26827
Feedback: 0.75827
Received=	0.59241
Feedback: 0.49425
Received=	0.95452
Feedback: 0.1993
Received=	1.0464
Feedback: 0.12441
Received=	0.86758
Feedback: 0.27011
Received=	0.66061
Feedback: 0.43869
Received=	0.7016
Feedback: 0.40531
Received=	0.55116
Feedback: 0.52785
Received=	0.55318
Feedback: 0.5262
Received=	0.55972
Feedback: 0.52088
Received=	0.30101
Feedback: 0.73161
Received=	-0.056943
Feedback: 0.9
Received=	0.22358
Feedback: 0.79468
Received=	0.43204
Feedback: 0.62488
Received=	0.63837
Feedback: 0.45681
Received=	0.66167
Feedback: 0.43784
Received=	0.5452
Feedback: 0.5327
Received=	0.25103
Feedback: 0.77232
Received=	0.29958
Feedback: 0.73277
Received=	0.42175
Feedback: 0.63326
Received=	0.47986
Feedback: 0.58593
Received=	0.49187
Feedback: 0.57615
Received=	0.56431
Feedback: 0.51714
Received=	0.77174
Feedback: 0.34818
Received=	0.46385
Feedback: 0.59897
Calculated range:	[(-2.000000) - (2.000000)]
Success index = (-0.297741)
closing...
