Direction=-1.000000	; step=1.000000;
Received=	0
Feedback: 0.66
Received=	0
Feedback: 0.66
Received=	0
Feedback: 0.66
Received=	-0.077597
Feedback: 0.66
Received=	-0.093413
Feedback: 0.66
Received=	0.029478
Feedback: 0.66
Received=	-0.1404
Feedback: 0.66
Received=	-0.12566
Feedback: 0.66
Received=	0.14834
Feedback: 0.66
Received=	0.062799
Feedback: 0.66
Received=	-0.13585
Feedback: 0.66
Received=	-0.17035
Feedback: 0.66
Received=	-0.17406
Feedback: 0.66
Received=	-0.26739
Feedback: 0.66
Received=	-0.41548
Feedback: 0.66
Received=	-0.057027
Feedback: 0.66
Received=	-0.19327
Feedback: 0.66
Received=	-0.31222
Feedback: 0.66
Received=	-0.24264
Feedback: 0.66
Received=	-0.4219
Feedback: 0.66
Received=	-0.51295
=====  13:13:43 - NF  ============
Feedback: 0.9
Received=	-0.32256
Feedback: 0.73256
Received=	0.011324
Feedback: 0.29843
Received=	0.16277
Feedback: 0.10151
Received=	-0.023867
Feedback: 0.34418
Received=	-0.26382
Feedback: 0.65618
Received=	-0.32448
Feedback: 0.73506
Received=	-0.012366
Feedback: 0.32923
Received=	0.082178
Feedback: 0.2063
Received=	-0.0063446
Feedback: 0.3214
Received=	-0.0015892
Feedback: 0.31522
Received=	-0.33476
Feedback: 0.74842
Received=	-0.43688
Feedback: 0.8812
Received=	-0.71359
Feedback: 0.9
Received=	-0.54437
Feedback: 0.9
Received=	-0.37264
Feedback: 0.79767
Received=	-0.30295
Feedback: 0.70706
Received=	-0.22543
Feedback: 0.60626
Received=	-0.055386
Feedback: 0.38517
Received=	-0.1729
Feedback: 0.53796
Received=	0.41958
Feedback: 0.1
Received=	0.70089
Feedback: 0.1
Received=	0.20651
Feedback: 0.1
Received=	-0.17474
Feedback: 0.54036
Received=	-0.30838
Feedback: 0.71412
Received=	-0.28354
Feedback: 0.68182
Received=	-0.16029
Feedback: 0.52156
Received=	0.036032
Feedback: 0.2663
Received=	-0.31677
Feedback: 0.72503
Received=	-0.47919
Feedback: 0.9
Received=	-0.45619
Feedback: 0.9
Received=	-0.45082
Feedback: 0.89933
Received=	-0.077483
Feedback: 0.4139
Received=	-0.24178
Feedback: 0.62753
Received=	-0.42895
Feedback: 0.87088
Received=	-0.46937
Feedback: 0.9
Received=	-0.41722
Feedback: 0.85564
Received=	-0.30975
Feedback: 0.71591
Received=	-0.24895
Feedback: 0.63685
Received=	-0.14763
Feedback: 0.50511
Received=	-0.31152
Feedback: 0.71821
Received=	-0.46269
Feedback: 0.9
Received=	-0.52129
Feedback: 0.9
Received=	-0.35569
Feedback: 0.77563
Received=	-0.19007
Feedback: 0.56029
Received=	0.433
Feedback: 0.1
Received=	0.45836
Feedback: 0.1
Received=	0.15819
Feedback: 0.10746
Received=	-0.027344
Feedback: 0.34871
Received=	-0.19092
Feedback: 0.56139
Received=	-0.32322
Feedback: 0.73342
Received=	-0.38181
Feedback: 0.80959
Received=	-0.45775
Feedback: 0.9
Received=	-0.43516
Feedback: 0.87897
Received=	-0.388
Feedback: 0.81765
Received=	-0.46109
Feedback: 0.9
Received=	-0.098669
Feedback: 0.44145
Received=	-0.40291
Feedback: 0.83703
Received=	-0.36169
Feedback: 0.78343
Received=	-0.35857
Feedback: 0.77938
Calculated range:	[(-2.000000) - (2.000000)]
Success index = (-0.271655)
Received=	-0.27293
=====  13:16:43 - BASE  ============
Feedback: 0.66
Received=	-0.23451
Feedback: 0.66
Received=	-0.19601
Feedback: 0.66
Received=	-0.15554
Feedback: 0.66
Received=	-0.2166
Feedback: 0.66
Received=	-0.43304
Feedback: 0.66
Received=	-0.092
Feedback: 0.66
Received=	0.22405
Feedback: 0.66
Received=	0.1042
Feedback: 0.66
Received=	0.11425
Feedback: 0.66
Received=	-0.16236
Feedback: 0.66
Received=	-0.0065117
Feedback: 0.66
Received=	0.075823
Feedback: 0.66
Received=	-0.033884
Feedback: 0.66
Received=	0.050442
Feedback: 0.66
Received=	0.033177
Feedback: 0.66
Received=	0.037871
Feedback: 0.66
Received=	-0.30935
Feedback: 0.66
Received=	-0.60229
Feedback: 0.66
Received=	-0.41353
Feedback: 0.66
Received=	-0.32335
=====  13:17:43 - NF  ============
Feedback: 0.69312
Received=	-0.071236
Feedback: 0.46483
Received=	0.07329
Feedback: 0.33397
Received=	-0.1053
Feedback: 0.49568
Received=	-0.12631
Feedback: 0.5147
Received=	-0.37175
Feedback: 0.73695
Received=	-0.38984
Feedback: 0.75333
Received=	-0.17222
Feedback: 0.55628
Received=	-0.38451
Feedback: 0.7485
Received=	-0.56168
Feedback: 0.9
Received=	-0.55667
Feedback: 0.9
Received=	-0.47745
Feedback: 0.83265
Received=	-0.3811
Feedback: 0.74541
Received=	-0.16836
Feedback: 0.55278
Received=	-0.37889
Feedback: 0.74341
Received=	-0.45486
Feedback: 0.8122
Received=	-0.50494
Feedback: 0.85754
Received=	-0.53552
Feedback: 0.88524
Received=	-0.36098
Feedback: 0.72719
Received=	-0.20401
Feedback: 0.58506
Received=	-0.35117
Feedback: 0.71831
Received=	-0.50951
Feedback: 0.86169
Received=	-0.52591
Feedback: 0.87654
Received=	-0.40249
Feedback: 0.76478
Received=	-0.52246
Feedback: 0.87341
Received=	-0.30886
Feedback: 0.68
Received=	-0.25649
Feedback: 0.63258
Received=	-0.41329
Feedback: 0.77456
Received=	-0.36913
Feedback: 0.73457
Received=	-0.29822
Feedback: 0.67036
Received=	-0.21512
Feedback: 0.59512
Received=	-0.056099
Feedback: 0.45113
Received=	0.067599
Feedback: 0.33912
Received=	-0.0014439
Feedback: 0.40164
Received=	-0.16108
Feedback: 0.54619
Received=	-0.19371
Feedback: 0.57573
Received=	-0.18142
Feedback: 0.5646
Received=	-0.19845
Feedback: 0.58002
Received=	-0.44646
Feedback: 0.80459
Received=	-0.24334
Feedback: 0.62067
Received=	0.064176
Feedback: 0.34222
Received=	-0.010627
Feedback: 0.40995
Received=	-0.16648
Feedback: 0.55108
Received=	-0.37203
Feedback: 0.7372
Received=	-0.44431
Feedback: 0.80265
Received=	-0.40893
Feedback: 0.77061
Received=	0.014228
Feedback: 0.38745
Received=	0.37584
Feedback: 0.1
Received=	0.10129
Feedback: 0.30862
Received=	-0.21584
Feedback: 0.59577
Received=	-0.15502
Feedback: 0.5407
Received=	0.11219
Feedback: 0.29875
Received=	-0.23159
Feedback: 0.61003
Received=	-0.53584
Feedback: 0.88553
Received=	-0.57295
Feedback: 0.9
Received=	-0.68714
Feedback: 0.9
Received=	-0.57375
Feedback: 0.9
Received=	-0.57415
Feedback: 0.9
Received=	-0.63384
Feedback: 0.9
Received=	-0.5629
Feedback: 0.9
Calculated range:	[(-2.000000) - (2.000000)]
Success index = (-0.813477)
Received=	-0.41852
=====  13:20:43 - BASE  ============
Feedback: 0.66
Received=	-0.36898
Feedback: 0.66
Received=	-0.2518
Feedback: 0.66
Received=	-0.47534
Feedback: 0.66
Received=	-0.24035
Feedback: 0.66
Received=	0.31839
Feedback: 0.66
Received=	0.38107
Feedback: 0.66
Received=	0.52726
Feedback: 0.66
Received=	0.35682
Feedback: 0.66
Received=	-0.070717
Feedback: 0.66
Received=	-0.38102
Feedback: 0.66
Received=	-0.44071
Feedback: 0.66
Received=	-0.50015
Feedback: 0.66
Received=	-0.50897
Feedback: 0.66
Received=	-0.44251
Feedback: 0.66
Received=	-0.27242
Feedback: 0.66
Received=	-0.39764
Feedback: 0.66
Received=	-0.55278
Feedback: 0.66
Received=	-0.57296
Feedback: 0.66
Received=	-0.12414
Feedback: 0.66
Received=	-0.13831
=====  13:21:43 - NF  ============
Feedback: 0.46415
Received=	-0.061942
Feedback: 0.4216
Received=	-0.25564
Feedback: 0.52952
Received=	-0.2801
Feedback: 0.54314
Received=	-0.058838
Feedback: 0.41987
Received=	-0.12566
Feedback: 0.4571
Received=	-0.072644
Feedback: 0.42756
Received=	-0.29918
Feedback: 0.55377
Received=	-0.26016
Feedback: 0.53203
Received=	0.086182
Feedback: 0.33907
Received=	0.068976
Feedback: 0.34866
Received=	-0.27347
Feedback: 0.53945
Received=	-0.59182
Feedback: 0.71681
Received=	-0.70919
Feedback: 0.78221
Received=	-0.60774
Feedback: 0.72568
Received=	-0.34747
Feedback: 0.58068
Received=	-0.27393
Feedback: 0.53971
Received=	-0.39758
Feedback: 0.60859
Received=	-0.64858
Feedback: 0.74844
Received=	-0.48498
Feedback: 0.65729
Received=	-0.26915
Feedback: 0.53704
Received=	-0.1058
Feedback: 0.44604
Received=	-0.13115
Feedback: 0.46015
Received=	-0.31526
Feedback: 0.56273
Received=	-0.27079
Feedback: 0.53796
Received=	-0.4849
Feedback: 0.65725
Received=	-0.38406
Feedback: 0.60106
Received=	-0.14164
Feedback: 0.466
Received=	-0.26027
Feedback: 0.53209
Received=	-0.62951
Feedback: 0.73781
Received=	-0.58157
Feedback: 0.7111
Received=	-0.26279
Feedback: 0.5335
Received=	-0.013664
Feedback: 0.3947
Received=	0.067975
Feedback: 0.34922
Received=	-0.051257
Feedback: 0.41565
Received=	-0.28118
Feedback: 0.54374
Received=	-0.29667
Feedback: 0.55237
Received=	-0.094064
Feedback: 0.4395
Received=	-0.2141
Feedback: 0.50637
Received=	-0.28121
Feedback: 0.54376
Received=	-0.49272
Feedback: 0.6616
Received=	-0.40008
Feedback: 0.60999
Received=	0.014038
Feedback: 0.37927
Received=	-0.035215
Feedback: 0.40671
Received=	-0.56172
Feedback: 0.70004
Received=	-0.59439
Feedback: 0.71824
Received=	-0.3299
Feedback: 0.57089
Received=	-0.39179
Feedback: 0.60537
Received=	-0.46374
Feedback: 0.64545
Received=	-0.36213
Feedback: 0.58884
Received=	-0.41022
Feedback: 0.61564
Received=	-0.47478
Feedback: 0.6516
Received=	-0.44677
Feedback: 0.636
Received=	-0.32673
Feedback: 0.56912
Received=	-0.28511
Feedback: 0.54593
Received=	-0.26816
Feedback: 0.53649
Received=	-0.3005
Feedback: 0.55451
Received=	-0.49299
Feedback: 0.66175
Received=	-0.31304
Feedback: 0.5615
Received=	-0.10417
Feedback: 0.44513
Calculated range:	[(-2.000000) - (2.000000)]
Success index = (-0.402248)
Received=	0.098002
=====  13:24:43 - BASE  ============
Feedback: 0.66
Received=	0.10569
Feedback: 0.66
Received=	0.17069
Feedback: 0.66
Received=	-0.30452
Feedback: 0.66
Received=	-0.55853
Feedback: 0.66
Received=	-0.16801
Feedback: 0.66
Received=	0.1554
Feedback: 0.66
Received=	-0.26316
Feedback: 0.66
Received=	-0.4779
Feedback: 0.66
Received=	-0.42865
Feedback: 0.66
Received=	-0.4048
Feedback: 0.66
Received=	-0.34666
Feedback: 0.66
Received=	-0.33722
Feedback: 0.66
Received=	-0.47853
Feedback: 0.66
Received=	-0.3075
Feedback: 0.66
Received=	-0.31332
Feedback: 0.66
Received=	-0.61979
Feedback: 0.66
Received=	-0.62681
Feedback: 0.66
Received=	-0.49292
Feedback: 0.66
Received=	-0.28514
Feedback: 0.66
Received=	-0.36159
=====  13:25:43 - NF  ============
Feedback: 0.52119
Received=	-0.39436
Feedback: 0.55085
Received=	-0.20801
Feedback: 0.38215
Received=	-0.15525
Feedback: 0.33438
Received=	-0.17964
Feedback: 0.35646
Received=	-0.27019
Feedback: 0.43844
Received=	-0.37104
Feedback: 0.52974
Received=	-0.45273
Feedback: 0.60369
Received=	-0.29296
Feedback: 0.45906
Received=	-0.24766
Feedback: 0.41805
Received=	-0.39066
Feedback: 0.54751
Received=	-0.36911
Feedback: 0.528
Received=	-0.18951
Feedback: 0.3654
Received=	-0.18475
Feedback: 0.36109
Received=	-0.41735
Feedback: 0.57167
Received=	-0.36429
Feedback: 0.52363
Received=	-0.25882
Feedback: 0.42815
Received=	-0.36566
Feedback: 0.52487
Received=	-0.43005
Feedback: 0.58316
Received=	-0.34302
Feedback: 0.50438
Received=	-0.11378
Feedback: 0.29684
Received=	0.074953
Feedback: 0.12598
Received=	-0.010084
Feedback: 0.20296
Received=	-0.26036
Feedback: 0.42954
Received=	-0.36168
Feedback: 0.52127
Received=	-0.27057
Feedback: 0.43878
Received=	-0.28701
Feedback: 0.45366
Received=	-0.43094
Feedback: 0.58397
Received=	-0.53322
Feedback: 0.67656
Received=	-0.35807
Feedback: 0.518
Received=	-0.1914
Feedback: 0.36711
Received=	-0.31591
Feedback: 0.47983
Received=	-0.14376
Feedback: 0.32398
Received=	-0.13111
Feedback: 0.31253
Received=	-0.12576
Feedback: 0.30769
Received=	-0.027937
Feedback: 0.21913
Received=	-0.44727
Feedback: 0.59875
Received=	-0.45048
Feedback: 0.60166
Received=	-0.32783
Feedback: 0.49062
Received=	-0.38148
Feedback: 0.53919
Received=	-0.4832
Feedback: 0.63128
Received=	-0.072827
Feedback: 0.25977
Received=	0.06461
Feedback: 0.13534
Received=	-0.28663
Feedback: 0.45333
Received=	-0.48637
Feedback: 0.63415
Received=	-0.40123
Feedback: 0.55707
Received=	-0.18031
Feedback: 0.35707
Received=	-0.13971
Feedback: 0.32031
Received=	-0.067003
Feedback: 0.25449
Received=	-0.25409
Feedback: 0.42387
Received=	-0.28309
Feedback: 0.45012
Received=	-0.57661
Feedback: 0.71585
Received=	-0.4567
Feedback: 0.60729
Received=	-0.028744
Feedback: 0.21986
Received=	0.1083
Feedback: 0.1
Received=	-0.16551
Feedback: 0.34367
Received=	-0.26331
Feedback: 0.43221
Received=	0.042173
Feedback: 0.15565
Received=	0.22909
Feedback: 0.1
Received=	0.084244
Feedback: 0.11757
Calculated range:	[(-2.000000) - (2.000000)]
Success index = (0.475597)
Received=	0.029551
=====  13:28:43 - BASE  ============
Feedback: 0.66
Received=	-0.045984
Feedback: 0.66
Received=	-0.20242
Feedback: 0.66
Received=	-0.26801
Feedback: 0.66
Received=	-0.32397
Feedback: 0.66
Received=	-0.4119
Feedback: 0.66
Received=	-0.36219
Feedback: 0.66
Received=	-0.37091
Feedback: 0.66
Received=	-0.63081
Feedback: 0.66
Received=	-0.65196
Feedback: 0.66
Received=	-0.57046
Feedback: 0.66
Received=	-0.28519
Feedback: 0.66
Received=	-0.010199
Feedback: 0.66
Received=	-0.23057
Feedback: 0.66
Received=	-0.49346
Feedback: 0.66
Received=	-0.384
Feedback: 0.66
Received=	-0.25505
Feedback: 0.66
Received=	-0.39984
Feedback: 0.66
Received=	-0.31175
Feedback: 0.66
Received=	-0.27342
Feedback: 0.66
Received=	-0.091263
=====  13:29:43 - NF  ============
Feedback: 0.16343
Received=	-0.2122
Feedback: 0.31628
Received=	-0.25908
Feedback: 0.37553
Received=	-0.31543
Feedback: 0.44675
Received=	-0.48291
Feedback: 0.65843
Received=	-0.46742
Feedback: 0.63884
Received=	-0.40717
Feedback: 0.56269
Received=	-0.34764
Feedback: 0.48746
Received=	-0.16015
Feedback: 0.2505
Received=	-0.070267
Feedback: 0.1369
Received=	-0.19248
Feedback: 0.29135
Received=	-0.30227
Feedback: 0.43012
Received=	-0.18198
Feedback: 0.27809
Received=	-0.22736
Feedback: 0.33545
Received=	-0.33428
Feedback: 0.47057
Received=	-0.37229
Feedback: 0.51861
Received=	-0.57436
Feedback: 0.77401
Received=	-0.42966
Feedback: 0.59113
Received=	-0.064892
Feedback: 0.1301
Received=	-0.0095356
Feedback: 0.1
Received=	-0.15445
Feedback: 0.24329
Received=	-0.4763
Feedback: 0.65008
Received=	-0.42172
Feedback: 0.58109
Received=	0.0093908
Feedback: 0.1
Received=	0.00015967
Feedback: 0.1
Received=	-0.17991
Feedback: 0.27547
Received=	-0.34366
Feedback: 0.48243
Received=	-0.30603
Feedback: 0.43487
Received=	-0.36217
Feedback: 0.50583
Received=	-0.17619
Feedback: 0.27077
Received=	-0.15466
Feedback: 0.24355
Received=	-0.41834
Feedback: 0.57682
Received=	-0.37279
Feedback: 0.51924
Received=	-0.24239
Feedback: 0.35443
Received=	-0.13178
Feedback: 0.21464
Received=	-0.53631
Feedback: 0.72592
Received=	-0.51726
Feedback: 0.70184
Received=	-0.43609
Feedback: 0.59925
Received=	-0.075562
Feedback: 0.14359
Received=	-0.03139
Feedback: 0.1
Received=	-0.29484
Feedback: 0.42073
Received=	-0.2523
Feedback: 0.36697
Received=	-0.052204
Feedback: 0.11407
Received=	-0.18151
Feedback: 0.27749
Received=	-0.52393
Feedback: 0.71027
Received=	-0.42586
Feedback: 0.58632
Received=	-0.038027
Feedback: 0.1
Received=	-0.19958
Feedback: 0.30033
Received=	-0.32926
Feedback: 0.46423
Received=	-0.3204
Feedback: 0.45303
Received=	-0.31191
Feedback: 0.4423
Received=	-0.11911
Feedback: 0.19863
Received=	0.080556
Feedback: 0.1
Received=	0.084832
Feedback: 0.1
Received=	-0.48223
Feedback: 0.65757
Received=	-0.52109
Feedback: 0.70667
Received=	-0.20932
Feedback: 0.31265
Received=	-0.49759
Feedback: 0.67697
Received=	-0.40306
Feedback: 0.5575
Received=	-0.5219
Feedback: 0.70771
Calculated range:	[(-2.000000) - (2.000000)]
Success index = (0.501485)
closing...
