Direction=-1.000000	; step=1.000000;
Received=	0
Feedback: 0.66
Received=	0
Feedback: 0.66
Received=	0
Feedback: 0.66
Received=	-0.29426
Feedback: 0.66
Received=	-0.36272
Feedback: 0.66
Received=	0.3118
Feedback: 0.66
Received=	0.45601
Feedback: 0.66
Received=	0.6121
Feedback: 0.66
Received=	0.30052
Feedback: 0.66
Received=	0.037516
Feedback: 0.66
Received=	0.059253
Feedback: 0.66
Received=	0.15629
Feedback: 0.66
Received=	0.23384
Feedback: 0.66
Received=	-0.010946
Feedback: 0.66
Received=	0.40369
Feedback: 0.66
Received=	0.34564
Feedback: 0.66
Received=	0.031365
Feedback: 0.66
Received=	-0.40957
Feedback: 0.66
Received=	-0.10574
Feedback: 0.66
Received=	0.27895
Feedback: 0.66
Received=	0.17289
=====  11:16:42 - NF  ============
Feedback: 0.45835
Received=	-0.049988
Feedback: 0.61477
Received=	-0.056422
Feedback: 0.61928
Received=	-0.063202
Feedback: 0.62404
Received=	0.15375
Feedback: 0.47178
Received=	0.24367
Feedback: 0.40867
Received=	0.093332
Feedback: 0.51418
Received=	0.24132
Feedback: 0.41032
Received=	0.21618
Feedback: 0.42796
Received=	-0.099791
Feedback: 0.64972
Received=	-0.16782
Feedback: 0.69747
Received=	-0.061917
Feedback: 0.62314
Received=	-0.13103
Feedback: 0.67165
Received=	0.13111
Feedback: 0.48767
Received=	0.15275
Feedback: 0.47248
Received=	0.20061
Feedback: 0.43889
Received=	0.17068
Feedback: 0.4599
Received=	0.18381
Feedback: 0.45068
Received=	0.15006
Feedback: 0.47437
Received=	-0.04751
Feedback: 0.61303
Received=	0.076894
Feedback: 0.52572
Received=	-0.090835
Feedback: 0.64344
Received=	-0.079976
Feedback: 0.63582
Received=	0.3166
Feedback: 0.35749
Received=	0.30437
Feedback: 0.36607
Received=	0.036631
Feedback: 0.55398
Received=	-0.078326
Feedback: 0.63466
Received=	-0.15441
Feedback: 0.68805
Received=	-0.47629
Feedback: 0.9
Received=	-0.044749
Feedback: 0.61109
Received=	-0.027151
Feedback: 0.59874
Received=	-0.18848
Feedback: 0.71196
Received=	0.036297
Feedback: 0.55421
Received=	0.18884
Feedback: 0.44715
Received=	0.085365
Feedback: 0.51977
Received=	-0.12622
Feedback: 0.66827
Received=	-0.22597
Feedback: 0.73827
Received=	-0.63143
Feedback: 0.9
Received=	-0.39721
Feedback: 0.85846
Received=	-0.052089
Feedback: 0.61624
Received=	0.46324
Feedback: 0.25457
Received=	0.15439
Feedback: 0.47133
Received=	0.0081113
Feedback: 0.57399
Received=	0.22024
Feedback: 0.42512
Received=	-0.07793
Feedback: 0.63438
Received=	-0.063468
Feedback: 0.62423
Received=	-0.0029291
Feedback: 0.58174
Received=	-0.10542
Feedback: 0.65367
Received=	0.20804
Feedback: 0.43368
Received=	-0.023058
Feedback: 0.59587
Received=	-0.1421
Feedback: 0.67942
Received=	-0.15147
Feedback: 0.68599
Received=	-0.21421
Feedback: 0.73002
Received=	0.15769
Feedback: 0.46902
Received=	0.10021
Feedback: 0.50935
Received=	0.32633
Feedback: 0.35066
Received=	0.46932
Feedback: 0.25031
Received=	0.49261
Feedback: 0.23396
Received=	0.17567
Feedback: 0.45639
Received=	0.11992
Feedback: 0.49552
Calculated range:	[(-2.000000) - (2.000000)]
Success index = (-0.348369)
Received=	0.10323
=====  11:19:42 - BASE  ============
Feedback: 0.66
Received=	0.12555
Feedback: 0.66
Received=	0.16525
Feedback: 0.66
Received=	0.24691
Feedback: 0.66
Received=	0.40541
Feedback: 0.66
Received=	0.15888
Feedback: 0.66
Received=	0.044572
Feedback: 0.66
Received=	0.37626
Feedback: 0.66
Received=	0.37594
Feedback: 0.66
Received=	0.0057495
Feedback: 0.66
Received=	-0.11235
Feedback: 0.66
Received=	0.18544
Feedback: 0.66
Received=	0.31265
Feedback: 0.66
Received=	-0.097793
Feedback: 0.66
Received=	-0.19631
Feedback: 0.66
Received=	-0.24379
Feedback: 0.66
Received=	-0.17993
Feedback: 0.66
Received=	0.19635
Feedback: 0.66
Received=	-0.46162
Feedback: 0.66
Received=	-0.62202
Feedback: 0.66
Received=	0.30765
=====  11:20:42 - NF  ============
Feedback: 0.31181
Received=	0.20577
Feedback: 0.38114
Received=	0.011865
Feedback: 0.51308
Received=	0.12622
Feedback: 0.43527
Received=	0.38851
Feedback: 0.25679
Received=	0.073291
Feedback: 0.47128
Received=	0.095936
Feedback: 0.45587
Received=	0.15569
Feedback: 0.41522
Received=	0.16608
Feedback: 0.40814
Received=	0.20823
Feedback: 0.37946
Received=	0.24086
Feedback: 0.35726
Received=	0.26704
Feedback: 0.33944
Received=	-0.12096
Feedback: 0.60346
Received=	0.0079042
Feedback: 0.51578
Received=	-0.0084847
Feedback: 0.52693
Received=	-0.18531
Feedback: 0.64725
Received=	-0.12146
Feedback: 0.6038
Received=	-0.38894
Feedback: 0.78581
Received=	-0.11205
Feedback: 0.5974
Received=	0.0030352
Feedback: 0.51909
Received=	0.26807
Feedback: 0.33874
Received=	0.26694
Feedback: 0.33952
Received=	0.094789
Feedback: 0.45665
Received=	-0.43934
Feedback: 0.8201
Received=	-0.0043394
Feedback: 0.52411
Received=	0.31215
Feedback: 0.30875
Received=	-0.19283
Feedback: 0.65237
Received=	-0.44435
Feedback: 0.82352
Received=	-0.16483
Feedback: 0.63331
Received=	-0.082893
Feedback: 0.57756
Received=	0.14829
Feedback: 0.42025
Received=	-0.042643
Feedback: 0.55017
Received=	0.081538
Feedback: 0.46567
Received=	0.0854
Feedback: 0.46304
Received=	-0.027552
Feedback: 0.5399
Received=	-0.0903
Feedback: 0.5826
Received=	-0.12394
Feedback: 0.60549
Received=	0.26347
Feedback: 0.34188
Received=	0.25375
Feedback: 0.34849
Received=	0.16669
Feedback: 0.40773
Received=	-0.39088
Feedback: 0.78713
Received=	-0.22154
Feedback: 0.6719
Received=	-0.2533
Feedback: 0.69351
Received=	0.1164
Feedback: 0.44195
Received=	0.0086514
Feedback: 0.51527
Received=	-0.019535
Feedback: 0.53445
Received=	-0.20011
Feedback: 0.65732
Received=	-0.33544
Feedback: 0.7494
Received=	-0.26392
Feedback: 0.70074
Received=	-0.39397
Feedback: 0.78923
Received=	-0.24656
Feedback: 0.68892
Received=	0.20676
Feedback: 0.38046
Received=	0.10336
Feedback: 0.45082
Received=	0.065082
Feedback: 0.47687
Received=	0.071017
Feedback: 0.47283
Received=	0.28327
Feedback: 0.3284
Received=	-0.021279
Feedback: 0.53563
Received=	-0.13527
Feedback: 0.6132
Received=	0.22132
Feedback: 0.37055
Received=	0.12229
Feedback: 0.43794
Calculated range:	[(-2.000000) - (2.000000)]
Success index = (-0.108328)
Received=	0.15515
=====  11:23:42 - BASE  ============
Feedback: 0.66
Received=	0.35215
Feedback: 0.66
Received=	0.48205
Feedback: 0.66
Received=	0.14047
Feedback: 0.66
Received=	-0.023124
Feedback: 0.66
Received=	-0.086617
Feedback: 0.66
Received=	-0.029771
Feedback: 0.66
Received=	0.31434
Feedback: 0.66
Received=	0.32952
Feedback: 0.66
Received=	0.12615
Feedback: 0.66
Received=	0.33771
Feedback: 0.66
Received=	0.56414
Feedback: 0.66
Received=	0.32158
Feedback: 0.66
Received=	0.077626
Feedback: 0.66
Received=	0.31837
Feedback: 0.66
Received=	0.25806
Feedback: 0.66
Received=	0.024786
Feedback: 0.66
Received=	-0.43967
Feedback: 0.66
Received=	-0.56125
Feedback: 0.66
Received=	-0.2005
Feedback: 0.66
Received=	0.14463
=====  11:24:42 - NF  ============
Feedback: 0.47595
Received=	-0.058818
Feedback: 0.61154
Received=	-0.13484
Feedback: 0.6622
Received=	-0.042373
Feedback: 0.60058
Received=	0.082088
Feedback: 0.51763
Received=	0.61034
Feedback: 0.16559
Received=	0.49091
Feedback: 0.24518
Received=	0.28024
Feedback: 0.38558
Received=	0.2223
Feedback: 0.42419
Received=	0.11714
Feedback: 0.49427
Received=	0.063593
Feedback: 0.52996
Received=	-0.36057
Feedback: 0.81264
Received=	-0.14277
Feedback: 0.66749
Received=	-0.0982
Feedback: 0.63778
Received=	-0.26962
Feedback: 0.75202
Received=	-0.45397
Feedback: 0.87488
Received=	-0.43866
Feedback: 0.86468
Received=	0.23792
Feedback: 0.41378
Received=	0.0094488
Feedback: 0.56604
Received=	0.41646
Feedback: 0.2948
Received=	0.5844
Feedback: 0.18287
Received=	0.23425
Feedback: 0.41623
Received=	-0.070931
Feedback: 0.61961
Received=	-0.51193
Feedback: 0.9
Received=	-0.39536
Feedback: 0.83582
Received=	-0.02492
Feedback: 0.58895
Received=	-0.011061
Feedback: 0.57971
Received=	-0.22921
Feedback: 0.72509
Received=	0.053232
Feedback: 0.53686
Received=	-0.22157
Feedback: 0.72001
Received=	-0.21026
Feedback: 0.71246
Received=	-0.50512
Feedback: 0.9
Received=	-0.21639
Feedback: 0.71655
Received=	0.21962
Feedback: 0.42598
Received=	0.43421
Feedback: 0.28297
Received=	0.38407
Feedback: 0.31638
Received=	0.26061
Feedback: 0.39866
Received=	-0.30378
Feedback: 0.77479
Received=	0.17352
Feedback: 0.4567
Received=	0.38279
Feedback: 0.31724
Received=	0.14927
Feedback: 0.47286
Received=	-0.27896
Feedback: 0.75825
Received=	-0.20579
Feedback: 0.70948
Received=	0.1994
Feedback: 0.43946
Received=	0.26157
Feedback: 0.39802
Received=	-0.13541
Feedback: 0.66258
Received=	-0.21916
Feedback: 0.7184
Received=	-0.2209
Feedback: 0.71956
Received=	-0.28542
Feedback: 0.76256
Received=	-0.31252
Feedback: 0.78061
Received=	-0.51213
Feedback: 0.9
Received=	-0.54263
Feedback: 0.9
Received=	-0.59625
Feedback: 0.9
Received=	-0.199
Feedback: 0.70496
Received=	0.21123
Feedback: 0.43157
Received=	-0.033782
Feedback: 0.59485
Received=	0.030691
Feedback: 0.55189
Received=	0.024226
Feedback: 0.5562
Received=	0.12454
Feedback: 0.48934
Received=	-0.17383
Feedback: 0.68818
Calculated range:	[(-2.000000) - (2.000000)]
Success index = (-0.477957)
Received=	-0.19813
=====  11:27:42 - BASE  ============
Feedback: 0.66
Received=	-0.33205
Feedback: 0.66
Received=	-0.037504
Feedback: 0.66
Received=	-0.050004
Feedback: 0.66
Received=	0.087642
Feedback: 0.66
Received=	0.62351
Feedback: 0.66
Received=	0.16366
Feedback: 0.66
Received=	-0.19291
Feedback: 0.66
Received=	-0.42016
Feedback: 0.66
Received=	-0.23086
Feedback: 0.66
Received=	-0.75403
Feedback: 0.66
Received=	-0.89467
Feedback: 0.66
Received=	-0.39586
Feedback: 0.66
Received=	-0.29911
Feedback: 0.66
Received=	-0.41604
Feedback: 0.66
Received=	-0.10805
Feedback: 0.66
Received=	0.14203
Feedback: 0.66
Received=	0.12022
Feedback: 0.66
Received=	-0.040278
Feedback: 0.66
Received=	-0.028035
Feedback: 0.66
Received=	-0.095646
=====  11:28:42 - NF  ============
Feedback: 0.46824
Received=	0.80183
Feedback: 0.1
Received=	0.82629
Feedback: 0.1
Received=	0.24499
Feedback: 0.27518
Received=	-0.42352
Feedback: 0.65406
Received=	-0.10332
Feedback: 0.47258
Received=	0.17083
Feedback: 0.31721
Received=	-0.23112
Feedback: 0.54501
Received=	-0.20258
Feedback: 0.52884
Received=	-0.27064
Feedback: 0.56741
Received=	-0.48801
Feedback: 0.69061
Received=	-0.47702
Feedback: 0.68438
Received=	-0.29984
Feedback: 0.58396
Received=	0.16394
Feedback: 0.32111
Received=	0.52412
Feedback: 0.11698
Received=	0.39448
Feedback: 0.19045
Received=	0.35212
Feedback: 0.21446
Received=	0.58713
Feedback: 0.1
Received=	0.49645
Feedback: 0.13266
Received=	-0.26882
Feedback: 0.56638
Received=	-0.2735
Feedback: 0.56903
Received=	-0.40029
Feedback: 0.6409
Received=	-0.46983
Feedback: 0.68031
Received=	-0.066059
Feedback: 0.45147
Received=	0.37033
Feedback: 0.20414
Received=	0.54012
Feedback: 0.10791
Received=	0.23972
Feedback: 0.27817
Received=	-0.14251
Feedback: 0.4948
Received=	0.055459
Feedback: 0.3826
Received=	-0.23087
Feedback: 0.54488
Received=	-0.42904
Feedback: 0.65719
Received=	-0.53053
Feedback: 0.71471
Received=	0.43
Feedback: 0.17032
Received=	0.30106
Feedback: 0.2434
Received=	-0.041598
Feedback: 0.4376
Received=	-0.25242
Feedback: 0.55709
Received=	-0.58189
Feedback: 0.74382
Received=	-0.65943
Feedback: 0.78777
Received=	-0.5154
Feedback: 0.70613
Received=	-0.27576
Feedback: 0.57032
Received=	-0.37959
Feedback: 0.62916
Received=	-0.59454
Feedback: 0.75098
Received=	-0.49542
Feedback: 0.69481
Received=	-0.62238
Feedback: 0.76677
Received=	-0.34714
Feedback: 0.61077
Received=	-0.077462
Feedback: 0.45793
Received=	0.005337
Feedback: 0.411
Received=	-0.12175
Feedback: 0.48303
Received=	-0.41763
Feedback: 0.65072
Received=	-0.74445
Feedback: 0.83595
Received=	-1.2303
Feedback: 0.9
Received=	-1.0045
Feedback: 0.9
Received=	-0.54157
Feedback: 0.72096
Received=	-0.092041
Feedback: 0.46619
Received=	-0.40792
Feedback: 0.64522
Received=	-0.22906
Feedback: 0.54385
Received=	-0.015943
Feedback: 0.42306
Received=	-0.15901
Feedback: 0.50415
Received=	-0.268
Feedback: 0.56592
Received=	-0.55389
Feedback: 0.72795
Calculated range:	[(-2.000000) - (2.000000)]
Success index = (-0.017534)
Received=	-0.543
=====  11:31:42 - BASE  ============
Feedback: 0.66
Received=	-0.16608
Feedback: 0.66
Received=	0.0015872
Feedback: 0.66
Received=	-0.48789
Feedback: 0.66
Received=	-0.36184
Feedback: 0.66
Received=	0.16302
Feedback: 0.66
Received=	-0.31793
Feedback: 0.66
Received=	-0.50721
Feedback: 0.66
Received=	-0.53321
Feedback: 0.66
Received=	-0.41103
Feedback: 0.66
Received=	-0.30347
Feedback: 0.66
Received=	0.10591
Feedback: 0.66
Received=	-0.36788
Feedback: 0.66
Received=	-0.72608
Feedback: 0.66
Received=	-0.59575
Feedback: 0.66
Received=	-0.47839
Feedback: 0.66
Received=	-0.16227
Feedback: 0.66
Received=	0.34212
Feedback: 0.66
Received=	0.31011
Feedback: 0.66
Received=	0.20421
Feedback: 0.66
Received=	0.49955
=====  11:32:42 - NF  ============
Feedback: 0.1
Received=	0.38662
Feedback: 0.13082
Received=	-0.13222
Feedback: 0.44185
Received=	-0.14806
Feedback: 0.45135
Received=	-0.30102
Feedback: 0.54304
Received=	-0.58163
Feedback: 0.71126
Received=	-0.1579
Feedback: 0.45724
Received=	-0.36245
Feedback: 0.57987
Received=	-0.46635
Feedback: 0.64215
Received=	-0.17286
Feedback: 0.46621
Received=	-0.077342
Feedback: 0.40895
Received=	-0.2879
Feedback: 0.53517
Received=	-0.030494
Feedback: 0.38087
Received=	-0.20584
Feedback: 0.48599
Received=	-0.0048781
Feedback: 0.36551
Received=	0.37038
Feedback: 0.14056
Received=	-0.04594
Feedback: 0.39013
Received=	-0.032655
Feedback: 0.38216
Received=	0.073147
Feedback: 0.31874
Received=	-0.01168
Feedback: 0.36959
Received=	-0.35113
Feedback: 0.57308
Received=	-0.70872
Feedback: 0.78744
Received=	-0.51995
Feedback: 0.67428
Received=	-0.15817
Feedback: 0.45741
Received=	-0.052716
Feedback: 0.39419
Received=	-0.038395
Feedback: 0.38561
Received=	-0.20017
Feedback: 0.48258
Received=	0.0066249
Feedback: 0.35862
Received=	0.04904
Feedback: 0.33319
Received=	-0.22049
Feedback: 0.49477
Received=	-0.341
Feedback: 0.56701
Received=	-0.60544
Feedback: 0.72553
Received=	-0.55842
Feedback: 0.69734
Received=	-0.2252
Feedback: 0.49759
Received=	-0.13176
Feedback: 0.44157
Received=	0.15215
Feedback: 0.27138
Received=	-0.2679
Feedback: 0.52319
Received=	-0.39886
Feedback: 0.60169
Received=	-0.61756
Feedback: 0.73279
Received=	-0.67465
Feedback: 0.76702
Received=	-0.12135
Feedback: 0.43533
Received=	0.41342
Feedback: 0.11476
Received=	-0.015618
Feedback: 0.37195
Received=	-0.1793
Feedback: 0.47007
Received=	-0.15165
Feedback: 0.4535
Received=	0.05518
Feedback: 0.32951
Received=	-0.039699
Feedback: 0.38639
Received=	0.14925
Feedback: 0.27312
Received=	0.47458
Feedback: 0.1
Received=	0.22746
Feedback: 0.22624
Received=	-0.030394
Feedback: 0.38081
Received=	0.22204
Feedback: 0.22948
Received=	0.4528
Feedback: 0.1
Received=	0.35911
Feedback: 0.14731
Received=	-0.38023
Feedback: 0.59052
Received=	-0.69098
Feedback: 0.77681
Received=	-0.77877
Feedback: 0.82943
Received=	-0.33742
Feedback: 0.56486
Received=	-0.80037
Feedback: 0.84238
Received=	-1.3987
Feedback: 0.9
Calculated range:	[(-2.000000) - (2.000000)]
Success index = (0.170680)
closing...
