Direction=-1.000000	; step=1.000000;
Received=	0
Feedback: 0.66
Received=	0
Feedback: 0.66
Received=	0
Feedback: 0.66
Received=	0.18188
Feedback: 0.66
Received=	0.035791
Feedback: 0.66
Received=	-0.017532
Feedback: 0.66
Received=	0.15531
Feedback: 0.66
Received=	0.20154
Feedback: 0.66
Received=	0.2028
Feedback: 0.66
Received=	-0.19409
Feedback: 0.66
Received=	-0.22744
Feedback: 0.66
Received=	-0.11021
Feedback: 0.66
Received=	0.15545
Feedback: 0.66
Received=	0.11779
Feedback: 0.66
Received=	-0.017943
Feedback: 0.66
Received=	-0.2804
Feedback: 0.66
Received=	-0.1498
Feedback: 0.66
Received=	0.07505
Feedback: 0.66
Received=	0.090573
Feedback: 0.66
Received=	-0.022654
Feedback: 0.66
Received=	-0.069796
=====  13:11:37 - NF  ============
Feedback: 0.60604
Received=	-0.073219
Feedback: 0.61054
Received=	-0.034359
Feedback: 0.55947
Received=	-0.14001
Feedback: 0.69832
Received=	-0.19124
Feedback: 0.76564
Received=	-0.22283
Feedback: 0.80716
Received=	-0.42728
Feedback: 0.9
Received=	-0.578
Feedback: 0.9
Received=	-0.36956
Feedback: 0.9
Received=	-0.31653
Feedback: 0.9
Received=	-0.16247
Feedback: 0.72783
Received=	-0.17367
Feedback: 0.74255
Received=	-0.20783
Feedback: 0.78746
Received=	-0.10699
Feedback: 0.65492
Received=	0.21205
Feedback: 0.23564
Received=	0.064195
Feedback: 0.42995
Received=	-0.18562
Feedback: 0.75826
Received=	-0.11755
Feedback: 0.66881
Received=	-0.27277
Feedback: 0.87279
Received=	-0.10733
Feedback: 0.65538
Received=	-0.03318
Feedback: 0.55792
Received=	0.11875
Feedback: 0.35825
Received=	-0.0089405
Feedback: 0.52607
Received=	-0.1199
Feedback: 0.67189
Received=	0.062108
Feedback: 0.4327
Received=	0.0079469
Feedback: 0.50387
Received=	0.062523
Feedback: 0.43215
Received=	-0.14722
Feedback: 0.70779
Received=	-0.10032
Feedback: 0.64616
Received=	-0.12425
Feedback: 0.6776
Received=	0.11359
Feedback: 0.36504
Received=	0.04576
Feedback: 0.45418
Received=	-0.045899
Feedback: 0.57464
Received=	-0.045105
Feedback: 0.5736
Received=	-0.32297
Feedback: 0.9
Received=	-0.43914
Feedback: 0.9
Received=	-0.57037
Feedback: 0.9
Received=	-0.25483
Feedback: 0.84921
Received=	-0.082597
Feedback: 0.62287
Received=	0.18904
Feedback: 0.26588
Received=	0.087463
Feedback: 0.39937
Received=	-0.45385
Feedback: 0.9
Received=	-0.33178
Feedback: 0.9
Received=	0.24735
Feedback: 0.18926
Received=	0.2949
Feedback: 0.12676
Received=	0.025087
Feedback: 0.48135
Received=	0.16809
Feedback: 0.29342
Received=	-0.026066
Feedback: 0.54857
Received=	0.21307
Feedback: 0.2343
Received=	0.57193
Feedback: 0.1
Received=	0.25398
Feedback: 0.18053
Received=	0.038672
Feedback: 0.4635
Received=	-0.049426
Feedback: 0.57927
Received=	-0.075254
Feedback: 0.61322
Received=	-0.24811
Feedback: 0.84038
Received=	-0.44888
Feedback: 0.9
Received=	-0.29393
Feedback: 0.9
Received=	-0.16798
Feedback: 0.73508
Received=	-0.087816
Feedback: 0.62973
Received=	-0.038008
Feedback: 0.56427
Calculated range:	[(-2.000000) - (2.000000)]
Success index = (-0.503450)
Received=	-0.048012
=====  13:14:37 - BASE  ============
Feedback: 0.66
Received=	-0.12385
Feedback: 0.66
Received=	-0.0066755
Feedback: 0.66
Received=	0.01246
Feedback: 0.66
Received=	0.034343
Feedback: 0.66
Received=	0.18609
Feedback: 0.66
Received=	0.41623
Feedback: 0.66
Received=	0.30411
Feedback: 0.66
Received=	0.18597
Feedback: 0.66
Received=	0.25364
Feedback: 0.66
Received=	0.15679
Feedback: 0.66
Received=	-0.2729
Feedback: 0.66
Received=	-0.41734
Feedback: 0.66
Received=	-0.4668
Feedback: 0.66
Received=	-0.20005
Feedback: 0.66
Received=	-0.16849
Feedback: 0.66
Received=	-0.20182
Feedback: 0.66
Received=	-0.058329
Feedback: 0.66
Received=	0.027301
Feedback: 0.66
Received=	-0.10775
Feedback: 0.66
Received=	-0.22651
=====  13:15:37 - NF  ============
Feedback: 0.67105
Received=	-0.25289
Feedback: 0.69269
Received=	-0.098536
Feedback: 0.56609
Received=	0.1064
Feedback: 0.398
Received=	0.2099
Feedback: 0.31312
Received=	0.079357
Feedback: 0.42019
Received=	0.032836
Feedback: 0.45834
Received=	-0.078256
Feedback: 0.54946
Received=	-0.020077
Feedback: 0.50174
Received=	0.27183
Feedback: 0.26233
Received=	-0.058703
Feedback: 0.53342
Received=	-0.24833
Feedback: 0.68894
Received=	-0.13381
Feedback: 0.59502
Received=	0.34943
Feedback: 0.19868
Received=	0.39272
Feedback: 0.16318
Received=	-0.068769
Feedback: 0.54167
Received=	-0.041579
Feedback: 0.51937
Received=	-0.32283
Feedback: 0.75005
Received=	-0.21793
Feedback: 0.66401
Received=	-0.038153
Feedback: 0.51656
Received=	-0.17798
Feedback: 0.63125
Received=	0.10552
Feedback: 0.39873
Received=	0.18139
Feedback: 0.3365
Received=	0.11105
Feedback: 0.39419
Received=	0.13284
Feedback: 0.37632
Received=	-0.11846
Feedback: 0.58243
Received=	-0.031675
Feedback: 0.51125
Received=	-0.134
Feedback: 0.59518
Received=	-0.1529
Feedback: 0.61068
Received=	-0.051171
Feedback: 0.52724
Received=	-0.13584
Feedback: 0.59668
Received=	-0.087441
Feedback: 0.55699
Received=	0.12426
Feedback: 0.38336
Received=	-0.16672
Feedback: 0.62201
Received=	-0.051271
Feedback: 0.52732
Received=	-0.086288
Feedback: 0.55604
Received=	-0.28917
Feedback: 0.72244
Received=	-0.36996
Feedback: 0.7887
Received=	-0.10691
Feedback: 0.57295
Received=	-0.015368
Feedback: 0.49788
Received=	0.12087
Feedback: 0.38614
Received=	0.2011
Feedback: 0.32033
Received=	0.062263
Feedback: 0.43421
Received=	0.11501
Feedback: 0.39095
Received=	-0.092034
Feedback: 0.56076
Received=	-0.13396
Feedback: 0.59515
Received=	-0.17543
Feedback: 0.62916
Received=	-0.17142
Feedback: 0.62587
Received=	-0.12445
Feedback: 0.58734
Received=	-0.028924
Feedback: 0.509
Received=	0.13082
Feedback: 0.37798
Received=	0.020928
Feedback: 0.46811
Received=	-0.12588
Feedback: 0.58852
Received=	-0.34798
Feedback: 0.77067
Received=	-0.20237
Feedback: 0.65125
Received=	0.12143
Feedback: 0.38568
Received=	0.41258
Feedback: 0.14688
Received=	0.35035
Feedback: 0.19793
Received=	0.045427
Feedback: 0.44801
Received=	0.096259
Feedback: 0.40632
Calculated range:	[(-2.000000) - (2.000000)]
Success index = (-0.028374)
Received=	0.079829
=====  13:18:37 - BASE  ============
Feedback: 0.66
Received=	-0.060108
Feedback: 0.66
Received=	0.050176
Feedback: 0.66
Received=	0.20921
Feedback: 0.66
Received=	0.1028
Feedback: 0.66
Received=	0.19913
Feedback: 0.66
Received=	0.24747
Feedback: 0.66
Received=	0.14227
Feedback: 0.66
Received=	-0.006429
Feedback: 0.66
Received=	0.035438
Feedback: 0.66
Received=	-0.11388
Feedback: 0.66
Received=	0.22699
Feedback: 0.66
Received=	0.4398
Feedback: 0.66
Received=	0.15069
Feedback: 0.66
Received=	-0.0014519
Feedback: 0.66
Received=	-0.052328
Feedback: 0.66
Received=	0.11534
Feedback: 0.66
Received=	0.1197
Feedback: 0.66
Received=	0.024825
Feedback: 0.66
Received=	0.099331
Feedback: 0.66
Received=	-0.01658
=====  13:19:37 - NF  ============
Feedback: 0.69771
Received=	-0.013612
Feedback: 0.69309
Received=	0.016769
Feedback: 0.64583
Received=	-0.17307
Feedback: 0.9
Received=	-0.027115
Feedback: 0.7141
Received=	0.16214
Feedback: 0.41967
Received=	0.26505
Feedback: 0.25957
Received=	0.44025
Feedback: 0.1
Received=	0.34613
Feedback: 0.13343
Received=	0.51868
Feedback: 0.1
Received=	0.39514
Feedback: 0.1
Received=	0.27318
Feedback: 0.24692
Received=	-0.14301
Feedback: 0.89439
Received=	-0.28495
Feedback: 0.9
Received=	-0.10407
Feedback: 0.83381
Received=	0.075926
Feedback: 0.5538
Received=	-0.0094444
Feedback: 0.68661
Received=	0.04513
Feedback: 0.60171
Received=	0.12383
Feedback: 0.47927
Received=	0.22011
Feedback: 0.32948
Received=	0.55031
Feedback: 0.1
Received=	0.46975
Feedback: 0.1
Received=	0.29321
Feedback: 0.21576
Received=	-0.002713
Feedback: 0.67614
Received=	0.12217
Feedback: 0.48186
Received=	0.0076566
Feedback: 0.66
Received=	-0.21057
Feedback: 0.9
Received=	0.086131
Feedback: 0.53792
Received=	0.2245
Feedback: 0.32266
Received=	0.28888
Feedback: 0.2225
Received=	0.30714
Feedback: 0.19409
Received=	-0.065942
Feedback: 0.7745
Received=	-0.40191
Feedback: 0.9
Received=	-0.51252
Feedback: 0.9
Received=	-0.59942
Feedback: 0.9
Received=	-0.33468
Feedback: 0.9
Received=	-0.18163
Feedback: 0.9
Received=	0.019316
Feedback: 0.64187
Received=	0.12997
Feedback: 0.46971
Received=	0.044513
Feedback: 0.60267
Received=	0.28879
Feedback: 0.22263
Received=	0.65925
Feedback: 0.1
Received=	0.20882
Feedback: 0.34705
Received=	0.23074
Feedback: 0.31295
Received=	0.32171
Feedback: 0.17143
Received=	0.089012
Feedback: 0.53344
Received=	-0.051456
Feedback: 0.75197
Received=	0.14556
Feedback: 0.44546
Received=	0.37109
Feedback: 0.1
Received=	0.31571
Feedback: 0.18077
Received=	0.30149
Feedback: 0.20288
Received=	0.30281
Feedback: 0.20082
Received=	-0.093784
Feedback: 0.81782
Received=	-0.4396
Feedback: 0.9
Received=	-0.58488
Feedback: 0.9
Received=	-0.44057
Feedback: 0.9
Received=	0.034812
Feedback: 0.61776
Received=	0.14659
Feedback: 0.44386
Received=	-0.019412
Feedback: 0.70211
Received=	-0.045978
Feedback: 0.74344
Calculated range:	[(-2.000000) - (2.000000)]
Success index = (-0.172894)
Received=	-0.16191
=====  13:22:37 - BASE  ============
Feedback: 0.66
Received=	-0.10278
Feedback: 0.66
Received=	0.18044
Feedback: 0.66
Received=	0.27109
Feedback: 0.66
Received=	0.24764
Feedback: 0.66
Received=	-0.12473
Feedback: 0.66
Received=	0.1587
Feedback: 0.66
Received=	0.22184
Feedback: 0.66
Received=	0.15085
Feedback: 0.66
Received=	-0.013129
Feedback: 0.66
Received=	-0.23961
Feedback: 0.66
Received=	-0.15024
Feedback: 0.66
Received=	0.050839
Feedback: 0.66
Received=	-0.12664
Feedback: 0.66
Received=	-0.13282
Feedback: 0.66
Received=	0.16702
Feedback: 0.66
Received=	0.09937
Feedback: 0.66
Received=	-0.028737
Feedback: 0.66
Received=	-0.13866
Feedback: 0.66
Received=	-0.1833
Feedback: 0.66
Received=	-0.4165
=====  13:23:37 - NF  ============
Feedback: 0.9
Received=	-0.038139
Feedback: 0.57261
Received=	-0.25662
Feedback: 0.83304
Received=	-0.33023
Feedback: 0.9
Received=	-0.35451
Feedback: 0.9
Received=	-0.099389
Feedback: 0.64562
Received=	-0.080644
Feedback: 0.62327
Received=	0.054187
Feedback: 0.46256
Received=	-0.017969
Feedback: 0.54856
Received=	-0.15329
Feedback: 0.70986
Received=	0.33836
Feedback: 0.12383
Received=	0.43568
Feedback: 0.1
Received=	0.44228
Feedback: 0.1
Received=	0.39236
Feedback: 0.1
Received=	-0.024452
Feedback: 0.55629
Received=	-0.17825
Feedback: 0.73962
Received=	-0.049114
Feedback: 0.58569
Received=	-0.051065
Feedback: 0.58801
Received=	0.11281
Feedback: 0.39268
Received=	0.15372
Feedback: 0.34391
Received=	0.11477
Feedback: 0.39034
Received=	-0.18909
Feedback: 0.75253
Received=	-0.047359
Feedback: 0.5836
Received=	0.089898
Feedback: 0.41999
Received=	0.34745
Feedback: 0.11299
Received=	0.41951
Feedback: 0.1
Received=	0.14861
Feedback: 0.35001
Received=	0.15864
Feedback: 0.33805
Received=	0.034979
Feedback: 0.48545
Received=	0.15684
Feedback: 0.34019
Received=	0.16058
Feedback: 0.33574
Received=	0.040399
Feedback: 0.47899
Received=	0.16319
Feedback: 0.33262
Received=	0.21927
Feedback: 0.26577
Received=	-0.049861
Feedback: 0.58658
Received=	-0.085666
Feedback: 0.62926
Received=	0.052173
Feedback: 0.46496
Received=	0.15729
Feedback: 0.33965
Received=	0.31063
Feedback: 0.15688
Received=	0.13372
Feedback: 0.36776
Received=	0.16512
Feedback: 0.33032
Received=	-0.17996
Feedback: 0.74165
Received=	-0.18863
Feedback: 0.75199
Received=	-0.1696
Feedback: 0.72931
Received=	0.099829
Feedback: 0.40815
Received=	0.086674
Feedback: 0.42383
Received=	-0.022707
Feedback: 0.55421
Received=	-0.15035
Feedback: 0.70636
Received=	-0.16699
Feedback: 0.72619
Received=	0.13161
Feedback: 0.37027
Received=	0.17576
Feedback: 0.31764
Received=	-0.016842
Feedback: 0.54722
Received=	0.15989
Feedback: 0.33656
Received=	0.029015
Feedback: 0.49256
Received=	0.13032
Feedback: 0.37181
Received=	0.37889
Feedback: 0.1
Received=	0.13035
Feedback: 0.37177
Received=	0.1407
Feedback: 0.35943
Received=	0.1369
Feedback: 0.36396
Received=	0.010001
Feedback: 0.51522
Calculated range:	[(-2.000000) - (2.000000)]
Success index = (0.152422)
Received=	0.021934
=====  13:26:37 - BASE  ============
Feedback: 0.66
Received=	0.1382
Feedback: 0.66
Received=	-0.1358
Feedback: 0.66
Received=	-0.052765
Feedback: 0.66
Received=	-0.15416
Feedback: 0.66
Received=	-0.23108
Feedback: 0.66
Received=	-0.049384
Feedback: 0.66
Received=	0.1307
Feedback: 0.66
Received=	0.12905
Feedback: 0.66
Received=	0.032621
Feedback: 0.66
Received=	-0.0065448
Feedback: 0.66
Received=	0.037845
Feedback: 0.66
Received=	0.31144
Feedback: 0.66
Received=	0.032788
Feedback: 0.66
Received=	-0.31024
Feedback: 0.66
Received=	-0.14906
Feedback: 0.66
Received=	-0.097042
Feedback: 0.66
Received=	-0.040408
Feedback: 0.66
Received=	0.12781
Feedback: 0.66
Received=	0.23869
Feedback: 0.66
Received=	0.22912
=====  13:27:37 - NF  ============
Feedback: 0.20101
Received=	0.35074
Feedback: 0.1
Received=	0.0072371
Feedback: 0.47809
Received=	-0.42065
Feedback: 0.9
Received=	-0.24172
Feedback: 0.78898
Received=	-0.25744
Feedback: 0.8086
Received=	-0.13692
Feedback: 0.6581
Received=	-0.044509
Feedback: 0.54271
Received=	0.37792
Feedback: 0.1
Received=	0.46814
Feedback: 0.1
Received=	0.25177
Feedback: 0.17273
Received=	0.45281
Feedback: 0.1
Received=	0.23703
Feedback: 0.19114
Received=	0.13883
Feedback: 0.31376
Received=	0.26575
Feedback: 0.15527
Received=	0.27006
Feedback: 0.14989
Received=	0.064768
Feedback: 0.40625
Received=	0.061416
Feedback: 0.41044
Received=	0.078775
Feedback: 0.38876
Received=	0.50981
Feedback: 0.1
Received=	1.117
Feedback: 0.1
Received=	1.3713
Feedback: 0.1
Received=	0.64378
Feedback: 0.1
Received=	0.43573
Feedback: 0.1
Received=	0.015635
Feedback: 0.4676
Received=	-0.23091
Feedback: 0.77547
Received=	-0.12095
Feedback: 0.63816
Received=	-0.071779
Feedback: 0.57676
Received=	0.18135
Feedback: 0.26068
Received=	-0.047883
Feedback: 0.54692
Received=	-0.36672
Feedback: 0.9
Received=	-0.27384
Feedback: 0.82908
Received=	-0.016568
Feedback: 0.50782
Received=	0.20559
Feedback: 0.2304
Received=	0.13919
Feedback: 0.31332
Received=	0.2386
Feedback: 0.18918
Received=	0.56563
Feedback: 0.1
Received=	0.39713
Feedback: 0.1
Received=	0.62428
Feedback: 0.1
Received=	0.39705
Feedback: 0.1
Received=	0.37903
Feedback: 0.1
Received=	0.55992
Feedback: 0.1
Received=	0.51519
Feedback: 0.1
Received=	0.29397
Feedback: 0.12004
Received=	-0.27199
Feedback: 0.82677
Received=	-0.20581
Feedback: 0.74413
Received=	0.17919
Feedback: 0.26337
Received=	0.15251
Feedback: 0.29669
Received=	0.17236
Feedback: 0.27189
Received=	0.0017577
Feedback: 0.48493
Received=	-0.051853
Feedback: 0.55188
Received=	0.33465
Feedback: 0.1
Received=	0.45673
Feedback: 0.1
Received=	0.18837
Feedback: 0.2519
Received=	0.18688
Feedback: 0.25376
Received=	0.36374
Feedback: 0.1
Received=	0.50121
Feedback: 0.1
Received=	0.27287
Feedback: 0.14639
Received=	0.35637
Feedback: 0.1
Received=	0.58468
Feedback: 0.1
Calculated range:	[(-2.000000) - (2.000000)]
Success index = (0.772414)
closing...
