Direction=-1.000000	; step=1.000000;
Received=	0
Feedback: 0.66
Received=	0
Feedback: 0.66
Received=	0
Feedback: 0.66
Received=	0.10662
Feedback: 0.66
Received=	-0.070641
Feedback: 0.66
Received=	0.079417
Feedback: 0.66
Received=	0.14095
Feedback: 0.66
Received=	0.12013
Feedback: 0.66
Received=	-0.073895
Feedback: 0.66
Received=	-0.061412
Feedback: 0.66
Received=	-0.0053567
Feedback: 0.66
Received=	0.11888
Feedback: 0.66
Received=	0.11106
Feedback: 0.66
Received=	-0.0090899
Feedback: 0.66
Received=	-0.04047
Feedback: 0.66
Received=	-0.15775
Feedback: 0.66
Received=	-0.31103
Feedback: 0.66
Received=	0.10866
Feedback: 0.66
Received=	0.21467
Feedback: 0.66
Received=	0.048726
Feedback: 0.66
Received=	-0.3525
=====  16:34:59 - NF  ============
Feedback: 0.9
Received=	-0.51615
Feedback: 0.9
Received=	-0.52316
Feedback: 0.9
Received=	-0.61703
Feedback: 0.9
Received=	-0.53647
Feedback: 0.9
Received=	-0.21459
Feedback: 0.86829
Received=	-0.41715
Feedback: 0.9
Received=	-0.5811
Feedback: 0.9
Received=	-0.3071
Feedback: 0.9
Received=	-0.19843
Feedback: 0.84267
Received=	-0.18656
Feedback: 0.82386
Received=	-0.28098
Feedback: 0.9
Received=	-0.15952
Feedback: 0.78099
Received=	0.035555
Feedback: 0.47177
Received=	-0.29362
Feedback: 0.9
Received=	-0.36292
Feedback: 0.9
Received=	-0.5206
Feedback: 0.9
Received=	-0.50439
Feedback: 0.9
Received=	-0.40296
Feedback: 0.9
Received=	-0.51994
Feedback: 0.9
Received=	-0.59509
Feedback: 0.9
Received=	-0.48324
Feedback: 0.9
Received=	-0.33198
Feedback: 0.9
Received=	-0.25691
Feedback: 0.9
Received=	-0.047991
Feedback: 0.60421
Received=	-0.10845
Feedback: 0.70004
Received=	-0.10007
Feedback: 0.68676
Received=	-0.091998
Feedback: 0.67396
Received=	-0.09268
Feedback: 0.67504
Received=	0.009928
Feedback: 0.5124
Received=	0.064794
Feedback: 0.42542
Received=	-0.12432
Feedback: 0.7252
Received=	-0.70299
Feedback: 0.9
Received=	-0.95944
Feedback: 0.9
Received=	-0.58268
Feedback: 0.9
Received=	-0.26768
Feedback: 0.9
Received=	-0.3846
Feedback: 0.9
Received=	-0.46565
Feedback: 0.9
Received=	-0.21496
Feedback: 0.86888
Received=	-0.24504
Feedback: 0.9
Received=	-0.049279
Feedback: 0.60625
Received=	0.050996
Feedback: 0.4473
Received=	-0.10723
Feedback: 0.69811
Received=	-0.2461
Feedback: 0.9
Received=	-0.33244
Feedback: 0.9
Received=	-0.33853
Feedback: 0.9
Received=	-0.23718
Feedback: 0.9
Received=	-0.14131
Feedback: 0.75213
Received=	-0.22059
Feedback: 0.87781
Received=	-0.04886
Feedback: 0.60558
Received=	-0.065069
Feedback: 0.63128
Received=	0.039241
Feedback: 0.46593
Received=	-0.1132
Feedback: 0.70757
Received=	-0.33019
Feedback: 0.9
Received=	-0.48097
Feedback: 0.9
Received=	-0.21406
Feedback: 0.86745
Received=	0.11857
Feedback: 0.34018
Received=	0.29254
Feedback: 0.1
Received=	0.053932
Feedback: 0.44264
Received=	-0.06637
Feedback: 0.63334
Calculated range:	[(-2.355343) - (1.644657)]
Success index = (-1.355343)
Received=	-0.085383
=====  16:37:59 - BASE  ============
Feedback: 0.66
Received=	-0.083001
Feedback: 0.66
Received=	0.00038211
Feedback: 0.66
Received=	-0.11559
Feedback: 0.66
Received=	-0.059048
Feedback: 0.66
Received=	-0.187
Feedback: 0.66
Received=	0.068197
Feedback: 0.66
Received=	0.4558
Feedback: 0.66
Received=	0.24215
Feedback: 0.66
Received=	0.057056
Feedback: 0.66
Received=	-0.11469
Feedback: 0.66
Received=	-0.090299
Feedback: 0.66
Received=	0.41449
Feedback: 0.66
Received=	-0.13174
Feedback: 0.66
Received=	-0.7514
Feedback: 0.66
Received=	-0.49759
Feedback: 0.66
Received=	0.0030302
Feedback: 0.66
Received=	-0.098989
Feedback: 0.66
Received=	-0.22509
Feedback: 0.66
Received=	0.032236
Feedback: 0.66
Received=	0.038989
=====  16:38:59 - NF  ============
Feedback: 0.36203
Received=	-0.21591
Feedback: 0.5426
Received=	-0.24243
Feedback: 0.56139
Received=	-0.48436
Feedback: 0.73278
Received=	-0.66137
Feedback: 0.85818
Received=	-0.46821
Feedback: 0.72134
Received=	-0.26977
Feedback: 0.58076
Received=	-0.27805
Feedback: 0.58663
Received=	-0.34212
Feedback: 0.63202
Received=	0.11753
Feedback: 0.30639
Received=	0.0024962
Feedback: 0.38788
Received=	-0.48228
Feedback: 0.73131
Received=	-0.28274
Feedback: 0.58995
Received=	-0.10775
Feedback: 0.46598
Received=	-0.24063
Feedback: 0.56012
Received=	-0.079648
Feedback: 0.44607
Received=	-0.15903
Feedback: 0.50231
Received=	-0.28641
Feedback: 0.59255
Received=	-0.31219
Feedback: 0.61081
Received=	-0.25271
Feedback: 0.56867
Received=	-0.63396
Feedback: 0.83876
Received=	-0.76624
Feedback: 0.9
Received=	-0.17927
Feedback: 0.51665
Received=	0.024431
Feedback: 0.37234
Received=	-0.19975
Feedback: 0.53116
Received=	-0.69155
Feedback: 0.87956
Received=	-0.29461
Feedback: 0.59836
Received=	-0.14864
Feedback: 0.49495
Received=	-0.31518
Feedback: 0.61293
Received=	-0.52204
Feedback: 0.75948
Received=	0.087114
Feedback: 0.32794
Received=	-0.10443
Feedback: 0.46363
Received=	-0.47049
Feedback: 0.72296
Received=	-0.19045
Feedback: 0.52457
Received=	-0.096308
Feedback: 0.45788
Received=	0.015419
Feedback: 0.37873
Received=	-0.25872
Feedback: 0.57293
Received=	-0.61168
Feedback: 0.82298
Received=	-0.64337
Feedback: 0.84543
Received=	-0.51554
Feedback: 0.75487
Received=	-0.47537
Feedback: 0.72641
Received=	-0.57569
Feedback: 0.79748
Received=	-0.48619
Feedback: 0.73408
Received=	-0.13151
Feedback: 0.48281
Received=	0.18475
Feedback: 0.25877
Received=	0.24892
Feedback: 0.21331
Received=	-0.057592
Feedback: 0.43045
Received=	-0.55252
Feedback: 0.78107
Received=	-0.2374
Feedback: 0.55783
Received=	-0.40033
Feedback: 0.67325
Received=	-0.10449
Feedback: 0.46367
Received=	0.17784
Feedback: 0.26366
Received=	0.10632
Feedback: 0.31433
Received=	-0.23188
Feedback: 0.55392
Received=	-0.3104
Feedback: 0.60954
Received=	-0.44021
Feedback: 0.70151
Received=	-0.11768
Feedback: 0.47302
Received=	-0.04637
Feedback: 0.4225
Received=	-0.46895
Feedback: 0.72187
Received=	-0.39503
Feedback: 0.6695
Calculated range:	[(-2.000000) - (2.000000)]
Success index = (-0.834015)
Received=	-0.46783
=====  16:41:59 - BASE  ============
Feedback: 0.66
Received=	-0.62812
Feedback: 0.66
Received=	-0.23249
Feedback: 0.66
Received=	0.12706
Feedback: 0.66
Received=	-0.19038
Feedback: 0.66
Received=	-0.3761
Feedback: 0.66
Received=	-0.12044
Feedback: 0.66
Received=	-0.079273
Feedback: 0.66
Received=	-0.26284
Feedback: 0.66
Received=	-0.45252
Feedback: 0.66
Received=	-0.26698
Feedback: 0.66
Received=	0.10144
Feedback: 0.66
Received=	-0.36326
Feedback: 0.66
Received=	-0.50603
Feedback: 0.66
Received=	-0.24239
Feedback: 0.66
Received=	-0.046514
Feedback: 0.66
Received=	-0.25979
Feedback: 0.66
Received=	-0.32508
Feedback: 0.66
Received=	-0.17966
Feedback: 0.66
Received=	-0.13155
Feedback: 0.66
Received=	-0.40395
=====  16:42:59 - NF  ============
Feedback: 0.72656
Received=	-0.49931
Feedback: 0.83882
Received=	-0.41663
Feedback: 0.74149
Received=	-0.10359
Feedback: 0.37298
Received=	-0.025781
Feedback: 0.28139
Received=	0.046319
Feedback: 0.19651
Received=	0.16946
Feedback: 0.1
Received=	0.42872
Feedback: 0.1
Received=	0.16116
Feedback: 0.1
Received=	0.053577
Feedback: 0.18797
Received=	0.063667
Feedback: 0.17609
Received=	0.06883
Feedback: 0.17001
Received=	0.33459
Feedback: 0.1
Received=	0.025426
Feedback: 0.22111
Received=	-0.11265
Feedback: 0.38365
Received=	0.22131
Feedback: 0.1
Received=	-0.32061
Feedback: 0.62846
Received=	-0.31634
Feedback: 0.62342
Received=	-0.44922
Feedback: 0.77986
Received=	-0.66633
Feedback: 0.9
Received=	-0.48469
Feedback: 0.82161
Received=	-0.14996
Feedback: 0.42757
Received=	-0.73138
Feedback: 0.9
Received=	-0.32897
Feedback: 0.6383
Received=	-0.24602
Feedback: 0.54065
Received=	-0.49555
Feedback: 0.8344
Received=	0.029402
Feedback: 0.21643
Received=	0.26445
Feedback: 0.1
Received=	-0.13527
Feedback: 0.41028
Received=	-0.26387
Feedback: 0.56167
Received=	-0.2117
Feedback: 0.50025
Received=	-0.03858
Feedback: 0.29645
Received=	-0.28605
Feedback: 0.58777
Received=	-0.21973
Feedback: 0.5097
Received=	-0.054037
Feedback: 0.31465
Received=	-0.060913
Feedback: 0.32274
Received=	-0.36332
Feedback: 0.67874
Received=	-0.24398
Feedback: 0.53825
Received=	-0.15217
Feedback: 0.43017
Received=	-0.27882
Feedback: 0.57926
Received=	-0.064893
Feedback: 0.32743
Received=	-0.21882
Feedback: 0.50864
Received=	-0.65569
Feedback: 0.9
Received=	-0.55557
Feedback: 0.9
Received=	-0.22336
Feedback: 0.51397
Received=	0.12852
Feedback: 0.1
Received=	-0.097977
Feedback: 0.36638
Received=	0.043902
Feedback: 0.19936
Received=	-0.078941
Feedback: 0.34397
Received=	0.13757
Feedback: 0.1
Received=	-0.03093
Feedback: 0.28745
Received=	-0.08322
Feedback: 0.349
Received=	0.103
Feedback: 0.12979
Received=	0.074325
Feedback: 0.16354
Received=	0.13457
Feedback: 0.1
Received=	-0.16214
Feedback: 0.44191
Received=	-0.42206
Feedback: 0.74788
Received=	-0.15071
Feedback: 0.42845
Received=	0.079955
Feedback: 0.15692
Received=	-0.12928
Feedback: 0.40323
Calculated range:	[(-2.000000) - (2.000000)]
Success index = (0.309751)
Received=	-0.56053
=====  16:45:59 - BASE  ============
Feedback: 0.66
Received=	-0.59449
Feedback: 0.66
Received=	-0.4867
Feedback: 0.66
Received=	0.083004
Feedback: 0.66
Received=	0.48723
Feedback: 0.66
Received=	-0.18276
Feedback: 0.66
Received=	-0.041953
Feedback: 0.66
Received=	0.42025
Feedback: 0.66
Received=	0.090979
Feedback: 0.66
Received=	-0.21429
Feedback: 0.66
Received=	0.073953
Feedback: 0.66
Received=	-0.27656
Feedback: 0.66
Received=	-0.25377
Feedback: 0.66
Received=	0.27413
Feedback: 0.66
Received=	-0.098238
Feedback: 0.66
Received=	-0.48394
Feedback: 0.66
Received=	-0.084271
Feedback: 0.66
Received=	-0.2206
Feedback: 0.66
Received=	-0.1885
Feedback: 0.66
Received=	0.013034
Feedback: 0.66
Received=	0.097516
=====  16:46:59 - NF  ============
Feedback: 0.38289
Received=	-0.41385
Feedback: 0.76187
Received=	-0.3375
Feedback: 0.70529
Received=	0.18866
Feedback: 0.31535
Received=	-0.23031
Feedback: 0.62585
Received=	-0.4918
Feedback: 0.81964
Received=	-0.43367
Feedback: 0.77656
Received=	-0.55288
Feedback: 0.86491
Received=	-0.50041
Feedback: 0.82603
Received=	-0.6204
Feedback: 0.9
Received=	-0.73485
Feedback: 0.9
Received=	-0.34596
Feedback: 0.71156
Received=	0.012775
Feedback: 0.4457
Received=	-0.29183
Feedback: 0.67144
Received=	-0.48819
Feedback: 0.81697
Received=	-0.41784
Feedback: 0.76483
Received=	-0.047199
Feedback: 0.49014
Received=	0.047298
Feedback: 0.42011
Received=	-0.29289
Feedback: 0.67223
Received=	-0.16875
Feedback: 0.58022
Received=	0.26098
Feedback: 0.26175
Received=	0.020648
Feedback: 0.43986
Received=	-0.48055
Feedback: 0.8113
Received=	-0.29797
Feedback: 0.67599
Received=	-0.25658
Feedback: 0.64532
Received=	0.34707
Feedback: 0.19794
Received=	0.98498
Feedback: 0.1
Received=	0.80665
Feedback: 0.1
Received=	-0.23622
Feedback: 0.63023
Received=	-0.36626
Feedback: 0.7266
Received=	-0.30719
Feedback: 0.68283
Received=	-0.028129
Feedback: 0.47601
Received=	0.06336
Feedback: 0.40821
Received=	-0.31815
Feedback: 0.69095
Received=	-0.0095848
Feedback: 0.46227
Received=	-0.2084
Feedback: 0.60961
Received=	-0.13087
Feedback: 0.55215
Received=	0.034073
Feedback: 0.42991
Received=	-0.088441
Feedback: 0.52071
Received=	-0.019147
Feedback: 0.46935
Received=	0.040768
Feedback: 0.42495
Received=	-0.27314
Feedback: 0.65759
Received=	0.046234
Feedback: 0.4209
Received=	-0.017465
Feedback: 0.46811
Received=	-0.28944
Feedback: 0.66967
Received=	-0.10247
Feedback: 0.53111
Received=	0.10498
Feedback: 0.37736
Received=	-0.34812
Feedback: 0.71316
Received=	-0.44124
Feedback: 0.78217
Received=	0.15455
Feedback: 0.34063
Received=	0.33219
Feedback: 0.20897
Received=	0.26815
Feedback: 0.25644
Received=	-0.15015
Feedback: 0.56644
Received=	-0.48377
Feedback: 0.81369
Received=	-0.26584
Feedback: 0.65218
Received=	-0.13791
Feedback: 0.55737
Received=	-0.23523
Feedback: 0.6295
Received=	-0.038327
Feedback: 0.48357
Received=	-0.20444
Feedback: 0.60668
Received=	0.14047
Feedback: 0.35106
Calculated range:	[(-2.000000) - (2.000000)]
Success index = (-0.249223)
Received=	0.48365
=====  16:49:59 - BASE  ============
Feedback: 0.66
Received=	0.10971
Feedback: 0.66
Received=	-0.64644
Feedback: 0.66
Received=	-0.40707
Feedback: 0.66
Received=	-0.12439
Feedback: 0.66
Received=	0.081876
Feedback: 0.66
Received=	0.24375
Feedback: 0.66
Received=	0.0075458
Feedback: 0.66
Received=	-0.11841
Feedback: 0.66
Received=	0.36862
Feedback: 0.66
Received=	0.39645
Feedback: 0.66
Received=	0.16907
Feedback: 0.66
Received=	0.032858
Feedback: 0.66
Received=	-0.42257
Feedback: 0.66
Received=	-0.47715
Feedback: 0.66
Received=	-0.46403
Feedback: 0.66
Received=	-0.05132
Feedback: 0.66
Received=	0.035172
Feedback: 0.66
Received=	-0.35583
Feedback: 0.66
Received=	0.14381
Feedback: 0.66
Received=	0.083827
=====  16:50:59 - NF  ============
Feedback: 0.38903
Received=	-0.2552
Feedback: 0.6077
Received=	-0.22503
Feedback: 0.58824
Received=	-0.13697
Feedback: 0.53144
Received=	-0.015274
Feedback: 0.45295
Received=	-0.34869
Feedback: 0.66799
Received=	-0.44721
Feedback: 0.73154
Received=	0.42922
Feedback: 0.16626
Received=	0.77097
Feedback: 0.1
Received=	0.23457
Feedback: 0.2918
Received=	-0.13921
Feedback: 0.53289
Received=	-0.064057
Feedback: 0.48441
Received=	-0.34569
Feedback: 0.66606
Received=	-0.37962
Feedback: 0.68795
Received=	0.32758
Feedback: 0.23181
Received=	0.23465
Feedback: 0.29175
Received=	-0.26253
Feedback: 0.61242
Received=	-0.255
Feedback: 0.60757
Received=	0.13673
Feedback: 0.3549
Received=	-0.038336
Feedback: 0.46782
Received=	-0.63339
Feedback: 0.85162
Received=	-0.042367
Feedback: 0.47042
Received=	-0.16362
Feedback: 0.54863
Received=	-0.25622
Feedback: 0.60835
Received=	0.12434
Feedback: 0.3629
Received=	0.44248
Feedback: 0.1577
Received=	0.026386
Feedback: 0.42608
Received=	-0.46858
Feedback: 0.74532
Received=	-0.38622
Feedback: 0.6922
Received=	-0.47507
Feedback: 0.74951
Received=	-0.3067
Feedback: 0.64091
Received=	0.039054
Feedback: 0.41791
Received=	0.037566
Feedback: 0.41887
Received=	0.18779
Feedback: 0.32198
Received=	0.048778
Feedback: 0.41163
Received=	-0.22723
Feedback: 0.58966
Received=	-0.49227
Feedback: 0.7606
Received=	-0.63744
Feedback: 0.85423
Received=	-0.048243
Feedback: 0.47421
Received=	-0.14259
Feedback: 0.53506
Received=	-0.4241
Feedback: 0.71663
Received=	-0.044612
Feedback: 0.47187
Received=	-0.31405
Feedback: 0.64565
Received=	-0.38584
Feedback: 0.69196
Received=	-0.40676
Feedback: 0.70545
Received=	-0.099445
Feedback: 0.50724
Received=	0.27624
Feedback: 0.26493
Received=	-0.088133
Feedback: 0.49994
Received=	-0.046907
Feedback: 0.47335
Received=	0.65141
Feedback: 0.1
Received=	-0.087722
Feedback: 0.49968
Received=	-0.86939
Feedback: 0.9
Received=	-0.044667
Feedback: 0.47191
Received=	0.48549
Feedback: 0.12996
Received=	0.35261
Feedback: 0.21567
Received=	-0.75205
Feedback: 0.9
Received=	-0.1686
Feedback: 0.55184
Received=	0.26727
Feedback: 0.27071
Received=	-0.2038
Feedback: 0.57454
Received=	-0.045551
Feedback: 0.47248
Calculated range:	[(-2.000000) - (2.000000)]
Success index = (-0.037119)
closing...
