Direction=-1.000000	; step=1.000000;
Received=	0
Feedback: 0.66
Received=	0
Feedback: 0.66
Received=	0
Feedback: 0.66
Received=	0.36631
Feedback: 0.66
Received=	0.29127
Feedback: 0.66
Received=	0.064112
Feedback: 0.66
Received=	0.19393
Feedback: 0.66
Received=	0.010526
Feedback: 0.66
Received=	0.12734
Feedback: 0.66
Received=	0.33853
Feedback: 0.66
Received=	0.45555
Feedback: 0.66
Received=	0.32098
Feedback: 0.66
Received=	0.092793
Feedback: 0.66
Received=	-0.16145
Feedback: 0.66
Received=	0.058036
Feedback: 0.66
Received=	0.20049
Feedback: 0.66
Received=	0.30015
Feedback: 0.66
Received=	0.24835
Feedback: 0.66
Received=	0.15962
Feedback: 0.66
Received=	0.043725
Feedback: 0.66
Received=	0.021929
=====  11:57:43 - NF  ============
Feedback: 0.69146
Received=	0.080842
Feedback: 0.6167
Received=	0.10302
Feedback: 0.58855
Received=	0.31831
Feedback: 0.31532
Received=	0.50574
Feedback: 0.1
Received=	0.4192
Feedback: 0.18728
Received=	0.30452
Feedback: 0.33283
Received=	0.40175
Feedback: 0.20943
Received=	0.16883
Feedback: 0.50503
Received=	0.13704
Feedback: 0.54537
Received=	0.079155
Feedback: 0.61884
Received=	0.069309
Feedback: 0.63133
Received=	0.13525
Feedback: 0.54764
Received=	0.031441
Feedback: 0.67939
Received=	0.062409
Feedback: 0.64009
Received=	0.42444
Feedback: 0.18063
Received=	0.46246
Feedback: 0.13237
Received=	0.28072
Feedback: 0.36302
Received=	0.18863
Feedback: 0.4799
Received=	0.17165
Feedback: 0.50145
Received=	0.20242
Feedback: 0.4624
Received=	0.19691
Feedback: 0.46939
Received=	-0.013217
Feedback: 0.73607
Received=	-0.10589
Feedback: 0.85368
Received=	0.089801
Feedback: 0.60533
Received=	0.18571
Feedback: 0.48361
Received=	0.016116
Feedback: 0.69884
Received=	-0.070208
Feedback: 0.8084
Received=	0.008115
Feedback: 0.70899
Received=	0.035962
Feedback: 0.67365
Received=	0.059742
Feedback: 0.64347
Received=	0.55742
Feedback: 0.1
Received=	0.36135
Feedback: 0.2607
Received=	0.1386
Feedback: 0.54339
Received=	0.057668
Feedback: 0.64611
Received=	0.10701
Feedback: 0.58349
Received=	0.1934
Feedback: 0.47384
Received=	0.16207
Feedback: 0.51361
Received=	0.25376
Feedback: 0.39724
Received=	-0.012594
Feedback: 0.73528
Received=	-0.067602
Feedback: 0.80509
Received=	-0.066227
Feedback: 0.80334
Received=	-0.04745
Feedback: 0.77951
Received=	0.29712
Feedback: 0.34221
Received=	0.21929
Feedback: 0.44099
Received=	0.18968
Feedback: 0.47856
Received=	0.14383
Feedback: 0.53676
Received=	0.138
Feedback: 0.54415
Received=	0.19325
Feedback: 0.47403
Received=	0.09842
Feedback: 0.59439
Received=	0.26169
Feedback: 0.38718
Received=	0.27714
Feedback: 0.36757
Received=	0.24358
Feedback: 0.41016
Received=	0.096335
Feedback: 0.59703
Received=	0.1182
Feedback: 0.56928
Received=	0.024523
Feedback: 0.68817
Received=	0.14032
Feedback: 0.54121
Received=	0.28862
Feedback: 0.353
Received=	0.30843
Feedback: 0.32785
Received=	0.20481
Feedback: 0.45937
Calculated range:	[(-2.000000) - (2.000000)]
Success index = (-0.057118)
Received=	0.25938
=====  12:0:43 - BASE  ============
Feedback: 0.66
Received=	0.28664
Feedback: 0.66
Received=	0.0853
Feedback: 0.66
Received=	0.016284
Feedback: 0.66
Received=	-0.031884
Feedback: 0.66
Received=	-0.20859
Feedback: 0.66
Received=	-0.14388
Feedback: 0.66
Received=	-0.027764
Feedback: 0.66
Received=	-0.092785
Feedback: 0.66
Received=	-0.067283
Feedback: 0.66
Received=	-0.15693
Feedback: 0.66
Received=	0.14118
Feedback: 0.66
Received=	0.11409
Feedback: 0.66
Received=	0.10772
Feedback: 0.66
Received=	0.27373
Feedback: 0.66
Received=	0.30815
Feedback: 0.66
Received=	0.47129
Feedback: 0.66
Received=	0.095945
Feedback: 0.66
Received=	0.10205
Feedback: 0.66
Received=	-0.03023
Feedback: 0.66
Received=	0.054764
=====  12:1:43 - NF  ============
Feedback: 0.49813
Received=	0.27183
Feedback: 0.24932
Received=	0.14442
Feedback: 0.39537
Received=	0.14716
Feedback: 0.39223
Received=	0.078662
Feedback: 0.47074
Received=	-0.1547
Feedback: 0.73822
Received=	-0.11529
Feedback: 0.69306
Received=	0.19216
Feedback: 0.34064
Received=	0.26832
Feedback: 0.25335
Received=	0.22386
Feedback: 0.30431
Received=	0.22059
Feedback: 0.30806
Received=	0.19528
Feedback: 0.33707
Received=	0.11266
Feedback: 0.43177
Received=	0.049486
Feedback: 0.50418
Received=	0.12168
Feedback: 0.42143
Received=	0.21491
Feedback: 0.31456
Received=	0.035858
Feedback: 0.5198
Received=	0.049864
Feedback: 0.50375
Received=	0.05757
Feedback: 0.49491
Received=	0.25656
Feedback: 0.26682
Received=	0.2356
Feedback: 0.29085
Received=	0.354
Feedback: 0.15513
Received=	0.19554
Feedback: 0.33677
Received=	-0.11294
Feedback: 0.69035
Received=	-0.038719
Feedback: 0.60528
Received=	0.24373
Feedback: 0.28153
Received=	0.14453
Feedback: 0.39524
Received=	0.17146
Feedback: 0.36437
Received=	0.0022954
Feedback: 0.55827
Received=	0.067167
Feedback: 0.48391
Received=	0.3782
Feedback: 0.12739
Received=	0.38721
Feedback: 0.11707
Received=	0.40958
Feedback: 0.1
Received=	0.36635
Feedback: 0.14098
Received=	0.60845
Feedback: 0.1
Received=	0.76365
Feedback: 0.1
Received=	0.37637
Feedback: 0.12949
Received=	0.095332
Feedback: 0.45163
Received=	0.21461
Feedback: 0.31491
Received=	0.20566
Feedback: 0.32517
Received=	0.18049
Feedback: 0.35402
Received=	0.28926
Feedback: 0.22934
Received=	0.29067
Feedback: 0.22773
Received=	0.03335
Feedback: 0.52268
Received=	0.23143
Feedback: 0.29563
Received=	0.27408
Feedback: 0.24675
Received=	0.3679
Feedback: 0.13921
Received=	0.4893
Feedback: 0.1
Received=	0.22102
Feedback: 0.30757
Received=	0.44828
Feedback: 0.1
Received=	0.47868
Feedback: 0.1
Received=	0.64842
Feedback: 0.1
Received=	0.61066
Feedback: 0.1
Received=	0.54663
Feedback: 0.1
Received=	0.50229
Feedback: 0.1
Received=	0.2818
Feedback: 0.2379
Received=	0.14776
Feedback: 0.39153
Received=	0.37141
Feedback: 0.13518
Received=	0.25714
Feedback: 0.26616
Received=	0.46232
Feedback: 0.1
Calculated range:	[(-2.000000) - (2.000000)]
Success index = (1.014334)
Received=	0.50422
=====  12:4:43 - BASE  ============
Feedback: 0.66
Received=	0.20783
Feedback: 0.66
Received=	-0.066104
Feedback: 0.66
Received=	0.39469
Feedback: 0.66
Received=	0.3957
Feedback: 0.66
Received=	0.28404
Feedback: 0.66
Received=	0.27352
Feedback: 0.66
Received=	0.55234
Feedback: 0.66
Received=	0.59014
Feedback: 0.66
Received=	0.28881
Feedback: 0.66
Received=	0.34647
Feedback: 0.66
Received=	0.89824
Feedback: 0.66
Received=	0.79081
Feedback: 0.66
Received=	0.47963
Feedback: 0.66
Received=	0.61598
Feedback: 0.66
Received=	0.48407
Feedback: 0.66
Received=	0.14647
Feedback: 0.66
Received=	0.37934
Feedback: 0.66
Received=	0.43066
Feedback: 0.66
Received=	0.3132
Feedback: 0.66
Received=	0.2304
=====  12:5:43 - NF  ============
Feedback: 0.6718
Received=	0.41695
Feedback: 0.50463
Received=	0.74815
Feedback: 0.20782
Received=	0.45735
Feedback: 0.46842
Received=	0.2722
Feedback: 0.63435
Received=	0.22972
Feedback: 0.67241
Received=	0.43265
Feedback: 0.49056
Received=	0.0977
Feedback: 0.79072
Received=	-0.18808
Feedback: 0.9
Received=	-0.22246
Feedback: 0.9
Received=	0.20108
Feedback: 0.69808
Received=	0.26661
Feedback: 0.63935
Received=	0.3861
Feedback: 0.53227
Received=	0.44255
Feedback: 0.48169
Received=	0.71523
Feedback: 0.23732
Received=	0.80418
Feedback: 0.15761
Received=	0.7404
Feedback: 0.21476
Received=	0.7485
Feedback: 0.20751
Received=	0.93507
Feedback: 0.1
Received=	0.99334
Feedback: 0.1
Received=	0.70093
Feedback: 0.25014
Received=	0.35551
Feedback: 0.55969
Received=	0.62991
Feedback: 0.31378
Received=	0.64068
Feedback: 0.30413
Received=	0.63682
Feedback: 0.30759
Received=	0.62732
Feedback: 0.3161
Received=	0.46853
Feedback: 0.4584
Received=	0.33929
Feedback: 0.57422
Received=	0.45624
Feedback: 0.46941
Received=	0.79727
Feedback: 0.1638
Received=	0.57099
Feedback: 0.36658
Received=	0.51156
Feedback: 0.41984
Received=	0.34068
Feedback: 0.57297
Received=	0.15587
Feedback: 0.73859
Received=	0.40731
Feedback: 0.51326
Received=	0.45862
Feedback: 0.46729
Received=	0.43327
Feedback: 0.49
Received=	0.71177
Feedback: 0.24043
Received=	0.72237
Feedback: 0.23092
Received=	0.65671
Feedback: 0.28976
Received=	0.55885
Feedback: 0.37746
Received=	0.60628
Feedback: 0.33496
Received=	0.47488
Feedback: 0.45271
Received=	0.52828
Feedback: 0.40486
Received=	0.26601
Feedback: 0.63989
Received=	0.24727
Feedback: 0.65669
Received=	0.41351
Feedback: 0.50771
Received=	0.36653
Feedback: 0.54981
Received=	0.42223
Feedback: 0.4999
Received=	0.31478
Feedback: 0.59618
Received=	0.34768
Feedback: 0.5667
Received=	0.29423
Feedback: 0.6146
Received=	0.20752
Feedback: 0.6923
Received=	0.045689
Feedback: 0.83733
Received=	0.15035
Feedback: 0.74354
Received=	-0.0061905
Feedback: 0.88382
Received=	0.55553
Feedback: 0.38044
Received=	0.55693
Feedback: 0.37918
Received=	0.18877
Feedback: 0.70911
Received=	0.18979
Feedback: 0.70819
Calculated range:	[(-2.000000) - (2.000000)]
Success index = (0.049989)
Received=	0.20355
=====  12:8:43 - BASE  ============
Feedback: 0.66
Received=	0.32224
Feedback: 0.66
Received=	0.65955
Feedback: 0.66
Received=	0.25578
Feedback: 0.66
Received=	0.075034
Feedback: 0.66
Received=	0.074777
Feedback: 0.66
Received=	0.36541
Feedback: 0.66
Received=	0.45948
Feedback: 0.66
Received=	0.36309
Feedback: 0.66
Received=	0.30279
Feedback: 0.66
Received=	0.48826
Feedback: 0.66
Received=	0.29129
Feedback: 0.66
Received=	0.24721
Feedback: 0.66
Received=	0.26871
Feedback: 0.66
Received=	0.43262
Feedback: 0.66
Received=	0.77568
Feedback: 0.66
Received=	0.41999
Feedback: 0.66
Received=	0.26864
Feedback: 0.66
Received=	0.39649
Feedback: 0.66
Received=	0.36735
Feedback: 0.66
Received=	0.62354
=====  12:9:43 - NF  ============
Feedback: 0.19773
Received=	0.39818
Feedback: 0.45797
Received=	0.17371
Feedback: 0.71719
Received=	-0.0097202
Feedback: 0.9
Received=	-0.17697
Feedback: 0.9
Received=	0.22278
Feedback: 0.66052
Received=	0.40153
Feedback: 0.4541
Received=	0.46441
Feedback: 0.38149
Received=	0.35593
Feedback: 0.50676
Received=	0.40524
Feedback: 0.44982
Received=	0.3845
Feedback: 0.47378
Received=	0.35378
Feedback: 0.50924
Received=	0.20523
Feedback: 0.68078
Received=	0.13315
Feedback: 0.76402
Received=	0.24919
Feedback: 0.63003
Received=	0.055845
Feedback: 0.8533
Received=	0.17745
Feedback: 0.71287
Received=	0.2425
Feedback: 0.63775
Received=	0.14758
Feedback: 0.74736
Received=	0.0068174
Feedback: 0.9
Received=	0.11738
Feedback: 0.78224
Received=	0.28394
Feedback: 0.5899
Received=	0.39571
Feedback: 0.46082
Received=	0.25849
Feedback: 0.61929
Received=	0.27309
Feedback: 0.60242
Received=	0.2408
Feedback: 0.63972
Received=	0.69157
Feedback: 0.11917
Received=	0.56353
Feedback: 0.26702
Received=	0.28048
Feedback: 0.5939
Received=	-0.0036745
Feedback: 0.9
Received=	0.073458
Feedback: 0.83296
Received=	0.067479
Feedback: 0.83986
Received=	0.1546
Feedback: 0.73926
Received=	0.17771
Feedback: 0.71257
Received=	0.16221
Feedback: 0.73047
Received=	0.34977
Feedback: 0.51387
Received=	0.40465
Feedback: 0.4505
Received=	0.15739
Feedback: 0.73604
Received=	0.032643
Feedback: 0.88009
Received=	0.21368
Feedback: 0.67103
Received=	0.5239
Feedback: 0.3128
Received=	0.57888
Feedback: 0.2493
Received=	0.31039
Feedback: 0.55935
Received=	0.25357
Feedback: 0.62497
Received=	-0.0919
Feedback: 0.9
Received=	0.054672
Feedback: 0.85465
Received=	0.29299
Feedback: 0.57945
Received=	0.64882
Feedback: 0.16854
Received=	0.21885
Feedback: 0.66506
Received=	0.14379
Feedback: 0.75174
Received=	0.28063
Feedback: 0.59371
Received=	0.18974
Feedback: 0.69868
Received=	0.63918
Feedback: 0.17967
Received=	0.69991
Feedback: 0.10954
Received=	0.97708
Feedback: 0.1
Received=	0.63043
Feedback: 0.18978
Received=	0.34798
Feedback: 0.51595
Received=	0.28407
Feedback: 0.58975
Received=	0.20422
Feedback: 0.68195
Received=	0.59772
Feedback: 0.22754
Calculated range:	[(-2.000000) - (2.000000)]
Success index = (-0.336705)
Received=	0.62419
=====  12:12:43 - BASE  ============
Feedback: 0.66
Received=	0.72479
Feedback: 0.66
Received=	0.49508
Feedback: 0.66
Received=	0.34978
Feedback: 0.66
Received=	0.36065
Feedback: 0.66
Received=	0.15655
Feedback: 0.66
Received=	0.0926
Feedback: 0.66
Received=	0.14526
Feedback: 0.66
Received=	0.50964
Feedback: 0.66
Received=	0.508
Feedback: 0.66
Received=	0.316
Feedback: 0.66
Received=	0.33323
Feedback: 0.66
Received=	0.19378
Feedback: 0.66
Received=	0.19212
Feedback: 0.66
Received=	0.26525
Feedback: 0.66
Received=	0.31216
Feedback: 0.66
Received=	0.27203
Feedback: 0.66
Received=	0.65736
Feedback: 0.66
Received=	0.48061
Feedback: 0.66
Received=	0.40052
Feedback: 0.66
Received=	0.41759
=====  12:13:43 - NF  ============
Feedback: 0.39214
Received=	0.82254
Feedback: 0.1
Received=	0.62365
Feedback: 0.12109
Received=	0.40337
Feedback: 0.41084
Received=	0.078231
Feedback: 0.83853
Received=	0.20235
Feedback: 0.67526
Received=	0.28376
Feedback: 0.56817
Received=	0.47597
Feedback: 0.31535
Received=	0.48286
Feedback: 0.30629
Received=	0.28453
Feedback: 0.56716
Received=	0.30757
Feedback: 0.53686
Received=	0.26795
Feedback: 0.58898
Received=	0.23478
Feedback: 0.63261
Received=	0.23855
Feedback: 0.62765
Received=	0.18192
Feedback: 0.70213
Received=	0.35057
Feedback: 0.4803
Received=	0.51415
Feedback: 0.26512
Received=	0.41599
Feedback: 0.39425
Received=	0.44647
Feedback: 0.35415
Received=	0.38662
Feedback: 0.43288
Received=	0.20674
Feedback: 0.66949
Received=	0.20866
Feedback: 0.66696
Received=	0.12877
Feedback: 0.77204
Received=	0.25221
Feedback: 0.60968
Received=	0.60206
Feedback: 0.14948
Received=	0.5329
Feedback: 0.24046
Received=	0.44089
Feedback: 0.36149
Received=	0.55759
Feedback: 0.20799
Received=	0.8508
Feedback: 0.1
Received=	0.63404
Feedback: 0.10742
Received=	0.47149
Feedback: 0.32124
Received=	0.32368
Feedback: 0.51567
Received=	0.21668
Feedback: 0.65641
Received=	0.49299
Feedback: 0.29295
Received=	0.60243
Feedback: 0.149
Received=	0.6397
Feedback: 0.1
Received=	0.39236
Feedback: 0.42533
Received=	0.84529
Feedback: 0.1
Received=	0.67585
Feedback: 0.1
Received=	0.49152
Feedback: 0.2949
Received=	0.66257
Feedback: 0.1
Received=	0.67099
Feedback: 0.1
Received=	0.19498
Feedback: 0.68495
Received=	0.29155
Feedback: 0.55792
Received=	0.47654
Feedback: 0.3146
Received=	0.41215
Feedback: 0.3993
Received=	0.28019
Feedback: 0.57287
Received=	0.2819
Feedback: 0.57062
Received=	0.9761
Feedback: 0.1
Received=	0.89178
Feedback: 0.1
Received=	0.40204
Feedback: 0.41259
Received=	0.24093
Feedback: 0.62451
Received=	0.43968
Feedback: 0.36308
Received=	0.34813
Feedback: 0.48351
Received=	0.036895
Feedback: 0.8929
Received=	0.24487
Feedback: 0.61933
Received=	0.49263
Feedback: 0.29344
Received=	0.37121
Feedback: 0.45315
Received=	-0.043269
Feedback: 0.9
Received=	-0.12798
Feedback: 0.9
Calculated range:	[(-2.000000) - (2.000000)]
Success index = (0.352560)
closing...
