Direction=-1.000000	; step=1.000000;
Received=	0
Feedback: 0.66
Received=	0
Feedback: 0.66
Received=	0
Feedback: 0.66
Received=	0.10569
Feedback: 0.66
Received=	-0.089277
Feedback: 0.66
Received=	0.25723
Feedback: 0.66
Received=	0.016332
Feedback: 0.66
Received=	-0.076302
Feedback: 0.66
Received=	0.10845
Feedback: 0.66
Received=	-0.1044
Feedback: 0.66
Received=	-0.14653
Feedback: 0.66
Received=	-0.22791
Feedback: 0.66
Received=	-0.094055
Feedback: 0.66
Received=	0.070275
Feedback: 0.66
Received=	0.013976
Feedback: 0.66
Received=	-0.14125
Feedback: 0.66
Received=	-0.27054
Feedback: 0.66
Received=	-0.18025
Feedback: 0.66
Received=	-0.0049986
Feedback: 0.66
Received=	-0.035595
Feedback: 0.66
Received=	-0.27159
=====  13:28:57 - NF  ============
Feedback: 0.84617
Received=	0.10028
Feedback: 0.27955
Received=	0.16596
Feedback: 0.17948
Received=	0.050337
Feedback: 0.35565
Received=	0.0098515
Feedback: 0.41734
Received=	-0.019472
Feedback: 0.46202
Received=	-0.040556
Feedback: 0.49415
Received=	-0.1328
Feedback: 0.63471
Received=	-0.12182
Feedback: 0.61797
Received=	-0.19045
Feedback: 0.72253
Received=	-0.17227
Feedback: 0.69484
Received=	-0.29959
Feedback: 0.88883
Received=	-0.33897
Feedback: 0.9
Received=	-0.1354
Feedback: 0.63867
Received=	-0.1484
Feedback: 0.65846
Received=	-0.25604
Feedback: 0.82249
Received=	-0.21154
Feedback: 0.75468
Received=	-0.20838
Feedback: 0.74986
Received=	-0.3166
Feedback: 0.9
Received=	-0.2557
Feedback: 0.82196
Received=	-0.41039
Feedback: 0.9
Received=	-0.37223
Feedback: 0.9
Received=	-0.27907
Feedback: 0.85756
Received=	-0.20147
Feedback: 0.73934
Received=	-0.25342
Feedback: 0.81849
Received=	-0.23477
Feedback: 0.79008
Received=	-0.033524
Feedback: 0.48343
Received=	0.0032969
Feedback: 0.42733
Received=	-0.22389
Feedback: 0.77349
Received=	-0.082122
Feedback: 0.55748
Received=	0.16522
Feedback: 0.1806
Received=	0.040089
Feedback: 0.37127
Received=	-0.20665
Feedback: 0.74723
Received=	-0.20973
Feedback: 0.75191
Received=	-0.15168
Feedback: 0.66347
Received=	-0.14467
Feedback: 0.65279
Received=	-0.29808
Feedback: 0.88654
Received=	-0.22538
Feedback: 0.77576
Received=	-0.22958
Feedback: 0.78217
Received=	-0.25005
Feedback: 0.81335
Received=	-0.29419
Feedback: 0.88061
Received=	-0.13505
Feedback: 0.63812
Received=	-0.19542
Feedback: 0.73012
Received=	-0.025542
Feedback: 0.47127
Received=	-0.25614
Feedback: 0.82263
Received=	-0.20539
Feedback: 0.7453
Received=	-0.1544
Feedback: 0.66761
Received=	-0.13748
Feedback: 0.64182
Received=	-0.13308
Feedback: 0.63512
Received=	-0.20094
Feedback: 0.73853
Received=	-0.03808
Feedback: 0.49037
Received=	0.1093
Feedback: 0.26581
Received=	-0.14997
Feedback: 0.66085
Received=	-0.32522
Feedback: 0.9
Received=	-0.18085
Feedback: 0.70791
Received=	0.064576
Feedback: 0.33396
Received=	-0.0019436
Feedback: 0.43531
Received=	-0.21653
Feedback: 0.76227
Received=	-0.22029
Feedback: 0.768
Received=	-0.25899
Feedback: 0.82698
Calculated range:	[(-2.000000) - (2.000000)]
Success index = (-0.843275)
Received=	-0.13826
=====  13:31:57 - BASE  ============
Feedback: 0.66
Received=	-0.035082
Feedback: 0.66
Received=	0.024743
Feedback: 0.66
Received=	-0.028629
Feedback: 0.66
Received=	0.040242
Feedback: 0.66
Received=	0.14048
Feedback: 0.66
Received=	-0.016075
Feedback: 0.66
Received=	0.14166
Feedback: 0.66
Received=	0.34481
Feedback: 0.66
Received=	0.066837
Feedback: 0.66
Received=	0.0052716
Feedback: 0.66
Received=	-0.21167
Feedback: 0.66
Received=	-0.21269
Feedback: 0.66
Received=	-0.087042
Feedback: 0.66
Received=	-0.15878
Feedback: 0.66
Received=	-0.18063
Feedback: 0.66
Received=	-0.14619
Feedback: 0.66
Received=	0.029477
Feedback: 0.66
Received=	0.4334
Feedback: 0.66
Received=	0.31677
Feedback: 0.66
Received=	-0.01714
=====  13:32:57 - NF  ============
Feedback: 0.54722
Received=	0.031234
Feedback: 0.49649
Received=	0.26307
Feedback: 0.25338
Received=	0.12997
Feedback: 0.39295
Received=	-0.26698
Feedback: 0.80921
Received=	-0.28064
Feedback: 0.82353
Received=	-0.071272
Feedback: 0.60398
Received=	-0.038606
Feedback: 0.56973
Received=	-0.10471
Feedback: 0.63905
Received=	-0.16312
Feedback: 0.7003
Received=	-0.17746
Feedback: 0.71534
Received=	-0.11845
Feedback: 0.65345
Received=	-0.16909
Feedback: 0.70656
Received=	-0.20486
Feedback: 0.74407
Received=	-0.22299
Feedback: 0.76308
Received=	-0.21922
Feedback: 0.75912
Received=	-0.30417
Feedback: 0.84821
Received=	-0.37818
Feedback: 0.9
Received=	-0.42012
Feedback: 0.9
Received=	-0.26426
Feedback: 0.80635
Received=	-0.10438
Feedback: 0.6387
Received=	-0.14936
Feedback: 0.68587
Received=	-0.19468
Feedback: 0.73339
Received=	-0.18475
Feedback: 0.72298
Received=	-0.22046
Feedback: 0.76043
Received=	-0.17171
Feedback: 0.70931
Received=	-0.22804
Feedback: 0.76837
Received=	-0.15608
Feedback: 0.69292
Received=	-0.19277
Feedback: 0.73139
Received=	-0.19921
Feedback: 0.73815
Received=	-0.25654
Feedback: 0.79826
Received=	-0.25618
Feedback: 0.79789
Received=	-0.19414
Feedback: 0.73282
Received=	-0.18558
Feedback: 0.72385
Received=	-0.11716
Feedback: 0.6521
Received=	-0.26592
Feedback: 0.8081
Received=	-0.059386
Feedback: 0.59152
Received=	-0.013136
Feedback: 0.54302
Received=	-0.22502
Feedback: 0.76521
Received=	-0.21728
Feedback: 0.7571
Received=	-0.20721
Feedback: 0.74654
Received=	-0.23061
Feedback: 0.77107
Received=	-0.15734
Feedback: 0.69424
Received=	-0.28216
Feedback: 0.82513
Received=	-0.26866
Feedback: 0.81097
Received=	-0.35585
Feedback: 0.9
Received=	-0.15483
Feedback: 0.6916
Received=	-0.099021
Feedback: 0.63308
Received=	-0.14188
Feedback: 0.67803
Received=	-0.09897
Feedback: 0.63303
Received=	-0.17908
Feedback: 0.71703
Received=	-0.08267
Feedback: 0.61594
Received=	-0.086584
Feedback: 0.62004
Received=	-0.084571
Feedback: 0.61793
Received=	-0.29923
Feedback: 0.84303
Received=	-0.14397
Feedback: 0.68021
Received=	-0.27285
Feedback: 0.81537
Received=	-0.31975
Feedback: 0.86454
Received=	-0.1055
Feedback: 0.63987
Received=	-0.21451
Feedback: 0.75418
Calculated range:	[(-2.522161) - (1.477839)]
Success index = (-1.522161)
Received=	-0.12311
=====  13:35:57 - BASE  ============
Feedback: 0.66
Received=	0.067174
Feedback: 0.66
Received=	0.11325
Feedback: 0.66
Received=	0.48538
Feedback: 0.66
Received=	0.53134
Feedback: 0.66
Received=	0.21781
Feedback: 0.66
Received=	-0.079194
Feedback: 0.66
Received=	-0.32674
Feedback: 0.66
Received=	0.12745
Feedback: 0.66
Received=	0.088689
Feedback: 0.66
Received=	0.39531
Feedback: 0.66
Received=	0.3784
Feedback: 0.66
Received=	0.017353
Feedback: 0.66
Received=	-0.13291
Feedback: 0.66
Received=	-0.28095
Feedback: 0.66
Received=	-0.23009
Feedback: 0.66
Received=	-0.13767
Feedback: 0.66
Received=	-0.197
Feedback: 0.66
Received=	-0.085568
Feedback: 0.66
Received=	0.086292
Feedback: 0.66
Received=	-0.011763
=====  13:36:57 - NF  ============
Feedback: 0.44535
Received=	-0.0080932
Feedback: 0.44257
Received=	0.0082141
Feedback: 0.43022
Received=	-0.058147
Feedback: 0.48049
Received=	-0.087136
Feedback: 0.50246
Received=	-0.23146
Feedback: 0.61179
Received=	-0.16549
Feedback: 0.56182
Received=	0.12112
Feedback: 0.34468
Received=	-0.15732
Feedback: 0.55562
Received=	-0.13545
Feedback: 0.53906
Received=	-0.10168
Feedback: 0.51347
Received=	-0.13263
Feedback: 0.53692
Received=	-0.20905
Feedback: 0.59482
Received=	-0.21722
Feedback: 0.60101
Received=	-0.2769
Feedback: 0.64622
Received=	-0.11609
Feedback: 0.52439
Received=	-0.026612
Feedback: 0.4566
Received=	-0.032573
Feedback: 0.46112
Received=	-0.093571
Feedback: 0.50733
Received=	-0.16562
Feedback: 0.56191
Received=	-0.066495
Feedback: 0.48682
Received=	-0.040242
Feedback: 0.46693
Received=	-0.041403
Feedback: 0.46781
Received=	-0.14897
Feedback: 0.5493
Received=	-0.020499
Feedback: 0.45197
Received=	-0.11849
Feedback: 0.52621
Received=	-0.20074
Feedback: 0.58852
Received=	-0.16514
Feedback: 0.56155
Received=	-0.21255
Feedback: 0.59747
Received=	-0.11405
Feedback: 0.52284
Received=	-0.0097634
Feedback: 0.44384
Received=	0.018043
Feedback: 0.42277
Received=	-0.21605
Feedback: 0.60012
Received=	-0.14874
Feedback: 0.54913
Received=	-0.043886
Feedback: 0.46969
Received=	-0.1889
Feedback: 0.57955
Received=	-0.45736
Feedback: 0.78294
Received=	-0.5627
Feedback: 0.86274
Received=	-0.29495
Feedback: 0.65989
Received=	-0.10415
Feedback: 0.51534
Received=	-0.14936
Feedback: 0.54959
Received=	0.039396
Feedback: 0.4066
Received=	-0.16397
Feedback: 0.56067
Received=	-0.22383
Feedback: 0.60601
Received=	-0.074769
Feedback: 0.49309
Received=	0.041288
Feedback: 0.40516
Received=	-0.043815
Feedback: 0.46964
Received=	-0.15852
Feedback: 0.55653
Received=	0.035125
Feedback: 0.40983
Received=	0.13464
Feedback: 0.33444
Received=	0.20245
Feedback: 0.28307
Received=	0.08955
Feedback: 0.3686
Received=	-0.12332
Feedback: 0.52987
Received=	-0.25991
Feedback: 0.63335
Received=	-0.21392
Feedback: 0.59851
Received=	-0.14876
Feedback: 0.54914
Received=	0.0091794
Feedback: 0.42949
Received=	0.030081
Feedback: 0.41365
Received=	-0.096548
Feedback: 0.50959
Received=	-0.24722
Feedback: 0.62373
Calculated range:	[(-2.011348) - (1.988652)]
Success index = (-1.011348)
Received=	-0.028857
=====  13:39:57 - BASE  ============
Feedback: 0.66
Received=	0.24417
Feedback: 0.66
Received=	0.13395
Feedback: 0.66
Received=	0.20208
Feedback: 0.66
Received=	0.43388
Feedback: 0.66
Received=	0.35113
Feedback: 0.66
Received=	0.1263
Feedback: 0.66
Received=	0.4729
Feedback: 0.66
Received=	0.26901
Feedback: 0.66
Received=	0.055273
Feedback: 0.66
Received=	0.030811
Feedback: 0.66
Received=	-0.10922
Feedback: 0.66
Received=	-0.23677
Feedback: 0.66
Received=	-0.21586
Feedback: 0.66
Received=	-0.34844
Feedback: 0.66
Received=	-0.35532
Feedback: 0.66
Received=	-0.38875
Feedback: 0.66
Received=	-0.13347
Feedback: 0.66
Received=	0.018648
Feedback: 0.66
Received=	0.18698
Feedback: 0.66
Received=	0.107
=====  13:40:57 - NF  ============
Feedback: 0.43876
Received=	-0.13973
Feedback: 0.62153
Received=	-0.1551
Feedback: 0.63291
Received=	0.033646
Feedback: 0.4931
Received=	0.01403
Feedback: 0.50763
Received=	0.01869
Feedback: 0.50418
Received=	-0.019599
Feedback: 0.53254
Received=	-0.035422
Feedback: 0.54426
Received=	-0.043399
Feedback: 0.55017
Received=	-0.05759
Feedback: 0.56068
Received=	-0.096938
Feedback: 0.58983
Received=	-0.16691
Feedback: 0.64166
Received=	-0.40229
Feedback: 0.81602
Received=	-0.25636
Feedback: 0.70792
Received=	-0.39023
Feedback: 0.80709
Received=	-0.51783
Feedback: 0.9
Received=	-0.33109
Feedback: 0.76328
Received=	-0.22652
Feedback: 0.68582
Received=	0.10306
Feedback: 0.44169
Received=	0.35797
Feedback: 0.25286
Received=	-0.09658
Feedback: 0.58957
Received=	-0.26898
Feedback: 0.71727
Received=	-0.18339
Feedback: 0.65387
Received=	-0.087684
Feedback: 0.58298
Received=	-0.21969
Feedback: 0.68076
Received=	-0.18212
Feedback: 0.65293
Received=	-0.1934
Feedback: 0.66129
Received=	-0.19387
Feedback: 0.66164
Received=	-0.063711
Feedback: 0.56522
Received=	0.044393
Feedback: 0.48514
Received=	-0.062343
Feedback: 0.5642
Received=	-0.098896
Feedback: 0.59128
Received=	-0.16859
Feedback: 0.64291
Received=	-0.22879
Feedback: 0.6875
Received=	0.084566
Feedback: 0.45538
Received=	0.1436
Feedback: 0.41166
Received=	0.0006551
Feedback: 0.51754
Received=	0.044991
Feedback: 0.4847
Received=	0.11476
Feedback: 0.43302
Received=	-0.063415
Feedback: 0.565
Received=	-0.084847
Feedback: 0.58087
Received=	-0.21179
Feedback: 0.67491
Received=	-0.30809
Feedback: 0.74624
Received=	-0.20234
Feedback: 0.66791
Received=	-0.048811
Feedback: 0.55418
Received=	-0.22415
Feedback: 0.68406
Received=	-0.22098
Feedback: 0.68172
Received=	0.041937
Feedback: 0.48696
Received=	-0.031243
Feedback: 0.54117
Received=	-0.24068
Feedback: 0.69631
Received=	-0.27255
Feedback: 0.71992
Received=	-0.35794
Feedback: 0.78317
Received=	0.016639
Feedback: 0.5057
Received=	0.30976
Feedback: 0.28857
Received=	0.2313
Feedback: 0.34669
Received=	-0.17291
Feedback: 0.64611
Received=	-0.084963
Feedback: 0.58096
Received=	-0.10033
Feedback: 0.59234
Received=	0.089967
Feedback: 0.45138
Received=	-0.011395
Feedback: 0.52646
Calculated range:	[(-2.000000) - (2.000000)]
Success index = (-0.643054)
Received=	0.013563
=====  13:43:57 - BASE  ============
Feedback: 0.66
Received=	0.08024
Feedback: 0.66
Received=	0.027234
Feedback: 0.66
Received=	0.014085
Feedback: 0.66
Received=	0.10561
Feedback: 0.66
Received=	0.18282
Feedback: 0.66
Received=	0.072493
Feedback: 0.66
Received=	0.14548
Feedback: 0.66
Received=	0.14957
Feedback: 0.66
Received=	-0.073632
Feedback: 0.66
Received=	-0.023157
Feedback: 0.66
Received=	0.011917
Feedback: 0.66
Received=	-0.033143
Feedback: 0.66
Received=	-0.046572
Feedback: 0.66
Received=	-0.067929
Feedback: 0.66
Received=	0.027206
Feedback: 0.66
Received=	-0.040761
Feedback: 0.66
Received=	-0.015529
Feedback: 0.66
Received=	0.14763
Feedback: 0.66
Received=	0.22463
Feedback: 0.66
Received=	0.18363
=====  13:44:57 - NF  ============
Feedback: 0.20151
Received=	0.25589
Feedback: 0.1
Received=	0.16292
Feedback: 0.24606
Received=	0.11484
Feedback: 0.34949
Received=	0.072209
Feedback: 0.44122
Received=	0.046148
Feedback: 0.49729
Received=	-0.12756
Feedback: 0.87099
Received=	-0.097769
Feedback: 0.8069
Received=	0.10627
Feedback: 0.36795
Received=	-0.012378
Feedback: 0.6232
Received=	-0.23222
Feedback: 0.9
Received=	-0.13604
Feedback: 0.88925
Received=	0.083796
Feedback: 0.41629
Received=	0.11938
Feedback: 0.33973
Received=	0.090986
Feedback: 0.40082
Received=	0.042574
Feedback: 0.50497
Received=	-0.040316
Feedback: 0.6833
Received=	-0.2287
Feedback: 0.9
Received=	-0.32531
Feedback: 0.9
Received=	-0.34185
Feedback: 0.9
Received=	-0.14363
Feedback: 0.9
Received=	-0.17776
Feedback: 0.9
Received=	0.053588
Feedback: 0.48128
Received=	0.14722
Feedback: 0.27983
Received=	0.013858
Feedback: 0.56675
Received=	0.080198
Feedback: 0.42403
Received=	-0.2053
Feedback: 0.9
Received=	-0.14532
Feedback: 0.9
Received=	0.035754
Feedback: 0.51965
Received=	0.0092845
Feedback: 0.57659
Received=	-0.024015
Feedback: 0.64823
Received=	0.1795
Feedback: 0.2104
Received=	-0.029683
Feedback: 0.66043
Received=	-0.11356
Feedback: 0.84088
Received=	-0.1606
Feedback: 0.9
Received=	-0.17752
Feedback: 0.9
Received=	-0.14883
Feedback: 0.9
Received=	-0.19171
Feedback: 0.9
Received=	-0.30446
Feedback: 0.9
Received=	-0.25374
Feedback: 0.9
Received=	-0.09967
Feedback: 0.81099
Received=	-0.20079
Feedback: 0.9
Received=	0.022151
Feedback: 0.54891
Received=	0.057803
Feedback: 0.47221
Received=	-0.21742
Feedback: 0.9
Received=	-0.21583
Feedback: 0.9
Received=	-0.18091
Feedback: 0.9
Received=	-0.28157
Feedback: 0.9
Received=	-0.36519
Feedback: 0.9
Received=	-0.21247
Feedback: 0.9
Received=	-0.21838
Feedback: 0.9
Received=	-0.1883
Feedback: 0.9
Received=	-0.20851
Feedback: 0.9
Received=	-0.33095
Feedback: 0.9
Received=	-0.31294
Feedback: 0.9
Received=	-0.087445
Feedback: 0.78469
Received=	-0.036745
Feedback: 0.67562
Received=	-0.13811
Feedback: 0.89368
Received=	-0.20009
Feedback: 0.9
Received=	-0.21998
Feedback: 0.9
Calculated range:	[(-2.000000) - (2.000000)]
Success index = (-0.963248)
closing...
