Direction=-1.000000	; step=1.000000;
Received=	0
Feedback: 0.66
Received=	0
Feedback: 0.66
Received=	0
Feedback: 0.66
Received=	0.34724
Feedback: 0.66
Received=	0.035095
Feedback: 0.66
Received=	-0.15498
Feedback: 0.66
Received=	-0.11352
Feedback: 0.66
Received=	-0.22639
Feedback: 0.66
Received=	-0.32833
Feedback: 0.66
Received=	-0.23515
Feedback: 0.66
Received=	-0.33918
Feedback: 0.66
Received=	-0.12825
Feedback: 0.66
Received=	-0.12129
Feedback: 0.66
Received=	-0.11628
Feedback: 0.66
Received=	-0.03761
Feedback: 0.66
Received=	-0.094637
Feedback: 0.66
Received=	-0.20287
Feedback: 0.66
Received=	-0.21077
Feedback: 0.66
Received=	-0.038679
Feedback: 0.66
Received=	-0.27968
Feedback: 0.66
Received=	0.01331
=====  9:29:40 - NF  ============
Feedback: 0.32607
Received=	0.60345
Feedback: 0.1
Received=	0.37154
Feedback: 0.1
Received=	0.61214
Feedback: 0.1
Received=	0.79102
Feedback: 0.1
Received=	0.25494
Feedback: 0.1
Received=	-0.16148
Feedback: 0.54629
Received=	-0.14022
Feedback: 0.5195
Received=	-0.021959
Feedback: 0.37051
Received=	0.12676
Feedback: 0.18313
Received=	0.17442
Feedback: 0.12309
Received=	-0.16722
Feedback: 0.55352
Received=	-0.085891
Feedback: 0.45106
Received=	-0.021933
Feedback: 0.37048
Received=	-0.20094
Feedback: 0.59601
Received=	-0.26154
Feedback: 0.67235
Received=	-0.05397
Feedback: 0.41084
Received=	-0.1727
Feedback: 0.56043
Received=	-0.24357
Feedback: 0.64972
Received=	0.085884
Feedback: 0.23464
Received=	0.37436
Feedback: 0.1
Received=	0.24275
Feedback: 0.1
Received=	-0.20979
Feedback: 0.60716
Received=	-0.22425
Feedback: 0.62537
Received=	-0.30901
Feedback: 0.73217
Received=	-0.4563
Feedback: 0.9
Received=	-0.44963
Feedback: 0.9
Received=	-0.4356
Feedback: 0.89165
Received=	-0.46099
Feedback: 0.9
Received=	-0.59452
Feedback: 0.9
Received=	-0.36939
Feedback: 0.80824
Received=	-0.036526
Feedback: 0.38886
Received=	0.062209
Feedback: 0.26446
Received=	0.1157
Feedback: 0.19707
Received=	0.048153
Feedback: 0.28217
Received=	0.035397
Feedback: 0.29825
Received=	-0.079853
Feedback: 0.44345
Received=	-0.12918
Feedback: 0.50559
Received=	-0.023571
Feedback: 0.37254
Received=	-0.46813
Feedback: 0.9
Received=	-0.61601
Feedback: 0.9
Received=	-0.38642
Feedback: 0.8297
Received=	-0.052937
Feedback: 0.40954
Received=	0.34483
Feedback: 0.1
Received=	0.10274
Feedback: 0.2134
Received=	0.13249
Feedback: 0.17591
Received=	0.20327
Feedback: 0.1
Received=	0.32193
Feedback: 0.1
Received=	-0.12848
Feedback: 0.50472
Received=	-0.28147
Feedback: 0.69747
Received=	-0.24674
Feedback: 0.65372
Received=	-0.25283
Feedback: 0.66139
Received=	0.15473
Feedback: 0.1479
Received=	0.198
Feedback: 0.1
Received=	-0.14075
Feedback: 0.52017
Received=	-0.24732
Feedback: 0.65445
Received=	-0.23345
Feedback: 0.63697
Received=	-0.46715
Feedback: 0.9
Received=	-0.69577
Feedback: 0.9
Received=	-0.5104
Feedback: 0.9
Calculated range:	[(-2.000000) - (2.000000)]
Success index = (0.170200)
Received=	-0.38396
=====  9:32:41 - BASE  ============
Feedback: 0.66
Received=	-0.24176
Feedback: 0.66
Received=	-0.2033
Feedback: 0.66
Received=	-0.2647
Feedback: 0.66
Received=	-0.23586
Feedback: 0.66
Received=	-0.12126
Feedback: 0.66
Received=	-0.29489
Feedback: 0.66
Received=	-0.61141
Feedback: 0.66
Received=	-0.6486
Feedback: 0.66
Received=	-0.39182
Feedback: 0.66
Received=	-0.2227
Feedback: 0.66
Received=	0.0086898
Feedback: 0.66
Received=	0.045152
Feedback: 0.66
Received=	-0.13807
Feedback: 0.66
Received=	-0.1606
Feedback: 0.66
Received=	0.0060696
Feedback: 0.66
Received=	0.16086
Feedback: 0.66
Received=	0.048443
Feedback: 0.66
Received=	-0.084571
Feedback: 0.66
Received=	-0.095531
Feedback: 0.66
Received=	-0.092422
=====  9:33:41 - NF  ============
Feedback: 0.42047
Received=	-0.084059
Feedback: 0.4127
Received=	-0.041397
Feedback: 0.37306
Received=	-0.42744
Feedback: 0.73179
Received=	-0.42635
Feedback: 0.73077
Received=	-0.51802
Feedback: 0.81597
Received=	-0.38391
Feedback: 0.69134
Received=	-0.45901
Feedback: 0.76113
Received=	-0.41156
Feedback: 0.71703
Received=	-0.19868
Feedback: 0.51921
Received=	-0.016879
Feedback: 0.35027
Received=	-0.031957
Feedback: 0.36428
Received=	-0.16824
Feedback: 0.49093
Received=	-0.35468
Feedback: 0.66418
Received=	-0.32895
Feedback: 0.64027
Received=	-0.22046
Feedback: 0.53945
Received=	0.019653
Feedback: 0.31633
Received=	-0.020256
Feedback: 0.35341
Received=	0.083435
Feedback: 0.25706
Received=	-0.1598
Feedback: 0.48308
Received=	-0.2464
Feedback: 0.56356
Received=	-0.22188
Feedback: 0.54077
Received=	-0.30513
Feedback: 0.61814
Received=	-0.47189
Feedback: 0.7731
Received=	-0.6653
Feedback: 0.9
Received=	-0.64606
Feedback: 0.9
Received=	-0.24867
Feedback: 0.56566
Received=	-0.021813
Feedback: 0.35486
Received=	0.098352
Feedback: 0.24319
Received=	0.005793
Feedback: 0.3292
Received=	-0.1031
Feedback: 0.43039
Received=	0.25046
Feedback: 0.10184
Received=	0.34391
Feedback: 0.1
Received=	0.3628
Feedback: 0.1
Received=	0.18509
Feedback: 0.1626
Received=	0.15153
Feedback: 0.19378
Received=	0.07517
Feedback: 0.26474
Received=	0.06493
Feedback: 0.27425
Received=	-0.14174
Feedback: 0.4663
Received=	-0.40871
Feedback: 0.71438
Received=	0.17652
Feedback: 0.17055
Received=	0.11185
Feedback: 0.23065
Received=	-0.27769
Feedback: 0.59264
Received=	-0.34757
Feedback: 0.65757
Received=	-0.28049
Feedback: 0.59523
Received=	-0.20299
Feedback: 0.52322
Received=	-0.30375
Feedback: 0.61685
Received=	-0.27046
Feedback: 0.58591
Received=	-0.19162
Feedback: 0.51265
Received=	-0.20206
Feedback: 0.52235
Received=	-0.56425
Feedback: 0.85892
Received=	-0.46516
Feedback: 0.76684
Received=	-0.32554
Feedback: 0.6371
Received=	-0.40522
Feedback: 0.71114
Received=	-0.48574
Feedback: 0.78596
Received=	-0.56414
Feedback: 0.85882
Received=	-0.48129
Feedback: 0.78183
Received=	-0.35172
Feedback: 0.66143
Received=	-0.5174
Feedback: 0.81539
Received=	-0.59519
Feedback: 0.88767
Calculated range:	[(-2.000000) - (2.000000)]
Success index = (-0.140237)
Received=	-0.73692
=====  9:36:41 - BASE  ============
Feedback: 0.66
Received=	-0.70524
Feedback: 0.66
Received=	-0.55877
Feedback: 0.66
Received=	-0.14139
Feedback: 0.66
Received=	-0.41575
Feedback: 0.66
Received=	-0.24368
Feedback: 0.66
Received=	0.055668
Feedback: 0.66
Received=	0.083314
Feedback: 0.66
Received=	0.10287
Feedback: 0.66
Received=	-0.03996
Feedback: 0.66
Received=	0.12357
Feedback: 0.66
Received=	0.13107
Feedback: 0.66
Received=	-0.29485
Feedback: 0.66
Received=	-0.31718
Feedback: 0.66
Received=	-0.43989
Feedback: 0.66
Received=	-0.29227
Feedback: 0.66
Received=	-0.18702
Feedback: 0.66
Received=	-0.17952
Feedback: 0.66
Received=	-0.26901
Feedback: 0.66
Received=	-0.2905
Feedback: 0.66
Received=	-0.24143
=====  9:37:41 - NF  ============
Feedback: 0.56202
Received=	-0.45604
Feedback: 0.76635
Received=	-0.36688
Feedback: 0.68147
Received=	-0.28796
Feedback: 0.60632
Received=	-0.44163
Feedback: 0.75264
Received=	-0.29592
Feedback: 0.6139
Received=	-0.39711
Feedback: 0.71025
Received=	-0.43883
Feedback: 0.74997
Received=	-0.55242
Feedback: 0.85812
Received=	-0.37593
Feedback: 0.69008
Received=	-0.19321
Feedback: 0.51611
Received=	0.040042
Feedback: 0.29402
Received=	0.11469
Feedback: 0.22294
Received=	0.31016
Feedback: 0.1
Received=	0.16063
Feedback: 0.1792
Received=	-0.14901
Feedback: 0.47403
Received=	-0.12753
Feedback: 0.45357
Received=	-0.31147
Feedback: 0.6287
Received=	-0.45913
Feedback: 0.76929
Received=	-0.42286
Feedback: 0.73476
Received=	-0.57575
Feedback: 0.88033
Received=	-0.1649
Feedback: 0.48916
Received=	-0.24342
Feedback: 0.56391
Received=	-0.010475
Feedback: 0.34212
Received=	-0.038879
Feedback: 0.36916
Received=	-0.21097
Feedback: 0.53302
Received=	-0.16192
Feedback: 0.48632
Received=	0.15407
Feedback: 0.18546
Received=	0.1677
Feedback: 0.17247
Received=	0.42875
Feedback: 0.1
Received=	0.11308
Feedback: 0.22448
Received=	-0.17455
Feedback: 0.49834
Received=	-0.24754
Feedback: 0.56784
Received=	-0.31962
Feedback: 0.63646
Received=	-0.12708
Feedback: 0.45314
Received=	-0.16526
Feedback: 0.4895
Received=	-0.18213
Feedback: 0.50555
Received=	-0.24555
Feedback: 0.56594
Received=	-0.093677
Feedback: 0.42134
Received=	-0.060478
Feedback: 0.38973
Received=	-0.03427
Feedback: 0.36478
Received=	-0.10177
Feedback: 0.42904
Received=	-0.11411
Feedback: 0.44079
Received=	-0.32428
Feedback: 0.6409
Received=	-0.072912
Feedback: 0.40157
Received=	-0.123
Feedback: 0.44926
Received=	-0.25285
Feedback: 0.5729
Received=	-0.53217
Feedback: 0.83884
Received=	-0.42241
Feedback: 0.73433
Received=	-0.20184
Feedback: 0.52433
Received=	0.016915
Feedback: 0.31604
Received=	-0.43075
Feedback: 0.74228
Received=	-0.47941
Feedback: 0.78861
Received=	-0.20664
Feedback: 0.52889
Received=	-0.096349
Feedback: 0.42388
Received=	-0.2893
Feedback: 0.6076
Received=	-0.30307
Feedback: 0.62071
Received=	-0.37517
Feedback: 0.68936
Received=	-0.098386
Feedback: 0.42582
Received=	0.14917
Feedback: 0.19012
Calculated range:	[(-2.000000) - (2.000000)]
Success index = (-0.059610)
Received=	-0.23061
=====  9:40:41 - BASE  ============
Feedback: 0.66
Received=	-0.15562
Feedback: 0.66
Received=	-0.10712
Feedback: 0.66
Received=	-0.017617
Feedback: 0.66
Received=	-0.11855
Feedback: 0.66
Received=	-0.23753
Feedback: 0.66
Received=	-0.07029
Feedback: 0.66
Received=	-0.17426
Feedback: 0.66
Received=	-0.49174
Feedback: 0.66
Received=	-0.13375
Feedback: 0.66
Received=	-0.17321
Feedback: 0.66
Received=	-0.43653
Feedback: 0.66
Received=	-0.64643
Feedback: 0.66
Received=	-0.63771
Feedback: 0.66
Received=	-0.67876
Feedback: 0.66
Received=	-0.7059
Feedback: 0.66
Received=	-0.70638
Feedback: 0.66
Received=	-0.45933
Feedback: 0.66
Received=	-0.014376
Feedback: 0.66
Received=	0.17983
Feedback: 0.66
Received=	-0.12224
=====  9:41:41 - NF  ============
Feedback: 0.36544
Received=	-0.31064
Feedback: 0.4985
Received=	-0.36649
Feedback: 0.53795
Received=	-0.21771
Feedback: 0.43287
Received=	-0.13981
Feedback: 0.37785
Received=	-0.016151
Feedback: 0.29051
Received=	-0.18974
Feedback: 0.41311
Received=	-0.48272
Feedback: 0.62004
Received=	-0.36059
Feedback: 0.53378
Received=	-0.39065
Feedback: 0.55502
Received=	-0.30631
Feedback: 0.49545
Received=	-0.33329
Feedback: 0.5145
Received=	-0.33903
Feedback: 0.51856
Received=	-0.28235
Feedback: 0.47853
Received=	-0.44535
Feedback: 0.59365
Received=	-0.22801
Feedback: 0.44014
Received=	-0.52158
Feedback: 0.64749
Received=	-0.29059
Feedback: 0.48434
Received=	-0.14705
Feedback: 0.38296
Received=	-0.13536
Feedback: 0.3747
Received=	-0.059073
Feedback: 0.32083
Received=	-0.014023
Feedback: 0.28901
Received=	-0.1082
Feedback: 0.35552
Received=	-0.37357
Feedback: 0.54295
Received=	-0.69057
Feedback: 0.76684
Received=	-0.48583
Feedback: 0.62224
Received=	-0.083834
Feedback: 0.33831
Received=	-0.059818
Feedback: 0.32135
Received=	-0.54687
Feedback: 0.66535
Received=	-0.39178
Feedback: 0.55581
Received=	-0.53495
Feedback: 0.65693
Received=	-0.28888
Feedback: 0.48313
Received=	-0.24163
Feedback: 0.44976
Received=	-0.22634
Feedback: 0.43897
Received=	-0.36088
Feedback: 0.53399
Received=	-0.28194
Feedback: 0.47824
Received=	-0.33739
Feedback: 0.51739
Received=	-0.17631
Feedback: 0.40363
Received=	0.18678
Feedback: 0.14719
Received=	0.11009
Feedback: 0.20135
Received=	-0.41898
Feedback: 0.57503
Received=	-0.31845
Feedback: 0.50402
Received=	-0.25086
Feedback: 0.45628
Received=	-0.21803
Feedback: 0.4331
Received=	-0.4009
Feedback: 0.56225
Received=	-0.25823
Feedback: 0.46149
Received=	0.023613
Feedback: 0.26243
Received=	-0.17014
Feedback: 0.39927
Received=	-0.4085
Feedback: 0.56762
Received=	-0.53291
Feedback: 0.65549
Received=	-0.46049
Feedback: 0.60434
Received=	-0.53679
Feedback: 0.65823
Received=	-0.24731
Feedback: 0.45378
Received=	-0.021358
Feedback: 0.29419
Received=	-0.11176
Feedback: 0.35804
Received=	-0.2616
Feedback: 0.46387
Received=	-0.14997
Feedback: 0.38502
Received=	-0.4497
Feedback: 0.59672
Received=	-0.45896
Feedback: 0.60326
Received=	-0.39661
Feedback: 0.55922
Calculated range:	[(-2.000000) - (2.000000)]
Success index = (0.176208)
Received=	-0.27881
=====  9:44:41 - BASE  ============
Feedback: 0.66
Received=	-0.15324
Feedback: 0.66
Received=	0.059083
Feedback: 0.66
Received=	0.047508
Feedback: 0.66
Received=	-0.1487
Feedback: 0.66
Received=	-0.35593
Feedback: 0.66
Received=	-0.37171
Feedback: 0.66
Received=	-0.15904
Feedback: 0.66
Received=	-0.48362
Feedback: 0.66
Received=	-0.49485
Feedback: 0.66
Received=	-0.59947
Feedback: 0.66
Received=	-0.56598
Feedback: 0.66
Received=	-0.35741
Feedback: 0.66
Received=	-0.052705
Feedback: 0.66
Received=	-0.2672
Feedback: 0.66
Received=	-0.30447
Feedback: 0.66
Received=	-0.62997
Feedback: 0.66
Received=	-0.51928
Feedback: 0.66
Received=	-0.27598
Feedback: 0.66
Received=	-0.3577
Feedback: 0.66
Received=	-0.34926
=====  9:45:41 - NF  ============
Feedback: 0.52379
Received=	-0.28538
Feedback: 0.46291
Received=	-0.14638
Feedback: 0.33043
Received=	-0.22671
Feedback: 0.40699
Received=	-0.35053
Feedback: 0.525
Received=	-0.63907
Feedback: 0.79999
Received=	-0.39534
Feedback: 0.56771
Received=	-0.28805
Feedback: 0.46545
Received=	-0.13728
Feedback: 0.32176
Received=	-0.19027
Feedback: 0.37226
Received=	-0.55527
Feedback: 0.72013
Received=	-0.56458
Feedback: 0.729
Received=	-0.31517
Feedback: 0.49129
Received=	-0.3393
Feedback: 0.51429
Received=	-0.45813
Feedback: 0.62755
Received=	-0.61767
Feedback: 0.7796
Received=	-0.54004
Feedback: 0.70561
Received=	-0.54578
Feedback: 0.71109
Received=	-0.76217
Feedback: 0.9
Received=	-1.0634
Feedback: 0.9
Received=	-0.94161
Feedback: 0.9
Received=	-0.80649
Feedback: 0.9
Received=	-0.90287
Feedback: 0.9
Received=	-0.82386
Feedback: 0.9
Received=	-0.69652
Feedback: 0.85475
Received=	-0.4038
Feedback: 0.57577
Received=	-0.77023
Feedback: 0.9
Received=	-0.48643
Feedback: 0.65452
Received=	0.086183
Feedback: 0.10878
Received=	0.31954
Feedback: 0.1
Received=	0.029879
Feedback: 0.16244
Received=	-0.23742
Feedback: 0.4172
Received=	-0.18639
Feedback: 0.36856
Received=	-0.16371
Feedback: 0.34695
Received=	-0.21408
Feedback: 0.39495
Received=	-0.23507
Feedback: 0.41495
Received=	-0.41526
Feedback: 0.58669
Received=	-0.45724
Feedback: 0.6267
Received=	-0.35669
Feedback: 0.53087
Received=	-0.066543
Feedback: 0.25434
Received=	0.44124
Feedback: 0.1
Received=	-0.16564
Feedback: 0.34878
Received=	-0.57432
Feedback: 0.73828
Received=	-0.54542
Feedback: 0.71074
Received=	-0.42329
Feedback: 0.59435
Received=	-0.39241
Feedback: 0.56491
Received=	-0.54893
Feedback: 0.71408
Received=	-0.37846
Feedback: 0.55161
Received=	-0.36482
Feedback: 0.53862
Received=	-0.25092
Feedback: 0.43007
Received=	-0.28881
Feedback: 0.46617
Received=	-0.23887
Feedback: 0.41858
Received=	-0.48893
Feedback: 0.6569
Received=	-0.55774
Feedback: 0.72249
Received=	-0.48628
Feedback: 0.65437
Received=	-0.27584
Feedback: 0.45381
Received=	-0.35221
Feedback: 0.5266
Received=	-0.53369
Feedback: 0.69956
Received=	-0.5335
Feedback: 0.69938
Received=	-0.18541
Feedback: 0.36763
Calculated range:	[(-2.000000) - (2.000000)]
Success index = (-0.269165)
closing...
