Direction=-1.000000	; step=1.000000;
Received=	0
Feedback: 0.66
Received=	0
Feedback: 0.66
Received=	0
Feedback: 0.66
Received=	-0.0058775
Feedback: 0.66
Received=	-0.093952
Feedback: 0.66
Received=	-0.15571
Feedback: 0.66
Received=	-0.29958
Feedback: 0.66
Received=	-0.19644
Feedback: 0.66
Received=	0.19667
Feedback: 0.66
Received=	0.39982
Feedback: 0.66
Received=	0.17628
Feedback: 0.66
Received=	0.032875
Feedback: 0.66
Received=	-0.21426
Feedback: 0.66
Received=	-0.20365
Feedback: 0.66
Received=	0.09733
Feedback: 0.66
Received=	0.31483
Feedback: 0.66
Received=	0.43608
Feedback: 0.66
Received=	0.35644
Feedback: 0.66
Received=	0.30924
Feedback: 0.66
Received=	0.26261
Feedback: 0.66
Received=	0.06067
=====  12:20:16 - NF  ============
Feedback: 0.515
Received=	-0.127
Feedback: 0.67303
Received=	-0.19281
Feedback: 0.72844
Received=	0.16427
Feedback: 0.42776
Received=	0.43192
Feedback: 0.20239
Received=	0.10961
Feedback: 0.47379
Received=	0.36728
Feedback: 0.25682
Received=	0.32775
Feedback: 0.2901
Received=	0.11909
Feedback: 0.4658
Received=	0.17457
Feedback: 0.41909
Received=	-0.060552
Feedback: 0.61707
Received=	-0.031057
Feedback: 0.59224
Received=	-0.28217
Feedback: 0.80368
Received=	-0.33941
Feedback: 0.85188
Received=	-0.47582
Feedback: 0.9
Received=	-0.58606
Feedback: 0.9
Received=	-0.24053
Feedback: 0.76862
Received=	-0.0079062
Feedback: 0.57274
Received=	0.27223
Feedback: 0.33686
Received=	0.22503
Feedback: 0.3766
Received=	-0.094615
Feedback: 0.64576
Received=	-0.3724
Feedback: 0.87967
Received=	-0.3567
Feedback: 0.86645
Received=	-0.44229
Feedback: 0.9
Received=	-0.19659
Feedback: 0.73163
Received=	0.29862
Feedback: 0.31464
Received=	0.2584
Feedback: 0.3485
Received=	-0.11077
Feedback: 0.65936
Received=	-0.31886
Feedback: 0.83458
Received=	-0.11251
Feedback: 0.66083
Received=	0.2925
Feedback: 0.31979
Received=	0.27437
Feedback: 0.33505
Received=	0.15511
Feedback: 0.43547
Received=	0.12546
Feedback: 0.46044
Received=	0.10101
Feedback: 0.48103
Received=	-0.16586
Feedback: 0.70575
Received=	-0.17659
Feedback: 0.71478
Received=	-0.42956
Feedback: 0.9
Received=	-0.4623
Feedback: 0.9
Received=	-0.27141
Feedback: 0.79463
Received=	-0.19521
Feedback: 0.73046
Received=	-0.015287
Feedback: 0.57896
Received=	0.019285
Feedback: 0.54985
Received=	-0.25593
Feedback: 0.78159
Received=	-0.37234
Feedback: 0.87962
Received=	-0.41603
Feedback: 0.9
Received=	-0.39451
Feedback: 0.89828
Received=	-0.43833
Feedback: 0.9
Received=	-0.58298
Feedback: 0.9
Received=	-0.53202
Feedback: 0.9
Received=	-0.51779
Feedback: 0.9
Received=	-0.36695
Feedback: 0.87507
Received=	-0.1715
Feedback: 0.71049
Received=	0.17157
Feedback: 0.42161
Received=	0.74497
Feedback: 0.1
Received=	0.61698
Feedback: 0.1
Received=	0.26442
Feedback: 0.34343
Received=	0.53912
Feedback: 0.11212
Received=	0.70415
Feedback: 0.1
Received=	0.65305
Feedback: 0.1
Calculated range:	[(-2.000000) - (2.000000)]
Success index = (-0.382981)
Received=	0.49811
=====  12:23:16 - BASE  ============
Feedback: 0.66
Received=	0.28247
Feedback: 0.66
Received=	0.35365
Feedback: 0.66
Received=	0.21821
Feedback: 0.66
Received=	0.18173
Feedback: 0.66
Received=	-0.098328
Feedback: 0.66
Received=	-0.26529
Feedback: 0.66
Received=	-0.29057
Feedback: 0.66
Received=	-0.21547
Feedback: 0.66
Received=	-0.055624
Feedback: 0.66
Received=	-0.027373
Feedback: 0.66
Received=	-0.029529
Feedback: 0.66
Received=	-0.27818
Feedback: 0.66
Received=	-0.51284
Feedback: 0.66
Received=	-0.34093
Feedback: 0.66
Received=	-0.18005
Feedback: 0.66
Received=	-0.1413
Feedback: 0.66
Received=	-0.10245
Feedback: 0.66
Received=	0.035281
Feedback: 0.66
Received=	0.092985
Feedback: 0.66
Received=	0.030739
=====  12:24:16 - NF  ============
Feedback: 0.38672
Received=	0.18483
Feedback: 0.2445
Received=	0.27169
Feedback: 0.16435
Received=	0.14536
Feedback: 0.28093
Received=	0.26541
Feedback: 0.17014
Received=	0.23607
Feedback: 0.19722
Received=	0.27016
Feedback: 0.16576
Received=	0.11089
Feedback: 0.31275
Received=	0.1552
Feedback: 0.27185
Received=	0.048566
Feedback: 0.37027
Received=	-0.0071392
Feedback: 0.42168
Received=	0.16761
Feedback: 0.2604
Received=	0.29047
Feedback: 0.14702
Received=	0.42201
Feedback: 0.1
Received=	0.21698
Feedback: 0.21483
Received=	0.10792
Feedback: 0.31549
Received=	-0.21976
Feedback: 0.61791
Received=	-0.4934
Feedback: 0.87045
Received=	-0.54166
Feedback: 0.9
Received=	-0.4485
Feedback: 0.82901
Received=	-0.06799
Feedback: 0.47784
Received=	0.28122
Feedback: 0.15555
Received=	0.18568
Feedback: 0.24372
Received=	0.36062
Feedback: 0.1
Received=	0.38165
Feedback: 0.1
Received=	0.14058
Feedback: 0.28535
Received=	-0.0017818
Feedback: 0.41673
Received=	0.1228
Feedback: 0.30176
Received=	-0.059356
Feedback: 0.46987
Received=	-0.34083
Feedback: 0.72964
Received=	-0.0039441
Feedback: 0.41873
Received=	0.00034974
Feedback: 0.41477
Received=	-0.43018
Feedback: 0.8121
Received=	-0.63475
Feedback: 0.9
Received=	-0.61271
Feedback: 0.9
Received=	-0.31328
Feedback: 0.70421
Received=	-0.39298
Feedback: 0.77777
Received=	-0.60526
Feedback: 0.9
Received=	-0.33655
Feedback: 0.72569
Received=	-0.020124
Feedback: 0.43366
Received=	-0.0041065
Feedback: 0.41888
Received=	0.056083
Feedback: 0.36333
Received=	0.27378
Feedback: 0.16242
Received=	0.28026
Feedback: 0.15644
Received=	-0.19738
Feedback: 0.59725
Received=	0.17356
Feedback: 0.25491
Received=	0.4343
Feedback: 0.1
Received=	0.098967
Feedback: 0.32375
Received=	-0.58109
Feedback: 0.9
Received=	-0.33941
Feedback: 0.72833
Received=	0.0329
Feedback: 0.38473
Received=	0.21473
Feedback: 0.21691
Received=	0.10489
Feedback: 0.31829
Received=	0.23279
Feedback: 0.20024
Received=	0.1297
Feedback: 0.29539
Received=	-0.23916
Feedback: 0.63581
Received=	-0.2819
Feedback: 0.67525
Received=	-0.30779
Feedback: 0.69915
Received=	-0.16986
Feedback: 0.57185
Received=	-0.072435
Feedback: 0.48194
Calculated range:	[(-2.000000) - (2.000000)]
Success index = (0.257267)
Received=	0.072615
=====  12:27:16 - BASE  ============
Feedback: 0.66
Received=	0.70443
Feedback: 0.66
Received=	0.39706
Feedback: 0.66
Received=	0.14797
Feedback: 0.66
Received=	0.14139
Feedback: 0.66
Received=	0.068048
Feedback: 0.66
Received=	0.073513
Feedback: 0.66
Received=	0.0023815
Feedback: 0.66
Received=	0.0083412
Feedback: 0.66
Received=	0.082666
Feedback: 0.66
Received=	-0.099193
Feedback: 0.66
Received=	-0.065754
Feedback: 0.66
Received=	-0.13538
Feedback: 0.66
Received=	-0.36515
Feedback: 0.66
Received=	-0.26907
Feedback: 0.66
Received=	-0.29616
Feedback: 0.66
Received=	-0.21374
Feedback: 0.66
Received=	-0.30834
Feedback: 0.66
Received=	-0.067579
Feedback: 0.66
Received=	0.16946
Feedback: 0.66
Received=	0.34325
=====  12:28:16 - NF  ============
Feedback: 0.11815
Received=	0.50467
Feedback: 0.1
Received=	0.23013
Feedback: 0.2307
Received=	-0.13048
Feedback: 0.5895
Received=	-0.031524
Feedback: 0.49104
Received=	0.15529
Feedback: 0.30517
Received=	0.0036946
Feedback: 0.456
Received=	0.32196
Feedback: 0.13934
Received=	0.28189
Feedback: 0.17921
Received=	0.13617
Feedback: 0.32418
Received=	-0.0015885
Feedback: 0.46125
Received=	0.026617
Feedback: 0.43319
Received=	0.086249
Feedback: 0.37386
Received=	0.15384
Feedback: 0.3066
Received=	-0.0062626
Feedback: 0.4659
Received=	-0.20626
Feedback: 0.66489
Received=	0.080118
Feedback: 0.37996
Received=	-0.033136
Feedback: 0.49264
Received=	-0.26931
Feedback: 0.72763
Received=	-0.08678
Feedback: 0.54602
Received=	0.41158
Feedback: 0.1
Received=	0.39984
Feedback: 0.1
Received=	-0.035057
Feedback: 0.49455
Received=	0.048819
Feedback: 0.4111
Received=	-0.45771
Feedback: 0.9
Received=	-0.42106
Feedback: 0.87862
Received=	-0.11786
Feedback: 0.57694
Received=	-0.12781
Feedback: 0.58684
Received=	-0.11373
Feedback: 0.57283
Received=	-0.171
Feedback: 0.62981
Received=	-0.18212
Feedback: 0.64087
Received=	0.047584
Feedback: 0.41233
Received=	0.24352
Feedback: 0.21738
Received=	0.80436
Feedback: 0.1
Received=	0.74135
Feedback: 0.1
Received=	0.73686
Feedback: 0.1
Received=	0.76988
Feedback: 0.1
Received=	0.51634
Feedback: 0.1
Received=	0.18713
Feedback: 0.27348
Received=	0.10808
Feedback: 0.35214
Received=	-0.021769
Feedback: 0.48133
Received=	-0.15822
Feedback: 0.6171
Received=	-0.095065
Feedback: 0.55426
Received=	0.080048
Feedback: 0.38003
Received=	-0.0065848
Feedback: 0.46623
Received=	-0.043432
Feedback: 0.50289
Received=	0.22585
Feedback: 0.23496
Received=	0.76012
Feedback: 0.1
Received=	0.214
Feedback: 0.24675
Received=	-0.1619
Feedback: 0.62076
Received=	-0.0098824
Feedback: 0.46951
Received=	0.078626
Feedback: 0.38144
Received=	-0.078408
Feedback: 0.53769
Received=	-0.052546
Feedback: 0.51196
Received=	-0.04027
Feedback: 0.49974
Received=	-0.1519
Feedback: 0.61081
Received=	-0.26926
Feedback: 0.72758
Received=	0.29579
Feedback: 0.16537
Received=	0.65884
Feedback: 0.1
Received=	0.49699
Feedback: 0.1
Calculated range:	[(-2.000000) - (2.000000)]
Success index = (0.549967)
Received=	0.11447
=====  12:31:16 - BASE  ============
Feedback: 0.66
Received=	0.19382
Feedback: 0.66
Received=	0.25143
Feedback: 0.66
Received=	0.31263
Feedback: 0.66
Received=	0.073089
Feedback: 0.66
Received=	-0.0085109
Feedback: 0.66
Received=	0.13757
Feedback: 0.66
Received=	0.2181
Feedback: 0.66
Received=	0.40287
Feedback: 0.66
Received=	0.41673
Feedback: 0.66
Received=	0.043089
Feedback: 0.66
Received=	-0.48049
Feedback: 0.66
Received=	-0.56157
Feedback: 0.66
Received=	-0.38843
Feedback: 0.66
Received=	-0.3564
Feedback: 0.66
Received=	-0.42019
Feedback: 0.66
Received=	-0.47027
Feedback: 0.66
Received=	-0.46148
Feedback: 0.66
Received=	-0.36789
Feedback: 0.66
Received=	-0.34175
Feedback: 0.66
Received=	-0.22616
=====  12:32:16 - NF  ============
Feedback: 0.56646
Received=	0.14794
Feedback: 0.35021
Received=	0.47549
Feedback: 0.16087
Received=	0.24669
Feedback: 0.29313
Received=	0.060411
Feedback: 0.4008
Received=	-0.013368
Feedback: 0.44345
Received=	0.12863
Feedback: 0.36137
Received=	0.28858
Feedback: 0.26892
Received=	0.29965
Feedback: 0.26251
Received=	0.21085
Feedback: 0.31385
Received=	0.3871
Feedback: 0.21196
Received=	0.0029172
Feedback: 0.43404
Received=	0.11568
Feedback: 0.36886
Received=	-0.22819
Feedback: 0.56763
Received=	-0.068225
Feedback: 0.47516
Received=	-0.1132
Feedback: 0.50116
Received=	0.24819
Feedback: 0.29226
Received=	0.36646
Feedback: 0.22389
Received=	0.7797
Feedback: 0.1
Received=	1.0385
Feedback: 0.1
Received=	0.34479
Feedback: 0.23642
Received=	-0.17093
Feedback: 0.53453
Received=	-0.14136
Feedback: 0.51744
Received=	0.1517
Feedback: 0.34804
Received=	0.41092
Feedback: 0.19819
Received=	0.1256
Feedback: 0.36312
Received=	-0.17497
Feedback: 0.53687
Received=	-0.10712
Feedback: 0.49764
Received=	-0.028796
Feedback: 0.45237
Received=	0.12143
Feedback: 0.36553
Received=	0.048451
Feedback: 0.40772
Received=	-0.30783
Feedback: 0.61366
Received=	-0.41523
Feedback: 0.67575
Received=	-0.2134
Feedback: 0.55908
Received=	-0.13423
Feedback: 0.51332
Received=	-0.33845
Feedback: 0.63137
Received=	-0.31069
Feedback: 0.61532
Received=	-0.2531
Feedback: 0.58203
Received=	-0.28944
Feedback: 0.60304
Received=	0.035578
Feedback: 0.41516
Received=	0.3275
Feedback: 0.24641
Received=	-0.029593
Feedback: 0.45283
Received=	-0.48601
Feedback: 0.71666
Received=	-0.33979
Feedback: 0.63214
Received=	0.071851
Feedback: 0.39419
Received=	0.29556
Feedback: 0.26488
Received=	0.27116
Feedback: 0.27898
Received=	0.65493
Feedback: 0.1
Received=	0.48914
Feedback: 0.15298
Received=	0.21308
Feedback: 0.31255
Received=	0.0015186
Feedback: 0.43485
Received=	-0.35427
Feedback: 0.64051
Received=	-0.38127
Feedback: 0.65612
Received=	0.052119
Feedback: 0.4056
Received=	0.13072
Feedback: 0.36016
Received=	0.1709
Feedback: 0.33694
Received=	0.4898
Feedback: 0.1526
Received=	0.61651
Feedback: 0.1
Received=	0.32568
Feedback: 0.24746
Received=	-0.11693
Feedback: 0.50332
Calculated range:	[(-2.000000) - (2.000000)]
Success index = (0.599454)
Received=	-0.47523
=====  12:35:16 - BASE  ============
Feedback: 0.66
Received=	0.036471
Feedback: 0.66
Received=	0.096643
Feedback: 0.66
Received=	-0.38617
Feedback: 0.66
Received=	-0.25789
Feedback: 0.66
Received=	-0.25402
Feedback: 0.66
Received=	-0.34302
Feedback: 0.66
Received=	-0.4958
Feedback: 0.66
Received=	-0.55934
Feedback: 0.66
Received=	-0.4591
Feedback: 0.66
Received=	-0.31017
Feedback: 0.66
Received=	-0.24546
Feedback: 0.66
Received=	0.15713
Feedback: 0.66
Received=	0.17342
Feedback: 0.66
Received=	-0.04028
Feedback: 0.66
Received=	-0.15239
Feedback: 0.66
Received=	-0.27404
Feedback: 0.66
Received=	-0.28351
Feedback: 0.66
Received=	-0.12593
Feedback: 0.66
Received=	-0.18397
Feedback: 0.66
Received=	-0.21798
=====  12:36:16 - NF  ============
Feedback: 0.49893
Received=	0.022749
Feedback: 0.27028
Received=	-0.0031542
Feedback: 0.29488
Received=	0.070948
Feedback: 0.2245
Received=	0.25782
Feedback: 0.1
Received=	0.14056
Feedback: 0.15838
Received=	-0.065339
Feedback: 0.35395
Received=	-0.032763
Feedback: 0.32301
Received=	-0.054339
Feedback: 0.3435
Received=	-0.11772
Feedback: 0.4037
Received=	-0.019187
Feedback: 0.31011
Received=	-0.22081
Feedback: 0.50162
Received=	-0.2579
Feedback: 0.53685
Received=	-0.056053
Feedback: 0.34513
Received=	0.26501
Feedback: 0.1
Received=	0.18567
Feedback: 0.11553
Received=	-0.019793
Feedback: 0.31069
Received=	0.12055
Feedback: 0.17738
Received=	0.20329
Feedback: 0.1
Received=	0.022559
Feedback: 0.27046
Received=	0.1498
Feedback: 0.1496
Received=	0.11963
Feedback: 0.17825
Received=	-0.042832
Feedback: 0.33257
Received=	-0.18041
Feedback: 0.46325
Received=	0.0042924
Feedback: 0.28781
Received=	0.026091
Feedback: 0.26711
Received=	-0.05437
Feedback: 0.34353
Received=	0.1181
Feedback: 0.17972
Received=	0.7571
Feedback: 0.1
Received=	0.51306
Feedback: 0.1
Received=	-0.51812
Feedback: 0.78401
Received=	-0.60523
Feedback: 0.86675
Received=	-0.37537
Feedback: 0.64842
Received=	-0.12195
Feedback: 0.40772
Received=	-0.023439
Feedback: 0.31415
Received=	0.29181
Feedback: 0.1
Received=	0.29084
Feedback: 0.1
Received=	0.36688
Feedback: 0.1
Received=	0.74397
Feedback: 0.1
Received=	0.49452
Feedback: 0.1
Received=	0.019988
Feedback: 0.2729
Received=	-0.06133
Feedback: 0.35014
Received=	0.0060381
Feedback: 0.28615
Received=	-0.090095
Feedback: 0.37746
Received=	0.17789
Feedback: 0.12292
Received=	0.024821
Feedback: 0.26831
Received=	-0.19216
Feedback: 0.47441
Received=	-0.45456
Feedback: 0.72365
Received=	0.11054
Feedback: 0.1869
Received=	0.15024
Feedback: 0.14918
Received=	0.33353
Feedback: 0.1
Received=	0.31061
Feedback: 0.1
Received=	0.58068
Feedback: 0.1
Received=	1.1028
Feedback: 0.1
Received=	0.42997
Feedback: 0.1
Received=	-0.30894
Feedback: 0.58533
Received=	0.26247
Feedback: 0.1
Received=	0.63681
Feedback: 0.1
Received=	0.23186
Feedback: 0.1
Received=	0.026534
Feedback: 0.26668
Calculated range:	[(-2.000000) - (2.000000)]
Success index = (1.082527)
closing...
