Direction=-1.000000	; step=1.000000;
Received=	0
Feedback: 0.66
Received=	0
Feedback: 0.66
Received=	0
Feedback: 0.66
Received=	-0.12118
Feedback: 0.66
Received=	0.064518
Feedback: 0.66
Received=	0.71781
Feedback: 0.66
Received=	0.70125
Feedback: 0.66
Received=	0.16824
Feedback: 0.66
Received=	-0.39035
Feedback: 0.66
Received=	-0.27338
Feedback: 0.66
Received=	0.056766
Feedback: 0.66
Received=	0.11346
Feedback: 0.66
Received=	0.39566
Feedback: 0.66
Received=	0.18704
Feedback: 0.66
Received=	-0.23243
Feedback: 0.66
Received=	-0.20466
Feedback: 0.66
Received=	0.48047
Feedback: 0.66
Received=	0.47838
Feedback: 0.66
Received=	0.61475
Feedback: 0.66
Received=	0.47347
Feedback: 0.66
Received=	0.15481
=====  13:19:2 - NF  ============
Feedback: 0.51412
Received=	0.18366
Feedback: 0.49758
Received=	0.54836
Feedback: 0.2884
Received=	0.58678
Feedback: 0.26636
Received=	0.51777
Feedback: 0.30594
Received=	0.42173
Feedback: 0.36103
Received=	0.094503
Feedback: 0.54871
Received=	-0.16505
Feedback: 0.69758
Received=	-0.37144
Feedback: 0.81596
Received=	-0.19085
Feedback: 0.71238
Received=	0.3739
Feedback: 0.38846
Received=	0.40663
Feedback: 0.36969
Received=	0.26225
Feedback: 0.4525
Received=	-0.13899
Feedback: 0.68263
Received=	-0.37243
Feedback: 0.81653
Received=	-0.42376
Feedback: 0.84597
Received=	0.025292
Feedback: 0.58841
Received=	-0.15525
Feedback: 0.69196
Received=	0.028266
Feedback: 0.5867
Received=	0.1879
Feedback: 0.49514
Received=	0.08532
Feedback: 0.55398
Received=	0.17814
Feedback: 0.50074
Received=	0.27653
Feedback: 0.44431
Received=	0.1961
Feedback: 0.49044
Received=	0.41811
Feedback: 0.3631
Received=	0.38421
Feedback: 0.38255
Received=	-0.25607
Feedback: 0.74979
Received=	-0.17266
Feedback: 0.70195
Received=	-0.2652
Feedback: 0.75502
Received=	-0.46439
Feedback: 0.86927
Received=	-0.047749
Feedback: 0.6303
Received=	0.18433
Feedback: 0.49719
Received=	0.60034
Feedback: 0.25859
Received=	0.63776
Feedback: 0.23712
Received=	0.15759
Feedback: 0.51253
Received=	-0.0089727
Feedback: 0.60806
Received=	0.035808
Feedback: 0.58238
Received=	0.40472
Feedback: 0.37078
Received=	0.67118
Feedback: 0.21796
Received=	0.66921
Feedback: 0.21909
Received=	-0.45095
Feedback: 0.86157
Received=	-0.19191
Feedback: 0.71299
Received=	-0.096804
Feedback: 0.65844
Received=	-0.11464
Feedback: 0.66867
Received=	0.52594
Feedback: 0.30126
Received=	0.12653
Feedback: 0.53035
Received=	0.19781
Feedback: 0.48946
Received=	0.1806
Feedback: 0.49933
Received=	0.031185
Feedback: 0.58503
Received=	0.071236
Feedback: 0.56206
Received=	0.35635
Feedback: 0.39853
Received=	0.49859
Feedback: 0.31695
Received=	0.52619
Feedback: 0.30111
Received=	0.4723
Feedback: 0.33202
Received=	0.43408
Feedback: 0.35394
Received=	0.16052
Feedback: 0.51085
Received=	-0.11628
Feedback: 0.66961
Received=	0.032421
Feedback: 0.58432
Received=	0.54804
Feedback: 0.28858
Received=	0.63832
Feedback: 0.2368
Calculated range:	[(-2.000000) - (2.000000)]
Success index = (-0.066119)
Received=	0.47772
=====  13:22:2 - BASE  ============
Feedback: 0.66
Received=	0.31639
Feedback: 0.66
Received=	0.68003
Feedback: 0.66
Received=	0.44431
Feedback: 0.66
Received=	0.2888
Feedback: 0.66
Received=	0.4113
Feedback: 0.66
Received=	0.42793
Feedback: 0.66
Received=	0.4692
Feedback: 0.66
Received=	0.403
Feedback: 0.66
Received=	0.14111
Feedback: 0.66
Received=	-0.033588
Feedback: 0.66
Received=	0.16133
Feedback: 0.66
Received=	0.12528
Feedback: 0.66
Received=	0.0802
Feedback: 0.66
Received=	0.52428
Feedback: 0.66
Received=	0.37444
Feedback: 0.66
Received=	-0.021766
Feedback: 0.66
Received=	0.13285
Feedback: 0.66
Received=	-0.41212
Feedback: 0.66
Received=	-0.75886
Feedback: 0.66
Received=	-0.03181
=====  13:23:2 - NF  ============
Feedback: 0.62771
Received=	0.17121
Feedback: 0.51134
Received=	0.20857
Feedback: 0.48992
Received=	0.096771
Feedback: 0.554
Received=	0.27998
Feedback: 0.44898
Received=	-0.25056
Feedback: 0.75309
Received=	-0.31803
Feedback: 0.79177
Received=	0.32627
Feedback: 0.42246
Received=	0.6306
Feedback: 0.24801
Received=	0.22456
Feedback: 0.48076
Received=	-0.33898
Feedback: 0.80377
Received=	-0.23896
Feedback: 0.74644
Received=	-0.047244
Feedback: 0.63655
Received=	-0.097244
Feedback: 0.66521
Received=	0.43112
Feedback: 0.36236
Received=	0.47591
Feedback: 0.33668
Received=	0.3688
Feedback: 0.39808
Received=	-0.11608
Feedback: 0.67601
Received=	-0.17185
Feedback: 0.70798
Received=	-0.049892
Feedback: 0.63807
Received=	0.26454
Feedback: 0.45784
Received=	0.37086
Feedback: 0.39689
Received=	-0.02217
Feedback: 0.62218
Received=	-0.016692
Feedback: 0.61904
Received=	-0.24327
Feedback: 0.74891
Received=	-0.443
Feedback: 0.8634
Received=	-0.10666
Feedback: 0.67061
Received=	0.063806
Feedback: 0.5729
Received=	-0.20932
Feedback: 0.72946
Received=	-0.04665
Feedback: 0.63621
Received=	-0.10746
Feedback: 0.67107
Received=	0.15413
Feedback: 0.52112
Received=	0.56142
Feedback: 0.28767
Received=	0.42624
Feedback: 0.36515
Received=	0.24134
Feedback: 0.47114
Received=	0.2639
Feedback: 0.4582
Received=	0.14374
Feedback: 0.52708
Received=	0.17285
Feedback: 0.5104
Received=	0.39593
Feedback: 0.38252
Received=	0.014678
Feedback: 0.60106
Received=	0.24408
Feedback: 0.46957
Received=	0.88966
Feedback: 0.1
Received=	0.33925
Feedback: 0.41502
Received=	-0.15877
Feedback: 0.70048
Received=	0.10527
Feedback: 0.54913
Received=	-0.22972
Feedback: 0.74115
Received=	-0.31495
Feedback: 0.79
Received=	0.38402
Feedback: 0.38935
Received=	0.63955
Feedback: 0.24288
Received=	0.58566
Feedback: 0.27377
Received=	0.50742
Feedback: 0.31862
Received=	0.091242
Feedback: 0.55717
Received=	0.19775
Feedback: 0.49612
Received=	0.45574
Feedback: 0.34824
Received=	0.42246
Feedback: 0.36732
Received=	0.49447
Feedback: 0.32604
Received=	0.39291
Feedback: 0.38426
Received=	0.48954
Feedback: 0.32887
Received=	0.47918
Feedback: 0.33481
Received=	-0.028272
Feedback: 0.62568
Calculated range:	[(-2.000000) - (2.000000)]
Success index = (-0.110248)
Received=	-0.32386
=====  13:26:2 - BASE  ============
Feedback: 0.66
Received=	-0.20927
Feedback: 0.66
Received=	0.62874
Feedback: 0.66
Received=	0.76346
Feedback: 0.66
Received=	0.22344
Feedback: 0.66
Received=	-0.0061047
Feedback: 0.66
Received=	0.39086
Feedback: 0.66
Received=	0.29352
Feedback: 0.66
Received=	0.0016969
Feedback: 0.66
Received=	0.20787
Feedback: 0.66
Received=	-0.062574
Feedback: 0.66
Received=	-0.17917
Feedback: 0.66
Received=	-0.10142
Feedback: 0.66
Received=	0.4577
Feedback: 0.66
Received=	-0.0085435
Feedback: 0.66
Received=	-0.34908
Feedback: 0.66
Received=	-0.49938
Feedback: 0.66
Received=	-0.26566
Feedback: 0.66
Received=	-0.062473
Feedback: 0.66
Received=	-0.024
Feedback: 0.66
Received=	-0.026937
=====  13:27:2 - NF  ============
Feedback: 0.5629
Received=	-0.32355
Feedback: 0.74025
Received=	0.027979
Feedback: 0.53007
Received=	0.18536
Feedback: 0.43597
Received=	-0.023205
Feedback: 0.56067
Received=	-0.14877
Feedback: 0.63575
Received=	0.024717
Feedback: 0.53202
Received=	-0.16955
Feedback: 0.64817
Received=	0.1822
Feedback: 0.43786
Received=	0.16432
Feedback: 0.44855
Received=	0.21112
Feedback: 0.42057
Received=	0.13336
Feedback: 0.46706
Received=	0.20411
Feedback: 0.42476
Received=	-0.28192
Feedback: 0.71536
Received=	0.081269
Feedback: 0.49821
Received=	-0.14482
Feedback: 0.63339
Received=	0.41574
Feedback: 0.29823
Received=	0.5873
Feedback: 0.19565
Received=	-0.11283
Feedback: 0.61426
Received=	-0.56919
Feedback: 0.88712
Received=	-0.29912
Feedback: 0.72564
Received=	-0.091633
Feedback: 0.60159
Received=	-0.2546
Feedback: 0.69903
Received=	-0.23705
Feedback: 0.68853
Received=	-0.31383
Feedback: 0.73444
Received=	-0.27613
Feedback: 0.7119
Received=	-0.21109
Feedback: 0.67301
Received=	-0.32024
Feedback: 0.73827
Received=	-0.067441
Feedback: 0.58712
Received=	-0.4495
Feedback: 0.81556
Received=	-0.67112
Feedback: 0.9
Received=	-0.64797
Feedback: 0.9
Received=	-0.57443
Feedback: 0.89025
Received=	-0.11002
Feedback: 0.61258
Received=	-0.15631
Feedback: 0.64025
Received=	-0.12197
Feedback: 0.61972
Received=	-0.1342
Feedback: 0.62704
Received=	-0.34127
Feedback: 0.75085
Received=	-0.32226
Feedback: 0.73948
Received=	0.043022
Feedback: 0.52108
Received=	0.26092
Feedback: 0.39079
Received=	0.16281
Feedback: 0.44946
Received=	0.17898
Feedback: 0.43979
Received=	-0.12517
Feedback: 0.62164
Received=	0.14254
Feedback: 0.46157
Received=	0.37424
Feedback: 0.32304
Received=	0.12294
Feedback: 0.47329
Received=	-0.033105
Feedback: 0.56659
Received=	0.22756
Feedback: 0.41074
Received=	0.73026
Feedback: 0.11018
Received=	0.82768
Feedback: 0.1
Received=	0.21409
Feedback: 0.41879
Received=	0.29287
Feedback: 0.37169
Received=	0.27362
Feedback: 0.3832
Received=	0.31691
Feedback: 0.35732
Received=	0.67113
Feedback: 0.14553
Received=	0.25415
Feedback: 0.39484
Received=	0.40307
Feedback: 0.3058
Received=	0.52029
Feedback: 0.23572
Received=	0.070925
Feedback: 0.50439
Calculated range:	[(-2.000000) - (2.000000)]
Success index = (-0.199204)
Received=	-0.24275
=====  13:30:2 - BASE  ============
Feedback: 0.66
Received=	-0.40085
Feedback: 0.66
Received=	0.29728
Feedback: 0.66
Received=	0.66054
Feedback: 0.66
Received=	0.75204
Feedback: 0.66
Received=	0.37078
Feedback: 0.66
Received=	0.2379
Feedback: 0.66
Received=	0.065313
Feedback: 0.66
Received=	0.14582
Feedback: 0.66
Received=	0.4298
Feedback: 0.66
Received=	0.32852
Feedback: 0.66
Received=	0.80701
Feedback: 0.66
Received=	1.0784
Feedback: 0.66
Received=	0.78792
Feedback: 0.66
Received=	0.61034
Feedback: 0.66
Received=	0.31619
Feedback: 0.66
Received=	0.30932
Feedback: 0.66
Received=	-0.15841
Feedback: 0.66
Received=	-0.23052
Feedback: 0.66
Received=	-0.37959
Feedback: 0.66
Received=	-0.16307
=====  13:31:1 - NF  ============
Feedback: 0.76959
Received=	0.19183
Feedback: 0.58567
Received=	0.33188
Feedback: 0.51309
Received=	0.31032
Feedback: 0.52427
Received=	0.1451
Feedback: 0.60989
Received=	0.56418
Feedback: 0.39271
Received=	0.6325
Feedback: 0.35731
Received=	0.42208
Feedback: 0.46635
Received=	0.1062
Feedback: 0.63005
Received=	0.15741
Feedback: 0.60351
Received=	-0.18914
Feedback: 0.7831
Received=	-0.33122
Feedback: 0.85673
Received=	0.064917
Feedback: 0.65144
Received=	-0.12557
Feedback: 0.75016
Received=	-0.007687
Feedback: 0.68907
Received=	-0.0213
Feedback: 0.69612
Received=	-0.18283
Feedback: 0.77983
Received=	-0.18422
Feedback: 0.78055
Received=	-0.22762
Feedback: 0.80304
Received=	-0.20287
Feedback: 0.79021
Received=	-0.22892
Feedback: 0.80371
Received=	0.37056
Feedback: 0.49305
Received=	-0.16674
Feedback: 0.77149
Received=	-0.31762
Feedback: 0.84968
Received=	0.058616
Feedback: 0.65471
Received=	-0.070293
Feedback: 0.72151
Received=	0.085949
Feedback: 0.64054
Received=	0.23771
Feedback: 0.56189
Received=	0.15272
Feedback: 0.60594
Received=	0.14081
Feedback: 0.61211
Received=	0.40043
Feedback: 0.47757
Received=	0.44916
Feedback: 0.45232
Received=	0.30382
Feedback: 0.52764
Received=	0.1285
Feedback: 0.61849
Received=	0.25269
Feedback: 0.55413
Received=	0.3362
Feedback: 0.51086
Received=	0.057005
Feedback: 0.65554
Received=	0.17357
Feedback: 0.59513
Received=	0.23706
Feedback: 0.56223
Received=	0.35326
Feedback: 0.50201
Received=	0.55429
Feedback: 0.39784
Received=	0.3539
Feedback: 0.50168
Received=	-0.071199
Feedback: 0.72198
Received=	-0.47877
Feedback: 0.9
Received=	-0.13906
Feedback: 0.75715
Received=	0.052071
Feedback: 0.6581
Received=	0.2846
Feedback: 0.5376
Received=	0.34178
Feedback: 0.50797
Received=	0.48178
Feedback: 0.43541
Received=	0.69161
Feedback: 0.32668
Received=	0.88999
Feedback: 0.22387
Received=	0.36804
Feedback: 0.49436
Received=	0.11662
Feedback: 0.62465
Received=	0.45016
Feedback: 0.4518
Received=	0.51771
Feedback: 0.41679
Received=	0.79072
Feedback: 0.27531
Received=	0.73333
Feedback: 0.30506
Received=	1.6207
Feedback: 0.1
Received=	1.0121
Feedback: 0.1606
Received=	0.20287
Feedback: 0.57995
Calculated range:	[(-2.000000) - (2.000000)]
Success index = (-0.378565)
Received=	0.34093
=====  13:34:2 - BASE  ============
Feedback: 0.66
Received=	0.74303
Feedback: 0.66
Received=	0.58456
Feedback: 0.66
Received=	0.15809
Feedback: 0.66
Received=	0.21497
Feedback: 0.66
Received=	0.53681
Feedback: 0.66
Received=	0.3024
Feedback: 0.66
Received=	0.46322
Feedback: 0.66
Received=	0.2792
Feedback: 0.66
Received=	-0.3897
Feedback: 0.66
Received=	0.33539
Feedback: 0.66
Received=	0.65415
Feedback: 0.66
Received=	0.39515
Feedback: 0.66
Received=	0.82418
Feedback: 0.66
Received=	1.1507
Feedback: 0.66
Received=	0.81013
Feedback: 0.66
Received=	0.45282
Feedback: 0.66
Received=	0.45583
Feedback: 0.66
Received=	0.5961
Feedback: 0.66
Received=	0.84233
Feedback: 0.66
Received=	0.627
=====  13:35:1 - NF  ============
Feedback: 0.4129
Received=	0.40999
Feedback: 0.54278
Received=	0.2647
Feedback: 0.62973
Received=	-0.36731
Feedback: 0.9
Received=	-0.21634
Feedback: 0.9
Received=	0.14026
Feedback: 0.70421
Received=	0.095603
Feedback: 0.73094
Received=	0.44912
Feedback: 0.51936
Received=	0.52918
Feedback: 0.47144
Received=	0.11974
Feedback: 0.71649
Received=	0.27545
Feedback: 0.6233
Received=	0.78478
Feedback: 0.31846
Received=	0.32478
Feedback: 0.59378
Received=	0.0078489
Feedback: 0.78346
Received=	0.44917
Feedback: 0.51932
Received=	0.67423
Feedback: 0.38463
Received=	0.090364
Feedback: 0.73407
Received=	-0.054822
Feedback: 0.82097
Received=	0.13388
Feedback: 0.70803
Received=	0.43469
Feedback: 0.52799
Received=	0.71722
Feedback: 0.3589
Received=	0.68862
Feedback: 0.37601
Received=	0.59411
Feedback: 0.43258
Received=	0.39352
Feedback: 0.55263
Received=	0.5878
Feedback: 0.43636
Received=	0.42812
Feedback: 0.53192
Received=	0.23679
Feedback: 0.64644
Received=	0.14616
Feedback: 0.70068
Received=	-0.509
Feedback: 0.9
Received=	-0.50733
Feedback: 0.9
Received=	-0.052882
Feedback: 0.81981
Received=	-0.38508
Feedback: 0.9
Received=	-0.0092824
Feedback: 0.79371
Received=	0.13512
Feedback: 0.70729
Received=	0.047886
Feedback: 0.7595
Received=	0.068534
Feedback: 0.74714
Received=	0.021805
Feedback: 0.77511
Received=	-0.072222
Feedback: 0.83138
Received=	0.20949
Feedback: 0.66278
Received=	-0.24153
Feedback: 0.9
Received=	-0.46597
Feedback: 0.9
Received=	-0.12019
Feedback: 0.86009
Received=	-0.23607
Feedback: 0.9
Received=	0.23745
Feedback: 0.64604
Received=	0.22009
Feedback: 0.65643
Received=	0.1942
Feedback: 0.67193
Received=	0.24108
Feedback: 0.64387
Received=	0.45923
Feedback: 0.51331
Received=	0.70481
Feedback: 0.36633
Received=	0.61332
Feedback: 0.42108
Received=	0.66296
Feedback: 0.39137
Received=	0.79326
Feedback: 0.31339
Received=	0.48869
Feedback: 0.49567
Received=	0.32763
Feedback: 0.59207
Received=	0.54045
Feedback: 0.4647
Received=	1.1036
Feedback: 0.12764
Received=	1.6279
Feedback: 0.1
Received=	1.1606
Feedback: 0.1
Received=	0.74247
Feedback: 0.34378
Received=	0.59916
Feedback: 0.42956
Calculated range:	[(-2.000000) - (2.000000)]
Success index = (-0.475883)
closing...
