Direction=-1.000000	; step=1.000000;
Received=	0
Feedback: 0.66
Received=	0
Feedback: 0.66
Received=	0
Feedback: 0.66
Received=	0.0060152
Feedback: 0.66
Received=	0.35796
Feedback: 0.66
Received=	0.066224
Feedback: 0.66
Received=	-0.24895
Feedback: 0.66
Received=	-0.24892
Feedback: 0.66
Received=	-0.1976
Feedback: 0.66
Received=	-0.26728
Feedback: 0.66
Received=	-0.12209
Feedback: 0.66
Received=	0.01396
Feedback: 0.66
Received=	0.09441
Feedback: 0.66
Received=	0.14844
Feedback: 0.66
Received=	-0.13914
Feedback: 0.66
Received=	-0.41269
Feedback: 0.66
Received=	-0.70012
Feedback: 0.66
Received=	-0.67547
Feedback: 0.66
Received=	-0.85433
Feedback: 0.66
Received=	-0.46106
Feedback: 0.66
Received=	-0.61831
=====  12:15:13 - NF  ============
Feedback: 0.75896
Received=	-0.33928
Feedback: 0.58528
Received=	0.30332
Feedback: 0.18532
Received=	0.22227
Feedback: 0.23576
Received=	-0.24383
Feedback: 0.52588
Received=	-0.5174
Feedback: 0.69615
Received=	-0.71514
Feedback: 0.81923
Received=	-0.57174
Feedback: 0.72997
Received=	-0.49503
Feedback: 0.68223
Received=	-0.59982
Feedback: 0.74745
Received=	-0.57571
Feedback: 0.73245
Received=	-0.53624
Feedback: 0.70788
Received=	-0.36648
Feedback: 0.60222
Received=	-0.33737
Feedback: 0.5841
Received=	-0.39598
Feedback: 0.62058
Received=	-0.69162
Feedback: 0.80459
Received=	-0.57251
Feedback: 0.73045
Received=	-0.30992
Feedback: 0.56701
Received=	-0.31626
Feedback: 0.57096
Received=	-0.32187
Feedback: 0.57445
Received=	-0.59644
Feedback: 0.74535
Received=	-0.90916
Feedback: 0.9
Received=	-0.81178
Feedback: 0.87938
Received=	-0.6982
Feedback: 0.80868
Received=	-0.59436
Feedback: 0.74406
Received=	-0.76799
Feedback: 0.85212
Received=	-0.3809
Feedback: 0.61119
Received=	-0.03176
Feedback: 0.39388
Received=	-0.21928
Feedback: 0.51059
Received=	-0.10598
Feedback: 0.44007
Received=	-0.42768
Feedback: 0.64031
Received=	-0.46641
Feedback: 0.66442
Received=	-0.43646
Feedback: 0.64577
Received=	-0.25291
Feedback: 0.53153
Received=	-0.58639
Feedback: 0.73909
Received=	-0.40497
Feedback: 0.62617
Received=	-0.37136
Feedback: 0.60525
Received=	-0.42713
Feedback: 0.63996
Received=	-0.41552
Feedback: 0.63274
Received=	-0.38872
Feedback: 0.61606
Received=	-0.42023
Feedback: 0.63567
Received=	-0.49903
Feedback: 0.68472
Received=	-0.57403
Feedback: 0.7314
Received=	-0.76589
Feedback: 0.85082
Received=	-0.70015
Feedback: 0.8099
Received=	-0.23604
Feedback: 0.52103
Received=	-0.18816
Feedback: 0.49122
Received=	-0.44711
Feedback: 0.6524
Received=	-0.49029
Feedback: 0.67928
Received=	-0.45142
Feedback: 0.65509
Received=	-0.53146
Feedback: 0.7049
Received=	-0.24918
Feedback: 0.5292
Received=	-0.35759
Feedback: 0.59669
Received=	-0.46182
Feedback: 0.66156
Received=	-0.24222
Feedback: 0.52487
Received=	-0.14379
Feedback: 0.46361
Received=	-0.40172
Feedback: 0.62415
Received=	-0.46389
Feedback: 0.66285
Received=	-0.73379
Feedback: 0.83084
Received=	-0.52767
Feedback: 0.70254
Calculated range:	[(-2.000000) - (2.000000)]
Success index = (-0.953336)
Received=	-0.4219
=====  12:18:13 - BASE  ============
Feedback: 0.66
Received=	-0.2965
Feedback: 0.66
Received=	-0.12114
Feedback: 0.66
Received=	-0.2638
Feedback: 0.66
Received=	-0.44167
Feedback: 0.66
Received=	-0.031764
Feedback: 0.66
Received=	-0.024354
Feedback: 0.66
Received=	-0.12355
Feedback: 0.66
Received=	-0.73946
Feedback: 0.66
Received=	-0.66779
Feedback: 0.66
Received=	-0.16175
Feedback: 0.66
Received=	-0.23881
Feedback: 0.66
Received=	-0.50884
Feedback: 0.66
Received=	-0.297
Feedback: 0.66
Received=	-0.21076
Feedback: 0.66
Received=	-0.2637
Feedback: 0.66
Received=	-0.22221
Feedback: 0.66
Received=	-0.14519
Feedback: 0.66
Received=	-0.23663
Feedback: 0.66
Received=	-0.47931
Feedback: 0.66
Received=	-0.21846
=====  12:19:13 - NF  ============
Feedback: 0.43181
Received=	-0.034177
Feedback: 0.25018
Received=	-0.16795
Feedback: 0.38202
Received=	-0.48852
Feedback: 0.69797
Received=	-0.58214
Feedback: 0.79025
Received=	-0.52403
Feedback: 0.73297
Received=	-0.55132
Feedback: 0.75987
Received=	-0.58558
Feedback: 0.79363
Received=	-0.75753
Feedback: 0.9
Received=	-0.29971
Feedback: 0.51189
Received=	-0.37613
Feedback: 0.5872
Received=	-0.25409
Feedback: 0.46692
Received=	-0.19442
Feedback: 0.40811
Received=	-0.19797
Feedback: 0.41161
Received=	-0.20685
Feedback: 0.42036
Received=	-0.25491
Feedback: 0.46773
Received=	-0.27495
Feedback: 0.48748
Received=	-0.35275
Feedback: 0.56416
Received=	-0.56163
Feedback: 0.77003
Received=	-0.4391
Feedback: 0.64926
Received=	-0.42406
Feedback: 0.63444
Received=	-0.40251
Feedback: 0.6132
Received=	-0.30768
Feedback: 0.51974
Received=	-0.19723
Feedback: 0.41088
Received=	0.027639
Feedback: 0.18925
Received=	-0.2319
Feedback: 0.44505
Received=	-0.31827
Feedback: 0.53018
Received=	-0.36465
Feedback: 0.57588
Received=	-0.62233
Feedback: 0.82985
Received=	-0.6636
Feedback: 0.87053
Received=	-0.52362
Feedback: 0.73257
Received=	-0.4839
Feedback: 0.69342
Received=	-0.29971
Feedback: 0.51188
Received=	-0.40394
Feedback: 0.61461
Received=	-0.40654
Feedback: 0.61717
Received=	-0.3554
Feedback: 0.56677
Received=	-0.45119
Feedback: 0.66118
Received=	-0.6735
Feedback: 0.88029
Received=	-0.58268
Feedback: 0.79078
Received=	-0.65312
Feedback: 0.8602
Received=	-0.55007
Feedback: 0.75863
Received=	-0.28901
Feedback: 0.50134
Received=	-0.24276
Feedback: 0.45576
Received=	-0.29683
Feedback: 0.50905
Received=	-0.59251
Feedback: 0.80046
Received=	-0.64408
Feedback: 0.85129
Received=	-0.69403
Feedback: 0.9
Received=	-0.64645
Feedback: 0.85363
Received=	-0.36377
Feedback: 0.57502
Received=	-0.40822
Feedback: 0.61883
Received=	-0.25382
Feedback: 0.46665
Received=	-0.38411
Feedback: 0.59506
Received=	-0.48445
Feedback: 0.69396
Received=	-0.86803
Feedback: 0.9
Received=	-0.91292
Feedback: 0.9
Received=	-0.42165
Feedback: 0.63207
Received=	-0.26785
Feedback: 0.48049
Received=	-0.58199
Feedback: 0.79009
Received=	-0.78812
Feedback: 0.9
Received=	-0.52883
Feedback: 0.7377
Calculated range:	[(-2.000000) - (2.000000)]
Success index = (-0.727412)
Received=	-0.42955
=====  12:22:13 - BASE  ============
Feedback: 0.66
Received=	-0.40706
Feedback: 0.66
Received=	-0.57569
Feedback: 0.66
Received=	-0.71759
Feedback: 0.66
Received=	-0.49258
Feedback: 0.66
Received=	-0.5178
Feedback: 0.66
Received=	-0.75372
Feedback: 0.66
Received=	-0.79037
Feedback: 0.66
Received=	-0.65371
Feedback: 0.66
Received=	-0.7526
Feedback: 0.66
Received=	-0.87613
Feedback: 0.66
Received=	-0.62493
Feedback: 0.66
Received=	-0.26483
Feedback: 0.66
Received=	-0.072173
Feedback: 0.66
Received=	-0.32062
Feedback: 0.66
Received=	-0.44363
Feedback: 0.66
Received=	-0.19846
Feedback: 0.66
Received=	-0.1202
Feedback: 0.66
Received=	-0.30762
Feedback: 0.66
Received=	-0.43
Feedback: 0.66
Received=	-0.37153
=====  12:23:13 - NF  ============
Feedback: 0.39791
Received=	-0.22536
Feedback: 0.27719
Received=	-0.53539
Feedback: 0.53324
Received=	-0.50255
Feedback: 0.50611
Received=	-0.52216
Feedback: 0.52231
Received=	-0.44974
Feedback: 0.4625
Received=	-0.39517
Feedback: 0.41743
Received=	-0.43432
Feedback: 0.44977
Received=	-0.58409
Feedback: 0.57345
Received=	-0.52302
Feedback: 0.52302
Received=	-0.77651
Feedback: 0.73236
Received=	-0.87737
Feedback: 0.81566
Received=	-0.72546
Feedback: 0.69021
Received=	-0.45336
Feedback: 0.46549
Received=	-0.5016
Feedback: 0.50533
Received=	-0.589
Feedback: 0.57751
Received=	-0.51293
Feedback: 0.51469
Received=	-0.2955
Feedback: 0.33512
Received=	-0.244
Feedback: 0.29259
Received=	-0.21228
Feedback: 0.26639
Received=	-0.20059
Feedback: 0.25673
Received=	-0.53148
Feedback: 0.53
Received=	-0.49421
Feedback: 0.49922
Received=	-0.37593
Feedback: 0.40155
Received=	-0.45218
Feedback: 0.46451
Received=	-0.64375
Feedback: 0.62273
Received=	-0.5121
Feedback: 0.514
Received=	-0.58185
Feedback: 0.57161
Received=	-0.62951
Feedback: 0.61096
Received=	-0.88415
Feedback: 0.82126
Received=	-0.89661
Feedback: 0.83155
Received=	-0.66215
Feedback: 0.63792
Received=	-0.76495
Feedback: 0.72282
Received=	-0.65342
Feedback: 0.63072
Received=	-0.66016
Feedback: 0.63628
Received=	-0.51911
Feedback: 0.51979
Received=	-0.49776
Feedback: 0.50216
Received=	-0.3481
Feedback: 0.37856
Received=	-0.23321
Feedback: 0.28368
Received=	-0.061955
Feedback: 0.14224
Received=	-0.28728
Feedback: 0.32833
Received=	-0.65388
Feedback: 0.63109
Received=	-0.35858
Feedback: 0.38722
Received=	-0.17525
Feedback: 0.23581
Received=	-0.36496
Feedback: 0.39248
Received=	-0.52153
Feedback: 0.52179
Received=	-0.49957
Feedback: 0.50365
Received=	-0.4586
Feedback: 0.46982
Received=	-0.17962
Feedback: 0.23942
Received=	-0.38191
Feedback: 0.40648
Received=	-0.72747
Feedback: 0.69186
Received=	-0.726
Feedback: 0.69065
Received=	-0.75346
Feedback: 0.71333
Received=	-0.60018
Feedback: 0.58674
Received=	-0.46638
Feedback: 0.47624
Received=	-0.49238
Feedback: 0.49771
Received=	-0.51735
Feedback: 0.51834
Received=	-0.4253
Feedback: 0.44231
Received=	-0.44716
Feedback: 0.46037
Received=	-0.40552
Feedback: 0.42598
Calculated range:	[(-2.000000) - (2.000000)]
Success index = (-0.005737)
Received=	-0.34026
=====  12:26:13 - BASE  ============
Feedback: 0.66
Received=	-0.33892
Feedback: 0.66
Received=	-0.41221
Feedback: 0.66
Received=	-0.42952
Feedback: 0.66
Received=	-0.5741
Feedback: 0.66
Received=	-0.30542
Feedback: 0.66
Received=	-0.6363
Feedback: 0.66
Received=	-0.91922
Feedback: 0.66
Received=	-0.909
Feedback: 0.66
Received=	-0.63993
Feedback: 0.66
Received=	-0.32073
Feedback: 0.66
Received=	-0.28231
Feedback: 0.66
Received=	-0.80322
Feedback: 0.66
Received=	-0.71293
Feedback: 0.66
Received=	-0.63379
Feedback: 0.66
Received=	-0.46785
Feedback: 0.66
Received=	-0.27346
Feedback: 0.66
Received=	-0.39675
Feedback: 0.66
Received=	-0.49705
Feedback: 0.66
Received=	-0.79203
Feedback: 0.66
Received=	-1.0143
=====  12:27:13 - NF  ============
Feedback: 0.9
Received=	-0.79598
Feedback: 0.72651
Received=	-0.70291
Feedback: 0.63871
Received=	-0.69501
Feedback: 0.63126
Received=	-0.77309
Feedback: 0.70492
Received=	-0.54656
Feedback: 0.49121
Received=	-0.29697
Feedback: 0.25574
Received=	-0.47465
Feedback: 0.42337
Received=	-0.57763
Feedback: 0.52052
Received=	-0.5376
Feedback: 0.48275
Received=	-0.16395
Feedback: 0.13025
Received=	-0.42107
Feedback: 0.37282
Received=	-0.35556
Feedback: 0.31101
Received=	-0.3179
Feedback: 0.27548
Received=	-0.28542
Feedback: 0.24485
Received=	-0.46966
Feedback: 0.41866
Received=	-0.68381
Feedback: 0.62069
Received=	-0.43129
Feedback: 0.38246
Received=	-0.49993
Feedback: 0.44722
Received=	-0.39279
Feedback: 0.34614
Received=	-0.33461
Feedback: 0.29125
Received=	-0.70301
Feedback: 0.6388
Received=	-0.6143
Feedback: 0.55511
Received=	-0.43501
Feedback: 0.38597
Received=	-0.18847
Feedback: 0.15338
Received=	-0.41787
Feedback: 0.3698
Received=	-0.59924
Feedback: 0.54091
Received=	-0.45894
Feedback: 0.40854
Received=	-0.65081
Feedback: 0.58956
Received=	-0.55587
Feedback: 0.49999
Received=	-0.52052
Feedback: 0.46664
Received=	-0.19446
Feedback: 0.15903
Received=	-0.56277
Feedback: 0.5065
Received=	-0.5731
Feedback: 0.51625
Received=	-0.5181
Feedback: 0.46436
Received=	-0.26019
Feedback: 0.22104
Received=	-0.062712
Feedback: 0.1
Received=	-0.32893
Feedback: 0.28589
Received=	-0.55466
Feedback: 0.49885
Received=	-0.40213
Feedback: 0.35495
Received=	-0.157
Feedback: 0.12369
Received=	0.14656
Feedback: 0.1
Received=	-0.26209
Feedback: 0.22283
Received=	-0.5787
Feedback: 0.52153
Received=	-0.67587
Feedback: 0.6132
Received=	-0.47029
Feedback: 0.41925
Received=	-0.0093663
Feedback: 0.1
Received=	-0.10561
Feedback: 0.1
Received=	-0.46526
Feedback: 0.41451
Received=	-0.75658
Feedback: 0.68935
Received=	-0.41032
Feedback: 0.36268
Received=	-0.19347
Feedback: 0.15809
Received=	-0.079669
Feedback: 0.1
Received=	-0.21447
Feedback: 0.17791
Received=	-0.047497
Feedback: 0.1
Received=	-0.27589
Feedback: 0.23585
Received=	-0.55954
Feedback: 0.50346
Received=	-0.45546
Feedback: 0.40526
Received=	-0.58196
Feedback: 0.52461
Received=	-0.71206
Feedback: 0.64734
Calculated range:	[(-2.000000) - (2.000000)]
Success index = (0.534858)
Received=	-0.5288
=====  12:30:13 - BASE  ============
Feedback: 0.66
Received=	-0.29233
Feedback: 0.66
Received=	-0.29873
Feedback: 0.66
Received=	-0.46881
Feedback: 0.66
Received=	-0.29387
Feedback: 0.66
Received=	-0.33393
Feedback: 0.66
Received=	-0.4046
Feedback: 0.66
Received=	-0.55722
Feedback: 0.66
Received=	-0.57168
Feedback: 0.66
Received=	-0.58764
Feedback: 0.66
Received=	-0.53121
Feedback: 0.66
Received=	-0.44291
Feedback: 0.66
Received=	-0.71904
Feedback: 0.66
Received=	-0.63206
Feedback: 0.66
Received=	-0.45177
Feedback: 0.66
Received=	-0.49004
Feedback: 0.66
Received=	-0.57728
Feedback: 0.66
Received=	-0.61324
Feedback: 0.66
Received=	-0.47698
Feedback: 0.66
Received=	-0.44323
Feedback: 0.66
Received=	-0.48938
=====  12:31:13 - NF  ============
Feedback: 0.49186
Received=	-0.55423
Feedback: 0.60318
Received=	-0.32468
Feedback: 0.20913
Received=	-0.27953
Feedback: 0.13162
Received=	-0.31508
Feedback: 0.19265
Received=	-0.2963
Feedback: 0.1604
Received=	-0.25108
Feedback: 0.1
Received=	-0.39806
Feedback: 0.33509
Received=	-0.4616
Feedback: 0.44416
Received=	-0.60841
Feedback: 0.6962
Received=	-0.68664
Feedback: 0.83048
Received=	-0.55147
Feedback: 0.59845
Received=	-0.32569
Feedback: 0.21086
Received=	-0.50462
Feedback: 0.51801
Received=	-0.38159
Feedback: 0.30681
Received=	-0.61496
Feedback: 0.70743
Received=	-0.42481
Feedback: 0.38101
Received=	-0.2453
Feedback: 0.1
Received=	-0.33043
Feedback: 0.219
Received=	-0.54573
Feedback: 0.58859
Received=	-0.52014
Feedback: 0.54466
Received=	-0.65185
Feedback: 0.77076
Received=	-0.40692
Feedback: 0.35031
Received=	-0.4607
Feedback: 0.44263
Received=	-0.65251
Feedback: 0.7719
Received=	-0.35577
Feedback: 0.26249
Received=	-0.23779
Feedback: 0.1
Received=	-0.54214
Feedback: 0.58243
Received=	-0.52898
Feedback: 0.55984
Received=	-0.29235
Feedback: 0.15362
Received=	-0.48098
Feedback: 0.47744
Received=	-0.3995
Feedback: 0.33756
Received=	-0.090997
Feedback: 0.1
Received=	-0.089547
Feedback: 0.1
Received=	0.079997
Feedback: 0.1
Received=	-0.3946
Feedback: 0.32916
Received=	-0.65018
Feedback: 0.7679
Received=	-0.28994
Feedback: 0.14948
Received=	-0.11437
Feedback: 0.1
Received=	-0.19903
Feedback: 0.1
Received=	-0.42553
Feedback: 0.38225
Received=	-0.72981
Feedback: 0.9
Received=	-0.46484
Feedback: 0.44973
Received=	-0.35894
Feedback: 0.26793
Received=	-0.50457
Feedback: 0.51793
Received=	-0.43212
Feedback: 0.39356
Received=	-0.66319
Feedback: 0.79022
Received=	-0.60883
Feedback: 0.69691
Received=	-0.57939
Feedback: 0.64637
Received=	-0.49545
Feedback: 0.50228
Received=	-0.40926
Feedback: 0.35432
Received=	-0.68664
Feedback: 0.83048
Received=	-0.77059
Feedback: 0.9
Received=	-0.65169
Feedback: 0.77049
Received=	-0.26411
Feedback: 0.10514
Received=	-0.304
Feedback: 0.17362
Received=	-0.40622
Feedback: 0.3491
Received=	-0.5524
Feedback: 0.60004
Received=	-0.48115
Feedback: 0.47773
Received=	-0.62149
Feedback: 0.71865
Calculated range:	[(-2.000000) - (2.000000)]
Success index = (0.349058)
closing...
