Direction=-1.000000	; step=1.000000;
Received=	0
Feedback: 0.66
Received=	0
Feedback: 0.66
Received=	0
Feedback: 0.66
Received=	0.067403
Feedback: 0.66
Received=	0.22028
Feedback: 0.66
Received=	0.59051
Feedback: 0.66
Received=	0.58257
Feedback: 0.66
Received=	0.51586
Feedback: 0.66
Received=	0.4675
Feedback: 0.66
Received=	0.30669
Feedback: 0.66
Received=	0.18042
Feedback: 0.66
Received=	0.19908
Feedback: 0.66
Received=	0.18303
Feedback: 0.66
Received=	0.56172
Feedback: 0.66
Received=	0.31972
Feedback: 0.66
Received=	0.16339
Feedback: 0.66
Received=	0.26155
Feedback: 0.66
Received=	-0.082206
Feedback: 0.66
Received=	-0.068114
Feedback: 0.66
Received=	0.34096
Feedback: 0.66
Received=	0.731
=====  10:47:2 - NF  ============
Feedback: 0.1
Received=	0.46386
Feedback: 0.31648
Received=	0.17033
Feedback: 0.59046
Received=	0.23733
Feedback: 0.52792
Received=	0.098136
Feedback: 0.65784
Received=	0.12134
Feedback: 0.63618
Received=	0.079739
Feedback: 0.67501
Received=	0.099138
Feedback: 0.6569
Received=	0.081462
Feedback: 0.6734
Received=	-0.067556
Feedback: 0.81249
Received=	0.20371
Feedback: 0.5593
Received=	0.3376
Feedback: 0.43433
Received=	0.29165
Feedback: 0.47722
Received=	0.44459
Feedback: 0.33447
Received=	0.2547
Feedback: 0.5117
Received=	0.10277
Feedback: 0.65351
Received=	-0.076951
Feedback: 0.82126
Received=	-0.17442
Feedback: 0.9
Received=	-0.18367
Feedback: 0.9
Received=	0.071795
Feedback: 0.68243
Received=	0.47835
Feedback: 0.30295
Received=	0.23837
Feedback: 0.52695
Received=	0.042192
Feedback: 0.71006
Received=	-0.13559
Feedback: 0.876
Received=	0.25524
Feedback: 0.51121
Received=	0.41956
Feedback: 0.35783
Received=	0.35977
Feedback: 0.41364
Received=	0.41898
Feedback: 0.35838
Received=	0.34176
Feedback: 0.43045
Received=	0.08646
Feedback: 0.66874
Received=	-0.013488
Feedback: 0.76203
Received=	-0.11333
Feedback: 0.85522
Received=	-0.064674
Feedback: 0.8098
Received=	-0.054968
Feedback: 0.80074
Received=	-0.04415
Feedback: 0.79065
Received=	0.084692
Feedback: 0.67039
Received=	0.01163
Feedback: 0.73858
Received=	-0.19714
Feedback: 0.9
Received=	0.11343
Feedback: 0.64356
Received=	0.3765
Feedback: 0.39803
Received=	0.4232
Feedback: 0.35444
Received=	0.26304
Feedback: 0.50392
Received=	-0.034627
Feedback: 0.78176
Received=	-0.1694
Feedback: 0.9
Received=	-0.23181
Feedback: 0.9
Received=	0.15638
Feedback: 0.60348
Received=	0.34722
Feedback: 0.42535
Received=	0.47876
Feedback: 0.30257
Received=	0.35702
Feedback: 0.4162
Received=	0.10063
Feedback: 0.65552
Received=	0.36122
Feedback: 0.41229
Received=	0.33566
Feedback: 0.43614
Received=	0.16488
Feedback: 0.59554
Received=	0.27701
Feedback: 0.49089
Received=	-0.1073
Feedback: 0.84959
Received=	-0.17887
Feedback: 0.9
Received=	-0.1438
Feedback: 0.88365
Received=	-0.626
Feedback: 0.9
Received=	-0.32056
Feedback: 0.9
Received=	0.064003
Feedback: 0.6897
Calculated range:	[(-2.000000) - (2.000000)]
Success index = (-0.606279)
Received=	0.37446
=====  10:50:2 - BASE  ============
Feedback: 0.66
Received=	0.48124
Feedback: 0.66
Received=	0.2944
Feedback: 0.66
Received=	0.065155
Feedback: 0.66
Received=	-0.13649
Feedback: 0.66
Received=	-0.14837
Feedback: 0.66
Received=	0.0024778
Feedback: 0.66
Received=	0.25989
Feedback: 0.66
Received=	0.14051
Feedback: 0.66
Received=	0.037348
Feedback: 0.66
Received=	0.28009
Feedback: 0.66
Received=	0.17006
Feedback: 0.66
Received=	0.24359
Feedback: 0.66
Received=	0.47926
Feedback: 0.66
Received=	0.32941
Feedback: 0.66
Received=	-0.12408
Feedback: 0.66
Received=	0.056481
Feedback: 0.66
Received=	0.19815
Feedback: 0.66
Received=	0.12769
Feedback: 0.66
Received=	0.089116
Feedback: 0.66
Received=	-0.16954
=====  10:51:2 - NF  ============
Feedback: 0.85212
Received=	-0.1799
Feedback: 0.86424
Received=	0.17301
Feedback: 0.45128
Received=	0.23246
Feedback: 0.38171
Received=	0.12821
Feedback: 0.5037
Received=	-0.074906
Feedback: 0.74138
Received=	-0.081439
Feedback: 0.74903
Received=	0.14111
Feedback: 0.48861
Received=	-0.11755
Feedback: 0.79128
Received=	-0.13339
Feedback: 0.80982
Received=	-0.11635
Feedback: 0.78988
Received=	0.15288
Feedback: 0.47484
Received=	0.049569
Feedback: 0.59572
Received=	0.13542
Feedback: 0.49527
Received=	0.039482
Feedback: 0.60753
Received=	0.16067
Feedback: 0.46572
Received=	0.065463
Feedback: 0.57712
Received=	0.23701
Feedback: 0.37639
Received=	0.37706
Feedback: 0.2125
Received=	0.29857
Feedback: 0.30435
Received=	0.076046
Feedback: 0.56474
Received=	-0.01181
Feedback: 0.66755
Received=	0.060781
Feedback: 0.5826
Received=	0.19914
Feedback: 0.4207
Received=	0.27573
Feedback: 0.33107
Received=	0.27032
Feedback: 0.3374
Received=	-0.039085
Feedback: 0.69946
Received=	-0.34201
Feedback: 0.9
Received=	-0.089781
Feedback: 0.75879
Received=	0.023643
Feedback: 0.62606
Received=	0.058691
Feedback: 0.58505
Received=	-0.026977
Feedback: 0.6853
Received=	-0.089181
Feedback: 0.75809
Received=	-0.076929
Feedback: 0.74375
Received=	-0.18949
Feedback: 0.87547
Received=	0.038627
Feedback: 0.60853
Received=	-0.022732
Feedback: 0.68033
Received=	-0.23781
Feedback: 0.9
Received=	-0.24741
Feedback: 0.9
Received=	-0.074371
Feedback: 0.74075
Received=	0.2332
Feedback: 0.38084
Received=	0.35084
Feedback: 0.24319
Received=	0.27005
Feedback: 0.33772
Received=	0.11741
Feedback: 0.51633
Received=	0.11373
Feedback: 0.52065
Received=	0.15186
Feedback: 0.47602
Received=	0.13465
Feedback: 0.49616
Received=	-0.22263
Feedback: 0.9
Received=	-0.22604
Feedback: 0.9
Received=	-0.12386
Feedback: 0.79867
Received=	0.33198
Feedback: 0.26525
Received=	0.32309
Feedback: 0.27566
Received=	0.23506
Feedback: 0.37867
Received=	0.095657
Feedback: 0.54179
Received=	-0.10077
Feedback: 0.77165
Received=	-0.072381
Feedback: 0.73843
Received=	0.21403
Feedback: 0.40327
Received=	0.22582
Feedback: 0.38948
Received=	0.13322
Feedback: 0.49784
Received=	-0.054861
Feedback: 0.71792
Calculated range:	[(-2.000000) - (2.000000)]
Success index = (-0.467592)
Received=	-0.19341
=====  10:54:2 - BASE  ============
Feedback: 0.66
Received=	0.18028
Feedback: 0.66
Received=	0.71517
Feedback: 0.66
Received=	0.56823
Feedback: 0.66
Received=	-0.01909
Feedback: 0.66
Received=	-0.24207
Feedback: 0.66
Received=	0.11399
Feedback: 0.66
Received=	0.24858
Feedback: 0.66
Received=	0.37682
Feedback: 0.66
Received=	0.37264
Feedback: 0.66
Received=	0.46237
Feedback: 0.66
Received=	0.33646
Feedback: 0.66
Received=	0.1006
Feedback: 0.66
Received=	-0.021106
Feedback: 0.66
Received=	0.16563
Feedback: 0.66
Received=	-0.11629
Feedback: 0.66
Received=	-0.31079
Feedback: 0.66
Received=	-0.2706
Feedback: 0.66
Received=	-0.03138
Feedback: 0.66
Received=	0.12535
Feedback: 0.66
Received=	0.10829
=====  10:55:2 - NF  ============
Feedback: 0.52382
Received=	0.055518
Feedback: 0.56002
Received=	-0.095669
Feedback: 0.6637
Received=	-0.053117
Feedback: 0.63452
Received=	-0.22851
Feedback: 0.75481
Received=	-0.17558
Feedback: 0.71851
Received=	0.20386
Feedback: 0.45828
Received=	0.36211
Feedback: 0.34975
Received=	0.25296
Feedback: 0.42461
Received=	0.3746
Feedback: 0.34119
Received=	0.094027
Feedback: 0.53361
Received=	-0.023183
Feedback: 0.61399
Received=	0.17702
Feedback: 0.47669
Received=	0.11734
Feedback: 0.51762
Received=	0.22295
Feedback: 0.44519
Received=	0.36512
Feedback: 0.34769
Received=	0.50856
Feedback: 0.24931
Received=	0.098765
Feedback: 0.53036
Received=	-0.20807
Feedback: 0.74079
Received=	-0.11375
Feedback: 0.67611
Received=	0.2572
Feedback: 0.4217
Received=	0.37689
Feedback: 0.33961
Received=	0.25715
Feedback: 0.42174
Received=	0.13085
Feedback: 0.50836
Received=	-0.066199
Feedback: 0.64349
Received=	-0.03691
Feedback: 0.6234
Received=	-0.036449
Feedback: 0.62309
Received=	0.094769
Feedback: 0.5331
Received=	0.2855
Feedback: 0.40229
Received=	0.027821
Feedback: 0.57901
Received=	-0.18001
Feedback: 0.72154
Received=	-0.074937
Feedback: 0.64948
Received=	0.61403
Feedback: 0.17698
Received=	0.45059
Feedback: 0.28907
Received=	-0.16808
Feedback: 0.71336
Received=	0.23871
Feedback: 0.43438
Received=	0.46088
Feedback: 0.28201
Received=	0.12798
Feedback: 0.51032
Received=	0.14752
Feedback: 0.49692
Received=	0.031722
Feedback: 0.57634
Received=	0.18168
Feedback: 0.47349
Received=	0.33666
Feedback: 0.36721
Received=	0.37024
Feedback: 0.34418
Received=	0.40052
Feedback: 0.32341
Received=	0.23663
Feedback: 0.43581
Received=	0.2852
Feedback: 0.40249
Received=	0.35477
Feedback: 0.35478
Received=	0.3243
Feedback: 0.37568
Received=	0.13199
Feedback: 0.50757
Received=	0.19178
Feedback: 0.46656
Received=	0.16253
Feedback: 0.48662
Received=	0.34028
Feedback: 0.36472
Received=	0.35427
Feedback: 0.35513
Received=	0.45932
Feedback: 0.28308
Received=	0.32843
Feedback: 0.37285
Received=	0.1168
Feedback: 0.51799
Received=	0.0308
Feedback: 0.57697
Received=	-0.033419
Feedback: 0.62101
Received=	0.34112
Feedback: 0.36415
Received=	0.35925
Feedback: 0.35171
Calculated range:	[(-2.000000) - (2.000000)]
Success index = (0.126240)
Received=	-0.11119
=====  10:58:2 - BASE  ============
Feedback: 0.66
Received=	-0.21805
Feedback: 0.66
Received=	0.090068
Feedback: 0.66
Received=	0.058959
Feedback: 0.66
Received=	0.16504
Feedback: 0.66
Received=	0.26514
Feedback: 0.66
Received=	0.43363
Feedback: 0.66
Received=	0.32347
Feedback: 0.66
Received=	0.049668
Feedback: 0.66
Received=	-0.1374
Feedback: 0.66
Received=	-0.035145
Feedback: 0.66
Received=	-0.063634
Feedback: 0.66
Received=	0.0075003
Feedback: 0.66
Received=	0.20905
Feedback: 0.66
Received=	-0.0066262
Feedback: 0.66
Received=	0.02944
Feedback: 0.66
Received=	0.18682
Feedback: 0.66
Received=	0.17226
Feedback: 0.66
Received=	0.79302
Feedback: 0.66
Received=	0.66341
Feedback: 0.66
Received=	0.15897
=====  10:59:2 - NF  ============
Feedback: 0.51544
Received=	0.23628
Feedback: 0.45281
Received=	0.19983
Feedback: 0.48235
Received=	0.098261
Feedback: 0.56463
Received=	0.39067
Feedback: 0.32774
Received=	0.43269
Feedback: 0.2937
Received=	0.081584
Feedback: 0.57814
Received=	0.1078
Feedback: 0.5569
Received=	0.077252
Feedback: 0.58165
Received=	0.10474
Feedback: 0.55938
Received=	0.021181
Feedback: 0.62707
Received=	-0.028349
Feedback: 0.6672
Received=	0.33057
Feedback: 0.37643
Received=	0.10373
Feedback: 0.5602
Received=	0.11479
Feedback: 0.55124
Received=	0.021448
Feedback: 0.62686
Received=	-0.28822
Feedback: 0.87773
Received=	-0.2119
Feedback: 0.8159
Received=	-0.048113
Feedback: 0.68321
Received=	0.028125
Feedback: 0.62145
Received=	0.58696
Feedback: 0.16872
Received=	0.6937
Feedback: 0.1
Received=	0.13027
Feedback: 0.5387
Received=	-0.31335
Feedback: 0.89808
Received=	-0.19027
Feedback: 0.79837
Received=	0.24845
Feedback: 0.44295
Received=	0.77076
Feedback: 0.1
Received=	0.23757
Feedback: 0.45177
Received=	-0.33655
Feedback: 0.9
Received=	0.22054
Feedback: 0.46557
Received=	0.22413
Feedback: 0.46266
Received=	0.52799
Feedback: 0.21649
Received=	0.2924
Feedback: 0.40735
Received=	-0.022498
Feedback: 0.66246
Received=	0.014876
Feedback: 0.63218
Received=	-0.096231
Feedback: 0.72219
Received=	-0.15631
Feedback: 0.77086
Received=	0.17827
Feedback: 0.49981
Received=	-0.050543
Feedback: 0.68518
Received=	-0.018625
Feedback: 0.65932
Received=	-0.060449
Feedback: 0.6932
Received=	0.23047
Feedback: 0.45752
Received=	0.29954
Feedback: 0.40157
Received=	0.074751
Feedback: 0.58367
Received=	0.17361
Feedback: 0.50358
Received=	0.040696
Feedback: 0.61126
Received=	-0.093299
Feedback: 0.71982
Received=	0.28319
Feedback: 0.41481
Received=	0.61778
Feedback: 0.14375
Received=	0.61754
Feedback: 0.14395
Received=	0.41241
Feedback: 0.31013
Received=	0.32881
Feedback: 0.37785
Received=	0.12472
Feedback: 0.54319
Received=	0.11459
Feedback: 0.5514
Received=	0.065822
Feedback: 0.59091
Received=	0.094925
Feedback: 0.56733
Received=	-0.039176
Feedback: 0.67597
Received=	-0.0084035
Feedback: 0.65104
Received=	-0.066625
Feedback: 0.69821
Received=	-0.10127
Feedback: 0.72627
Calculated range:	[(-2.000000) - (2.000000)]
Success index = (-0.185859)
Received=	-0.16001
=====  11:2:2 - BASE  ============
Feedback: 0.66
Received=	-0.094165
Feedback: 0.66
Received=	0.12295
Feedback: 0.66
Received=	0.082153
Feedback: 0.66
Received=	0.31847
Feedback: 0.66
Received=	0.35831
Feedback: 0.66
Received=	0.49768
Feedback: 0.66
Received=	0.022513
Feedback: 0.66
Received=	0.068763
Feedback: 0.66
Received=	0.34565
Feedback: 0.66
Received=	0.40129
Feedback: 0.66
Received=	0.76147
Feedback: 0.66
Received=	0.1775
Feedback: 0.66
Received=	-0.22756
Feedback: 0.66
Received=	-0.16595
Feedback: 0.66
Received=	0.085867
Feedback: 0.66
Received=	0.057123
Feedback: 0.66
Received=	-0.2335
Feedback: 0.66
Received=	-0.097395
Feedback: 0.66
Received=	0.10911
Feedback: 0.66
Received=	0.060162
=====  11:3:2 - NF  ============
Feedback: 0.56806
Received=	-0.09948
Feedback: 0.69019
Received=	-0.13761
Feedback: 0.71936
Received=	0.10175
Feedback: 0.53625
Received=	0.13371
Feedback: 0.5118
Received=	0.026714
Feedback: 0.59365
Received=	0.2785
Feedback: 0.40103
Received=	0.50124
Feedback: 0.23064
Received=	0.17867
Feedback: 0.4774
Received=	0.15165
Feedback: 0.49807
Received=	0.12129
Feedback: 0.5213
Received=	0.044601
Feedback: 0.57997
Received=	-0.11066
Feedback: 0.69874
Received=	-0.23171
Feedback: 0.79135
Received=	0.03191
Feedback: 0.58968
Received=	0.42543
Feedback: 0.28864
Received=	0.62329
Feedback: 0.13727
Received=	0.52698
Feedback: 0.21095
Received=	-0.02208
Feedback: 0.63098
Received=	-0.30889
Feedback: 0.85038
Received=	0.25818
Feedback: 0.41658
Received=	0.2175
Feedback: 0.4477
Received=	-0.068069
Feedback: 0.66616
Received=	-0.18095
Feedback: 0.75251
Received=	0.12768
Feedback: 0.51641
Received=	-0.0047457
Feedback: 0.61772
Received=	-0.23748
Feedback: 0.79576
Received=	-0.14675
Feedback: 0.72635
Received=	-0.18065
Feedback: 0.75228
Received=	-0.26342
Feedback: 0.8156
Received=	0.13807
Feedback: 0.50847
Received=	0.54103
Feedback: 0.20021
Received=	0.31245
Feedback: 0.37507
Received=	0.32096
Feedback: 0.36855
Received=	-0.073651
Feedback: 0.67043
Received=	-0.011983
Feedback: 0.62325
Received=	0.082048
Feedback: 0.55132
Received=	0.35208
Feedback: 0.34475
Received=	0.3922
Feedback: 0.31405
Received=	0.54378
Feedback: 0.1981
Received=	0.28373
Feedback: 0.39704
Received=	0.1245
Feedback: 0.51884
Received=	-0.032211
Feedback: 0.63873
Received=	0.15606
Feedback: 0.4947
Received=	0.21093
Feedback: 0.45273
Received=	0.079109
Feedback: 0.55357
Received=	0.24303
Feedback: 0.42817
Received=	0.45829
Feedback: 0.2635
Received=	0.42157
Feedback: 0.29159
Received=	0.40975
Feedback: 0.30063
Received=	0.31434
Feedback: 0.37362
Received=	0.47576
Feedback: 0.25013
Received=	0.27563
Feedback: 0.40323
Received=	-0.17429
Feedback: 0.74741
Received=	-0.48776
Feedback: 0.9
Received=	-0.36176
Feedback: 0.89083
Received=	-0.18683
Feedback: 0.75701
Received=	-0.0065769
Feedback: 0.61912
Received=	-0.14839
Feedback: 0.72761
Received=	-0.1432
Feedback: 0.72364
Calculated range:	[(-2.000000) - (2.000000)]
Success index = (-0.169099)
closing...
