Direction=-1.000000	; step=1.000000;
Received=	0
Feedback: 0.66
Received=	0
Feedback: 0.66
Received=	0
Feedback: 0.66
Received=	-0.39661
Feedback: 0.66
Received=	-0.1892
Feedback: 0.66
Received=	-0.32714
Feedback: 0.66
Received=	-0.55594
Feedback: 0.66
Received=	-0.67733
Feedback: 0.66
Received=	-0.53213
Feedback: 0.66
Received=	-0.5739
Feedback: 0.66
Received=	-0.34851
Feedback: 0.66
Received=	-0.3622
Feedback: 0.66
Received=	-0.14221
Feedback: 0.66
Received=	-0.17832
Feedback: 0.66
Received=	-0.22852
Feedback: 0.66
Received=	-0.29504
Feedback: 0.66
Received=	-0.36753
Feedback: 0.66
Received=	-0.2909
Feedback: 0.66
Received=	-0.097324
Feedback: 0.66
Received=	-0.17047
Feedback: 0.66
Received=	-0.16441
=====  16:44:5 - NF  ============
Feedback: 0.32965
Received=	-0.29911
Feedback: 0.47855
Received=	-0.083913
Feedback: 0.24068
Received=	-0.1275
Feedback: 0.28886
Received=	-0.43357
Feedback: 0.62717
Received=	-0.46246
Feedback: 0.65911
Received=	-0.30143
Feedback: 0.48111
Received=	-0.31902
Feedback: 0.50056
Received=	-0.14618
Feedback: 0.3095
Received=	0.019644
Feedback: 0.12621
Received=	-0.14329
Feedback: 0.30631
Received=	-0.41451
Feedback: 0.60611
Received=	-0.36699
Feedback: 0.55358
Received=	-0.18206
Feedback: 0.34916
Received=	-0.27302
Feedback: 0.44971
Received=	-0.37811
Feedback: 0.56588
Received=	-0.32977
Feedback: 0.51244
Received=	-0.39616
Feedback: 0.58583
Received=	-0.52375
Feedback: 0.72687
Received=	-0.37006
Feedback: 0.55697
Received=	-0.24131
Feedback: 0.41466
Received=	-0.29234
Feedback: 0.47107
Received=	-0.42499
Feedback: 0.61769
Received=	-0.31523
Feedback: 0.49637
Received=	-0.23976
Feedback: 0.41295
Received=	-0.41135
Feedback: 0.60262
Received=	-0.22863
Feedback: 0.40064
Received=	-0.15671
Feedback: 0.32115
Received=	-0.19604
Feedback: 0.36462
Received=	-0.15409
Feedback: 0.31825
Received=	-0.3712
Feedback: 0.55823
Received=	-0.39546
Feedback: 0.58506
Received=	-0.60546
Feedback: 0.81718
Received=	-0.27864
Feedback: 0.45593
Received=	-0.22899
Feedback: 0.40104
Received=	-0.2116
Feedback: 0.38182
Received=	-0.44995
Feedback: 0.64529
Received=	-0.47416
Feedback: 0.67205
Received=	-0.40019
Feedback: 0.59028
Received=	-0.38051
Feedback: 0.56853
Received=	-0.43512
Feedback: 0.6289
Received=	-0.29352
Feedback: 0.47237
Received=	-0.10288
Feedback: 0.26164
Received=	-0.2183
Feedback: 0.38922
Received=	-0.39743
Feedback: 0.58723
Received=	-0.50081
Feedback: 0.70151
Received=	-0.50534
Feedback: 0.70651
Received=	-0.38733
Feedback: 0.57606
Received=	-0.28767
Feedback: 0.4659
Received=	-0.45678
Feedback: 0.65284
Received=	-0.26042
Feedback: 0.43579
Received=	-0.054833
Feedback: 0.20853
Received=	-0.16104
Feedback: 0.32593
Received=	-0.31655
Feedback: 0.49783
Received=	-0.39368
Feedback: 0.58308
Received=	-0.29274
Feedback: 0.47151
Received=	-0.4041
Feedback: 0.5946
Received=	-0.2584
Feedback: 0.43355
Received=	-0.2541
Feedback: 0.42879
Received=	-0.18753
Feedback: 0.35522
Calculated range:	[(-2.000000) - (2.000000)]
Success index = (0.093445)
Received=	-0.022385
=====  16:47:5 - BASE  ============
Feedback: 0.66
Received=	0.28818
Feedback: 0.66
Received=	0.30207
Feedback: 0.66
Received=	-0.026418
Feedback: 0.66
Received=	-0.22651
Feedback: 0.66
Received=	-0.41783
Feedback: 0.66
Received=	-0.40091
Feedback: 0.66
Received=	-0.32035
Feedback: 0.66
Received=	-0.37666
Feedback: 0.66
Received=	-0.48614
Feedback: 0.66
Received=	-0.47916
Feedback: 0.66
Received=	-0.34707
Feedback: 0.66
Received=	-0.36745
Feedback: 0.66
Received=	-0.34712
Feedback: 0.66
Received=	0.23642
Feedback: 0.66
Received=	-0.23917
Feedback: 0.66
Received=	-0.28823
Feedback: 0.66
Received=	-0.13174
Feedback: 0.66
Received=	0.15047
Feedback: 0.66
Received=	0.3099
Feedback: 0.66
Received=	0.041245
=====  16:48:5 - NF  ============
Feedback: 0.32683
Received=	-0.42807
Feedback: 0.67527
Received=	-0.54521
Feedback: 0.76224
Received=	-0.37954
Feedback: 0.63924
Received=	-0.20243
Feedback: 0.50774
Received=	-0.17484
Feedback: 0.48726
Received=	-0.15675
Feedback: 0.47383
Received=	-0.38086
Feedback: 0.64022
Received=	-0.50848
Feedback: 0.73497
Received=	-0.33669
Feedback: 0.60743
Received=	-0.39701
Feedback: 0.65221
Received=	-0.34404
Feedback: 0.61288
Received=	-0.10275
Feedback: 0.43374
Received=	-0.15886
Feedback: 0.4754
Received=	-0.087492
Feedback: 0.42241
Received=	-0.11642
Feedback: 0.44389
Received=	-0.27822
Feedback: 0.56402
Received=	-0.31062
Feedback: 0.58807
Received=	-0.30525
Feedback: 0.58409
Received=	-0.39634
Feedback: 0.65172
Received=	-0.33851
Feedback: 0.60878
Received=	-0.17447
Feedback: 0.48699
Received=	-0.18892
Feedback: 0.49771
Received=	-0.48328
Feedback: 0.71626
Received=	-0.65272
Feedback: 0.84206
Received=	-0.7519
Feedback: 0.9
Received=	-0.46457
Feedback: 0.70237
Received=	-0.038403
Feedback: 0.38597
Received=	-0.12239
Feedback: 0.44832
Received=	-0.31262
Feedback: 0.58955
Received=	-0.2912
Feedback: 0.57365
Received=	-0.56536
Feedback: 0.7772
Received=	-0.42473
Feedback: 0.67279
Received=	-0.31402
Feedback: 0.5906
Received=	-0.2428
Feedback: 0.53772
Received=	-0.27767
Feedback: 0.56361
Received=	-0.51199
Feedback: 0.73758
Received=	-0.5774
Feedback: 0.78614
Received=	-0.52407
Feedback: 0.74654
Received=	-0.39406
Feedback: 0.65002
Received=	-0.15141
Feedback: 0.46987
Received=	0.0069595
Feedback: 0.35229
Received=	-0.19928
Feedback: 0.50541
Received=	-0.18043
Feedback: 0.49142
Received=	-0.20088
Feedback: 0.50659
Received=	-0.2797
Feedback: 0.56511
Received=	-0.31561
Feedback: 0.59178
Received=	-0.40032
Feedback: 0.65467
Received=	-0.44551
Feedback: 0.68822
Received=	-0.33882
Feedback: 0.60901
Received=	-0.34573
Feedback: 0.61414
Received=	-0.29573
Feedback: 0.57702
Received=	-0.22343
Feedback: 0.52334
Received=	-0.198
Feedback: 0.50446
Received=	-0.12314
Feedback: 0.44888
Received=	-0.16534
Feedback: 0.48021
Received=	-0.24881
Feedback: 0.54218
Received=	0.2002
Feedback: 0.20882
Received=	0.23454
Feedback: 0.18332
Received=	-0.25919
Feedback: 0.54989
Calculated range:	[(-2.000000) - (2.000000)]
Success index = (-0.458404)
Received=	-0.21045
=====  16:51:5 - BASE  ============
Feedback: 0.66
Received=	-0.01917
Feedback: 0.66
Received=	0.23677
Feedback: 0.66
Received=	0.32543
Feedback: 0.66
Received=	0.29845
Feedback: 0.66
Received=	-0.083399
Feedback: 0.66
Received=	-0.3964
Feedback: 0.66
Received=	-0.27405
Feedback: 0.66
Received=	-0.018286
Feedback: 0.66
Received=	-0.07316
Feedback: 0.66
Received=	-0.39682
Feedback: 0.66
Received=	-0.3758
Feedback: 0.66
Received=	-0.37129
Feedback: 0.66
Received=	-0.19304
Feedback: 0.66
Received=	-0.59777
Feedback: 0.66
Received=	-0.64757
Feedback: 0.66
Received=	-0.58759
Feedback: 0.66
Received=	-0.4302
Feedback: 0.66
Received=	-0.27871
Feedback: 0.66
Received=	0.040768
Feedback: 0.66
Received=	0.015211
=====  16:52:5 - NF  ============
Feedback: 0.34898
Received=	-0.60622
Feedback: 0.76135
Received=	-0.61624
Feedback: 0.768
Received=	-0.21743
Feedback: 0.50336
Received=	-0.13635
Feedback: 0.44955
Received=	-0.18537
Feedback: 0.48208
Received=	-0.28689
Feedback: 0.54945
Received=	-0.25091
Feedback: 0.52557
Received=	-0.083622
Feedback: 0.41457
Received=	0.038797
Feedback: 0.33333
Received=	-0.25029
Feedback: 0.52517
Received=	-0.42257
Feedback: 0.63949
Received=	-0.35799
Feedback: 0.59663
Received=	-0.54988
Feedback: 0.72396
Received=	-0.23405
Feedback: 0.51439
Received=	-0.37548
Feedback: 0.60824
Received=	-0.53017
Feedback: 0.71089
Received=	-0.35778
Feedback: 0.59649
Received=	-0.22131
Feedback: 0.50594
Received=	-0.42855
Feedback: 0.64345
Received=	-0.42473
Feedback: 0.64092
Received=	-0.28659
Feedback: 0.54925
Received=	-0.44435
Feedback: 0.65394
Received=	-0.45432
Feedback: 0.66056
Received=	-0.42044
Feedback: 0.63807
Received=	-0.5398
Feedback: 0.71728
Received=	-0.40296
Feedback: 0.62647
Received=	-0.22247
Feedback: 0.5067
Received=	0.1207
Feedback: 0.27898
Received=	0.055573
Feedback: 0.3222
Received=	-0.34696
Feedback: 0.58931
Received=	-0.3772
Feedback: 0.60938
Received=	-0.34087
Feedback: 0.58527
Received=	-0.26372
Feedback: 0.53407
Received=	0.0099095
Feedback: 0.3525
Received=	-0.026179
Feedback: 0.37645
Received=	-0.13356
Feedback: 0.44771
Received=	-0.17175
Feedback: 0.47304
Received=	-0.21864
Feedback: 0.50416
Received=	-0.12533
Feedback: 0.44224
Received=	0.014598
Feedback: 0.34939
Received=	0.045113
Feedback: 0.32914
Received=	-0.047445
Feedback: 0.39056
Received=	-0.27259
Feedback: 0.53996
Received=	-0.39323
Feedback: 0.62002
Received=	-0.055963
Feedback: 0.39621
Received=	-0.28254
Feedback: 0.54657
Received=	-0.52237
Feedback: 0.70571
Received=	-0.30285
Feedback: 0.56004
Received=	-0.26712
Feedback: 0.53633
Received=	-0.23256
Feedback: 0.5134
Received=	-0.33065
Feedback: 0.57849
Received=	-0.22615
Feedback: 0.50915
Received=	-0.038827
Feedback: 0.38484
Received=	0.37958
Feedback: 0.10719
Received=	0.023243
Feedback: 0.34365
Received=	-0.15361
Feedback: 0.46101
Received=	-0.37132
Feedback: 0.60548
Received=	-0.15784
Feedback: 0.46381
Received=	-0.44429
Feedback: 0.6539
Calculated range:	[(-2.000000) - (2.000000)]
Success index = (-0.147358)
Received=	-0.21412
=====  16:55:5 - BASE  ============
Feedback: 0.66
Received=	-0.025627
Feedback: 0.66
Received=	0.040596
Feedback: 0.66
Received=	0.143
Feedback: 0.66
Received=	0.38074
Feedback: 0.66
Received=	0.14044
Feedback: 0.66
Received=	-0.10075
Feedback: 0.66
Received=	-0.19663
Feedback: 0.66
Received=	-0.057349
Feedback: 0.66
Received=	-0.19064
Feedback: 0.66
Received=	-0.36266
Feedback: 0.66
Received=	-0.35896
Feedback: 0.66
Received=	-0.46076
Feedback: 0.66
Received=	-0.41734
Feedback: 0.66
Received=	-0.30021
Feedback: 0.66
Received=	-0.35385
Feedback: 0.66
Received=	-0.0918
Feedback: 0.66
Received=	-0.15554
Feedback: 0.66
Received=	0.018082
Feedback: 0.66
Received=	0.085853
Feedback: 0.66
Received=	-0.14907
=====  16:56:5 - NF  ============
Feedback: 0.52151
Received=	-0.067317
Feedback: 0.45044
Received=	-0.13132
Feedback: 0.50608
Received=	0.12694
Feedback: 0.28154
Received=	-0.19051
Feedback: 0.55755
Received=	-0.31721
Feedback: 0.66771
Received=	-0.42923
Feedback: 0.7651
Received=	-0.33634
Feedback: 0.68434
Received=	-0.41833
Feedback: 0.75563
Received=	-0.30597
Feedback: 0.65793
Received=	0.035385
Feedback: 0.36114
Received=	-0.1661
Feedback: 0.53633
Received=	-0.35725
Feedback: 0.70252
Received=	-0.32054
Feedback: 0.67061
Received=	-0.17354
Feedback: 0.54279
Received=	-0.18634
Feedback: 0.55392
Received=	-0.26838
Feedback: 0.62525
Received=	-0.40065
Feedback: 0.74026
Received=	-0.14146
Feedback: 0.5149
Received=	0.011406
Feedback: 0.38199
Received=	-0.17049
Feedback: 0.54015
Received=	-0.60257
Feedback: 0.9
Received=	-0.49934
Feedback: 0.82606
Received=	-0.28139
Feedback: 0.63656
Received=	-0.29841
Feedback: 0.65136
Received=	-0.24844
Feedback: 0.60792
Received=	-0.13081
Feedback: 0.50564
Received=	-0.15805
Feedback: 0.52932
Received=	0.036367
Feedback: 0.36029
Received=	-0.032291
Feedback: 0.41998
Received=	-0.30329
Feedback: 0.6556
Received=	-0.39055
Feedback: 0.73148
Received=	-0.31326
Feedback: 0.66427
Received=	-0.2775
Feedback: 0.63318
Received=	-0.19415
Feedback: 0.56071
Received=	-0.23187
Feedback: 0.59351
Received=	-0.34615
Feedback: 0.69287
Received=	-0.33581
Feedback: 0.68388
Received=	-0.1775
Feedback: 0.54624
Received=	-0.28005
Feedback: 0.6354
Received=	-0.25943
Feedback: 0.61747
Received=	-0.1577
Feedback: 0.52902
Received=	-0.081997
Feedback: 0.4632
Received=	-0.32854
Feedback: 0.67756
Received=	-0.41184
Feedback: 0.74999
Received=	-0.10405
Feedback: 0.48237
Received=	0.15224
Feedback: 0.25955
Received=	-0.061802
Feedback: 0.44564
Received=	-0.27106
Feedback: 0.62758
Received=	-0.46089
Feedback: 0.79264
Received=	-0.32385
Feedback: 0.67348
Received=	-0.15949
Feedback: 0.53058
Received=	-0.18456
Feedback: 0.55237
Received=	-0.15646
Feedback: 0.52795
Received=	-0.27246
Feedback: 0.6288
Received=	-0.13337
Feedback: 0.50787
Received=	-0.45327
Feedback: 0.78601
Received=	-0.51076
Feedback: 0.83599
Received=	-0.3793
Feedback: 0.72169
Received=	-0.11019
Feedback: 0.48772
Calculated range:	[(-2.000000) - (2.000000)]
Success index = (-0.643515)
Received=	0.16249
=====  16:59:5 - BASE  ============
Feedback: 0.66
Received=	0.19098
Feedback: 0.66
Received=	-0.011558
Feedback: 0.66
Received=	0.86824
Feedback: 0.66
Received=	0.75888
Feedback: 0.66
Received=	-0.25552
Feedback: 0.66
Received=	-0.16419
Feedback: 0.66
Received=	0.00047177
Feedback: 0.66
Received=	0.17707
Feedback: 0.66
Received=	0.2551
Feedback: 0.66
Received=	0.34035
Feedback: 0.66
Received=	0.0093963
Feedback: 0.66
Received=	-0.17064
Feedback: 0.66
Received=	-0.094582
Feedback: 0.66
Received=	0.060657
Feedback: 0.66
Received=	-0.06176
Feedback: 0.66
Received=	-0.23831
Feedback: 0.66
Received=	-0.019069
Feedback: 0.66
Received=	-0.13449
Feedback: 0.66
Received=	-0.051853
Feedback: 0.66
Received=	-0.17324
=====  17:0:5 - NF  ============
Feedback: 0.65557
Received=	-0.21749
Feedback: 0.68382
Received=	-0.33973
Feedback: 0.76185
Received=	-0.072477
Feedback: 0.59124
Received=	0.13506
Feedback: 0.45876
Received=	0.12986
Feedback: 0.46208
Received=	-0.015613
Feedback: 0.55494
Received=	-0.1513
Feedback: 0.64156
Received=	-0.0078722
Feedback: 0.55
Received=	0.029153
Feedback: 0.52637
Received=	-0.14935
Feedback: 0.64032
Received=	-0.28327
Feedback: 0.72581
Received=	-0.070029
Feedback: 0.58968
Received=	-0.11835
Feedback: 0.62053
Received=	-0.38156
Feedback: 0.78856
Received=	-0.50529
Feedback: 0.86754
Received=	-0.34825
Feedback: 0.76729
Received=	-0.24717
Feedback: 0.70276
Received=	0.15504
Feedback: 0.446
Received=	-0.15728
Feedback: 0.64538
Received=	-0.16571
Feedback: 0.65076
Received=	0.10802
Feedback: 0.47602
Received=	0.054462
Feedback: 0.51021
Received=	-0.058817
Feedback: 0.58252
Received=	-0.044019
Feedback: 0.57308
Received=	-0.13701
Feedback: 0.63244
Received=	-0.50476
Feedback: 0.8672
Received=	-0.57771
Feedback: 0.9
Received=	-0.44727
Feedback: 0.8305
Received=	-0.24948
Feedback: 0.70424
Received=	-0.136
Feedback: 0.63179
Received=	-0.044697
Feedback: 0.57351
Received=	-0.22796
Feedback: 0.6905
Received=	-0.55721
Feedback: 0.9
Received=	-0.34225
Feedback: 0.76346
Received=	-0.060689
Feedback: 0.58372
Received=	-0.01309
Feedback: 0.55333
Received=	-0.16493
Feedback: 0.65026
Received=	-0.30422
Feedback: 0.73919
Received=	-0.31783
Feedback: 0.74787
Received=	-0.24927
Feedback: 0.7041
Received=	-0.19623
Feedback: 0.67024
Received=	0.12877
Feedback: 0.46277
Received=	0.18907
Feedback: 0.42428
Received=	-0.22631
Feedback: 0.68945
Received=	-0.35339
Feedback: 0.77057
Received=	-0.31354
Feedback: 0.74513
Received=	-0.3791
Feedback: 0.78698
Received=	-0.30327
Feedback: 0.73858
Received=	-0.20085
Feedback: 0.67319
Received=	-0.23789
Feedback: 0.69684
Received=	-0.29871
Feedback: 0.73567
Received=	-0.19471
Feedback: 0.66928
Received=	-0.17671
Feedback: 0.65779
Received=	0.10922
Feedback: 0.47525
Received=	0.79625
Feedback: 0.1
Received=	0.39244
Feedback: 0.29446
Received=	-0.14538
Feedback: 0.63778
Received=	-0.092637
Feedback: 0.60411
Received=	0.091196
Feedback: 0.48676
Calculated range:	[(-2.000000) - (2.000000)]
Success index = (-0.856402)
closing...
