Direction=-1.000000	; step=1.000000;
Received=	0
Feedback: 0.66
Received=	0
Feedback: 0.66
Received=	0
Feedback: 0.66
Received=	0.22812
Feedback: 0.66
Received=	0.127
Feedback: 0.66
Received=	0.002164
Feedback: 0.66
Received=	0.097133
Feedback: 0.66
Received=	0.082291
Feedback: 0.66
Received=	0.13332
Feedback: 0.66
Received=	0.046197
Feedback: 0.66
Received=	0.25078
Feedback: 0.66
Received=	0.28304
Feedback: 0.66
Received=	-0.015022
Feedback: 0.66
Received=	0.062072
Feedback: 0.66
Received=	0.1063
Feedback: 0.66
Received=	-0.084267
Feedback: 0.66
Received=	0.19614
Feedback: 0.66
Received=	0.027343
Feedback: 0.66
Received=	0.11796
Feedback: 0.66
Received=	0.060599
Feedback: 0.66
Received=	0.04859
=====  10:33:32 - NF  ============
Feedback: 0.59636
Received=	0.16034
Feedback: 0.3674
Received=	0.2029
Feedback: 0.28021
Received=	0.30635
Feedback: 0.1
Received=	0.19233
Feedback: 0.30186
Received=	0.28958
Feedback: 0.10261
Received=	0.052681
Feedback: 0.58798
Received=	-0.13663
Feedback: 0.9
Received=	0.032845
Feedback: 0.62862
Received=	-0.12229
Feedback: 0.9
Received=	0.13585
Feedback: 0.41757
Received=	0.091521
Feedback: 0.5084
Received=	0.21291
Feedback: 0.2597
Received=	0.13243
Feedback: 0.42459
Received=	0.061533
Feedback: 0.56984
Received=	-0.039042
Feedback: 0.7759
Received=	-0.11326
Feedback: 0.9
Received=	-0.015935
Feedback: 0.72856
Received=	0.065174
Feedback: 0.56238
Received=	0.039858
Feedback: 0.61425
Received=	0.1008
Feedback: 0.48938
Received=	0.14702
Feedback: 0.39468
Received=	0.11252
Feedback: 0.46538
Received=	-0.050951
Feedback: 0.8003
Received=	0.05457
Feedback: 0.5841
Received=	0.087323
Feedback: 0.517
Received=	0.27809
Feedback: 0.12615
Received=	0.29742
Feedback: 0.1
Received=	-0.0069944
Feedback: 0.71024
Received=	0.13612
Feedback: 0.41703
Received=	0.28061
Feedback: 0.121
Received=	0.12499
Feedback: 0.43983
Received=	0.22837
Feedback: 0.22803
Received=	0.1142
Feedback: 0.46194
Received=	-0.017937
Feedback: 0.73266
Received=	0.08133
Feedback: 0.52928
Received=	0.20943
Feedback: 0.26682
Received=	0.29902
Feedback: 0.1
Received=	0.29143
Feedback: 0.1
Received=	0.081347
Feedback: 0.52924
Received=	-0.1343
Feedback: 0.9
Received=	0.056573
Feedback: 0.58
Received=	0.28059
Feedback: 0.12102
Received=	0.010902
Feedback: 0.67357
Received=	-0.069839
Feedback: 0.839
Received=	0.049751
Feedback: 0.59398
Received=	0.18831
Feedback: 0.31009
Received=	0.203
Feedback: 0.27999
Received=	0.037644
Feedback: 0.61878
Received=	-0.058129
Feedback: 0.81501
Received=	-0.16715
Feedback: 0.9
Received=	-0.17715
Feedback: 0.9
Received=	-0.12771
Feedback: 0.9
Received=	-0.23249
Feedback: 0.9
Received=	-0.056266
Feedback: 0.81119
Received=	-0.026834
Feedback: 0.75089
Received=	-0.10884
Feedback: 0.9
Received=	-0.13317
Feedback: 0.9
Received=	-0.087018
Feedback: 0.87419
Received=	-0.32516
Feedback: 0.9
Calculated range:	[(-2.000000) - (2.000000)]
Success index = (-0.262492)
Received=	-0.43982
=====  10:36:32 - BASE  ============
Feedback: 0.66
Received=	-0.26377
Feedback: 0.66
Received=	-0.013471
Feedback: 0.66
Received=	0.11009
Feedback: 0.66
Received=	0.066223
Feedback: 0.66
Received=	0.30697
Feedback: 0.66
Received=	0.050067
Feedback: 0.66
Received=	-0.18292
Feedback: 0.66
Received=	0.029877
Feedback: 0.66
Received=	0.12408
Feedback: 0.66
Received=	-0.064931
Feedback: 0.66
Received=	-0.081988
Feedback: 0.66
Received=	0.08235
Feedback: 0.66
Received=	0.10516
Feedback: 0.66
Received=	0.30552
Feedback: 0.66
Received=	0.17637
Feedback: 0.66
Received=	0.13411
Feedback: 0.66
Received=	0.17686
Feedback: 0.66
Received=	0.070105
Feedback: 0.66
Received=	0.14646
Feedback: 0.66
Received=	0.21813
=====  10:37:32 - NF  ============
Feedback: 0.28573
Received=	0.20088
Feedback: 0.31362
Received=	0.34475
Feedback: 0.1
Received=	0.26907
Feedback: 0.20337
Received=	-0.093593
Feedback: 0.78974
Received=	-0.096537
Feedback: 0.7945
Received=	0.15824
Feedback: 0.38256
Received=	0.45297
Feedback: 0.1
Received=	0.15506
Feedback: 0.3877
Received=	-0.042845
Feedback: 0.70769
Received=	0.038542
Feedback: 0.5761
Received=	0.059572
Feedback: 0.54209
Received=	0.18939
Feedback: 0.33219
Received=	0.20407
Feedback: 0.30847
Received=	0.16918
Feedback: 0.36487
Received=	0.20783
Feedback: 0.30239
Received=	0.27759
Feedback: 0.18958
Received=	0.22486
Feedback: 0.27485
Received=	0.044762
Feedback: 0.56604
Received=	0.060621
Feedback: 0.5404
Received=	0.077523
Feedback: 0.51307
Received=	0.035952
Feedback: 0.58028
Received=	0.080875
Feedback: 0.50765
Received=	0.15893
Feedback: 0.38144
Received=	0.26227
Feedback: 0.21436
Received=	0.016801
Feedback: 0.61125
Received=	0.037385
Feedback: 0.57797
Received=	0.3238
Feedback: 0.11487
Received=	0.26932
Feedback: 0.20295
Received=	0.27633
Feedback: 0.19162
Received=	0.32736
Feedback: 0.10912
Received=	0.14453
Feedback: 0.40473
Received=	0.076834
Feedback: 0.51418
Received=	0.0059218
Feedback: 0.62884
Received=	0.13406
Feedback: 0.42166
Received=	-0.020214
Feedback: 0.6711
Received=	0.0014453
Feedback: 0.63608
Received=	0.10494
Feedback: 0.46874
Received=	0.06744
Feedback: 0.52937
Received=	0.04946
Feedback: 0.55844
Received=	-0.23651
Feedback: 0.9
Received=	-0.17016
Feedback: 0.9
Received=	0.20104
Feedback: 0.31337
Received=	0.37594
Feedback: 0.1
Received=	0.27849
Feedback: 0.18813
Received=	0.10665
Feedback: 0.46597
Received=	0.25929
Feedback: 0.21917
Received=	0.23866
Feedback: 0.25254
Received=	0.040974
Feedback: 0.57216
Received=	-0.11918
Feedback: 0.83111
Received=	0.10611
Feedback: 0.46684
Received=	0.28065
Feedback: 0.18464
Received=	0.078922
Feedback: 0.51081
Received=	-0.16204
Feedback: 0.9
Received=	-0.046222
Feedback: 0.71315
Received=	0.21153
Feedback: 0.29639
Received=	0.084082
Feedback: 0.50246
Received=	-0.058919
Feedback: 0.73368
Received=	-0.15453
Feedback: 0.88827
Received=	-0.070239
Feedback: 0.75198
Calculated range:	[(-2.000000) - (2.000000)]
Success index = (0.183184)
Received=	-0.044549
=====  10:40:32 - BASE  ============
Feedback: 0.66
Received=	0.087665
Feedback: 0.66
Received=	0.036358
Feedback: 0.66
Received=	-0.13096
Feedback: 0.66
Received=	-0.25552
Feedback: 0.66
Received=	-0.046675
Feedback: 0.66
Received=	0.27826
Feedback: 0.66
Received=	0.40368
Feedback: 0.66
Received=	0.67569
Feedback: 0.66
Received=	0.2579
Feedback: 0.66
Received=	-0.21422
Feedback: 0.66
Received=	-0.24302
Feedback: 0.66
Received=	0.068964
Feedback: 0.66
Received=	0.091106
Feedback: 0.66
Received=	0.14188
Feedback: 0.66
Received=	0.31421
Feedback: 0.66
Received=	0.10021
Feedback: 0.66
Received=	0.042958
Feedback: 0.66
Received=	0.1287
Feedback: 0.66
Received=	0.032509
Feedback: 0.66
Received=	0.17595
=====  10:41:32 - NF  ============
Feedback: 0.43051
Received=	0.066664
Feedback: 0.52256
Received=	0.075318
Feedback: 0.51527
Received=	0.22155
Feedback: 0.3921
Received=	0.069799
Feedback: 0.51992
Received=	0.04295
Feedback: 0.54253
Received=	0.096193
Feedback: 0.49769
Received=	0.10387
Feedback: 0.49122
Received=	0.18832
Feedback: 0.42009
Received=	0.19711
Feedback: 0.41269
Received=	0.22416
Feedback: 0.38991
Received=	0.030515
Feedback: 0.553
Received=	0.11432
Feedback: 0.48242
Received=	0.11281
Feedback: 0.48369
Received=	-0.035618
Feedback: 0.6087
Received=	-0.024932
Feedback: 0.5997
Received=	0.092291
Feedback: 0.50097
Received=	0.11293
Feedback: 0.48359
Received=	-0.09791
Feedback: 0.66117
Received=	0.0038059
Feedback: 0.5755
Received=	0.054824
Feedback: 0.53253
Received=	-0.027879
Feedback: 0.60219
Received=	0.039531
Feedback: 0.54541
Received=	-0.028327
Feedback: 0.60256
Received=	0.077725
Feedback: 0.51324
Received=	-0.056178
Feedback: 0.62602
Received=	-0.1194
Feedback: 0.67927
Received=	-0.12223
Feedback: 0.68166
Received=	-0.029053
Feedback: 0.60318
Received=	0.029463
Feedback: 0.55389
Received=	-0.031448
Feedback: 0.60519
Received=	0.20428
Feedback: 0.40665
Received=	0.14451
Feedback: 0.45699
Received=	0.17466
Feedback: 0.4316
Received=	0.28905
Feedback: 0.33525
Received=	0.010015
Feedback: 0.57027
Received=	-0.082569
Feedback: 0.64825
Received=	-0.0023906
Feedback: 0.58072
Received=	0.14161
Feedback: 0.45944
Received=	0.067913
Feedback: 0.52151
Received=	-0.051962
Feedback: 0.62247
Received=	-0.14266
Feedback: 0.69886
Received=	-0.14471
Feedback: 0.70059
Received=	0.028484
Feedback: 0.55471
Received=	0.30359
Feedback: 0.323
Received=	0.17736
Feedback: 0.42932
Received=	0.10507
Feedback: 0.49021
Received=	-0.0088423
Feedback: 0.58615
Received=	-0.06987
Feedback: 0.63755
Received=	-0.14437
Feedback: 0.7003
Received=	0.29911
Feedback: 0.32678
Received=	0.054256
Feedback: 0.53301
Received=	-0.23529
Feedback: 0.77687
Received=	-0.093665
Feedback: 0.65759
Received=	0.068637
Feedback: 0.5209
Received=	-0.067481
Feedback: 0.63554
Received=	-0.13231
Feedback: 0.69015
Received=	-0.080616
Feedback: 0.6466
Received=	0.089904
Feedback: 0.50298
Received=	-0.049487
Feedback: 0.62039
Calculated range:	[(-2.000000) - (2.000000)]
Success index = (-0.360179)
Received=	-0.12154
=====  10:44:32 - BASE  ============
Feedback: 0.66
Received=	-0.11096
Feedback: 0.66
Received=	0.078191
Feedback: 0.66
Received=	0.13473
Feedback: 0.66
Received=	0.10421
Feedback: 0.66
Received=	0.080154
Feedback: 0.66
Received=	-0.12196
Feedback: 0.66
Received=	-0.28661
Feedback: 0.66
Received=	-0.28682
Feedback: 0.66
Received=	-0.031705
Feedback: 0.66
Received=	0.24513
Feedback: 0.66
Received=	0.062011
Feedback: 0.66
Received=	-0.0067741
Feedback: 0.66
Received=	0.17359
Feedback: 0.66
Received=	0.086056
Feedback: 0.66
Received=	0.017013
Feedback: 0.66
Received=	-0.030756
Feedback: 0.66
Received=	0.052837
Feedback: 0.66
Received=	0.028702
Feedback: 0.66
Received=	0.038556
Feedback: 0.66
Received=	0.09449
=====  10:45:32 - NF  ============
Feedback: 0.3901
Received=	-0.26447
Feedback: 0.9
Received=	-0.18747
Feedback: 0.79895
Received=	0.18072
Feedback: 0.26507
Received=	0.28002
Feedback: 0.12107
Received=	0.2367
Feedback: 0.18388
Received=	0.16421
Feedback: 0.28899
Received=	0.26675
Feedback: 0.14031
Received=	0.2698
Feedback: 0.13589
Received=	0.30234
Feedback: 0.1
Received=	0.079459
Feedback: 0.41189
Received=	0.10053
Feedback: 0.38134
Received=	0.042383
Feedback: 0.46565
Received=	-0.0020724
Feedback: 0.53012
Received=	0.077553
Feedback: 0.41466
Received=	0.085943
Feedback: 0.40249
Received=	0.13057
Feedback: 0.33778
Received=	0.08091
Feedback: 0.40979
Received=	-0.084504
Feedback: 0.64965
Received=	0.0062819
Feedback: 0.518
Received=	-0.017882
Feedback: 0.55304
Received=	-0.20147
Feedback: 0.81925
Received=	-0.12674
Feedback: 0.71089
Received=	-0.1427
Feedback: 0.73403
Received=	-0.35223
Feedback: 0.9
Received=	-0.38486
Feedback: 0.9
Received=	-0.19878
Feedback: 0.81535
Received=	-0.072017
Feedback: 0.63154
Received=	0.12082
Feedback: 0.35192
Received=	0.09922
Feedback: 0.38324
Received=	0.074176
Feedback: 0.41955
Received=	-0.027328
Feedback: 0.56674
Received=	0.038462
Feedback: 0.47134
Received=	-0.0169
Feedback: 0.55162
Received=	0.11186
Feedback: 0.36491
Received=	0.10592
Feedback: 0.37353
Received=	-0.039677
Feedback: 0.58465
Received=	-0.30827
Feedback: 0.9
Received=	-0.12795
Feedback: 0.71264
Received=	-0.039331
Feedback: 0.58414
Received=	-0.07796
Feedback: 0.64016
Received=	-0.12651
Feedback: 0.71056
Received=	-0.082814
Feedback: 0.64719
Received=	0.15565
Feedback: 0.30142
Received=	0.077758
Feedback: 0.41436
Received=	0.037837
Feedback: 0.47225
Received=	0.082221
Feedback: 0.40789
Received=	0.066214
Feedback: 0.4311
Received=	-0.061308
Feedback: 0.61601
Received=	0.041908
Feedback: 0.46634
Received=	0.19486
Feedback: 0.24456
Received=	-0.045796
Feedback: 0.59352
Received=	-0.24965
Feedback: 0.88911
Received=	-0.020034
Feedback: 0.55616
Received=	-0.037331
Feedback: 0.58124
Received=	0.041998
Feedback: 0.46621
Received=	-0.118
Feedback: 0.69821
Received=	0.0058906
Feedback: 0.51857
Received=	0.094294
Feedback: 0.39038
Received=	0.019049
Feedback: 0.49949
Calculated range:	[(-2.000000) - (2.000000)]
Success index = (-0.085871)
Received=	0.15803
=====  10:48:32 - BASE  ============
Feedback: 0.66
Received=	0.40416
Feedback: 0.66
Received=	0.34457
Feedback: 0.66
Received=	0.19946
Feedback: 0.66
Received=	0.24087
Feedback: 0.66
Received=	0.34722
Feedback: 0.66
Received=	0.34812
Feedback: 0.66
Received=	-0.023
Feedback: 0.66
Received=	-0.072447
Feedback: 0.66
Received=	0.015483
Feedback: 0.66
Received=	0.14478
Feedback: 0.66
Received=	0.011719
Feedback: 0.66
Received=	0.020908
Feedback: 0.66
Received=	0.040327
Feedback: 0.66
Received=	-0.096907
Feedback: 0.66
Received=	-0.10539
Feedback: 0.66
Received=	0.099656
Feedback: 0.66
Received=	-0.012724
Feedback: 0.66
Received=	-0.030668
Feedback: 0.66
Received=	-0.051778
Feedback: 0.66
Received=	0.12018
=====  10:49:32 - NF  ============
Feedback: 0.44681
Received=	0.39281
Feedback: 0.1
Received=	0.24271
Feedback: 0.28894
Received=	0.14191
Feedback: 0.41882
Received=	0.059087
Feedback: 0.52553
Received=	-0.016651
Feedback: 0.62311
Received=	-0.095223
Feedback: 0.72435
Received=	-0.029931
Feedback: 0.64022
Received=	0.24075
Feedback: 0.29147
Received=	0.091628
Feedback: 0.4836
Received=	-0.29609
Feedback: 0.9
Received=	-0.025326
Feedback: 0.63429
Received=	0.0598
Feedback: 0.52461
Received=	0.15645
Feedback: 0.40009
Received=	0.13018
Feedback: 0.43392
Received=	0.12656
Feedback: 0.43859
Received=	0.23752
Feedback: 0.29563
Received=	0.16025
Feedback: 0.39519
Received=	0.0069634
Feedback: 0.59269
Received=	0.025375
Feedback: 0.56896
Received=	0.049802
Feedback: 0.53749
Received=	-0.097591
Feedback: 0.7274
Received=	-0.10186
Feedback: 0.73289
Received=	-0.15446
Feedback: 0.80067
Received=	-0.02981
Feedback: 0.64007
Received=	0.2497
Feedback: 0.27993
Received=	0.42047
Feedback: 0.1
Received=	0.066208
Feedback: 0.51635
Received=	-0.0071058
Feedback: 0.61081
Received=	-0.073853
Feedback: 0.69681
Received=	0.049584
Feedback: 0.53777
Received=	0.42091
Feedback: 0.1
Received=	0.43288
Feedback: 0.1
Received=	0.14279
Feedback: 0.41768
Received=	-0.11741
Feedback: 0.75294
Received=	0.16858
Feedback: 0.38446
Received=	0.19937
Feedback: 0.34478
Received=	0.0028999
Feedback: 0.59792
Received=	0.046549
Feedback: 0.54168
Received=	0.17943
Feedback: 0.37048
Received=	-0.071364
Feedback: 0.69361
Received=	-0.10385
Feedback: 0.73546
Received=	0.13028
Feedback: 0.4338
Received=	-0.057492
Feedback: 0.67573
Received=	-0.13508
Feedback: 0.7757
Received=	0.0084957
Feedback: 0.59071
Received=	0.21936
Feedback: 0.31903
Received=	0.13026
Feedback: 0.43382
Received=	-0.1158
Feedback: 0.75085
Received=	0.058019
Feedback: 0.5269
Received=	-0.096774
Feedback: 0.72635
Received=	-0.061685
Feedback: 0.68114
Received=	0.0077825
Feedback: 0.59163
Received=	0.057643
Feedback: 0.52739
Received=	0.27036
Feedback: 0.25331
Received=	0.41752
Feedback: 0.1
Received=	0.034863
Feedback: 0.55674
Received=	-0.022648
Feedback: 0.63084
Received=	0.089572
Feedback: 0.48625
Received=	0.054805
Feedback: 0.53105
Calculated range:	[(-2.000000) - (2.000000)]
Success index = (-0.036607)
closing...
