Direction=-1.000000	; step=1.000000;
Received=	0
Feedback: 0.66
Received=	0
Feedback: 0.66
Received=	0
Feedback: 0.66
Received=	-0.29978
Feedback: 0.66
Received=	0.099088
Feedback: 0.66
Received=	0.067226
Feedback: 0.66
Received=	0.019424
Feedback: 0.66
Received=	-0.0070276
Feedback: 0.66
Received=	0.20212
Feedback: 0.66
Received=	0.3477
Feedback: 0.66
Received=	0.52887
Feedback: 0.66
Received=	0.63232
Feedback: 0.66
Received=	1.0061
Feedback: 0.66
Received=	0.90184
Feedback: 0.66
Received=	0.32342
Feedback: 0.66
Received=	-0.11854
Feedback: 0.66
Received=	0.19862
Feedback: 0.66
Received=	0.20922
Feedback: 0.66
Received=	0.37936
Feedback: 0.66
Received=	0.3933
Feedback: 0.66
Received=	0.52173
=====  8:36:57 - NF  ============
Feedback: 0.352
Received=	0.54029
Feedback: 0.34103
Received=	0.48235
Feedback: 0.37527
Received=	0.49308
Feedback: 0.36893
Received=	0.57151
Feedback: 0.32258
Received=	0.5099
Feedback: 0.35899
Received=	0.38675
Feedback: 0.43177
Received=	0.15335
Feedback: 0.5697
Received=	0.11193
Feedback: 0.59417
Received=	-0.029602
Feedback: 0.67782
Received=	0.0060975
Feedback: 0.65672
Received=	0.54746
Feedback: 0.33679
Received=	0.48989
Feedback: 0.37082
Received=	0.50458
Feedback: 0.36213
Received=	0.31738
Feedback: 0.47276
Received=	0.31403
Feedback: 0.47474
Received=	0.56635
Feedback: 0.32563
Received=	0.77553
Feedback: 0.20202
Received=	0.85686
Feedback: 0.15395
Received=	0.88547
Feedback: 0.13705
Received=	0.9402
Feedback: 0.1047
Received=	0.66372
Feedback: 0.26809
Received=	0.53438
Feedback: 0.34452
Received=	0.56311
Feedback: 0.32755
Received=	0.37645
Feedback: 0.43785
Received=	0.69648
Feedback: 0.24873
Received=	0.96427
Feedback: 0.1
Received=	0.41505
Feedback: 0.41505
Received=	0.22148
Feedback: 0.52944
Received=	-0.00073782
Feedback: 0.66076
Received=	-0.029213
Feedback: 0.67759
Received=	0.43414
Feedback: 0.40376
Received=	0.22249
Feedback: 0.52884
Received=	0.37421
Feedback: 0.43918
Received=	0.5922
Feedback: 0.31036
Received=	0.55591
Feedback: 0.3318
Received=	0.51365
Feedback: 0.35678
Received=	0.54259
Feedback: 0.33967
Received=	0.22654
Feedback: 0.52645
Received=	0.01529
Feedback: 0.65129
Received=	-0.036167
Feedback: 0.68169
Received=	0.086289
Feedback: 0.60933
Received=	0.20693
Feedback: 0.53804
Received=	0.45352
Feedback: 0.39231
Received=	0.70892
Feedback: 0.24138
Received=	0.53663
Feedback: 0.3432
Received=	0.29533
Feedback: 0.48579
Received=	0.24257
Feedback: 0.51698
Received=	0.30705
Feedback: 0.47887
Received=	0.66362
Feedback: 0.26815
Received=	0.75967
Feedback: 0.21139
Received=	0.26844
Feedback: 0.50169
Received=	0.10624
Feedback: 0.59754
Received=	0.30555
Feedback: 0.47975
Received=	0.45735
Feedback: 0.39005
Received=	0.4795
Feedback: 0.37696
Received=	0.54525
Feedback: 0.3381
Received=	0.3841
Feedback: 0.43334
Received=	0.34568
Feedback: 0.45604
Received=	0.31898
Feedback: 0.47182
Calculated range:	[(-2.000000) - (2.000000)]
Success index = (0.561232)
Received=	0.3829
=====  8:39:57 - BASE  ============
Feedback: 0.66
Received=	0.27943
Feedback: 0.66
Received=	0.23607
Feedback: 0.66
Received=	0.41513
Feedback: 0.66
Received=	0.1639
Feedback: 0.66
Received=	0.22311
Feedback: 0.66
Received=	0.070252
Feedback: 0.66
Received=	0.064293
Feedback: 0.66
Received=	0.47676
Feedback: 0.66
Received=	0.62257
Feedback: 0.66
Received=	0.4201
Feedback: 0.66
Received=	0.38403
Feedback: 0.66
Received=	0.45629
Feedback: 0.66
Received=	0.35281
Feedback: 0.66
Received=	0.38339
Feedback: 0.66
Received=	0.47196
Feedback: 0.66
Received=	0.56669
Feedback: 0.66
Received=	0.61131
Feedback: 0.66
Received=	0.73222
Feedback: 0.66
Received=	0.60838
Feedback: 0.66
Received=	0.42837
=====  8:40:57 - NF  ============
Feedback: 0.47392
Received=	0.55789
Feedback: 0.3392
Received=	0.54527
Feedback: 0.35233
Received=	0.36906
Feedback: 0.5356
Received=	0.24459
Feedback: 0.66507
Received=	0.31078
Feedback: 0.59622
Received=	0.4561
Feedback: 0.44507
Received=	0.50976
Feedback: 0.38926
Received=	0.64497
Feedback: 0.24863
Received=	0.58996
Feedback: 0.30584
Received=	0.22895
Feedback: 0.68133
Received=	-0.0035137
Feedback: 0.9
Received=	0.061663
Feedback: 0.85534
Received=	0.33061
Feedback: 0.5756
Received=	0.34778
Feedback: 0.55774
Received=	0.39382
Feedback: 0.50985
Received=	0.30535
Feedback: 0.60188
Received=	0.33381
Feedback: 0.57227
Received=	0.31239
Feedback: 0.59455
Received=	0.54397
Feedback: 0.35368
Received=	0.53511
Feedback: 0.3629
Received=	0.33246
Feedback: 0.57368
Received=	0.088709
Feedback: 0.82721
Received=	0.19348
Feedback: 0.71823
Received=	0.37951
Feedback: 0.52474
Received=	0.41265
Feedback: 0.49027
Received=	0.43161
Feedback: 0.47055
Received=	0.44335
Feedback: 0.45833
Received=	0.39545
Feedback: 0.50816
Received=	0.21048
Feedback: 0.70055
Received=	0.30418
Feedback: 0.60309
Received=	0.35331
Feedback: 0.55199
Received=	0.031345
Feedback: 0.88687
Received=	-0.063516
Feedback: 0.9
Received=	-7.5863e-05
Feedback: 0.9
Received=	-0.13377
Feedback: 0.9
Received=	-0.15777
Feedback: 0.9
Received=	-0.031579
Feedback: 0.9
Received=	0.2069
Feedback: 0.70428
Received=	0.11037
Feedback: 0.80468
Received=	0.29825
Feedback: 0.60926
Received=	0.4741
Feedback: 0.42635
Received=	0.29921
Feedback: 0.60826
Received=	0.30361
Feedback: 0.60369
Received=	0.43481
Feedback: 0.46722
Received=	0.42178
Feedback: 0.48077
Received=	0.31448
Feedback: 0.59237
Received=	0.28209
Feedback: 0.62606
Received=	0.14572
Feedback: 0.76791
Received=	0.10837
Feedback: 0.80676
Received=	0.22042
Feedback: 0.69021
Received=	0.3755
Feedback: 0.52891
Received=	0.27603
Feedback: 0.63236
Received=	0.25054
Feedback: 0.65888
Received=	0.14452
Feedback: 0.76916
Received=	0.19768
Feedback: 0.71387
Received=	0.44233
Feedback: 0.45939
Received=	0.23488
Feedback: 0.67517
Received=	0.17876
Feedback: 0.73355
Received=	0.16413
Feedback: 0.74875
Calculated range:	[(-2.000000) - (2.000000)]
Success index = (-0.646039)
Received=	0.13468
=====  8:43:57 - BASE  ============
Feedback: 0.66
Received=	0.35208
Feedback: 0.66
Received=	0.63997
Feedback: 0.66
Received=	0.8631
Feedback: 0.66
Received=	0.777
Feedback: 0.66
Received=	0.26911
Feedback: 0.66
Received=	0.16429
Feedback: 0.66
Received=	0.2572
Feedback: 0.66
Received=	0.40362
Feedback: 0.66
Received=	0.39309
Feedback: 0.66
Received=	0.14271
Feedback: 0.66
Received=	0.25519
Feedback: 0.66
Received=	0.10117
Feedback: 0.66
Received=	0.047823
Feedback: 0.66
Received=	0.26805
Feedback: 0.66
Received=	0.57901
Feedback: 0.66
Received=	0.73036
Feedback: 0.66
Received=	0.54822
Feedback: 0.66
Received=	0.42659
Feedback: 0.66
Received=	0.69856
Feedback: 0.66
Received=	0.86112
=====  8:44:57 - NF  ============
Feedback: 0.1487
Received=	0.87708
Feedback: 0.13598
Received=	0.55776
Feedback: 0.39044
Received=	0.44232
Feedback: 0.48244
Received=	0.51206
Feedback: 0.42686
Received=	0.36052
Feedback: 0.54763
Received=	0.32544
Feedback: 0.57558
Received=	0.21692
Feedback: 0.66206
Received=	0.21797
Feedback: 0.66122
Received=	0.33146
Feedback: 0.57078
Received=	0.4884
Feedback: 0.44572
Received=	0.41002
Feedback: 0.50818
Received=	0.22572
Feedback: 0.65505
Received=	0.0077946
Feedback: 0.82871
Received=	0.42511
Feedback: 0.49615
Received=	0.45218
Feedback: 0.47458
Received=	0.13069
Feedback: 0.73077
Received=	0.17239
Feedback: 0.69754
Received=	0.70372
Feedback: 0.27413
Received=	0.50859
Feedback: 0.42963
Received=	0.086642
Feedback: 0.76587
Received=	0.22435
Feedback: 0.65614
Received=	0.34534
Feedback: 0.55972
Received=	0.53891
Feedback: 0.40547
Received=	0.38464
Feedback: 0.5284
Received=	0.35441
Feedback: 0.55249
Received=	0.15742
Feedback: 0.70947
Received=	0.14219
Feedback: 0.72161
Received=	0.12154
Feedback: 0.73806
Received=	0.21689
Feedback: 0.66208
Received=	0.15286
Feedback: 0.71311
Received=	0.12464
Feedback: 0.73559
Received=	0.32186
Feedback: 0.57843
Received=	0.23774
Feedback: 0.64546
Received=	0.26338
Feedback: 0.62503
Received=	0.099009
Feedback: 0.75602
Received=	0.2054
Feedback: 0.67124
Received=	0.54879
Feedback: 0.39759
Received=	0.50459
Feedback: 0.43282
Received=	0.53238
Feedback: 0.41067
Received=	0.5679
Feedback: 0.38237
Received=	0.33216
Feedback: 0.57022
Received=	0.20823
Feedback: 0.66898
Received=	0.4524
Feedback: 0.4744
Received=	0.45617
Feedback: 0.4714
Received=	0.5551
Feedback: 0.39256
Received=	0.62189
Feedback: 0.33934
Received=	0.59936
Feedback: 0.35729
Received=	0.55391
Feedback: 0.39351
Received=	0.49991
Feedback: 0.43655
Received=	0.11565
Feedback: 0.74276
Received=	-0.084565
Feedback: 0.9
Received=	-0.056693
Feedback: 0.8801
Received=	-0.056937
Feedback: 0.88029
Received=	0.054103
Feedback: 0.7918
Received=	0.47694
Feedback: 0.45485
Received=	0.43879
Feedback: 0.48525
Received=	0.38995
Feedback: 0.52417
Received=	0.42402
Feedback: 0.49702
Received=	0.31835
Feedback: 0.58123
Calculated range:	[(-2.000000) - (2.000000)]
Success index = (-0.344353)
Received=	0.13735
=====  8:47:57 - BASE  ============
Feedback: 0.66
Received=	0.15909
Feedback: 0.66
Received=	0.13276
Feedback: 0.66
Received=	0.21861
Feedback: 0.66
Received=	0.35468
Feedback: 0.66
Received=	0.048461
Feedback: 0.66
Received=	0.080481
Feedback: 0.66
Received=	0.15193
Feedback: 0.66
Received=	0.089714
Feedback: 0.66
Received=	0.10928
Feedback: 0.66
Received=	0.084822
Feedback: 0.66
Received=	0.067744
Feedback: 0.66
Received=	0.19379
Feedback: 0.66
Received=	0.37949
Feedback: 0.66
Received=	0.45012
Feedback: 0.66
Received=	0.1984
Feedback: 0.66
Received=	0.14453
Feedback: 0.66
Received=	0.36907
Feedback: 0.66
Received=	0.1721
Feedback: 0.66
Received=	0.078499
Feedback: 0.66
Received=	0.23511
=====  8:48:57 - NF  ============
Feedback: 0.41804
Received=	0.30479
Feedback: 0.30477
Received=	0.46402
Feedback: 0.1
Received=	0.36293
Feedback: 0.21025
Received=	0.14059
Feedback: 0.5717
Received=	0.22334
Feedback: 0.43718
Received=	0.48863
Feedback: 0.1
Received=	0.6882
Feedback: 0.1
Received=	0.67934
Feedback: 0.1
Received=	0.49675
Feedback: 0.1
Received=	0.70042
Feedback: 0.1
Received=	0.68047
Feedback: 0.1
Received=	0.69209
Feedback: 0.1
Received=	0.66801
Feedback: 0.1
Received=	0.76034
Feedback: 0.1
Received=	0.50277
Feedback: 0.1
Received=	0.53933
Feedback: 0.1
Received=	0.43145
Feedback: 0.1
Received=	0.29429
Feedback: 0.32184
Received=	0.42144
Feedback: 0.11514
Received=	0.44564
Feedback: 0.1
Received=	0.25444
Feedback: 0.38662
Received=	0.20453
Feedback: 0.46775
Received=	0.3105
Feedback: 0.29548
Received=	0.28363
Feedback: 0.33916
Received=	0.41394
Feedback: 0.12733
Received=	0.23477
Feedback: 0.4186
Received=	0.16484
Feedback: 0.53228
Received=	0.35998
Feedback: 0.21504
Received=	0.45215
Feedback: 0.1
Received=	0.48282
Feedback: 0.1
Received=	0.40098
Feedback: 0.14839
Received=	0.14865
Feedback: 0.55859
Received=	0.26323
Feedback: 0.37233
Received=	0.37052
Feedback: 0.19791
Received=	0.24718
Feedback: 0.39842
Received=	0.065453
Feedback: 0.69384
Received=	-0.0080729
Feedback: 0.81337
Received=	0.22521
Feedback: 0.43413
Received=	0.37398
Feedback: 0.19229
Received=	0.31644
Feedback: 0.28582
Received=	0.25453
Feedback: 0.38647
Received=	0.38167
Feedback: 0.17978
Received=	0.6036
Feedback: 0.1
Received=	0.37262
Feedback: 0.19449
Received=	0.53298
Feedback: 0.1
Received=	0.46367
Feedback: 0.1
Received=	0.42768
Feedback: 0.10499
Received=	0.50777
Feedback: 0.1
Received=	0.23444
Feedback: 0.41913
Received=	0.50263
Feedback: 0.1
Received=	0.69128
Feedback: 0.1
Received=	0.48471
Feedback: 0.1
Received=	0.32703
Feedback: 0.26861
Received=	0.39838
Feedback: 0.15263
Received=	0.45173
Feedback: 0.1
Received=	0.37269
Feedback: 0.19438
Received=	0.41708
Feedback: 0.12222
Received=	0.42756
Feedback: 0.10518
Received=	0.34664
Feedback: 0.23673
Calculated range:	[(-2.000000) - (2.000000)]
Success index = (1.366943)
Received=	0.18274
=====  8:51:57 - BASE  ============
Feedback: 0.66
Received=	0.20161
Feedback: 0.66
Received=	0.24232
Feedback: 0.66
Received=	0.49688
Feedback: 0.66
Received=	0.37623
Feedback: 0.66
Received=	0.087757
Feedback: 0.66
Received=	0.067613
Feedback: 0.66
Received=	0.25632
Feedback: 0.66
Received=	0.27628
Feedback: 0.66
Received=	0.086258
Feedback: 0.66
Received=	0.065066
Feedback: 0.66
Received=	0.20938
Feedback: 0.66
Received=	0.32671
Feedback: 0.66
Received=	0.29231
Feedback: 0.66
Received=	0.37295
Feedback: 0.66
Received=	0.33425
Feedback: 0.66
Received=	0.13664
Feedback: 0.66
Received=	0.37147
Feedback: 0.66
Received=	0.51486
Feedback: 0.66
Received=	0.47887
Feedback: 0.66
Received=	0.51174
=====  8:52:57 - NF  ============
Feedback: 0.18072
Received=	0.3423
Feedback: 0.41153
Received=	0.35715
Feedback: 0.39129
Received=	0.39363
Feedback: 0.3416
Received=	0.343
Feedback: 0.41057
Received=	0.29774
Feedback: 0.47221
Received=	0.48731
Feedback: 0.214
Received=	0.55124
Feedback: 0.12691
Received=	0.63745
Feedback: 0.1
Received=	0.7484
Feedback: 0.1
Received=	0.63983
Feedback: 0.1
Received=	0.44355
Feedback: 0.2736
Received=	0.67687
Feedback: 0.1
Received=	0.54866
Feedback: 0.13043
Received=	0.53715
Feedback: 0.14611
Received=	0.75445
Feedback: 0.1
Received=	0.73942
Feedback: 0.1
Received=	0.4738
Feedback: 0.2324
Received=	0.26464
Feedback: 0.5173
Received=	0.32251
Feedback: 0.43848
Received=	0.45676
Feedback: 0.25561
Received=	0.38479
Feedback: 0.35364
Received=	0.40482
Feedback: 0.32636
Received=	0.4267
Feedback: 0.29656
Received=	0.37799
Feedback: 0.36291
Received=	0.61878
Feedback: 0.1
Received=	0.50355
Feedback: 0.19187
Received=	0.48064
Feedback: 0.22309
Received=	0.53758
Feedback: 0.14552
Received=	0.39445
Feedback: 0.34049
Received=	0.69386
Feedback: 0.1
Received=	0.45181
Feedback: 0.26235
Received=	0.18401
Feedback: 0.62713
Received=	0.12043
Feedback: 0.71374
Received=	0.051558
Feedback: 0.80755
Received=	0.028289
Feedback: 0.83925
Received=	0.27492
Feedback: 0.5033
Received=	0.35381
Feedback: 0.39584
Received=	0.44132
Feedback: 0.27664
Received=	0.45819
Feedback: 0.25366
Received=	0.40351
Feedback: 0.32815
Received=	0.25535
Feedback: 0.52996
Received=	0.16573
Feedback: 0.65203
Received=	0.45929
Feedback: 0.25217
Received=	0.59864
Feedback: 0.1
Received=	0.62157
Feedback: 0.1
Received=	0.59427
Feedback: 0.1
Received=	0.70461
Feedback: 0.1
Received=	0.71334
Feedback: 0.1
Received=	0.71757
Feedback: 0.1
Received=	0.59285
Feedback: 0.1
Received=	0.57812
Feedback: 0.1
Received=	0.56784
Feedback: 0.1043
Received=	0.42085
Feedback: 0.30452
Received=	0.41764
Feedback: 0.30889
Received=	0.65564
Feedback: 0.1
Received=	0.69002
Feedback: 0.1
Received=	0.59621
Feedback: 0.1
Received=	0.57241
Feedback: 0.1
Received=	0.31786
Feedback: 0.44481
Calculated range:	[(-2.000000) - (2.000000)]
Success index = (1.167200)
closing...
