Direction=-1.000000	; step=1.000000;
Received=	0
Feedback: 0.66
Received=	0
Feedback: 0.66
Received=	0
Feedback: 0.66
Received=	-0.17534
Feedback: 0.66
Received=	-0.23307
Feedback: 0.66
Received=	-0.15006
Feedback: 0.66
Received=	-0.051265
Feedback: 0.66
Received=	0.0096084
Feedback: 0.66
Received=	-0.23257
Feedback: 0.66
Received=	-0.062588
Feedback: 0.66
Received=	-0.0072784
Feedback: 0.66
Received=	0.078136
Feedback: 0.66
Received=	0.057333
Feedback: 0.66
Received=	0.41545
Feedback: 0.66
Received=	0.57042
Feedback: 0.66
Received=	0.58999
Feedback: 0.66
Received=	0.3141
Feedback: 0.66
Received=	0.025551
Feedback: 0.66
Received=	-0.069137
Feedback: 0.66
Received=	-0.15057
Feedback: 0.66
Received=	-0.20084
=====  8:28:54 - NF  ============
Feedback: 0.69823
Received=	-0.23404
Feedback: 0.7243
Received=	-0.25652
Feedback: 0.74196
Received=	-0.39173
Feedback: 0.84814
Received=	-0.44158
Feedback: 0.88729
Received=	-0.48365
Feedback: 0.9
Received=	-0.462
Feedback: 0.9
Received=	-0.49727
Feedback: 0.9
Received=	-0.34613
Feedback: 0.81233
Received=	-0.033203
Feedback: 0.56659
Received=	0.0050782
Feedback: 0.53653
Received=	-0.36688
Feedback: 0.82863
Received=	-0.32533
Feedback: 0.796
Received=	-0.32961
Feedback: 0.79936
Received=	-0.055621
Feedback: 0.5842
Received=	-0.2567
Feedback: 0.7421
Received=	-0.038406
Feedback: 0.57068
Received=	-0.039064
Feedback: 0.57119
Received=	-0.30851
Feedback: 0.78279
Received=	-0.28507
Feedback: 0.76438
Received=	-0.15242
Feedback: 0.66021
Received=	-0.14522
Feedback: 0.65456
Received=	-0.22736
Feedback: 0.71906
Received=	-0.18199
Feedback: 0.68344
Received=	-0.2052
Feedback: 0.70166
Received=	-0.42962
Feedback: 0.8779
Received=	-0.34398
Feedback: 0.81065
Received=	-0.20233
Feedback: 0.6994
Received=	-0.18844
Feedback: 0.6885
Received=	-0.1163
Feedback: 0.63185
Received=	-0.13527
Feedback: 0.64674
Received=	-0.090808
Feedback: 0.61183
Received=	-0.1327
Feedback: 0.64472
Received=	-0.092765
Feedback: 0.61337
Received=	-0.021139
Feedback: 0.55712
Received=	-0.00030619
Feedback: 0.54076
Received=	-0.11572
Feedback: 0.63139
Received=	-0.32482
Feedback: 0.7956
Received=	-0.14529
Feedback: 0.65461
Received=	-0.28058
Feedback: 0.76086
Received=	-0.26066
Feedback: 0.74522
Received=	0.13848
Feedback: 0.43177
Received=	0.17098
Feedback: 0.40625
Received=	-0.20563
Feedback: 0.70199
Received=	-0.27049
Feedback: 0.75293
Received=	-0.16053
Feedback: 0.66658
Received=	-0.082043
Feedback: 0.60495
Received=	0.2016
Feedback: 0.38221
Received=	-0.07555
Feedback: 0.59985
Received=	-0.14896
Feedback: 0.65749
Received=	-0.038817
Feedback: 0.571
Received=	-0.034057
Feedback: 0.56726
Received=	-0.11063
Feedback: 0.6274
Received=	0.079261
Feedback: 0.47827
Received=	-0.11463
Feedback: 0.63054
Received=	0.0048844
Feedback: 0.53668
Received=	0.035707
Feedback: 0.51248
Received=	-0.24795
Feedback: 0.73523
Received=	-0.41057
Feedback: 0.86294
Received=	-0.26246
Feedback: 0.74663
Calculated range:	[(-2.256848) - (1.743152)]
Success index = (-1.256848)
Received=	-0.15551
=====  8:31:54 - BASE  ============
Feedback: 0.66
Received=	-0.069379
Feedback: 0.66
Received=	-0.046423
Feedback: 0.66
Received=	0.017354
Feedback: 0.66
Received=	0.23713
Feedback: 0.66
Received=	0.10889
Feedback: 0.66
Received=	0.13589
Feedback: 0.66
Received=	0.011272
Feedback: 0.66
Received=	-0.30995
Feedback: 0.66
Received=	-0.13777
Feedback: 0.66
Received=	0.12649
Feedback: 0.66
Received=	0.27494
Feedback: 0.66
Received=	0.33421
Feedback: 0.66
Received=	-0.25726
Feedback: 0.66
Received=	-0.018457
Feedback: 0.66
Received=	0.0011327
Feedback: 0.66
Received=	0.15128
Feedback: 0.66
Received=	0.243
Feedback: 0.66
Received=	0.42725
Feedback: 0.66
Received=	0.24609
Feedback: 0.66
Received=	-0.22942
=====  8:32:54 - NF  ============
Feedback: 0.76708
Received=	-0.37493
Feedback: 0.9
Received=	-0.015799
Feedback: 0.5513
Received=	-0.022614
Feedback: 0.55818
Received=	0.012857
Feedback: 0.52235
Received=	-0.090092
Feedback: 0.62634
Received=	-0.20337
Feedback: 0.74077
Received=	0.0047899
Feedback: 0.5305
Received=	0.088851
Feedback: 0.44559
Received=	-0.083352
Feedback: 0.61954
Received=	-0.010695
Feedback: 0.54614
Received=	-0.16221
Feedback: 0.69919
Received=	-0.22121
Feedback: 0.75879
Received=	0.073673
Feedback: 0.46092
Received=	-0.17407
Feedback: 0.71117
Received=	-0.30735
Feedback: 0.8458
Received=	-0.35267
Feedback: 0.89159
Received=	-0.35873
Feedback: 0.89771
Received=	-0.011207
Feedback: 0.54666
Received=	0.24513
Feedback: 0.28772
Received=	0.21739
Feedback: 0.31575
Received=	-0.42123
Feedback: 0.9
Received=	-0.4852
Feedback: 0.9
Received=	-0.23559
Feedback: 0.77332
Received=	0.062173
Feedback: 0.47253
Received=	0.0013807
Feedback: 0.53394
Received=	0.24374
Feedback: 0.28913
Received=	0.063691
Feedback: 0.471
Received=	-0.075513
Feedback: 0.61162
Received=	-0.085108
Feedback: 0.62131
Received=	0.18076
Feedback: 0.35274
Received=	0.15271
Feedback: 0.38108
Received=	0.23073
Feedback: 0.30227
Received=	0.27464
Feedback: 0.25792
Received=	-0.35831
Feedback: 0.89728
Received=	-0.14895
Feedback: 0.6858
Received=	0.24467
Feedback: 0.28819
Received=	0.20165
Feedback: 0.33164
Received=	-0.049027
Feedback: 0.58486
Received=	0.032948
Feedback: 0.50206
Received=	-0.074315
Feedback: 0.61041
Received=	-0.29288
Feedback: 0.83119
Received=	-0.28717
Feedback: 0.82543
Received=	-0.43919
Feedback: 0.9
Received=	-0.30377
Feedback: 0.8422
Received=	0.006654
Feedback: 0.52862
Received=	0.0839
Feedback: 0.45059
Received=	-0.071878
Feedback: 0.60795
Received=	-0.096713
Feedback: 0.63303
Received=	-0.045737
Feedback: 0.58154
Received=	0.11044
Feedback: 0.42378
Received=	-0.20409
Feedback: 0.7415
Received=	-0.15802
Feedback: 0.69497
Received=	0.16924
Feedback: 0.36439
Received=	0.022467
Feedback: 0.51264
Received=	-0.051179
Feedback: 0.58704
Received=	-0.11029
Feedback: 0.64675
Received=	-0.067637
Feedback: 0.60366
Received=	-0.028285
Feedback: 0.56391
Received=	0.12639
Feedback: 0.40767
Calculated range:	[(-2.000000) - (2.000000)]
Success index = (-0.774080)
Received=	-0.048705
=====  8:35:54 - BASE  ============
Feedback: 0.66
Received=	-0.1909
Feedback: 0.66
Received=	-0.16764
Feedback: 0.66
Received=	-0.25783
Feedback: 0.66
Received=	-0.21353
Feedback: 0.66
Received=	-0.064032
Feedback: 0.66
Received=	0.13365
Feedback: 0.66
Received=	0.0079651
Feedback: 0.66
Received=	-0.18313
Feedback: 0.66
Received=	-0.20738
Feedback: 0.66
Received=	-0.28972
Feedback: 0.66
Received=	0.67862
Feedback: 0.66
Received=	1.2802
Feedback: 0.66
Received=	0.86414
Feedback: 0.66
Received=	0.7182
Feedback: 0.66
Received=	0.26673
Feedback: 0.66
Received=	-0.14558
Feedback: 0.66
Received=	-0.27013
Feedback: 0.66
Received=	-0.36219
Feedback: 0.66
Received=	0.10617
Feedback: 0.66
Received=	-9.2276e-05
=====  8:36:54 - NF  ============
Feedback: 0.5446
Received=	-0.22183
Feedback: 0.63849
Received=	-0.32318
Feedback: 0.6814
Received=	0.018168
Feedback: 0.53687
Received=	0.29541
Feedback: 0.41948
Received=	0.17192
Feedback: 0.47177
Received=	0.098339
Feedback: 0.50293
Received=	0.1946
Feedback: 0.46217
Received=	0.24308
Feedback: 0.44164
Received=	0.14475
Feedback: 0.48328
Received=	0.13838
Feedback: 0.48597
Received=	0.24637
Feedback: 0.44025
Received=	0.45897
Feedback: 0.35023
Received=	0.33194
Feedback: 0.40402
Received=	0.05758
Feedback: 0.52018
Received=	-0.012108
Feedback: 0.54969
Received=	0.23799
Feedback: 0.4438
Received=	0.29496
Feedback: 0.41968
Received=	0.040712
Feedback: 0.52733
Received=	-0.018733
Feedback: 0.5525
Received=	0.1328
Feedback: 0.48833
Received=	0.18785
Feedback: 0.46503
Received=	-0.033541
Feedback: 0.55877
Received=	-0.11012
Feedback: 0.59119
Received=	-0.086274
Feedback: 0.58109
Received=	0.27
Feedback: 0.43024
Received=	0.25082
Feedback: 0.43837
Received=	0.12282
Feedback: 0.49256
Received=	0.0039946
Feedback: 0.54287
Received=	-0.044509
Feedback: 0.56341
Received=	-0.057512
Feedback: 0.56892
Received=	-0.1955
Feedback: 0.62734
Received=	-0.27387
Feedback: 0.66052
Received=	-0.21308
Feedback: 0.63478
Received=	0.20046
Feedback: 0.45969
Received=	1.0144
Feedback: 0.11507
Received=	0.94551
Feedback: 0.14423
Received=	0.35913
Feedback: 0.39251
Received=	0.252
Feedback: 0.43786
Received=	0.46059
Feedback: 0.34954
Received=	0.3153
Feedback: 0.41106
Received=	0.20742
Feedback: 0.45674
Received=	0.17229
Feedback: 0.47162
Received=	0.0057804
Feedback: 0.54212
Received=	0.13133
Feedback: 0.48896
Received=	0.43312
Feedback: 0.36118
Received=	0.18221
Feedback: 0.46742
Received=	-0.023127
Feedback: 0.55436
Received=	-0.21441
Feedback: 0.63535
Received=	-0.019124
Feedback: 0.55266
Received=	0.18612
Feedback: 0.46576
Received=	0.15192
Feedback: 0.48024
Received=	0.25226
Feedback: 0.43775
Received=	0.093369
Feedback: 0.50503
Received=	-0.013783
Feedback: 0.5504
Received=	0.18841
Feedback: 0.46479
Received=	0.057742
Feedback: 0.52012
Received=	0.0040246
Feedback: 0.54286
Received=	0.14491
Feedback: 0.48321
Received=	-0.13033
Feedback: 0.59975
Calculated range:	[(-2.000000) - (2.000000)]
Success index = (0.079249)
Received=	-0.30972
=====  8:39:54 - BASE  ============
Feedback: 0.66
Received=	-0.13529
Feedback: 0.66
Received=	0.084003
Feedback: 0.66
Received=	-0.13976
Feedback: 0.66
Received=	-0.44196
Feedback: 0.66
Received=	-0.029647
Feedback: 0.66
Received=	0.3754
Feedback: 0.66
Received=	0.24677
Feedback: 0.66
Received=	0.16624
Feedback: 0.66
Received=	0.29239
Feedback: 0.66
Received=	0.42952
Feedback: 0.66
Received=	0.24662
Feedback: 0.66
Received=	-0.029293
Feedback: 0.66
Received=	-0.049575
Feedback: 0.66
Received=	-0.09982
Feedback: 0.66
Received=	-0.19226
Feedback: 0.66
Received=	-0.12506
Feedback: 0.66
Received=	-0.27184
Feedback: 0.66
Received=	-0.16107
Feedback: 0.66
Received=	-0.12361
Feedback: 0.66
Received=	-0.015451
=====  8:40:54 - NF  ============
Feedback: 0.52126
Received=	0.45836
Feedback: 0.12297
Received=	0.14078
Feedback: 0.38993
Received=	-0.14568
Feedback: 0.63073
Received=	-0.20203
Feedback: 0.6781
Received=	0.029873
Feedback: 0.48316
Received=	0.24205
Feedback: 0.3048
Received=	0.25367
Feedback: 0.29503
Received=	0.22835
Feedback: 0.31632
Received=	-0.10278
Feedback: 0.59467
Received=	-0.018138
Feedback: 0.52352
Received=	0.1034
Feedback: 0.42135
Received=	-0.027057
Feedback: 0.53101
Received=	-0.090499
Feedback: 0.58434
Received=	0.073322
Feedback: 0.44663
Received=	0.17676
Feedback: 0.35969
Received=	0.25651
Feedback: 0.29264
Received=	0.39439
Feedback: 0.17674
Received=	0.17086
Feedback: 0.36464
Received=	-0.056148
Feedback: 0.55547
Received=	-0.024674
Feedback: 0.52901
Received=	-0.10669
Feedback: 0.59795
Received=	-0.2444
Feedback: 0.71372
Received=	-0.10256
Feedback: 0.59448
Received=	0.057676
Feedback: 0.45979
Received=	0.070705
Feedback: 0.44883
Received=	0.021065
Feedback: 0.49056
Received=	-0.1152
Feedback: 0.60511
Received=	-0.19604
Feedback: 0.67306
Received=	0.032763
Feedback: 0.48073
Received=	0.058887
Feedback: 0.45877
Received=	0.20082
Feedback: 0.33946
Received=	0.018323
Feedback: 0.49287
Received=	0.31098
Feedback: 0.24686
Received=	0.40695
Feedback: 0.16618
Received=	0.31794
Feedback: 0.241
Received=	0.04653
Feedback: 0.46915
Received=	-0.04016
Feedback: 0.54203
Received=	-0.25111
Feedback: 0.71935
Received=	-0.53195
Feedback: 0.9
Received=	-0.46727
Feedback: 0.9
Received=	-0.013426
Feedback: 0.51955
Received=	0.25026
Feedback: 0.2979
Received=	0.17889
Feedback: 0.35789
Received=	-0.080752
Feedback: 0.57615
Received=	-0.20724
Feedback: 0.68248
Received=	0.34723
Feedback: 0.21638
Received=	0.15734
Feedback: 0.37601
Received=	-0.01259
Feedback: 0.51885
Received=	0.14539
Feedback: 0.38605
Received=	0.048603
Feedback: 0.46741
Received=	-0.29029
Feedback: 0.75229
Received=	-0.17981
Feedback: 0.65942
Received=	0.30635
Feedback: 0.25074
Received=	0.079418
Feedback: 0.44151
Received=	-0.38292
Feedback: 0.83015
Received=	-0.20044
Feedback: 0.67676
Received=	0.208
Feedback: 0.33342
Received=	0.10102
Feedback: 0.42335
Received=	-0.17286
Feedback: 0.65357
Calculated range:	[(-2.000000) - (2.000000)]
Success index = (0.078233)
Received=	-0.0022544
=====  8:43:54 - BASE  ============
Feedback: 0.66
Received=	-0.19889
Feedback: 0.66
Received=	-0.49973
Feedback: 0.66
Received=	-0.10884
Feedback: 0.66
Received=	0.18512
Feedback: 0.66
Received=	0.63842
Feedback: 0.66
Received=	0.44039
Feedback: 0.66
Received=	0.11612
Feedback: 0.66
Received=	0.19588
Feedback: 0.66
Received=	-0.050564
Feedback: 0.66
Received=	0.086454
Feedback: 0.66
Received=	-0.21035
Feedback: 0.66
Received=	0.061601
Feedback: 0.66
Received=	0.6554
Feedback: 0.66
Received=	0.83379
Feedback: 0.66
Received=	0.38123
Feedback: 0.66
Received=	-0.13609
Feedback: 0.66
Received=	0.29333
Feedback: 0.66
Received=	0.37006
Feedback: 0.66
Received=	0.52937
Feedback: 0.66
Received=	0.65828
=====  8:44:54 - NF  ============
Feedback: 0.23896
Received=	0.41957
Feedback: 0.378
Received=	-0.083666
Feedback: 0.67109
Received=	-0.25184
Feedback: 0.76903
Received=	0.35329
Feedback: 0.4166
Received=	0.20333
Feedback: 0.50393
Received=	0.026139
Feedback: 0.60714
Received=	0.11458
Feedback: 0.55563
Received=	0.090409
Feedback: 0.5697
Received=	-0.092023
Feedback: 0.67595
Received=	-0.54858
Feedback: 0.9
Received=	-0.42524
Feedback: 0.87003
Received=	-0.76216
Feedback: 0.9
Received=	-0.65553
Feedback: 0.9
Received=	-0.28131
Feedback: 0.7862
Received=	-0.15219
Feedback: 0.711
Received=	-0.082121
Feedback: 0.67019
Received=	0.16533
Feedback: 0.52607
Received=	0.2143
Feedback: 0.49755
Received=	-0.12869
Feedback: 0.69731
Received=	-0.084951
Feedback: 0.67184
Received=	-0.052713
Feedback: 0.65306
Received=	-0.07754
Feedback: 0.66752
Received=	-0.25217
Feedback: 0.76923
Received=	-0.086802
Feedback: 0.67291
Received=	0.13151
Feedback: 0.54576
Received=	0.23774
Feedback: 0.4839
Received=	0.36376
Feedback: 0.4105
Received=	0.12825
Feedback: 0.54766
Received=	0.066943
Feedback: 0.58337
Received=	-0.033282
Feedback: 0.64174
Received=	-0.042779
Feedback: 0.64727
Received=	0.093254
Feedback: 0.56805
Received=	-0.26151
Feedback: 0.77466
Received=	-0.052663
Feedback: 0.65303
Received=	0.32265
Feedback: 0.43444
Received=	0.049063
Feedback: 0.59378
Received=	-0.0052661
Feedback: 0.62543
Received=	-0.053631
Feedback: 0.65359
Received=	0.29303
Feedback: 0.4517
Received=	-0.061312
Feedback: 0.65807
Received=	-0.37113
Feedback: 0.83851
Received=	0.047136
Feedback: 0.59491
Received=	-0.258
Feedback: 0.77262
Received=	-0.13701
Feedback: 0.70215
Received=	-0.015014
Feedback: 0.6311
Received=	-0.15375
Feedback: 0.71191
Received=	-0.43999
Feedback: 0.87862
Received=	-0.15449
Feedback: 0.71234
Received=	0.35616
Feedback: 0.41493
Received=	0.21596
Feedback: 0.49658
Received=	-0.21973
Feedback: 0.75033
Received=	-0.22282
Feedback: 0.75213
Received=	-0.022172
Feedback: 0.63527
Received=	-0.1699
Feedback: 0.72131
Received=	-0.25647
Feedback: 0.77173
Received=	-0.44437
Feedback: 0.88117
Received=	-0.50899
Feedback: 0.9
Received=	-0.16548
Feedback: 0.71874
Received=	-0.15473
Feedback: 0.71248
Calculated range:	[(-2.000000) - (2.000000)]
Success index = (-0.947103)
closing...
