Direction=-1.000000	; step=1.000000;
Received=	0
Feedback: 0.66
Received=	0
Feedback: 0.66
Received=	0
Feedback: 0.66
Received=	0.20279
Feedback: 0.66
Received=	0.24147
Feedback: 0.66
Received=	0.28026
Feedback: 0.66
Received=	0.12014
Feedback: 0.66
Received=	0.010342
Feedback: 0.66
Received=	-0.067737
Feedback: 0.66
Received=	-0.38818
Feedback: 0.66
Received=	0.10579
Feedback: 0.66
Received=	0.36681
Feedback: 0.66
Received=	0.44489
Feedback: 0.66
Received=	0.17834
Feedback: 0.66
Received=	0.18048
Feedback: 0.66
Received=	0.4931
Feedback: 0.66
Received=	0.42858
Feedback: 0.66
Received=	0.19207
Feedback: 0.66
Received=	-0.12901
Feedback: 0.66
Received=	-0.092389
Feedback: 0.66
Received=	0.029802
=====  13:20:40 - NF  ============
Feedback: 0.59929
Received=	0.21807
Feedback: 0.43365
Received=	-0.0036321
Feedback: 0.62871
Received=	-0.0092567
Feedback: 0.63365
Received=	-0.045302
Feedback: 0.66537
Received=	0.010593
Feedback: 0.61619
Received=	-0.16179
Feedback: 0.76786
Received=	-0.16325
Feedback: 0.76914
Received=	-0.056524
Feedback: 0.67524
Received=	-0.093555
Feedback: 0.70782
Received=	0.16865
Feedback: 0.47713
Received=	0.17454
Feedback: 0.47194
Received=	0.25675
Feedback: 0.39962
Received=	0.14863
Feedback: 0.49474
Received=	-0.032348
Feedback: 0.65397
Received=	-0.072878
Feedback: 0.68963
Received=	0.085486
Feedback: 0.5503
Received=	0.18514
Feedback: 0.46262
Received=	-0.15357
Feedback: 0.76063
Received=	-0.14355
Feedback: 0.75181
Received=	-0.37196
Feedback: 0.9
Received=	-0.33418
Feedback: 0.9
Received=	-0.21601
Feedback: 0.81556
Received=	-0.43487
Feedback: 0.9
Received=	-0.46717
Feedback: 0.9
Received=	-0.34741
Feedback: 0.9
Received=	0.065099
Feedback: 0.56823
Received=	0.26809
Feedback: 0.38964
Received=	0.26059
Feedback: 0.39623
Received=	0.03937
Feedback: 0.59087
Received=	-0.091873
Feedback: 0.70634
Received=	0.0013384
Feedback: 0.62433
Received=	0.15528
Feedback: 0.48889
Received=	0.19115
Feedback: 0.45733
Received=	0.28813
Feedback: 0.372
Received=	0.11014
Feedback: 0.52861
Received=	-0.056159
Feedback: 0.67492
Received=	-0.32716
Feedback: 0.9
Received=	-0.24862
Feedback: 0.84425
Received=	-0.19885
Feedback: 0.80046
Received=	-0.079265
Feedback: 0.69525
Received=	-0.097053
Feedback: 0.7109
Received=	-0.259
Feedback: 0.85339
Received=	-0.14593
Feedback: 0.75391
Received=	-0.11679
Feedback: 0.72826
Received=	0.046223
Feedback: 0.58484
Received=	0.30041
Feedback: 0.3612
Received=	-0.072703
Feedback: 0.68948
Received=	-0.058297
Feedback: 0.6768
Received=	0.18394
Feedback: 0.46368
Received=	0.47788
Feedback: 0.20506
Received=	0.48578
Feedback: 0.19811
Received=	0.51269
Feedback: 0.17443
Received=	-0.10369
Feedback: 0.71674
Received=	-0.35208
Feedback: 0.9
Received=	-0.25251
Feedback: 0.84767
Received=	0.47487
Feedback: 0.20771
Received=	0.88114
Feedback: 0.1
Received=	-0.011946
Feedback: 0.63602
Received=	-0.047529
Feedback: 0.66733
Calculated range:	[(-2.000000) - (2.000000)]
Success index = (-0.544979)
Received=	0.18336
=====  13:23:40 - BASE  ============
Feedback: 0.66
Received=	0.24276
Feedback: 0.66
Received=	0.42285
Feedback: 0.66
Received=	0.23508
Feedback: 0.66
Received=	0.15304
Feedback: 0.66
Received=	0.22836
Feedback: 0.66
Received=	0.34878
Feedback: 0.66
Received=	0.24666
Feedback: 0.66
Received=	0.045946
Feedback: 0.66
Received=	0.063473
Feedback: 0.66
Received=	0.30119
Feedback: 0.66
Received=	0.36165
Feedback: 0.66
Received=	0.32939
Feedback: 0.66
Received=	0.36752
Feedback: 0.66
Received=	0.51813
Feedback: 0.66
Received=	0.53201
Feedback: 0.66
Received=	0.51761
Feedback: 0.66
Received=	0.094331
Feedback: 0.66
Received=	0.063117
Feedback: 0.66
Received=	0.88456
Feedback: 0.66
Received=	0.78191
=====  13:24:40 - NF  ============
Feedback: 0.1
Received=	0.26569
Feedback: 0.5488
Received=	0.17846
Feedback: 0.63107
Received=	0.25401
Feedback: 0.55981
Received=	0.32528
Feedback: 0.49259
Received=	0.21128
Feedback: 0.60012
Received=	-0.021033
Feedback: 0.81923
Received=	-0.18622
Feedback: 0.9
Received=	-0.10922
Feedback: 0.9
Received=	0.055469
Feedback: 0.74708
Received=	0.21059
Feedback: 0.60077
Received=	0.059621
Feedback: 0.74316
Received=	0.26962
Feedback: 0.54509
Received=	0.028057
Feedback: 0.77293
Received=	0.28901
Feedback: 0.5268
Received=	0.37284
Feedback: 0.44774
Received=	0.029052
Feedback: 0.77199
Received=	0.051896
Feedback: 0.75045
Received=	0.14803
Feedback: 0.65978
Received=	0.011778
Feedback: 0.78828
Received=	0.1606
Feedback: 0.64792
Received=	0.25002
Feedback: 0.56357
Received=	0.013019
Feedback: 0.78711
Received=	-0.096369
Feedback: 0.89029
Received=	0.031922
Feedback: 0.76928
Received=	0.47034
Feedback: 0.35577
Received=	0.16133
Feedback: 0.64723
Received=	-0.11769
Feedback: 0.9
Received=	-0.28891
Feedback: 0.9
Received=	-0.13916
Feedback: 0.9
Received=	-0.10536
Feedback: 0.89877
Received=	-0.063303
Feedback: 0.8591
Received=	-0.17277
Feedback: 0.9
Received=	-0.13751
Feedback: 0.9
Received=	-0.10439
Feedback: 0.89785
Received=	-0.23926
Feedback: 0.9
Received=	-0.23304
Feedback: 0.9
Received=	-0.14031
Feedback: 0.9
Received=	-0.11949
Feedback: 0.9
Received=	0.0098309
Feedback: 0.79012
Received=	0.31069
Feedback: 0.50636
Received=	0.093944
Feedback: 0.71079
Received=	-0.27543
Feedback: 0.9
Received=	-0.36484
Feedback: 0.9
Received=	-0.23388
Feedback: 0.9
Received=	-0.2385
Feedback: 0.9
Received=	0.029273
Feedback: 0.77178
Received=	0.15078
Feedback: 0.65718
Received=	0.3526
Feedback: 0.46682
Received=	0.12338
Feedback: 0.68303
Received=	0.20895
Feedback: 0.60231
Received=	0.48468
Feedback: 0.34225
Received=	0.19535
Feedback: 0.61514
Received=	-0.053282
Feedback: 0.84965
Received=	-0.15069
Feedback: 0.9
Received=	-0.12272
Feedback: 0.9
Received=	0.042224
Feedback: 0.75957
Received=	0.094984
Feedback: 0.70981
Received=	0.095811
Feedback: 0.70903
Received=	0.058772
Feedback: 0.74396
Calculated range:	[(-2.216553) - (1.783447)]
Success index = (-1.216553)
Received=	0.35198
=====  13:27:40 - BASE  ============
Feedback: 0.66
Received=	0.29947
Feedback: 0.66
Received=	0.77154
Feedback: 0.66
Received=	0.89708
Feedback: 0.66
Received=	0.33482
Feedback: 0.66
Received=	0.062986
Feedback: 0.66
Received=	-0.0229
Feedback: 0.66
Received=	0.095568
Feedback: 0.66
Received=	-0.067019
Feedback: 0.66
Received=	0.031486
Feedback: 0.66
Received=	0.025273
Feedback: 0.66
Received=	0.33939
Feedback: 0.66
Received=	0.29619
Feedback: 0.66
Received=	0.13181
Feedback: 0.66
Received=	-0.21404
Feedback: 0.66
Received=	-0.11445
Feedback: 0.66
Received=	-0.22006
Feedback: 0.66
Received=	-0.22517
Feedback: 0.66
Received=	0.11669
Feedback: 0.66
Received=	0.37131
Feedback: 0.66
Received=	-0.11311
=====  13:28:40 - NF  ============
Feedback: 0.62076
Received=	0.2071
Feedback: 0.41723
Received=	0.26145
Feedback: 0.38269
Received=	-0.034974
Feedback: 0.5711
Received=	0.14357
Feedback: 0.45762
Received=	0.16467
Feedback: 0.4442
Received=	0.43738
Feedback: 0.27086
Received=	0.15741
Feedback: 0.44882
Received=	0.014883
Feedback: 0.53941
Received=	-0.030462
Feedback: 0.56823
Received=	0.09313
Feedback: 0.48968
Received=	0.73972
Feedback: 0.1
Received=	0.76193
Feedback: 0.1
Received=	0.12929
Feedback: 0.46669
Received=	-0.1689
Feedback: 0.65623
Received=	0.2316
Feedback: 0.40166
Received=	0.109
Feedback: 0.47959
Received=	0.048659
Feedback: 0.51794
Received=	-0.31582
Feedback: 0.74961
Received=	-0.076856
Feedback: 0.59772
Received=	0.050818
Feedback: 0.51657
Received=	0.0084273
Feedback: 0.54352
Received=	0.17896
Feedback: 0.43512
Received=	0.46458
Feedback: 0.25358
Received=	0.48791
Feedback: 0.23875
Received=	0.34699
Feedback: 0.32832
Received=	-0.0033192
Feedback: 0.55098
Received=	-0.33598
Feedback: 0.76243
Received=	-0.54006
Feedback: 0.89215
Received=	-0.36401
Feedback: 0.78025
Received=	-0.3426
Feedback: 0.76663
Received=	-0.43661
Feedback: 0.82639
Received=	0.052828
Feedback: 0.51529
Received=	0.37029
Feedback: 0.31351
Received=	0.22726
Feedback: 0.40442
Received=	0.39408
Feedback: 0.29839
Received=	0.26119
Feedback: 0.38285
Received=	0.23008
Feedback: 0.40263
Received=	0.58371
Feedback: 0.17785
Received=	0.052593
Feedback: 0.51544
Received=	-0.25262
Feedback: 0.70944
Received=	-0.30588
Feedback: 0.7433
Received=	-0.091396
Feedback: 0.60697
Received=	-0.035322
Feedback: 0.57132
Received=	0.072244
Feedback: 0.50295
Received=	0.22185
Feedback: 0.40786
Received=	0.20303
Feedback: 0.41982
Received=	0.00047565
Feedback: 0.54857
Received=	0.19903
Feedback: 0.42237
Received=	0.26711
Feedback: 0.37909
Received=	0.17171
Feedback: 0.43973
Received=	0.0027298
Feedback: 0.54714
Received=	-0.12802
Feedback: 0.63024
Received=	0.11928
Feedback: 0.47306
Received=	0.1412
Feedback: 0.45912
Received=	0.22018
Feedback: 0.40892
Received=	0.38662
Feedback: 0.30313
Received=	0.44929
Feedback: 0.26329
Received=	0.14153
Feedback: 0.45891
Received=	-0.14865
Feedback: 0.64336
Calculated range:	[(-2.000000) - (2.000000)]
Success index = (-0.155959)
Received=	-0.14489
=====  13:31:40 - BASE  ============
Feedback: 0.66
Received=	-0.032709
Feedback: 0.66
Received=	0.40045
Feedback: 0.66
Received=	0.33893
Feedback: 0.66
Received=	0.3607
Feedback: 0.66
Received=	0.17233
Feedback: 0.66
Received=	-0.081582
Feedback: 0.66
Received=	-0.080567
Feedback: 0.66
Received=	-0.028675
Feedback: 0.66
Received=	0.10107
Feedback: 0.66
Received=	-0.017789
Feedback: 0.66
Received=	0.035291
Feedback: 0.66
Received=	-0.0099735
Feedback: 0.66
Received=	0.00034477
Feedback: 0.66
Received=	-0.21965
Feedback: 0.66
Received=	-0.078045
Feedback: 0.66
Received=	0.47716
Feedback: 0.66
Received=	0.43501
Feedback: 0.66
Received=	-0.35152
Feedback: 0.66
Received=	-0.65966
Feedback: 0.66
Received=	-0.43769
=====  13:32:40 - NF  ============
Feedback: 0.82927
Received=	-0.15639
Feedback: 0.63702
Received=	-0.16823
Feedback: 0.64512
Received=	0.018974
Feedback: 0.51717
Received=	0.073178
Feedback: 0.48013
Received=	-0.1214
Feedback: 0.61311
Received=	-0.10682
Feedback: 0.60315
Received=	-0.37029
Feedback: 0.78321
Received=	0.039559
Feedback: 0.5031
Received=	0.65781
Feedback: 0.1
Received=	0.69551
Feedback: 0.1
Received=	0.43787
Feedback: 0.23089
Received=	0.26171
Feedback: 0.35128
Received=	0.24945
Feedback: 0.35966
Received=	0.15021
Feedback: 0.42748
Received=	0.31368
Feedback: 0.31576
Received=	0.13521
Feedback: 0.43773
Received=	-0.024149
Feedback: 0.54664
Received=	0.35716
Feedback: 0.28605
Received=	0.30683
Feedback: 0.32044
Received=	0.35502
Feedback: 0.28751
Received=	0.77439
Feedback: 0.1
Received=	0.6161
Feedback: 0.10907
Received=	0.64892
Feedback: 0.1
Received=	0.28743
Feedback: 0.3337
Received=	0.20926
Feedback: 0.38712
Received=	0.094043
Feedback: 0.46587
Received=	-0.0092021
Feedback: 0.53643
Received=	0.25441
Feedback: 0.35626
Received=	0.30302
Feedback: 0.32305
Received=	0.30687
Feedback: 0.32042
Received=	0.10555
Feedback: 0.458
Received=	0.32017
Feedback: 0.31132
Received=	0.17626
Feedback: 0.40968
Received=	0.13332
Feedback: 0.43902
Received=	-0.31796
Feedback: 0.74744
Received=	-0.068715
Feedback: 0.5771
Received=	0.10011
Feedback: 0.46172
Received=	-0.18679
Feedback: 0.6578
Received=	-0.18071
Feedback: 0.65364
Received=	-0.10422
Feedback: 0.60137
Received=	-0.088152
Feedback: 0.59039
Received=	0.022805
Feedback: 0.51455
Received=	-0.12516
Feedback: 0.61568
Received=	-0.11439
Feedback: 0.60832
Received=	0.0065942
Feedback: 0.52563
Received=	0.18065
Feedback: 0.40668
Received=	0.10253
Feedback: 0.46007
Received=	0.23461
Feedback: 0.3698
Received=	0.69758
Feedback: 0.1
Received=	0.25602
Feedback: 0.35517
Received=	0.013012
Feedback: 0.52125
Received=	-0.23409
Feedback: 0.69013
Received=	-0.18337
Feedback: 0.65546
Received=	-0.29695
Feedback: 0.73308
Received=	-0.16247
Feedback: 0.64118
Received=	-0.15976
Feedback: 0.63933
Received=	0.46409
Feedback: 0.21296
Received=	0.20492
Feedback: 0.39009
Received=	0.11348
Feedback: 0.45258
Calculated range:	[(-2.000000) - (2.000000)]
Success index = (0.259807)
Received=	-0.26799
=====  13:35:40 - BASE  ============
Feedback: 0.66
Received=	-0.070685
Feedback: 0.66
Received=	0.47735
Feedback: 0.66
Received=	0.37935
Feedback: 0.66
Received=	0.035833
Feedback: 0.66
Received=	-0.071311
Feedback: 0.66
Received=	-0.084338
Feedback: 0.66
Received=	-0.35083
Feedback: 0.66
Received=	-0.15304
Feedback: 0.66
Received=	0.28263
Feedback: 0.66
Received=	0.77863
Feedback: 0.66
Received=	0.36178
Feedback: 0.66
Received=	0.020232
Feedback: 0.66
Received=	0.089044
Feedback: 0.66
Received=	0.16337
Feedback: 0.66
Received=	0.038825
Feedback: 0.66
Received=	0.38183
Feedback: 0.66
Received=	0.48202
Feedback: 0.66
Received=	0.069323
Feedback: 0.66
Received=	0.2273
Feedback: 0.66
Received=	0.23987
=====  13:36:40 - NF  ============
Feedback: 0.45176
Received=	0.057181
Feedback: 0.5851
Received=	-0.017999
Feedback: 0.63998
Received=	-0.10409
Feedback: 0.70282
Received=	-0.21794
Feedback: 0.78592
Received=	-0.26318
Feedback: 0.81894
Received=	0.30088
Feedback: 0.40723
Received=	0.45586
Feedback: 0.2941
Received=	-0.021569
Feedback: 0.64258
Received=	-0.17148
Feedback: 0.75201
Received=	0.25343
Feedback: 0.44186
Received=	0.40732
Feedback: 0.32953
Received=	0.36222
Feedback: 0.36245
Received=	0.29047
Feedback: 0.41483
Received=	0.29309
Feedback: 0.41291
Received=	0.59103
Feedback: 0.19545
Received=	0.28198
Feedback: 0.42103
Received=	-0.029684
Feedback: 0.64851
Received=	-0.093233
Feedback: 0.69489
Received=	0.071924
Feedback: 0.57434
Received=	-0.0046468
Feedback: 0.63023
Received=	-0.038078
Feedback: 0.65463
Received=	-0.12291
Feedback: 0.71656
Received=	0.18602
Feedback: 0.49106
Received=	0.55819
Feedback: 0.21941
Received=	0.46633
Feedback: 0.28646
Received=	0.039581
Feedback: 0.59795
Received=	-0.13201
Feedback: 0.72319
Received=	-0.32077
Feedback: 0.86098
Received=	-0.26625
Feedback: 0.82118
Received=	-0.0067696
Feedback: 0.63178
Received=	0.12728
Feedback: 0.53394
Received=	0.37984
Feedback: 0.34959
Received=	0.20371
Feedback: 0.47815
Received=	0.33762
Feedback: 0.38041
Received=	0.088244
Feedback: 0.56243
Received=	-0.065863
Feedback: 0.67492
Received=	-0.039169
Feedback: 0.65543
Received=	-0.10991
Feedback: 0.70707
Received=	0.39117
Feedback: 0.34132
Received=	0.55773
Feedback: 0.21975
Received=	0.30928
Feedback: 0.4011
Received=	0.34399
Feedback: 0.37576
Received=	0.30222
Feedback: 0.40625
Received=	0.51778
Feedback: 0.24891
Received=	0.60904
Feedback: 0.1823
Received=	0.56654
Feedback: 0.21332
Received=	0.075368
Feedback: 0.57183
Received=	-0.00011149
Feedback: 0.62692
Received=	-0.14852
Feedback: 0.73524
Received=	-0.083859
Feedback: 0.68805
Received=	0.15442
Feedback: 0.51413
Received=	0.028749
Feedback: 0.60586
Received=	-0.088661
Feedback: 0.69156
Received=	-0.25155
Feedback: 0.81045
Received=	-0.0076388
Feedback: 0.63242
Received=	-0.067483
Feedback: 0.6761
Received=	-0.095043
Feedback: 0.69621
Received=	0.07143
Feedback: 0.5747
Received=	-0.17763
Feedback: 0.7565
Calculated range:	[(-2.000000) - (2.000000)]
Success index = (-0.224765)
closing...
