Direction=-1.000000	; step=1.000000;
Received=	0
Feedback: 0.66
Received=	0
Feedback: 0.66
Received=	0
Feedback: 0.66
Received=	-0.036755
Feedback: 0.66
Received=	-0.024471
Feedback: 0.66
Received=	0.16014
Feedback: 0.66
Received=	0.20902
Feedback: 0.66
Received=	0.0056443
Feedback: 0.66
Received=	-0.13538
Feedback: 0.66
Received=	-0.21422
Feedback: 0.66
Received=	-0.31934
Feedback: 0.66
Received=	-0.49737
Feedback: 0.66
Received=	-0.56571
Feedback: 0.66
Received=	-0.37532
Feedback: 0.66
Received=	-0.28723
Feedback: 0.66
Received=	-0.31708
Feedback: 0.66
Received=	-0.11597
Feedback: 0.66
Received=	0.14908
Feedback: 0.66
Received=	0.32389
Feedback: 0.66
Received=	0.19199
Feedback: 0.66
Received=	-0.13454
=====  12:26:46 - NF  ============
Feedback: 0.52483
Received=	0.15453
Feedback: 0.29922
Received=	0.0281
Feedback: 0.39789
Received=	0.14972
Feedback: 0.30297
Received=	0.14673
Feedback: 0.30531
Received=	0.18749
Feedback: 0.27349
Received=	-0.063543
Feedback: 0.46942
Received=	-0.22463
Feedback: 0.59515
Received=	-0.1575
Feedback: 0.54275
Received=	0.022435
Feedback: 0.40231
Received=	-0.10925
Feedback: 0.50509
Received=	-0.14679
Feedback: 0.53439
Received=	-0.040765
Feedback: 0.45164
Received=	0.038975
Feedback: 0.38941
Received=	-0.23985
Feedback: 0.60702
Received=	-0.29114
Feedback: 0.64705
Received=	-0.23941
Feedback: 0.60668
Received=	-0.16716
Feedback: 0.55029
Received=	-0.23669
Feedback: 0.60456
Received=	-0.20318
Feedback: 0.5784
Received=	-0.26304
Feedback: 0.62512
Received=	-0.21977
Feedback: 0.59135
Received=	-0.38853
Feedback: 0.72307
Received=	-0.17933
Feedback: 0.55979
Received=	0.054022
Feedback: 0.37766
Received=	0.19266
Feedback: 0.26945
Received=	0.24355
Feedback: 0.22973
Received=	0.0084896
Feedback: 0.4132
Received=	-0.12983
Feedback: 0.52115
Received=	0.19585
Feedback: 0.26697
Received=	0.15097
Feedback: 0.30199
Received=	-0.085501
Feedback: 0.48656
Received=	-0.21493
Feedback: 0.58757
Received=	-0.11786
Feedback: 0.51181
Received=	-0.034933
Feedback: 0.44709
Received=	0.16572
Feedback: 0.29048
Received=	0.17457
Feedback: 0.28358
Received=	-0.21361
Feedback: 0.58654
Received=	-0.32192
Feedback: 0.67108
Received=	-0.15827
Feedback: 0.54335
Received=	-0.097479
Feedback: 0.4959
Received=	0.011442
Feedback: 0.41089
Received=	0.097735
Feedback: 0.34354
Received=	0.054341
Feedback: 0.37741
Received=	-0.041433
Feedback: 0.45216
Received=	-0.032968
Feedback: 0.44556
Received=	-0.093365
Feedback: 0.49269
Received=	-0.14062
Feedback: 0.52958
Received=	-0.0054407
Feedback: 0.42407
Received=	-0.020896
Feedback: 0.43613
Received=	0.098698
Feedback: 0.34279
Received=	0.054434
Feedback: 0.37734
Received=	-0.39506
Feedback: 0.72816
Received=	-0.40449
Feedback: 0.73552
Received=	-0.2132
Feedback: 0.58623
Received=	0.091226
Feedback: 0.34862
Received=	-0.17159
Feedback: 0.55375
Received=	-0.017208
Feedback: 0.43325
Received=	-0.057778
Feedback: 0.46492
Received=	-0.32278
Feedback: 0.67175
Calculated range:	[(-2.000000) - (2.000000)]
Success index = (0.168899)
Received=	-0.26368
=====  12:29:46 - BASE  ============
Feedback: 0.66
Received=	-0.17409
Feedback: 0.66
Received=	0.13222
Feedback: 0.66
Received=	0.3074
Feedback: 0.66
Received=	0.21048
Feedback: 0.66
Received=	0.12
Feedback: 0.66
Received=	0.052782
Feedback: 0.66
Received=	-0.14065
Feedback: 0.66
Received=	-0.31854
Feedback: 0.66
Received=	-0.37003
Feedback: 0.66
Received=	-0.35796
Feedback: 0.66
Received=	-0.49617
Feedback: 0.66
Received=	-0.38672
Feedback: 0.66
Received=	-0.28793
Feedback: 0.66
Received=	-0.11561
Feedback: 0.66
Received=	0.1257
Feedback: 0.66
Received=	-0.0025794
Feedback: 0.66
Received=	-0.019644
Feedback: 0.66
Received=	-0.21546
Feedback: 0.66
Received=	-0.11515
Feedback: 0.66
Received=	-0.15767
=====  12:30:46 - NF  ============
Feedback: 0.54557
Received=	-0.12239
Feedback: 0.51543
Received=	0.2986
Feedback: 0.15579
Received=	0.47598
Feedback: 0.1
Received=	0.50618
Feedback: 0.1
Received=	0.014417
Feedback: 0.39856
Received=	0.030061
Feedback: 0.38519
Received=	-0.063699
Feedback: 0.46529
Received=	-0.018238
Feedback: 0.42646
Received=	0.1255
Feedback: 0.30366
Received=	0.1333
Feedback: 0.297
Received=	0.071024
Feedback: 0.3502
Received=	0.03056
Feedback: 0.38477
Received=	0.012584
Feedback: 0.40012
Received=	0.1159
Feedback: 0.31186
Received=	0.1326
Feedback: 0.2976
Received=	0.30103
Feedback: 0.15371
Received=	0.44675
Feedback: 0.1
Received=	0.40374
Feedback: 0.1
Received=	0.18951
Feedback: 0.24898
Received=	0.087834
Feedback: 0.33584
Received=	-0.031677
Feedback: 0.43794
Received=	0.10484
Feedback: 0.32131
Received=	0.1087
Feedback: 0.31802
Received=	-0.1261
Feedback: 0.5186
Received=	0.036916
Feedback: 0.37934
Received=	0.11411
Feedback: 0.31339
Received=	0.011977
Feedback: 0.40064
Received=	-0.05041
Feedback: 0.45394
Received=	0.028996
Feedback: 0.3861
Received=	0.28189
Feedback: 0.17006
Received=	0.29193
Feedback: 0.16148
Received=	0.22979
Feedback: 0.21457
Received=	0.0033602
Feedback: 0.40801
Received=	-0.11958
Feedback: 0.51304
Received=	-0.24317
Feedback: 0.61861
Received=	-0.047612
Feedback: 0.45155
Received=	0.31457
Feedback: 0.14214
Received=	0.22857
Feedback: 0.21561
Received=	0.12878
Feedback: 0.30086
Received=	-0.072062
Feedback: 0.47244
Received=	-0.028762
Feedback: 0.43545
Received=	0.19613
Feedback: 0.24332
Received=	0.0046127
Feedback: 0.40694
Received=	-0.12028
Feedback: 0.51363
Received=	-0.2931
Feedback: 0.66126
Received=	-0.12091
Feedback: 0.51417
Received=	-0.029626
Feedback: 0.43619
Received=	0.0021063
Feedback: 0.40908
Received=	-0.081951
Feedback: 0.48089
Received=	0.060762
Feedback: 0.35897
Received=	0.087672
Feedback: 0.33598
Received=	0.00071251
Feedback: 0.41027
Received=	-0.02511
Feedback: 0.43233
Received=	-0.20643
Feedback: 0.58722
Received=	-0.29511
Feedback: 0.66298
Received=	-0.18053
Feedback: 0.5651
Received=	-0.12584
Feedback: 0.51838
Received=	-0.2328
Feedback: 0.60975
Received=	-0.22489
Feedback: 0.603
Calculated range:	[(-2.000000) - (2.000000)]
Success index = (0.747039)
Received=	-0.25038
=====  12:33:45 - BASE  ============
Feedback: 0.66
Received=	-0.14976
Feedback: 0.66
Received=	-0.051263
Feedback: 0.66
Received=	-0.0986
Feedback: 0.66
Received=	-0.11163
Feedback: 0.66
Received=	-0.203
Feedback: 0.66
Received=	0.11342
Feedback: 0.66
Received=	0.082202
Feedback: 0.66
Received=	-0.17146
Feedback: 0.66
Received=	-0.082
Feedback: 0.66
Received=	-0.023401
Feedback: 0.66
Received=	-0.028877
Feedback: 0.66
Received=	-0.38613
Feedback: 0.66
Received=	-0.6109
Feedback: 0.66
Received=	-0.28125
Feedback: 0.66
Received=	-0.0038842
Feedback: 0.66
Received=	0.071162
Feedback: 0.66
Received=	-0.24583
Feedback: 0.66
Received=	-0.14675
Feedback: 0.66
Received=	-0.081958
Feedback: 0.66
Received=	-0.3134
=====  12:34:46 - NF  ============
Feedback: 0.71187
Received=	-0.27337
Feedback: 0.66671
Received=	-0.31102
Feedback: 0.70918
Received=	-0.22353
Feedback: 0.61049
Received=	-0.1544
Feedback: 0.53253
Received=	-0.075168
Feedback: 0.44316
Received=	-0.21108
Feedback: 0.59645
Received=	-0.16896
Feedback: 0.54895
Received=	-0.13798
Feedback: 0.51401
Received=	-0.23597
Feedback: 0.62453
Received=	-0.25715
Feedback: 0.64842
Received=	-0.28105
Feedback: 0.67537
Received=	-0.26126
Feedback: 0.65306
Received=	-0.1628
Feedback: 0.542
Received=	-0.18924
Feedback: 0.57182
Received=	-0.15255
Feedback: 0.53044
Received=	-0.20061
Feedback: 0.58465
Received=	-0.16263
Feedback: 0.54181
Received=	-0.1945
Feedback: 0.57775
Received=	-0.21227
Feedback: 0.59779
Received=	-0.35161
Feedback: 0.75497
Received=	-0.3517
Feedback: 0.75507
Received=	-0.13852
Feedback: 0.51461
Received=	0.12012
Feedback: 0.22289
Received=	-0.025975
Feedback: 0.38767
Received=	-0.15332
Feedback: 0.5313
Received=	-0.28732
Feedback: 0.68245
Received=	-0.28494
Feedback: 0.67976
Received=	-0.36463
Feedback: 0.76965
Received=	-0.36412
Feedback: 0.76907
Received=	-0.045974
Feedback: 0.41023
Received=	-0.048687
Feedback: 0.41329
Received=	-0.39308
Feedback: 0.80174
Received=	-0.28499
Feedback: 0.67982
Received=	-0.16015
Feedback: 0.53901
Received=	-0.040936
Feedback: 0.40455
Received=	-0.25733
Feedback: 0.64863
Received=	-0.04138
Feedback: 0.40505
Received=	0.066437
Feedback: 0.28344
Received=	0.3277
Feedback: 0.1
Received=	0.31691
Feedback: 0.1
Received=	-0.034431
Feedback: 0.39721
Received=	-0.20853
Feedback: 0.59359
Received=	0.059319
Feedback: 0.29147
Received=	0.1345
Feedback: 0.20667
Received=	0.10308
Feedback: 0.24211
Received=	-0.15733
Feedback: 0.53584
Received=	-0.22563
Feedback: 0.61286
Received=	-0.20578
Feedback: 0.59048
Received=	-0.17481
Feedback: 0.55555
Received=	-0.23729
Feedback: 0.62602
Received=	-0.30968
Feedback: 0.70767
Received=	-0.4659
Feedback: 0.88388
Received=	-0.4813
Feedback: 0.9
Received=	-0.4077
Feedback: 0.81823
Received=	-0.22899
Feedback: 0.61665
Received=	0.032256
Feedback: 0.32199
Received=	-0.2479
Feedback: 0.63798
Received=	-0.29408
Feedback: 0.69008
Received=	0.065845
Feedback: 0.28411
Calculated range:	[(-2.000000) - (2.000000)]
Success index = (-0.262733)
Received=	0.25033
=====  12:37:46 - BASE  ============
Feedback: 0.66
Received=	0.2333
Feedback: 0.66
Received=	0.079455
Feedback: 0.66
Received=	-0.0054063
Feedback: 0.66
Received=	-0.040075
Feedback: 0.66
Received=	0.058982
Feedback: 0.66
Received=	0.02729
Feedback: 0.66
Received=	0.26878
Feedback: 0.66
Received=	0.31452
Feedback: 0.66
Received=	0.06786
Feedback: 0.66
Received=	0.12298
Feedback: 0.66
Received=	-0.14423
Feedback: 0.66
Received=	-0.37441
Feedback: 0.66
Received=	-0.23009
Feedback: 0.66
Received=	-0.30854
Feedback: 0.66
Received=	-0.45549
Feedback: 0.66
Received=	-0.6161
Feedback: 0.66
Received=	-0.45274
Feedback: 0.66
Received=	-0.012287
Feedback: 0.66
Received=	0.16726
Feedback: 0.66
Received=	0.1113
=====  12:38:46 - NF  ============
Feedback: 0.35225
Received=	-0.062358
Feedback: 0.48288
Received=	-0.05688
Feedback: 0.47876
Received=	0.16222
Feedback: 0.31395
Received=	-0.026899
Feedback: 0.4562
Received=	0.20365
Feedback: 0.28279
Received=	-0.043682
Feedback: 0.46883
Received=	-0.22367
Feedback: 0.60421
Received=	-0.206
Feedback: 0.59092
Received=	-0.0522
Feedback: 0.47523
Received=	-0.020553
Feedback: 0.45143
Received=	-0.072068
Feedback: 0.49018
Received=	-0.27585
Feedback: 0.64346
Received=	0.022068
Feedback: 0.41937
Received=	-0.0040003
Feedback: 0.43898
Received=	-0.40133
Feedback: 0.73784
Received=	-0.23871
Feedback: 0.61552
Received=	-0.44956
Feedback: 0.77412
Received=	-0.56164
Feedback: 0.85842
Received=	-0.32526
Feedback: 0.68063
Received=	-0.10168
Feedback: 0.51245
Received=	-0.11678
Feedback: 0.52381
Received=	0.092322
Feedback: 0.36653
Received=	0.031665
Feedback: 0.41215
Received=	0.014388
Feedback: 0.42515
Received=	0.14259
Feedback: 0.32872
Received=	-0.06828
Feedback: 0.48733
Received=	-0.15817
Feedback: 0.55494
Received=	-0.21857
Feedback: 0.60037
Received=	-0.039923
Feedback: 0.466
Received=	0.020559
Feedback: 0.42051
Received=	-0.23004
Feedback: 0.609
Received=	-0.55957
Feedback: 0.85686
Received=	-0.3322
Feedback: 0.68584
Received=	-0.073647
Feedback: 0.49137
Received=	-0.020734
Feedback: 0.45157
Received=	0.04784
Feedback: 0.39999
Received=	0.20579
Feedback: 0.28118
Received=	-0.1552
Feedback: 0.55271
Received=	-0.37352
Feedback: 0.71692
Received=	-0.37668
Feedback: 0.7193
Received=	-0.39687
Feedback: 0.73449
Received=	-0.12982
Feedback: 0.53362
Received=	-0.24888
Feedback: 0.62318
Received=	-0.2694
Feedback: 0.63861
Received=	-0.14723
Feedback: 0.54672
Received=	0.097483
Feedback: 0.36265
Received=	0.2192
Feedback: 0.2711
Received=	0.10626
Feedback: 0.35605
Received=	0.092634
Feedback: 0.36629
Received=	0.00057124
Feedback: 0.43554
Received=	0.00011047
Feedback: 0.43589
Received=	-0.085327
Feedback: 0.50015
Received=	-0.22645
Feedback: 0.6063
Received=	-0.14102
Feedback: 0.54204
Received=	-0.091764
Feedback: 0.50499
Received=	-0.1111
Feedback: 0.51954
Received=	-0.29033
Feedback: 0.65435
Received=	-0.35642
Feedback: 0.70406
Received=	-0.2043
Feedback: 0.58964
Calculated range:	[(-2.000000) - (2.000000)]
Success index = (-0.152604)
Received=	0.024879
=====  12:41:46 - BASE  ============
Feedback: 0.66
Received=	-0.11432
Feedback: 0.66
Received=	0.028996
Feedback: 0.66
Received=	-0.24515
Feedback: 0.66
Received=	-0.21639
Feedback: 0.66
Received=	-0.029679
Feedback: 0.66
Received=	-0.058916
Feedback: 0.66
Received=	-0.15716
Feedback: 0.66
Received=	-0.16194
Feedback: 0.66
Received=	-0.093505
Feedback: 0.66
Received=	-0.11636
Feedback: 0.66
Received=	-0.11403
Feedback: 0.66
Received=	-0.40364
Feedback: 0.66
Received=	-0.47253
Feedback: 0.66
Received=	-0.18802
Feedback: 0.66
Received=	-0.05084
Feedback: 0.66
Received=	-0.027066
Feedback: 0.66
Received=	0.27157
Feedback: 0.66
Received=	0.19877
Feedback: 0.66
Received=	-0.19472
Feedback: 0.66
Received=	-0.58056
=====  12:42:46 - NF  ============
Feedback: 0.9
Received=	-0.31577
Feedback: 0.72665
Received=	-0.052262
Feedback: 0.43238
Received=	-0.053632
Feedback: 0.43391
Received=	0.0677
Feedback: 0.29842
Received=	0.30904
Feedback: 0.1
Received=	0.20688
Feedback: 0.14301
Received=	-0.10837
Feedback: 0.49504
Received=	-0.0056411
Feedback: 0.38032
Received=	-0.15037
Feedback: 0.54194
Received=	-0.21521
Feedback: 0.61435
Received=	0.037943
Feedback: 0.33165
Received=	0.14962
Feedback: 0.20695
Received=	-0.22285
Feedback: 0.62288
Received=	-0.3285
Feedback: 0.74085
Received=	-0.27667
Feedback: 0.68298
Received=	-0.46242
Feedback: 0.89041
Received=	-0.22801
Feedback: 0.62865
Received=	-0.28887
Feedback: 0.6966
Received=	-0.2458
Feedback: 0.64851
Received=	0.057887
Feedback: 0.30938
Received=	-0.15431
Feedback: 0.54634
Received=	-0.33962
Feedback: 0.75327
Received=	-0.49713
Feedback: 0.9
Received=	-0.15197
Feedback: 0.54373
Received=	-0.31549
Feedback: 0.72633
Received=	-0.3979
Feedback: 0.81836
Received=	-0.19296
Feedback: 0.5895
Received=	-0.26997
Feedback: 0.6755
Received=	-0.33701
Feedback: 0.75037
Received=	-0.12227
Feedback: 0.51056
Received=	0.10717
Feedback: 0.25434
Received=	0.49155
Feedback: 0.1
Received=	0.6269
Feedback: 0.1
Received=	0.11125
Feedback: 0.24979
Received=	0.044178
Feedback: 0.32469
Received=	-0.025594
Feedback: 0.4026
Received=	-0.0048352
Feedback: 0.37942
Received=	-0.094978
Feedback: 0.48009
Received=	-0.031684
Feedback: 0.40941
Received=	0.091847
Feedback: 0.27146
Received=	0.22999
Feedback: 0.11719
Received=	0.21332
Feedback: 0.13581
Received=	0.055018
Feedback: 0.31259
Received=	-0.25577
Feedback: 0.65964
Received=	-0.52581
Feedback: 0.9
Received=	-0.41084
Feedback: 0.8328
Received=	-0.33854
Feedback: 0.75206
Received=	-0.27302
Feedback: 0.6789
Received=	-0.43938
Feedback: 0.86468
Received=	-0.23742
Feedback: 0.63915
Received=	-0.085445
Feedback: 0.46944
Received=	0.079827
Feedback: 0.28488
Received=	-0.17275
Feedback: 0.56694
Received=	0.015874
Feedback: 0.3563
Received=	0.33976
Feedback: 0.1
Received=	0.20612
Feedback: 0.14385
Received=	-0.056721
Feedback: 0.43736
Received=	0.017247
Feedback: 0.35476
Received=	0.057336
Feedback: 0.31
Calculated range:	[(-2.000000) - (2.000000)]
Success index = (0.073140)
closing...
