Direction=-1.000000	; step=1.000000;
Received=	0
Feedback: 0.66
Received=	0
Feedback: 0.66
Received=	0
Feedback: 0.66
Received=	0.026188
Feedback: 0.66
Received=	0.011866
Feedback: 0.66
Received=	0.042765
Feedback: 0.66
Received=	-0.025239
Feedback: 0.66
Received=	0.078959
Feedback: 0.66
Received=	0.16905
Feedback: 0.66
Received=	0.14179
Feedback: 0.66
Received=	0.026131
Feedback: 0.66
Received=	-0.098833
Feedback: 0.66
Received=	-0.046688
Feedback: 0.66
Received=	-0.17301
Feedback: 0.66
Received=	-0.35776
Feedback: 0.66
Received=	-0.28563
Feedback: 0.66
Received=	-0.35386
Feedback: 0.66
Received=	-0.28404
Feedback: 0.66
Received=	0.18108
Feedback: 0.66
Received=	0.31406
Feedback: 0.66
Received=	0.34606
=====  12:59:5 - NF  ============
Feedback: 0.10247
Received=	0.0811
Feedback: 0.37875
Received=	-0.084608
Feedback: 0.55155
Received=	-0.17706
Feedback: 0.64794
Received=	-0.047825
Feedback: 0.51319
Received=	-0.050693
Feedback: 0.51618
Received=	-0.28971
Feedback: 0.76541
Received=	-0.35473
Feedback: 0.83322
Received=	-0.089522
Feedback: 0.55667
Received=	-0.0098094
Feedback: 0.47355
Received=	-0.092018
Feedback: 0.55927
Received=	-0.17287
Feedback: 0.64358
Received=	-0.097229
Feedback: 0.56471
Received=	-0.05851
Feedback: 0.52433
Received=	-0.053075
Feedback: 0.51866
Received=	0.024099
Feedback: 0.43819
Received=	-0.10558
Feedback: 0.57341
Received=	-0.16959
Feedback: 0.64016
Received=	-0.1911
Feedback: 0.66259
Received=	-0.21391
Feedback: 0.68638
Received=	-0.082606
Feedback: 0.54946
Received=	-0.19794
Feedback: 0.66972
Received=	-0.18792
Feedback: 0.65927
Received=	-0.29276
Feedback: 0.7686
Received=	-0.1556
Feedback: 0.62557
Received=	-0.53686
Feedback: 0.9
Received=	-0.89406
Feedback: 0.9
Received=	-0.56892
Feedback: 0.9
Received=	-0.3037
Feedback: 0.78
Received=	-0.11625
Feedback: 0.58454
Received=	-0.32614
Feedback: 0.8034
Received=	-0.48181
Feedback: 0.9
Received=	-0.64896
Feedback: 0.9
Received=	-0.70501
Feedback: 0.9
Received=	-0.55665
Feedback: 0.9
Received=	-0.35124
Feedback: 0.82958
Received=	-0.23188
Feedback: 0.70512
Received=	-0.53032
Feedback: 0.9
Received=	-0.45653
Feedback: 0.9
Received=	-0.075876
Feedback: 0.54244
Received=	0.091202
Feedback: 0.36822
Received=	0.011234
Feedback: 0.45161
Received=	0.1962
Feedback: 0.25874
Received=	0.3405
Feedback: 0.10827
Received=	0.40999
Feedback: 0.1
Received=	0.13819
Feedback: 0.31923
Received=	-0.37229
Feedback: 0.85152
Received=	-0.45036
Feedback: 0.9
Received=	-0.33379
Feedback: 0.81138
Received=	-0.31638
Feedback: 0.79323
Received=	-0.19663
Feedback: 0.66835
Received=	-0.35982
Feedback: 0.83852
Received=	-0.46929
Feedback: 0.9
Received=	-0.27746
Feedback: 0.75264
Received=	-0.23638
Feedback: 0.70981
Received=	-0.36209
Feedback: 0.84088
Received=	-0.086209
Feedback: 0.55321
Received=	-0.032189
Feedback: 0.49689
Received=	-0.23485
Feedback: 0.70821
Received=	-0.24893
Feedback: 0.72289
Calculated range:	[(-2.000000) - (2.000000)]
Success index = (-0.718847)
Received=	-0.1888
=====  13:2:5 - BASE  ============
Feedback: 0.66
Received=	-0.01121
Feedback: 0.66
Received=	-0.1376
Feedback: 0.66
Received=	-0.14229
Feedback: 0.66
Received=	-0.33283
Feedback: 0.66
Received=	-0.12824
Feedback: 0.66
Received=	0.12821
Feedback: 0.66
Received=	0.21408
Feedback: 0.66
Received=	0.0106
Feedback: 0.66
Received=	-0.39745
Feedback: 0.66
Received=	-0.58036
Feedback: 0.66
Received=	-0.42944
Feedback: 0.66
Received=	-0.50699
Feedback: 0.66
Received=	-0.33758
Feedback: 0.66
Received=	-0.34592
Feedback: 0.66
Received=	-0.3175
Feedback: 0.66
Received=	-0.31067
Feedback: 0.66
Received=	-0.28366
Feedback: 0.66
Received=	-0.30381
Feedback: 0.66
Received=	-0.31191
Feedback: 0.66
Received=	-0.19323
=====  13:3:5 - NF  ============
Feedback: 0.44465
Received=	-0.22868
Feedback: 0.47877
Received=	-0.15396
Feedback: 0.40687
Received=	-0.057444
Feedback: 0.31399
Received=	-0.041046
Feedback: 0.29821
Received=	-0.23303
Feedback: 0.48296
Received=	-0.4314
Feedback: 0.67385
Received=	-0.52357
Feedback: 0.76254
Received=	-0.24153
Feedback: 0.49114
Received=	-0.036852
Feedback: 0.29417
Received=	-0.12466
Feedback: 0.37867
Received=	-0.22828
Feedback: 0.47838
Received=	-0.1897
Feedback: 0.44126
Received=	-0.032714
Feedback: 0.29019
Received=	-0.19077
Feedback: 0.44228
Received=	-0.19275
Feedback: 0.44419
Received=	-0.18384
Feedback: 0.43562
Received=	-0.23028
Feedback: 0.48031
Received=	-0.34079
Feedback: 0.58666
Received=	-0.22134
Feedback: 0.47171
Received=	-0.27429
Feedback: 0.52266
Received=	-0.41733
Feedback: 0.66031
Received=	-0.36528
Feedback: 0.61022
Received=	-0.18079
Feedback: 0.43269
Received=	-0.11793
Feedback: 0.3722
Received=	-0.057022
Feedback: 0.31358
Received=	-0.19062
Feedback: 0.44215
Received=	-0.33973
Feedback: 0.58564
Received=	-0.49556
Feedback: 0.73559
Received=	-0.35409
Feedback: 0.59946
Received=	-0.28806
Feedback: 0.53591
Received=	-0.26076
Feedback: 0.50964
Received=	-0.11652
Feedback: 0.37084
Received=	-0.20936
Feedback: 0.46017
Received=	-0.35969
Feedback: 0.60484
Received=	-0.12102
Feedback: 0.37517
Received=	-0.18065
Feedback: 0.43255
Received=	-0.078317
Feedback: 0.33408
Received=	-0.16674
Feedback: 0.41916
Received=	-0.076149
Feedback: 0.33199
Received=	-0.063064
Feedback: 0.3194
Received=	0.085463
Feedback: 0.17647
Received=	0.10062
Feedback: 0.16189
Received=	-0.016111
Feedback: 0.27421
Received=	-0.010651
Feedback: 0.26896
Received=	-0.22988
Feedback: 0.47993
Received=	0.1341
Feedback: 0.12967
Received=	0.094829
Feedback: 0.16746
Received=	0.0036611
Feedback: 0.25519
Received=	-0.22432
Feedback: 0.47458
Received=	-0.27985
Feedback: 0.52801
Received=	-0.54349
Feedback: 0.78171
Received=	-0.48359
Feedback: 0.72407
Received=	-0.55458
Feedback: 0.79238
Received=	-0.55948
Feedback: 0.7971
Received=	-0.29006
Feedback: 0.53784
Received=	0.011918
Feedback: 0.24724
Received=	-0.015852
Feedback: 0.27397
Received=	-0.35245
Feedback: 0.59787
Received=	-0.51518
Feedback: 0.75447
Calculated range:	[(-2.000000) - (2.000000)]
Success index = (0.239619)
Received=	-0.4439
=====  13:6:5 - BASE  ============
Feedback: 0.66
Received=	-0.27895
Feedback: 0.66
Received=	-0.23107
Feedback: 0.66
Received=	-0.17464
Feedback: 0.66
Received=	0.17973
Feedback: 0.66
Received=	0.066875
Feedback: 0.66
Received=	-0.059535
Feedback: 0.66
Received=	-0.42798
Feedback: 0.66
Received=	-0.38726
Feedback: 0.66
Received=	-0.32922
Feedback: 0.66
Received=	-0.31312
Feedback: 0.66
Received=	-0.32017
Feedback: 0.66
Received=	-0.16842
Feedback: 0.66
Received=	-0.065935
Feedback: 0.66
Received=	-0.23588
Feedback: 0.66
Received=	-0.064754
Feedback: 0.66
Received=	0.08478
Feedback: 0.66
Received=	-0.16186
Feedback: 0.66
Received=	-0.15746
Feedback: 0.66
Received=	0.12825
Feedback: 0.66
Received=	0.54183
=====  13:7:5 - NF  ============
Feedback: 0.1
Received=	0.2714
Feedback: 0.1
Received=	0.095248
Feedback: 0.23041
Received=	0.028392
Feedback: 0.30495
Received=	-0.16008
Feedback: 0.51509
Received=	-0.35068
Feedback: 0.72763
Received=	-0.54114
Feedback: 0.9
Received=	-0.57215
Feedback: 0.9
Received=	-0.4713
Feedback: 0.86211
Received=	-0.5104
Feedback: 0.9
Received=	-0.50815
Feedback: 0.9
Received=	-0.027963
Feedback: 0.36779
Received=	-0.11928
Feedback: 0.46961
Received=	-0.37247
Feedback: 0.75192
Received=	-0.49566
Feedback: 0.88927
Received=	-0.50552
Feedback: 0.9
Received=	-0.36059
Feedback: 0.73867
Received=	-0.34768
Feedback: 0.72428
Received=	-0.33584
Feedback: 0.71107
Received=	-0.4643
Feedback: 0.85431
Received=	-0.5016
Feedback: 0.8959
Received=	-0.42433
Feedback: 0.80974
Received=	-0.34839
Feedback: 0.72506
Received=	-0.015001
Feedback: 0.35333
Received=	0.022743
Feedback: 0.31125
Received=	-0.19408
Feedback: 0.55301
Received=	-0.29006
Feedback: 0.66003
Received=	-0.17305
Feedback: 0.52956
Received=	-0.33174
Feedback: 0.7065
Received=	-0.3257
Feedback: 0.69977
Received=	-0.148
Feedback: 0.50163
Received=	-0.1893
Feedback: 0.54768
Received=	-0.28787
Feedback: 0.65758
Received=	-0.4566
Feedback: 0.84572
Received=	-0.50966
Feedback: 0.9
Received=	-0.39346
Feedback: 0.77532
Received=	-0.11206
Feedback: 0.46156
Received=	0.053971
Feedback: 0.27643
Received=	-0.093605
Feedback: 0.44098
Received=	-0.35156
Feedback: 0.7286
Received=	-0.51761
Feedback: 0.9
Received=	-0.23363
Feedback: 0.59711
Received=	-0.14905
Feedback: 0.5028
Received=	-0.35201
Feedback: 0.72911
Received=	-0.50006
Feedback: 0.89418
Received=	-0.62734
Feedback: 0.9
Received=	-0.49592
Feedback: 0.88957
Received=	-0.45669
Feedback: 0.84583
Received=	-0.58928
Feedback: 0.9
Received=	-0.74329
Feedback: 0.9
Received=	-0.51097
Feedback: 0.9
Received=	-0.29178
Feedback: 0.66195
Received=	-0.16187
Feedback: 0.5171
Received=	-0.29242
Feedback: 0.66267
Received=	-0.32367
Feedback: 0.6975
Received=	-0.10194
Feedback: 0.45027
Received=	-0.065716
Feedback: 0.40988
Received=	-0.25951
Feedback: 0.62597
Received=	-0.31044
Feedback: 0.68275
Received=	-0.096173
Feedback: 0.44384
Calculated range:	[(-2.000000) - (2.000000)]
Success index = (-0.651176)
Received=	0.12011
=====  13:10:5 - BASE  ============
Feedback: 0.66
Received=	0.097182
Feedback: 0.66
Received=	0.083945
Feedback: 0.66
Received=	-0.1405
Feedback: 0.66
Received=	-0.27612
Feedback: 0.66
Received=	-0.19791
Feedback: 0.66
Received=	-0.12872
Feedback: 0.66
Received=	-0.11533
Feedback: 0.66
Received=	-0.2307
Feedback: 0.66
Received=	-0.37911
Feedback: 0.66
Received=	-0.25648
Feedback: 0.66
Received=	-0.046243
Feedback: 0.66
Received=	0.19022
Feedback: 0.66
Received=	0.26191
Feedback: 0.66
Received=	0.0019656
Feedback: 0.66
Received=	-0.23973
Feedback: 0.66
Received=	-0.3714
Feedback: 0.66
Received=	-0.51562
Feedback: 0.66
Received=	-0.5146
Feedback: 0.66
Received=	-0.40764
Feedback: 0.66
Received=	-0.65084
=====  13:11:5 - NF  ============
Feedback: 0.9
Received=	-0.41986
Feedback: 0.71428
Received=	-0.18676
Feedback: 0.50399
Received=	0.10715
Feedback: 0.23884
Received=	0.19969
Feedback: 0.15536
Received=	-0.051452
Feedback: 0.38192
Received=	-0.080849
Feedback: 0.40844
Received=	-0.1568
Feedback: 0.47697
Received=	-0.21412
Feedback: 0.52867
Received=	-0.14509
Feedback: 0.4664
Received=	-0.15411
Feedback: 0.47454
Received=	0.034857
Feedback: 0.30406
Received=	0.15015
Feedback: 0.20006
Received=	-0.026882
Feedback: 0.35976
Received=	0.15695
Feedback: 0.19392
Received=	-0.11575
Feedback: 0.43993
Received=	-0.16424
Feedback: 0.48367
Received=	-0.26591
Feedback: 0.5754
Received=	-0.43489
Feedback: 0.72784
Received=	-0.29563
Feedback: 0.60221
Received=	-0.12815
Feedback: 0.45112
Received=	0.016099
Feedback: 0.32098
Received=	0.047338
Feedback: 0.2928
Received=	-0.10312
Feedback: 0.42854
Received=	-0.11725
Feedback: 0.44128
Received=	-0.13476
Feedback: 0.45708
Received=	-0.13631
Feedback: 0.45847
Received=	-0.18065
Feedback: 0.49848
Received=	-0.025757
Feedback: 0.35874
Received=	-0.015933
Feedback: 0.34988
Received=	-0.036879
Feedback: 0.36878
Received=	0.075242
Feedback: 0.26763
Received=	-0.12908
Feedback: 0.45196
Received=	0.098166
Feedback: 0.24695
Received=	0.10085
Feedback: 0.24453
Received=	0.061677
Feedback: 0.27987
Received=	0.00013387
Feedback: 0.33539
Received=	-0.24533
Feedback: 0.55683
Received=	-0.18666
Feedback: 0.5039
Received=	-0.012064
Feedback: 0.34639
Received=	0.15676
Feedback: 0.19409
Received=	-0.029757
Feedback: 0.36235
Received=	-0.16585
Feedback: 0.48513
Received=	-0.30654
Feedback: 0.61205
Received=	-0.24718
Feedback: 0.55849
Received=	-0.2352
Feedback: 0.54769
Received=	-0.15917
Feedback: 0.4791
Received=	0.010657
Feedback: 0.32589
Received=	-0.059783
Feedback: 0.38944
Received=	-0.13144
Feedback: 0.45408
Received=	-0.06629
Feedback: 0.39531
Received=	-0.093903
Feedback: 0.42022
Received=	-0.22744
Feedback: 0.54069
Received=	-0.047147
Feedback: 0.37804
Received=	0.14266
Feedback: 0.20681
Received=	0.23998
Feedback: 0.11901
Received=	0.14484
Feedback: 0.20484
Received=	0.21163
Feedback: 0.14459
Received=	0.1881
Feedback: 0.16582
Received=	0.18346
Feedback: 0.17
Calculated range:	[(-2.000000) - (2.000000)]
Success index = (0.601408)
Received=	0.09851
=====  13:14:5 - BASE  ============
Feedback: 0.66
Received=	0.048347
Feedback: 0.66
Received=	-0.098612
Feedback: 0.66
Received=	-0.075172
Feedback: 0.66
Received=	-0.085565
Feedback: 0.66
Received=	-0.079691
Feedback: 0.66
Received=	-0.0080834
Feedback: 0.66
Received=	0.06937
Feedback: 0.66
Received=	0.080183
Feedback: 0.66
Received=	-0.10699
Feedback: 0.66
Received=	0.067227
Feedback: 0.66
Received=	-0.028946
Feedback: 0.66
Received=	-0.21779
Feedback: 0.66
Received=	0.10227
Feedback: 0.66
Received=	-0.096215
Feedback: 0.66
Received=	-0.25956
Feedback: 0.66
Received=	-0.15918
Feedback: 0.66
Received=	-0.016321
Feedback: 0.66
Received=	-0.15083
Feedback: 0.66
Received=	-0.27893
Feedback: 0.66
Received=	-0.29688
=====  13:15:5 - NF  ============
Feedback: 0.89289
Received=	-0.28549
Feedback: 0.87276
Received=	-0.24789
Feedback: 0.80629
Received=	-0.1195
Feedback: 0.57936
Received=	0.020227
Feedback: 0.33239
Received=	-0.20108
Feedback: 0.72356
Received=	-0.14111
Feedback: 0.61756
Received=	0.13037
Feedback: 0.1377
Received=	0.051969
Feedback: 0.27628
Received=	-0.20517
Feedback: 0.73079
Received=	-0.30264
Feedback: 0.9
Received=	-0.38384
Feedback: 0.9
Received=	-0.17869
Feedback: 0.68397
Received=	-0.27299
Feedback: 0.85067
Received=	-0.095877
Feedback: 0.5376
Received=	-0.067555
Feedback: 0.48754
Received=	-0.28263
Feedback: 0.86771
Received=	-0.43806
Feedback: 0.9
Received=	-0.15881
Feedback: 0.64884
Received=	0.065599
Feedback: 0.25219
Received=	0.1372
Feedback: 0.12563
Received=	0.071321
Feedback: 0.24208
Received=	0.12982
Feedback: 0.13868
Received=	-0.089541
Feedback: 0.52641
Received=	-0.14605
Feedback: 0.62628
Received=	-0.033626
Feedback: 0.42757
Received=	-0.19801
Feedback: 0.71813
Received=	-0.10859
Feedback: 0.56008
Received=	-0.23041
Feedback: 0.7754
Received=	-0.070539
Feedback: 0.49282
Received=	-0.0084432
Feedback: 0.38306
Received=	0.12097
Feedback: 0.15432
Received=	0.19645
Feedback: 0.1
Received=	0.24514
Feedback: 0.1
Received=	0.11374
Feedback: 0.1671
Received=	0.050496
Feedback: 0.27888
Received=	0.0041617
Feedback: 0.36078
Received=	0.12888
Feedback: 0.14033
Received=	0.23964
Feedback: 0.1
Received=	0.050348
Feedback: 0.27915
Received=	-0.032907
Feedback: 0.4263
Received=	-0.12643
Feedback: 0.5916
Received=	-0.13566
Feedback: 0.60792
Received=	-0.24064
Feedback: 0.79347
Received=	-0.40614
Feedback: 0.9
Received=	-0.29501
Feedback: 0.88958
Received=	-0.16054
Feedback: 0.6519
Received=	0.10329
Feedback: 0.18556
Received=	-0.03541
Feedback: 0.43073
Received=	0.043323
Feedback: 0.29156
Received=	0.15098
Feedback: 0.10127
Received=	0.17508
Feedback: 0.1
Received=	-0.19447
Feedback: 0.71186
Received=	-0.40278
Feedback: 0.9
Received=	-0.1967
Feedback: 0.71581
Received=	-0.34458
Feedback: 0.9
Received=	-0.16623
Feedback: 0.66196
Received=	0.040042
Feedback: 0.29736
Received=	-0.088723
Feedback: 0.52496
Received=	-0.30784
Feedback: 0.9
Calculated range:	[(-2.000000) - (2.000000)]
Success index = (-0.097763)
closing...
