Direction=-1.000000	; step=1.000000;
Received=	0
Feedback: 0.66
Received=	0
Feedback: 0.66
Received=	0
Feedback: 0.66
Received=	-0.2396
Feedback: 0.66
Received=	-0.14647
Feedback: 0.66
Received=	0.11463
Feedback: 0.66
Received=	-0.0010611
Feedback: 0.66
Received=	0.019026
Feedback: 0.66
Received=	0.1276
Feedback: 0.66
Received=	0.23154
Feedback: 0.66
Received=	0.12593
Feedback: 0.66
Received=	0.13272
Feedback: 0.66
Received=	0.20486
Feedback: 0.66
Received=	0.11443
Feedback: 0.66
Received=	0.040549
Feedback: 0.66
Received=	-0.1797
Feedback: 0.66
Received=	0.010108
Feedback: 0.66
Received=	0.14952
Feedback: 0.66
Received=	-0.14697
Feedback: 0.66
Received=	0.091187
Feedback: 0.66
Received=	-0.056711
=====  13:16:41 - NF  ============
Feedback: 0.63651
Received=	-0.24206
Feedback: 0.9
Received=	-0.4011
Feedback: 0.9
Received=	-0.27806
Feedback: 0.9
Received=	-0.35117
Feedback: 0.9
Received=	-0.2054
Feedback: 0.85542
Received=	-0.016038
Feedback: 0.57664
Received=	-0.047207
Feedback: 0.62252
Received=	0.061134
Feedback: 0.46302
Received=	0.034668
Feedback: 0.50199
Received=	-0.15214
Feedback: 0.77699
Received=	-0.27046
Feedback: 0.9
Received=	-0.25862
Feedback: 0.9
Received=	-0.065853
Feedback: 0.64997
Received=	-0.053551
Feedback: 0.63186
Received=	0.14902
Feedback: 0.33363
Received=	0.16364
Feedback: 0.31212
Received=	-0.072213
Feedback: 0.65933
Received=	-0.42028
Feedback: 0.9
Received=	-0.3251
Feedback: 0.9
Received=	0.099621
Feedback: 0.40636
Received=	-0.19223
Feedback: 0.83602
Received=	-0.16076
Feedback: 0.7897
Received=	0.094632
Feedback: 0.41371
Received=	-0.094421
Feedback: 0.69203
Received=	-0.24754
Feedback: 0.9
Received=	-0.43542
Feedback: 0.9
Received=	-0.37007
Feedback: 0.9
Received=	-0.22542
Feedback: 0.88488
Received=	-0.36325
Feedback: 0.9
Received=	-0.44296
Feedback: 0.9
Received=	-0.16104
Feedback: 0.79011
Received=	0.096724
Feedback: 0.41063
Received=	-0.017771
Feedback: 0.57919
Received=	-0.095549
Feedback: 0.69369
Received=	-0.37235
Feedback: 0.9
Received=	-0.055451
Feedback: 0.63466
Received=	0.21004
Feedback: 0.24381
Received=	0.13564
Feedback: 0.35334
Received=	-0.21198
Feedback: 0.8651
Received=	-0.01517
Feedback: 0.57536
Received=	0.079007
Feedback: 0.43671
Received=	0.36789
Feedback: 0.1
Received=	-0.10038
Feedback: 0.7008
Received=	0.070384
Feedback: 0.44941
Received=	0.20965
Feedback: 0.24438
Received=	-0.25022
Feedback: 0.9
Received=	-0.29549
Feedback: 0.9
Received=	-0.011904
Feedback: 0.57055
Received=	0.2134
Feedback: 0.23886
Received=	0.19981
Feedback: 0.25886
Received=	0.13881
Feedback: 0.34867
Received=	-0.0131
Feedback: 0.57231
Received=	-0.16174
Feedback: 0.79113
Received=	-0.17632
Feedback: 0.8126
Received=	-0.26344
Feedback: 0.9
Received=	-0.1508
Feedback: 0.77504
Received=	0.00066135
Feedback: 0.55205
Received=	-0.023736
Feedback: 0.58797
Received=	0.17611
Feedback: 0.29376
Calculated range:	[(-2.000000) - (2.000000)]
Success index = (-0.715790)
Received=	0.19171
=====  13:19:41 - BASE  ============
Feedback: 0.66
Received=	0.25718
Feedback: 0.66
Received=	0.44795
Feedback: 0.66
Received=	0.51348
Feedback: 0.66
Received=	0.24836
Feedback: 0.66
Received=	0.11523
Feedback: 0.66
Received=	0.084701
Feedback: 0.66
Received=	0.13429
Feedback: 0.66
Received=	0.13864
Feedback: 0.66
Received=	0.23187
Feedback: 0.66
Received=	0.17641
Feedback: 0.66
Received=	0.48983
Feedback: 0.66
Received=	0.46803
Feedback: 0.66
Received=	0.22696
Feedback: 0.66
Received=	-0.16594
Feedback: 0.66
Received=	-0.3393
Feedback: 0.66
Received=	-0.3789
Feedback: 0.66
Received=	-0.13375
Feedback: 0.66
Received=	-0.030331
Feedback: 0.66
Received=	0.27157
Feedback: 0.66
Received=	0.43524
=====  13:20:41 - NF  ============
Feedback: 0.27789
Received=	0.80627
Feedback: 0.1
Received=	0.64778
Feedback: 0.11862
Received=	0.16185
Feedback: 0.48275
Received=	0.02397
Feedback: 0.58608
Received=	-0.00031173
Feedback: 0.60428
Received=	-0.0085065
Feedback: 0.61042
Received=	-0.10126
Feedback: 0.67993
Received=	-0.16577
Feedback: 0.72826
Received=	-0.14021
Feedback: 0.70912
Received=	-0.25403
Feedback: 0.79441
Received=	-0.13013
Feedback: 0.70156
Received=	0.16979
Feedback: 0.47681
Received=	0.15746
Feedback: 0.48605
Received=	-0.11121
Feedback: 0.68738
Received=	0.0044151
Feedback: 0.60073
Received=	0.28298
Feedback: 0.39199
Received=	0.077401
Feedback: 0.54604
Received=	-0.094722
Feedback: 0.67503
Received=	-0.23779
Feedback: 0.78224
Received=	-0.32634
Feedback: 0.84859
Received=	-0.30331
Feedback: 0.83134
Received=	-0.026952
Feedback: 0.62424
Received=	0.18835
Feedback: 0.4629
Received=	0.015376
Feedback: 0.59252
Received=	-0.012718
Feedback: 0.61357
Received=	-0.27471
Feedback: 0.8099
Received=	-0.18409
Feedback: 0.742
Received=	-0.044493
Feedback: 0.63739
Received=	0.051448
Feedback: 0.56549
Received=	-0.11046
Feedback: 0.68682
Received=	-0.029746
Feedback: 0.62633
Received=	0.14674
Feedback: 0.49408
Received=	-0.07446
Feedback: 0.65984
Received=	-0.057329
Feedback: 0.647
Received=	0.053167
Feedback: 0.5642
Received=	0.043015
Feedback: 0.57181
Received=	0.18457
Feedback: 0.46573
Received=	0.32283
Feedback: 0.36212
Received=	0.19228
Feedback: 0.45995
Received=	-0.05332
Feedback: 0.644
Received=	0.022157
Feedback: 0.58744
Received=	0.29383
Feedback: 0.38385
Received=	0.19851
Feedback: 0.45528
Received=	0.22345
Feedback: 0.4366
Received=	0.16161
Feedback: 0.48293
Received=	0.13534
Feedback: 0.50262
Received=	0.15804
Feedback: 0.48561
Received=	0.30308
Feedback: 0.37692
Received=	0.61048
Feedback: 0.14657
Received=	0.48632
Feedback: 0.23961
Received=	0.027722
Feedback: 0.58327
Received=	-0.22491
Feedback: 0.77258
Received=	-0.23804
Feedback: 0.78242
Received=	-0.16226
Feedback: 0.72564
Received=	0.25036
Feedback: 0.41643
Received=	0.1982
Feedback: 0.45552
Received=	0.12351
Feedback: 0.51149
Received=	0.030016
Feedback: 0.58155
Received=	-0.047802
Feedback: 0.63986
Calculated range:	[(-2.000000) - (2.000000)]
Success index = (-0.316208)
Received=	-0.011728
=====  13:23:41 - BASE  ============
Feedback: 0.66
Received=	0.48298
Feedback: 0.66
Received=	0.87845
Feedback: 0.66
Received=	0.56607
Feedback: 0.66
Received=	0.45007
Feedback: 0.66
Received=	0.78155
Feedback: 0.66
Received=	0.49847
Feedback: 0.66
Received=	0.12843
Feedback: 0.66
Received=	0.052373
Feedback: 0.66
Received=	0.43567
Feedback: 0.66
Received=	0.55598
Feedback: 0.66
Received=	0.30122
Feedback: 0.66
Received=	0.031785
Feedback: 0.66
Received=	0.0039081
Feedback: 0.66
Received=	0.28113
Feedback: 0.66
Received=	0.45674
Feedback: 0.66
Received=	0.39548
Feedback: 0.66
Received=	0.33709
Feedback: 0.66
Received=	0.14062
Feedback: 0.66
Received=	0.053
Feedback: 0.66
Received=	0.18357
=====  13:24:41 - NF  ============
Feedback: 0.63263
Received=	0.6489
Feedback: 0.26766
Received=	0.99777
Feedback: 0.1
Received=	0.45438
Feedback: 0.42023
Received=	0.21016
Feedback: 0.61177
Received=	0.088083
Feedback: 0.70752
Received=	-0.047524
Feedback: 0.81388
Received=	0.15153
Feedback: 0.65776
Received=	0.28758
Feedback: 0.55105
Received=	0.23858
Feedback: 0.58949
Received=	0.090847
Feedback: 0.70535
Received=	-0.097893
Feedback: 0.85339
Received=	-0.29252
Feedback: 0.9
Received=	-0.13334
Feedback: 0.88119
Received=	0.034687
Feedback: 0.7494
Received=	0.11474
Feedback: 0.68661
Received=	0.065164
Feedback: 0.7255
Received=	0.27436
Feedback: 0.56142
Received=	0.21183
Feedback: 0.61046
Received=	0.40926
Feedback: 0.45562
Received=	0.57534
Feedback: 0.32536
Received=	0.56379
Feedback: 0.33441
Received=	0.62156
Feedback: 0.2891
Received=	0.76726
Feedback: 0.17483
Received=	0.38765
Feedback: 0.47256
Received=	0.15363
Feedback: 0.65611
Received=	-0.038405
Feedback: 0.80673
Received=	-0.1348
Feedback: 0.88234
Received=	-0.061809
Feedback: 0.82509
Received=	0.016889
Feedback: 0.76336
Received=	0.2257
Feedback: 0.59958
Received=	0.054052
Feedback: 0.73421
Received=	-0.0299
Feedback: 0.80006
Received=	-0.048594
Feedback: 0.81472
Received=	-0.14486
Feedback: 0.89022
Received=	-0.19154
Feedback: 0.9
Received=	-0.312
Feedback: 0.9
Received=	-0.33563
Feedback: 0.9
Received=	-0.17166
Feedback: 0.9
Received=	-0.11964
Feedback: 0.87044
Received=	-0.010337
Feedback: 0.78471
Received=	-0.328
Feedback: 0.9
Received=	-0.33886
Feedback: 0.9
Received=	0.077425
Feedback: 0.71588
Received=	0.0035016
Feedback: 0.77386
Received=	-0.064304
Feedback: 0.82704
Received=	-0.066574
Feedback: 0.82882
Received=	0.18768
Feedback: 0.62941
Received=	-0.15745
Feedback: 0.9
Received=	-0.60061
Feedback: 0.9
Received=	-0.58724
Feedback: 0.9
Received=	-0.16227
Feedback: 0.9
Received=	0.10827
Feedback: 0.69169
Received=	0.28321
Feedback: 0.55448
Received=	0.11839
Feedback: 0.68375
Received=	-0.35141
Feedback: 0.9
Received=	-0.49797
Feedback: 0.9
Received=	-0.16371
Feedback: 0.9
Received=	0.098339
Feedback: 0.69948
Received=	0.094037
Feedback: 0.70285
Calculated range:	[(-2.000000) - (2.000000)]
Success index = (-0.987508)
Received=	0.25469
=====  13:27:41 - BASE  ============
Feedback: 0.66
Received=	0.52292
Feedback: 0.66
Received=	0.68616
Feedback: 0.66
Received=	0.41324
Feedback: 0.66
Received=	-0.04644
Feedback: 0.66
Received=	-0.25935
Feedback: 0.66
Received=	-0.33745
Feedback: 0.66
Received=	-0.20706
Feedback: 0.66
Received=	0.14025
Feedback: 0.66
Received=	0.32247
Feedback: 0.66
Received=	0.52764
Feedback: 0.66
Received=	0.48332
Feedback: 0.66
Received=	0.3903
Feedback: 0.66
Received=	0.27792
Feedback: 0.66
Received=	0.28974
Feedback: 0.66
Received=	0.3358
Feedback: 0.66
Received=	0.24409
Feedback: 0.66
Received=	0.34442
Feedback: 0.66
Received=	0.17399
Feedback: 0.66
Received=	0.34139
Feedback: 0.66
Received=	0.49322
=====  13:28:41 - NF  ============
Feedback: 0.30969
Received=	0.56304
Feedback: 0.2594
Received=	0.41448
Feedback: 0.36638
Received=	0.26714
Feedback: 0.47247
Received=	0.23266
Feedback: 0.4973
Received=	0.063458
Feedback: 0.61914
Received=	-0.033362
Feedback: 0.68885
Received=	0.092003
Feedback: 0.59858
Received=	-0.019432
Feedback: 0.67882
Received=	0.10686
Feedback: 0.58788
Received=	0.20604
Feedback: 0.51647
Received=	0.44317
Feedback: 0.34572
Received=	0.4483
Feedback: 0.34203
Received=	0.22485
Feedback: 0.50292
Received=	0.0024028
Feedback: 0.6631
Received=	-0.19077
Feedback: 0.8022
Received=	-0.31384
Feedback: 0.89082
Received=	-0.45316
Feedback: 0.9
Received=	-0.50852
Feedback: 0.9
Received=	-0.20586
Feedback: 0.81307
Received=	-0.14099
Feedback: 0.76636
Received=	-0.14178
Feedback: 0.76693
Received=	0.051704
Feedback: 0.6276
Received=	0.22566
Feedback: 0.50234
Received=	0.075994
Feedback: 0.61011
Received=	-0.20106
Feedback: 0.80961
Received=	-0.14936
Feedback: 0.77238
Received=	0.089492
Feedback: 0.60039
Received=	0.099074
Feedback: 0.59349
Received=	0.073651
Feedback: 0.6118
Received=	-0.091774
Feedback: 0.73092
Received=	-0.11739
Feedback: 0.74936
Received=	0.072361
Feedback: 0.61273
Received=	0.6448
Feedback: 0.20053
Received=	0.82335
Feedback: 0.1
Received=	0.64603
Feedback: 0.19965
Received=	0.67804
Feedback: 0.1766
Received=	0.79406
Feedback: 0.1
Received=	0.15664
Feedback: 0.55204
Received=	0.002779
Feedback: 0.66283
Received=	-0.19827
Feedback: 0.8076
Received=	-0.16689
Feedback: 0.785
Received=	0.10835
Feedback: 0.58682
Received=	0.067761
Feedback: 0.61604
Received=	0.0078202
Feedback: 0.6592
Received=	-0.021197
Feedback: 0.6801
Received=	-0.083341
Feedback: 0.72484
Received=	0.082407
Feedback: 0.60549
Received=	0.046878
Feedback: 0.63108
Received=	-0.11751
Feedback: 0.74945
Received=	-0.28968
Feedback: 0.87342
Received=	-0.42017
Feedback: 0.9
Received=	-0.41134
Feedback: 0.9
Received=	-0.29714
Feedback: 0.87879
Received=	-0.013621
Feedback: 0.67464
Received=	0.024441
Feedback: 0.64723
Received=	0.032729
Feedback: 0.64127
Received=	-0.10053
Feedback: 0.73722
Received=	-0.29478
Feedback: 0.87709
Received=	-0.38994
Feedback: 0.9
Calculated range:	[(-2.000000) - (2.000000)]
Success index = (-0.595340)
Received=	-0.21636
=====  13:31:41 - BASE  ============
Feedback: 0.66
Received=	0.6643
Feedback: 0.66
Received=	1.2153
Feedback: 0.66
Received=	0.80945
Feedback: 0.66
Received=	0.30819
Feedback: 0.66
Received=	0.17935
Feedback: 0.66
Received=	0.31274
Feedback: 0.66
Received=	0.34966
Feedback: 0.66
Received=	0.60159
Feedback: 0.66
Received=	0.40075
Feedback: 0.66
Received=	0.34861
Feedback: 0.66
Received=	0.55151
Feedback: 0.66
Received=	0.58864
Feedback: 0.66
Received=	0.40675
Feedback: 0.66
Received=	0.24794
Feedback: 0.66
Received=	0.2331
Feedback: 0.66
Received=	0.012325
Feedback: 0.66
Received=	-0.13616
Feedback: 0.66
Received=	-0.10647
Feedback: 0.66
Received=	-0.0082506
Feedback: 0.66
Received=	-0.06822
=====  13:32:41 - NF  ============
Feedback: 0.75271
Received=	0.17363
Feedback: 0.60686
Received=	0.5028
Feedback: 0.40836
Received=	0.30816
Feedback: 0.52573
Received=	0.05938
Feedback: 0.67576
Received=	-0.15052
Feedback: 0.80233
Received=	-0.036423
Feedback: 0.73353
Received=	0.23894
Feedback: 0.56747
Received=	0.10499
Feedback: 0.64825
Received=	0.52891
Feedback: 0.39261
Received=	0.59428
Feedback: 0.35319
Received=	0.67084
Feedback: 0.30702
Received=	0.71648
Feedback: 0.2795
Received=	0.3869
Feedback: 0.47825
Received=	0.083408
Feedback: 0.66127
Received=	-0.098101
Feedback: 0.77072
Received=	-0.14873
Feedback: 0.80126
Received=	0.38928
Feedback: 0.47681
Received=	0.45107
Feedback: 0.43955
Received=	0.083036
Feedback: 0.66149
Received=	0.10803
Feedback: 0.64642
Received=	0.18251
Feedback: 0.6015
Received=	0.20955
Feedback: 0.5852
Received=	0.11438
Feedback: 0.64259
Received=	0.093343
Feedback: 0.65528
Received=	0.15194
Feedback: 0.61994
Received=	0.10409
Feedback: 0.6488
Received=	0.10437
Feedback: 0.64863
Received=	0.14229
Feedback: 0.62576
Received=	-0.059452
Feedback: 0.74742
Received=	-0.19069
Feedback: 0.82656
Received=	-0.12461
Feedback: 0.78671
Received=	-0.067819
Feedback: 0.75246
Received=	-0.10933
Feedback: 0.77749
Received=	0.18064
Feedback: 0.60264
Received=	0.19436
Feedback: 0.59436
Received=	-0.037183
Feedback: 0.73399
Received=	-0.3671
Feedback: 0.9
Received=	-0.50922
Feedback: 0.9
Received=	-0.37669
Feedback: 0.9
Received=	0.069615
Feedback: 0.66959
Received=	-0.023463
Feedback: 0.72572
Received=	0.089311
Feedback: 0.65771
Received=	-0.12212
Feedback: 0.78521
Received=	-0.318
Feedback: 0.9
Received=	-0.23409
Feedback: 0.85273
Received=	-0.29099
Feedback: 0.88705
Received=	-0.3668
Feedback: 0.9
Received=	-0.11021
Feedback: 0.77803
Received=	0.26382
Feedback: 0.55247
Received=	0.1248
Feedback: 0.63631
Received=	0.1966
Feedback: 0.59301
Received=	-0.14253
Feedback: 0.79752
Received=	-0.0076247
Feedback: 0.71616
Received=	-0.083649
Feedback: 0.76201
Received=	-0.06112
Feedback: 0.74842
Received=	0.20747
Feedback: 0.58645
Received=	0.12482
Feedback: 0.63629
Received=	-0.1361
Feedback: 0.79364
Received=	-0.067401
Feedback: 0.75221
Calculated range:	[(-2.056397) - (1.943603)]
Success index = (-1.056397)
closing...
