Direction=-1.000000	; step=1.000000;
Received=	0
Feedback: 0.66
Received=	0
Feedback: 0.66
Received=	0
Feedback: 0.66
Received=	0.087383
Feedback: 0.66
Received=	-0.28603
Feedback: 0.66
Received=	-0.38256
Feedback: 0.66
Received=	-0.010078
Feedback: 0.66
Received=	0.065725
Feedback: 0.66
Received=	0.33621
Feedback: 0.66
Received=	0.35179
Feedback: 0.66
Received=	0.25345
Feedback: 0.66
Received=	0.074939
Feedback: 0.66
Received=	0.0048375
Feedback: 0.66
Received=	-0.1419
Feedback: 0.66
Received=	-0.019713
Feedback: 0.66
Received=	0.11358
Feedback: 0.66
Received=	0.25804
Feedback: 0.66
Received=	0.288
Feedback: 0.66
Received=	-0.0096151
Feedback: 0.66
Received=	0.091561
Feedback: 0.66
Received=	0.32239
=====  18:30:5 - NF  ============
Feedback: 0.23621
Received=	0.24834
Feedback: 0.31059
Received=	0.13078
Feedback: 0.42866
Received=	0.16688
Feedback: 0.39241
Received=	0.14151
Feedback: 0.41789
Received=	-0.031552
Feedback: 0.59171
Received=	0.029256
Feedback: 0.53064
Received=	-0.020804
Feedback: 0.58092
Received=	-0.30428
Feedback: 0.86564
Received=	-0.10846
Feedback: 0.66895
Received=	0.13393
Feedback: 0.4255
Received=	0.017586
Feedback: 0.54236
Received=	-0.018935
Feedback: 0.57904
Received=	0.017227
Feedback: 0.54272
Received=	-0.04777
Feedback: 0.608
Received=	-0.15377
Feedback: 0.71447
Received=	0.68285
Feedback: 0.1
Received=	0.56865
Feedback: 0.1
Received=	-0.041344
Feedback: 0.60155
Received=	-0.24537
Feedback: 0.80647
Received=	0.25965
Feedback: 0.29923
Received=	0.1436
Feedback: 0.41578
Received=	-0.11433
Feedback: 0.67485
Received=	-0.29263
Feedback: 0.85394
Received=	-0.24755
Feedback: 0.80866
Received=	-0.15859
Feedback: 0.71931
Received=	0.13965
Feedback: 0.41975
Received=	-0.25367
Feedback: 0.8148
Received=	-0.36516
Feedback: 0.9
Received=	-0.29595
Feedback: 0.85728
Received=	-0.098638
Feedback: 0.65909
Received=	0.071114
Feedback: 0.48859
Received=	-0.056551
Feedback: 0.61682
Received=	0.024889
Feedback: 0.53502
Received=	0.046496
Feedback: 0.51332
Received=	0.051557
Feedback: 0.50824
Received=	-0.041091
Feedback: 0.60129
Received=	-0.062547
Feedback: 0.62284
Received=	0.0055359
Feedback: 0.55446
Received=	-0.12692
Feedback: 0.6875
Received=	-0.095446
Feedback: 0.65589
Received=	-0.15925
Feedback: 0.71997
Received=	-0.086823
Feedback: 0.64723
Received=	0.083347
Feedback: 0.47631
Received=	-0.025936
Feedback: 0.58607
Received=	-0.36493
Feedback: 0.9
Received=	-0.098888
Feedback: 0.65934
Received=	0.25383
Feedback: 0.30507
Received=	0.02196
Feedback: 0.53796
Received=	-0.12714
Feedback: 0.68772
Received=	-0.028329
Feedback: 0.58847
Received=	-0.24522
Feedback: 0.80632
Received=	-0.25429
Feedback: 0.81543
Received=	-0.25577
Feedback: 0.81691
Received=	0.2688
Feedback: 0.29003
Received=	0.56041
Feedback: 0.1
Received=	0.31872
Feedback: 0.23989
Received=	-0.087012
Feedback: 0.64742
Received=	0.019826
Feedback: 0.54011
Received=	-0.087059
Feedback: 0.64746
Calculated range:	[(-2.000000) - (2.000000)]
Success index = (-0.300190)
Received=	-0.12857
=====  18:33:5 - BASE  ============
Feedback: 0.66
Received=	0.01855
Feedback: 0.66
Received=	0.080877
Feedback: 0.66
Received=	0.13635
Feedback: 0.66
Received=	0.037672
Feedback: 0.66
Received=	0.25678
Feedback: 0.66
Received=	0.094782
Feedback: 0.66
Received=	0.039702
Feedback: 0.66
Received=	-0.10162
Feedback: 0.66
Received=	-0.24583
Feedback: 0.66
Received=	-0.28588
Feedback: 0.66
Received=	-0.19113
Feedback: 0.66
Received=	-0.38419
Feedback: 0.66
Received=	-0.26498
Feedback: 0.66
Received=	-0.0008126
Feedback: 0.66
Received=	0.12785
Feedback: 0.66
Received=	0.20819
Feedback: 0.66
Received=	0.2022
Feedback: 0.66
Received=	-0.12073
Feedback: 0.66
Received=	-0.17415
Feedback: 0.66
Received=	0.39029
=====  18:34:5 - NF  ============
Feedback: 0.1
Received=	0.81855
Feedback: 0.1
Received=	0.11119
Feedback: 0.35147
Received=	-0.27622
Feedback: 0.75194
Received=	-0.16508
Feedback: 0.63706
Received=	-0.015369
Feedback: 0.4823
Received=	0.20361
Feedback: 0.25593
Received=	-0.18374
Feedback: 0.65635
Received=	0.10926
Feedback: 0.35347
Received=	-0.051831
Feedback: 0.51999
Received=	0.067115
Feedback: 0.39703
Received=	0.0086949
Feedback: 0.45742
Received=	-0.31248
Feedback: 0.78943
Received=	-0.0074587
Feedback: 0.47412
Received=	-0.030627
Feedback: 0.49807
Received=	-0.0045213
Feedback: 0.47108
Received=	-0.24719
Feedback: 0.72193
Received=	0.058458
Feedback: 0.40598
Received=	0.28954
Feedback: 0.1671
Received=	0.42428
Feedback: 0.1
Received=	-0.00622
Feedback: 0.47284
Received=	-0.19568
Feedback: 0.66869
Received=	0.032479
Feedback: 0.43283
Received=	0.10477
Feedback: 0.3581
Received=	0.22756
Feedback: 0.23117
Received=	0.29083
Feedback: 0.16577
Received=	0.41327
Feedback: 0.1
Received=	0.58822
Feedback: 0.1
Received=	0.31168
Feedback: 0.14422
Received=	0.24198
Feedback: 0.21626
Received=	0.05611
Feedback: 0.40841
Received=	-0.34119
Feedback: 0.81911
Received=	-0.12006
Feedback: 0.59052
Received=	0.045841
Feedback: 0.41902
Received=	0.0034143
Feedback: 0.46288
Received=	0.015257
Feedback: 0.45064
Received=	0.024827
Feedback: 0.44074
Received=	0.28394
Feedback: 0.17289
Received=	0.30411
Feedback: 0.15205
Received=	0.05988
Feedback: 0.40451
Received=	-0.10898
Feedback: 0.57907
Received=	-0.13633
Feedback: 0.60734
Received=	0.67256
Feedback: 0.1
Received=	0.49824
Feedback: 0.1
Received=	0.12559
Feedback: 0.33658
Received=	-0.14848
Feedback: 0.61989
Received=	-0.3329
Feedback: 0.81054
Received=	-0.093229
Feedback: 0.56278
Received=	-0.15288
Feedback: 0.62445
Received=	-0.11648
Feedback: 0.58681
Received=	-0.38614
Feedback: 0.86557
Received=	-0.50062
Feedback: 0.9
Received=	0.11128
Feedback: 0.35138
Received=	0.52944
Feedback: 0.1
Received=	0.038651
Feedback: 0.42645
Received=	-0.17053
Feedback: 0.64269
Received=	-0.27605
Feedback: 0.75177
Received=	0.073058
Feedback: 0.39089
Received=	0.37383
Feedback: 0.1
Received=	0.24928
Feedback: 0.20872
Calculated range:	[(-2.000000) - (2.000000)]
Success index = (0.377302)
Received=	0.23377
=====  18:37:5 - BASE  ============
Feedback: 0.66
Received=	0.039908
Feedback: 0.66
Received=	-0.073219
Feedback: 0.66
Received=	-0.035176
Feedback: 0.66
Received=	-0.30334
Feedback: 0.66
Received=	-0.64697
Feedback: 0.66
Received=	-0.46714
Feedback: 0.66
Received=	-0.20667
Feedback: 0.66
Received=	-0.012631
Feedback: 0.66
Received=	-0.27406
Feedback: 0.66
Received=	-0.25501
Feedback: 0.66
Received=	-0.13345
Feedback: 0.66
Received=	-0.30626
Feedback: 0.66
Received=	-0.23327
Feedback: 0.66
Received=	-0.30353
Feedback: 0.66
Received=	-0.34035
Feedback: 0.66
Received=	-0.18919
Feedback: 0.66
Received=	-0.12562
Feedback: 0.66
Received=	-0.4296
Feedback: 0.66
Received=	-0.50151
Feedback: 0.66
Received=	-0.13142
=====  18:38:5 - NF  ============
Feedback: 0.33661
Received=	0.40313
Feedback: 0.1
Received=	0.58657
Feedback: 0.1
Received=	0.19902
Feedback: 0.1
Received=	0.060991
Feedback: 0.10766
Received=	-0.20908
Feedback: 0.42903
Received=	-0.0056207
Feedback: 0.18692
Received=	0.26941
Feedback: 0.1
Received=	0.17431
Feedback: 0.1
Received=	-0.082926
Feedback: 0.27891
Received=	-0.08798
Feedback: 0.28493
Received=	-0.17687
Feedback: 0.39071
Received=	0.048835
Feedback: 0.12212
Received=	-0.1512
Feedback: 0.36016
Received=	0.079582
Feedback: 0.1
Received=	-0.17817
Feedback: 0.39225
Received=	-0.2428
Feedback: 0.46915
Received=	-0.24151
Feedback: 0.46762
Received=	0.16209
Feedback: 0.1
Received=	0.52291
Feedback: 0.1
Received=	0.39235
Feedback: 0.1
Received=	0.10638
Feedback: 0.1
Received=	0.06033
Feedback: 0.10845
Received=	-0.20957
Feedback: 0.42961
Received=	0.073748
Feedback: 0.1
Received=	0.038426
Feedback: 0.13451
Received=	0.084302
Feedback: 0.1
Received=	0.042949
Feedback: 0.12913
Received=	-0.20767
Feedback: 0.42735
Received=	-0.23408
Feedback: 0.45878
Received=	-0.26583
Feedback: 0.49656
Received=	0.18263
Feedback: 0.1
Received=	0.15931
Feedback: 0.1
Received=	-0.0079295
Feedback: 0.18967
Received=	-0.042976
Feedback: 0.23137
Received=	-0.11862
Feedback: 0.32138
Received=	-0.26927
Feedback: 0.50065
Received=	-0.02919
Feedback: 0.21497
Received=	0.099241
Feedback: 0.1
Received=	0.096961
Feedback: 0.1
Received=	-0.01572
Feedback: 0.19894
Received=	-0.040334
Feedback: 0.22823
Received=	0.11653
Feedback: 0.1
Received=	0.334
Feedback: 0.1
Received=	0.17141
Feedback: 0.1
Received=	-0.176
Feedback: 0.38966
Received=	0.32853
Feedback: 0.1
Received=	-0.067668
Feedback: 0.26076
Received=	-0.34739
Feedback: 0.59361
Received=	-0.3033
Feedback: 0.54114
Received=	-0.38213
Feedback: 0.63494
Received=	-0.17589
Feedback: 0.38954
Received=	-0.051844
Feedback: 0.24193
Received=	0.24086
Feedback: 0.1
Received=	0.24446
Feedback: 0.1
Received=	0.074439
Feedback: 0.1
Received=	-0.071449
Feedback: 0.26526
Received=	0.04568
Feedback: 0.12588
Received=	0.38195
Feedback: 0.1
Received=	0.017652
Feedback: 0.15923
Calculated range:	[(-2.000000) - (2.000000)]
Success index = (1.416164)
Received=	-0.35253
=====  18:41:5 - BASE  ============
Feedback: 0.66
Received=	-0.10633
Feedback: 0.66
Received=	-0.022828
Feedback: 0.66
Received=	-0.058857
Feedback: 0.66
Received=	-0.025983
Feedback: 0.66
Received=	-0.020497
Feedback: 0.66
Received=	0.020333
Feedback: 0.66
Received=	-0.028858
Feedback: 0.66
Received=	0.061963
Feedback: 0.66
Received=	0.025366
Feedback: 0.66
Received=	0.2779
Feedback: 0.66
Received=	0.3543
Feedback: 0.66
Received=	-0.026323
Feedback: 0.66
Received=	-0.14532
Feedback: 0.66
Received=	-0.24212
Feedback: 0.66
Received=	0.04587
Feedback: 0.66
Received=	0.083597
Feedback: 0.66
Received=	-0.41529
Feedback: 0.66
Received=	-0.39466
Feedback: 0.66
Received=	0.21508
Feedback: 0.66
Received=	0.16707
=====  18:42:5 - NF  ============
Feedback: 0.31548
Received=	0.038113
Feedback: 0.44513
Received=	0.038215
Feedback: 0.44503
Received=	-0.0073804
Feedback: 0.49087
Received=	-0.042659
Feedback: 0.52634
Received=	-0.045802
Feedback: 0.5295
Received=	-0.10866
Feedback: 0.5927
Received=	0.082746
Feedback: 0.40025
Received=	0.37114
Feedback: 0.1103
Received=	0.033382
Feedback: 0.44989
Received=	-0.29178
Feedback: 0.77681
Received=	-0.16701
Feedback: 0.65137
Received=	-0.091173
Feedback: 0.57512
Received=	-0.090752
Feedback: 0.57469
Received=	-0.14739
Feedback: 0.63164
Received=	-0.10165
Feedback: 0.58565
Received=	0.78029
Feedback: 0.1
Received=	0.98742
Feedback: 0.1
Received=	0.58632
Feedback: 0.1
Received=	0.16942
Feedback: 0.31311
Received=	-0.15776
Feedback: 0.64207
Received=	-0.2773
Feedback: 0.76225
Received=	0.14644
Feedback: 0.33622
Received=	0.37853
Feedback: 0.10287
Received=	0.21376
Feedback: 0.26853
Received=	-0.18783
Feedback: 0.6723
Received=	-0.088655
Feedback: 0.57258
Received=	0.19706
Feedback: 0.28532
Received=	0.22766
Feedback: 0.25455
Received=	0.23086
Feedback: 0.25134
Received=	0.21644
Feedback: 0.26583
Received=	0.19379
Feedback: 0.28861
Received=	-0.16486
Feedback: 0.6492
Received=	0.097728
Feedback: 0.38519
Received=	-0.12798
Feedback: 0.61212
Received=	-0.17922
Feedback: 0.66364
Received=	0.047631
Feedback: 0.43556
Received=	-0.17881
Feedback: 0.66322
Received=	-0.076763
Feedback: 0.56063
Received=	-0.23622
Feedback: 0.72095
Received=	-0.38175
Feedback: 0.86727
Received=	0.43452
Feedback: 0.1
Received=	0.35286
Feedback: 0.12868
Received=	-0.29095
Feedback: 0.77598
Received=	-0.11207
Feedback: 0.59613
Received=	0.02031
Feedback: 0.46303
Received=	0.0045319
Feedback: 0.47889
Received=	-0.18452
Feedback: 0.66897
Received=	-0.31589
Feedback: 0.80105
Received=	-0.25147
Feedback: 0.73628
Received=	0.0090924
Feedback: 0.47431
Received=	-0.1284
Feedback: 0.61254
Received=	-0.30509
Feedback: 0.79019
Received=	-0.34628
Feedback: 0.8316
Received=	-0.092013
Feedback: 0.57596
Received=	0.25412
Feedback: 0.22795
Received=	0.67813
Feedback: 0.1
Received=	0.46442
Feedback: 0.1
Received=	0.30068
Feedback: 0.18113
Received=	0.23335
Feedback: 0.24883
Calculated range:	[(-2.000000) - (2.000000)]
Success index = (0.236084)
Received=	0.14558
=====  18:45:5 - BASE  ============
Feedback: 0.66
Received=	0.21803
Feedback: 0.66
Received=	0.39594
Feedback: 0.66
Received=	0.2125
Feedback: 0.66
Received=	0.39313
Feedback: 0.66
Received=	0.18015
Feedback: 0.66
Received=	0.047356
Feedback: 0.66
Received=	-0.20194
Feedback: 0.66
Received=	-0.31354
Feedback: 0.66
Received=	-0.4766
Feedback: 0.66
Received=	-0.40448
Feedback: 0.66
Received=	-0.19085
Feedback: 0.66
Received=	-0.25714
Feedback: 0.66
Received=	-0.25849
Feedback: 0.66
Received=	0.033626
Feedback: 0.66
Received=	-0.097959
Feedback: 0.66
Received=	-0.21451
Feedback: 0.66
Received=	0.15487
Feedback: 0.66
Received=	0.26965
Feedback: 0.66
Received=	0.0018585
Feedback: 0.66
Received=	-0.024845
=====  18:46:5 - NF  ============
Feedback: 0.48839
Received=	0.27461
Feedback: 0.26432
Received=	-0.034014
Feedback: 0.49525
Received=	-0.042968
Feedback: 0.50195
Received=	-0.22833
Feedback: 0.64066
Received=	-0.35902
Feedback: 0.73844
Received=	-0.37348
Feedback: 0.74927
Received=	-0.28634
Feedback: 0.68406
Received=	-0.3222
Feedback: 0.71089
Received=	-0.44685
Feedback: 0.80416
Received=	-0.50608
Feedback: 0.84848
Received=	-0.47113
Feedback: 0.82233
Received=	-0.44896
Feedback: 0.80575
Received=	-0.34018
Feedback: 0.72434
Received=	-0.21034
Feedback: 0.62719
Received=	0.065217
Feedback: 0.421
Received=	-0.048687
Feedback: 0.50623
Received=	-0.25623
Feedback: 0.66153
Received=	0.036212
Feedback: 0.44271
Received=	-0.016738
Feedback: 0.48233
Received=	0.48343
Feedback: 0.10806
Received=	0.43277
Feedback: 0.14597
Received=	0.12434
Feedback: 0.37677
Received=	-0.1324
Feedback: 0.56887
Received=	-0.39329
Feedback: 0.76408
Received=	-0.17209
Feedback: 0.59857
Received=	-0.11018
Feedback: 0.55224
Received=	-0.32431
Feedback: 0.71247
Received=	-0.5953
Feedback: 0.9
Received=	-0.38321
Feedback: 0.75654
Received=	-0.39215
Feedback: 0.76323
Received=	-0.3474
Feedback: 0.72975
Received=	-0.24118
Feedback: 0.65027
Received=	-0.38531
Feedback: 0.75812
Received=	-0.55358
Feedback: 0.88403
Received=	-0.04304
Feedback: 0.50201
Received=	0.36966
Feedback: 0.1932
Received=	0.0057782
Feedback: 0.46548
Received=	-0.18747
Feedback: 0.61008
Received=	-0.4005
Feedback: 0.76948
Received=	-0.25389
Feedback: 0.65978
Received=	-0.39127
Feedback: 0.76258
Received=	-0.024933
Feedback: 0.48846
Received=	0.1289
Feedback: 0.37335
Received=	-0.050033
Feedback: 0.50724
Received=	-0.27148
Feedback: 0.67294
Received=	-0.42594
Feedback: 0.78852
Received=	-0.39534
Feedback: 0.76562
Received=	0.088765
Feedback: 0.40338
Received=	0.027754
Feedback: 0.44903
Received=	-0.16095
Feedback: 0.59023
Received=	-0.26462
Feedback: 0.66781
Received=	-0.17303
Feedback: 0.59927
Received=	0.013149
Feedback: 0.45996
Received=	-0.096967
Feedback: 0.54236
Received=	-0.43008
Feedback: 0.79161
Received=	-0.38063
Feedback: 0.75461
Received=	-0.10416
Feedback: 0.54774
Received=	-0.33284
Feedback: 0.71886
Received=	-0.27998
Feedback: 0.6793
Calculated range:	[(-2.000000) - (2.000000)]
Success index = (-0.587303)
closing...
