Direction=-1.000000	; step=1.000000;
Received=	0
Feedback: 0.66
Received=	0
Feedback: 0.66
Received=	0
Feedback: 0.66
Received=	0.16822
Feedback: 0.66
Received=	-0.28974
Feedback: 0.66
Received=	-0.89722
Feedback: 0.66
Received=	-0.9394
Feedback: 0.66
Received=	-0.63921
Feedback: 0.66
Received=	-0.41341
Feedback: 0.66
Received=	-0.073048
Feedback: 0.66
Received=	0.21688
Feedback: 0.66
Received=	0.0027901
Feedback: 0.66
Received=	-0.54289
Feedback: 0.66
Received=	-0.80843
Feedback: 0.66
Received=	-0.70321
Feedback: 0.66
Received=	-0.76714
Feedback: 0.66
Received=	-0.91225
Feedback: 0.66
Received=	-0.51731
Feedback: 0.66
Received=	0.098719
Feedback: 0.66
Received=	0.33883
Feedback: 0.66
Received=	0.58985
=====  13:3:0 - NF  ============
Feedback: 0.1
Received=	0.66598
Feedback: 0.1
Received=	0.29905
Feedback: 0.1916
Received=	0.16142
Feedback: 0.25495
Received=	0.1908
Feedback: 0.24142
Received=	0.10868
Feedback: 0.27922
Received=	0.097933
Feedback: 0.28417
Received=	0.18626
Feedback: 0.24352
Received=	0.15144
Feedback: 0.25954
Received=	0.30811
Feedback: 0.18743
Received=	0.22724
Feedback: 0.22465
Received=	0.25222
Feedback: 0.21316
Received=	0.18042
Feedback: 0.2462
Received=	0.54046
Feedback: 0.1
Received=	0.95074
Feedback: 0.1
Received=	0.5397
Feedback: 0.1
Received=	0.13195
Feedback: 0.26851
Received=	0.72498
Feedback: 0.1
Received=	0.71089
Feedback: 0.1
Received=	0.55557
Feedback: 0.1
Received=	0.30524
Feedback: 0.18875
Received=	0.29732
Feedback: 0.1924
Received=	0.42021
Feedback: 0.13583
Received=	0.41685
Feedback: 0.13738
Received=	0.49456
Feedback: 0.10162
Received=	0.4473
Feedback: 0.12337
Received=	0.73641
Feedback: 0.1
Received=	0.51422
Feedback: 0.1
Received=	0.25731
Feedback: 0.21081
Received=	0.3415
Feedback: 0.17206
Received=	0.1105
Feedback: 0.27839
Received=	0.36937
Feedback: 0.15924
Received=	0.44851
Feedback: 0.12281
Received=	0.23973
Feedback: 0.2189
Received=	0.48637
Feedback: 0.10538
Received=	0.83342
Feedback: 0.1
Received=	0.41333
Feedback: 0.139
Received=	0.3344
Feedback: 0.17533
Received=	0.25823
Feedback: 0.21039
Received=	-0.29133
Feedback: 0.46333
Received=	-0.20525
Feedback: 0.42372
Received=	0.077086
Feedback: 0.29376
Received=	0.076998
Feedback: 0.2938
Received=	-0.0065981
Feedback: 0.33228
Received=	0.71119
Feedback: 0.1
Received=	0.68322
Feedback: 0.1
Received=	0.60836
Feedback: 0.1
Received=	0.36171
Feedback: 0.16276
Received=	0.53091
Feedback: 0.1
Received=	0.52036
Feedback: 0.1
Received=	0.29376
Feedback: 0.19403
Received=	0.52387
Feedback: 0.1
Received=	0.26319
Feedback: 0.20811
Received=	0.26941
Feedback: 0.20524
Received=	0.37154
Feedback: 0.15824
Received=	0.67884
Feedback: 0.1
Received=	0.095215
Feedback: 0.28542
Received=	-0.27663
Feedback: 0.45657
Received=	-0.37409
Feedback: 0.50143
Received=	-0.17055
Feedback: 0.40774
Calculated range:	[(-2.000000) - (2.000000)]
Success index = (2.239035)
Received=	0.10214
=====  13:6:0 - BASE  ============
Feedback: 0.66
Received=	0.49561
Feedback: 0.66
Received=	0.66482
Feedback: 0.66
Received=	0.53427
Feedback: 0.66
Received=	-0.12138
Feedback: 0.66
Received=	0.14901
Feedback: 0.66
Received=	0.19363
Feedback: 0.66
Received=	-0.089625
Feedback: 0.66
Received=	-0.16467
Feedback: 0.66
Received=	0.095034
Feedback: 0.66
Received=	-0.024395
Feedback: 0.66
Received=	0.13169
Feedback: 0.66
Received=	0.37249
Feedback: 0.66
Received=	0.22784
Feedback: 0.66
Received=	0.60574
Feedback: 0.66
Received=	0.21965
Feedback: 0.66
Received=	-0.062318
Feedback: 0.66
Received=	0.13055
Feedback: 0.66
Received=	0.23925
Feedback: 0.66
Received=	0.21719
Feedback: 0.66
Received=	-0.089286
=====  13:7:0 - NF  ============
Feedback: 0.72758
Received=	-0.28215
Feedback: 0.88797
Received=	0.071972
Feedback: 0.59348
Received=	0.52237
Feedback: 0.21891
Received=	0.65257
Feedback: 0.11064
Received=	0.37622
Feedback: 0.34046
Received=	0.015224
Feedback: 0.64067
Received=	0.4563
Feedback: 0.27386
Received=	0.071232
Feedback: 0.59409
Received=	-0.13029
Feedback: 0.76168
Received=	0.2157
Feedback: 0.47395
Received=	0.27387
Feedback: 0.42558
Received=	0.070089
Feedback: 0.59504
Received=	0.15792
Feedback: 0.522
Received=	0.221
Feedback: 0.46954
Received=	0.14951
Feedback: 0.529
Received=	0.45982
Feedback: 0.27094
Received=	0.69632
Feedback: 0.1
Received=	1.1592
Feedback: 0.1
Received=	0.65912
Feedback: 0.1052
Received=	1.0244
Feedback: 0.1
Received=	0.83298
Feedback: 0.1
Received=	0.3871
Feedback: 0.33141
Received=	0.20654
Feedback: 0.48157
Received=	0.32487
Feedback: 0.38316
Received=	0.7021
Feedback: 0.1
Received=	1.2306
Feedback: 0.1
Received=	0.90794
Feedback: 0.1
Received=	0.19213
Feedback: 0.49355
Received=	0.6079
Feedback: 0.14779
Received=	0.74501
Feedback: 0.1
Received=	0.62224
Feedback: 0.13586
Received=	0.32881
Feedback: 0.37989
Received=	0.12691
Feedback: 0.54779
Received=	0.20623
Feedback: 0.48182
Received=	0.29022
Feedback: 0.41198
Received=	0.49604
Feedback: 0.24082
Received=	0.48026
Feedback: 0.25394
Received=	0.44372
Feedback: 0.28432
Received=	0.95281
Feedback: 0.1
Received=	1.2487
Feedback: 0.1
Received=	0.9561
Feedback: 0.1
Received=	0.29975
Feedback: 0.40406
Received=	0.25108
Feedback: 0.44453
Received=	0.2213
Feedback: 0.4693
Received=	0.70302
Feedback: 0.1
Received=	0.54789
Feedback: 0.1977
Received=	0.43492
Feedback: 0.29165
Received=	1.055
Feedback: 0.1
Received=	0.79964
Feedback: 0.1
Received=	0.04067
Feedback: 0.61951
Received=	0.11222
Feedback: 0.56001
Received=	-0.12999
Feedback: 0.76143
Received=	-0.14307
Feedback: 0.77231
Received=	-0.14107
Feedback: 0.77065
Received=	0.080978
Feedback: 0.58599
Received=	-0.13408
Feedback: 0.76483
Received=	-0.18887
Feedback: 0.8104
Received=	0.2658
Feedback: 0.43229
Received=	0.80884
Feedback: 0.1
Calculated range:	[(-2.000000) - (2.000000)]
Success index = (0.612611)
Received=	0.63783
=====  13:10:1 - BASE  ============
Feedback: 0.66
Received=	0.24393
Feedback: 0.66
Received=	0.02962
Feedback: 0.66
Received=	0.8764
Feedback: 0.66
Received=	1.528
Feedback: 0.66
Received=	1.1334
Feedback: 0.66
Received=	1.0691
Feedback: 0.66
Received=	0.74477
Feedback: 0.66
Received=	0.86931
Feedback: 0.66
Received=	0.22673
Feedback: 0.66
Received=	-0.040017
Feedback: 0.66
Received=	-0.094572
Feedback: 0.66
Received=	0.0024071
Feedback: 0.66
Received=	0.26241
Feedback: 0.66
Received=	0.60126
Feedback: 0.66
Received=	0.90054
Feedback: 0.66
Received=	0.6926
Feedback: 0.66
Received=	0.23309
Feedback: 0.66
Received=	-0.2919
Feedback: 0.66
Received=	0.082827
Feedback: 0.66
Received=	0.23095
=====  13:11:0 - NF  ============
Feedback: 0.60147
Received=	0.3337
Feedback: 0.56128
Received=	0.58617
Feedback: 0.46251
Received=	0.64967
Feedback: 0.43767
Received=	0.84567
Feedback: 0.36099
Received=	0.58229
Feedback: 0.46403
Received=	0.32301
Feedback: 0.56546
Received=	0.094813
Feedback: 0.65473
Received=	0.12693
Feedback: 0.64216
Received=	0.31881
Feedback: 0.5671
Received=	0.22414
Feedback: 0.60413
Received=	0.12873
Feedback: 0.64146
Received=	0.24394
Feedback: 0.59639
Received=	0.31398
Feedback: 0.56899
Received=	0.097434
Feedback: 0.6537
Received=	0.42036
Feedback: 0.52737
Received=	0.43318
Feedback: 0.52236
Received=	0.17448
Feedback: 0.62356
Received=	0.35482
Feedback: 0.55301
Received=	0.29945
Feedback: 0.57467
Received=	0.28141
Feedback: 0.58173
Received=	0.30962
Feedback: 0.57069
Received=	0.91113
Feedback: 0.33538
Received=	1.1604
Feedback: 0.23789
Received=	0.84432
Feedback: 0.36152
Received=	0.43505
Feedback: 0.52163
Received=	0.37774
Feedback: 0.54405
Received=	0.56356
Feedback: 0.47135
Received=	0.66045
Feedback: 0.43345
Received=	1.1654
Feedback: 0.23592
Received=	1.333
Feedback: 0.17034
Received=	1.1686
Feedback: 0.23467
Received=	0.77361
Feedback: 0.38918
Received=	0.44253
Feedback: 0.5187
Received=	-0.05136
Feedback: 0.71191
Received=	-0.11379
Feedback: 0.73633
Received=	-0.1248
Feedback: 0.74064
Received=	0.12787
Feedback: 0.64179
Received=	-0.096291
Feedback: 0.72949
Received=	-0.078327
Feedback: 0.72246
Received=	0.15079
Feedback: 0.63283
Received=	-0.15774
Feedback: 0.75352
Received=	-0.017068
Feedback: 0.69849
Received=	0.056328
Feedback: 0.66978
Received=	-0.48656
Feedback: 0.88216
Received=	-0.26391
Feedback: 0.79506
Received=	0.27184
Feedback: 0.58547
Received=	0.045367
Feedback: 0.67407
Received=	0.11801
Feedback: 0.64565
Received=	-0.012011
Feedback: 0.69652
Received=	0.090841
Feedback: 0.65628
Received=	-0.12013
Feedback: 0.73881
Received=	-0.52697
Feedback: 0.89797
Received=	-0.30843
Feedback: 0.81247
Received=	0.009356
Feedback: 0.68816
Received=	0.30821
Feedback: 0.57125
Received=	-0.16305
Feedback: 0.7556
Received=	-0.10018
Feedback: 0.73101
Received=	0.12261
Feedback: 0.64385
Received=	0.1304
Feedback: 0.64081
Calculated range:	[(-2.000000) - (2.000000)]
Success index = (-0.527528)
Received=	0.61231
=====  13:14:0 - BASE  ============
Feedback: 0.66
Received=	0.67801
Feedback: 0.66
Received=	0.49286
Feedback: 0.66
Received=	0.13296
Feedback: 0.66
Received=	0.3408
Feedback: 0.66
Received=	0.39562
Feedback: 0.66
Received=	0.3992
Feedback: 0.66
Received=	0.08619
Feedback: 0.66
Received=	0.11342
Feedback: 0.66
Received=	0.69352
Feedback: 0.66
Received=	0.38707
Feedback: 0.66
Received=	0.29953
Feedback: 0.66
Received=	0.52248
Feedback: 0.66
Received=	0.29057
Feedback: 0.66
Received=	0.19684
Feedback: 0.66
Received=	0.22856
Feedback: 0.66
Received=	0.90426
Feedback: 0.66
Received=	1.1646
Feedback: 0.66
Received=	0.55793
Feedback: 0.66
Received=	0.26328
Feedback: 0.66
Received=	0.16065
=====  13:15:0 - NF  ============
Feedback: 0.68141
Received=	0.030254
Feedback: 0.77441
Received=	0.36682
Feedback: 0.53435
Received=	0.52872
Feedback: 0.41887
Received=	0.66276
Feedback: 0.32327
Received=	0.4664
Feedback: 0.46333
Received=	0.41493
Feedback: 0.50004
Received=	0.49566
Feedback: 0.44245
Received=	0.40353
Feedback: 0.50817
Received=	0.13687
Feedback: 0.69837
Received=	0.2067
Feedback: 0.64856
Received=	0.53036
Feedback: 0.41771
Received=	0.39897
Feedback: 0.51142
Received=	0.42393
Feedback: 0.49362
Received=	-0.073503
Feedback: 0.84842
Received=	0.2088
Feedback: 0.64706
Received=	0.40874
Feedback: 0.50446
Received=	-0.040903
Feedback: 0.82517
Received=	-0.012384
Feedback: 0.80483
Received=	-0.080949
Feedback: 0.85373
Received=	0.092214
Feedback: 0.73022
Received=	0.10242
Feedback: 0.72294
Received=	0.3245
Feedback: 0.56454
Received=	0.31797
Feedback: 0.56919
Received=	0.7471
Feedback: 0.26311
Received=	0.85299
Feedback: 0.18759
Received=	0.42344
Feedback: 0.49397
Received=	0.83357
Feedback: 0.20144
Received=	0.83327
Feedback: 0.20165
Received=	0.5333
Feedback: 0.41561
Received=	0.76097
Feedback: 0.25322
Received=	0.39253
Feedback: 0.51602
Received=	0.31751
Feedback: 0.56952
Received=	0.77996
Feedback: 0.23968
Received=	0.62708
Feedback: 0.34872
Received=	0.39476
Feedback: 0.51443
Received=	0.69584
Feedback: 0.29967
Received=	0.97846
Feedback: 0.1
Received=	1.1554
Feedback: 0.1
Received=	0.91038
Feedback: 0.14665
Received=	0.70479
Feedback: 0.29329
Received=	0.61478
Feedback: 0.3575
Received=	0.20821
Feedback: 0.64749
Received=	0.36683
Feedback: 0.53434
Received=	0.42417
Feedback: 0.49344
Received=	1.1202
Feedback: 0.1
Received=	0.91204
Feedback: 0.14547
Received=	0.59199
Feedback: 0.37375
Received=	0.14115
Feedback: 0.69531
Received=	0.40564
Feedback: 0.50667
Received=	0.57315
Feedback: 0.38718
Received=	0.69802
Feedback: 0.29812
Received=	0.57485
Feedback: 0.38598
Received=	0.71254
Feedback: 0.28776
Received=	0.34221
Feedback: 0.55191
Received=	0.13079
Feedback: 0.70271
Received=	0.35063
Feedback: 0.5459
Received=	0.68589
Feedback: 0.30677
Received=	0.98515
Feedback: 0.1
Received=	0.77547
Feedback: 0.24288
Calculated range:	[(-2.000000) - (2.000000)]
Success index = (0.232957)
Received=	0.92239
=====  13:18:0 - BASE  ============
Feedback: 0.66
Received=	1.0212
Feedback: 0.66
Received=	0.51475
Feedback: 0.66
Received=	0.58019
Feedback: 0.66
Received=	0.54732
Feedback: 0.66
Received=	0.48654
Feedback: 0.66
Received=	0.15943
Feedback: 0.66
Received=	0.63404
Feedback: 0.66
Received=	1.0212
Feedback: 0.66
Received=	0.62981
Feedback: 0.66
Received=	0.7946
Feedback: 0.66
Received=	0.90774
Feedback: 0.66
Received=	0.91698
Feedback: 0.66
Received=	0.80185
Feedback: 0.66
Received=	0.58678
Feedback: 0.66
Received=	0.48577
Feedback: 0.66
Received=	0.13652
Feedback: 0.66
Received=	-0.3472
Feedback: 0.66
Received=	-0.75471
Feedback: 0.66
Received=	-0.65355
Feedback: 0.66
Received=	-0.091261
=====  13:19:0 - NF  ============
Feedback: 0.69464
Received=	-0.2378
Feedback: 0.75111
Received=	0.14591
Feedback: 0.60324
Received=	-0.17665
Feedback: 0.72755
Received=	-0.11751
Feedback: 0.70476
Received=	0.062003
Feedback: 0.63557
Received=	0.48863
Feedback: 0.47115
Received=	0.15352
Feedback: 0.6003
Received=	0.061723
Feedback: 0.63568
Received=	0.5053
Feedback: 0.46473
Received=	1.0714
Feedback: 0.24655
Received=	0.68951
Feedback: 0.39374
Received=	0.24167
Feedback: 0.56633
Received=	0.69728
Feedback: 0.39074
Received=	0.81734
Feedback: 0.34447
Received=	0.71429
Feedback: 0.38418
Received=	1.3507
Feedback: 0.13893
Received=	1.6703
Feedback: 0.1
Received=	1.2669
Feedback: 0.17121
Received=	0.51308
Feedback: 0.46173
Received=	0.8968
Feedback: 0.31385
Received=	1.0712
Feedback: 0.24663
Received=	0.35423
Feedback: 0.52295
Received=	0.16818
Feedback: 0.59465
Received=	0.61178
Feedback: 0.42369
Received=	1.1845
Feedback: 0.20296
Received=	1.0899
Feedback: 0.23943
Received=	0.58671
Feedback: 0.43336
Received=	0.3487
Feedback: 0.52508
Received=	0.36365
Feedback: 0.51932
Received=	0.44051
Feedback: 0.4897
Received=	0.67382
Feedback: 0.39978
Received=	0.87385
Feedback: 0.32269
Received=	0.24444
Feedback: 0.56526
Received=	-0.19106
Feedback: 0.7331
Received=	0.59717
Feedback: 0.42932
Received=	1.0864
Feedback: 0.24078
Received=	1.1267
Feedback: 0.22524
Received=	0.66301
Feedback: 0.40395
Received=	1.3157
Feedback: 0.15242
Received=	1.2664
Feedback: 0.17141
Received=	1.2685
Feedback: 0.1706
Received=	0.67716
Feedback: 0.3985
Received=	0.88788
Feedback: 0.31728
Received=	0.75421
Feedback: 0.3688
Received=	0.88628
Feedback: 0.3179
Received=	1.0268
Feedback: 0.26374
Received=	1.0069
Feedback: 0.27143
Received=	1.5616
Feedback: 0.1
Received=	1.8658
Feedback: 0.1
Received=	1.2065
Feedback: 0.19447
Received=	1.2962
Feedback: 0.15994
Received=	0.86452
Feedback: 0.32629
Received=	0.54161
Feedback: 0.45074
Received=	1.1965
Feedback: 0.19835
Received=	1.5537
Feedback: 0.1
Received=	1.4992
Feedback: 0.1
Received=	1.0919
Feedback: 0.23865
Received=	0.33853
Feedback: 0.529
Received=	0.29889
Feedback: 0.54428
Calculated range:	[(-2.000000) - (2.000000)]
Success index = (0.639804)
closing...
