Direction=-1.000000	; step=1.000000;
Received=	0
Feedback: 0.66
Received=	0
Feedback: 0.66
Received=	0
Feedback: 0.66
Received=	0.10797
Feedback: 0.66
Received=	0.028594
Feedback: 0.66
Received=	0.17135
Feedback: 0.66
Received=	0.014948
Feedback: 0.66
Received=	-0.066446
Feedback: 0.66
Received=	-0.23763
Feedback: 0.66
Received=	-0.26967
Feedback: 0.66
Received=	-0.12752
Feedback: 0.66
Received=	0.036312
Feedback: 0.66
Received=	0.01356
Feedback: 0.66
Received=	0.037878
Feedback: 0.66
Received=	0.17943
Feedback: 0.66
Received=	0.29773
Feedback: 0.66
Received=	0.26509
Feedback: 0.66
Received=	0.060288
Feedback: 0.66
Received=	0.011444
Feedback: 0.66
Received=	-0.083116
Feedback: 0.66
Received=	-0.018524
=====  12:9:59 - NF  ============
Feedback: 0.55705
Received=	-0.015742
Feedback: 0.55336
Received=	0.14824
Feedback: 0.33568
Received=	-0.026725
Feedback: 0.56794
Received=	-0.054631
Feedback: 0.60499
Received=	-0.24833
Feedback: 0.86211
Received=	-0.27212
Feedback: 0.89369
Received=	-0.20983
Feedback: 0.81101
Received=	-0.25918
Feedback: 0.87652
Received=	-0.16898
Feedback: 0.75678
Received=	-0.23074
Feedback: 0.83877
Received=	-0.24746
Feedback: 0.86097
Received=	-0.10484
Feedback: 0.67164
Received=	0.0063568
Feedback: 0.52403
Received=	-0.027085
Feedback: 0.56842
Received=	-0.083242
Feedback: 0.64297
Received=	-0.08594
Feedback: 0.64655
Received=	-0.071705
Feedback: 0.62765
Received=	-0.10542
Feedback: 0.6724
Received=	-0.1087
Feedback: 0.67676
Received=	0.36593
Feedback: 0.1
Received=	0.53213
Feedback: 0.1
Received=	0.11789
Feedback: 0.37597
Received=	-0.078612
Feedback: 0.63682
Received=	0.14726
Feedback: 0.33698
Received=	0.17146
Feedback: 0.30486
Received=	0.013361
Feedback: 0.51473
Received=	0.017043
Feedback: 0.50984
Received=	-0.038738
Feedback: 0.58389
Received=	-0.13894
Feedback: 0.7169
Received=	-0.11055
Feedback: 0.67922
Received=	-0.02145
Feedback: 0.56094
Received=	-0.16851
Feedback: 0.75615
Received=	-0.29168
Feedback: 0.9
Received=	-0.17653
Feedback: 0.7668
Received=	0.0033969
Feedback: 0.52796
Received=	0.0046354
Feedback: 0.52631
Received=	0.031189
Feedback: 0.49106
Received=	0.079365
Feedback: 0.42711
Received=	0.039757
Feedback: 0.47969
Received=	0.086561
Feedback: 0.41756
Received=	-0.059722
Feedback: 0.61174
Received=	-0.099991
Feedback: 0.6652
Received=	0.047581
Feedback: 0.4693
Received=	0.028022
Feedback: 0.49527
Received=	-0.088945
Feedback: 0.65054
Received=	0.12182
Feedback: 0.37075
Received=	0.25293
Feedback: 0.19671
Received=	0.18876
Feedback: 0.2819
Received=	0.10487
Feedback: 0.39326
Received=	-0.061912
Feedback: 0.61465
Received=	0.023915
Feedback: 0.50072
Received=	0.046861
Feedback: 0.47026
Received=	0.11452
Feedback: 0.38045
Received=	0.13839
Feedback: 0.34875
Received=	-0.039582
Feedback: 0.58501
Received=	-0.22537
Feedback: 0.83164
Received=	-0.16708
Feedback: 0.75426
Received=	-0.14127
Feedback: 0.72
Received=	-0.017349
Feedback: 0.55549
Calculated range:	[(-2.000000) - (2.000000)]
Success index = (-0.314671)
Received=	-0.077221
=====  12:12:59 - BASE  ============
Feedback: 0.66
Received=	0.19313
Feedback: 0.66
Received=	0.1655
Feedback: 0.66
Received=	0.11921
Feedback: 0.66
Received=	0.044987
Feedback: 0.66
Received=	-0.032415
Feedback: 0.66
Received=	-0.0722
Feedback: 0.66
Received=	0.20717
Feedback: 0.66
Received=	0.19796
Feedback: 0.66
Received=	-0.066394
Feedback: 0.66
Received=	-0.22234
Feedback: 0.66
Received=	-0.28728
Feedback: 0.66
Received=	-0.31935
Feedback: 0.66
Received=	-0.15134
Feedback: 0.66
Received=	-0.10152
Feedback: 0.66
Received=	-0.12851
Feedback: 0.66
Received=	-0.030226
Feedback: 0.66
Received=	0.15405
Feedback: 0.66
Received=	0.16446
Feedback: 0.66
Received=	0.0009873
Feedback: 0.66
Received=	-0.0081483
=====  12:13:59 - NF  ============
Feedback: 0.48585
Received=	0.098698
Feedback: 0.3566
Received=	0.12812
Feedback: 0.321
Received=	0.035078
Feedback: 0.43356
Received=	0.10226
Feedback: 0.35229
Received=	0.11289
Feedback: 0.33942
Received=	-0.18865
Feedback: 0.7042
Received=	-0.14283
Feedback: 0.64877
Received=	-0.044175
Feedback: 0.52943
Received=	-0.063298
Feedback: 0.55256
Received=	-0.15222
Feedback: 0.66014
Received=	-0.12561
Feedback: 0.62795
Received=	-0.087157
Feedback: 0.58142
Received=	-0.10835
Feedback: 0.60706
Received=	-0.066818
Feedback: 0.55682
Received=	-0.0087049
Feedback: 0.48652
Received=	-0.11904
Feedback: 0.61999
Received=	-0.17289
Feedback: 0.68513
Received=	-0.20661
Feedback: 0.72593
Received=	-0.17296
Feedback: 0.68522
Received=	-0.25362
Feedback: 0.7828
Received=	-0.16992
Feedback: 0.68154
Received=	-0.18666
Feedback: 0.70179
Received=	-0.12597
Feedback: 0.62837
Received=	0.053902
Feedback: 0.41079
Received=	0.21956
Feedback: 0.21039
Received=	-0.07104
Feedback: 0.56193
Received=	-0.12961
Feedback: 0.63278
Received=	-0.061759
Feedback: 0.5507
Received=	0.041912
Feedback: 0.42529
Received=	-0.011059
Feedback: 0.48937
Received=	0.0051282
Feedback: 0.46979
Received=	0.13882
Feedback: 0.30806
Received=	0.10296
Feedback: 0.35144
Received=	-0.036875
Feedback: 0.5206
Received=	0.11629
Feedback: 0.33531
Received=	0.15942
Feedback: 0.28314
Received=	-0.13647
Feedback: 0.64107
Received=	-0.10904
Feedback: 0.6079
Received=	-0.046454
Feedback: 0.53219
Received=	0.087814
Feedback: 0.36976
Received=	0.17235
Feedback: 0.2675
Received=	0.11866
Feedback: 0.33244
Received=	0.37749
Feedback: 0.1
Received=	0.34921
Feedback: 0.1
Received=	0.30317
Feedback: 0.10925
Received=	0.34175
Feedback: 0.1
Received=	0.30538
Feedback: 0.10657
Received=	0.30464
Feedback: 0.10747
Received=	0.16904
Feedback: 0.2715
Received=	-0.076874
Feedback: 0.56899
Received=	-0.037557
Feedback: 0.52142
Received=	0.14117
Feedback: 0.30521
Received=	-0.02136
Feedback: 0.50183
Received=	0.068632
Feedback: 0.39297
Received=	0.062567
Feedback: 0.4003
Received=	0.39089
Feedback: 0.1
Received=	0.029175
Feedback: 0.4407
Received=	-0.064815
Feedback: 0.5544
Received=	0.034478
Feedback: 0.43428
Calculated range:	[(-2.000000) - (2.000000)]
Success index = (0.263483)
Received=	0.10562
=====  12:16:59 - BASE  ============
Feedback: 0.66
Received=	0.13185
Feedback: 0.66
Received=	0.19215
Feedback: 0.66
Received=	-0.0042987
Feedback: 0.66
Received=	0.1637
Feedback: 0.66
Received=	0.24657
Feedback: 0.66
Received=	0.24568
Feedback: 0.66
Received=	0.35621
Feedback: 0.66
Received=	0.51005
Feedback: 0.66
Received=	0.62942
Feedback: 0.66
Received=	0.20602
Feedback: 0.66
Received=	-0.038792
Feedback: 0.66
Received=	0.05713
Feedback: 0.66
Received=	0.43163
Feedback: 0.66
Received=	0.53165
Feedback: 0.66
Received=	0.35163
Feedback: 0.66
Received=	0.38378
Feedback: 0.66
Received=	0.3025
Feedback: 0.66
Received=	0.030392
Feedback: 0.66
Received=	0.05267
Feedback: 0.66
Received=	0.31372
=====  12:17:59 - NF  ============
Feedback: 0.44324
Received=	0.30881
Feedback: 0.44827
Received=	-0.035024
Feedback: 0.79991
Received=	0.028127
Feedback: 0.73533
Received=	0.2375
Feedback: 0.5212
Received=	0.30664
Feedback: 0.45049
Received=	0.088949
Feedback: 0.67312
Received=	0.19896
Feedback: 0.56061
Received=	0.28603
Feedback: 0.47156
Received=	0.16228
Feedback: 0.59812
Received=	0.22629
Feedback: 0.53266
Received=	0.10268
Feedback: 0.65908
Received=	0.080866
Feedback: 0.68139
Received=	0.33143
Feedback: 0.42513
Received=	0.29458
Feedback: 0.46282
Received=	0.18694
Feedback: 0.57291
Received=	0.21013
Feedback: 0.54919
Received=	0.28485
Feedback: 0.47278
Received=	0.17182
Feedback: 0.58837
Received=	0.37419
Feedback: 0.38141
Received=	0.16116
Feedback: 0.59927
Received=	0.29035
Feedback: 0.46714
Received=	0.30899
Feedback: 0.44808
Received=	0.19112
Feedback: 0.56863
Received=	-0.19621
Feedback: 0.9
Received=	-0.10988
Feedback: 0.87646
Received=	0.033276
Feedback: 0.73006
Received=	0.1182
Feedback: 0.64321
Received=	0.19483
Feedback: 0.56483
Received=	0.15557
Feedback: 0.60499
Received=	0.3481
Feedback: 0.40809
Received=	0.37942
Feedback: 0.37605
Received=	0.38126
Feedback: 0.37417
Received=	0.62102
Feedback: 0.12897
Received=	0.58164
Feedback: 0.16924
Received=	0.55323
Feedback: 0.19829
Received=	0.42153
Feedback: 0.33299
Received=	0.14798
Feedback: 0.61275
Received=	-0.0031635
Feedback: 0.76733
Received=	0.26392
Feedback: 0.49418
Received=	0.34811
Feedback: 0.40808
Received=	0.25928
Feedback: 0.49893
Received=	0.28742
Feedback: 0.47015
Received=	0.48264
Feedback: 0.27049
Received=	0.36867
Feedback: 0.38705
Received=	0.28097
Feedback: 0.47674
Received=	0.38988
Feedback: 0.36536
Received=	0.35221
Feedback: 0.40389
Received=	0.21123
Feedback: 0.54807
Received=	-0.048669
Feedback: 0.81387
Received=	0.34998
Feedback: 0.40616
Received=	0.63996
Feedback: 0.1096
Received=	0.23763
Feedback: 0.52107
Received=	0.48763
Feedback: 0.26539
Received=	0.5567
Feedback: 0.19474
Received=	0.31235
Feedback: 0.44465
Received=	0.40786
Feedback: 0.34697
Received=	0.31614
Feedback: 0.44077
Received=	0.81072
Feedback: 0.1
Received=	0.57857
Feedback: 0.17238
Calculated range:	[(-2.000000) - (2.000000)]
Success index = (0.099666)
Received=	0.26688
=====  12:20:59 - BASE  ============
Feedback: 0.66
Received=	0.35393
Feedback: 0.66
Received=	0.48864
Feedback: 0.66
Received=	0.24191
Feedback: 0.66
Received=	0.025428
Feedback: 0.66
Received=	0.12659
Feedback: 0.66
Received=	0.26453
Feedback: 0.66
Received=	0.16204
Feedback: 0.66
Received=	0.17959
Feedback: 0.66
Received=	0.17543
Feedback: 0.66
Received=	0.3145
Feedback: 0.66
Received=	0.40552
Feedback: 0.66
Received=	0.31865
Feedback: 0.66
Received=	0.3625
Feedback: 0.66
Received=	0.48233
Feedback: 0.66
Received=	0.25094
Feedback: 0.66
Received=	0.62984
Feedback: 0.66
Received=	0.52319
Feedback: 0.66
Received=	0.31365
Feedback: 0.66
Received=	0.35207
Feedback: 0.66
Received=	0.53063
=====  12:21:59 - NF  ============
Feedback: 0.21676
Received=	0.60175
Feedback: 0.12459
Received=	0.6768
Feedback: 0.1
Received=	0.3503
Feedback: 0.45046
Received=	0.63147
Feedback: 0.1
Received=	0.82526
Feedback: 0.1
Received=	0.74686
Feedback: 0.1
Received=	0.71566
Feedback: 0.1
Received=	0.47338
Feedback: 0.29095
Received=	0.41325
Feedback: 0.36888
Received=	0.4013
Feedback: 0.38436
Received=	0.53284
Feedback: 0.21389
Received=	0.47648
Feedback: 0.28693
Received=	0.61637
Feedback: 0.10564
Received=	0.58762
Feedback: 0.14289
Received=	0.37251
Feedback: 0.42168
Received=	0.2028
Feedback: 0.64162
Received=	0.51006
Feedback: 0.24341
Received=	0.38018
Feedback: 0.41174
Received=	0.4483
Feedback: 0.32345
Received=	0.43188
Feedback: 0.34473
Received=	0.24695
Feedback: 0.5844
Received=	0.15382
Feedback: 0.7051
Received=	0.21616
Feedback: 0.6243
Received=	0.41437
Feedback: 0.36742
Received=	0.64983
Feedback: 0.1
Received=	0.5608
Feedback: 0.17766
Received=	0.54686
Feedback: 0.19572
Received=	0.55194
Feedback: 0.18913
Received=	0.87414
Feedback: 0.1
Received=	0.57452
Feedback: 0.15987
Received=	0.47222
Feedback: 0.29245
Received=	0.15496
Feedback: 0.70362
Received=	0.34312
Feedback: 0.45977
Received=	0.63537
Feedback: 0.1
Received=	0.44849
Feedback: 0.32321
Received=	0.41693
Feedback: 0.36411
Received=	0.44774
Feedback: 0.32418
Received=	0.20176
Feedback: 0.64296
Received=	0.39612
Feedback: 0.39108
Received=	0.53576
Feedback: 0.2101
Received=	0.48933
Feedback: 0.27028
Received=	0.59308
Feedback: 0.13582
Received=	0.8461
Feedback: 0.1
Received=	0.39643
Feedback: 0.39068
Received=	0.55258
Feedback: 0.18831
Received=	0.54332
Feedback: 0.2003
Received=	0.51762
Feedback: 0.23361
Received=	0.23189
Feedback: 0.60392
Received=	0.33053
Feedback: 0.47608
Received=	0.36724
Feedback: 0.4285
Received=	0.44077
Feedback: 0.33321
Received=	0.57923
Feedback: 0.15377
Received=	0.59571
Feedback: 0.13241
Received=	0.48866
Feedback: 0.27115
Received=	0.4458
Feedback: 0.3267
Received=	0.31799
Feedback: 0.49233
Received=	0.28629
Feedback: 0.53341
Received=	0.62452
Feedback: 0.1
Received=	0.26149
Feedback: 0.56555
Calculated range:	[(-2.000000) - (2.000000)]
Success index = (1.023631)
Received=	-0.030827
=====  12:24:59 - BASE  ============
Feedback: 0.66
Received=	0.30916
Feedback: 0.66
Received=	0.50694
Feedback: 0.66
Received=	0.43396
Feedback: 0.66
Received=	0.39029
Feedback: 0.66
Received=	0.14078
Feedback: 0.66
Received=	-0.0029587
Feedback: 0.66
Received=	0.040455
Feedback: 0.66
Received=	0.12589
Feedback: 0.66
Received=	0.30985
Feedback: 0.66
Received=	0.30107
Feedback: 0.66
Received=	0.31838
Feedback: 0.66
Received=	0.14109
Feedback: 0.66
Received=	0.49811
Feedback: 0.66
Received=	0.47029
Feedback: 0.66
Received=	0.25832
Feedback: 0.66
Received=	0.40609
Feedback: 0.66
Received=	0.29324
Feedback: 0.66
Received=	0.23416
Feedback: 0.66
Received=	0.33184
Feedback: 0.66
Received=	0.53585
=====  12:25:59 - NF  ============
Feedback: 0.17531
Received=	0.55344
Feedback: 0.15219
Received=	0.33434
Feedback: 0.44011
Received=	0.28769
Feedback: 0.50141
Received=	0.40181
Feedback: 0.35145
Received=	0.37101
Feedback: 0.39192
Received=	0.3806
Feedback: 0.37933
Received=	0.57995
Feedback: 0.11736
Received=	0.75472
Feedback: 0.1
Received=	0.74726
Feedback: 0.1
Received=	0.49104
Feedback: 0.2342
Received=	0.55222
Feedback: 0.1538
Received=	0.53791
Feedback: 0.1726
Received=	0.54545
Feedback: 0.1627
Received=	0.62685
Feedback: 0.1
Received=	0.4564
Feedback: 0.27972
Received=	0.69097
Feedback: 0.1
Received=	0.68895
Feedback: 0.1
Received=	0.51121
Feedback: 0.20769
Received=	0.44581
Feedback: 0.29363
Received=	0.37117
Feedback: 0.39171
Received=	0.23495
Feedback: 0.57072
Received=	0.47076
Feedback: 0.26084
Received=	0.66735
Feedback: 0.1
Received=	0.39343
Feedback: 0.36247
Received=	0.063352
Feedback: 0.79621
Received=	0.42197
Feedback: 0.32496
Received=	0.35396
Feedback: 0.41432
Received=	0.3285
Feedback: 0.44778
Received=	0.37992
Feedback: 0.38022
Received=	0.43433
Feedback: 0.30871
Received=	0.30746
Feedback: 0.47544
Received=	0.21341
Feedback: 0.59902
Received=	0.34949
Feedback: 0.4202
Received=	0.51654
Feedback: 0.20068
Received=	0.43203
Feedback: 0.31174
Received=	0.28503
Feedback: 0.50491
Received=	0.43348
Feedback: 0.30983
Received=	0.46129
Feedback: 0.27329
Received=	0.43125
Feedback: 0.31276
Received=	0.46198
Feedback: 0.27238
Received=	0.2537
Feedback: 0.54608
Received=	0.28227
Feedback: 0.50854
Received=	0.43313
Feedback: 0.3103
Received=	0.5786
Feedback: 0.11913
Received=	0.64523
Feedback: 0.1
Received=	0.26228
Feedback: 0.53481
Received=	0.32179
Feedback: 0.45661
Received=	0.62155
Feedback: 0.1
Received=	0.45126
Feedback: 0.28647
Received=	0.4183
Feedback: 0.32978
Received=	0.60708
Feedback: 0.1
Received=	0.53276
Feedback: 0.17938
Received=	0.31417
Feedback: 0.46661
Received=	0.62652
Feedback: 0.1
Received=	0.33898
Feedback: 0.43401
Received=	0.21092
Feedback: 0.6023
Received=	0.16348
Feedback: 0.66464
Received=	0.41139
Feedback: 0.33886
Received=	0.52842
Feedback: 0.18508
Calculated range:	[(-2.000000) - (2.000000)]
Success index = (1.027723)
closing...
