Direction=-1.000000	; step=1.000000;
Received=	0
Feedback: 0.66
Received=	0
Feedback: 0.66
Received=	0
Feedback: 0.66
Received=	-0.34913
Feedback: 0.66
Received=	0.15287
Feedback: 0.66
Received=	0.15455
Feedback: 0.66
Received=	0.15874
Feedback: 0.66
Received=	0.27859
Feedback: 0.66
Received=	0.34981
Feedback: 0.66
Received=	-0.14091
Feedback: 0.66
Received=	-0.16129
Feedback: 0.66
Received=	-0.29309
Feedback: 0.66
Received=	0.58617
Feedback: 0.66
Received=	0.36516
Feedback: 0.66
Received=	0.42146
Feedback: 0.66
Received=	0.21697
Feedback: 0.66
Received=	0.23647
Feedback: 0.66
Received=	-0.27553
Feedback: 0.66
Received=	0.3493
Feedback: 0.66
Received=	-0.031128
Feedback: 0.66
Received=	0.47261
=====  13:16:30 - NF  ============
Feedback: 0.23479
Received=	0.15227
Feedback: 0.47049
Received=	-0.20565
Feedback: 0.73384
Received=	-0.43397
Feedback: 0.9
Received=	1.0597
Feedback: 0.1
Received=	0.71381
Feedback: 0.1
Received=	0.17973
Feedback: 0.45029
Received=	0.012798
Feedback: 0.57311
Received=	1.2355
Feedback: 0.1
Received=	1.3339
Feedback: 0.1
Received=	0.37792
Feedback: 0.30447
Received=	-0.043449
Feedback: 0.6145
Received=	0.91459
Feedback: 0.1
Received=	0.80809
Feedback: 0.1
Received=	0.20437
Feedback: 0.43216
Received=	0.075845
Feedback: 0.52672
Received=	0.73932
Feedback: 0.1
Received=	0.57589
Feedback: 0.15881
Received=	-0.36276
Feedback: 0.84944
Received=	0.40393
Feedback: 0.28533
Received=	0.46674
Feedback: 0.23911
Received=	0.1712
Feedback: 0.45656
Received=	0.36697
Feedback: 0.31252
Received=	0.28527
Feedback: 0.37263
Received=	0.23565
Feedback: 0.40914
Received=	0.82291
Feedback: 0.1
Received=	0.30543
Feedback: 0.3578
Received=	0.81353
Feedback: 0.1
Received=	1.2592
Feedback: 0.1
Received=	0.47858
Feedback: 0.2304
Received=	0.47725
Feedback: 0.23138
Received=	-0.028634
Feedback: 0.6036
Received=	0.47949
Feedback: 0.22973
Received=	0.64502
Feedback: 0.10794
Received=	0.36734
Feedback: 0.31225
Received=	0.31163
Feedback: 0.35324
Received=	0.29212
Feedback: 0.36759
Received=	0.60094
Feedback: 0.14037
Received=	1.248
Feedback: 0.1
Received=	0.6056
Feedback: 0.13694
Received=	-0.30814
Feedback: 0.80925
Received=	-0.08433
Feedback: 0.64458
Received=	1.0577
Feedback: 0.1
Received=	0.8424
Feedback: 0.1
Received=	0.067937
Feedback: 0.53254
Received=	0.3831
Feedback: 0.30065
Received=	0.5513
Feedback: 0.1769
Received=	0.16036
Feedback: 0.46454
Received=	-0.073847
Feedback: 0.63686
Received=	0.63219
Feedback: 0.11738
Received=	0.54643
Feedback: 0.18048
Received=	-0.25993
Feedback: 0.77378
Received=	-0.16642
Feedback: 0.70497
Received=	0.32836
Feedback: 0.34093
Received=	0.12102
Feedback: 0.49348
Received=	0.3935
Feedback: 0.293
Received=	-0.028359
Feedback: 0.60339
Received=	0.555
Feedback: 0.17418
Received=	0.43224
Feedback: 0.2645
Received=	0.55647
Feedback: 0.17309
Calculated range:	[(-2.000000) - (2.000000)]
Success index = (0.759789)
Received=	0.27768
=====  13:19:30 - BASE  ============
Feedback: 0.66
Received=	-0.032615
Feedback: 0.66
Received=	0.42227
Feedback: 0.66
Received=	-0.068129
Feedback: 0.66
Received=	-0.15031
Feedback: 0.66
Received=	0.014087
Feedback: 0.66
Received=	-0.355
Feedback: 0.66
Received=	-0.26509
Feedback: 0.66
Received=	-0.0092762
Feedback: 0.66
Received=	-0.38192
Feedback: 0.66
Received=	-0.69318
Feedback: 0.66
Received=	-0.56624
Feedback: 0.66
Received=	-0.64159
Feedback: 0.66
Received=	-0.59234
Feedback: 0.66
Received=	-0.21108
Feedback: 0.66
Received=	-0.20217
Feedback: 0.66
Received=	-0.34004
Feedback: 0.66
Received=	-0.31444
Feedback: 0.66
Received=	-0.52657
Feedback: 0.66
Received=	-0.26941
Feedback: 0.66
Received=	-0.14358
=====  13:20:30 - NF  ============
Feedback: 0.39641
Received=	-0.23681
Feedback: 0.46415
Received=	-0.32991
Feedback: 0.53181
Received=	-0.40948
Feedback: 0.58963
Received=	0.75112
Feedback: 0.1
Received=	0.52139
Feedback: 0.1
Received=	0.022718
Feedback: 0.27556
Received=	0.51707
Feedback: 0.1
Received=	0.20455
Feedback: 0.14343
Received=	0.34335
Feedback: 0.1
Received=	0.01446
Feedback: 0.28156
Received=	0.20224
Feedback: 0.1451
Received=	0.74958
Feedback: 0.1
Received=	0.30028
Feedback: 0.1
Received=	-0.22196
Feedback: 0.45337
Received=	0.039581
Feedback: 0.26331
Received=	0.62579
Feedback: 0.1
Received=	0.26708
Feedback: 0.1
Received=	-0.42156
Feedback: 0.59841
Received=	0.22755
Feedback: 0.12671
Received=	0.6756
Feedback: 0.1
Received=	0.41325
Feedback: 0.1
Received=	-0.046197
Feedback: 0.32564
Received=	0.44826
Feedback: 0.1
Received=	0.46907
Feedback: 0.1
Received=	0.032429
Feedback: 0.2685
Received=	0.18286
Feedback: 0.15918
Received=	0.29528
Feedback: 0.1
Received=	-0.10065
Feedback: 0.36521
Received=	0.8751
Feedback: 0.1
Received=	0.99772
Feedback: 0.1
Received=	0.17273
Feedback: 0.16654
Received=	0.32301
Feedback: 0.1
Received=	-0.31682
Feedback: 0.5223
Received=	0.38111
Feedback: 0.1
Received=	0.60307
Feedback: 0.1
Received=	0.44866
Feedback: 0.1
Received=	0.54183
Feedback: 0.1
Received=	-0.0059313
Feedback: 0.29638
Received=	0.44761
Feedback: 0.1
Received=	0.65313
Feedback: 0.1
Received=	0.12947
Feedback: 0.19798
Received=	0.58238
Feedback: 0.1
Received=	1.0527
Feedback: 0.1
Received=	0.47593
Feedback: 0.1
Received=	-0.23371
Feedback: 0.4619
Received=	0.43439
Feedback: 0.1
Received=	1.2578
Feedback: 0.1
Received=	0.69546
Feedback: 0.1
Received=	0.056451
Feedback: 0.25105
Received=	0.40689
Feedback: 0.1
Received=	1.0252
Feedback: 0.1
Received=	0.49987
Feedback: 0.1
Received=	-0.017586
Feedback: 0.30485
Received=	0.49813
Feedback: 0.1
Received=	0.77542
Feedback: 0.1
Received=	0.60689
Feedback: 0.1
Received=	0.073114
Feedback: 0.23894
Received=	0.4871
Feedback: 0.1
Received=	0.82314
Feedback: 0.1
Calculated range:	[(-2.000000) - (2.000000)]
Success index = (1.732147)
Received=	0.2097
=====  13:23:30 - BASE  ============
Feedback: 0.66
Received=	0.11375
Feedback: 0.66
Received=	0.44231
Feedback: 0.66
Received=	0.13319
Feedback: 0.66
Received=	0.1566
Feedback: 0.66
Received=	0.004694
Feedback: 0.66
Received=	0.16839
Feedback: 0.66
Received=	0.24553
Feedback: 0.66
Received=	0.0092366
Feedback: 0.66
Received=	-0.016156
Feedback: 0.66
Received=	0.17812
Feedback: 0.66
Received=	0.094946
Feedback: 0.66
Received=	0.039046
Feedback: 0.66
Received=	-0.17201
Feedback: 0.66
Received=	-0.23797
Feedback: 0.66
Received=	-0.40157
Feedback: 0.66
Received=	-0.36426
Feedback: 0.66
Received=	-0.39121
Feedback: 0.66
Received=	-0.10996
Feedback: 0.66
Received=	0.065225
Feedback: 0.66
Received=	-0.23728
=====  13:24:30 - NF  ============
Feedback: 0.69683
Received=	1.1568
Feedback: 0.1
Received=	0.75912
Feedback: 0.1
Received=	-0.18207
Feedback: 0.6493
Received=	0.34839
Feedback: 0.19259
Received=	0.67774
Feedback: 0.1
Received=	0.86736
Feedback: 0.1
Received=	0.07528
Feedback: 0.42773
Received=	0.038457
Feedback: 0.45944
Received=	0.61532
Feedback: 0.1
Received=	0.29537
Feedback: 0.23824
Received=	0.6516
Feedback: 0.1
Received=	0.68618
Feedback: 0.1
Received=	0.38084
Feedback: 0.16466
Received=	0.06659
Feedback: 0.43521
Received=	0.7129
Feedback: 0.1
Received=	1.2019
Feedback: 0.1
Received=	0.56362
Feedback: 0.1
Received=	0.27693
Feedback: 0.25412
Received=	0.23565
Feedback: 0.28966
Received=	0.8692
Feedback: 0.1
Received=	0.75708
Feedback: 0.1
Received=	0.12882
Feedback: 0.38164
Received=	0.74618
Feedback: 0.1
Received=	0.87103
Feedback: 0.1
Received=	0.56722
Feedback: 0.1
Received=	0.39792
Feedback: 0.14996
Received=	0.39881
Feedback: 0.14918
Received=	0.40141
Feedback: 0.14695
Received=	0.091623
Feedback: 0.41366
Received=	0.31633
Feedback: 0.2202
Received=	0.32754
Feedback: 0.21054
Received=	0.78625
Feedback: 0.1
Received=	0.68649
Feedback: 0.1
Received=	0.20948
Feedback: 0.31219
Received=	0.41724
Feedback: 0.13332
Received=	0.55188
Feedback: 0.1
Received=	0.17081
Feedback: 0.34549
Received=	0.90685
Feedback: 0.1
Received=	0.6559
Feedback: 0.1
Received=	0.26988
Feedback: 0.26019
Received=	0.20458
Feedback: 0.31641
Received=	0.63658
Feedback: 0.1
Received=	0.26143
Feedback: 0.26746
Received=	0.8379
Feedback: 0.1
Received=	0.94097
Feedback: 0.1
Received=	1.4145
Feedback: 0.1
Received=	0.16213
Feedback: 0.35296
Received=	1.1146
Feedback: 0.1
Received=	0.68908
Feedback: 0.1
Received=	1.011
Feedback: 0.1
Received=	0.78045
Feedback: 0.1
Received=	0.26146
Feedback: 0.26744
Received=	0.20975
Feedback: 0.31196
Received=	0.49232
Feedback: 0.1
Received=	0.023332
Feedback: 0.47246
Received=	0.34888
Feedback: 0.19217
Received=	0.80873
Feedback: 0.1
Received=	0.60978
Feedback: 0.1
Received=	0.1827
Feedback: 0.33525
Calculated range:	[(-2.000000) - (2.000000)]
Success index = (1.614898)
Received=	-0.21675
=====  13:27:30 - BASE  ============
Feedback: 0.66
Received=	0.0073118
Feedback: 0.66
Received=	0.28316
Feedback: 0.66
Received=	0.45753
Feedback: 0.66
Received=	0.44122
Feedback: 0.66
Received=	-0.023737
Feedback: 0.66
Received=	0.29052
Feedback: 0.66
Received=	0.33435
Feedback: 0.66
Received=	-0.079517
Feedback: 0.66
Received=	-0.14902
Feedback: 0.66
Received=	-0.015238
Feedback: 0.66
Received=	0.19014
Feedback: 0.66
Received=	-0.52289
Feedback: 0.66
Received=	-0.56019
Feedback: 0.66
Received=	-0.66677
Feedback: 0.66
Received=	-0.32257
Feedback: 0.66
Received=	0.31523
Feedback: 0.66
Received=	0.017984
Feedback: 0.66
Received=	0.1532
Feedback: 0.66
Received=	0.044683
Feedback: 0.66
Received=	-0.42006
=====  13:28:30 - NF  ============
Feedback: 0.75072
Received=	0.60508
Feedback: 0.1537
Received=	0.88972
Feedback: 0.1
Received=	0.28205
Feedback: 0.34183
Received=	0.51859
Feedback: 0.20407
Received=	0.59421
Feedback: 0.16003
Received=	0.61922
Feedback: 0.14546
Received=	0.24462
Feedback: 0.36362
Received=	0.39751
Feedback: 0.27459
Received=	0.88729
Feedback: 0.1
Received=	0.91377
Feedback: 0.1
Received=	0.29121
Feedback: 0.33649
Received=	0.10264
Feedback: 0.44631
Received=	1.0555
Feedback: 0.1
Received=	1.1056
Feedback: 0.1
Received=	0.56861
Feedback: 0.17494
Received=	0.53988
Feedback: 0.19167
Received=	0.39966
Feedback: 0.27333
Received=	0.84646
Feedback: 0.1
Received=	1.1198
Feedback: 0.1
Received=	0.14335
Feedback: 0.4226
Received=	0.28159
Feedback: 0.34209
Received=	1.0917
Feedback: 0.1
Received=	1.0043
Feedback: 0.1
Received=	0.39498
Feedback: 0.27606
Received=	0.20355
Feedback: 0.38754
Received=	0.55729
Feedback: 0.18153
Received=	0.18667
Feedback: 0.39737
Received=	0.58601
Feedback: 0.1648
Received=	0.57683
Feedback: 0.17015
Received=	0.76071
Feedback: 0.1
Received=	-0.091209
Feedback: 0.5592
Received=	0.81557
Feedback: 0.1
Received=	0.63486
Feedback: 0.13635
Received=	0.43202
Feedback: 0.25449
Received=	0.14721
Feedback: 0.42035
Received=	0.88964
Feedback: 0.1
Received=	0.83657
Feedback: 0.1
Received=	0.49144
Feedback: 0.21988
Received=	1.0427
Feedback: 0.1
Received=	0.8031
Feedback: 0.1
Received=	0.65114
Feedback: 0.12688
Received=	0.068868
Feedback: 0.46598
Received=	0.6743
Feedback: 0.11339
Received=	0.79438
Feedback: 0.1
Received=	0.41395
Feedback: 0.26501
Received=	0.78608
Feedback: 0.1
Received=	0.34937
Feedback: 0.30262
Received=	0.59531
Feedback: 0.15939
Received=	1.2157
Feedback: 0.1
Received=	0.093106
Feedback: 0.45186
Received=	0.22243
Feedback: 0.37655
Received=	0.80097
Feedback: 0.1
Received=	0.45146
Feedback: 0.24316
Received=	1.3944
Feedback: 0.1
Received=	0.91534
Feedback: 0.1
Received=	0.43359
Feedback: 0.25357
Received=	0.73638
Feedback: 0.1
Received=	0.48792
Feedback: 0.22193
Received=	0.37723
Feedback: 0.28639
Calculated range:	[(-2.000000) - (2.000000)]
Success index = (1.642659)
Received=	0.23636
=====  13:31:30 - BASE  ============
Feedback: 0.66
Received=	-0.07913
Feedback: 0.66
Received=	0.4219
Feedback: 0.66
Received=	0.43951
Feedback: 0.66
Received=	0.18351
Feedback: 0.66
Received=	-0.33178
Feedback: 0.66
Received=	-0.36365
Feedback: 0.66
Received=	-0.32005
Feedback: 0.66
Received=	-0.60192
Feedback: 0.66
Received=	-0.56137
Feedback: 0.66
Received=	-0.1682
Feedback: 0.66
Received=	0.21488
Feedback: 0.66
Received=	-0.25958
Feedback: 0.66
Received=	-0.094704
Feedback: 0.66
Received=	-0.20204
Feedback: 0.66
Received=	-0.082504
Feedback: 0.66
Received=	0.21148
Feedback: 0.66
Received=	0.52217
Feedback: 0.66
Received=	0.54548
Feedback: 0.66
Received=	-0.021826
Feedback: 0.66
Received=	-0.20328
=====  13:32:30 - NF  ============
Feedback: 0.5979
Received=	0.94349
Feedback: 0.1
Received=	0.95533
Feedback: 0.1
Received=	0.63858
Feedback: 0.13288
Received=	0.26524
Feedback: 0.33911
Received=	0.57077
Feedback: 0.17034
Received=	0.87725
Feedback: 0.1
Received=	0.49604
Feedback: 0.21162
Received=	0.44972
Feedback: 0.23721
Received=	0.7268
Feedback: 0.1
Received=	0.40683
Feedback: 0.2609
Received=	0.13207
Feedback: 0.41267
Received=	0.47676
Feedback: 0.22227
Received=	0.49184
Feedback: 0.21394
Received=	0.64837
Feedback: 0.12748
Received=	0.68249
Feedback: 0.10863
Received=	-0.066298
Feedback: 0.52224
Received=	0.43071
Feedback: 0.2477
Received=	0.92943
Feedback: 0.1
Received=	0.7549
Feedback: 0.1
Received=	0.25083
Feedback: 0.34707
Received=	0.88796
Feedback: 0.1
Received=	0.85556
Feedback: 0.1
Received=	0.3913
Feedback: 0.26947
Received=	0.75183
Feedback: 0.1
Received=	0.76429
Feedback: 0.1
Received=	-0.021903
Feedback: 0.49772
Received=	0.020747
Feedback: 0.47416
Received=	0.73686
Feedback: 0.1
Received=	0.87462
Feedback: 0.1
Received=	0.039825
Feedback: 0.46362
Received=	0.095385
Feedback: 0.43293
Received=	0.2199
Feedback: 0.36415
Received=	0.71388
Feedback: 0.1
Received=	0.82335
Feedback: 0.1
Received=	0.66119
Feedback: 0.12039
Received=	0.18047
Feedback: 0.38593
Received=	0.72695
Feedback: 0.1
Received=	0.42684
Feedback: 0.24985
Received=	0.56056
Feedback: 0.17598
Received=	1.0482
Feedback: 0.1
Received=	0.90892
Feedback: 0.1
Received=	0.26693
Feedback: 0.33817
Received=	0.35946
Feedback: 0.28706
Received=	0.52534
Feedback: 0.19544
Received=	0.23419
Feedback: 0.35626
Received=	0.46823
Feedback: 0.22698
Received=	0.59388
Feedback: 0.15757
Received=	0.50079
Feedback: 0.209
Received=	0.81054
Feedback: 0.1
Received=	0.64095
Feedback: 0.13158
Received=	0.28924
Feedback: 0.32585
Received=	0.51714
Feedback: 0.19997
Received=	0.87071
Feedback: 0.1
Received=	0.53288
Feedback: 0.19127
Received=	1.0183
Feedback: 0.1
Received=	1.3114
Feedback: 0.1
Received=	1.67
Feedback: 0.1
Received=	1.5639
Feedback: 0.1
Received=	1.5685
Feedback: 0.1
Calculated range:	[(-2.000000) - (2.000000)]
Success index = (1.659215)
closing...
