Direction=-1.000000	; step=1.000000;
Received=	0
Feedback: 0.66
Received=	0
Feedback: 0.66
Received=	0
Feedback: 0.66
Received=	0.28061
Feedback: 0.66
Received=	-0.60328
Feedback: 0.66
Received=	-0.6407
Feedback: 0.66
Received=	-0.54646
Feedback: 0.66
Received=	-0.38245
Feedback: 0.66
Received=	-0.015957
Feedback: 0.66
Received=	0.1368
Feedback: 0.66
Received=	-0.45683
Feedback: 0.66
Received=	-0.88951
Feedback: 0.66
Received=	-0.81659
Feedback: 0.66
Received=	-0.45067
Feedback: 0.66
Received=	0.12714
Feedback: 0.66
Received=	-0.14154
Feedback: 0.66
Received=	-0.30468
Feedback: 0.66
Received=	-0.8634
Feedback: 0.66
Received=	-0.77172
Feedback: 0.66
Received=	-0.93696
Feedback: 0.66
Received=	-0.8746
=====  8:13:35 - NF  ============
Feedback: 0.74085
Received=	-0.78323
Feedback: 0.69406
Received=	-0.048505
Feedback: 0.31785
Received=	0.14222
Feedback: 0.22019
Received=	0.086232
Feedback: 0.24886
Received=	0.10796
Feedback: 0.23773
Received=	-0.16269
Feedback: 0.37632
Received=	-0.2448
Feedback: 0.41836
Received=	-0.52528
Feedback: 0.56198
Received=	-0.31115
Feedback: 0.45234
Received=	-0.095606
Feedback: 0.34197
Received=	0.059534
Feedback: 0.26253
Received=	-0.14734
Feedback: 0.36846
Received=	-0.45138
Feedback: 0.52414
Received=	-0.66633
Feedback: 0.63421
Received=	-0.45087
Feedback: 0.52388
Received=	0.26974
Feedback: 0.1549
Received=	0.27639
Feedback: 0.15149
Received=	-0.022371
Feedback: 0.30447
Received=	-0.52917
Feedback: 0.56397
Received=	-0.2647
Feedback: 0.42855
Received=	-0.2423
Feedback: 0.41708
Received=	-0.24309
Feedback: 0.41749
Received=	-0.15922
Feedback: 0.37454
Received=	-0.032233
Feedback: 0.30952
Received=	-0.23913
Feedback: 0.41546
Received=	-0.39396
Feedback: 0.49474
Received=	-0.24187
Feedback: 0.41686
Received=	-0.6242
Feedback: 0.61263
Received=	-0.16924
Feedback: 0.37967
Received=	0.10804
Feedback: 0.23769
Received=	0.25433
Feedback: 0.16279
Received=	0.047041
Feedback: 0.26893
Received=	-0.21997
Feedback: 0.40565
Received=	-0.50127
Feedback: 0.54969
Received=	-0.7228
Feedback: 0.66312
Received=	-0.35522
Feedback: 0.4749
Received=	-0.23466
Feedback: 0.41317
Received=	-0.56468
Feedback: 0.58215
Received=	-0.6016
Feedback: 0.60106
Received=	-0.83679
Feedback: 0.72149
Received=	-0.59478
Feedback: 0.59757
Received=	-0.23947
Feedback: 0.41563
Received=	-0.29893
Feedback: 0.44608
Received=	-0.44299
Feedback: 0.51984
Received=	-0.17278
Feedback: 0.38149
Received=	-0.08758
Feedback: 0.33786
Received=	-0.065229
Feedback: 0.32641
Received=	-0.34898
Feedback: 0.47171
Received=	-0.43605
Feedback: 0.51629
Received=	0.10242
Feedback: 0.24057
Received=	-0.13865
Feedback: 0.36401
Received=	-0.42327
Feedback: 0.50975
Received=	0.33112
Feedback: 0.12346
Received=	0.33911
Feedback: 0.11938
Received=	0.074796
Feedback: 0.25472
Received=	0.17794
Feedback: 0.2019
Received=	0.021754
Feedback: 0.28188
Received=	-0.20804
Feedback: 0.39954
Received=	0.0079063
Feedback: 0.28897
Calculated range:	[(-2.000000) - (2.000000)]
Success index = (0.584173)
Received=	0.12712
=====  8:16:35 - BASE  ============
Feedback: 0.66
Received=	-0.019557
Feedback: 0.66
Received=	0.39199
Feedback: 0.66
Received=	0.44352
Feedback: 0.66
Received=	0.27706
Feedback: 0.66
Received=	-0.14446
Feedback: 0.66
Received=	-0.11302
Feedback: 0.66
Received=	-0.4361
Feedback: 0.66
Received=	-0.42253
Feedback: 0.66
Received=	-0.39566
Feedback: 0.66
Received=	-0.65831
Feedback: 0.66
Received=	-0.74808
Feedback: 0.66
Received=	-0.60128
Feedback: 0.66
Received=	-0.21891
Feedback: 0.66
Received=	-0.52027
Feedback: 0.66
Received=	-1.032
Feedback: 0.66
Received=	-0.97909
Feedback: 0.66
Received=	-0.64923
Feedback: 0.66
Received=	-0.47362
Feedback: 0.66
Received=	-0.54062
Feedback: 0.66
Received=	-0.48672
=====  8:17:35 - NF  ============
Feedback: 0.55101
Received=	-0.29363
Feedback: 0.45964
Received=	-0.6445
Feedback: 0.62568
Received=	-0.34554
Feedback: 0.4842
Received=	0.055883
Feedback: 0.29423
Received=	0.40737
Feedback: 0.1279
Received=	-0.16709
Feedback: 0.39976
Received=	-0.41296
Feedback: 0.51611
Received=	-0.92235
Feedback: 0.75717
Received=	-0.76646
Feedback: 0.6834
Received=	-0.30531
Feedback: 0.46516
Received=	-0.52854
Feedback: 0.57081
Received=	-0.64198
Feedback: 0.62449
Received=	-0.077684
Feedback: 0.35744
Received=	-0.33313
Feedback: 0.47833
Received=	-0.45944
Feedback: 0.53811
Received=	-0.3692
Feedback: 0.4954
Received=	-0.73016
Feedback: 0.66622
Received=	-0.83296
Feedback: 0.71487
Received=	-0.3751
Feedback: 0.49819
Received=	-0.13048
Feedback: 0.38243
Received=	-0.047587
Feedback: 0.3432
Received=	0.072256
Feedback: 0.28649
Received=	-0.060252
Feedback: 0.34919
Received=	-0.90146
Feedback: 0.74728
Received=	-1.1202
Feedback: 0.85081
Received=	-0.92424
Feedback: 0.75807
Received=	-0.66513
Feedback: 0.63544
Received=	-0.2056
Feedback: 0.41798
Received=	-0.62427
Feedback: 0.61611
Received=	-0.48709
Feedback: 0.55119
Received=	-0.49172
Feedback: 0.55338
Received=	-0.21084
Feedback: 0.42046
Received=	-0.44122
Feedback: 0.52948
Received=	-0.90489
Feedback: 0.74891
Received=	-1.6798
Feedback: 0.9
Received=	-1.4741
Feedback: 0.9
Received=	-1.2008
Feedback: 0.88895
Received=	-0.79495
Feedback: 0.69688
Received=	-0.51774
Feedback: 0.56569
Received=	-0.54612
Feedback: 0.57913
Received=	-0.21641
Feedback: 0.42309
Received=	-0.052549
Feedback: 0.34555
Received=	0.19372
Feedback: 0.229
Received=	-0.059667
Feedback: 0.34892
Received=	-0.40588
Feedback: 0.51276
Received=	-0.39516
Feedback: 0.50769
Received=	-0.85402
Feedback: 0.72483
Received=	-0.88236
Feedback: 0.73825
Received=	-0.87066
Feedback: 0.73271
Received=	-0.93903
Feedback: 0.76506
Received=	-1.0482
Feedback: 0.81672
Received=	-1.1657
Feedback: 0.87231
Received=	-0.89612
Feedback: 0.74476
Received=	-0.42644
Feedback: 0.52249
Received=	-0.16966
Feedback: 0.40097
Received=	-0.45184
Feedback: 0.53451
Received=	-0.69938
Feedback: 0.65165
Received=	-0.39518
Feedback: 0.5077
Received=	-0.56721
Feedback: 0.5891
Calculated range:	[(-2.000000) - (2.000000)]
Success index = (-0.375056)
Received=	-0.69059
=====  8:20:35 - BASE  ============
Feedback: 0.66
Received=	-0.41269
Feedback: 0.66
Received=	-0.60777
Feedback: 0.66
Received=	-0.40414
Feedback: 0.66
Received=	-0.4436
Feedback: 0.66
Received=	-0.083822
Feedback: 0.66
Received=	0.46552
Feedback: 0.66
Received=	0.0024879
Feedback: 0.66
Received=	-0.51495
Feedback: 0.66
Received=	-0.63238
Feedback: 0.66
Received=	-0.91657
Feedback: 0.66
Received=	-0.98747
Feedback: 0.66
Received=	-0.54786
Feedback: 0.66
Received=	-0.06799
Feedback: 0.66
Received=	-0.097028
Feedback: 0.66
Received=	0.1119
Feedback: 0.66
Received=	-0.14825
Feedback: 0.66
Received=	-0.9185
Feedback: 0.66
Received=	-0.60915
Feedback: 0.66
Received=	-0.18502
Feedback: 0.66
Received=	-0.26121
=====  8:21:35 - NF  ============
Feedback: 0.44674
Received=	-0.77266
Feedback: 0.70717
Received=	-0.67701
Feedback: 0.65847
Received=	-0.57207
Feedback: 0.60503
Received=	0.0025208
Feedback: 0.31244
Received=	-0.36284
Feedback: 0.49849
Received=	-0.47651
Feedback: 0.55637
Received=	-0.55995
Feedback: 0.59886
Received=	-0.80257
Feedback: 0.7224
Received=	-0.59712
Feedback: 0.61779
Received=	-0.33697
Feedback: 0.48531
Received=	-0.53328
Feedback: 0.58528
Received=	-0.72868
Feedback: 0.68478
Received=	-0.69151
Feedback: 0.66585
Received=	-1.1083
Feedback: 0.87807
Received=	-1.0062
Feedback: 0.82612
Received=	-0.92474
Feedback: 0.78462
Received=	-0.85829
Feedback: 0.75078
Received=	-0.61628
Feedback: 0.62754
Received=	-0.65407
Feedback: 0.64679
Received=	-1.3541
Feedback: 0.9
Received=	-1.3866
Feedback: 0.9
Received=	-1.326
Feedback: 0.9
Received=	-1.0009
Feedback: 0.82342
Received=	-0.83783
Feedback: 0.74036
Received=	-0.46535
Feedback: 0.55069
Received=	-0.31455
Feedback: 0.4739
Received=	-0.29319
Feedback: 0.46302
Received=	-0.014449
Feedback: 0.32108
Received=	-0.34971
Feedback: 0.4918
Received=	-1.1053
Feedback: 0.87657
Received=	-1.2688
Feedback: 0.9
Received=	-1.2524
Feedback: 0.9
Received=	-0.85944
Feedback: 0.75136
Received=	-0.91241
Feedback: 0.77834
Received=	-1.1492
Feedback: 0.89894
Received=	-0.80917
Feedback: 0.72576
Received=	-0.54519
Feedback: 0.59134
Received=	-0.41999
Feedback: 0.52759
Received=	-0.25764
Feedback: 0.44492
Received=	-0.54075
Feedback: 0.58908
Received=	-0.62005
Feedback: 0.62946
Received=	-0.59547
Feedback: 0.61695
Received=	-0.58194
Feedback: 0.61005
Received=	-0.60872
Feedback: 0.62369
Received=	-0.50061
Feedback: 0.56864
Received=	-0.6836
Feedback: 0.66182
Received=	-1.0777
Feedback: 0.86251
Received=	-0.80198
Feedback: 0.7221
Received=	-0.79984
Feedback: 0.72101
Received=	-0.99771
Feedback: 0.82177
Received=	-0.64311
Feedback: 0.64121
Received=	-0.65097
Feedback: 0.64521
Received=	-0.95258
Feedback: 0.79879
Received=	-1.1282
Feedback: 0.88822
Received=	-0.60974
Feedback: 0.62421
Received=	-0.54711
Feedback: 0.59232
Received=	-0.12214
Feedback: 0.37592
Received=	-0.28811
Feedback: 0.46044
Received=	-0.48133
Feedback: 0.55883
Calculated range:	[(-2.000000) - (2.000000)]
Success index = (-0.959529)
Received=	0.2156
=====  8:24:35 - BASE  ============
Feedback: 0.66
Received=	-0.044545
Feedback: 0.66
Received=	0.072272
Feedback: 0.66
Received=	0.12685
Feedback: 0.66
Received=	-0.22556
Feedback: 0.66
Received=	-0.81973
Feedback: 0.66
Received=	-0.96338
Feedback: 0.66
Received=	-0.61477
Feedback: 0.66
Received=	-0.31543
Feedback: 0.66
Received=	-0.0050565
Feedback: 0.66
Received=	-0.74962
Feedback: 0.66
Received=	-0.80688
Feedback: 0.66
Received=	-0.30885
Feedback: 0.66
Received=	-0.12647
Feedback: 0.66
Received=	-0.68425
Feedback: 0.66
Received=	-1.0652
Feedback: 0.66
Received=	-0.99611
Feedback: 0.66
Received=	-1.3507
Feedback: 0.66
Received=	-1.1695
Feedback: 0.66
Received=	-0.89848
Feedback: 0.66
Received=	-0.69027
=====  8:25:35 - NF  ============
Feedback: 0.5375
Received=	-1.0408
Feedback: 0.69274
Received=	-0.92256
Feedback: 0.64037
Received=	-0.47679
Feedback: 0.44295
Received=	-0.54433
Feedback: 0.47286
Received=	-0.8506
Feedback: 0.6085
Received=	-0.7805
Feedback: 0.57746
Received=	-0.47364
Feedback: 0.44156
Received=	-0.85096
Feedback: 0.60866
Received=	-0.87703
Feedback: 0.62021
Received=	-0.67293
Feedback: 0.52981
Received=	-0.23164
Feedback: 0.33438
Received=	-0.53186
Feedback: 0.46734
Received=	-0.79492
Feedback: 0.58384
Received=	-0.59665
Feedback: 0.49603
Received=	-0.31787
Feedback: 0.37257
Received=	-0.40439
Feedback: 0.41089
Received=	-0.37804
Feedback: 0.39922
Received=	-1.0549
Feedback: 0.69899
Received=	-0.92658
Feedback: 0.64215
Received=	-0.56494
Feedback: 0.48199
Received=	-0.83297
Feedback: 0.60069
Received=	-0.73834
Feedback: 0.55878
Received=	-0.81529
Feedback: 0.59286
Received=	-1.2105
Feedback: 0.76787
Received=	-1.2664
Feedback: 0.79266
Received=	-1.4966
Feedback: 0.89459
Received=	-1.598
Feedback: 0.9
Received=	-2.0098
Feedback: 0.9
Received=	-1.8054
Feedback: 0.9
Received=	-1.8859
Feedback: 0.9
Received=	-1.1657
Feedback: 0.74807
Received=	-0.88033
Feedback: 0.62167
Received=	-1.2501
Feedback: 0.78542
Received=	-0.93055
Feedback: 0.64391
Received=	-0.83728
Feedback: 0.6026
Received=	-0.63213
Feedback: 0.51174
Received=	-0.71739
Feedback: 0.54951
Received=	-0.53166
Feedback: 0.46725
Received=	-0.91675
Feedback: 0.6378
Received=	-1.1086
Feedback: 0.72275
Received=	-1.2108
Feedback: 0.76802
Received=	-1.0122
Feedback: 0.68007
Received=	-1.0636
Feedback: 0.70281
Received=	-1.4305
Feedback: 0.86532
Received=	-1.6477
Feedback: 0.9
Received=	-1.4862
Feedback: 0.88998
Received=	-1.1536
Feedback: 0.7427
Received=	-1.5204
Feedback: 0.9
Received=	-1.2323
Feedback: 0.77753
Received=	-0.95114
Feedback: 0.65303
Received=	-0.81813
Feedback: 0.59412
Received=	-0.55026
Feedback: 0.47549
Received=	-0.01951
Feedback: 0.24044
Received=	0.032108
Feedback: 0.21758
Received=	-0.23994
Feedback: 0.33806
Received=	-0.32084
Feedback: 0.37388
Received=	-0.61336
Feedback: 0.50343
Received=	-0.74203
Feedback: 0.56042
Received=	-0.83475
Feedback: 0.60148
Calculated range:	[(-2.000000) - (2.000000)]
Success index = (-0.642810)
Received=	-0.5079
=====  8:28:35 - BASE  ============
Feedback: 0.66
Received=	-0.87927
Feedback: 0.66
Received=	-0.3398
Feedback: 0.66
Received=	0.13202
Feedback: 0.66
Received=	-0.10078
Feedback: 0.66
Received=	-0.53752
Feedback: 0.66
Received=	-1.0145
Feedback: 0.66
Received=	-1.3523
Feedback: 0.66
Received=	-1.4814
Feedback: 0.66
Received=	-1.6892
Feedback: 0.66
Received=	-1.6259
Feedback: 0.66
Received=	-1.3318
Feedback: 0.66
Received=	-1.3154
Feedback: 0.66
Received=	-1.0757
Feedback: 0.66
Received=	-1.8893
Feedback: 0.66
Received=	-1.513
Feedback: 0.66
Received=	-0.77321
Feedback: 0.66
Received=	-0.99446
Feedback: 0.66
Received=	-1.2327
Feedback: 0.66
Received=	-1.4438
Feedback: 0.66
Received=	-1.1266
=====  8:29:35 - NF  ============
Feedback: 0.51382
Received=	-0.87544
Feedback: 0.42465
Received=	-0.66654
Feedback: 0.35049
Received=	-0.96359
Feedback: 0.45594
Received=	-1.0113
Feedback: 0.47289
Received=	-1.4392
Feedback: 0.62477
Received=	-1.345
Feedback: 0.59135
Received=	-1.0615
Feedback: 0.49069
Received=	-1.0495
Feedback: 0.48644
Received=	-0.90071
Feedback: 0.43362
Received=	-1.3289
Feedback: 0.58562
Received=	-1.4045
Feedback: 0.61246
Received=	-1.6955
Feedback: 0.71578
Received=	-1.6605
Feedback: 0.70333
Received=	-1.8884
Feedback: 0.78425
Received=	-1.3322
Feedback: 0.58681
Received=	-1.0066
Feedback: 0.4712
Received=	-1.2942
Feedback: 0.5733
Received=	-0.75018
Feedback: 0.38018
Received=	-0.5114
Feedback: 0.29542
Received=	-0.49386
Feedback: 0.28919
Received=	-1.0734
Feedback: 0.49492
Received=	-1.2496
Feedback: 0.55746
Received=	-1.3976
Feedback: 0.61003
Received=	-1.571
Feedback: 0.67157
Received=	-2.2102
Feedback: 0.89847
Received=	-2.5507
Feedback: 0.9
Received=	-2.3092
Feedback: 0.9
Received=	-1.5414
Feedback: 0.66104
Received=	-1.3547
Feedback: 0.59479
Received=	-0.90664
Feedback: 0.43572
Received=	-1.0822
Feedback: 0.49805
Received=	-1.7542
Feedback: 0.73661
Received=	-1.8632
Feedback: 0.77528
Received=	-1.5394
Feedback: 0.66035
Received=	-0.5586
Feedback: 0.31217
Received=	-0.46443
Feedback: 0.27874
Received=	-1.0196
Feedback: 0.47582
Received=	-1.3
Feedback: 0.57537
Received=	-1.4042
Feedback: 0.61237
Received=	-1.433
Feedback: 0.62256
Received=	-1.6218
Feedback: 0.6896
Received=	-1.4823
Feedback: 0.64008
Received=	-1.3871
Feedback: 0.6063
Received=	-1.5989
Feedback: 0.68148
Received=	-1.2366
Feedback: 0.55286
Received=	-0.56614
Feedback: 0.31485
Received=	-0.53632
Feedback: 0.30426
Received=	-1.0238
Feedback: 0.47731
Received=	-1.32
Feedback: 0.58247
Received=	-0.90447
Feedback: 0.43495
Received=	-0.997
Feedback: 0.4678
Received=	-1.4522
Feedback: 0.62938
Received=	-1.1477
Feedback: 0.52128
Received=	-0.86333
Feedback: 0.42035
Received=	-1.3773
Feedback: 0.60281
Received=	-1.5008
Feedback: 0.64663
Received=	-1.1989
Feedback: 0.53948
Received=	-1.1677
Feedback: 0.52839
Received=	-1.386
Feedback: 0.6059
Calculated range:	[(-2.000000) - (2.000000)]
Success index = (-0.356495)
closing...
