Direction=-1.000000	; step=1.000000;
Received=	0
Feedback: 0.66
Received=	0
Feedback: 0.66
Received=	0
Feedback: 0.66
Received=	-0.52858
Feedback: 0.66
Received=	-0.54344
Feedback: 0.66
Received=	-0.27396
Feedback: 0.66
Received=	-0.10761
Feedback: 0.66
Received=	-0.01997
Feedback: 0.66
Received=	-0.1276
Feedback: 0.66
Received=	-0.2895
Feedback: 0.66
Received=	-0.40036
Feedback: 0.66
Received=	-0.25052
Feedback: 0.66
Received=	-0.1874
Feedback: 0.66
Received=	-0.31757
Feedback: 0.66
Received=	-0.51754
Feedback: 0.66
Received=	-0.36716
Feedback: 0.66
Received=	-0.10058
Feedback: 0.66
Received=	-0.017369
Feedback: 0.66
Received=	0.12095
Feedback: 0.66
Received=	0.14658
Feedback: 0.66
Received=	0.27039
=====  12:43:49 - NF  ============
Feedback: 0.1
Received=	0.065397
Feedback: 0.24204
Received=	0.16776
Feedback: 0.14619
Received=	0.12897
Feedback: 0.18251
Received=	-0.38841
Feedback: 0.66697
Received=	-0.29991
Feedback: 0.58411
Received=	0.011445
Feedback: 0.29256
Received=	-0.24901
Feedback: 0.53645
Received=	-0.64029
Feedback: 0.9
Received=	-0.64464
Feedback: 0.9
Received=	-0.34247
Feedback: 0.62396
Received=	-0.1808
Feedback: 0.47257
Received=	-0.1603
Feedback: 0.45337
Received=	-0.19625
Feedback: 0.48704
Received=	-0.31838
Feedback: 0.60139
Received=	-0.40869
Feedback: 0.68596
Received=	-0.44618
Feedback: 0.72106
Received=	-0.21711
Feedback: 0.50657
Received=	0.10589
Feedback: 0.20412
Received=	-0.041536
Feedback: 0.34217
Received=	-0.20378
Feedback: 0.4941
Received=	-0.024615
Feedback: 0.32633
Received=	0.22768
Feedback: 0.1
Received=	0.16769
Feedback: 0.14626
Received=	-0.16478
Feedback: 0.45758
Received=	-0.26105
Feedback: 0.54771
Received=	-0.073492
Feedback: 0.37209
Received=	-0.058602
Feedback: 0.35815
Received=	-0.14108
Feedback: 0.43539
Received=	-0.14695
Feedback: 0.44088
Received=	0.071053
Feedback: 0.23675
Received=	0.14543
Feedback: 0.1671
Received=	0.077076
Feedback: 0.23111
Received=	-0.17559
Feedback: 0.4677
Received=	-0.16853
Feedback: 0.46108
Received=	0.25166
Feedback: 0.1
Received=	0.29635
Feedback: 0.1
Received=	0.12987
Feedback: 0.18167
Received=	-0.074159
Feedback: 0.37272
Received=	-0.17564
Feedback: 0.46774
Received=	-0.13981
Feedback: 0.43419
Received=	-0.036283
Feedback: 0.33725
Received=	-0.11386
Feedback: 0.40989
Received=	0.10619
Feedback: 0.20385
Received=	0.20004
Feedback: 0.11597
Received=	0.13017
Feedback: 0.18139
Received=	-0.11608
Feedback: 0.41197
Received=	0.021801
Feedback: 0.28287
Received=	-0.3383
Feedback: 0.62005
Received=	-0.44857
Feedback: 0.7233
Received=	0.17778
Feedback: 0.13681
Received=	0.12028
Feedback: 0.19065
Received=	-0.33071
Feedback: 0.61295
Received=	-0.36596
Feedback: 0.64595
Received=	-0.35577
Feedback: 0.63641
Received=	-0.17814
Feedback: 0.47008
Received=	0.12639
Feedback: 0.18493
Received=	-0.033295
Feedback: 0.33446
Received=	-0.11964
Feedback: 0.4153
Received=	-0.18195
Feedback: 0.47365
Calculated range:	[(-2.000000) - (2.000000)]
Success index = (0.503230)
Received=	0.033345
=====  12:46:49 - BASE  ============
Feedback: 0.66
Received=	-0.16614
Feedback: 0.66
Received=	-0.14556
Feedback: 0.66
Received=	0.21959
Feedback: 0.66
Received=	0.17771
Feedback: 0.66
Received=	0.027505
Feedback: 0.66
Received=	0.0038353
Feedback: 0.66
Received=	0.16533
Feedback: 0.66
Received=	0.35588
Feedback: 0.66
Received=	0.17275
Feedback: 0.66
Received=	-0.27051
Feedback: 0.66
Received=	0.17845
Feedback: 0.66
Received=	0.21658
Feedback: 0.66
Received=	0.13294
Feedback: 0.66
Received=	0.42191
Feedback: 0.66
Received=	0.19936
Feedback: 0.66
Received=	-0.11101
Feedback: 0.66
Received=	-0.38784
Feedback: 0.66
Received=	-0.45585
Feedback: 0.66
Received=	-0.0019357
Feedback: 0.66
Received=	0.32108
=====  12:47:49 - NF  ============
Feedback: 0.27627
Received=	0.071485
Feedback: 0.48223
Received=	-0.1567
Feedback: 0.67053
Received=	-0.25892
Feedback: 0.75488
Received=	0.25419
Feedback: 0.33146
Received=	-0.13244
Feedback: 0.65051
Received=	-0.23236
Feedback: 0.73296
Received=	0.046363
Feedback: 0.50296
Received=	-0.023989
Feedback: 0.56102
Received=	-0.39368
Feedback: 0.86609
Received=	-0.13452
Feedback: 0.65222
Received=	-0.077058
Feedback: 0.60481
Received=	-0.11778
Feedback: 0.63841
Received=	-0.47922
Feedback: 0.9
Received=	-0.50477
Feedback: 0.9
Received=	-0.44573
Feedback: 0.9
Received=	-0.51499
Feedback: 0.9
Received=	-0.26164
Feedback: 0.75713
Received=	-0.084558
Feedback: 0.611
Received=	-0.45269
Feedback: 0.9
Received=	-0.46799
Feedback: 0.9
Received=	-0.38187
Feedback: 0.85634
Received=	-0.23748
Feedback: 0.73719
Received=	-0.086998
Feedback: 0.61301
Received=	0.11061
Feedback: 0.44995
Received=	0.35879
Feedback: 0.24514
Received=	0.46317
Feedback: 0.15901
Received=	0.33583
Feedback: 0.26409
Received=	-0.11145
Feedback: 0.63319
Received=	-0.25238
Feedback: 0.74949
Received=	-0.098813
Feedback: 0.62276
Received=	0.44059
Feedback: 0.17764
Received=	0.025724
Feedback: 0.51999
Received=	-0.39355
Feedback: 0.86598
Received=	-0.12369
Feedback: 0.64329
Received=	-0.08181
Feedback: 0.60873
Received=	-0.088203
Feedback: 0.61401
Received=	0.001665
Feedback: 0.53985
Received=	-0.054509
Feedback: 0.5862
Received=	-0.19064
Feedback: 0.69854
Received=	-0.0069699
Feedback: 0.54697
Received=	0.037917
Feedback: 0.50993
Received=	-0.11949
Feedback: 0.63982
Received=	0.018092
Feedback: 0.52629
Received=	0.37411
Feedback: 0.2325
Received=	0.5913
Feedback: 0.1
Received=	0.56898
Feedback: 0.1
Received=	0.34647
Feedback: 0.25531
Received=	0.1265
Feedback: 0.43684
Received=	0.072384
Feedback: 0.48149
Received=	0.18633
Feedback: 0.38746
Received=	0.22227
Feedback: 0.35781
Received=	0.2737
Feedback: 0.31536
Received=	0.2613
Feedback: 0.3256
Received=	0.1165
Feedback: 0.44508
Received=	0.054754
Feedback: 0.49604
Received=	0.15727
Feedback: 0.41144
Received=	0.024787
Feedback: 0.52077
Received=	-0.2554
Feedback: 0.75198
Received=	-0.30244
Feedback: 0.7908
Calculated range:	[(-2.000000) - (2.000000)]
Success index = (-0.289062)
Received=	-0.27897
=====  12:50:49 - BASE  ============
Feedback: 0.66
Received=	0.14429
Feedback: 0.66
Received=	0.098192
Feedback: 0.66
Received=	-0.17056
Feedback: 0.66
Received=	-0.10657
Feedback: 0.66
Received=	0.27022
Feedback: 0.66
Received=	0.37932
Feedback: 0.66
Received=	0.31992
Feedback: 0.66
Received=	0.0064281
Feedback: 0.66
Received=	0.0067791
Feedback: 0.66
Received=	0.10478
Feedback: 0.66
Received=	-0.15683
Feedback: 0.66
Received=	0.090629
Feedback: 0.66
Received=	0.11114
Feedback: 0.66
Received=	0.05677
Feedback: 0.66
Received=	-0.38522
Feedback: 0.66
Received=	-0.36554
Feedback: 0.66
Received=	-0.41117
Feedback: 0.66
Received=	-0.030139
Feedback: 0.66
Received=	0.03876
Feedback: 0.66
Received=	0.84441
=====  12:51:49 - NF  ============
Feedback: 0.1
Received=	0.72645
Feedback: 0.1
Received=	0.19605
Feedback: 0.32079
Received=	0.19571
Feedback: 0.32109
Received=	-0.0039018
Feedback: 0.49644
Received=	0.15777
Feedback: 0.35442
Received=	0.43225
Feedback: 0.11329
Received=	0.038734
Feedback: 0.45899
Received=	0.0027419
Feedback: 0.49061
Received=	-0.40979
Feedback: 0.85301
Received=	-0.31037
Feedback: 0.76567
Received=	-0.43471
Feedback: 0.8749
Received=	-0.42606
Feedback: 0.8673
Received=	0.23089
Feedback: 0.29019
Received=	0.37486
Feedback: 0.16371
Received=	-0.046862
Feedback: 0.53418
Received=	-0.32471
Feedback: 0.77826
Received=	-0.28622
Feedback: 0.74445
Received=	-0.093302
Feedback: 0.57498
Received=	-0.14502
Feedback: 0.62041
Received=	-0.32731
Feedback: 0.78055
Received=	-0.41568
Feedback: 0.85818
Received=	-0.062806
Feedback: 0.54819
Received=	0.15221
Feedback: 0.35931
Received=	-0.22038
Feedback: 0.68662
Received=	-0.22073
Feedback: 0.68692
Received=	0.089149
Feedback: 0.4147
Received=	0.43562
Feedback: 0.11033
Received=	0.34145
Feedback: 0.19306
Received=	0.014829
Feedback: 0.47999
Received=	-0.087191
Feedback: 0.56961
Received=	-0.27559
Feedback: 0.73511
Received=	-0.12159
Feedback: 0.59983
Received=	0.3526
Feedback: 0.18326
Received=	0.13944
Feedback: 0.37052
Received=	0.038918
Feedback: 0.45883
Received=	0.069805
Feedback: 0.43169
Received=	-0.028732
Feedback: 0.51826
Received=	-0.16784
Feedback: 0.64046
Received=	-0.050427
Feedback: 0.53731
Received=	-0.1788
Feedback: 0.65009
Received=	-0.24653
Feedback: 0.70959
Received=	-0.042543
Feedback: 0.53039
Received=	-0.0093137
Feedback: 0.5012
Received=	-0.2113
Feedback: 0.67864
Received=	-0.30291
Feedback: 0.75912
Received=	-0.37408
Feedback: 0.82163
Received=	-0.24374
Feedback: 0.70714
Received=	-0.28259
Feedback: 0.74127
Received=	-0.15117
Feedback: 0.62581
Received=	0.04282
Feedback: 0.4554
Received=	0.22705
Feedback: 0.29356
Received=	0.063256
Feedback: 0.43745
Received=	-0.16329
Feedback: 0.63646
Received=	0.25956
Feedback: 0.265
Received=	0.049941
Feedback: 0.44914
Received=	-0.089611
Feedback: 0.57174
Received=	-0.013832
Feedback: 0.50517
Received=	-0.13975
Feedback: 0.61579
Received=	-0.099661
Feedback: 0.58057
Calculated range:	[(-2.000000) - (2.000000)]
Success index = (-0.067798)
Received=	-0.32036
=====  12:54:49 - BASE  ============
Feedback: 0.66
Received=	-0.37689
Feedback: 0.66
Received=	-0.25234
Feedback: 0.66
Received=	0.12452
Feedback: 0.66
Received=	0.19148
Feedback: 0.66
Received=	0.079636
Feedback: 0.66
Received=	0.082787
Feedback: 0.66
Received=	0.19577
Feedback: 0.66
Received=	0.20377
Feedback: 0.66
Received=	-0.0064177
Feedback: 0.66
Received=	-0.042971
Feedback: 0.66
Received=	0.064028
Feedback: 0.66
Received=	-0.0058943
Feedback: 0.66
Received=	-0.3707
Feedback: 0.66
Received=	-0.23766
Feedback: 0.66
Received=	-0.14406
Feedback: 0.66
Received=	-0.03072
Feedback: 0.66
Received=	0.008376
Feedback: 0.66
Received=	0.2809
Feedback: 0.66
Received=	0.049746
Feedback: 0.66
Received=	-0.24483
=====  12:55:49 - NF  ============
Feedback: 0.79493
Received=	-0.35756
Feedback: 0.9
Received=	-0.34062
Feedback: 0.9
Received=	-0.18608
Feedback: 0.72709
Received=	0.090143
Feedback: 0.40811
Received=	-0.024948
Feedback: 0.54102
Received=	-0.065408
Feedback: 0.58774
Received=	-0.055322
Feedback: 0.57609
Received=	-0.44486
Feedback: 0.9
Received=	-0.55374
Feedback: 0.9
Received=	-0.49584
Feedback: 0.9
Received=	-0.37204
Feedback: 0.9
Received=	-0.23643
Feedback: 0.78523
Received=	-0.27229
Feedback: 0.82664
Received=	-0.28428
Feedback: 0.84049
Received=	-0.20219
Feedback: 0.74568
Received=	-0.058845
Feedback: 0.58016
Received=	-0.11139
Feedback: 0.64084
Received=	-0.32974
Feedback: 0.89298
Received=	-0.17369
Feedback: 0.71278
Received=	-0.17481
Feedback: 0.71407
Received=	0.28238
Feedback: 0.18613
Received=	0.11712
Feedback: 0.37696
Received=	-0.14889
Feedback: 0.68414
Received=	-0.23416
Feedback: 0.78261
Received=	-0.29041
Feedback: 0.84756
Received=	-0.24286
Feedback: 0.79265
Received=	-0.16591
Feedback: 0.70379
Received=	-0.30806
Feedback: 0.86794
Received=	-0.11466
Feedback: 0.64461
Received=	-0.022454
Feedback: 0.53813
Received=	-0.11281
Feedback: 0.64248
Received=	-0.072494
Feedback: 0.59592
Received=	0.19037
Feedback: 0.29238
Received=	0.50401
Feedback: 0.1
Received=	0.27727
Feedback: 0.19202
Received=	-0.069094
Feedback: 0.59199
Received=	-0.045603
Feedback: 0.56487
Received=	0.29858
Feedback: 0.16742
Received=	0.27658
Feedback: 0.19282
Received=	0.13241
Feedback: 0.3593
Received=	-0.0036512
Feedback: 0.51642
Received=	0.042315
Feedback: 0.46334
Received=	0.12408
Feedback: 0.36892
Received=	0.020983
Feedback: 0.48798
Received=	0.062533
Feedback: 0.43999
Received=	0.055646
Feedback: 0.44795
Received=	0.51879
Feedback: 0.1
Received=	0.59831
Feedback: 0.1
Received=	0.48784
Feedback: 0.1
Received=	0.0098617
Feedback: 0.50082
Received=	0.26038
Feedback: 0.21153
Received=	0.33161
Feedback: 0.12928
Received=	0.49792
Feedback: 0.1
Received=	0.24111
Feedback: 0.23378
Received=	0.1181
Feedback: 0.37582
Received=	0.089204
Feedback: 0.4092
Received=	0.36087
Feedback: 0.1
Received=	0.25586
Feedback: 0.21675
Received=	0.31198
Feedback: 0.15194
Calculated range:	[(-2.000000) - (2.000000)]
Success index = (-0.059627)
Received=	0.29068
=====  12:58:49 - BASE  ============
Feedback: 0.66
Received=	0.15188
Feedback: 0.66
Received=	-0.014996
Feedback: 0.66
Received=	-0.23953
Feedback: 0.66
Received=	-0.33984
Feedback: 0.66
Received=	-0.00090372
Feedback: 0.66
Received=	-0.14147
Feedback: 0.66
Received=	-0.028611
Feedback: 0.66
Received=	0.042783
Feedback: 0.66
Received=	-0.19287
Feedback: 0.66
Received=	-0.14585
Feedback: 0.66
Received=	0.17979
Feedback: 0.66
Received=	0.37299
Feedback: 0.66
Received=	0.26904
Feedback: 0.66
Received=	-0.17208
Feedback: 0.66
Received=	0.27615
Feedback: 0.66
Received=	0.18377
Feedback: 0.66
Received=	-0.19832
Feedback: 0.66
Received=	0.012005
Feedback: 0.66
Received=	-0.20024
Feedback: 0.66
Received=	-0.37854
=====  12:59:49 - NF  ============
Feedback: 0.85184
Received=	-0.40501
Feedback: 0.87773
Received=	-0.29715
Feedback: 0.77224
Received=	-0.035182
Feedback: 0.51603
Received=	-0.075246
Feedback: 0.55522
Received=	0.21515
Feedback: 0.2712
Received=	0.35868
Feedback: 0.13083
Received=	-0.03222
Feedback: 0.51314
Received=	-0.28189
Feedback: 0.75732
Received=	0.0098672
Feedback: 0.47197
Received=	-0.030821
Feedback: 0.51177
Received=	-0.19899
Feedback: 0.67624
Received=	-0.053068
Feedback: 0.53353
Received=	-0.11563
Feedback: 0.59471
Received=	-0.077167
Feedback: 0.55709
Received=	-0.19513
Feedback: 0.67246
Received=	-0.1199
Feedback: 0.59889
Received=	-0.074487
Feedback: 0.55447
Received=	0.052697
Feedback: 0.43009
Received=	0.087625
Feedback: 0.39593
Received=	0.21978
Feedback: 0.26668
Received=	0.068252
Feedback: 0.41487
Received=	0.16294
Feedback: 0.32227
Received=	0.058368
Feedback: 0.42454
Received=	0.004945
Feedback: 0.47679
Received=	-0.11403
Feedback: 0.59315
Received=	-0.18812
Feedback: 0.66561
Received=	-0.24695
Feedback: 0.72315
Received=	-0.2403
Feedback: 0.71664
Received=	-0.046017
Feedback: 0.52663
Received=	0.054404
Feedback: 0.42842
Received=	-0.024064
Feedback: 0.50516
Received=	0.074593
Feedback: 0.40867
Received=	0.49261
Feedback: 0.1
Received=	0.49836
Feedback: 0.1
Received=	0.51866
Feedback: 0.1
Received=	0.13033
Feedback: 0.35416
Received=	-0.067548
Feedback: 0.54769
Received=	0.2197
Feedback: 0.26676
Received=	0.17951
Feedback: 0.30606
Received=	0.11398
Feedback: 0.37015
Received=	0.33779
Feedback: 0.15126
Received=	0.43677
Feedback: 0.1
Received=	0.45196
Feedback: 0.1
Received=	0.30815
Feedback: 0.18025
Received=	0.10878
Feedback: 0.37523
Received=	0.11802
Feedback: 0.3662
Received=	-0.035694
Feedback: 0.51653
Received=	-0.064005
Feedback: 0.54422
Received=	0.099774
Feedback: 0.38404
Received=	0.083809
Feedback: 0.39966
Received=	-0.064058
Feedback: 0.54427
Received=	-0.13865
Feedback: 0.61723
Received=	-0.10317
Feedback: 0.58253
Received=	0.73853
Feedback: 0.1
Received=	0.66672
Feedback: 0.1
Received=	0.11653
Feedback: 0.36765
Received=	-0.20264
Feedback: 0.67981
Received=	0.22424
Feedback: 0.26231
Received=	0.19067
Feedback: 0.29515
Calculated range:	[(-2.000000) - (2.000000)]
Success index = (0.327109)
closing...
