Direction=-1.000000	; step=1.000000;
Received=	0
Feedback: 0.66
Received=	0
Feedback: 0.66
Received=	0
Feedback: 0.66
Received=	0.24512
Feedback: 0.66
Received=	-0.0069764
Feedback: 0.66
Received=	-0.57647
Feedback: 0.66
Received=	-0.37505
Feedback: 0.66
Received=	-0.13481
Feedback: 0.66
Received=	0.37684
Feedback: 0.66
Received=	0.69696
Feedback: 0.66
Received=	-0.081151
Feedback: 0.66
Received=	-0.49335
Feedback: 0.66
Received=	-0.47796
Feedback: 0.66
Received=	-0.079822
Feedback: 0.66
Received=	-0.0032488
Feedback: 0.66
Received=	-0.16255
Feedback: 0.66
Received=	-0.10364
Feedback: 0.66
Received=	0.034462
Feedback: 0.66
Received=	-0.1805
Feedback: 0.66
Received=	-0.12229
Feedback: 0.66
Received=	-0.20425
=====  11:39:49 - NF  ============
Feedback: 0.58
Received=	-0.10474
Feedback: 0.5158
Received=	-0.36277
Feedback: 0.68227
Received=	-0.72848
Feedback: 0.9
Received=	-0.716
Feedback: 0.9
Received=	-0.78252
Feedback: 0.9
Received=	-0.60681
Feedback: 0.8397
Received=	-0.27124
Feedback: 0.62322
Received=	-0.0031768
Feedback: 0.45028
Received=	-0.25053
Feedback: 0.60986
Received=	-0.59927
Feedback: 0.83484
Received=	-0.64613
Feedback: 0.86508
Received=	-0.77987
Feedback: 0.9
Received=	-0.70598
Feedback: 0.9
Received=	-0.39944
Feedback: 0.70592
Received=	-0.22849
Feedback: 0.59564
Received=	0.0071751
Feedback: 0.4436
Received=	0.12474
Feedback: 0.36776
Received=	0.11578
Feedback: 0.37354
Received=	-0.25959
Feedback: 0.6157
Received=	-0.25677
Feedback: 0.61388
Received=	-0.40387
Feedback: 0.70878
Received=	-0.46761
Feedback: 0.7499
Received=	-0.59534
Feedback: 0.8323
Received=	-0.56615
Feedback: 0.81348
Received=	-0.52432
Feedback: 0.78649
Received=	-0.40639
Feedback: 0.71041
Received=	-0.03017
Feedback: 0.46769
Received=	0.35039
Feedback: 0.22218
Received=	0.20518
Feedback: 0.31586
Received=	-0.046856
Feedback: 0.47846
Received=	-0.30864
Feedback: 0.64735
Received=	-0.51747
Feedback: 0.78207
Received=	-0.3991
Feedback: 0.7057
Received=	-0.39795
Feedback: 0.70496
Received=	-0.45729
Feedback: 0.74325
Received=	-0.38502
Feedback: 0.69662
Received=	-0.56048
Feedback: 0.80982
Received=	-0.52751
Feedback: 0.78854
Received=	-0.70256
Feedback: 0.9
Received=	-0.83849
Feedback: 0.9
Received=	-1.0013
Feedback: 0.9
Received=	-1.1995
Feedback: 0.9
Received=	-0.96388
Feedback: 0.9
Received=	-0.72371
Feedback: 0.9
Received=	-0.525
Feedback: 0.78693
Received=	-0.53927
Feedback: 0.79613
Received=	-0.66717
Feedback: 0.87864
Received=	-0.59816
Feedback: 0.83413
Received=	-0.38541
Feedback: 0.69687
Received=	-0.16509
Feedback: 0.55474
Received=	-0.29613
Feedback: 0.63928
Received=	-0.45494
Feedback: 0.74173
Received=	-0.50661
Feedback: 0.77506
Received=	-0.56852
Feedback: 0.815
Received=	-0.54756
Feedback: 0.80148
Received=	-0.63796
Feedback: 0.8598
Received=	-0.40646
Feedback: 0.71045
Received=	-0.25203
Feedback: 0.61083
Received=	-0.2535
Feedback: 0.61177
Calculated range:	[(-2.173350) - (1.826650)]
Success index = (-1.173350)
Received=	-0.10005
=====  11:42:49 - BASE  ============
Feedback: 0.66
Received=	-0.0065765
Feedback: 0.66
Received=	-0.11741
Feedback: 0.66
Received=	-0.57459
Feedback: 0.66
Received=	-0.98037
Feedback: 0.66
Received=	-0.94424
Feedback: 0.66
Received=	-0.88775
Feedback: 0.66
Received=	-0.76032
Feedback: 0.66
Received=	-0.80338
Feedback: 0.66
Received=	-0.81902
Feedback: 0.66
Received=	-0.55741
Feedback: 0.66
Received=	-0.59891
Feedback: 0.66
Received=	-0.29919
Feedback: 0.66
Received=	-0.051458
Feedback: 0.66
Received=	-0.051723
Feedback: 0.66
Received=	-0.18176
Feedback: 0.66
Received=	-0.03575
Feedback: 0.66
Received=	-0.27258
Feedback: 0.66
Received=	0.063101
Feedback: 0.66
Received=	0.023356
Feedback: 0.66
Received=	0.15793
=====  11:43:49 - NF  ============
Feedback: 0.14467
Received=	0.37408
Feedback: 0.1
Received=	0.064881
Feedback: 0.1949
Received=	-0.34385
Feedback: 0.41554
Received=	-0.44945
Feedback: 0.47255
Received=	-0.61259
Feedback: 0.56061
Received=	-0.32068
Feedback: 0.40303
Received=	-0.039917
Feedback: 0.25147
Received=	0.018982
Feedback: 0.21968
Received=	-0.01806
Feedback: 0.23967
Received=	0.050111
Feedback: 0.20287
Received=	0.02191
Feedback: 0.2181
Received=	0.081121
Feedback: 0.18613
Received=	-0.019681
Feedback: 0.24055
Received=	-0.11322
Feedback: 0.29104
Received=	-0.37434
Feedback: 0.432
Received=	-0.27717
Feedback: 0.37955
Received=	0.11823
Feedback: 0.1661
Received=	0.040094
Feedback: 0.20828
Received=	0.032535
Feedback: 0.21236
Received=	0.094741
Feedback: 0.17878
Received=	0.028855
Feedback: 0.21435
Received=	0.042487
Feedback: 0.20699
Received=	-0.17637
Feedback: 0.32513
Received=	-0.23229
Feedback: 0.35532
Received=	-0.3907
Feedback: 0.44083
Received=	-0.28631
Feedback: 0.38448
Received=	-0.31222
Feedback: 0.39847
Received=	-0.48875
Feedback: 0.49377
Received=	-0.37134
Feedback: 0.43038
Received=	-0.1854
Feedback: 0.33001
Received=	-0.011841
Feedback: 0.23632
Received=	-0.093315
Feedback: 0.2803
Received=	-0.13068
Feedback: 0.30047
Received=	0.007908
Feedback: 0.22566
Received=	-0.11921
Feedback: 0.29428
Received=	-0.2437
Feedback: 0.36148
Received=	-0.36607
Feedback: 0.42754
Received=	-0.32674
Feedback: 0.40631
Received=	-0.27574
Feedback: 0.37877
Received=	-0.32333
Feedback: 0.40447
Received=	-0.42528
Feedback: 0.4595
Received=	-0.45863
Feedback: 0.4775
Received=	-0.61754
Feedback: 0.56329
Received=	-0.3141
Feedback: 0.39949
Received=	-0.21055
Feedback: 0.34358
Received=	-0.13543
Feedback: 0.30303
Received=	-0.20195
Feedback: 0.33894
Received=	-0.37497
Feedback: 0.43234
Received=	-0.60115
Feedback: 0.55444
Received=	-0.63397
Feedback: 0.57215
Received=	-0.52595
Feedback: 0.51385
Received=	-0.23524
Feedback: 0.35691
Received=	0.053261
Feedback: 0.20117
Received=	-0.0043319
Feedback: 0.23226
Received=	-0.054516
Feedback: 0.25935
Received=	0.046424
Feedback: 0.20486
Received=	-0.026249
Feedback: 0.24409
Received=	0.06258
Feedback: 0.19614
Received=	-0.11878
Feedback: 0.29405
Calculated range:	[(-2.000000) - (2.000000)]
Success index = (1.008577)
Received=	-0.24498
=====  11:46:49 - BASE  ============
Feedback: 0.66
Received=	-0.028308
Feedback: 0.66
Received=	-0.16247
Feedback: 0.66
Received=	0.01696
Feedback: 0.66
Received=	0.040328
Feedback: 0.66
Received=	-0.059489
Feedback: 0.66
Received=	0.12819
Feedback: 0.66
Received=	-0.028862
Feedback: 0.66
Received=	-0.2753
Feedback: 0.66
Received=	-0.32255
Feedback: 0.66
Received=	-0.36373
Feedback: 0.66
Received=	-0.44248
Feedback: 0.66
Received=	-0.33204
Feedback: 0.66
Received=	-0.27795
Feedback: 0.66
Received=	-0.23835
Feedback: 0.66
Received=	-0.36587
Feedback: 0.66
Received=	-0.39628
Feedback: 0.66
Received=	-0.26425
Feedback: 0.66
Received=	-0.008321
Feedback: 0.66
Received=	-0.36995
Feedback: 0.66
Received=	-0.61813
=====  11:47:49 - NF  ============
Feedback: 0.9
Received=	-0.45873
Feedback: 0.78558
Received=	-0.35924
Feedback: 0.6728
Received=	-0.68331
Feedback: 0.9
Received=	-0.60514
Feedback: 0.9
Received=	-0.70182
Feedback: 0.9
Received=	-0.48538
Feedback: 0.81578
Received=	0.011289
Feedback: 0.25278
Received=	0.25454
Feedback: 0.1
Received=	0.15652
Feedback: 0.1
Received=	0.15687
Feedback: 0.1
Received=	-0.078368
Feedback: 0.35442
Received=	-0.14581
Feedback: 0.43087
Received=	-0.28318
Feedback: 0.58658
Received=	-0.265
Feedback: 0.56598
Received=	-0.43025
Feedback: 0.7533
Received=	-0.62532
Feedback: 0.9
Received=	-0.37327
Feedback: 0.6887
Received=	-0.13784
Feedback: 0.42183
Received=	0.0215
Feedback: 0.24121
Received=	0.071001
Feedback: 0.1851
Received=	-0.0006719
Feedback: 0.26634
Received=	-0.048507
Feedback: 0.32057
Received=	-0.088767
Feedback: 0.3662
Received=	-0.04233
Feedback: 0.31356
Received=	-0.076226
Feedback: 0.35199
Received=	0.098362
Feedback: 0.15408
Received=	0.024764
Feedback: 0.23751
Received=	-0.12489
Feedback: 0.40715
Received=	-0.034662
Feedback: 0.30487
Received=	0.159
Feedback: 0.1
Received=	0.15272
Feedback: 0.1
Received=	0.0056146
Feedback: 0.25922
Received=	-0.0068986
Feedback: 0.2734
Received=	-0.14363
Feedback: 0.42839
Received=	-0.24283
Feedback: 0.54085
Received=	-0.21766
Feedback: 0.51231
Received=	0.25513
Feedback: 0.1
Received=	0.16166
Feedback: 0.1
Received=	-0.262
Feedback: 0.56257
Received=	-0.39178
Feedback: 0.70969
Received=	-0.25126
Feedback: 0.55039
Received=	-0.23776
Feedback: 0.5351
Received=	-0.16591
Feedback: 0.45364
Received=	-0.39653
Feedback: 0.71506
Received=	-0.69616
Feedback: 0.9
Received=	-0.41605
Feedback: 0.73719
Received=	-0.16156
Feedback: 0.44872
Received=	-0.30606
Feedback: 0.61251
Received=	-0.19204
Feedback: 0.48326
Received=	-0.34245
Feedback: 0.65376
Received=	-0.72734
Feedback: 0.9
Received=	-0.65592
Feedback: 0.9
Received=	-0.48261
Feedback: 0.81265
Received=	-0.35318
Feedback: 0.66592
Received=	-0.4273
Feedback: 0.74995
Received=	-0.45488
Feedback: 0.78121
Received=	-0.52427
Feedback: 0.85987
Received=	-0.59082
Feedback: 0.9
Received=	-0.7016
Feedback: 0.9
Calculated range:	[(-2.000000) - (2.000000)]
Success index = (-0.137996)
Received=	-0.59418
=====  11:50:49 - BASE  ============
Feedback: 0.66
Received=	-0.4003
Feedback: 0.66
Received=	-0.31383
Feedback: 0.66
Received=	-0.0030552
Feedback: 0.66
Received=	0.044081
Feedback: 0.66
Received=	-0.23715
Feedback: 0.66
Received=	-0.18555
Feedback: 0.66
Received=	-0.29891
Feedback: 0.66
Received=	-0.19795
Feedback: 0.66
Received=	-0.17801
Feedback: 0.66
Received=	-0.076933
Feedback: 0.66
Received=	-0.19645
Feedback: 0.66
Received=	0.019694
Feedback: 0.66
Received=	0.17252
Feedback: 0.66
Received=	0.16124
Feedback: 0.66
Received=	-0.2485
Feedback: 0.66
Received=	-0.31535
Feedback: 0.66
Received=	-0.5413
Feedback: 0.66
Received=	-0.82942
Feedback: 0.66
Received=	-0.86845
Feedback: 0.66
Received=	-0.78708
=====  11:51:49 - NF  ============
Feedback: 0.88764
Received=	-0.55647
Feedback: 0.72792
Received=	-0.39898
Feedback: 0.61883
Received=	-0.62689
Feedback: 0.77669
Received=	-0.67678
Feedback: 0.81124
Received=	-0.61468
Feedback: 0.76824
Received=	-0.31776
Feedback: 0.56258
Received=	-0.36311
Feedback: 0.59399
Received=	-0.35778
Feedback: 0.5903
Received=	-0.43712
Feedback: 0.64525
Received=	-0.37144
Feedback: 0.59976
Received=	-0.12687
Feedback: 0.43037
Received=	-0.015052
Feedback: 0.35292
Received=	-0.053479
Feedback: 0.37953
Received=	-0.29557
Feedback: 0.54721
Received=	-0.16895
Feedback: 0.45951
Received=	-0.41322
Feedback: 0.6287
Received=	-0.38296
Feedback: 0.60774
Received=	-0.59624
Feedback: 0.75546
Received=	-0.38352
Feedback: 0.60813
Received=	0.15433
Feedback: 0.2356
Received=	0.014557
Feedback: 0.33241
Received=	-0.36939
Feedback: 0.59834
Received=	-0.63711
Feedback: 0.78376
Received=	-0.60481
Feedback: 0.7614
Received=	-0.34283
Feedback: 0.57994
Received=	-0.14475
Feedback: 0.44275
Received=	-0.1632
Feedback: 0.45553
Received=	-0.083583
Feedback: 0.40038
Received=	0.05628
Feedback: 0.30351
Received=	0.064858
Feedback: 0.29757
Received=	0.25374
Feedback: 0.16675
Received=	0.073207
Feedback: 0.29179
Received=	-0.087502
Feedback: 0.4031
Received=	-0.31287
Feedback: 0.55919
Received=	-0.47473
Feedback: 0.6713
Received=	-0.34291
Feedback: 0.58
Received=	-0.20656
Feedback: 0.48556
Received=	-0.25867
Feedback: 0.52165
Received=	-0.24835
Feedback: 0.51451
Received=	-0.25812
Feedback: 0.52127
Received=	-0.40538
Feedback: 0.62327
Received=	-0.26085
Feedback: 0.52316
Received=	-0.074664
Feedback: 0.39421
Received=	-0.11357
Feedback: 0.42115
Received=	-0.25556
Feedback: 0.5195
Received=	-0.25008
Feedback: 0.51571
Received=	-0.050212
Feedback: 0.37727
Received=	0.044894
Feedback: 0.3114
Received=	-0.30605
Feedback: 0.55447
Received=	-0.23403
Feedback: 0.50458
Received=	0.028348
Feedback: 0.32286
Received=	-0.35337
Feedback: 0.58724
Received=	-0.30505
Feedback: 0.55378
Received=	-0.102
Feedback: 0.41314
Received=	0.22693
Feedback: 0.18532
Received=	-0.093021
Feedback: 0.40692
Received=	-0.4386
Feedback: 0.64628
Received=	-0.019501
Feedback: 0.356
Received=	0.15529
Feedback: 0.23494
Calculated range:	[(-2.000000) - (2.000000)]
Success index = (-0.068832)
Received=	-0.19521
=====  11:54:49 - BASE  ============
Feedback: 0.66
Received=	-0.3253
Feedback: 0.66
Received=	-0.27957
Feedback: 0.66
Received=	0.02881
Feedback: 0.66
Received=	0.17316
Feedback: 0.66
Received=	-0.13338
Feedback: 0.66
Received=	-0.21942
Feedback: 0.66
Received=	-0.13907
Feedback: 0.66
Received=	-0.1939
Feedback: 0.66
Received=	-0.11044
Feedback: 0.66
Received=	-0.13531
Feedback: 0.66
Received=	-0.33646
Feedback: 0.66
Received=	-0.36267
Feedback: 0.66
Received=	-0.59085
Feedback: 0.66
Received=	-0.64134
Feedback: 0.66
Received=	-0.43661
Feedback: 0.66
Received=	-0.36517
Feedback: 0.66
Received=	-0.39576
Feedback: 0.66
Received=	-0.38506
Feedback: 0.66
Received=	-0.055118
Feedback: 0.66
Received=	0.1434
=====  11:55:49 - NF  ============
Feedback: 0.11743
Received=	-0.039843
Feedback: 0.29368
Received=	-0.24585
Feedback: 0.49183
Received=	-0.40674
Feedback: 0.64658
Received=	-0.35554
Feedback: 0.59734
Received=	-0.23422
Feedback: 0.48065
Received=	-0.15982
Feedback: 0.40909
Received=	-0.21209
Feedback: 0.45936
Received=	0.11792
Feedback: 0.14194
Received=	0.24039
Feedback: 0.1
Received=	0.17519
Feedback: 0.1
Received=	0.025203
Feedback: 0.23112
Received=	0.064619
Feedback: 0.1932
Received=	-0.014681
Feedback: 0.26948
Received=	-0.24908
Feedback: 0.49493
Received=	-0.43841
Feedback: 0.67705
Received=	-0.49024
Feedback: 0.7269
Received=	-0.23662
Feedback: 0.48296
Received=	-0.28633
Feedback: 0.53076
Received=	-0.20261
Feedback: 0.45024
Received=	-0.13772
Feedback: 0.38783
Received=	-0.6091
Feedback: 0.84122
Received=	-0.63399
Feedback: 0.86517
Received=	-0.34099
Feedback: 0.58334
Received=	0.13757
Feedback: 0.12304
Received=	0.28509
Feedback: 0.1
Received=	-0.074325
Feedback: 0.32685
Received=	-0.27431
Feedback: 0.51921
Received=	-0.45118
Feedback: 0.68933
Received=	-0.23439
Feedback: 0.48081
Received=	-0.17577
Feedback: 0.42442
Received=	-0.25048
Feedback: 0.49629
Received=	-0.35404
Feedback: 0.5959
Received=	-0.51904
Feedback: 0.7546
Received=	-0.55241
Feedback: 0.7867
Received=	-0.47748
Feedback: 0.71462
Received=	-0.55062
Feedback: 0.78498
Received=	-0.41862
Feedback: 0.65801
Received=	-0.30287
Feedback: 0.54667
Received=	-0.38684
Feedback: 0.62744
Received=	-0.44703
Feedback: 0.68534
Received=	-0.60601
Feedback: 0.83825
Received=	-0.56552
Feedback: 0.79931
Received=	-0.24431
Feedback: 0.49035
Received=	-0.43752
Feedback: 0.67619
Received=	-0.63484
Feedback: 0.86598
Received=	-0.74836
Feedback: 0.9
Received=	-0.6125
Feedback: 0.8445
Received=	-0.5246
Feedback: 0.75994
Received=	-0.35437
Feedback: 0.59621
Received=	-0.42454
Feedback: 0.6637
Received=	-0.38405
Feedback: 0.62476
Received=	-0.42383
Feedback: 0.66302
Received=	-0.54392
Feedback: 0.77853
Received=	-0.37476
Feedback: 0.61583
Received=	-0.28522
Feedback: 0.5297
Received=	-0.061407
Feedback: 0.31442
Received=	-0.16523
Feedback: 0.41428
Received=	-0.22799
Feedback: 0.47465
Received=	-0.20599
Feedback: 0.45349
Calculated range:	[(-2.000000) - (2.000000)]
Success index = (-0.154054)
closing...
