Direction=-1.000000	; step=1.000000;
Received=	0
Feedback: 0.66
Received=	0
Feedback: 0.66
Received=	0
Feedback: 0.66
Received=	0.14584
Feedback: 0.66
Received=	0.04496
Feedback: 0.66
Received=	-0.017482
Feedback: 0.66
Received=	-0.050782
Feedback: 0.66
Received=	-0.11447
Feedback: 0.66
Received=	-0.13858
Feedback: 0.66
Received=	0.10501
Feedback: 0.66
Received=	0.19272
Feedback: 0.66
Received=	-0.042899
Feedback: 0.66
Received=	0.0039104
Feedback: 0.66
Received=	0.2253
Feedback: 0.66
Received=	0.37983
Feedback: 0.66
Received=	0.18838
Feedback: 0.66
Received=	-0.095621
Feedback: 0.66
Received=	-0.24098
Feedback: 0.66
Received=	-0.1808
Feedback: 0.66
Received=	-0.12457
Feedback: 0.66
Received=	-0.36196
=====  12:50:59 - NF  ============
Feedback: 0.9
Received=	-0.63297
Feedback: 0.9
Received=	-0.25125
Feedback: 0.82793
Received=	-0.10452
Feedback: 0.64757
Received=	0.056753
Feedback: 0.44935
Received=	0.092292
Feedback: 0.40566
Received=	-0.015936
Feedback: 0.53869
Received=	-0.13538
Feedback: 0.6855
Received=	0.0040966
Feedback: 0.51407
Received=	-0.11645
Feedback: 0.66224
Received=	-0.03727
Feedback: 0.56492
Received=	-0.035703
Feedback: 0.56299
Received=	0.0026863
Feedback: 0.5158
Received=	-0.033791
Feedback: 0.56064
Received=	0.076621
Feedback: 0.42493
Received=	0.045516
Feedback: 0.46316
Received=	0.15188
Feedback: 0.33242
Received=	0.29118
Feedback: 0.1612
Received=	0.20331
Feedback: 0.2692
Received=	0.12628
Feedback: 0.36388
Received=	0.16308
Feedback: 0.31865
Received=	0.018804
Feedback: 0.49599
Received=	0.076037
Feedback: 0.42564
Received=	0.15944
Feedback: 0.32313
Received=	0.23932
Feedback: 0.22495
Received=	0.080981
Feedback: 0.41957
Received=	-0.037598
Feedback: 0.56532
Received=	0.00072663
Feedback: 0.51821
Received=	0.13414
Feedback: 0.35423
Received=	0.044409
Feedback: 0.46452
Received=	0.18719
Feedback: 0.28902
Received=	0.09765
Feedback: 0.39908
Received=	0.0018267
Feedback: 0.51686
Received=	0.08531
Feedback: 0.41425
Received=	0.23692
Feedback: 0.2279
Received=	0.22456
Feedback: 0.24309
Received=	0.024666
Feedback: 0.48879
Received=	-0.099163
Feedback: 0.64099
Received=	-0.019656
Feedback: 0.54326
Received=	0.038999
Feedback: 0.47117
Received=	0.1177
Feedback: 0.37443
Received=	0.36456
Feedback: 0.1
Received=	0.27786
Feedback: 0.17757
Received=	0.023945
Feedback: 0.48967
Received=	0.02577
Feedback: 0.48743
Received=	-0.065792
Feedback: 0.59997
Received=	-0.35086
Feedback: 0.9
Received=	-0.22506
Feedback: 0.79574
Received=	-0.38124
Feedback: 0.9
Received=	-0.41116
Feedback: 0.9
Received=	0.034328
Feedback: 0.47691
Received=	0.21703
Feedback: 0.25234
Received=	0.10881
Feedback: 0.38536
Received=	0.058231
Feedback: 0.44753
Received=	0.19929
Feedback: 0.27415
Received=	0.34182
Feedback: 0.1
Received=	-0.11152
Feedback: 0.65618
Received=	-0.071871
Feedback: 0.60744
Received=	-0.050222
Feedback: 0.58083
Received=	0.0073612
Feedback: 0.51006
Calculated range:	[(-2.000000) - (2.000000)]
Success index = (0.014608)
Received=	-0.05506
=====  12:53:59 - BASE  ============
Feedback: 0.66
Received=	0.222
Feedback: 0.66
Received=	0.2321
Feedback: 0.66
Received=	0.2353
Feedback: 0.66
Received=	-0.10013
Feedback: 0.66
Received=	-0.084763
Feedback: 0.66
Received=	0.24691
Feedback: 0.66
Received=	0.25756
Feedback: 0.66
Received=	0.24526
Feedback: 0.66
Received=	0.073265
Feedback: 0.66
Received=	-0.26893
Feedback: 0.66
Received=	-0.2497
Feedback: 0.66
Received=	-0.094204
Feedback: 0.66
Received=	-0.072059
Feedback: 0.66
Received=	-0.078595
Feedback: 0.66
Received=	-0.081593
Feedback: 0.66
Received=	-0.11765
Feedback: 0.66
Received=	-0.05832
Feedback: 0.66
Received=	-0.0056483
Feedback: 0.66
Received=	-0.20648
Feedback: 0.66
Received=	-0.24511
=====  12:54:59 - NF  ============
Feedback: 0.76713
Received=	0.2693
Feedback: 0.1898
Received=	0.54781
Feedback: 0.1
Received=	0.33942
Feedback: 0.1111
Received=	0.010471
Feedback: 0.48029
Received=	-0.13468
Feedback: 0.6432
Received=	-0.19424
Feedback: 0.71004
Received=	-0.48225
Feedback: 0.9
Received=	-0.33582
Feedback: 0.86894
Received=	-0.25939
Feedback: 0.78316
Received=	0.065774
Feedback: 0.41822
Received=	0.10854
Feedback: 0.37022
Received=	0.14314
Feedback: 0.3314
Received=	0.18694
Feedback: 0.28223
Received=	0.10798
Feedback: 0.37085
Received=	0.016083
Feedback: 0.47399
Received=	-0.30934
Feedback: 0.83922
Received=	-0.31534
Feedback: 0.84595
Received=	-0.26479
Feedback: 0.78922
Received=	-0.11743
Feedback: 0.62383
Received=	-0.1299
Feedback: 0.63783
Received=	-0.46084
Feedback: 0.9
Received=	-0.58213
Feedback: 0.9
Received=	-0.56234
Feedback: 0.9
Received=	-0.14381
Feedback: 0.65344
Received=	0.10942
Feedback: 0.36923
Received=	0.14896
Feedback: 0.32485
Received=	0.038157
Feedback: 0.44922
Received=	-0.011789
Feedback: 0.50527
Received=	0.13324
Feedback: 0.3425
Received=	0.18556
Feedback: 0.28378
Received=	0.13079
Feedback: 0.34525
Received=	-0.030216
Feedback: 0.52595
Received=	0.16376
Feedback: 0.30825
Received=	0.055977
Feedback: 0.42922
Received=	0.073608
Feedback: 0.40943
Received=	-0.092876
Feedback: 0.59628
Received=	-0.047369
Feedback: 0.5452
Received=	0.068036
Feedback: 0.41568
Received=	-0.10767
Feedback: 0.61288
Received=	-0.10947
Feedback: 0.61491
Received=	0.086068
Feedback: 0.39544
Received=	-0.01187
Feedback: 0.50536
Received=	0.010704
Feedback: 0.48003
Received=	-0.15464
Feedback: 0.66559
Received=	-0.20145
Feedback: 0.71813
Received=	-0.070047
Feedback: 0.57066
Received=	0.083714
Feedback: 0.39809
Received=	0.10521
Feedback: 0.37396
Received=	0.021866
Feedback: 0.4675
Received=	-0.22094
Feedback: 0.74001
Received=	-0.30954
Feedback: 0.83944
Received=	-0.23421
Feedback: 0.7549
Received=	-0.1731
Feedback: 0.68631
Received=	-0.15508
Feedback: 0.6661
Received=	-0.088393
Feedback: 0.59124
Received=	0.22097
Feedback: 0.24404
Received=	0.43856
Feedback: 0.1
Received=	0.32337
Feedback: 0.12911
Received=	0.036818
Feedback: 0.45072
Calculated range:	[(-2.000000) - (2.000000)]
Success index = (-0.146063)
Received=	-0.15482
=====  12:57:59 - BASE  ============
Feedback: 0.66
Received=	-0.027454
Feedback: 0.66
Received=	-0.26678
Feedback: 0.66
Received=	-0.52563
Feedback: 0.66
Received=	-0.46856
Feedback: 0.66
Received=	-0.64497
Feedback: 0.66
Received=	-0.54915
Feedback: 0.66
Received=	-0.53688
Feedback: 0.66
Received=	-0.22213
Feedback: 0.66
Received=	-0.00070299
Feedback: 0.66
Received=	-0.20482
Feedback: 0.66
Received=	-0.52656
Feedback: 0.66
Received=	-0.43681
Feedback: 0.66
Received=	-0.25958
Feedback: 0.66
Received=	-0.20545
Feedback: 0.66
Received=	-0.014334
Feedback: 0.66
Received=	-0.11611
Feedback: 0.66
Received=	0.032883
Feedback: 0.66
Received=	0.12006
Feedback: 0.66
Received=	0.15595
Feedback: 0.66
Received=	0.1362
=====  12:58:59 - NF  ============
Feedback: 0.18664
Received=	0.24227
Feedback: 0.10262
Received=	0.018365
Feedback: 0.27997
Received=	-0.25785
Feedback: 0.49875
Received=	-0.26207
Feedback: 0.5021
Received=	-0.21913
Feedback: 0.46809
Received=	-0.21292
Feedback: 0.46317
Received=	-0.28251
Feedback: 0.51829
Received=	-0.66914
Feedback: 0.82453
Received=	-0.65923
Feedback: 0.81668
Received=	-0.3585
Feedback: 0.57848
Received=	-0.22596
Feedback: 0.4735
Received=	-0.024234
Feedback: 0.31371
Received=	0.068318
Feedback: 0.24041
Received=	-0.15504
Feedback: 0.41732
Received=	-0.012286
Feedback: 0.30425
Received=	-0.23558
Feedback: 0.48112
Received=	-0.31931
Feedback: 0.54744
Received=	-0.28344
Feedback: 0.51903
Received=	-0.064211
Feedback: 0.34538
Received=	0.018755
Feedback: 0.27966
Received=	-0.07695
Feedback: 0.35547
Received=	-0.14365
Feedback: 0.4083
Received=	0.02275
Feedback: 0.2765
Received=	-0.27808
Feedback: 0.51478
Received=	-0.41729
Feedback: 0.62504
Received=	-0.21642
Feedback: 0.46594
Received=	-0.19802
Feedback: 0.45137
Received=	-0.6272
Feedback: 0.79131
Received=	-0.56743
Feedback: 0.74397
Received=	-0.2263
Feedback: 0.47376
Received=	0.00092452
Feedback: 0.29379
Received=	-0.19553
Feedback: 0.44939
Received=	0.044442
Feedback: 0.25932
Received=	0.30731
Feedback: 0.1
Received=	0.063998
Feedback: 0.24383
Received=	-0.27531
Feedback: 0.51259
Received=	-0.49738
Feedback: 0.68848
Received=	-0.63719
Feedback: 0.79922
Received=	-0.73399
Feedback: 0.87589
Received=	-0.6986
Feedback: 0.84786
Received=	-0.4659
Feedback: 0.66355
Received=	-0.46727
Feedback: 0.66463
Received=	-0.41388
Feedback: 0.62235
Received=	-0.18715
Feedback: 0.44276
Received=	0.20234
Feedback: 0.13425
Received=	0.42199
Feedback: 0.1
Received=	0.061175
Feedback: 0.24606
Received=	0.018403
Feedback: 0.27994
Received=	0.050928
Feedback: 0.25418
Received=	0.07172
Feedback: 0.23771
Received=	-0.0025348
Feedback: 0.29653
Received=	0.014723
Feedback: 0.28286
Received=	0.1045
Feedback: 0.21174
Received=	0.17704
Feedback: 0.15429
Received=	0.16239
Feedback: 0.16589
Received=	0.092545
Feedback: 0.22122
Received=	0.054374
Feedback: 0.25145
Received=	0.074993
Feedback: 0.23512
Received=	-0.028746
Feedback: 0.31729
Calculated range:	[(-2.000000) - (2.000000)]
Success index = (0.400898)
Received=	-0.30511
=====  13:1:59 - BASE  ============
Feedback: 0.66
Received=	-0.15397
Feedback: 0.66
Received=	0.084799
Feedback: 0.66
Received=	0.055094
Feedback: 0.66
Received=	0.20953
Feedback: 0.66
Received=	-0.050579
Feedback: 0.66
Received=	-0.25967
Feedback: 0.66
Received=	-0.0091002
Feedback: 0.66
Received=	-0.069911
Feedback: 0.66
Received=	0.053892
Feedback: 0.66
Received=	0.10246
Feedback: 0.66
Received=	-0.22816
Feedback: 0.66
Received=	-0.053307
Feedback: 0.66
Received=	0.1209
Feedback: 0.66
Received=	0.043129
Feedback: 0.66
Received=	-0.028069
Feedback: 0.66
Received=	0.014513
Feedback: 0.66
Received=	-0.068001
Feedback: 0.66
Received=	-0.095
Feedback: 0.66
Received=	0.0052261
Feedback: 0.66
Received=	-0.0041255
=====  13:2:59 - NF  ============
Feedback: 0.49057
Received=	0.2205
Feedback: 0.10171
Received=	0.41495
Feedback: 0.1
Received=	0.22329
Feedback: 0.1
Received=	0.15032
Feedback: 0.22321
Received=	0.14869
Feedback: 0.22602
Received=	0.12521
Feedback: 0.26668
Received=	-0.086047
Feedback: 0.6324
Received=	-0.18174
Feedback: 0.79806
Received=	0.01992
Feedback: 0.44895
Received=	-0.049259
Feedback: 0.56871
Received=	-0.0024773
Feedback: 0.48772
Received=	0.10249
Feedback: 0.30601
Received=	0.019891
Feedback: 0.449
Received=	-0.047043
Feedback: 0.56487
Received=	0.083608
Feedback: 0.33869
Received=	0.0068764
Feedback: 0.47153
Received=	0.00011518
Feedback: 0.48323
Received=	-0.074982
Feedback: 0.61324
Received=	-0.19898
Feedback: 0.82791
Received=	-0.066452
Feedback: 0.59847
Received=	0.12938
Feedback: 0.25946
Received=	-0.27172
Feedback: 0.9
Received=	-0.48482
Feedback: 0.9
Received=	-0.35274
Feedback: 0.9
Received=	-0.044766
Feedback: 0.56093
Received=	-0.34736
Feedback: 0.9
Received=	-0.4487
Feedback: 0.9
Received=	-0.14891
Feedback: 0.74122
Received=	-0.16587
Feedback: 0.77059
Received=	-0.35152
Feedback: 0.9
Received=	-0.26657
Feedback: 0.9
Received=	0.013405
Feedback: 0.46023
Received=	-0.036476
Feedback: 0.54658
Received=	-0.22578
Feedback: 0.8743
Received=	-0.43072
Feedback: 0.9
Received=	-0.60931
Feedback: 0.9
Received=	-0.47574
Feedback: 0.9
Received=	-0.41361
Feedback: 0.9
Received=	-0.2531
Feedback: 0.9
Received=	-0.14662
Feedback: 0.73726
Received=	-0.1202
Feedback: 0.69152
Received=	-0.14477
Feedback: 0.73406
Received=	-0.15302
Feedback: 0.74833
Received=	-0.0071285
Feedback: 0.49577
Received=	-0.28199
Feedback: 0.9
Received=	-0.44683
Feedback: 0.9
Received=	-0.43204
Feedback: 0.9
Received=	-0.82181
Feedback: 0.9
Received=	-0.86239
Feedback: 0.9
Received=	-0.43839
Feedback: 0.9
Received=	-0.081974
Feedback: 0.62534
Received=	0.092359
Feedback: 0.32354
Received=	0.10138
Feedback: 0.30793
Received=	0.21709
Feedback: 0.1076
Received=	-0.33298
Feedback: 0.9
Received=	-0.47766
Feedback: 0.9
Received=	-0.23969
Feedback: 0.89838
Received=	-0.25889
Feedback: 0.9
Received=	-0.37006
Feedback: 0.9
Calculated range:	[(-2.000000) - (2.000000)]
Success index = (-0.674397)
Received=	-0.32398
=====  13:5:59 - BASE  ============
Feedback: 0.66
Received=	-0.10088
Feedback: 0.66
Received=	0.040715
Feedback: 0.66
Received=	0.20616
Feedback: 0.66
Received=	0.0866
Feedback: 0.66
Received=	0.04496
Feedback: 0.66
Received=	0.0055813
Feedback: 0.66
Received=	-0.19858
Feedback: 0.66
Received=	-0.17034
Feedback: 0.66
Received=	-0.13908
Feedback: 0.66
Received=	-0.14437
Feedback: 0.66
Received=	-0.23009
Feedback: 0.66
Received=	-0.1713
Feedback: 0.66
Received=	-0.34193
Feedback: 0.66
Received=	-0.25107
Feedback: 0.66
Received=	-0.021937
Feedback: 0.66
Received=	-0.007764
Feedback: 0.66
Received=	-0.1125
Feedback: 0.66
Received=	-0.20704
Feedback: 0.66
Received=	-0.10675
Feedback: 0.66
Received=	-0.16553
=====  13:6:59 - NF  ============
Feedback: 0.60086
Received=	-0.02022
Feedback: 0.39162
Received=	0.02715
Feedback: 0.3234
Received=	-0.14824
Feedback: 0.57597
Received=	-0.26445
Feedback: 0.74331
Received=	-0.3606
Feedback: 0.88178
Received=	-0.42193
Feedback: 0.9
Received=	-0.39263
Feedback: 0.9
Received=	-0.13647
Feedback: 0.55902
Received=	0.01283
Feedback: 0.34403
Received=	-0.15983
Feedback: 0.59266
Received=	-0.094118
Feedback: 0.49803
Received=	-0.03412
Feedback: 0.41163
Received=	-0.024851
Feedback: 0.39829
Received=	0.12595
Feedback: 0.18113
Received=	0.33873
Feedback: 0.1
Received=	0.17447
Feedback: 0.11127
Received=	-0.21933
Feedback: 0.67834
Received=	-0.094204
Feedback: 0.49816
Received=	-0.093952
Feedback: 0.49779
Received=	-0.11252
Feedback: 0.52453
Received=	0.052557
Feedback: 0.28682
Received=	-0.12776
Feedback: 0.54648
Received=	-0.1372
Feedback: 0.56007
Received=	-0.15738
Feedback: 0.58913
Received=	0.0042058
Feedback: 0.35644
Received=	0.16225
Feedback: 0.12886
Received=	0.27773
Feedback: 0.1
Received=	-0.21679
Feedback: 0.67469
Received=	-0.36541
Feedback: 0.88869
Received=	-0.49352
Feedback: 0.9
Received=	-0.34432
Feedback: 0.85832
Received=	-0.11468
Feedback: 0.52764
Received=	0.36284
Feedback: 0.1
Received=	0.54242
Feedback: 0.1
Received=	0.36721
Feedback: 0.1
Received=	-0.077048
Feedback: 0.47345
Received=	-0.34362
Feedback: 0.85731
Received=	-0.013556
Feedback: 0.38202
Received=	0.27746
Feedback: 0.1
Received=	0.34779
Feedback: 0.1
Received=	0.27254
Feedback: 0.1
Received=	0.2592
Feedback: 0.1
Received=	0.34995
Feedback: 0.1
Received=	0.41888
Feedback: 0.1
Received=	0.13415
Feedback: 0.16932
Received=	0.11724
Feedback: 0.19367
Received=	0.056942
Feedback: 0.2805
Received=	0.049155
Feedback: 0.29172
Received=	-0.17773
Feedback: 0.61843
Received=	-0.057113
Feedback: 0.44474
Received=	0.33601
Feedback: 0.1
Received=	0.18354
Feedback: 0.1
Received=	0.15754
Feedback: 0.13564
Received=	-0.062349
Feedback: 0.45228
Received=	-0.066546
Feedback: 0.45833
Received=	-0.10119
Feedback: 0.50821
Received=	-0.058141
Feedback: 0.44622
Received=	-0.060769
Feedback: 0.45001
Received=	-0.091137
Feedback: 0.49374
Calculated range:	[(-2.000000) - (2.000000)]
Success index = (0.420717)
closing...
