Direction=-1.000000	; step=1.000000;
Received=	0
Feedback: 0.66
Received=	0
Feedback: 0.66
Received=	0
Feedback: 0.66
Received=	0.91236
Feedback: 0.66
Received=	1.2781
Feedback: 0.66
Received=	1.1109
Feedback: 0.66
Received=	1.2183
Feedback: 0.66
Received=	0.82908
Feedback: 0.66
Received=	0.81655
Feedback: 0.66
Received=	0.52873
Feedback: 0.66
Received=	0.26554
Feedback: 0.66
Received=	-0.30887
Feedback: 0.66
Received=	-0.26871
Feedback: 0.66
Received=	-0.18383
Feedback: 0.66
Received=	-0.20542
Feedback: 0.66
Received=	0.052081
Feedback: 0.66
Received=	-0.041409
Feedback: 0.66
Received=	-0.20317
Feedback: 0.66
Received=	-0.019416
Feedback: 0.66
Received=	0.29852
Feedback: 0.66
Received=	0.47433
=====  12:51:27 - NF  ============
Feedback: 0.45067
Received=	0.44213
Feedback: 0.4623
Received=	0.34449
Feedback: 0.49756
Received=	0.53206
Feedback: 0.42982
Received=	0.23422
Feedback: 0.53738
Received=	-0.074423
Feedback: 0.64885
Received=	-0.084271
Feedback: 0.6524
Received=	-0.0090955
Feedback: 0.62525
Received=	0.089379
Feedback: 0.58969
Received=	0.89372
Feedback: 0.29922
Received=	0.97704
Feedback: 0.26912
Received=	0.50654
Feedback: 0.43904
Received=	0.47799
Feedback: 0.44935
Received=	0.23043
Feedback: 0.53875
Received=	-0.26544
Feedback: 0.71783
Received=	0.012859
Feedback: 0.61733
Received=	0.47168
Feedback: 0.45163
Received=	0.50459
Feedback: 0.43975
Received=	0.22541
Feedback: 0.54057
Received=	-0.057125
Feedback: 0.6426
Received=	0.0047739
Feedback: 0.62025
Received=	0.11241
Feedback: 0.58138
Received=	0.2132
Feedback: 0.54498
Received=	0.42134
Feedback: 0.46981
Received=	0.93442
Feedback: 0.28452
Received=	0.44232
Feedback: 0.46223
Received=	0.30313
Feedback: 0.5125
Received=	0.52315
Feedback: 0.43304
Received=	0.31688
Feedback: 0.50753
Received=	-0.24635
Feedback: 0.71093
Received=	0.080764
Feedback: 0.5928
Received=	0.020956
Feedback: 0.6144
Received=	-0.43029
Feedback: 0.77736
Received=	-0.40397
Feedback: 0.76786
Received=	0.079111
Feedback: 0.5934
Received=	-0.10601
Feedback: 0.66025
Received=	-0.1802
Feedback: 0.68705
Received=	-0.094594
Feedback: 0.65613
Received=	-0.0044407
Feedback: 0.62357
Received=	0.072255
Feedback: 0.59588
Received=	-0.29304
Feedback: 0.7278
Received=	-0.40026
Feedback: 0.76652
Received=	0.063231
Feedback: 0.59913
Received=	0.46193
Feedback: 0.45515
Received=	0.69648
Feedback: 0.37045
Received=	0.46966
Feedback: 0.45236
Received=	0.72747
Feedback: 0.35926
Received=	0.80163
Feedback: 0.33247
Received=	0.75021
Feedback: 0.35104
Received=	0.41818
Feedback: 0.47095
Received=	0.10232
Feedback: 0.58502
Received=	0.14492
Feedback: 0.56963
Received=	-0.34106
Feedback: 0.74514
Received=	-0.24186
Feedback: 0.70931
Received=	-0.029165
Feedback: 0.6325
Received=	-0.3607
Feedback: 0.75223
Received=	-0.12364
Feedback: 0.66662
Received=	0.15064
Feedback: 0.56757
Received=	0.39837
Feedback: 0.4781
Received=	-0.086279
Feedback: 0.65313
Calculated range:	[(-2.000000) - (2.000000)]
Success index = (-0.371231)
Received=	-0.17121
=====  12:54:27 - BASE  ============
Feedback: 0.66
Received=	0.086133
Feedback: 0.66
Received=	0.59348
Feedback: 0.66
Received=	0.36342
Feedback: 0.66
Received=	-0.062214
Feedback: 0.66
Received=	0.12525
Feedback: 0.66
Received=	-0.31195
Feedback: 0.66
Received=	-0.27762
Feedback: 0.66
Received=	0.38975
Feedback: 0.66
Received=	0.83751
Feedback: 0.66
Received=	0.52787
Feedback: 0.66
Received=	0.33957
Feedback: 0.66
Received=	0.0095542
Feedback: 0.66
Received=	0.061762
Feedback: 0.66
Received=	0.21492
Feedback: 0.66
Received=	0.31543
Feedback: 0.66
Received=	0.17094
Feedback: 0.66
Received=	0.32728
Feedback: 0.66
Received=	0.3505
Feedback: 0.66
Received=	0.15552
Feedback: 0.66
Received=	0.056791
=====  12:55:27 - NF  ============
Feedback: 0.61992
Received=	0.13446
Feedback: 0.56599
Received=	0.48749
Feedback: 0.32086
Received=	0.58011
Feedback: 0.25655
Received=	0.76592
Feedback: 0.12754
Received=	0.27334
Feedback: 0.46956
Received=	-0.09555
Feedback: 0.7257
Received=	0.45975
Feedback: 0.34012
Received=	0.54155
Feedback: 0.28333
Received=	0.87729
Feedback: 0.1
Received=	0.45097
Feedback: 0.34622
Received=	-0.19475
Feedback: 0.79458
Received=	-0.22915
Feedback: 0.81846
Received=	-0.2622
Feedback: 0.84141
Received=	-0.089018
Feedback: 0.72116
Received=	-0.16639
Feedback: 0.77488
Received=	0.41762
Feedback: 0.36938
Received=	0.39179
Feedback: 0.38731
Received=	0.26977
Feedback: 0.47204
Received=	-0.10743
Feedback: 0.73395
Received=	0.01294
Feedback: 0.65037
Received=	0.22228
Feedback: 0.50501
Received=	0.079864
Feedback: 0.6039
Received=	0.35352
Feedback: 0.41388
Received=	0.412
Feedback: 0.37328
Received=	0.55518
Feedback: 0.27386
Received=	0.47688
Feedback: 0.32823
Received=	-0.3239
Feedback: 0.88425
Received=	-0.31198
Feedback: 0.87598
Received=	-0.24972
Feedback: 0.83274
Received=	-0.12843
Feedback: 0.74852
Received=	-0.70403
Feedback: 0.9
Received=	-0.68842
Feedback: 0.9
Received=	-0.49902
Feedback: 0.9
Received=	0.022218
Feedback: 0.64392
Received=	0.53809
Feedback: 0.28573
Received=	0.68968
Feedback: 0.18047
Received=	0.59846
Feedback: 0.24381
Received=	0.52271
Feedback: 0.29641
Received=	0.52656
Feedback: 0.29373
Received=	0.41735
Feedback: 0.36956
Received=	0.47804
Feedback: 0.32743
Received=	0.58387
Feedback: 0.25394
Received=	0.3386
Feedback: 0.42425
Received=	0.21661
Feedback: 0.50895
Received=	-0.1333
Feedback: 0.75191
Received=	0.74475
Feedback: 0.14223
Received=	0.79854
Feedback: 0.10489
Received=	0.35007
Feedback: 0.41628
Received=	0.61206
Feedback: 0.23437
Received=	0.71182
Feedback: 0.1651
Received=	0.071445
Feedback: 0.60974
Received=	0.14839
Feedback: 0.55631
Received=	0.32042
Feedback: 0.43687
Received=	0.61823
Feedback: 0.23008
Received=	1.0566
Feedback: 0.1
Received=	0.49951
Feedback: 0.31252
Received=	0.22051
Feedback: 0.50624
Received=	0.82271
Feedback: 0.1
Received=	0.17707
Feedback: 0.5364
Calculated range:	[(-2.000000) - (2.000000)]
Success index = (0.088428)
Received=	-0.22481
=====  12:58:27 - BASE  ============
Feedback: 0.66
Received=	0.17639
Feedback: 0.66
Received=	0.63353
Feedback: 0.66
Received=	0.11942
Feedback: 0.66
Received=	0.1296
Feedback: 0.66
Received=	0.59503
Feedback: 0.66
Received=	0.42768
Feedback: 0.66
Received=	0.39846
Feedback: 0.66
Received=	0.38724
Feedback: 0.66
Received=	0.60218
Feedback: 0.66
Received=	0.7133
Feedback: 0.66
Received=	0.60217
Feedback: 0.66
Received=	0.34134
Feedback: 0.66
Received=	-0.18082
Feedback: 0.66
Received=	0.30421
Feedback: 0.66
Received=	0.23972
Feedback: 0.66
Received=	-0.044079
Feedback: 0.66
Received=	-0.35079
Feedback: 0.66
Received=	-0.062526
Feedback: 0.66
Received=	0.10897
Feedback: 0.66
Received=	0.28642
=====  12:59:27 - NF  ============
Feedback: 0.49304
Received=	0.42758
Feedback: 0.40052
Received=	0.46176
Feedback: 0.37812
Received=	0.50621
Feedback: 0.34898
Received=	0.372
Feedback: 0.43696
Received=	0.68535
Feedback: 0.23157
Received=	0.69893
Feedback: 0.22267
Received=	0.31224
Feedback: 0.47612
Received=	-0.16741
Feedback: 0.79051
Received=	-0.25668
Feedback: 0.84902
Received=	-0.17651
Feedback: 0.79647
Received=	-0.10556
Feedback: 0.74997
Received=	0.34446
Feedback: 0.45501
Received=	0.37768
Feedback: 0.43323
Received=	0.76993
Feedback: 0.17613
Received=	0.87919
Feedback: 0.10452
Received=	0.66479
Feedback: 0.24505
Received=	0.33149
Feedback: 0.46351
Received=	0.67191
Feedback: 0.24038
Received=	0.82284
Feedback: 0.14145
Received=	0.85149
Feedback: 0.12267
Received=	0.26034
Feedback: 0.51014
Received=	0.22503
Feedback: 0.53329
Received=	0.21145
Feedback: 0.54219
Received=	0.44689
Feedback: 0.38787
Received=	0.4287
Feedback: 0.39979
Received=	0.59773
Feedback: 0.289
Received=	0.57052
Feedback: 0.30684
Received=	0.61089
Feedback: 0.28038
Received=	0.85678
Feedback: 0.11921
Received=	0.46293
Feedback: 0.37736
Received=	0.4687
Feedback: 0.37357
Received=	0.67712
Feedback: 0.23697
Received=	0.63362
Feedback: 0.26547
Received=	0.47028
Feedback: 0.37254
Received=	0.33465
Feedback: 0.46144
Received=	0.31877
Feedback: 0.47185
Received=	0.01295
Feedback: 0.67229
Received=	0.2509
Feedback: 0.51633
Received=	0.97451
Feedback: 0.1
Received=	0.88131
Feedback: 0.10313
Received=	0.54707
Feedback: 0.32221
Received=	0.46162
Feedback: 0.37821
Received=	0.2334
Feedback: 0.5278
Received=	0.7106
Feedback: 0.21502
Received=	0.021666
Feedback: 0.66658
Received=	-0.061089
Feedback: 0.72082
Received=	0.05313
Feedback: 0.64596
Received=	0.042951
Feedback: 0.65263
Received=	0.16638
Feedback: 0.57173
Received=	-0.019617
Feedback: 0.69364
Received=	-0.12349
Feedback: 0.76172
Received=	-0.25311
Feedback: 0.84668
Received=	0.15894
Feedback: 0.5766
Received=	0.14906
Feedback: 0.58308
Received=	0.14582
Feedback: 0.5852
Received=	0.28671
Feedback: 0.49286
Received=	0.16931
Feedback: 0.56981
Received=	0.48281
Feedback: 0.36432
Received=	0.74406
Feedback: 0.19309
Calculated range:	[(-2.000000) - (2.000000)]
Success index = (0.311960)
Received=	0.4069
=====  13:2:27 - BASE  ============
Feedback: 0.66
Received=	0.035505
Feedback: 0.66
Received=	0.024382
Feedback: 0.66
Received=	0.82137
Feedback: 0.66
Received=	1.0801
Feedback: 0.66
Received=	1.0809
Feedback: 0.66
Received=	0.16909
Feedback: 0.66
Received=	-0.61503
Feedback: 0.66
Received=	-0.51232
Feedback: 0.66
Received=	-0.37547
Feedback: 0.66
Received=	0.19521
Feedback: 0.66
Received=	0.29554
Feedback: 0.66
Received=	0.47462
Feedback: 0.66
Received=	0.21463
Feedback: 0.66
Received=	-0.13604
Feedback: 0.66
Received=	-0.010377
Feedback: 0.66
Received=	0.15332
Feedback: 0.66
Received=	-0.016848
Feedback: 0.66
Received=	-0.12901
Feedback: 0.66
Received=	-0.12552
Feedback: 0.66
Received=	-0.22266
=====  13:3:27 - NF  ============
Feedback: 0.65263
Received=	-0.26894
Feedback: 0.67191
Received=	0.30157
Feedback: 0.43429
Received=	0.50747
Feedback: 0.34853
Received=	0.41339
Feedback: 0.38772
Received=	0.038734
Feedback: 0.54376
Received=	-0.060885
Feedback: 0.58526
Received=	0.45902
Feedback: 0.36871
Received=	0.80898
Feedback: 0.22295
Received=	0.35516
Feedback: 0.41197
Received=	0.27341
Feedback: 0.44602
Received=	0.54251
Feedback: 0.33394
Received=	0.33562
Feedback: 0.42011
Received=	0.83318
Feedback: 0.21287
Received=	1.0941
Feedback: 0.10419
Received=	0.59694
Feedback: 0.31127
Received=	0.048089
Feedback: 0.53987
Received=	-0.17367
Feedback: 0.63223
Received=	0.25901
Feedback: 0.45202
Received=	0.544
Feedback: 0.33332
Received=	0.77211
Feedback: 0.23831
Received=	0.8023
Feedback: 0.22573
Received=	0.773
Feedback: 0.23794
Received=	0.58079
Feedback: 0.31799
Received=	0.1303
Feedback: 0.50563
Received=	0.23235
Feedback: 0.46312
Received=	0.88123
Feedback: 0.19286
Received=	0.74681
Feedback: 0.24884
Received=	-0.25719
Feedback: 0.66702
Received=	-0.70027
Feedback: 0.85156
Received=	-0.23498
Feedback: 0.65777
Received=	0.01865
Feedback: 0.55213
Received=	0.48183
Feedback: 0.35921
Received=	0.89674
Feedback: 0.1864
Received=	0.56324
Feedback: 0.3253
Received=	0.39672
Feedback: 0.39466
Received=	0.30669
Feedback: 0.43216
Received=	0.1065
Feedback: 0.51554
Received=	-0.27514
Feedback: 0.6745
Received=	-0.12891
Feedback: 0.61359
Received=	0.14669
Feedback: 0.4988
Received=	0.33285
Feedback: 0.42126
Received=	0.52518
Feedback: 0.34116
Received=	8.2117e-05
Feedback: 0.55986
Received=	-0.27917
Feedback: 0.67617
Received=	0.079437
Feedback: 0.52681
Received=	0.34195
Feedback: 0.41747
Received=	0.41115
Feedback: 0.38865
Received=	0.5204
Feedback: 0.34315
Received=	0.43763
Feedback: 0.37762
Received=	0.71324
Feedback: 0.26283
Received=	0.60712
Feedback: 0.30703
Received=	0.48922
Feedback: 0.35613
Received=	0.13835
Feedback: 0.50227
Received=	0.059621
Feedback: 0.53506
Received=	0.33317
Feedback: 0.42113
Received=	0.26742
Feedback: 0.44851
Received=	-0.065322
Feedback: 0.5871
Received=	-0.22308
Feedback: 0.65281
Received=	-0.43324
Feedback: 0.74034
Calculated range:	[(-2.000000) - (2.000000)]
Success index = (0.353151)
Received=	-0.75732
=====  13:6:27 - BASE  ============
Feedback: 0.66
Received=	-0.28362
Feedback: 0.66
Received=	0.30508
Feedback: 0.66
Received=	1.301
Feedback: 0.66
Received=	1.2838
Feedback: 0.66
Received=	0.48364
Feedback: 0.66
Received=	0.0053872
Feedback: 0.66
Received=	0.23638
Feedback: 0.66
Received=	0.55893
Feedback: 0.66
Received=	0.82107
Feedback: 0.66
Received=	0.35172
Feedback: 0.66
Received=	0.22267
Feedback: 0.66
Received=	0.083449
Feedback: 0.66
Received=	-0.31112
Feedback: 0.66
Received=	-0.078609
Feedback: 0.66
Received=	0.15094
Feedback: 0.66
Received=	0.09156
Feedback: 0.66
Received=	0.25936
Feedback: 0.66
Received=	-0.10215
Feedback: 0.66
Received=	-0.16929
Feedback: 0.66
Received=	-0.26188
=====  13:7:27 - NF  ============
Feedback: 0.75162
Received=	-0.33299
Feedback: 0.78317
Received=	-0.21607
Feedback: 0.73129
Received=	-0.18163
Feedback: 0.71601
Received=	0.41395
Feedback: 0.45176
Received=	0.66057
Feedback: 0.34233
Received=	0.30217
Feedback: 0.50135
Received=	0.16652
Feedback: 0.56154
Received=	0.29531
Feedback: 0.50439
Received=	0.022895
Feedback: 0.62526
Received=	-0.20609
Feedback: 0.72686
Received=	-0.031593
Feedback: 0.64944
Received=	0.13228
Feedback: 0.57673
Received=	0.40084
Feedback: 0.45757
Received=	-0.084208
Feedback: 0.67278
Received=	0.16152
Feedback: 0.56375
Received=	0.54217
Feedback: 0.39487
Received=	0.43995
Feedback: 0.44022
Received=	-0.22971
Feedback: 0.73734
Received=	-0.34335
Feedback: 0.78776
Received=	-0.22251
Feedback: 0.73415
Received=	-0.16323
Feedback: 0.70784
Received=	-0.14965
Feedback: 0.70182
Received=	0.11753
Feedback: 0.58328
Received=	0.11051
Feedback: 0.58639
Received=	-0.41506
Feedback: 0.81958
Received=	-0.30714
Feedback: 0.7717
Received=	-0.057208
Feedback: 0.6608
Received=	0.17071
Feedback: 0.55968
Received=	-0.2125
Feedback: 0.7297
Received=	-0.14651
Feedback: 0.70042
Received=	-0.23673
Feedback: 0.74045
Received=	-0.41948
Feedback: 0.82154
Received=	-0.39382
Feedback: 0.81015
Received=	0.24031
Feedback: 0.5288
Received=	0.095743
Feedback: 0.59294
Received=	0.44004
Feedback: 0.44018
Received=	0.4898
Feedback: 0.4181
Received=	0.44718
Feedback: 0.43701
Received=	0.61232
Feedback: 0.36374
Received=	-0.02975
Feedback: 0.64862
Received=	-0.05584
Feedback: 0.6602
Received=	0.28229
Feedback: 0.51017
Received=	0.54973
Feedback: 0.39151
Received=	0.21786
Feedback: 0.53876
Received=	0.80298
Feedback: 0.27914
Received=	1.4172
Feedback: 0.1
Received=	0.77857
Feedback: 0.28998
Received=	0.45484
Feedback: 0.43361
Received=	0.59467
Feedback: 0.37157
Received=	0.5368
Feedback: 0.39725
Received=	0.46741
Feedback: 0.42804
Received=	0.17829
Feedback: 0.55631
Received=	-0.17573
Feedback: 0.71339
Received=	-0.12499
Feedback: 0.69088
Received=	0.0536
Feedback: 0.61164
Received=	0.15382
Feedback: 0.56717
Received=	0.22105
Feedback: 0.53734
Received=	0.47413
Feedback: 0.42506
Received=	0.71607
Feedback: 0.31771
Calculated range:	[(-2.000000) - (2.000000)]
Success index = (-0.390340)
closing...
