Direction=-1.000000	; step=1.000000;
Received=	0
Feedback: 0.66
Received=	0
Feedback: 0.66
Received=	0
Feedback: 0.66
Received=	0.34634
Feedback: 0.66
Received=	-0.056156
Feedback: 0.66
Received=	0.12402
Feedback: 0.66
Received=	-0.32711
Feedback: 0.66
Received=	-0.9174
Feedback: 0.66
Received=	-1.232
Feedback: 0.66
Received=	-1.4071
Feedback: 0.66
Received=	-1.3109
Feedback: 0.66
Received=	-1.8124
Feedback: 0.66
Received=	-2.062
Feedback: 0.66
Received=	-1.8389
Feedback: 0.66
Received=	-1.3524
Feedback: 0.66
Received=	-0.52619
Feedback: 0.66
Received=	-0.18443
Feedback: 0.66
Received=	-0.46104
Feedback: 0.66
Received=	-0.57233
Feedback: 0.66
Received=	-0.59767
Feedback: 0.66
Received=	-0.29482
=====  12:25:36 - NF  ============
Feedback: 0.36495
Received=	0.027568
Feedback: 0.27671
Received=	0.016027
Feedback: 0.27986
Received=	-0.2156
Feedback: 0.34326
Received=	-0.149
Feedback: 0.32504
Received=	-0.17023
Feedback: 0.33085
Received=	-0.29696
Feedback: 0.36554
Received=	-0.025153
Feedback: 0.29114
Received=	-0.10542
Feedback: 0.31311
Received=	-0.16127
Feedback: 0.32839
Received=	-0.23799
Feedback: 0.34939
Received=	-0.30005
Feedback: 0.36638
Received=	-0.34485
Feedback: 0.37864
Received=	-0.62086
Feedback: 0.45419
Received=	-0.48427
Feedback: 0.41681
Received=	-0.45978
Feedback: 0.4101
Received=	-0.14103
Feedback: 0.32285
Received=	0.20133
Feedback: 0.22914
Received=	0.18965
Feedback: 0.23234
Received=	0.47731
Feedback: 0.1536
Received=	0.08817
Feedback: 0.26012
Received=	-0.18508
Feedback: 0.33491
Received=	0.045743
Feedback: 0.27173
Received=	0.24792
Feedback: 0.21639
Received=	0.54542
Feedback: 0.13496
Received=	0.5767
Feedback: 0.1264
Received=	0.22695
Feedback: 0.22213
Received=	0.51192
Feedback: 0.14413
Received=	0.55814
Feedback: 0.13148
Received=	0.71478
Feedback: 0.1
Received=	0.4105
Feedback: 0.17189
Received=	0.29928
Feedback: 0.20233
Received=	-0.17195
Feedback: 0.33132
Received=	-0.212
Feedback: 0.34228
Received=	-0.1294
Feedback: 0.31967
Received=	0.053934
Feedback: 0.26949
Received=	-0.55088
Feedback: 0.43504
Received=	-0.80062
Feedback: 0.5034
Received=	-0.29559
Feedback: 0.36516
Received=	0.16657
Feedback: 0.23866
Received=	0.023452
Feedback: 0.27783
Received=	-0.28598
Feedback: 0.36253
Received=	-0.21847
Feedback: 0.34405
Received=	0.30653
Feedback: 0.20035
Received=	0.041009
Feedback: 0.27303
Received=	-0.28017
Feedback: 0.36094
Received=	-0.056913
Feedback: 0.29983
Received=	0.065258
Feedback: 0.26639
Received=	-0.021734
Feedback: 0.2902
Received=	-0.053796
Feedback: 0.29898
Received=	-0.084081
Feedback: 0.30727
Received=	-0.19652
Feedback: 0.33804
Received=	-0.21081
Feedback: 0.34196
Received=	-0.060381
Feedback: 0.30078
Received=	0.067734
Feedback: 0.26571
Received=	0.081947
Feedback: 0.26182
Received=	-0.16338
Feedback: 0.32897
Received=	-0.16091
Feedback: 0.3283
Received=	-0.0025689
Feedback: 0.28496
Received=	-0.1179
Feedback: 0.31652
Calculated range:	[(-2.000000) - (2.000000)]
Success index = (1.866218)
Received=	-0.068404
=====  12:28:36 - BASE  ============
Feedback: 0.66
Received=	-0.29953
Feedback: 0.66
Received=	-0.16864
Feedback: 0.66
Received=	0.48091
Feedback: 0.66
Received=	0.49396
Feedback: 0.66
Received=	0.35858
Feedback: 0.66
Received=	0.21298
Feedback: 0.66
Received=	-0.15051
Feedback: 0.66
Received=	-0.18914
Feedback: 0.66
Received=	-0.2609
Feedback: 0.66
Received=	-0.093823
Feedback: 0.66
Received=	-0.24121
Feedback: 0.66
Received=	-0.13446
Feedback: 0.66
Received=	0.047699
Feedback: 0.66
Received=	0.15985
Feedback: 0.66
Received=	0.48488
Feedback: 0.66
Received=	0.4433
Feedback: 0.66
Received=	-0.17029
Feedback: 0.66
Received=	-0.40925
Feedback: 0.66
Received=	-0.1554
Feedback: 0.66
Received=	0.16172
=====  12:29:36 - NF  ============
Feedback: 0.41873
Received=	-0.042155
Feedback: 0.55414
Received=	0.0019178
Feedback: 0.52487
Received=	0.21642
Feedback: 0.3824
Received=	0.14457
Feedback: 0.43013
Received=	0.026893
Feedback: 0.50828
Received=	0.14798
Feedback: 0.42786
Received=	0.11108
Feedback: 0.45237
Received=	-0.023545
Feedback: 0.54178
Received=	-0.23513
Feedback: 0.68231
Received=	-0.27258
Feedback: 0.70719
Received=	-0.11459
Feedback: 0.60226
Received=	0.087905
Feedback: 0.46776
Received=	0.13802
Feedback: 0.43447
Received=	0.16946
Feedback: 0.41359
Received=	-0.16046
Feedback: 0.63272
Received=	-0.36941
Feedback: 0.77151
Received=	-0.44894
Feedback: 0.82433
Received=	-0.092587
Feedback: 0.58764
Received=	0.15662
Feedback: 0.42212
Received=	0.29354
Feedback: 0.33117
Received=	-0.023799
Feedback: 0.54195
Received=	-0.29696
Feedback: 0.72338
Received=	-0.31317
Feedback: 0.73415
Received=	-0.32443
Feedback: 0.74163
Received=	-0.24923
Feedback: 0.69168
Received=	-0.4115
Feedback: 0.79946
Received=	-0.23932
Feedback: 0.6851
Received=	-0.36916
Feedback: 0.77134
Received=	-0.21197
Feedback: 0.66693
Received=	-0.30129
Feedback: 0.72626
Received=	0.081382
Feedback: 0.47209
Received=	0.086322
Feedback: 0.46881
Received=	0.19787
Feedback: 0.39472
Received=	0.14852
Feedback: 0.4275
Received=	-0.18201
Feedback: 0.64704
Received=	0.052426
Feedback: 0.49132
Received=	0.34563
Feedback: 0.29658
Received=	0.23633
Feedback: 0.36918
Received=	0.037533
Feedback: 0.50122
Received=	0.084385
Feedback: 0.4701
Received=	-0.099647
Feedback: 0.59233
Received=	-0.011171
Feedback: 0.53357
Received=	-0.094789
Feedback: 0.5891
Received=	-0.21621
Feedback: 0.66975
Received=	-0.030396
Feedback: 0.54633
Received=	-0.21692
Feedback: 0.67022
Received=	-0.17406
Feedback: 0.64176
Received=	-0.060887
Feedback: 0.56659
Received=	0.16315
Feedback: 0.41778
Received=	-0.092858
Feedback: 0.58782
Received=	0.013699
Feedback: 0.51705
Received=	-0.11738
Feedback: 0.60411
Received=	-0.23771
Feedback: 0.68403
Received=	0.00010962
Feedback: 0.52607
Received=	0.24919
Feedback: 0.36064
Received=	-0.0094925
Feedback: 0.53245
Received=	-0.015829
Feedback: 0.53666
Received=	-0.079218
Feedback: 0.57876
Received=	-0.064825
Feedback: 0.5692
Calculated range:	[(-2.000000) - (2.000000)]
Success index = (-0.401536)
Received=	-0.1822
=====  12:32:36 - BASE  ============
Feedback: 0.66
Received=	0.2113
Feedback: 0.66
Received=	0.36297
Feedback: 0.66
Received=	0.43048
Feedback: 0.66
Received=	0.25165
Feedback: 0.66
Received=	0.21208
Feedback: 0.66
Received=	0.074457
Feedback: 0.66
Received=	0.13318
Feedback: 0.66
Received=	-0.14436
Feedback: 0.66
Received=	-0.2713
Feedback: 0.66
Received=	-0.59449
Feedback: 0.66
Received=	-0.80445
Feedback: 0.66
Received=	-1.0953
Feedback: 0.66
Received=	-1.037
Feedback: 0.66
Received=	-0.88908
Feedback: 0.66
Received=	-0.9813
Feedback: 0.66
Received=	-0.87142
Feedback: 0.66
Received=	-0.3315
Feedback: 0.66
Received=	-0.0078988
Feedback: 0.66
Received=	0.11148
Feedback: 0.66
Received=	0.15688
=====  12:33:36 - NF  ============
Feedback: 0.327
Received=	0.31551
Feedback: 0.26731
Received=	0.39458
Feedback: 0.23756
Received=	0.14365
Feedback: 0.33198
Received=	-0.2728
Feedback: 0.48868
Received=	-0.26962
Feedback: 0.48749
Received=	-0.11
Feedback: 0.42742
Received=	0.033688
Feedback: 0.37336
Received=	-0.31933
Feedback: 0.50619
Received=	-0.76278
Feedback: 0.67305
Received=	-0.74131
Feedback: 0.66497
Received=	-0.55413
Feedback: 0.59454
Received=	-0.51038
Feedback: 0.57808
Received=	-0.53926
Feedback: 0.58895
Received=	-0.73984
Feedback: 0.66442
Received=	-0.32313
Feedback: 0.50762
Received=	-0.35346
Feedback: 0.51903
Received=	-0.37583
Feedback: 0.52745
Received=	-0.18997
Feedback: 0.45751
Received=	-0.1229
Feedback: 0.43228
Received=	-0.25898
Feedback: 0.48348
Received=	-0.1724
Feedback: 0.4509
Received=	-0.19811
Feedback: 0.46058
Received=	-0.052203
Feedback: 0.40567
Received=	0.16266
Feedback: 0.32482
Received=	0.2134
Feedback: 0.30573
Received=	-0.06718
Feedback: 0.41131
Received=	-0.1166
Feedback: 0.42991
Received=	-0.081188
Feedback: 0.41658
Received=	-0.03884
Feedback: 0.40065
Received=	-0.15091
Feedback: 0.44282
Received=	0.007352
Feedback: 0.38327
Received=	-0.012507
Feedback: 0.39074
Received=	0.030911
Feedback: 0.3744
Received=	-0.17737
Feedback: 0.45277
Received=	-0.17935
Feedback: 0.45352
Received=	-0.18612
Feedback: 0.45607
Received=	-0.055591
Feedback: 0.40695
Received=	-0.14185
Feedback: 0.43941
Received=	-0.32298
Feedback: 0.50756
Received=	-0.18743
Feedback: 0.45656
Received=	-0.04456
Feedback: 0.4028
Received=	-0.1185
Feedback: 0.43062
Received=	-0.24129
Feedback: 0.47682
Received=	-0.086712
Feedback: 0.41866
Received=	-0.034293
Feedback: 0.39894
Received=	0.23257
Feedback: 0.29852
Received=	0.37697
Feedback: 0.24419
Received=	0.14393
Feedback: 0.33187
Received=	-0.032635
Feedback: 0.39831
Received=	-0.29836
Feedback: 0.4983
Received=	-0.29139
Feedback: 0.49568
Received=	0.20386
Feedback: 0.30932
Received=	-0.073438
Feedback: 0.41367
Received=	-0.14632
Feedback: 0.44109
Received=	-0.17521
Feedback: 0.45196
Received=	-0.11042
Feedback: 0.42758
Received=	-0.27006
Feedback: 0.48765
Received=	-0.24305
Feedback: 0.47749
Received=	-0.39909
Feedback: 0.5362
Calculated range:	[(-2.000000) - (2.000000)]
Success index = (0.501052)
Received=	0.016414
=====  12:36:36 - BASE  ============
Feedback: 0.66
Received=	0.43344
Feedback: 0.66
Received=	0.46158
Feedback: 0.66
Received=	-0.41646
Feedback: 0.66
Received=	-0.79327
Feedback: 0.66
Received=	-0.69395
Feedback: 0.66
Received=	-0.55841
Feedback: 0.66
Received=	-0.85537
Feedback: 0.66
Received=	-1.024
Feedback: 0.66
Received=	-0.88495
Feedback: 0.66
Received=	-0.7072
Feedback: 0.66
Received=	-0.36374
Feedback: 0.66
Received=	-0.46372
Feedback: 0.66
Received=	-0.4146
Feedback: 0.66
Received=	-0.40015
Feedback: 0.66
Received=	-0.77037
Feedback: 0.66
Received=	-1.0402
Feedback: 0.66
Received=	-1.0677
Feedback: 0.66
Received=	-0.73667
Feedback: 0.66
Received=	-0.18814
Feedback: 0.66
Received=	0.1017
=====  12:37:36 - NF  ============
Feedback: 0.11691
Received=	0.079871
Feedback: 0.12872
Received=	-0.038201
Feedback: 0.19258
Received=	-0.31874
Feedback: 0.34434
Received=	-0.30017
Feedback: 0.33429
Received=	-0.026898
Feedback: 0.18647
Received=	-0.28951
Feedback: 0.32852
Received=	-0.22104
Feedback: 0.29148
Received=	-0.34844
Feedback: 0.3604
Received=	-0.11002
Feedback: 0.23144
Received=	0.095549
Feedback: 0.12024
Received=	0.11785
Feedback: 0.10817
Received=	-0.11211
Feedback: 0.23256
Received=	-0.1676
Feedback: 0.26258
Received=	0.13642
Feedback: 0.1
Received=	0.21662
Feedback: 0.1
Received=	0.011164
Feedback: 0.16588
Received=	0.013636
Feedback: 0.16454
Received=	-0.18764
Feedback: 0.27342
Received=	-0.29079
Feedback: 0.32921
Received=	-0.024926
Feedback: 0.1854
Received=	-0.0030881
Feedback: 0.17359
Received=	0.089303
Feedback: 0.12361
Received=	-0.096094
Feedback: 0.2239
Received=	-0.19154
Feedback: 0.27553
Received=	-0.34623
Feedback: 0.3592
Received=	-0.050515
Feedback: 0.19925
Received=	0.19582
Feedback: 0.1
Received=	-0.091971
Feedback: 0.22167
Received=	-0.05725
Feedback: 0.20289
Received=	0.42481
Feedback: 0.1
Received=	0.46864
Feedback: 0.1
Received=	-0.077852
Feedback: 0.21403
Received=	-0.13241
Feedback: 0.24355
Received=	-0.018587
Feedback: 0.18198
Received=	0.083591
Feedback: 0.1267
Received=	-0.17059
Feedback: 0.2642
Received=	-0.43128
Feedback: 0.40521
Received=	-0.43824
Feedback: 0.40898
Received=	-0.20439
Feedback: 0.28248
Received=	-0.31558
Feedback: 0.34262
Received=	-0.36236
Feedback: 0.36793
Received=	-0.078532
Feedback: 0.2144
Received=	-0.15813
Feedback: 0.25746
Received=	-0.32844
Feedback: 0.34958
Received=	-0.20529
Feedback: 0.28297
Received=	-0.18568
Feedback: 0.27236
Received=	-0.079835
Feedback: 0.21511
Received=	-0.21988
Feedback: 0.29086
Received=	-0.51209
Feedback: 0.44892
Received=	-0.31057
Feedback: 0.33992
Received=	-0.037984
Feedback: 0.19247
Received=	-0.26039
Feedback: 0.31277
Received=	-0.1276
Feedback: 0.24095
Received=	0.10261
Feedback: 0.11641
Received=	0.41089
Feedback: 0.1
Received=	0.22847
Feedback: 0.1
Received=	-0.11794
Feedback: 0.23572
Received=	-0.033167
Feedback: 0.18986
Received=	-0.2599
Feedback: 0.31251
Calculated range:	[(-2.000000) - (2.000000)]
Success index = (2.087910)
Received=	-0.42508
=====  12:40:36 - BASE  ============
Feedback: 0.66
Received=	-0.12847
Feedback: 0.66
Received=	0.3386
Feedback: 0.66
Received=	0.37603
Feedback: 0.66
Received=	0.097022
Feedback: 0.66
Received=	0.35967
Feedback: 0.66
Received=	0.88192
Feedback: 0.66
Received=	0.21456
Feedback: 0.66
Received=	0.038554
Feedback: 0.66
Received=	0.11949
Feedback: 0.66
Received=	0.1618
Feedback: 0.66
Received=	0.62921
Feedback: 0.66
Received=	0.31108
Feedback: 0.66
Received=	0.49101
Feedback: 0.66
Received=	0.42222
Feedback: 0.66
Received=	0.58848
Feedback: 0.66
Received=	0.54432
Feedback: 0.66
Received=	0.1659
Feedback: 0.66
Received=	-0.098186
Feedback: 0.66
Received=	-0.40643
Feedback: 0.66
Received=	-0.36765
=====  12:41:36 - NF  ============
Feedback: 0.9
Received=	0.02208
Feedback: 0.68127
Received=	0.21158
Feedback: 0.55346
Received=	0.16271
Feedback: 0.58642
Received=	0.39075
Feedback: 0.43262
Received=	0.76087
Feedback: 0.183
Received=	0.46917
Feedback: 0.37973
Received=	-0.033412
Feedback: 0.7187
Received=	-0.18323
Feedback: 0.81974
Received=	0.098696
Feedback: 0.6296
Received=	0.19736
Feedback: 0.56305
Received=	0.12878
Feedback: 0.60931
Received=	0.020045
Feedback: 0.68264
Received=	0.41415
Feedback: 0.41684
Received=	0.17843
Feedback: 0.57582
Received=	0.035449
Feedback: 0.67225
Received=	-0.010087
Feedback: 0.70296
Received=	-0.14159
Feedback: 0.79166
Received=	-0.27211
Feedback: 0.87968
Received=	-0.30271
Feedback: 0.9
Received=	-0.54003
Feedback: 0.9
Received=	-0.53527
Feedback: 0.9
Received=	-0.34702
Feedback: 0.9
Received=	-0.20647
Feedback: 0.83541
Received=	0.060907
Feedback: 0.65508
Received=	-0.13995
Feedback: 0.79055
Received=	-0.20783
Feedback: 0.83633
Received=	-0.32509
Feedback: 0.9
Received=	-0.34533
Feedback: 0.9
Received=	-0.32322
Feedback: 0.9
Received=	0.08399
Feedback: 0.63951
Received=	0.12448
Feedback: 0.61221
Received=	0.6011
Feedback: 0.29075
Received=	0.43367
Feedback: 0.40367
Received=	0.044472
Feedback: 0.66617
Received=	-0.21013
Feedback: 0.83788
Received=	-0.20547
Feedback: 0.83474
Received=	-0.16145
Feedback: 0.80505
Received=	-0.11206
Feedback: 0.77174
Received=	-0.16637
Feedback: 0.80837
Received=	-0.36069
Feedback: 0.9
Received=	-0.35657
Feedback: 0.9
Received=	-0.43428
Feedback: 0.9
Received=	-0.93428
Feedback: 0.9
Received=	-1.3154
Feedback: 0.9
Received=	-1.4958
Feedback: 0.9
Received=	-1.7101
Feedback: 0.9
Received=	-1.5785
Feedback: 0.9
Received=	-1.4577
Feedback: 0.9
Received=	-1.5524
Feedback: 0.9
Received=	-1.4109
Feedback: 0.9
Received=	-1.2485
Feedback: 0.9
Received=	-1.1848
Feedback: 0.9
Received=	-0.90548
Feedback: 0.9
Received=	-0.40727
Feedback: 0.9
Received=	-0.24018
Feedback: 0.85815
Received=	-0.54827
Feedback: 0.9
Received=	-0.71699
Feedback: 0.9
Received=	-0.59904
Feedback: 0.9
Received=	-0.2257
Feedback: 0.84838
Calculated range:	[(-2.196480) - (1.803520)]
Success index = (-1.196480)
closing...
