Direction=-1.000000	; step=1.000000;
Received=	0
Feedback: 0.66
Received=	0
Feedback: 0.66
Received=	0
Feedback: 0.66
Received=	0.71347
Feedback: 0.66
Received=	-0.42016
Feedback: 0.66
Received=	0.00018831
Feedback: 0.66
Received=	0.003777
Feedback: 0.66
Received=	-0.41871
Feedback: 0.66
Received=	-0.11879
Feedback: 0.66
Received=	-0.3753
Feedback: 0.66
Received=	-0.318
Feedback: 0.66
Received=	-0.51454
Feedback: 0.66
Received=	-0.62263
Feedback: 0.66
Received=	-0.51057
Feedback: 0.66
Received=	0.099126
Feedback: 0.66
Received=	-0.048374
Feedback: 0.66
Received=	-0.22258
Feedback: 0.66
Received=	-0.11183
Feedback: 0.66
Received=	-0.049043
Feedback: 0.66
Received=	-0.36279
Feedback: 0.66
Received=	-0.70309
=====  12:19:40 - NF  ============
Feedback: 0.83533
Received=	-0.40842
Feedback: 0.64569
Received=	-0.30159
Feedback: 0.57694
Received=	-0.42582
Feedback: 0.65689
Received=	-0.53633
Feedback: 0.72801
Received=	-0.6074
Feedback: 0.77375
Received=	-0.64113
Feedback: 0.79545
Received=	-0.20189
Feedback: 0.51277
Received=	0.024187
Feedback: 0.36728
Received=	-0.28051
Feedback: 0.56337
Received=	-0.3937
Feedback: 0.63622
Received=	-0.21568
Feedback: 0.52165
Received=	-0.076635
Feedback: 0.43216
Received=	0.059079
Feedback: 0.34482
Received=	-0.016771
Feedback: 0.39364
Received=	-0.25625
Feedback: 0.54776
Received=	-0.32552
Feedback: 0.59234
Received=	-0.62277
Feedback: 0.78364
Received=	-0.65396
Feedback: 0.80371
Received=	-0.61499
Feedback: 0.77863
Received=	-0.32613
Feedback: 0.59273
Received=	-0.37126
Feedback: 0.62177
Received=	-0.43565
Feedback: 0.66322
Received=	-0.74222
Feedback: 0.86051
Received=	-0.51971
Feedback: 0.71731
Received=	-0.19091
Feedback: 0.50571
Received=	-0.038347
Feedback: 0.40752
Received=	0.18803
Feedback: 0.26184
Received=	-0.093999
Feedback: 0.44334
Received=	-0.41589
Feedback: 0.6505
Received=	-0.57831
Feedback: 0.75503
Received=	-0.30365
Feedback: 0.57826
Received=	0.083593
Feedback: 0.32905
Received=	0.17381
Feedback: 0.27099
Received=	-0.36059
Feedback: 0.61491
Received=	-0.39198
Feedback: 0.63511
Received=	-0.56547
Feedback: 0.74676
Received=	-0.16176
Feedback: 0.48694
Received=	0.24526
Feedback: 0.225
Received=	0.20032
Feedback: 0.25392
Received=	-0.37995
Feedback: 0.62737
Received=	-0.69887
Feedback: 0.83262
Received=	-0.45599
Feedback: 0.6763
Received=	-0.42637
Feedback: 0.65724
Received=	-0.44708
Feedback: 0.67057
Received=	-0.53095
Feedback: 0.72454
Received=	-0.74205
Feedback: 0.8604
Received=	-0.91534
Feedback: 0.9
Received=	-0.40934
Feedback: 0.64628
Received=	-0.3625
Feedback: 0.61613
Received=	-0.61179
Feedback: 0.77657
Received=	-0.65027
Feedback: 0.80134
Received=	-0.68127
Feedback: 0.82128
Received=	-0.44598
Feedback: 0.66986
Received=	-0.3014
Feedback: 0.57681
Received=	-0.35947
Feedback: 0.61418
Received=	-0.56058
Feedback: 0.74361
Received=	-0.41853
Feedback: 0.6522
Received=	-0.32461
Feedback: 0.59175
Received=	-0.42614
Feedback: 0.65709
Calculated range:	[(-2.000000) - (2.000000)]
Success index = (-0.674735)
Received=	-0.37703
=====  12:22:40 - BASE  ============
Feedback: 0.66
Received=	-0.51071
Feedback: 0.66
Received=	-0.38088
Feedback: 0.66
Received=	-0.046142
Feedback: 0.66
Received=	-0.10169
Feedback: 0.66
Received=	-0.47779
Feedback: 0.66
Received=	-0.43748
Feedback: 0.66
Received=	0.10482
Feedback: 0.66
Received=	-0.33734
Feedback: 0.66
Received=	-0.4685
Feedback: 0.66
Received=	-0.20739
Feedback: 0.66
Received=	-0.35718
Feedback: 0.66
Received=	-0.33356
Feedback: 0.66
Received=	-0.31594
Feedback: 0.66
Received=	-0.66936
Feedback: 0.66
Received=	-0.57896
Feedback: 0.66
Received=	-0.32668
Feedback: 0.66
Received=	-0.24554
Feedback: 0.66
Received=	-0.48376
Feedback: 0.66
Received=	-0.74199
Feedback: 0.66
Received=	-0.3056
=====  12:23:40 - NF  ============
Feedback: 0.45243
Received=	-0.36009
Feedback: 0.50401
Received=	-0.21697
Feedback: 0.36851
Received=	-0.25712
Feedback: 0.40653
Received=	-0.45667
Feedback: 0.59545
Received=	-0.57742
Feedback: 0.70977
Received=	-0.59303
Feedback: 0.72455
Received=	-0.61025
Feedback: 0.74086
Received=	-0.59687
Feedback: 0.72818
Received=	-0.32669
Feedback: 0.47239
Received=	-0.32711
Feedback: 0.47279
Received=	-0.2934
Feedback: 0.44087
Received=	-0.53791
Feedback: 0.67236
Received=	-0.47727
Feedback: 0.61495
Received=	-0.7633
Feedback: 0.88576
Received=	-0.50351
Feedback: 0.6398
Received=	-0.50443
Feedback: 0.64067
Received=	-0.52113
Feedback: 0.65648
Received=	-0.51329
Feedback: 0.64905
Received=	-0.71211
Feedback: 0.83729
Received=	-0.99607
Feedback: 0.9
Received=	-0.49736
Feedback: 0.63397
Received=	-0.080286
Feedback: 0.2391
Received=	-0.19165
Feedback: 0.34453
Received=	-0.55147
Feedback: 0.68521
Received=	-0.50557
Feedback: 0.64175
Received=	-0.39292
Feedback: 0.53509
Received=	-0.54116
Feedback: 0.67544
Received=	-0.46548
Feedback: 0.60379
Received=	-0.31552
Feedback: 0.46181
Received=	-0.35847
Feedback: 0.50248
Received=	-0.69281
Feedback: 0.81902
Received=	-0.83843
Feedback: 0.9
Received=	-0.61107
Feedback: 0.74163
Received=	-0.78437
Feedback: 0.9
Received=	-0.8177
Feedback: 0.9
Received=	-0.90218
Feedback: 0.9
Received=	-0.68484
Feedback: 0.81147
Received=	-0.34719
Feedback: 0.4918
Received=	-0.4992
Feedback: 0.63572
Received=	-0.32834
Feedback: 0.47395
Received=	-0.54722
Feedback: 0.68118
Received=	-0.76066
Feedback: 0.88326
Received=	-0.69631
Feedback: 0.82233
Received=	-0.37691
Feedback: 0.51994
Received=	-0.31551
Feedback: 0.4618
Received=	-0.23277
Feedback: 0.38346
Received=	-0.42045
Feedback: 0.56115
Received=	-0.5856
Feedback: 0.71752
Received=	-0.4381
Feedback: 0.57787
Received=	-0.43683
Feedback: 0.57666
Received=	-0.38021
Feedback: 0.52306
Received=	-0.33396
Feedback: 0.47927
Received=	-0.42654
Feedback: 0.56692
Received=	-0.38716
Feedback: 0.52964
Received=	-0.581
Feedback: 0.71316
Received=	-0.53555
Feedback: 0.67013
Received=	-0.36463
Feedback: 0.50831
Received=	-0.25466
Feedback: 0.40419
Received=	-0.36087
Feedback: 0.50475
Calculated range:	[(-2.000000) - (2.000000)]
Success index = (-0.689347)
Received=	-0.74136
=====  12:26:40 - BASE  ============
Feedback: 0.66
Received=	-0.55925
Feedback: 0.66
Received=	-0.23852
Feedback: 0.66
Received=	-0.22839
Feedback: 0.66
Received=	-0.57159
Feedback: 0.66
Received=	-0.47882
Feedback: 0.66
Received=	-0.62449
Feedback: 0.66
Received=	-0.70699
Feedback: 0.66
Received=	-0.40225
Feedback: 0.66
Received=	-0.20549
Feedback: 0.66
Received=	-0.3024
Feedback: 0.66
Received=	-0.2876
Feedback: 0.66
Received=	-0.055462
Feedback: 0.66
Received=	-0.018782
Feedback: 0.66
Received=	-0.28755
Feedback: 0.66
Received=	-0.33481
Feedback: 0.66
Received=	-0.2635
Feedback: 0.66
Received=	-0.20186
Feedback: 0.66
Received=	-0.74766
Feedback: 0.66
Received=	-0.64211
Feedback: 0.66
Received=	-0.49351
=====  12:27:40 - NF  ============
Feedback: 0.61747
Received=	-0.21565
Feedback: 0.36033
Received=	-0.38596
Feedback: 0.51795
Received=	-0.34916
Feedback: 0.48389
Received=	-0.10745
Feedback: 0.2602
Received=	0.31566
Feedback: 0.1
Received=	-0.038458
Feedback: 0.19635
Received=	-0.55399
Feedback: 0.67344
Received=	-0.6951
Feedback: 0.80403
Received=	-0.63468
Feedback: 0.74812
Received=	-0.62508
Feedback: 0.73923
Received=	-0.46693
Feedback: 0.59288
Received=	-0.4505
Feedback: 0.57767
Received=	-0.41827
Feedback: 0.54785
Received=	-0.41831
Feedback: 0.54788
Received=	-0.48631
Feedback: 0.61081
Received=	-0.58242
Feedback: 0.69975
Received=	-0.59324
Feedback: 0.70977
Received=	-0.53154
Feedback: 0.65266
Received=	-0.49806
Feedback: 0.62168
Received=	-0.57122
Feedback: 0.68938
Received=	-0.16624
Feedback: 0.31461
Received=	-0.17698
Feedback: 0.32455
Received=	-0.23171
Feedback: 0.3752
Received=	-0.32922
Feedback: 0.46544
Received=	-0.75956
Feedback: 0.86368
Received=	-0.7153
Feedback: 0.82272
Received=	-0.3442
Feedback: 0.47929
Received=	-0.034809
Feedback: 0.19298
Received=	-0.095196
Feedback: 0.24886
Received=	-0.48812
Feedback: 0.61249
Received=	-0.50172
Feedback: 0.62507
Received=	-0.2919
Feedback: 0.43089
Received=	-0.30291
Feedback: 0.44109
Received=	-0.46553
Feedback: 0.59158
Received=	-0.51681
Feedback: 0.63903
Received=	-0.76616
Feedback: 0.86979
Received=	-0.60574
Feedback: 0.72134
Received=	-0.5466
Feedback: 0.66661
Received=	-0.37935
Feedback: 0.51182
Received=	-0.60035
Feedback: 0.71635
Received=	-0.4696
Feedback: 0.59535
Received=	-0.42532
Feedback: 0.55437
Received=	-0.24674
Feedback: 0.3891
Received=	-0.50814
Feedback: 0.63101
Received=	-0.47686
Feedback: 0.60207
Received=	-0.76005
Feedback: 0.86414
Received=	-0.51432
Feedback: 0.63673
Received=	-0.43212
Feedback: 0.56066
Received=	-0.60717
Feedback: 0.72266
Received=	-0.53552
Feedback: 0.65636
Received=	-0.64649
Feedback: 0.75905
Received=	-0.81438
Feedback: 0.9
Received=	-0.72617
Feedback: 0.83279
Received=	-0.76527
Feedback: 0.86897
Received=	-0.59125
Feedback: 0.70792
Received=	-0.38569
Feedback: 0.5177
Received=	-0.67425
Feedback: 0.78473
Received=	-0.77828
Feedback: 0.881
Received=	-0.84981
Feedback: 0.9
Calculated range:	[(-2.000000) - (2.000000)]
Success index = (-0.479205)
Received=	-0.99279
=====  12:30:40 - BASE  ============
Feedback: 0.66
Received=	-0.60093
Feedback: 0.66
Received=	-0.52192
Feedback: 0.66
Received=	-0.63153
Feedback: 0.66
Received=	-0.72376
Feedback: 0.66
Received=	-0.51235
Feedback: 0.66
Received=	-0.22671
Feedback: 0.66
Received=	-0.35581
Feedback: 0.66
Received=	-0.60235
Feedback: 0.66
Received=	-0.54742
Feedback: 0.66
Received=	-0.92917
Feedback: 0.66
Received=	-0.80006
Feedback: 0.66
Received=	-0.037645
Feedback: 0.66
Received=	-0.060464
Feedback: 0.66
Received=	-0.50938
Feedback: 0.66
Received=	-0.35359
Feedback: 0.66
Received=	-0.71543
Feedback: 0.66
Received=	-0.60001
Feedback: 0.66
Received=	-0.42598
Feedback: 0.66
Received=	-0.59078
Feedback: 0.66
Received=	-0.99525
=====  12:31:40 - NF  ============
Feedback: 0.9
Received=	-0.463
Feedback: 0.46187
Received=	-0.21905
Feedback: 0.25525
Received=	-0.53773
Feedback: 0.52516
Received=	-0.75374
Feedback: 0.70812
Received=	-0.78214
Feedback: 0.73217
Received=	-0.64852
Feedback: 0.619
Received=	-0.78148
Feedback: 0.73162
Received=	-0.52346
Feedback: 0.51308
Received=	-0.37701
Feedback: 0.38904
Received=	-0.3547
Feedback: 0.37014
Received=	-0.78652
Feedback: 0.73589
Received=	-0.8121
Feedback: 0.75755
Received=	-0.86012
Feedback: 0.79822
Received=	-0.78555
Feedback: 0.73506
Received=	-0.63509
Feedback: 0.60763
Received=	-0.6489
Feedback: 0.61932
Received=	-0.80754
Feedback: 0.75369
Received=	-0.81113
Feedback: 0.75673
Received=	-0.98856
Feedback: 0.9
Received=	-0.83654
Feedback: 0.77825
Received=	-0.60729
Feedback: 0.58408
Received=	-0.6182
Feedback: 0.59332
Received=	-0.62069
Feedback: 0.59543
Received=	-0.39965
Feedback: 0.40821
Received=	-0.40335
Feedback: 0.41135
Received=	-0.3006
Feedback: 0.32432
Received=	-0.33064
Feedback: 0.34977
Received=	-0.31216
Feedback: 0.33411
Received=	-0.61566
Feedback: 0.59117
Received=	-0.5182
Feedback: 0.50862
Received=	-0.53014
Feedback: 0.51874
Received=	-0.54052
Feedback: 0.52753
Received=	-0.42942
Feedback: 0.43343
Received=	-0.38611
Feedback: 0.39674
Received=	-0.27725
Feedback: 0.30454
Received=	-0.55619
Feedback: 0.5408
Received=	-0.59843
Feedback: 0.57658
Received=	-0.47684
Feedback: 0.47359
Received=	-0.44995
Feedback: 0.45081
Received=	-0.43778
Feedback: 0.44051
Received=	-0.64535
Feedback: 0.61631
Received=	-0.80756
Feedback: 0.75371
Received=	-0.72847
Feedback: 0.68672
Received=	-0.57104
Feedback: 0.55338
Received=	-0.52539
Feedback: 0.51472
Received=	-0.63949
Feedback: 0.61135
Received=	-0.8035
Feedback: 0.75027
Received=	-0.77692
Feedback: 0.72775
Received=	-0.97827
Feedback: 0.8983
Received=	-0.83562
Feedback: 0.77747
Received=	-0.39065
Feedback: 0.40059
Received=	0.017127
Feedback: 0.1
Received=	-0.39197
Feedback: 0.40171
Received=	-0.55191
Feedback: 0.53717
Received=	-0.46678
Feedback: 0.46507
Received=	-0.34671
Feedback: 0.36337
Received=	-0.19533
Feedback: 0.23516
Received=	-0.59164
Feedback: 0.57082
Received=	-0.69382
Feedback: 0.65737
Calculated range:	[(-2.000000) - (2.000000)]
Success index = (-0.327001)
Received=	-0.41383
=====  12:34:40 - BASE  ============
Feedback: 0.66
Received=	-0.20494
Feedback: 0.66
Received=	0.32763
Feedback: 0.66
Received=	-0.021368
Feedback: 0.66
Received=	-0.47447
Feedback: 0.66
Received=	-0.81885
Feedback: 0.66
Received=	-0.61077
Feedback: 0.66
Received=	-0.77341
Feedback: 0.66
Received=	-0.99843
Feedback: 0.66
Received=	-0.55079
Feedback: 0.66
Received=	-0.4321
Feedback: 0.66
Received=	-0.36672
Feedback: 0.66
Received=	-0.5932
Feedback: 0.66
Received=	-0.61982
Feedback: 0.66
Received=	-0.83049
Feedback: 0.66
Received=	-0.81537
Feedback: 0.66
Received=	-0.99374
Feedback: 0.66
Received=	-0.61873
Feedback: 0.66
Received=	-1.0705
Feedback: 0.66
Received=	-1.1331
Feedback: 0.66
Received=	-0.60591
=====  12:35:40 - NF  ============
Feedback: 0.48518
Received=	0.694
Feedback: 0.1
Received=	0.19968
Feedback: 0.1
Received=	-0.53911
Feedback: 0.44865
Received=	-0.71896
Feedback: 0.547
Received=	-0.57283
Feedback: 0.46709
Received=	-0.47582
Feedback: 0.41405
Received=	-0.50796
Feedback: 0.43162
Received=	-0.47305
Feedback: 0.41253
Received=	-0.66717
Feedback: 0.51868
Received=	-0.63785
Feedback: 0.50265
Received=	-0.30213
Feedback: 0.31907
Received=	-0.45922
Feedback: 0.40497
Received=	-0.6398
Feedback: 0.50371
Received=	-0.67997
Feedback: 0.52568
Received=	-0.50749
Feedback: 0.43136
Received=	-0.54087
Feedback: 0.44962
Received=	-0.55705
Feedback: 0.45846
Received=	-0.4785
Feedback: 0.41551
Received=	-0.3739
Feedback: 0.35831
Received=	-0.15322
Feedback: 0.23764
Received=	-0.19979
Feedback: 0.26311
Received=	-0.46795
Feedback: 0.40974
Received=	-0.5753
Feedback: 0.46844
Received=	-0.49056
Feedback: 0.4221
Received=	-0.43319
Feedback: 0.39073
Received=	-0.74398
Feedback: 0.56068
Received=	-0.91682
Feedback: 0.65519
Received=	-0.77709
Feedback: 0.57878
Received=	-0.67249
Feedback: 0.52159
Received=	-0.8233
Feedback: 0.60405
Received=	-0.84154
Feedback: 0.61403
Received=	-0.82588
Feedback: 0.60546
Received=	-0.34155
Feedback: 0.34063
Received=	-0.71364
Feedback: 0.54409
Received=	-0.71499
Feedback: 0.54483
Received=	-0.49812
Feedback: 0.42624
Received=	-0.57467
Feedback: 0.4681
Received=	-1.0932
Feedback: 0.75166
Received=	-1.1348
Feedback: 0.77439
Received=	-0.99691
Feedback: 0.69899
Received=	-0.40464
Feedback: 0.37512
Received=	-0.18249
Feedback: 0.25365
Received=	-0.77334
Feedback: 0.57673
Received=	-0.87261
Feedback: 0.63101
Received=	-0.81822
Feedback: 0.60127
Received=	-0.45636
Feedback: 0.40341
Received=	-0.33417
Feedback: 0.33659
Received=	-0.54389
Feedback: 0.45126
Received=	-0.52535
Feedback: 0.44113
Received=	-0.67681
Feedback: 0.52395
Received=	-0.4858
Feedback: 0.4195
Received=	-0.41369
Feedback: 0.38007
Received=	-0.35888
Feedback: 0.3501
Received=	-0.77406
Feedback: 0.57713
Received=	-1.1072
Feedback: 0.75928
Received=	-1.0922
Feedback: 0.75111
Received=	-1.0007
Feedback: 0.70105
Received=	-0.78892
Feedback: 0.58525
Received=	-0.48541
Feedback: 0.41929
Calculated range:	[(-2.000000) - (2.000000)]
Success index = (0.160493)
closing...
