Direction=-1.000000	; step=1.000000;
Received=	0
Feedback: 0.66
Received=	0
Feedback: 0.66
Received=	0
Feedback: 0.66
Received=	-0.24729
Feedback: 0.66
Received=	-0.0068804
Feedback: 0.66
Received=	0.18475
Feedback: 0.66
Received=	0.056127
Feedback: 0.66
Received=	0.091984
Feedback: 0.66
Received=	-0.19529
Feedback: 0.66
Received=	-0.39598
Feedback: 0.66
Received=	-0.54047
Feedback: 0.66
Received=	-0.61886
Feedback: 0.66
Received=	-0.8016
Feedback: 0.66
Received=	-0.84271
Feedback: 0.66
Received=	-0.628
Feedback: 0.66
Received=	-0.14102
Feedback: 0.66
Received=	-0.040449
Feedback: 0.66
Received=	-0.001671
Feedback: 0.66
Received=	0.10166
Feedback: 0.66
Received=	0.44927
Feedback: 0.66
Received=	0.35851
=====  12:20:34 - NF  ============
Feedback: 0.19349
Received=	0.1288
Feedback: 0.31985
Received=	0.22441
Feedback: 0.26726
Received=	0.2519
Feedback: 0.25213
Received=	0.068594
Feedback: 0.35297
Received=	-0.23983
Feedback: 0.52263
Received=	-0.21577
Feedback: 0.5094
Received=	-0.18505
Feedback: 0.49249
Received=	-0.30021
Feedback: 0.55584
Received=	-0.22438
Feedback: 0.51413
Received=	-0.029111
Feedback: 0.40672
Received=	-0.047011
Feedback: 0.41656
Received=	-0.013115
Feedback: 0.39792
Received=	0.14299
Feedback: 0.31205
Received=	-0.21181
Feedback: 0.50721
Received=	0.036096
Feedback: 0.37085
Received=	0.18654
Feedback: 0.28809
Received=	0.047737
Feedback: 0.36444
Received=	-0.33779
Feedback: 0.57652
Received=	-0.26316
Feedback: 0.53547
Received=	-0.2092
Feedback: 0.50578
Received=	0.079453
Feedback: 0.347
Received=	0.23324
Feedback: 0.2624
Received=	0.12701
Feedback: 0.32083
Received=	-0.17833
Feedback: 0.4888
Received=	-0.067139
Feedback: 0.42763
Received=	-0.13697
Feedback: 0.46605
Received=	-0.20066
Feedback: 0.50109
Received=	-0.4506
Feedback: 0.63857
Received=	-0.32458
Feedback: 0.56925
Received=	-0.33379
Feedback: 0.57432
Received=	-0.02822
Feedback: 0.40623
Received=	0.12285
Feedback: 0.32312
Received=	-0.15639
Feedback: 0.47673
Received=	-0.24877
Feedback: 0.52755
Received=	-0.026998
Feedback: 0.40555
Received=	-0.053327
Feedback: 0.42004
Received=	-0.10486
Feedback: 0.44839
Received=	0.091309
Feedback: 0.34047
Received=	0.046426
Feedback: 0.36516
Received=	-0.11078
Feedback: 0.45164
Received=	-0.16217
Feedback: 0.47991
Received=	-0.10256
Feedback: 0.44712
Received=	0.30183
Feedback: 0.22467
Received=	0.32637
Feedback: 0.21117
Received=	-0.12602
Feedback: 0.46002
Received=	-0.25022
Feedback: 0.52834
Received=	-0.19989
Feedback: 0.50066
Received=	-0.25944
Feedback: 0.53342
Received=	-0.045843
Feedback: 0.41592
Received=	0.26852
Feedback: 0.24299
Received=	0.22848
Feedback: 0.26502
Received=	-0.051855
Feedback: 0.41923
Received=	-0.26932
Feedback: 0.53885
Received=	-0.42764
Feedback: 0.62594
Received=	-0.18978
Feedback: 0.4951
Received=	-0.096449
Feedback: 0.44376
Received=	0.0049655
Feedback: 0.38797
Received=	-0.12255
Feedback: 0.45812
Received=	-0.18988
Feedback: 0.49515
Calculated range:	[(-2.000000) - (2.000000)]
Success index = (0.569640)
Received=	-0.34985
=====  12:23:34 - BASE  ============
Feedback: 0.66
Received=	-0.27847
Feedback: 0.66
Received=	0.23526
Feedback: 0.66
Received=	0.2455
Feedback: 0.66
Received=	-0.11093
Feedback: 0.66
Received=	-0.21632
Feedback: 0.66
Received=	-0.20514
Feedback: 0.66
Received=	0.055185
Feedback: 0.66
Received=	-0.16988
Feedback: 0.66
Received=	-0.41803
Feedback: 0.66
Received=	-0.55692
Feedback: 0.66
Received=	-0.49788
Feedback: 0.66
Received=	-0.37255
Feedback: 0.66
Received=	-0.28037
Feedback: 0.66
Received=	-0.343
Feedback: 0.66
Received=	-0.3952
Feedback: 0.66
Received=	-0.26109
Feedback: 0.66
Received=	0.12827
Feedback: 0.66
Received=	0.074025
Feedback: 0.66
Received=	-0.32959
Feedback: 0.66
Received=	0.16429
=====  12:24:35 - NF  ============
Feedback: 0.21109
Received=	0.34152
Feedback: 0.1
Received=	0.2307
Feedback: 0.15693
Received=	-0.24359
Feedback: 0.54377
Received=	-0.15625
Feedback: 0.47253
Received=	-0.020033
Feedback: 0.36143
Received=	-0.365
Feedback: 0.6428
Received=	-0.26574
Feedback: 0.56183
Received=	-0.26802
Feedback: 0.5637
Received=	0.12907
Feedback: 0.23982
Received=	-0.06267
Feedback: 0.39621
Received=	-0.23351
Feedback: 0.53555
Received=	-0.2833
Feedback: 0.57616
Received=	-0.36329
Feedback: 0.6414
Received=	-0.51176
Feedback: 0.7625
Received=	-0.4939
Feedback: 0.74793
Received=	-0.4748
Feedback: 0.73235
Received=	-0.22398
Feedback: 0.52777
Received=	-0.091838
Feedback: 0.42
Received=	0.17536
Feedback: 0.20207
Received=	-0.071404
Feedback: 0.40333
Received=	-0.32854
Feedback: 0.61306
Received=	-0.41757
Feedback: 0.68568
Received=	-0.55063
Feedback: 0.7942
Received=	-0.54261
Feedback: 0.78766
Received=	-0.40778
Feedback: 0.67769
Received=	-0.01621
Feedback: 0.35831
Received=	-0.12674
Feedback: 0.44847
Received=	-0.15012
Feedback: 0.46754
Received=	-0.34885
Feedback: 0.62963
Received=	-0.53632
Feedback: 0.78253
Received=	-0.52643
Feedback: 0.77447
Received=	-0.44107
Feedback: 0.70484
Received=	-0.3568
Feedback: 0.63611
Received=	-0.39428
Feedback: 0.66668
Received=	-0.42231
Feedback: 0.68954
Received=	-0.53131
Feedback: 0.77844
Received=	-0.39733
Feedback: 0.66917
Received=	-0.19172
Feedback: 0.50146
Received=	0.48007
Feedback: 0.1
Received=	0.13451
Feedback: 0.23538
Received=	-0.11438
Feedback: 0.43838
Received=	-0.39157
Feedback: 0.66447
Received=	-0.59928
Feedback: 0.83389
Received=	-0.19438
Feedback: 0.50364
Received=	-0.27874
Feedback: 0.57244
Received=	-0.28434
Feedback: 0.57701
Received=	-0.19623
Feedback: 0.50515
Received=	-0.19789
Feedback: 0.5065
Received=	-0.19351
Feedback: 0.50293
Received=	-0.30901
Feedback: 0.59713
Received=	-0.26368
Feedback: 0.56016
Received=	-0.53497
Feedback: 0.78143
Received=	-0.79294
Feedback: 0.9
Received=	-0.46941
Feedback: 0.72796
Received=	-0.23563
Feedback: 0.53728
Received=	-0.21389
Feedback: 0.51955
Received=	-0.49591
Feedback: 0.74957
Received=	-0.60165
Feedback: 0.83582
Received=	-0.41934
Feedback: 0.68712
Calculated range:	[(-2.000000) - (2.000000)]
Success index = (-0.307413)
Received=	-0.39158
=====  12:27:35 - BASE  ============
Feedback: 0.66
Received=	-0.64453
Feedback: 0.66
Received=	-0.42866
Feedback: 0.66
Received=	-0.06829
Feedback: 0.66
Received=	-0.17831
Feedback: 0.66
Received=	-0.44334
Feedback: 0.66
Received=	-0.72416
Feedback: 0.66
Received=	-0.33108
Feedback: 0.66
Received=	-0.46561
Feedback: 0.66
Received=	-0.51664
Feedback: 0.66
Received=	-0.42682
Feedback: 0.66
Received=	-0.35893
Feedback: 0.66
Received=	-0.020312
Feedback: 0.66
Received=	-0.27619
Feedback: 0.66
Received=	-0.29254
Feedback: 0.66
Received=	-0.050068
Feedback: 0.66
Received=	-0.19687
Feedback: 0.66
Received=	-0.3623
Feedback: 0.66
Received=	-0.28106
Feedback: 0.66
Received=	-0.12486
Feedback: 0.66
Received=	-0.27617
=====  12:28:35 - NF  ============
Feedback: 0.46499
Received=	0.018337
Feedback: 0.14221
Received=	0.16364
Feedback: 0.1
Received=	0.082317
Feedback: 0.1
Received=	-0.037349
Feedback: 0.20324
Received=	-0.17193
Feedback: 0.35075
Received=	-0.40366
Feedback: 0.60472
Received=	-0.57459
Feedback: 0.79206
Received=	-0.076719
Feedback: 0.24639
Received=	0.14674
Feedback: 0.1
Received=	-0.40948
Feedback: 0.6111
Received=	-0.74027
Feedback: 0.9
Received=	-0.36568
Feedback: 0.5631
Received=	-0.19172
Feedback: 0.37243
Received=	-0.24847
Feedback: 0.43464
Received=	-0.27241
Feedback: 0.46087
Received=	-0.32692
Feedback: 0.52061
Received=	-0.20768
Feedback: 0.38992
Received=	-0.18403
Feedback: 0.364
Received=	-0.22452
Feedback: 0.40838
Received=	-0.37998
Feedback: 0.57877
Received=	-0.26791
Feedback: 0.45594
Received=	-0.44258
Feedback: 0.64738
Received=	-0.5916
Feedback: 0.8107
Received=	-0.28138
Feedback: 0.4707
Received=	-0.022013
Feedback: 0.18643
Received=	-0.095823
Feedback: 0.26733
Received=	-0.28253
Feedback: 0.47196
Received=	-0.41332
Feedback: 0.6153
Received=	-0.39236
Feedback: 0.59233
Received=	-0.35432
Feedback: 0.55064
Received=	-0.17721
Feedback: 0.35653
Received=	-0.020201
Feedback: 0.18444
Received=	-0.072744
Feedback: 0.24203
Received=	-0.42226
Feedback: 0.62511
Received=	-0.62184
Feedback: 0.84385
Received=	-0.64777
Feedback: 0.87226
Received=	-0.54117
Feedback: 0.75543
Received=	-0.48422
Feedback: 0.69302
Received=	-0.41648
Feedback: 0.61877
Received=	-0.098487
Feedback: 0.27025
Received=	-0.19947
Feedback: 0.38093
Received=	-0.32824
Feedback: 0.52206
Received=	-0.2103
Feedback: 0.3928
Received=	-0.25863
Feedback: 0.44577
Received=	-0.48627
Feedback: 0.69526
Received=	-0.7644
Feedback: 0.9
Received=	-0.54666
Feedback: 0.76145
Received=	-0.48185
Feedback: 0.69042
Received=	-0.48934
Feedback: 0.69863
Received=	-0.47545
Feedback: 0.6834
Received=	0.069031
Feedback: 0.1
Received=	-0.15316
Feedback: 0.33017
Received=	-0.31487
Feedback: 0.5074
Received=	-0.32265
Feedback: 0.51593
Received=	-0.3618
Feedback: 0.55884
Received=	-0.098462
Feedback: 0.27022
Received=	-0.21322
Feedback: 0.39599
Received=	-0.6324
Feedback: 0.85542
Received=	-0.42749
Feedback: 0.63084
Calculated range:	[(-2.000000) - (2.000000)]
Success index = (0.037486)
Received=	-0.22264
=====  12:31:35 - BASE  ============
Feedback: 0.66
Received=	-0.26089
Feedback: 0.66
Received=	-0.47445
Feedback: 0.66
Received=	-0.55991
Feedback: 0.66
Received=	-0.18275
Feedback: 0.66
Received=	-0.011948
Feedback: 0.66
Received=	0.123
Feedback: 0.66
Received=	0.072914
Feedback: 0.66
Received=	-0.41991
Feedback: 0.66
Received=	-0.38497
Feedback: 0.66
Received=	-0.36604
Feedback: 0.66
Received=	-0.10662
Feedback: 0.66
Received=	-0.14785
Feedback: 0.66
Received=	0.15237
Feedback: 0.66
Received=	-0.097051
Feedback: 0.66
Received=	-0.31657
Feedback: 0.66
Received=	-0.29689
Feedback: 0.66
Received=	-0.29559
Feedback: 0.66
Received=	-0.48984
Feedback: 0.66
Received=	-0.61117
Feedback: 0.66
Received=	-0.4522
=====  12:32:35 - NF  ============
Feedback: 0.67758
Received=	-0.22647
Feedback: 0.48395
Received=	-0.23112
Feedback: 0.48794
Received=	-0.19613
Feedback: 0.45793
Received=	-0.51281
Feedback: 0.72957
Received=	-0.26887
Feedback: 0.52032
Received=	-0.48705
Feedback: 0.70748
Received=	-0.75483
Feedback: 0.9
Received=	-0.55745
Feedback: 0.76787
Received=	-0.2084
Feedback: 0.46845
Received=	-0.031459
Feedback: 0.31667
Received=	-0.10942
Feedback: 0.38354
Received=	-0.31488
Feedback: 0.55979
Received=	-0.25462
Feedback: 0.5081
Received=	0.040334
Feedback: 0.25508
Received=	0.19929
Feedback: 0.11872
Received=	0.072568
Feedback: 0.22743
Received=	-0.39913
Feedback: 0.63206
Received=	-0.46061
Feedback: 0.6848
Received=	-0.14142
Feedback: 0.41099
Received=	-0.29756
Feedback: 0.54493
Received=	-0.17354
Feedback: 0.43855
Received=	-0.27716
Feedback: 0.52743
Received=	-0.38006
Feedback: 0.6157
Received=	-0.53653
Feedback: 0.74992
Received=	-0.68032
Feedback: 0.87327
Received=	-0.63409
Feedback: 0.83361
Received=	-0.54504
Feedback: 0.75723
Received=	-0.35461
Feedback: 0.59387
Received=	-0.52399
Feedback: 0.73917
Received=	-0.46912
Feedback: 0.69209
Received=	-0.34307
Feedback: 0.58397
Received=	-0.39442
Feedback: 0.62802
Received=	-0.096821
Feedback: 0.37273
Received=	-0.31053
Feedback: 0.55606
Received=	-0.51061
Feedback: 0.72769
Received=	-0.41777
Feedback: 0.64804
Received=	-0.10463
Feedback: 0.37943
Received=	-0.13884
Feedback: 0.40878
Received=	-0.54704
Feedback: 0.75894
Received=	-0.2815
Feedback: 0.53116
Received=	-0.1089
Feedback: 0.3831
Received=	-0.23764
Feedback: 0.49353
Received=	-0.11941
Feedback: 0.39211
Received=	-0.07814
Feedback: 0.35671
Received=	-0.13209
Feedback: 0.40299
Received=	-0.39687
Feedback: 0.63012
Received=	-0.26914
Feedback: 0.52055
Received=	-0.43009
Feedback: 0.65862
Received=	-0.25003
Feedback: 0.50416
Received=	-0.05062
Feedback: 0.3331
Received=	-0.12353
Feedback: 0.39564
Received=	-0.31419
Feedback: 0.55919
Received=	-0.42757
Feedback: 0.65646
Received=	-0.54411
Feedback: 0.75643
Received=	-0.51987
Feedback: 0.73563
Received=	-0.48994
Feedback: 0.70996
Received=	-0.27656
Feedback: 0.52692
Received=	0.013287
Feedback: 0.27828
Received=	-0.19809
Feedback: 0.4596
Calculated range:	[(-2.000000) - (2.000000)]
Success index = (-0.286334)
Received=	-0.39999
=====  12:35:34 - BASE  ============
Feedback: 0.66
Received=	-0.37242
Feedback: 0.66
Received=	0.13163
Feedback: 0.66
Received=	-0.0075719
Feedback: 0.66
Received=	-0.3439
Feedback: 0.66
Received=	-0.4712
Feedback: 0.66
Received=	-0.44091
Feedback: 0.66
Received=	-0.49776
Feedback: 0.66
Received=	-0.45779
Feedback: 0.66
Received=	-0.28728
Feedback: 0.66
Received=	-0.1359
Feedback: 0.66
Received=	-0.37036
Feedback: 0.66
Received=	-0.52337
Feedback: 0.66
Received=	-0.025085
Feedback: 0.66
Received=	-0.21867
Feedback: 0.66
Received=	-0.42257
Feedback: 0.66
Received=	-0.27167
Feedback: 0.66
Received=	-0.11675
Feedback: 0.66
Received=	-0.26917
Feedback: 0.66
Received=	-0.21171
Feedback: 0.66
Received=	-0.58599
=====  12:36:35 - NF  ============
Feedback: 0.83237
Received=	-0.43271
Feedback: 0.66884
Received=	0.088166
Feedback: 0.11315
Received=	-0.065952
Feedback: 0.27757
Received=	-0.40515
Feedback: 0.63945
Received=	-0.51526
Feedback: 0.75691
Received=	-0.24583
Feedback: 0.46947
Received=	-0.59833
Feedback: 0.84554
Received=	-0.42975
Feedback: 0.66569
Received=	0.06836
Feedback: 0.13428
Received=	0.0053728
Feedback: 0.20147
Received=	-0.33137
Feedback: 0.56073
Received=	-0.33644
Feedback: 0.56614
Received=	-0.53908
Feedback: 0.78233
Received=	-0.36717
Feedback: 0.59893
Received=	-0.45957
Feedback: 0.6975
Received=	-0.40158
Feedback: 0.63564
Received=	-0.22358
Feedback: 0.44573
Received=	-0.43124
Feedback: 0.66727
Received=	-0.74356
Feedback: 0.9
Received=	-0.63203
Feedback: 0.88149
Received=	-0.17381
Feedback: 0.39263
Received=	-0.025488
Feedback: 0.2344
Received=	-0.35754
Feedback: 0.58865
Received=	-0.31793
Feedback: 0.54639
Received=	-0.27649
Feedback: 0.50218
Received=	-0.33904
Feedback: 0.56891
Received=	-0.36229
Feedback: 0.59372
Received=	-0.35681
Feedback: 0.58787
Received=	-0.37246
Feedback: 0.60457
Received=	-0.45916
Feedback: 0.69707
Received=	-0.39412
Feedback: 0.62767
Received=	-0.24588
Feedback: 0.46952
Received=	-0.095722
Feedback: 0.30933
Received=	-0.1691
Feedback: 0.38762
Received=	-0.169
Feedback: 0.3875
Received=	-0.23587
Feedback: 0.45884
Received=	-0.31968
Feedback: 0.54826
Received=	-0.38633
Feedback: 0.61936
Received=	-0.17037
Feedback: 0.38896
Received=	0.20223
Feedback: 0.1
Received=	0.061576
Feedback: 0.14151
Received=	-0.3949
Feedback: 0.62851
Received=	-0.35073
Feedback: 0.58138
Received=	-0.10486
Feedback: 0.31908
Received=	-0.26669
Feedback: 0.49173
Received=	-0.61633
Feedback: 0.86474
Received=	-0.46735
Feedback: 0.7058
Received=	-0.27052
Feedback: 0.49581
Received=	-0.16243
Feedback: 0.38049
Received=	-0.32282
Feedback: 0.55161
Received=	-0.41558
Feedback: 0.65057
Received=	-0.096808
Feedback: 0.31049
Received=	-0.084723
Feedback: 0.29759
Received=	-0.59414
Feedback: 0.84106
Received=	-0.67139
Feedback: 0.9
Received=	-0.65641
Feedback: 0.9
Received=	-0.5124
Feedback: 0.75386
Received=	-0.40093
Feedback: 0.63494
Received=	-0.62494
Feedback: 0.87392
Calculated range:	[(-2.000000) - (2.000000)]
Success index = (-0.254283)
closing...
