Direction=-1.000000	; step=1.000000;
Received=	0
Feedback: 0.66
Received=	0
Feedback: 0.66
Received=	0
Feedback: 0.66
Received=	-0.2034
Feedback: 0.66
Received=	-0.2739
Feedback: 0.66
Received=	0.87612
Feedback: 0.66
Received=	0.94594
Feedback: 0.66
Received=	0.2988
Feedback: 0.66
Received=	-0.2434
Feedback: 0.66
Received=	-0.43646
Feedback: 0.66
Received=	-0.41277
Feedback: 0.66
Received=	-0.75241
Feedback: 0.66
Received=	-0.80915
Feedback: 0.66
Received=	-0.93183
Feedback: 0.66
Received=	-0.59857
Feedback: 0.66
Received=	-0.52257
Feedback: 0.66
Received=	-0.0048273
Feedback: 0.66
Received=	-0.037193
Feedback: 0.66
Received=	-0.27371
Feedback: 0.66
Received=	-0.25647
Feedback: 0.66
Received=	-0.38001
=====  13:7:35 - NF  ============
Feedback: 0.56986
Received=	-0.60045
Feedback: 0.65635
Received=	-0.30667
Feedback: 0.54107
Received=	-0.35092
Feedback: 0.55844
Received=	-0.39167
Feedback: 0.57443
Received=	-0.24762
Feedback: 0.5179
Received=	-0.17864
Feedback: 0.49084
Received=	-0.17094
Feedback: 0.48782
Received=	-0.33072
Feedback: 0.55051
Received=	-0.37258
Feedback: 0.56694
Received=	-0.5749
Feedback: 0.64633
Received=	-0.50274
Feedback: 0.61801
Received=	-0.57169
Feedback: 0.64507
Received=	-0.49839
Feedback: 0.61631
Received=	-0.2757
Feedback: 0.52892
Received=	0.053131
Feedback: 0.39989
Received=	0.12431
Feedback: 0.37196
Received=	-0.15943
Feedback: 0.4833
Received=	-0.42141
Feedback: 0.5861
Received=	-0.64158
Feedback: 0.67249
Received=	-0.82651
Feedback: 0.74506
Received=	-0.37861
Feedback: 0.56931
Received=	-0.8995
Feedback: 0.7737
Received=	-1.274
Feedback: 0.9
Received=	-0.91835
Feedback: 0.78109
Received=	-0.60319
Feedback: 0.65743
Received=	-0.29695
Feedback: 0.53726
Received=	-0.539
Feedback: 0.63224
Received=	-0.2209
Feedback: 0.50742
Received=	-0.52898
Feedback: 0.62831
Received=	-0.58391
Feedback: 0.64986
Received=	-0.63182
Feedback: 0.66866
Received=	-0.47074
Feedback: 0.60546
Received=	-0.8192
Feedback: 0.74219
Received=	-0.59576
Feedback: 0.65451
Received=	-0.914
Feedback: 0.77939
Received=	-0.54654
Feedback: 0.6352
Received=	-0.89869
Feedback: 0.77338
Received=	-0.99064
Feedback: 0.80946
Received=	-0.77632
Feedback: 0.72536
Received=	-0.84312
Feedback: 0.75157
Received=	-0.59954
Feedback: 0.65599
Received=	-0.36785
Feedback: 0.56508
Received=	-0.30515
Feedback: 0.54048
Received=	-0.41756
Feedback: 0.58459
Received=	-0.08581
Feedback: 0.45441
Received=	-0.21527
Feedback: 0.50521
Received=	-0.30142
Feedback: 0.53902
Received=	-0.69108
Feedback: 0.69191
Received=	-0.54858
Feedback: 0.636
Received=	-0.33105
Feedback: 0.55064
Received=	-0.46205
Feedback: 0.60205
Received=	-0.57004
Feedback: 0.64442
Received=	-0.53828
Feedback: 0.63196
Received=	-0.57561
Feedback: 0.64661
Received=	-0.35748
Feedback: 0.56101
Received=	-0.36962
Feedback: 0.56578
Received=	-0.47339
Feedback: 0.60649
Received=	-0.16618
Feedback: 0.48595
Received=	-0.12094
Feedback: 0.4682
Calculated range:	[(-2.000000) - (2.000000)]
Success index = (-0.868932)
Received=	-0.51089
=====  13:10:35 - BASE  ============
Feedback: 0.66
Received=	-0.56381
Feedback: 0.66
Received=	-0.51892
Feedback: 0.66
Received=	-0.31586
Feedback: 0.66
Received=	-0.38899
Feedback: 0.66
Received=	-0.66365
Feedback: 0.66
Received=	-0.90796
Feedback: 0.66
Received=	-0.93442
Feedback: 0.66
Received=	-0.40098
Feedback: 0.66
Received=	-0.0307
Feedback: 0.66
Received=	-0.25804
Feedback: 0.66
Received=	-0.29007
Feedback: 0.66
Received=	-0.31713
Feedback: 0.66
Received=	-0.47783
Feedback: 0.66
Received=	-0.75915
Feedback: 0.66
Received=	-0.30567
Feedback: 0.66
Received=	-0.015749
Feedback: 0.66
Received=	-0.082794
Feedback: 0.66
Received=	0.053193
Feedback: 0.66
Received=	0.22871
Feedback: 0.66
Received=	0.044833
=====  13:11:35 - NF  ============
Feedback: 0.25203
Received=	-0.12076
Feedback: 0.35479
Received=	-0.32779
Feedback: 0.48326
Received=	-0.5661
Feedback: 0.63113
Received=	-0.074235
Feedback: 0.32592
Received=	-0.028499
Feedback: 0.29754
Received=	-0.2558
Feedback: 0.43858
Received=	-0.088721
Feedback: 0.33491
Received=	-0.30179
Feedback: 0.46712
Received=	-0.39486
Feedback: 0.52487
Received=	-0.11005
Feedback: 0.34814
Received=	-0.24738
Feedback: 0.43336
Received=	-0.38852
Feedback: 0.52094
Received=	-0.33684
Feedback: 0.48887
Received=	-0.16357
Feedback: 0.38135
Received=	-0.022848
Feedback: 0.29403
Received=	-0.15097
Feedback: 0.37353
Received=	-0.30194
Feedback: 0.46721
Received=	-0.16432
Feedback: 0.38182
Received=	-0.052452
Feedback: 0.3124
Received=	-0.32571
Feedback: 0.48196
Received=	-0.51121
Feedback: 0.59707
Received=	-1.0735
Feedback: 0.9
Received=	-1.1571
Feedback: 0.9
Received=	-0.85065
Feedback: 0.8077
Received=	-0.53537
Feedback: 0.61206
Received=	-0.3347
Feedback: 0.48754
Received=	-0.11321
Feedback: 0.3501
Received=	0.087001
Feedback: 0.22587
Received=	-0.15632
Feedback: 0.37685
Received=	-0.23061
Feedback: 0.42295
Received=	-0.040207
Feedback: 0.3048
Received=	-0.33323
Feedback: 0.48663
Received=	-0.66247
Feedback: 0.69093
Received=	-0.62479
Feedback: 0.66755
Received=	-0.78612
Feedback: 0.76766
Received=	-0.60944
Feedback: 0.65802
Received=	-0.71034
Feedback: 0.72064
Received=	-0.84277
Feedback: 0.80281
Received=	-0.79927
Feedback: 0.77581
Received=	-0.39217
Feedback: 0.5232
Received=	-0.14625
Feedback: 0.37061
Received=	-0.17461
Feedback: 0.3882
Received=	-0.31823
Feedback: 0.47732
Received=	-0.1996
Feedback: 0.40371
Received=	-0.20531
Feedback: 0.40725
Received=	-0.55979
Feedback: 0.62721
Received=	-0.57418
Feedback: 0.63614
Received=	-0.77805
Feedback: 0.76265
Received=	-0.67961
Feedback: 0.70157
Received=	-0.37103
Feedback: 0.51009
Received=	-0.39795
Feedback: 0.52679
Received=	-0.12595
Feedback: 0.35801
Received=	-0.18976
Feedback: 0.3976
Received=	-0.1027
Feedback: 0.34358
Received=	-0.26553
Feedback: 0.44462
Received=	-0.21506
Feedback: 0.4133
Received=	-0.20236
Feedback: 0.40542
Received=	-0.1208
Feedback: 0.35481
Received=	-0.15386
Feedback: 0.37533
Calculated range:	[(-2.000000) - (2.000000)]
Success index = (0.026091)
Received=	-0.22284
=====  13:14:35 - BASE  ============
Feedback: 0.66
Received=	0.02229
Feedback: 0.66
Received=	-0.15552
Feedback: 0.66
Received=	0.0053452
Feedback: 0.66
Received=	0.11596
Feedback: 0.66
Received=	0.13559
Feedback: 0.66
Received=	-0.095575
Feedback: 0.66
Received=	0.029249
Feedback: 0.66
Received=	0.25362
Feedback: 0.66
Received=	-0.059066
Feedback: 0.66
Received=	-0.61082
Feedback: 0.66
Received=	-0.76163
Feedback: 0.66
Received=	-0.41057
Feedback: 0.66
Received=	-0.1861
Feedback: 0.66
Received=	-0.094728
Feedback: 0.66
Received=	0.37371
Feedback: 0.66
Received=	0.27702
Feedback: 0.66
Received=	-0.030931
Feedback: 0.66
Received=	-0.069752
Feedback: 0.66
Received=	0.26522
Feedback: 0.66
Received=	0.50952
=====  13:15:35 - NF  ============
Feedback: 0.12308
Received=	0.39873
Feedback: 0.19684
Received=	0.053866
Feedback: 0.42645
Received=	0.15652
Feedback: 0.3581
Received=	0.30571
Feedback: 0.25878
Received=	0.31881
Feedback: 0.25005
Received=	0.18896
Feedback: 0.3365
Received=	-0.10694
Feedback: 0.53351
Received=	-0.26095
Feedback: 0.63605
Received=	-0.53395
Feedback: 0.8178
Received=	-0.45503
Feedback: 0.76526
Received=	-0.7998
Feedback: 0.9
Received=	-0.79586
Feedback: 0.9
Received=	-0.43242
Feedback: 0.7502
Received=	-0.82124
Feedback: 0.9
Received=	-0.99661
Feedback: 0.9
Received=	-0.39071
Feedback: 0.72244
Received=	-0.0025768
Feedback: 0.46403
Received=	-0.23013
Feedback: 0.61553
Received=	-0.029213
Feedback: 0.48176
Received=	0.014816
Feedback: 0.45245
Received=	0.29078
Feedback: 0.26872
Received=	0.11124
Feedback: 0.38825
Received=	-0.49652
Feedback: 0.79288
Received=	-0.65245
Feedback: 0.8967
Received=	-0.55848
Feedback: 0.83413
Received=	-0.42961
Feedback: 0.74833
Received=	-0.13089
Feedback: 0.54945
Received=	0.12578
Feedback: 0.37857
Received=	-0.34202
Feedback: 0.69002
Received=	-0.48963
Feedback: 0.7883
Received=	-0.26221
Feedback: 0.63688
Received=	-0.10144
Feedback: 0.52984
Received=	-0.38673
Feedback: 0.71979
Received=	-0.32512
Feedback: 0.67877
Received=	-0.2582
Feedback: 0.63421
Received=	-0.60454
Feedback: 0.8648
Received=	-1.1389
Feedback: 0.9
Received=	-0.88036
Feedback: 0.9
Received=	-0.56436
Feedback: 0.83805
Received=	-0.29853
Feedback: 0.66106
Received=	-0.46546
Feedback: 0.7722
Received=	-0.76175
Feedback: 0.9
Received=	-0.72886
Feedback: 0.9
Received=	-0.56701
Feedback: 0.83982
Received=	-0.31398
Feedback: 0.67135
Received=	-0.29944
Feedback: 0.66167
Received=	0.13465
Feedback: 0.37266
Received=	-0.079445
Feedback: 0.5152
Received=	0.0012732
Feedback: 0.46146
Received=	0.050602
Feedback: 0.42862
Received=	-0.077659
Feedback: 0.51401
Received=	-0.10726
Feedback: 0.53372
Received=	-0.059396
Feedback: 0.50185
Received=	-0.30468
Feedback: 0.66516
Received=	-0.45922
Feedback: 0.76805
Received=	-0.39445
Feedback: 0.72493
Received=	-0.23939
Feedback: 0.62169
Received=	0.03484
Feedback: 0.43911
Received=	-0.17554
Feedback: 0.57918
Calculated range:	[(-2.000000) - (2.000000)]
Success index = (-0.613850)
Received=	-0.076702
=====  13:18:35 - BASE  ============
Feedback: 0.66
Received=	0.096864
Feedback: 0.66
Received=	0.065776
Feedback: 0.66
Received=	-0.40199
Feedback: 0.66
Received=	-0.47719
Feedback: 0.66
Received=	-0.3275
Feedback: 0.66
Received=	-0.52868
Feedback: 0.66
Received=	-0.47753
Feedback: 0.66
Received=	-0.1131
Feedback: 0.66
Received=	-0.30977
Feedback: 0.66
Received=	-0.59529
Feedback: 0.66
Received=	-0.70579
Feedback: 0.66
Received=	-0.62204
Feedback: 0.66
Received=	-0.66898
Feedback: 0.66
Received=	-0.61453
Feedback: 0.66
Received=	-0.78579
Feedback: 0.66
Received=	-0.71602
Feedback: 0.66
Received=	-0.18607
Feedback: 0.66
Received=	-0.41998
Feedback: 0.66
Received=	-0.52435
Feedback: 0.66
Received=	-0.19745
=====  13:19:35 - NF  ============
Feedback: 0.26151
Received=	-0.24492
Feedback: 0.30348
Received=	0.22535
Feedback: 0.1
Received=	0.17301
Feedback: 0.1
Received=	-0.22292
Feedback: 0.28403
Received=	-0.24199
Feedback: 0.30089
Received=	-0.25008
Feedback: 0.30805
Received=	0.13264
Feedback: 0.1
Received=	0.065699
Feedback: 0.1
Received=	0.12573
Feedback: 0.1
Received=	-0.25665
Feedback: 0.31385
Received=	-0.61182
Feedback: 0.62792
Received=	-0.83424
Feedback: 0.82459
Received=	-0.66767
Feedback: 0.6773
Received=	-0.42402
Feedback: 0.46186
Received=	-0.66243
Feedback: 0.67267
Received=	-0.57457
Feedback: 0.59498
Received=	-0.018813
Feedback: 0.10355
Received=	-0.077897
Feedback: 0.15579
Received=	-0.078518
Feedback: 0.15634
Received=	-0.38089
Feedback: 0.42371
Received=	-0.80061
Feedback: 0.79486
Received=	-0.65001
Feedback: 0.66169
Received=	-0.69876
Feedback: 0.7048
Received=	-0.32774
Feedback: 0.37672
Received=	-0.26861
Feedback: 0.32443
Received=	-0.32937
Feedback: 0.37816
Received=	-0.58462
Feedback: 0.60387
Received=	-0.71271
Feedback: 0.71713
Received=	-0.81341
Feedback: 0.80618
Received=	-1.0268
Feedback: 0.9
Received=	-0.93279
Feedback: 0.9
Received=	-0.88015
Feedback: 0.8652
Received=	-0.76518
Feedback: 0.76353
Received=	-0.031549
Feedback: 0.11481
Received=	-0.14654
Feedback: 0.21649
Received=	-0.12308
Feedback: 0.19575
Received=	-0.017191
Feedback: 0.10211
Received=	0.12424
Feedback: 0.1
Received=	-0.19055
Feedback: 0.2554
Received=	-0.2476
Feedback: 0.30586
Received=	-0.15494
Feedback: 0.22392
Received=	-0.08254
Feedback: 0.1599
Received=	-0.080584
Feedback: 0.15817
Received=	-0.76237
Feedback: 0.76104
Received=	-1.0466
Feedback: 0.9
Received=	-0.89181
Feedback: 0.8755
Received=	-0.69382
Feedback: 0.70042
Received=	-0.11659
Feedback: 0.19001
Received=	0.075841
Feedback: 0.1
Received=	-0.14279
Feedback: 0.21318
Received=	-0.16214
Feedback: 0.23028
Received=	0.026945
Feedback: 0.1
Received=	0.17525
Feedback: 0.1
Received=	0.41827
Feedback: 0.1
Received=	-0.015566
Feedback: 0.10068
Received=	-0.43993
Feedback: 0.47592
Received=	-0.68417
Feedback: 0.6919
Received=	-0.54138
Feedback: 0.56563
Received=	-0.62634
Feedback: 0.64076
Calculated range:	[(-2.000000) - (2.000000)]
Success index = (0.396245)
Received=	-0.38573
=====  13:22:35 - BASE  ============
Feedback: 0.66
Received=	-0.28542
Feedback: 0.66
Received=	-0.2977
Feedback: 0.66
Received=	-0.30638
Feedback: 0.66
Received=	-0.3487
Feedback: 0.66
Received=	-0.15428
Feedback: 0.66
Received=	-0.7394
Feedback: 0.66
Received=	-0.89939
Feedback: 0.66
Received=	-0.069086
Feedback: 0.66
Received=	-0.17207
Feedback: 0.66
Received=	-0.39881
Feedback: 0.66
Received=	-0.28891
Feedback: 0.66
Received=	-0.67286
Feedback: 0.66
Received=	-1.4597
Feedback: 0.66
Received=	-1.3641
Feedback: 0.66
Received=	-0.65491
Feedback: 0.66
Received=	-0.45355
Feedback: 0.66
Received=	-0.33169
Feedback: 0.66
Received=	-0.44373
Feedback: 0.66
Received=	0.059828
Feedback: 0.66
Received=	-0.089166
=====  13:23:35 - NF  ============
Feedback: 0.2996
Received=	-0.06865
Feedback: 0.28958
Received=	-0.19652
Feedback: 0.35199
Received=	-0.35134
Feedback: 0.42756
Received=	-0.24546
Feedback: 0.37589
Received=	-0.42186
Feedback: 0.46199
Received=	-0.28558
Feedback: 0.39547
Received=	-0.36965
Feedback: 0.4365
Received=	-0.413
Feedback: 0.45766
Received=	-0.54444
Feedback: 0.52182
Received=	-0.72563
Feedback: 0.61026
Received=	-0.50975
Feedback: 0.50488
Received=	-0.67359
Feedback: 0.58485
Received=	-0.90457
Feedback: 0.6976
Received=	-1.1277
Feedback: 0.80649
Received=	-1.0855
Feedback: 0.78589
Received=	-0.94265
Feedback: 0.71618
Received=	-0.60816
Feedback: 0.55292
Received=	-0.7447
Feedback: 0.61956
Received=	-0.83021
Feedback: 0.6613
Received=	-0.34933
Feedback: 0.42658
Received=	-0.14643
Feedback: 0.32754
Received=	0.13437
Feedback: 0.19048
Received=	0.28224
Feedback: 0.11831
Received=	0.26318
Feedback: 0.12761
Received=	-0.27433
Feedback: 0.38998
Received=	-0.45629
Feedback: 0.47879
Received=	-0.59729
Feedback: 0.54761
Received=	-0.85245
Feedback: 0.67216
Received=	-0.38967
Feedback: 0.44627
Received=	-0.12435
Feedback: 0.31677
Received=	-0.19114
Feedback: 0.34937
Received=	-0.32546
Feedback: 0.41493
Received=	-0.22014
Feedback: 0.36352
Received=	-0.16365
Feedback: 0.33595
Received=	-0.54341
Feedback: 0.52131
Received=	-0.79908
Feedback: 0.64611
Received=	-0.78668
Feedback: 0.64005
Received=	-0.77662
Feedback: 0.63514
Received=	-0.55588
Feedback: 0.5274
Received=	-0.31928
Feedback: 0.41192
Received=	-0.33141
Feedback: 0.41784
Received=	-0.44994
Feedback: 0.47569
Received=	-0.60066
Feedback: 0.54926
Received=	-0.53798
Feedback: 0.51866
Received=	-0.47037
Feedback: 0.48566
Received=	-0.46978
Feedback: 0.48537
Received=	-0.37959
Feedback: 0.44135
Received=	-0.45984
Feedback: 0.48052
Received=	-0.29305
Feedback: 0.39911
Received=	-0.19128
Feedback: 0.34944
Received=	-0.089718
Feedback: 0.29986
Received=	-0.2841
Feedback: 0.39474
Received=	-0.25256
Feedback: 0.37935
Received=	-0.34091
Feedback: 0.42247
Received=	-0.68365
Feedback: 0.58977
Received=	-0.39757
Feedback: 0.45013
Received=	-0.19288
Feedback: 0.35022
Received=	-0.25254
Feedback: 0.37934
Received=	-0.43037
Feedback: 0.46614
Calculated range:	[(-2.000000) - (2.000000)]
Success index = (0.237668)
closing...
