Direction=-1.000000	; step=1.000000;
Received=	0
Feedback: 0.66
Received=	0
Feedback: 0.66
Received=	0
Feedback: 0.66
Received=	0.26581
Feedback: 0.66
Received=	0.037029
Feedback: 0.66
Received=	0.066177
Feedback: 0.66
Received=	0.087676
Feedback: 0.66
Received=	0.333
Feedback: 0.66
Received=	0.33281
Feedback: 0.66
Received=	0.43545
Feedback: 0.66
Received=	0.18799
Feedback: 0.66
Received=	0.37197
Feedback: 0.66
Received=	0.26931
Feedback: 0.66
Received=	0.29627
Feedback: 0.66
Received=	0.16951
Feedback: 0.66
Received=	0.22152
Feedback: 0.66
Received=	0.22155
Feedback: 0.66
Received=	0.22143
Feedback: 0.66
Received=	0.038283
Feedback: 0.66
Received=	0.10296
Feedback: 0.66
Received=	0.19382
=====  13:11:8 - NF  ============
Feedback: 0.51488
Received=	0.42286
Feedback: 0.15385
Received=	0.50626
Feedback: 0.1
Received=	0.28683
Feedback: 0.36827
Received=	0.88242
Feedback: 0.1
Received=	0.70948
Feedback: 0.1
Received=	0.45805
Feedback: 0.1
Received=	0.71805
Feedback: 0.1
Received=	0.86632
Feedback: 0.1
Received=	0.54318
Feedback: 0.1
Received=	0.41124
Feedback: 0.17216
Received=	0.35734
Feedback: 0.25712
Received=	0.33284
Feedback: 0.29574
Received=	0.19196
Feedback: 0.51782
Received=	0.1401
Feedback: 0.59957
Received=	0.58038
Feedback: 0.1
Received=	0.77492
Feedback: 0.1
Received=	0.29081
Feedback: 0.362
Received=	0.43457
Feedback: 0.13539
Received=	0.38839
Feedback: 0.20818
Received=	-0.030442
Feedback: 0.8684
Received=	0.057967
Feedback: 0.72903
Received=	0.12799
Feedback: 0.61865
Received=	-0.027245
Feedback: 0.86336
Received=	-0.21231
Feedback: 0.9
Received=	-0.17901
Feedback: 0.9
Received=	-0.011111
Feedback: 0.83792
Received=	0.29165
Feedback: 0.36068
Received=	0.45787
Feedback: 0.1
Received=	0.54238
Feedback: 0.1
Received=	0.62785
Feedback: 0.1
Received=	0.47797
Feedback: 0.1
Received=	0.51138
Feedback: 0.1
Received=	0.74099
Feedback: 0.1
Received=	0.844
Feedback: 0.1
Received=	0.66736
Feedback: 0.1
Received=	0.42769
Feedback: 0.14624
Received=	0.30678
Feedback: 0.33683
Received=	0.46363
Feedback: 0.1
Received=	0.35879
Feedback: 0.25485
Received=	0.50452
Feedback: 0.1
Received=	0.45318
Feedback: 0.10605
Received=	0.61458
Feedback: 0.1
Received=	0.45889
Feedback: 0.1
Received=	0.70073
Feedback: 0.1
Received=	0.9148
Feedback: 0.1
Received=	0.4824
Feedback: 0.1
Received=	0.45134
Feedback: 0.10895
Received=	0.41584
Feedback: 0.16492
Received=	0.52826
Feedback: 0.1
Received=	0.624
Feedback: 0.1
Received=	0.58303
Feedback: 0.1
Received=	0.5407
Feedback: 0.1
Received=	0.6141
Feedback: 0.1
Received=	0.49174
Feedback: 0.1
Received=	0.68347
Feedback: 0.1
Received=	0.87673
Feedback: 0.1
Received=	0.91667
Feedback: 0.1
Received=	0.75031
Feedback: 0.1
Received=	0.48034
Feedback: 0.1
Calculated range:	[(-2.000000) - (2.000000)]
Success index = (1.145979)
Received=	0.15855
=====  13:14:8 - BASE  ============
Feedback: 0.66
Received=	-0.030672
Feedback: 0.66
Received=	0.16424
Feedback: 0.66
Received=	0.3082
Feedback: 0.66
Received=	0.1179
Feedback: 0.66
Received=	0.19496
Feedback: 0.66
Received=	0.26953
Feedback: 0.66
Received=	0.43444
Feedback: 0.66
Received=	0.30309
Feedback: 0.66
Received=	0.19416
Feedback: 0.66
Received=	0.20568
Feedback: 0.66
Received=	0.16518
Feedback: 0.66
Received=	0.034048
Feedback: 0.66
Received=	0.32354
Feedback: 0.66
Received=	0.36372
Feedback: 0.66
Received=	0.52773
Feedback: 0.66
Received=	0.71733
Feedback: 0.66
Received=	0.74897
Feedback: 0.66
Received=	0.63578
Feedback: 0.66
Received=	0.58449
Feedback: 0.66
Received=	0.57426
=====  13:15:8 - NF  ============
Feedback: 0.28921
Received=	0.63687
Feedback: 0.23046
Received=	0.9202
Feedback: 0.1
Received=	0.69688
Feedback: 0.17415
Received=	0.38652
Feedback: 0.46537
Received=	0.68598
Feedback: 0.18437
Received=	0.59359
Feedback: 0.27106
Received=	0.42611
Feedback: 0.42822
Received=	0.29583
Feedback: 0.55046
Received=	0.49534
Feedback: 0.36326
Received=	0.30204
Feedback: 0.54464
Received=	0.49892
Feedback: 0.3599
Received=	0.44171
Feedback: 0.41358
Received=	0.18884
Feedback: 0.65086
Received=	0.25273
Feedback: 0.59091
Received=	0.24354
Feedback: 0.59953
Received=	0.7265
Feedback: 0.14634
Received=	0.62726
Feedback: 0.23947
Received=	0.66038
Feedback: 0.20839
Received=	1.0246
Feedback: 0.1
Received=	0.51469
Feedback: 0.3451
Received=	-0.29874
Feedback: 0.9
Received=	-0.44887
Feedback: 0.9
Received=	-0.17178
Feedback: 0.9
Received=	-0.0331
Feedback: 0.85911
Received=	-0.044976
Feedback: 0.87026
Received=	0.089879
Feedback: 0.74372
Received=	0.26876
Feedback: 0.57586
Received=	0.46556
Feedback: 0.3912
Received=	0.30361
Feedback: 0.54316
Received=	0.32468
Feedback: 0.5234
Received=	0.43332
Feedback: 0.42145
Received=	0.27078
Feedback: 0.57397
Received=	-0.057025
Feedback: 0.88156
Received=	0.10936
Feedback: 0.72544
Received=	0.34905
Feedback: 0.50053
Received=	0.22147
Feedback: 0.62024
Received=	0.086589
Feedback: 0.7468
Received=	0.087944
Feedback: 0.74553
Received=	0.29758
Feedback: 0.54882
Received=	0.88814
Feedback: 0.1
Received=	1.0751
Feedback: 0.1
Received=	0.87939
Feedback: 0.1
Received=	0.65449
Feedback: 0.21392
Received=	0.58199
Feedback: 0.28195
Received=	0.68914
Feedback: 0.18141
Received=	0.71962
Feedback: 0.1528
Received=	0.37584
Feedback: 0.47539
Received=	0.43884
Feedback: 0.41627
Received=	0.37276
Feedback: 0.47828
Received=	-0.076804
Feedback: 0.9
Received=	-0.028386
Feedback: 0.85469
Received=	0.50406
Feedback: 0.35508
Received=	0.72613
Feedback: 0.14669
Received=	0.35219
Feedback: 0.49758
Received=	0.10804
Feedback: 0.72668
Received=	0.24102
Feedback: 0.6019
Received=	0.08356
Feedback: 0.74965
Received=	-0.17133
Feedback: 0.9
Received=	0.094762
Feedback: 0.73914
Calculated range:	[(-2.000000) - (2.000000)]
Success index = (0.054518)
Received=	0.21585
=====  13:18:8 - BASE  ============
Feedback: 0.66
Received=	0.33028
Feedback: 0.66
Received=	0.53329
Feedback: 0.66
Received=	0.55778
Feedback: 0.66
Received=	0.42617
Feedback: 0.66
Received=	0.3596
Feedback: 0.66
Received=	0.047258
Feedback: 0.66
Received=	0.14306
Feedback: 0.66
Received=	0.39417
Feedback: 0.66
Received=	0.32969
Feedback: 0.66
Received=	0.15071
Feedback: 0.66
Received=	0.14105
Feedback: 0.66
Received=	0.058204
Feedback: 0.66
Received=	0.27807
Feedback: 0.66
Received=	0.36467
Feedback: 0.66
Received=	0.25208
Feedback: 0.66
Received=	0.35535
Feedback: 0.66
Received=	0.31088
Feedback: 0.66
Received=	0.23274
Feedback: 0.66
Received=	0.2137
Feedback: 0.66
Received=	0.49108
=====  13:19:8 - NF  ============
Feedback: 0.21943
Received=	0.87271
Feedback: 0.1
Received=	0.91053
Feedback: 0.1
Received=	0.95931
Feedback: 0.1
Received=	0.92547
Feedback: 0.1
Received=	0.64328
Feedback: 0.1
Received=	0.54279
Feedback: 0.14868
Received=	1.0306
Feedback: 0.1
Received=	0.77456
Feedback: 0.1
Received=	0.52919
Feedback: 0.16729
Received=	0.29302
Feedback: 0.49043
Received=	0.43293
Feedback: 0.299
Received=	0.54857
Feedback: 0.14077
Received=	0.91439
Feedback: 0.1
Received=	0.26935
Feedback: 0.52282
Received=	-0.38833
Feedback: 0.9
Received=	-0.2952
Feedback: 0.9
Received=	-0.075173
Feedback: 0.9
Received=	-0.25037
Feedback: 0.9
Received=	-0.42456
Feedback: 0.9
Received=	-0.23085
Feedback: 0.9
Received=	0.20916
Feedback: 0.60518
Received=	0.55339
Feedback: 0.13418
Received=	0.50793
Feedback: 0.19638
Received=	0.63553
Feedback: 0.1
Received=	0.348
Feedback: 0.4152
Received=	0.32269
Feedback: 0.44983
Received=	0.28316
Feedback: 0.50392
Received=	0.37873
Feedback: 0.37316
Received=	0.37778
Feedback: 0.37446
Received=	0.44012
Feedback: 0.28916
Received=	0.32992
Feedback: 0.43995
Received=	0.47488
Feedback: 0.2416
Received=	0.49129
Feedback: 0.21915
Received=	0.48826
Feedback: 0.2233
Received=	0.52631
Feedback: 0.17124
Received=	0.33282
Feedback: 0.43597
Received=	0.16047
Feedback: 0.67179
Received=	0.37107
Feedback: 0.38364
Received=	0.2788
Feedback: 0.50989
Received=	0.23725
Feedback: 0.56674
Received=	0.098007
Feedback: 0.75726
Received=	0.21723
Feedback: 0.59413
Received=	0.35545
Feedback: 0.40501
Received=	0.47542
Feedback: 0.24087
Received=	0.48318
Feedback: 0.23025
Received=	0.1814
Feedback: 0.64315
Received=	0.40414
Feedback: 0.33838
Received=	0.62787
Feedback: 0.1
Received=	0.54871
Feedback: 0.14058
Received=	0.46259
Feedback: 0.25841
Received=	-0.12988
Feedback: 0.9
Received=	0.075575
Feedback: 0.78795
Received=	0.13122
Feedback: 0.71181
Received=	-0.13285
Feedback: 0.9
Received=	0.087921
Feedback: 0.77106
Received=	0.29544
Feedback: 0.48711
Received=	0.79979
Feedback: 0.1
Received=	0.65249
Feedback: 0.1
Received=	0.35074
Feedback: 0.41145
Calculated range:	[(-2.000000) - (2.000000)]
Success index = (0.291823)
Received=	0.22524
=====  13:22:8 - BASE  ============
Feedback: 0.66
Received=	0.097972
Feedback: 0.66
Received=	0.39504
Feedback: 0.66
Received=	0.5556
Feedback: 0.66
Received=	0.26441
Feedback: 0.66
Received=	0.28437
Feedback: 0.66
Received=	0.60387
Feedback: 0.66
Received=	0.63107
Feedback: 0.66
Received=	0.43491
Feedback: 0.66
Received=	0.36971
Feedback: 0.66
Received=	0.19838
Feedback: 0.66
Received=	0.35696
Feedback: 0.66
Received=	0.69747
Feedback: 0.66
Received=	0.71488
Feedback: 0.66
Received=	0.36339
Feedback: 0.66
Received=	0.3455
Feedback: 0.66
Received=	0.5627
Feedback: 0.66
Received=	0.69085
Feedback: 0.66
Received=	0.33381
Feedback: 0.66
Received=	0.14821
Feedback: 0.66
Received=	0.21563
=====  13:23:8 - NF  ============
Feedback: 0.7549
Received=	0.80001
Feedback: 0.1
Received=	0.87214
Feedback: 0.1
Received=	0.39602
Feedback: 0.55153
Received=	0.27549
Feedback: 0.68741
Received=	0.54644
Feedback: 0.38196
Received=	0.73577
Feedback: 0.16851
Received=	0.68763
Feedback: 0.22278
Received=	0.52282
Feedback: 0.40859
Received=	0.62762
Feedback: 0.29043
Received=	0.56133
Feedback: 0.36516
Received=	0.13561
Feedback: 0.84511
Received=	-0.15185
Feedback: 0.9
Received=	-0.092685
Feedback: 0.9
Received=	0.029815
Feedback: 0.9
Received=	0.23984
Feedback: 0.7276
Received=	0.37149
Feedback: 0.57919
Received=	0.24309
Feedback: 0.72394
Received=	0.24695
Feedback: 0.71959
Received=	0.24993
Feedback: 0.71623
Received=	0.012921
Feedback: 0.9
Received=	0.17616
Feedback: 0.79939
Received=	0.26198
Feedback: 0.70264
Received=	0.23414
Feedback: 0.73403
Received=	0.32867
Feedback: 0.62746
Received=	0.47324
Feedback: 0.46447
Received=	0.24762
Feedback: 0.71883
Received=	0.14054
Feedback: 0.83956
Received=	0.10326
Feedback: 0.88158
Received=	0.25062
Feedback: 0.71545
Received=	0.37924
Feedback: 0.57044
Received=	0.062081
Feedback: 0.9
Received=	-0.10329
Feedback: 0.9
Received=	0.1454
Feedback: 0.83407
Received=	0.2063
Feedback: 0.76541
Received=	0.10155
Feedback: 0.88351
Received=	0.048174
Feedback: 0.9
Received=	-0.002391
Feedback: 0.9
Received=	0.37136
Feedback: 0.57933
Received=	0.37601
Feedback: 0.57409
Received=	-0.18607
Feedback: 0.9
Received=	-0.43851
Feedback: 0.9
Received=	-0.14956
Feedback: 0.9
Received=	0.18393
Feedback: 0.79063
Received=	0.11787
Feedback: 0.86511
Received=	0.24244
Feedback: 0.72467
Received=	0.67797
Feedback: 0.23367
Received=	0.61746
Feedback: 0.30189
Received=	0.67273
Feedback: 0.23958
Received=	0.83415
Feedback: 0.1
Received=	0.33892
Feedback: 0.61591
Received=	0.28351
Feedback: 0.67837
Received=	0.29174
Feedback: 0.66909
Received=	0.31953
Feedback: 0.63777
Received=	0.33412
Feedback: 0.62132
Received=	0.40277
Feedback: 0.54392
Received=	0.22725
Feedback: 0.7418
Received=	0.38648
Feedback: 0.56228
Received=	0.54218
Feedback: 0.38676
Received=	0.51094
Feedback: 0.42197
Calculated range:	[(-2.000000) - (2.000000)]
Success index = (-0.607644)
Received=	0.62045
=====  13:26:8 - BASE  ============
Feedback: 0.66
Received=	0.42356
Feedback: 0.66
Received=	0.040086
Feedback: 0.66
Received=	-0.36856
Feedback: 0.66
Received=	-0.0064543
Feedback: 0.66
Received=	0.33095
Feedback: 0.66
Received=	0.16414
Feedback: 0.66
Received=	0.13633
Feedback: 0.66
Received=	0.029783
Feedback: 0.66
Received=	0.034197
Feedback: 0.66
Received=	0.16813
Feedback: 0.66
Received=	0.37113
Feedback: 0.66
Received=	0.41664
Feedback: 0.66
Received=	0.25467
Feedback: 0.66
Received=	-0.028154
Feedback: 0.66
Received=	0.079365
Feedback: 0.66
Received=	0.33343
Feedback: 0.66
Received=	0.46976
Feedback: 0.66
Received=	0.29782
Feedback: 0.66
Received=	0.05876
Feedback: 0.66
Received=	-0.081539
=====  13:27:8 - NF  ============
Feedback: 0.73267
Received=	0.0783
Feedback: 0.57515
Received=	0.631
Feedback: 0.1
Received=	0.71235
Feedback: 0.1
Received=	0.39719
Feedback: 0.26089
Received=	0.2515
Feedback: 0.40446
Received=	0.36505
Feedback: 0.29256
Received=	0.08468
Feedback: 0.56886
Received=	0.34955
Feedback: 0.30784
Received=	0.79651
Feedback: 0.1
Received=	0.80415
Feedback: 0.1
Received=	0.2724
Feedback: 0.38387
Received=	-0.11242
Feedback: 0.7631
Received=	0.13237
Feedback: 0.52187
Received=	0.099176
Feedback: 0.55458
Received=	0.01545
Feedback: 0.63709
Received=	0.028225
Feedback: 0.6245
Received=	0.11565
Feedback: 0.53835
Received=	0.20016
Feedback: 0.45506
Received=	-0.13363
Feedback: 0.78401
Received=	-0.033266
Feedback: 0.6851
Received=	0.76892
Feedback: 0.1
Received=	0.95673
Feedback: 0.1
Received=	0.50045
Feedback: 0.15913
Received=	-0.13464
Feedback: 0.785
Received=	-0.39157
Feedback: 0.9
Received=	-0.42379
Feedback: 0.9
Received=	0.14996
Feedback: 0.50453
Received=	0.92132
Feedback: 0.1
Received=	0.5177
Feedback: 0.14213
Received=	0.10034
Feedback: 0.55343
Received=	-0.34166
Feedback: 0.9
Received=	-0.077855
Feedback: 0.72904
Received=	0.70838
Feedback: 0.1
Received=	1.215
Feedback: 0.1
Received=	0.61821
Feedback: 0.1
Received=	0.38094
Feedback: 0.2769
Received=	0.22553
Feedback: 0.43005
Received=	-0.31723
Feedback: 0.9
Received=	-0.15305
Feedback: 0.80314
Received=	0.17479
Feedback: 0.48006
Received=	0.33634
Feedback: 0.32085
Received=	0.051422
Feedback: 0.60164
Received=	0.019082
Feedback: 0.63351
Received=	0.41415
Feedback: 0.24417
Received=	0.65458
Feedback: 0.1
Received=	0.27708
Feedback: 0.37925
Received=	0.098487
Feedback: 0.55526
Received=	0.078424
Feedback: 0.57503
Received=	0.37646
Feedback: 0.28132
Received=	0.61605
Feedback: 0.1
Received=	0.58456
Feedback: 0.1
Received=	0.50299
Feedback: 0.15662
Received=	0.52536
Feedback: 0.13458
Received=	0.88669
Feedback: 0.1
Received=	0.8449
Feedback: 0.1
Received=	0.40274
Feedback: 0.25542
Received=	0.27769
Feedback: 0.37865
Received=	0.069208
Feedback: 0.58411
Received=	-0.15318
Feedback: 0.80328
Calculated range:	[(-2.000000) - (2.000000)]
Success index = (0.402397)
closing...
