Direction=-1.000000	; step=1.000000;
Received=	0
Feedback: 0.66
Received=	0
Feedback: 0.66
Received=	0
Feedback: 0.66
Received=	-0.62944
Feedback: 0.66
Received=	-0.7362
Feedback: 0.66
Received=	-0.14488
Feedback: 0.66
Received=	-0.20734
Feedback: 0.66
Received=	-0.56958
Feedback: 0.66
Received=	-0.7063
Feedback: 0.66
Received=	-0.56885
Feedback: 0.66
Received=	-0.76848
Feedback: 0.66
Received=	-0.9566
Feedback: 0.66
Received=	-0.91243
Feedback: 0.66
Received=	-1.0734
Feedback: 0.66
Received=	-1.086
Feedback: 0.66
Received=	-1.0894
Feedback: 0.66
Received=	-1.0186
Feedback: 0.66
Received=	-1.0117
Feedback: 0.66
Received=	-0.93404
Feedback: 0.66
Received=	-0.90104
Feedback: 0.66
Received=	-0.76805
=====  11:54:8 - NF  ============
Feedback: 0.51696
Received=	-0.30493
Feedback: 0.24009
Received=	-0.008238
Feedback: 0.1
Received=	-0.3625
Feedback: 0.27451
Received=	-0.64155
Feedback: 0.44133
Received=	-0.65082
Feedback: 0.44688
Received=	-0.64073
Feedback: 0.44084
Received=	-0.53449
Feedback: 0.37733
Received=	-0.46809
Feedback: 0.33763
Received=	-0.24863
Feedback: 0.20643
Received=	0.03135
Feedback: 0.1
Received=	0.074583
Feedback: 0.1
Received=	0.17596
Feedback: 0.1
Received=	-0.26217
Feedback: 0.21453
Received=	-0.35981
Feedback: 0.2729
Received=	-0.46573
Feedback: 0.33623
Received=	-0.59093
Feedback: 0.41107
Received=	-0.8044
Feedback: 0.5387
Received=	-0.92472
Feedback: 0.61062
Received=	-0.99338
Feedback: 0.65167
Received=	-0.86609
Feedback: 0.57557
Received=	-0.45463
Feedback: 0.32959
Received=	-0.67653
Feedback: 0.46225
Received=	-0.39751
Feedback: 0.29544
Received=	-0.16213
Feedback: 0.15472
Received=	-0.32475
Feedback: 0.25194
Received=	-0.37149
Feedback: 0.27988
Received=	-0.66971
Feedback: 0.45817
Received=	-0.55881
Feedback: 0.39187
Received=	-0.5661
Feedback: 0.39623
Received=	-1.0359
Feedback: 0.67712
Received=	-0.88294
Feedback: 0.58565
Received=	-0.72401
Feedback: 0.49063
Received=	-0.79787
Feedback: 0.53479
Received=	-0.76558
Feedback: 0.51549
Received=	-1.0083
Feedback: 0.66057
Received=	-1.0193
Feedback: 0.66717
Received=	-0.97787
Feedback: 0.6424
Received=	-1.1694
Feedback: 0.75692
Received=	-1.5168
Feedback: 0.9
Received=	-0.92314
Feedback: 0.60968
Received=	-0.53825
Feedback: 0.37958
Received=	-0.53084
Feedback: 0.37515
Received=	-0.7995
Feedback: 0.53576
Received=	-0.57173
Feedback: 0.39959
Received=	-0.68999
Feedback: 0.47029
Received=	-1.0704
Feedback: 0.69773
Received=	-0.93021
Feedback: 0.61391
Received=	-0.67757
Feedback: 0.46287
Received=	-0.59167
Feedback: 0.41152
Received=	-0.56318
Feedback: 0.39448
Received=	-0.62967
Feedback: 0.43424
Received=	-0.50506
Feedback: 0.35974
Received=	-0.47914
Feedback: 0.34424
Received=	-0.53563
Feedback: 0.37801
Received=	-0.51205
Feedback: 0.36392
Received=	-0.37674
Feedback: 0.28302
Received=	-0.36529
Feedback: 0.27618
Received=	-0.30431
Feedback: 0.23972
Received=	-0.1736
Feedback: 0.16158
Calculated range:	[(-2.000000) - (2.000000)]
Success index = (0.461126)
Received=	-0.35088
=====  11:57:8 - BASE  ============
Feedback: 0.66
Received=	-0.39683
Feedback: 0.66
Received=	-0.29632
Feedback: 0.66
Received=	0.043625
Feedback: 0.66
Received=	0.30702
Feedback: 0.66
Received=	-0.192
Feedback: 0.66
Received=	-0.26521
Feedback: 0.66
Received=	-0.15303
Feedback: 0.66
Received=	0.21325
Feedback: 0.66
Received=	0.39558
Feedback: 0.66
Received=	-0.14312
Feedback: 0.66
Received=	-0.56217
Feedback: 0.66
Received=	-0.70401
Feedback: 0.66
Received=	-0.70677
Feedback: 0.66
Received=	-0.69612
Feedback: 0.66
Received=	-0.53055
Feedback: 0.66
Received=	-0.39126
Feedback: 0.66
Received=	-0.045024
Feedback: 0.66
Received=	0.058314
Feedback: 0.66
Received=	-0.20205
Feedback: 0.66
Received=	-0.3808
=====  11:58:8 - NF  ============
Feedback: 0.59713
Received=	-0.49568
Feedback: 0.66442
Received=	-0.4748
Feedback: 0.6522
Received=	-0.76878
Feedback: 0.82441
Received=	-0.76277
Feedback: 0.82088
Received=	-0.68532
Feedback: 0.77551
Received=	-0.24079
Feedback: 0.51511
Received=	-0.17747
Feedback: 0.47802
Received=	-0.28801
Feedback: 0.54277
Received=	-0.54558
Feedback: 0.69366
Received=	-0.333
Feedback: 0.56913
Received=	-0.26528
Feedback: 0.52946
Received=	-0.046937
Feedback: 0.40155
Received=	-0.50999
Feedback: 0.67281
Received=	-0.63349
Feedback: 0.74515
Received=	-0.90557
Feedback: 0.9
Received=	-1.2783
Feedback: 0.9
Received=	-0.92807
Feedback: 0.9
Received=	-0.62405
Feedback: 0.73962
Received=	-0.02932
Feedback: 0.39123
Received=	0.097305
Feedback: 0.31706
Received=	-0.071886
Feedback: 0.41617
Received=	-0.4011
Feedback: 0.60902
Received=	-0.37169
Feedback: 0.5918
Received=	-0.69366
Feedback: 0.7804
Received=	-0.68293
Feedback: 0.77411
Received=	-0.61113
Feedback: 0.73206
Received=	-0.73926
Feedback: 0.80711
Received=	-0.37678
Feedback: 0.59477
Received=	-0.75274
Feedback: 0.81501
Received=	-0.89569
Feedback: 0.89875
Received=	-0.95257
Feedback: 0.9
Received=	-0.62646
Feedback: 0.74104
Received=	-0.50576
Feedback: 0.67033
Received=	-0.72012
Feedback: 0.7959
Received=	-0.5647
Feedback: 0.70486
Received=	-0.66736
Feedback: 0.765
Received=	-0.46409
Feedback: 0.64592
Received=	0.13878
Feedback: 0.29276
Received=	-0.06866
Feedback: 0.41428
Received=	-0.1149
Feedback: 0.44137
Received=	-0.14195
Feedback: 0.45721
Received=	-0.18135
Feedback: 0.48029
Received=	-0.3701
Feedback: 0.59086
Received=	-0.94775
Feedback: 0.9
Received=	-1.0931
Feedback: 0.9
Received=	-1.3428
Feedback: 0.9
Received=	-1.1938
Feedback: 0.9
Received=	-0.70053
Feedback: 0.78442
Received=	-0.25178
Feedback: 0.52155
Received=	-0.22445
Feedback: 0.50554
Received=	-0.43032
Feedback: 0.62614
Received=	-0.4114
Feedback: 0.61505
Received=	-0.10709
Feedback: 0.43679
Received=	-0.46841
Feedback: 0.64845
Received=	-0.76778
Feedback: 0.82382
Received=	-0.92123
Feedback: 0.9
Received=	-0.4771
Feedback: 0.65354
Received=	-0.065316
Feedback: 0.41232
Received=	-0.085162
Feedback: 0.42395
Calculated range:	[(-2.000000) - (2.000000)]
Success index = (-0.866208)
Received=	-0.11404
=====  12:1:8 - BASE  ============
Feedback: 0.66
Received=	0.0096221
Feedback: 0.66
Received=	-0.43508
Feedback: 0.66
Received=	-0.80483
Feedback: 0.66
Received=	-0.94514
Feedback: 0.66
Received=	-0.44798
Feedback: 0.66
Received=	-0.32051
Feedback: 0.66
Received=	-0.61559
Feedback: 0.66
Received=	-0.49185
Feedback: 0.66
Received=	-0.69981
Feedback: 0.66
Received=	-0.77805
Feedback: 0.66
Received=	-0.6576
Feedback: 0.66
Received=	-0.57277
Feedback: 0.66
Received=	-0.5436
Feedback: 0.66
Received=	-0.59273
Feedback: 0.66
Received=	-0.2582
Feedback: 0.66
Received=	-0.42348
Feedback: 0.66
Received=	-0.60187
Feedback: 0.66
Received=	-0.44832
Feedback: 0.66
Received=	-0.6157
Feedback: 0.66
Received=	-0.49206
=====  12:2:8 - NF  ============
Feedback: 0.41
Received=	0.061124
Feedback: 0.1
Received=	0.42191
Feedback: 0.1
Received=	0.21639
Feedback: 0.1
Received=	-0.13163
Feedback: 0.1
Received=	-0.48341
Feedback: 0.39997
Received=	-0.27793
Feedback: 0.16153
Received=	-0.20645
Feedback: 0.1
Received=	-0.39896
Feedback: 0.30197
Received=	-0.26596
Feedback: 0.14764
Received=	-0.10196
Feedback: 0.1
Received=	-0.20223
Feedback: 0.1
Received=	-0.015321
Feedback: 0.1
Received=	-0.080444
Feedback: 0.1
Received=	-0.36444
Feedback: 0.26191
Received=	-0.0266
Feedback: 0.1
Received=	0.12178
Feedback: 0.1
Received=	-0.28057
Feedback: 0.1646
Received=	-0.18754
Feedback: 0.1
Received=	0.044959
Feedback: 0.1
Received=	0.4353
Feedback: 0.1
Received=	0.25028
Feedback: 0.1
Received=	-0.040196
Feedback: 0.1
Received=	-0.7177
Feedback: 0.67183
Received=	-0.70302
Feedback: 0.65479
Received=	-0.21071
Feedback: 0.1
Received=	-0.28803
Feedback: 0.17325
Received=	-0.46664
Feedback: 0.38051
Received=	-0.12494
Feedback: 0.1
Received=	-0.28997
Feedback: 0.1755
Received=	-0.26657
Feedback: 0.14836
Received=	-0.119
Feedback: 0.1
Received=	-0.19484
Feedback: 0.1
Received=	-0.070221
Feedback: 0.1
Received=	-0.22731
Feedback: 0.1028
Received=	-0.59854
Feedback: 0.53356
Received=	-0.46962
Feedback: 0.38397
Received=	-0.51302
Feedback: 0.43433
Received=	-0.66008
Feedback: 0.60498
Received=	-0.66026
Feedback: 0.60518
Received=	-0.77531
Feedback: 0.73869
Received=	-0.47738
Feedback: 0.39297
Received=	-0.67635
Feedback: 0.62385
Received=	-0.90955
Feedback: 0.89445
Received=	-0.84898
Feedback: 0.82417
Received=	-0.87221
Feedback: 0.85112
Received=	-0.67555
Feedback: 0.62292
Received=	-0.76379
Feedback: 0.72531
Received=	-0.9731
Feedback: 0.9
Received=	-0.79499
Feedback: 0.76152
Received=	-0.84523
Feedback: 0.81982
Received=	-1.0885
Feedback: 0.9
Received=	-0.53058
Feedback: 0.4547
Received=	-0.47121
Feedback: 0.38581
Received=	-0.27967
Feedback: 0.16355
Received=	-0.3261
Feedback: 0.21743
Received=	-0.19278
Feedback: 0.1
Received=	-0.32391
Feedback: 0.21489
Received=	-0.45315
Feedback: 0.36485
Received=	-0.021313
Feedback: 0.1
Calculated range:	[(-2.000000) - (2.000000)]
Success index = (0.732729)
Received=	-0.35423
=====  12:5:8 - BASE  ============
Feedback: 0.66
Received=	-0.10864
Feedback: 0.66
Received=	-0.072844
Feedback: 0.66
Received=	-0.33655
Feedback: 0.66
Received=	-0.22542
Feedback: 0.66
Received=	-0.2699
Feedback: 0.66
Received=	-0.12
Feedback: 0.66
Received=	-0.045636
Feedback: 0.66
Received=	0.16552
Feedback: 0.66
Received=	0.51215
Feedback: 0.66
Received=	0.28538
Feedback: 0.66
Received=	-0.16648
Feedback: 0.66
Received=	-0.25357
Feedback: 0.66
Received=	-0.58891
Feedback: 0.66
Received=	-0.40326
Feedback: 0.66
Received=	-0.30579
Feedback: 0.66
Received=	-0.33561
Feedback: 0.66
Received=	0.058971
Feedback: 0.66
Received=	-0.076258
Feedback: 0.66
Received=	-0.20167
Feedback: 0.66
Received=	-0.37019
=====  12:6:8 - NF  ============
Feedback: 0.68121
Received=	-0.15499
Feedback: 0.51734
Received=	0.14272
Feedback: 0.29065
Received=	-0.2655
Feedback: 0.60149
Received=	-0.34097
Feedback: 0.65896
Received=	-0.11766
Feedback: 0.48891
Received=	-0.56729
Feedback: 0.8313
Received=	-1.0457
Feedback: 0.9
Received=	-0.5311
Feedback: 0.80374
Received=	-0.34493
Feedback: 0.66198
Received=	-0.46773
Feedback: 0.75548
Received=	-0.52368
Feedback: 0.79809
Received=	-0.17528
Feedback: 0.53279
Received=	-0.11468
Feedback: 0.48665
Received=	-0.4762
Feedback: 0.76193
Received=	-0.70368
Feedback: 0.9
Received=	-0.90704
Feedback: 0.9
Received=	-0.78092
Feedback: 0.9
Received=	-0.48669
Feedback: 0.76992
Received=	-0.60518
Feedback: 0.86014
Received=	-0.63564
Feedback: 0.88334
Received=	-0.14146
Feedback: 0.50704
Received=	0.1809
Feedback: 0.26158
Received=	0.46751
Feedback: 0.1
Received=	0.28277
Feedback: 0.184
Received=	0.01804
Feedback: 0.38558
Received=	-0.35364
Feedback: 0.6686
Received=	-0.22344
Feedback: 0.56946
Received=	-0.23966
Feedback: 0.58182
Received=	-0.11085
Feedback: 0.48373
Received=	-0.29856
Feedback: 0.62666
Received=	-0.47916
Feedback: 0.76419
Received=	-0.69607
Feedback: 0.9
Received=	-0.8825
Feedback: 0.9
Received=	-1.1139
Feedback: 0.9
Received=	-1.2367
Feedback: 0.9
Received=	-1.3582
Feedback: 0.9
Received=	-1.1376
Feedback: 0.9
Received=	-1.209
Feedback: 0.9
Received=	-1.0332
Feedback: 0.9
Received=	-0.74575
Feedback: 0.9
Received=	-0.65172
Feedback: 0.89559
Received=	-1.1734
Feedback: 0.9
Received=	-1.2832
Feedback: 0.9
Received=	-1.1318
Feedback: 0.9
Received=	-0.69515
Feedback: 0.9
Received=	-0.5298
Feedback: 0.80275
Received=	-0.12975
Feedback: 0.49813
Received=	-0.26966
Feedback: 0.60466
Received=	-0.28206
Feedback: 0.6141
Received=	-0.18682
Feedback: 0.54158
Received=	-0.083683
Feedback: 0.46304
Received=	0.085757
Feedback: 0.33402
Received=	0.23056
Feedback: 0.22376
Received=	0.47385
Feedback: 0.1
Received=	0.36447
Feedback: 0.12179
Received=	0.35103
Feedback: 0.13202
Received=	0.44085
Feedback: 0.1
Received=	0.32345
Feedback: 0.15303
Received=	0.17848
Feedback: 0.26341
Calculated range:	[(-2.000000) - (2.000000)]
Success index = (-0.601141)
Received=	0.031194
=====  12:9:8 - BASE  ============
Feedback: 0.66
Received=	0.18237
Feedback: 0.66
Received=	0.22313
Feedback: 0.66
Received=	0.067989
Feedback: 0.66
Received=	-0.22523
Feedback: 0.66
Received=	-0.27814
Feedback: 0.66
Received=	-0.72345
Feedback: 0.66
Received=	-0.88168
Feedback: 0.66
Received=	-0.92572
Feedback: 0.66
Received=	-0.73101
Feedback: 0.66
Received=	-0.65024
Feedback: 0.66
Received=	-0.31398
Feedback: 0.66
Received=	-0.14919
Feedback: 0.66
Received=	-0.13236
Feedback: 0.66
Received=	-0.4063
Feedback: 0.66
Received=	-0.50248
Feedback: 0.66
Received=	-0.49094
Feedback: 0.66
Received=	-0.22201
Feedback: 0.66
Received=	-0.16111
Feedback: 0.66
Received=	-0.40175
Feedback: 0.66
Received=	-0.22306
=====  12:10:8 - NF  ============
Feedback: 0.39795
Received=	-0.28367
Feedback: 0.43649
Received=	-0.16653
Feedback: 0.36202
Received=	-0.15342
Feedback: 0.35368
Received=	-0.17084
Feedback: 0.36476
Received=	-0.1258
Feedback: 0.33612
Received=	-0.42381
Feedback: 0.52557
Received=	-0.2794
Feedback: 0.43377
Received=	-0.41679
Feedback: 0.52111
Received=	-0.54967
Feedback: 0.60559
Received=	-0.39023
Feedback: 0.50422
Received=	0.0897
Feedback: 0.19912
Received=	0.16934
Feedback: 0.14849
Received=	0.0094502
Feedback: 0.25014
Received=	0.24949
Feedback: 0.1
Received=	0.011128
Feedback: 0.24907
Received=	-0.13329
Feedback: 0.34089
Received=	-0.075235
Feedback: 0.30398
Received=	-0.13237
Feedback: 0.3403
Received=	-0.38776
Feedback: 0.50266
Received=	-0.44507
Feedback: 0.53909
Received=	-0.27722
Feedback: 0.43238
Received=	-0.56101
Feedback: 0.61279
Received=	-0.48065
Feedback: 0.56171
Received=	-0.31231
Feedback: 0.45469
Received=	-0.4644
Feedback: 0.55138
Received=	-0.53674
Feedback: 0.59737
Received=	-0.20842
Feedback: 0.38864
Received=	-0.054073
Feedback: 0.29052
Received=	-0.81293
Feedback: 0.77295
Received=	-0.86659
Feedback: 0.80706
Received=	-0.56234
Feedback: 0.61364
Received=	-0.46125
Feedback: 0.54938
Received=	-0.73537
Feedback: 0.72364
Received=	-0.98237
Feedback: 0.88067
Received=	-0.74517
Feedback: 0.72987
Received=	-0.4808
Feedback: 0.56181
Received=	-0.28226
Feedback: 0.43559
Received=	-0.15291
Feedback: 0.35335
Received=	0.11683
Feedback: 0.18187
Received=	0.13037
Feedback: 0.17327
Received=	-0.0042764
Feedback: 0.25887
Received=	-0.086163
Feedback: 0.31092
Received=	-0.31619
Feedback: 0.45716
Received=	-0.51432
Feedback: 0.58311
Received=	-0.54251
Feedback: 0.60103
Received=	-0.25198
Feedback: 0.41634
Received=	-0.21594
Feedback: 0.39342
Received=	-0.50416
Feedback: 0.57665
Received=	-0.56487
Feedback: 0.61525
Received=	-0.34085
Feedback: 0.47283
Received=	-0.44519
Feedback: 0.53917
Received=	0.074512
Feedback: 0.20878
Received=	-0.14654
Feedback: 0.34931
Received=	-0.25101
Feedback: 0.41572
Received=	0.085956
Feedback: 0.2015
Received=	0.18417
Feedback: 0.13907
Received=	-0.18099
Feedback: 0.37121
Received=	-0.34319
Feedback: 0.47432
Received=	-0.42417
Feedback: 0.52581
Calculated range:	[(-2.000000) - (2.000000)]
Success index = (0.335733)
closing...
