Direction=-1.000000	; step=1.000000;
Received=	0
Feedback: 0.66
Received=	0
Feedback: 0.66
Received=	0
Feedback: 0.66
Received=	-0.23978
Feedback: 0.66
Received=	-0.3658
Feedback: 0.66
Received=	-0.0845
Feedback: 0.66
Received=	-0.23379
Feedback: 0.66
Received=	-0.25637
Feedback: 0.66
Received=	-0.33139
Feedback: 0.66
Received=	-0.23657
Feedback: 0.66
Received=	-0.26145
Feedback: 0.66
Received=	-0.63637
Feedback: 0.66
Received=	-0.4914
Feedback: 0.66
Received=	-0.73859
Feedback: 0.66
Received=	-0.80791
Feedback: 0.66
Received=	-0.8333
Feedback: 0.66
Received=	-0.73035
Feedback: 0.66
Received=	-1.0678
Feedback: 0.66
Received=	-1.0678
Feedback: 0.66
Received=	-0.7667
Feedback: 0.66
Received=	-0.80578
=====  9:43:13 - NF  ============
Feedback: 0.6807
Received=	-0.53243
Feedback: 0.51464
Received=	-0.16796
Feedback: 0.29323
Received=	-0.34064
Feedback: 0.39813
Received=	-0.19313
Feedback: 0.30852
Received=	-0.20834
Feedback: 0.31776
Received=	-0.17676
Feedback: 0.29857
Received=	-0.11803
Feedback: 0.2629
Received=	-0.18286
Feedback: 0.30228
Received=	-0.40449
Feedback: 0.43692
Received=	-0.17788
Feedback: 0.29925
Received=	-0.31763
Feedback: 0.38415
Received=	-0.62036
Feedback: 0.56806
Received=	-0.8408
Feedback: 0.70197
Received=	-0.7651
Feedback: 0.65599
Received=	-0.78251
Feedback: 0.66657
Received=	-0.30491
Feedback: 0.37642
Received=	0.0063445
Feedback: 0.18734
Received=	0.29037
Feedback: 0.1
Received=	-0.44934
Feedback: 0.46417
Received=	-0.57189
Feedback: 0.53862
Received=	-0.8001
Feedback: 0.67725
Received=	-0.50212
Feedback: 0.49623
Received=	-0.26402
Feedback: 0.35159
Received=	-0.35082
Feedback: 0.40432
Received=	-0.25501
Feedback: 0.34611
Received=	-0.46867
Feedback: 0.47591
Received=	-0.69694
Feedback: 0.61458
Received=	-0.93536
Feedback: 0.75943
Received=	-0.65676
Feedback: 0.59018
Received=	-0.60887
Feedback: 0.56108
Received=	-0.59577
Feedback: 0.55312
Received=	-0.52016
Feedback: 0.50719
Received=	-0.66282
Feedback: 0.59386
Received=	-0.32595
Feedback: 0.38921
Received=	-0.21407
Feedback: 0.32124
Received=	-0.44944
Feedback: 0.46423
Received=	-0.58554
Feedback: 0.54691
Received=	-0.97031
Feedback: 0.78066
Received=	-0.82607
Feedback: 0.69303
Received=	-0.78015
Feedback: 0.66513
Received=	-0.7352
Feedback: 0.63782
Received=	-0.71245
Feedback: 0.624
Received=	-0.95737
Feedback: 0.77279
Received=	-1.0658
Feedback: 0.83868
Received=	-0.8333
Feedback: 0.69742
Received=	-0.88605
Feedback: 0.72947
Received=	-0.77225
Feedback: 0.66033
Received=	-0.63617
Feedback: 0.57767
Received=	-0.65824
Feedback: 0.59107
Received=	-0.36824
Feedback: 0.4149
Received=	-0.20438
Feedback: 0.31535
Received=	-0.24026
Feedback: 0.33715
Received=	-0.41017
Feedback: 0.44037
Received=	-0.53168
Feedback: 0.51419
Received=	-0.4693
Feedback: 0.47629
Received=	-0.28839
Feedback: 0.36639
Received=	-0.12962
Feedback: 0.26994
Received=	-0.45728
Feedback: 0.46899
Received=	-0.67611
Feedback: 0.60193
Calculated range:	[(-2.000000) - (2.000000)]
Success index = (0.019191)
Received=	-0.11998
=====  9:46:13 - BASE  ============
Feedback: 0.66
Received=	0.11399
Feedback: 0.66
Received=	-0.0083576
Feedback: 0.66
Received=	-0.44201
Feedback: 0.66
Received=	-0.29363
Feedback: 0.66
Received=	-0.086834
Feedback: 0.66
Received=	-0.0084596
Feedback: 0.66
Received=	0.072107
Feedback: 0.66
Received=	0.13799
Feedback: 0.66
Received=	-0.12136
Feedback: 0.66
Received=	-0.61425
Feedback: 0.66
Received=	-0.58128
Feedback: 0.66
Received=	-0.48652
Feedback: 0.66
Received=	-0.41139
Feedback: 0.66
Received=	-0.61605
Feedback: 0.66
Received=	-0.6263
Feedback: 0.66
Received=	-0.74382
Feedback: 0.66
Received=	-0.64619
Feedback: 0.66
Received=	-0.11611
Feedback: 0.66
Received=	-0.45329
Feedback: 0.66
Received=	-0.61482
=====  9:47:13 - NF  ============
Feedback: 0.69578
Received=	-0.69985
Feedback: 0.75547
Received=	-0.60878
Feedback: 0.69154
Received=	-0.74876
Feedback: 0.7898
Received=	-0.63144
Feedback: 0.70745
Received=	-0.4207
Feedback: 0.55954
Received=	-0.39808
Feedback: 0.54366
Received=	-0.10883
Feedback: 0.34064
Received=	-0.070783
Feedback: 0.31394
Received=	-0.27554
Feedback: 0.45765
Received=	-0.52553
Feedback: 0.63311
Received=	-0.64973
Feedback: 0.72029
Received=	-0.20336
Feedback: 0.40699
Received=	0.12139
Feedback: 0.17906
Received=	-0.093031
Feedback: 0.32955
Received=	-0.32578
Feedback: 0.49291
Received=	-0.58007
Feedback: 0.67139
Received=	-0.53308
Feedback: 0.63842
Received=	-0.57943
Feedback: 0.67095
Received=	-0.92467
Feedback: 0.9
Received=	-0.55623
Feedback: 0.65466
Received=	-0.38896
Feedback: 0.53726
Received=	-0.26396
Feedback: 0.44952
Received=	-0.4856
Feedback: 0.60509
Received=	-0.34196
Feedback: 0.50427
Received=	-0.16259
Feedback: 0.37837
Received=	-0.12046
Feedback: 0.3488
Received=	-0.16883
Feedback: 0.38276
Received=	-0.11473
Feedback: 0.34478
Received=	-0.11176
Feedback: 0.3427
Received=	0.0067825
Feedback: 0.25949
Received=	-0.1161
Feedback: 0.34575
Received=	0.2875
Feedback: 0.1
Received=	0.099951
Feedback: 0.1941
Received=	-0.35475
Feedback: 0.51325
Received=	-0.17227
Feedback: 0.38517
Received=	-0.37284
Feedback: 0.52595
Received=	-0.47387
Feedback: 0.59686
Received=	-0.34793
Feedback: 0.50846
Received=	-0.13486
Feedback: 0.35891
Received=	0.18239
Feedback: 0.13623
Received=	0.79569
Feedback: 0.1
Received=	-0.069646
Feedback: 0.31314
Received=	-0.70503
Feedback: 0.7591
Received=	-0.27883
Feedback: 0.45996
Received=	0.59037
Feedback: 0.1
Received=	0.010914
Feedback: 0.25659
Received=	-0.558
Feedback: 0.65591
Received=	-0.71085
Feedback: 0.76319
Received=	-0.66827
Feedback: 0.7333
Received=	0.017491
Feedback: 0.25198
Received=	0.094854
Feedback: 0.19768
Received=	-0.30276
Feedback: 0.47676
Received=	-0.35713
Feedback: 0.51492
Received=	0.016278
Feedback: 0.25283
Received=	0.081143
Feedback: 0.2073
Received=	0.41803
Feedback: 0.1
Received=	0.49232
Feedback: 0.1
Received=	0.31148
Feedback: 0.1
Received=	-0.036381
Feedback: 0.28979
Calculated range:	[(-2.000000) - (2.000000)]
Success index = (0.309986)
Received=	-0.17131
=====  9:50:13 - BASE  ============
Feedback: 0.66
Received=	0.26054
Feedback: 0.66
Received=	0.41523
Feedback: 0.66
Received=	0.12372
Feedback: 0.66
Received=	-0.2996
Feedback: 0.66
Received=	0.2539
Feedback: 0.66
Received=	0.59382
Feedback: 0.66
Received=	0.45002
Feedback: 0.66
Received=	0.26137
Feedback: 0.66
Received=	-0.0044165
Feedback: 0.66
Received=	-0.47135
Feedback: 0.66
Received=	-0.31244
Feedback: 0.66
Received=	0.37515
Feedback: 0.66
Received=	0.088029
Feedback: 0.66
Received=	0.0081819
Feedback: 0.66
Received=	-0.061021
Feedback: 0.66
Received=	-0.62789
Feedback: 0.66
Received=	-0.68948
Feedback: 0.66
Received=	-0.10006
Feedback: 0.66
Received=	0.46669
Feedback: 0.66
Received=	0.79965
=====  9:51:13 - NF  ============
Feedback: 0.1
Received=	0.20878
Feedback: 0.40515
Received=	-0.78092
Feedback: 0.9
Received=	-0.61479
Feedback: 0.83274
Received=	-0.35746
Feedback: 0.69914
Received=	-0.15292
Feedback: 0.59295
Received=	0.7529
Feedback: 0.12265
Received=	0.79419
Feedback: 0.10122
Received=	0.11132
Feedback: 0.45576
Received=	-0.27076
Feedback: 0.65413
Received=	0.26778
Feedback: 0.37452
Received=	0.50556
Feedback: 0.25107
Received=	0.020686
Feedback: 0.50281
Received=	-0.44003
Feedback: 0.74201
Received=	-0.73066
Feedback: 0.8929
Received=	-0.0067325
Feedback: 0.51705
Received=	1.3853
Feedback: 0.1
Received=	1.0926
Feedback: 0.1
Received=	0.068869
Feedback: 0.4778
Received=	-0.042732
Feedback: 0.53574
Received=	0.020515
Feedback: 0.5029
Received=	-0.1146
Feedback: 0.57305
Received=	0.24558
Feedback: 0.38605
Received=	0.02325
Feedback: 0.50148
Received=	-0.025636
Feedback: 0.52686
Received=	0.09213
Feedback: 0.46572
Received=	-0.012498
Feedback: 0.52004
Received=	0.37569
Feedback: 0.3185
Received=	0.30044
Feedback: 0.35757
Received=	0.03136
Feedback: 0.49727
Received=	0.64011
Feedback: 0.18121
Received=	1.0939
Feedback: 0.1
Received=	0.24233
Feedback: 0.38774
Received=	-0.019936
Feedback: 0.5239
Received=	-0.1967
Feedback: 0.61568
Received=	0.02457
Feedback: 0.5008
Received=	0.3717
Feedback: 0.32057
Received=	0.8858
Feedback: 0.1
Received=	0.46738
Feedback: 0.2709
Received=	-0.23535
Feedback: 0.63574
Received=	-0.14515
Feedback: 0.58891
Received=	-0.38898
Feedback: 0.71551
Received=	-0.28212
Feedback: 0.66002
Received=	-0.24814
Feedback: 0.64238
Received=	0.0081049
Feedback: 0.50934
Received=	-0.11971
Feedback: 0.5757
Received=	0.53803
Feedback: 0.23421
Received=	0.44694
Feedback: 0.28151
Received=	-0.48927
Feedback: 0.76757
Received=	-0.35703
Feedback: 0.69892
Received=	0.087752
Feedback: 0.46799
Received=	0.46228
Feedback: 0.27354
Received=	0.15908
Feedback: 0.43096
Received=	-0.52126
Feedback: 0.78418
Received=	-0.38696
Feedback: 0.71446
Received=	-0.57241
Feedback: 0.81074
Received=	-0.65671
Feedback: 0.85451
Received=	-0.12083
Feedback: 0.57629
Received=	0.17976
Feedback: 0.42022
Received=	0.16735
Feedback: 0.42667
Calculated range:	[(-2.000000) - (2.000000)]
Success index = (0.112260)
Received=	0.1834
=====  9:54:13 - BASE  ============
Feedback: 0.66
Received=	0.75763
Feedback: 0.66
Received=	-0.24825
Feedback: 0.66
Received=	-0.33734
Feedback: 0.66
Received=	0.068292
Feedback: 0.66
Received=	0.047981
Feedback: 0.66
Received=	-0.32594
Feedback: 0.66
Received=	-0.33361
Feedback: 0.66
Received=	-0.53716
Feedback: 0.66
Received=	-0.35919
Feedback: 0.66
Received=	-0.51321
Feedback: 0.66
Received=	-0.19422
Feedback: 0.66
Received=	-0.026378
Feedback: 0.66
Received=	0.18259
Feedback: 0.66
Received=	0.41578
Feedback: 0.66
Received=	-0.030077
Feedback: 0.66
Received=	-0.063555
Feedback: 0.66
Received=	0.46468
Feedback: 0.66
Received=	0.87702
Feedback: 0.66
Received=	0.81151
Feedback: 0.66
Received=	0.28802
=====  9:55:13 - NF  ============
Feedback: 0.35958
Received=	0.15946
Feedback: 0.42106
Received=	-1.0023
Feedback: 0.9
Received=	-1.273
Feedback: 0.9
Received=	-0.02071
Feedback: 0.50722
Received=	0.52516
Feedback: 0.24618
Received=	0.57622
Feedback: 0.22176
Received=	0.61067
Feedback: 0.20529
Received=	-0.018158
Feedback: 0.506
Received=	-0.31019
Feedback: 0.64565
Received=	-0.15415
Feedback: 0.57103
Received=	0.34511
Feedback: 0.33228
Received=	0.14135
Feedback: 0.42972
Received=	0.059008
Feedback: 0.4691
Received=	0.34482
Feedback: 0.33242
Received=	-0.016229
Feedback: 0.50508
Received=	0.26198
Feedback: 0.37203
Received=	0.13754
Feedback: 0.43154
Received=	0.060819
Feedback: 0.46823
Received=	0.041197
Feedback: 0.47761
Received=	0.45293
Feedback: 0.28072
Received=	0.39941
Feedback: 0.30631
Received=	0.20273
Feedback: 0.40037
Received=	-0.32333
Feedback: 0.65194
Received=	-0.95936
Feedback: 0.9
Received=	-0.61044
Feedback: 0.78923
Received=	0.32481
Feedback: 0.34199
Received=	0.25407
Feedback: 0.37582
Received=	-0.18651
Feedback: 0.58651
Received=	-0.3913
Feedback: 0.68444
Received=	0.46486
Feedback: 0.27501
Received=	0.65041
Feedback: 0.18628
Received=	0.40222
Feedback: 0.30497
Received=	0.212
Feedback: 0.39593
Received=	0.021653
Feedback: 0.48696
Received=	-0.0091501
Feedback: 0.50169
Received=	0.037349
Feedback: 0.47945
Received=	-0.22781
Feedback: 0.60625
Received=	-0.31057
Feedback: 0.64583
Received=	-0.21392
Feedback: 0.59961
Received=	0.16476
Feedback: 0.41852
Received=	0.10913
Feedback: 0.44513
Received=	0.28555
Feedback: 0.36076
Received=	0.50494
Feedback: 0.25585
Received=	0.5606
Feedback: 0.22923
Received=	-0.25735
Feedback: 0.62038
Received=	0.067766
Feedback: 0.46491
Received=	0.28352
Feedback: 0.36173
Received=	0.30848
Feedback: 0.3498
Received=	0.79747
Feedback: 0.11595
Received=	0.68488
Feedback: 0.1698
Received=	-0.35374
Feedback: 0.66648
Received=	-0.57204
Feedback: 0.77087
Received=	-0.5017
Feedback: 0.73723
Received=	-0.32656
Feedback: 0.65348
Received=	0.72164
Feedback: 0.15222
Received=	0.89055
Feedback: 0.1
Received=	0.28636
Feedback: 0.36037
Received=	-0.37428
Feedback: 0.6763
Received=	0.31786
Feedback: 0.34531
Calculated range:	[(-2.000000) - (2.000000)]
Success index = (0.186308)
Received=	0.029138
=====  9:58:13 - BASE  ============
Feedback: 0.66
Received=	-0.48815
Feedback: 0.66
Received=	-0.22069
Feedback: 0.66
Received=	-0.063166
Feedback: 0.66
Received=	-0.086736
Feedback: 0.66
Received=	-0.46103
Feedback: 0.66
Received=	-0.5994
Feedback: 0.66
Received=	-0.49597
Feedback: 0.66
Received=	-0.23882
Feedback: 0.66
Received=	0.44202
Feedback: 0.66
Received=	0.15108
Feedback: 0.66
Received=	-0.79484
Feedback: 0.66
Received=	-0.57353
Feedback: 0.66
Received=	0.036807
Feedback: 0.66
Received=	-0.016157
Feedback: 0.66
Received=	-0.26916
Feedback: 0.66
Received=	0.049542
Feedback: 0.66
Received=	0.61815
Feedback: 0.66
Received=	0.53713
Feedback: 0.66
Received=	-0.60049
Feedback: 0.66
Received=	-1.0027
=====  9:59:13 - NF  ============
Feedback: 0.9
Received=	-0.32513
Feedback: 0.58865
Received=	-0.52322
Feedback: 0.68541
Received=	-0.96665
Feedback: 0.9
Received=	-1.18
Feedback: 0.9
Received=	-1.0297
Feedback: 0.9
Received=	0.054619
Feedback: 0.40317
Received=	0.39421
Feedback: 0.2373
Received=	-0.24642
Feedback: 0.55021
Received=	-0.7579
Feedback: 0.80003
Received=	-1.0029
Feedback: 0.9
Received=	-1.0114
Feedback: 0.9
Received=	-0.30706
Feedback: 0.57982
Received=	-0.17952
Feedback: 0.51753
Received=	0.43093
Feedback: 0.21937
Received=	0.51011
Feedback: 0.1807
Received=	-0.30134
Feedback: 0.57703
Received=	-0.75802
Feedback: 0.80009
Received=	-1.1477
Feedback: 0.9
Received=	-0.66285
Feedback: 0.7536
Received=	-0.49141
Feedback: 0.66987
Received=	-0.34207
Feedback: 0.59693
Received=	-0.42551
Feedback: 0.63768
Received=	-0.24132
Feedback: 0.54772
Received=	-0.48577
Feedback: 0.66712
Received=	0.2317
Feedback: 0.31668
Received=	-0.13284
Feedback: 0.49473
Received=	-0.11236
Feedback: 0.48473
Received=	0.16837
Feedback: 0.34761
Received=	0.051766
Feedback: 0.40456
Received=	-0.61725
Feedback: 0.73133
Received=	0.028467
Feedback: 0.41595
Received=	0.48109
Feedback: 0.19487
Received=	0.38279
Feedback: 0.24288
Received=	-0.16383
Feedback: 0.50987
Received=	-0.72951
Feedback: 0.78617
Received=	-0.4695
Feedback: 0.65916
Received=	-0.61771
Feedback: 0.73156
Received=	-0.48463
Feedback: 0.66656
Received=	-0.62392
Feedback: 0.73459
Received=	-0.48182
Feedback: 0.66519
Received=	-0.50619
Feedback: 0.67709
Received=	-0.43192
Feedback: 0.64081
Received=	-0.61001
Feedback: 0.72779
Received=	0.011014
Feedback: 0.42447
Received=	-0.28383
Feedback: 0.56848
Received=	-0.40818
Feedback: 0.62922
Received=	0.053676
Feedback: 0.40363
Received=	-0.010856
Feedback: 0.43515
Received=	-0.067245
Feedback: 0.46269
Received=	-0.14786
Feedback: 0.50207
Received=	-0.49708
Feedback: 0.67264
Received=	-0.68148
Feedback: 0.7627
Received=	-0.66435
Feedback: 0.75434
Received=	-0.55281
Feedback: 0.69986
Received=	-0.60013
Feedback: 0.72297
Received=	-0.31861
Feedback: 0.58547
Received=	0.24548
Feedback: 0.30995
Received=	0.017436
Feedback: 0.42133
Received=	-0.16062
Feedback: 0.5083
Calculated range:	[(-2.000000) - (2.000000)]
Success index = (-0.484797)
closing...
