Direction=-1.000000	; step=1.000000;
Received=	0
Feedback: 0.66
Received=	0
Feedback: 0.66
Received=	0
Feedback: 0.66
Received=	0.94348
Feedback: 0.66
Received=	0.43331
Feedback: 0.66
Received=	0.33972
Feedback: 0.66
Received=	0.35963
Feedback: 0.66
Received=	0.5671
Feedback: 0.66
Received=	0.3873
Feedback: 0.66
Received=	0.2525
Feedback: 0.66
Received=	0.39001
Feedback: 0.66
Received=	0.57218
Feedback: 0.66
Received=	0.62664
Feedback: 0.66
Received=	0.59711
Feedback: 0.66
Received=	0.5793
Feedback: 0.66
Received=	0.25908
Feedback: 0.66
Received=	0.15114
Feedback: 0.66
Received=	0.27744
Feedback: 0.66
Received=	0.36727
Feedback: 0.66
Received=	0.30794
Feedback: 0.66
Received=	0.22619
=====  18:11:16 - NF  ============
Feedback: 0.67464
Received=	0.47695
Feedback: 0.43862
Received=	0.95579
Feedback: 0.1
Received=	1.0621
Feedback: 0.1
Received=	0.82243
Feedback: 0.11344
Received=	0.91125
Feedback: 0.1
Received=	0.74603
Feedback: 0.18535
Received=	0.58627
Feedback: 0.33572
Received=	0.84682
Feedback: 0.1
Received=	0.90184
Feedback: 0.1
Received=	0.81115
Feedback: 0.12406
Received=	0.73205
Feedback: 0.19851
Received=	0.6902
Feedback: 0.23789
Received=	0.60963
Feedback: 0.31373
Received=	0.69005
Feedback: 0.23804
Received=	0.784
Feedback: 0.14961
Received=	0.66376
Feedback: 0.26278
Received=	0.33227
Feedback: 0.57479
Received=	0.15672
Feedback: 0.74002
Received=	0.097808
Feedback: 0.79547
Received=	0.19451
Feedback: 0.70445
Received=	0.1095
Feedback: 0.78446
Received=	0.081199
Feedback: 0.81111
Received=	0.040071
Feedback: 0.84982
Received=	0.011526
Feedback: 0.87668
Received=	-0.18857
Feedback: 0.9
Received=	-0.21903
Feedback: 0.9
Received=	0.013341
Feedback: 0.87498
Received=	0.12226
Feedback: 0.77246
Received=	0.28564
Feedback: 0.61868
Received=	0.55378
Feedback: 0.3663
Received=	0.38124
Feedback: 0.5287
Received=	0.12467
Feedback: 0.77019
Received=	0.12455
Feedback: 0.77031
Received=	0.054169
Feedback: 0.83655
Received=	0.35657
Feedback: 0.55192
Received=	0.60551
Feedback: 0.31761
Received=	0.4365
Feedback: 0.47669
Received=	0.031673
Feedback: 0.85772
Received=	0.049055
Feedback: 0.84136
Received=	0.089163
Feedback: 0.80361
Received=	0.29228
Feedback: 0.61243
Received=	0.1934
Feedback: 0.7055
Received=	0.030773
Feedback: 0.85857
Received=	-0.2546
Feedback: 0.9
Received=	-0.20935
Feedback: 0.9
Received=	-0.078747
Feedback: 0.9
Received=	0.026404
Feedback: 0.86268
Received=	-0.11052
Feedback: 0.9
Received=	-0.20456
Feedback: 0.9
Received=	0.0047492
Feedback: 0.88306
Received=	0.059465
Feedback: 0.83156
Received=	0.061841
Feedback: 0.82933
Received=	0.2459
Feedback: 0.65609
Received=	0.10743
Feedback: 0.78642
Received=	0.23677
Feedback: 0.66468
Received=	0.19499
Feedback: 0.70401
Received=	0.027709
Feedback: 0.86145
Received=	0.20001
Feedback: 0.69928
Received=	0.0038117
Feedback: 0.88394
Calculated range:	[(-2.000000) - (2.000000)]
Success index = (-0.399421)
Received=	0.086411
=====  18:14:16 - BASE  ============
Feedback: 0.66
Received=	0.1182
Feedback: 0.66
Received=	-0.057913
Feedback: 0.66
Received=	-0.0018106
Feedback: 0.66
Received=	0.017136
Feedback: 0.66
Received=	0.0047344
Feedback: 0.66
Received=	-0.028583
Feedback: 0.66
Received=	-0.0034172
Feedback: 0.66
Received=	0.0083646
Feedback: 0.66
Received=	0.16261
Feedback: 0.66
Received=	0.073388
Feedback: 0.66
Received=	-0.011903
Feedback: 0.66
Received=	0.29851
Feedback: 0.66
Received=	0.31633
Feedback: 0.66
Received=	0.31192
Feedback: 0.66
Received=	0.28044
Feedback: 0.66
Received=	0.047532
Feedback: 0.66
Received=	0.15008
Feedback: 0.66
Received=	0.20767
Feedback: 0.66
Received=	0.24305
Feedback: 0.66
Received=	0.17567
=====  18:15:16 - NF  ============
Feedback: 0.4047
Received=	0.15662
Feedback: 0.43326
Received=	0.0038799
Feedback: 0.66232
Received=	0.20887
Feedback: 0.35491
Received=	0.3634
Feedback: 0.12317
Received=	0.30835
Feedback: 0.20572
Received=	0.38928
Feedback: 0.1
Received=	0.50004
Feedback: 0.1
Received=	0.44243
Feedback: 0.1
Received=	0.15691
Feedback: 0.43283
Received=	0.010903
Feedback: 0.65179
Received=	0.27763
Feedback: 0.25178
Received=	0.32989
Feedback: 0.17342
Received=	0.23425
Feedback: 0.31685
Received=	0.26988
Feedback: 0.26341
Received=	0.21138
Feedback: 0.35114
Received=	-0.045066
Feedback: 0.73572
Received=	0.00024837
Feedback: 0.66777
Received=	0.13387
Feedback: 0.46738
Received=	-0.10634
Feedback: 0.82761
Received=	0.023826
Feedback: 0.63241
Received=	0.075176
Feedback: 0.5554
Received=	0.22286
Feedback: 0.33393
Received=	0.051756
Feedback: 0.59052
Received=	-0.060656
Feedback: 0.7591
Received=	0.31153
Feedback: 0.20095
Received=	0.7864
Feedback: 0.1
Received=	0.74428
Feedback: 0.1
Received=	0.30294
Feedback: 0.21383
Received=	0.10214
Feedback: 0.51496
Received=	0.031924
Feedback: 0.62026
Received=	0.033932
Feedback: 0.61725
Received=	-0.025348
Feedback: 0.70615
Received=	-0.049553
Feedback: 0.74245
Received=	0.098742
Feedback: 0.52006
Received=	0.22752
Feedback: 0.32694
Received=	0.14098
Feedback: 0.45671
Received=	0.029793
Feedback: 0.62346
Received=	-0.051233
Feedback: 0.74497
Received=	0.039358
Feedback: 0.60912
Received=	0.074872
Feedback: 0.55586
Received=	0.050727
Feedback: 0.59207
Received=	-0.019155
Feedback: 0.69686
Received=	0.044429
Feedback: 0.60151
Received=	-0.10001
Feedback: 0.81812
Received=	0.14548
Feedback: 0.44996
Received=	0.31722
Feedback: 0.19242
Received=	0.18276
Feedback: 0.39405
Received=	0.032002
Feedback: 0.62015
Received=	-0.12165
Feedback: 0.85058
Received=	-0.069911
Feedback: 0.77298
Received=	-0.003029
Feedback: 0.67268
Received=	0.011909
Feedback: 0.65028
Received=	-0.0068567
Feedback: 0.67842
Received=	0.14702
Feedback: 0.44766
Received=	0.062811
Feedback: 0.57394
Received=	0.14093
Feedback: 0.45679
Received=	0.24541
Feedback: 0.30011
Received=	0.086375
Feedback: 0.53861
Received=	0.019621
Feedback: 0.63871
Calculated range:	[(-2.000000) - (2.000000)]
Success index = (0.151210)
Received=	0.18546
=====  18:18:16 - BASE  ============
Feedback: 0.66
Received=	0.48096
Feedback: 0.66
Received=	0.29354
Feedback: 0.66
Received=	0.15911
Feedback: 0.66
Received=	0.0094212
Feedback: 0.66
Received=	0.13601
Feedback: 0.66
Received=	0.20393
Feedback: 0.66
Received=	0.30761
Feedback: 0.66
Received=	0.43338
Feedback: 0.66
Received=	0.41926
Feedback: 0.66
Received=	0.20884
Feedback: 0.66
Received=	0.040711
Feedback: 0.66
Received=	-0.10471
Feedback: 0.66
Received=	-0.11414
Feedback: 0.66
Received=	-0.077318
Feedback: 0.66
Received=	0.042387
Feedback: 0.66
Received=	-0.023658
Feedback: 0.66
Received=	-0.0019281
Feedback: 0.66
Received=	-0.011023
Feedback: 0.66
Received=	0.079145
Feedback: 0.66
Received=	-0.025743
=====  18:19:16 - NF  ============
Feedback: 0.66101
Received=	0.05027
Feedback: 0.5716
Received=	0.095016
Feedback: 0.51897
Received=	0.11695
Feedback: 0.49317
Received=	0.01759
Feedback: 0.61004
Received=	0.11323
Feedback: 0.49754
Received=	0.44944
Feedback: 0.10209
Received=	0.33116
Feedback: 0.24121
Received=	0.13481
Feedback: 0.47217
Received=	0.0040797
Feedback: 0.62593
Received=	0.041145
Feedback: 0.58233
Received=	0.25083
Feedback: 0.3357
Received=	0.064999
Feedback: 0.55428
Received=	0.16207
Feedback: 0.4401
Received=	0.22782
Feedback: 0.36276
Received=	0.12116
Feedback: 0.48821
Received=	0.023805
Feedback: 0.60273
Received=	0.13294
Feedback: 0.47436
Received=	-0.00314
Feedback: 0.63442
Received=	-0.090616
Feedback: 0.73731
Received=	0.094672
Feedback: 0.51937
Received=	-0.012201
Feedback: 0.64508
Received=	-0.21939
Feedback: 0.88878
Received=	-0.095116
Feedback: 0.7426
Received=	-0.10373
Feedback: 0.75274
Received=	0.15443
Feedback: 0.44908
Received=	0.41762
Feedback: 0.13952
Received=	0.449
Feedback: 0.1026
Received=	0.3934
Feedback: 0.16801
Received=	0.28334
Feedback: 0.29745
Received=	0.19677
Feedback: 0.39928
Received=	0.2545
Feedback: 0.33138
Received=	0.34153
Feedback: 0.22902
Received=	0.49777
Feedback: 0.1
Received=	0.037605
Feedback: 0.5865
Received=	-0.10191
Feedback: 0.75059
Received=	0.0039366
Feedback: 0.6261
Received=	0.14963
Feedback: 0.45473
Received=	0.23451
Feedback: 0.35489
Received=	0.11845
Feedback: 0.4914
Received=	-0.061272
Feedback: 0.7028
Received=	-0.13338
Feedback: 0.78762
Received=	-0.13116
Feedback: 0.785
Received=	-0.11215
Feedback: 0.76264
Received=	0.09034
Feedback: 0.52447
Received=	0.20083
Feedback: 0.39451
Received=	0.20549
Feedback: 0.38903
Received=	0.13641
Feedback: 0.47028
Received=	-0.038166
Feedback: 0.67562
Received=	0.0005003
Feedback: 0.63014
Received=	0.1746
Feedback: 0.42535
Received=	0.24118
Feedback: 0.34705
Received=	0.091077
Feedback: 0.5236
Received=	0.068546
Feedback: 0.5501
Received=	-0.04493
Feedback: 0.68358
Received=	-0.14836
Feedback: 0.80523
Received=	-0.29228
Feedback: 0.9
Received=	-0.17499
Feedback: 0.83655
Received=	0.019045
Feedback: 0.60833
Received=	0.35102
Feedback: 0.21785
Calculated range:	[(-2.000000) - (2.000000)]
Success index = (-0.087415)
Received=	0.64385
=====  18:22:16 - BASE  ============
Feedback: 0.66
Received=	0.69809
Feedback: 0.66
Received=	0.36607
Feedback: 0.66
Received=	0.37509
Feedback: 0.66
Received=	0.33176
Feedback: 0.66
Received=	0.098398
Feedback: 0.66
Received=	-0.011639
Feedback: 0.66
Received=	0.026159
Feedback: 0.66
Received=	0.016441
Feedback: 0.66
Received=	0.00027868
Feedback: 0.66
Received=	-0.020034
Feedback: 0.66
Received=	0.0012135
Feedback: 0.66
Received=	0.112
Feedback: 0.66
Received=	-0.015411
Feedback: 0.66
Received=	0.0082383
Feedback: 0.66
Received=	0.10357
Feedback: 0.66
Received=	0.010169
Feedback: 0.66
Received=	0.05307
Feedback: 0.66
Received=	0.062492
Feedback: 0.66
Received=	0.21243
Feedback: 0.66
Received=	0.11794
=====  18:23:16 - NF  ============
Feedback: 0.46744
Received=	0.091288
Feedback: 0.50722
Received=	0.17775
Feedback: 0.37815
Received=	0.36462
Feedback: 0.1
Received=	0.44637
Feedback: 0.1
Received=	0.12609
Feedback: 0.45528
Received=	-0.10135
Feedback: 0.7948
Received=	0.1864
Feedback: 0.36524
Received=	0.15971
Feedback: 0.40508
Received=	0.1538
Feedback: 0.4139
Received=	0.13355
Feedback: 0.44413
Received=	-0.12571
Feedback: 0.83117
Received=	-0.14757
Feedback: 0.86379
Received=	0.023049
Feedback: 0.60909
Received=	0.13621
Feedback: 0.44016
Received=	0.075333
Feedback: 0.53104
Received=	-0.03654
Feedback: 0.69805
Received=	-0.048582
Feedback: 0.71603
Received=	-0.047792
Feedback: 0.71485
Received=	-0.024801
Feedback: 0.68052
Received=	0.023847
Feedback: 0.6079
Received=	0.05646
Feedback: 0.55922
Received=	0.10159
Feedback: 0.49184
Received=	0.26143
Feedback: 0.25324
Received=	0.26562
Feedback: 0.24698
Received=	0.31544
Feedback: 0.17261
Received=	-0.0044755
Feedback: 0.65018
Received=	0.085406
Feedback: 0.51601
Received=	0.11554
Feedback: 0.47102
Received=	0.032599
Feedback: 0.59484
Received=	-0.029273
Feedback: 0.6872
Received=	-0.016273
Feedback: 0.66779
Received=	0.18196
Feedback: 0.37186
Received=	0.066739
Feedback: 0.54387
Received=	0.077427
Feedback: 0.52792
Received=	0.1965
Feedback: 0.35017
Received=	0.35587
Feedback: 0.11225
Received=	0.47923
Feedback: 0.1
Received=	0.45946
Feedback: 0.1
Received=	0.035971
Feedback: 0.5898
Received=	0.2105
Feedback: 0.32927
Received=	0.48046
Feedback: 0.1
Received=	0.26476
Feedback: 0.24826
Received=	0.15196
Feedback: 0.41666
Received=	0.18918
Feedback: 0.36109
Received=	0.16228
Feedback: 0.40124
Received=	0.14672
Feedback: 0.42448
Received=	-0.020421
Feedback: 0.67399
Received=	0.11725
Feedback: 0.46846
Received=	0.16004
Feedback: 0.40459
Received=	0.058385
Feedback: 0.55634
Received=	0.12604
Feedback: 0.45535
Received=	0.37492
Feedback: 0.1
Received=	0.49961
Feedback: 0.1
Received=	0.21094
Feedback: 0.32861
Received=	0.047114
Feedback: 0.57317
Received=	0.029819
Feedback: 0.59899
Received=	0.049173
Feedback: 0.5701
Received=	0.11154
Feedback: 0.47699
Received=	0.43315
Feedback: 0.1
Calculated range:	[(-2.000000) - (2.000000)]
Success index = (0.303294)
Received=	0.61469
=====  18:26:16 - BASE  ============
Feedback: 0.66
Received=	0.31415
Feedback: 0.66
Received=	0.11106
Feedback: 0.66
Received=	0.17019
Feedback: 0.66
Received=	0.13222
Feedback: 0.66
Received=	0.24902
Feedback: 0.66
Received=	0.097082
Feedback: 0.66
Received=	0.10058
Feedback: 0.66
Received=	0.14142
Feedback: 0.66
Received=	0.28318
Feedback: 0.66
Received=	0.36813
Feedback: 0.66
Received=	0.025676
Feedback: 0.66
Received=	-0.10763
Feedback: 0.66
Received=	0.088634
Feedback: 0.66
Received=	0.063615
Feedback: 0.66
Received=	0.21384
Feedback: 0.66
Received=	0.44821
Feedback: 0.66
Received=	0.57677
Feedback: 0.66
Received=	0.50604
Feedback: 0.66
Received=	0.30344
Feedback: 0.66
Received=	0.15237
=====  18:27:17 - NF  ============
Feedback: 0.5643
Received=	0.022457
Feedback: 0.71043
Received=	0.028673
Feedback: 0.70344
Received=	0.15727
Feedback: 0.55879
Received=	-0.050185
Feedback: 0.79214
Received=	-0.074293
Feedback: 0.81926
Received=	0.083284
Feedback: 0.64201
Received=	0.066142
Feedback: 0.66129
Received=	0.058827
Feedback: 0.66952
Received=	0.1538
Feedback: 0.56269
Received=	0.14556
Feedback: 0.57195
Received=	0.29001
Feedback: 0.40946
Received=	0.3948
Feedback: 0.29159
Received=	0.25625
Feedback: 0.44744
Received=	0.18675
Feedback: 0.52562
Received=	0.017021
Feedback: 0.71654
Received=	0.24354
Feedback: 0.46174
Received=	0.74204
Feedback: 0.1
Received=	0.62342
Feedback: 0.1
Received=	0.17535
Feedback: 0.53845
Received=	0.022902
Feedback: 0.70993
Received=	0.11773
Feedback: 0.60326
Received=	0.15169
Feedback: 0.56505
Received=	0.31328
Feedback: 0.38329
Received=	0.3089
Feedback: 0.38822
Received=	0.32484
Feedback: 0.37029
Received=	0.36685
Feedback: 0.32303
Received=	0.45904
Feedback: 0.21933
Received=	0.32576
Feedback: 0.36925
Received=	0.27778
Feedback: 0.42323
Received=	0.29149
Feedback: 0.40781
Received=	0.15053
Feedback: 0.56637
Received=	0.14866
Feedback: 0.56847
Received=	0.19484
Feedback: 0.51652
Received=	-0.015639
Feedback: 0.75328
Received=	0.022647
Feedback: 0.71022
Received=	0.19615
Feedback: 0.51505
Received=	0.10702
Feedback: 0.6153
Received=	0.1713
Feedback: 0.543
Received=	0.35086
Feedback: 0.34102
Received=	0.54562
Feedback: 0.12193
Received=	0.38958
Feedback: 0.29746
Received=	0.13552
Feedback: 0.58324
Received=	0.058645
Feedback: 0.66972
Received=	-0.016674
Feedback: 0.75445
Received=	-0.11917
Feedback: 0.86974
Received=	-0.0033981
Feedback: 0.73951
Received=	0.28284
Feedback: 0.41753
Received=	0.37289
Feedback: 0.31623
Received=	0.13183
Feedback: 0.5874
Received=	0.13871
Feedback: 0.57966
Received=	-0.0098321
Feedback: 0.74675
Received=	-0.25471
Feedback: 0.9
Received=	-0.24643
Feedback: 0.9
Received=	0.040366
Feedback: 0.69028
Received=	0.021229
Feedback: 0.71181
Received=	0.15995
Feedback: 0.55577
Received=	0.027245
Feedback: 0.70504
Received=	-0.17688
Feedback: 0.9
Received=	-0.11138
Feedback: 0.86098
Calculated range:	[(-2.000000) - (2.000000)]
Success index = (-0.284734)
closing...
