Direction=-1.000000	; step=1.000000;
Received=	0
Feedback: 0.66
Received=	0
Feedback: 0.66
Received=	0
Feedback: 0.66
Received=	0.15981
Feedback: 0.66
Received=	-0.080766
Feedback: 0.66
Received=	-0.088973
Feedback: 0.66
Received=	0.0012755
Feedback: 0.66
Received=	-0.044587
Feedback: 0.66
Received=	-0.26765
Feedback: 0.66
Received=	-0.46348
Feedback: 0.66
Received=	-0.32153
Feedback: 0.66
Received=	0.14367
Feedback: 0.66
Received=	0.23712
Feedback: 0.66
Received=	-0.077667
Feedback: 0.66
Received=	-0.25668
Feedback: 0.66
Received=	-0.36035
Feedback: 0.66
Received=	-0.30778
Feedback: 0.66
Received=	-0.15191
Feedback: 0.66
Received=	-0.2491
Feedback: 0.66
Received=	-0.21419
Feedback: 0.66
Received=	-0.32968
=====  13:43:53 - NF  ============
Feedback: 0.70708
Received=	-0.19572
Feedback: 0.56805
Received=	-0.035388
Feedback: 0.40164
Received=	-0.090684
Feedback: 0.45903
Received=	-0.24618
Feedback: 0.62042
Received=	-0.3458
Feedback: 0.72381
Received=	-0.14981
Feedback: 0.5204
Received=	-0.45285
Feedback: 0.83492
Received=	-0.802
Feedback: 0.9
Received=	-0.79227
Feedback: 0.9
Received=	-0.41704
Feedback: 0.79776
Received=	-0.19485
Feedback: 0.56715
Received=	-0.17357
Feedback: 0.54506
Received=	-0.14833
Feedback: 0.51887
Received=	-0.21137
Feedback: 0.58429
Received=	-0.26864
Feedback: 0.64374
Received=	-0.39471
Feedback: 0.77458
Received=	-0.55995
Feedback: 0.9
Received=	-0.37512
Feedback: 0.75425
Received=	-0.26932
Feedback: 0.64444
Received=	-0.31754
Feedback: 0.69449
Received=	-0.17198
Feedback: 0.54341
Received=	0.10054
Feedback: 0.26057
Received=	0.2457
Feedback: 0.1099
Received=	0.17703
Feedback: 0.18117
Received=	0.09865
Feedback: 0.26252
Received=	0.038051
Feedback: 0.32542
Received=	0.075321
Feedback: 0.28674
Received=	0.02319
Feedback: 0.34084
Received=	-0.36431
Feedback: 0.74303
Received=	-0.38005
Feedback: 0.75936
Received=	-0.014775
Feedback: 0.38025
Received=	-0.16334
Feedback: 0.53444
Received=	-0.33326
Feedback: 0.71081
Received=	-0.24646
Feedback: 0.62072
Received=	-0.17218
Feedback: 0.54362
Received=	-0.46292
Feedback: 0.84537
Received=	-0.70643
Feedback: 0.9
Received=	-0.47257
Feedback: 0.85539
Received=	-0.24683
Feedback: 0.6211
Received=	-0.1511
Feedback: 0.52174
Received=	-0.14052
Feedback: 0.51076
Received=	-0.37494
Feedback: 0.75406
Received=	-0.6496
Feedback: 0.9
Received=	-0.67452
Feedback: 0.9
Received=	-0.31601
Feedback: 0.6929
Received=	-0.30244
Feedback: 0.67881
Received=	-0.21559
Feedback: 0.58867
Received=	-0.2483
Feedback: 0.62262
Received=	-0.34514
Feedback: 0.72314
Received=	-0.29953
Feedback: 0.6758
Received=	-0.0087942
Feedback: 0.37404
Received=	0.047521
Feedback: 0.31559
Received=	0.12894
Feedback: 0.23108
Received=	0.04382
Feedback: 0.31943
Received=	-0.14308
Feedback: 0.51342
Received=	-0.19275
Feedback: 0.56497
Received=	-0.15461
Feedback: 0.52539
Received=	-0.23253
Feedback: 0.60626
Received=	-0.1694
Feedback: 0.54074
Calculated range:	[(-2.000000) - (2.000000)]
Success index = (-0.480216)
Received=	-0.12441
=====  13:46:53 - BASE  ============
Feedback: 0.66
Received=	-0.022998
Feedback: 0.66
Received=	-0.014086
Feedback: 0.66
Received=	0.023839
Feedback: 0.66
Received=	0.056593
Feedback: 0.66
Received=	0.30009
Feedback: 0.66
Received=	0.24118
Feedback: 0.66
Received=	0.17455
Feedback: 0.66
Received=	0.20224
Feedback: 0.66
Received=	-0.082189
Feedback: 0.66
Received=	-0.23913
Feedback: 0.66
Received=	-0.21579
Feedback: 0.66
Received=	-0.52842
Feedback: 0.66
Received=	-0.42144
Feedback: 0.66
Received=	-0.17701
Feedback: 0.66
Received=	-0.22769
Feedback: 0.66
Received=	-0.26193
Feedback: 0.66
Received=	-0.19095
Feedback: 0.66
Received=	0.14484
Feedback: 0.66
Received=	0.21991
Feedback: 0.66
Received=	-0.057621
=====  13:47:53 - NF  ============
Feedback: 0.50192
Received=	-0.18473
Feedback: 0.60709
Received=	0.010999
Feedback: 0.44515
Received=	0.27961
Feedback: 0.22291
Received=	0.60822
Feedback: 0.1
Received=	0.43418
Feedback: 0.1
Received=	0.090143
Feedback: 0.37967
Received=	0.05127
Feedback: 0.41183
Received=	0.046999
Feedback: 0.41536
Received=	-0.010216
Feedback: 0.4627
Received=	-0.30646
Feedback: 0.70779
Received=	-0.40466
Feedback: 0.78904
Received=	-0.36896
Feedback: 0.7595
Received=	-0.29024
Feedback: 0.69437
Received=	0.0043324
Feedback: 0.45066
Received=	0.10001
Feedback: 0.37151
Received=	-0.013713
Feedback: 0.46559
Received=	-0.22613
Feedback: 0.64133
Received=	-0.18295
Feedback: 0.60561
Received=	-0.057518
Feedback: 0.50184
Received=	0.20347
Feedback: 0.28591
Received=	-0.036902
Feedback: 0.48478
Received=	-0.0014017
Feedback: 0.45541
Received=	-0.092991
Feedback: 0.53118
Received=	-0.11192
Feedback: 0.54685
Received=	-0.010333
Feedback: 0.4628
Received=	0.24659
Feedback: 0.25024
Received=	0.31442
Feedback: 0.19412
Received=	0.27544
Feedback: 0.22637
Received=	0.22372
Feedback: 0.26916
Received=	0.041135
Feedback: 0.42022
Received=	-0.063047
Feedback: 0.50641
Received=	-0.061018
Feedback: 0.50473
Received=	-0.37059
Feedback: 0.76085
Received=	-0.42992
Feedback: 0.80994
Received=	-0.12898
Feedback: 0.56096
Received=	0.15128
Feedback: 0.32909
Received=	0.35901
Feedback: 0.15722
Received=	-0.035595
Feedback: 0.4837
Received=	-0.13336
Feedback: 0.56458
Received=	0.14892
Feedback: 0.33104
Received=	-0.032627
Feedback: 0.48124
Received=	0.0092366
Feedback: 0.44661
Received=	-0.17334
Feedback: 0.59766
Received=	-0.094093
Feedback: 0.5321
Received=	-0.22919
Feedback: 0.64386
Received=	-0.38191
Feedback: 0.77022
Received=	-0.22041
Feedback: 0.63661
Received=	0.38085
Feedback: 0.13915
Received=	0.17986
Feedback: 0.30545
Received=	0.00098237
Feedback: 0.45344
Received=	-0.044162
Feedback: 0.49079
Received=	-0.084525
Feedback: 0.52418
Received=	-0.15701
Feedback: 0.58415
Received=	-0.11347
Feedback: 0.54813
Received=	-0.11551
Feedback: 0.54981
Received=	-0.0043803
Feedback: 0.45787
Received=	0.056033
Feedback: 0.40789
Received=	0.15657
Feedback: 0.32471
Received=	-0.13271
Feedback: 0.56405
Calculated range:	[(-2.000000) - (2.000000)]
Success index = (0.175955)
Received=	-0.036561
=====  13:50:53 - BASE  ============
Feedback: 0.66
Received=	0.12179
Feedback: 0.66
Received=	0.17291
Feedback: 0.66
Received=	0.24879
Feedback: 0.66
Received=	0.14647
Feedback: 0.66
Received=	0.052505
Feedback: 0.66
Received=	-0.069308
Feedback: 0.66
Received=	0.30385
Feedback: 0.66
Received=	0.41612
Feedback: 0.66
Received=	0.13291
Feedback: 0.66
Received=	0.112
Feedback: 0.66
Received=	-0.0458
Feedback: 0.66
Received=	-0.33462
Feedback: 0.66
Received=	-0.46122
Feedback: 0.66
Received=	-0.12975
Feedback: 0.66
Received=	-0.34888
Feedback: 0.66
Received=	-0.32
Feedback: 0.66
Received=	-0.18934
Feedback: 0.66
Received=	-0.39056
Feedback: 0.66
Received=	-0.41705
Feedback: 0.66
Received=	0.29264
=====  13:51:53 - NF  ============
Feedback: 0.24099
Received=	0.37431
Feedback: 0.18138
Received=	0.1221
Feedback: 0.36544
Received=	0.058008
Feedback: 0.41222
Received=	-0.22299
Feedback: 0.61729
Received=	-0.092378
Feedback: 0.52197
Received=	0.20684
Feedback: 0.3036
Received=	0.31813
Feedback: 0.22238
Received=	0.078102
Feedback: 0.39755
Received=	-0.050614
Feedback: 0.49149
Received=	-0.18425
Feedback: 0.58901
Received=	-0.23621
Feedback: 0.62694
Received=	-0.45991
Feedback: 0.79019
Received=	-0.35408
Feedback: 0.71295
Received=	-0.12911
Feedback: 0.54878
Received=	-0.26559
Feedback: 0.64837
Received=	-0.08919
Feedback: 0.51964
Received=	-0.020142
Feedback: 0.46925
Received=	-0.21176
Feedback: 0.60909
Received=	0.07785
Feedback: 0.39774
Received=	0.37516
Feedback: 0.18076
Received=	0.10561
Feedback: 0.37748
Received=	0.12599
Feedback: 0.36261
Received=	0.16525
Feedback: 0.33395
Received=	0.41954
Feedback: 0.14838
Received=	0.2813
Feedback: 0.24926
Received=	-0.29855
Feedback: 0.67243
Received=	-0.56255
Feedback: 0.8651
Received=	-0.46677
Feedback: 0.7952
Received=	0.22845
Feedback: 0.28783
Received=	0.42033
Feedback: 0.1478
Received=	0.48589
Feedback: 0.1
Received=	0.22019
Feedback: 0.29386
Received=	0.040693
Feedback: 0.42485
Received=	0.084921
Feedback: 0.39258
Received=	-0.00022724
Feedback: 0.45472
Received=	0.40431
Feedback: 0.15949
Received=	0.38615
Feedback: 0.17274
Received=	0.27688
Feedback: 0.25249
Received=	0.20018
Feedback: 0.30846
Received=	-0.022004
Feedback: 0.47061
Received=	0.058624
Feedback: 0.41177
Received=	0.12013
Feedback: 0.36688
Received=	0.24424
Feedback: 0.27631
Received=	0.16431
Feedback: 0.33464
Received=	-0.011002
Feedback: 0.46258
Received=	0.24986
Feedback: 0.27221
Received=	0.21699
Feedback: 0.2962
Received=	0.11317
Feedback: 0.37196
Received=	0.043203
Feedback: 0.42302
Received=	0.020224
Feedback: 0.43979
Received=	0.02033
Feedback: 0.43971
Received=	0.1778
Feedback: 0.3248
Received=	0.18918
Feedback: 0.31649
Received=	-0.14768
Feedback: 0.56233
Received=	0.15778
Feedback: 0.33941
Received=	-0.0038499
Feedback: 0.45736
Received=	-0.22099
Feedback: 0.61583
Received=	-0.32455
Feedback: 0.69141
Received=	-0.34751
Feedback: 0.70816
Calculated range:	[(-2.000000) - (2.000000)]
Success index = (0.432998)
Received=	-0.0024402
=====  13:54:53 - BASE  ============
Feedback: 0.66
Received=	0.064136
Feedback: 0.66
Received=	-0.029311
Feedback: 0.66
Received=	-0.08643
Feedback: 0.66
Received=	-0.32005
Feedback: 0.66
Received=	-0.20522
Feedback: 0.66
Received=	-0.011963
Feedback: 0.66
Received=	-0.26288
Feedback: 0.66
Received=	0.099106
Feedback: 0.66
Received=	0.47375
Feedback: 0.66
Received=	0.50545
Feedback: 0.66
Received=	0.38643
Feedback: 0.66
Received=	0.13007
Feedback: 0.66
Received=	0.035074
Feedback: 0.66
Received=	0.18447
Feedback: 0.66
Received=	0.10758
Feedback: 0.66
Received=	0.063581
Feedback: 0.66
Received=	0.084588
Feedback: 0.66
Received=	0.0052231
Feedback: 0.66
Received=	-0.01342
Feedback: 0.66
Received=	0.032925
=====  13:55:53 - NF  ============
Feedback: 0.52728
Received=	0.34766
Feedback: 0.24796
Received=	0.14581
Feedback: 0.4271
Received=	0.16226
Feedback: 0.41251
Received=	0.13419
Feedback: 0.43742
Received=	0.070875
Feedback: 0.4936
Received=	0.22929
Feedback: 0.35301
Received=	0.3333
Feedback: 0.26071
Received=	0.27353
Feedback: 0.31376
Received=	0.41364
Feedback: 0.18941
Received=	0.35853
Feedback: 0.23832
Received=	0.39788
Feedback: 0.20339
Received=	0.11543
Feedback: 0.45406
Received=	0.14717
Feedback: 0.4259
Received=	0.10226
Feedback: 0.46575
Received=	-0.13892
Feedback: 0.67979
Received=	-0.25416
Feedback: 0.78206
Received=	0.13886
Feedback: 0.43327
Received=	0.21194
Feedback: 0.36841
Received=	0.1751
Feedback: 0.40111
Received=	0.37186
Feedback: 0.22649
Received=	0.55811
Feedback: 0.1
Received=	0.39456
Feedback: 0.20634
Received=	0.073967
Feedback: 0.49086
Received=	0.055649
Feedback: 0.50712
Received=	-0.10121
Feedback: 0.64633
Received=	-0.2199
Feedback: 0.75166
Received=	-0.26706
Feedback: 0.79352
Received=	0.21144
Feedback: 0.36886
Received=	0.36386
Feedback: 0.23359
Received=	0.57891
Feedback: 0.1
Received=	0.6805
Feedback: 0.1
Received=	0.48086
Feedback: 0.12975
Received=	0.48418
Feedback: 0.12681
Received=	0.84155
Feedback: 0.1
Received=	0.5853
Feedback: 0.1
Received=	0.1355
Feedback: 0.43625
Received=	-0.2088
Feedback: 0.74181
Received=	-0.0070087
Feedback: 0.56272
Received=	-0.033624
Feedback: 0.58634
Received=	0.07292
Feedback: 0.49179
Received=	-0.12675
Feedback: 0.66899
Received=	-0.55169
Feedback: 0.9
Received=	-0.31141
Feedback: 0.83287
Received=	-0.013725
Feedback: 0.56868
Received=	0.15577
Feedback: 0.41826
Received=	0.067612
Feedback: 0.4965
Received=	-0.068248
Feedback: 0.61707
Received=	-0.069608
Feedback: 0.61828
Received=	-0.28259
Feedback: 0.8073
Received=	-0.61713
Feedback: 0.9
Received=	-0.40624
Feedback: 0.9
Received=	-0.27539
Feedback: 0.8009
Received=	0.068787
Feedback: 0.49546
Received=	0.31271
Feedback: 0.27899
Received=	0.53764
Feedback: 0.1
Received=	0.58076
Feedback: 0.1
Received=	0.74833
Feedback: 0.1
Received=	0.50777
Feedback: 0.10587
Received=	0.38225
Feedback: 0.21727
Calculated range:	[(-2.000000) - (2.000000)]
Success index = (0.297543)
Received=	0.24179
=====  13:58:53 - BASE  ============
Feedback: 0.66
Received=	0.29761
Feedback: 0.66
Received=	0.22356
Feedback: 0.66
Received=	-0.01225
Feedback: 0.66
Received=	-0.097067
Feedback: 0.66
Received=	-0.018094
Feedback: 0.66
Received=	0.27032
Feedback: 0.66
Received=	0.34078
Feedback: 0.66
Received=	0.12767
Feedback: 0.66
Received=	-0.04857
Feedback: 0.66
Received=	-0.11371
Feedback: 0.66
Received=	-0.32647
Feedback: 0.66
Received=	-0.11734
Feedback: 0.66
Received=	0.14823
Feedback: 0.66
Received=	0.45626
Feedback: 0.66
Received=	0.4215
Feedback: 0.66
Received=	0.54765
Feedback: 0.66
Received=	0.47636
Feedback: 0.66
Received=	0.30978
Feedback: 0.66
Received=	0.48503
Feedback: 0.66
Received=	0.2795
=====  13:59:53 - NF  ============
Feedback: 0.41609
Received=	-0.14839
Feedback: 0.74627
Received=	-0.41154
Feedback: 0.9
Received=	-0.17588
Feedback: 0.76748
Received=	-0.33691
Feedback: 0.89174
Received=	-0.15599
Feedback: 0.75213
Received=	0.15649
Feedback: 0.51101
Received=	0.16418
Feedback: 0.50508
Received=	0.22106
Feedback: 0.46118
Received=	-0.08918
Feedback: 0.70058
Received=	0.0090845
Feedback: 0.62475
Received=	0.078045
Feedback: 0.57154
Received=	-0.31605
Feedback: 0.87564
Received=	-0.24601
Feedback: 0.8216
Received=	-0.56852
Feedback: 0.9
Received=	-0.29764
Feedback: 0.86143
Received=	-0.042299
Feedback: 0.6644
Received=	0.15888
Feedback: 0.50917
Received=	0.27267
Feedback: 0.42136
Received=	0.33316
Feedback: 0.37468
Received=	0.21379
Feedback: 0.4668
Received=	0.17706
Feedback: 0.49514
Received=	-0.0079536
Feedback: 0.6379
Received=	-0.1776
Feedback: 0.7688
Received=	-0.29644
Feedback: 0.86051
Received=	-0.43179
Feedback: 0.9
Received=	-0.008335
Feedback: 0.6382
Received=	0.071546
Feedback: 0.57656
Received=	0.20215
Feedback: 0.47577
Received=	0.33127
Feedback: 0.37614
Received=	0.19603
Feedback: 0.4805
Received=	-0.10489
Feedback: 0.7127
Received=	-0.24943
Feedback: 0.82423
Received=	-0.47981
Feedback: 0.9
Received=	-0.2111
Feedback: 0.79466
Received=	-0.16972
Feedback: 0.76272
Received=	-0.20211
Feedback: 0.78772
Received=	-0.12797
Feedback: 0.73051
Received=	-0.14887
Feedback: 0.74664
Received=	-0.40594
Feedback: 0.9
Received=	-0.30277
Feedback: 0.8654
Received=	-0.31673
Feedback: 0.87616
Received=	-0.0024459
Feedback: 0.63365
Received=	0.20399
Feedback: 0.47436
Received=	0.15074
Feedback: 0.51545
Received=	0.44243
Feedback: 0.29036
Received=	0.33446
Feedback: 0.37368
Received=	0.34967
Feedback: 0.36195
Received=	0.25188
Feedback: 0.43741
Received=	-0.0065637
Feedback: 0.63683
Received=	0.088459
Feedback: 0.56351
Received=	0.050348
Feedback: 0.59291
Received=	0.12444
Feedback: 0.53574
Received=	-0.22537
Feedback: 0.80567
Received=	-0.57976
Feedback: 0.9
Received=	-0.3391
Feedback: 0.89343
Received=	-0.10286
Feedback: 0.71114
Received=	-0.019838
Feedback: 0.64707
Received=	0.14173
Feedback: 0.5224
Received=	-0.05065
Feedback: 0.67085
Calculated range:	[(-2.000000) - (2.000000)]
Success index = (-0.856415)
closing...
