Direction=-1.000000	; step=1.000000;
Received=	0
Feedback: 0.66
Received=	0
Feedback: 0.66
Received=	0
Feedback: 0.66
Received=	-0.66521
Feedback: 0.66
Received=	-0.30112
Feedback: 0.66
Received=	0.135
Feedback: 0.66
Received=	-0.16398
Feedback: 0.66
Received=	-0.22508
Feedback: 0.66
Received=	-0.12242
Feedback: 0.66
Received=	0.26554
Feedback: 0.66
Received=	0.27865
Feedback: 0.66
Received=	-0.14269
Feedback: 0.66
Received=	-0.17292
Feedback: 0.66
Received=	-0.37825
Feedback: 0.66
Received=	-0.37741
Feedback: 0.66
Received=	-0.32837
Feedback: 0.66
Received=	-0.31441
Feedback: 0.66
Received=	-0.39025
Feedback: 0.66
Received=	-0.41101
Feedback: 0.66
Received=	-0.34189
Feedback: 0.66
Received=	-0.23798
=====  10:39:43 - NF  ============
Feedback: 0.52834
Received=	-0.0076025
Feedback: 0.34116
Received=	-0.03238
Feedback: 0.3613
Received=	-0.37641
Feedback: 0.64081
Received=	-0.23606
Feedback: 0.52678
Received=	-0.26595
Feedback: 0.55106
Received=	-0.21047
Feedback: 0.50599
Received=	-0.49893
Feedback: 0.74035
Received=	-0.55064
Feedback: 0.78236
Received=	-0.35739
Feedback: 0.62535
Received=	-0.16981
Feedback: 0.47296
Received=	0.062821
Feedback: 0.28395
Received=	0.37459
Feedback: 0.1
Received=	0.050663
Feedback: 0.29383
Received=	-0.12604
Feedback: 0.43739
Received=	-0.059007
Feedback: 0.38293
Received=	-0.11963
Feedback: 0.43218
Received=	0.032371
Feedback: 0.30869
Received=	-0.10528
Feedback: 0.42052
Received=	-0.25946
Feedback: 0.54579
Received=	-0.23319
Feedback: 0.52444
Received=	-0.29322
Feedback: 0.57322
Received=	-0.22938
Feedback: 0.52136
Received=	-0.18454
Feedback: 0.48492
Received=	-0.13663
Feedback: 0.44599
Received=	-0.54645
Feedback: 0.77896
Received=	-0.59939
Feedback: 0.82197
Received=	0.020613
Feedback: 0.31824
Received=	-0.35337
Feedback: 0.62208
Received=	-0.44986
Feedback: 0.70048
Received=	-0.45469
Feedback: 0.70441
Received=	-0.47867
Feedback: 0.72389
Received=	-0.37656
Feedback: 0.64093
Received=	-0.22704
Feedback: 0.51945
Received=	-0.30866
Feedback: 0.58576
Received=	-0.36712
Feedback: 0.63326
Received=	-0.32248
Feedback: 0.59699
Received=	-0.42258
Feedback: 0.67832
Received=	-0.62855
Feedback: 0.84566
Received=	-1.1781
Feedback: 0.9
Received=	-1.3582
Feedback: 0.9
Received=	-1.7944
Feedback: 0.9
Received=	-1.6605
Feedback: 0.9
Received=	-1.2484
Feedback: 0.9
Received=	-0.9262
Feedback: 0.9
Received=	-0.26422
Feedback: 0.54966
Received=	-0.12712
Feedback: 0.43827
Received=	0.022126
Feedback: 0.31701
Received=	0.21937
Feedback: 0.15676
Received=	0.1518
Feedback: 0.21166
Received=	-0.42646
Feedback: 0.68147
Received=	-0.41756
Feedback: 0.67424
Received=	-0.048012
Feedback: 0.374
Received=	0.10791
Feedback: 0.24732
Received=	-0.17171
Feedback: 0.4745
Received=	-0.50409
Feedback: 0.74454
Received=	-0.29454
Feedback: 0.57429
Received=	-0.077264
Feedback: 0.39776
Received=	0.050211
Feedback: 0.29419
Received=	0.13731
Feedback: 0.22342
Calculated range:	[(-2.000000) - (2.000000)]
Success index = (-0.321627)
Received=	0.10688
=====  10:42:43 - BASE  ============
Feedback: 0.66
Received=	-0.14865
Feedback: 0.66
Received=	-0.23909
Feedback: 0.66
Received=	-0.28301
Feedback: 0.66
Received=	-0.35625
Feedback: 0.66
Received=	-0.40665
Feedback: 0.66
Received=	-0.13129
Feedback: 0.66
Received=	0.058627
Feedback: 0.66
Received=	0.075135
Feedback: 0.66
Received=	-0.13604
Feedback: 0.66
Received=	-0.13944
Feedback: 0.66
Received=	0.12591
Feedback: 0.66
Received=	0.1897
Feedback: 0.66
Received=	0.084605
Feedback: 0.66
Received=	0.15085
Feedback: 0.66
Received=	0.048664
Feedback: 0.66
Received=	-0.060402
Feedback: 0.66
Received=	-0.26707
Feedback: 0.66
Received=	-0.16992
Feedback: 0.66
Received=	-0.14593
Feedback: 0.66
Received=	-0.29944
=====  10:43:43 - NF  ============
Feedback: 0.7318
Received=	0.14743
Feedback: 0.23962
Received=	0.071339
Feedback: 0.32343
Received=	-0.18521
Feedback: 0.60599
Received=	-0.22335
Feedback: 0.648
Received=	-0.14876
Feedback: 0.56585
Received=	-0.0083435
Feedback: 0.41119
Received=	0.11746
Feedback: 0.27264
Received=	0.091038
Feedback: 0.30173
Received=	-0.23398
Feedback: 0.6597
Received=	-0.15634
Feedback: 0.57419
Received=	-0.059335
Feedback: 0.46735
Received=	-0.037363
Feedback: 0.44315
Received=	-0.11158
Feedback: 0.52489
Received=	-0.011388
Feedback: 0.41454
Received=	-0.14409
Feedback: 0.5607
Received=	-0.13333
Feedback: 0.54885
Received=	0.056021
Feedback: 0.3403
Received=	0.0047725
Feedback: 0.39674
Received=	0.18131
Feedback: 0.20231
Received=	0.080039
Feedback: 0.31385
Received=	0.026812
Feedback: 0.37247
Received=	-0.26545
Feedback: 0.69437
Received=	-0.15774
Feedback: 0.57574
Received=	-0.025069
Feedback: 0.42961
Received=	-0.080513
Feedback: 0.49068
Received=	0.18538
Feedback: 0.19782
Received=	0.16039
Feedback: 0.22535
Received=	-0.16557
Feedback: 0.58436
Received=	-0.10217
Feedback: 0.51454
Received=	-0.032409
Feedback: 0.4377
Received=	0.13625
Feedback: 0.25194
Received=	-0.12488
Feedback: 0.53954
Received=	-0.23682
Feedback: 0.66284
Received=	-0.14862
Feedback: 0.56569
Received=	-0.11754
Feedback: 0.53146
Received=	0.020378
Feedback: 0.37956
Received=	0.082808
Feedback: 0.3108
Received=	-0.1134
Feedback: 0.5269
Received=	-0.56751
Feedback: 0.9
Received=	-0.75383
Feedback: 0.9
Received=	-0.39268
Feedback: 0.83449
Received=	0.093566
Feedback: 0.29895
Received=	0.39961
Feedback: 0.1
Received=	0.58986
Feedback: 0.1
Received=	0.29846
Feedback: 0.1
Received=	-0.1201
Feedback: 0.53428
Received=	-0.0020653
Feedback: 0.40428
Received=	-0.1592
Feedback: 0.57734
Received=	-0.30854
Feedback: 0.74182
Received=	-0.22141
Feedback: 0.64586
Received=	-0.019649
Feedback: 0.42364
Received=	-0.044473
Feedback: 0.45098
Received=	0.062364
Feedback: 0.33331
Received=	-0.20288
Feedback: 0.62546
Received=	-0.52255
Feedback: 0.9
Received=	-0.52839
Feedback: 0.9
Received=	-0.52934
Feedback: 0.9
Received=	-0.61949
Feedback: 0.9
Received=	-0.35583
Feedback: 0.79391
Calculated range:	[(-2.000000) - (2.000000)]
Success index = (-0.038644)
Received=	-0.068602
=====  10:46:43 - BASE  ============
Feedback: 0.66
Received=	-0.069399
Feedback: 0.66
Received=	0.040529
Feedback: 0.66
Received=	0.044192
Feedback: 0.66
Received=	-0.19742
Feedback: 0.66
Received=	-0.014973
Feedback: 0.66
Received=	0.29106
Feedback: 0.66
Received=	-0.16493
Feedback: 0.66
Received=	-0.25086
Feedback: 0.66
Received=	-0.10964
Feedback: 0.66
Received=	-0.12293
Feedback: 0.66
Received=	0.5246
Feedback: 0.66
Received=	0.94354
Feedback: 0.66
Received=	0.53574
Feedback: 0.66
Received=	0.099475
Feedback: 0.66
Received=	-0.23112
Feedback: 0.66
Received=	-0.013331
Feedback: 0.66
Received=	0.063816
Feedback: 0.66
Received=	-0.10972
Feedback: 0.66
Received=	-0.17511
Feedback: 0.66
Received=	-0.45093
=====  10:47:43 - NF  ============
Feedback: 0.82252
Received=	-0.40597
Feedback: 0.79437
Received=	0.10072
Feedback: 0.47703
Received=	0.082186
Feedback: 0.48864
Received=	0.074633
Feedback: 0.49337
Received=	0.19119
Feedback: 0.42038
Received=	-0.17337
Feedback: 0.64869
Received=	-0.16892
Feedback: 0.6459
Received=	-0.15739
Feedback: 0.63869
Received=	-0.17053
Feedback: 0.64692
Received=	-0.15565
Feedback: 0.63759
Received=	-0.081023
Feedback: 0.59086
Received=	-0.33017
Feedback: 0.74689
Received=	-0.5805
Feedback: 0.9
Received=	-0.65386
Feedback: 0.9
Received=	-0.35639
Feedback: 0.76332
Received=	0.36693
Feedback: 0.31031
Received=	0.19154
Feedback: 0.42016
Received=	-0.34625
Feedback: 0.75696
Received=	-0.57433
Feedback: 0.89981
Received=	-0.7336
Feedback: 0.9
Received=	-0.67733
Feedback: 0.9
Received=	-0.53185
Feedback: 0.8732
Received=	-0.53018
Feedback: 0.87216
Received=	-0.34122
Feedback: 0.75382
Received=	-0.088699
Feedback: 0.59566
Received=	-0.40212
Feedback: 0.79195
Received=	-0.39408
Feedback: 0.78692
Received=	-0.32641
Feedback: 0.74454
Received=	-0.2056
Feedback: 0.66888
Received=	-0.20358
Feedback: 0.66761
Received=	-0.22598
Feedback: 0.68164
Received=	-0.023162
Feedback: 0.55462
Received=	-0.39339
Feedback: 0.78649
Received=	-0.36704
Feedback: 0.76999
Received=	-0.31046
Feedback: 0.73455
Received=	-0.11687
Feedback: 0.61331
Received=	-0.027087
Feedback: 0.55708
Received=	-0.10786
Feedback: 0.60766
Received=	-0.21093
Feedback: 0.67222
Received=	-0.16029
Feedback: 0.6405
Received=	-0.21876
Feedback: 0.67712
Received=	-0.38645
Feedback: 0.78214
Received=	-0.62431
Feedback: 0.9
Received=	-0.16489
Feedback: 0.64338
Received=	0.3944
Feedback: 0.29311
Received=	-0.021536
Feedback: 0.5536
Received=	-0.46418
Feedback: 0.83082
Received=	-0.46745
Feedback: 0.83287
Received=	-0.57507
Feedback: 0.9
Received=	-0.88134
Feedback: 0.9
Received=	-0.97132
Feedback: 0.9
Received=	-0.69152
Feedback: 0.9
Received=	-0.29432
Feedback: 0.72444
Received=	-0.15811
Feedback: 0.63914
Received=	-0.16782
Feedback: 0.64522
Received=	-0.28578
Feedback: 0.71909
Received=	-0.53474
Feedback: 0.87501
Received=	-0.53883
Feedback: 0.87757
Received=	-0.40632
Feedback: 0.79459
Calculated range:	[(-2.234432) - (1.765568)]
Success index = (-1.234432)
Received=	0.058916
=====  10:50:43 - BASE  ============
Feedback: 0.66
Received=	0.11892
Feedback: 0.66
Received=	-0.18057
Feedback: 0.66
Received=	-0.15604
Feedback: 0.66
Received=	-0.15372
Feedback: 0.66
Received=	-0.25724
Feedback: 0.66
Received=	-0.067184
Feedback: 0.66
Received=	0.10567
Feedback: 0.66
Received=	0.1843
Feedback: 0.66
Received=	-0.067
Feedback: 0.66
Received=	-0.4326
Feedback: 0.66
Received=	-0.36269
Feedback: 0.66
Received=	-0.063499
Feedback: 0.66
Received=	-0.010339
Feedback: 0.66
Received=	-0.14597
Feedback: 0.66
Received=	-0.32086
Feedback: 0.66
Received=	-0.48408
Feedback: 0.66
Received=	-0.39377
Feedback: 0.66
Received=	-0.23938
Feedback: 0.66
Received=	-0.09428
Feedback: 0.66
Received=	0.22499
=====  10:51:43 - NF  ============
Feedback: 0.1
Received=	0.56269
Feedback: 0.1
Received=	0.30799
Feedback: 0.1
Received=	-0.07767
Feedback: 0.34614
Received=	-0.28497
Feedback: 0.57538
Received=	-0.057206
Feedback: 0.32351
Received=	-0.146
Feedback: 0.42171
Received=	-0.14904
Feedback: 0.42507
Received=	0.036871
Feedback: 0.21948
Received=	-0.23286
Feedback: 0.51776
Received=	-0.21982
Feedback: 0.50334
Received=	0.031644
Feedback: 0.22526
Received=	-0.044529
Feedback: 0.30949
Received=	-0.24751
Feedback: 0.53396
Received=	-0.038459
Feedback: 0.30278
Received=	0.09297
Feedback: 0.15744
Received=	-0.15313
Feedback: 0.42959
Received=	-0.18503
Feedback: 0.46486
Received=	0.10905
Feedback: 0.13966
Received=	-0.0075182
Feedback: 0.26857
Received=	-0.07111
Feedback: 0.33889
Received=	-0.12372
Feedback: 0.39707
Received=	0.071794
Feedback: 0.18086
Received=	0.057483
Feedback: 0.19668
Received=	-0.037007
Feedback: 0.30118
Received=	-0.28721
Feedback: 0.57785
Received=	-0.31817
Feedback: 0.6121
Received=	-0.33891
Feedback: 0.63503
Received=	-0.18514
Feedback: 0.46498
Received=	0.21219
Feedback: 0.1
Received=	0.096683
Feedback: 0.15334
Received=	-0.01663
Feedback: 0.27864
Received=	0.034144
Feedback: 0.22249
Received=	0.051085
Feedback: 0.20376
Received=	-0.074729
Feedback: 0.34289
Received=	-0.1087
Feedback: 0.38045
Received=	-0.30923
Feedback: 0.60221
Received=	-0.11881
Feedback: 0.39164
Received=	-0.38272
Feedback: 0.68348
Received=	-0.018176
Feedback: 0.28035
Received=	-0.24357
Feedback: 0.5296
Received=	-0.1567
Feedback: 0.43354
Received=	0.11359
Feedback: 0.13464
Received=	0.25598
Feedback: 0.1
Received=	0.48031
Feedback: 0.1
Received=	0.12337
Feedback: 0.12383
Received=	-0.35752
Feedback: 0.65561
Received=	-0.33163
Feedback: 0.62698
Received=	-0.3127
Feedback: 0.60605
Received=	-0.48603
Feedback: 0.79773
Received=	-0.33112
Feedback: 0.62642
Received=	-0.17843
Feedback: 0.45756
Received=	-0.01111
Feedback: 0.27254
Received=	-0.012732
Feedback: 0.27433
Received=	-0.085351
Feedback: 0.35464
Received=	0.020914
Feedback: 0.23712
Received=	0.14356
Feedback: 0.1015
Received=	-0.077971
Feedback: 0.34648
Received=	-0.30416
Feedback: 0.5966
Received=	-0.2801
Feedback: 0.56999
Calculated range:	[(-2.000000) - (2.000000)]
Success index = (0.503392)
Received=	-0.090978
=====  10:54:43 - BASE  ============
Feedback: 0.66
Received=	-0.11217
Feedback: 0.66
Received=	-0.15838
Feedback: 0.66
Received=	0.11288
Feedback: 0.66
Received=	0.55891
Feedback: 0.66
Received=	0.019045
Feedback: 0.66
Received=	-0.29303
Feedback: 0.66
Received=	-0.19318
Feedback: 0.66
Received=	0.032873
Feedback: 0.66
Received=	-0.082432
Feedback: 0.66
Received=	-0.16237
Feedback: 0.66
Received=	-0.12342
Feedback: 0.66
Received=	-0.25004
Feedback: 0.66
Received=	-0.059946
Feedback: 0.66
Received=	0.003934
Feedback: 0.66
Received=	-0.22111
Feedback: 0.66
Received=	-0.36386
Feedback: 0.66
Received=	-0.053795
Feedback: 0.66
Received=	0.058566
Feedback: 0.66
Received=	0.23549
Feedback: 0.66
Received=	0.13344
=====  10:55:43 - NF  ============
Feedback: 0.32702
Received=	0.23696
Feedback: 0.23058
Received=	0.13577
Feedback: 0.32485
Received=	-0.058252
Feedback: 0.50563
Received=	-0.026292
Feedback: 0.47585
Received=	0.07068
Feedback: 0.3855
Received=	0.06135
Feedback: 0.39419
Received=	-0.050522
Feedback: 0.49842
Received=	-0.19794
Feedback: 0.63577
Received=	-0.20713
Feedback: 0.64434
Received=	0.050539
Feedback: 0.40426
Received=	0.1276
Feedback: 0.33246
Received=	0.11253
Feedback: 0.34651
Received=	-0.21715
Feedback: 0.65367
Received=	-0.07597
Feedback: 0.52213
Received=	0.12984
Feedback: 0.33038
Received=	0.038787
Feedback: 0.41521
Received=	0.41471
Feedback: 0.1
Received=	0.21889
Feedback: 0.24742
Received=	-0.12091
Feedback: 0.56401
Received=	-0.1689
Feedback: 0.60872
Received=	0.20647
Feedback: 0.25898
Received=	0.1095
Feedback: 0.34933
Received=	-0.21096
Feedback: 0.6479
Received=	-0.28269
Feedback: 0.71473
Received=	-0.43049
Feedback: 0.85244
Received=	-0.07018
Feedback: 0.51674
Received=	-0.013849
Feedback: 0.46425
Received=	0.036135
Feedback: 0.41768
Received=	0.00062031
Feedback: 0.45077
Received=	-0.14857
Feedback: 0.58977
Received=	-0.042356
Feedback: 0.49081
Received=	0.0040228
Feedback: 0.4476
Received=	-0.24672
Feedback: 0.68122
Received=	-0.18264
Feedback: 0.62152
Received=	-0.055099
Feedback: 0.50269
Received=	0.40032
Feedback: 0.1
Received=	0.21954
Feedback: 0.24681
Received=	-0.034508
Feedback: 0.4835
Received=	-0.0057321
Feedback: 0.45669
Received=	0.065812
Feedback: 0.39003
Received=	0.0091426
Feedback: 0.44283
Received=	-0.06716
Feedback: 0.51392
Received=	-0.30982
Feedback: 0.74001
Received=	-0.063858
Feedback: 0.51085
Received=	-0.15233
Feedback: 0.59328
Received=	0.030132
Feedback: 0.42328
Received=	-0.053382
Feedback: 0.50109
Received=	0.056116
Feedback: 0.39907
Received=	0.13032
Feedback: 0.32993
Received=	0.091185
Feedback: 0.36639
Received=	-0.17385
Feedback: 0.61333
Received=	-0.32643
Feedback: 0.75549
Received=	-0.21513
Feedback: 0.65179
Received=	-0.444
Feedback: 0.86503
Received=	-0.50436
Feedback: 0.9
Received=	-0.36214
Feedback: 0.78876
Received=	0.03782
Feedback: 0.41611
Received=	0.25568
Feedback: 0.21313
Received=	0.20857
Feedback: 0.25703
Calculated range:	[(-2.000000) - (2.000000)]
Success index = (0.100865)
closing...
