Direction=-1.000000	; step=1.000000;
Received=	0
Feedback: 0.66
Received=	0
Feedback: 0.66
Received=	0
Feedback: 0.66
Received=	0.48293
Feedback: 0.66
Received=	-0.25697
Feedback: 0.66
Received=	-0.44474
Feedback: 0.66
Received=	-0.26612
Feedback: 0.66
Received=	-0.58538
Feedback: 0.66
Received=	-0.38189
Feedback: 0.66
Received=	-0.32354
Feedback: 0.66
Received=	0.074008
Feedback: 0.66
Received=	-0.17118
Feedback: 0.66
Received=	-0.53488
Feedback: 0.66
Received=	-0.77933
Feedback: 0.66
Received=	-0.89905
Feedback: 0.66
Received=	-0.88371
Feedback: 0.66
Received=	-0.51081
Feedback: 0.66
Received=	-0.37814
Feedback: 0.66
Received=	-0.20525
Feedback: 0.66
Received=	-0.17318
Feedback: 0.66
Received=	-0.17074
=====  16:41:39 - NF  ============
Feedback: 0.39733
Received=	-0.12884
Feedback: 0.37286
Received=	-0.090553
Feedback: 0.3505
Received=	0.063928
Feedback: 0.26027
Received=	0.03603
Feedback: 0.27656
Received=	-0.092479
Feedback: 0.35162
Received=	-0.11497
Feedback: 0.36476
Received=	-0.29073
Feedback: 0.46742
Received=	-0.079151
Feedback: 0.34384
Received=	-0.22982
Feedback: 0.43184
Received=	-0.42689
Feedback: 0.54694
Received=	-0.30076
Feedback: 0.47328
Received=	-0.33967
Feedback: 0.496
Received=	-0.58942
Feedback: 0.64188
Received=	-0.46392
Feedback: 0.56857
Received=	-0.43487
Feedback: 0.55161
Received=	-0.24696
Feedback: 0.44185
Received=	0.074906
Feedback: 0.25386
Received=	0.17114
Feedback: 0.19765
Received=	-0.049535
Feedback: 0.32654
Received=	-0.22851
Feedback: 0.43107
Received=	-0.44273
Feedback: 0.5562
Received=	-0.64302
Feedback: 0.67318
Received=	-0.58516
Feedback: 0.63939
Received=	-0.3578
Feedback: 0.50659
Received=	-0.0094831
Feedback: 0.30315
Received=	-0.26165
Feedback: 0.45043
Received=	-0.40117
Feedback: 0.53193
Received=	-0.3129
Feedback: 0.48037
Received=	-0.16416
Feedback: 0.39349
Received=	-0.080406
Feedback: 0.34457
Received=	-0.36172
Feedback: 0.50888
Received=	-0.4625
Feedback: 0.56775
Received=	0.03477
Feedback: 0.2773
Received=	-0.22496
Feedback: 0.429
Received=	-0.37389
Feedback: 0.51599
Received=	-0.30674
Feedback: 0.47677
Received=	-0.40795
Feedback: 0.53589
Received=	-0.33973
Feedback: 0.49604
Received=	-0.17656
Feedback: 0.40074
Received=	-0.16904
Feedback: 0.39634
Received=	-0.43659
Feedback: 0.55261
Received=	-0.58008
Feedback: 0.63642
Received=	-0.3804
Feedback: 0.51979
Received=	-0.2814
Feedback: 0.46197
Received=	-0.27853
Feedback: 0.46029
Received=	0.0025218
Feedback: 0.29614
Received=	0.095207
Feedback: 0.242
Received=	0.097206
Feedback: 0.24083
Received=	-0.13866
Feedback: 0.3786
Received=	-0.12601
Feedback: 0.37121
Received=	-0.32487
Feedback: 0.48736
Received=	-0.4245
Feedback: 0.54555
Received=	-0.29081
Feedback: 0.46746
Received=	-0.36667
Feedback: 0.51177
Received=	-0.48297
Feedback: 0.5797
Received=	-0.51696
Feedback: 0.59955
Received=	-0.43715
Feedback: 0.55294
Received=	-0.37594
Feedback: 0.51719
Received=	-0.33469
Feedback: 0.4931
Calculated range:	[(-2.000000) - (2.000000)]
Success index = (0.381727)
Received=	-0.59371
=====  16:44:39 - BASE  ============
Feedback: 0.66
Received=	-0.67531
Feedback: 0.66
Received=	-0.6409
Feedback: 0.66
Received=	-0.5649
Feedback: 0.66
Received=	-0.60185
Feedback: 0.66
Received=	-0.58403
Feedback: 0.66
Received=	-0.43865
Feedback: 0.66
Received=	-0.34011
Feedback: 0.66
Received=	-0.52767
Feedback: 0.66
Received=	-0.69684
Feedback: 0.66
Received=	-0.5658
Feedback: 0.66
Received=	-0.17471
Feedback: 0.66
Received=	0.15207
Feedback: 0.66
Received=	0.0094334
Feedback: 0.66
Received=	-0.20429
Feedback: 0.66
Received=	-0.18008
Feedback: 0.66
Received=	-0.14127
Feedback: 0.66
Received=	-0.20472
Feedback: 0.66
Received=	-0.070127
Feedback: 0.66
Received=	-0.16051
Feedback: 0.66
Received=	0.039389
=====  16:45:39 - NF  ============
Feedback: 0.20833
Received=	-0.15644
Feedback: 0.36307
Received=	-0.45741
Feedback: 0.6009
Received=	-0.2972
Feedback: 0.4743
Received=	-0.074196
Feedback: 0.29808
Received=	0.056697
Feedback: 0.19465
Received=	-0.06943
Feedback: 0.29432
Received=	-0.057137
Feedback: 0.2846
Received=	0.013605
Feedback: 0.2287
Received=	0.0047906
Feedback: 0.23567
Received=	-0.10887
Feedback: 0.32548
Received=	-0.065416
Feedback: 0.29115
Received=	0.09153
Feedback: 0.16713
Received=	-0.08493
Feedback: 0.30657
Received=	-0.21643
Feedback: 0.41048
Received=	-0.40058
Feedback: 0.55599
Received=	-0.50806
Feedback: 0.64093
Received=	-0.50155
Feedback: 0.63578
Received=	-0.4116
Feedback: 0.56471
Received=	-0.051068
Feedback: 0.27981
Received=	-0.081786
Feedback: 0.30408
Received=	0.11585
Feedback: 0.14791
Received=	0.32438
Feedback: 0.1
Received=	0.40487
Feedback: 0.1
Received=	0.18234
Feedback: 0.1
Received=	0.2852
Feedback: 0.1
Received=	0.47431
Feedback: 0.1
Received=	0.59784
Feedback: 0.1
Received=	0.86594
Feedback: 0.1
Received=	0.89604
Feedback: 0.1
Received=	0.54598
Feedback: 0.1
Received=	0.36535
Feedback: 0.1
Received=	0.37753
Feedback: 0.1
Received=	0.5081
Feedback: 0.1
Received=	0.39434
Feedback: 0.1
Received=	0.21288
Feedback: 0.1
Received=	-0.046163
Feedback: 0.27593
Received=	0.17816
Feedback: 0.1
Received=	0.15089
Feedback: 0.12022
Received=	0.052502
Feedback: 0.19797
Received=	0.011037
Feedback: 0.23073
Received=	0.18201
Feedback: 0.1
Received=	0.12023
Feedback: 0.14445
Received=	0.12152
Feedback: 0.14343
Received=	0.078057
Feedback: 0.17777
Received=	0.1873
Feedback: 0.1
Received=	0.14572
Feedback: 0.1243
Received=	0.16021
Feedback: 0.11286
Received=	0.18167
Feedback: 0.1
Received=	0.30868
Feedback: 0.1
Received=	0.20896
Feedback: 0.1
Received=	0.2429
Feedback: 0.1
Received=	0.12187
Feedback: 0.14315
Received=	0.097508
Feedback: 0.1624
Received=	-0.0074071
Feedback: 0.24531
Received=	-0.15453
Feedback: 0.36156
Received=	-0.014565
Feedback: 0.25096
Received=	-0.24279
Feedback: 0.4313
Received=	-0.29586
Feedback: 0.47324
Received=	-0.23911
Feedback: 0.4284
Calculated range:	[(-2.000000) - (2.000000)]
Success index = (1.432301)
Received=	-0.066571
=====  16:48:39 - BASE  ============
Feedback: 0.66
Received=	-0.029371
Feedback: 0.66
Received=	-0.17486
Feedback: 0.66
Received=	-0.47806
Feedback: 0.66
Received=	-0.1826
Feedback: 0.66
Received=	0.37098
Feedback: 0.66
Received=	0.25816
Feedback: 0.66
Received=	0.0283
Feedback: 0.66
Received=	-0.26973
Feedback: 0.66
Received=	-0.4028
Feedback: 0.66
Received=	-0.35781
Feedback: 0.66
Received=	-0.17632
Feedback: 0.66
Received=	-0.24021
Feedback: 0.66
Received=	-0.29524
Feedback: 0.66
Received=	-0.099161
Feedback: 0.66
Received=	-0.038772
Feedback: 0.66
Received=	-0.065487
Feedback: 0.66
Received=	0.046188
Feedback: 0.66
Received=	0.21892
Feedback: 0.66
Received=	0.1395
Feedback: 0.66
Received=	0.038871
=====  16:49:39 - NF  ============
Feedback: 0.38676
Received=	0.14644
Feedback: 0.29611
Received=	0.18446
Feedback: 0.26407
Received=	0.18194
Feedback: 0.2662
Received=	0.49502
Feedback: 0.1
Received=	0.2727
Feedback: 0.18971
Received=	0.16094
Feedback: 0.2839
Received=	0.46005
Feedback: 0.1
Received=	0.50959
Feedback: 0.1
Received=	0.13878
Feedback: 0.30257
Received=	0.064235
Feedback: 0.36539
Received=	0.10234
Feedback: 0.33328
Received=	-0.031265
Feedback: 0.44587
Received=	0.070078
Feedback: 0.36046
Received=	0.19906
Feedback: 0.25176
Received=	0.027383
Feedback: 0.39644
Received=	-0.13005
Feedback: 0.52912
Received=	-0.17149
Feedback: 0.56404
Received=	-0.04698
Feedback: 0.45911
Received=	0.28105
Feedback: 0.18267
Received=	0.18596
Feedback: 0.26281
Received=	-0.036738
Feedback: 0.45048
Received=	-0.081829
Feedback: 0.48848
Received=	0.11012
Feedback: 0.32672
Received=	0.063528
Feedback: 0.36598
Received=	0.065385
Feedback: 0.36442
Received=	0.043235
Feedback: 0.38309
Received=	-0.090403
Feedback: 0.49571
Received=	0.050822
Feedback: 0.37669
Received=	-0.093733
Feedback: 0.49851
Received=	-0.086925
Feedback: 0.49278
Received=	-0.15555
Feedback: 0.55061
Received=	-0.32472
Feedback: 0.69317
Received=	-0.19241
Feedback: 0.58167
Received=	-0.30723
Feedback: 0.67843
Received=	-0.29344
Feedback: 0.66681
Received=	-0.29639
Feedback: 0.6693
Received=	-0.091587
Feedback: 0.4967
Received=	-0.041104
Feedback: 0.45416
Received=	-0.054492
Feedback: 0.46544
Received=	-0.031432
Feedback: 0.44601
Received=	0.21747
Feedback: 0.23625
Received=	0.032103
Feedback: 0.39247
Received=	-0.14695
Feedback: 0.54336
Received=	-0.31938
Feedback: 0.68867
Received=	-0.28535
Feedback: 0.65999
Received=	-0.14331
Feedback: 0.54029
Received=	-0.18291
Feedback: 0.57366
Received=	-0.023299
Feedback: 0.43916
Received=	0.072204
Feedback: 0.35867
Received=	0.18876
Feedback: 0.26045
Received=	0.11896
Feedback: 0.31927
Received=	-0.26458
Feedback: 0.64249
Received=	-0.13582
Feedback: 0.53398
Received=	-0.14842
Feedback: 0.5446
Received=	-0.18315
Feedback: 0.57387
Received=	-0.1101
Feedback: 0.51231
Received=	-0.38902
Feedback: 0.74736
Received=	-0.43721
Feedback: 0.78797
Received=	-0.30256
Feedback: 0.6745
Calculated range:	[(-2.000000) - (2.000000)]
Success index = (0.353799)
Received=	-0.20993
=====  16:52:39 - BASE  ============
Feedback: 0.66
Received=	-0.3518
Feedback: 0.66
Received=	-0.66878
Feedback: 0.66
Received=	-0.78955
Feedback: 0.66
Received=	-0.64232
Feedback: 0.66
Received=	-0.5283
Feedback: 0.66
Received=	-0.80844
Feedback: 0.66
Received=	-0.60437
Feedback: 0.66
Received=	-0.69671
Feedback: 0.66
Received=	-0.66616
Feedback: 0.66
Received=	-0.55278
Feedback: 0.66
Received=	-0.49328
Feedback: 0.66
Received=	-0.25498
Feedback: 0.66
Received=	-0.15902
Feedback: 0.66
Received=	0.073925
Feedback: 0.66
Received=	0.25065
Feedback: 0.66
Received=	0.24469
Feedback: 0.66
Received=	0.32786
Feedback: 0.66
Received=	0.18898
Feedback: 0.66
Received=	0.1144
Feedback: 0.66
Received=	0.11155
=====  16:53:39 - NF  ============
Feedback: 0.29186
Received=	0.50194
Feedback: 0.10123
Received=	0.39895
Feedback: 0.15152
Received=	0.095369
Feedback: 0.29976
Received=	-0.16302
Feedback: 0.42594
Received=	-0.66645
Feedback: 0.67178
Received=	-0.48511
Feedback: 0.58323
Received=	-0.13428
Feedback: 0.41191
Received=	-0.19488
Feedback: 0.4415
Received=	-0.13408
Feedback: 0.41181
Received=	-0.16859
Feedback: 0.42866
Received=	-0.19314
Feedback: 0.44065
Received=	-0.0012173
Feedback: 0.34693
Received=	-0.077996
Feedback: 0.38442
Received=	-0.16474
Feedback: 0.42678
Received=	-0.2638
Feedback: 0.47516
Received=	-0.19005
Feedback: 0.43914
Received=	0.03108
Feedback: 0.33116
Received=	0.096197
Feedback: 0.29936
Received=	0.26756
Feedback: 0.21568
Received=	0.23136
Feedback: 0.23336
Received=	0.14399
Feedback: 0.27602
Received=	-0.0028411
Feedback: 0.34772
Received=	-0.12129
Feedback: 0.40557
Received=	-0.24803
Feedback: 0.46746
Received=	-0.31666
Feedback: 0.50097
Received=	-0.35268
Feedback: 0.51856
Received=	-0.027737
Feedback: 0.35988
Received=	0.19995
Feedback: 0.24869
Received=	0.33895
Feedback: 0.18082
Received=	0.61706
Feedback: 0.1
Received=	0.42186
Feedback: 0.14033
Received=	0.20466
Feedback: 0.24639
Received=	0.21844
Feedback: 0.23967
Received=	0.092266
Feedback: 0.30128
Received=	-0.18522
Feedback: 0.43679
Received=	0.10819
Feedback: 0.2935
Received=	0.48535
Feedback: 0.10933
Received=	0.30196
Feedback: 0.19888
Received=	0.015462
Feedback: 0.33878
Received=	0.22972
Feedback: 0.23416
Received=	0.11172
Feedback: 0.29178
Received=	0.15061
Feedback: 0.27279
Received=	0.34754
Feedback: 0.17662
Received=	0.12912
Feedback: 0.28328
Received=	-0.20111
Feedback: 0.44454
Received=	-0.10114
Feedback: 0.39572
Received=	0.11962
Feedback: 0.28792
Received=	0.06961
Feedback: 0.31234
Received=	0.049603
Feedback: 0.32211
Received=	-0.019109
Feedback: 0.35567
Received=	-0.28445
Feedback: 0.48524
Received=	-0.48939
Feedback: 0.58532
Received=	-0.2952
Feedback: 0.49049
Received=	-0.042795
Feedback: 0.36723
Received=	0.18941
Feedback: 0.25384
Received=	0.27652
Feedback: 0.21131
Received=	0.2404
Feedback: 0.22894
Received=	0.090992
Feedback: 0.3019
Received=	-0.21079
Feedback: 0.44927
Calculated range:	[(-2.000000) - (2.000000)]
Success index = (1.135580)
Received=	-0.22926
=====  16:56:39 - BASE  ============
Feedback: 0.66
Received=	-0.11801
Feedback: 0.66
Received=	-0.16872
Feedback: 0.66
Received=	0.24766
Feedback: 0.66
Received=	0.044348
Feedback: 0.66
Received=	0.089628
Feedback: 0.66
Received=	-0.1428
Feedback: 0.66
Received=	-0.13499
Feedback: 0.66
Received=	0.20354
Feedback: 0.66
Received=	-0.072363
Feedback: 0.66
Received=	0.030178
Feedback: 0.66
Received=	0.20109
Feedback: 0.66
Received=	0.029117
Feedback: 0.66
Received=	0.047875
Feedback: 0.66
Received=	-0.05028
Feedback: 0.66
Received=	0.042134
Feedback: 0.66
Received=	0.085773
Feedback: 0.66
Received=	0.14732
Feedback: 0.66
Received=	0.35914
Feedback: 0.66
Received=	0.31736
Feedback: 0.66
Received=	0.20801
=====  16:57:39 - NF  ============
Feedback: 0.32169
Received=	0.0057876
Feedback: 0.58465
Received=	0.0075789
Feedback: 0.58232
Received=	0.090142
Feedback: 0.47497
Received=	0.095504
Feedback: 0.46799
Received=	0.057848
Feedback: 0.51696
Received=	-0.21124
Feedback: 0.86685
Received=	0.080751
Feedback: 0.48718
Received=	0.039444
Feedback: 0.54089
Received=	0.10511
Feedback: 0.4555
Received=	0.1568
Feedback: 0.38829
Received=	-0.044324
Feedback: 0.64981
Received=	-0.27077
Feedback: 0.9
Received=	-0.2494
Feedback: 0.9
Received=	-0.33659
Feedback: 0.9
Received=	-0.20701
Feedback: 0.86136
Received=	-0.097647
Feedback: 0.71915
Received=	-0.20913
Feedback: 0.86411
Received=	-0.29647
Feedback: 0.9
Received=	0.090077
Feedback: 0.47505
Received=	0.19002
Feedback: 0.34509
Received=	0.23056
Feedback: 0.29237
Received=	-0.19655
Feedback: 0.84775
Received=	0.17349
Feedback: 0.36658
Received=	0.26657
Feedback: 0.24555
Received=	0.073145
Feedback: 0.49707
Received=	0.025833
Feedback: 0.55859
Received=	0.22712
Feedback: 0.29685
Received=	0.26645
Feedback: 0.24571
Received=	0.2478
Feedback: 0.26995
Received=	0.20443
Feedback: 0.32636
Received=	0.12026
Feedback: 0.4358
Received=	0.10481
Feedback: 0.4559
Received=	0.011036
Feedback: 0.57783
Received=	-0.18239
Feedback: 0.82934
Received=	-0.0084165
Feedback: 0.60312
Received=	-0.021568
Feedback: 0.62022
Received=	-0.021935
Feedback: 0.6207
Received=	-0.068715
Feedback: 0.68153
Received=	-0.3492
Feedback: 0.9
Received=	-0.42488
Feedback: 0.9
Received=	-0.53734
Feedback: 0.9
Received=	-0.20749
Feedback: 0.86199
Received=	0.13334
Feedback: 0.4188
Received=	0.17839
Feedback: 0.36021
Received=	0.18588
Feedback: 0.35047
Received=	0.096752
Feedback: 0.46637
Received=	-0.071705
Feedback: 0.68542
Received=	0.039952
Feedback: 0.54023
Received=	-0.016433
Feedback: 0.61355
Received=	-0.20206
Feedback: 0.85492
Received=	-0.18496
Feedback: 0.83268
Received=	-0.058182
Feedback: 0.66783
Received=	-0.13376
Feedback: 0.76611
Received=	-0.1081
Feedback: 0.73274
Received=	-0.10917
Feedback: 0.73413
Received=	-0.038173
Feedback: 0.64181
Received=	-0.15309
Feedback: 0.79125
Received=	-0.11009
Feedback: 0.73533
Received=	-0.25894
Feedback: 0.9
Calculated range:	[(-2.000000) - (2.000000)]
Success index = (-0.554025)
closing...
