Direction=-1.000000	; step=1.000000;
Received=	0
Feedback: 0.66
Received=	0
Feedback: 0.66
Received=	0
Feedback: 0.66
Received=	-0.64296
Feedback: 0.66
Received=	-0.70283
Feedback: 0.66
Received=	-0.043134
Feedback: 0.66
Received=	-0.073671
Feedback: 0.66
Received=	-0.10755
Feedback: 0.66
Received=	-0.088269
Feedback: 0.66
Received=	-0.52475
Feedback: 0.66
Received=	-0.92341
Feedback: 0.66
Received=	-0.95295
Feedback: 0.66
Received=	-0.6607
Feedback: 0.66
Received=	-0.70458
Feedback: 0.66
Received=	-0.63265
Feedback: 0.66
Received=	-0.58726
Feedback: 0.66
Received=	-0.6965
Feedback: 0.66
Received=	-0.47377
Feedback: 0.66
Received=	0.06561
Feedback: 0.66
Received=	0.13334
Feedback: 0.66
Received=	-0.44757
=====  11:40:8 - NF  ============
Feedback: 0.51373
Received=	-0.80362
Feedback: 0.71362
Received=	-0.73711
Feedback: 0.67628
Received=	-0.67556
Feedback: 0.64173
Received=	-0.62569
Feedback: 0.61373
Received=	-0.55182
Feedback: 0.57226
Received=	-0.63697
Feedback: 0.62006
Received=	-0.72347
Feedback: 0.66863
Received=	-0.67504
Feedback: 0.64143
Received=	-0.71616
Feedback: 0.66452
Received=	-0.70391
Feedback: 0.65765
Received=	-0.72491
Feedback: 0.66943
Received=	-0.54555
Feedback: 0.56874
Received=	-0.34865
Feedback: 0.45819
Received=	-0.33698
Feedback: 0.45164
Received=	-0.52141
Feedback: 0.55518
Received=	-0.69551
Feedback: 0.65293
Received=	-0.66309
Feedback: 0.63473
Received=	-0.56597
Feedback: 0.5802
Received=	-0.40222
Feedback: 0.48827
Received=	-0.60605
Feedback: 0.6027
Received=	-0.6342
Feedback: 0.61851
Received=	-0.65458
Feedback: 0.62995
Received=	-0.45939
Feedback: 0.52037
Received=	-0.66218
Feedback: 0.63421
Received=	-0.76644
Feedback: 0.69275
Received=	-0.40065
Feedback: 0.48739
Received=	-0.19715
Feedback: 0.37314
Received=	-0.3636
Feedback: 0.46659
Received=	-0.47833
Feedback: 0.531
Received=	-0.71088
Feedback: 0.66156
Received=	-0.75949
Feedback: 0.68885
Received=	-0.62022
Feedback: 0.61066
Received=	-0.57356
Feedback: 0.58446
Received=	-0.88064
Feedback: 0.75686
Received=	-0.98135
Feedback: 0.8134
Received=	-0.87468
Feedback: 0.75351
Received=	-0.55804
Feedback: 0.57575
Received=	-0.48305
Feedback: 0.53365
Received=	-0.70712
Feedback: 0.65944
Received=	-0.87535
Feedback: 0.75389
Received=	-0.90798
Feedback: 0.77221
Received=	-0.81851
Feedback: 0.72198
Received=	-0.75592
Feedback: 0.68684
Received=	-0.55479
Feedback: 0.57393
Received=	-0.29535
Feedback: 0.42827
Received=	-0.23296
Feedback: 0.39325
Received=	-0.32645
Feedback: 0.44573
Received=	-0.43857
Feedback: 0.50868
Received=	-0.6052
Feedback: 0.60223
Received=	-0.4695
Feedback: 0.52604
Received=	-0.47419
Feedback: 0.52867
Received=	-0.61356
Feedback: 0.60692
Received=	-0.32964
Feedback: 0.44752
Received=	-0.33466
Feedback: 0.45034
Received=	-0.67175
Feedback: 0.63959
Received=	-0.82468
Feedback: 0.72544
Received=	-0.56715
Feedback: 0.58086
Received=	-0.48495
Feedback: 0.53472
Received=	-0.48713
Feedback: 0.53594
Calculated range:	[(-2.000000) - (2.000000)]
Success index = (-0.772000)
Received=	-0.68601
=====  11:43:8 - BASE  ============
Feedback: 0.66
Received=	-0.67525
Feedback: 0.66
Received=	-0.62241
Feedback: 0.66
Received=	-0.45467
Feedback: 0.66
Received=	-0.22699
Feedback: 0.66
Received=	-0.1179
Feedback: 0.66
Received=	-0.066615
Feedback: 0.66
Received=	-0.19457
Feedback: 0.66
Received=	-0.55999
Feedback: 0.66
Received=	-0.55448
Feedback: 0.66
Received=	-0.48173
Feedback: 0.66
Received=	-0.56053
Feedback: 0.66
Received=	-0.5154
Feedback: 0.66
Received=	-0.60123
Feedback: 0.66
Received=	-0.84268
Feedback: 0.66
Received=	-0.94338
Feedback: 0.66
Received=	-0.97581
Feedback: 0.66
Received=	-0.69832
Feedback: 0.66
Received=	-0.26958
Feedback: 0.66
Received=	-0.46195
Feedback: 0.66
Received=	-0.60427
=====  11:44:8 - NF  ============
Feedback: 0.57313
Received=	-0.64138
Feedback: 0.60138
Received=	-0.51614
Feedback: 0.50602
Received=	-0.56944
Feedback: 0.54661
Received=	-0.48762
Feedback: 0.4843
Received=	-0.33587
Feedback: 0.36875
Received=	-0.29776
Feedback: 0.33974
Received=	-0.59645
Feedback: 0.56717
Received=	-0.7669
Feedback: 0.69696
Received=	-0.76888
Feedback: 0.69847
Received=	-0.70588
Feedback: 0.6505
Received=	-0.7885
Feedback: 0.7134
Received=	-0.90952
Feedback: 0.80556
Received=	-0.68741
Feedback: 0.63643
Received=	-0.29705
Feedback: 0.33919
Received=	-0.26305
Feedback: 0.31331
Received=	-0.61999
Feedback: 0.58509
Received=	-0.50965
Feedback: 0.50108
Received=	-0.47309
Feedback: 0.47324
Received=	-0.57132
Feedback: 0.54804
Received=	-0.72431
Feedback: 0.66453
Received=	-0.63189
Feedback: 0.59416
Received=	-0.74605
Feedback: 0.68108
Received=	-0.80218
Feedback: 0.72382
Received=	-0.85653
Feedback: 0.76521
Received=	-0.74148
Feedback: 0.6776
Received=	-0.5809
Feedback: 0.55533
Received=	-0.32942
Feedback: 0.36384
Received=	-0.51031
Feedback: 0.50158
Received=	-0.60746
Feedback: 0.57556
Received=	-0.43298
Feedback: 0.4427
Received=	-0.36802
Feedback: 0.39323
Received=	-0.39818
Feedback: 0.4162
Received=	-0.3609
Feedback: 0.38781
Received=	-0.44168
Feedback: 0.44932
Received=	-0.58754
Feedback: 0.56038
Received=	-0.49168
Feedback: 0.48739
Received=	-0.44398
Feedback: 0.45107
Received=	-0.30171
Feedback: 0.34274
Received=	-0.3712
Feedback: 0.39566
Received=	-0.6116
Feedback: 0.57871
Received=	-0.61667
Feedback: 0.58257
Received=	-0.51503
Feedback: 0.50517
Received=	-0.60835
Feedback: 0.57623
Received=	-0.83396
Feedback: 0.74802
Received=	-0.73921
Feedback: 0.67588
Received=	-0.58823
Feedback: 0.56091
Received=	-0.52184
Feedback: 0.51036
Received=	-0.60627
Feedback: 0.57465
Received=	-0.67342
Feedback: 0.62578
Received=	-0.6226
Feedback: 0.58708
Received=	-0.48103
Feedback: 0.47928
Received=	-0.41439
Feedback: 0.42854
Received=	-0.3838
Feedback: 0.40525
Received=	-0.33961
Feedback: 0.3716
Received=	-0.40259
Feedback: 0.41955
Received=	-0.37222
Feedback: 0.39643
Received=	-0.12699
Feedback: 0.2097
Received=	-0.084843
Feedback: 0.17761
Received=	-0.36281
Feedback: 0.38927
Calculated range:	[(-2.000000) - (2.000000)]
Success index = (-0.130469)
Received=	-0.73502
=====  11:47:8 - BASE  ============
Feedback: 0.66
Received=	-0.52243
Feedback: 0.66
Received=	-0.32343
Feedback: 0.66
Received=	-0.23073
Feedback: 0.66
Received=	-0.29268
Feedback: 0.66
Received=	-0.40025
Feedback: 0.66
Received=	-0.44305
Feedback: 0.66
Received=	-0.24939
Feedback: 0.66
Received=	-0.3814
Feedback: 0.66
Received=	-0.4202
Feedback: 0.66
Received=	-0.66443
Feedback: 0.66
Received=	-0.79284
Feedback: 0.66
Received=	-0.7304
Feedback: 0.66
Received=	-0.38715
Feedback: 0.66
Received=	-0.29927
Feedback: 0.66
Received=	-0.20748
Feedback: 0.66
Received=	-0.34916
Feedback: 0.66
Received=	-0.35936
Feedback: 0.66
Received=	-0.35417
Feedback: 0.66
Received=	-0.49149
Feedback: 0.66
Received=	-0.45922
=====  11:48:8 - NF  ============
Feedback: 0.55973
Received=	-0.36901
Feedback: 0.45065
Received=	-0.42133
Feedback: 0.51392
Received=	-0.72442
Feedback: 0.88039
Received=	-0.87107
Feedback: 0.9
Received=	-0.85556
Feedback: 0.9
Received=	-0.78628
Feedback: 0.9
Received=	-0.69565
Feedback: 0.84561
Received=	-0.74204
Feedback: 0.9
Received=	-0.34786
Feedback: 0.42508
Received=	-0.37443
Feedback: 0.4572
Received=	-0.50367
Feedback: 0.61347
Received=	-0.6232
Feedback: 0.758
Received=	-0.77632
Feedback: 0.9
Received=	-0.85063
Feedback: 0.9
Received=	-0.8782
Feedback: 0.9
Received=	-0.50599
Feedback: 0.61627
Received=	-0.1106
Feedback: 0.13818
Received=	-0.16982
Feedback: 0.20979
Received=	-0.40116
Feedback: 0.48952
Received=	-0.48573
Feedback: 0.59178
Received=	-0.28432
Feedback: 0.34824
Received=	-0.17425
Feedback: 0.21514
Received=	-0.33482
Feedback: 0.40931
Received=	-0.59824
Feedback: 0.72782
Received=	-0.61108
Feedback: 0.74335
Received=	-0.43172
Feedback: 0.52648
Received=	-0.42815
Feedback: 0.52215
Received=	-0.074682
Feedback: 0.1
Received=	-0.27048
Feedback: 0.33151
Received=	-0.43075
Feedback: 0.52531
Received=	-0.44474
Feedback: 0.54222
Received=	-0.53093
Feedback: 0.64644
Received=	-0.72505
Feedback: 0.88116
Received=	-0.786
Feedback: 0.9
Received=	-0.59027
Feedback: 0.71819
Received=	-0.52754
Feedback: 0.64234
Received=	-0.25974
Feedback: 0.31852
Received=	-0.22227
Feedback: 0.27321
Received=	-0.44606
Feedback: 0.54381
Received=	-0.57337
Feedback: 0.69775
Received=	-0.68206
Feedback: 0.82918
Received=	-0.76818
Feedback: 0.9
Received=	-0.63857
Feedback: 0.77659
Received=	-0.22501
Feedback: 0.27652
Received=	0.048194
Feedback: 0.1
Received=	-0.30606
Feedback: 0.37453
Received=	-0.49535
Feedback: 0.60341
Received=	-0.28595
Feedback: 0.35021
Received=	0.09262
Feedback: 0.1
Received=	0.023254
Feedback: 0.1
Received=	-0.46621
Feedback: 0.56818
Received=	-0.33257
Feedback: 0.40659
Received=	-0.17993
Feedback: 0.22202
Received=	-0.41205
Feedback: 0.50268
Received=	-0.41401
Feedback: 0.50506
Received=	-0.00056916
Feedback: 0.1
Received=	-0.080255
Feedback: 0.10149
Received=	-0.30708
Feedback: 0.37576
Received=	-0.44268
Feedback: 0.53973
Calculated range:	[(-2.000000) - (2.000000)]
Success index = (-0.145444)
Received=	-0.27286
=====  11:51:8 - BASE  ============
Feedback: 0.66
Received=	0.018626
Feedback: 0.66
Received=	0.086168
Feedback: 0.66
Received=	-0.1678
Feedback: 0.66
Received=	-0.18368
Feedback: 0.66
Received=	0.15574
Feedback: 0.66
Received=	0.25465
Feedback: 0.66
Received=	0.008578
Feedback: 0.66
Received=	-0.31962
Feedback: 0.66
Received=	-0.57902
Feedback: 0.66
Received=	-0.54426
Feedback: 0.66
Received=	-0.60742
Feedback: 0.66
Received=	-0.77742
Feedback: 0.66
Received=	-0.9096
Feedback: 0.66
Received=	-0.73531
Feedback: 0.66
Received=	-0.26865
Feedback: 0.66
Received=	0.0078344
Feedback: 0.66
Received=	-0.079965
Feedback: 0.66
Received=	-0.040841
Feedback: 0.66
Received=	-0.15351
Feedback: 0.66
Received=	-0.30622
=====  11:52:8 - NF  ============
Feedback: 0.52116
Received=	-0.36335
Feedback: 0.55424
Received=	-0.25392
Feedback: 0.49088
Received=	-0.48105
Feedback: 0.62239
Received=	-0.47793
Feedback: 0.62058
Received=	-0.39918
Feedback: 0.57499
Received=	-0.30602
Feedback: 0.52104
Received=	-0.0023443
Feedback: 0.34521
Received=	-0.030001
Feedback: 0.36123
Received=	-0.23598
Feedback: 0.48049
Received=	-0.55856
Feedback: 0.66727
Received=	-0.42069
Feedback: 0.58744
Received=	-0.32093
Feedback: 0.52967
Received=	-0.23301
Feedback: 0.47877
Received=	-0.20285
Feedback: 0.46131
Received=	-0.39145
Feedback: 0.57051
Received=	-0.56238
Feedback: 0.66948
Received=	-0.69725
Feedback: 0.74757
Received=	-0.46679
Feedback: 0.61413
Received=	-0.31844
Feedback: 0.52823
Received=	-0.061088
Feedback: 0.37923
Received=	-0.21336
Feedback: 0.46739
Received=	-0.47318
Feedback: 0.61783
Received=	-0.3454
Feedback: 0.54384
Received=	-0.37853
Feedback: 0.56303
Received=	-0.31704
Feedback: 0.52742
Received=	0.11893
Feedback: 0.275
Received=	0.071954
Feedback: 0.3022
Received=	-0.2571
Feedback: 0.49272
Received=	-0.28492
Feedback: 0.50883
Received=	-0.051552
Feedback: 0.37371
Received=	-0.16315
Feedback: 0.43832
Received=	-0.26679
Feedback: 0.49833
Received=	0.11514
Feedback: 0.27719
Received=	0.1189
Feedback: 0.27502
Received=	-0.047226
Feedback: 0.3712
Received=	0.065567
Feedback: 0.30589
Received=	0.41334
Feedback: 0.10453
Received=	0.12278
Feedback: 0.27277
Received=	-0.42589
Feedback: 0.59045
Received=	-1.1011
Feedback: 0.9
Received=	-0.89459
Feedback: 0.86183
Received=	-0.57724
Feedback: 0.67808
Received=	-0.30948
Feedback: 0.52305
Received=	-0.25804
Feedback: 0.49326
Received=	-0.15401
Feedback: 0.43303
Received=	-0.37064
Feedback: 0.55846
Received=	-0.36575
Feedback: 0.55563
Received=	-0.44147
Feedback: 0.59947
Received=	-0.21788
Feedback: 0.47001
Received=	-0.24666
Feedback: 0.48668
Received=	-0.22057
Feedback: 0.47157
Received=	0.1331
Feedback: 0.26679
Received=	0.30467
Feedback: 0.16745
Received=	-0.040265
Feedback: 0.36717
Received=	-0.17062
Feedback: 0.44265
Received=	-0.099078
Feedback: 0.40122
Received=	-0.16269
Feedback: 0.43806
Received=	-0.24196
Feedback: 0.48395
Received=	-0.063784
Feedback: 0.38079
Calculated range:	[(-2.000000) - (2.000000)]
Success index = (0.082486)
Received=	-0.29671
=====  11:55:8 - BASE  ============
Feedback: 0.66
Received=	-0.33942
Feedback: 0.66
Received=	-0.20269
Feedback: 0.66
Received=	0.050941
Feedback: 0.66
Received=	0.027816
Feedback: 0.66
Received=	-0.069324
Feedback: 0.66
Received=	-0.031823
Feedback: 0.66
Received=	-0.018308
Feedback: 0.66
Received=	-0.12748
Feedback: 0.66
Received=	-0.15015
Feedback: 0.66
Received=	-0.38261
Feedback: 0.66
Received=	-0.4002
Feedback: 0.66
Received=	-0.10751
Feedback: 0.66
Received=	-0.17853
Feedback: 0.66
Received=	0.037877
Feedback: 0.66
Received=	0.050416
Feedback: 0.66
Received=	-0.22845
Feedback: 0.66
Received=	-0.41166
Feedback: 0.66
Received=	-0.22365
Feedback: 0.66
Received=	-0.099584
Feedback: 0.66
Received=	0.021879
=====  11:56:8 - NF  ============
Feedback: 0.28959
Received=	0.0072878
Feedback: 0.30892
Received=	-0.21862
Feedback: 0.60821
Received=	-0.23703
Feedback: 0.6326
Received=	-0.031445
Feedback: 0.36023
Received=	-0.23511
Feedback: 0.63006
Received=	-0.42973
Feedback: 0.88791
Received=	-0.44991
Feedback: 0.9
Received=	-0.37909
Feedback: 0.82081
Received=	-0.45271
Feedback: 0.9
Received=	-0.34583
Feedback: 0.77675
Received=	0.016732
Feedback: 0.29641
Received=	-0.078136
Feedback: 0.42209
Received=	-0.46748
Feedback: 0.9
Received=	-0.54137
Feedback: 0.9
Received=	-0.43721
Feedback: 0.89782
Received=	-0.15224
Feedback: 0.52027
Received=	-0.48287
Feedback: 0.9
Received=	-0.20089
Feedback: 0.58472
Received=	0.063137
Feedback: 0.23493
Received=	-0.17783
Feedback: 0.55418
Received=	-0.091378
Feedback: 0.43964
Received=	-0.21198
Feedback: 0.59942
Received=	-0.56697
Feedback: 0.9
Received=	-0.42374
Feedback: 0.87998
Received=	0.14226
Feedback: 0.1301
Received=	0.20555
Feedback: 0.1
Received=	-0.19418
Feedback: 0.57584
Received=	-0.27813
Feedback: 0.68706
Received=	0.24892
Feedback: 0.1
Received=	0.52594
Feedback: 0.1
Received=	0.15603
Feedback: 0.11185
Received=	-0.5082
Feedback: 0.9
Received=	-0.48184
Feedback: 0.9
Received=	-0.23263
Feedback: 0.62677
Received=	-0.39552
Feedback: 0.84259
Received=	-0.43085
Feedback: 0.88939
Received=	-0.50829
Feedback: 0.9
Received=	-0.65826
Feedback: 0.9
Received=	-0.44272
Feedback: 0.9
Received=	-0.22351
Feedback: 0.61469
Received=	-0.2906
Feedback: 0.70357
Received=	-0.38125
Feedback: 0.82368
Received=	-0.1613
Feedback: 0.53228
Received=	-0.11439
Feedback: 0.47013
Received=	-0.29192
Feedback: 0.70533
Received=	-0.48005
Feedback: 0.9
Received=	0.077278
Feedback: 0.21619
Received=	0.12657
Feedback: 0.15088
Received=	0.029787
Feedback: 0.27911
Received=	-0.090729
Feedback: 0.43878
Received=	-0.25588
Feedback: 0.65758
Received=	-0.25992
Feedback: 0.66293
Received=	-0.17297
Feedback: 0.54773
Received=	-0.12606
Feedback: 0.48558
Received=	-0.013569
Feedback: 0.33655
Received=	0.038318
Feedback: 0.26781
Received=	-0.3463
Feedback: 0.77738
Received=	-0.42143
Feedback: 0.87691
Received=	-0.19347
Feedback: 0.57489
Calculated range:	[(-2.000000) - (2.000000)]
Success index = (-0.359128)
closing...
