Direction=-1.000000	; step=1.000000;
Received=	0
Feedback: 0.66
Received=	0
Feedback: 0.66
Received=	0
Feedback: 0.66
Received=	0.27523
Feedback: 0.66
Received=	0.28131
Feedback: 0.66
Received=	-0.041382
Feedback: 0.66
Received=	-0.088151
Feedback: 0.66
Received=	0.27042
Feedback: 0.66
Received=	0.53931
Feedback: 0.66
Received=	0.39566
Feedback: 0.66
Received=	0.041322
Feedback: 0.66
Received=	-0.13581
Feedback: 0.66
Received=	0.10986
Feedback: 0.66
Received=	0.15963
Feedback: 0.66
Received=	-0.1032
Feedback: 0.66
Received=	-0.22187
Feedback: 0.66
Received=	-0.25979
Feedback: 0.66
Received=	-0.047372
Feedback: 0.66
Received=	0.78943
Feedback: 0.66
Received=	0.90179
Feedback: 0.66
Received=	0.5704
=====  12:23:25 - NF  ============
Feedback: 0.25087
Received=	0.80196
Feedback: 0.11057
Received=	0.39743
Feedback: 0.35568
Received=	0.023779
Feedback: 0.58208
Received=	-0.034726
Feedback: 0.61753
Received=	-0.036554
Feedback: 0.61864
Received=	-0.11682
Feedback: 0.66727
Received=	-0.19288
Feedback: 0.71336
Received=	-0.80704
Feedback: 0.9
Received=	-0.7398
Feedback: 0.9
Received=	-0.52162
Feedback: 0.9
Received=	-0.35239
Feedback: 0.81001
Received=	0.18524
Feedback: 0.48425
Received=	-0.11127
Feedback: 0.66391
Received=	-0.050502
Feedback: 0.62709
Received=	-0.40477
Feedback: 0.84174
Received=	-0.61332
Feedback: 0.9
Received=	-0.54562
Feedback: 0.9
Received=	0.44063
Feedback: 0.32951
Received=	0.47912
Feedback: 0.30618
Received=	0.01098
Feedback: 0.58984
Received=	-0.15676
Feedback: 0.69147
Received=	-0.038508
Feedback: 0.61982
Received=	0.14284
Feedback: 0.50994
Received=	0.17585
Feedback: 0.48994
Received=	0.048782
Feedback: 0.56693
Received=	-0.49261
Feedback: 0.89497
Received=	-0.78675
Feedback: 0.9
Received=	-0.56921
Feedback: 0.9
Received=	-0.51748
Feedback: 0.9
Received=	-0.43797
Feedback: 0.86186
Received=	-0.20063
Feedback: 0.71805
Received=	-0.10344
Feedback: 0.65916
Received=	-0.092719
Feedback: 0.65267
Received=	-0.13208
Feedback: 0.67652
Received=	0.28297
Feedback: 0.42503
Received=	-0.1003
Feedback: 0.65726
Received=	0.44315
Feedback: 0.32798
Received=	-0.47153
Feedback: 0.8822
Received=	-0.66512
Feedback: 0.9
Received=	-0.1585
Feedback: 0.69252
Received=	-0.19515
Feedback: 0.71474
Received=	0.2498
Feedback: 0.44513
Received=	0.28001
Feedback: 0.42682
Received=	0.54194
Feedback: 0.26811
Received=	0.14005
Feedback: 0.51163
Received=	0.13586
Feedback: 0.51417
Received=	0.4085
Feedback: 0.34897
Received=	0.62341
Feedback: 0.21875
Received=	0.27895
Feedback: 0.42747
Received=	0.16189
Feedback: 0.4984
Received=	-0.073367
Feedback: 0.64094
Received=	0.55716
Feedback: 0.2589
Received=	0.82875
Feedback: 0.1
Received=	0.78825
Feedback: 0.11888
Received=	0.3488
Feedback: 0.38515
Received=	0.069374
Feedback: 0.55445
Received=	0.14265
Feedback: 0.51006
Received=	0.9543
Feedback: 0.1
Received=	1.6052
Feedback: 0.1
Calculated range:	[(-2.000000) - (2.000000)]
Success index = (-0.271080)
Received=	0.93146
=====  12:26:25 - BASE  ============
Feedback: 0.66
Received=	1.0374
Feedback: 0.66
Received=	0.24046
Feedback: 0.66
Received=	0.49584
Feedback: 0.66
Received=	-0.043075
Feedback: 0.66
Received=	-0.19446
Feedback: 0.66
Received=	-0.0052207
Feedback: 0.66
Received=	0.74343
Feedback: 0.66
Received=	1.198
Feedback: 0.66
Received=	0.77604
Feedback: 0.66
Received=	0.20605
Feedback: 0.66
Received=	-0.47596
Feedback: 0.66
Received=	-0.62369
Feedback: 0.66
Received=	0.36987
Feedback: 0.66
Received=	0.5221
Feedback: 0.66
Received=	0.44766
Feedback: 0.66
Received=	0.49877
Feedback: 0.66
Received=	0.41097
Feedback: 0.66
Received=	0.96158
Feedback: 0.66
Received=	0.40168
Feedback: 0.66
Received=	0.766
=====  12:27:25 - NF  ============
Feedback: 0.31413
Received=	0.74106
Feedback: 0.32475
Received=	0.40793
Feedback: 0.46659
Received=	-0.13784
Feedback: 0.69895
Received=	-0.44657
Feedback: 0.8304
Received=	0.17402
Feedback: 0.56618
Received=	0.54736
Feedback: 0.40722
Received=	0.13401
Feedback: 0.58321
Received=	-0.36919
Feedback: 0.79745
Received=	0.071095
Feedback: 0.61
Received=	0.91983
Feedback: 0.24864
Received=	0.95821
Feedback: 0.2323
Received=	0.68906
Feedback: 0.34689
Received=	0.26396
Feedback: 0.52788
Received=	0.72864
Feedback: 0.33004
Received=	1.0512
Feedback: 0.19272
Received=	1.3441
Feedback: 0.1
Received=	1.0479
Feedback: 0.19411
Received=	1.1877
Feedback: 0.1346
Received=	0.85239
Feedback: 0.27735
Received=	0.0597
Feedback: 0.61485
Received=	-0.41247
Feedback: 0.81588
Received=	-0.25264
Feedback: 0.74783
Received=	0.63853
Feedback: 0.36841
Received=	1.1249
Feedback: 0.16135
Received=	0.033495
Feedback: 0.626
Received=	0.11797
Feedback: 0.59004
Received=	0.61726
Feedback: 0.37746
Received=	0.94197
Feedback: 0.23921
Received=	0.53024
Feedback: 0.41451
Received=	0.27129
Feedback: 0.52476
Received=	0.57594
Feedback: 0.39505
Received=	0.86732
Feedback: 0.271
Received=	1.0765
Feedback: 0.18192
Received=	0.92706
Feedback: 0.24556
Received=	-0.016316
Feedback: 0.64721
Received=	0.6044
Feedback: 0.38294
Received=	0.22899
Feedback: 0.54277
Received=	0.21102
Feedback: 0.55042
Received=	1.2815
Feedback: 0.1
Received=	1.7865
Feedback: 0.1
Received=	0.7353
Feedback: 0.3272
Received=	0.37124
Feedback: 0.48221
Received=	0.58755
Feedback: 0.39011
Received=	0.1229
Feedback: 0.58794
Received=	0.63317
Feedback: 0.37069
Received=	0.98998
Feedback: 0.21878
Received=	0.4434
Feedback: 0.45149
Received=	0.44966
Feedback: 0.44882
Received=	0.43719
Feedback: 0.45413
Received=	1.2839
Feedback: 0.1
Received=	1.435
Feedback: 0.1
Received=	0.21429
Feedback: 0.54903
Received=	0.079516
Feedback: 0.60641
Received=	0.44936
Feedback: 0.44895
Received=	0.7156
Feedback: 0.33559
Received=	0.66936
Feedback: 0.35528
Received=	1.4063
Feedback: 0.1
Received=	1.4742
Feedback: 0.1
Received=	0.20774
Feedback: 0.55182
Calculated range:	[(-2.000000) - (2.000000)]
Success index = (0.508829)
Received=	0.71467
=====  12:30:25 - BASE  ============
Feedback: 0.66
Received=	1.332
Feedback: 0.66
Received=	0.21113
Feedback: 0.66
Received=	-0.22427
Feedback: 0.66
Received=	1.1489
Feedback: 0.66
Received=	1.1368
Feedback: 0.66
Received=	0.79872
Feedback: 0.66
Received=	1.1975
Feedback: 0.66
Received=	0.54692
Feedback: 0.66
Received=	-0.59414
Feedback: 0.66
Received=	-0.28418
Feedback: 0.66
Received=	0.98508
Feedback: 0.66
Received=	0.92559
Feedback: 0.66
Received=	0.46767
Feedback: 0.66
Received=	0.22256
Feedback: 0.66
Received=	0.32234
Feedback: 0.66
Received=	0.88737
Feedback: 0.66
Received=	1.4968
Feedback: 0.66
Received=	0.37889
Feedback: 0.66
Received=	-0.058903
Feedback: 0.66
Received=	0.33534
=====  12:31:25 - NF  ============
Feedback: 0.5671
Received=	0.8714
Feedback: 0.38361
Received=	-0.10653
Feedback: 0.71836
Received=	0.089541
Feedback: 0.65124
Received=	0.05465
Feedback: 0.66318
Received=	-0.30705
Feedback: 0.78699
Received=	-0.14937
Feedback: 0.73302
Received=	0.20811
Feedback: 0.61065
Received=	0.66612
Feedback: 0.45388
Received=	0.94679
Feedback: 0.35781
Received=	0.80731
Feedback: 0.40555
Received=	0.45032
Feedback: 0.52775
Received=	0.41359
Feedback: 0.54032
Received=	0.79465
Feedback: 0.40988
Received=	0.94149
Feedback: 0.35962
Received=	0.52377
Feedback: 0.50261
Received=	1.052
Feedback: 0.3218
Received=	0.66938
Feedback: 0.45276
Received=	-0.036856
Feedback: 0.69451
Received=	0.063746
Feedback: 0.66007
Received=	0.62257
Feedback: 0.46878
Received=	0.50098
Feedback: 0.5104
Received=	0.37974
Feedback: 0.55191
Received=	-0.053423
Feedback: 0.70018
Received=	0.43042
Feedback: 0.53456
Received=	0.02109
Feedback: 0.67467
Received=	-0.048826
Feedback: 0.6986
Received=	0.61914
Feedback: 0.46996
Received=	1.1223
Feedback: 0.29772
Received=	0.35375
Feedback: 0.5608
Received=	-0.17386
Feedback: 0.7414
Received=	0.30998
Feedback: 0.57578
Received=	0.87299
Feedback: 0.38307
Received=	1.1096
Feedback: 0.30207
Received=	0.85034
Feedback: 0.39082
Received=	0.90024
Feedback: 0.37374
Received=	0.61639
Feedback: 0.4709
Received=	0.59591
Feedback: 0.47791
Received=	0.72933
Feedback: 0.43224
Received=	1.1009
Feedback: 0.30507
Received=	0.84971
Feedback: 0.39104
Received=	-0.05076
Feedback: 0.69926
Received=	0.34138
Feedback: 0.56504
Received=	0.83413
Feedback: 0.39637
Received=	1.2494
Feedback: 0.25422
Received=	1.2566
Feedback: 0.25175
Received=	0.42323
Feedback: 0.53702
Received=	0.5617
Feedback: 0.48962
Received=	1.0242
Feedback: 0.33129
Received=	0.41115
Feedback: 0.54116
Received=	1.0696
Feedback: 0.31577
Received=	1.2147
Feedback: 0.26612
Received=	1.7306
Feedback: 0.1
Received=	0.9874
Feedback: 0.3439
Received=	0.14218
Feedback: 0.63322
Received=	-0.21863
Feedback: 0.75673
Received=	0.3945
Feedback: 0.54685
Received=	0.36117
Feedback: 0.55826
Received=	0.46754
Feedback: 0.52185
Received=	0.67691
Feedback: 0.45019
Calculated range:	[(-2.000000) - (2.000000)]
Success index = (0.034688)
Received=	0.814
=====  12:34:25 - BASE  ============
Feedback: 0.66
Received=	1.1563
Feedback: 0.66
Received=	0.48519
Feedback: 0.66
Received=	-0.57827
Feedback: 0.66
Received=	0.027869
Feedback: 0.66
Received=	0.15678
Feedback: 0.66
Received=	0.88949
Feedback: 0.66
Received=	0.84124
Feedback: 0.66
Received=	0.73241
Feedback: 0.66
Received=	1.1402
Feedback: 0.66
Received=	0.75567
Feedback: 0.66
Received=	0.15483
Feedback: 0.66
Received=	0.41363
Feedback: 0.66
Received=	0.62834
Feedback: 0.66
Received=	1.2002
Feedback: 0.66
Received=	2.3139
Feedback: 0.66
Received=	2.104
Feedback: 0.66
Received=	1.675
Feedback: 0.66
Received=	0.84782
Feedback: 0.66
Received=	0.98007
Feedback: 0.66
Received=	1.2423
=====  12:35:25 - NF  ============
Feedback: 0.38194
Received=	0.97479
Feedback: 0.45681
Received=	-0.26173
Feedback: 0.80288
Received=	-0.42558
Feedback: 0.84874
Received=	0.38109
Feedback: 0.62297
Received=	1.2277
Feedback: 0.38602
Received=	0.77656
Feedback: 0.51229
Received=	0.75141
Feedback: 0.51933
Received=	0.59488
Feedback: 0.56314
Received=	0.5984
Feedback: 0.56215
Received=	-0.076071
Feedback: 0.75092
Received=	0.5388
Feedback: 0.57883
Received=	1.4611
Feedback: 0.32069
Received=	1.3139
Feedback: 0.36189
Received=	0.84063
Feedback: 0.49435
Received=	0.88373
Feedback: 0.48229
Received=	0.87663
Feedback: 0.48428
Received=	0.86805
Feedback: 0.48668
Received=	0.37447
Feedback: 0.62483
Received=	0.089935
Feedback: 0.70446
Received=	-0.025589
Feedback: 0.73679
Received=	0.37252
Feedback: 0.62537
Received=	-0.15862
Feedback: 0.77403
Received=	-0.019053
Feedback: 0.73496
Received=	0.5392
Feedback: 0.57872
Received=	1.2215
Feedback: 0.38775
Received=	0.85998
Feedback: 0.48894
Received=	0.31135
Feedback: 0.64249
Received=	0.41538
Feedback: 0.61337
Received=	0.50441
Feedback: 0.58846
Received=	0.62718
Feedback: 0.5541
Received=	0.69961
Feedback: 0.53383
Received=	1.0369
Feedback: 0.43942
Received=	0.59848
Feedback: 0.56213
Received=	-0.37376
Feedback: 0.83424
Received=	-0.94348
Feedback: 0.9
Received=	0.36712
Feedback: 0.62688
Received=	0.44205
Feedback: 0.60591
Received=	0.31699
Feedback: 0.64091
Received=	0.024543
Feedback: 0.72276
Received=	0.061654
Feedback: 0.71238
Received=	0.88343
Feedback: 0.48238
Received=	0.77275
Feedback: 0.51335
Received=	0.047738
Feedback: 0.71627
Received=	-0.014669
Feedback: 0.73374
Received=	-0.089025
Feedback: 0.75455
Received=	0.21054
Feedback: 0.67071
Received=	0.27692
Feedback: 0.65213
Received=	0.26054
Feedback: 0.65671
Received=	0.03663
Feedback: 0.71938
Received=	0.045439
Feedback: 0.71691
Received=	0.076859
Feedback: 0.70812
Received=	0.014371
Feedback: 0.72561
Received=	-0.27857
Feedback: 0.8076
Received=	-0.46287
Feedback: 0.85918
Received=	0.061043
Feedback: 0.71255
Received=	0.4155
Feedback: 0.61334
Received=	-0.049683
Feedback: 0.74354
Received=	-0.51237
Feedback: 0.87304
Received=	-0.34344
Feedback: 0.82575
Calculated range:	[(-2.000000) - (2.000000)]
Success index = (-0.833825)
Received=	-0.20114
=====  12:38:25 - BASE  ============
Feedback: 0.66
Received=	0.19787
Feedback: 0.66
Received=	0.2904
Feedback: 0.66
Received=	0.47023
Feedback: 0.66
Received=	0.39055
Feedback: 0.66
Received=	0.4396
Feedback: 0.66
Received=	0.71611
Feedback: 0.66
Received=	0.50447
Feedback: 0.66
Received=	-0.0067309
Feedback: 0.66
Received=	0.37005
Feedback: 0.66
Received=	0.28212
Feedback: 0.66
Received=	0.1648
Feedback: 0.66
Received=	0.26683
Feedback: 0.66
Received=	-0.034149
Feedback: 0.66
Received=	-0.081898
Feedback: 0.66
Received=	0.15347
Feedback: 0.66
Received=	0.43171
Feedback: 0.66
Received=	0.49688
Feedback: 0.66
Received=	0.44737
Feedback: 0.66
Received=	0.13937
Feedback: 0.66
Received=	0.72174
=====  12:39:25 - NF  ============
Feedback: 0.10656
Received=	0.38719
Feedback: 0.42037
Received=	-0.30581
Feedback: 0.9
Received=	-0.25893
Feedback: 0.9
Received=	-0.25843
Feedback: 0.9
Received=	0.15176
Feedback: 0.64119
Received=	1.0245
Feedback: 0.1
Received=	1.3824
Feedback: 0.1
Received=	0.51285
Feedback: 0.3025
Received=	0.34748
Feedback: 0.45761
Received=	0.8766
Feedback: 0.1
Received=	0.59891
Feedback: 0.22178
Received=	0.90955
Feedback: 0.1
Received=	0.32147
Feedback: 0.48201
Received=	-0.24376
Feedback: 0.9
Received=	-0.23925
Feedback: 0.9
Received=	-0.028623
Feedback: 0.81038
Received=	0.53185
Feedback: 0.28468
Received=	0.1637
Feedback: 0.62999
Received=	-0.25438
Feedback: 0.9
Received=	-0.17912
Feedback: 0.9
Received=	-0.41705
Feedback: 0.9
Received=	-0.097496
Feedback: 0.87499
Received=	0.52217
Feedback: 0.29376
Received=	0.6288
Feedback: 0.19374
Received=	0.31033
Feedback: 0.49245
Received=	-0.29977
Feedback: 0.9
Received=	-0.2369
Feedback: 0.9
Received=	-0.044468
Feedback: 0.82525
Received=	0.43772
Feedback: 0.37297
Received=	0.831
Feedback: 0.1
Received=	0.093327
Feedback: 0.696
Received=	0.015522
Feedback: 0.76898
Received=	-0.57604
Feedback: 0.9
Received=	-0.45397
Feedback: 0.9
Received=	0.016677
Feedback: 0.7679
Received=	-0.21488
Feedback: 0.9
Received=	-0.47201
Feedback: 0.9
Received=	0.56713
Feedback: 0.25159
Received=	1.2441
Feedback: 0.1
Received=	0.69071
Feedback: 0.13567
Received=	0.5546
Feedback: 0.26334
Received=	0.3457
Feedback: 0.45928
Received=	0.59609
Feedback: 0.22442
Received=	0.56137
Feedback: 0.25699
Received=	-0.019149
Feedback: 0.8015
Received=	0.34254
Feedback: 0.46225
Received=	0.5919
Feedback: 0.22836
Received=	0.91741
Feedback: 0.1
Received=	0.66547
Feedback: 0.15935
Received=	0.13549
Feedback: 0.65646
Received=	0.85971
Feedback: 0.1
Received=	1.1645
Feedback: 0.1
Received=	0.20232
Feedback: 0.59377
Received=	0.039853
Feedback: 0.74616
Received=	0.91415
Feedback: 0.1
Received=	0.85251
Feedback: 0.1
Received=	0.62747
Feedback: 0.19499
Received=	-0.1308
Feedback: 0.9
Received=	-0.49775
Feedback: 0.9
Calculated range:	[(-2.000000) - (2.000000)]
Success index = (-0.027676)
closing...
