Direction=-1.000000	; step=1.000000;
Received=	0
Feedback: 0.66
Received=	0
Feedback: 0.66
Received=	0
Feedback: 0.66
Received=	0.041502
Feedback: 0.66
Received=	-0.078805
Feedback: 0.66
Received=	0.011232
Feedback: 0.66
Received=	0.090588
Feedback: 0.66
Received=	0.21525
Feedback: 0.66
Received=	0.14906
Feedback: 0.66
Received=	0.095898
Feedback: 0.66
Received=	-0.16326
Feedback: 0.66
Received=	-0.23329
Feedback: 0.66
Received=	-0.051145
Feedback: 0.66
Received=	0.0041237
Feedback: 0.66
Received=	-0.12106
Feedback: 0.66
Received=	0.070861
Feedback: 0.66
Received=	0.010822
Feedback: 0.66
Received=	-0.077119
Feedback: 0.66
Received=	-0.14312
Feedback: 0.66
Received=	-0.049529
Feedback: 0.66
Received=	0.046875
=====  12:21:38 - NF  ============
Feedback: 0.39615
Received=	-0.095439
Feedback: 0.64437
Received=	-0.10077
Feedback: 0.65368
Received=	-0.0048879
Feedback: 0.48643
Received=	-0.10116
Feedback: 0.65435
Received=	-0.05038
Feedback: 0.56578
Received=	-0.13094
Feedback: 0.7063
Received=	-0.26213
Feedback: 0.9
Received=	-0.25592
Feedback: 0.9
Received=	-0.16464
Feedback: 0.76507
Received=	-0.13138
Feedback: 0.70707
Received=	-0.21707
Feedback: 0.85652
Received=	0.038719
Feedback: 0.41037
Received=	0.33176
Feedback: 0.1
Received=	0.2392
Feedback: 0.1
Received=	0.35113
Feedback: 0.1
Received=	0.11492
Feedback: 0.27747
Received=	-0.074448
Feedback: 0.60776
Received=	0.11387
Feedback: 0.27929
Received=	0.097196
Feedback: 0.30838
Received=	0.094899
Feedback: 0.31238
Received=	0.13358
Feedback: 0.24491
Received=	-0.05618
Feedback: 0.5759
Received=	-0.23091
Feedback: 0.88067
Received=	-0.051869
Feedback: 0.56838
Received=	0.10064
Feedback: 0.30237
Received=	0.050211
Feedback: 0.39033
Received=	-0.097752
Feedback: 0.64841
Received=	0.054604
Feedback: 0.38267
Received=	0.055797
Feedback: 0.38059
Received=	0.040495
Feedback: 0.40728
Received=	-0.082487
Feedback: 0.62178
Received=	0.014219
Feedback: 0.45311
Received=	-0.066813
Feedback: 0.59445
Received=	-0.095657
Feedback: 0.64476
Received=	-0.14698
Feedback: 0.73427
Received=	-0.18216
Feedback: 0.79564
Received=	-0.20053
Feedback: 0.82767
Received=	-0.048714
Feedback: 0.56288
Received=	0.0066253
Feedback: 0.46635
Received=	-0.082369
Feedback: 0.62158
Received=	0.14034
Feedback: 0.23313
Received=	0.1301
Feedback: 0.25098
Received=	0.03915
Feedback: 0.40962
Received=	0.025752
Feedback: 0.43299
Received=	0.077868
Feedback: 0.34209
Received=	-0.073684
Feedback: 0.60643
Received=	-0.10726
Feedback: 0.665
Received=	-0.031328
Feedback: 0.53255
Received=	0.4117
Feedback: 0.1
Received=	0.31259
Feedback: 0.1
Received=	-0.11949
Feedback: 0.68632
Received=	-0.066714
Feedback: 0.59427
Received=	-0.066744
Feedback: 0.59432
Received=	-0.19001
Feedback: 0.80933
Received=	-0.17675
Feedback: 0.78621
Received=	-0.052078
Feedback: 0.56874
Received=	-0.17995
Feedback: 0.79179
Received=	-0.17018
Feedback: 0.77474
Received=	-0.14973
Feedback: 0.73908
Calculated range:	[(-2.000000) - (2.000000)]
Success index = (-0.062612)
Received=	-0.028177
=====  12:24:38 - BASE  ============
Feedback: 0.66
Received=	0.063856
Feedback: 0.66
Received=	-0.085173
Feedback: 0.66
Received=	-0.21955
Feedback: 0.66
Received=	-0.20255
Feedback: 0.66
Received=	-0.33518
Feedback: 0.66
Received=	-0.42721
Feedback: 0.66
Received=	-0.32798
Feedback: 0.66
Received=	-0.41955
Feedback: 0.66
Received=	-0.14201
Feedback: 0.66
Received=	0.070351
Feedback: 0.66
Received=	0.13311
Feedback: 0.66
Received=	-0.10362
Feedback: 0.66
Received=	0.0090336
Feedback: 0.66
Received=	0.045183
Feedback: 0.66
Received=	0.15734
Feedback: 0.66
Received=	0.2855
Feedback: 0.66
Received=	0.029979
Feedback: 0.66
Received=	-0.32284
Feedback: 0.66
Received=	-0.42307
Feedback: 0.66
Received=	-0.27592
=====  12:25:38 - NF  ============
Feedback: 0.63497
Received=	-0.073991
Feedback: 0.45248
Received=	-0.010861
Feedback: 0.39543
Received=	-0.045354
Feedback: 0.42661
Received=	0.051831
Feedback: 0.33878
Received=	-0.083287
Feedback: 0.46089
Received=	-0.14735
Feedback: 0.51878
Received=	-0.19832
Feedback: 0.56485
Received=	-0.26489
Feedback: 0.625
Received=	-0.06671
Feedback: 0.44591
Received=	-0.059996
Feedback: 0.43984
Received=	0.059294
Feedback: 0.33204
Received=	0.077362
Feedback: 0.31571
Received=	0.16372
Feedback: 0.23767
Received=	0.08885
Feedback: 0.30533
Received=	-0.24797
Feedback: 0.60971
Received=	-0.37542
Feedback: 0.72488
Received=	-0.12066
Feedback: 0.49466
Received=	0.027053
Feedback: 0.36117
Received=	-0.0071842
Feedback: 0.39211
Received=	0.20035
Feedback: 0.20456
Received=	0.14622
Feedback: 0.25348
Received=	-0.088774
Feedback: 0.46584
Received=	-0.0051556
Feedback: 0.39028
Received=	-0.0059114
Feedback: 0.39096
Received=	-0.027631
Feedback: 0.41059
Received=	-0.15236
Feedback: 0.5233
Received=	-0.11157
Feedback: 0.48644
Received=	-0.14921
Feedback: 0.52046
Received=	0.042831
Feedback: 0.34691
Received=	-0.12617
Feedback: 0.49964
Received=	-0.22954
Feedback: 0.59305
Received=	-0.19816
Feedback: 0.5647
Received=	-0.058443
Feedback: 0.43843
Received=	0.11272
Feedback: 0.28376
Received=	0.062795
Feedback: 0.32887
Received=	0.045401
Feedback: 0.34459
Received=	0.062053
Feedback: 0.32954
Received=	-0.21969
Feedback: 0.58415
Received=	-0.18208
Feedback: 0.55017
Received=	0.026509
Feedback: 0.36166
Received=	0.062382
Feedback: 0.32925
Received=	0.0040803
Feedback: 0.38193
Received=	-0.26807
Feedback: 0.62787
Received=	-0.22715
Feedback: 0.5909
Received=	-0.058993
Feedback: 0.43893
Received=	-0.062843
Feedback: 0.44241
Received=	-0.09101
Feedback: 0.46786
Received=	-0.20825
Feedback: 0.57381
Received=	-0.04047
Feedback: 0.42219
Received=	0.00045613
Feedback: 0.38521
Received=	0.025295
Feedback: 0.36276
Received=	-0.10233
Feedback: 0.4781
Received=	-0.068735
Feedback: 0.44774
Received=	-0.12133
Feedback: 0.49526
Received=	-0.085064
Feedback: 0.46249
Received=	-0.17497
Feedback: 0.54374
Received=	-0.14126
Feedback: 0.51327
Received=	-0.19391
Feedback: 0.56085
Received=	-0.20379
Feedback: 0.56979
Calculated range:	[(-2.000000) - (2.000000)]
Success index = (0.375439)
Received=	0.14045
=====  12:28:38 - BASE  ============
Feedback: 0.66
Received=	0.2321
Feedback: 0.66
Received=	0.17295
Feedback: 0.66
Received=	-0.10028
Feedback: 0.66
Received=	-0.13791
Feedback: 0.66
Received=	-0.063186
Feedback: 0.66
Received=	0.25359
Feedback: 0.66
Received=	0.26266
Feedback: 0.66
Received=	-0.42118
Feedback: 0.66
Received=	-0.28108
Feedback: 0.66
Received=	-0.066324
Feedback: 0.66
Received=	-0.016453
Feedback: 0.66
Received=	0.011831
Feedback: 0.66
Received=	-0.04421
Feedback: 0.66
Received=	-0.07769
Feedback: 0.66
Received=	-0.22694
Feedback: 0.66
Received=	-0.23044
Feedback: 0.66
Received=	-0.11617
Feedback: 0.66
Received=	0.10995
Feedback: 0.66
Received=	0.13297
Feedback: 0.66
Received=	-0.19349
=====  12:29:38 - NF  ============
Feedback: 0.65988
Received=	-0.30251
Feedback: 0.77851
Received=	-0.14165
Feedback: 0.60348
Received=	0.084642
Feedback: 0.35725
Received=	-0.093435
Feedback: 0.55101
Received=	-0.073719
Feedback: 0.52956
Received=	-0.10614
Feedback: 0.56484
Received=	-0.029032
Feedback: 0.48094
Received=	0.22915
Feedback: 0.20001
Received=	0.18014
Feedback: 0.25333
Received=	0.065326
Feedback: 0.37827
Received=	-0.058147
Feedback: 0.51262
Received=	-0.29516
Feedback: 0.77051
Received=	0.17311
Feedback: 0.26099
Received=	0.34604
Feedback: 0.1
Received=	0.16462
Feedback: 0.27023
Received=	-0.043031
Feedback: 0.49617
Received=	-0.027954
Feedback: 0.47976
Received=	-0.19213
Feedback: 0.6584
Received=	-0.16222
Feedback: 0.62586
Received=	-0.11848
Feedback: 0.57827
Received=	-0.20337
Feedback: 0.67063
Received=	-0.0055048
Feedback: 0.45534
Received=	0.0060269
Feedback: 0.44279
Received=	-0.063551
Feedback: 0.5185
Received=	-0.10095
Feedback: 0.55919
Received=	0.026118
Feedback: 0.42093
Received=	0.094341
Feedback: 0.3467
Received=	0.10171
Feedback: 0.33867
Received=	-0.019601
Feedback: 0.47067
Received=	-0.28046
Feedback: 0.75451
Received=	-0.28679
Feedback: 0.76141
Received=	-0.3004
Feedback: 0.77621
Received=	-0.13431
Feedback: 0.59549
Received=	-0.099825
Feedback: 0.55797
Received=	-0.038394
Feedback: 0.49112
Received=	0.11241
Feedback: 0.32703
Received=	0.11046
Feedback: 0.32916
Received=	0.069757
Feedback: 0.37344
Received=	0.087611
Feedback: 0.35402
Received=	-0.076722
Feedback: 0.53283
Received=	-0.12386
Feedback: 0.58412
Received=	-0.16541
Feedback: 0.62933
Received=	-0.26066
Feedback: 0.73297
Received=	-0.35757
Feedback: 0.83842
Received=	-0.3685
Feedback: 0.85031
Received=	-0.24221
Feedback: 0.7129
Received=	-0.0472
Feedback: 0.50071
Received=	-0.081328
Feedback: 0.53784
Received=	0.032219
Feedback: 0.41429
Received=	-0.023679
Feedback: 0.47511
Received=	-0.0033378
Feedback: 0.45298
Received=	0.082561
Feedback: 0.35951
Received=	-0.051446
Feedback: 0.50533
Received=	-0.045849
Feedback: 0.49924
Received=	-0.041365
Feedback: 0.49436
Received=	-0.12945
Feedback: 0.59021
Received=	-0.27674
Feedback: 0.75047
Received=	-0.27272
Feedback: 0.7461
Received=	-0.34931
Feedback: 0.82943
Calculated range:	[(-2.000000) - (2.000000)]
Success index = (-0.156101)
Received=	0.04301
=====  12:32:38 - BASE  ============
Feedback: 0.66
Received=	0.25242
Feedback: 0.66
Received=	0.033472
Feedback: 0.66
Received=	-0.1512
Feedback: 0.66
Received=	-0.042442
Feedback: 0.66
Received=	0.023723
Feedback: 0.66
Received=	-0.2316
Feedback: 0.66
Received=	-0.19789
Feedback: 0.66
Received=	0.11913
Feedback: 0.66
Received=	0.082246
Feedback: 0.66
Received=	-0.10946
Feedback: 0.66
Received=	-0.15558
Feedback: 0.66
Received=	-0.096764
Feedback: 0.66
Received=	-0.30262
Feedback: 0.66
Received=	-0.095195
Feedback: 0.66
Received=	-0.062439
Feedback: 0.66
Received=	-0.30076
Feedback: 0.66
Received=	-0.26109
Feedback: 0.66
Received=	-0.45923
Feedback: 0.66
Received=	-0.34473
Feedback: 0.66
Received=	-0.2301
=====  12:33:38 - NF  ============
Feedback: 0.61281
Received=	0.073059
Feedback: 0.2255
Received=	-0.076986
Feedback: 0.41719
Received=	-0.15304
Feedback: 0.51436
Received=	-0.097941
Feedback: 0.44396
Received=	-0.070547
Feedback: 0.40897
Received=	-0.16582
Feedback: 0.53068
Received=	-0.088849
Feedback: 0.43235
Received=	-0.043399
Feedback: 0.37428
Received=	-0.15709
Feedback: 0.51953
Received=	-0.081469
Feedback: 0.42292
Received=	0.16256
Feedback: 0.11116
Received=	-0.185
Feedback: 0.55519
Received=	-0.37516
Feedback: 0.79814
Received=	-0.40536
Feedback: 0.83672
Received=	-0.25062
Feedback: 0.63902
Received=	-0.11305
Feedback: 0.46326
Received=	-0.102
Feedback: 0.44914
Received=	-0.10998
Feedback: 0.45935
Received=	0.041565
Feedback: 0.26573
Received=	0.0023289
Feedback: 0.31586
Received=	-0.036892
Feedback: 0.36597
Received=	-0.13046
Feedback: 0.48551
Received=	-0.23444
Feedback: 0.61836
Received=	-0.17065
Feedback: 0.53685
Received=	-0.084727
Feedback: 0.42708
Received=	-0.027496
Feedback: 0.35396
Received=	-0.092815
Feedback: 0.43741
Received=	-0.075746
Feedback: 0.41561
Received=	-0.010392
Feedback: 0.33211
Received=	-0.22811
Feedback: 0.61026
Received=	-0.40318
Feedback: 0.83394
Received=	-0.40994
Feedback: 0.84256
Received=	-0.33962
Feedback: 0.75273
Received=	-0.22316
Feedback: 0.60394
Received=	-0.090771
Feedback: 0.4348
Received=	-0.25473
Feedback: 0.64428
Received=	-0.23023
Feedback: 0.61298
Received=	-0.35084
Feedback: 0.76706
Received=	-0.42675
Feedback: 0.86405
Received=	-0.38853
Feedback: 0.81521
Received=	-0.37
Feedback: 0.79154
Received=	-0.38808
Feedback: 0.81465
Received=	-0.25436
Feedback: 0.64381
Received=	-0.12739
Feedback: 0.48159
Received=	-0.25251
Feedback: 0.64144
Received=	-0.3339
Feedback: 0.74542
Received=	-0.45862
Feedback: 0.9
Received=	-0.41254
Feedback: 0.8459
Received=	-0.23953
Feedback: 0.62485
Received=	0.14156
Feedback: 0.13798
Received=	0.050356
Feedback: 0.2545
Received=	-0.16766
Feedback: 0.53303
Received=	0.024124
Feedback: 0.28801
Received=	-0.1512
Feedback: 0.512
Received=	-0.1148
Feedback: 0.4655
Received=	-0.1585
Feedback: 0.52134
Received=	-0.19885
Feedback: 0.57288
Received=	-0.38077
Feedback: 0.8053
Received=	-0.37786
Feedback: 0.80159
Calculated range:	[(-2.000000) - (2.000000)]
Success index = (-0.250124)
Received=	-0.28131
=====  12:36:38 - BASE  ============
Feedback: 0.66
Received=	-0.25564
Feedback: 0.66
Received=	-0.21234
Feedback: 0.66
Received=	-0.27669
Feedback: 0.66
Received=	-0.25469
Feedback: 0.66
Received=	-0.26879
Feedback: 0.66
Received=	0.054671
Feedback: 0.66
Received=	-0.1699
Feedback: 0.66
Received=	-0.24074
Feedback: 0.66
Received=	-0.2418
Feedback: 0.66
Received=	-0.42181
Feedback: 0.66
Received=	-0.30206
Feedback: 0.66
Received=	-0.0064175
Feedback: 0.66
Received=	0.061821
Feedback: 0.66
Received=	0.033468
Feedback: 0.66
Received=	0.060032
Feedback: 0.66
Received=	0.058664
Feedback: 0.66
Received=	-0.16973
Feedback: 0.66
Received=	-0.3256
Feedback: 0.66
Received=	-0.22701
Feedback: 0.66
Received=	-0.27852
=====  12:37:38 - NF  ============
Feedback: 0.65233
Received=	-0.16912
Feedback: 0.51374
Received=	-0.11107
Feedback: 0.44019
Received=	-0.28305
Feedback: 0.65807
Received=	-0.35302
Feedback: 0.74672
Received=	-0.19915
Feedback: 0.55178
Received=	-0.18642
Feedback: 0.53566
Received=	-0.27552
Feedback: 0.64853
Received=	-0.22319
Feedback: 0.58224
Received=	-0.071576
Feedback: 0.39016
Received=	-0.055747
Feedback: 0.37011
Received=	-0.33
Feedback: 0.71756
Received=	-0.47986
Feedback: 0.9
Received=	-0.31302
Feedback: 0.69604
Received=	-0.16207
Feedback: 0.50481
Received=	-0.21509
Feedback: 0.57197
Received=	-0.239
Feedback: 0.60227
Received=	-0.098557
Feedback: 0.42435
Received=	-0.011079
Feedback: 0.31352
Received=	-0.049899
Feedback: 0.3627
Received=	-0.18465
Feedback: 0.53341
Received=	-0.28997
Feedback: 0.66684
Received=	-0.13605
Feedback: 0.47184
Received=	-0.13957
Feedback: 0.4763
Received=	-0.28511
Feedback: 0.66069
Received=	-0.25539
Feedback: 0.62304
Received=	-0.2077
Feedback: 0.56262
Received=	-0.37457
Feedback: 0.77403
Received=	-0.32213
Feedback: 0.70759
Received=	-0.25339
Feedback: 0.6205
Received=	-0.25553
Feedback: 0.62321
Received=	-0.0072389
Feedback: 0.30866
Received=	-0.018797
Feedback: 0.3233
Received=	-0.14239
Feedback: 0.47987
Received=	-0.29434
Feedback: 0.67238
Received=	-0.35173
Feedback: 0.74509
Received=	-0.39707
Feedback: 0.80252
Received=	-0.24308
Feedback: 0.60744
Received=	-0.023737
Feedback: 0.32956
Received=	-0.28927
Feedback: 0.66595
Received=	-0.48825
Feedback: 0.9
Received=	-0.16397
Feedback: 0.50722
Received=	-0.11339
Feedback: 0.44314
Received=	-0.3407
Feedback: 0.73111
Received=	-0.20603
Feedback: 0.56051
Received=	-0.22425
Feedback: 0.58359
Received=	-0.2171
Feedback: 0.57453
Received=	-0.2709
Feedback: 0.64269
Received=	-0.47863
Feedback: 0.9
Received=	-0.5728
Feedback: 0.9
Received=	-0.61523
Feedback: 0.9
Received=	-0.48761
Feedback: 0.9
Received=	-0.26292
Feedback: 0.63257
Received=	-0.049724
Feedback: 0.36248
Received=	-0.14796
Feedback: 0.48693
Received=	-0.23376
Feedback: 0.59563
Received=	-0.33453
Feedback: 0.7233
Received=	-0.15493
Feedback: 0.49576
Received=	-0.28266
Feedback: 0.65759
Received=	-0.2688
Feedback: 0.64002
Calculated range:	[(-2.000000) - (2.000000)]
Success index = (-0.592518)
closing...
