Direction=-1.000000	; step=1.000000;
Received=	0
Feedback: 0.66
Received=	0
Feedback: 0.66
Received=	0
Feedback: 0.66
Received=	-0.38556
Feedback: 0.66
Received=	-0.16409
Feedback: 0.66
Received=	-0.19128
Feedback: 0.66
Received=	-0.44334
Feedback: 0.66
Received=	-0.44204
Feedback: 0.66
Received=	-0.1383
Feedback: 0.66
Received=	0.01267
Feedback: 0.66
Received=	-0.061567
Feedback: 0.66
Received=	-0.11752
Feedback: 0.66
Received=	-0.046176
Feedback: 0.66
Received=	0.0051043
Feedback: 0.66
Received=	-0.0052533
Feedback: 0.66
Received=	-0.30813
Feedback: 0.66
Received=	-0.49639
Feedback: 0.66
Received=	-0.37334
Feedback: 0.66
Received=	-0.18578
Feedback: 0.66
Received=	-0.42393
Feedback: 0.66
Received=	-0.16526
=====  16:2:53 - NF  ============
Feedback: 0.45121
Received=	-0.046784
Feedback: 0.31956
Received=	-0.064673
Feedback: 0.33944
Received=	-0.070049
Feedback: 0.34541
Received=	0.032243
Feedback: 0.23174
Received=	-0.136
Feedback: 0.4187
Received=	-0.0055988
Feedback: 0.27379
Received=	0.06961
Feedback: 0.19022
Received=	-0.058526
Feedback: 0.33261
Received=	-0.24329
Feedback: 0.53792
Received=	-0.066318
Feedback: 0.34127
Received=	0.057166
Feedback: 0.20405
Received=	-0.24155
Feedback: 0.53599
Received=	-0.34697
Feedback: 0.65314
Received=	-0.38857
Feedback: 0.69936
Received=	-0.23237
Feedback: 0.52579
Received=	0.16715
Feedback: 0.1
Received=	0.11086
Feedback: 0.14438
Received=	0.0047916
Feedback: 0.26225
Received=	0.18493
Feedback: 0.1
Received=	0.19406
Feedback: 0.1
Received=	-0.05201
Feedback: 0.32537
Received=	-0.21684
Feedback: 0.50853
Received=	-0.037729
Feedback: 0.3095
Received=	-0.050196
Feedback: 0.32335
Received=	0.034112
Feedback: 0.22967
Received=	-0.020472
Feedback: 0.29032
Received=	-0.18905
Feedback: 0.47765
Received=	0.010604
Feedback: 0.25579
Received=	-0.25812
Feedback: 0.5544
Received=	-0.36207
Feedback: 0.66992
Received=	-0.086596
Feedback: 0.3638
Received=	-0.15011
Feedback: 0.43437
Received=	-0.20636
Feedback: 0.49688
Received=	-0.19288
Feedback: 0.48191
Received=	-0.043974
Feedback: 0.31644
Received=	-0.083778
Feedback: 0.36067
Received=	-0.1833
Feedback: 0.47126
Received=	-0.2611
Feedback: 0.55772
Received=	0.14818
Feedback: 0.10291
Received=	-0.023059
Feedback: 0.29319
Received=	-0.1324
Feedback: 0.4147
Received=	-0.38433
Feedback: 0.69465
Received=	-0.29198
Feedback: 0.59202
Received=	-0.23275
Feedback: 0.52621
Received=	-0.1888
Feedback: 0.47737
Received=	-0.33858
Feedback: 0.64381
Received=	-0.12709
Feedback: 0.40879
Received=	-0.15542
Feedback: 0.44028
Received=	-0.27699
Feedback: 0.57537
Received=	-0.27818
Feedback: 0.57669
Received=	-0.17229
Feedback: 0.45902
Received=	0.1461
Feedback: 0.10521
Received=	0.19316
Feedback: 0.1
Received=	-0.0082592
Feedback: 0.27675
Received=	-0.072915
Feedback: 0.3486
Received=	-0.17115
Feedback: 0.45776
Received=	0.20824
Feedback: 0.1
Received=	0.070518
Feedback: 0.18921
Received=	-0.045811
Feedback: 0.31848
Calculated range:	[(-2.000000) - (2.000000)]
Success index = (0.703596)
Received=	0.038881
=====  16:5:53 - BASE  ============
Feedback: 0.66
Received=	0.35419
Feedback: 0.66
Received=	0.76594
Feedback: 0.66
Received=	0.54339
Feedback: 0.66
Received=	0.44516
Feedback: 0.66
Received=	0.032313
Feedback: 0.66
Received=	-0.16565
Feedback: 0.66
Received=	0.052405
Feedback: 0.66
Received=	0.18489
Feedback: 0.66
Received=	0.22485
Feedback: 0.66
Received=	0.043263
Feedback: 0.66
Received=	-0.10185
Feedback: 0.66
Received=	0.40108
Feedback: 0.66
Received=	0.43306
Feedback: 0.66
Received=	-0.093426
Feedback: 0.66
Received=	0.0028646
Feedback: 0.66
Received=	0.17332
Feedback: 0.66
Received=	0.16253
Feedback: 0.66
Received=	-0.083633
Feedback: 0.66
Received=	0.09676
Feedback: 0.66
Received=	0.38939
=====  16:6:53 - NF  ============
Feedback: 0.32989
Received=	0.28127
Feedback: 0.41496
Received=	0.33264
Feedback: 0.37454
Received=	0.38547
Feedback: 0.33297
Received=	0.24645
Feedback: 0.44235
Received=	0.036807
Feedback: 0.6073
Received=	0.018983
Feedback: 0.62132
Received=	-0.19511
Feedback: 0.78978
Received=	-0.15708
Feedback: 0.75985
Received=	-0.088149
Feedback: 0.70562
Received=	-0.43109
Feedback: 0.9
Received=	-0.26989
Feedback: 0.84861
Received=	0.099681
Feedback: 0.55783
Received=	0.18417
Feedback: 0.49136
Received=	-0.049154
Feedback: 0.67494
Received=	-0.19937
Feedback: 0.79313
Received=	-0.26206
Feedback: 0.84246
Received=	-0.012896
Feedback: 0.64641
Received=	0.065289
Feedback: 0.58489
Received=	-0.093376
Feedback: 0.70973
Received=	-0.24099
Feedback: 0.82587
Received=	-0.22161
Feedback: 0.81062
Received=	-0.00020474
Feedback: 0.63642
Received=	0.59481
Feedback: 0.16826
Received=	0.48505
Feedback: 0.25462
Received=	0.047284
Feedback: 0.59906
Received=	-0.033245
Feedback: 0.66242
Received=	0.0068018
Feedback: 0.63091
Received=	-0.03718
Feedback: 0.66551
Received=	0.047911
Feedback: 0.59856
Received=	-0.11149
Feedback: 0.72398
Received=	-0.058657
Feedback: 0.68241
Received=	-0.079277
Feedback: 0.69864
Received=	0.23335
Feedback: 0.45266
Received=	0.53441
Feedback: 0.21578
Received=	0.7826
Feedback: 0.1
Received=	1.2225
Feedback: 0.1
Received=	0.6309
Feedback: 0.13986
Received=	-0.30892
Feedback: 0.87932
Received=	-0.44027
Feedback: 0.9
Received=	-0.18204
Feedback: 0.77949
Received=	-0.14095
Feedback: 0.74716
Received=	-0.20011
Feedback: 0.79371
Received=	-0.18194
Feedback: 0.77941
Received=	0.36061
Feedback: 0.35253
Received=	0.84893
Feedback: 0.1
Received=	0.70713
Feedback: 0.1
Received=	0.51929
Feedback: 0.22768
Received=	0.19751
Feedback: 0.48086
Received=	-0.12202
Feedback: 0.73227
Received=	-0.085388
Feedback: 0.70344
Received=	-0.13956
Feedback: 0.74607
Received=	-0.081459
Feedback: 0.70035
Received=	0.07248
Feedback: 0.57923
Received=	0.15844
Feedback: 0.51159
Received=	0.19767
Feedback: 0.48073
Received=	0.21705
Feedback: 0.46548
Received=	0.10234
Feedback: 0.55574
Received=	0.18249
Feedback: 0.49267
Received=	-0.055778
Feedback: 0.68015
Calculated range:	[(-2.000000) - (2.000000)]
Success index = (-0.250604)
Received=	0.13371
=====  16:9:53 - BASE  ============
Feedback: 0.66
Received=	0.45891
Feedback: 0.66
Received=	0.76676
Feedback: 0.66
Received=	0.65419
Feedback: 0.66
Received=	0.23903
Feedback: 0.66
Received=	0.64546
Feedback: 0.66
Received=	0.80423
Feedback: 0.66
Received=	0.45902
Feedback: 0.66
Received=	0.59547
Feedback: 0.66
Received=	0.57865
Feedback: 0.66
Received=	0.43977
Feedback: 0.66
Received=	0.48409
Feedback: 0.66
Received=	-0.080974
Feedback: 0.66
Received=	-0.083033
Feedback: 0.66
Received=	-0.0060432
Feedback: 0.66
Received=	-0.21562
Feedback: 0.66
Received=	-0.11935
Feedback: 0.66
Received=	-0.076724
Feedback: 0.66
Received=	-0.089592
Feedback: 0.66
Received=	-0.20207
Feedback: 0.66
Received=	0.081619
=====  16:10:53 - NF  ============
Feedback: 0.60005
Received=	0.32288
Feedback: 0.46934
Received=	0.15688
Feedback: 0.55927
Received=	0.10933
Feedback: 0.58504
Received=	0.15053
Feedback: 0.56271
Received=	-0.091308
Feedback: 0.69373
Received=	-0.056185
Feedback: 0.67471
Received=	0.18423
Feedback: 0.54446
Received=	0.38591
Feedback: 0.43519
Received=	0.68687
Feedback: 0.27215
Received=	0.18025
Feedback: 0.54662
Received=	-0.4355
Feedback: 0.8802
Received=	-0.066193
Feedback: 0.68013
Received=	0.1258
Feedback: 0.57611
Received=	0.15899
Feedback: 0.55813
Received=	-0.14533
Feedback: 0.723
Received=	-0.27696
Feedback: 0.79431
Received=	0.004164
Feedback: 0.64201
Received=	0.37369
Feedback: 0.44182
Received=	0.67038
Feedback: 0.28108
Received=	0.54284
Feedback: 0.35018
Received=	0.20544
Feedback: 0.53297
Received=	0.36854
Feedback: 0.44461
Received=	0.018285
Feedback: 0.63436
Received=	-0.14561
Feedback: 0.72315
Received=	0.11192
Feedback: 0.58363
Received=	0.29915
Feedback: 0.4822
Received=	0.56381
Feedback: 0.33882
Received=	0.25296
Feedback: 0.50722
Received=	-0.11098
Feedback: 0.70439
Received=	-0.016937
Feedback: 0.65344
Received=	0.069101
Feedback: 0.60683
Received=	0.24617
Feedback: 0.5109
Received=	0.038694
Feedback: 0.6233
Received=	0.18658
Feedback: 0.54319
Received=	0.11435
Feedback: 0.58231
Received=	-0.063961
Feedback: 0.67892
Received=	0.018356
Feedback: 0.63432
Received=	0.069911
Feedback: 0.60639
Received=	-0.023533
Feedback: 0.65702
Received=	0.057907
Feedback: 0.61289
Received=	0.1396
Feedback: 0.56863
Received=	0.02119
Feedback: 0.63279
Received=	0.048544
Feedback: 0.61797
Received=	-0.051907
Feedback: 0.67239
Received=	-0.12777
Feedback: 0.71349
Received=	0.14853
Feedback: 0.5638
Received=	0.38891
Feedback: 0.43357
Received=	0.44835
Feedback: 0.40137
Received=	0.72332
Feedback: 0.2524
Received=	0.5173
Feedback: 0.36401
Received=	0.73671
Feedback: 0.24515
Received=	0.28291
Feedback: 0.491
Received=	0.19337
Feedback: 0.53951
Received=	0.34298
Feedback: 0.45846
Received=	0.023642
Feedback: 0.63146
Received=	0.064096
Feedback: 0.60954
Received=	0.079779
Feedback: 0.60105
Received=	0.36362
Feedback: 0.44727
Received=	0.47413
Feedback: 0.3874
Calculated range:	[(-2.000000) - (2.000000)]
Success index = (-0.355282)
Received=	0.33476
=====  16:13:53 - BASE  ============
Feedback: 0.66
Received=	0.25537
Feedback: 0.66
Received=	0.43593
Feedback: 0.66
Received=	0.36196
Feedback: 0.66
Received=	0.44191
Feedback: 0.66
Received=	0.96103
Feedback: 0.66
Received=	1.2014
Feedback: 0.66
Received=	0.77233
Feedback: 0.66
Received=	0.16131
Feedback: 0.66
Received=	0.052141
Feedback: 0.66
Received=	-0.072965
Feedback: 0.66
Received=	0.0083504
Feedback: 0.66
Received=	0.11019
Feedback: 0.66
Received=	0.34765
Feedback: 0.66
Received=	0.40032
Feedback: 0.66
Received=	0.38302
Feedback: 0.66
Received=	0.41759
Feedback: 0.66
Received=	-0.034791
Feedback: 0.66
Received=	0.0040812
Feedback: 0.66
Received=	0.39359
Feedback: 0.66
Received=	0.51555
=====  16:14:53 - NF  ============
Feedback: 0.40604
Received=	0.5067
Feedback: 0.41114
Received=	0.15572
Feedback: 0.6134
Received=	-0.071622
Feedback: 0.7444
Received=	0.32659
Feedback: 0.51493
Received=	0.38184
Feedback: 0.4831
Received=	0.19511
Feedback: 0.5907
Received=	0.17715
Feedback: 0.60105
Received=	0.060428
Feedback: 0.66831
Received=	0.16373
Feedback: 0.60878
Received=	0.60768
Feedback: 0.35296
Received=	0.43768
Feedback: 0.45092
Received=	0.21858
Feedback: 0.57718
Received=	-0.14512
Feedback: 0.78676
Received=	-0.25814
Feedback: 0.85188
Received=	0.0071151
Feedback: 0.69903
Received=	0.21448
Feedback: 0.57954
Received=	-0.0030294
Feedback: 0.70488
Received=	0.054547
Feedback: 0.6717
Received=	0.36282
Feedback: 0.49406
Received=	-0.0096174
Feedback: 0.70867
Received=	-0.50961
Feedback: 0.9
Received=	-0.18731
Feedback: 0.81107
Received=	0.1525
Feedback: 0.61525
Received=	0.5062
Feedback: 0.41143
Received=	-0.023661
Feedback: 0.71677
Received=	-0.32623
Feedback: 0.89112
Received=	-0.12117
Feedback: 0.77296
Received=	0.082652
Feedback: 0.6555
Received=	0.16663
Feedback: 0.60711
Received=	0.15966
Feedback: 0.61113
Received=	0.27175
Feedback: 0.54654
Received=	0.27035
Feedback: 0.54734
Received=	0.58735
Feedback: 0.36467
Received=	0.94179
Feedback: 0.16043
Received=	0.45795
Feedback: 0.43924
Received=	0.0026908
Feedback: 0.70158
Received=	-0.017185
Feedback: 0.71303
Received=	0.3462
Feedback: 0.50363
Received=	0.32236
Feedback: 0.51737
Received=	0.17479
Feedback: 0.60241
Received=	-0.19503
Feedback: 0.81552
Received=	-0.072775
Feedback: 0.74507
Received=	-0.069329
Feedback: 0.74308
Received=	0.3785
Feedback: 0.48502
Received=	0.5388
Feedback: 0.39265
Received=	0.096345
Feedback: 0.64761
Received=	0.40524
Feedback: 0.46961
Received=	0.12413
Feedback: 0.6316
Received=	0.63145
Feedback: 0.33926
Received=	0.48213
Feedback: 0.42531
Received=	0.10462
Feedback: 0.64284
Received=	-0.11141
Feedback: 0.76733
Received=	-0.2532
Feedback: 0.84904
Received=	0.071897
Feedback: 0.6617
Received=	0.41086
Feedback: 0.46637
Received=	0.6635
Feedback: 0.32079
Received=	0.10959
Feedback: 0.63998
Received=	-0.062103
Feedback: 0.73892
Received=	0.18799
Feedback: 0.5948
Calculated range:	[(-2.000000) - (2.000000)]
Success index = (-0.598192)
Received=	0.30293
=====  16:17:53 - BASE  ============
Feedback: 0.66
Received=	0.023291
Feedback: 0.66
Received=	0.1118
Feedback: 0.66
Received=	0.36444
Feedback: 0.66
Received=	0.57605
Feedback: 0.66
Received=	0.64885
Feedback: 0.66
Received=	0.16567
Feedback: 0.66
Received=	0.3944
Feedback: 0.66
Received=	0.3167
Feedback: 0.66
Received=	0.63165
Feedback: 0.66
Received=	0.44204
Feedback: 0.66
Received=	0.085927
Feedback: 0.66
Received=	-0.031541
Feedback: 0.66
Received=	0.15144
Feedback: 0.66
Received=	0.34757
Feedback: 0.66
Received=	0.38172
Feedback: 0.66
Received=	-0.14799
Feedback: 0.66
Received=	-0.1129
Feedback: 0.66
Received=	-0.11794
Feedback: 0.66
Received=	0.27247
Feedback: 0.66
Received=	0.3897
=====  16:18:53 - NF  ============
Feedback: 0.38835
Received=	0.42511
Feedback: 0.36027
Received=	0.12739
Feedback: 0.59637
Received=	0.31195
Feedback: 0.45001
Received=	0.39496
Feedback: 0.38418
Received=	0.13717
Feedback: 0.58861
Received=	0.083198
Feedback: 0.63142
Received=	0.03905
Feedback: 0.66643
Received=	0.15367
Feedback: 0.57553
Received=	0.45222
Feedback: 0.33877
Received=	0.31247
Feedback: 0.44959
Received=	-0.029428
Feedback: 0.72073
Received=	-0.087195
Feedback: 0.76654
Received=	0.018739
Feedback: 0.68253
Received=	-0.32318
Feedback: 0.9
Received=	-0.2151
Feedback: 0.86798
Received=	-0.11826
Feedback: 0.79118
Received=	0.077629
Feedback: 0.63583
Received=	-0.11856
Feedback: 0.79141
Received=	-0.018375
Feedback: 0.71197
Received=	0.02476
Feedback: 0.67776
Received=	0.016328
Feedback: 0.68444
Received=	-0.028529
Feedback: 0.72002
Received=	-0.041952
Feedback: 0.73066
Received=	-0.10532
Feedback: 0.78092
Received=	-0.13859
Feedback: 0.8073
Received=	-0.12248
Feedback: 0.79452
Received=	-0.25172
Feedback: 0.89701
Received=	-0.30099
Feedback: 0.9
Received=	-0.064322
Feedback: 0.7484
Received=	0.081916
Feedback: 0.63243
Received=	0.4728
Feedback: 0.32245
Received=	0.64724
Feedback: 0.18411
Received=	0.37368
Feedback: 0.40106
Received=	0.11507
Feedback: 0.60614
Received=	0.13614
Feedback: 0.58943
Received=	0.11033
Feedback: 0.6099
Received=	0.055694
Feedback: 0.65323
Received=	-0.0089218
Feedback: 0.70447
Received=	-0.11677
Feedback: 0.79
Received=	-0.088151
Feedback: 0.7673
Received=	0.19493
Feedback: 0.54281
Received=	0.21251
Feedback: 0.52886
Received=	-0.14708
Feedback: 0.81403
Received=	0.17902
Feedback: 0.55542
Received=	0.51409
Feedback: 0.2897
Received=	0.058186
Feedback: 0.65125
Received=	-0.13464
Feedback: 0.80416
Received=	-0.01064
Feedback: 0.70583
Received=	-0.092553
Feedback: 0.77079
Received=	-0.070399
Feedback: 0.75322
Received=	-0.028584
Feedback: 0.72006
Received=	-0.12619
Feedback: 0.79747
Received=	0.049049
Feedback: 0.6585
Received=	-0.043483
Feedback: 0.73188
Received=	-0.49219
Feedback: 0.9
Received=	-0.41418
Feedback: 0.9
Received=	-0.042314
Feedback: 0.73095
Received=	-0.021119
Feedback: 0.71414
Received=	-0.12814
Feedback: 0.79901
Calculated range:	[(-2.000000) - (2.000000)]
Success index = (-0.911393)
closing...
