Direction=-1.000000	; step=1.000000;
Received=	0
Feedback: 0.66
Received=	0
Feedback: 0.66
Received=	0
Feedback: 0.66
Received=	-0.0052147
Feedback: 0.66
Received=	0.11565
Feedback: 0.66
Received=	0.17873
Feedback: 0.66
Received=	0.1071
Feedback: 0.66
Received=	0.57819
Feedback: 0.66
Received=	0.64002
Feedback: 0.66
Received=	0.17919
Feedback: 0.66
Received=	0.072018
Feedback: 0.66
Received=	0.18341
Feedback: 0.66
Received=	0.072009
Feedback: 0.66
Received=	0.22306
Feedback: 0.66
Received=	0.14875
Feedback: 0.66
Received=	0.076159
Feedback: 0.66
Received=	-0.099645
Feedback: 0.66
Received=	0.091999
Feedback: 0.66
Received=	-0.027768
Feedback: 0.66
Received=	0.030914
Feedback: 0.66
Received=	0.40759
=====  11:17:32 - NF  ============
Feedback: 0.21992
Received=	0.40098
Feedback: 0.2269
Received=	-0.01977
Feedback: 0.6714
Received=	-0.02342
Feedback: 0.67526
Received=	0.20804
Feedback: 0.43073
Received=	0.056723
Feedback: 0.59059
Received=	0.049439
Feedback: 0.59829
Received=	0.11229
Feedback: 0.53189
Received=	-0.21171
Feedback: 0.87418
Received=	-0.1713
Feedback: 0.83149
Received=	0.19575
Feedback: 0.44371
Received=	0.35446
Feedback: 0.27605
Received=	0.27445
Feedback: 0.36058
Received=	0.19056
Feedback: 0.4492
Received=	0.063282
Feedback: 0.58366
Received=	-0.040308
Feedback: 0.6931
Received=	0.061566
Feedback: 0.58548
Received=	-0.073643
Feedback: 0.72832
Received=	0.043792
Feedback: 0.60425
Received=	0.53732
Feedback: 0.1
Received=	0.3145
Feedback: 0.31827
Received=	0.31517
Feedback: 0.31756
Received=	0.23572
Feedback: 0.40149
Received=	0.032172
Feedback: 0.61653
Received=	-0.24224
Feedback: 0.9
Received=	-0.28415
Feedback: 0.9
Received=	-0.0042044
Feedback: 0.65496
Received=	0.3487
Feedback: 0.28213
Received=	0.23144
Feedback: 0.40601
Received=	-0.127
Feedback: 0.78469
Received=	-0.31446
Feedback: 0.9
Received=	-0.18577
Feedback: 0.84677
Received=	-0.0025844
Feedback: 0.65325
Received=	0.17008
Feedback: 0.47084
Received=	0.28311
Feedback: 0.35143
Received=	0.19363
Feedback: 0.44596
Received=	0.1685
Feedback: 0.47251
Received=	0.25681
Feedback: 0.37921
Received=	0.10888
Feedback: 0.53549
Received=	0.021882
Feedback: 0.6274
Received=	-0.083546
Feedback: 0.73878
Received=	-0.30264
Feedback: 0.9
Received=	-0.35273
Feedback: 0.9
Received=	-0.060719
Feedback: 0.71466
Received=	-0.14232
Feedback: 0.80087
Received=	0.058212
Feedback: 0.58902
Received=	0.03629
Feedback: 0.61218
Received=	0.16321
Feedback: 0.4781
Received=	0.41109
Feedback: 0.21622
Received=	0.26464
Feedback: 0.37094
Received=	0.13118
Feedback: 0.51194
Received=	-0.012372
Feedback: 0.66359
Received=	0.005744
Feedback: 0.64445
Received=	0.075176
Feedback: 0.5711
Received=	0.0046373
Feedback: 0.64562
Received=	-0.019182
Feedback: 0.67078
Received=	0.1451
Feedback: 0.49722
Received=	0.04121
Feedback: 0.60698
Received=	0.12607
Feedback: 0.51733
Received=	0.22134
Feedback: 0.41669
Calculated range:	[(-2.000000) - (2.000000)]
Success index = (-0.333358)
Received=	0.15996
=====  11:20:33 - BASE  ============
Feedback: 0.66
Received=	-0.015592
Feedback: 0.66
Received=	-0.01426
Feedback: 0.66
Received=	0.034162
Feedback: 0.66
Received=	-0.16644
Feedback: 0.66
Received=	-0.11906
Feedback: 0.66
Received=	-0.052174
Feedback: 0.66
Received=	-0.046779
Feedback: 0.66
Received=	-0.25906
Feedback: 0.66
Received=	-0.39396
Feedback: 0.66
Received=	-0.3073
Feedback: 0.66
Received=	-0.26446
Feedback: 0.66
Received=	-0.33826
Feedback: 0.66
Received=	0.078209
Feedback: 0.66
Received=	0.16227
Feedback: 0.66
Received=	0.50892
Feedback: 0.66
Received=	0.41849
Feedback: 0.66
Received=	0.35206
Feedback: 0.66
Received=	-0.033578
Feedback: 0.66
Received=	-0.079371
Feedback: 0.66
Received=	0.098708
=====  11:21:33 - NF  ============
Feedback: 0.40109
Received=	0.41486
Feedback: 0.15607
Received=	0.0062223
Feedback: 0.47276
Received=	0.11373
Feedback: 0.38944
Received=	0.16414
Feedback: 0.35038
Received=	0.42456
Feedback: 0.14855
Received=	-0.072409
Feedback: 0.5337
Received=	-0.15745
Feedback: 0.59961
Received=	-0.032945
Feedback: 0.50312
Received=	0.014681
Feedback: 0.46621
Received=	-0.14335
Feedback: 0.58868
Received=	0.25247
Feedback: 0.28192
Received=	0.097064
Feedback: 0.40236
Received=	-0.22498
Feedback: 0.65195
Received=	-0.11695
Feedback: 0.56822
Received=	-0.16032
Feedback: 0.60183
Received=	-0.16375
Feedback: 0.60449
Received=	-0.099085
Feedback: 0.55438
Received=	-0.10787
Feedback: 0.56119
Received=	-0.15267
Feedback: 0.5959
Received=	0.29029
Feedback: 0.25261
Received=	0.32194
Feedback: 0.22808
Received=	0.26207
Feedback: 0.27448
Received=	0.27971
Feedback: 0.26081
Received=	-0.036038
Feedback: 0.50551
Received=	-0.00162
Feedback: 0.47884
Received=	0.048482
Feedback: 0.44001
Received=	0.1163
Feedback: 0.38745
Received=	-0.15044
Feedback: 0.59417
Received=	-0.16925
Feedback: 0.60875
Received=	0.22846
Feedback: 0.30053
Received=	0.64882
Feedback: 0.1
Received=	0.3763
Feedback: 0.18596
Received=	0.044268
Feedback: 0.44328
Received=	0.42847
Feedback: 0.14553
Received=	0.32403
Feedback: 0.22646
Received=	0.005332
Feedback: 0.47345
Received=	0.063916
Feedback: 0.42805
Received=	0.37099
Feedback: 0.19007
Received=	0.23881
Feedback: 0.29251
Received=	-0.0081647
Feedback: 0.48391
Received=	0.086736
Feedback: 0.41036
Received=	0.48745
Feedback: 0.1
Received=	0.58729
Feedback: 0.1
Received=	0.34062
Feedback: 0.2136
Received=	0.25717
Feedback: 0.27828
Received=	-0.049646
Feedback: 0.51606
Received=	-0.1094
Feedback: 0.56237
Received=	-0.23608
Feedback: 0.66054
Received=	-0.059159
Feedback: 0.52343
Received=	0.013463
Feedback: 0.46715
Received=	-0.20853
Feedback: 0.6392
Received=	-0.29004
Feedback: 0.70237
Received=	-0.17439
Feedback: 0.61274
Received=	-0.092041
Feedback: 0.54892
Received=	-0.41115
Feedback: 0.79623
Received=	-0.5283
Feedback: 0.88701
Received=	-0.35297
Feedback: 0.75114
Received=	0.16307
Feedback: 0.35121
Received=	0.62095
Feedback: 0.1
Calculated range:	[(-2.000000) - (2.000000)]
Success index = (0.362347)
Received=	0.29654
=====  11:24:33 - BASE  ============
Feedback: 0.66
Received=	-0.017858
Feedback: 0.66
Received=	-0.077822
Feedback: 0.66
Received=	0.11609
Feedback: 0.66
Received=	0.058894
Feedback: 0.66
Received=	-0.15711
Feedback: 0.66
Received=	-0.26973
Feedback: 0.66
Received=	-0.02044
Feedback: 0.66
Received=	-0.16116
Feedback: 0.66
Received=	-0.24194
Feedback: 0.66
Received=	-0.32945
Feedback: 0.66
Received=	-0.056567
Feedback: 0.66
Received=	0.17445
Feedback: 0.66
Received=	0.3251
Feedback: 0.66
Received=	0.16962
Feedback: 0.66
Received=	-0.13742
Feedback: 0.66
Received=	-0.42821
Feedback: 0.66
Received=	0.10475
Feedback: 0.66
Received=	0.27899
Feedback: 0.66
Received=	-0.11365
Feedback: 0.66
Received=	-0.29117
=====  11:25:33 - NF  ============
Feedback: 0.73622
Received=	-0.035823
Feedback: 0.49362
Received=	0.32111
Feedback: 0.15453
Received=	0.38796
Feedback: 0.1
Received=	0.11757
Feedback: 0.3479
Received=	0.1206
Feedback: 0.34501
Received=	0.10044
Feedback: 0.36417
Received=	0.025725
Feedback: 0.43515
Received=	-0.33094
Feedback: 0.774
Received=	-0.021406
Feedback: 0.47993
Received=	0.11565
Feedback: 0.34972
Received=	-0.098791
Feedback: 0.55345
Received=	-0.1338
Feedback: 0.5867
Received=	-0.14625
Feedback: 0.59854
Received=	-0.25669
Feedback: 0.70346
Received=	-0.20007
Feedback: 0.64967
Received=	-0.090414
Feedback: 0.54549
Received=	-0.08279
Feedback: 0.53824
Received=	0.30138
Feedback: 0.17327
Received=	0.46628
Feedback: 0.1
Received=	0.53371
Feedback: 0.1
Received=	0.19187
Feedback: 0.27731
Received=	-0.16955
Feedback: 0.62067
Received=	-0.1122
Feedback: 0.56619
Received=	-0.30213
Feedback: 0.74663
Received=	-0.31235
Feedback: 0.75634
Received=	-0.091602
Feedback: 0.54662
Received=	-0.21831
Feedback: 0.667
Received=	-0.2976
Feedback: 0.74232
Received=	-0.10783
Feedback: 0.56204
Received=	0.10204
Feedback: 0.36265
Received=	-0.0020085
Feedback: 0.4615
Received=	0.33521
Feedback: 0.14113
Received=	0.19691
Feedback: 0.27252
Received=	-0.19945
Feedback: 0.64908
Received=	-0.44729
Feedback: 0.88453
Received=	-0.39959
Feedback: 0.83922
Received=	-0.43639
Feedback: 0.87417
Received=	-0.55574
Feedback: 0.9
Received=	-0.15206
Feedback: 0.60406
Received=	0.15542
Feedback: 0.31193
Received=	0.0067579
Feedback: 0.45317
Received=	0.22796
Feedback: 0.24302
Received=	0.34057
Feedback: 0.13604
Received=	0.23501
Feedback: 0.23632
Received=	0.34887
Feedback: 0.12816
Received=	0.47168
Feedback: 0.1
Received=	0.35731
Feedback: 0.12014
Received=	0.18271
Feedback: 0.28601
Received=	-0.081686
Feedback: 0.5372
Received=	-0.28581
Feedback: 0.73112
Received=	-0.24962
Feedback: 0.69674
Received=	0.060483
Feedback: 0.40213
Received=	0.17212
Feedback: 0.29607
Received=	0.18023
Feedback: 0.28837
Received=	0.19562
Feedback: 0.27374
Received=	0.15666
Feedback: 0.31076
Received=	0.068619
Feedback: 0.3944
Received=	-0.098468
Feedback: 0.55314
Received=	0.098016
Feedback: 0.36647
Calculated range:	[(-2.000000) - (2.000000)]
Success index = (0.198990)
Received=	0.31805
=====  11:28:33 - BASE  ============
Feedback: 0.66
Received=	0.41087
Feedback: 0.66
Received=	0.28134
Feedback: 0.66
Received=	0.29465
Feedback: 0.66
Received=	0.40326
Feedback: 0.66
Received=	0.41947
Feedback: 0.66
Received=	0.58207
Feedback: 0.66
Received=	0.14748
Feedback: 0.66
Received=	0.29344
Feedback: 0.66
Received=	0.65336
Feedback: 0.66
Received=	0.16077
Feedback: 0.66
Received=	-0.36731
Feedback: 0.66
Received=	0.12307
Feedback: 0.66
Received=	0.1149
Feedback: 0.66
Received=	0.28376
Feedback: 0.66
Received=	0.21674
Feedback: 0.66
Received=	0.056181
Feedback: 0.66
Received=	-0.11486
Feedback: 0.66
Received=	-0.22142
Feedback: 0.66
Received=	-0.13012
Feedback: 0.66
Received=	-0.067188
=====  11:29:33 - NF  ============
Feedback: 0.68356
Received=	-0.010403
Feedback: 0.64098
Received=	0.19137
Feedback: 0.48967
Received=	0.16443
Feedback: 0.50987
Received=	0.39685
Feedback: 0.33559
Received=	0.36178
Feedback: 0.36189
Received=	0.1184
Feedback: 0.54439
Received=	0.17585
Feedback: 0.50131
Received=	0.074987
Feedback: 0.57695
Received=	-0.033067
Feedback: 0.65798
Received=	0.2046
Feedback: 0.47976
Received=	0.40348
Feedback: 0.33062
Received=	0.094522
Feedback: 0.5623
Received=	-0.25793
Feedback: 0.8266
Received=	-0.11891
Feedback: 0.72235
Received=	-0.027061
Feedback: 0.65347
Received=	-0.33863
Feedback: 0.88711
Received=	-0.29115
Feedback: 0.85151
Received=	-0.018859
Feedback: 0.64732
Received=	0.027037
Feedback: 0.6129
Received=	0.13112
Feedback: 0.53485
Received=	0.22283
Feedback: 0.46608
Received=	0.36701
Feedback: 0.35796
Received=	0.40064
Feedback: 0.33275
Received=	0.29449
Feedback: 0.41234
Received=	0.026315
Feedback: 0.61345
Received=	-0.14389
Feedback: 0.74108
Received=	-0.30657
Feedback: 0.86307
Received=	-0.12957
Feedback: 0.73034
Received=	-0.46722
Feedback: 0.9
Received=	-0.7704
Feedback: 0.9
Received=	-0.69601
Feedback: 0.9
Received=	-0.44538
Feedback: 0.9
Received=	-0.57652
Feedback: 0.9
Received=	-0.52057
Feedback: 0.9
Received=	-0.27022
Feedback: 0.83581
Received=	-0.037357
Feedback: 0.66119
Received=	-0.32923
Feedback: 0.88007
Received=	0.12181
Feedback: 0.54184
Received=	0.27909
Feedback: 0.42389
Received=	0.33312
Feedback: 0.38338
Received=	-0.22721
Feedback: 0.80356
Received=	-0.15547
Feedback: 0.74977
Received=	-0.28031
Feedback: 0.84338
Received=	0.054162
Feedback: 0.59256
Received=	0.30962
Feedback: 0.401
Received=	0.063186
Feedback: 0.5858
Received=	-0.26546
Feedback: 0.83225
Received=	-0.12274
Feedback: 0.72522
Received=	0.22624
Feedback: 0.46353
Received=	0.16943
Feedback: 0.50612
Received=	0.33114
Feedback: 0.38486
Received=	0.31639
Feedback: 0.39592
Received=	0.086326
Feedback: 0.56844
Received=	0.13945
Feedback: 0.5286
Received=	-0.19838
Feedback: 0.78194
Received=	-0.61575
Feedback: 0.9
Received=	-0.042014
Feedback: 0.66469
Received=	0.087426
Feedback: 0.56762
Received=	0.12113
Feedback: 0.54235
Calculated range:	[(-2.000000) - (2.000000)]
Success index = (-0.705944)
Received=	0.076182
=====  11:32:33 - BASE  ============
Feedback: 0.66
Received=	0.571
Feedback: 0.66
Received=	0.58132
Feedback: 0.66
Received=	-0.35366
Feedback: 0.66
Received=	-0.27734
Feedback: 0.66
Received=	-0.50906
Feedback: 0.66
Received=	-0.3293
Feedback: 0.66
Received=	-0.062612
Feedback: 0.66
Received=	0.44904
Feedback: 0.66
Received=	0.58091
Feedback: 0.66
Received=	0.13532
Feedback: 0.66
Received=	-0.19428
Feedback: 0.66
Received=	0.048511
Feedback: 0.66
Received=	0.10721
Feedback: 0.66
Received=	0.10006
Feedback: 0.66
Received=	-0.11689
Feedback: 0.66
Received=	-0.14311
Feedback: 0.66
Received=	-0.20811
Feedback: 0.66
Received=	-0.24099
Feedback: 0.66
Received=	-0.45397
Feedback: 0.66
Received=	-0.50117
=====  11:33:33 - NF  ============
Feedback: 0.77559
Received=	-0.28415
Feedback: 0.64324
Received=	-0.21557
Feedback: 0.60141
Received=	-0.18662
Feedback: 0.58376
Received=	-0.10211
Feedback: 0.53222
Received=	0.0053482
Feedback: 0.46669
Received=	-0.54658
Feedback: 0.80328
Received=	-0.30212
Feedback: 0.6542
Received=	-0.083086
Feedback: 0.52062
Received=	-0.036614
Feedback: 0.49228
Received=	-0.092723
Feedback: 0.5265
Received=	0.022429
Feedback: 0.45627
Received=	-0.016588
Feedback: 0.48007
Received=	-0.34859
Feedback: 0.68254
Received=	-0.44996
Feedback: 0.74436
Received=	-0.46154
Feedback: 0.75142
Received=	-0.22511
Feedback: 0.60724
Received=	0.10358
Feedback: 0.40678
Received=	0.27371
Feedback: 0.30303
Received=	0.22207
Feedback: 0.33452
Received=	0.45586
Feedback: 0.19194
Received=	0.50219
Feedback: 0.16369
Received=	0.24245
Feedback: 0.32209
Received=	0.13621
Feedback: 0.38688
Received=	-0.1438
Feedback: 0.55764
Received=	0.071862
Feedback: 0.42612
Received=	-0.039506
Feedback: 0.49404
Received=	0.24171
Feedback: 0.32254
Received=	0.43548
Feedback: 0.20437
Received=	0.66778
Feedback: 0.1
Received=	0.32205
Feedback: 0.27354
Received=	-0.2645
Feedback: 0.63126
Received=	-0.28647
Feedback: 0.64466
Received=	0.13909
Feedback: 0.38513
Received=	-0.018092
Feedback: 0.48098
Received=	0.0027563
Feedback: 0.46827
Received=	0.27239
Feedback: 0.30383
Received=	0.27989
Feedback: 0.29926
Received=	0.20501
Feedback: 0.34492
Received=	0.52214
Feedback: 0.15152
Received=	0.48003
Feedback: 0.1772
Received=	0.049863
Feedback: 0.43954
Received=	0.033001
Feedback: 0.44982
Received=	0.0033871
Feedback: 0.46788
Received=	0.12749
Feedback: 0.3922
Received=	0.042192
Feedback: 0.44422
Received=	0.052058
Feedback: 0.4382
Received=	0.088818
Feedback: 0.41578
Received=	0.22836
Feedback: 0.33068
Received=	-0.085745
Feedback: 0.52224
Received=	-0.3251
Feedback: 0.66821
Received=	-0.080572
Feedback: 0.51909
Received=	-0.016516
Feedback: 0.48002
Received=	-0.4081
Feedback: 0.71883
Received=	-0.41211
Feedback: 0.72127
Received=	-0.030229
Feedback: 0.48839
Received=	0.30652
Feedback: 0.28302
Received=	0.21158
Feedback: 0.34092
Received=	0.16005
Feedback: 0.37234
Received=	-0.16064
Feedback: 0.56792
Calculated range:	[(-2.000000) - (2.000000)]
Success index = (0.216215)
closing...
