Direction=-1.000000	; step=1.000000;
Received=	0
Feedback: 0.66
Received=	0
Feedback: 0.66
Received=	0
Feedback: 0.66
Received=	0.037506
Feedback: 0.66
Received=	0.2203
Feedback: 0.66
Received=	0.29062
Feedback: 0.66
Received=	0.059957
Feedback: 0.66
Received=	-0.058306
Feedback: 0.66
Received=	0.32459
Feedback: 0.66
Received=	0.35284
Feedback: 0.66
Received=	0.096504
Feedback: 0.66
Received=	-0.28295
Feedback: 0.66
Received=	-0.18415
Feedback: 0.66
Received=	0.011418
Feedback: 0.66
Received=	0.010764
Feedback: 0.66
Received=	-0.12524
Feedback: 0.66
Received=	-0.23083
Feedback: 0.66
Received=	0.28784
Feedback: 0.66
Received=	0.2183
Feedback: 0.66
Received=	0.020137
Feedback: 0.66
Received=	0.18931
=====  12:19:7 - NF  ============
Feedback: 0.36426
Received=	0.24929
Feedback: 0.30212
Received=	0.027688
Feedback: 0.53171
Received=	0.082825
Feedback: 0.47458
Received=	0.24267
Feedback: 0.30897
Received=	0.2631
Feedback: 0.28781
Received=	0.1037
Feedback: 0.45295
Received=	0.010415
Feedback: 0.5496
Received=	0.059202
Feedback: 0.49906
Received=	-0.1306
Feedback: 0.69571
Received=	0.19164
Feedback: 0.36185
Received=	0.16154
Feedback: 0.39303
Received=	-0.072548
Feedback: 0.63556
Received=	-0.16931
Feedback: 0.73581
Received=	0.0044139
Feedback: 0.55582
Received=	0.15801
Feedback: 0.39669
Received=	0.38218
Feedback: 0.16444
Received=	-0.16386
Feedback: 0.73017
Received=	0.1676
Feedback: 0.38675
Received=	0.20246
Feedback: 0.35063
Received=	0.0098828
Feedback: 0.55016
Received=	0.095902
Feedback: 0.46104
Received=	0.29582
Feedback: 0.25391
Received=	0.3619
Feedback: 0.18544
Received=	-0.12592
Feedback: 0.69085
Received=	0.10433
Feedback: 0.4523
Received=	0.061297
Feedback: 0.49689
Received=	-0.15372
Feedback: 0.71966
Received=	-0.063366
Feedback: 0.62605
Received=	0.091485
Feedback: 0.46561
Received=	-0.075861
Feedback: 0.63899
Received=	-0.26135
Feedback: 0.83117
Received=	-0.081858
Feedback: 0.6452
Received=	0.4325
Feedback: 0.1123
Received=	0.16594
Feedback: 0.38848
Received=	0.087865
Feedback: 0.46936
Received=	0.12578
Feedback: 0.43008
Received=	-0.10079
Feedback: 0.66482
Received=	-0.097947
Feedback: 0.66187
Received=	0.065173
Feedback: 0.49287
Received=	0.31357
Feedback: 0.23552
Received=	0.1923
Feedback: 0.36116
Received=	0.17694
Feedback: 0.37708
Received=	0.31845
Feedback: 0.23047
Received=	0.44901
Feedback: 0.1
Received=	-0.11596
Feedback: 0.68054
Received=	-0.022252
Feedback: 0.58345
Received=	0.1363
Feedback: 0.41918
Received=	0.17326
Feedback: 0.38089
Received=	-0.080554
Feedback: 0.64385
Received=	-0.079012
Feedback: 0.64226
Received=	0.17692
Feedback: 0.3771
Received=	0.089227
Feedback: 0.46795
Received=	0.045231
Feedback: 0.51353
Received=	-0.005338
Feedback: 0.56593
Received=	0.028348
Feedback: 0.53103
Received=	0.35181
Feedback: 0.1959
Received=	0.54948
Feedback: 0.1
Received=	0.091227
Feedback: 0.46588
Received=	0.011635
Feedback: 0.54834
Calculated range:	[(-2.000000) - (2.000000)]
Success index = (0.207269)
Received=	-0.2096
=====  12:22:7 - BASE  ============
Feedback: 0.66
Received=	-0.14522
Feedback: 0.66
Received=	0.36284
Feedback: 0.66
Received=	0.35598
Feedback: 0.66
Received=	0.22636
Feedback: 0.66
Received=	-0.17046
Feedback: 0.66
Received=	-0.07915
Feedback: 0.66
Received=	0.14021
Feedback: 0.66
Received=	-0.094732
Feedback: 0.66
Received=	0.04782
Feedback: 0.66
Received=	0.29743
Feedback: 0.66
Received=	0.10973
Feedback: 0.66
Received=	-0.23209
Feedback: 0.66
Received=	0.184
Feedback: 0.66
Received=	0.52468
Feedback: 0.66
Received=	0.09233
Feedback: 0.66
Received=	-0.16793
Feedback: 0.66
Received=	-0.15217
Feedback: 0.66
Received=	0.041414
Feedback: 0.66
Received=	-0.12377
Feedback: 0.66
Received=	0.23835
=====  12:23:7 - NF  ============
Feedback: 0.35125
Received=	0.63351
Feedback: 0.1
Received=	0.57921
Feedback: 0.1
Received=	0.10252
Feedback: 0.47547
Received=	-0.044289
Feedback: 0.60972
Received=	0.099707
Feedback: 0.47804
Received=	-0.075903
Feedback: 0.63863
Received=	-0.31557
Feedback: 0.8578
Received=	-0.16562
Feedback: 0.72067
Received=	-0.083555
Feedback: 0.64563
Received=	0.20507
Feedback: 0.38169
Received=	0.26188
Feedback: 0.32974
Received=	0.047169
Feedback: 0.52609
Received=	0.015972
Feedback: 0.55461
Received=	-0.13564
Feedback: 0.69326
Received=	0.093823
Feedback: 0.48342
Received=	0.2005
Feedback: 0.38587
Received=	0.13696
Feedback: 0.44398
Received=	0.5078
Feedback: 0.10485
Received=	0.29284
Feedback: 0.30143
Received=	0.0019154
Feedback: 0.56747
Received=	0.13011
Feedback: 0.45024
Received=	0.16312
Feedback: 0.42005
Received=	0.15545
Feedback: 0.42707
Received=	0.01104
Feedback: 0.55912
Received=	-0.33447
Feedback: 0.87509
Received=	-0.1459
Feedback: 0.70264
Received=	-0.12793
Feedback: 0.68621
Received=	-0.33299
Feedback: 0.87373
Received=	-0.41479
Feedback: 0.9
Received=	-0.28624
Feedback: 0.83098
Received=	-0.23208
Feedback: 0.78145
Received=	-0.26852
Feedback: 0.81477
Received=	0.1701
Feedback: 0.41367
Received=	0.03255
Feedback: 0.53945
Received=	0.059114
Feedback: 0.51516
Received=	0.016623
Feedback: 0.55402
Received=	-0.0042638
Feedback: 0.57312
Received=	0.18459
Feedback: 0.40042
Received=	7.109e-05
Feedback: 0.56916
Received=	-0.25295
Feedback: 0.80053
Received=	-0.14902
Feedback: 0.70549
Received=	0.051702
Feedback: 0.52194
Received=	0.15177
Feedback: 0.43044
Received=	0.21481
Feedback: 0.37278
Received=	0.073231
Feedback: 0.50225
Received=	0.15733
Feedback: 0.42535
Received=	-0.099402
Feedback: 0.66012
Received=	-0.24731
Feedback: 0.79538
Received=	-0.17287
Feedback: 0.72731
Received=	-0.33905
Feedback: 0.87927
Received=	-0.11303
Feedback: 0.67258
Received=	-0.025114
Feedback: 0.59219
Received=	0.29863
Feedback: 0.29613
Received=	0.70013
Feedback: 0.1
Received=	0.35173
Feedback: 0.24757
Received=	0.056165
Feedback: 0.51786
Received=	-0.14688
Feedback: 0.70354
Received=	-0.10613
Feedback: 0.66628
Received=	-0.13773
Feedback: 0.69517
Calculated range:	[(-2.000000) - (2.000000)]
Success index = (-0.205675)
Received=	-0.21414
=====  12:26:7 - BASE  ============
Feedback: 0.66
Received=	-0.074427
Feedback: 0.66
Received=	0.15049
Feedback: 0.66
Received=	-0.14667
Feedback: 0.66
Received=	-0.3249
Feedback: 0.66
Received=	-0.13466
Feedback: 0.66
Received=	0.3704
Feedback: 0.66
Received=	0.1477
Feedback: 0.66
Received=	0.084246
Feedback: 0.66
Received=	-0.24571
Feedback: 0.66
Received=	-0.20693
Feedback: 0.66
Received=	0.12629
Feedback: 0.66
Received=	0.26163
Feedback: 0.66
Received=	-0.05936
Feedback: 0.66
Received=	-0.26538
Feedback: 0.66
Received=	-0.3909
Feedback: 0.66
Received=	-0.37739
Feedback: 0.66
Received=	-0.39128
Feedback: 0.66
Received=	-0.17211
Feedback: 0.66
Received=	0.24171
Feedback: 0.66
Received=	-0.027079
=====  12:27:7 - NF  ============
Feedback: 0.4619
Received=	-0.12126
Feedback: 0.5383
Received=	0.30498
Feedback: 0.19251
Received=	0.25357
Feedback: 0.23421
Received=	0.019099
Feedback: 0.42443
Received=	0.24808
Feedback: 0.23867
Received=	0.59597
Feedback: 0.1
Received=	-0.096755
Feedback: 0.51842
Received=	-0.21296
Feedback: 0.6127
Received=	-0.23811
Feedback: 0.6331
Received=	-0.11579
Feedback: 0.53386
Received=	0.31221
Feedback: 0.18665
Received=	0.59115
Feedback: 0.1
Received=	0.22529
Feedback: 0.25716
Received=	-0.42738
Feedback: 0.78665
Received=	-0.29598
Feedback: 0.68005
Received=	0.084329
Feedback: 0.37151
Received=	0.25205
Feedback: 0.23545
Received=	0.17616
Feedback: 0.29701
Received=	0.28311
Feedback: 0.21025
Received=	0.0035929
Feedback: 0.43701
Received=	-0.1518
Feedback: 0.56308
Received=	0.20488
Feedback: 0.27372
Received=	0.2798
Feedback: 0.21294
Received=	0.21951
Feedback: 0.26184
Received=	-0.03743
Feedback: 0.47029
Received=	-0.18886
Feedback: 0.59315
Received=	-0.12017
Feedback: 0.53742
Received=	-0.32314
Feedback: 0.70208
Received=	-0.31019
Feedback: 0.69158
Received=	-0.17824
Feedback: 0.58453
Received=	0.020793
Feedback: 0.42306
Received=	-0.037406
Feedback: 0.47027
Received=	-0.13646
Feedback: 0.55064
Received=	0.2342
Feedback: 0.24993
Received=	0.20761
Feedback: 0.2715
Received=	0.099295
Feedback: 0.35937
Received=	-0.074576
Feedback: 0.50043
Received=	0.2343
Feedback: 0.24985
Received=	0.46763
Feedback: 0.1
Received=	0.10636
Feedback: 0.35364
Received=	-0.39406
Feedback: 0.75962
Received=	0.2336
Feedback: 0.25042
Received=	0.60511
Feedback: 0.1
Received=	0.24233
Feedback: 0.24333
Received=	-0.095235
Feedback: 0.51719
Received=	0.087373
Feedback: 0.36905
Received=	0.18761
Feedback: 0.28772
Received=	0.3509
Feedback: 0.15525
Received=	0.086589
Feedback: 0.36968
Received=	-0.076744
Feedback: 0.50219
Received=	-0.01396
Feedback: 0.45125
Received=	-0.052524
Feedback: 0.48254
Received=	0.29936
Feedback: 0.19707
Received=	-0.005919
Feedback: 0.44473
Received=	-0.19673
Feedback: 0.59953
Received=	-0.0084612
Feedback: 0.44679
Received=	0.21039
Feedback: 0.26924
Received=	0.28172
Feedback: 0.21138
Received=	0.27207
Feedback: 0.2192
Calculated range:	[(-2.000000) - (2.000000)]
Success index = (0.606517)
Received=	0.059822
=====  12:30:7 - BASE  ============
Feedback: 0.66
Received=	-0.5333
Feedback: 0.66
Received=	-0.23952
Feedback: 0.66
Received=	0.15243
Feedback: 0.66
Received=	0.35205
Feedback: 0.66
Received=	0.42091
Feedback: 0.66
Received=	0.052698
Feedback: 0.66
Received=	-0.23099
Feedback: 0.66
Received=	-0.2588
Feedback: 0.66
Received=	-0.36297
Feedback: 0.66
Received=	-0.0048381
Feedback: 0.66
Received=	-0.045577
Feedback: 0.66
Received=	0.13281
Feedback: 0.66
Received=	0.24227
Feedback: 0.66
Received=	0.32688
Feedback: 0.66
Received=	0.075814
Feedback: 0.66
Received=	0.15416
Feedback: 0.66
Received=	0.23028
Feedback: 0.66
Received=	0.19854
Feedback: 0.66
Received=	0.58605
Feedback: 0.66
Received=	0.96586
=====  12:31:7 - NF  ============
Feedback: 0.1
Received=	0.45548
Feedback: 0.22109
Received=	-0.06816
Feedback: 0.6308
Received=	0.22684
Feedback: 0.39999
Received=	0.15305
Feedback: 0.45772
Received=	0.09784
Feedback: 0.50092
Received=	0.27756
Feedback: 0.36031
Received=	0.49459
Feedback: 0.19049
Received=	0.097484
Feedback: 0.5012
Received=	0.19139
Feedback: 0.42772
Received=	0.20241
Feedback: 0.4191
Received=	-0.089583
Feedback: 0.64756
Received=	-0.19019
Feedback: 0.72628
Received=	0.078872
Feedback: 0.51576
Received=	0.35647
Feedback: 0.29856
Received=	0.22679
Feedback: 0.40002
Received=	-0.40901
Feedback: 0.89748
Received=	-0.41134
Feedback: 0.8993
Received=	0.06588
Feedback: 0.52592
Received=	0.31975
Feedback: 0.32729
Received=	-0.12022
Feedback: 0.67153
Received=	-0.22628
Feedback: 0.75451
Received=	-0.20773
Feedback: 0.74
Received=	0.070648
Feedback: 0.52219
Received=	-0.27782
Feedback: 0.79484
Received=	-0.2737
Feedback: 0.79161
Received=	0.027728
Feedback: 0.55577
Received=	0.069425
Feedback: 0.52315
Received=	-0.087624
Feedback: 0.64603
Received=	-0.20825
Feedback: 0.7404
Received=	-0.18665
Feedback: 0.7235
Received=	-0.15827
Feedback: 0.7013
Received=	-0.026002
Feedback: 0.59781
Received=	0.082428
Feedback: 0.51297
Received=	0.052728
Feedback: 0.53621
Received=	-0.074001
Feedback: 0.63537
Received=	-0.03001
Feedback: 0.60095
Received=	0.067697
Feedback: 0.5245
Received=	-0.063075
Feedback: 0.62682
Received=	0.12596
Feedback: 0.47891
Received=	-0.080139
Feedback: 0.64017
Received=	0.10584
Feedback: 0.49466
Received=	-0.12306
Feedback: 0.67375
Received=	-0.10711
Feedback: 0.66127
Received=	-0.080337
Feedback: 0.64032
Received=	-0.25391
Feedback: 0.77613
Received=	-0.036972
Feedback: 0.6064
Received=	0.24624
Feedback: 0.38481
Received=	-0.029253
Feedback: 0.60036
Received=	-0.03892
Feedback: 0.60792
Received=	0.10101
Feedback: 0.49844
Received=	-0.089614
Feedback: 0.64758
Received=	0.0094063
Feedback: 0.57011
Received=	0.27192
Feedback: 0.36471
Received=	-0.032456
Feedback: 0.60286
Received=	0.073679
Feedback: 0.51982
Received=	0.17505
Feedback: 0.44051
Received=	0.0049913
Feedback: 0.57356
Received=	0.034107
Feedback: 0.55078
Received=	0.0028691
Feedback: 0.57522
Calculated range:	[(-2.000000) - (2.000000)]
Success index = (-0.300588)
Received=	-0.068698
=====  12:34:7 - BASE  ============
Feedback: 0.66
Received=	-0.07408
Feedback: 0.66
Received=	0.45577
Feedback: 0.66
Received=	1.1312
Feedback: 0.66
Received=	0.35787
Feedback: 0.66
Received=	0.039195
Feedback: 0.66
Received=	0.16707
Feedback: 0.66
Received=	0.045285
Feedback: 0.66
Received=	-0.31054
Feedback: 0.66
Received=	0.017529
Feedback: 0.66
Received=	0.25521
Feedback: 0.66
Received=	0.0959
Feedback: 0.66
Received=	0.039147
Feedback: 0.66
Received=	0.10787
Feedback: 0.66
Received=	-0.074364
Feedback: 0.66
Received=	0.065807
Feedback: 0.66
Received=	-0.10437
Feedback: 0.66
Received=	0.22034
Feedback: 0.66
Received=	0.1654
Feedback: 0.66
Received=	-0.058961
Feedback: 0.66
Received=	-0.38925
=====  12:35:7 - NF  ============
Feedback: 0.85392
Received=	-0.029846
Feedback: 0.61596
Received=	0.31116
Feedback: 0.39018
Received=	0.19791
Feedback: 0.46516
Received=	0.36178
Feedback: 0.35667
Received=	0.19524
Feedback: 0.46693
Received=	0.09401
Feedback: 0.53396
Received=	-0.17319
Feedback: 0.71087
Received=	-0.070795
Feedback: 0.64307
Received=	-0.048753
Feedback: 0.62848
Received=	0.11106
Feedback: 0.52267
Received=	0.22351
Feedback: 0.44821
Received=	-0.018078
Feedback: 0.60817
Received=	0.06932
Feedback: 0.5503
Received=	0.1941
Feedback: 0.46769
Received=	0.36274
Feedback: 0.35603
Received=	0.34687
Feedback: 0.36654
Received=	-0.0081366
Feedback: 0.60159
Received=	0.11566
Feedback: 0.51962
Received=	-0.13861
Feedback: 0.68797
Received=	-0.045258
Feedback: 0.62616
Received=	-0.035932
Feedback: 0.61999
Received=	0.14252
Feedback: 0.50184
Received=	0.17791
Feedback: 0.4784
Received=	-0.13328
Feedback: 0.68444
Received=	-0.129
Feedback: 0.68161
Received=	-0.011484
Feedback: 0.6038
Received=	0.40288
Feedback: 0.32946
Received=	0.5719
Feedback: 0.21755
Received=	0.53829
Feedback: 0.2398
Received=	-0.18109
Feedback: 0.7161
Received=	0.055724
Feedback: 0.5593
Received=	0.55311
Feedback: 0.22999
Received=	0.1283
Feedback: 0.51125
Received=	0.062136
Feedback: 0.55506
Received=	0.45403
Feedback: 0.29559
Received=	-0.017627
Feedback: 0.60787
Received=	-0.21835
Feedback: 0.74077
Received=	0.072582
Feedback: 0.54814
Received=	0.22058
Feedback: 0.45015
Received=	0.045762
Feedback: 0.5659
Received=	-0.14257
Feedback: 0.69059
Received=	-1.5039e-05
Feedback: 0.59621
Received=	0.30384
Feedback: 0.39503
Received=	-0.22336
Feedback: 0.74408
Received=	-0.60191
Feedback: 0.9
Received=	-0.36141
Feedback: 0.83549
Received=	0.15096
Feedback: 0.49625
Received=	0.2117
Feedback: 0.45604
Received=	0.17281
Feedback: 0.48178
Received=	0.23217
Feedback: 0.44248
Received=	0.096054
Feedback: 0.5326
Received=	0.1629
Feedback: 0.48835
Received=	0.031257
Feedback: 0.5755
Received=	0.031977
Feedback: 0.57503
Received=	-0.081229
Feedback: 0.64998
Received=	0.62258
Feedback: 0.18399
Received=	0.51644
Feedback: 0.25427
Received=	-0.156
Feedback: 0.69949
Received=	-0.36701
Feedback: 0.83919
Calculated range:	[(-2.000000) - (2.000000)]
Success index = (-0.239015)
closing...
