Direction=-1.000000	; step=1.000000;
Received=	0
Feedback: 0.66
Received=	0
Feedback: 0.66
Received=	0
Feedback: 0.66
Received=	-0.15645
Feedback: 0.66
Received=	-0.28884
Feedback: 0.66
Received=	-0.20301
Feedback: 0.66
Received=	-0.22202
Feedback: 0.66
Received=	-0.11091
Feedback: 0.66
Received=	-0.068098
Feedback: 0.66
Received=	0.025156
Feedback: 0.66
Received=	0.16787
Feedback: 0.66
Received=	0.32091
Feedback: 0.66
Received=	0.24188
Feedback: 0.66
Received=	0.21427
Feedback: 0.66
Received=	0.22001
Feedback: 0.66
Received=	0.070294
Feedback: 0.66
Received=	-0.016004
Feedback: 0.66
Received=	0.063674
Feedback: 0.66
Received=	0.022965
Feedback: 0.66
Received=	0.30406
Feedback: 0.66
Received=	0.215
=====  12:8:29 - NF  ============
Feedback: 0.30297
Received=	-0.01949
Feedback: 0.55619
Received=	-0.0053062
Feedback: 0.54087
Received=	-0.18253
Feedback: 0.73224
Received=	-0.18017
Feedback: 0.7297
Received=	-0.12344
Feedback: 0.66843
Received=	-0.22657
Feedback: 0.77981
Received=	-0.072837
Feedback: 0.61379
Received=	-0.012774
Feedback: 0.54894
Received=	-0.19373
Feedback: 0.74435
Received=	-0.1145
Feedback: 0.65879
Received=	-0.13254
Feedback: 0.67826
Received=	-0.10863
Feedback: 0.65245
Received=	-0.16036
Feedback: 0.7083
Received=	-0.13623
Feedback: 0.68225
Received=	0.062515
Feedback: 0.46763
Received=	-0.013153
Feedback: 0.54934
Received=	-0.24003
Feedback: 0.79434
Received=	-0.19807
Feedback: 0.74903
Received=	-0.19153
Feedback: 0.74197
Received=	-0.23985
Feedback: 0.79415
Received=	-0.11573
Feedback: 0.66012
Received=	-0.13829
Feedback: 0.68447
Received=	-0.16646
Feedback: 0.71489
Received=	-0.13121
Feedback: 0.67683
Received=	-0.040179
Feedback: 0.57853
Received=	0.057671
Feedback: 0.47286
Received=	0.031919
Feedback: 0.50067
Received=	-0.023137
Feedback: 0.56013
Received=	0.11171
Feedback: 0.41451
Received=	0.025337
Feedback: 0.50778
Received=	0.0050385
Feedback: 0.5297
Received=	0.15816
Feedback: 0.36435
Received=	0.21867
Feedback: 0.299
Received=	0.36932
Feedback: 0.13633
Received=	0.13763
Feedback: 0.38652
Received=	-0.12579
Feedback: 0.67098
Received=	-0.0065217
Feedback: 0.54218
Received=	-0.023641
Feedback: 0.56067
Received=	-0.10231
Feedback: 0.64562
Received=	-0.014468
Feedback: 0.55076
Received=	0.043792
Feedback: 0.48785
Received=	0.11918
Feedback: 0.40645
Received=	-0.041698
Feedback: 0.58017
Received=	-0.27022
Feedback: 0.82694
Received=	-0.18342
Feedback: 0.73321
Received=	-0.18915
Feedback: 0.73939
Received=	-0.21853
Feedback: 0.77112
Received=	-0.18901
Feedback: 0.73925
Received=	-0.075277
Feedback: 0.61643
Received=	0.153
Feedback: 0.36992
Received=	0.10894
Feedback: 0.4175
Received=	-0.15567
Feedback: 0.70324
Received=	-0.11803
Feedback: 0.66259
Received=	-0.11179
Feedback: 0.65586
Received=	0.082451
Feedback: 0.44611
Received=	0.20277
Feedback: 0.31617
Received=	0.075888
Feedback: 0.45319
Received=	0.021436
Feedback: 0.51199
Received=	-0.0090627
Feedback: 0.54493
Calculated range:	[(-2.000000) - (2.000000)]
Success index = (-0.533523)
Received=	0.10193
=====  12:11:29 - BASE  ============
Feedback: 0.66
Received=	0.41845
Feedback: 0.66
Received=	0.31546
Feedback: 0.66
Received=	0.42793
Feedback: 0.66
Received=	0.36122
Feedback: 0.66
Received=	0.25098
Feedback: 0.66
Received=	0.28752
Feedback: 0.66
Received=	0.27385
Feedback: 0.66
Received=	0.27376
Feedback: 0.66
Received=	0.28945
Feedback: 0.66
Received=	0.49652
Feedback: 0.66
Received=	0.33281
Feedback: 0.66
Received=	0.022049
Feedback: 0.66
Received=	0.10665
Feedback: 0.66
Received=	0.05584
Feedback: 0.66
Received=	-0.076537
Feedback: 0.66
Received=	0.032322
Feedback: 0.66
Received=	0.45782
Feedback: 0.66
Received=	0.54838
Feedback: 0.66
Received=	0.32452
Feedback: 0.66
Received=	0.24772
=====  12:12:29 - NF  ============
Feedback: 0.52048
Received=	0.26945
Feedback: 0.49557
Received=	0.15096
Feedback: 0.63138
Received=	-0.035193
Feedback: 0.84473
Received=	0.1189
Feedback: 0.66812
Received=	0.17582
Feedback: 0.60288
Received=	0.0959
Feedback: 0.69448
Received=	0.061847
Feedback: 0.73351
Received=	-0.039169
Feedback: 0.84929
Received=	-0.13798
Feedback: 0.9
Received=	0.066052
Feedback: 0.72869
Received=	0.28264
Feedback: 0.48045
Received=	0.30581
Feedback: 0.45389
Received=	0.25045
Feedback: 0.51735
Received=	0.11936
Feedback: 0.6676
Received=	0.013705
Feedback: 0.78869
Received=	0.11951
Feedback: 0.66743
Received=	0.011113
Feedback: 0.79166
Received=	-0.010158
Feedback: 0.81604
Received=	0.096311
Feedback: 0.69401
Received=	0.0952
Feedback: 0.69528
Received=	0.28429
Feedback: 0.47856
Received=	0.13141
Feedback: 0.65379
Received=	0.14755
Feedback: 0.63529
Received=	0.014115
Feedback: 0.78822
Received=	-0.073114
Feedback: 0.88819
Received=	0.040781
Feedback: 0.75765
Received=	0.17145
Feedback: 0.60789
Received=	0.2608
Feedback: 0.50549
Received=	0.35564
Feedback: 0.39678
Received=	0.21868
Feedback: 0.55376
Received=	0.06954
Feedback: 0.72469
Received=	-0.16433
Feedback: 0.9
Received=	-0.14649
Feedback: 0.9
Received=	-0.19432
Feedback: 0.9
Received=	0.056552
Feedback: 0.73958
Received=	0.49062
Feedback: 0.24208
Received=	0.45214
Feedback: 0.28618
Received=	0.1699
Feedback: 0.60967
Received=	0.10957
Feedback: 0.67881
Received=	0.23032
Feedback: 0.54042
Received=	0.091627
Feedback: 0.69938
Received=	-0.012033
Feedback: 0.81819
Received=	0.035649
Feedback: 0.76354
Received=	0.058514
Feedback: 0.73733
Received=	0.30014
Feedback: 0.4604
Received=	0.28144
Feedback: 0.48183
Received=	0.25093
Feedback: 0.5168
Received=	0.31112
Feedback: 0.44781
Received=	0.21307
Feedback: 0.56019
Received=	0.1066
Feedback: 0.68222
Received=	0.074005
Feedback: 0.71958
Received=	0.2121
Feedback: 0.5613
Received=	0.2313
Feedback: 0.53929
Received=	0.20799
Feedback: 0.56601
Received=	0.19546
Feedback: 0.58037
Received=	0.20615
Feedback: 0.56812
Received=	0.3687
Feedback: 0.38182
Received=	0.29071
Feedback: 0.4712
Received=	0.17068
Feedback: 0.60877
Calculated range:	[(-2.000000) - (2.000000)]
Success index = (-0.820019)
Received=	0.15164
=====  12:15:29 - BASE  ============
Feedback: 0.66
Received=	0.22173
Feedback: 0.66
Received=	0.38383
Feedback: 0.66
Received=	0.35886
Feedback: 0.66
Received=	0.3135
Feedback: 0.66
Received=	0.41568
Feedback: 0.66
Received=	0.34487
Feedback: 0.66
Received=	0.38449
Feedback: 0.66
Received=	0.4471
Feedback: 0.66
Received=	0.30689
Feedback: 0.66
Received=	0.17341
Feedback: 0.66
Received=	0.24716
Feedback: 0.66
Received=	0.28991
Feedback: 0.66
Received=	0.010444
Feedback: 0.66
Received=	0.031211
Feedback: 0.66
Received=	0.31494
Feedback: 0.66
Received=	0.26307
Feedback: 0.66
Received=	0.18423
Feedback: 0.66
Received=	0.17821
Feedback: 0.66
Received=	0.29728
Feedback: 0.66
Received=	0.46453
=====  12:16:29 - NF  ============
Feedback: 0.18585
Received=	0.37853
Feedback: 0.3282
Received=	0.0026496
Feedback: 0.9
Received=	-0.25526
Feedback: 0.9
Received=	-0.19896
Feedback: 0.9
Received=	0.11214
Feedback: 0.7691
Received=	0.3413
Feedback: 0.38981
Received=	0.11908
Feedback: 0.75761
Received=	0.090973
Feedback: 0.80413
Received=	0.12491
Feedback: 0.74796
Received=	0.12048
Feedback: 0.75529
Received=	0.13985
Feedback: 0.72323
Received=	0.091143
Feedback: 0.80385
Received=	0.16258
Feedback: 0.68561
Received=	0.33223
Feedback: 0.40482
Received=	0.35166
Feedback: 0.37266
Received=	0.28577
Feedback: 0.48172
Received=	0.15678
Feedback: 0.69521
Received=	0.17708
Feedback: 0.66161
Received=	0.20826
Feedback: 0.61001
Received=	0.44414
Feedback: 0.21961
Received=	0.29442
Feedback: 0.4674
Received=	0.12542
Feedback: 0.74712
Received=	0.42366
Feedback: 0.25351
Received=	0.56979
Feedback: 0.1
Received=	0.38341
Feedback: 0.32012
Received=	0.26577
Feedback: 0.51482
Received=	0.2369
Feedback: 0.5626
Received=	0.36951
Feedback: 0.34312
Received=	0.25679
Feedback: 0.52968
Received=	0.34062
Feedback: 0.39094
Received=	0.43486
Feedback: 0.23497
Received=	0.42917
Feedback: 0.24438
Received=	0.50831
Feedback: 0.11339
Received=	0.27017
Feedback: 0.50753
Received=	0.1359
Feedback: 0.72977
Received=	0.42953
Feedback: 0.24379
Received=	0.46451
Feedback: 0.18589
Received=	0.16845
Feedback: 0.6759
Received=	-0.095045
Feedback: 0.9
Received=	-0.042815
Feedback: 0.9
Received=	0.18934
Feedback: 0.64133
Received=	0.30294
Feedback: 0.45331
Received=	0.25122
Feedback: 0.53891
Received=	0.16187
Feedback: 0.68679
Received=	0.074036
Feedback: 0.83216
Received=	0.39334
Feedback: 0.30369
Received=	0.46317
Feedback: 0.18811
Received=	0.13203
Feedback: 0.73617
Received=	-0.0006036
Feedback: 0.9
Received=	-0.042913
Feedback: 0.9
Received=	0.19168
Feedback: 0.63745
Received=	0.22245
Feedback: 0.58652
Received=	0.057116
Feedback: 0.86016
Received=	-0.0071846
Feedback: 0.9
Received=	0.13283
Feedback: 0.73485
Received=	0.12488
Feedback: 0.74801
Received=	0.2945
Feedback: 0.46727
Received=	0.38192
Feedback: 0.32258
Received=	0.31157
Feedback: 0.43902
Calculated range:	[(-2.000000) - (2.000000)]
Success index = (-0.331110)
Received=	0.22397
=====  12:19:29 - BASE  ============
Feedback: 0.66
Received=	0.35279
Feedback: 0.66
Received=	0.51671
Feedback: 0.66
Received=	0.25721
Feedback: 0.66
Received=	0.22977
Feedback: 0.66
Received=	0.47989
Feedback: 0.66
Received=	0.59535
Feedback: 0.66
Received=	0.52939
Feedback: 0.66
Received=	0.48532
Feedback: 0.66
Received=	0.58402
Feedback: 0.66
Received=	0.58874
Feedback: 0.66
Received=	0.73222
Feedback: 0.66
Received=	0.60057
Feedback: 0.66
Received=	0.48542
Feedback: 0.66
Received=	0.32976
Feedback: 0.66
Received=	0.38033
Feedback: 0.66
Received=	0.41425
Feedback: 0.66
Received=	0.53364
Feedback: 0.66
Received=	0.532
Feedback: 0.66
Received=	0.35679
Feedback: 0.66
Received=	0.37874
=====  12:20:29 - NF  ============
Feedback: 0.65493
Received=	0.76783
Feedback: 0.1
Received=	0.3881
Feedback: 0.64054
Received=	-0.10456
Feedback: 0.9
Received=	0.039608
Feedback: 0.9
Received=	0.089772
Feedback: 0.9
Received=	0.25211
Feedback: 0.84958
Received=	0.35033
Feedback: 0.69859
Received=	0.40934
Feedback: 0.60789
Received=	0.43471
Feedback: 0.56888
Received=	0.01166
Feedback: 0.9
Received=	-0.10535
Feedback: 0.9
Received=	0.049082
Feedback: 0.9
Received=	0.12045
Feedback: 0.9
Received=	0.033947
Feedback: 0.9
Received=	-0.20459
Feedback: 0.9
Received=	-0.17952
Feedback: 0.9
Received=	0.11145
Feedback: 0.9
Received=	0.069197
Feedback: 0.9
Received=	0.037784
Feedback: 0.9
Received=	0.05329
Feedback: 0.9
Received=	0.33553
Feedback: 0.72133
Received=	0.31743
Feedback: 0.74916
Received=	0.51422
Feedback: 0.44666
Received=	0.74133
Feedback: 0.1
Received=	0.44902
Feedback: 0.54688
Received=	0.40914
Feedback: 0.60819
Received=	0.49776
Feedback: 0.47197
Received=	0.27596
Feedback: 0.8129
Received=	0.099183
Feedback: 0.9
Received=	0.33188
Feedback: 0.72696
Received=	0.73414
Feedback: 0.10861
Received=	0.46834
Feedback: 0.51719
Received=	0.23519
Feedback: 0.87558
Received=	0.15303
Feedback: 0.9
Received=	0.25235
Feedback: 0.84921
Received=	0.21088
Feedback: 0.9
Received=	0.14271
Feedback: 0.9
Received=	0.066181
Feedback: 0.9
Received=	0.22431
Feedback: 0.8923
Received=	0.72194
Feedback: 0.12736
Received=	0.75051
Feedback: 0.1
Received=	0.6846
Feedback: 0.18475
Received=	0.084928
Feedback: 0.9
Received=	-0.044024
Feedback: 0.9
Received=	0.14207
Feedback: 0.9
Received=	0.43162
Feedback: 0.57363
Received=	0.59764
Feedback: 0.31844
Received=	0.45296
Feedback: 0.54083
Received=	0.24807
Feedback: 0.85578
Received=	0.45842
Feedback: 0.53244
Received=	0.41762
Feedback: 0.59516
Received=	0.087046
Feedback: 0.9
Received=	0.13113
Feedback: 0.9
Received=	0.33907
Feedback: 0.7159
Received=	0.44745
Feedback: 0.54929
Received=	0.61607
Feedback: 0.29011
Received=	0.55807
Feedback: 0.37926
Received=	0.37738
Feedback: 0.65702
Received=	0.46883
Feedback: 0.51644
Calculated range:	[(-2.000000) - (2.000000)]
Success index = (-0.865322)
Received=	0.39599
=====  12:23:29 - BASE  ============
Feedback: 0.66
Received=	0.32012
Feedback: 0.66
Received=	0.17979
Feedback: 0.66
Received=	0.40646
Feedback: 0.66
Received=	0.40473
Feedback: 0.66
Received=	0.25702
Feedback: 0.66
Received=	0.28643
Feedback: 0.66
Received=	0.26193
Feedback: 0.66
Received=	0.58534
Feedback: 0.66
Received=	0.83167
Feedback: 0.66
Received=	0.56179
Feedback: 0.66
Received=	0.15792
Feedback: 0.66
Received=	0.14336
Feedback: 0.66
Received=	0.5741
Feedback: 0.66
Received=	0.45674
Feedback: 0.66
Received=	0.251
Feedback: 0.66
Received=	0.26865
Feedback: 0.66
Received=	0.23979
Feedback: 0.66
Received=	0.25855
Feedback: 0.66
Received=	0.30475
Feedback: 0.66
Received=	0.50635
=====  12:24:29 - NF  ============
Feedback: 0.3367
Received=	0.76083
Feedback: 0.1
Received=	0.54202
Feedback: 0.29764
Received=	0.22756
Feedback: 0.64198
Received=	0.14161
Feedback: 0.7361
Received=	0.1839
Feedback: 0.68979
Received=	0.24452
Feedback: 0.62341
Received=	0.36516
Feedback: 0.49131
Received=	0.49734
Feedback: 0.34657
Received=	0.44536
Feedback: 0.40349
Received=	0.33634
Feedback: 0.52287
Received=	0.34011
Feedback: 0.51874
Received=	0.10086
Feedback: 0.78073
Received=	0.18087
Feedback: 0.69311
Received=	0.29653
Feedback: 0.56646
Received=	0.32249
Feedback: 0.53803
Received=	0.21937
Feedback: 0.65095
Received=	0.26032
Feedback: 0.60611
Received=	0.29445
Feedback: 0.56874
Received=	0.74707
Feedback: 0.1
Received=	0.40968
Feedback: 0.44256
Received=	0.29565
Feedback: 0.56742
Received=	0.29535
Feedback: 0.56775
Received=	0.46631
Feedback: 0.38055
Received=	0.61665
Feedback: 0.21592
Received=	0.5933
Feedback: 0.24149
Received=	0.49232
Feedback: 0.35206
Received=	0.43411
Feedback: 0.41581
Received=	0.36429
Feedback: 0.49226
Received=	0.56898
Feedback: 0.26812
Received=	0.55037
Feedback: 0.2885
Received=	0.57064
Feedback: 0.2663
Received=	0.42235
Feedback: 0.42868
Received=	0.46643
Feedback: 0.38041
Received=	0.50597
Feedback: 0.33712
Received=	0.41463
Feedback: 0.43714
Received=	0.63344
Feedback: 0.19753
Received=	0.74031
Feedback: 0.1
Received=	0.54605
Feedback: 0.29322
Received=	0.2821
Feedback: 0.58227
Received=	0.11313
Feedback: 0.76729
Received=	0.24177
Feedback: 0.62642
Received=	0.033834
Feedback: 0.85412
Received=	0.24213
Feedback: 0.62603
Received=	0.34301
Feedback: 0.51556
Received=	0.37086
Feedback: 0.48506
Received=	0.56812
Feedback: 0.26906
Received=	0.63323
Feedback: 0.19777
Received=	0.60793
Feedback: 0.22547
Received=	0.49798
Feedback: 0.34586
Received=	0.6189
Feedback: 0.21345
Received=	0.47238
Feedback: 0.3739
Received=	0.33404
Feedback: 0.52539
Received=	0.50263
Feedback: 0.34078
Received=	0.60527
Feedback: 0.22839
Received=	0.26484
Feedback: 0.60116
Received=	0.6014
Feedback: 0.23262
Received=	0.72323
Feedback: 0.1
Received=	0.47786
Feedback: 0.3679
Received=	0.19953
Feedback: 0.67268
Calculated range:	[(-2.000000) - (2.000000)]
Success index = (0.348304)
closing...
