Direction=-1.000000	; step=1.000000;
Received=	0
Feedback: 0.66
Received=	0
Feedback: 0.66
Received=	0
Feedback: 0.66
Received=	-0.064033
Feedback: 0.66
Received=	-0.036702
Feedback: 0.66
Received=	0.16153
Feedback: 0.66
Received=	0.23657
Feedback: 0.66
Received=	0.1388
Feedback: 0.66
Received=	0.068586
Feedback: 0.66
Received=	-0.055715
Feedback: 0.66
Received=	0.52414
Feedback: 0.66
Received=	0.59966
Feedback: 0.66
Received=	0.49689
Feedback: 0.66
Received=	0.074433
Feedback: 0.66
Received=	-0.32603
Feedback: 0.66
Received=	-0.46327
Feedback: 0.66
Received=	-0.29163
Feedback: 0.66
Received=	-0.029212
Feedback: 0.66
Received=	0.070486
Feedback: 0.66
Received=	0.21779
Feedback: 0.66
Received=	0.34467
=====  13:11:31 - NF  ============
Feedback: 0.30847
Received=	0.15962
Feedback: 0.43915
Received=	0.13779
Feedback: 0.45457
Received=	0.39528
Feedback: 0.27272
Received=	0.55427
Feedback: 0.16044
Received=	0.59589
Feedback: 0.13105
Received=	0.90943
Feedback: 0.1
Received=	0.36189
Feedback: 0.29631
Received=	0.43337
Feedback: 0.24582
Received=	0.29549
Feedback: 0.3432
Received=	0.35197
Feedback: 0.30331
Received=	0.63187
Feedback: 0.10564
Received=	0.61356
Feedback: 0.11857
Received=	0.40496
Feedback: 0.26589
Received=	0.49453
Feedback: 0.20263
Received=	0.76272
Feedback: 0.1
Received=	0.57687
Feedback: 0.14448
Received=	0.24993
Feedback: 0.37537
Received=	0.39789
Feedback: 0.27088
Received=	0.23929
Feedback: 0.38289
Received=	0.35127
Feedback: 0.30381
Received=	0.51901
Feedback: 0.18534
Received=	0.38882
Feedback: 0.27728
Received=	0.3868
Feedback: 0.27872
Received=	0.48688
Feedback: 0.20803
Received=	-0.088554
Feedback: 0.61442
Received=	0.42062
Feedback: 0.25483
Received=	0.50514
Feedback: 0.19514
Received=	0.19727
Feedback: 0.41256
Received=	0.93982
Feedback: 0.1
Received=	0.59723
Feedback: 0.1301
Received=	0.18462
Feedback: 0.4215
Received=	0.15752
Feedback: 0.44063
Received=	0.68339
Feedback: 0.1
Received=	0.54609
Feedback: 0.16622
Received=	0.29241
Feedback: 0.34537
Received=	0.5614
Feedback: 0.1554
Received=	0.36815
Feedback: 0.29189
Received=	0.29424
Feedback: 0.34408
Received=	0.21639
Feedback: 0.39906
Received=	0.84864
Feedback: 0.1
Received=	0.46705
Feedback: 0.22204
Received=	0.37776
Feedback: 0.2851
Received=	0.54307
Feedback: 0.16835
Received=	0.44929
Feedback: 0.23458
Received=	0.072976
Feedback: 0.50034
Received=	0.4105
Feedback: 0.26197
Received=	0.62149
Feedback: 0.11297
Received=	0.3992
Feedback: 0.26996
Received=	0.64786
Feedback: 0.1
Received=	0.82989
Feedback: 0.1
Received=	0.47005
Feedback: 0.21992
Received=	0.50708
Feedback: 0.19377
Received=	0.52172
Feedback: 0.18343
Received=	0.78312
Feedback: 0.1
Received=	0.81715
Feedback: 0.1
Received=	0.039816
Feedback: 0.52376
Received=	0.038865
Feedback: 0.52443
Received=	0.57502
Feedback: 0.14579
Received=	0.62053
Feedback: 0.11365
Calculated range:	[(-2.000000) - (2.000000)]
Success index = (1.593502)
Received=	-0.10657
=====  13:14:31 - BASE  ============
Feedback: 0.66
Received=	-0.19769
Feedback: 0.66
Received=	-0.019491
Feedback: 0.66
Received=	0.12116
Feedback: 0.66
Received=	0.3481
Feedback: 0.66
Received=	0.39663
Feedback: 0.66
Received=	0.18538
Feedback: 0.66
Received=	-0.043533
Feedback: 0.66
Received=	-0.16411
Feedback: 0.66
Received=	-0.061186
Feedback: 0.66
Received=	-0.016216
Feedback: 0.66
Received=	-0.013897
Feedback: 0.66
Received=	0.13704
Feedback: 0.66
Received=	0.0013323
Feedback: 0.66
Received=	-0.3514
Feedback: 0.66
Received=	0.065015
Feedback: 0.66
Received=	0.076537
Feedback: 0.66
Received=	0.18671
Feedback: 0.66
Received=	0.15818
Feedback: 0.66
Received=	0.079262
Feedback: 0.66
Received=	0.1355
=====  13:15:31 - NF  ============
Feedback: 0.41351
Received=	0.20223
Feedback: 0.33676
Received=	-0.0061685
Feedback: 0.57646
Received=	0.16923
Feedback: 0.37471
Received=	0.21624
Feedback: 0.32064
Received=	0.23146
Feedback: 0.30313
Received=	0.17036
Feedback: 0.37341
Received=	0.0059249
Feedback: 0.56255
Received=	0.3446
Feedback: 0.173
Received=	0.20532
Feedback: 0.3332
Received=	0.17133
Feedback: 0.3723
Received=	0.46628
Feedback: 0.1
Received=	0.4039
Feedback: 0.10479
Received=	0.38321
Feedback: 0.1286
Received=	0.50388
Feedback: 0.1
Received=	0.33206
Feedback: 0.18742
Received=	0.70072
Feedback: 0.1
Received=	0.62819
Feedback: 0.1
Received=	0.26512
Feedback: 0.26442
Received=	0.4039
Feedback: 0.10479
Received=	0.45562
Feedback: 0.1
Received=	0.7697
Feedback: 0.1
Received=	0.91642
Feedback: 0.1
Received=	0.79462
Feedback: 0.1
Received=	0.6597
Feedback: 0.1
Received=	0.40514
Feedback: 0.10337
Received=	1.1412
Feedback: 0.1
Received=	1.1099
Feedback: 0.1
Received=	0.42972
Feedback: 0.1
Received=	0.43314
Feedback: 0.1
Received=	0.62486
Feedback: 0.1
Received=	0.98261
Feedback: 0.1
Received=	0.95233
Feedback: 0.1
Received=	0.24347
Feedback: 0.28932
Received=	0.64988
Feedback: 0.1
Received=	0.89056
Feedback: 0.1
Received=	1.0344
Feedback: 0.1
Received=	0.39558
Feedback: 0.11436
Received=	0.37573
Feedback: 0.1372
Received=	0.54639
Feedback: 0.1
Received=	0.8686
Feedback: 0.1
Received=	0.39735
Feedback: 0.11233
Received=	0.42336
Feedback: 0.1
Received=	0.76826
Feedback: 0.1
Received=	0.85278
Feedback: 0.1
Received=	0.79652
Feedback: 0.1
Received=	0.30459
Feedback: 0.21902
Received=	0.61278
Feedback: 0.1
Received=	0.45308
Feedback: 0.1
Received=	0.28544
Feedback: 0.24105
Received=	0.61691
Feedback: 0.1
Received=	0.42192
Feedback: 0.1
Received=	0.24642
Feedback: 0.28593
Received=	0.39703
Feedback: 0.1127
Received=	0.40034
Feedback: 0.10889
Received=	0.33199
Feedback: 0.1875
Received=	0.66057
Feedback: 0.1
Received=	0.9178
Feedback: 0.1
Received=	0.76347
Feedback: 0.1
Received=	0.65794
Feedback: 0.1
Calculated range:	[(-2.000000) - (2.000000)]
Success index = (1.784456)
Received=	0.41067
=====  13:18:31 - BASE  ============
Feedback: 0.66
Received=	0.033441
Feedback: 0.66
Received=	0.13026
Feedback: 0.66
Received=	0.42567
Feedback: 0.66
Received=	0.46724
Feedback: 0.66
Received=	0.37155
Feedback: 0.66
Received=	0.10274
Feedback: 0.66
Received=	-0.15408
Feedback: 0.66
Received=	-0.31727
Feedback: 0.66
Received=	-0.14488
Feedback: 0.66
Received=	0.15958
Feedback: 0.66
Received=	0.4415
Feedback: 0.66
Received=	0.28056
Feedback: 0.66
Received=	0.10745
Feedback: 0.66
Received=	0.24898
Feedback: 0.66
Received=	0.11952
Feedback: 0.66
Received=	0.12911
Feedback: 0.66
Received=	-0.21544
Feedback: 0.66
Received=	-0.1682
Feedback: 0.66
Received=	0.15368
Feedback: 0.66
Received=	0.17261
=====  13:19:31 - NF  ============
Feedback: 0.45465
Received=	0.048341
Feedback: 0.55933
Received=	0.09241
Feedback: 0.52221
Received=	0.55368
Feedback: 0.13368
Received=	0.54844
Feedback: 0.13809
Received=	0.60626
Feedback: 0.1
Received=	0.31776
Feedback: 0.33239
Received=	0.3115
Feedback: 0.33767
Received=	0.94904
Feedback: 0.1
Received=	0.86076
Feedback: 0.1
Received=	0.60028
Feedback: 0.1
Received=	0.63979
Feedback: 0.1
Received=	0.53675
Feedback: 0.14794
Received=	0.058037
Feedback: 0.55116
Received=	0.26013
Feedback: 0.38094
Received=	0.55805
Feedback: 0.13
Received=	0.29824
Feedback: 0.34884
Received=	0.59133
Feedback: 0.10197
Received=	0.82693
Feedback: 0.1
Received=	1.0812
Feedback: 0.1
Received=	0.82614
Feedback: 0.1
Received=	0.79196
Feedback: 0.1
Received=	0.40922
Feedback: 0.25536
Received=	0.3658
Feedback: 0.29193
Received=	0.23875
Feedback: 0.39895
Received=	0.89045
Feedback: 0.1
Received=	0.38742
Feedback: 0.27372
Received=	0.72285
Feedback: 0.1
Received=	0.77386
Feedback: 0.1
Received=	0.78079
Feedback: 0.1
Received=	0.50212
Feedback: 0.17711
Received=	0.4814
Feedback: 0.19456
Received=	0.75292
Feedback: 0.1
Received=	0.70634
Feedback: 0.1
Received=	0.27171
Feedback: 0.37119
Received=	0.66218
Feedback: 0.1
Received=	1.0734
Feedback: 0.1
Received=	0.82943
Feedback: 0.1
Received=	0.85167
Feedback: 0.1
Received=	1.0601
Feedback: 0.1
Received=	1.2558
Feedback: 0.1
Received=	0.90702
Feedback: 0.1
Received=	0.70676
Feedback: 0.1
Received=	0.75961
Feedback: 0.1
Received=	0.57587
Feedback: 0.11498
Received=	0.93834
Feedback: 0.1
Received=	0.64463
Feedback: 0.1
Received=	0.47163
Feedback: 0.20279
Received=	0.89563
Feedback: 0.1
Received=	0.87979
Feedback: 0.1
Received=	0.3917
Feedback: 0.27011
Received=	0.381
Feedback: 0.27913
Received=	0.73733
Feedback: 0.1
Received=	0.45905
Feedback: 0.21338
Received=	0.13214
Feedback: 0.48874
Received=	0.44834
Feedback: 0.22241
Received=	0.69692
Feedback: 0.1
Received=	0.59445
Feedback: 0.1
Received=	0.76963
Feedback: 0.1
Received=	0.85206
Feedback: 0.1
Calculated range:	[(-2.000000) - (2.000000)]
Success index = (1.857153)
Received=	0.38501
=====  13:22:31 - BASE  ============
Feedback: 0.66
Received=	-0.1637
Feedback: 0.66
Received=	-0.21464
Feedback: 0.66
Received=	0.071853
Feedback: 0.66
Received=	0.20854
Feedback: 0.66
Received=	-0.076009
Feedback: 0.66
Received=	-0.18587
Feedback: 0.66
Received=	-0.20173
Feedback: 0.66
Received=	-0.056119
Feedback: 0.66
Received=	0.13108
Feedback: 0.66
Received=	-0.049911
Feedback: 0.66
Received=	-0.2918
Feedback: 0.66
Received=	0.041936
Feedback: 0.66
Received=	0.16406
Feedback: 0.66
Received=	0.26838
Feedback: 0.66
Received=	0.076322
Feedback: 0.66
Received=	-0.12012
Feedback: 0.66
Received=	-0.19069
Feedback: 0.66
Received=	-0.1396
Feedback: 0.66
Received=	0.00035918
Feedback: 0.66
Received=	0.34765
=====  13:23:31 - NF  ============
Feedback: 0.1
Received=	0.30484
Feedback: 0.1
Received=	-0.016206
Feedback: 0.48126
Received=	-0.25267
Feedback: 0.77428
Received=	-0.097112
Feedback: 0.58151
Received=	0.46806
Feedback: 0.1
Received=	0.54563
Feedback: 0.1
Received=	0.36944
Feedback: 0.1
Received=	0.42758
Feedback: 0.1
Received=	0.48585
Feedback: 0.1
Received=	0.43961
Feedback: 0.1
Received=	0.56929
Feedback: 0.1
Received=	0.35781
Feedback: 0.1
Received=	0.28067
Feedback: 0.11339
Received=	0.24543
Feedback: 0.15705
Received=	0.46138
Feedback: 0.1
Received=	0.75515
Feedback: 0.1
Received=	0.32496
Feedback: 0.1
Received=	0.23214
Feedback: 0.17352
Received=	0.77952
Feedback: 0.1
Received=	0.81625
Feedback: 0.1
Received=	0.31164
Feedback: 0.1
Received=	0.67249
Feedback: 0.1
Received=	0.54307
Feedback: 0.1
Received=	0.23741
Feedback: 0.16698
Received=	0.35448
Feedback: 0.1
Received=	0.026573
Feedback: 0.42825
Received=	0.44896
Feedback: 0.1
Received=	0.73337
Feedback: 0.1
Received=	0.33283
Feedback: 0.1
Received=	0.027461
Feedback: 0.42715
Received=	0.27664
Feedback: 0.11838
Received=	0.35312
Feedback: 0.1
Received=	0.31826
Feedback: 0.1
Received=	0.1736
Feedback: 0.24606
Received=	0.058144
Feedback: 0.38913
Received=	0.23192
Feedback: 0.17379
Received=	0.99508
Feedback: 0.1
Received=	0.67196
Feedback: 0.1
Received=	0.39145
Feedback: 0.1
Received=	0.035311
Feedback: 0.41742
Received=	0.52401
Feedback: 0.1
Received=	0.80679
Feedback: 0.1
Received=	0.72754
Feedback: 0.1
Received=	0.67756
Feedback: 0.1
Received=	0.82506
Feedback: 0.1
Received=	0.51536
Feedback: 0.1
Received=	0.37227
Feedback: 0.1
Received=	0.25329
Feedback: 0.14732
Received=	0.62493
Feedback: 0.1
Received=	0.76316
Feedback: 0.1
Received=	0.27195
Feedback: 0.12419
Received=	0.06938
Feedback: 0.3752
Received=	0.39843
Feedback: 0.1
Received=	0.49997
Feedback: 0.1
Received=	0.26766
Feedback: 0.12951
Received=	0.4995
Feedback: 0.1
Received=	0.75178
Feedback: 0.1
Received=	0.60854
Feedback: 0.1
Received=	0.68821
Feedback: 0.1
Calculated range:	[(-2.000000) - (2.000000)]
Success index = (1.917846)
Received=	0.26244
=====  13:26:31 - BASE  ============
Feedback: 0.66
Received=	-0.18742
Feedback: 0.66
Received=	-0.072654
Feedback: 0.66
Received=	0.59291
Feedback: 0.66
Received=	0.50287
Feedback: 0.66
Received=	0.39488
Feedback: 0.66
Received=	0.25691
Feedback: 0.66
Received=	0.30134
Feedback: 0.66
Received=	0.0649
Feedback: 0.66
Received=	-0.22733
Feedback: 0.66
Received=	-0.33927
Feedback: 0.66
Received=	-0.060591
Feedback: 0.66
Received=	0.33309
Feedback: 0.66
Received=	0.19817
Feedback: 0.66
Received=	0.11987
Feedback: 0.66
Received=	0.063571
Feedback: 0.66
Received=	0.20848
Feedback: 0.66
Received=	0.21949
Feedback: 0.66
Received=	0.25682
Feedback: 0.66
Received=	0.41595
Feedback: 0.66
Received=	0.36583
=====  13:27:31 - NF  ============
Feedback: 0.34756
Received=	0.2838
Feedback: 0.41464
Received=	0.031043
Feedback: 0.62132
Received=	0.42252
Feedback: 0.30121
Received=	1.3161
Feedback: 0.1
Received=	1.0684
Feedback: 0.1
Received=	0.41127
Feedback: 0.31041
Received=	0.90197
Feedback: 0.1
Received=	1.2279
Feedback: 0.1
Received=	0.59566
Feedback: 0.15963
Received=	0.51023
Feedback: 0.22948
Received=	0.86472
Feedback: 0.1
Received=	0.40684
Feedback: 0.31403
Received=	0.58066
Feedback: 0.17189
Received=	0.49933
Feedback: 0.2384
Received=	0.90549
Feedback: 0.1
Received=	1.0061
Feedback: 0.1
Received=	1.0075
Feedback: 0.1
Received=	0.43272
Feedback: 0.29286
Received=	0.97537
Feedback: 0.1
Received=	0.48235
Feedback: 0.25228
Received=	0.39342
Feedback: 0.325
Received=	0.88825
Feedback: 0.1
Received=	1.1741
Feedback: 0.1
Received=	0.60088
Feedback: 0.15536
Received=	0.75097
Feedback: 0.1
Received=	0.43582
Feedback: 0.29033
Received=	0.96909
Feedback: 0.1
Received=	0.98954
Feedback: 0.1
Received=	0.72944
Feedback: 0.1
Received=	0.89372
Feedback: 0.1
Received=	0.70316
Feedback: 0.1
Received=	0.71353
Feedback: 0.1
Received=	0.62267
Feedback: 0.13754
Received=	1.0732
Feedback: 0.1
Received=	1.1184
Feedback: 0.1
Received=	0.77669
Feedback: 0.1
Received=	0.63639
Feedback: 0.12632
Received=	0.90148
Feedback: 0.1
Received=	0.62191
Feedback: 0.13816
Received=	0.45331
Feedback: 0.27603
Received=	0.85581
Feedback: 0.1
Received=	0.84777
Feedback: 0.1
Received=	0.6904
Feedback: 0.1
Received=	0.7727
Feedback: 0.1
Received=	0.40095
Feedback: 0.31884
Received=	0.72171
Feedback: 0.1
Received=	1.0964
Feedback: 0.1
Received=	0.91479
Feedback: 0.1
Received=	0.92655
Feedback: 0.1
Received=	1.1313
Feedback: 0.1
Received=	0.86812
Feedback: 0.1
Received=	0.74772
Feedback: 0.1
Received=	0.85737
Feedback: 0.1
Received=	0.74207
Feedback: 0.1
Received=	0.47313
Feedback: 0.25982
Received=	1.0837
Feedback: 0.1
Received=	0.78122
Feedback: 0.1
Received=	0.29243
Feedback: 0.40758
Received=	0.64515
Feedback: 0.11916
Calculated range:	[(-2.000000) - (2.000000)]
Success index = (2.127306)
closing...
