Direction=-1.000000	; step=1.000000;
Received=	0
Feedback: 0.66
Received=	0
Feedback: 0.66
Received=	0
Feedback: 0.66
Received=	0.2392
Feedback: 0.66
Received=	-0.20793
Feedback: 0.66
Received=	-0.026246
Feedback: 0.66
Received=	-0.066593
Feedback: 0.66
Received=	-0.033905
Feedback: 0.66
Received=	-0.16114
Feedback: 0.66
Received=	-0.17025
Feedback: 0.66
Received=	0.24825
Feedback: 0.66
Received=	0.20388
Feedback: 0.66
Received=	-0.1105
Feedback: 0.66
Received=	-0.35055
Feedback: 0.66
Received=	-0.10924
Feedback: 0.66
Received=	-0.13126
Feedback: 0.66
Received=	-0.26303
Feedback: 0.66
Received=	-0.36647
Feedback: 0.66
Received=	-0.4404
Feedback: 0.66
Received=	-0.4305
Feedback: 0.66
Received=	-0.32802
=====  12:20:26 - NF  ============
Feedback: 0.69737
Received=	-0.34927
Feedback: 0.71762
Received=	-0.11474
Feedback: 0.4941
Received=	-0.046375
Feedback: 0.42895
Received=	-0.042811
Feedback: 0.42555
Received=	-0.13811
Feedback: 0.51638
Received=	-0.14095
Feedback: 0.51909
Received=	-0.14605
Feedback: 0.52394
Received=	-0.0010371
Feedback: 0.38574
Received=	-0.0015999
Feedback: 0.38628
Received=	-0.21569
Feedback: 0.59032
Received=	-0.0079523
Feedback: 0.39233
Received=	-0.030549
Feedback: 0.41387
Received=	-0.020462
Feedback: 0.40425
Received=	-0.044917
Feedback: 0.42756
Received=	-0.047279
Feedback: 0.42981
Received=	0.13956
Feedback: 0.25174
Received=	0.29438
Feedback: 0.1042
Received=	0.16079
Feedback: 0.23152
Received=	0.56675
Feedback: 0.1
Received=	0.33981
Feedback: 0.1
Received=	0.028033
Feedback: 0.35804
Received=	-0.20178
Feedback: 0.57706
Received=	-0.096053
Feedback: 0.4763
Received=	-0.052615
Feedback: 0.4349
Received=	0.068244
Feedback: 0.31971
Received=	-0.047823
Feedback: 0.43033
Received=	-0.13873
Feedback: 0.51696
Received=	0.0026589
Feedback: 0.38222
Received=	-0.015031
Feedback: 0.39908
Received=	0.090406
Feedback: 0.29859
Received=	0.070152
Feedback: 0.3179
Received=	0.056072
Feedback: 0.33132
Received=	-0.070846
Feedback: 0.45227
Received=	-0.22798
Feedback: 0.60203
Received=	-0.15565
Feedback: 0.53309
Received=	0.1723
Feedback: 0.22054
Received=	0.026754
Feedback: 0.35926
Received=	-0.088837
Feedback: 0.46942
Received=	0.013601
Feedback: 0.37179
Received=	-0.12517
Feedback: 0.50405
Received=	-0.26172
Feedback: 0.63418
Received=	-0.075018
Feedback: 0.45625
Received=	0.01674
Feedback: 0.3688
Received=	0.0063816
Feedback: 0.37867
Received=	-0.36234
Feedback: 0.73008
Received=	-0.39438
Feedback: 0.76061
Received=	-0.12999
Feedback: 0.50863
Received=	-0.010558
Feedback: 0.39482
Received=	0.36712
Feedback: 0.1
Received=	0.40059
Feedback: 0.1
Received=	0.27938
Feedback: 0.1185
Received=	-0.08011
Feedback: 0.4611
Received=	-0.049646
Feedback: 0.43207
Received=	-0.064395
Feedback: 0.44612
Received=	-0.086225
Feedback: 0.46693
Received=	-0.24704
Feedback: 0.62019
Received=	-0.32166
Feedback: 0.69131
Received=	-0.13175
Feedback: 0.51031
Received=	-0.13835
Feedback: 0.51661
Calculated range:	[(-2.000000) - (2.000000)]
Success index = (0.443203)
Received=	-0.018546
=====  12:23:26 - BASE  ============
Feedback: 0.66
Received=	0.10256
Feedback: 0.66
Received=	0.012104
Feedback: 0.66
Received=	-0.13637
Feedback: 0.66
Received=	-0.26687
Feedback: 0.66
Received=	-0.26009
Feedback: 0.66
Received=	0.058666
Feedback: 0.66
Received=	-0.09628
Feedback: 0.66
Received=	0.14591
Feedback: 0.66
Received=	0.0055922
Feedback: 0.66
Received=	-0.55212
Feedback: 0.66
Received=	-0.64226
Feedback: 0.66
Received=	-0.36269
Feedback: 0.66
Received=	-0.1542
Feedback: 0.66
Received=	0.22246
Feedback: 0.66
Received=	0.17507
Feedback: 0.66
Received=	0.012216
Feedback: 0.66
Received=	0.051944
Feedback: 0.66
Received=	0.12398
Feedback: 0.66
Received=	0.094075
Feedback: 0.66
Received=	-0.057481
=====  12:24:26 - NF  ============
Feedback: 0.47594
Received=	-0.054129
Feedback: 0.47322
Received=	-0.0018489
Feedback: 0.43084
Received=	-0.18267
Feedback: 0.57743
Received=	-0.27699
Feedback: 0.65389
Received=	-0.26214
Feedback: 0.64184
Received=	0.026549
Feedback: 0.40782
Received=	0.060837
Feedback: 0.38003
Received=	-0.060563
Feedback: 0.47844
Received=	0.0047172
Feedback: 0.42552
Received=	0.098815
Feedback: 0.34924
Received=	-0.087872
Feedback: 0.50058
Received=	-0.092721
Feedback: 0.50451
Received=	0.04179
Feedback: 0.39547
Received=	0.07925
Feedback: 0.3651
Received=	0.14664
Feedback: 0.31047
Received=	0.14094
Feedback: 0.31509
Received=	0.40119
Feedback: 0.10412
Received=	-0.21822
Feedback: 0.60625
Received=	-0.29241
Feedback: 0.66639
Received=	0.020377
Feedback: 0.41283
Received=	-0.18597
Feedback: 0.5801
Received=	0.12276
Feedback: 0.32983
Received=	0.091074
Feedback: 0.35552
Received=	-0.10259
Feedback: 0.51251
Received=	-0.32765
Feedback: 0.69495
Received=	-0.4255
Feedback: 0.77428
Received=	-0.089326
Feedback: 0.50176
Received=	-0.15829
Feedback: 0.55767
Received=	0.083653
Feedback: 0.36153
Received=	0.15388
Feedback: 0.30461
Received=	0.19465
Feedback: 0.27155
Received=	-0.10255
Feedback: 0.51248
Received=	0.052972
Feedback: 0.3864
Received=	0.028949
Feedback: 0.40588
Received=	-0.10348
Feedback: 0.51323
Received=	-0.15262
Feedback: 0.55307
Received=	-0.15597
Feedback: 0.55578
Received=	-0.18593
Feedback: 0.58007
Received=	-0.011427
Feedback: 0.43861
Received=	0.13318
Feedback: 0.32138
Received=	-0.1345
Feedback: 0.53838
Received=	-0.39413
Feedback: 0.74885
Received=	-0.33671
Feedback: 0.7023
Received=	-0.20305
Feedback: 0.59395
Received=	0.088669
Feedback: 0.35747
Received=	0.15578
Feedback: 0.30306
Received=	0.039726
Feedback: 0.39714
Received=	0.39377
Feedback: 0.11014
Received=	0.091112
Feedback: 0.35548
Received=	0.1451
Feedback: 0.31172
Received=	0.28147
Feedback: 0.20117
Received=	0.17092
Feedback: 0.29079
Received=	0.27609
Feedback: 0.20553
Received=	0.2994
Feedback: 0.18664
Received=	0.31789
Feedback: 0.17165
Received=	0.1597
Feedback: 0.29989
Received=	0.18783
Feedback: 0.27708
Received=	0.1731
Feedback: 0.28902
Received=	0.81224
Feedback: 0.1
Calculated range:	[(-2.000000) - (2.000000)]
Success index = (0.448525)
Received=	0.75756
=====  12:27:26 - BASE  ============
Feedback: 0.66
Received=	0.18862
Feedback: 0.66
Received=	-0.10985
Feedback: 0.66
Received=	0.074585
Feedback: 0.66
Received=	-0.055306
Feedback: 0.66
Received=	0.038728
Feedback: 0.66
Received=	0.52573
Feedback: 0.66
Received=	0.58792
Feedback: 0.66
Received=	0.012595
Feedback: 0.66
Received=	-0.13693
Feedback: 0.66
Received=	0.84051
Feedback: 0.66
Received=	1.4113
Feedback: 0.66
Received=	1.1146
Feedback: 0.66
Received=	0.80441
Feedback: 0.66
Received=	0.45894
Feedback: 0.66
Received=	1.1719
Feedback: 0.66
Received=	0.65313
Feedback: 0.66
Received=	1.2955
Feedback: 0.66
Received=	0.96746
Feedback: 0.66
Received=	0.36081
Feedback: 0.66
Received=	0.060048
=====  12:28:26 - NF  ============
Feedback: 0.69443
Received=	0.32807
Feedback: 0.58945
Received=	0.24656
Feedback: 0.62138
Received=	-0.11996
Feedback: 0.76494
Received=	-0.14133
Feedback: 0.77331
Received=	0.27618
Feedback: 0.60978
Received=	0.27649
Feedback: 0.60966
Received=	0.60023
Feedback: 0.48285
Received=	0.5044
Feedback: 0.52039
Received=	0.36985
Feedback: 0.57309
Received=	0.41824
Feedback: 0.55413
Received=	0.70566
Feedback: 0.44155
Received=	0.46883
Feedback: 0.53432
Received=	0.39125
Feedback: 0.56471
Received=	-0.00088657
Feedback: 0.7183
Received=	0.27749
Feedback: 0.60926
Received=	0.21809
Feedback: 0.63253
Received=	0.026835
Feedback: 0.70744
Received=	-0.10668
Feedback: 0.75974
Received=	-0.029603
Feedback: 0.72955
Received=	-0.027282
Feedback: 0.72864
Received=	0.17149
Feedback: 0.65078
Received=	0.19824
Feedback: 0.6403
Received=	-0.028214
Feedback: 0.729
Received=	-0.14382
Feedback: 0.77428
Received=	0.30205
Feedback: 0.59964
Received=	0.419
Feedback: 0.55383
Received=	0.28615
Feedback: 0.60587
Received=	0.31919
Feedback: 0.59293
Received=	0.36345
Feedback: 0.57559
Received=	-0.0049817
Feedback: 0.7199
Received=	-0.061289
Feedback: 0.74196
Received=	0.088441
Feedback: 0.68331
Received=	0.4048
Feedback: 0.5594
Received=	0.26055
Feedback: 0.6159
Received=	0.33891
Feedback: 0.58521
Received=	0.24753
Feedback: 0.621
Received=	0.37527
Feedback: 0.57096
Received=	0.42092
Feedback: 0.55308
Received=	0.23037
Feedback: 0.62772
Received=	0.32908
Feedback: 0.58906
Received=	0.38561
Feedback: 0.56691
Received=	0.13797
Feedback: 0.66391
Received=	-0.062928
Feedback: 0.7426
Received=	0.044811
Feedback: 0.7004
Received=	-0.041067
Feedback: 0.73404
Received=	0.13185
Feedback: 0.66631
Received=	-0.011774
Feedback: 0.72256
Received=	-0.052563
Feedback: 0.73854
Received=	0.015861
Feedback: 0.71174
Received=	0.26993
Feedback: 0.61222
Received=	0.10698
Feedback: 0.67605
Received=	0.10925
Feedback: 0.67516
Received=	0.25475
Feedback: 0.61817
Received=	0.38456
Feedback: 0.56732
Received=	-0.013177
Feedback: 0.72311
Received=	0.063362
Feedback: 0.69313
Received=	0.30145
Feedback: 0.59988
Received=	0.21745
Feedback: 0.63278
Received=	0.03403
Feedback: 0.70462
Calculated range:	[(-2.350777) - (1.649223)]
Success index = (-1.350777)
Received=	0.11476
=====  12:31:26 - BASE  ============
Feedback: 0.66
Received=	-0.044996
Feedback: 0.66
Received=	0.052928
Feedback: 0.66
Received=	0.18172
Feedback: 0.66
Received=	0.12224
Feedback: 0.66
Received=	-0.063461
Feedback: 0.66
Received=	0.11946
Feedback: 0.66
Received=	0.32764
Feedback: 0.66
Received=	0.33366
Feedback: 0.66
Received=	0.5691
Feedback: 0.66
Received=	0.55254
Feedback: 0.66
Received=	0.69131
Feedback: 0.66
Received=	0.31621
Feedback: 0.66
Received=	0.35431
Feedback: 0.66
Received=	-0.0028376
Feedback: 0.66
Received=	-0.22167
Feedback: 0.66
Received=	0.044781
Feedback: 0.66
Received=	0.5098
Feedback: 0.66
Received=	0.31956
Feedback: 0.66
Received=	0.54933
Feedback: 0.66
Received=	0.39218
=====  12:32:26 - NF  ============
Feedback: 0.32826
Received=	0.6039
Feedback: 0.16013
Received=	0.41261
Feedback: 0.31203
Received=	0.17489
Feedback: 0.50081
Received=	0.31233
Feedback: 0.39167
Received=	0.70241
Feedback: 0.1
Received=	0.62876
Feedback: 0.14039
Received=	0.49606
Feedback: 0.24576
Received=	0.16721
Feedback: 0.50691
Received=	-0.043637
Feedback: 0.67435
Received=	0.47433
Feedback: 0.26303
Received=	0.36475
Feedback: 0.35004
Received=	0.031055
Feedback: 0.61503
Received=	0.17184
Feedback: 0.50324
Received=	-0.06172
Feedback: 0.68871
Received=	0.28046
Feedback: 0.41698
Received=	0.044783
Feedback: 0.60413
Received=	0.31275
Feedback: 0.39133
Received=	0.34223
Feedback: 0.36792
Received=	0.094423
Feedback: 0.56471
Received=	0.27257
Feedback: 0.42324
Received=	0.17419
Feedback: 0.50137
Received=	0.21378
Feedback: 0.46993
Received=	0.32073
Feedback: 0.385
Received=	-0.052196
Feedback: 0.68114
Received=	0.15804
Feedback: 0.51419
Received=	0.21603
Feedback: 0.46814
Received=	0.019022
Feedback: 0.62459
Received=	0.13394
Feedback: 0.53333
Received=	0.42472
Feedback: 0.30242
Received=	0.14752
Feedback: 0.52255
Received=	0.096897
Feedback: 0.56275
Received=	0.10067
Feedback: 0.55975
Received=	0.018006
Feedback: 0.6254
Received=	0.44631
Feedback: 0.28528
Received=	0.28353
Feedback: 0.41454
Received=	0.24433
Feedback: 0.44567
Received=	-0.051542
Feedback: 0.68062
Received=	0.062862
Feedback: 0.58977
Received=	0.24676
Feedback: 0.44374
Received=	0.2162
Feedback: 0.468
Received=	0.43609
Feedback: 0.29339
Received=	0.60992
Feedback: 0.15535
Received=	0.19415
Feedback: 0.48551
Received=	0.051738
Feedback: 0.59861
Received=	0.06363
Feedback: 0.58916
Received=	0.26901
Feedback: 0.42607
Received=	-0.12758
Feedback: 0.74101
Received=	0.15375
Feedback: 0.5176
Received=	0.29916
Feedback: 0.40213
Received=	-0.08421
Feedback: 0.70657
Received=	-0.36962
Feedback: 0.9
Received=	-0.064132
Feedback: 0.69062
Received=	0.4964
Feedback: 0.2455
Received=	0.079167
Feedback: 0.57683
Received=	0.061359
Feedback: 0.59097
Received=	-0.056824
Feedback: 0.68482
Received=	0.0083209
Feedback: 0.63309
Received=	0.4102
Feedback: 0.31395
Received=	0.25255
Feedback: 0.43914
Calculated range:	[(-2.000000) - (2.000000)]
Success index = (-0.270222)
Received=	0.50992
=====  12:35:26 - BASE  ============
Feedback: 0.66
Received=	0.51989
Feedback: 0.66
Received=	0.39026
Feedback: 0.66
Received=	0.15983
Feedback: 0.66
Received=	-0.048967
Feedback: 0.66
Received=	-0.16463
Feedback: 0.66
Received=	0.12027
Feedback: 0.66
Received=	0.18472
Feedback: 0.66
Received=	-0.072737
Feedback: 0.66
Received=	0.010574
Feedback: 0.66
Received=	0.64957
Feedback: 0.66
Received=	0.65026
Feedback: 0.66
Received=	0.035803
Feedback: 0.66
Received=	-0.024321
Feedback: 0.66
Received=	0.35779
Feedback: 0.66
Received=	0.74509
Feedback: 0.66
Received=	0.68175
Feedback: 0.66
Received=	0.46325
Feedback: 0.66
Received=	0.3686
Feedback: 0.66
Received=	0.067896
Feedback: 0.66
Received=	0.32864
=====  12:36:26 - NF  ============
Feedback: 0.44897
Received=	0.84544
Feedback: 0.1
Received=	0.40945
Feedback: 0.3936
Received=	-0.23054
Feedback: 0.83214
Received=	-0.36195
Feedback: 0.9
Received=	0.062357
Feedback: 0.63143
Received=	0.27441
Feedback: 0.48613
Received=	0.23554
Feedback: 0.51276
Received=	-0.38547
Feedback: 0.9
Received=	-0.30381
Feedback: 0.88234
Received=	0.64925
Feedback: 0.22928
Received=	0.71009
Feedback: 0.18759
Received=	0.46328
Feedback: 0.35671
Received=	-0.095637
Feedback: 0.7397
Received=	-0.26312
Feedback: 0.85446
Received=	0.15857
Feedback: 0.5655
Received=	0.34702
Feedback: 0.43638
Received=	0.19624
Feedback: 0.53969
Received=	0.14646
Feedback: 0.57381
Received=	0.19225
Feedback: 0.54243
Received=	0.26085
Feedback: 0.49542
Received=	0.71201
Feedback: 0.18627
Received=	0.50986
Feedback: 0.32479
Received=	-0.11856
Feedback: 0.75541
Received=	-0.085673
Feedback: 0.73287
Received=	0.2831
Feedback: 0.48018
Received=	0.44024
Feedback: 0.3725
Received=	0.48733
Feedback: 0.34023
Received=	0.17601
Feedback: 0.55356
Received=	-0.13012
Feedback: 0.76333
Received=	0.20189
Feedback: 0.53582
Received=	0.44715
Feedback: 0.36776
Received=	0.15822
Feedback: 0.56575
Received=	-0.16183
Feedback: 0.78506
Received=	-0.13858
Feedback: 0.76912
Received=	-0.36429
Feedback: 0.9
Received=	-0.022498
Feedback: 0.68958
Received=	0.26598
Feedback: 0.4919
Received=	0.14395
Feedback: 0.57552
Received=	0.075025
Feedback: 0.62275
Received=	0.12786
Feedback: 0.58655
Received=	0.17594
Feedback: 0.55361
Received=	0.077712
Feedback: 0.62091
Received=	-0.23228
Feedback: 0.83333
Received=	-0.09093
Feedback: 0.73647
Received=	0.33552
Feedback: 0.44425
Received=	0.22648
Feedback: 0.51897
Received=	-0.068129
Feedback: 0.72085
Received=	-0.033557
Feedback: 0.69716
Received=	0.25958
Feedback: 0.49629
Received=	0.41031
Feedback: 0.39301
Received=	0.319
Feedback: 0.45558
Received=	0.26153
Feedback: 0.49495
Received=	-0.0089517
Feedback: 0.6803
Received=	-0.40089
Feedback: 0.9
Received=	-0.22097
Feedback: 0.82558
Received=	0.25853
Feedback: 0.49701
Received=	0.67999
Feedback: 0.20821
Received=	0.49118
Feedback: 0.33759
Received=	0.14967
Feedback: 0.5716
Calculated range:	[(-2.000000) - (2.000000)]
Success index = (-0.337929)
closing...
