Direction=-1.000000	; step=1.000000;
Received=	0
Feedback: 0.66
Received=	0
Feedback: 0.66
Received=	0
Feedback: 0.66
Received=	-0.37403
Feedback: 0.66
Received=	-0.43885
Feedback: 0.66
Received=	-0.13586
Feedback: 0.66
Received=	-0.064243
Feedback: 0.66
Received=	-0.035679
Feedback: 0.66
Received=	-0.32073
Feedback: 0.66
Received=	-0.1255
Feedback: 0.66
Received=	0.0059636
Feedback: 0.66
Received=	-0.022873
Feedback: 0.66
Received=	-0.093131
Feedback: 0.66
Received=	-0.4028
Feedback: 0.66
Received=	-0.41033
Feedback: 0.66
Received=	-0.30354
Feedback: 0.66
Received=	-0.56746
Feedback: 0.66
Received=	-0.62668
Feedback: 0.66
Received=	-0.16131
Feedback: 0.66
Received=	-0.056145
Feedback: 0.66
Received=	-0.34894
=====  13:36:16 - NF  ============
Feedback: 0.61745
Received=	-0.40329
Feedback: 0.67095
Received=	-0.53903
Feedback: 0.80456
Received=	-0.55551
Feedback: 0.82079
Received=	-0.55721
Feedback: 0.82246
Received=	-0.79598
Feedback: 0.9
Received=	-0.7745
Feedback: 0.9
Received=	-0.57355
Feedback: 0.83855
Received=	-0.54584
Feedback: 0.81127
Received=	-0.49396
Feedback: 0.7602
Received=	-0.50925
Feedback: 0.77525
Received=	-0.4362
Feedback: 0.70335
Received=	-0.44922
Feedback: 0.71616
Received=	-0.47941
Feedback: 0.74588
Received=	-0.35568
Feedback: 0.62408
Received=	-0.43715
Feedback: 0.70428
Received=	-0.4509
Feedback: 0.71781
Received=	-0.41105
Feedback: 0.67859
Received=	-0.19523
Feedback: 0.46614
Received=	-0.24836
Feedback: 0.51844
Received=	-0.46223
Feedback: 0.72897
Received=	-0.32535
Feedback: 0.59423
Received=	-0.15961
Feedback: 0.43108
Received=	-0.16957
Feedback: 0.44089
Received=	-0.29699
Feedback: 0.56631
Received=	-0.36333
Feedback: 0.63162
Received=	-0.23257
Feedback: 0.5029
Received=	-0.25673
Feedback: 0.52668
Received=	-0.20657
Feedback: 0.47731
Received=	-0.33545
Feedback: 0.60417
Received=	-0.19015
Feedback: 0.46115
Received=	-0.33168
Feedback: 0.60046
Received=	-0.10677
Feedback: 0.37907
Received=	0.21823
Feedback: 0.1
Received=	0.068695
Feedback: 0.20635
Received=	-0.36536
Feedback: 0.63361
Received=	-0.71114
Feedback: 0.9
Received=	-0.55232
Feedback: 0.81764
Received=	-0.35087
Feedback: 0.61935
Received=	-0.43468
Feedback: 0.70185
Received=	-0.33336
Feedback: 0.60212
Received=	-0.50656
Feedback: 0.77261
Received=	-0.64939
Feedback: 0.9
Received=	-0.54913
Feedback: 0.81451
Received=	-0.54789
Feedback: 0.81328
Received=	-0.52801
Feedback: 0.79372
Received=	-0.41195
Feedback: 0.67947
Received=	-0.22694
Feedback: 0.49736
Received=	0.66796
Feedback: 0.1
Received=	0.33461
Feedback: 0.1
Received=	-0.49679
Feedback: 0.76299
Received=	-0.83128
Feedback: 0.9
Received=	-0.79997
Feedback: 0.9
Received=	-0.52262
Feedback: 0.78842
Received=	-0.21494
Feedback: 0.48555
Received=	-0.35531
Feedback: 0.62372
Received=	-0.19971
Feedback: 0.47056
Received=	-0.29026
Feedback: 0.55969
Received=	-0.16749
Feedback: 0.43884
Received=	0.21814
Feedback: 0.1
Calculated range:	[(-2.000000) - (2.000000)]
Success index = (-0.510520)
Received=	0.31353
=====  13:39:16 - BASE  ============
Feedback: 0.66
Received=	-0.17428
Feedback: 0.66
Received=	-0.06229
Feedback: 0.66
Received=	-0.1744
Feedback: 0.66
Received=	-0.37598
Feedback: 0.66
Received=	-0.57286
Feedback: 0.66
Received=	-0.73432
Feedback: 0.66
Received=	-0.54584
Feedback: 0.66
Received=	-0.32897
Feedback: 0.66
Received=	-0.31816
Feedback: 0.66
Received=	-0.9009
Feedback: 0.66
Received=	-1.0395
Feedback: 0.66
Received=	-0.68172
Feedback: 0.66
Received=	-0.51451
Feedback: 0.66
Received=	-0.43867
Feedback: 0.66
Received=	-0.50361
Feedback: 0.66
Received=	-0.67162
Feedback: 0.66
Received=	-0.56072
Feedback: 0.66
Received=	-0.6671
Feedback: 0.66
Received=	-0.78579
Feedback: 0.66
Received=	-0.38141
=====  13:40:16 - NF  ============
Feedback: 0.36382
Received=	0.10152
Feedback: 0.1
Received=	-0.20999
Feedback: 0.22429
Received=	-0.51149
Feedback: 0.46969
Received=	-0.88786
Feedback: 0.77604
Received=	-0.56614
Feedback: 0.51418
Received=	-0.45294
Feedback: 0.42204
Received=	-0.22553
Feedback: 0.23694
Received=	-0.043961
Feedback: 0.1
Received=	-0.19744
Feedback: 0.21408
Received=	-0.48296
Feedback: 0.44647
Received=	-0.62615
Feedback: 0.56302
Received=	-0.54128
Feedback: 0.49394
Received=	-0.60851
Feedback: 0.54867
Received=	-0.60859
Feedback: 0.54873
Received=	-0.070967
Feedback: 0.11114
Received=	-0.40918
Feedback: 0.38643
Received=	-0.78551
Feedback: 0.69273
Received=	-0.65029
Feedback: 0.58267
Received=	-0.3182
Feedback: 0.31237
Received=	-0.4417
Feedback: 0.41289
Received=	-0.49784
Feedback: 0.45859
Received=	-0.39685
Feedback: 0.37639
Received=	0.12957
Feedback: 0.1
Received=	-0.14015
Feedback: 0.16745
Received=	-0.59666
Feedback: 0.53902
Received=	-0.37058
Feedback: 0.355
Received=	0.022485
Feedback: 0.1
Received=	0.2597
Feedback: 0.1
Received=	-0.51609
Feedback: 0.47344
Received=	-0.33929
Feedback: 0.32953
Received=	-0.56375
Feedback: 0.51224
Received=	-0.18696
Feedback: 0.20555
Received=	-0.14186
Feedback: 0.16884
Received=	-0.33673
Feedback: 0.32745
Received=	-0.48643
Feedback: 0.4493
Received=	-0.28336
Feedback: 0.28402
Received=	-0.35435
Feedback: 0.3418
Received=	-0.57282
Feedback: 0.51961
Received=	0.20971
Feedback: 0.1
Received=	-0.037434
Feedback: 0.1
Received=	-1.1507
Feedback: 0.9
Received=	-0.64147
Feedback: 0.57549
Received=	-0.51634
Feedback: 0.47365
Received=	-0.71091
Feedback: 0.63201
Received=	-0.2184
Feedback: 0.23114
Received=	0.10888
Feedback: 0.1
Received=	-0.081525
Feedback: 0.11973
Received=	-0.67512
Feedback: 0.60288
Received=	-0.68894
Feedback: 0.61413
Received=	-0.45774
Feedback: 0.42594
Received=	-0.18941
Feedback: 0.20754
Received=	-0.071518
Feedback: 0.11159
Received=	0.23971
Feedback: 0.1
Received=	0.30394
Feedback: 0.1
Received=	-0.7147
Feedback: 0.6351
Received=	-0.5916
Feedback: 0.5349
Received=	0.020339
Feedback: 0.1
Received=	-0.21159
Feedback: 0.2256
Received=	-0.34038
Feedback: 0.33043
Calculated range:	[(-2.000000) - (2.000000)]
Success index = (0.698257)
Received=	-0.26162
=====  13:43:16 - BASE  ============
Feedback: 0.66
Received=	-0.89126
Feedback: 0.66
Received=	-0.62079
Feedback: 0.66
Received=	-0.26537
Feedback: 0.66
Received=	-0.12213
Feedback: 0.66
Received=	-0.37716
Feedback: 0.66
Received=	-0.77412
Feedback: 0.66
Received=	-1.1003
Feedback: 0.66
Received=	-1.0038
Feedback: 0.66
Received=	-0.42037
Feedback: 0.66
Received=	0.025789
Feedback: 0.66
Received=	-0.19715
Feedback: 0.66
Received=	-0.30497
Feedback: 0.66
Received=	-0.62877
Feedback: 0.66
Received=	-0.76481
Feedback: 0.66
Received=	-0.15431
Feedback: 0.66
Received=	-0.40274
Feedback: 0.66
Received=	-0.59376
Feedback: 0.66
Received=	-0.35733
Feedback: 0.66
Received=	-0.22143
Feedback: 0.66
Received=	-0.33229
=====  13:44:16 - NF  ============
Feedback: 0.41722
Received=	-0.33629
Feedback: 0.4198
Received=	-0.44368
Feedback: 0.48931
Received=	-0.68598
Feedback: 0.64614
Received=	-0.67775
Feedback: 0.64081
Received=	-0.3702
Feedback: 0.44175
Received=	-0.50426
Feedback: 0.52852
Received=	0.099035
Feedback: 0.13805
Received=	-0.090531
Feedback: 0.26074
Received=	-0.35248
Feedback: 0.43028
Received=	-1.0745
Feedback: 0.89761
Received=	-0.3431
Feedback: 0.42421
Received=	0.13127
Feedback: 0.11718
Received=	-0.45111
Feedback: 0.49412
Received=	-0.39365
Feedback: 0.45693
Received=	0.18679
Feedback: 0.1
Received=	0.45158
Feedback: 0.1
Received=	0.14786
Feedback: 0.10645
Received=	-0.12777
Feedback: 0.28485
Received=	-0.65733
Feedback: 0.62759
Received=	-1.0188
Feedback: 0.86155
Received=	-0.042638
Feedback: 0.22974
Received=	0.10001
Feedback: 0.13742
Received=	-0.36971
Feedback: 0.44144
Received=	-0.11761
Feedback: 0.27827
Received=	0.17362
Feedback: 0.1
Received=	-0.37056
Feedback: 0.44199
Received=	0.070717
Feedback: 0.15638
Received=	0.081535
Feedback: 0.14937
Received=	0.23742
Feedback: 0.1
Received=	-0.020425
Feedback: 0.21537
Received=	-0.53174
Feedback: 0.54631
Received=	-0.50564
Feedback: 0.52941
Received=	-0.45556
Feedback: 0.497
Received=	-0.41162
Feedback: 0.46856
Received=	-0.11966
Feedback: 0.27959
Received=	0.038618
Feedback: 0.17715
Received=	-0.10692
Feedback: 0.27135
Received=	0.12192
Feedback: 0.12324
Received=	-0.073212
Feedback: 0.24953
Received=	-0.30497
Feedback: 0.39953
Received=	0.025055
Feedback: 0.18593
Received=	0.42963
Feedback: 0.1
Received=	0.41482
Feedback: 0.1
Received=	-0.18487
Feedback: 0.3218
Received=	-0.56241
Feedback: 0.56616
Received=	-0.044113
Feedback: 0.2307
Received=	-0.079868
Feedback: 0.25384
Received=	-0.36587
Feedback: 0.43895
Received=	-0.10135
Feedback: 0.26775
Received=	0.27921
Feedback: 0.1
Received=	-0.34703
Feedback: 0.42675
Received=	-0.42898
Feedback: 0.4798
Received=	0.10987
Feedback: 0.13104
Received=	-0.28613
Feedback: 0.38734
Received=	-0.92319
Feedback: 0.79967
Received=	-0.49528
Feedback: 0.52271
Received=	-0.45409
Feedback: 0.49605
Received=	-0.48935
Feedback: 0.51887
Received=	-0.22941
Feedback: 0.35063
Calculated range:	[(-2.000000) - (2.000000)]
Success index = (0.724638)
Received=	-0.21258
=====  13:47:16 - BASE  ============
Feedback: 0.66
Received=	-0.31119
Feedback: 0.66
Received=	-0.37894
Feedback: 0.66
Received=	-0.38977
Feedback: 0.66
Received=	-0.53969
Feedback: 0.66
Received=	-0.67332
Feedback: 0.66
Received=	-0.55162
Feedback: 0.66
Received=	-0.5797
Feedback: 0.66
Received=	-0.22153
Feedback: 0.66
Received=	-0.14248
Feedback: 0.66
Received=	-0.0035913
Feedback: 0.66
Received=	0.043277
Feedback: 0.66
Received=	-0.26009
Feedback: 0.66
Received=	-0.48391
Feedback: 0.66
Received=	-0.097315
Feedback: 0.66
Received=	0.45723
Feedback: 0.66
Received=	0.12007
Feedback: 0.66
Received=	-0.80216
Feedback: 0.66
Received=	-0.70323
Feedback: 0.66
Received=	0.31119
Feedback: 0.66
Received=	0.47045
=====  13:48:16 - NF  ============
Feedback: 0.1
Received=	0.31578
Feedback: 0.17248
Received=	-0.094792
Feedback: 0.40126
Received=	-0.43971
Feedback: 0.59347
Received=	-0.24939
Feedback: 0.48742
Received=	-0.069887
Feedback: 0.38739
Received=	0.52423
Feedback: 0.1
Received=	-0.29406
Feedback: 0.51231
Received=	-0.89904
Feedback: 0.84943
Received=	-0.71979
Feedback: 0.74954
Received=	-0.72951
Feedback: 0.75496
Received=	-0.5757
Feedback: 0.66925
Received=	0.090048
Feedback: 0.29826
Received=	0.2706
Feedback: 0.19765
Received=	-0.44681
Feedback: 0.59742
Received=	-0.48457
Feedback: 0.61847
Received=	-0.14861
Feedback: 0.43125
Received=	-0.20033
Feedback: 0.46008
Received=	-0.69159
Feedback: 0.73383
Received=	-0.2668
Feedback: 0.49711
Received=	-0.31612
Feedback: 0.5246
Received=	-0.5604
Feedback: 0.66072
Received=	-0.30523
Feedback: 0.51853
Received=	-0.61475
Feedback: 0.69101
Received=	-0.24917
Feedback: 0.48729
Received=	-0.20875
Feedback: 0.46477
Received=	0.036946
Feedback: 0.32785
Received=	-0.46756
Feedback: 0.60899
Received=	-0.62416
Feedback: 0.69625
Received=	-0.65512
Feedback: 0.7135
Received=	-0.064973
Feedback: 0.38465
Received=	-0.10929
Feedback: 0.40934
Received=	-0.63532
Feedback: 0.70247
Received=	-0.88343
Feedback: 0.84073
Received=	0.45353
Feedback: 0.1
Received=	0.36171
Feedback: 0.14688
Received=	-0.5725
Feedback: 0.66746
Received=	-0.9513
Feedback: 0.87855
Received=	-0.40504
Feedback: 0.57415
Received=	-0.13987
Feedback: 0.42639
Received=	-0.43507
Feedback: 0.59089
Received=	-0.61674
Feedback: 0.69212
Received=	-0.65658
Feedback: 0.71432
Received=	-0.11541
Feedback: 0.41275
Received=	0.10101
Feedback: 0.29215
Received=	-0.19045
Feedback: 0.45457
Received=	-0.29366
Feedback: 0.51209
Received=	-0.14443
Feedback: 0.42893
Received=	-0.54428
Feedback: 0.65174
Received=	-0.64461
Feedback: 0.70765
Received=	-0.3485
Feedback: 0.54264
Received=	0.49092
Feedback: 0.1
Received=	0.69475
Feedback: 0.1
Received=	-0.11697
Feedback: 0.41362
Received=	-0.64129
Feedback: 0.7058
Received=	-0.39082
Feedback: 0.56623
Received=	-0.045947
Feedback: 0.37405
Received=	-0.55699
Feedback: 0.65882
Received=	-0.57992
Feedback: 0.6716
Received=	-0.3041
Feedback: 0.5179
Calculated range:	[(-2.000000) - (2.000000)]
Success index = (-0.025336)
Received=	-0.42799
=====  13:51:16 - BASE  ============
Feedback: 0.66
Received=	-0.56741
Feedback: 0.66
Received=	-0.5568
Feedback: 0.66
Received=	-0.24024
Feedback: 0.66
Received=	-0.15763
Feedback: 0.66
Received=	-0.46613
Feedback: 0.66
Received=	-0.32661
Feedback: 0.66
Received=	-0.53873
Feedback: 0.66
Received=	0.089883
Feedback: 0.66
Received=	0.53842
Feedback: 0.66
Received=	-0.13177
Feedback: 0.66
Received=	-0.022985
Feedback: 0.66
Received=	-0.22686
Feedback: 0.66
Received=	-0.40768
Feedback: 0.66
Received=	-0.1321
Feedback: 0.66
Received=	-0.58109
Feedback: 0.66
Received=	-0.7254
Feedback: 0.66
Received=	-0.46029
Feedback: 0.66
Received=	-0.28149
Feedback: 0.66
Received=	-0.25883
Feedback: 0.66
Received=	-0.28799
=====  13:52:16 - NF  ============
Feedback: 0.5113
Received=	-0.30698
Feedback: 0.5243
Received=	-0.0030932
Feedback: 0.31642
Received=	-0.1359
Feedback: 0.40727
Received=	-0.44103
Feedback: 0.61599
Received=	-0.57164
Feedback: 0.70533
Received=	0.005759
Feedback: 0.31037
Received=	0.050017
Feedback: 0.28009
Received=	-0.1476
Feedback: 0.41527
Received=	-0.36165
Feedback: 0.56169
Received=	-0.42707
Feedback: 0.60644
Received=	0.45228
Feedback: 0.1
Received=	0.61234
Feedback: 0.1
Received=	-0.47456
Feedback: 0.63893
Received=	-1.2179
Feedback: 0.9
Received=	-1.0687
Feedback: 0.9
Received=	-0.9709
Feedback: 0.9
Received=	-0.66568
Feedback: 0.76966
Received=	0.090479
Feedback: 0.25242
Received=	0.09908
Feedback: 0.24653
Received=	-0.71209
Feedback: 0.80141
Received=	-0.82637
Feedback: 0.87958
Received=	-0.029234
Feedback: 0.33431
Received=	0.22791
Feedback: 0.15841
Received=	-0.087817
Feedback: 0.37438
Received=	-0.18221
Feedback: 0.43894
Received=	-0.90409
Feedback: 0.9
Received=	-0.34512
Feedback: 0.55039
Received=	-0.22484
Feedback: 0.46811
Received=	-0.49672
Feedback: 0.65409
Received=	-0.63837
Feedback: 0.75098
Received=	-0.50408
Feedback: 0.65912
Received=	-0.46084
Feedback: 0.62954
Received=	-0.52151
Feedback: 0.67104
Received=	0.1226
Feedback: 0.23045
Received=	0.47581
Feedback: 0.1
Received=	-0.12897
Feedback: 0.40253
Received=	-0.68999
Feedback: 0.78629
Received=	-0.84817
Feedback: 0.89449
Received=	-0.60078
Feedback: 0.72527
Received=	-0.24434
Feedback: 0.48145
Received=	-0.26875
Feedback: 0.49815
Received=	-0.067933
Feedback: 0.36078
Received=	0.055534
Feedback: 0.27632
Received=	-0.07113
Feedback: 0.36296
Received=	-0.024509
Feedback: 0.33107
Received=	-0.22795
Feedback: 0.47024
Received=	-0.61439
Feedback: 0.73458
Received=	-0.39084
Feedback: 0.58166
Received=	-0.10537
Feedback: 0.38639
Received=	-0.41916
Feedback: 0.60103
Received=	-0.26524
Feedback: 0.49574
Received=	-0.13474
Feedback: 0.40648
Received=	-0.54333
Feedback: 0.68597
Received=	-0.85958
Feedback: 0.9
Received=	-0.50579
Feedback: 0.66029
Received=	-0.37171
Feedback: 0.56857
Received=	-0.77303
Feedback: 0.84309
Received=	-0.29913
Feedback: 0.51892
Received=	-0.14455
Feedback: 0.41319
Calculated range:	[(-2.000000) - (2.000000)]
Success index = (-0.147308)
closing...
