Direction=-1.000000	; step=1.000000;
Received=	0
Feedback: 0.66
Received=	0
Feedback: 0.66
Received=	0
Feedback: 0.66
Received=	0.55712
Feedback: 0.66
Received=	0.57823
Feedback: 0.66
Received=	0.37476
Feedback: 0.66
Received=	0.23112
Feedback: 0.66
Received=	-0.019635
Feedback: 0.66
Received=	0.036527
Feedback: 0.66
Received=	-0.053194
Feedback: 0.66
Received=	0.054028
Feedback: 0.66
Received=	0.1938
Feedback: 0.66
Received=	0.16558
Feedback: 0.66
Received=	0.06922
Feedback: 0.66
Received=	0.26609
Feedback: 0.66
Received=	0.15849
Feedback: 0.66
Received=	0.033963
Feedback: 0.66
Received=	0.05471
Feedback: 0.66
Received=	0.022185
Feedback: 0.66
Received=	0.18234
Feedback: 0.66
Received=	0.30229
=====  12:27:8 - NF  ============
Feedback: 0.34755
Received=	0.48144
Feedback: 0.15368
Received=	0.44833
Feedback: 0.18951
Received=	0.19324
Feedback: 0.46555
Received=	0.24027
Feedback: 0.41466
Received=	0.26725
Feedback: 0.38546
Received=	0.045277
Feedback: 0.62567
Received=	-0.034112
Feedback: 0.71158
Received=	-0.20555
Feedback: 0.89709
Received=	0.17652
Feedback: 0.48365
Received=	0.20954
Feedback: 0.44792
Received=	0.1878
Feedback: 0.47144
Received=	0.50426
Feedback: 0.12898
Received=	0.49457
Feedback: 0.13947
Received=	0.16983
Feedback: 0.49088
Received=	0.20614
Feedback: 0.45159
Received=	-0.1421
Feedback: 0.82844
Received=	-0.2759
Feedback: 0.9
Received=	-0.23025
Feedback: 0.9
Received=	-0.17261
Feedback: 0.86145
Received=	0.16259
Feedback: 0.49872
Received=	0.22408
Feedback: 0.43218
Received=	-0.02155
Feedback: 0.69798
Received=	0.021622
Feedback: 0.65127
Received=	0.16498
Feedback: 0.49613
Received=	0.21013
Feedback: 0.44727
Received=	0.27064
Feedback: 0.38179
Received=	0.15601
Feedback: 0.50584
Received=	0.16703
Feedback: 0.49392
Received=	0.29149
Feedback: 0.35923
Received=	0.40771
Feedback: 0.23347
Received=	0.057724
Feedback: 0.6122
Received=	0.096899
Feedback: 0.56981
Received=	-0.02072
Feedback: 0.69709
Received=	0.087817
Feedback: 0.57963
Received=	0.2855
Feedback: 0.36571
Received=	0.40454
Feedback: 0.23689
Received=	0.29263
Feedback: 0.358
Received=	0.1557
Feedback: 0.50617
Received=	0.18205
Feedback: 0.47766
Received=	0.10684
Feedback: 0.55905
Received=	0.062267
Feedback: 0.60728
Received=	0.017731
Feedback: 0.65548
Received=	0.28881
Feedback: 0.36214
Received=	0.1249
Feedback: 0.5395
Received=	-0.22292
Feedback: 0.9
Received=	-0.11189
Feedback: 0.79575
Received=	-0.10978
Feedback: 0.79346
Received=	0.13511
Feedback: 0.52846
Received=	0.17174
Feedback: 0.48881
Received=	0.087124
Feedback: 0.58038
Received=	0.070016
Feedback: 0.5989
Received=	-0.21671
Feedback: 0.9
Received=	-0.01234
Feedback: 0.68802
Received=	0.27607
Feedback: 0.37592
Received=	0.4819
Feedback: 0.15318
Received=	0.17482
Feedback: 0.48548
Received=	-0.075371
Feedback: 0.75623
Received=	0.32382
Feedback: 0.32425
Received=	0.59405
Feedback: 0.1
Calculated range:	[(-2.000000) - (2.000000)]
Success index = (-0.089078)
Received=	-0.019724
=====  12:30:8 - BASE  ============
Feedback: 0.66
Received=	-0.064876
Feedback: 0.66
Received=	0.24619
Feedback: 0.66
Received=	0.27227
Feedback: 0.66
Received=	0.34323
Feedback: 0.66
Received=	0.30367
Feedback: 0.66
Received=	0.23218
Feedback: 0.66
Received=	-0.057094
Feedback: 0.66
Received=	-0.10688
Feedback: 0.66
Received=	-0.05704
Feedback: 0.66
Received=	0.11958
Feedback: 0.66
Received=	0.090428
Feedback: 0.66
Received=	0.35376
Feedback: 0.66
Received=	-0.13854
Feedback: 0.66
Received=	-0.26676
Feedback: 0.66
Received=	-0.095457
Feedback: 0.66
Received=	-0.30019
Feedback: 0.66
Received=	-0.29389
Feedback: 0.66
Received=	0.089004
Feedback: 0.66
Received=	0.086192
Feedback: 0.66
Received=	-0.00070896
=====  12:31:8 - NF  ============
Feedback: 0.54221
Received=	0.24563
Feedback: 0.31763
Received=	0.37733
Feedback: 0.19756
Received=	0.12449
Feedback: 0.42807
Received=	0.016358
Feedback: 0.52665
Received=	0.19142
Feedback: 0.36705
Received=	0.11055
Feedback: 0.44078
Received=	-0.025812
Feedback: 0.5651
Received=	0.06281
Feedback: 0.4843
Received=	0.31681
Feedback: 0.25273
Received=	0.50289
Feedback: 0.1
Received=	0.08415
Feedback: 0.46485
Received=	-0.020977
Feedback: 0.56069
Received=	0.18988
Feedback: 0.36845
Received=	0.27979
Feedback: 0.28648
Received=	0.058393
Feedback: 0.48833
Received=	0.22215
Feedback: 0.33904
Received=	-0.14938
Feedback: 0.67775
Received=	-0.083532
Feedback: 0.61772
Received=	0.13822
Feedback: 0.41555
Received=	0.30517
Feedback: 0.26335
Received=	0.36427
Feedback: 0.20947
Received=	0.21788
Feedback: 0.34293
Received=	0.072176
Feedback: 0.47576
Received=	-0.10817
Feedback: 0.64018
Received=	0.078189
Feedback: 0.47028
Received=	0.30162
Feedback: 0.26659
Received=	0.25046
Feedback: 0.31323
Received=	-0.019896
Feedback: 0.5597
Received=	-0.11579
Feedback: 0.64713
Received=	-0.22082
Feedback: 0.74289
Received=	-0.14793
Feedback: 0.67643
Received=	-0.25459
Feedback: 0.77367
Received=	-0.31908
Feedback: 0.83247
Received=	-0.34623
Feedback: 0.85722
Received=	-0.3821
Feedback: 0.88992
Received=	-0.057538
Feedback: 0.59402
Received=	0.04195
Feedback: 0.50332
Received=	0.11432
Feedback: 0.43734
Received=	0.017701
Feedback: 0.52543
Received=	0.19392
Feedback: 0.36477
Received=	0.082468
Feedback: 0.46638
Received=	0.13267
Feedback: 0.42061
Received=	0.030515
Feedback: 0.51375
Received=	-0.052264
Feedback: 0.58921
Received=	0.0045471
Feedback: 0.53742
Received=	-0.37575
Feedback: 0.88414
Received=	-0.28749
Feedback: 0.80367
Received=	-0.47142
Feedback: 0.9
Received=	-0.37824
Feedback: 0.88641
Received=	-0.25796
Feedback: 0.77674
Received=	-0.070148
Feedback: 0.60552
Received=	0.23237
Feedback: 0.32972
Received=	0.42757
Feedback: 0.15175
Received=	0.21242
Feedback: 0.3479
Received=	0.049225
Feedback: 0.49669
Received=	-0.11989
Feedback: 0.65086
Received=	-0.090793
Feedback: 0.62434
Received=	0.1472
Feedback: 0.40736
Received=	0.20935
Feedback: 0.3507
Calculated range:	[(-2.000000) - (2.000000)]
Success index = (-0.051894)
Received=	0.070715
=====  12:34:8 - BASE  ============
Feedback: 0.66
Received=	0.15975
Feedback: 0.66
Received=	0.34442
Feedback: 0.66
Received=	0.36343
Feedback: 0.66
Received=	0.31401
Feedback: 0.66
Received=	0.12722
Feedback: 0.66
Received=	0.1669
Feedback: 0.66
Received=	-0.27924
Feedback: 0.66
Received=	-0.30442
Feedback: 0.66
Received=	-0.32131
Feedback: 0.66
Received=	0.26042
Feedback: 0.66
Received=	0.22082
Feedback: 0.66
Received=	-0.11922
Feedback: 0.66
Received=	-0.0028061
Feedback: 0.66
Received=	0.21114
Feedback: 0.66
Received=	-0.028016
Feedback: 0.66
Received=	-0.073001
Feedback: 0.66
Received=	0.056685
Feedback: 0.66
Received=	0.27867
Feedback: 0.66
Received=	0.008512
Feedback: 0.66
Received=	-0.078688
=====  12:35:8 - NF  ============
Feedback: 0.63149
Received=	0.041363
Feedback: 0.52389
Received=	0.52457
Feedback: 0.1
Received=	0.39011
Feedback: 0.2113
Received=	0.21321
Feedback: 0.36985
Received=	0.031219
Feedback: 0.53298
Received=	0.11145
Feedback: 0.46106
Received=	-0.045583
Feedback: 0.60182
Received=	0.080852
Feedback: 0.48849
Received=	0.50965
Feedback: 0.10415
Received=	0.13957
Feedback: 0.43587
Received=	0.10634
Feedback: 0.46564
Received=	-0.03739
Feedback: 0.59447
Received=	0.23714
Feedback: 0.34841
Received=	0.3062
Feedback: 0.28651
Received=	0.45461
Feedback: 0.15349
Received=	0.17451
Feedback: 0.40454
Received=	-0.25258
Feedback: 0.78735
Received=	0.038324
Feedback: 0.52661
Received=	-0.088638
Feedback: 0.64041
Received=	-0.16175
Feedback: 0.70594
Received=	0.3598
Feedback: 0.23846
Received=	0.33845
Feedback: 0.2576
Received=	-0.021945
Feedback: 0.58063
Received=	0.18955
Feedback: 0.39106
Received=	0.13603
Feedback: 0.43903
Received=	0.15978
Feedback: 0.41775
Received=	-0.062477
Feedback: 0.61696
Received=	-0.041207
Feedback: 0.5979
Received=	0.049317
Feedback: 0.51676
Received=	0.36043
Feedback: 0.2379
Received=	0.34668
Feedback: 0.25023
Received=	-0.046581
Feedback: 0.60271
Received=	-0.019919
Feedback: 0.57881
Received=	-0.091363
Feedback: 0.64285
Received=	-0.14453
Feedback: 0.6905
Received=	-0.16965
Feedback: 0.71302
Received=	0.15126
Feedback: 0.42539
Received=	0.17579
Feedback: 0.4034
Received=	0.20595
Feedback: 0.37636
Received=	0.49586
Feedback: 0.11651
Received=	0.12144
Feedback: 0.45211
Received=	-0.07024
Feedback: 0.62392
Received=	0.041188
Feedback: 0.52404
Received=	-0.045675
Feedback: 0.6019
Received=	0.15808
Feedback: 0.41927
Received=	0.041437
Feedback: 0.52382
Received=	0.17304
Feedback: 0.40586
Received=	-0.088008
Feedback: 0.63984
Received=	0.12765
Feedback: 0.44654
Received=	0.15198
Feedback: 0.42474
Received=	0.051284
Feedback: 0.51499
Received=	0.0097649
Feedback: 0.55221
Received=	0.25786
Feedback: 0.32984
Received=	0.030415
Feedback: 0.5337
Received=	-0.32833
Feedback: 0.85525
Received=	-0.39979
Feedback: 0.9
Received=	-0.3571
Feedback: 0.88104
Received=	-0.27699
Feedback: 0.80923
Received=	-0.10709
Feedback: 0.65695
Calculated range:	[(-2.000000) - (2.000000)]
Success index = (0.037237)
Received=	0.079674
=====  12:38:8 - BASE  ============
Feedback: 0.66
Received=	-0.11063
Feedback: 0.66
Received=	0.031742
Feedback: 0.66
Received=	0.33316
Feedback: 0.66
Received=	0.23699
Feedback: 0.66
Received=	-0.021475
Feedback: 0.66
Received=	-0.14695
Feedback: 0.66
Received=	-0.038087
Feedback: 0.66
Received=	0.083503
Feedback: 0.66
Received=	0.19575
Feedback: 0.66
Received=	0.22926
Feedback: 0.66
Received=	0.089563
Feedback: 0.66
Received=	-0.22301
Feedback: 0.66
Received=	0.041993
Feedback: 0.66
Received=	-0.046069
Feedback: 0.66
Received=	-0.20824
Feedback: 0.66
Received=	-0.062874
Feedback: 0.66
Received=	0.18048
Feedback: 0.66
Received=	0.086122
Feedback: 0.66
Received=	-0.18427
Feedback: 0.66
Received=	0.07218
=====  12:39:8 - NF  ============
Feedback: 0.45093
Received=	0.29987
Feedback: 0.17224
Received=	0.028284
Feedback: 0.50466
Received=	0.026617
Feedback: 0.5067
Received=	0.13548
Feedback: 0.37344
Received=	-0.24488
Feedback: 0.83901
Received=	0.17222
Feedback: 0.32848
Received=	0.34483
Feedback: 0.11721
Received=	0.20284
Feedback: 0.291
Received=	0.15322
Feedback: 0.35174
Received=	0.01203
Feedback: 0.52455
Received=	-0.12401
Feedback: 0.69106
Received=	-0.043654
Feedback: 0.59271
Received=	0.074645
Feedback: 0.44791
Received=	0.076957
Feedback: 0.44508
Received=	0.12374
Feedback: 0.38782
Received=	0.021597
Feedback: 0.51284
Received=	0.26778
Feedback: 0.21151
Received=	0.3292
Feedback: 0.13634
Received=	0.041921
Feedback: 0.48797
Received=	-0.0085529
Feedback: 0.54975
Received=	0.12586
Feedback: 0.38522
Received=	0.29138
Feedback: 0.18263
Received=	0.013159
Feedback: 0.52317
Received=	0.078869
Feedback: 0.44274
Received=	0.23472
Feedback: 0.25198
Received=	0.16312
Feedback: 0.33962
Received=	-0.055229
Feedback: 0.60688
Received=	-0.13631
Feedback: 0.70612
Received=	-0.055082
Feedback: 0.6067
Received=	-0.11111
Feedback: 0.67527
Received=	-0.24843
Feedback: 0.84335
Received=	-0.19885
Feedback: 0.78266
Received=	-0.18737
Feedback: 0.76862
Received=	-0.028011
Feedback: 0.57356
Received=	0.2233
Feedback: 0.26596
Received=	0.66368
Feedback: 0.1
Received=	0.30754
Feedback: 0.16285
Received=	-0.15733
Feedback: 0.73184
Received=	-0.080659
Feedback: 0.638
Received=	0.38872
Feedback: 0.1
Received=	0.31592
Feedback: 0.1526
Received=	-0.21118
Feedback: 0.79776
Received=	-0.1555
Feedback: 0.72961
Received=	-0.037662
Feedback: 0.58538
Received=	-0.28723
Feedback: 0.89085
Received=	-0.37414
Feedback: 0.9
Received=	-0.29391
Feedback: 0.89902
Received=	-0.090398
Feedback: 0.64992
Received=	0.34286
Feedback: 0.11962
Received=	0.48994
Feedback: 0.1
Received=	0.27923
Feedback: 0.1975
Received=	0.25833
Feedback: 0.22309
Received=	0.33449
Feedback: 0.12986
Received=	-0.1591
Feedback: 0.73402
Received=	-0.14944
Feedback: 0.72219
Received=	0.057568
Feedback: 0.46881
Received=	0.10005
Feedback: 0.41682
Received=	-0.11376
Feedback: 0.67852
Received=	0.16968
Feedback: 0.33158
Calculated range:	[(-2.000000) - (2.000000)]
Success index = (0.143238)
Received=	0.038983
=====  12:42:8 - BASE  ============
Feedback: 0.66
Received=	-0.01932
Feedback: 0.66
Received=	0.28819
Feedback: 0.66
Received=	0.3338
Feedback: 0.66
Received=	0.28467
Feedback: 0.66
Received=	-0.039665
Feedback: 0.66
Received=	-0.32632
Feedback: 0.66
Received=	-0.26156
Feedback: 0.66
Received=	0.010634
Feedback: 0.66
Received=	0.094747
Feedback: 0.66
Received=	-0.16242
Feedback: 0.66
Received=	-0.061574
Feedback: 0.66
Received=	-0.11744
Feedback: 0.66
Received=	0.2319
Feedback: 0.66
Received=	0.11129
Feedback: 0.66
Received=	0.34583
Feedback: 0.66
Received=	0.34371
Feedback: 0.66
Received=	0.18379
Feedback: 0.66
Received=	0.15149
Feedback: 0.66
Received=	-0.16042
Feedback: 0.66
Received=	-0.043717
=====  12:43:8 - NF  ============
Feedback: 0.60407
Received=	0.42781
Feedback: 0.17057
Received=	0.12079
Feedback: 0.45283
Received=	-0.1634
Feedback: 0.7141
Received=	-0.013145
Feedback: 0.57596
Received=	0.21988
Feedback: 0.36173
Received=	0.28198
Feedback: 0.30464
Received=	0.00098292
Feedback: 0.56297
Received=	0.24144
Feedback: 0.34191
Received=	0.3437
Feedback: 0.24789
Received=	0.20457
Feedback: 0.3758
Received=	-0.096304
Feedback: 0.65242
Received=	-0.094968
Feedback: 0.65119
Received=	-0.23072
Feedback: 0.77599
Received=	-0.25498
Feedback: 0.7983
Received=	-0.21539
Feedback: 0.76191
Received=	-0.16041
Feedback: 0.71135
Received=	-0.10536
Feedback: 0.66074
Received=	-0.017205
Feedback: 0.5797
Received=	0.13742
Feedback: 0.43754
Received=	0.34505
Feedback: 0.24665
Received=	0.14447
Feedback: 0.43106
Received=	-0.10416
Feedback: 0.65964
Received=	0.21731
Feedback: 0.36409
Received=	-0.017405
Feedback: 0.57988
Received=	-0.10732
Feedback: 0.66254
Received=	0.20967
Feedback: 0.37112
Received=	0.2085
Feedback: 0.37219
Received=	0.13421
Feedback: 0.44049
Received=	0.21967
Feedback: 0.36192
Received=	0.27277
Feedback: 0.3131
Received=	0.050698
Feedback: 0.51727
Received=	-0.0012489
Feedback: 0.56503
Received=	0.088533
Feedback: 0.48248
Received=	0.0014945
Feedback: 0.5625
Received=	0.14104
Feedback: 0.43421
Received=	-0.00081391
Feedback: 0.56463
Received=	0.063004
Feedback: 0.50595
Received=	0.06347
Feedback: 0.50553
Received=	0.018868
Feedback: 0.54653
Received=	0.084128
Feedback: 0.48653
Received=	0.51268
Feedback: 0.1
Received=	0.42826
Feedback: 0.17014
Received=	-0.025544
Feedback: 0.58736
Received=	0.11293
Feedback: 0.46005
Received=	0.43168
Feedback: 0.167
Received=	0.19173
Feedback: 0.3876
Received=	-0.10525
Feedback: 0.66064
Received=	-0.056209
Feedback: 0.61556
Received=	0.027703
Feedback: 0.53841
Received=	0.17018
Feedback: 0.40742
Received=	0.16112
Feedback: 0.41575
Received=	0.085886
Feedback: 0.48492
Received=	-0.092843
Feedback: 0.64924
Received=	-0.08168
Feedback: 0.63897
Received=	0.45726
Feedback: 0.14349
Received=	0.52346
Feedback: 0.1
Received=	0.37571
Feedback: 0.21846
Received=	0.023067
Feedback: 0.54267
Received=	0.17555
Feedback: 0.40249
Calculated range:	[(-2.000000) - (2.000000)]
Success index = (0.149281)
closing...
