Direction=-1.000000	; step=1.000000;
Received=	0
Feedback: 0.66
Received=	0
Feedback: 0.66
Received=	0
Feedback: 0.66
Received=	0.25475
Feedback: 0.66
Received=	-0.031694
Feedback: 0.66
Received=	0.263
Feedback: 0.66
Received=	-0.012245
Feedback: 0.66
Received=	-0.3453
Feedback: 0.66
Received=	-0.3255
Feedback: 0.66
Received=	-0.28522
Feedback: 0.66
Received=	-0.15525
Feedback: 0.66
Received=	0.23018
Feedback: 0.66
Received=	0.24131
Feedback: 0.66
Received=	-0.054731
Feedback: 0.66
Received=	-0.10975
Feedback: 0.66
Received=	-0.10456
Feedback: 0.66
Received=	-0.45163
Feedback: 0.66
Received=	-0.52815
Feedback: 0.66
Received=	-0.60879
Feedback: 0.66
Received=	-0.48446
Feedback: 0.66
Received=	-0.40291
=====  12:4:25 - NF  ============
Feedback: 0.68764
Received=	0.0069138
Feedback: 0.39589
Received=	0.08211
Feedback: 0.34236
Received=	-0.0034722
Feedback: 0.40328
Received=	-0.019996
Feedback: 0.41505
Received=	-0.18241
Feedback: 0.53066
Received=	-0.23307
Feedback: 0.56673
Received=	-0.3142
Feedback: 0.62448
Received=	-0.50778
Feedback: 0.76229
Received=	-0.50876
Feedback: 0.76299
Received=	-0.25855
Feedback: 0.58487
Received=	0.066182
Feedback: 0.3537
Received=	-0.19037
Feedback: 0.53633
Received=	-0.40464
Feedback: 0.68887
Received=	-0.42751
Feedback: 0.70515
Received=	-0.487
Feedback: 0.74749
Received=	-0.56772
Feedback: 0.80496
Received=	-0.27397
Feedback: 0.59584
Received=	-0.35574
Feedback: 0.65405
Received=	-0.50136
Feedback: 0.75772
Received=	-0.45455
Feedback: 0.72439
Received=	-0.40535
Feedback: 0.68937
Received=	-0.22528
Feedback: 0.56118
Received=	-0.23666
Feedback: 0.56928
Received=	-0.31021
Feedback: 0.62165
Received=	-0.32572
Feedback: 0.63268
Received=	-0.36116
Feedback: 0.65791
Received=	-0.41629
Feedback: 0.69716
Received=	-0.60766
Feedback: 0.8334
Received=	-0.41863
Feedback: 0.69883
Received=	-0.20849
Feedback: 0.54923
Received=	-0.10817
Feedback: 0.47781
Received=	0.01297
Feedback: 0.39158
Received=	-0.062045
Feedback: 0.44498
Received=	-0.37519
Feedback: 0.6679
Received=	-0.25884
Feedback: 0.58507
Received=	-0.20705
Feedback: 0.5482
Received=	-0.25598
Feedback: 0.58304
Received=	-0.25753
Feedback: 0.58414
Received=	-0.42462
Feedback: 0.70309
Received=	-0.23334
Feedback: 0.56692
Received=	-0.26972
Feedback: 0.59282
Received=	-0.26287
Feedback: 0.58794
Received=	-0.2397
Feedback: 0.57145
Received=	-0.062988
Feedback: 0.44565
Received=	0.22818
Feedback: 0.23837
Received=	0.21001
Feedback: 0.25131
Received=	-0.03075
Feedback: 0.4227
Received=	-0.32217
Feedback: 0.63016
Received=	-0.32222
Feedback: 0.63019
Received=	-0.31969
Feedback: 0.62839
Received=	-0.24456
Feedback: 0.57491
Received=	-0.2553
Feedback: 0.58255
Received=	-0.24588
Feedback: 0.57585
Received=	-0.19617
Feedback: 0.54046
Received=	-0.3768
Feedback: 0.66905
Received=	-0.25546
Feedback: 0.58267
Received=	-0.26283
Feedback: 0.58791
Received=	-0.33041
Feedback: 0.63602
Received=	-0.3966
Feedback: 0.68314
Calculated range:	[(-2.000000) - (2.000000)]
Success index = (-0.595815)
Received=	-0.17485
=====  12:7:25 - BASE  ============
Feedback: 0.66
Received=	0.29971
Feedback: 0.66
Received=	0.61567
Feedback: 0.66
Received=	0.5897
Feedback: 0.66
Received=	0.53677
Feedback: 0.66
Received=	0.60105
Feedback: 0.66
Received=	0.74489
Feedback: 0.66
Received=	0.58335
Feedback: 0.66
Received=	0.24044
Feedback: 0.66
Received=	-0.10016
Feedback: 0.66
Received=	-0.27771
Feedback: 0.66
Received=	-0.57451
Feedback: 0.66
Received=	-0.23264
Feedback: 0.66
Received=	0.28302
Feedback: 0.66
Received=	0.50584
Feedback: 0.66
Received=	0.46562
Feedback: 0.66
Received=	0.28794
Feedback: 0.66
Received=	0.19403
Feedback: 0.66
Received=	0.25417
Feedback: 0.66
Received=	0.5063
Feedback: 0.66
Received=	0.28742
=====  12:8:25 - NF  ============
Feedback: 0.50152
Received=	0.53381
Feedback: 0.36693
Received=	0.43204
Feedback: 0.42252
Received=	0.21101
Feedback: 0.54327
Received=	-0.08146
Feedback: 0.70303
Received=	-0.11197
Feedback: 0.71969
Received=	-0.13209
Feedback: 0.73069
Received=	-0.24593
Feedback: 0.79287
Received=	-0.14824
Feedback: 0.73951
Received=	-0.23254
Feedback: 0.78556
Received=	-0.31475
Feedback: 0.83047
Received=	-0.0086981
Feedback: 0.66328
Received=	0.22359
Feedback: 0.53639
Received=	0.23913
Feedback: 0.5279
Received=	-0.0027874
Feedback: 0.66005
Received=	-0.021065
Feedback: 0.67004
Received=	0.19085
Feedback: 0.55428
Received=	0.26261
Feedback: 0.51508
Received=	-0.0088692
Feedback: 0.66338
Received=	-0.013828
Feedback: 0.66609
Received=	0.056228
Feedback: 0.62782
Received=	0.03494
Feedback: 0.63945
Received=	0.0050786
Feedback: 0.65576
Received=	-0.10829
Feedback: 0.71769
Received=	-0.24576
Feedback: 0.79278
Received=	-0.23916
Feedback: 0.78918
Received=	0.052613
Feedback: 0.62979
Received=	0.20799
Feedback: 0.54491
Received=	0.28598
Feedback: 0.50231
Received=	0.16867
Feedback: 0.56639
Received=	-0.038262
Feedback: 0.67943
Received=	0.042874
Feedback: 0.63511
Received=	-0.040721
Feedback: 0.68078
Received=	-0.040932
Feedback: 0.68089
Received=	-0.11603
Feedback: 0.72192
Received=	0.062992
Feedback: 0.62412
Received=	-0.061768
Feedback: 0.69227
Received=	-0.34183
Feedback: 0.84526
Received=	-0.47735
Feedback: 0.9
Received=	-0.59509
Feedback: 0.9
Received=	-0.54683
Feedback: 0.9
Received=	-0.60793
Feedback: 0.9
Received=	-0.79234
Feedback: 0.9
Received=	-0.42818
Feedback: 0.89243
Received=	-0.068445
Feedback: 0.69592
Received=	-0.013139
Feedback: 0.66571
Received=	0.0007611
Feedback: 0.65812
Received=	0.079202
Feedback: 0.61527
Received=	-0.004156
Feedback: 0.6608
Received=	0.053841
Feedback: 0.62912
Received=	0.084206
Feedback: 0.61253
Received=	-0.14514
Feedback: 0.73782
Received=	-0.40764
Feedback: 0.88121
Received=	-0.1177
Feedback: 0.72283
Received=	0.07773
Feedback: 0.61607
Received=	-0.073699
Feedback: 0.69879
Received=	-0.27999
Feedback: 0.81148
Received=	-0.052258
Feedback: 0.68708
Received=	-0.19184
Feedback: 0.76332
Received=	-0.33159
Feedback: 0.83967
Calculated range:	[(-2.285917) - (1.714083)]
Success index = (-1.285917)
Received=	-0.079517
=====  12:11:25 - BASE  ============
Feedback: 0.66
Received=	0.38837
Feedback: 0.66
Received=	0.75219
Feedback: 0.66
Received=	0.62969
Feedback: 0.66
Received=	0.35316
Feedback: 0.66
Received=	0.22574
Feedback: 0.66
Received=	0.76025
Feedback: 0.66
Received=	0.99191
Feedback: 0.66
Received=	0.71909
Feedback: 0.66
Received=	0.37806
Feedback: 0.66
Received=	0.27875
Feedback: 0.66
Received=	0.26144
Feedback: 0.66
Received=	-0.026734
Feedback: 0.66
Received=	-0.39752
Feedback: 0.66
Received=	-0.20449
Feedback: 0.66
Received=	0.00018151
Feedback: 0.66
Received=	-0.065706
Feedback: 0.66
Received=	-0.13037
Feedback: 0.66
Received=	0.069005
Feedback: 0.66
Received=	0.082931
Feedback: 0.66
Received=	0.24846
=====  12:12:25 - NF  ============
Feedback: 0.44874
Received=	0.61191
Feedback: 0.26008
Received=	0.6782
Feedback: 0.22567
Received=	0.11912
Feedback: 0.51587
Received=	-0.0077763
Feedback: 0.58174
Received=	0.12229
Feedback: 0.51423
Received=	0.083154
Feedback: 0.53454
Received=	0.067621
Feedback: 0.5426
Received=	0.057626
Feedback: 0.54779
Received=	0.19503
Feedback: 0.47647
Received=	0.24793
Feedback: 0.44901
Received=	0.086556
Feedback: 0.53277
Received=	-0.0076052
Feedback: 0.58165
Received=	-0.062488
Feedback: 0.61014
Received=	-0.24469
Feedback: 0.70471
Received=	-0.080559
Feedback: 0.61952
Received=	0.041504
Feedback: 0.55616
Received=	0.076835
Feedback: 0.53782
Received=	-0.29329
Feedback: 0.72994
Received=	-0.33017
Feedback: 0.74908
Received=	-0.26039
Feedback: 0.71286
Received=	-0.12107
Feedback: 0.64055
Received=	0.079144
Feedback: 0.53662
Received=	0.30502
Feedback: 0.41938
Received=	0.38569
Feedback: 0.37751
Received=	0.30843
Feedback: 0.41761
Received=	0.18794
Feedback: 0.48015
Received=	0.33728
Feedback: 0.40264
Received=	0.091431
Feedback: 0.53024
Received=	0.194
Feedback: 0.477
Received=	0.24059
Feedback: 0.45282
Received=	0.24035
Feedback: 0.45295
Received=	0.73076
Feedback: 0.19839
Received=	0.55522
Feedback: 0.28951
Received=	0.28372
Feedback: 0.43044
Received=	0.11111
Feedback: 0.52003
Received=	-0.11203
Feedback: 0.63585
Received=	-0.16451
Feedback: 0.66309
Received=	-0.11728
Feedback: 0.63858
Received=	-0.076214
Feedback: 0.61726
Received=	0.39755
Feedback: 0.37135
Received=	0.47527
Feedback: 0.33101
Received=	0.27024
Feedback: 0.43743
Received=	0.015535
Feedback: 0.56964
Received=	0.28636
Feedback: 0.42906
Received=	0.17073
Feedback: 0.48908
Received=	-0.066111
Feedback: 0.61202
Received=	0.0094062
Feedback: 0.57282
Received=	0.33327
Feedback: 0.40471
Received=	0.45016
Feedback: 0.34404
Received=	0.11808
Feedback: 0.51641
Received=	-0.073134
Feedback: 0.61566
Received=	-0.087044
Feedback: 0.62288
Received=	0.079818
Feedback: 0.53627
Received=	0.24996
Feedback: 0.44796
Received=	0.065126
Feedback: 0.5439
Received=	0.17651
Feedback: 0.48608
Received=	0.16117
Feedback: 0.49404
Received=	0.2777
Feedback: 0.43356
Received=	0.0052757
Feedback: 0.57496
Calculated range:	[(-2.000000) - (2.000000)]
Success index = (-0.470655)
Received=	-0.11426
=====  12:15:25 - BASE  ============
Feedback: 0.66
Received=	0.28324
Feedback: 0.66
Received=	0.43538
Feedback: 0.66
Received=	0.43118
Feedback: 0.66
Received=	0.44538
Feedback: 0.66
Received=	0.63276
Feedback: 0.66
Received=	0.58041
Feedback: 0.66
Received=	0.66314
Feedback: 0.66
Received=	0.40632
Feedback: 0.66
Received=	0.089425
Feedback: 0.66
Received=	-0.045685
Feedback: 0.66
Received=	0.029363
Feedback: 0.66
Received=	-0.13044
Feedback: 0.66
Received=	-0.21577
Feedback: 0.66
Received=	-0.19836
Feedback: 0.66
Received=	-0.2125
Feedback: 0.66
Received=	-0.092617
Feedback: 0.66
Received=	-0.082292
Feedback: 0.66
Received=	0.25451
Feedback: 0.66
Received=	0.13053
Feedback: 0.66
Received=	0.26562
=====  12:16:25 - NF  ============
Feedback: 0.44044
Received=	0.34641
Feedback: 0.38827
Received=	0.54699
Feedback: 0.25877
Received=	0.43275
Feedback: 0.33252
Received=	0.30248
Feedback: 0.41664
Received=	0.41303
Feedback: 0.34526
Received=	0.31256
Feedback: 0.41013
Received=	0.22705
Feedback: 0.46534
Received=	0.44216
Feedback: 0.32645
Received=	0.15379
Feedback: 0.51265
Received=	-0.042741
Feedback: 0.63954
Received=	-0.11349
Feedback: 0.68522
Received=	0.19926
Feedback: 0.48329
Received=	0.35486
Feedback: 0.38282
Received=	0.38793
Feedback: 0.36147
Received=	0.283
Feedback: 0.42922
Received=	0.23698
Feedback: 0.45893
Received=	0.10039
Feedback: 0.54713
Received=	0.27602
Feedback: 0.43373
Received=	0.28349
Feedback: 0.4289
Received=	-0.1316
Feedback: 0.69691
Received=	0.078748
Feedback: 0.5611
Received=	0.11525
Feedback: 0.53753
Received=	0.18536
Feedback: 0.49226
Received=	0.36085
Feedback: 0.37895
Received=	-0.023962
Feedback: 0.62742
Received=	-0.27936
Feedback: 0.79232
Received=	-0.23384
Feedback: 0.76293
Received=	-0.36945
Feedback: 0.85049
Received=	-0.25197
Feedback: 0.77463
Received=	0.046485
Feedback: 0.58193
Received=	0.14787
Feedback: 0.51647
Received=	0.27808
Feedback: 0.4324
Received=	0.35006
Feedback: 0.38592
Received=	0.13264
Feedback: 0.5263
Received=	0.14997
Feedback: 0.51511
Received=	0.21766
Feedback: 0.47141
Received=	0.19468
Feedback: 0.48624
Received=	0.2848
Feedback: 0.42805
Received=	0.28805
Feedback: 0.42596
Received=	0.35833
Feedback: 0.38058
Received=	0.32327
Feedback: 0.40321
Received=	0.39671
Feedback: 0.35579
Received=	0.090147
Feedback: 0.55374
Received=	-0.14165
Feedback: 0.70341
Received=	0.04876
Feedback: 0.58046
Received=	0.3024
Feedback: 0.41669
Received=	0.13352
Feedback: 0.52573
Received=	0.059878
Feedback: 0.57328
Received=	0.26719
Feedback: 0.43942
Received=	0.42392
Feedback: 0.33823
Received=	0.44585
Feedback: 0.32407
Received=	0.44318
Feedback: 0.32579
Received=	0.2924
Feedback: 0.42315
Received=	0.38838
Feedback: 0.36118
Received=	0.23465
Feedback: 0.46044
Received=	0.14612
Feedback: 0.5176
Received=	0.12469
Feedback: 0.53143
Received=	-0.075142
Feedback: 0.66046
Received=	-0.06378
Feedback: 0.65313
Calculated range:	[(-2.000000) - (2.000000)]
Success index = (0.054529)
Received=	-0.14477
=====  12:19:25 - BASE  ============
Feedback: 0.66
Received=	-0.12033
Feedback: 0.66
Received=	0.17094
Feedback: 0.66
Received=	0.5087
Feedback: 0.66
Received=	0.73707
Feedback: 0.66
Received=	0.65914
Feedback: 0.66
Received=	0.27815
Feedback: 0.66
Received=	0.077777
Feedback: 0.66
Received=	0.022019
Feedback: 0.66
Received=	0.38919
Feedback: 0.66
Received=	0.55651
Feedback: 0.66
Received=	0.79058
Feedback: 0.66
Received=	0.73497
Feedback: 0.66
Received=	0.6156
Feedback: 0.66
Received=	0.69393
Feedback: 0.66
Received=	0.3714
Feedback: 0.66
Received=	0.40555
Feedback: 0.66
Received=	0.27455
Feedback: 0.66
Received=	0.19825
Feedback: 0.66
Received=	0.19549
Feedback: 0.66
Received=	0.29439
=====  12:20:25 - NF  ============
Feedback: 0.60825
Received=	0.78167
Feedback: 0.20944
Received=	0.89891
Feedback: 0.11349
Received=	0.59881
Feedback: 0.35911
Received=	0.15286
Feedback: 0.72408
Received=	0.28148
Feedback: 0.61882
Received=	0.37475
Feedback: 0.54248
Received=	0.70334
Feedback: 0.27355
Received=	0.51916
Feedback: 0.42429
Received=	0.076233
Feedback: 0.7868
Received=	0.16332
Feedback: 0.71552
Received=	0.12452
Feedback: 0.74728
Received=	0.34102
Feedback: 0.57009
Received=	0.1716
Feedback: 0.70875
Received=	0.0089039
Feedback: 0.8419
Received=	0.14024
Feedback: 0.73441
Received=	0.0063419
Feedback: 0.844
Received=	0.027077
Feedback: 0.82703
Received=	0.09961
Feedback: 0.76767
Received=	-0.04669
Feedback: 0.8874
Received=	0.057273
Feedback: 0.80232
Received=	0.26341
Feedback: 0.63361
Received=	0.41694
Feedback: 0.50795
Received=	0.29799
Feedback: 0.6053
Received=	0.27433
Feedback: 0.62467
Received=	0.21805
Feedback: 0.67073
Received=	0.42376
Feedback: 0.50237
Received=	0.4053
Feedback: 0.51748
Received=	0.2596
Feedback: 0.63673
Received=	0.039426
Feedback: 0.81692
Received=	-0.074381
Feedback: 0.9
Received=	-0.22634
Feedback: 0.9
Received=	0.1029
Feedback: 0.76498
Received=	0.13021
Feedback: 0.74263
Received=	-0.038076
Feedback: 0.88035
Received=	-0.12792
Feedback: 0.9
Received=	-0.28816
Feedback: 0.9
Received=	-0.27542
Feedback: 0.9
Received=	-0.29
Feedback: 0.9
Received=	0.0086505
Feedback: 0.84211
Received=	0.32964
Feedback: 0.5794
Received=	0.23872
Feedback: 0.65381
Received=	0.057664
Feedback: 0.802
Received=	0.030924
Feedback: 0.82388
Received=	0.097933
Feedback: 0.76904
Received=	0.099341
Feedback: 0.76789
Received=	-0.064253
Feedback: 0.9
Received=	-0.24604
Feedback: 0.9
Received=	-0.018777
Feedback: 0.86456
Received=	0.18382
Feedback: 0.69875
Received=	0.15805
Feedback: 0.71983
Received=	0.1765
Feedback: 0.70473
Received=	-0.31719
Feedback: 0.9
Received=	-0.16643
Feedback: 0.9
Received=	-0.10177
Feedback: 0.9
Received=	-0.14689
Feedback: 0.9
Received=	-0.11066
Feedback: 0.9
Received=	0.14546
Feedback: 0.73014
Received=	0.20542
Feedback: 0.68107
Received=	0.48237
Feedback: 0.4544
Calculated range:	[(-2.124609) - (1.875391)]
Success index = (-1.124609)
closing...
