Direction=-1.000000	; step=1.000000;
Received=	0
Feedback: 0.66
Received=	0
Feedback: 0.66
Received=	0
Feedback: 0.66
Received=	0.21003
Feedback: 0.66
Received=	0.28892
Feedback: 0.66
Received=	0.39906
Feedback: 0.66
Received=	0.27955
Feedback: 0.66
Received=	0.076875
Feedback: 0.66
Received=	0.045231
Feedback: 0.66
Received=	-0.038452
Feedback: 0.66
Received=	0.077202
Feedback: 0.66
Received=	0.062372
Feedback: 0.66
Received=	0.01635
Feedback: 0.66
Received=	0.013509
Feedback: 0.66
Received=	-0.013996
Feedback: 0.66
Received=	-0.045292
Feedback: 0.66
Received=	-0.10043
Feedback: 0.66
Received=	0.066245
Feedback: 0.66
Received=	0.14604
Feedback: 0.66
Received=	-0.096565
Feedback: 0.66
Received=	0.069696
=====  12:10:32 - NF  ============
Feedback: 0.51061
Received=	0.0056937
Feedback: 0.60315
Received=	0.088783
Feedback: 0.48302
Received=	0.13554
Feedback: 0.41541
Received=	-0.14998
Feedback: 0.82824
Received=	0.12973
Feedback: 0.42381
Received=	0.076571
Feedback: 0.50067
Received=	-0.0703
Feedback: 0.71303
Received=	0.0609
Feedback: 0.52333
Received=	0.18534
Feedback: 0.3434
Received=	0.22642
Feedback: 0.28401
Received=	0.06441
Feedback: 0.51826
Received=	-0.010011
Feedback: 0.62586
Received=	0.0041836
Feedback: 0.60534
Received=	0.051188
Feedback: 0.53737
Received=	0.12541
Feedback: 0.43005
Received=	0.15973
Feedback: 0.38043
Received=	0.23873
Feedback: 0.26621
Received=	0.17802
Feedback: 0.354
Received=	-0.035777
Feedback: 0.66312
Received=	0.16327
Feedback: 0.37532
Received=	0.2057
Feedback: 0.31397
Received=	0.14473
Feedback: 0.40212
Received=	0.057966
Feedback: 0.52757
Received=	0.058467
Feedback: 0.52685
Received=	0.15886
Feedback: 0.38169
Received=	0.27424
Feedback: 0.21486
Received=	0.36465
Feedback: 0.1
Received=	0.19111
Feedback: 0.33507
Received=	0.11366
Feedback: 0.44705
Received=	0.24773
Feedback: 0.2532
Received=	0.045692
Feedback: 0.54532
Received=	-0.058672
Feedback: 0.69622
Received=	-0.11388
Feedback: 0.77605
Received=	0.025475
Feedback: 0.57455
Received=	0.12382
Feedback: 0.43236
Received=	0.13722
Feedback: 0.41299
Received=	0.12648
Feedback: 0.42851
Received=	0.091888
Feedback: 0.47853
Received=	0.020151
Feedback: 0.58225
Received=	0.25937
Feedback: 0.23637
Received=	0.1301
Feedback: 0.42328
Received=	0.21785
Feedback: 0.2964
Received=	0.19921
Feedback: 0.32336
Received=	0.31322
Feedback: 0.1585
Received=	0.13247
Feedback: 0.41985
Received=	0.075516
Feedback: 0.5022
Received=	0.15591
Feedback: 0.38596
Received=	0.047806
Feedback: 0.54226
Received=	0.078348
Feedback: 0.4981
Received=	0.076676
Feedback: 0.50052
Received=	0.20011
Feedback: 0.32206
Received=	0.20327
Feedback: 0.31748
Received=	0.24351
Feedback: 0.25929
Received=	0.24217
Feedback: 0.26124
Received=	0.14608
Feedback: 0.40017
Received=	0.12801
Feedback: 0.4263
Received=	-0.1739
Feedback: 0.86282
Received=	0.078942
Feedback: 0.49725
Received=	-0.11634
Feedback: 0.7796
Calculated range:	[(-2.000000) - (2.000000)]
Success index = (0.273532)
Received=	-0.23713
=====  12:13:32 - BASE  ============
Feedback: 0.66
Received=	0.11539
Feedback: 0.66
Received=	0.26108
Feedback: 0.66
Received=	0.12051
Feedback: 0.66
Received=	-0.014319
Feedback: 0.66
Received=	0.079677
Feedback: 0.66
Received=	0.28762
Feedback: 0.66
Received=	0.13313
Feedback: 0.66
Received=	-0.11132
Feedback: 0.66
Received=	-0.17982
Feedback: 0.66
Received=	-0.0027321
Feedback: 0.66
Received=	-0.021278
Feedback: 0.66
Received=	-0.074948
Feedback: 0.66
Received=	-0.19226
Feedback: 0.66
Received=	-0.050224
Feedback: 0.66
Received=	-0.06606
Feedback: 0.66
Received=	-0.047209
Feedback: 0.66
Received=	0.054646
Feedback: 0.66
Received=	-0.046407
Feedback: 0.66
Received=	-0.13217
Feedback: 0.66
Received=	-0.11635
=====  12:14:32 - NF  ============
Feedback: 0.67237
Received=	0.039858
Feedback: 0.44072
Received=	0.070144
Feedback: 0.3958
Received=	-0.080871
Feedback: 0.61976
Received=	-0.039909
Feedback: 0.55901
Received=	0.1321
Feedback: 0.30392
Received=	0.33447
Feedback: 0.1
Received=	0.20439
Feedback: 0.19671
Received=	0.29489
Feedback: 0.1
Received=	0.20914
Feedback: 0.18967
Received=	0.07638
Feedback: 0.38655
Received=	0.064938
Feedback: 0.40352
Received=	0.46033
Feedback: 0.1
Received=	0.43241
Feedback: 0.1
Received=	0.13685
Feedback: 0.29688
Received=	0.11403
Feedback: 0.33071
Received=	-0.028532
Feedback: 0.54214
Received=	0.23814
Feedback: 0.14666
Received=	0.36331
Feedback: 0.1
Received=	0.45231
Feedback: 0.1
Received=	-0.046358
Feedback: 0.56858
Received=	-0.069773
Feedback: 0.6033
Received=	0.20437
Feedback: 0.19674
Received=	0.34494
Feedback: 0.1
Received=	0.28627
Feedback: 0.1
Received=	0.36251
Feedback: 0.1
Received=	0.36935
Feedback: 0.1
Received=	0.33901
Feedback: 0.1
Received=	0.26588
Feedback: 0.10552
Received=	0.21494
Feedback: 0.18107
Received=	0.044901
Feedback: 0.43324
Received=	0.17487
Feedback: 0.24048
Received=	0.12908
Feedback: 0.3084
Received=	0.12548
Feedback: 0.31373
Received=	0.20934
Feedback: 0.18937
Received=	0.10999
Feedback: 0.33671
Received=	0.10996
Feedback: 0.33675
Received=	0.13359
Feedback: 0.3017
Received=	-0.14712
Feedback: 0.718
Received=	-0.10405
Feedback: 0.65414
Received=	0.1187
Feedback: 0.32379
Received=	0.089611
Feedback: 0.36693
Received=	-0.0082103
Feedback: 0.512
Received=	-0.02821
Feedback: 0.54166
Received=	-0.091877
Feedback: 0.63608
Received=	-0.085603
Feedback: 0.62678
Received=	-0.12061
Feedback: 0.67869
Received=	-0.010741
Feedback: 0.51576
Received=	0.032163
Feedback: 0.45213
Received=	-0.24437
Feedback: 0.86224
Received=	-0.19264
Feedback: 0.78551
Received=	-0.24687
Feedback: 0.86594
Received=	-0.042696
Feedback: 0.56315
Received=	0.0017982
Feedback: 0.49716
Received=	-0.070956
Feedback: 0.60506
Received=	-0.065167
Feedback: 0.59647
Received=	0.020189
Feedback: 0.46989
Received=	0.02423
Feedback: 0.46389
Received=	0.12386
Feedback: 0.31614
Received=	0.13631
Feedback: 0.29767
Calculated range:	[(-2.000000) - (2.000000)]
Success index = (0.579740)
Received=	0.22073
=====  12:17:32 - BASE  ============
Feedback: 0.66
Received=	0.29955
Feedback: 0.66
Received=	0.42462
Feedback: 0.66
Received=	0.095919
Feedback: 0.66
Received=	-0.16719
Feedback: 0.66
Received=	-0.20938
Feedback: 0.66
Received=	-0.1898
Feedback: 0.66
Received=	-0.084739
Feedback: 0.66
Received=	-0.050479
Feedback: 0.66
Received=	0.034662
Feedback: 0.66
Received=	-0.026816
Feedback: 0.66
Received=	-0.15275
Feedback: 0.66
Received=	-0.32161
Feedback: 0.66
Received=	-0.13636
Feedback: 0.66
Received=	-0.061849
Feedback: 0.66
Received=	0.19769
Feedback: 0.66
Received=	0.19695
Feedback: 0.66
Received=	0.16049
Feedback: 0.66
Received=	0.08158
Feedback: 0.66
Received=	0.15053
Feedback: 0.66
Received=	0.18044
=====  12:18:32 - NF  ============
Feedback: 0.30294
Received=	0.30417
Feedback: 0.17021
Received=	0.31051
Feedback: 0.16341
Received=	0.28672
Feedback: 0.18893
Received=	0.10091
Feedback: 0.38826
Received=	0.10236
Feedback: 0.3867
Received=	0.2705
Feedback: 0.20633
Received=	0.16907
Feedback: 0.31514
Received=	0.37335
Feedback: 0.1
Received=	0.34374
Feedback: 0.12777
Received=	0.33472
Feedback: 0.13744
Received=	0.28149
Feedback: 0.19455
Received=	0.23653
Feedback: 0.24278
Received=	0.23338
Feedback: 0.24615
Received=	0.2445
Feedback: 0.23422
Received=	0.034852
Feedback: 0.45912
Received=	0.16855
Feedback: 0.3157
Received=	0.18338
Feedback: 0.2998
Received=	0.19429
Feedback: 0.28808
Received=	0.04842
Feedback: 0.44457
Received=	0.06132
Feedback: 0.43073
Received=	-0.12856
Feedback: 0.63442
Received=	-0.076416
Feedback: 0.57849
Received=	0.12251
Feedback: 0.36508
Received=	0.28716
Feedback: 0.18846
Received=	-0.026136
Feedback: 0.52455
Received=	-0.11147
Feedback: 0.61609
Received=	0.15227
Feedback: 0.33316
Received=	0.093484
Feedback: 0.39623
Received=	0.096112
Feedback: 0.39341
Received=	-0.087403
Feedback: 0.59027
Received=	0.0019127
Feedback: 0.49446
Received=	-0.031977
Feedback: 0.53081
Received=	0.016667
Feedback: 0.47863
Received=	0.037962
Feedback: 0.45579
Received=	0.013982
Feedback: 0.48151
Received=	0.070115
Feedback: 0.42129
Received=	0.37476
Feedback: 0.1
Received=	0.29984
Feedback: 0.17486
Received=	0.32884
Feedback: 0.14375
Received=	0.38994
Feedback: 0.1
Received=	0.40338
Feedback: 0.1
Received=	0.30504
Feedback: 0.16928
Received=	0.14996
Feedback: 0.33564
Received=	0.26104
Feedback: 0.21648
Received=	0.41174
Feedback: 0.1
Received=	0.26833
Feedback: 0.20866
Received=	0.15033
Feedback: 0.33525
Received=	0.11537
Feedback: 0.37275
Received=	0.27455
Feedback: 0.20199
Received=	0.25489
Feedback: 0.22308
Received=	0.38065
Feedback: 0.1
Received=	0.51356
Feedback: 0.1
Received=	0.44923
Feedback: 0.1
Received=	0.14529
Feedback: 0.34065
Received=	0.039285
Feedback: 0.45437
Received=	-0.049374
Feedback: 0.54948
Received=	0.11561
Feedback: 0.37249
Received=	-0.12906
Feedback: 0.63496
Received=	-0.031342
Feedback: 0.53013
Calculated range:	[(-2.000000) - (2.000000)]
Success index = (1.060027)
Received=	0.060241
=====  12:21:32 - BASE  ============
Feedback: 0.66
Received=	0.095806
Feedback: 0.66
Received=	0.13035
Feedback: 0.66
Received=	0.14588
Feedback: 0.66
Received=	0.13815
Feedback: 0.66
Received=	0.36709
Feedback: 0.66
Received=	0.21703
Feedback: 0.66
Received=	0.36053
Feedback: 0.66
Received=	0.4958
Feedback: 0.66
Received=	0.50452
Feedback: 0.66
Received=	0.36329
Feedback: 0.66
Received=	0.24347
Feedback: 0.66
Received=	0.41221
Feedback: 0.66
Received=	0.14657
Feedback: 0.66
Received=	-0.12098
Feedback: 0.66
Received=	0.11499
Feedback: 0.66
Received=	0.37516
Feedback: 0.66
Received=	0.57333
Feedback: 0.66
Received=	0.43322
Feedback: 0.66
Received=	0.3059
Feedback: 0.66
Received=	0.41575
=====  12:22:32 - NF  ============
Feedback: 0.35601
Received=	0.26685
Feedback: 0.5255
Received=	0.2359
Feedback: 0.56073
Received=	0.18305
Feedback: 0.62089
Received=	0.25363
Feedback: 0.54055
Received=	0.31469
Feedback: 0.47104
Received=	0.25154
Feedback: 0.54292
Received=	0.10248
Feedback: 0.71261
Received=	0.11237
Feedback: 0.70134
Received=	-0.017864
Feedback: 0.84959
Received=	-0.022455
Feedback: 0.85482
Received=	0.038714
Feedback: 0.78519
Received=	0.21112
Feedback: 0.58894
Received=	0.4532
Feedback: 0.31338
Received=	0.2556
Feedback: 0.53831
Received=	0.12545
Feedback: 0.68646
Received=	0.21271
Feedback: 0.58713
Received=	0.34792
Feedback: 0.43322
Received=	0.11811
Feedback: 0.69481
Received=	-0.26103
Feedback: 0.9
Received=	-0.13979
Feedback: 0.9
Received=	-0.048567
Feedback: 0.88454
Received=	0.080955
Feedback: 0.7371
Received=	0.12192
Feedback: 0.69048
Received=	-0.024483
Feedback: 0.85713
Received=	-0.025533
Feedback: 0.85832
Received=	0.065659
Feedback: 0.75452
Received=	0.094436
Feedback: 0.72176
Received=	-0.059964
Feedback: 0.89751
Received=	-0.17067
Feedback: 0.9
Received=	-0.18717
Feedback: 0.9
Received=	-0.016568
Feedback: 0.84812
Received=	0.016261
Feedback: 0.81075
Received=	0.16715
Feedback: 0.63898
Received=	0.18111
Feedback: 0.6231
Received=	-0.11066
Feedback: 0.9
Received=	0.13636
Feedback: 0.67404
Received=	0.36117
Feedback: 0.41813
Received=	-0.03087
Feedback: 0.8644
Received=	-0.17756
Feedback: 0.9
Received=	0.13962
Feedback: 0.67033
Received=	0.36318
Feedback: 0.41584
Received=	0.22482
Feedback: 0.57335
Received=	0.047576
Feedback: 0.7751
Received=	-0.072662
Feedback: 0.9
Received=	0.071552
Feedback: 0.74781
Received=	0.25347
Feedback: 0.54073
Received=	0.12186
Feedback: 0.69054
Received=	-0.011042
Feedback: 0.84183
Received=	-0.23706
Feedback: 0.9
Received=	-0.20869
Feedback: 0.9
Received=	-0.068437
Feedback: 0.9
Received=	-0.10877
Feedback: 0.9
Received=	-0.067388
Feedback: 0.9
Received=	-0.0087579
Feedback: 0.83923
Received=	-0.17739
Feedback: 0.9
Received=	-0.11944
Feedback: 0.9
Received=	-0.082727
Feedback: 0.9
Received=	-0.017433
Feedback: 0.8491
Received=	0.084548
Feedback: 0.73302
Calculated range:	[(-2.287972) - (1.712028)]
Success index = (-1.287972)
Received=	0.21478
=====  12:25:32 - BASE  ============
Feedback: 0.66
Received=	0.024848
Feedback: 0.66
Received=	-0.055144
Feedback: 0.66
Received=	0.20009
Feedback: 0.66
Received=	-0.018051
Feedback: 0.66
Received=	-0.13513
Feedback: 0.66
Received=	-0.028971
Feedback: 0.66
Received=	0.014846
Feedback: 0.66
Received=	0.074713
Feedback: 0.66
Received=	0.20334
Feedback: 0.66
Received=	0.11006
Feedback: 0.66
Received=	0.1542
Feedback: 0.66
Received=	0.2008
Feedback: 0.66
Received=	0.27158
Feedback: 0.66
Received=	0.13066
Feedback: 0.66
Received=	0.44304
Feedback: 0.66
Received=	0.30752
Feedback: 0.66
Received=	-0.00078589
Feedback: 0.66
Received=	-0.12267
Feedback: 0.66
Received=	0.0072634
Feedback: 0.66
Received=	0.13455
=====  12:26:32 - NF  ============
Feedback: 0.39492
Received=	0.33882
Feedback: 0.1322
Received=	0.21681
Feedback: 0.28913
Received=	0.22306
Feedback: 0.28108
Received=	0.18719
Feedback: 0.32722
Received=	0.13638
Feedback: 0.39257
Received=	0.075267
Feedback: 0.47117
Received=	0.20386
Feedback: 0.30577
Received=	0.29357
Feedback: 0.19039
Received=	0.1071
Feedback: 0.43023
Received=	0.11798
Feedback: 0.41623
Received=	0.1171
Feedback: 0.41737
Received=	0.086391
Feedback: 0.45686
Received=	0.10557
Feedback: 0.4322
Received=	0.18001
Feedback: 0.33646
Received=	0.32017
Feedback: 0.15618
Received=	-0.10213
Feedback: 0.69934
Received=	-0.10299
Feedback: 0.70044
Received=	-0.055521
Feedback: 0.63939
Received=	-0.138
Feedback: 0.74547
Received=	-0.29092
Feedback: 0.9
Received=	-0.27668
Feedback: 0.9
Received=	-0.31953
Feedback: 0.9
Received=	-0.1682
Feedback: 0.78431
Received=	-0.3101
Feedback: 0.9
Received=	-0.19796
Feedback: 0.82258
Received=	-0.13901
Feedback: 0.74677
Received=	-0.090917
Feedback: 0.68491
Received=	-0.13251
Feedback: 0.73841
Received=	-0.09766
Feedback: 0.69358
Received=	-0.076883
Feedback: 0.66686
Received=	0.071132
Feedback: 0.47649
Received=	0.094967
Feedback: 0.44583
Received=	-0.020517
Feedback: 0.59436
Received=	0.042974
Feedback: 0.5127
Received=	0.28389
Feedback: 0.20284
Received=	0.19341
Feedback: 0.31922
Received=	0.036321
Feedback: 0.52126
Received=	-0.06266
Feedback: 0.64857
Received=	-0.18959
Feedback: 0.81182
Received=	-0.10733
Feedback: 0.70602
Received=	-0.078498
Feedback: 0.66894
Received=	-0.20127
Feedback: 0.82684
Received=	-0.15927
Feedback: 0.77283
Received=	0.01146
Feedback: 0.55324
Received=	0.041657
Feedback: 0.5144
Received=	0.025967
Feedback: 0.53458
Received=	0.14264
Feedback: 0.38452
Received=	0.25485
Feedback: 0.24019
Received=	0.12944
Feedback: 0.40149
Received=	0.3
Feedback: 0.18213
Received=	0.18692
Feedback: 0.32756
Received=	-0.0098644
Feedback: 0.58066
Received=	0.10668
Feedback: 0.43076
Received=	0.058679
Feedback: 0.4925
Received=	0.14363
Feedback: 0.38324
Received=	0.18257
Feedback: 0.33316
Received=	0.17328
Feedback: 0.34511
Received=	-0.076116
Feedback: 0.66587
Received=	-0.10319
Feedback: 0.7007
Calculated range:	[(-2.000000) - (2.000000)]
Success index = (-0.405629)
closing...
