Direction=-1.000000	; step=1.000000;
Received=	0
Feedback: 0.66
Received=	0
Feedback: 0.66
Received=	0
Feedback: 0.66
Received=	-0.066646
Feedback: 0.66
Received=	-0.26462
Feedback: 0.66
Received=	-0.076738
Feedback: 0.66
Received=	0.0012589
Feedback: 0.66
Received=	-0.45181
Feedback: 0.66
Received=	-0.36225
Feedback: 0.66
Received=	-0.41105
Feedback: 0.66
Received=	-0.46403
Feedback: 0.66
Received=	-0.33622
Feedback: 0.66
Received=	-0.30246
Feedback: 0.66
Received=	-0.20472
Feedback: 0.66
Received=	-0.27651
Feedback: 0.66
Received=	-0.18767
Feedback: 0.66
Received=	-0.23599
Feedback: 0.66
Received=	-0.05432
Feedback: 0.66
Received=	-0.14655
Feedback: 0.66
Received=	0.047354
Feedback: 0.66
Received=	-0.057078
=====  13:21:8 - NF  ============
Feedback: 0.30926
Received=	0.22072
Feedback: 0.1
Received=	0.037656
Feedback: 0.19165
Received=	-0.13218
Feedback: 0.4025
Received=	-0.072897
Feedback: 0.3289
Received=	-0.25974
Feedback: 0.56086
Received=	-0.37514
Feedback: 0.70412
Received=	-0.25066
Feedback: 0.54958
Received=	-0.41842
Feedback: 0.75785
Received=	-0.25744
Feedback: 0.558
Received=	-0.353
Feedback: 0.67664
Received=	-0.62173
Feedback: 0.9
Received=	-0.58034
Feedback: 0.9
Received=	-0.40199
Feedback: 0.73745
Received=	-0.49422
Feedback: 0.85195
Received=	-0.51903
Feedback: 0.88275
Received=	-0.34309
Feedback: 0.66433
Received=	-0.46964
Feedback: 0.82144
Received=	-0.45607
Feedback: 0.80459
Received=	-0.16602
Feedback: 0.4445
Received=	-0.28834
Feedback: 0.59636
Received=	-0.29843
Feedback: 0.60889
Received=	-0.008479
Feedback: 0.24893
Received=	-0.080759
Feedback: 0.33866
Received=	-0.19859
Feedback: 0.48494
Received=	0.038481
Feedback: 0.19063
Received=	0.10167
Feedback: 0.11219
Received=	0.069324
Feedback: 0.15234
Received=	-0.1627
Feedback: 0.44038
Received=	-0.24882
Feedback: 0.5473
Received=	-0.080269
Feedback: 0.33805
Received=	-0.052935
Feedback: 0.30412
Received=	-0.16003
Feedback: 0.43707
Received=	-0.49605
Feedback: 0.85422
Received=	-0.36745
Feedback: 0.69457
Received=	-0.041565
Feedback: 0.29
Received=	-0.15295
Feedback: 0.42828
Received=	-0.086087
Feedback: 0.34527
Received=	-0.0043177
Feedback: 0.24376
Received=	0.077041
Feedback: 0.14276
Received=	0.10121
Feedback: 0.11275
Received=	-0.097317
Feedback: 0.35922
Received=	-0.15744
Feedback: 0.43385
Received=	-0.32425
Feedback: 0.64094
Received=	-0.25538
Feedback: 0.55544
Received=	-0.2884
Feedback: 0.59644
Received=	0.20588
Feedback: 0.1
Received=	0.21733
Feedback: 0.1
Received=	0.028064
Feedback: 0.20356
Received=	0.10498
Feedback: 0.10807
Received=	-0.13623
Feedback: 0.40752
Received=	-0.29901
Feedback: 0.60961
Received=	-0.1911
Feedback: 0.47564
Received=	-0.3486
Feedback: 0.67117
Received=	-0.12067
Feedback: 0.38821
Received=	-0.1467
Feedback: 0.42053
Received=	-0.23704
Feedback: 0.53267
Received=	-0.14244
Feedback: 0.41523
Received=	-0.0091589
Feedback: 0.24977
Received=	0.11247
Feedback: 0.1
Calculated range:	[(-2.000000) - (2.000000)]
Success index = (0.193089)
Received=	-0.17329
=====  13:24:8 - BASE  ============
Feedback: 0.66
Received=	-0.446
Feedback: 0.66
Received=	0.064757
Feedback: 0.66
Received=	0.21067
Feedback: 0.66
Received=	0.095323
Feedback: 0.66
Received=	0.13658
Feedback: 0.66
Received=	-0.13987
Feedback: 0.66
Received=	-0.44803
Feedback: 0.66
Received=	-0.41279
Feedback: 0.66
Received=	-0.46594
Feedback: 0.66
Received=	-0.48036
Feedback: 0.66
Received=	-0.28218
Feedback: 0.66
Received=	0.045917
Feedback: 0.66
Received=	-0.10999
Feedback: 0.66
Received=	-0.2114
Feedback: 0.66
Received=	-0.23505
Feedback: 0.66
Received=	-0.40054
Feedback: 0.66
Received=	-0.32127
Feedback: 0.66
Received=	-0.15612
Feedback: 0.66
Received=	-0.098034
Feedback: 0.66
Received=	-0.030828
=====  13:25:8 - NF  ============
Feedback: 0.36692
Received=	0.069408
Feedback: 0.27644
Received=	-0.084618
Feedback: 0.41548
Received=	-0.2678
Feedback: 0.58085
Received=	-0.15578
Feedback: 0.47972
Received=	-0.038774
Feedback: 0.3741
Received=	-0.13732
Feedback: 0.46306
Received=	-0.38104
Feedback: 0.68308
Received=	-0.41925
Feedback: 0.71757
Received=	-0.50132
Feedback: 0.79166
Received=	-0.35821
Feedback: 0.66247
Received=	-0.40516
Feedback: 0.70485
Received=	-0.24107
Feedback: 0.55672
Received=	-0.38855
Feedback: 0.68985
Received=	-0.43003
Feedback: 0.72731
Received=	-0.36625
Feedback: 0.66972
Received=	-0.19199
Feedback: 0.51241
Received=	0.21902
Feedback: 0.14138
Received=	-0.18939
Feedback: 0.51006
Received=	-0.43519
Feedback: 0.73196
Received=	-0.37347
Feedback: 0.67625
Received=	0.037856
Feedback: 0.30492
Received=	0.56797
Feedback: 0.1
Received=	0.31536
Feedback: 0.1
Received=	-0.040353
Feedback: 0.37552
Received=	0.21594
Feedback: 0.14415
Received=	0.51386
Feedback: 0.1
Received=	0.36857
Feedback: 0.1
Received=	0.15737
Feedback: 0.19703
Received=	0.29426
Feedback: 0.1
Received=	0.019552
Feedback: 0.32144
Received=	-0.22668
Feedback: 0.54373
Received=	-0.40152
Feedback: 0.70157
Received=	-0.18489
Feedback: 0.50601
Received=	-0.045253
Feedback: 0.37995
Received=	-0.41353
Feedback: 0.7124
Received=	-0.27532
Feedback: 0.58763
Received=	-0.09785
Feedback: 0.42743
Received=	0.013272
Feedback: 0.32711
Received=	0.0024926
Feedback: 0.33684
Received=	-0.063971
Feedback: 0.39684
Received=	-0.19547
Feedback: 0.51556
Received=	-0.15725
Feedback: 0.48105
Received=	0.050715
Feedback: 0.29331
Received=	-0.013573
Feedback: 0.35135
Received=	-0.068812
Feedback: 0.40121
Received=	0.017446
Feedback: 0.32334
Received=	-0.1195
Feedback: 0.44697
Received=	0.039339
Feedback: 0.30358
Received=	-0.25467
Feedback: 0.56899
Received=	-0.30797
Feedback: 0.61712
Received=	0.01707
Feedback: 0.32368
Received=	0.045182
Feedback: 0.29831
Received=	-0.066828
Feedback: 0.39942
Received=	0.081338
Feedback: 0.26567
Received=	0.17109
Feedback: 0.18464
Received=	0.066306
Feedback: 0.27924
Received=	0.58252
Feedback: 0.1
Received=	0.74943
Feedback: 0.1
Received=	0.55916
Feedback: 0.1
Calculated range:	[(-2.000000) - (2.000000)]
Success index = (0.464258)
Received=	0.06639
=====  13:28:8 - BASE  ============
Feedback: 0.66
Received=	-0.16232
Feedback: 0.66
Received=	-0.07528
Feedback: 0.66
Received=	0.099494
Feedback: 0.66
Received=	-0.083643
Feedback: 0.66
Received=	-0.24965
Feedback: 0.66
Received=	-0.20876
Feedback: 0.66
Received=	-0.20609
Feedback: 0.66
Received=	-0.33695
Feedback: 0.66
Received=	-0.43438
Feedback: 0.66
Received=	-0.33393
Feedback: 0.66
Received=	-0.4515
Feedback: 0.66
Received=	-0.53199
Feedback: 0.66
Received=	-0.17711
Feedback: 0.66
Received=	-0.14505
Feedback: 0.66
Received=	-0.089505
Feedback: 0.66
Received=	0.012023
Feedback: 0.66
Received=	-0.134
Feedback: 0.66
Received=	0.1119
Feedback: 0.66
Received=	0.25232
Feedback: 0.66
Received=	0.4682
=====  13:29:8 - NF  ============
Feedback: 0.1
Received=	0.068596
Feedback: 0.27424
Received=	-0.199
Feedback: 0.53211
Received=	-0.073042
Feedback: 0.41073
Received=	-0.1579
Feedback: 0.49251
Received=	-0.045885
Feedback: 0.38456
Received=	-0.20868
Feedback: 0.54145
Received=	-0.36139
Feedback: 0.68862
Received=	-0.45638
Feedback: 0.78015
Received=	-0.64942
Feedback: 0.9
Received=	-0.47309
Feedback: 0.79626
Received=	-0.27481
Feedback: 0.60518
Received=	-0.20487
Feedback: 0.53778
Received=	-0.076523
Feedback: 0.41409
Received=	0.17491
Feedback: 0.17178
Received=	0.30057
Feedback: 0.1
Received=	-0.042758
Feedback: 0.38155
Received=	-0.093639
Feedback: 0.43058
Received=	-0.13731
Feedback: 0.47267
Received=	-0.081405
Feedback: 0.41879
Received=	-0.14068
Feedback: 0.47592
Received=	-0.061538
Feedback: 0.39965
Received=	-0.18734
Feedback: 0.52088
Received=	-0.36828
Feedback: 0.69525
Received=	-0.15605
Feedback: 0.49073
Received=	-0.28074
Feedback: 0.6109
Received=	-0.23441
Feedback: 0.56624
Received=	-0.11946
Feedback: 0.45547
Received=	-0.1233
Feedback: 0.45916
Received=	0.11554
Feedback: 0.229
Received=	-0.10112
Feedback: 0.4378
Received=	-0.54965
Feedback: 0.87005
Received=	-0.22745
Feedback: 0.55954
Received=	0.037955
Feedback: 0.30376
Received=	-0.31939
Feedback: 0.64814
Received=	-0.38352
Feedback: 0.70994
Received=	-0.26088
Feedback: 0.59175
Received=	-0.19796
Feedback: 0.53111
Received=	-0.18253
Feedback: 0.51625
Received=	-0.37379
Feedback: 0.70056
Received=	-0.26036
Feedback: 0.59125
Received=	-0.31471
Feedback: 0.64363
Received=	0.15287
Feedback: 0.19302
Received=	0.17296
Feedback: 0.17366
Received=	-0.056149
Feedback: 0.39445
Received=	-0.29031
Feedback: 0.62012
Received=	0.00057504
Feedback: 0.33979
Received=	-0.021691
Feedback: 0.36125
Received=	-0.10238
Feedback: 0.439
Received=	0.15832
Feedback: 0.18777
Received=	0.23444
Feedback: 0.11441
Received=	0.10837
Feedback: 0.23591
Received=	-0.24512
Feedback: 0.57656
Received=	-0.16091
Feedback: 0.49541
Received=	-0.014406
Feedback: 0.35423
Received=	-0.00074751
Feedback: 0.34106
Received=	0.039382
Feedback: 0.30239
Received=	-0.031633
Feedback: 0.37083
Received=	-0.020231
Feedback: 0.35984
Received=	0.20156
Feedback: 0.1461
Calculated range:	[(-2.000000) - (2.000000)]
Success index = (0.227105)
Received=	0.040071
=====  13:32:8 - BASE  ============
Feedback: 0.66
Received=	-0.025472
Feedback: 0.66
Received=	-0.087598
Feedback: 0.66
Received=	0.050098
Feedback: 0.66
Received=	0.029105
Feedback: 0.66
Received=	-0.19003
Feedback: 0.66
Received=	0.1184
Feedback: 0.66
Received=	-0.050774
Feedback: 0.66
Received=	-0.10599
Feedback: 0.66
Received=	0.026619
Feedback: 0.66
Received=	-0.043281
Feedback: 0.66
Received=	-0.19278
Feedback: 0.66
Received=	-0.27935
Feedback: 0.66
Received=	0.00085405
Feedback: 0.66
Received=	0.071186
Feedback: 0.66
Received=	-0.0078577
Feedback: 0.66
Received=	-0.19683
Feedback: 0.66
Received=	-0.28549
Feedback: 0.66
Received=	-0.25116
Feedback: 0.66
Received=	-0.033434
Feedback: 0.66
Received=	-0.21392
=====  13:33:8 - NF  ============
Feedback: 0.71395
Received=	-0.31049
Feedback: 0.86749
Received=	-0.16229
Feedback: 0.63187
Received=	-0.21856
Feedback: 0.72133
Received=	-0.35218
Feedback: 0.9
Received=	-0.38539
Feedback: 0.9
Received=	-0.38195
Feedback: 0.9
Received=	-0.31708
Feedback: 0.87797
Received=	-0.31394
Feedback: 0.87299
Received=	-0.31831
Feedback: 0.87993
Received=	-0.34303
Feedback: 0.9
Received=	-0.41843
Feedback: 0.9
Received=	-0.49759
Feedback: 0.9
Received=	-0.39555
Feedback: 0.9
Received=	-0.44173
Feedback: 0.9
Received=	-0.43969
Feedback: 0.9
Received=	-0.30724
Feedback: 0.86234
Received=	-0.13983
Feedback: 0.59615
Received=	0.078861
Feedback: 0.24845
Received=	-0.1673
Feedback: 0.63983
Received=	-0.20925
Feedback: 0.70654
Received=	-0.46015
Feedback: 0.9
Received=	-0.41922
Feedback: 0.9
Received=	-0.28785
Feedback: 0.8315
Received=	-0.38141
Feedback: 0.9
Received=	-0.20072
Feedback: 0.69297
Received=	-0.074628
Feedback: 0.49249
Received=	-0.21216
Feedback: 0.71116
Received=	-0.29587
Feedback: 0.84425
Received=	-0.055433
Feedback: 0.46197
Received=	-0.053269
Feedback: 0.45853
Received=	-0.23122
Feedback: 0.74147
Received=	-0.0032239
Feedback: 0.37896
Received=	-0.10646
Feedback: 0.54311
Received=	-0.59851
Feedback: 0.9
Received=	-0.11327
Feedback: 0.55393
Received=	0.5713
Feedback: 0.1
Received=	0.41918
Feedback: 0.1
Received=	0.17158
Feedback: 0.10103
Received=	-0.33681
Feedback: 0.9
Received=	-0.5855
Feedback: 0.9
Received=	-0.38205
Feedback: 0.9
Received=	-0.11376
Feedback: 0.5547
Received=	0.050756
Feedback: 0.29314
Received=	0.26158
Feedback: 0.1
Received=	0.084859
Feedback: 0.23892
Received=	0.040779
Feedback: 0.309
Received=	0.21748
Feedback: 0.1
Received=	0.3893
Feedback: 0.1
Received=	0.20531
Feedback: 0.1
Received=	0.036813
Feedback: 0.31531
Received=	0.14478
Feedback: 0.14364
Received=	0.11837
Feedback: 0.18563
Received=	-0.052218
Feedback: 0.45686
Received=	0.051407
Feedback: 0.2921
Received=	0.21736
Feedback: 0.1
Received=	0.29226
Feedback: 0.1
Received=	-0.10897
Feedback: 0.5471
Received=	-0.21155
Feedback: 0.71019
Received=	-0.19352
Feedback: 0.68152
Calculated range:	[(-2.000000) - (2.000000)]
Success index = (-0.269050)
Received=	0.092267
=====  13:36:8 - BASE  ============
Feedback: 0.66
Received=	0.30975
Feedback: 0.66
Received=	0.25437
Feedback: 0.66
Received=	0.09341
Feedback: 0.66
Received=	0.13957
Feedback: 0.66
Received=	-0.050548
Feedback: 0.66
Received=	-0.18788
Feedback: 0.66
Received=	-0.21926
Feedback: 0.66
Received=	-0.067473
Feedback: 0.66
Received=	0.13272
Feedback: 0.66
Received=	0.20498
Feedback: 0.66
Received=	0.2345
Feedback: 0.66
Received=	0.055252
Feedback: 0.66
Received=	0.25557
Feedback: 0.66
Received=	0.21293
Feedback: 0.66
Received=	-0.1955
Feedback: 0.66
Received=	-0.4878
Feedback: 0.66
Received=	-0.20909
Feedback: 0.66
Received=	-0.24011
Feedback: 0.66
Received=	0.025613
Feedback: 0.66
Received=	0.2887
=====  13:37:8 - NF  ============
Feedback: 0.2296
Received=	0.13726
Feedback: 0.37012
Received=	0.20673
Feedback: 0.30566
Received=	-0.035618
Feedback: 0.53054
Received=	-0.16187
Feedback: 0.64768
Received=	-0.28839
Feedback: 0.76508
Received=	-0.32167
Feedback: 0.79596
Received=	-0.12415
Feedback: 0.61269
Received=	0.20627
Feedback: 0.30609
Received=	-0.0087266
Feedback: 0.50558
Received=	-0.046522
Feedback: 0.54065
Received=	-0.089617
Feedback: 0.58064
Received=	-0.18251
Feedback: 0.66683
Received=	-0.1011
Feedback: 0.59129
Received=	-0.12238
Feedback: 0.61104
Received=	-0.14629
Feedback: 0.63323
Received=	-0.16282
Feedback: 0.64857
Received=	0.10077
Feedback: 0.40399
Received=	0.10836
Feedback: 0.39694
Received=	0.025989
Feedback: 0.47337
Received=	-0.028064
Feedback: 0.52353
Received=	-0.14326
Feedback: 0.63042
Received=	-0.083777
Feedback: 0.57522
Received=	-0.18504
Feedback: 0.66918
Received=	-0.14867
Feedback: 0.63544
Received=	-0.08212
Feedback: 0.57369
Received=	-0.051113
Feedback: 0.54491
Received=	-0.19829
Feedback: 0.68148
Received=	-0.21807
Feedback: 0.69983
Received=	-0.14533
Feedback: 0.63233
Received=	-0.038966
Feedback: 0.53364
Received=	-0.090012
Feedback: 0.58101
Received=	-0.35157
Feedback: 0.82371
Received=	-0.17704
Feedback: 0.66176
Received=	-0.18838
Feedback: 0.67229
Received=	0.070223
Feedback: 0.43233
Received=	0.0030034
Feedback: 0.4947
Received=	-0.12102
Feedback: 0.60978
Received=	-0.30184
Feedback: 0.77756
Received=	-0.47566
Feedback: 0.9
Received=	-0.23882
Feedback: 0.71909
Received=	-0.10176
Feedback: 0.59191
Received=	-0.0001719
Feedback: 0.49765
Received=	0.10855
Feedback: 0.39676
Received=	-0.135
Feedback: 0.62276
Received=	-0.30305
Feedback: 0.77868
Received=	-0.47549
Feedback: 0.9
Received=	-0.30678
Feedback: 0.78215
Received=	-0.077434
Feedback: 0.56934
Received=	0.080574
Feedback: 0.42272
Received=	-0.043168
Feedback: 0.53754
Received=	-0.13308
Feedback: 0.62097
Received=	-0.24207
Feedback: 0.7221
Received=	-0.07386
Feedback: 0.56602
Received=	-0.078204
Feedback: 0.57005
Received=	0.15877
Feedback: 0.35016
Received=	0.36886
Feedback: 0.15522
Received=	-0.22938
Feedback: 0.71033
Received=	-0.42901
Feedback: 0.89557
Received=	-0.21561
Feedback: 0.69755
Calculated range:	[(-2.000000) - (2.000000)]
Success index = (-0.538180)
closing...
