Direction=-1.000000	; step=1.000000;
Received=	0
Feedback: 0.66
Received=	0
Feedback: 0.66
Received=	0
Feedback: 0.66
Received=	-0.25418
Feedback: 0.66
Received=	-0.091332
Feedback: 0.66
Received=	0.32719
Feedback: 0.66
Received=	-0.19082
Feedback: 0.66
Received=	-0.0070896
Feedback: 0.66
Received=	0.60127
Feedback: 0.66
Received=	0.60403
Feedback: 0.66
Received=	0.72234
Feedback: 0.66
Received=	0.66775
Feedback: 0.66
Received=	0.26244
Feedback: 0.66
Received=	0.13969
Feedback: 0.66
Received=	-0.4727
Feedback: 0.66
Received=	-0.24917
Feedback: 0.66
Received=	-0.12401
Feedback: 0.66
Received=	0.028894
Feedback: 0.66
Received=	-0.17006
Feedback: 0.66
Received=	-0.065888
Feedback: 0.66
Received=	-0.072254
=====  13:23:32 - NF  ============
Feedback: 0.59424
Received=	-0.14698
Feedback: 0.63609
Received=	-0.28799
Feedback: 0.71507
Received=	0.0023952
Feedback: 0.55244
Received=	-0.32616
Feedback: 0.73645
Received=	0.085174
Feedback: 0.50607
Received=	-0.20962
Feedback: 0.67118
Received=	-0.3818
Feedback: 0.76761
Received=	-0.03573
Feedback: 0.57379
Received=	-0.13728
Feedback: 0.63066
Received=	-0.19055
Feedback: 0.66049
Received=	-0.31723
Feedback: 0.73144
Received=	-0.50526
Feedback: 0.83675
Received=	-0.27919
Feedback: 0.71014
Received=	0.027455
Feedback: 0.5384
Received=	-0.26724
Feedback: 0.70345
Received=	-0.13728
Feedback: 0.63066
Received=	0.028796
Feedback: 0.53765
Received=	0.061731
Feedback: 0.5192
Received=	-0.12732
Feedback: 0.62508
Received=	0.41796
Feedback: 0.3197
Received=	0.3829
Feedback: 0.33933
Received=	0.01999
Feedback: 0.54258
Received=	-0.27066
Feedback: 0.70536
Received=	-0.015997
Feedback: 0.56274
Received=	0.45137
Feedback: 0.30099
Received=	-0.0090104
Feedback: 0.55882
Received=	-0.71487
Feedback: 0.9
Received=	-0.4116
Feedback: 0.78429
Received=	-0.17838
Feedback: 0.65368
Received=	-0.24238
Feedback: 0.68952
Received=	-0.83919
Feedback: 0.9
Received=	-0.67141
Feedback: 0.9
Received=	-0.67248
Feedback: 0.9
Received=	-0.9759
Feedback: 0.9
Received=	-0.27592
Feedback: 0.70831
Received=	-0.069634
Feedback: 0.59278
Received=	-0.22882
Feedback: 0.68193
Received=	-0.41784
Feedback: 0.78779
Received=	-0.33428
Feedback: 0.74099
Received=	-0.37925
Feedback: 0.76617
Received=	-0.58392
Feedback: 0.88081
Received=	-0.22186
Feedback: 0.67803
Received=	-0.23305
Feedback: 0.6843
Received=	0.034684
Feedback: 0.53435
Received=	0.21033
Feedback: 0.43598
Received=	0.1783
Feedback: 0.45392
Received=	-0.035856
Feedback: 0.57386
Received=	-0.15389
Feedback: 0.63996
Received=	-0.16888
Feedback: 0.64836
Received=	-0.19121
Feedback: 0.66086
Received=	-0.10091
Feedback: 0.61029
Received=	0.095918
Feedback: 0.50006
Received=	0.015037
Feedback: 0.54535
Received=	0.0010264
Feedback: 0.5532
Received=	0.24946
Feedback: 0.41407
Received=	-0.12721
Feedback: 0.62502
Received=	-0.45095
Feedback: 0.80633
Received=	-0.3877
Feedback: 0.77091
Received=	-0.14826
Feedback: 0.63681
Calculated range:	[(-2.000000) - (2.000000)]
Success index = (-0.914617)
Received=	-0.12098
=====  13:26:32 - BASE  ============
Feedback: 0.66
Received=	-0.20569
Feedback: 0.66
Received=	-0.5059
Feedback: 0.66
Received=	0.42496
Feedback: 0.66
Received=	0.68425
Feedback: 0.66
Received=	0.015168
Feedback: 0.66
Received=	0.081256
Feedback: 0.66
Received=	0.95281
Feedback: 0.66
Received=	0.4589
Feedback: 0.66
Received=	-0.047478
Feedback: 0.66
Received=	0.070912
Feedback: 0.66
Received=	0.20998
Feedback: 0.66
Received=	0.17764
Feedback: 0.66
Received=	0.357
Feedback: 0.66
Received=	-0.36646
Feedback: 0.66
Received=	-0.61323
Feedback: 0.66
Received=	-0.613
Feedback: 0.66
Received=	-0.46081
Feedback: 0.66
Received=	-0.45427
Feedback: 0.66
Received=	-0.68782
Feedback: 0.66
Received=	-0.57807
=====  13:27:32 - NF  ============
Feedback: 0.73074
Received=	-0.4389
Feedback: 0.67345
Received=	-0.32146
Feedback: 0.6251
Received=	-0.50579
Feedback: 0.70098
Received=	0.36697
Feedback: 0.34171
Received=	0.1041
Feedback: 0.44992
Received=	-0.39455
Feedback: 0.65519
Received=	-0.31228
Feedback: 0.62132
Received=	-0.43961
Feedback: 0.67374
Received=	-0.46878
Feedback: 0.68575
Received=	-0.38049
Feedback: 0.6494
Received=	-0.36048
Feedback: 0.64117
Received=	-0.39309
Feedback: 0.65459
Received=	-0.36926
Feedback: 0.64478
Received=	-0.22797
Feedback: 0.58662
Received=	-0.26603
Feedback: 0.60229
Received=	-0.69402
Feedback: 0.77847
Received=	-0.33515
Feedback: 0.63074
Received=	-0.11803
Feedback: 0.54136
Received=	-0.29385
Feedback: 0.61374
Received=	-0.50651
Feedback: 0.70128
Received=	-0.60074
Feedback: 0.74007
Received=	-0.45579
Feedback: 0.6804
Received=	-0.49403
Feedback: 0.69614
Received=	-0.27243
Feedback: 0.60492
Received=	-0.69786
Feedback: 0.78005
Received=	-0.75181
Feedback: 0.80226
Received=	-0.39865
Feedback: 0.65688
Received=	0.19094
Feedback: 0.41417
Received=	-0.4085
Feedback: 0.66093
Received=	-1.0202
Feedback: 0.9
Received=	-0.51221
Feedback: 0.70362
Received=	-1.0733
Feedback: 0.9
Received=	-1.1095
Feedback: 0.9
Received=	-0.78867
Feedback: 0.81743
Received=	-0.69677
Feedback: 0.7796
Received=	-0.84035
Feedback: 0.83871
Received=	-0.85409
Feedback: 0.84436
Received=	-1.5022
Feedback: 0.9
Received=	-1.3385
Feedback: 0.9
Received=	-0.84911
Feedback: 0.84231
Received=	-0.62195
Feedback: 0.7488
Received=	-0.88248
Feedback: 0.85605
Received=	-0.72049
Feedback: 0.78937
Received=	-0.74713
Feedback: 0.80033
Received=	-0.16872
Feedback: 0.56222
Received=	0.21332
Feedback: 0.40496
Received=	-0.30247
Feedback: 0.61729
Received=	-0.4878
Feedback: 0.69358
Received=	-0.22138
Feedback: 0.5839
Received=	-0.05615
Feedback: 0.51589
Received=	0.18791
Feedback: 0.41542
Received=	0.18768
Feedback: 0.41551
Received=	-0.45154
Feedback: 0.67865
Received=	-0.60823
Feedback: 0.74315
Received=	-0.50408
Feedback: 0.70028
Received=	-0.067371
Feedback: 0.52051
Received=	-0.46136
Feedback: 0.68269
Received=	-0.74355
Feedback: 0.79886
Received=	-0.95243
Feedback: 0.88484
Calculated range:	[(-2.166510) - (1.833490)]
Success index = (-1.166510)
Received=	-0.60793
=====  13:30:32 - BASE  ============
Feedback: 0.66
Received=	-0.89509
Feedback: 0.66
Received=	-0.43989
Feedback: 0.66
Received=	0.0046099
Feedback: 0.66
Received=	0.038097
Feedback: 0.66
Received=	-0.56589
Feedback: 0.66
Received=	-1.0476
Feedback: 0.66
Received=	-0.88682
Feedback: 0.66
Received=	-0.75701
Feedback: 0.66
Received=	-1.3773
Feedback: 0.66
Received=	-1.6081
Feedback: 0.66
Received=	-1.0454
Feedback: 0.66
Received=	-0.92856
Feedback: 0.66
Received=	-1.0712
Feedback: 0.66
Received=	-1.0704
Feedback: 0.66
Received=	-0.8788
Feedback: 0.66
Received=	-0.08096
Feedback: 0.66
Received=	-0.23218
Feedback: 0.66
Received=	-0.53049
Feedback: 0.66
Received=	-0.60008
Feedback: 0.66
Received=	-1.0896
=====  13:31:32 - NF  ============
Feedback: 0.62284
Received=	-0.96229
Feedback: 0.56809
Received=	-1.0426
Feedback: 0.60261
Received=	-0.87655
Feedback: 0.53121
Received=	-0.24828
Feedback: 0.26099
Received=	-0.043242
Feedback: 0.1728
Received=	-0.38069
Feedback: 0.31794
Received=	-0.37731
Feedback: 0.31649
Received=	-0.6871
Feedback: 0.44973
Received=	-0.55202
Feedback: 0.39163
Received=	-0.17938
Feedback: 0.23135
Received=	-0.8056
Feedback: 0.5007
Received=	-1.0487
Feedback: 0.60524
Received=	-0.53933
Feedback: 0.38617
Received=	-0.33194
Feedback: 0.29697
Received=	-0.55133
Feedback: 0.39133
Received=	-0.91015
Feedback: 0.54566
Received=	-0.74839
Feedback: 0.47609
Received=	-0.1631
Feedback: 0.22435
Received=	0.32689
Feedback: 0.1
Received=	0.040401
Feedback: 0.13682
Received=	-0.17074
Feedback: 0.22764
Received=	-0.36691
Feedback: 0.31201
Received=	-0.79635
Feedback: 0.49672
Received=	-1.2772
Feedback: 0.70353
Received=	-0.99456
Feedback: 0.58197
Received=	-0.68492
Feedback: 0.44879
Received=	-0.4277
Feedback: 0.33816
Received=	-0.82027
Feedback: 0.507
Received=	-0.67782
Feedback: 0.44573
Received=	-0.84507
Feedback: 0.51767
Received=	-1.1969
Feedback: 0.66899
Received=	-1.3355
Feedback: 0.72861
Received=	-1.4585
Feedback: 0.7815
Received=	-1.3847
Feedback: 0.74979
Received=	-0.83717
Feedback: 0.51427
Received=	-0.89644
Feedback: 0.53977
Received=	-0.65834
Feedback: 0.43736
Received=	-0.82779
Feedback: 0.51024
Received=	-0.83461
Feedback: 0.51317
Received=	0.15262
Feedback: 0.1
Received=	0.05023
Feedback: 0.1326
Received=	-0.50588
Feedback: 0.37179
Received=	-0.46395
Feedback: 0.35375
Received=	-0.32001
Feedback: 0.29184
Received=	-0.87897
Feedback: 0.53225
Received=	-0.49005
Feedback: 0.36498
Received=	-0.82202
Feedback: 0.50776
Received=	-1.1902
Feedback: 0.66613
Received=	-0.68917
Feedback: 0.45062
Received=	-0.89667
Feedback: 0.53986
Received=	-1.2313
Feedback: 0.68381
Received=	-1.2595
Feedback: 0.69591
Received=	-1.0028
Feedback: 0.58551
Received=	-0.83746
Feedback: 0.5144
Received=	-0.73183
Feedback: 0.46897
Received=	-0.96015
Feedback: 0.56717
Received=	-0.99514
Feedback: 0.58222
Received=	-1.2091
Feedback: 0.67425
Received=	-1.2312
Feedback: 0.68377
Calculated range:	[(-2.000000) - (2.000000)]
Success index = (0.016625)
Received=	-0.76406
=====  13:34:32 - BASE  ============
Feedback: 0.66
Received=	-0.55545
Feedback: 0.66
Received=	-0.6422
Feedback: 0.66
Received=	-0.69201
Feedback: 0.66
Received=	-0.50423
Feedback: 0.66
Received=	-0.4182
Feedback: 0.66
Received=	-0.86914
Feedback: 0.66
Received=	-1.0171
Feedback: 0.66
Received=	-0.99395
Feedback: 0.66
Received=	-1.1821
Feedback: 0.66
Received=	-0.89245
Feedback: 0.66
Received=	-0.54136
Feedback: 0.66
Received=	-0.14747
Feedback: 0.66
Received=	-0.84975
Feedback: 0.66
Received=	-0.65287
Feedback: 0.66
Received=	-0.25122
Feedback: 0.66
Received=	-0.024989
Feedback: 0.66
Received=	-0.20931
Feedback: 0.66
Received=	-0.72827
Feedback: 0.66
Received=	-0.98747
Feedback: 0.66
Received=	-0.91777
=====  13:35:32 - NF  ============
Feedback: 0.66392
Received=	-1.024
Feedback: 0.72767
Received=	-0.51348
Feedback: 0.42125
Received=	-0.45939
Feedback: 0.38879
Received=	-0.30994
Feedback: 0.29908
Received=	-0.39891
Feedback: 0.35249
Received=	-0.44236
Feedback: 0.37857
Received=	-0.071094
Feedback: 0.15572
Received=	-0.02147
Feedback: 0.12593
Received=	-0.18909
Feedback: 0.22654
Received=	-0.85739
Feedback: 0.62768
Received=	-0.71322
Feedback: 0.54115
Received=	-0.20558
Feedback: 0.23644
Received=	-0.49888
Feedback: 0.41249
Received=	-0.45058
Feedback: 0.3835
Received=	-0.53768
Feedback: 0.43578
Received=	-0.54877
Feedback: 0.44244
Received=	0.16703
Feedback: 0.1
Received=	0.63596
Feedback: 0.1
Received=	0.33002
Feedback: 0.1
Received=	-0.16833
Feedback: 0.21408
Received=	-0.3118
Feedback: 0.3002
Received=	-0.83736
Feedback: 0.61566
Received=	-1.0214
Feedback: 0.72616
Received=	-0.83045
Feedback: 0.61151
Received=	-0.53293
Feedback: 0.43293
Received=	-0.74538
Feedback: 0.56045
Received=	-0.51807
Feedback: 0.42401
Received=	0.24906
Feedback: 0.1
Received=	0.30059
Feedback: 0.1
Received=	-0.18083
Feedback: 0.22158
Received=	-0.38548
Feedback: 0.34443
Received=	-0.49387
Feedback: 0.40948
Received=	-0.81024
Feedback: 0.59938
Received=	-0.89709
Feedback: 0.65151
Received=	-0.96907
Feedback: 0.69472
Received=	-0.53137
Feedback: 0.43199
Received=	-0.60359
Feedback: 0.47534
Received=	-0.69125
Feedback: 0.52796
Received=	-0.79489
Feedback: 0.59016
Received=	-0.73257
Feedback: 0.55276
Received=	-0.50652
Feedback: 0.41708
Received=	-0.59337
Feedback: 0.4692
Received=	-1.3051
Feedback: 0.8964
Received=	-1.2898
Feedback: 0.88725
Received=	-0.7872
Feedback: 0.58555
Received=	-0.58115
Feedback: 0.46187
Received=	0.16936
Feedback: 0.1
Received=	0.42233
Feedback: 0.1
Received=	-0.12832
Feedback: 0.19006
Received=	-0.83461
Feedback: 0.61401
Received=	-0.81125
Feedback: 0.59998
Received=	-0.57722
Feedback: 0.45951
Received=	-0.73585
Feedback: 0.55473
Received=	-0.42688
Feedback: 0.36927
Received=	-0.38626
Feedback: 0.34489
Received=	-1.0411
Feedback: 0.73796
Received=	-0.9952
Feedback: 0.7104
Received=	-0.39181
Feedback: 0.34822
Received=	-0.484
Feedback: 0.40356
Calculated range:	[(-2.000000) - (2.000000)]
Success index = (0.374912)
Received=	-0.52541
=====  13:38:32 - BASE  ============
Feedback: 0.66
Received=	0.018744
Feedback: 0.66
Received=	0.021916
Feedback: 0.66
Received=	0.090409
Feedback: 0.66
Received=	-0.25259
Feedback: 0.66
Received=	-0.20353
Feedback: 0.66
Received=	-0.076058
Feedback: 0.66
Received=	-0.44371
Feedback: 0.66
Received=	-0.57498
Feedback: 0.66
Received=	-0.70452
Feedback: 0.66
Received=	-1.5597
Feedback: 0.66
Received=	-1.2101
Feedback: 0.66
Received=	-0.64404
Feedback: 0.66
Received=	-0.25816
Feedback: 0.66
Received=	-0.26589
Feedback: 0.66
Received=	-0.34795
Feedback: 0.66
Received=	-0.61882
Feedback: 0.66
Received=	-0.79207
Feedback: 0.66
Received=	-1.2817
Feedback: 0.66
Received=	-0.90683
Feedback: 0.66
Received=	-0.64112
=====  13:39:32 - NF  ============
Feedback: 0.53649
Received=	-0.73347
Feedback: 0.57662
Received=	-0.45591
Feedback: 0.45602
Received=	-0.048293
Feedback: 0.27892
Received=	-0.32563
Feedback: 0.39942
Received=	-0.71162
Feedback: 0.56712
Received=	-0.72305
Feedback: 0.57209
Received=	-0.5253
Feedback: 0.48617
Received=	-0.63075
Feedback: 0.53199
Received=	-0.38429
Feedback: 0.4249
Received=	-0.21391
Feedback: 0.35088
Received=	-0.65068
Feedback: 0.54065
Received=	-0.91339
Feedback: 0.65479
Received=	-1.1137
Feedback: 0.74182
Received=	-0.98137
Feedback: 0.68433
Received=	-0.81864
Feedback: 0.61362
Received=	-0.5128
Feedback: 0.48074
Received=	-0.23265
Feedback: 0.35902
Received=	-0.020899
Feedback: 0.26702
Received=	-0.53335
Feedback: 0.48967
Received=	-0.95163
Feedback: 0.67141
Received=	-0.59934
Feedback: 0.51834
Received=	-0.33947
Feedback: 0.40543
Received=	-0.50101
Feedback: 0.47562
Received=	-0.38967
Feedback: 0.42724
Received=	-0.6167
Feedback: 0.52588
Received=	-0.59986
Feedback: 0.51857
Received=	-0.31044
Feedback: 0.39282
Received=	-0.93782
Feedback: 0.66541
Received=	-0.27482
Feedback: 0.37734
Received=	0.6283
Feedback: 0.1
Received=	0.34758
Feedback: 0.10691
Received=	-0.1313
Feedback: 0.31498
Received=	-0.54274
Feedback: 0.49375
Received=	-0.77825
Feedback: 0.59607
Received=	-0.49015
Feedback: 0.4709
Received=	-1.2571
Feedback: 0.80412
Received=	-0.63947
Feedback: 0.53578
Received=	-0.5119
Feedback: 0.48035
Received=	-0.82883
Feedback: 0.61805
Received=	-0.2128
Feedback: 0.35039
Received=	-0.014977
Feedback: 0.26444
Received=	-0.57487
Feedback: 0.50771
Received=	-1.0919
Feedback: 0.73233
Received=	-0.836
Feedback: 0.62117
Received=	-0.86706
Feedback: 0.63466
Received=	-0.67142
Feedback: 0.54966
Received=	-0.5075
Feedback: 0.47844
Received=	-0.61349
Feedback: 0.52449
Received=	-0.59853
Feedback: 0.51799
Received=	0.38798
Feedback: 0.1
Received=	0.082181
Feedback: 0.22223
Received=	-0.71826
Feedback: 0.57001
Received=	-0.83221
Feedback: 0.61952
Received=	-0.99891
Feedback: 0.69195
Received=	-0.90534
Feedback: 0.65129
Received=	-0.79492
Feedback: 0.60332
Received=	-0.3429
Feedback: 0.40692
Received=	-0.037337
Feedback: 0.27416
Received=	0.063666
Feedback: 0.23027
Calculated range:	[(-2.000000) - (2.000000)]
Success index = (0.102519)
closing...
