Direction=-1.000000	; step=1.000000;
Received=	0
Feedback: 0.66
Received=	0
Feedback: 0.66
Received=	0
Feedback: 0.66
Received=	-0.11383
Feedback: 0.66
Received=	0.05784
Feedback: 0.66
Received=	-0.0097151
Feedback: 0.66
Received=	-0.11191
Feedback: 0.66
Received=	-0.42906
Feedback: 0.66
Received=	-0.54027
Feedback: 0.66
Received=	-0.32111
Feedback: 0.66
Received=	-0.24421
Feedback: 0.66
Received=	-0.14422
Feedback: 0.66
Received=	-0.081553
Feedback: 0.66
Received=	-0.11956
Feedback: 0.66
Received=	-0.028255
Feedback: 0.66
Received=	0.014925
Feedback: 0.66
Received=	-0.063455
Feedback: 0.66
Received=	-0.11365
Feedback: 0.66
Received=	-0.14125
Feedback: 0.66
Received=	-0.14256
Feedback: 0.66
Received=	-0.17797
=====  11:48:41 - NF  ============
Feedback: 0.54796
Received=	-0.31592
Feedback: 0.72529
Received=	-0.048715
Feedback: 0.38181
Received=	0.10353
Feedback: 0.1861
Received=	-0.45699
Feedback: 0.9
Received=	-0.095636
Feedback: 0.44213
Received=	0.18453
Feedback: 0.1
Received=	-0.32026
Feedback: 0.73087
Received=	-0.74344
Feedback: 0.9
Received=	-0.42005
Feedback: 0.85915
Received=	-0.25501
Feedback: 0.647
Received=	0.31041
Feedback: 0.1
Received=	-0.1488
Feedback: 0.51046
Received=	-0.33616
Feedback: 0.75131
Received=	-0.13253
Feedback: 0.48955
Received=	-0.069666
Feedback: 0.40874
Received=	-0.45279
Feedback: 0.9
Received=	-0.30742
Feedback: 0.71437
Received=	-0.085471
Feedback: 0.42906
Received=	0.044734
Feedback: 0.26169
Received=	0.020169
Feedback: 0.29326
Received=	-0.23594
Feedback: 0.62248
Received=	-0.63214
Feedback: 0.9
Received=	-0.46335
Feedback: 0.9
Received=	-0.32407
Feedback: 0.73577
Received=	-0.38227
Feedback: 0.81058
Received=	0.021082
Feedback: 0.29209
Received=	0.069671
Feedback: 0.22963
Received=	-0.62951
Feedback: 0.9
Received=	-0.69197
Feedback: 0.9
Received=	-0.55003
Feedback: 0.9
Received=	-0.3768
Feedback: 0.80356
Received=	-0.012604
Feedback: 0.33539
Received=	-0.019078
Feedback: 0.34371
Received=	-0.3742
Feedback: 0.80021
Received=	-0.45739
Feedback: 0.9
Received=	-0.50436
Feedback: 0.9
Received=	-0.35653
Feedback: 0.77749
Received=	-0.669
Feedback: 0.9
Received=	-0.36971
Feedback: 0.79443
Received=	-0.70934
Feedback: 0.9
Received=	-0.861
Feedback: 0.9
Received=	-0.47819
Feedback: 0.9
Received=	-0.26741
Feedback: 0.66294
Received=	-0.23524
Feedback: 0.62159
Received=	-0.25149
Feedback: 0.64246
Received=	-0.034923
Feedback: 0.36408
Received=	-0.23159
Feedback: 0.61689
Received=	-0.3972
Feedback: 0.82978
Received=	-0.44419
Feedback: 0.89019
Received=	-0.56691
Feedback: 0.9
Received=	-0.53457
Feedback: 0.9
Received=	-0.42731
Feedback: 0.86848
Received=	-0.70886
Feedback: 0.9
Received=	-0.55967
Feedback: 0.9
Received=	-0.63755
Feedback: 0.9
Received=	-0.43772
Feedback: 0.88186
Received=	-0.34941
Feedback: 0.76834
Received=	-0.32927
Feedback: 0.74245
Received=	-0.28031
Feedback: 0.67952
Calculated range:	[(-2.000000) - (2.000000)]
Success index = (-0.797001)
Received=	-0.11449
=====  11:51:41 - BASE  ============
Feedback: 0.66
Received=	0.23754
Feedback: 0.66
Received=	0.52625
Feedback: 0.66
Received=	0.91316
Feedback: 0.66
Received=	0.69648
Feedback: 0.66
Received=	0.24682
Feedback: 0.66
Received=	-0.0023309
Feedback: 0.66
Received=	0.086623
Feedback: 0.66
Received=	0.064833
Feedback: 0.66
Received=	0.071712
Feedback: 0.66
Received=	-0.16383
Feedback: 0.66
Received=	0.0064161
Feedback: 0.66
Received=	-0.053365
Feedback: 0.66
Received=	-0.19084
Feedback: 0.66
Received=	-0.28672
Feedback: 0.66
Received=	-0.38909
Feedback: 0.66
Received=	-0.37139
Feedback: 0.66
Received=	-0.060866
Feedback: 0.66
Received=	0.057546
Feedback: 0.66
Received=	-0.055726
Feedback: 0.66
Received=	-0.059228
=====  11:52:41 - NF  ============
Feedback: 0.56909
Received=	0.18157
Feedback: 0.43056
Received=	-0.22539
Feedback: 0.66468
Received=	-0.77171
Feedback: 0.9
Received=	-0.40606
Feedback: 0.76861
Received=	-0.34935
Feedback: 0.73599
Received=	-0.6212
Feedback: 0.89238
Received=	-0.75429
Feedback: 0.9
Received=	-0.39812
Feedback: 0.76405
Received=	-0.60273
Feedback: 0.88175
Received=	-0.5599
Feedback: 0.85711
Received=	-0.59408
Feedback: 0.87677
Received=	-0.58854
Feedback: 0.87359
Received=	-0.66567
Feedback: 0.9
Received=	-0.69112
Feedback: 0.9
Received=	-0.59813
Feedback: 0.8791
Received=	-0.29133
Feedback: 0.70261
Received=	-0.24457
Feedback: 0.67571
Received=	-0.27862
Feedback: 0.6953
Received=	-0.39553
Feedback: 0.76255
Received=	-0.71118
Feedback: 0.9
Received=	-0.71513
Feedback: 0.9
Received=	-0.56809
Feedback: 0.86183
Received=	-0.35987
Feedback: 0.74204
Received=	-0.16013
Feedback: 0.62714
Received=	-0.19469
Feedback: 0.64702
Received=	-0.21222
Feedback: 0.6571
Received=	-0.14285
Feedback: 0.61719
Received=	-0.73253
Feedback: 0.9
Received=	-0.98732
Feedback: 0.9
Received=	-0.68237
Feedback: 0.9
Received=	-0.40866
Feedback: 0.77011
Received=	-0.45871
Feedback: 0.7989
Received=	-0.43983
Feedback: 0.78804
Received=	-0.38265
Feedback: 0.75514
Received=	-0.0014332
Feedback: 0.53584
Received=	-0.11672
Feedback: 0.60217
Received=	-0.2284
Feedback: 0.66641
Received=	-0.28513
Feedback: 0.69905
Received=	0.038992
Feedback: 0.51259
Received=	-0.11027
Feedback: 0.59845
Received=	-0.4891
Feedback: 0.81638
Received=	-0.60336
Feedback: 0.88211
Received=	-0.61188
Feedback: 0.88701
Received=	-0.77715
Feedback: 0.9
Received=	-0.82528
Feedback: 0.9
Received=	-0.63188
Feedback: 0.89852
Received=	-0.16016
Feedback: 0.62715
Received=	-0.28816
Feedback: 0.70079
Received=	-0.33004
Feedback: 0.72488
Received=	-0.2729
Feedback: 0.69201
Received=	-0.16451
Feedback: 0.62966
Received=	-0.3506
Feedback: 0.73671
Received=	-0.17176
Feedback: 0.63382
Received=	0.06519
Feedback: 0.49752
Received=	-0.42183
Feedback: 0.77768
Received=	-0.31937
Feedback: 0.71874
Received=	-0.010789
Feedback: 0.54122
Received=	0.25922
Feedback: 0.38589
Received=	0.080464
Feedback: 0.48873
Calculated range:	[(-2.518566) - (1.481434)]
Success index = (-1.518566)
Received=	-0.16153
=====  11:55:41 - BASE  ============
Feedback: 0.66
Received=	-0.055281
Feedback: 0.66
Received=	0.57722
Feedback: 0.66
Received=	0.2747
Feedback: 0.66
Received=	-0.045926
Feedback: 0.66
Received=	-0.23373
Feedback: 0.66
Received=	-0.91629
Feedback: 0.66
Received=	-0.48762
Feedback: 0.66
Received=	-0.19796
Feedback: 0.66
Received=	0.094857
Feedback: 0.66
Received=	-0.16361
Feedback: 0.66
Received=	-0.6207
Feedback: 0.66
Received=	-0.58773
Feedback: 0.66
Received=	-0.51766
Feedback: 0.66
Received=	-0.40877
Feedback: 0.66
Received=	-0.62194
Feedback: 0.66
Received=	-0.24219
Feedback: 0.66
Received=	-0.40406
Feedback: 0.66
Received=	-0.35913
Feedback: 0.66
Received=	-0.3367
Feedback: 0.66
Received=	-0.24851
=====  11:56:41 - NF  ============
Feedback: 0.37358
Received=	-0.16347
Feedback: 0.32557
Received=	-0.1442
Feedback: 0.31469
Received=	-0.22595
Feedback: 0.36085
Received=	-0.26443
Feedback: 0.38257
Received=	-0.70931
Feedback: 0.6337
Received=	-0.62456
Feedback: 0.58586
Received=	-0.55098
Feedback: 0.54433
Received=	-0.36836
Feedback: 0.44124
Received=	-0.30732
Feedback: 0.40678
Received=	-0.42772
Feedback: 0.47475
Received=	-0.49839
Feedback: 0.51464
Received=	-0.25473
Feedback: 0.37709
Received=	0.075397
Feedback: 0.19073
Received=	-0.42284
Feedback: 0.47199
Received=	-0.53737
Feedback: 0.53664
Received=	-0.32539
Feedback: 0.41698
Received=	-0.33921
Feedback: 0.42478
Received=	-0.62784
Feedback: 0.58771
Received=	0.094526
Feedback: 0.17993
Received=	0.25959
Feedback: 0.1
Received=	0.040324
Feedback: 0.21053
Received=	-0.17849
Feedback: 0.33406
Received=	-0.36788
Feedback: 0.44096
Received=	-0.70873
Feedback: 0.63338
Received=	-0.93488
Feedback: 0.76104
Received=	-0.77212
Feedback: 0.66916
Received=	-0.41822
Feedback: 0.46938
Received=	-0.20214
Feedback: 0.3474
Received=	-0.68209
Feedback: 0.61834
Received=	-0.4387
Feedback: 0.48094
Received=	-0.1638
Feedback: 0.32576
Received=	-0.11723
Feedback: 0.29947
Received=	0.55713
Feedback: 0.1
Received=	0.23633
Feedback: 0.1
Received=	-0.29084
Feedback: 0.39747
Received=	-0.13363
Feedback: 0.30873
Received=	-0.077997
Feedback: 0.27732
Received=	-0.45284
Feedback: 0.48892
Received=	-0.67772
Feedback: 0.61587
Received=	-0.5703
Feedback: 0.55523
Received=	-0.50523
Feedback: 0.5185
Received=	-0.74692
Feedback: 0.65493
Received=	-0.30205
Feedback: 0.4038
Received=	-0.29833
Feedback: 0.4017
Received=	-0.23298
Feedback: 0.36481
Received=	-0.59606
Feedback: 0.56978
Received=	-0.72156
Feedback: 0.64062
Received=	-0.66627
Feedback: 0.6094
Received=	-0.13075
Feedback: 0.3071
Received=	-0.02321
Feedback: 0.2464
Received=	-0.3335
Feedback: 0.42156
Received=	-0.70265
Feedback: 0.62994
Received=	-0.42082
Feedback: 0.47085
Received=	-0.17559
Feedback: 0.33241
Received=	-0.25283
Feedback: 0.37602
Received=	-0.35227
Feedback: 0.43215
Received=	-0.38519
Feedback: 0.45074
Received=	-0.30609
Feedback: 0.40608
Received=	-0.29294
Feedback: 0.39866
Calculated range:	[(-2.000000) - (2.000000)]
Success index = (-0.173320)
Received=	-0.74264
=====  11:59:41 - BASE  ============
Feedback: 0.66
Received=	-0.83499
Feedback: 0.66
Received=	-0.18981
Feedback: 0.66
Received=	-0.21487
Feedback: 0.66
Received=	0.008751
Feedback: 0.66
Received=	-0.26088
Feedback: 0.66
Received=	-0.32179
Feedback: 0.66
Received=	-0.24315
Feedback: 0.66
Received=	-0.53367
Feedback: 0.66
Received=	-0.39008
Feedback: 0.66
Received=	-0.35989
Feedback: 0.66
Received=	-0.4339
Feedback: 0.66
Received=	-0.73821
Feedback: 0.66
Received=	-0.8909
Feedback: 0.66
Received=	-0.77779
Feedback: 0.66
Received=	-0.87516
Feedback: 0.66
Received=	-1.1275
Feedback: 0.66
Received=	-0.90283
Feedback: 0.66
Received=	-0.81176
Feedback: 0.66
Received=	-1.2594
Feedback: 0.66
Received=	-1.5182
=====  12:0:41 - NF  ============
Feedback: 0.9
Received=	-0.87978
Feedback: 0.67072
Received=	-0.7389
Feedback: 0.5922
Received=	-0.99301
Feedback: 0.73384
Received=	-1.0283
Feedback: 0.75349
Received=	-1.2706
Feedback: 0.88859
Received=	-1.3034
Feedback: 0.9
Received=	-0.9953
Feedback: 0.73512
Received=	-0.92073
Feedback: 0.69355
Received=	-1.0593
Feedback: 0.7708
Received=	-0.73322
Feedback: 0.58903
Received=	-0.89879
Feedback: 0.68132
Received=	-0.80428
Feedback: 0.62864
Received=	-0.89047
Feedback: 0.67669
Received=	-0.90363
Feedback: 0.68402
Received=	-1.0931
Feedback: 0.78964
Received=	-1.0062
Feedback: 0.7412
Received=	-0.727
Feedback: 0.58556
Received=	-0.73328
Feedback: 0.58906
Received=	-0.75014
Feedback: 0.59847
Received=	-1.016
Feedback: 0.74665
Received=	-1.1935
Feedback: 0.84558
Received=	-1.6174
Feedback: 0.9
Received=	-1.5294
Feedback: 0.9
Received=	-1.828
Feedback: 0.9
Received=	-1.129
Feedback: 0.80965
Received=	-0.84313
Feedback: 0.6503
Received=	-0.958
Feedback: 0.71433
Received=	-0.97872
Feedback: 0.72587
Received=	-1.1342
Feedback: 0.81254
Received=	-0.99092
Feedback: 0.73268
Received=	-1.1643
Feedback: 0.82931
Received=	-0.85043
Feedback: 0.65436
Received=	-0.69497
Feedback: 0.56771
Received=	-0.65478
Feedback: 0.54531
Received=	-0.76272
Feedback: 0.60548
Received=	-0.61843
Feedback: 0.52505
Received=	-0.53731
Feedback: 0.47984
Received=	-0.75695
Feedback: 0.60226
Received=	-0.92571
Feedback: 0.69633
Received=	-0.85443
Feedback: 0.65659
Received=	-0.83726
Feedback: 0.64703
Received=	-0.8664
Feedback: 0.66327
Received=	-1.0574
Feedback: 0.76975
Received=	-0.88087
Feedback: 0.67134
Received=	-0.90331
Feedback: 0.68384
Received=	-1.473
Feedback: 0.9
Received=	-1.7689
Feedback: 0.9
Received=	-1.695
Feedback: 0.9
Received=	-1.2939
Feedback: 0.9
Received=	-1.0272
Feedback: 0.75289
Received=	-1.1329
Feedback: 0.81184
Received=	-1.166
Feedback: 0.83029
Received=	-1.1732
Feedback: 0.83425
Received=	-0.88552
Feedback: 0.67393
Received=	-0.89017
Feedback: 0.67652
Received=	-0.91018
Feedback: 0.68767
Received=	-0.98906
Feedback: 0.73164
Received=	-1.038
Feedback: 0.75889
Received=	-1.1531
Feedback: 0.82305
Calculated range:	[(-2.507208) - (1.492792)]
Success index = (-1.507208)
Received=	-0.8759
=====  12:3:41 - BASE  ============
Feedback: 0.66
Received=	-1.1494
Feedback: 0.66
Received=	-1.0318
Feedback: 0.66
Received=	-0.8772
Feedback: 0.66
Received=	-0.72818
Feedback: 0.66
Received=	-0.60645
Feedback: 0.66
Received=	-0.62681
Feedback: 0.66
Received=	-0.67506
Feedback: 0.66
Received=	-1.1005
Feedback: 0.66
Received=	-1.2336
Feedback: 0.66
Received=	-1.7283
Feedback: 0.66
Received=	-1.6084
Feedback: 0.66
Received=	-1.3271
Feedback: 0.66
Received=	-1.3451
Feedback: 0.66
Received=	-1.4521
Feedback: 0.66
Received=	-1.5442
Feedback: 0.66
Received=	-1.5467
Feedback: 0.66
Received=	-1.7589
Feedback: 0.66
Received=	-1.7876
Feedback: 0.66
Received=	-1.4832
Feedback: 0.66
Received=	-1.6424
=====  12:4:41 - NF  ============
Feedback: 0.59286
Received=	-1.5315
Feedback: 0.53825
Received=	-1.67
Feedback: 0.60642
Received=	-1.4708
Feedback: 0.50837
Received=	-1.5717
Feedback: 0.55803
Received=	-1.4413
Feedback: 0.4938
Received=	-1.1462
Feedback: 0.34849
Received=	-1.3252
Feedback: 0.43663
Received=	-1.3308
Feedback: 0.43938
Received=	-1.2072
Feedback: 0.37856
Received=	-0.909
Feedback: 0.23171
Received=	-1.1933
Feedback: 0.37171
Received=	-0.95936
Feedback: 0.2565
Received=	-0.87213
Feedback: 0.21356
Received=	-0.81335
Feedback: 0.18461
Received=	-0.68987
Feedback: 0.12381
Received=	-0.78315
Feedback: 0.16974
Received=	-0.74125
Feedback: 0.14911
Received=	-0.66068
Feedback: 0.10943
Received=	-1.0457
Feedback: 0.299
Received=	-1.5872
Feedback: 0.56564
Received=	-1.1344
Feedback: 0.34272
Received=	-1.0706
Feedback: 0.31127
Received=	-0.86696
Feedback: 0.21101
Received=	-0.96674
Feedback: 0.26014
Received=	-1.2028
Feedback: 0.37637
Received=	-1.0804
Feedback: 0.3161
Received=	-0.81871
Feedback: 0.18725
Received=	-0.33418
Feedback: 0.1
Received=	-1.02
Feedback: 0.28634
Received=	-1.0261
Feedback: 0.28936
Received=	-0.97167
Feedback: 0.26257
Received=	-1.4231
Feedback: 0.48485
Received=	-1.4653
Feedback: 0.50564
Received=	-1.2306
Feedback: 0.39006
Received=	-1.1352
Feedback: 0.34307
Received=	-0.75224
Feedback: 0.15452
Received=	-1.4529
Feedback: 0.4995
Received=	-1.3368
Feedback: 0.44234
Received=	-0.77896
Feedback: 0.16768
Received=	-1.0249
Feedback: 0.28879
Received=	-0.86532
Feedback: 0.2102
Received=	-0.74089
Feedback: 0.14893
Received=	-1.0837
Feedback: 0.31773
Received=	-1.1849
Feedback: 0.36755
Received=	-1.2
Feedback: 0.37501
Received=	-1.2942
Feedback: 0.4214
Received=	-1.2637
Feedback: 0.40638
Received=	-1.225
Feedback: 0.38731
Received=	-1.2293
Feedback: 0.38943
Received=	-1.4575
Feedback: 0.5018
Received=	-1.718
Feedback: 0.63007
Received=	-1.7397
Feedback: 0.64075
Received=	-1.7685
Feedback: 0.65493
Received=	-1.4843
Feedback: 0.515
Received=	-1.3301
Feedback: 0.43905
Received=	-1.2155
Feedback: 0.38265
Received=	-0.99428
Feedback: 0.2737
Received=	-1.2188
Feedback: 0.38426
Received=	-1.3022
Feedback: 0.42532
Calculated range:	[(-2.000000) - (2.000000)]
Success index = (0.246197)
closing...
