Direction=-1.000000	; step=1.000000;
Received=	0
Feedback: 0.66
Received=	0
Feedback: 0.66
Received=	0
Feedback: 0.66
Received=	-0.42241
Feedback: 0.66
Received=	-0.49707
Feedback: 0.66
Received=	-0.16378
Feedback: 0.66
Received=	-0.2084
Feedback: 0.66
Received=	-0.24756
Feedback: 0.66
Received=	-0.506
Feedback: 0.66
Received=	-0.4325
Feedback: 0.66
Received=	-0.51801
Feedback: 0.66
Received=	-0.38533
Feedback: 0.66
Received=	-0.48629
Feedback: 0.66
Received=	-0.71626
Feedback: 0.66
Received=	-0.5085
Feedback: 0.66
Received=	-0.33947
Feedback: 0.66
Received=	-0.24424
Feedback: 0.66
Received=	-0.12285
Feedback: 0.66
Received=	0.069224
Feedback: 0.66
Received=	0.51608
Feedback: 0.66
Received=	0.32446
=====  13:13:48 - NF  ============
Feedback: 0.1
Received=	-0.15336
Feedback: 0.40421
Received=	-0.39852
Feedback: 0.57654
Received=	-0.30446
Feedback: 0.51042
Received=	-0.17776
Feedback: 0.42136
Received=	-0.22798
Feedback: 0.45666
Received=	-0.29097
Feedback: 0.50094
Received=	-0.2659
Feedback: 0.48332
Received=	0.11385
Feedback: 0.21638
Received=	-0.035453
Feedback: 0.32133
Received=	-0.33552
Feedback: 0.53226
Received=	-0.37628
Feedback: 0.56091
Received=	-0.36492
Feedback: 0.55292
Received=	-0.3074
Feedback: 0.51249
Received=	-0.23675
Feedback: 0.46283
Received=	-0.22114
Feedback: 0.45186
Received=	-0.35434
Feedback: 0.54549
Received=	-0.63322
Feedback: 0.74152
Received=	-0.58636
Feedback: 0.70858
Received=	-0.42892
Feedback: 0.59791
Received=	-0.18635
Feedback: 0.4274
Received=	0.13826
Feedback: 0.19922
Received=	0.072107
Feedback: 0.24572
Received=	-0.1142
Feedback: 0.37669
Received=	0.17466
Feedback: 0.17364
Received=	0.1137
Feedback: 0.21648
Received=	-0.22744
Feedback: 0.45628
Received=	-0.082203
Feedback: 0.35419
Received=	-0.55647
Feedback: 0.68757
Received=	-0.29841
Feedback: 0.50617
Received=	0.52115
Feedback: 0.1
Received=	0.26942
Feedback: 0.10703
Received=	-0.2121
Feedback: 0.4455
Received=	-0.3368
Feedback: 0.53316
Received=	-0.25764
Feedback: 0.47751
Received=	-0.28846
Feedback: 0.49918
Received=	-0.23385
Feedback: 0.46079
Received=	-0.065321
Feedback: 0.34233
Received=	-0.078712
Feedback: 0.35174
Received=	-0.55149
Feedback: 0.68407
Received=	-0.41888
Feedback: 0.59085
Received=	-0.11148
Feedback: 0.37478
Received=	-0.29976
Feedback: 0.50712
Received=	-0.29411
Feedback: 0.50315
Received=	-0.15572
Feedback: 0.40587
Received=	-0.17426
Feedback: 0.4189
Received=	-0.19372
Feedback: 0.43258
Received=	-0.25696
Feedback: 0.47703
Received=	-0.25795
Feedback: 0.47773
Received=	-0.24099
Feedback: 0.46581
Received=	-0.32989
Feedback: 0.5283
Received=	-0.27542
Feedback: 0.49001
Received=	-0.19405
Feedback: 0.43281
Received=	-0.35618
Feedback: 0.54678
Received=	-0.41444
Feedback: 0.58774
Received=	-0.38458
Feedback: 0.56674
Received=	-0.22629
Feedback: 0.45548
Received=	-0.24714
Feedback: 0.47013
Received=	-0.392
Feedback: 0.57196
Received=	-0.29622
Feedback: 0.50463
Calculated range:	[(-2.000000) - (2.000000)]
Success index = (0.317056)
Received=	-0.041933
=====  13:16:48 - BASE  ============
Feedback: 0.66
Received=	-0.02829
Feedback: 0.66
Received=	0.29336
Feedback: 0.66
Received=	0.17918
Feedback: 0.66
Received=	-0.21291
Feedback: 0.66
Received=	-0.35415
Feedback: 0.66
Received=	-0.31205
Feedback: 0.66
Received=	-0.3219
Feedback: 0.66
Received=	-0.32376
Feedback: 0.66
Received=	-0.42673
Feedback: 0.66
Received=	-0.37381
Feedback: 0.66
Received=	-0.26908
Feedback: 0.66
Received=	0.14059
Feedback: 0.66
Received=	0.37783
Feedback: 0.66
Received=	0.13805
Feedback: 0.66
Received=	-0.13267
Feedback: 0.66
Received=	-0.32607
Feedback: 0.66
Received=	-0.48924
Feedback: 0.66
Received=	-0.40357
Feedback: 0.66
Received=	-0.14026
Feedback: 0.66
Received=	0.090565
=====  13:17:48 - NF  ============
Feedback: 0.31055
Received=	0.30444
Feedback: 0.15156
Received=	0.47667
Feedback: 0.1
Received=	-0.061631
Feedback: 0.42369
Received=	-0.49213
Feedback: 0.74371
Received=	-0.25288
Feedback: 0.56586
Received=	-0.39323
Feedback: 0.67019
Received=	-0.22688
Feedback: 0.54653
Received=	-0.15032
Feedback: 0.48962
Received=	-0.28608
Feedback: 0.59054
Received=	-0.44853
Feedback: 0.7113
Received=	-0.080403
Feedback: 0.43764
Received=	0.15478
Feedback: 0.26281
Received=	0.2801
Feedback: 0.16965
Received=	-0.070248
Feedback: 0.43009
Received=	-0.32894
Feedback: 0.6224
Received=	-0.02116
Feedback: 0.3936
Received=	0.023197
Feedback: 0.36063
Received=	-0.027857
Feedback: 0.39858
Received=	-0.3466
Feedback: 0.63553
Received=	-0.40792
Feedback: 0.68111
Received=	-0.11818
Feedback: 0.46572
Received=	-0.14176
Feedback: 0.48325
Received=	-0.01775
Feedback: 0.39107
Received=	-0.086495
Feedback: 0.44217
Received=	0.25099
Feedback: 0.1913
Received=	-0.052178
Feedback: 0.41666
Received=	-0.15162
Feedback: 0.49059
Received=	-0.079677
Feedback: 0.4371
Received=	-0.04564
Feedback: 0.4118
Received=	-0.068977
Feedback: 0.42915
Received=	-0.24061
Feedback: 0.55674
Received=	-0.27546
Feedback: 0.58264
Received=	-0.28017
Feedback: 0.58614
Received=	-0.4168
Feedback: 0.68771
Received=	-0.16256
Feedback: 0.49872
Received=	-0.010611
Feedback: 0.38576
Received=	-0.36557
Feedback: 0.64963
Received=	0.020255
Feedback: 0.36282
Received=	0.22077
Feedback: 0.21376
Received=	0.21885
Feedback: 0.21518
Received=	-0.24195
Feedback: 0.55773
Received=	-0.50499
Feedback: 0.75327
Received=	-0.25952
Feedback: 0.5708
Received=	-0.24491
Feedback: 0.55993
Received=	0.0090967
Feedback: 0.37111
Received=	-0.088147
Feedback: 0.4434
Received=	-0.22905
Feedback: 0.54815
Received=	0.020167
Feedback: 0.36288
Received=	0.2399
Feedback: 0.19953
Received=	-0.074855
Feedback: 0.43352
Received=	-0.3547
Feedback: 0.64155
Received=	-0.18177
Feedback: 0.51299
Received=	-0.080278
Feedback: 0.43755
Received=	0.01732
Feedback: 0.365
Received=	0.007798
Feedback: 0.37208
Received=	0.71166
Feedback: 0.1
Received=	0.68716
Feedback: 0.1
Received=	-0.23796
Feedback: 0.55476
Received=	-0.76337
Feedback: 0.9
Calculated range:	[(-2.000000) - (2.000000)]
Success index = (0.261569)
Received=	-0.39451
=====  13:20:48 - BASE  ============
Feedback: 0.66
Received=	0.21623
Feedback: 0.66
Received=	0.36542
Feedback: 0.66
Received=	0.19847
Feedback: 0.66
Received=	-0.048541
Feedback: 0.66
Received=	0.1673
Feedback: 0.66
Received=	-0.076879
Feedback: 0.66
Received=	0.1809
Feedback: 0.66
Received=	0.3315
Feedback: 0.66
Received=	0.6452
Feedback: 0.66
Received=	0.53643
Feedback: 0.66
Received=	0.45032
Feedback: 0.66
Received=	0.2788
Feedback: 0.66
Received=	0.44031
Feedback: 0.66
Received=	0.57522
Feedback: 0.66
Received=	0.49152
Feedback: 0.66
Received=	0.0072287
Feedback: 0.66
Received=	-0.0024552
Feedback: 0.66
Received=	0.095406
Feedback: 0.66
Received=	-0.017587
Feedback: 0.66
Received=	0.12862
=====  13:21:48 - NF  ============
Feedback: 0.6096
Received=	0.44222
Feedback: 0.34102
Received=	0.50832
Feedback: 0.28441
Received=	0.24179
Feedback: 0.51267
Received=	-0.18627
Feedback: 0.87928
Received=	-0.026338
Feedback: 0.7423
Received=	0.62939
Feedback: 0.18072
Received=	0.15442
Feedback: 0.58749
Received=	0.28561
Feedback: 0.47514
Received=	0.56124
Feedback: 0.23909
Received=	0.21202
Feedback: 0.53817
Received=	-0.24402
Feedback: 0.9
Received=	-0.12666
Feedback: 0.82822
Received=	0.017237
Feedback: 0.70499
Received=	0.2483
Feedback: 0.50709
Received=	0.14805
Feedback: 0.59295
Received=	-0.12642
Feedback: 0.82802
Received=	0.21249
Feedback: 0.53776
Received=	0.2057
Feedback: 0.54358
Received=	0.089416
Feedback: 0.64317
Received=	-0.062393
Feedback: 0.77318
Received=	0.016843
Feedback: 0.70532
Received=	0.25
Feedback: 0.50564
Received=	-0.035856
Feedback: 0.75046
Received=	-0.0016793
Feedback: 0.72119
Received=	0.07052
Feedback: 0.65935
Received=	0.15033
Feedback: 0.591
Received=	0.05019
Feedback: 0.67676
Received=	0.037984
Feedback: 0.68722
Received=	-0.039855
Feedback: 0.75388
Received=	0.075868
Feedback: 0.65477
Received=	0.0027438
Feedback: 0.7174
Received=	0.39287
Feedback: 0.38328
Received=	0.23436
Feedback: 0.51904
Received=	-0.34195
Feedback: 0.9
Received=	-0.11975
Feedback: 0.8223
Received=	-0.20229
Feedback: 0.89299
Received=	-0.39383
Feedback: 0.9
Received=	-0.15772
Feedback: 0.85482
Received=	0.04525
Feedback: 0.68099
Received=	0.31414
Feedback: 0.45071
Received=	0.14827
Feedback: 0.59276
Received=	-0.051519
Feedback: 0.76387
Received=	-0.1369
Feedback: 0.83699
Received=	0.35665
Feedback: 0.4143
Received=	0.82715
Feedback: 0.1
Received=	-0.14501
Feedback: 0.84394
Received=	-0.55461
Feedback: 0.9
Received=	-0.0039071
Feedback: 0.72309
Received=	-0.17728
Feedback: 0.87158
Received=	-0.52666
Feedback: 0.9
Received=	0.29614
Feedback: 0.46612
Received=	-0.033166
Feedback: 0.74815
Received=	-0.12163
Feedback: 0.82391
Received=	-0.29571
Feedback: 0.9
Received=	-0.065093
Feedback: 0.7755
Received=	-0.044886
Feedback: 0.75819
Received=	-0.096765
Feedback: 0.80262
Received=	0.34126
Feedback: 0.42749
Received=	0.49306
Feedback: 0.29747
Calculated range:	[(-2.000000) - (2.000000)]
Success index = (-0.736113)
Received=	0.16569
=====  13:24:48 - BASE  ============
Feedback: 0.66
Received=	0.29601
Feedback: 0.66
Received=	1.0236
Feedback: 0.66
Received=	1.4424
Feedback: 0.66
Received=	1.2563
Feedback: 0.66
Received=	1.1157
Feedback: 0.66
Received=	0.7689
Feedback: 0.66
Received=	1.0523
Feedback: 0.66
Received=	0.50995
Feedback: 0.66
Received=	0.21948
Feedback: 0.66
Received=	0.37274
Feedback: 0.66
Received=	0.48933
Feedback: 0.66
Received=	0.31228
Feedback: 0.66
Received=	0.18988
Feedback: 0.66
Received=	0.4238
Feedback: 0.66
Received=	0.29036
Feedback: 0.66
Received=	-0.0029679
Feedback: 0.66
Received=	-0.054934
Feedback: 0.66
Received=	0.45838
Feedback: 0.66
Received=	0.41393
Feedback: 0.66
Received=	0.052205
=====  13:25:48 - NF  ============
Feedback: 0.73755
Received=	0.19015
Feedback: 0.67441
Received=	0.61532
Feedback: 0.4798
Received=	0.36988
Feedback: 0.59214
Received=	0.033367
Feedback: 0.74617
Received=	0.027441
Feedback: 0.74888
Received=	0.19996
Feedback: 0.66992
Received=	0.31413
Feedback: 0.61766
Received=	-0.081443
Feedback: 0.79872
Received=	-0.32218
Feedback: 0.9
Received=	-0.32704
Feedback: 0.9
Received=	-0.14623
Feedback: 0.82837
Received=	0.37284
Feedback: 0.59079
Received=	0.84442
Feedback: 0.37494
Received=	0.34803
Feedback: 0.60214
Received=	-0.31384
Feedback: 0.9
Received=	-0.23059
Feedback: 0.86698
Received=	0.50247
Feedback: 0.53145
Received=	0.48992
Feedback: 0.5372
Received=	-0.3206
Feedback: 0.9
Received=	-0.4305
Feedback: 0.9
Received=	-0.06989
Feedback: 0.79343
Received=	0.1779
Feedback: 0.68001
Received=	0.5439
Feedback: 0.51249
Received=	0.26331
Feedback: 0.64092
Received=	-0.36277
Feedback: 0.9
Received=	-0.080177
Feedback: 0.79814
Received=	0.43089
Feedback: 0.56422
Received=	0.20383
Feedback: 0.66815
Received=	-0.020878
Feedback: 0.771
Received=	0.69051
Feedback: 0.44539
Received=	0.15736
Feedback: 0.68942
Received=	-0.28841
Feedback: 0.89345
Received=	-0.18256
Feedback: 0.845
Received=	0.35968
Feedback: 0.59681
Received=	1.0794
Feedback: 0.26739
Received=	0.64237
Feedback: 0.46742
Received=	-0.19878
Feedback: 0.85243
Received=	-0.20629
Feedback: 0.85586
Received=	-0.076538
Feedback: 0.79647
Received=	-0.086158
Feedback: 0.80088
Received=	0.15929
Feedback: 0.68853
Received=	0.31308
Feedback: 0.61814
Received=	0.19216
Feedback: 0.67349
Received=	0.22967
Feedback: 0.65632
Received=	0.11584
Feedback: 0.70842
Received=	0.043386
Feedback: 0.74158
Received=	0.087279
Feedback: 0.72149
Received=	0.35016
Feedback: 0.60117
Received=	-0.23978
Feedback: 0.87119
Received=	-0.26358
Feedback: 0.88208
Received=	-0.18146
Feedback: 0.8445
Received=	-0.094183
Feedback: 0.80455
Received=	0.15206
Feedback: 0.69184
Received=	-0.0094157
Feedback: 0.76575
Received=	0.23053
Feedback: 0.65592
Received=	0.43285
Feedback: 0.56332
Received=	0.33067
Feedback: 0.61009
Received=	0.050394
Feedback: 0.73838
Received=	-0.15974
Feedback: 0.83456
Calculated range:	[(-2.305421) - (1.694579)]
Success index = (-1.305421)
Received=	0.087353
=====  13:28:48 - BASE  ============
Feedback: 0.66
Received=	0.042061
Feedback: 0.66
Received=	0.23774
Feedback: 0.66
Received=	0.43349
Feedback: 0.66
Received=	0.59255
Feedback: 0.66
Received=	0.63037
Feedback: 0.66
Received=	0.22105
Feedback: 0.66
Received=	0.11355
Feedback: 0.66
Received=	-0.01771
Feedback: 0.66
Received=	-0.21605
Feedback: 0.66
Received=	0.42739
Feedback: 0.66
Received=	0.61324
Feedback: 0.66
Received=	0.063241
Feedback: 0.66
Received=	0.072081
Feedback: 0.66
Received=	0.79528
Feedback: 0.66
Received=	0.98526
Feedback: 0.66
Received=	0.49408
Feedback: 0.66
Received=	-0.040933
Feedback: 0.66
Received=	-0.62898
Feedback: 0.66
Received=	-0.67952
Feedback: 0.66
Received=	-0.27726
=====  13:29:48 - NF  ============
Feedback: 0.66324
Received=	-0.1477
Feedback: 0.60567
Received=	0.19764
Feedback: 0.45221
Received=	0.55463
Feedback: 0.29358
Received=	0.33865
Feedback: 0.38955
Received=	-0.47953
Feedback: 0.75312
Received=	-0.30346
Feedback: 0.67488
Received=	-0.12761
Feedback: 0.59674
Received=	0.021888
Feedback: 0.53031
Received=	0.27395
Feedback: 0.4183
Received=	-0.40261
Feedback: 0.71894
Received=	-0.53259
Feedback: 0.7767
Received=	-0.41205
Feedback: 0.72313
Received=	-0.2625
Feedback: 0.65668
Received=	0.46882
Feedback: 0.33171
Received=	0.44237
Feedback: 0.34347
Received=	-0.097905
Feedback: 0.58354
Received=	-0.29679
Feedback: 0.67191
Received=	-0.24338
Feedback: 0.64818
Received=	0.013832
Feedback: 0.53389
Received=	0.075911
Feedback: 0.5063
Received=	0.21075
Feedback: 0.44639
Received=	0.37486
Feedback: 0.37346
Received=	0.75886
Feedback: 0.20283
Received=	0.1595
Feedback: 0.46916
Received=	-0.30541
Feedback: 0.67575
Received=	-0.070054
Feedback: 0.57116
Received=	0.096907
Feedback: 0.49697
Received=	0.49783
Feedback: 0.31882
Received=	0.82492
Feedback: 0.17347
Received=	0.32817
Feedback: 0.39421
Received=	0.062767
Feedback: 0.51214
Received=	-0.077846
Feedback: 0.57463
Received=	-0.22166
Feedback: 0.63853
Received=	0.11593
Feedback: 0.48852
Received=	0.64278
Feedback: 0.25441
Received=	0.7014
Feedback: 0.22836
Received=	0.043978
Feedback: 0.52049
Received=	0.12658
Feedback: 0.48379
Received=	-0.19124
Feedback: 0.62502
Received=	-0.21006
Feedback: 0.63338
Received=	0.36084
Feedback: 0.37969
Received=	0.11504
Feedback: 0.48892
Received=	-0.34971
Feedback: 0.69543
Received=	-0.37336
Feedback: 0.70594
Received=	-0.024779
Feedback: 0.55105
Received=	-0.10509
Feedback: 0.58673
Received=	0.038234
Feedback: 0.52305
Received=	0.26451
Feedback: 0.4225
Received=	0.66272
Feedback: 0.24555
Received=	0.32634
Feedback: 0.39502
Received=	-0.24428
Feedback: 0.64858
Received=	-0.21881
Feedback: 0.63726
Received=	0.14504
Feedback: 0.47558
Received=	0.015284
Feedback: 0.53324
Received=	0.085259
Feedback: 0.50215
Received=	-0.011528
Feedback: 0.54516
Received=	0.46517
Feedback: 0.33333
Received=	0.25891
Feedback: 0.42498
Received=	-0.17133
Feedback: 0.61617
Calculated range:	[(-2.000000) - (2.000000)]
Success index = (-0.452764)
closing...
