Direction=-1.000000	; step=1.000000;
Received=	0
Feedback: 0.66
Received=	0
Feedback: 0.66
Received=	0
Feedback: 0.66
Received=	-0.3201
Feedback: 0.66
Received=	-0.41804
Feedback: 0.66
Received=	-0.39846
Feedback: 0.66
Received=	-0.66388
Feedback: 0.66
Received=	-0.24396
Feedback: 0.66
Received=	0.045595
Feedback: 0.66
Received=	-0.0082041
Feedback: 0.66
Received=	-0.21113
Feedback: 0.66
Received=	-0.22128
Feedback: 0.66
Received=	-0.10719
Feedback: 0.66
Received=	-0.16549
Feedback: 0.66
Received=	-0.057936
Feedback: 0.66
Received=	-0.050529
Feedback: 0.66
Received=	-0.062287
Feedback: 0.66
Received=	0.30752
Feedback: 0.66
Received=	0.10336
Feedback: 0.66
Received=	-0.12559
Feedback: 0.66
Received=	0.33623
=====  15:13:5 - NF  ============
Feedback: 0.1
Received=	0.61243
Feedback: 0.1
Received=	0.5331
Feedback: 0.1
Received=	0.54522
Feedback: 0.1
Received=	0.12672
Feedback: 0.2542
Received=	-0.2149
Feedback: 0.56402
Received=	0.20961
Feedback: 0.17902
Received=	0.51116
Feedback: 0.1
Received=	0.18367
Feedback: 0.20255
Received=	-0.2512
Feedback: 0.59694
Received=	-0.1039
Feedback: 0.46335
Received=	-0.13366
Feedback: 0.49034
Received=	0.0018921
Feedback: 0.36741
Received=	0.033092
Feedback: 0.33911
Received=	0.88634
Feedback: 0.1
Received=	0.54084
Feedback: 0.1
Received=	-0.27131
Feedback: 0.61518
Received=	-0.60859
Feedback: 0.9
Received=	-0.80349
Feedback: 0.9
Received=	-0.58375
Feedback: 0.89853
Received=	-0.58306
Feedback: 0.8979
Received=	-0.88554
Feedback: 0.9
Received=	-1.0396
Feedback: 0.9
Received=	-0.8913
Feedback: 0.9
Received=	-0.89468
Feedback: 0.9
Received=	-0.8229
Feedback: 0.9
Received=	-0.63986
Feedback: 0.9
Received=	-0.83209
Feedback: 0.9
Received=	-1.0016
Feedback: 0.9
Received=	-0.80453
Feedback: 0.9
Received=	-0.71325
Feedback: 0.9
Received=	-0.71167
Feedback: 0.9
Received=	-0.64053
Feedback: 0.9
Received=	0.088821
Feedback: 0.28857
Received=	0.48174
Feedback: 0.1
Received=	0.29747
Feedback: 0.1
Received=	-0.33672
Feedback: 0.6745
Received=	-0.73019
Feedback: 0.9
Received=	-0.93653
Feedback: 0.9
Received=	-0.58869
Feedback: 0.9
Received=	-0.27737
Feedback: 0.62067
Received=	-0.27913
Feedback: 0.62227
Received=	-0.18273
Feedback: 0.53484
Received=	0.073041
Feedback: 0.30288
Received=	-0.018495
Feedback: 0.38589
Received=	-0.13361
Feedback: 0.49029
Received=	-0.49633
Feedback: 0.81925
Received=	-0.43151
Feedback: 0.76047
Received=	-0.43438
Feedback: 0.76307
Received=	-0.71525
Feedback: 0.9
Received=	-0.8257
Feedback: 0.9
Received=	-0.57091
Feedback: 0.88689
Received=	-0.4874
Feedback: 0.81115
Received=	-0.6626
Feedback: 0.9
Received=	-0.82409
Feedback: 0.9
Received=	-0.66825
Feedback: 0.9
Received=	-0.65608
Feedback: 0.9
Received=	-0.41156
Feedback: 0.74237
Received=	-0.48998
Feedback: 0.81349
Received=	-0.3209
Feedback: 0.66015
Calculated range:	[(-2.000000) - (2.000000)]
Success index = (-0.426317)
Received=	-0.26241
=====  15:16:5 - BASE  ============
Feedback: 0.66
Received=	-0.33459
Feedback: 0.66
Received=	-0.45617
Feedback: 0.66
Received=	-0.48842
Feedback: 0.66
Received=	-0.81673
Feedback: 0.66
Received=	-0.94327
Feedback: 0.66
Received=	-0.95577
Feedback: 0.66
Received=	-0.92832
Feedback: 0.66
Received=	-0.9341
Feedback: 0.66
Received=	-0.91475
Feedback: 0.66
Received=	-0.90423
Feedback: 0.66
Received=	-0.90208
Feedback: 0.66
Received=	-0.95896
Feedback: 0.66
Received=	-0.85043
Feedback: 0.66
Received=	-0.82081
Feedback: 0.66
Received=	-0.89896
Feedback: 0.66
Received=	-1.0327
Feedback: 0.66
Received=	-0.9245
Feedback: 0.66
Received=	-0.87655
Feedback: 0.66
Received=	-0.89047
Feedback: 0.66
Received=	-0.86117
=====  15:17:5 - NF  ============
Feedback: 0.50028
Received=	-0.92313
Feedback: 0.58273
Received=	-0.84624
Feedback: 0.48042
Received=	-0.9243
Feedback: 0.58429
Received=	-0.94619
Feedback: 0.61341
Received=	-0.91305
Feedback: 0.56932
Received=	-0.98988
Feedback: 0.67153
Received=	-1.0369
Feedback: 0.73405
Received=	-0.95235
Feedback: 0.6216
Received=	-0.80831
Feedback: 0.42995
Received=	-0.50543
Feedback: 0.1
Received=	-0.71957
Feedback: 0.31188
Received=	-0.54836
Feedback: 0.1
Received=	-0.37439
Feedback: 0.1
Received=	-0.50408
Feedback: 0.1
Received=	-0.71673
Feedback: 0.3081
Received=	-0.98124
Feedback: 0.66005
Received=	-1.191
Feedback: 0.9
Received=	-1.1887
Feedback: 0.9
Received=	-0.92872
Feedback: 0.59017
Received=	-0.11108
Feedback: 0.1
Received=	0.48132
Feedback: 0.1
Received=	0.35413
Feedback: 0.1
Received=	-0.2107
Feedback: 0.1
Received=	-0.73431
Feedback: 0.33149
Received=	-0.96915
Feedback: 0.64396
Received=	-0.91957
Feedback: 0.57798
Received=	-0.92179
Feedback: 0.58094
Received=	-0.92193
Feedback: 0.58113
Received=	-0.85986
Feedback: 0.49855
Received=	-0.64476
Feedback: 0.21235
Received=	-0.79453
Feedback: 0.41162
Received=	-0.96004
Feedback: 0.63184
Received=	-0.95426
Feedback: 0.62415
Received=	-0.70803
Feedback: 0.29653
Received=	-0.68254
Feedback: 0.26261
Received=	-0.74736
Feedback: 0.34885
Received=	-0.84891
Feedback: 0.48397
Received=	-0.70373
Feedback: 0.2908
Received=	-0.77713
Feedback: 0.38847
Received=	-0.6697
Feedback: 0.24553
Received=	-0.35802
Feedback: 0.1
Received=	-0.51167
Feedback: 0.1
Received=	-0.59799
Feedback: 0.15011
Received=	-0.5509
Feedback: 0.1
Received=	-0.64583
Feedback: 0.21378
Received=	-0.59375
Feedback: 0.14447
Received=	-0.6922
Feedback: 0.27547
Received=	-0.66937
Feedback: 0.2451
Received=	-0.55827
Feedback: 0.1
Received=	-0.48699
Feedback: 0.1
Received=	-0.63516
Feedback: 0.19958
Received=	-0.71744
Feedback: 0.30904
Received=	-0.5222
Feedback: 0.1
Received=	-0.61699
Feedback: 0.17539
Received=	-0.62521
Feedback: 0.18634
Received=	-0.5644
Feedback: 0.10542
Received=	-0.73601
Feedback: 0.33376
Received=	-0.77646
Feedback: 0.38757
Received=	-0.79963
Feedback: 0.4184
Calculated range:	[(-2.000000) - (2.000000)]
Success index = (0.622750)
Received=	-0.83804
=====  15:20:5 - BASE  ============
Feedback: 0.66
Received=	-0.78995
Feedback: 0.66
Received=	-0.84583
Feedback: 0.66
Received=	-0.79545
Feedback: 0.66
Received=	-0.77511
Feedback: 0.66
Received=	-0.57181
Feedback: 0.66
Received=	-0.37009
Feedback: 0.66
Received=	-0.58992
Feedback: 0.66
Received=	-0.7049
Feedback: 0.66
Received=	-0.62952
Feedback: 0.66
Received=	-0.61881
Feedback: 0.66
Received=	-0.5585
Feedback: 0.66
Received=	-0.77712
Feedback: 0.66
Received=	-0.66964
Feedback: 0.66
Received=	-0.75078
Feedback: 0.66
Received=	-0.85161
Feedback: 0.66
Received=	-1.0553
Feedback: 0.66
Received=	-0.91877
Feedback: 0.66
Received=	-0.76404
Feedback: 0.66
Received=	-0.57113
Feedback: 0.66
Received=	-0.35942
=====  15:21:5 - NF  ============
Feedback: 0.1
Received=	-0.31441
Feedback: 0.1
Received=	-0.39072
Feedback: 0.1
Received=	-0.62021
Feedback: 0.38436
Received=	-0.78166
Feedback: 0.58747
Received=	-0.070786
Feedback: 0.1
Received=	0.14538
Feedback: 0.1
Received=	0.013894
Feedback: 0.1
Received=	-0.1529
Feedback: 0.1
Received=	-0.021733
Feedback: 0.1
Received=	0.061497
Feedback: 0.1
Received=	0.068807
Feedback: 0.1
Received=	-0.19604
Feedback: 0.1
Received=	-0.43204
Feedback: 0.14761
Received=	-0.60556
Feedback: 0.36592
Received=	-0.25094
Feedback: 0.1
Received=	-0.32493
Feedback: 0.1
Received=	-0.48751
Feedback: 0.21741
Received=	-0.39806
Feedback: 0.10486
Received=	-0.51082
Feedback: 0.24673
Received=	-0.62996
Feedback: 0.39662
Received=	-0.52529
Feedback: 0.26493
Received=	-0.41082
Feedback: 0.12092
Received=	0.12768
Feedback: 0.1
Received=	0.26978
Feedback: 0.1
Received=	0.15505
Feedback: 0.1
Received=	-0.16073
Feedback: 0.1
Received=	-0.14411
Feedback: 0.1
Received=	-0.18493
Feedback: 0.1
Received=	-0.098374
Feedback: 0.1
Received=	-0.53648
Feedback: 0.27901
Received=	-0.66387
Feedback: 0.43929
Received=	-0.70611
Feedback: 0.49243
Received=	-0.77104
Feedback: 0.57412
Received=	-0.71873
Feedback: 0.5083
Received=	-0.54785
Feedback: 0.29331
Received=	-0.10669
Feedback: 0.1
Received=	0.041731
Feedback: 0.1
Received=	0.43631
Feedback: 0.1
Received=	0.070514
Feedback: 0.1
Received=	-0.19172
Feedback: 0.1
Received=	-0.42122
Feedback: 0.13399
Received=	-0.60215
Feedback: 0.36163
Received=	-0.46083
Feedback: 0.18383
Received=	-0.53493
Feedback: 0.27706
Received=	-0.42732
Feedback: 0.14168
Received=	0.12034
Feedback: 0.1
Received=	0.32173
Feedback: 0.1
Received=	0.25179
Feedback: 0.1
Received=	-0.15758
Feedback: 0.1
Received=	-0.58643
Feedback: 0.34185
Received=	-0.82824
Feedback: 0.64609
Received=	-0.62224
Feedback: 0.38691
Received=	-0.25848
Feedback: 0.1
Received=	-0.57755
Feedback: 0.33068
Received=	-0.50589
Feedback: 0.24053
Received=	-0.46464
Feedback: 0.18863
Received=	-0.31861
Feedback: 0.1
Received=	-0.31434
Feedback: 0.1
Received=	-0.36193
Feedback: 0.1
Calculated range:	[(-2.000000) - (2.000000)]
Success index = (1.523068)
Received=	-0.0084223
=====  15:24:5 - BASE  ============
Feedback: 0.66
Received=	0.35106
Feedback: 0.66
Received=	0.12423
Feedback: 0.66
Received=	0.012428
Feedback: 0.66
Received=	0.16397
Feedback: 0.66
Received=	0.22161
Feedback: 0.66
Received=	-0.067487
Feedback: 0.66
Received=	-0.49508
Feedback: 0.66
Received=	-0.66871
Feedback: 0.66
Received=	-0.57668
Feedback: 0.66
Received=	-0.65178
Feedback: 0.66
Received=	-0.28941
Feedback: 0.66
Received=	-0.38047
Feedback: 0.66
Received=	-0.15398
Feedback: 0.66
Received=	0.045415
Feedback: 0.66
Received=	0.24086
Feedback: 0.66
Received=	0.17382
Feedback: 0.66
Received=	-0.13774
Feedback: 0.66
Received=	-0.17622
Feedback: 0.66
Received=	-0.24992
Feedback: 0.66
Received=	-0.055087
=====  15:25:5 - NF  ============
Feedback: 0.43094
Received=	-0.14604
Feedback: 0.49129
Received=	-0.044452
Feedback: 0.42388
Received=	0.43394
Feedback: 0.10648
Received=	0.66693
Feedback: 0.1
Received=	0.59823
Feedback: 0.1
Received=	0.4754
Feedback: 0.1
Received=	0.17088
Feedback: 0.28102
Received=	0.044056
Feedback: 0.36516
Received=	-0.23763
Feedback: 0.55205
Received=	0.24008
Feedback: 0.2351
Received=	0.061965
Feedback: 0.35328
Received=	-0.43931
Feedback: 0.68587
Received=	-0.73999
Feedback: 0.88536
Received=	-0.67569
Feedback: 0.8427
Received=	-0.47625
Feedback: 0.71037
Received=	-0.42147
Feedback: 0.67403
Received=	-0.54589
Feedback: 0.75658
Received=	-0.28841
Feedback: 0.58575
Received=	-0.15059
Feedback: 0.49431
Received=	-0.027878
Feedback: 0.41289
Received=	0.030777
Feedback: 0.37397
Received=	-0.014757
Feedback: 0.40418
Received=	-0.26156
Feedback: 0.56793
Received=	-0.22544
Feedback: 0.54397
Received=	-0.11609
Feedback: 0.47141
Received=	-0.37144
Feedback: 0.64084
Received=	-0.81783
Feedback: 0.9
Received=	-1.1135
Feedback: 0.9
Received=	-0.38627
Feedback: 0.65067
Received=	0.18676
Feedback: 0.27048
Received=	0.3835
Feedback: 0.13995
Received=	0.034425
Feedback: 0.37155
Received=	-0.60722
Feedback: 0.79727
Received=	-0.65148
Feedback: 0.82664
Received=	-0.58815
Feedback: 0.78462
Received=	-0.37203
Feedback: 0.64123
Received=	-0.088438
Feedback: 0.45307
Received=	-0.17974
Feedback: 0.51364
Received=	-0.50151
Feedback: 0.72714
Received=	-0.61982
Feedback: 0.80563
Received=	-0.79348
Feedback: 0.9
Received=	-0.74052
Feedback: 0.88571
Received=	-0.81435
Feedback: 0.9
Received=	-0.71593
Feedback: 0.8694
Received=	-0.68185
Feedback: 0.84678
Received=	-0.80054
Feedback: 0.9
Received=	-0.78378
Feedback: 0.9
Received=	-0.84344
Feedback: 0.9
Received=	-0.94983
Feedback: 0.9
Received=	-1.0654
Feedback: 0.9
Received=	-1.062
Feedback: 0.9
Received=	-1.1581
Feedback: 0.9
Received=	-0.93737
Feedback: 0.9
Received=	-0.78722
Feedback: 0.9
Received=	-0.68774
Feedback: 0.85069
Received=	-0.74752
Feedback: 0.89035
Received=	-0.72186
Feedback: 0.87333
Received=	-0.88361
Feedback: 0.9
Received=	-0.772
Feedback: 0.9
Calculated range:	[(-2.000000) - (2.000000)]
Success index = (-0.566515)
Received=	-0.29783
=====  15:28:5 - BASE  ============
Feedback: 0.66
Received=	-0.30927
Feedback: 0.66
Received=	-0.58243
Feedback: 0.66
Received=	-0.64071
Feedback: 0.66
Received=	-0.84039
Feedback: 0.66
Received=	-0.94
Feedback: 0.66
Received=	-0.67402
Feedback: 0.66
Received=	-0.45912
Feedback: 0.66
Received=	-0.42429
Feedback: 0.66
Received=	-0.35723
Feedback: 0.66
Received=	-0.14621
Feedback: 0.66
Received=	0.0051214
Feedback: 0.66
Received=	-0.20585
Feedback: 0.66
Received=	-0.18806
Feedback: 0.66
Received=	-0.27109
Feedback: 0.66
Received=	-0.30292
Feedback: 0.66
Received=	-0.25399
Feedback: 0.66
Received=	-0.45398
Feedback: 0.66
Received=	-0.72719
Feedback: 0.66
Received=	-0.78029
Feedback: 0.66
Received=	-0.58278
=====  15:29:5 - NF  ============
Feedback: 0.59358
Received=	-0.055615
Feedback: 0.19846
Received=	0.15521
Feedback: 0.1
Received=	0.41301
Feedback: 0.1
Received=	-0.19508
Feedback: 0.30299
Received=	-0.25099
Feedback: 0.3449
Received=	-0.1874
Feedback: 0.29724
Received=	-0.34742
Feedback: 0.41718
Received=	-0.52316
Feedback: 0.5489
Received=	-0.65431
Feedback: 0.6472
Received=	-0.90475
Feedback: 0.8349
Received=	-1.0255
Feedback: 0.9
Received=	-1.0183
Feedback: 0.9
Received=	-0.94118
Feedback: 0.8622
Received=	-0.83416
Feedback: 0.782
Received=	-0.66779
Feedback: 0.6573
Received=	-0.578
Feedback: 0.59
Received=	-0.35418
Feedback: 0.42224
Received=	-0.26763
Feedback: 0.35737
Received=	0.1973
Feedback: 0.1
Received=	0.91667
Feedback: 0.1
Received=	0.73676
Feedback: 0.1
Received=	0.13591
Feedback: 0.1
Received=	0.20608
Feedback: 0.1
Received=	0.13202
Feedback: 0.1
Received=	-0.36732
Feedback: 0.43209
Received=	-0.6826
Feedback: 0.6684
Received=	-0.58966
Feedback: 0.59873
Received=	-0.48074
Feedback: 0.5171
Received=	-0.70953
Feedback: 0.68858
Received=	-0.60391
Feedback: 0.60942
Received=	-0.48113
Feedback: 0.51739
Received=	-0.49164
Feedback: 0.52527
Received=	-0.71602
Feedback: 0.69344
Received=	-0.6493
Feedback: 0.64344
Received=	-0.51723
Feedback: 0.54445
Received=	-0.66917
Feedback: 0.65833
Received=	-0.9492
Feedback: 0.86821
Received=	-0.9627
Feedback: 0.87833
Received=	-0.97427
Feedback: 0.88701
Received=	-0.92435
Feedback: 0.84959
Received=	-0.97806
Feedback: 0.88985
Received=	-1.2011
Feedback: 0.9
Received=	-1.1367
Feedback: 0.9
Received=	-0.97658
Feedback: 0.88874
Received=	-1.1013
Feedback: 0.9
Received=	-1.1301
Feedback: 0.9
Received=	-1.0234
Feedback: 0.9
Received=	-0.88945
Feedback: 0.82344
Received=	-0.68028
Feedback: 0.66666
Received=	-0.43085
Feedback: 0.47971
Received=	-0.079432
Feedback: 0.21631
Received=	0.59466
Feedback: 0.1
Received=	0.33951
Feedback: 0.1
Received=	-0.022925
Feedback: 0.17396
Received=	-0.17848
Feedback: 0.29055
Received=	-0.10809
Feedback: 0.23779
Received=	-0.10568
Feedback: 0.23599
Received=	-0.24896
Feedback: 0.34338
Received=	-0.37925
Feedback: 0.44103
Calculated range:	[(-2.000000) - (2.000000)]
Success index = (0.017885)
closing...
