Direction=-1.000000	; step=1.000000;
Received=	0
Feedback: 0.66
Received=	0
Feedback: 0.66
Received=	0
Feedback: 0.66
Received=	-0.049183
Feedback: 0.66
Received=	0.23079
Feedback: 0.66
Received=	0.22432
Feedback: 0.66
Received=	0.4352
Feedback: 0.66
Received=	0.19493
Feedback: 0.66
Received=	-0.3788
Feedback: 0.66
Received=	-0.75683
Feedback: 0.66
Received=	-1.0712
Feedback: 0.66
Received=	-0.6394
Feedback: 0.66
Received=	-0.68149
Feedback: 0.66
Received=	-0.95361
Feedback: 0.66
Received=	-1.0881
Feedback: 0.66
Received=	-0.67631
Feedback: 0.66
Received=	-0.47038
Feedback: 0.66
Received=	-0.39193
Feedback: 0.66
Received=	-0.43537
Feedback: 0.66
Received=	-0.02286
Feedback: 0.66
Received=	0.4624
=====  12:2:4 - NF  ============
Feedback: 0.1517
Received=	0.36612
Feedback: 0.19234
Received=	-0.021519
Feedback: 0.35596
Received=	0.0040557
Feedback: 0.34516
Received=	-0.20396
Feedback: 0.43296
Received=	-0.11881
Feedback: 0.39702
Received=	-0.054507
Feedback: 0.36988
Received=	-0.32073
Feedback: 0.48225
Received=	-0.15072
Feedback: 0.41049
Received=	0.076513
Feedback: 0.31458
Received=	-0.80272
Feedback: 0.68569
Received=	-1.2157
Feedback: 0.86001
Received=	-1.302
Feedback: 0.89642
Received=	-0.93921
Feedback: 0.7433
Received=	-0.82796
Feedback: 0.69634
Received=	-0.40204
Feedback: 0.51657
Received=	-0.29344
Feedback: 0.47073
Received=	-0.40981
Feedback: 0.51985
Received=	-0.42422
Feedback: 0.52593
Received=	-0.6204
Feedback: 0.60874
Received=	-0.47917
Feedback: 0.54912
Received=	-0.0078305
Feedback: 0.35018
Received=	0.21967
Feedback: 0.25415
Received=	-0.06839
Feedback: 0.37574
Received=	-0.51777
Feedback: 0.56542
Received=	-0.26927
Feedback: 0.46053
Received=	-0.53962
Feedback: 0.57464
Received=	-0.22381
Feedback: 0.44134
Received=	0.28681
Feedback: 0.22582
Received=	0.1649
Feedback: 0.27727
Received=	-0.10063
Feedback: 0.38935
Received=	-0.45993
Feedback: 0.541
Received=	-0.79042
Feedback: 0.68049
Received=	-0.63229
Feedback: 0.61375
Received=	-0.56476
Feedback: 0.58525
Received=	-0.91734
Feedback: 0.73406
Received=	-0.030824
Feedback: 0.35988
Received=	0.61416
Feedback: 0.1
Received=	0.15326
Feedback: 0.28219
Received=	-0.32428
Feedback: 0.48375
Received=	-0.36084
Feedback: 0.49918
Received=	-0.37131
Feedback: 0.5036
Received=	-0.56194
Feedback: 0.58406
Received=	-0.62903
Feedback: 0.61237
Received=	-0.74081
Feedback: 0.65956
Received=	-0.50379
Feedback: 0.55952
Received=	-0.37142
Feedback: 0.50364
Received=	-0.62036
Feedback: 0.60872
Received=	-0.59226
Feedback: 0.59686
Received=	-0.40804
Feedback: 0.5191
Received=	-0.47723
Feedback: 0.5483
Received=	-0.4945
Feedback: 0.55559
Received=	-0.79115
Feedback: 0.6808
Received=	-0.76415
Feedback: 0.66941
Received=	-0.95912
Feedback: 0.7517
Received=	-0.99331
Feedback: 0.76613
Received=	-0.68968
Feedback: 0.63798
Received=	-0.44001
Feedback: 0.5326
Received=	-0.46476
Feedback: 0.54304
Received=	-0.8957
Feedback: 0.72493
Calculated range:	[(-2.000000) - (2.000000)]
Success index = (-0.081548)
Received=	-0.70958
=====  12:5:4 - BASE  ============
Feedback: 0.66
Received=	-0.50053
Feedback: 0.66
Received=	-0.58625
Feedback: 0.66
Received=	0.16866
Feedback: 0.66
Received=	-0.051152
Feedback: 0.66
Received=	-0.038474
Feedback: 0.66
Received=	0.27708
Feedback: 0.66
Received=	0.88346
Feedback: 0.66
Received=	-0.12807
Feedback: 0.66
Received=	-0.8297
Feedback: 0.66
Received=	-0.53807
Feedback: 0.66
Received=	-0.33033
Feedback: 0.66
Received=	-0.10675
Feedback: 0.66
Received=	-0.042982
Feedback: 0.66
Received=	0.36899
Feedback: 0.66
Received=	0.30016
Feedback: 0.66
Received=	0.073589
Feedback: 0.66
Received=	0.12247
Feedback: 0.66
Received=	0.065966
Feedback: 0.66
Received=	-0.11142
Feedback: 0.66
Received=	-0.14312
=====  12:6:4 - NF  ============
Feedback: 0.55891
Received=	-0.30106
Feedback: 0.63969
Received=	-0.52928
Feedback: 0.75641
Received=	-0.16115
Feedback: 0.56813
Received=	-0.035665
Feedback: 0.50395
Received=	0.33847
Feedback: 0.3126
Received=	-0.052341
Feedback: 0.51248
Received=	-0.088055
Feedback: 0.53075
Received=	0.097547
Feedback: 0.43582
Received=	0.13151
Feedback: 0.41845
Received=	-0.12967
Feedback: 0.55203
Received=	-0.29509
Feedback: 0.63664
Received=	-0.30079
Feedback: 0.63955
Received=	-0.57718
Feedback: 0.78091
Received=	-0.068324
Feedback: 0.52066
Received=	0.16606
Feedback: 0.40078
Received=	-0.3051
Feedback: 0.64176
Received=	0.22147
Feedback: 0.37244
Received=	-0.27414
Feedback: 0.62592
Received=	-0.38067
Feedback: 0.68041
Received=	-0.27392
Feedback: 0.62581
Received=	0.18574
Feedback: 0.39072
Received=	-0.019613
Feedback: 0.49574
Received=	-0.44436
Feedback: 0.71298
Received=	-0.015967
Feedback: 0.49388
Received=	0.051518
Feedback: 0.45936
Received=	0.23978
Feedback: 0.36308
Received=	0.43867
Feedback: 0.26135
Received=	0.26063
Feedback: 0.35241
Received=	0.098215
Feedback: 0.43548
Received=	-0.28706
Feedback: 0.63253
Received=	-0.55129
Feedback: 0.76767
Received=	-0.88489
Feedback: 0.9
Received=	-0.2361
Feedback: 0.60647
Received=	-0.15995
Feedback: 0.56752
Received=	-0.28407
Feedback: 0.631
Received=	-0.18917
Feedback: 0.58246
Received=	-0.5237
Feedback: 0.75356
Received=	-0.6268
Feedback: 0.80629
Received=	-0.52036
Feedback: 0.75185
Received=	-0.74572
Feedback: 0.86711
Received=	-0.7226
Feedback: 0.85529
Received=	-0.77789
Feedback: 0.88357
Received=	-0.74532
Feedback: 0.86691
Received=	-0.76994
Feedback: 0.8795
Received=	-0.8255
Feedback: 0.9
Received=	-0.49691
Feedback: 0.73986
Received=	-0.40403
Feedback: 0.69236
Received=	-0.050493
Feedback: 0.51154
Received=	0.014785
Feedback: 0.47815
Received=	-0.0051981
Feedback: 0.48837
Received=	-0.092094
Feedback: 0.53281
Received=	-0.20661
Feedback: 0.59138
Received=	-0.36261
Feedback: 0.67117
Received=	-0.38737
Feedback: 0.68383
Received=	-0.34995
Feedback: 0.66469
Received=	0.075012
Feedback: 0.44735
Received=	0.4573
Feedback: 0.25183
Received=	0.78655
Feedback: 0.1
Received=	0.22093
Feedback: 0.37272
Calculated range:	[(-2.000000) - (2.000000)]
Success index = (-0.466715)
Received=	0.04238
=====  12:9:4 - BASE  ============
Feedback: 0.66
Received=	-0.052046
Feedback: 0.66
Received=	-0.080256
Feedback: 0.66
Received=	0.021392
Feedback: 0.66
Received=	-0.28173
Feedback: 0.66
Received=	-0.58893
Feedback: 0.66
Received=	-0.60188
Feedback: 0.66
Received=	-0.91162
Feedback: 0.66
Received=	-1.5342
Feedback: 0.66
Received=	-1.4689
Feedback: 0.66
Received=	-1.0699
Feedback: 0.66
Received=	-0.7378
Feedback: 0.66
Received=	-0.040692
Feedback: 0.66
Received=	-0.40365
Feedback: 0.66
Received=	-0.53281
Feedback: 0.66
Received=	-0.52972
Feedback: 0.66
Received=	-0.45342
Feedback: 0.66
Received=	-0.16983
Feedback: 0.66
Received=	-0.55086
Feedback: 0.66
Received=	-0.56392
Feedback: 0.66
Received=	-0.48262
=====  12:10:4 - NF  ============
Feedback: 0.45423
Received=	-0.27215
Feedback: 0.35852
Received=	-0.13552
Feedback: 0.29639
Received=	0.21683
Feedback: 0.13617
Received=	-0.0020198
Feedback: 0.23569
Received=	-0.20013
Feedback: 0.32578
Received=	-0.20625
Feedback: 0.32856
Received=	-0.57611
Feedback: 0.49674
Received=	-0.94657
Feedback: 0.66521
Received=	-0.32158
Feedback: 0.381
Received=	-0.31116
Feedback: 0.37626
Received=	-0.038748
Feedback: 0.25239
Received=	0.14758
Feedback: 0.16766
Received=	0.092881
Feedback: 0.19253
Received=	0.60895
Feedback: 0.1
Received=	0.44561
Feedback: 0.1
Received=	-0.28935
Feedback: 0.36635
Received=	-0.17242
Feedback: 0.31317
Received=	0.22747
Feedback: 0.13133
Received=	0.83603
Feedback: 0.1
Received=	0.40818
Feedback: 0.1
Received=	-0.088953
Feedback: 0.27522
Received=	0.10643
Feedback: 0.18637
Received=	0.51788
Feedback: 0.1
Received=	0.70044
Feedback: 0.1
Received=	0.378
Feedback: 0.1
Received=	0.25518
Feedback: 0.11873
Received=	0.38256
Feedback: 0.1
Received=	-0.29819
Feedback: 0.37036
Received=	-0.034768
Feedback: 0.25058
Received=	0.22836
Feedback: 0.13092
Received=	0.77226
Feedback: 0.1
Received=	1.6202
Feedback: 0.1
Received=	1.0963
Feedback: 0.1
Received=	0.80789
Feedback: 0.1
Received=	0.69482
Feedback: 0.1
Received=	0.57025
Feedback: 0.1
Received=	0.25945
Feedback: 0.11678
Received=	0.22045
Feedback: 0.13452
Received=	-0.16885
Feedback: 0.31155
Received=	0.18999
Feedback: 0.14837
Received=	-0.054929
Feedback: 0.25975
Received=	-0.39588
Feedback: 0.41479
Received=	-0.24569
Feedback: 0.34649
Received=	0.3567
Feedback: 0.1
Received=	0.36445
Feedback: 0.1
Received=	0.27285
Feedback: 0.11069
Received=	0.56033
Feedback: 0.1
Received=	0.97916
Feedback: 0.1
Received=	0.38067
Feedback: 0.1
Received=	0.33343
Feedback: 0.1
Received=	1.1129
Feedback: 0.1
Received=	1.1093
Feedback: 0.1
Received=	0.4219
Feedback: 0.1
Received=	0.37672
Feedback: 0.1
Received=	0.80043
Feedback: 0.1
Received=	0.28647
Feedback: 0.1045
Received=	-0.12802
Feedback: 0.29298
Received=	0.46518
Feedback: 0.1
Received=	0.67935
Feedback: 0.1
Calculated range:	[(-2.000000) - (2.000000)]
Success index = (1.775182)
Received=	0.9838
=====  12:13:4 - BASE  ============
Feedback: 0.66
Received=	0.37246
Feedback: 0.66
Received=	-0.35297
Feedback: 0.66
Received=	-0.35072
Feedback: 0.66
Received=	-0.087726
Feedback: 0.66
Received=	0.52516
Feedback: 0.66
Received=	0.7209
Feedback: 0.66
Received=	0.64751
Feedback: 0.66
Received=	0.44859
Feedback: 0.66
Received=	0.78957
Feedback: 0.66
Received=	1.1858
Feedback: 0.66
Received=	1.1216
Feedback: 0.66
Received=	0.72098
Feedback: 0.66
Received=	-0.35696
Feedback: 0.66
Received=	-0.54949
Feedback: 0.66
Received=	-0.21637
Feedback: 0.66
Received=	0.73839
Feedback: 0.66
Received=	0.49648
Feedback: 0.66
Received=	-0.16608
Feedback: 0.66
Received=	-0.84169
Feedback: 0.66
Received=	-0.079625
=====  12:14:4 - NF  ============
Feedback: 0.6072
Received=	1.0459
Feedback: 0.23949
Received=	1.6798
Feedback: 0.1
Received=	0.52323
Feedback: 0.41025
Received=	-0.54221
Feedback: 0.75832
Received=	-0.041402
Feedback: 0.59471
Received=	0.45095
Feedback: 0.43386
Received=	0.046247
Feedback: 0.56608
Received=	-1.0156
Feedback: 0.9
Received=	-0.9873
Feedback: 0.9
Received=	-0.26393
Feedback: 0.66741
Received=	0.019689
Feedback: 0.57475
Received=	-0.42584
Feedback: 0.72031
Received=	-0.022902
Feedback: 0.58867
Received=	0.66016
Feedback: 0.36551
Received=	0.49963
Feedback: 0.41796
Received=	0.11085
Feedback: 0.54497
Received=	-0.18244
Feedback: 0.64079
Received=	0.28211
Feedback: 0.48902
Received=	0.61458
Feedback: 0.3804
Received=	0.94042
Feedback: 0.27395
Received=	0.79522
Feedback: 0.32139
Received=	0.60813
Feedback: 0.38251
Received=	0.44246
Feedback: 0.43663
Received=	0.44376
Feedback: 0.43621
Received=	0.65664
Feedback: 0.36666
Received=	0.21189
Feedback: 0.51196
Received=	1.0551
Feedback: 0.23648
Received=	1.3779
Feedback: 0.13102
Received=	0.66913
Feedback: 0.36258
Received=	1.1142
Feedback: 0.21717
Received=	0.64357
Feedback: 0.37093
Received=	0.66294
Feedback: 0.3646
Received=	0.36648
Feedback: 0.46146
Received=	0.98115
Feedback: 0.26064
Received=	1.1842
Feedback: 0.19432
Received=	0.85817
Feedback: 0.30082
Received=	0.81825
Feedback: 0.31386
Received=	0.99818
Feedback: 0.25508
Received=	0.72778
Feedback: 0.34342
Received=	0.62499
Feedback: 0.377
Received=	0.78285
Feedback: 0.32543
Received=	1.0345
Feedback: 0.24322
Received=	0.62978
Feedback: 0.37544
Received=	0.52496
Feedback: 0.40968
Received=	-0.30178
Feedback: 0.67978
Received=	-0.43815
Feedback: 0.72433
Received=	0.2825
Feedback: 0.48889
Received=	0.74485
Feedback: 0.33784
Received=	0.39789
Feedback: 0.4512
Received=	0.065015
Feedback: 0.55994
Received=	0.31715
Feedback: 0.47757
Received=	0.76875
Feedback: 0.33004
Received=	0.74864
Feedback: 0.33661
Received=	1.5093
Feedback: 0.1
Received=	1.6867
Feedback: 0.1
Received=	0.57602
Feedback: 0.393
Received=	-0.46268
Feedback: 0.73234
Received=	0.58026
Feedback: 0.39161
Received=	0.58912
Feedback: 0.38872
Calculated range:	[(-2.000000) - (2.000000)]
Success index = (0.389223)
Received=	-0.12708
=====  12:17:4 - BASE  ============
Feedback: 0.66
Received=	0.27381
Feedback: 0.66
Received=	-0.2199
Feedback: 0.66
Received=	0.23509
Feedback: 0.66
Received=	0.61188
Feedback: 0.66
Received=	0.038444
Feedback: 0.66
Received=	0.34857
Feedback: 0.66
Received=	0.53434
Feedback: 0.66
Received=	0.1446
Feedback: 0.66
Received=	0.016793
Feedback: 0.66
Received=	0.60541
Feedback: 0.66
Received=	0.39799
Feedback: 0.66
Received=	0.059476
Feedback: 0.66
Received=	-0.28268
Feedback: 0.66
Received=	-0.18506
Feedback: 0.66
Received=	0.11905
Feedback: 0.66
Received=	0.043441
Feedback: 0.66
Received=	0.31135
Feedback: 0.66
Received=	0.63898
Feedback: 0.66
Received=	0.15403
Feedback: 0.66
Received=	-0.20174
=====  12:18:4 - NF  ============
Feedback: 0.78024
Received=	-0.29634
Feedback: 0.84649
Received=	-0.21159
Feedback: 0.78714
Received=	-0.44834
Feedback: 0.9
Received=	-0.44501
Feedback: 0.9
Received=	-0.054592
Feedback: 0.67719
Received=	0.36898
Feedback: 0.38057
Received=	0.78193
Feedback: 0.1
Received=	0.93806
Feedback: 0.1
Received=	0.77057
Feedback: 0.1
Received=	0.12833
Feedback: 0.54909
Received=	-0.12599
Feedback: 0.72719
Received=	0.096384
Feedback: 0.57146
Received=	0.44664
Feedback: 0.32618
Received=	0.56378
Feedback: 0.24415
Received=	0.53662
Feedback: 0.26317
Received=	-0.32647
Feedback: 0.86759
Received=	-0.22282
Feedback: 0.795
Received=	0.11151
Feedback: 0.56087
Received=	0.22452
Feedback: 0.48173
Received=	0.88702
Feedback: 0.1
Received=	1.1621
Feedback: 0.1
Received=	0.49552
Feedback: 0.29195
Received=	0.83096
Feedback: 0.1
Received=	0.42573
Feedback: 0.34082
Received=	0.29722
Feedback: 0.43082
Received=	0.12058
Feedback: 0.55452
Received=	0.00064548
Feedback: 0.63851
Received=	-0.0066251
Feedback: 0.6436
Received=	-0.25586
Feedback: 0.81814
Received=	-0.023486
Feedback: 0.65541
Received=	0.85888
Feedback: 0.1
Received=	0.99577
Feedback: 0.1
Received=	-0.01504
Feedback: 0.64949
Received=	-0.69946
Feedback: 0.9
Received=	-0.31878
Feedback: 0.86221
Received=	0.16703
Feedback: 0.52199
Received=	0.61282
Feedback: 0.2098
Received=	-0.17819
Feedback: 0.76375
Received=	-0.3354
Feedback: 0.87385
Received=	-0.96479
Feedback: 0.9
Received=	-0.012498
Feedback: 0.64772
Received=	0.40283
Feedback: 0.35686
Received=	0.28625
Feedback: 0.4385
Received=	-0.35139
Feedback: 0.88504
Received=	-0.83328
Feedback: 0.9
Received=	-1.0672
Feedback: 0.9
Received=	-0.42908
Feedback: 0.9
Received=	-0.081948
Feedback: 0.69635
Received=	-0.56123
Feedback: 0.9
Received=	-0.39963
Feedback: 0.9
Received=	0.50607
Feedback: 0.28456
Received=	0.66013
Feedback: 0.17667
Received=	0.19775
Feedback: 0.50048
Received=	-0.81139
Feedback: 0.9
Received=	-0.29476
Feedback: 0.84538
Received=	-0.034971
Feedback: 0.66345
Received=	0.17861
Feedback: 0.51388
Received=	0.29243
Feedback: 0.43417
Received=	0.51275
Feedback: 0.27988
Calculated range:	[(-2.000000) - (2.000000)]
Success index = (-0.256121)
closing...
