Direction=-1.000000	; step=1.000000;
Received=	0
Feedback: 0.66
Received=	0
Feedback: 0.66
Received=	0
Feedback: 0.66
Received=	0.10293
Feedback: 0.66
Received=	0.07526
Feedback: 0.66
Received=	0.052321
Feedback: 0.66
Received=	0.081652
Feedback: 0.66
Received=	0.26719
Feedback: 0.66
Received=	0.71193
Feedback: 0.66
Received=	0.5621
Feedback: 0.66
Received=	0.10889
Feedback: 0.66
Received=	-0.18949
Feedback: 0.66
Received=	-0.063422
Feedback: 0.66
Received=	0.10486
Feedback: 0.66
Received=	0.044665
Feedback: 0.66
Received=	0.072477
Feedback: 0.66
Received=	0.0084135
Feedback: 0.66
Received=	-0.037532
Feedback: 0.66
Received=	0.091457
Feedback: 0.66
Received=	0.20451
Feedback: 0.66
Received=	0.083425
=====  12:22:47 - NF  ============
Feedback: 0.53629
Received=	0.18851
Feedback: 0.43774
Received=	0.14582
Feedback: 0.47778
Received=	0.10478
Feedback: 0.51626
Received=	0.12744
Feedback: 0.49501
Received=	0.32878
Feedback: 0.30619
Received=	0.19925
Feedback: 0.42767
Received=	-0.10963
Feedback: 0.71735
Received=	-0.17551
Feedback: 0.77914
Received=	-0.05638
Feedback: 0.66741
Received=	-0.10395
Feedback: 0.71203
Received=	0.10376
Feedback: 0.51722
Received=	0.099223
Feedback: 0.52148
Received=	-0.059944
Feedback: 0.67075
Received=	0.024582
Feedback: 0.59148
Received=	0.22407
Feedback: 0.40439
Received=	-0.065017
Feedback: 0.67551
Received=	-0.1084
Feedback: 0.71619
Received=	0.012716
Feedback: 0.60261
Received=	-0.18867
Feedback: 0.79148
Received=	-0.21475
Feedback: 0.81594
Received=	0.0046472
Feedback: 0.61018
Received=	0.28249
Feedback: 0.3496
Received=	0.39433
Feedback: 0.24471
Received=	-0.14386
Feedback: 0.74945
Received=	-0.53507
Feedback: 0.9
Received=	-0.33256
Feedback: 0.9
Received=	-0.021413
Feedback: 0.63462
Received=	-0.0055254
Feedback: 0.61972
Received=	-0.13396
Feedback: 0.74017
Received=	-0.12618
Feedback: 0.73287
Received=	-0.054111
Feedback: 0.66528
Received=	-0.01001
Feedback: 0.62392
Received=	0.64613
Feedback: 0.1
Received=	0.8207
Feedback: 0.1
Received=	0.16359
Feedback: 0.46112
Received=	0.22375
Feedback: 0.40469
Received=	0.36762
Feedback: 0.26976
Received=	0.48478
Feedback: 0.15988
Received=	0.091263
Feedback: 0.52894
Received=	0.046148
Feedback: 0.57125
Received=	0.061724
Feedback: 0.55665
Received=	0.17597
Feedback: 0.4495
Received=	0.27391
Feedback: 0.35764
Received=	0.1306
Feedback: 0.49205
Received=	0.30136
Feedback: 0.3319
Received=	-0.060653
Feedback: 0.67142
Received=	-0.29169
Feedback: 0.8881
Received=	-0.33606
Feedback: 0.9
Received=	-0.16199
Feedback: 0.76646
Received=	-0.27292
Feedback: 0.87049
Received=	-0.18421
Feedback: 0.7873
Received=	0.37518
Feedback: 0.26267
Received=	0.25396
Feedback: 0.37636
Received=	0.34106
Feedback: 0.29467
Received=	-0.0078866
Feedback: 0.62193
Received=	0.1945
Feedback: 0.43213
Received=	-0.16252
Feedback: 0.76695
Received=	-0.1546
Feedback: 0.75952
Received=	0.32324
Feedback: 0.31139
Calculated range:	[(-2.000000) - (2.000000)]
Success index = (-0.266052)
Received=	0.2895
=====  12:25:47 - BASE  ============
Feedback: 0.66
Received=	0.36846
Feedback: 0.66
Received=	0.45074
Feedback: 0.66
Received=	0.30758
Feedback: 0.66
Received=	0.51037
Feedback: 0.66
Received=	0.67882
Feedback: 0.66
Received=	0.73521
Feedback: 0.66
Received=	0.30483
Feedback: 0.66
Received=	0.38911
Feedback: 0.66
Received=	0.057059
Feedback: 0.66
Received=	0.012637
Feedback: 0.66
Received=	-0.047228
Feedback: 0.66
Received=	0.093143
Feedback: 0.66
Received=	-0.036431
Feedback: 0.66
Received=	0.15797
Feedback: 0.66
Received=	0.52809
Feedback: 0.66
Received=	0.43064
Feedback: 0.66
Received=	0.19101
Feedback: 0.66
Received=	-0.21153
Feedback: 0.66
Received=	0.016089
Feedback: 0.66
Received=	0.2663
=====  12:26:47 - NF  ============
Feedback: 0.4907
Received=	0.002972
Feedback: 0.68641
Received=	0.062093
Feedback: 0.64247
Received=	0.13799
Feedback: 0.58606
Received=	-0.14292
Feedback: 0.79484
Received=	-0.051662
Feedback: 0.72702
Received=	-0.46768
Feedback: 0.9
Received=	-0.66539
Feedback: 0.9
Received=	-0.34473
Feedback: 0.9
Received=	0.27301
Feedback: 0.48571
Received=	0.80645
Feedback: 0.1
Received=	0.42649
Feedback: 0.37164
Received=	0.24443
Feedback: 0.50695
Received=	0.48459
Feedback: 0.32845
Received=	0.64266
Feedback: 0.21098
Received=	-0.0022363
Feedback: 0.69028
Received=	-0.062997
Feedback: 0.73544
Received=	0.19146
Feedback: 0.54632
Received=	-0.27554
Feedback: 0.89341
Received=	-0.33667
Feedback: 0.9
Received=	-0.36665
Feedback: 0.9
Received=	-0.31259
Feedback: 0.9
Received=	0.052085
Feedback: 0.64991
Received=	-0.2726
Feedback: 0.89122
Received=	0.072489
Feedback: 0.63474
Received=	0.64452
Feedback: 0.20959
Received=	0.34046
Feedback: 0.43558
Received=	0.085296
Feedback: 0.62522
Received=	-0.14836
Feedback: 0.79888
Received=	0.12138
Feedback: 0.59841
Received=	0.71898
Feedback: 0.15425
Received=	0.57948
Feedback: 0.25793
Received=	0.11608
Feedback: 0.60234
Received=	-0.33025
Feedback: 0.9
Received=	-0.16357
Feedback: 0.81019
Received=	-0.32342
Feedback: 0.9
Received=	0.058649
Feedback: 0.64503
Received=	0.1399
Feedback: 0.58464
Received=	-0.15182
Feedback: 0.80146
Received=	0.9011
Feedback: 0.1
Received=	0.86215
Feedback: 0.1
Received=	0.58259
Feedback: 0.25562
Received=	-0.010873
Feedback: 0.6967
Received=	-0.25801
Feedback: 0.88038
Received=	0.5956
Feedback: 0.24595
Received=	0.18929
Feedback: 0.54794
Received=	0.19444
Feedback: 0.54411
Received=	0.29617
Feedback: 0.4685
Received=	-0.020559
Feedback: 0.7039
Received=	0.2333
Feedback: 0.51522
Received=	0.26414
Feedback: 0.49231
Received=	0.036438
Feedback: 0.66154
Received=	-0.24014
Feedback: 0.8671
Received=	-0.10666
Feedback: 0.76789
Received=	0.37143
Feedback: 0.41256
Received=	0.64445
Feedback: 0.20965
Received=	0.45583
Feedback: 0.34983
Received=	0.22062
Feedback: 0.52465
Received=	-0.032234
Feedback: 0.71258
Received=	0.1713
Feedback: 0.5613
Calculated range:	[(-2.000000) - (2.000000)]
Success index = (-0.390347)
Received=	0.40397
=====  12:29:47 - BASE  ============
Feedback: 0.66
Received=	0.58271
Feedback: 0.66
Received=	0.56952
Feedback: 0.66
Received=	0.39495
Feedback: 0.66
Received=	0.31157
Feedback: 0.66
Received=	0.29522
Feedback: 0.66
Received=	0.29892
Feedback: 0.66
Received=	-0.21684
Feedback: 0.66
Received=	0.023932
Feedback: 0.66
Received=	-0.17314
Feedback: 0.66
Received=	0.054925
Feedback: 0.66
Received=	-0.088626
Feedback: 0.66
Received=	-0.063422
Feedback: 0.66
Received=	0.088075
Feedback: 0.66
Received=	0.081252
Feedback: 0.66
Received=	0.10096
Feedback: 0.66
Received=	0.045768
Feedback: 0.66
Received=	0.45522
Feedback: 0.66
Received=	0.51131
Feedback: 0.66
Received=	0.036804
Feedback: 0.66
Received=	-0.038647
=====  12:30:47 - NF  ============
Feedback: 0.66256
Received=	-0.19799
Feedback: 0.7988
Received=	0.13721
Feedback: 0.51219
Received=	0.057081
Feedback: 0.5807
Received=	-0.10233
Feedback: 0.71701
Received=	0.042477
Feedback: 0.59319
Received=	0.36929
Feedback: 0.31375
Received=	0.59799
Feedback: 0.1182
Received=	-0.015603
Feedback: 0.64285
Received=	-0.098265
Feedback: 0.71353
Received=	0.17293
Feedback: 0.48165
Received=	0.30431
Feedback: 0.36932
Received=	0.44833
Feedback: 0.24617
Received=	0.19368
Feedback: 0.46391
Received=	0.22777
Feedback: 0.43475
Received=	0.13586
Feedback: 0.51334
Received=	0.30751
Feedback: 0.36658
Received=	-0.054302
Feedback: 0.67594
Received=	0.40109
Feedback: 0.28656
Received=	0.51339
Feedback: 0.19054
Received=	0.19486
Feedback: 0.4629
Received=	0.11156
Feedback: 0.53412
Received=	0.38289
Feedback: 0.30213
Received=	0.12354
Feedback: 0.52388
Received=	0.073982
Feedback: 0.56625
Received=	0.04488
Feedback: 0.59114
Received=	-0.1149
Feedback: 0.72776
Received=	-0.11209
Feedback: 0.72536
Received=	0.0049429
Feedback: 0.62529
Received=	0.1814
Feedback: 0.47441
Received=	-0.19604
Feedback: 0.79714
Received=	0.18591
Feedback: 0.47055
Received=	-0.013057
Feedback: 0.64068
Received=	-0.31689
Feedback: 0.9
Received=	-0.064804
Feedback: 0.68492
Received=	-0.019719
Feedback: 0.64637
Received=	0.28012
Feedback: 0.38999
Received=	-0.084694
Feedback: 0.70193
Received=	-0.34886
Feedback: 0.9
Received=	-0.45738
Feedback: 0.9
Received=	0.2497
Feedback: 0.41601
Received=	0.23253
Feedback: 0.43069
Received=	0.015418
Feedback: 0.61633
Received=	-0.43051
Feedback: 0.9
Received=	-0.30541
Feedback: 0.89065
Received=	-0.019855
Feedback: 0.64649
Received=	-0.13614
Feedback: 0.74592
Received=	0.047581
Feedback: 0.58883
Received=	0.31063
Feedback: 0.36391
Received=	0.17125
Feedback: 0.48308
Received=	0.08878
Feedback: 0.5536
Received=	0.050905
Feedback: 0.58599
Received=	-0.27949
Feedback: 0.86849
Received=	-0.54753
Feedback: 0.9
Received=	-0.40121
Feedback: 0.9
Received=	-0.23582
Feedback: 0.83115
Received=	0.24923
Feedback: 0.41641
Received=	0.48412
Feedback: 0.21557
Received=	-0.17076
Feedback: 0.77552
Received=	0.22128
Feedback: 0.44031
Calculated range:	[(-2.000000) - (2.000000)]
Success index = (-0.417426)
Received=	0.055314
=====  12:33:47 - BASE  ============
Feedback: 0.66
Received=	0.2678
Feedback: 0.66
Received=	0.072083
Feedback: 0.66
Received=	0.13263
Feedback: 0.66
Received=	0.12207
Feedback: 0.66
Received=	0.026104
Feedback: 0.66
Received=	0.086045
Feedback: 0.66
Received=	-0.0034386
Feedback: 0.66
Received=	-0.097516
Feedback: 0.66
Received=	-0.04399
Feedback: 0.66
Received=	-0.043336
Feedback: 0.66
Received=	0.16594
Feedback: 0.66
Received=	0.32997
Feedback: 0.66
Received=	0.235
Feedback: 0.66
Received=	0.011408
Feedback: 0.66
Received=	0.14412
Feedback: 0.66
Received=	0.091213
Feedback: 0.66
Received=	-0.12968
Feedback: 0.66
Received=	-0.10019
Feedback: 0.66
Received=	0.11392
Feedback: 0.66
Received=	0.2703
=====  12:34:47 - NF  ============
Feedback: 0.15685
Received=	0.12666
Feedback: 0.39326
Received=	-0.064949
Feedback: 0.70859
Received=	-0.19715
Feedback: 0.9
Received=	-0.12593
Feedback: 0.80896
Received=	-0.15797
Feedback: 0.86168
Received=	-0.070104
Feedback: 0.71708
Received=	-0.022813
Feedback: 0.63925
Received=	-0.26918
Feedback: 0.9
Received=	-0.39334
Feedback: 0.9
Received=	-0.50498
Feedback: 0.9
Received=	-0.28894
Feedback: 0.9
Received=	0.30218
Feedback: 0.10438
Received=	0.27178
Feedback: 0.15442
Received=	0.10119
Feedback: 0.43516
Received=	0.14481
Feedback: 0.36339
Received=	0.33199
Feedback: 0.1
Received=	0.079127
Feedback: 0.47148
Received=	-0.31081
Feedback: 0.9
Received=	-0.036732
Feedback: 0.66215
Received=	0.49761
Feedback: 0.1
Received=	0.10918
Feedback: 0.42202
Received=	-0.11127
Feedback: 0.78482
Received=	0.047911
Feedback: 0.52285
Received=	0.34475
Feedback: 0.1
Received=	0.12346
Feedback: 0.39852
Received=	-0.10546
Feedback: 0.77527
Received=	0.082434
Feedback: 0.46604
Received=	-0.036717
Feedback: 0.66213
Received=	0.25443
Feedback: 0.18297
Received=	0.17365
Feedback: 0.31592
Received=	-0.25217
Feedback: 0.9
Received=	-0.30781
Feedback: 0.9
Received=	0.0047302
Feedback: 0.59392
Received=	0.12862
Feedback: 0.39003
Received=	-0.212
Feedback: 0.9
Received=	0.018917
Feedback: 0.57057
Received=	0.33688
Feedback: 0.1
Received=	0.50826
Feedback: 0.1
Received=	0.12498
Feedback: 0.39601
Received=	0.057417
Feedback: 0.50721
Received=	0.18182
Feedback: 0.30248
Received=	0.16743
Feedback: 0.32615
Received=	0.13801
Feedback: 0.37457
Received=	-0.011669
Feedback: 0.62091
Received=	0.045351
Feedback: 0.52707
Received=	0.02286
Feedback: 0.56408
Received=	0.026381
Feedback: 0.55829
Received=	0.10481
Feedback: 0.42921
Received=	0.18415
Feedback: 0.29864
Received=	0.042396
Feedback: 0.53193
Received=	0.35073
Feedback: 0.1
Received=	0.46067
Feedback: 0.1
Received=	0.1838
Feedback: 0.29921
Received=	-0.13728
Feedback: 0.82764
Received=	-0.10058
Feedback: 0.76724
Received=	0.22968
Feedback: 0.22371
Received=	0.02662
Feedback: 0.55789
Received=	0.14356
Feedback: 0.36544
Received=	0.21962
Feedback: 0.24027
Calculated range:	[(-2.000000) - (2.000000)]
Success index = (-0.039120)
Received=	0.30152
=====  12:37:47 - BASE  ============
Feedback: 0.66
Received=	0.41717
Feedback: 0.66
Received=	0.56017
Feedback: 0.66
Received=	0.4336
Feedback: 0.66
Received=	0.12942
Feedback: 0.66
Received=	-0.084764
Feedback: 0.66
Received=	0.1556
Feedback: 0.66
Received=	0.35237
Feedback: 0.66
Received=	0.37906
Feedback: 0.66
Received=	0.10137
Feedback: 0.66
Received=	0.18943
Feedback: 0.66
Received=	0.20822
Feedback: 0.66
Received=	0.37379
Feedback: 0.66
Received=	0.16807
Feedback: 0.66
Received=	0.090634
Feedback: 0.66
Received=	-0.06529
Feedback: 0.66
Received=	-0.042711
Feedback: 0.66
Received=	0.23183
Feedback: 0.66
Received=	0.10963
Feedback: 0.66
Received=	-0.12162
Feedback: 0.66
Received=	-0.0092921
=====  12:38:47 - NF  ============
Feedback: 0.69532
Received=	0.33722
Feedback: 0.33015
Received=	0.63437
Feedback: 0.1
Received=	0.60197
Feedback: 0.1
Received=	0.40488
Feedback: 0.25885
Received=	0.28468
Feedback: 0.38552
Received=	0.59877
Feedback: 0.1
Received=	0.39111
Feedback: 0.27335
Received=	0.36734
Feedback: 0.2984
Received=	0.48535
Feedback: 0.17404
Received=	0.38325
Feedback: 0.28164
Received=	0.062459
Feedback: 0.6197
Received=	0.50832
Feedback: 0.14983
Received=	0.50585
Feedback: 0.15243
Received=	0.30236
Feedback: 0.36689
Received=	0.63209
Feedback: 0.1
Received=	0.77454
Feedback: 0.1
Received=	0.58214
Feedback: 0.1
Received=	0.046842
Feedback: 0.63616
Received=	0.67525
Feedback: 0.1
Received=	0.41261
Feedback: 0.2507
Received=	0.48383
Feedback: 0.17564
Received=	0.15986
Feedback: 0.51705
Received=	0.35125
Feedback: 0.31536
Received=	0.76951
Feedback: 0.1
Received=	0.2699
Feedback: 0.4011
Received=	0.6148
Feedback: 0.1
Received=	0.87381
Feedback: 0.1
Received=	0.52746
Feedback: 0.12966
Received=	0.07579
Feedback: 0.60566
Received=	0.35455
Feedback: 0.31188
Received=	0.40765
Feedback: 0.25592
Received=	0.163
Feedback: 0.51375
Received=	0.43589
Feedback: 0.22616
Received=	0.56694
Feedback: 0.1
Received=	0.23722
Feedback: 0.43553
Received=	0.31186
Feedback: 0.35688
Received=	0.47706
Feedback: 0.18278
Received=	0.59865
Feedback: 0.1
Received=	0.086021
Feedback: 0.59487
Received=	0.0018686
Feedback: 0.68356
Received=	0.50423
Feedback: 0.15414
Received=	0.58032
Feedback: 0.1
Received=	0.38789
Feedback: 0.27675
Received=	-0.00704
Feedback: 0.69295
Received=	0.14413
Feedback: 0.53364
Received=	0.046832
Feedback: 0.63617
Received=	0.1522
Feedback: 0.52514
Received=	-0.021942
Feedback: 0.70865
Received=	0.55505
Feedback: 0.10059
Received=	0.50114
Feedback: 0.1574
Received=	0.31212
Feedback: 0.3566
Received=	0.35629
Feedback: 0.31005
Received=	0.27666
Feedback: 0.39397
Received=	0.25267
Feedback: 0.41924
Received=	0.31053
Feedback: 0.35828
Received=	0.22674
Feedback: 0.44657
Received=	0.3986
Feedback: 0.26546
Received=	0.58082
Feedback: 0.1
Received=	0.25585
Feedback: 0.4159
Calculated range:	[(-2.000000) - (2.000000)]
Success index = (0.957554)
closing...
